%EventDef PajeDefineContainerType 0 
%       Alias string 
%       Type string 
%       Name string 
%EndEventDef 
%EventDef PajeDefineVariableType 1 
%       Alias string 
%       Type string 
%       Name string 
%       Color color 
%EndEventDef 
%EventDef PajeDefineStateType 2 
%       Alias string 
%       Type string 
%       Name string 
%EndEventDef 
%EventDef PajeDefineEventType 3 
%       Alias string 
%       Type string 
%       Name string 
%       Color color 
%EndEventDef 
%EventDef PajeDefineLinkType 4 
%       Alias string 
%       Type string 
%       StartContainerType string 
%       EndContainerType string 
%       Name string 
%EndEventDef 
%EventDef PajeDefineEntityValue 5 
%       Alias string 
%       Type string 
%       Name string 
%       Color color 
%EndEventDef 
%EventDef PajeCreateContainer 6 
%       Time date 
%       Alias string 
%       Type string 
%       Container string 
%       Name string 
%EndEventDef 
%EventDef PajeDestroyContainer 7 
%       Time date 
%       Type string 
%       Name string 
%EndEventDef 
%EventDef PajeSetVariable 8 
%       Time date 
%       Type string 
%       Container string 
%       Value double 
%EndEventDef
%EventDef PajeAddVariable 9 
%       Time date 
%       Type string 
%       Container string 
%       Value double 
%EndEventDef
%EventDef PajeSubVariable 10 
%       Time date 
%       Type string 
%       Container string 
%       Value double 
%EndEventDef
%EventDef PajeSetState 11 
%       Time date 
%       Type string 
%       Container string 
%       Value string 
%EndEventDef
%EventDef PajePushState 12 
%       Time date 
%       Type string 
%       Container string 
%       Value string 
%       Id string 
%EndEventDef
%EventDef PajePopState 13 
%       Time date 
%       Type string 
%       Container string 
%EndEventDef
%EventDef PajeResetState 14 
%       Time date 
%       Type string 
%       Container string 
%EndEventDef
%EventDef PajeStartLink 15 
%       Time date 
%       Type string 
%       Container string 
%       Value string 
%       StartContainer string 
%       Key string 
%EndEventDef
%EventDef PajeEndLink 16 
%       Time date 
%       Type string 
%       Container string 
%       Value string 
%       EndContainer string 
%       Key string 
%EndEventDef
%EventDef PajeNewEvent 17 
%       Time date 
%       Type string 
%       Container string 
%       Value string 
%EndEventDef
0	a1	0	"Task Manager"
0	a2	a1	"Node"
0	a3	a1	"Thread"
0	a4	a1	"Jobs"
0	a5	a1	"Memory usage"
2	a6	a4	"Job"
2	a7	a3	"Task"
2	a8	a3	"Timer state"
6	0	a9	a1	0	"The task manager"
6	0	a10	a4	a9	"Jobs"
6	0	a11	a5	a9	"Memory"
1	a12	a1	"Memory [MB]"	"1.0 1.0 1.0"
6	0	a13	a2	a9	"Node 0"
6	0	a14	a3	a13	"Thread 0"
6	0	a15	a3	a13	"Thread 1"
6	0	a16	a3	a13	"Thread 2"
6	0	a17	a3	a13	"Thread 3"
5	a18	a6	"ngcore::ParallelFor<int,ngcore::EnterTaskManager()::{lambda(int)#1}>(ngcore::T_Range<int>,ngcore::EnterTaskManager()::{lambda(int)#1},int,ngcore::TotalCosts)::{lambda(ngcore::TaskInfo&)#1}"	"0.630615054310908 1 0"
5	a19	a7	"ngcore::ParallelFor<int,ngcore::EnterTaskManager()::{lambda(int)#1}>(ngcore::T_Range<int>,ngcore::EnterTaskManager()::{lambda(int)#1},int,ngcore::TotalCosts)::{lambda(ngcore::TaskInfo&)#1}"	"0.630615054310908 1 0"
5	a20	a6	"ngcore::ParallelForRange<netgen::ElementIndex,netgen::MeshOptimize3d::SwapImprove(netgen::Mesh&,netgen::OPTIMIZEGOAL,netgen::NgBitArray const*)::{lambda(auto:1)#1}>(ngcore::T_Range<netgen::ElementIndex>,netgen::MeshOptimize3d::SwapImprove(netgen::Mesh&,netgen::OPTIMIZEGOAL,netgen::NgBitArray const*)::{lambda(auto:1)#1},int,ngcore::TotalCosts)::{lambda(ngcore::TaskInfo&)#1}"	"0.708022642579866 0 1"
5	a21	a7	"ngcore::ParallelForRange<netgen::ElementIndex,netgen::MeshOptimize3d::SwapImprove(netgen::Mesh&,netgen::OPTIMIZEGOAL,netgen::NgBitArray const*)::{lambda(auto:1)#1}>(ngcore::T_Range<netgen::ElementIndex>,netgen::MeshOptimize3d::SwapImprove(netgen::Mesh&,netgen::OPTIMIZEGOAL,netgen::NgBitArray const*)::{lambda(auto:1)#1},int,ngcore::TotalCosts)::{lambda(ngcore::TaskInfo&)#1}"	"0.708022642579866 0 1"
5	a22	a6	"ngcore::ParallelForRange<netgen::ElementIndex,ngcore::CreateTable<netgen::ElementIndex,netgen::PointIndex,ngcore::T_Range<netgen::ElementIndex>,netgen::Mesh::CreatePoint2ElementTable(std::optional<ngcore::BitArray>)const::{lambda(auto:1&,netgen::ElementIndex)#1}>(ngcore::T_Range<netgen::ElementIndex>const&,netgen::Mesh::CreatePoint2ElementTable(std::optional<ngcore::BitArray>)const::{lambda(auto:1&,netgen::ElementIndex)#1}const&,std::optional<unsigned long>)::{lambda(auto:1)#1}>(ngcore::T_Range<netgen::ElementIndex>,ngcore::Table,int,ngcore::TotalCosts)::{lambda(ngcore::TaskInfo&)#1}"	"0 0.230008221284954 1"
5	a23	a7	"ngcore::ParallelForRange<netgen::ElementIndex,ngcore::CreateTable<netgen::ElementIndex,netgen::PointIndex,ngcore::T_Range<netgen::ElementIndex>,netgen::Mesh::CreatePoint2ElementTable(std::optional<ngcore::BitArray>)const::{lambda(auto:1&,netgen::ElementIndex)#1}>(ngcore::T_Range<netgen::ElementIndex>const&,netgen::Mesh::CreatePoint2ElementTable(std::optional<ngcore::BitArray>)const::{lambda(auto:1&,netgen::ElementIndex)#1}const&,std::optional<unsigned long>)::{lambda(auto:1)#1}>(ngcore::T_Range<netgen::ElementIndex>,ngcore::Table,int,ngcore::TotalCosts)::{lambda(ngcore::TaskInfo&)#1}"	"0 0.230008221284954 1"
5	a24	a6	"ngcore::ParallelForRange<netgen::PointIndex,ngcore::CreateSortedTable<netgen::ElementIndex,netgen::PointIndex,ngcore::T_Range<netgen::ElementIndex>,netgen::Mesh::CreatePoint2ElementTable(std::optional<ngcore::BitArray>)const::{lambda(auto:1&,netgen::ElementIndex)#1}>(ngcore::T_Range<netgen::ElementIndex>const&,netgen::Mesh::CreatePoint2ElementTable(std::optional<ngcore::BitArray>)const::{lambda(auto:1&,netgen::ElementIndex)#1}const&,std::optional<unsigned long>)::{lambda(auto:1)#1}>(ngcore::T_Range<netgen::PointIndex>,ngcore::Table,int,ngcore::TotalCosts)::{lambda(ngcore::TaskInfo&)#1}"	"0 0.170427812303051 1"
5	a25	a7	"ngcore::ParallelForRange<netgen::PointIndex,ngcore::CreateSortedTable<netgen::ElementIndex,netgen::PointIndex,ngcore::T_Range<netgen::ElementIndex>,netgen::Mesh::CreatePoint2ElementTable(std::optional<ngcore::BitArray>)const::{lambda(auto:1&,netgen::ElementIndex)#1}>(ngcore::T_Range<netgen::ElementIndex>const&,netgen::Mesh::CreatePoint2ElementTable(std::optional<ngcore::BitArray>)const::{lambda(auto:1&,netgen::ElementIndex)#1}const&,std::optional<unsigned long>)::{lambda(auto:1)#1}>(ngcore::T_Range<netgen::PointIndex>,ngcore::Table,int,ngcore::TotalCosts)::{lambda(ngcore::TaskInfo&)#1}"	"0 0.170427812303051 1"
5	a26	a6	"ngcore::ParallelFor<unsigned long,netgen::BuildEdgeList<netgen::ElementIndex>(netgen::Mesh const&,ngcore::Table<netgen::ElementIndex,netgen::PointIndex>const&,ngcore::Array<std::tuple<netgen::PointIndex,netgen::PointIndex>,unsigned long>&)::{lambda(int)#1}>(ngcore::T_Range<unsigned long>,netgen::BuildEdgeList<netgen::ElementIndex>(netgen::Mesh const&,ngcore::Table<netgen::ElementIndex,netgen::PointIndex>const&,ngcore::Array<std::tuple<netgen::PointIndex,netgen::PointIndex>,unsigned long>&)::{lambda(int)#1},int,ngcore::TotalCosts)::{lambda(ngcore::TaskInfo&)#1}"	"1 0.872005992306398 0"
5	a27	a7	"ngcore::ParallelFor<unsigned long,netgen::BuildEdgeList<netgen::ElementIndex>(netgen::Mesh const&,ngcore::Table<netgen::ElementIndex,netgen::PointIndex>const&,ngcore::Array<std::tuple<netgen::PointIndex,netgen::PointIndex>,unsigned long>&)::{lambda(int)#1}>(ngcore::T_Range<unsigned long>,netgen::BuildEdgeList<netgen::ElementIndex>(netgen::Mesh const&,ngcore::Table<netgen::ElementIndex,netgen::PointIndex>const&,ngcore::Array<std::tuple<netgen::PointIndex,netgen::PointIndex>,unsigned long>&)::{lambda(int)#1},int,ngcore::TotalCosts)::{lambda(ngcore::TaskInfo&)#1}"	"1 0.872005992306398 0"
5	a28	a6	"ngcore::ParallelForRange<unsigned long,netgen::MeshOptimize3d::SwapImprove(netgen::Mesh&,netgen::OPTIMIZEGOAL,netgen::NgBitArray const*)::{lambda(auto:1)#2}>(ngcore::T_Range<unsigned long>,netgen::MeshOptimize3d::SwapImprove(netgen::Mesh&,netgen::OPTIMIZEGOAL,netgen::NgBitArray const*)::{lambda(auto:1)#2},int,ngcore::TotalCosts)::{lambda(ngcore::TaskInfo&)#1}"	"1 0.408375991137786 0"
5	a29	a7	"ngcore::ParallelForRange<unsigned long,netgen::MeshOptimize3d::SwapImprove(netgen::Mesh&,netgen::OPTIMIZEGOAL,netgen::NgBitArray const*)::{lambda(auto:1)#2}>(ngcore::T_Range<unsigned long>,netgen::MeshOptimize3d::SwapImprove(netgen::Mesh&,netgen::OPTIMIZEGOAL,netgen::NgBitArray const*)::{lambda(auto:1)#2},int,ngcore::TotalCosts)::{lambda(ngcore::TaskInfo&)#1}"	"1 0.408375991137786 0"
5	a30	a6	"ngcore::ParallelForRange<netgen::ElementIndex,netgen::Mesh::Compress()::{lambda(auto:1)#1}>(ngcore::T_Range<netgen::ElementIndex>,netgen::Mesh::Compress()::{lambda(auto:1)#1},int,ngcore::TotalCosts)::{lambda(ngcore::TaskInfo&)#1}"	"1 0.0611641584106637 0"
5	a31	a7	"ngcore::ParallelForRange<netgen::ElementIndex,netgen::Mesh::Compress()::{lambda(auto:1)#1}>(ngcore::T_Range<netgen::ElementIndex>,netgen::Mesh::Compress()::{lambda(auto:1)#1},int,ngcore::TotalCosts)::{lambda(ngcore::TaskInfo&)#1}"	"1 0.0611641584106637 0"
5	a32	a6	"ngcore::ParallelForRange<netgen::SurfaceElementIndex,netgen::Mesh::Compress()::{lambda(auto:1)#2}>(ngcore::T_Range<netgen::SurfaceElementIndex>,netgen::Mesh::Compress()::{lambda(auto:1)#2},int,ngcore::TotalCosts)::{lambda(ngcore::TaskInfo&)#1}"	"1 0 -2.77631980257023"
5	a33	a7	"ngcore::ParallelForRange<netgen::SurfaceElementIndex,netgen::Mesh::Compress()::{lambda(auto:1)#2}>(ngcore::T_Range<netgen::SurfaceElementIndex>,netgen::Mesh::Compress()::{lambda(auto:1)#2},int,ngcore::TotalCosts)::{lambda(ngcore::TaskInfo&)#1}"	"1 0 -2.77631980257023"
5	a34	a6	"ngcore::ParallelForRange<netgen::ElementIndex,netgen::Mesh::Compress()::{lambda(auto:1)#3}>(ngcore::T_Range<netgen::ElementIndex>,netgen::Mesh::Compress()::{lambda(auto:1)#3},int,ngcore::TotalCosts)::{lambda(ngcore::TaskInfo&)#1}"	"0.688034037288286 1 0"
5	a35	a7	"ngcore::ParallelForRange<netgen::ElementIndex,netgen::Mesh::Compress()::{lambda(auto:1)#3}>(ngcore::T_Range<netgen::ElementIndex>,netgen::Mesh::Compress()::{lambda(auto:1)#3},int,ngcore::TotalCosts)::{lambda(ngcore::TaskInfo&)#1}"	"0.688034037288286 1 0"
5	a36	a6	"ngcore::ParallelForRange<netgen::SurfaceElementIndex,netgen::Mesh::Compress()::{lambda(auto:1)#4}>(ngcore::T_Range<netgen::SurfaceElementIndex>,netgen::Mesh::Compress()::{lambda(auto:1)#4},int,ngcore::TotalCosts)::{lambda(ngcore::TaskInfo&)#1}"	"0 0.666479625428673 1"
5	a37	a7	"ngcore::ParallelForRange<netgen::SurfaceElementIndex,netgen::Mesh::Compress()::{lambda(auto:1)#4}>(ngcore::T_Range<netgen::SurfaceElementIndex>,netgen::Mesh::Compress()::{lambda(auto:1)#4},int,ngcore::TotalCosts)::{lambda(ngcore::TaskInfo&)#1}"	"0 0.666479625428673 1"
5	a38	a8	"Build edges"	"0 0.0614795051658243 1"
5	a39	a8	"CreateTable"	"0.608616351291681 0 1"
5	a40	a8	"CreateSortedTable"	"0 0.0381698166109086 1"
5	a41	a8	"MeshOptimize3d::SwapImprove loop"	"0.154668690207104 1 0"
5	a42	a8	"MeshOptimize3d::SwapImprove"	"1 0 -2.43968480148811"
5	a43	a8	"FreeOpenElementsEnvironment"	"0.907015785320433 0 1"
5	a44	a8	"Mesh::BuildBoundaryEdges"	"1 0 -2.61861416630415"
5	a45	a8	"Mesh::LinkSurfaceElements"	"0 1 0.171518596860468"
5	a46	a8	"Mesh::Compress"	"1 0.648677515017027 0"
5	a47	a8	"Mesh::CalcSurfacesOfNode, pointloop"	"0 0.319536079261344 1"
5	a48	a8	"Mesh::CalcSurfacesOfNode - surfelementht"	"0.690162641156969 0 1"
5	a49	a8	"Mesh::CalcSurfacesOfNode - surf on node"	"0.000515674241007069 1 0"
5	a50	a8	"Mesh::CalcSurfacesOfNode"	"1 0 -2.35340285344361"
6	0	a51	a3	a9	"Timer level 0"
6	0	a52	a3	a9	"Timer level 1"
6	0	a53	a3	a9	"Timer level 2"
6	0	a54	a3	a9	"Timer level 3"
4	a55	a2	a3	a3	"links"
8	0	a12	a11	0
12	0.146632259729205	a6	a10	a18	0
12	0.146750708267913	a7	a14	a19	0
13	0.146843195483069	a7	a14
12	0.146866452502085	a7	a14	a19	1
13	0.146884841772935	a7	a14
12	0.146900526739248	a7	a14	a19	2
13	0.146905935348321	a7	a14
12	0.146923783758264	a7	a14	a19	3
13	0.146929733228244	a7	a14
13	0.147245055137226	a6	a10
12	0.15238269289609	a8	a51	a43	0
13	0.156858857765271	a8	a51
12	0.157233674374061	a8	a51	a42	0
12	0.157758309454185	a8	a52	a44	0
13	0.157871349383819	a8	a52
12	0.158966592721192	a6	a10	a20	0
12	0.159046640135479	a7	a14	a21	0
12	0.159163466091465	a7	a17	a21	1
13	0.159184559666851	a7	a14
12	0.159245676949381	a7	a16	a21	2
12	0.159266770524768	a7	a14	a21	3
13	0.15932139747641	a7	a14
13	0.159884433680955	a7	a17
13	0.159948796128929	a7	a16
13	0.160117003871113	a6	a10
12	0.161004556620065	a8	a52	a40	0
12	0.161100289000665	a8	a53	a39	0
12	0.16129878495366	a6	a10	a22	0
12	0.161353411905302	a7	a14	a23	0
12	0.161509720707525	a7	a17	a23	1
13	0.161561102493722	a7	a14
12	0.161621678915345	a7	a16	a23	2
12	0.161649803682527	a7	a14	a23	3
12	0.16166332520521	a7	a15	a23	4
13	0.161736882288609	a7	a14
12	0.161778528578475	a7	a14	a23	5
13	0.161895895395368	a7	a14
13	0.161902385726257	a7	a17
12	0.161915366388033	a7	a14	a23	6
13	0.161945113737937	a7	a16
13	0.161997577245949	a7	a14
12	0.162022456847687	a7	a17	a23	7
12	0.162037600953093	a7	a16	a23	8
12	0.162061939693923	a7	a14	a23	9
13	0.162064103137552	a7	a15
13	0.16212359783736	a7	a16
13	0.162124679559175	a7	a17
12	0.162132792472785	a7	a15	a23	10
13	0.162143609690932	a7	a14
12	0.162184174258983	a7	a16	a23	11
12	0.16222149366159	a7	a17	a23	12
12	0.162252322733308	a7	a14	a23	13
13	0.162262599090548	a7	a15
13	0.162272875447787	a7	a16
13	0.162321552929448	a7	a17
13	0.162334533591225	a7	a14
12	0.162346432531186	a7	a15	a23	14
12	0.162382129351071	a7	a16	a23	15
13	0.162491383254354	a7	a15
13	0.162530325239683	a7	a16
13	0.162674735101944	a6	a10
12	0.163189093824829	a6	a10	a22	0
12	0.163256160577339	a7	a14	a23	0
13	0.163324309051665	a7	a14
12	0.163345402627051	a7	a14	a23	1
13	0.163426531763153	a7	a14
12	0.163428695206782	a7	a17	a23	2
12	0.16346168772213	a7	a14	a23	3
13	0.163538489970973	a7	a14
13	0.163580677121746	a7	a17
12	0.163595821227152	a7	a14	a23	4
12	0.163655315926959	a7	a17	a23	5
13	0.163667755727828	a7	a14
12	0.163678032085068	a7	a15	a23	6
12	0.163709942878601	a7	a14	a23	7
13	0.163756456916633	a7	a17
13	0.16380188923285	a7	a14
12	0.163815951616441	a7	a17	a23	8
12	0.163851648436325	a7	a16	a23	9
13	0.163858138767214	a7	a15
12	0.163892213004376	a7	a14	a23	10
13	0.163897080752542	a7	a17
13	0.163952789425999	a7	a16
12	0.163964147505053	a7	a15	a23	11
13	0.163969556114126	a7	a14
12	0.164003630351289	a7	a17	a23	12
13	0.164048521806599	a7	a15
12	0.164053930415672	a7	a16	a23	13
12	0.164071778825614	a7	a14	a23	14
13	0.164074483130151	a7	a17
12	0.164135600412681	a7	a15	a23	15
13	0.164145876769921	a7	a14
13	0.16415831657079	a7	a16
13	0.164222138157856	a7	a15
13	0.164375742655542	a6	a10
13	0.164534214901394	a8	a53
12	0.164622916090198	a6	a10	a24	0
12	0.164674838737303	a7	a14	a25	0
13	0.164780847475143	a7	a14
12	0.164828443234989	a7	a17	a25	1
12	0.164855486280356	a7	a14	a25	2
13	0.164883070186631	a7	a14
12	0.164982047732675	a7	a15	a25	3
12	0.16499935528171	a7	a16	a25	4
12	0.165016662830745	a7	a14	a25	5
13	0.165037215545224	a7	a17
13	0.165045869319742	a7	a14
12	0.165115099515882	a7	a17	a25	6
13	0.165134570508546	a7	a16
13	0.165139979117619	a7	a17
13	0.165142683422156	a7	a15
12	0.165145387726693	a7	a14	a25	7
13	0.165207586731038	a7	a14
12	0.165254641629976	a7	a16	a25	8
12	0.16528438897988	a7	a15	a25	9
13	0.165291961032583	a7	a16
12	0.165320626660672	a7	a14	a25	10
12	0.165334689044263	a7	a17	a25	11
13	0.165339015931522	a7	a15
13	0.165360650367816	a7	a14
12	0.165374712751407	a7	a16	a25	12
13	0.165376876195036	a7	a17
13	0.165395265465886	a7	a16
12	0.165446106391176	a7	a15	a25	13
12	0.165459087052953	a7	a16	a25	14
13	0.165479098906524	a7	a16
12	0.165480180628339	a7	a17	a25	15
13	0.165492620429208	a7	a15
13	0.165516959170038	a7	a17
13	0.165706260487609	a6	a10
13	0.165736007837513	a8	a52
12	0.166593813236561	a8	a52	a38	0
12	0.166792309189556	a6	a10	a26	0
12	0.166847477002105	a7	a14	a27	0
12	0.16697890620259	a7	a15	a27	1
13	0.167064903086858	a7	a14
12	0.167154685997477	a7	a14	a27	2
12	0.167203904340045	a7	a16	a27	3
13	0.167224457054524	a7	a15
13	0.167224457054524	a7	a14
12	0.167228243080876	a7	a17	a27	4
12	0.16730071844246	a7	a14	a27	5
12	0.167329384070549	a7	a15	a27	6
13	0.167379143274025	a7	a14
13	0.167381306717654	a7	a15
13	0.167407808902114	a7	a16
13	0.167418626120261	a7	a17
12	0.167443505721999	a7	a15	a27	7
12	0.16748407029005	a7	a14	a27	8
13	0.16753491121534	a7	a14
13	0.167565740287059	a7	a15
12	0.167566822008873	a7	a16	a27	9
12	0.167612795185998	a7	a14	a27	10
13	0.167637674787735	a7	a16
12	0.167644705979531	a7	a17	a27	11
13	0.167680943660323	a7	a14
12	0.167702578096617	a7	a15	a27	12
13	0.167714477036578	a7	a17
12	0.167725835115633	a7	a16	a27	13
12	0.167744224386482	a7	a14	a27	14
13	0.167758827630981	a7	a15
13	0.167786411537255	a7	a16
13	0.167799933059939	a7	a14
12	0.167817240608974	a7	a17	a27	15
13	0.167890797692373	a7	a17
13	0.168046565633688	a6	a10
13	0.168483581246822	a8	a52
12	0.168638267466322	a8	a52	a41	0
12	0.168744276204162	a6	a10	a28	0
12	0.168809179513043	a7	a14	a29	0
13	0.168916810833605	a7	a14
12	0.168946558183509	a7	a15	a29	1
12	0.168955211958026	a7	a16	a29	2
12	0.169022819571444	a7	a14	a29	3
13	0.169047699173182	a7	a14
12	0.169063925000402	a7	a17	a29	4
13	0.169093131489399	a7	a16
13	0.169104489568453	a7	a15
13	0.169159657381002	a7	a17
12	0.169162902546446	a7	a14	a29	5
13	0.16920076280996	a7	a14
12	0.169211580028107	a7	a15	a29	6
12	0.169247276847992	a7	a16	a29	7
13	0.169283514528784	a7	a16
13	0.169284596250599	a7	a15
12	0.169293250025116	a7	a14	a29	8
12	0.169336518897704	a7	a17	a29	9
12	0.169348417837665	a7	a16	a29	10
13	0.16935977591672	a7	a14
13	0.16936788883033	a7	a17
13	0.169370593134867	a7	a16
12	0.16937600174394	a7	a15	a29	11
13	0.169395472736604	a7	a15
12	0.169461998628208	a7	a16	a29	12
13	0.169491205117204	a7	a16
12	0.169493368560834	a7	a17	a29	13
13	0.169510135248961	a7	a17
12	0.169513380414405	a7	a14	a29	14
13	0.169533392267977	a7	a14
12	0.169556108426086	a7	a15	a29	15
13	0.169573415975121	a7	a15
13	0.169856286229662	a6	a10
13	0.169927679869431	a8	a52
12	0.171135963136438	a8	a52	a46	0
12	0.172664436060593	a6	a10	a30	0
12	0.172758004997564	a7	a14	a31	0
12	0.172964613864169	a7	a15	a31	1
13	0.173034925782124	a7	a14
12	0.173125790414558	a7	a14	a31	2
12	0.173136607632705	a7	a17	a31	3
13	0.174126383093145	a7	a15
13	0.174525538442765	a7	a17
13	0.17455907181902	a7	a14
13	0.174982565909471	a6	a10
12	0.175041519748372	a6	a10	a32	0
12	0.175110209083604	a7	a14	a33	0
12	0.175342779273762	a7	a16	a33	1
12	0.175480698805135	a7	a17	a33	2
12	0.175547224696738	a7	a15	a33	3
13	0.175583462377531	a7	a14
13	0.176024264017016	a7	a15
13	0.176525642078124	a7	a16
13	0.17659379055245	a7	a17
13	0.177327738803716	a6	a10
12	0.178877305303257	a6	a10	a34	0
12	0.178943831194861	a7	a14	a35	0
12	0.179070933508087	a7	a17	a35	1
12	0.17921480250944	a7	a15	a35	2
13	0.17924941760751	a7	a14
12	0.179268347739267	a7	a16	a35	3
13	0.179433310316007	a7	a17
13	0.179480365214946	a7	a15
13	0.179516062034831	a7	a16
13	0.179694005273347	a6	a10
12	0.179817321560222	a6	a10	a36	0
12	0.179892501226343	a7	a14	a37	0
13	0.180086129431172	a7	a14
12	0.180132643469203	a7	a14	a37	1
12	0.180247846842468	a7	a17	a37	2
12	0.180264613530595	a7	a16	a37	3
13	0.18033708889218	a7	a14
13	0.180485825641699	a7	a17
13	0.18054261603697	a7	a16
13	0.180665391462938	a6	a10
12	0.181012624165453	a8	a53	a45	0
13	0.182022952340372	a8	a53
12	0.182226856902441	a8	a53	a50	0
12	0.183677445855938	a8	a54	a49	0
13	0.186911794081857	a8	a54
12	0.186946950040834	a8	a54	a48	0
13	0.188028130994615	a8	a54
12	0.188062746092685	a8	a54	a47	0
13	0.18851598753304	a8	a54
13	0.189215861547144	a8	a53
13	0.189542541535179	a8	a52
13	0.18979079669165	a8	a51
12	0.190090433634319	a8	a51	a42	0
12	0.190116935818779	a8	a52	a44	0
13	0.197123248012517	a8	a52
12	0.197186528738676	a6	a10	a20	0
12	0.197267657874778	a7	a14	a21	0
13	0.197334183766381	a7	a14
12	0.19735689992449	a7	a14	a21	1
13	0.197492656012233	a7	a14
12	0.197658700310788	a7	a15	a21	2
12	0.197667354085306	a7	a17	a21	3
13	0.197976185663399	a7	a15
13	0.198180090225468	a7	a17
13	0.198317468895933	a6	a10
12	0.198395893727498	a8	a52	a40	0
12	0.198418069024699	a8	a53	a39	0
12	0.198492166969006	a6	a10	a22	0
12	0.198598175706845	a7	a14	a23	0
13	0.198686876895649	a7	a14
12	0.198704725305592	a7	a14	a23	1
13	0.198782609276249	a7	a14
12	0.198815601791597	a7	a16	a23	2
12	0.198859952386	a7	a14	a23	3
12	0.198901598675865	a7	a17	a23	4
13	0.198933509469399	a7	a14
12	0.198978400924708	a7	a14	a23	5
13	0.199028160128184	a7	a17
12	0.199038436485423	a7	a15	a23	6
13	0.199051958008107	a7	a16
13	0.199051958008107	a7	a14
12	0.199089818271621	a7	a14	a23	7
12	0.199115238734266	a7	a17	a23	8
12	0.199138495753282	a7	a16	a23	9
13	0.199231523829345	a7	a15
13	0.199258026013805	a7	a16
13	0.199260730318342	a7	a17
13	0.199270465814674	a7	a14
12	0.199285069059172	a7	a15	a23	10
12	0.199342941176258	a7	a16	a23	11
13	0.1993607895862	a7	a15
12	0.19937106594344	a7	a14	a23	12
12	0.199412712233306	a7	a17	a23	13
12	0.199448949914098	a7	a15	a23	14
13	0.199460307993152	a7	a14
13	0.199478156403094	a7	a16
13	0.199499790839388	a7	a17
12	0.199502495143925	a7	a14	a23	15
13	0.199558744678288	a7	a15
13	0.199591196332729	a7	a14
13	0.199762649240357	a6	a10
12	0.199896782745379	a6	a10	a22	0
12	0.199984943073276	a7	a14	a23	0
13	0.200060663600304	a7	a14
12	0.200076889427524	a7	a14	a23	1
13	0.200148283067294	a7	a14
12	0.200193174522603	a7	a14	a23	2
12	0.200253750944226	a7	a16	a23	3
13	0.200261322996929	a7	a14
12	0.200346779020289	a7	a14	a23	4
12	0.200353269351177	a7	a17	a23	5
12	0.200398160806487	a7	a15	a23	6
13	0.200404651137375	a7	a16
13	0.200429530739113	a7	a14
12	0.200463604976276	a7	a16	a23	7
13	0.200478749081681	a7	a17
12	0.200535539476952	a7	a14	a23	8
12	0.200545274973285	a7	a17	a23	9
13	0.200548520138729	a7	a15
13	0.200564745965949	a7	a16
12	0.200639384771162	a7	a15	a23	10
13	0.200640466492977	a7	a17
13	0.200643711658421	a7	a14
12	0.200648579406587	a7	a16	a23	11
13	0.200722136489986	a7	a16
12	0.200724840794523	a7	a14	a23	12
13	0.20072754509906	a7	a15
12	0.200739444039021	a7	a17	a23	13
13	0.200803806486995	a7	a14
13	0.200814082844235	a7	a17
12	0.200818409731493	a7	a15	a23	14
12	0.200858433438637	a7	a16	a23	15
13	0.200891425953985	a7	a15
13	0.200949838931978	a7	a16
13	0.20109803482059	a6	a10
13	0.201178082234877	a8	a53
12	0.201205666141152	a6	a10	a24	0
12	0.201279223224551	a7	a14	a25	0
13	0.201306266269918	a7	a14
12	0.20132627812349	a7	a14	a25	1
13	0.201354943751579	a7	a14
12	0.201371169578799	a7	a14	a25	2
13	0.201397130902352	a7	a14
12	0.201412815868665	a7	a14	a25	3
13	0.201434450304959	a7	a14
12	0.201449594410364	a7	a14	a25	4
13	0.201468524542121	a7	a14
12	0.201522610632856	a7	a14	a25	5
13	0.201543704208242	a7	a14
12	0.201585350498108	a7	a15	a25	6
12	0.201622669900714	a7	a14	a25	7
13	0.20165620327697	a7	a14
13	0.20173354638672	a7	a15
12	0.201747608770311	a7	a17	a25	8
12	0.201784928172918	a7	a14	a25	9
13	0.201789255060176	a7	a17
12	0.201806562609211	a7	a16	a25	10
12	0.201843341150911	a7	a17	a25	11
13	0.201846586316355	a7	a14
13	0.201861189560853	a7	a17
12	0.201874170222629	a7	a15	a25	12
13	0.201887150884406	a7	a16
12	0.20188823260622	a7	a14	a25	13
13	0.201913112207958	a7	a14
13	0.201929878896086	a7	a15
12	0.201945023001492	a7	a16	a25	14
13	0.201964493994156	a7	a16
12	0.201967198298693	a7	a17	a25	15
13	0.202003976840392	a7	a17
13	0.202198145906129	a6	a10
13	0.202228974977847	a8	a52
12	0.202412326825437	a8	a52	a38	0
12	0.202462086028913	a6	a10	a26	0
12	0.20258269801125	a7	a14	a27	0
13	0.202629212049282	a7	a14
12	0.202702228271774	a7	a17	a27	1
12	0.202727648734419	a7	a14	a27	2
12	0.202798501513281	a7	a16	a27	3
13	0.202806614426891	a7	a14
12	0.202856914491274	a7	a14	a27	4
13	0.202883416675734	a7	a17
13	0.202903428529306	a7	a16
13	0.202913704886545	a7	a14
12	0.202959137202762	a7	a16	a27	5
12	0.202980230778149	a7	a14	a27	6
12	0.202994293161739	a7	a17	a27	7
13	0.203041348060678	a7	a16
13	0.20304513408703	a7	a17
13	0.20306947282786	a7	a14
12	0.203092729846876	a7	a15	a27	8
12	0.203105169647745	a7	a14	a27	9
12	0.203135457858556	a7	a17	a27	10
13	0.203163582625738	a7	a14
13	0.203200361167438	a7	a17
12	0.203227404212805	a7	a16	a27	11
13	0.2032344354046	a7	a15
12	0.203247416066377	a7	a14	a27	12
12	0.203312319375258	a7	a17	a27	13
13	0.203325840897942	a7	a14
13	0.203326922619756	a7	a16
12	0.203337198976996	a7	a15	a27	14
13	0.203385876458657	a7	a17
13	0.203398857120433	a7	a15
12	0.203414542086746	a7	a14	a27	15
13	0.2034626787075	a7	a14
13	0.203687135984048	a6	a10
13	0.203835872733567	a8	a52
12	0.203866160944378	a8	a52	a41	0
12	0.203898612598819	a6	a10	a28	0
12	0.203955943854998	a7	a14	a29	0
13	0.203988936370346	a7	a14
12	0.204043563321987	a7	a17	a29	1
13	0.204091699942741	a7	a17
12	0.204107384909054	a7	a14	a29	2
13	0.204133346232607	a7	a14
12	0.204167420469769	a7	a16	a29	3
12	0.204192300071507	a7	a17	a29	4
13	0.20420798503782	a7	a16
13	0.204212852785986	a7	a17
12	0.204236109805002	a7	a14	a29	5
12	0.204299931392069	a7	a16	a29	6
13	0.204299931392069	a7	a14
13	0.204331842185602	a7	a16
12	0.204336709933768	a7	a14	a29	7
12	0.20435455834371	a7	a17	a29	8
13	0.204360507813691	a7	a14
13	0.204382142249985	a7	a17
12	0.204395663772669	a7	a15	a29	9
12	0.204413512182611	a7	a16	a29	10
12	0.204438391784349	a7	a14	a29	11
13	0.204456240194291	a7	a14
13	0.204456781055198	a7	a16
12	0.20448490582238	a7	a17	a29	12
13	0.204504917675952	a7	a17
13	0.204505999397767	a7	a15
12	0.204570902706648	a7	a16	a29	13
12	0.204597945752015	a7	a17	a29	14
13	0.204599568334737	a7	a16
13	0.204613630718328	a7	a17
12	0.204626611380105	a7	a15	a29	15
13	0.204644459790047	a7	a15
13	0.204816453558582	a6	a10
13	0.204886765476537	a8	a52
12	0.205211282020944	a8	a52	a46	0
12	0.205609355648749	a6	a10	a30	0
12	0.205680749288519	a7	a14	a31	0
12	0.205755928954639	a7	a15	a31	1
13	0.205799197827227	a7	a14
12	0.20589438934692	a7	a14	a31	2
12	0.20593495391497	a7	a17	a31	3
13	0.205988499144797	a7	a15
13	0.206902554078209	a7	a17
13	0.207162167313735	a7	a14
13	0.20759485603961	a6	a10
12	0.207620276502255	a6	a10	a32	0
12	0.207673280871175	a7	a14	a33	0
13	0.207765227225424	a7	a14
12	0.20776793152996	a7	a16	a33	1
12	0.207806873515289	a7	a14	a33	2
12	0.207896656425908	a7	a15	a33	3
13	0.207900983313167	a7	a14
13	0.208187098733152	a7	a16
13	0.208237398797535	a7	a15
13	0.208392625877943	a6	a10
12	0.209084927839344	a6	a10	a34	0
12	0.2091406365128	a7	a14	a35	0
12	0.209300190480467	a7	a16	a35	1
13	0.209308844254984	a7	a14
12	0.20935860345846	a7	a14	a35	2
12	0.209381319616568	a7	a15	a35	3
13	0.209614430667634	a7	a15
13	0.209619839276707	a7	a14
13	0.209644178017538	a7	a16
13	0.209836183639645	a6	a10
12	0.209864308406827	a6	a10	a36	0
12	0.209963285952871	a7	a14	a37	0
13	0.210059559194378	a7	a14
12	0.210094715153355	a7	a14	a37	1
13	0.210289965940907	a7	a14
12	0.210322958456255	a7	a16	a37	2
12	0.210396515539654	a7	a14	a37	3
13	0.210598797519	a7	a14
13	0.210733471884929	a7	a16
13	0.210865441946321	a6	a10
12	0.210941162473349	a8	a53	a45	0
13	0.211679978472782	a8	a53
12	0.21171297098813	a8	a53	a50	0
12	0.212260322226362	a8	a54	a49	0
13	0.214424306716647	a8	a54
12	0.214458921814717	a8	a54	a48	0
13	0.215319431518301	a8	a54
12	0.215352964894557	a8	a54	a47	0
13	0.215791062229506	a8	a54
13	0.216361129625846	a8	a53
13	0.216400612472083	a8	a52
13	0.216550971804324	a8	a51
12	0.216792736629907	a8	a51	a42	0
12	0.21681058503985	a8	a52	a44	0
13	0.221803272075545	a8	a52
12	0.221888728098905	a6	a10	a20	0
12	0.221963907765026	a7	a14	a21	0
13	0.222033137961166	a7	a14
12	0.222050445510201	a7	a14	a21	1
13	0.222183497293408	a7	a14
12	0.222240828549586	a7	a17	a21	2
12	0.222306272719375	a7	a16	a21	3
13	0.222462581521597	a7	a17
13	0.222590224695731	a7	a16
13	0.22268812051996	a6	a10
12	0.22273896144525	a8	a52	a40	0
12	0.222756809855193	a8	a53	a39	0
12	0.222833612104036	a6	a10	a22	0
12	0.222901760578361	a7	a14	a23	0
13	0.222974235939945	a7	a14
12	0.222992084349888	a7	a14	a23	1
13	0.223088357591395	a7	a14
12	0.223133789907612	a7	a14	a23	2
12	0.223185171693809	a7	a17	a23	3
13	0.223210592156455	a7	a14
12	0.223221409374601	a7	a16	a23	4
12	0.223298211623444	a7	a14	a23	5
12	0.223360410627789	a7	a15	a23	6
13	0.223376095594102	a7	a14
13	0.223377177315917	a7	a16
13	0.223391239699508	a7	a17
12	0.223418282744875	a7	a16	a23	7
13	0.223476154861961	a7	a15
12	0.223488053801922	a7	a14	a23	8
12	0.223498871020069	a7	a17	a23	9
13	0.223547007640823	a7	a16
12	0.223559988302599	a7	a15	a23	10
12	0.223630300220554	a7	a16	a23	11
13	0.223653016378662	a7	a17
13	0.223656802405014	a7	a15
13	0.223668160484068	a7	a14
13	0.223727114322968	a7	a16
12	0.223756320811965	a7	a14	a23	12
12	0.22378985418822	a7	a15	a23	13
12	0.223802834849997	a7	a17	a23	14
12	0.223841776835325	a7	a16	a23	15
13	0.223842317696233	a7	a14
13	0.223892076899708	a7	a17
13	0.223918038223261	a7	a15
13	0.223950489877702	a7	a16
13	0.224151690135234	a6	a10
12	0.224244718211297	a6	a10	a22	0
12	0.224335041982823	a7	a14	a23	0
13	0.22439886356989	a7	a14
12	0.224421038867091	a7	a14	a23	1
13	0.224492432506861	a7	a14
12	0.224508658334081	a7	a14	a23	2
13	0.224576265947499	a7	a14
12	0.224664426275396	a7	a14	a23	3
12	0.224731493027907	a7	a15	a23	4
13	0.224756913490552	a7	a14
12	0.224775302761402	a7	a17	a23	5
12	0.22485913620204	a7	a16	a23	6
13	0.224860217923855	a7	a15
13	0.224872116863816	a7	a17
12	0.224879688916519	a7	a14	a23	7
12	0.224956491165362	a7	a15	a23	8
13	0.224968390105324	a7	a14
12	0.224970553548953	a7	a17	a23	9
13	0.224978666462563	a7	a16
13	0.225061418181387	a7	a17
12	0.225078725730422	a7	a16	a23	10
13	0.225079266591329	a7	a15
12	0.225098737583994	a7	a14	a23	11
12	0.225155527979265	a7	a15	a23	12
12	0.225171753806485	a7	a17	a23	13
13	0.225192306520964	a7	a16
13	0.225199878573667	a7	a14
13	0.225252342081679	a7	a15
12	0.225258832412567	a7	a16	a23	14
12	0.225272894796158	a7	a14	a23	15
13	0.225283171153398	a7	a17
13	0.22535402393226	a7	a16
13	0.225356728236797	a7	a14
13	0.225558469355236	a6	a10
13	0.22562283180321	a8	a53
12	0.225639598491338	a6	a10	a24	0
12	0.225732626567401	a7	a14	a25	0
13	0.225750474977343	a7	a14
12	0.225767241665471	a7	a14	a25	1
13	0.225787253519043	a7	a14
12	0.225804561068078	a7	a14	a25	2
13	0.225822950338928	a7	a14
12	0.225840257887963	a7	a14	a25	3
13	0.22586730093333	a7	a14
12	0.22588352676055	a7	a14	a25	4
13	0.225908947223195	a7	a14
12	0.22595275695669	a7	a14	a25	5
13	0.225971687088447	a7	a14
12	0.226012251656498	a7	a15	a25	6
12	0.226039294701865	a7	a14	a25	7
13	0.226066337747233	a7	a14
13	0.226096625958044	a7	a15
12	0.226180459398682	a7	a14	a25	8
12	0.22619722608681	a7	a17	a25	9
13	0.226203175556791	a7	a14
12	0.226237790654861	a7	a16	a25	10
13	0.22625834336934	a7	a17
12	0.226271324031116	a7	a14	a25	11
12	0.226290254162873	a7	a15	a25	12
13	0.22630107138102	a7	a16
13	0.226315133764611	a7	a14
13	0.226323787539128	a7	a15
12	0.226369219855345	a7	a17	a25	13
12	0.226393017735268	a7	a15	a25	14
12	0.226407080118859	a7	a16	a25	15
13	0.226412488727933	a7	a17
13	0.226427632833338	a7	a16
13	0.226442236077837	a7	a15
13	0.226645058918091	a6	a10
13	0.226676428850717	a8	a52
12	0.22683057420931	a8	a52	a38	0
12	0.226892773213655	a6	a10	a26	0
12	0.226959839966165	a7	a14	a27	0
13	0.22700581314329	a7	a14
12	0.227048000294062	a7	a14	a27	1
13	0.227105872411148	a7	a14
12	0.227182133799084	a7	a14	a27	2
12	0.227247037107965	a7	a15	a27	3
13	0.227254068299761	a7	a14
12	0.227284356510572	a7	a17	a27	4
12	0.227327625383159	a7	a16	a27	5
12	0.227361699620322	a7	a14	a27	6
13	0.227424439485574	a7	a16
13	0.227428766372833	a7	a14
13	0.227432552399184	a7	a17
13	0.227442828756424	a7	a15
12	0.227507732065305	a7	a16	a27	7
12	0.22751692670073	a7	a15	a27	8
12	0.227538561137024	a7	a14	a27	9
12	0.227566685904206	a7	a17	a27	10
13	0.227573717096001	a7	a16
13	0.227601301002276	a7	a15
13	0.227607250472256	a7	a14
13	0.227633752656716	a7	a17
12	0.227690543051987	a7	a15	a27	11
12	0.227711095766467	a7	a16	a27	12
12	0.227745710864537	a7	a14	a27	13
12	0.227761936691757	a7	a17	a27	14
13	0.227784652849865	a7	a16
13	0.227791143180753	a7	a15
13	0.227801419537993	a7	a14
13	0.227820890530657	a7	a17
12	0.227865781985967	a7	a16	a27	15
13	0.227923654103053	a7	a16
13	0.228186512504022	a6	a10
13	0.228286030910973	a8	a52
12	0.22831523739997	a8	a52	a41	0
12	0.228344984749874	a6	a10	a28	0
12	0.228435849382308	a7	a14	a29	0
13	0.228452075209528	a7	a14
12	0.228469923619471	a7	a14	a29	1
13	0.22849642580393	a7	a14
12	0.228520223683854	a7	a17	a29	2
13	0.228573228052773	a7	a17
12	0.228640835666191	a7	a14	a29	3
13	0.228657602354319	a7	a14
12	0.228664633546114	a7	a17	a29	4
13	0.22867977765152	a7	a17
12	0.228750089569475	a7	a15	a29	5
12	0.228754957317641	a7	a17	a29	6
13	0.228770642283954	a7	a17
12	0.228782541223916	a7	a16	a29	7
13	0.228786327250267	a7	a15
12	0.228800930494765	a7	a14	a29	8
13	0.228820942348337	a7	a16
12	0.22885285314187	a7	a15	a29	9
12	0.228870160690905	a7	a17	a29	10
13	0.228883682213589	a7	a15
13	0.228898285458087	a7	a17
13	0.228906939232605	a7	a14
12	0.228926410225269	a7	a16	a29	11
13	0.228943176913397	a7	a16
12	0.229001049030483	a7	a17	a29	12
13	0.229034041545831	a7	a17
12	0.229043236181255	a7	a14	a29	13
12	0.229047022207607	a7	a16	a29	14
13	0.229060002869383	a7	a14
13	0.229064329756642	a7	a16
12	0.229094077106546	a7	a15	a29	15
13	0.229133019091875	a7	a15
13	0.229342873123924	a6	a10
13	0.229379651665624	a8	a52
12	0.229639264901149	a8	a52	a46	0
12	0.230020030979919	a6	a10	a30	0
12	0.230090883758781	a7	a14	a31	0
13	0.230212577462934	a7	a14
12	0.23026017322278	a7	a14	a31	1
12	0.23037429487423	a7	a17	a31	2
13	0.230375376596045	a7	a14
12	0.230426758382242	a7	a16	a31	3
13	0.231613948073863	a7	a16
13	0.231691832044521	a7	a17
13	0.232151563815763	a6	a10
12	0.232174820834779	a6	a10	a32	0
12	0.23230300486982	a7	a14	a33	0
12	0.232352223212388	a7	a15	a33	1
13	0.232405227581308	a7	a14
12	0.232453364202061	a7	a14	a33	2
12	0.232568567575326	a7	a17	a33	3
13	0.232870367961624	a7	a17
13	0.232922831469636	a7	a14
13	0.233408524564431	a7	a15
13	0.233519941911344	a6	a10
12	0.234127328710292	a6	a10	a34	0
12	0.234206835263672	a7	a14	a35	0
13	0.234349081682303	a7	a14
12	0.234388023667632	a7	a14	a35	1
12	0.234397759163964	a7	a17	a35	2
12	0.234510258232692	a7	a16	a35	3
13	0.234576243263388	a7	a14
13	0.234723357430185	a7	a17
13	0.234738501535591	a7	a16
13	0.234919149078644	a6	a10
12	0.234942946958567	a6	a10	a36	0
12	0.235061936358183	a7	a14	a37	0
13	0.235157668738783	a7	a14
12	0.235174976287818	a7	a14	a37	1
12	0.235275576416584	a7	a16	a37	2
13	0.235332907672762	a7	a14
12	0.23540051528618	a7	a17	a37	3
13	0.235584407994677	a7	a17
13	0.235647147859929	a7	a16
13	0.235779658782229	a6	a10
12	0.235858624474701	a8	a53	a45	0
13	0.236864625762361	a8	a53
12	0.236898159138617	a8	a53	a50	0
12	0.237358431770767	a8	a54	a49	0
13	0.23933744183074	a8	a54
12	0.239374220372439	a8	a54	a48	0
13	0.240140079417238	a8	a54
12	0.240173071932586	a8	a54	a47	0
13	0.240617659598423	a8	a54
13	0.241103352693219	a8	a53
13	0.241152571035787	a8	a52
13	0.241279673349013	a8	a51
12	0.241480332745638	a8	a51	a42	0
12	0.241498722016487	a8	a52	a44	0
13	0.245732040338271	a8	a52
12	0.245781799541747	a6	a10	a20	0
12	0.245916473907676	a7	a14	a21	0
13	0.245966233111151	a7	a14
12	0.246043576220901	a7	a14	a21	1
12	0.246061424630844	a7	a15	a21	2
13	0.246105234364339	a7	a14
12	0.246176087143201	a7	a14	a21	3
13	0.246364847599864	a7	a15
13	0.246372960513474	a7	a14
13	0.246596876929115	a6	a10
12	0.246642309245332	a8	a52	a40	0
12	0.246660157655274	a8	a53	a39	0
12	0.246732092155951	a6	a10	a22	0
12	0.246782933081241	a7	a14	a23	0
13	0.246854326721011	a7	a14
12	0.246890023540895	a7	a14	a23	1
12	0.246923016056243	a7	a16	a23	2
13	0.246973856981534	a7	a14
12	0.247058772143987	a7	a14	a23	3
13	0.247123675452868	a7	a16
12	0.247135033531922	a7	a15	a23	4
12	0.247155586246401	a7	a17	a23	5
12	0.247206968032599	a7	a16	a23	6
13	0.2472291433298	a7	a14
13	0.2472659218715	a7	a15
12	0.247281065976905	a7	a14	a23	7
13	0.247298914386848	a7	a17
12	0.247355163921211	a7	a15	a23	8
13	0.247362735973914	a7	a14
13	0.247366522000266	a7	a16
12	0.247372471470246	a7	a17	a23	9
12	0.247435211335498	a7	a14	a23	10
13	0.247441701666386	a7	a15
13	0.247472530738105	a7	a17
12	0.247512013584341	a7	a16	a23	11
12	0.247564477092354	a7	a15	a23	12
13	0.247570967423242	a7	a14
12	0.247576916893223	a7	a17	a23	13
12	0.247641820202104	a7	a14	a23	14
13	0.247645065367548	a7	a16
13	0.247667781525656	a7	a15
13	0.247699151458282	a7	a17
12	0.247729980530001	a7	a15	a23	15
13	0.247733225695445	a7	a14
13	0.247831121519674	a7	a15
13	0.247965795885603	a6	a10
12	0.248076672371609	a6	a10	a22	0
12	0.248145361706841	a7	a14	a23	0
13	0.248219459651148	a7	a14
12	0.248235144617461	a7	a14	a23	1
13	0.248313028588118	a7	a14
12	0.248329254415338	a7	a14	a23	2
13	0.248409301829625	a7	a14
12	0.248413628716884	a7	a17	a23	3
12	0.248500707322967	a7	a16	a23	4
12	0.248549384804628	a7	a14	a23	5
13	0.248563447188219	a7	a17
12	0.248584540763605	a7	a15	a23	6
13	0.248616451557138	a7	a16
12	0.248633218245266	a7	a17	a23	7
13	0.248677027978761	a7	a14
12	0.248691631223259	a7	a16	a23	8
13	0.248708397911387	a7	a15
13	0.248750044201252	a7	a17
12	0.248754371088511	a7	a14	a23	9
13	0.248788445325674	a7	a16
12	0.24882792817191	a7	a15	a23	10
12	0.248860379826351	a7	a17	a23	11
13	0.248874983070849	a7	a14
12	0.248879309958108	a7	a16	a23	12
13	0.248909057308012	a7	a15
12	0.24895016273697	a7	a14	a23	13
13	0.248964765981468	a7	a16
13	0.248986400417762	a7	a17
12	0.249004789688611	a7	a15	a23	14
12	0.249054548892087	a7	a16	a23	15
13	0.249075101606566	a7	a14
13	0.249087541407435	a7	a15
13	0.249176783457147	a7	a16
13	0.249316866432149	a6	a10
13	0.249360676165644	a8	a53
12	0.249382851462845	a6	a10	a24	0
12	0.249468307486206	a7	a14	a25	0
13	0.249486155896148	a7	a14
12	0.249506708610627	a7	a14	a25	1
13	0.249526720464199	a7	a14
12	0.249542946291419	a7	a14	a25	2
13	0.249561876423176	a7	a14
12	0.24958134741584	a7	a14	a25	3
13	0.249601359269412	a7	a14
12	0.249617044235725	a7	a14	a25	4
13	0.249635974367482	a7	a14
12	0.249677620657348	a7	a14	a25	5
13	0.249698173371827	a7	a14
12	0.249759831515264	a7	a14	a25	6
13	0.249785792838817	a7	a14
12	0.24980959071874	a7	a17	a25	7
12	0.249858268200401	a7	a14	a25	8
13	0.249904241377525	a7	a14
13	0.249932366144707	a7	a17
12	0.249951837137371	a7	a16	a25	9
12	0.250006464089013	a7	a15	a25	10
12	0.250022149055326	a7	a14	a25	11
13	0.250037293160732	a7	a16
12	0.250037834021639	a7	a17	a25	12
13	0.250055682431581	a7	a14
13	0.250065958788821	a7	a15
13	0.250076776006968	a7	a17
12	0.250114095409575	a7	a16	a25	13
12	0.250133566402239	a7	a14	a25	14
13	0.250160609447606	a7	a16
13	0.250164395473958	a7	a14
12	0.250168722361216	a7	a17	a25	15
13	0.25020874606836	a7	a17
13	0.250466736721163	a6	a10
13	0.250497565792882	a8	a52
12	0.250647384264216	a8	a52	a38	0
12	0.250700929494043	a6	a10	a26	0
12	0.250909701804278	a7	a14	a27	0
12	0.250972982530437	a7	a15	a27	1
12	0.250982177165862	a7	a17	a27	2
13	0.251019496568469	a7	a14
13	0.251073582659203	a7	a17
13	0.251076827824647	a7	a15
12	0.251090890208238	a7	a14	a27	3
13	0.251163365569823	a7	a14
12	0.251169855900711	a7	a17	a27	4
12	0.251210961329669	a7	a15	a27	5
13	0.251224482852352	a7	a17
12	0.251261261394052	a7	a14	a27	6
12	0.251293172187585	a7	a17	a27	7
13	0.251300203379381	a7	a15
13	0.251315888345694	a7	a14
13	0.251340767947431	a7	a17
12	0.251409457282664	a7	a16	a27	8
12	0.251419192778996	a7	a17	a27	9
12	0.251446776685271	a7	a15	a27	10
12	0.251461379929769	a7	a14	a27	11
13	0.251472738008823	a7	a17
13	0.251508434828708	a7	a14
13	0.2515446725095	a7	a16
13	0.25157333813759	a7	a15
12	0.251575501581219	a7	a14	a27	12
12	0.251603626348401	a7	a17	a27	13
12	0.251636078002841	a7	a16	a27	14
13	0.251662580187301	a7	a14
13	0.251671233961819	a7	a17
12	0.251680428597244	a7	a15	a27	15
13	0.251689623232669	a7	a16
13	0.251735596409793	a7	a15
13	0.251968707460858	a6	a10
13	0.252045509709701	a8	a52
12	0.252067685006902	a8	a52	a41	0
12	0.2520822882514	a6	a10	a28	0
12	0.252140701229394	a7	a14	a29	0
13	0.252156386195707	a7	a14
12	0.252172612022927	a7	a14	a29	1
13	0.252187756128333	a7	a14
12	0.252235892749086	a7	a14	a29	2
13	0.252251577715399	a7	a14
12	0.25229214228345	a7	a14	a29	3
13	0.252315940163373	a7	a14
12	0.252360831618683	a7	a17	a29	4
12	0.252394364994938	a7	a16	a29	5
13	0.252410049961251	a7	a17
12	0.25245710486019	a7	a14	a29	6
13	0.252460890886542	a7	a16
13	0.252476575852854	a7	a14
12	0.252511731811832	a7	a17	a29	7
13	0.252532284526311	a7	a17
12	0.252532825387218	a7	a15	a29	8
12	0.252578257703435	a7	a14	a29	9
13	0.252586911477953	a7	a15
13	0.252595024391563	a7	a14
12	0.252629098628726	a7	a16	a29	10
13	0.252648028760483	a7	a16
12	0.252662632004981	a7	a17	a29	11
13	0.252692379354885	a7	a17
12	0.252720504122067	a7	a15	a29	12
12	0.252743761141083	a7	a16	a29	13
13	0.252749169750156	a7	a15
13	0.252769722464635	a7	a16
12	0.252774049351894	a7	a14	a29	14
12	0.252792979483651	a7	a17	a29	15
13	0.252811368754501	a7	a17
13	0.252896824777861	a7	a14
13	0.253089912121783	a6	a10
13	0.253133721855278	a8	a52
12	0.253417132970726	a8	a52	a46	0
12	0.253827105538493	a6	a10	a30	0
12	0.254011539107898	a7	a14	a31	0
13	0.254144050030197	a7	a14
12	0.254165684466491	a7	a14	a31	1
13	0.254284133005199	a7	a14
12	0.254323615851435	a7	a14	a31	2
12	0.254415562205684	a7	a15	a31	3
13	0.254429083728367	a7	a14
13	0.254663276501247	a7	a15
13	0.254778479874512	a6	a10
12	0.25480335947625	a6	a10	a32	0
12	0.254898550995942	a7	a14	a33	0
13	0.254989415628376	a7	a14
12	0.255005100594689	a7	a14	a33	1
13	0.255088934035327	a7	a14
12	0.255124089994305	a7	a17	a33	2
12	0.255156000787838	a7	a16	a33	3
13	0.255527031370276	a7	a16
13	0.255555696998366	a7	a17
13	0.255707678913329	a6	a10
12	0.25623501829799	a6	a10	a34	0
12	0.256286400084188	a7	a14	a35	0
13	0.256420533589209	a7	a14
12	0.25644270888641	a7	a14	a35	1
12	0.256626601594907	a7	a16	a35	2
13	0.256628224177629	a7	a14
12	0.256685555433808	a7	a17	a35	3
13	0.256932728868464	a7	a16
13	0.256943546086611	a7	a17
13	0.25714528720505	a6	a10
12	0.25717395283314	a6	a10	a36	0
12	0.257290778789126	a7	a14	a37	0
13	0.257391378917892	a7	a14
12	0.257413013354186	a7	a14	a37	1
13	0.257507664012971	a7	a14
12	0.257560127520984	a7	a14	a37	2
12	0.257575812487297	a7	a17	a37	3
13	0.257788370823883	a7	a14
13	0.257839752610081	a7	a17
13	0.258018236709504	a6	a10
12	0.258087466905644	a8	a53	a45	0
13	0.258812761382393	a8	a53
12	0.258846294758648	a8	a53	a50	0
12	0.25928168778906	a8	a54	a49	0
13	0.261065447061482	a8	a54
12	0.261101684742274	a8	a54	a48	0
13	0.261773974850103	a8	a54
12	0.261808049087266	a8	a54	a47	0
13	0.262241819534956	a8	a54
13	0.262727512629751	a8	a53
13	0.262773485806875	a8	a52
13	0.262916273086414	a8	a51
12	0.263118555065761	a8	a51	a42	0
12	0.263136403475703	a8	a52	a44	0
13	0.267017080485899	a8	a52
12	0.267061971941208	a6	a10	a20	0
12	0.267155000017271	a7	a14	a21	0
13	0.267205300081654	a7	a14
12	0.267222066769782	a7	a14	a21	1
13	0.267263713059648	a7	a14
12	0.267383243320171	a7	a14	a21	2
12	0.267428675636388	a7	a16	a21	3
13	0.267528734904246	a7	a14
13	0.267736425492667	a7	a16
13	0.267880835354927	a6	a10
12	0.26794952469016	a8	a52	a40	0
12	0.267967373100102	a8	a53	a39	0
12	0.268043093627131	a6	a10	a22	0
12	0.268099343161495	a7	a14	a23	0
13	0.268165869053098	a7	a14
12	0.268182635741226	a7	a14	a23	1
13	0.26825511110281	a7	a14
12	0.26831406494171	a7	a14	a23	2
12	0.268368691893352	a7	a15	a23	3
12	0.268376263946055	a7	a17	a23	4
13	0.26839140805146	a7	a14
12	0.26848714043206	a7	a14	a23	5
12	0.268515265199242	a7	a16	a23	6
13	0.268569351289977	a7	a14
13	0.268580709369031	a7	a15
13	0.268595312613529	a7	a17
12	0.268603966388047	a7	a14	a23	7
13	0.268651562147893	a7	a16
12	0.268700780490461	a7	a17	a23	8
12	0.268734854727624	a7	a15	a23	9
12	0.268745671945771	a7	a16	a23	10
13	0.268753243998474	a7	a14
13	0.268806789228301	a7	a17
13	0.268814902141911	a7	a16
12	0.26883545485639	a7	a14	a23	11
12	0.268891163529847	a7	a16	a23	12
12	0.268921992601565	a7	a17	a23	13
13	0.268924156045195	a7	a15
13	0.268930105515175	a7	a14
13	0.268978242135929	a7	a16
12	0.268980405579558	a7	a15	a23	14
13	0.269032869087571	a7	a17
12	0.26903719597483	a7	a14	a23	15
13	0.269121570276375	a7	a15
13	0.269184310141627	a7	a14
13	0.269362253380143	a6	a10
12	0.269446086820782	a6	a10	a22	0
12	0.269534788009586	a7	a14	a23	0
13	0.269596446153024	a7	a14
12	0.269613753702059	a7	a14	a23	1
13	0.26968676992455	a7	a14
12	0.269737069988933	a7	a14	a23	2
13	0.269805218463258	a7	a14
12	0.269849028196753	a7	a16	a23	3
12	0.269887970182082	a7	a17	a23	4
12	0.269909063757469	a7	a14	a23	5
12	0.269946383160075	a7	a15	a23	6
13	0.26999019289357	a7	a14
13	0.269999387528995	a7	a16
13	0.270014531634401	a7	a17
13	0.270084302691448	a7	a15
12	0.270091874744151	a7	a14	a23	7
12	0.270105937127742	a7	a17	a23	8
12	0.270117836067703	a7	a16	a23	9
13	0.270164890966642	a7	a14
12	0.270165972688457	a7	a15	a23	10
13	0.270174626462975	a7	a17
13	0.270225467388265	a7	a16
13	0.270241693215485	a7	a15
12	0.270254133016354	a7	a14	a23	11
12	0.270259541625428	a7	a17	a23	12
12	0.270311464272533	a7	a16	a23	13
13	0.270334180430641	a7	a14
12	0.270339048178807	a7	a15	a23	14
13	0.270344456787881	a7	a17
13	0.270416932149465	a7	a15
12	0.270420718175816	a7	a17	a23	15
13	0.270422881619446	a7	a16
13	0.270531594661822	a7	a17
13	0.270637603399661	a6	a10
13	0.270703588430357	a8	a53
12	0.270739826111149	a6	a10	a24	0
12	0.270779308957386	a7	a14	a25	0
13	0.270806352002753	a7	a14
12	0.270827445578139	a7	a14	a25	1
13	0.270848539153526	a7	a14
12	0.270864764980746	a7	a14	a25	2
13	0.270883695112503	a7	a14
12	0.270900461800631	a7	a14	a25	3
13	0.270920473654202	a7	a14
12	0.27093724034233	a7	a14	a25	4
13	0.27095562961318	a7	a14
12	0.2709718554404	a7	a14	a25	5
13	0.270992949015787	a7	a14
12	0.271009174843007	a7	a14	a25	6
13	0.271027564113857	a7	a14
12	0.271044330801984	a7	a14	a25	7
13	0.271064342655556	a7	a14
12	0.271129786825345	a7	a14	a25	8
13	0.271156829870712	a7	a14
12	0.271233632119555	a7	a16	a25	9
12	0.271255266555848	a7	a15	a25	10
12	0.271289881653919	a7	a14	a25	11
13	0.27130989350749	a7	a14
12	0.271332068804691	a7	a17	a25	12
13	0.27134450860556	a7	a16
13	0.271349917214634	a7	a15
13	0.271372092511835	a7	a17
12	0.271402380722646	a7	a14	a25	13
13	0.271440781847068	a7	a14
12	0.271455925952473	a7	a17	a25	14
13	0.271475937806045	a7	a17
12	0.271511093765022	a7	a16	a25	15
13	0.27155436263761	a7	a16
13	0.271733387597941	a6	a10
13	0.271764757530567	a8	a52
12	0.271912412558272	a8	a52	a38	0
12	0.271971366397172	a6	a10	a26	0
12	0.272023289044277	a7	a14	a27	0
13	0.272071425665031	a7	a14
12	0.272140115000264	a7	a14	a27	1
12	0.272205018309145	a7	a17	a27	2
13	0.272235847380864	a7	a14
12	0.272248287181733	a7	a15	a27	3
13	0.272313190490614	a7	a17
12	0.272314272212429	a7	a14	a27	4
12	0.272329957178742	a7	a16	a27	5
13	0.272334284066	a7	a15
13	0.272397023931252	a7	a14
12	0.27243217989023	a7	a17	a27	6
13	0.272438670221118	a7	a16
12	0.272494919755482	a7	a15	a27	7
13	0.272503573529999	a7	a17
12	0.272511686443609	a7	a14	a27	8
12	0.272549005846216	a7	a16	a27	9
13	0.272573344587047	a7	a15
13	0.272584702666101	a7	a14
12	0.272604173658765	a7	a17	a27	10
13	0.272616072598727	a7	a16
13	0.272679894185793	a7	a17
12	0.272688547960311	a7	a15	a27	11
12	0.2727172135884	a7	a14	a27	12
12	0.272758319017358	a7	a16	a27	13
12	0.272765350209154	a7	a17	a27	14
13	0.272821599743518	a7	a17
13	0.272834580405294	a7	a15
13	0.272845938484348	a7	a14
13	0.272858919146124	a7	a16
12	0.272882717026047	a7	a14	a27	15
13	0.272952488083095	a7	a14
13	0.273113123772576	a6	a10
13	0.273180731385994	a8	a52
12	0.273221295954045	a8	a52	a41	0
12	0.273233735754914	a6	a10	a28	0
12	0.273278086349316	a7	a14	a29	0
13	0.273294312176536	a7	a14
12	0.273309997142849	a7	a14	a29	1
13	0.27332622297007	a7	a14
12	0.273341907936383	a7	a14	a29	2
13	0.27335867462451	a7	a14
12	0.273374900451731	a7	a14	a29	3
13	0.273391667139858	a7	a14
12	0.273430609125187	a7	a14	a29	4
13	0.2734462940915	a7	a14
12	0.273466305945072	a7	a14	a29	5
13	0.273483613494107	a7	a14
12	0.273605307198259	a7	a14	a29	6
13	0.273627482495461	a7	a14
12	0.27366426103716	a7	a16	a29	7
12	0.273685895473454	a7	a17	a29	8
12	0.27370698904884	a7	a14	a29	9
13	0.273712938518821	a7	a16
13	0.273724296597875	a7	a14
13	0.273725919180597	a7	a17
12	0.273751339643242	a7	a15	a29	10
13	0.27378649560222	a7	a15
12	0.27382111070029	a7	a17	a29	11
12	0.273842204275676	a7	a14	a29	12
13	0.273843285997491	a7	a17
12	0.273851939772008	a7	a16	a29	13
13	0.273868165599229	a7	a16
13	0.273870869903766	a7	a14
12	0.273894126922781	a7	a15	a29	14
12	0.273917383941797	a7	a17	a29	15
13	0.273920088246334	a7	a15
13	0.27394334526535	a7	a17
13	0.274182946647303	a6	a10
13	0.274213775719022	a8	a52
12	0.274501513721729	a8	a52	a46	0
12	0.274932039003975	a6	a10	a30	0
12	0.275027771384575	a7	a14	a31	0
12	0.275072662839885	a7	a16	a31	1
12	0.275147301645098	a7	a15	a31	2
13	0.275151087671449	a7	a14
12	0.275192193100408	a7	a17	a31	3
13	0.275946153205246	a7	a16
13	0.276223614850713	a7	a17
13	0.276502158217996	a7	a15
13	0.276970002902848	a6	a10
12	0.276995964226401	a6	a10	a32	0
12	0.277080338527947	a7	a14	a33	0
13	0.277172825743102	a7	a14
12	0.277195001040304	a7	a14	a33	1
13	0.277283161368201	a7	a14
12	0.277300468917236	a7	a14	a33	2
12	0.2773567184516	a7	a15	a33	3
13	0.277407018515983	a7	a14
13	0.277669336056044	a7	a15
13	0.277786702872938	a6	a10
12	0.278313501396692	a6	a10	a34	0
12	0.27839733483733	a7	a14	a35	0
12	0.278552561917738	a7	a17	a35	1
13	0.278569869466773	a7	a14
12	0.27860502542575	a7	a16	a35	2
12	0.278627741583859	a7	a14	a35	3
13	0.278818124623244	a7	a16
13	0.278830023563205	a7	a14
13	0.278854903164943	a7	a17
13	0.279016620576239	a6	a10
12	0.27903879587344	a6	a10	a36	0
12	0.279100454016877	a7	a14	a37	0
12	0.279173470239369	a7	a15	a37	1
13	0.279199431562922	a7	a14
12	0.279256221958193	a7	a14	a37	2
13	0.2793524951997	a7	a14
12	0.27936277155694	a7	a16	a37	3
13	0.279563430953564	a7	a15
13	0.279592637442561	a7	a16
13	0.279805736640054	a6	a10
12	0.279889029219786	a8	a53	a45	0
13	0.281193044867393	a8	a53
12	0.281228741687277	a8	a53	a50	0
12	0.281667920744041	a8	a54	a49	0
13	0.283439240215593	a8	a54
12	0.283473855313663	a8	a54	a48	0
13	0.284116398071589	a8	a54
12	0.284150472308751	a8	a54	a47	0
13	0.284570721233758	a8	a54
13	0.285043974527684	a8	a53
13	0.285088325122086	a8	a52
13	0.285200824190814	a8	a51
12	0.285419872858288	a8	a51	a43	0
13	0.287448101260829	a8	a51
12	0.287467572253494	a8	a51	a42	0
12	0.287491910994324	a8	a52	a44	0
13	0.291312011582897	a8	a52
12	0.291366097673631	a6	a10	a20	0
12	0.291426133234347	a7	a14	a21	0
13	0.29148454621234	a7	a14
12	0.291501853761375	a7	a14	a21	1
13	0.291551612964851	a7	a14
12	0.291576492566588	a7	a14	a21	2
13	0.291617057134639	a7	a14
12	0.291668979781744	a7	a14	a21	3
13	0.291717657263405	a7	a14
13	0.291856117655685	a6	a10
12	0.291907499441883	a8	a52	a40	0
12	0.291924266130011	a8	a53	a39	0
12	0.291989169438892	a6	a10	a22	0
12	0.292055154469588	a7	a14	a23	0
13	0.292120598639377	a7	a14
12	0.292137906188412	a7	a14	a23	1
13	0.292216331019977	a7	a14
12	0.29223201598629	a7	a14	a23	2
13	0.292301787043337	a7	a14
12	0.292381293596717	a7	a14	a23	3
13	0.29246404531554	a7	a14
12	0.292476485116409	a7	a16	a23	4
12	0.2924905475	a7	a17	a23	5
12	0.292541929286198	a7	a15	a23	6
12	0.292561400278862	a7	a14	a23	7
13	0.29265551007674	a7	a14
13	0.292671735903961	a7	a16
12	0.292672817625775	a7	a14	a23	8
13	0.292712841332919	a7	a15
13	0.292727985438324	a7	a17
13	0.292740425239193	a7	a14
12	0.292762059675487	a7	a16	a23	9
12	0.292808032852611	a7	a15	a23	10
12	0.292826962984368	a7	a14	a23	11
13	0.292860496360624	a7	a16
12	0.292869690996049	a7	a17	a23	12
13	0.292909173842285	a7	a14
12	0.292939462053096	a7	a16	a23	13
12	0.292959473906668	a7	a14	a23	14
13	0.292974618012073	a7	a15
13	0.29301410085831	a7	a17
13	0.293027622380993	a7	a14
12	0.29307305469721	a7	a14	a23	15
13	0.293120109596149	a7	a16
13	0.293183390322308	a7	a14
13	0.293331045350013	a6	a10
12	0.293428400313335	a6	a10	a22	0
12	0.293465178855035	a7	a14	a23	0
13	0.29352521441575	a7	a14
12	0.2935436036866	a7	a14	a23	1
13	0.293618242491813	a7	a14
12	0.293633927458126	a7	a14	a23	2
13	0.293701535071544	a7	a14
12	0.293752375996835	a7	a14	a23	3
12	0.29381241155755	a7	a15	a23	4
13	0.293834586854751	a7	a14
12	0.293880560031875	a7	a17	a23	5
12	0.293948167645293	a7	a16	a23	6
13	0.293948167645293	a7	a15
12	0.293976292412475	a7	a14	a23	7
13	0.293999549431491	a7	a17
12	0.294042277443171	a7	a15	a23	8
13	0.294049849495874	a7	a14
13	0.294072565653982	a7	a16
12	0.294075810819426	a7	a17	a23	9
12	0.2941401732674	a7	a14	a23	10
12	0.294159644260065	a7	a16	a23	11
13	0.294173165782748	a7	a17
13	0.294174247504563	a7	a15
13	0.294247263727055	a7	a16
12	0.294254835779757	a7	a15	a23	12
12	0.294271602467885	a7	a17	a23	13
13	0.2942726841897	a7	a14
13	0.29433380147223	a7	a15
12	0.294338128359488	a7	a16	a23	14
12	0.294372202596651	a7	a14	a23	15
13	0.294379233788447	a7	a17
13	0.294446300540957	a7	a14
13	0.294454413454567	a7	a16
13	0.294694555697428	a6	a10
13	0.294738906291831	a8	a53
12	0.294747560066348	a6	a10	a24	0
12	0.294810840792507	a7	a14	a25	0
13	0.29482868920245	a7	a14
12	0.29484491502967	a7	a14	a25	1
13	0.294865467744149	a7	a14
12	0.294889265624072	a7	a14	a25	2
13	0.294908195755829	a7	a14
12	0.294933075357567	a7	a14	a25	3
13	0.294954168932954	a7	a14
12	0.294969853899267	a7	a14	a25	4
13	0.294989324891931	a7	a14
12	0.295058555088071	a7	a14	a25	5
13	0.295080189524365	a7	a14
12	0.295116968066064	a7	a15	a25	6
12	0.295142388528709	a7	a14	a25	7
13	0.295216486473016	a7	a14
12	0.29521973163846	a7	a17	a25	8
13	0.29523595746568	a7	a15
13	0.295259755345603	a7	a17
12	0.295308432827264	a7	a16	a25	9
12	0.295338180177168	a7	a14	a25	10
13	0.295360355474369	a7	a14
12	0.295367927527072	a7	a15	a25	11
13	0.295372254414331	a7	a16
12	0.295379826467034	a7	a17	a25	12
13	0.29540092004242	a7	a17
13	0.295424177061436	a7	a15
12	0.295476099708541	a7	a14	a25	13
12	0.295489080370317	a7	a16	a25	14
13	0.295510714806611	a7	a16
13	0.295516664276592	a7	a14
12	0.295540462156515	a7	a17	a25	15
13	0.295576699837307	a7	a17
13	0.29578384956482	a6	a10
13	0.295814137775631	a8	a52
12	0.295962874525151	a8	a52	a38	0
12	0.296017501476792	a6	a10	a26	0
12	0.29608727253384	a7	a14	a27	0
13	0.296133786571871	a7	a14
12	0.296200853324382	a7	a14	a27	1
13	0.29625007166695	a7	a14
12	0.296309566366758	a7	a16	a27	2
12	0.296335527690311	a7	a15	a27	3
12	0.296372847092918	a7	a14	a27	4
12	0.296417738548227	a7	a17	a27	5
13	0.296438832123614	a7	a15
13	0.296475069804406	a7	a14
13	0.296476692387128	a7	a16
13	0.296507521458846	a7	a17
12	0.296545922583268	a7	a15	a27	6
12	0.296578915098616	a7	a17	a27	7
12	0.296599467813095	a7	a16	a27	8
13	0.296628133441184	a7	a17
12	0.29663516463298	a7	a14	a27	9
13	0.296637868937516	a7	a15
13	0.29666977973105	a7	a16
12	0.29668600555827	a7	a17	a27	10
12	0.296739550788097	a7	a15	a27	11
13	0.296746581979893	a7	a14
12	0.296757940058947	a7	a16	a27	12
13	0.296761185224391	a7	a17
12	0.29678985085248	a7	a14	a27	13
13	0.296836905751419	a7	a15
13	0.296839069195048	a7	a16
12	0.296855835883176	a7	a17	a27	14
13	0.296863407935879	a7	a14
12	0.296919116609335	a7	a16	a27	15
13	0.296924525218409	a7	a17
13	0.29701593071175	a7	a16
13	0.297168453487621	a6	a10
13	0.297257695537333	a8	a52
12	0.29728690202633	a8	a52	a41	0
12	0.297316649376233	a6	a10	a28	0
12	0.297376684936949	a7	a14	a29	0
13	0.297392910764169	a7	a14
12	0.297410218313204	a7	a14	a29	1
13	0.297425903279517	a7	a14
12	0.29744158824583	a7	a14	a29	2
13	0.297458354933958	a7	a14
12	0.297496215197472	a7	a14	a29	3
13	0.297512981885599	a7	a14
12	0.297532452878264	a7	a15	a29	4
12	0.297551923870928	a7	a14	a29	5
13	0.297568149698149	a7	a14
13	0.297582752942647	a7	a15
12	0.297700660620448	a7	a14	a29	6
12	0.297719049891298	a7	a16	a29	7
12	0.297735275718518	a7	a17	a29	8
13	0.29773689830124	a7	a14
13	0.297755828432997	a7	a16
12	0.297777462869291	a7	a15	a29	9
13	0.297792066113789	a7	a17
13	0.297820731741878	a7	a15
12	0.297833171542747	a7	a16	a29	10
12	0.297851560813597	a7	a14	a29	11
13	0.297857510283578	a7	a16
13	0.297872113528076	a7	a14
12	0.297889961938018	a7	a17	a29	12
13	0.297905646904331	a7	a17
12	0.297988398623155	a7	a14	a29	13
12	0.298021391138503	a7	a15	a29	14
13	0.298023554582132	a7	a14
12	0.298050056766592	a7	a16	a29	15
13	0.298053842792944	a7	a15
13	0.298094407360995	a7	a16
13	0.298289117287638	a6	a10
13	0.298330222716597	a8	a52
12	0.298631482241987	a8	a52	a46	0
12	0.299017656929831	a6	a10	a30	0
12	0.299100949509562	a7	a14	a31	0
12	0.299169638844795	a7	a16	a31	1
13	0.299213989439197	a7	a14
12	0.299283760496245	a7	a14	a31	2
12	0.299311344402519	a7	a15	a31	3
13	0.299707795447603	a7	a16
13	0.300497452372325	a7	a14
13	0.300516382504082	a7	a15
13	0.300933386263645	a6	a10
12	0.300956643282661	a6	a10	a32	0
12	0.301014515399746	a7	a14	a33	0
13	0.301107002614902	a7	a14
12	0.301118901554864	a7	a16	a33	1
12	0.301149189765675	a7	a14	a33	2
13	0.301236268371758	a7	a14
12	0.30127034260892	a7	a14	a33	3
13	0.301355257771373	a7	a14
13	0.301481819223692	a7	a16
13	0.301598104318771	a6	a10
12	0.302128688868876	a6	a10	a34	0
12	0.30219305131685	a7	a14	a35	0
13	0.30232339879552	a7	a14
12	0.302391547269845	a7	a14	a35	1
12	0.302412099984324	a7	a15	a35	2
12	0.302417508593397	a7	a17	a35	3
13	0.302637638982687	a7	a14
13	0.302730126197843	a7	a17
13	0.302741484276897	a7	a15
13	0.302888057582787	a6	a10
12	0.302927540429023	a6	a10	a36	0
12	0.30301570075692	a7	a14	a37	0
13	0.30311359658115	a7	a14
12	0.303135231017443	a7	a14	a37	1
13	0.30331101081233	a7	a14
12	0.303383486173914	a7	a14	a37	2
12	0.303426755046502	a7	a15	a37	3
13	0.30354520358521	a7	a14
13	0.303820501787049	a7	a15
13	0.303945440656645	a6	a10
12	0.304012507409156	a8	a53	a45	0
13	0.304770794401253	a8	a53
12	0.304804327777508	a8	a53	a50	0
12	0.305236475642476	a8	a54	a49	0
13	0.307144092062679	a8	a54
12	0.307180329743471	a8	a54	a48	0
13	0.307836934884987	a8	a54
12	0.307869386539428	a8	a54	a47	0
13	0.308294503212601	a8	a54
13	0.308781278029211	a8	a53
13	0.308814270544559	a8	a52
13	0.308925147030564	a8	a51
12	0.309144736558946	a8	a51	a42	0
12	0.309163125829796	a8	a52	a44	0
13	0.312824754172516	a8	a52
12	0.312873431654177	a6	a10	a20	0
12	0.312927517744912	a7	a14	a21	0
13	0.312977817809295	a7	a14
12	0.312994584497423	a7	a14	a21	1
13	0.313034067343659	a7	a14
12	0.313096807208911	a7	a14	a21	2
12	0.313167119126865	a7	a15	a21	3
13	0.313210387999453	a7	a14
13	0.313550589510173	a7	a15
13	0.313665792883437	a6	a10
12	0.313710684338746	a8	a52	a40	0
12	0.313729614470503	a8	a53	a39	0
12	0.313797222083922	a6	a10	a22	0
12	0.313868615723691	a7	a14	a23	0
13	0.313936764198016	a7	a14
12	0.313954071747051	a7	a14	a23	1
13	0.31402762883045	a7	a14
12	0.314043313796763	a7	a14	a23	2
13	0.314110921410181	a7	a14
12	0.314158517170028	a7	a16	a23	3
12	0.31421098067804	a7	a14	a23	4
12	0.314266148490589	a7	a15	a23	5
13	0.314287242065975	a7	a14
12	0.314358094844838	a7	a17	a23	6
13	0.314373238950243	a7	a16
12	0.314389464777464	a7	a14	a23	7
12	0.314459776695418	a7	a16	a23	8
13	0.314460317556326	a7	a15
13	0.314480870270805	a7	a17
13	0.314540364970613	a7	a14
12	0.314552263910574	a7	a15	a23	9
13	0.314564703711443	a7	a16
12	0.314586338147737	a7	a17	a23	10
12	0.314629066159417	a7	a14	a23	11
13	0.31465502748297	a7	a15
13	0.314685315693781	a7	a17
12	0.314717767348221	a7	a16	a23	12
12	0.314751300724477	a7	a17	a23	13
12	0.314764281386253	a7	a15	a23	14
13	0.314808631980655	a7	a14
13	0.314810254563377	a7	a16
13	0.314849196548706	a7	a17
12	0.314872994428629	a7	a14	a23	15
13	0.314879484759517	a7	a15
13	0.314957368730175	a7	a14
13	0.315079062434327	a6	a10
12	0.315180744284908	a6	a10	a22	0
12	0.3152169819657	a7	a14	a23	0
13	0.315279180970045	a7	a14
12	0.315297029379987	a7	a14	a23	1
13	0.315368963880664	a7	a14
12	0.31539005745605	a7	a14	a23	2
13	0.315471186592152	a7	a14
12	0.315494443611168	a7	a14	a23	3
13	0.315582063078158	a7	a14
12	0.315595043739934	a7	a16	a23	4
12	0.31570375678231	a7	a14	a23	5
12	0.31571403313955	a7	a17	a23	6
13	0.315727554662233	a7	a16
12	0.315741617045824	a7	a15	a23	7
13	0.315789212805671	a7	a14
12	0.315796784858373	a7	a16	a23	8
13	0.315833563400073	a7	a17
12	0.315862229028162	a7	a14	a23	9
13	0.315864933332699	a7	a16
13	0.315875209689938	a7	a15
12	0.315946603329708	a7	a17	a23	10
12	0.315967156044187	a7	a16	a23	11
13	0.315982300149592	a7	a14
12	0.315987708758666	a7	a15	a23	12
13	0.316028814187624	a7	a17
12	0.316052612067547	a7	a14	a23	13
13	0.316052612067547	a7	a16
13	0.316078032530192	a7	a15
12	0.31609479921832	a7	a17	a23	14
12	0.316153753057221	a7	a16	a23	15
13	0.316165651997182	a7	a14
13	0.316188909016198	a7	a17
13	0.31624353596784	a7	a16
13	0.316445277086279	a6	a10
13	0.316483678210701	a8	a53
12	0.316509098673346	a6	a10	a24	0
12	0.316561021320451	a7	a14	a25	0
13	0.316579410591301	a7	a14
12	0.316595095557614	a7	a14	a25	1
13	0.316614566550278	a7	a14
12	0.316631333238406	a7	a14	a25	2
13	0.316649722509255	a7	a14
12	0.316689746216399	a7	a14	a25	3
13	0.316711380652693	a7	a14
12	0.31672003442721	a7	a15	a25	4
12	0.316745454889855	a7	a14	a25	5
13	0.316774120517945	a7	a15
13	0.316774120517945	a7	a14
12	0.316853627071324	a7	a14	a25	6
12	0.316905549718429	a7	a17	a25	7
12	0.316952063756461	a7	a15	a25	8
13	0.316957472365534	a7	a14
13	0.316965044418237	a7	a17
13	0.31699695521177	a7	a15
12	0.317044550971617	a7	a14	a25	9
12	0.317051041302505	a7	a17	a25	10
13	0.317071053156077	a7	a17
12	0.317078625208779	a7	a16	a25	11
13	0.317088901566019	a7	a14
12	0.317125680107718	a7	a14	a25	12
12	0.317146232822197	a7	a15	a25	13
13	0.317161376927603	a7	a16
13	0.317167867258491	a7	a14
12	0.317174898450287	a7	a17	a25	14
13	0.317175980172101	a7	a15
13	0.317205186661098	a7	a17
12	0.317243046924612	a7	a14	a25	15
13	0.317321471756177	a7	a14
13	0.317476698836585	a6	a10
13	0.31751023221284	a8	a52
12	0.31765085604875	a8	a52	a38	0
12	0.317700615252225	a6	a10	a26	0
12	0.317767682004736	a7	a14	a27	0
13	0.317813114320953	a7	a14
12	0.317897488622499	a7	a14	a27	1
12	0.317907224118831	a7	a17	a27	2
12	0.317984026367674	a7	a16	a27	3
13	0.317992680142191	a7	a14
13	0.318022427492095	a7	a17
12	0.318052715702906	a7	a14	a27	4
13	0.318064614642868	a7	a16
12	0.318077595304644	a7	a15	a27	5
13	0.318098688880031	a7	a14
12	0.31811707815088	a7	a17	a27	6
13	0.318163051328005	a7	a17
13	0.318174950267966	a7	a15
12	0.318176031989781	a7	a16	a27	7
12	0.318202534174241	a7	a14	a27	8
12	0.318263651456771	a7	a15	a27	9
13	0.318275550396732	a7	a14
12	0.318276632118547	a7	a17	a27	10
13	0.318277713840362	a7	a16
13	0.318332881652911	a7	a15
13	0.318355597811019	a7	a17
12	0.318356138671927	a7	a16	a27	11
12	0.318393458074533	a7	a14	a27	12
12	0.318432940920769	a7	a15	a27	13
13	0.318436186086214	a7	a16
13	0.31846755601884	a7	a14
12	0.318474046349728	a7	a17	a27	14
12	0.318514070056871	a7	a14	a27	15
13	0.318535163632258	a7	a15
13	0.318544358267682	a7	a17
13	0.318608179854749	a7	a14
13	0.31875258971701	a6	a10
13	0.318832637131297	a8	a52
12	0.318872119977533	a8	a52	a41	0
12	0.318884018917495	a6	a10	a28	0
12	0.318921879181009	a7	a14	a29	0
13	0.318937564147322	a7	a14
12	0.318966229775411	a7	a14	a29	1
13	0.318981373880817	a7	a14
12	0.318998140568944	a7	a14	a29	2
13	0.31901328467435	a7	a14
12	0.319030051362478	a7	a14	a29	3
13	0.319047358911513	a7	a14
12	0.319063584738733	a7	a14	a29	4
13	0.319080351426861	a7	a14
12	0.319097118114988	a7	a14	a29	5
13	0.319113884803116	a7	a14
12	0.319130110630336	a7	a14	a29	6
13	0.319146877318464	a7	a14
12	0.319269652744431	a7	a14	a29	7
12	0.319287501154373	a7	a15	a29	8
13	0.319297236650706	a7	a14
12	0.319329688305146	a7	a16	a29	9
13	0.319337801218756	a7	a15
12	0.319354027045977	a7	a17	a29	10
13	0.319364303403216	a7	a16
12	0.31940216366673	a7	a14	a29	11
13	0.319415685189414	a7	a17
13	0.319423798103024	a7	a14
12	0.319484374524647	a7	a15	a29	12
12	0.319510335848199	a7	a14	a29	13
12	0.319520612205439	a7	a17	a29	14
13	0.319536297171752	a7	a17
13	0.319541705780825	a7	a15
12	0.319549277833528	a7	a16	a29	15
13	0.319549277833528	a7	a14
13	0.319580647766154	a7	a16
13	0.31982187173083	a6	a10
13	0.319865140603417	a8	a52
12	0.320142602248885	a8	a52	a46	0
12	0.320504438195898	a6	a10	a30	0
12	0.320585026471092	a7	a14	a31	0
12	0.320641276005456	a7	a15	a31	1
12	0.320712669645226	a7	a16	a31	2
13	0.320741876134222	a7	a14
12	0.320812728913084	a7	a14	a31	3
13	0.321985856221114	a7	a14
13	0.322007490657408	a7	a15
13	0.322035074563683	a7	a16
13	0.322483989116778	a6	a10
12	0.322508868718516	a6	a10	a32	0
12	0.322559168782899	a7	a14	a33	0
13	0.322646788249889	a7	a14
12	0.322662473216202	a7	a14	a33	1
13	0.322747929239562	a7	a14
12	0.32278308519854	a7	a14	a33	2
12	0.322838253011089	a7	a17	a33	3
13	0.322863673473734	a7	a14
13	0.323153574920071	a7	a17
13	0.323264992266983	a6	a10
12	0.323786382181663	a6	a10	a34	0
12	0.323838845689676	a7	a14	a35	0
12	0.32396432542018	a7	a16	a35	1
13	0.323983255551937	a7	a14
12	0.324061139522594	a7	a14	a35	2
12	0.324088723428869	a7	a15	a35	3
13	0.324244491370184	a7	a16
13	0.324306149513621	a7	a14
13	0.324313721566324	a7	a15
13	0.324464621759473	a6	a10
12	0.324497614274821	a6	a10	a36	0
12	0.324551700365556	a7	a14	a37	0
13	0.324649596189785	a7	a14
12	0.324692865062372	a7	a14	a37	1
12	0.324727480160442	a7	a17	a37	2
13	0.324801037243841	a7	a14
12	0.324814558766525	a7	a16	a37	3
13	0.325079039750216	a7	a16
13	0.325156923720874	a7	a17
13	0.325297006695876	a6	a10
12	0.325367859474738	a8	a53	a45	0
13	0.326286241295409	a8	a53
12	0.32630625314898	a8	a53	a50	0
12	0.326728124656709	a8	a54	a49	0
13	0.328539467835405	a8	a54
12	0.328576246377104	a8	a54	a48	0
13	0.329213921386863	a8	a54
12	0.329232310657713	a8	a54	a47	0
13	0.3296585090527	a8	a54
13	0.330127435459368	a8	a53
13	0.33017178605377	a8	a52
13	0.33028374426159	a8	a51
12	0.330488189684567	a8	a51	a42	0
12	0.330506578955416	a8	a52	a44	0
13	0.3339150843935	a8	a52
12	0.333978365119659	a6	a10	a20	0
12	0.334031369488579	a7	a14	a21	0
13	0.334095731936553	a7	a14
12	0.334182810542635	a7	a14	a21	1
12	0.334223375110686	a7	a15	a21	2
12	0.334232569746111	a7	a16	a21	3
13	0.334282869810494	a7	a14
13	0.334427279672755	a7	a15
13	0.334588456223144	a7	a16
13	0.334768562905289	a6	a10
12	0.334815076943321	a8	a52	a40	0
12	0.334833466214171	a8	a53	a39	0
12	0.334913513628458	a6	a10	a22	0
12	0.334971926606451	a7	a14	a23	0
13	0.335044942828942	a7	a14
12	0.335061168656163	a7	a14	a23	1
13	0.335134184878654	a7	a14
12	0.335176372029427	a7	a17	a23	2
12	0.335220181762922	a7	a14	a23	3
12	0.335286707654525	a7	a15	a23	4
12	0.335296443150857	a7	a16	a23	5
13	0.335296443150857	a7	a14
12	0.335359723877017	a7	a14	a23	6
13	0.335388389505106	a7	a17
13	0.335405156193234	a7	a16
13	0.335413269106844	a7	a15
12	0.335459242283968	a7	a17	a23	7
13	0.335464110032134	a7	a14
12	0.335492775660223	a7	a16	a23	8
12	0.335514410096517	a7	a15	a23	9
12	0.335557138108197	a7	a14	a23	10
13	0.335558219830012	a7	a17
13	0.335618255390727	a7	a16
12	0.335648543601538	a7	a17	a23	11
13	0.335664228567851	a7	a14
13	0.335691271613219	a7	a15
12	0.335710201744976	a7	a16	a23	12
13	0.335740489955787	a7	a17
12	0.335761583531173	a7	a14	a23	13
13	0.335802148099224	a7	a16
12	0.335823782535518	a7	a15	a23	14
12	0.335831895449128	a7	a17	a23	15
13	0.335865428825384	a7	a14
13	0.335925464386099	a7	a15
13	0.335942231074226	a7	a17
13	0.336113143120947	a6	a10
12	0.336218610997879	a6	a10	a22	0
12	0.336266206757726	a7	a14	a23	0
13	0.336333273510236	a7	a14
12	0.336350040198364	a7	a14	a23	1
12	0.336420352116319	a7	a16	a23	2
13	0.33646091668437	a7	a14
12	0.336502022113328	a7	a14	a23	3
13	0.336551781316803	a7	a16
12	0.336608571712075	a7	a16	a23	4
13	0.336619388930221	a7	a14
13	0.336675097603678	a7	a16
12	0.336682669656381	a7	a14	a23	5
13	0.336757308461594	a7	a14
12	0.336778942897888	a7	a16	a23	6
12	0.33682545693592	a7	a15	a23	7
12	0.336844927928584	a7	a14	a23	8
13	0.336846550511306	a7	a16
12	0.336861153755804	a7	a17	a23	9
13	0.336922811899242	a7	a14
12	0.33693741514374	a7	a16	a23	10
12	0.33699041951266	a7	a14	a23	11
13	0.337004481896251	a7	a15
13	0.337024493749822	a7	a17
13	0.337080202423279	a7	a14
12	0.337098050833221	a7	a15	a23	12
12	0.337111031494997	a7	a17	a23	13
13	0.337119685269515	a7	a16
12	0.337159708976658	a7	a14	a23	14
12	0.337215958511022	a7	a16	a23	15
13	0.33721649937193	a7	a15
13	0.337264095131776	a7	a14
13	0.337266799436313	a7	a17
13	0.337313313474344	a7	a16
13	0.337461509362957	a6	a10
13	0.337506941679173	a8	a53
12	0.33751992234095	a6	a10	a24	0
12	0.337573467570777	a7	a14	a25	0
13	0.337590775119812	a7	a14
12	0.337609164390662	a7	a14	a25	1
13	0.337629176244233	a7	a14
12	0.337649188097805	a7	a14	a25	2
13	0.337670281673191	a7	a14
12	0.337687589222226	a7	a14	a25	3
13	0.337707601075798	a7	a14
12	0.337782239881012	a7	a14	a25	4
12	0.337803874317305	a7	a15	a25	5
13	0.337826590475414	a7	a14
12	0.337901229280627	a7	a14	a25	6
12	0.337913669081496	a7	a17	a25	7
13	0.337926649743273	a7	a15
13	0.337936385239605	a7	a14
13	0.337955856232269	a7	a17
12	0.338025627289317	a7	a14	a25	8
12	0.338034281063834	a7	a17	a25	9
13	0.338068355300997	a7	a14
13	0.338071059605534	a7	a17
12	0.338092694041827	a7	a15	a25	10
12	0.338127309139897	a7	a16	a25	11
12	0.338137585497137	a7	a17	a25	12
13	0.338146239271654	a7	a15
13	0.338158679072523	a7	a17
12	0.338191671587871	a7	a14	a25	13
12	0.338207356554184	a7	a15	a25	14
13	0.338211683441443	a7	a16
13	0.338226286685941	a7	a14
13	0.338226827546849	a7	a15
12	0.338246298539513	a7	a17	a25	15
13	0.338267932975807	a7	a17
13	0.338492931113262	a6	a10
13	0.338527005350425	a8	a52
12	0.338670333490871	a8	a52	a38	0
12	0.338716847528903	a6	a10	a26	0
12	0.338783914281413	a7	a14	a27	0
13	0.338830428319445	a7	a14
12	0.338873156331125	a7	a14	a27	1
12	0.338929946726396	a7	a17	a27	2
13	0.338956448910856	a7	a14
12	0.339000258644351	a7	a14	a27	3
13	0.339043527516939	a7	a17
13	0.339064621092325	a7	a14
12	0.339072193145028	a7	a16	a27	4
12	0.339128442679392	a7	a14	a27	5
12	0.339147372811149	a7	a15	a27	6
13	0.339172252412887	a7	a16
12	0.339179824465589	a7	a17	a27	7
13	0.339211194398215	a7	a14
13	0.339237696582675	a7	a15
13	0.339238237443583	a7	a17
12	0.339293405256132	a7	a16	a27	8
12	0.339315039692425	a7	a15	a27	9
12	0.339360472008642	a7	a14	a27	10
13	0.339368044061345	a7	a16
12	0.339375616114048	a7	a17	a27	11
13	0.339408608629396	a7	a15
13	0.339419425847543	a7	a14
13	0.339441601144744	a7	a17
12	0.339442682866559	a7	a16	a27	12
12	0.339500554983645	a7	a17	a27	13
12	0.339529761472641	a7	a15	a27	14
12	0.339545446438954	a7	a14	a27	15
13	0.33955031418712	a7	a16
13	0.339570326040692	a7	a17
13	0.339593583059708	a7	a14
13	0.339609268026021	a7	a15
13	0.339844542520715	a6	a10
13	0.339918640465022	a8	a52
12	0.339960286754887	a8	a52	a41	0
12	0.339981921191181	a6	a10	a28	0
12	0.340036007281915	a7	a14	a29	0
13	0.340051151387321	a7	a14
12	0.340067377214541	a7	a14	a29	1
13	0.340083603041762	a7	a14
12	0.340100369729889	a7	a14	a29	2
13	0.340116054696202	a7	a14
12	0.340184744031435	a7	a14	a29	3
13	0.340200428997748	a7	a14
12	0.340240452704892	a7	a17	a29	4
12	0.340260464558463	a7	a14	a29	5
13	0.340277231246591	a7	a14
13	0.340302110848329	a7	a17
12	0.340397843228929	a7	a15	a29	6
12	0.340410823890705	a7	a14	a29	7
13	0.340429213161555	a7	a14
12	0.340430835744277	a7	a16	a29	8
13	0.34043624435335	a7	a15
12	0.340450847597848	a7	a17	a29	9
13	0.340465991703254	a7	a17
13	0.340487085278641	a7	a16
12	0.340537926203931	a7	a14	a29	10
12	0.340568214414742	a7	a15	a29	11
12	0.340584440241962	a7	a16	a29	12
13	0.340586062824685	a7	a14
12	0.340592553155573	a7	a17	a29	13
13	0.340607156400071	a7	a15
13	0.340609860704608	a7	a17
13	0.340610942426422	a7	a16
12	0.340676927457118	a7	a17	a29	14
12	0.340699643615227	a7	a15	a29	15
13	0.340702347919764	a7	a17
13	0.340727768382409	a7	a15
13	0.34097602353888	a6	a10
13	0.341018210689653	a8	a52
12	0.341300540083286	a8	a52	a46	0
12	0.341674815831169	a6	a10	a30	0
12	0.341735933113698	a7	a14	a31	0
13	0.34185167734787	a7	a14
12	0.341909008604049	a7	a16	a31	1
12	0.341927938735806	a7	a15	a31	2
12	0.341972289330208	a7	a14	a31	3
13	0.343270896368742	a7	a14
13	0.343376364245674	a7	a15
13	0.343409897621929	a7	a16
13	0.343936696145682	a6	a10
12	0.343968606939216	a6	a10	a32	0
12	0.344015120977247	a7	a14	a33	0
13	0.344100577000608	a7	a14
12	0.344121670575994	a7	a14	a33	1
12	0.344180083553987	a7	a17	a33	2
13	0.344199554546652	a7	a14
12	0.344213616930243	a7	a15	a33	3
13	0.344608445392604	a7	a17
13	0.3446154765844	a7	a15
13	0.344783684326584	a6	a10
12	0.345311564572152	a6	a10	a34	0
12	0.345372681854682	a7	a14	a35	0
13	0.345530072378719	a7	a14
12	0.345564146615881	a7	a14	a35	1
13	0.345712883365401	a7	a14
12	0.34576805117795	a7	a14	a35	2
12	0.345789144753337	a7	a15	a35	3
13	0.345970874018204	a7	a14
13	0.346091486000542	a7	a15
13	0.346207230234714	a6	a10
12	0.346239681889154	a6	a10	a36	0
12	0.346292145397167	a7	a14	a37	0
13	0.346387877777767	a7	a14
12	0.346421952014929	a7	a14	a37	1
12	0.34649118221107	a7	a16	a37	2
13	0.346507948899197	a7	a14
12	0.346521470421881	a7	a17	a37	3
13	0.346765398691093	a7	a17
13	0.346793523458275	a7	a16
13	0.346998509742159	a6	a10
12	0.347066658216484	a8	a53	a45	0
13	0.348098620827697	a8	a53
12	0.348132695064859	a8	a53	a50	0
12	0.348532932136294	a8	a54	a49	0
13	0.350253951543464	a8	a54
12	0.350286944058812	a8	a54	a48	0
13	0.350930027677644	a8	a54
12	0.350961938471178	a8	a54	a47	0
13	0.351391382031609	a8	a54
13	0.351855981551018	a8	a53
13	0.351894923536346	a8	a52
13	0.352062590417623	a8	a51
12	0.352261086370619	a8	a51	a42	0
12	0.352280016502376	a8	a52	a44	0
13	0.355757752136599	a8	a52
12	0.355834554385442	a6	a10	a20	0
12	0.355895671667972	a7	a14	a21	0
13	0.355947594315077	a7	a14
12	0.356003843849441	a7	a14	a21	1
12	0.356044949278399	a7	a16	a21	2
13	0.356056307357453	a7	a14
12	0.356081727820099	a7	a14	a21	3
13	0.356237495761414	a7	a14
13	0.356274815164021	a7	a16
13	0.356497108996939	a6	a10
12	0.356548490783137	a8	a52	a40	0
12	0.356566339193079	a8	a53	a39	0
12	0.356635028528312	a6	a10	a22	0
12	0.356698309254471	a7	a14	a23	0
13	0.356780520112387	a7	a14
12	0.3567962050787	a7	a14	a23	1
12	0.356866516996655	a7	a16	a23	2
13	0.356868680440285	a7	a14
12	0.356905999842891	a7	a14	a23	3
13	0.356982802091734	a7	a14
12	0.356994701031696	a7	a17	a23	4
12	0.357017958050712	a7	a14	a23	5
13	0.357068258115095	a7	a16
12	0.357082861359593	a7	a15	a23	6
13	0.35709151513411	a7	a14
12	0.357139651754864	a7	a16	a23	7
13	0.357149928112104	a7	a17
12	0.357180757183822	a7	a14	a23	8
12	0.357227271221854	a7	a17	a23	9
13	0.35723213897002	a7	a15
12	0.357291633669828	a7	a15	a23	10
13	0.357308400357956	a7	a14
13	0.357319217576102	a7	a16
13	0.357320840158824	a7	a17
12	0.357376007971374	a7	a14	a23	11
12	0.357397642407667	a7	a17	a23	12
12	0.357421981148498	a7	a16	a23	13
13	0.357442533862977	a7	a15
13	0.357504192006414	a7	a16
12	0.357506896310951	a7	a15	a23	14
13	0.35751933611182	a7	a17
13	0.357521499555449	a7	a14
12	0.357559359818963	a7	a16	a23	15
13	0.357573422202554	a7	a15
13	0.357657255643193	a7	a16
13	0.357804910670898	a6	a10
12	0.357895234442424	a6	a10	a22	0
12	0.357950402254973	a7	a14	a23	0
13	0.358009356093874	a7	a14
12	0.358028827086538	a7	a14	a23	1
13	0.358100761587215	a7	a14
12	0.358121855162601	a7	a14	a23	2
13	0.358190003636927	a7	a14
12	0.358233272509514	a7	a17	a23	3
12	0.358287899461156	a7	a14	a23	4
12	0.358305747871098	a7	a15	a23	5
13	0.358382009259034	a7	a17
12	0.358390122172644	a7	a16	a23	6
13	0.358431227601602	a7	a14
13	0.358460434090599	a7	a15
12	0.358478823361449	a7	a17	a23	7
13	0.358501539519557	a7	a16
12	0.358515061042241	a7	a14	a23	8
12	0.358531286869461	a7	a15	a23	9
13	0.358575637463863	a7	a17
12	0.358590781569269	a7	a16	a23	10
12	0.358649735408169	a7	a17	a23	11
13	0.358660552626316	a7	a14
13	0.358674074149	a7	a16
13	0.358688136532591	a7	a15
12	0.358729241961549	a7	a14	a23	12
13	0.358740059179696	a7	a17
12	0.358744926927862	a7	a16	a23	13
12	0.35879414527043	a7	a15	a23	14
13	0.358829301229408	a7	a14
13	0.358843363612999	a7	a16
12	0.358866620632014	a7	a17	a23	15
13	0.358902858312806	a7	a15
13	0.358960730429892	a7	a17
13	0.359164634991961	a6	a10
13	0.359214394195437	a8	a53
12	0.359232783466287	a6	a10	a24	0
12	0.359287410417928	a7	a14	a25	0
13	0.359305258827871	a7	a14
12	0.359322025515998	a7	a14	a25	1
13	0.359349609422273	a7	a14
12	0.359365835249493	a7	a14	a25	2
13	0.35938476538125	a7	a14
12	0.359400450347563	a7	a14	a25	3
13	0.35942154392295	a7	a14
12	0.35943776975017	a7	a14	a25	4
13	0.359457240742834	a7	a14
12	0.359474007430962	a7	a14	a25	5
13	0.359501591337237	a7	a14
12	0.359516735442642	a7	a14	a25	6
13	0.359534583852585	a7	a14
12	0.359574066698821	a7	a14	a25	7
13	0.3595946194133	a7	a14
12	0.359637888285887	a7	a14	a25	8
13	0.359682779741197	a7	a14
12	0.359683861463012	a7	a16	a25	9
12	0.359727671196507	a7	a15	a25	10
13	0.359739570136468	a7	a16
12	0.359763368016391	a7	a14	a25	11
13	0.359795278809925	a7	a15
13	0.359807177749886	a7	a14
12	0.359865590727879	a7	a16	a25	12
13	0.359886143442358	a7	a16
12	0.359891011190525	a7	a17	a25	13
12	0.35991426820954	a7	a14	a25	14
12	0.359934820924019	a7	a15	a25	15
13	0.359949965029425	a7	a14
13	0.359958077943035	a7	a15
13	0.359974844631163	a7	a17
13	0.360190107272286	a6	a10
13	0.360219313761283	a8	a52
12	0.360373999980783	a8	a52	a38	0
12	0.360419973157907	a6	a10	a26	0
12	0.360486499049511	a7	a14	a27	0
13	0.360534635670264	a7	a14
12	0.360599538979146	a7	a16	a27	1
12	0.360701220829726	a7	a14	a27	2
12	0.360719610100576	a7	a15	a27	3
12	0.360724477848742	a7	a17	a27	4
13	0.360752602615924	a7	a16
13	0.360786135992179	a7	a14
13	0.360802902680307	a7	a15
13	0.360806147845751	a7	a17
12	0.360832109169304	a7	a16	a27	5
12	0.360876459763706	a7	a14	a27	6
13	0.360898635060907	a7	a16
12	0.360929464132626	a7	a17	a27	7
13	0.360931627576255	a7	a14
12	0.360973814727028	a7	a15	a27	8
12	0.360992744858785	a7	a16	a27	9
13	0.361003562076932	a7	a17
13	0.361032768565928	a7	a15
12	0.361049535254056	a7	a14	a27	10
12	0.361064679359462	a7	a17	a27	11
13	0.361072792273072	a7	a16
13	0.361118765450196	a7	a14
13	0.361131205251065	a7	a17
12	0.361139859025582	a7	a15	a27	12
12	0.361198272003576	a7	a17	a27	13
13	0.361200435447205	a7	a15
12	0.361225315048943	a7	a16	a27	14
13	0.361243163458885	a7	a17
12	0.361245867763422	a7	a14	a27	15
13	0.361301576436878	a7	a14
13	0.361309148489581	a7	a16
13	0.361508726164391	a6	a10
13	0.36158444669142	a8	a52
12	0.361607703710435	a8	a52	a41	0
12	0.361619602650397	a6	a10	a28	0
12	0.361680179072019	a7	a14	a29	0
13	0.361695323177425	a7	a14
12	0.361711008143738	a7	a14	a29	1
13	0.361726693110051	a7	a14
12	0.361743459798179	a7	a14	a29	2
13	0.361760767347214	a7	a14
12	0.361776452313527	a7	a14	a29	3
13	0.361793219001654	a7	a14
12	0.361838651317871	a7	a14	a29	4
13	0.361855418005999	a7	a14
12	0.361897605156772	a7	a15	a29	5
12	0.361932220254842	a7	a14	a29	6
13	0.361955477273858	a7	a14
13	0.361963049326561	a7	a15
12	0.362005777338241	a7	a17	a29	7
12	0.362039851575403	a7	a15	a29	8
13	0.36204255587994	a7	a17
13	0.362059863428975	a7	a15
12	0.362083120447991	a7	a16	a29	9
12	0.362105295745192	a7	a14	a29	10
13	0.362121521572412	a7	a16
13	0.362130716207837	a7	a14
12	0.362141533425984	a7	a17	a29	11
13	0.362170739914981	a7	a17
12	0.362204273291236	a7	a16	a29	12
13	0.362228071171159	a7	a16
12	0.362241592693843	a7	a15	a29	13
12	0.36225240991199	a7	a17	a29	14
13	0.362276207791913	a7	a15
12	0.362294056201855	a7	a14	a29	15
13	0.362302709976373	a7	a17
13	0.362338406796257	a7	a14
13	0.362523381226569	a6	a10
13	0.362561782350991	a8	a52
12	0.362833294526478	a8	a52	a46	0
12	0.36320757027436	a6	a10	a30	0
12	0.363269769278704	a7	a14	a31	0
13	0.363383350069247	a7	a14
12	0.36340498450554	a7	a14	a31	1
12	0.36351099324338	a7	a17	a31	2
12	0.363557507281412	a7	a15	a31	3
13	0.363571028804095	a7	a14
13	0.36392637442022	a7	a17
13	0.364286046923604	a7	a15
13	0.364404495462313	a6	a10
12	0.364428293342236	a6	a10	a32	0
12	0.364485624598414	a7	a14	a33	0
13	0.364572703204497	a7	a14
12	0.364624625851602	a7	a14	a33	1
12	0.364667353863282	a7	a16	a33	2
13	0.36471657220585	a7	a14
12	0.36475118730392	a7	a14	a33	3
13	0.364843674519076	a7	a14
13	0.364997819877669	a7	a16
13	0.365117350138192	a6	a10
12	0.365653884158278	a6	a10	a34	0
12	0.365706888527198	a7	a14	a35	0
12	0.36582858223135	a7	a17	a35	1
13	0.365865901633957	a7	a14
12	0.365937836134634	a7	a15	a35	2
12	0.365964338319094	a7	a14	a35	3
13	0.36615850738483	a7	a17
13	0.366178519238402	a7	a15
13	0.366237473077303	a7	a14
13	0.366404058236765	a6	a10
12	0.366435969030298	a6	a10	a36	0
12	0.366524670219102	a7	a14	a37	0
12	0.366575511144393	a7	a16	a37	1
13	0.366631219817849	a7	a14
12	0.366650690810514	a7	a14	a37	2
12	0.366837828684455	a7	a15	a37	3
13	0.366849727624416	a7	a14
13	0.366946541726831	a7	a16
13	0.367154232315251	a7	a15
13	0.36727863032394	a6	a10
12	0.367344615354636	a8	a53	a45	0
13	0.368760048349156	a8	a53
12	0.368794663447226	a8	a53	a50	0
12	0.36918083813507	a8	a54	a49	0
13	0.37096297482477	a8	a54
12	0.370994344757396	a8	a54	a48	0
13	0.371641214402579	a8	a54
12	0.371658521951614	a8	a54	a47	0
13	0.372119335444672	a8	a54
13	0.372588261851339	a8	a53
13	0.372621254366687	a8	a52
13	0.3727326717136	a8	a51
12	0.372933331110225	a8	a51	a42	0
12	0.372951720381075	a8	a52	a44	0
13	0.376413771048985	a8	a52
12	0.376486787271477	a6	a10	a20	0
12	0.376550067997636	a7	a14	a21	0
13	0.376628492829201	a7	a14
12	0.376672302562696	a7	a14	a21	1
12	0.376737746732485	a7	a17	a21	2
13	0.376822661894938	a7	a14
12	0.376864308184803	a7	a16	a21	3
13	0.376908117918298	a7	a17
13	0.377028729900636	a7	a16
13	0.377185038702858	a6	a10
12	0.377273199030756	a8	a52	a40	0
12	0.377294833467049	a8	a53	a39	0
12	0.377348919557784	a6	a10	a22	0
12	0.377417068032109	a7	a14	a23	0
13	0.377490625115508	a7	a14
12	0.377506310081821	a7	a14	a23	1
13	0.377593388687903	a7	a14
12	0.377610155376031	a7	a14	a23	2
13	0.377687498485781	a7	a14
12	0.377703724313002	a7	a14	a23	3
13	0.377785935170918	a7	a14
12	0.377827581460783	a7	a16	a23	4
12	0.377880585829703	a7	a14	a23	5
12	0.377897352517831	a7	a17	a23	6
12	0.37791790523231	a7	a15	a23	7
13	0.377971450462137	a7	a14
13	0.378000656951134	a7	a16
13	0.378010933308373	a7	a17
12	0.378060692511849	a7	a14	a23	8
13	0.378069887147274	a7	a15
12	0.378078540921791	a7	a16	a23	9
12	0.378094766749012	a7	a17	a23	10
12	0.378165619527874	a7	a15	a23	11
13	0.378172650719669	a7	a17
13	0.378173191580576	a7	a16
13	0.378202398069573	a7	a14
12	0.378259729325752	a7	a16	a23	12
12	0.378266760517547	a7	a17	a23	13
13	0.378291099258378	a7	a15
12	0.37830678422469	a7	a14	a23	14
13	0.378351134819093	a7	a16
13	0.378376014420831	a7	a17
12	0.378414956406159	a7	a16	a23	15
13	0.378444162895156	a7	a14
13	0.378531241501238	a7	a16
13	0.378677814807129	a6	a10
12	0.378775169770451	a6	a10	a22	0
12	0.378843859105683	a7	a14	a23	0
13	0.378921202215434	a7	a14
12	0.378936887181747	a7	a14	a23	1
12	0.379013148569682	a7	a15	a23	2
13	0.37901963890057	a7	a14
12	0.379060203468621	a7	a14	a23	3
12	0.379140791743815	a7	a17	a23	4
13	0.379154854127406	a7	a14
13	0.379180815450959	a7	a15
13	0.379237064985323	a7	a17
12	0.37923760584623	a7	a16	a23	5
12	0.379272761805207	a7	a14	a23	6
12	0.379301968294204	a7	a15	a23	7
12	0.379321439286868	a7	a17	a23	8
13	0.379340910279533	a7	a16
13	0.379373361933973	a7	a15
13	0.379400945840248	a7	a14
12	0.379406354449321	a7	a16	a23	9
13	0.379409058753858	a7	a17
12	0.379432856633781	a7	a15	a23	10
12	0.379483156698164	a7	a17	a23	11
13	0.379505872856273	a7	a16
12	0.379523721266215	a7	a14	a23	12
13	0.379539947093435	a7	a15
13	0.379610799872298	a7	a17
12	0.379629730004055	a7	a16	a23	13
13	0.379630811725869	a7	a14
12	0.379648119274904	a7	a15	a23	14
12	0.379702205365639	a7	a17	a23	15
13	0.379740065629153	a7	a15
13	0.37976710867452	a7	a16
13	0.379802264633497	a7	a17
13	0.379972635819311	a6	a10
13	0.380015363830991	a8	a53
12	0.380033753101841	a6	a10	a24	0
12	0.380100819854352	a7	a14	a25	0
13	0.380118127403387	a7	a14
12	0.380135975813329	a7	a14	a25	1
13	0.380154905945086	a7	a14
12	0.380171131772306	a7	a14	a25	2
13	0.380197093095859	a7	a14
12	0.380213859783986	a7	a14	a25	3
13	0.38023549422028	a7	a14
12	0.380255506073852	a7	a14	a25	4
13	0.380274977066516	a7	a14
12	0.380291202893737	a7	a14	a25	5
13	0.380312296469123	a7	a14
12	0.380374495473468	a7	a14	a25	6
13	0.380393425605225	a7	a14
12	0.380435612755998	a7	a15	a25	7
12	0.380461033218643	a7	a14	a25	8
13	0.380482667654937	a7	a14
13	0.380491321429454	a7	a15
12	0.380524854805709	a7	a17	a25	9
12	0.380572450565556	a7	a14	a25	10
13	0.38058380864461	a7	a17
13	0.380654661423472	a7	a14
12	0.380664937780712	a7	a16	a25	11
12	0.380676836720673	a7	a17	a25	12
12	0.380704961487855	a7	a15	a25	13
13	0.380710910957836	a7	a17
13	0.380718483010539	a7	a16
12	0.380724973341427	a7	a14	a25	14
13	0.380746066916813	a7	a14
13	0.380746066916813	a7	a15
12	0.380787713206679	a7	a17	a25	15
13	0.380809347642973	a7	a17
13	0.38104408127676	a6	a10
13	0.381075992070293	a8	a52
12	0.381223647097998	a8	a52	a38	0
12	0.381269620275123	a6	a10	a26	0
12	0.381323706365857	a7	a14	a27	0
13	0.381370761264796	a7	a14
12	0.381399426892885	a7	a14	a27	1
13	0.38145134953999	a7	a14
12	0.381521661457945	a7	a14	a27	2
13	0.381602249733139	a7	a14
12	0.381611444368564	a7	a16	a27	3
12	0.381643355162097	a7	a15	a27	4
12	0.381655794962966	a7	a17	a27	5
12	0.381674184233816	a7	a14	a27	6
13	0.381724484298199	a7	a16
13	0.381737464959975	a7	a14
13	0.381748282178122	a7	a17
13	0.381772080058045	a7	a15
12	0.381792091911617	a7	a14	a27	7
13	0.381841310254185	a7	a14
12	0.381862403829572	a7	a17	a27	8
12	0.381894855484013	a7	a16	a27	9
12	0.38191378561577	a7	a15	a27	10
13	0.381933797469341	a7	a17
12	0.381955431905635	a7	a14	a27	11
13	0.381961922236523	a7	a16
13	0.381987342699168	a7	a15
12	0.382020335214516	a7	a17	a27	12
13	0.382057654617123	a7	a14
12	0.382063063226197	a7	a16	a27	13
13	0.382087942827934	a7	a17
12	0.382109577264228	a7	a14	a27	14
12	0.38214581494502	a7	a15	a27	15
13	0.382147437527742	a7	a16
13	0.382170153685851	a7	a14
13	0.382258314013748	a7	a15
13	0.382405969041453	a6	a10
13	0.38248601645574	a8	a52
12	0.382523876719254	a8	a52	a41	0
12	0.382535234798308	a6	a10	a28	0
12	0.382610414464429	a7	a14	a29	0
13	0.382626099430742	a7	a14
12	0.382643406979777	a7	a14	a29	1
13	0.382660173667905	a7	a14
12	0.382676399495125	a7	a14	a29	2
13	0.382693166183253	a7	a14
12	0.382741843664914	a7	a16	a29	3
12	0.382768345849374	a7	a14	a29	4
13	0.382791062007482	a7	a14
13	0.382797011477463	a7	a16
12	0.382849474985475	a7	a17	a29	5
12	0.382879222335379	a7	a16	a29	6
13	0.382890039553526	a7	a17
13	0.382894907301692	a7	a16
12	0.382907347102561	a7	a14	a29	7
13	0.382925195512503	a7	a14
12	0.382966300941462	a7	a15	a29	8
12	0.382983608490497	a7	a16	a29	9
13	0.38301551928403	a7	a16
12	0.383026877363084	a7	a14	a29	10
13	0.383038776303046	a7	a15
12	0.383043103190304	a7	a17	a29	11
13	0.383044725773027	a7	a14
13	0.383063115043876	a7	a17
12	0.383110169942815	a7	a16	a29	12
12	0.383141539875441	a7	a17	a29	13
13	0.383157224841754	a7	a17
13	0.383159388285384	a7	a16
12	0.383171828086252	a7	a14	a29	14
12	0.383190217357102	a7	a15	a29	15
13	0.383208606627952	a7	a15
13	0.383228618481524	a7	a14
13	0.383440635957203	a6	a10
13	0.383479037081624	a8	a52
12	0.383752171839833	a8	a52	a46	0
12	0.384119957256827	a6	a10	a30	0
12	0.384242732682794	a7	a14	a31	0
13	0.384359017777873	a7	a14
12	0.384404990954997	a7	a15	a31	1
12	0.384446637244863	a7	a14	a31	2
12	0.384460158767547	a7	a16	a31	3
13	0.384956669080489	a7	a14
13	0.385672228060905	a7	a16
13	0.386027032816123	a7	a15
13	0.386441332271149	a6	a10
12	0.386465130151072	a6	a10	a32	0
12	0.38651651193727	a7	a14	a33	0
13	0.386603590543352	a7	a14
12	0.386619275509665	a7	a14	a33	1
13	0.386707976698469	a7	a14
12	0.38672420252569	a7	a14	a33	2
13	0.386806413383606	a7	a14
12	0.386839946759861	a7	a14	a33	3
13	0.386927025365944	a7	a14
13	0.386998419005713	a6	a10
12	0.387543606800316	a6	a10	a34	0
12	0.387631767128214	a7	a14	a35	0
13	0.387782667321363	a7	a14
12	0.387880022284685	a7	a14	a35	1
12	0.387968723473489	a7	a16	a35	2
12	0.387982244996173	a7	a17	a35	3
13	0.388168842009206	a7	a14
13	0.388278636773397	a7	a17
13	0.388301893792413	a7	a16
13	0.388453875707377	a6	a10
12	0.38848578650091	a6	a10	a36	0
12	0.388569079080641	a7	a14	a37	0
13	0.388670220070315	a7	a14
12	0.388712948081995	a7	a14	a37	1
13	0.388807057879873	a7	a14
12	0.388898463373214	a7	a14	a37	2
12	0.388946599993968	a7	a16	a37	3
13	0.389027729130069	a7	a14
13	0.389292210113761	a7	a16
13	0.389419312426986	a6	a10
12	0.389489083484034	a8	a53	a45	0
13	0.390275495243312	a8	a53
12	0.390309028619568	a8	a53	a50	0
12	0.390711429134632	a8	a54	a49	0
13	0.392427039932728	a8	a54
12	0.392458950726261	a8	a54	a48	0
13	0.393085808517873	a8	a54
12	0.393118801033221	a8	a54	a47	0
13	0.393555275785448	a8	a54
13	0.394026906496653	a8	a53
13	0.394071257091055	a8	a52
13	0.394183756159782	a8	a51
12	0.394213503509686	a8	a51	a46	0
12	0.394916081828326	a6	a10	a30	0
12	0.394968545336339	a7	a14	a31	0
13	0.395101056258638	a7	a14
12	0.395141620826689	a7	a14	a31	1
12	0.395150274601207	a7	a17	a31	2
13	0.395266018835378	a7	a14
12	0.395283326384413	a7	a14	a31	3
13	0.395814992656333	a7	a17
13	0.396153030723423	a7	a14
13	0.3962249652241	a6	a10
12	0.396247681382208	a6	a10	a32	0
12	0.396295277142054	a7	a14	a33	0
13	0.396381274026322	a7	a14
12	0.396445095613389	a7	a14	a33	1
12	0.396458076275165	a7	a15	a33	2
12	0.396514866670436	a7	a16	a33	3
13	0.396525683888583	a7	a14
13	0.396864803677488	a7	a15
13	0.396891305861948	a7	a16
13	0.397045992081448	a6	a10
12	0.397975191120266	a6	a10	a34	0
12	0.398060647143626	a7	a14	a35	0
13	0.398192617205018	a7	a14
12	0.398209924754053	a7	a14	a35	1
13	0.398344058259075	a7	a14
12	0.398360824947202	a7	a14	a35	2
12	0.398461965936876	a7	a15	a35	3
13	0.398511184279444	a7	a14
13	0.398739427582343	a7	a15
13	0.398849222346534	a6	a10
12	0.398871397643735	a6	a10	a36	0
12	0.398921697708118	a7	a14	a37	0
13	0.399018511810533	a7	a14
12	0.399034196776846	a7	a14	a37	1
13	0.399127765713817	a7	a14
12	0.399205649684474	a7	a16	a37	2
12	0.399229988425305	a7	a14	a37	3
13	0.399440383318262	a7	a14
13	0.399472834972702	a7	a16
13	0.39961778569587	a6	a10
12	0.399675657812956	a8	a52	a45	0
13	0.400470723346752	a8	a52
12	0.400504256723008	a8	a52	a50	0
12	0.400909902403516	a8	a53	a49	0
13	0.402681762735976	a8	a53
12	0.402714214390417	a8	a53	a48	0
13	0.403359461452878	a8	a53
12	0.403377850723728	a8	a53	a47	0
13	0.403793772761476	a8	a53
13	0.404261076585421	a8	a52
13	0.404309213206175	a8	a51
