%EventDef PajeDefineContainerType 0 
%       Alias string 
%       Type string 
%       Name string 
%EndEventDef 
%EventDef PajeDefineVariableType 1 
%       Alias string 
%       Type string 
%       Name string 
%       Color color 
%EndEventDef 
%EventDef PajeDefineStateType 2 
%       Alias string 
%       Type string 
%       Name string 
%EndEventDef 
%EventDef PajeDefineEventType 3 
%       Alias string 
%       Type string 
%       Name string 
%       Color color 
%EndEventDef 
%EventDef PajeDefineLinkType 4 
%       Alias string 
%       Type string 
%       StartContainerType string 
%       EndContainerType string 
%       Name string 
%EndEventDef 
%EventDef PajeDefineEntityValue 5 
%       Alias string 
%       Type string 
%       Name string 
%       Color color 
%EndEventDef 
%EventDef PajeCreateContainer 6 
%       Time date 
%       Alias string 
%       Type string 
%       Container string 
%       Name string 
%EndEventDef 
%EventDef PajeDestroyContainer 7 
%       Time date 
%       Type string 
%       Name string 
%EndEventDef 
%EventDef PajeSetVariable 8 
%       Time date 
%       Type string 
%       Container string 
%       Value double 
%EndEventDef
%EventDef PajeAddVariable 9 
%       Time date 
%       Type string 
%       Container string 
%       Value double 
%EndEventDef
%EventDef PajeSubVariable 10 
%       Time date 
%       Type string 
%       Container string 
%       Value double 
%EndEventDef
%EventDef PajeSetState 11 
%       Time date 
%       Type string 
%       Container string 
%       Value string 
%EndEventDef
%EventDef PajePushState 12 
%       Time date 
%       Type string 
%       Container string 
%       Value string 
%       Id string 
%EndEventDef
%EventDef PajePopState 13 
%       Time date 
%       Type string 
%       Container string 
%EndEventDef
%EventDef PajeResetState 14 
%       Time date 
%       Type string 
%       Container string 
%EndEventDef
%EventDef PajeStartLink 15 
%       Time date 
%       Type string 
%       Container string 
%       Value string 
%       StartContainer string 
%       Key string 
%EndEventDef
%EventDef PajeEndLink 16 
%       Time date 
%       Type string 
%       Container string 
%       Value string 
%       EndContainer string 
%       Key string 
%EndEventDef
%EventDef PajeNewEvent 17 
%       Time date 
%       Type string 
%       Container string 
%       Value string 
%EndEventDef
0	a1	0	"Task Manager"
0	a2	a1	"Node"
0	a3	a1	"Thread"
0	a4	a1	"Jobs"
0	a5	a1	"Memory usage"
2	a6	a4	"Job"
2	a7	a3	"Task"
2	a8	a3	"Timer state"
6	0	a9	a1	0	"The task manager"
6	0	a10	a4	a9	"Jobs"
6	0	a11	a5	a9	"Memory"
1	a12	a1	"Memory [MB]"	"1.0 1.0 1.0"
6	0	a13	a2	a9	"Node 0"
6	0	a14	a3	a13	"Thread 0"
6	0	a15	a3	a13	"Thread 1"
6	0	a16	a3	a13	"Thread 2"
6	0	a17	a3	a13	"Thread 3"
5	a18	a6	"ngcore::ParallelFor<int,ngcore::EnterTaskManager()::{lambda(int)#1}>(ngcore::T_Range<int>,ngcore::EnterTaskManager()::{lambda(int)#1},int,ngcore::TotalCosts)::{lambda(ngcore::TaskInfo&)#1}"	"0.630615054310908 1 0"
5	a19	a7	"ngcore::ParallelFor<int,ngcore::EnterTaskManager()::{lambda(int)#1}>(ngcore::T_Range<int>,ngcore::EnterTaskManager()::{lambda(int)#1},int,ngcore::TotalCosts)::{lambda(ngcore::TaskInfo&)#1}"	"0.630615054310908 1 0"
5	a20	a6	"ngcore::ParallelForRange<netgen::ElementIndex,netgen::MeshOptimize3d::SwapImprove(netgen::Mesh&,netgen::OPTIMIZEGOAL,netgen::NgBitArray const*)::{lambda(auto:1)#1}>(ngcore::T_Range<netgen::ElementIndex>,netgen::MeshOptimize3d::SwapImprove(netgen::Mesh&,netgen::OPTIMIZEGOAL,netgen::NgBitArray const*)::{lambda(auto:1)#1},int,ngcore::TotalCosts)::{lambda(ngcore::TaskInfo&)#1}"	"0.708022642579866 0 1"
5	a21	a7	"ngcore::ParallelForRange<netgen::ElementIndex,netgen::MeshOptimize3d::SwapImprove(netgen::Mesh&,netgen::OPTIMIZEGOAL,netgen::NgBitArray const*)::{lambda(auto:1)#1}>(ngcore::T_Range<netgen::ElementIndex>,netgen::MeshOptimize3d::SwapImprove(netgen::Mesh&,netgen::OPTIMIZEGOAL,netgen::NgBitArray const*)::{lambda(auto:1)#1},int,ngcore::TotalCosts)::{lambda(ngcore::TaskInfo&)#1}"	"0.708022642579866 0 1"
5	a22	a6	"ngcore::ParallelForRange<netgen::ElementIndex,ngcore::CreateTable<netgen::ElementIndex,netgen::PointIndex,ngcore::T_Range<netgen::ElementIndex>,netgen::Mesh::CreatePoint2ElementTable(std::optional<ngcore::BitArray>)const::{lambda(auto:1&,netgen::ElementIndex)#1}>(ngcore::T_Range<netgen::ElementIndex>const&,netgen::Mesh::CreatePoint2ElementTable(std::optional<ngcore::BitArray>)const::{lambda(auto:1&,netgen::ElementIndex)#1}const&,std::optional<unsigned long>)::{lambda(auto:1)#1}>(ngcore::T_Range<netgen::ElementIndex>,ngcore::Table,int,ngcore::TotalCosts)::{lambda(ngcore::TaskInfo&)#1}"	"0 0.230008221284954 1"
5	a23	a7	"ngcore::ParallelForRange<netgen::ElementIndex,ngcore::CreateTable<netgen::ElementIndex,netgen::PointIndex,ngcore::T_Range<netgen::ElementIndex>,netgen::Mesh::CreatePoint2ElementTable(std::optional<ngcore::BitArray>)const::{lambda(auto:1&,netgen::ElementIndex)#1}>(ngcore::T_Range<netgen::ElementIndex>const&,netgen::Mesh::CreatePoint2ElementTable(std::optional<ngcore::BitArray>)const::{lambda(auto:1&,netgen::ElementIndex)#1}const&,std::optional<unsigned long>)::{lambda(auto:1)#1}>(ngcore::T_Range<netgen::ElementIndex>,ngcore::Table,int,ngcore::TotalCosts)::{lambda(ngcore::TaskInfo&)#1}"	"0 0.230008221284954 1"
5	a24	a6	"ngcore::TablePrefixSum2<unsigned int>(ngcore::FlatArray<unsigned int,unsigned long>)::{lambda(ngcore::TaskInfo)#1}"	"0 0.312895337658212 1"
5	a25	a7	"ngcore::TablePrefixSum2<unsigned int>(ngcore::FlatArray<unsigned int,unsigned long>)::{lambda(ngcore::TaskInfo)#1}"	"0 0.312895337658212 1"
5	a26	a6	"ngcore::TablePrefixSum2<unsigned int>(ngcore::FlatArray<unsigned int,unsigned long>)::{lambda(ngcore::TaskInfo)#2}"	"0 1 0.887517304832004"
5	a27	a7	"ngcore::TablePrefixSum2<unsigned int>(ngcore::FlatArray<unsigned int,unsigned long>)::{lambda(ngcore::TaskInfo)#2}"	"0 1 0.887517304832004"
5	a28	a6	"ngcore::ParallelForRange<netgen::PointIndex,ngcore::CreateSortedTable<netgen::ElementIndex,netgen::PointIndex,ngcore::T_Range<netgen::ElementIndex>,netgen::Mesh::CreatePoint2ElementTable(std::optional<ngcore::BitArray>)const::{lambda(auto:1&,netgen::ElementIndex)#1}>(ngcore::T_Range<netgen::ElementIndex>const&,netgen::Mesh::CreatePoint2ElementTable(std::optional<ngcore::BitArray>)const::{lambda(auto:1&,netgen::ElementIndex)#1}const&,std::optional<unsigned long>)::{lambda(auto:1)#1}>(ngcore::T_Range<netgen::PointIndex>,ngcore::Table,int,ngcore::TotalCosts)::{lambda(ngcore::TaskInfo&)#1}"	"0 0.170427812303051 1"
5	a29	a7	"ngcore::ParallelForRange<netgen::PointIndex,ngcore::CreateSortedTable<netgen::ElementIndex,netgen::PointIndex,ngcore::T_Range<netgen::ElementIndex>,netgen::Mesh::CreatePoint2ElementTable(std::optional<ngcore::BitArray>)const::{lambda(auto:1&,netgen::ElementIndex)#1}>(ngcore::T_Range<netgen::ElementIndex>const&,netgen::Mesh::CreatePoint2ElementTable(std::optional<ngcore::BitArray>)const::{lambda(auto:1&,netgen::ElementIndex)#1}const&,std::optional<unsigned long>)::{lambda(auto:1)#1}>(ngcore::T_Range<netgen::PointIndex>,ngcore::Table,int,ngcore::TotalCosts)::{lambda(ngcore::TaskInfo&)#1}"	"0 0.170427812303051 1"
5	a30	a6	"ngcore::ParallelFor<unsigned long,netgen::BuildEdgeList<netgen::ElementIndex>(netgen::Mesh const&,ngcore::Table<netgen::ElementIndex,netgen::PointIndex>const&,ngcore::Array<std::tuple<netgen::PointIndex,netgen::PointIndex>,unsigned long>&)::{lambda(int)#1}>(ngcore::T_Range<unsigned long>,netgen::BuildEdgeList<netgen::ElementIndex>(netgen::Mesh const&,ngcore::Table<netgen::ElementIndex,netgen::PointIndex>const&,ngcore::Array<std::tuple<netgen::PointIndex,netgen::PointIndex>,unsigned long>&)::{lambda(int)#1},int,ngcore::TotalCosts)::{lambda(ngcore::TaskInfo&)#1}"	"1 0.872005992306398 0"
5	a31	a7	"ngcore::ParallelFor<unsigned long,netgen::BuildEdgeList<netgen::ElementIndex>(netgen::Mesh const&,ngcore::Table<netgen::ElementIndex,netgen::PointIndex>const&,ngcore::Array<std::tuple<netgen::PointIndex,netgen::PointIndex>,unsigned long>&)::{lambda(int)#1}>(ngcore::T_Range<unsigned long>,netgen::BuildEdgeList<netgen::ElementIndex>(netgen::Mesh const&,ngcore::Table<netgen::ElementIndex,netgen::PointIndex>const&,ngcore::Array<std::tuple<netgen::PointIndex,netgen::PointIndex>,unsigned long>&)::{lambda(int)#1},int,ngcore::TotalCosts)::{lambda(ngcore::TaskInfo&)#1}"	"1 0.872005992306398 0"
5	a32	a6	"ngcore::ParallelForRange<unsigned long,netgen::MeshOptimize3d::SwapImprove(netgen::Mesh&,netgen::OPTIMIZEGOAL,netgen::NgBitArray const*)::{lambda(auto:1)#2}>(ngcore::T_Range<unsigned long>,netgen::MeshOptimize3d::SwapImprove(netgen::Mesh&,netgen::OPTIMIZEGOAL,netgen::NgBitArray const*)::{lambda(auto:1)#2},int,ngcore::TotalCosts)::{lambda(ngcore::TaskInfo&)#1}"	"1 0.408375991137786 0"
5	a33	a7	"ngcore::ParallelForRange<unsigned long,netgen::MeshOptimize3d::SwapImprove(netgen::Mesh&,netgen::OPTIMIZEGOAL,netgen::NgBitArray const*)::{lambda(auto:1)#2}>(ngcore::T_Range<unsigned long>,netgen::MeshOptimize3d::SwapImprove(netgen::Mesh&,netgen::OPTIMIZEGOAL,netgen::NgBitArray const*)::{lambda(auto:1)#2},int,ngcore::TotalCosts)::{lambda(ngcore::TaskInfo&)#1}"	"1 0.408375991137786 0"
5	a34	a6	"ngcore::ParallelForRange<netgen::ElementIndex,netgen::Mesh::Compress()::{lambda(auto:1)#1}>(ngcore::T_Range<netgen::ElementIndex>,netgen::Mesh::Compress()::{lambda(auto:1)#1},int,ngcore::TotalCosts)::{lambda(ngcore::TaskInfo&)#1}"	"1 0.0611641584106637 0"
5	a35	a7	"ngcore::ParallelForRange<netgen::ElementIndex,netgen::Mesh::Compress()::{lambda(auto:1)#1}>(ngcore::T_Range<netgen::ElementIndex>,netgen::Mesh::Compress()::{lambda(auto:1)#1},int,ngcore::TotalCosts)::{lambda(ngcore::TaskInfo&)#1}"	"1 0.0611641584106637 0"
5	a36	a6	"ngcore::ParallelForRange<netgen::SurfaceElementIndex,netgen::Mesh::Compress()::{lambda(auto:1)#2}>(ngcore::T_Range<netgen::SurfaceElementIndex>,netgen::Mesh::Compress()::{lambda(auto:1)#2},int,ngcore::TotalCosts)::{lambda(ngcore::TaskInfo&)#1}"	"1 0 -2.77631980257023"
5	a37	a7	"ngcore::ParallelForRange<netgen::SurfaceElementIndex,netgen::Mesh::Compress()::{lambda(auto:1)#2}>(ngcore::T_Range<netgen::SurfaceElementIndex>,netgen::Mesh::Compress()::{lambda(auto:1)#2},int,ngcore::TotalCosts)::{lambda(ngcore::TaskInfo&)#1}"	"1 0 -2.77631980257023"
5	a38	a6	"ngcore::ParallelForRange<netgen::ElementIndex,netgen::Mesh::Compress()::{lambda(auto:1)#3}>(ngcore::T_Range<netgen::ElementIndex>,netgen::Mesh::Compress()::{lambda(auto:1)#3},int,ngcore::TotalCosts)::{lambda(ngcore::TaskInfo&)#1}"	"0.688034037288286 1 0"
5	a39	a7	"ngcore::ParallelForRange<netgen::ElementIndex,netgen::Mesh::Compress()::{lambda(auto:1)#3}>(ngcore::T_Range<netgen::ElementIndex>,netgen::Mesh::Compress()::{lambda(auto:1)#3},int,ngcore::TotalCosts)::{lambda(ngcore::TaskInfo&)#1}"	"0.688034037288286 1 0"
5	a40	a6	"ngcore::ParallelForRange<netgen::SurfaceElementIndex,netgen::Mesh::Compress()::{lambda(auto:1)#4}>(ngcore::T_Range<netgen::SurfaceElementIndex>,netgen::Mesh::Compress()::{lambda(auto:1)#4},int,ngcore::TotalCosts)::{lambda(ngcore::TaskInfo&)#1}"	"0 0.666479625428673 1"
5	a41	a7	"ngcore::ParallelForRange<netgen::SurfaceElementIndex,netgen::Mesh::Compress()::{lambda(auto:1)#4}>(ngcore::T_Range<netgen::SurfaceElementIndex>,netgen::Mesh::Compress()::{lambda(auto:1)#4},int,ngcore::TotalCosts)::{lambda(ngcore::TaskInfo&)#1}"	"0 0.666479625428673 1"
5	a42	a8	"Build edges"	"0 0.0614795051658243 1"
5	a43	a8	"CreateTable"	"0.608616351291681 0 1"
5	a44	a8	"CreateSortedTable"	"0 0.0381698166109086 1"
5	a45	a8	"MeshOptimize3d::SwapImprove loop"	"0.154668690207104 1 0"
5	a46	a8	"MeshOptimize3d::SwapImprove"	"1 0 -2.43968480148811"
5	a47	a8	"FreeOpenElementsEnvironment"	"0.907015785320433 0 1"
5	a48	a8	"Mesh::BuildBoundaryEdges"	"1 0 -2.61861416630415"
5	a49	a8	"Mesh::LinkSurfaceElements"	"0 1 0.171518596860468"
5	a50	a8	"Mesh::Compress"	"1 0.648677515017027 0"
5	a51	a8	"Mesh::CalcSurfacesOfNode, pointloop"	"0 0.319536079261344 1"
5	a52	a8	"Mesh::CalcSurfacesOfNode - surfelementht"	"0.690162641156969 0 1"
5	a53	a8	"Mesh::CalcSurfacesOfNode - surf on node"	"0.000515674241007069 1 0"
5	a54	a8	"Mesh::CalcSurfacesOfNode"	"1 0 -2.35340285344361"
6	0	a55	a3	a9	"Timer level 0"
6	0	a56	a3	a9	"Timer level 1"
6	0	a57	a3	a9	"Timer level 2"
6	0	a58	a3	a9	"Timer level 3"
4	a59	a2	a3	a3	"links"
8	0	a12	a11	0
12	0.145956724455932	a6	a10	a18	0
12	0.14606706008103	a7	a14	a19	0
13	0.146140617164429	a7	a14
12	0.146163874183445	a7	a14	a19	1
13	0.146176313984314	a7	a14
12	0.146194162394256	a7	a14	a19	2
13	0.14619957100333	a7	a14
12	0.146219041995994	a7	a14	a19	3
13	0.146224991465975	a7	a14
13	0.146730696414342	a6	a10
12	0.148684286011669	a8	a55	a47	0
13	0.155786330586007	a8	a55
12	0.156170882691129	a8	a55	a46	0
12	0.156279595733505	a8	a56	a48	0
13	0.156345039903294	a8	a56
12	0.157418107943465	a6	a10	a20	0
12	0.157505186549547	a7	a14	a21	0
13	0.15774695137513	a7	a14
12	0.15775722773237	a7	a16	a21	1
12	0.157818885875807	a7	a14	a21	2
12	0.157883248323781	a7	a15	a21	3
13	0.157998992557953	a7	a14
13	0.159273801716563	a7	a16
13	0.15929273184832	a7	a15
13	0.159430110518786	a6	a10
12	0.16008509307758	a8	a56	a44	0
12	0.160182448040902	a8	a57	a43	0
12	0.160385270881156	a6	a10	a22	0
12	0.160440438693705	a7	a14	a23	0
12	0.160759817059492	a7	a17	a23	1
12	0.160845002652398	a7	a16	a23	2
12	0.160917478013983	a7	a15	a23	3
13	0.160928836093037	a7	a14
12	0.161027272778173	a7	a14	a23	4
13	0.161379914089762	a7	a14
12	0.161417233492369	a7	a14	a23	5
13	0.161611402558105	a7	a15
13	0.161648181099805	a7	a16
13	0.161666840801108	a7	a17
12	0.161682255336967	a7	a15	a23	6
13	0.161710920965057	a7	a14
12	0.161761761890347	a7	a16	a23	7
12	0.161795565697056	a7	a17	a23	8
12	0.161806653345657	a7	a14	a23	9
13	0.16199325035869	a7	a15
12	0.16206248055483	a7	a15	a23	10
13	0.162098177374715	a7	a14
13	0.162111158036491	a7	a16
12	0.162180388232631	a7	a16	a23	11
12	0.162211758165257	a7	a14	a23	12
13	0.16250652735976	a7	a15
13	0.162542224179645	a7	a14
13	0.162542494610098	a7	a17
12	0.162601718879453	a7	a14	a23	13
12	0.16265526410928	a7	a15	a23	14
13	0.162659050135631	a7	a16
12	0.16267662811512	a7	a17	a23	15
13	0.162922449397508	a7	a14
13	0.162974372044613	a7	a15
13	0.163667485297375	a7	a17
13	0.163850025853603	a6	a10
12	0.164182114450713	a6	a10	a24	0
12	0.164246476898687	a7	a14	a25	0
13	0.164311380207568	a7	a14
12	0.164328687756603	a7	a14	a25	1
13	0.164362221132858	a7	a14
12	0.164378446960079	a7	a14	a25	2
13	0.164407112588168	a7	a14
12	0.164425501859018	a7	a14	a25	3
13	0.164462821261624	a7	a14
13	0.164599118210275	a6	a10
12	0.164689982842709	a6	a10	a26	0
12	0.16474893668161	a7	a14	a27	0
13	0.164807349659603	a7	a14
12	0.164823575486823	a7	a14	a27	1
13	0.164870089524855	a7	a14
12	0.164893887404778	a7	a14	a27	2
13	0.164943646608254	a7	a14
12	0.164948784786873	a7	a17	a27	3
13	0.165298180933018	a7	a17
13	0.16545151500025	a6	a10
12	0.165637571152376	a6	a10	a22	0
12	0.165692198104018	a7	a14	a23	0
13	0.165997784516668	a7	a14
12	0.166018878092054	a7	a14	a23	1
12	0.166182758946979	a7	a15	a23	2
12	0.166199525635107	a7	a16	a23	3
13	0.166310402121113	a7	a14
12	0.166451025957022	a7	a14	a23	4
13	0.166565688469379	a7	a16
13	0.166580291713877	a7	a15
12	0.166625724030094	a7	a16	a23	5
12	0.166656553101813	a7	a15	a23	6
13	0.166745795151525	a7	a14
12	0.166811780182221	a7	a14	a23	7
13	0.166916707198246	a7	a16
13	0.166942668521798	a7	a15
12	0.166981610507127	a7	a16	a23	8
12	0.167015684744289	a7	a15	a23	9
13	0.167104926794001	a7	a14
12	0.167166044076531	a7	a14	a23	10
13	0.167279084006166	a7	a16
12	0.16733533354053	a7	a16	a23	11
13	0.167406186319392	a7	a15
13	0.167459731549219	a7	a14
12	0.167503541282714	a7	a15	a23	12
12	0.167543564989858	a7	a14	a23	13
12	0.167567633300234	a7	a17	a23	14
13	0.167623071543237	a7	a16
12	0.167682025382138	a7	a16	a23	15
13	0.167814536304437	a7	a15
13	0.167866458951542	a7	a14
13	0.167996265569305	a7	a16
13	0.168094431823988	a7	a17
13	0.168240734699424	a6	a10
13	0.168389471448944	a8	a57
12	0.168426249990643	a6	a10	a28	0
12	0.168495480186784	a7	a14	a29	0
12	0.168626909387268	a7	a16	a29	1
13	0.168643135214488	a7	a14
12	0.168684781504354	a7	a14	a29	2
13	0.168721560046053	a7	a14
12	0.168737785873274	a7	a14	a29	3
13	0.168767533223178	a7	a14
12	0.168784840772213	a7	a14	a29	4
13	0.168813506400302	a7	a14
13	0.168861643021056	a7	a16
12	0.168867051630129	a7	a14	a29	5
13	0.168909779641809	a7	a14
12	0.168947099044416	a7	a15	a29	6
12	0.168953589375304	a7	a16	a29	7
12	0.168996858247892	a7	a14	a29	8
13	0.169016870101463	a7	a16
13	0.169044994868645	a7	a14
12	0.169065818013578	a7	a17	a29	9
12	0.169101785263916	a7	a16	a29	10
12	0.169136400361986	a7	a14	a29	11
13	0.169139104666523	a7	a16
13	0.169180210095481	a7	a14
13	0.169187241287277	a7	a15
12	0.169213202610829	a7	a16	a29	12
13	0.169253226317973	a7	a16
12	0.169254848900695	a7	a14	a29	13
13	0.169258364496593	a7	a17
12	0.169273779032452	a7	a15	a29	14
13	0.169337600619519	a7	a14
12	0.169342197937231	a7	a17	a29	15
13	0.169353826446739	a7	a15
13	0.169400610915224	a7	a17
13	0.169592346106878	a6	a10
13	0.169623175178596	a8	a56
12	0.170354419125326	a8	a56	a42	0
12	0.170576172097337	a6	a10	a30	0
12	0.170638911962589	a7	a14	a31	0
12	0.170758712653566	a7	a17	a31	1
13	0.170869859570025	a7	a14
12	0.170947743540683	a7	a16	a31	2
12	0.170974245725142	a7	a15	a31	3
12	0.171001829631417	a7	a14	a31	4
13	0.171104052342905	a7	a14
12	0.171120278170125	a7	a14	a31	5
13	0.17113461098417	a7	a17
13	0.171175986843582	a7	a16
13	0.171193835253524	a7	a14
13	0.171196539558061	a7	a15
12	0.171229261642955	a7	a17	a31	6
12	0.171249543926981	a7	a14	a31	7
12	0.171291190216846	a7	a16	a31	8
12	0.171311742931325	a7	a15	a31	9
13	0.171354200512552	a7	a17
13	0.171366910743874	a7	a14
13	0.171386922597446	a7	a16
13	0.171419374251887	a7	a15
12	0.171436140940014	a7	a14	a31	10
12	0.171479680243056	a7	a17	a31	11
12	0.171511320606135	a7	a16	a31	12
12	0.17153674106878	a7	a15	a31	13
13	0.171545394843298	a7	a14
13	0.171591368020422	a7	a16
12	0.17160813470855	a7	a14	a31	14
13	0.171617870204882	a7	a15
13	0.171619763218058	a7	a17
12	0.17168764126193	a7	a16	a31	15
13	0.17169359073191	a7	a14
13	0.171790404834325	a7	a16
13	0.171967807211934	a6	a10
13	0.172279343094564	a8	a56
12	0.172405904546883	a8	a56	a45	0
12	0.17251245414563	a6	a10	a32	0
12	0.172566540236364	a7	a14	a33	0
13	0.172677957583277	a7	a14
12	0.172694183410497	a7	a14	a33	1
13	0.17270986837681	a7	a14
12	0.172726094204031	a7	a14	a33	2
13	0.172742320031251	a7	a14
12	0.172759627580286	a7	a14	a33	3
13	0.172776394268414	a7	a14
12	0.172851033073627	a7	a14	a33	4
13	0.172866177179033	a7	a14
12	0.172938652540617	a7	a15	a33	5
12	0.172998688101332	a7	a16	a33	6
12	0.173027894590329	a7	a14	a33	7
13	0.173096583925561	a7	a15
13	0.173097665647376	a7	a16
13	0.173104696839172	a7	a14
12	0.173107671574162	a7	a17	a33	8
12	0.173182580809829	a7	a15	a33	9
12	0.173199888358864	a7	a16	a33	10
12	0.173223686238787	a7	a14	a33	11
13	0.173228824417407	a7	a17
13	0.173230176569675	a7	a15
13	0.173234503456934	a7	a16
13	0.173249106701433	a7	a14
12	0.173329154115719	a7	a16	a33	12
13	0.17334537994294	a7	a16
12	0.173358901465623	a7	a15	a33	13
12	0.173381347193278	a7	a17	a33	14
13	0.173390812259157	a7	a15
12	0.173421641330875	a7	a14	a33	15
13	0.173434351562198	a7	a17
13	0.173442734906262	a7	a14
13	0.173723982578081	a6	a10
13	0.17379537621785	a8	a56
12	0.174482810431085	a8	a56	a50	0
12	0.176350944005052	a6	a10	a34	0
12	0.176446135524745	a7	a14	a35	0
12	0.176644090616833	a7	a16	a35	1
12	0.176911275905061	a7	a15	a35	2
12	0.1769694184526	a7	a17	a35	3
13	0.182693619865479	a7	a14
13	0.20087195496132	a7	a15
13	0.20178655075564	a7	a16
13	0.202764156845664	a7	a17
13	0.202938584488283	a6	a10
12	0.203050001835196	a6	a10	a36	0
12	0.203103547065023	a7	a14	a37	0
12	0.20319982030653	a7	a15	a37	1
12	0.203401020564062	a7	a16	a37	2
12	0.204807529353611	a7	a17	a37	3
13	0.205928463584082	a7	a14
13	0.206294355987901	a7	a17
13	0.207028033808713	a7	a16
13	0.207215712543562	a7	a15
13	0.207324425585938	a6	a10
12	0.209353735710294	a6	a10	a38	0
12	0.209426751932785	a7	a14	a39	0
12	0.209534924114254	a7	a15	a39	1
12	0.209710433478687	a7	a17	a39	2
12	0.209802109402482	a7	a16	a39	3
13	0.210501983416586	a7	a14
13	0.210804865524698	a7	a15
13	0.210984972206844	a7	a16
13	0.211233497793769	a7	a17
13	0.211447949143531	a6	a10
12	0.211520424505115	a6	a10	a40	0
12	0.211595604171236	a7	a14	a41	0
12	0.211843859327707	a7	a15	a41	1
13	0.211948245482824	a7	a14
12	0.212022884288038	a7	a14	a41	2
12	0.21208346070966	a7	a16	a41	3
13	0.212884475713437	a7	a15
13	0.212952083326855	a7	a14
13	0.212985075842203	a7	a16
13	0.213156528749831	a6	a10
12	0.213406406489025	a8	a57	a49	0
13	0.217443392301442	a8	a57
12	0.217502346140343	a8	a57	a54	0
12	0.219138450385059	a8	a58	a53	0
13	0.226802990303035	a8	a58
12	0.226840309705642	a8	a58	a52	0
13	0.230261254944595	a8	a58
12	0.230289920572684	a8	a58	a51	0
13	0.247211294919858	a8	a58
13	0.249082673659269	a8	a57
13	0.249222215773364	a8	a56
13	0.24946127629441	a8	a55
12	0.249994024288144	a8	a55	a46	0
12	0.250029180247122	a8	a56	a48	0
13	0.27996745405135	a8	a56
12	0.28019353391062	a6	a10	a20	0
12	0.280280612516703	a7	a14	a21	0
13	0.280521836481378	a7	a14
12	0.28058457634663	a7	a14	a21	1
12	0.280593770982055	a7	a16	a21	2
12	0.280714382964393	a7	a15	a21	3
13	0.281055666196927	a7	a16
13	0.28135854830504	a7	a14
13	0.281572188363441	a7	a15
13	0.281706321868462	a6	a10
12	0.281833965042596	a8	a56	a44	0
12	0.281858303783426	a8	a57	a43	0
12	0.282019480333815	a6	a10	a22	0
12	0.282128193376191	a7	a14	a23	0
12	0.282237447279474	a7	a15	a23	1
13	0.282464608860559	a7	a14
12	0.282472451343716	a7	a17	a23	2
12	0.28253167561307	a7	a14	a23	3
12	0.282611182166449	a7	a16	a23	4
13	0.282670676866257	a7	a15
12	0.282744233949656	a7	a15	a23	5
13	0.282829689973016	a7	a14
12	0.282900001890971	a7	a14	a23	6
13	0.283027645065104	a7	a16
13	0.283063882745897	a7	a15
12	0.28309579353943	a7	a16	a23	7
12	0.283123377445704	a7	a15	a23	8
13	0.283242096414866	a7	a17
13	0.283256429228911	a7	a14
12	0.283338640086827	a7	a14	a23	9
12	0.283348646013613	a7	a17	a23	10
13	0.283428963858354	a7	a16
13	0.283439240215593	a7	a15
12	0.28352145107351	a7	a15	a23	11
12	0.283539299483452	a7	a16	a23	12
13	0.28365991146579	a7	a14
12	0.28371886530469	a7	a14	a23	13
13	0.28382189930754	a7	a17
13	0.283850294505175	a7	a16
12	0.283923040297213	a7	a17	a23	14
13	0.283930882780369	a7	a15
12	0.283940618276702	a7	a16	a23	15
13	0.284062852841761	a7	a14
13	0.284286228396495	a7	a16
13	0.28447958617087	a7	a17
13	0.284645360038971	a6	a10
12	0.284831416191098	a6	a10	a24	0
12	0.284919576518995	a7	a14	a25	0
13	0.284959600226138	a7	a14
12	0.284975826053359	a7	a14	a25	1
13	0.285014768038687	a7	a14
12	0.285058577772182	a7	a14	a25	2
13	0.285088325122086	a7	a14
12	0.285123481081064	a7	a15	a25	3
13	0.285340907165816	a7	a15
13	0.285519932126147	a6	a10
12	0.285589162322287	a6	a10	a26	0
12	0.285649197883002	a7	a14	a27	0
13	0.285689762451053	a7	a14
12	0.285717346357328	a7	a14	a27	1
13	0.285761156090823	a7	a14
12	0.285789280858004	a7	a14	a27	2
13	0.285819569068816	a7	a14
12	0.28588988098677	a7	a14	a27	3
13	0.285939640190246	a7	a14
13	0.286273892230985	a6	a10
12	0.286418302093246	a6	a10	a22	0
12	0.286479960236683	a7	a14	a23	0
12	0.286795823006572	a7	a16	a23	1
13	0.28679636386748	a7	a14
12	0.28681772787332	a7	a17	a23	2
12	0.2868715435336	a7	a14	a23	3
12	0.286895882274431	a7	a15	a23	4
13	0.287153332066327	a7	a16
13	0.287192814912563	a7	a14
12	0.287215531070671	a7	a16	a23	5
13	0.287249605307834	a7	a15
12	0.287273403187757	a7	a14	a23	6
13	0.287319646795335	a7	a17
12	0.287336683913916	a7	a15	a23	7
12	0.287404021096881	a7	a17	a23	8
13	0.28752544437058	a7	a16
13	0.287601705758515	a7	a14
12	0.287604950923959	a7	a16	a23	9
12	0.287664445623767	a7	a14	a23	10
13	0.287670395093748	a7	a15
12	0.287736920985351	a7	a15	a23	11
13	0.287882142138973	a7	a17
13	0.287917027667497	a7	a16
12	0.287955699222372	a7	a17	a23	12
13	0.287965705149158	a7	a14
12	0.287980849254564	a7	a16	a23	13
13	0.288017627796263	a7	a15
12	0.288031149318947	a7	a14	a23	14
12	0.288087939714218	a7	a15	a23	15
13	0.2883075292426	a7	a16
13	0.288332949705245	a7	a14
13	0.288477629997959	a7	a17
13	0.332525071861625	a7	a15
13	0.336088804380117	a6	a10
13	0.336710794423563	a8	a57
12	0.33678056548061	a6	a10	a28	0
12	0.336853581703102	a7	a14	a29	0
12	0.336929843091037	a7	a16	a29	1
13	0.33694552805735	a7	a14
12	0.336986633486308	a7	a14	a29	2
13	0.337046128186116	a7	a14
12	0.33706559917878	a7	a14	a29	3
13	0.337071007787854	a7	a16
13	0.337112654077719	a7	a14
12	0.337142942288531	a7	a16	a29	4
12	0.337172148777527	a7	a14	a29	5
13	0.337192160631099	a7	a16
12	0.337222989702818	a7	a15	a29	6
13	0.337228939172799	a7	a14
12	0.337304118838919	a7	a16	a29	7
13	0.337332784467009	a7	a15
13	0.337334947910638	a7	a16
12	0.337364154399635	a7	a14	a29	8
12	0.337422567377628	a7	a16	a29	9
13	0.337423649099442	a7	a14
12	0.337453396449346	a7	a15	a29	10
13	0.337454478171161	a7	a16
13	0.337495583600119	a7	a15
12	0.337498828765563	a7	a14	a29	11
12	0.337569140683518	a7	a16	a29	12
12	0.337596724589793	a7	a15	a29	13
13	0.337604837503403	a7	a16
13	0.337633503131492	a7	a14
13	0.337654055845971	a7	a15
12	0.337676231143172	a7	a14	a29	14
12	0.33768272147406	a7	a16	a29	15
13	0.337723286042111	a7	a16
13	0.337750329087478	a7	a14
13	0.337936385239605	a6	a10
13	0.337973163781304	a8	a56
12	0.339149536254778	a8	a56	a42	0
12	0.339311253666074	a6	a10	a30	0
12	0.339366962339531	a7	a14	a31	0
12	0.339719333220665	a7	a17	a31	1
12	0.339771526298224	a7	a16	a31	2
12	0.339812631727182	a7	a15	a31	3
13	0.33995163298037	a7	a16
13	0.339981380330274	a7	a15
13	0.339993549700689	a7	a17
12	0.340017618011066	a7	a15	a31	4
12	0.340035466421008	a7	a16	a31	5
13	0.340085225624484	a7	a15
13	0.340139852576126	a7	a16
12	0.340148776781097	a7	a17	a31	6
12	0.3401674364824	a7	a15	a31	7
12	0.340224767738579	a7	a16	a31	8
13	0.340233962374003	a7	a15
13	0.340285073729747	a7	a17
13	0.340303733431051	a7	a16
12	0.340313468927383	a7	a15	a31	9
12	0.340382158262616	a7	a16	a31	10
13	0.340402710977095	a7	a15
12	0.34042515670475	a7	a17	a31	11
13	0.340470318590513	a7	a16
12	0.340476268060494	a7	a15	a31	12
13	0.340541712230282	a7	a15
12	0.340554152031151	a7	a16	a31	13
13	0.340563076236122	a7	a17
13	0.340624463949106	a7	a16
12	0.340625545670921	a7	a15	a31	14
13	0.340653670438103	a7	a14
12	0.340664217225796	a7	a17	a31	15
13	0.340694235006153	a7	a15
13	0.340811872253501	a7	a17
13	0.340961961155289	a6	a10
13	0.341413039152014	a8	a56
12	0.341533110273444	a8	a56	a45	0
12	0.341642905037635	a6	a10	a32	0
12	0.341740800861865	a7	a14	a33	0
13	0.341785692317174	a7	a14
12	0.341809490197097	a7	a14	a33	1
13	0.341828420328854	a7	a14
12	0.341850054765148	a7	a14	a33	2
13	0.341871148340535	a7	a14
12	0.341889537611384	a7	a14	a33	3
13	0.341907926882234	a7	a14
12	0.341927938735806	a7	a14	a33	4
13	0.34194740972847	a7	a14
12	0.34197391191293	a7	a14	a33	5
13	0.34199825065376	a7	a14
12	0.342082354524853	a7	a17	a33	6
12	0.34213076157606	a7	a14	a33	7
13	0.342153477734168	a7	a14
13	0.342198098759024	a7	a17
12	0.342257323028378	a7	a16	a33	8
12	0.342280580047394	a7	a14	a33	9
13	0.342305459649132	a7	a14
13	0.342313031701835	a7	a16
12	0.342328175807241	a7	a15	a33	10
12	0.342357652726691	a7	a17	a33	11
13	0.34238118017616	a7	a15
12	0.342401732890639	a7	a14	a33	12
13	0.342402003321093	a7	a17
12	0.342432021101451	a7	a16	a33	13
13	0.342466095338613	a7	a16
12	0.342469340504057	a7	a15	a33	14
13	0.34248502547037	a7	a15
13	0.342494760966703	a7	a14
12	0.342552903514242	a7	a17	a33	15
13	0.342588600334127	a7	a17
13	0.34281495062385	a6	a10
13	0.342948002407057	a8	a56
12	0.344676053006022	a8	a56	a50	0
12	0.34688006120345	a6	a10	a34	0
12	0.346943341929609	a7	a14	a35	0
12	0.347218369700994	a7	a17	a35	1
12	0.347287870327588	a7	a15	a35	2
12	0.347337088670156	a7	a16	a35	3
13	0.351171792503227	a7	a14
13	0.357840066629875	a7	a16
13	0.357937421593197	a7	a15
13	0.359127586019808	a7	a17
13	0.359302554523334	a6	a10
12	0.359362049223142	a6	a10	a36	0
12	0.359418298757506	a7	a14	a37	0
12	0.359504836502681	a7	a15	a37	1
12	0.359820158411662	a7	a16	a37	2
12	0.360501372724463	a7	a17	a37	3
13	0.362161274849102	a7	a17
13	0.362167494749537	a7	a14
13	0.36356183416867	a7	a16
13	0.363637013834791	a7	a15
13	0.363759789260758	a6	a10
12	0.365699857335402	a6	a10	a38	0
12	0.365768005809728	a7	a14	a39	0
12	0.36593459096919	a7	a16	a39	1
12	0.366047630898825	a7	a15	a39	2
12	0.366280471519436	a7	a17	a39	3
13	0.366730738224801	a7	a14
13	0.367147741984363	a7	a15
13	0.36719317430058	a7	a16
13	0.367661830276794	a7	a17
13	0.367852483746633	a6	a10
12	0.367923336525495	a6	a10	a40	0
12	0.367994189304357	a7	a14	a41	0
12	0.368274355254361	a7	a15	a41	1
13	0.368346289755038	a7	a14
12	0.368354943529555	a7	a16	a41	2
12	0.368426337169325	a7	a14	a41	3
13	0.369385283558046	a7	a15
13	0.369445319118762	a7	a14
13	0.369445859979669	a7	a16
13	0.369699523745213	a6	a10
12	0.369914245525429	a8	a57	a49	0
13	0.373615897575293	a8	a57
12	0.373675933136009	a8	a57	a54	0
12	0.375092447852343	a8	a58	a53	0
13	0.382793766312019	a8	a58
12	0.382835412601884	a8	a58	a52	0
13	0.386210384663713	a8	a58
12	0.386246622344505	a8	a58	a51	0
13	0.387883267450129	a8	a58
13	0.389735716057783	a8	a57
13	0.389852542013769	a8	a56
13	0.390033189556822	a8	a55
12	0.390627054833086	a8	a55	a46	0
12	0.390690876420153	a8	a56	a48	0
13	0.415784659077299	a8	a56
12	0.416066988470933	a6	a10	a20	0
12	0.416148658467942	a7	a14	a21	0
12	0.416320381806023	a7	a17	a21	1
13	0.416386637267173	a7	a14
12	0.416488859978661	a7	a14	a21	2
12	0.416521852494009	a7	a16	a21	3
13	0.417077857506759	a7	a16
13	0.417079209659027	a7	a17
13	0.417262291076163	a7	a14
13	0.41742184504383	a6	a10
12	0.417672804504838	a8	a56	a44	0
12	0.41769876582839	a8	a57	a43	0
12	0.41785561549152	a6	a10	a22	0
12	0.417915651052235	a7	a14	a23	0
12	0.41805735660996	a7	a15	a23	1
12	0.418151466407838	a7	a16	a23	2
12	0.418216099286265	a7	a17	a23	3
13	0.418302366600987	a7	a14
12	0.418370515075312	a7	a14	a23	4
13	0.418549540035643	a7	a15
12	0.418618229370876	a7	a15	a23	5
13	0.418696654202441	a7	a14
12	0.418755608041341	a7	a14	a23	6
13	0.41881293929752	a7	a16
12	0.418887578102733	a7	a16	a23	7
13	0.418960594325225	a7	a15
13	0.419013328263691	a7	a17
12	0.419026038495013	a7	a15	a23	8
12	0.419096620843422	a7	a17	a23	9
13	0.419129342928316	a7	a14
12	0.419192623654475	a7	a14	a23	10
13	0.419337574377644	a7	a15
12	0.419410049739228	a7	a15	a23	11
13	0.419422489540097	a7	a16
12	0.419491719736237	a7	a16	a23	12
13	0.419546887548786	a7	a14
13	0.419606652679047	a7	a17
12	0.419608545692223	a7	a14	a23	13
12	0.419681832345168	a7	a17	a23	14
13	0.419708064099174	a7	a15
12	0.419769181381704	a7	a15	a23	15
13	0.41997362680468	a7	a14
13	0.420145079712309	a7	a15
13	0.420298413779541	a7	a17
13	0.420440930628626	a7	a16
13	0.420593453404497	a6	a10
12	0.420857393527281	a6	a10	a24	0
12	0.420915806505274	a7	a14	a25	0
13	0.420974219483267	a7	a14
12	0.421046965275305	a7	a17	a25	1
12	0.421065624976609	a7	a14	a25	2
13	0.421105648683752	a7	a14
12	0.421166765966282	a7	a14	a25	3
13	0.421198135898908	a7	a14
13	0.421229776261988	a7	a17
13	0.421524815886944	a6	a10
12	0.421619466545729	a6	a10	a26	0
12	0.421680042967352	a7	a14	a27	0
13	0.421749273163492	a7	a14
12	0.421778479652488	a7	a14	a27	1
13	0.421827697995057	a7	a14
12	0.421883406668513	a7	a14	a27	2
13	0.42191261315751	a7	a14
12	0.421914776601139	a7	a15	a27	3
13	0.422077034873342	a7	a15
13	0.422338811552497	a6	a10
12	0.422542716114566	a6	a10	a22	0
12	0.422603833397096	a7	a14	a23	0
12	0.422846139083586	a7	a15	a23	1
12	0.422899413882959	a7	a17	a23	2
13	0.422912124114282	a7	a14
12	0.422974863979534	a7	a16	a23	3
12	0.423004070468531	a7	a14	a23	4
13	0.423234477215059	a7	a15
13	0.423296676219404	a7	a14
12	0.423306952576643	a7	a15	a23	5
12	0.423373478468247	a7	a14	a23	6
13	0.423449739856182	a7	a16
13	0.423478675914725	a7	a17
12	0.423520592635044	a7	a16	a23	7
12	0.423551692137217	a7	a17	a23	8
13	0.423595231440258	a7	a15
12	0.42365580786188	a7	a15	a23	9
13	0.423662298192769	a7	a14
12	0.423726119779835	a7	a14	a23	10
13	0.423948954473661	a7	a16
13	0.423955444804549	a7	a15
13	0.424000065829405	a7	a17
13	0.42401439864345	a7	a14
12	0.424025756722504	a7	a15	a23	11
12	0.424036033079743	a7	a16	a23	12
12	0.424104181554069	a7	a14	a23	13
12	0.424156915492535	a7	a17	a23	14
13	0.42434432379693	a7	a15
12	0.424401114192201	a7	a15	a23	15
13	0.424416799158514	a7	a14
13	0.424454659422028	a7	a16
13	0.424622596733758	a7	a17
13	0.424689933916723	a7	a15
13	0.424906819140568	a6	a10
13	0.424993356885743	a8	a57
12	0.425029594566535	a6	a10	a28	0
12	0.425084762379084	a7	a14	a29	0
13	0.425155615157946	a7	a14
12	0.425178331316055	a7	a14	a29	1
13	0.425222141049549	a7	a14
12	0.425279472305728	a7	a14	a29	2
12	0.42528920780206	a7	a16	a29	3
13	0.425327068065574	a7	a14
12	0.425348702501868	a7	a15	a29	4
12	0.425386021904475	a7	a14	a29	5
13	0.425441730577931	a7	a16
13	0.425444434882468	a7	a15
13	0.425446598326097	a7	a14
12	0.425508797330442	a7	a15	a29	6
12	0.425551525342122	a7	a16	a29	7
13	0.425615346929189	a7	a15
12	0.425624000703706	a7	a14	a29	8
13	0.425631572756409	a7	a16
12	0.425657804510415	a7	a17	a29	9
13	0.425674300768089	a7	a14
12	0.425709997587974	a7	a15	a29	10
12	0.425720814806121	a7	a16	a29	11
13	0.425782472949558	a7	a16
12	0.425788422419539	a7	a14	a29	12
13	0.425800862220408	a7	a15
13	0.425822226226248	a7	a17
13	0.425833313874849	a7	a14
12	0.425868469833826	a7	a16	a29	13
12	0.425909034401877	a7	a14	a29	14
12	0.425927423672726	a7	a15	a29	15
13	0.425938781751781	a7	a16
13	0.425939322612688	a7	a14
13	0.426003685060662	a7	a15
13	0.426195690682769	a6	a10
13	0.426227060615395	a8	a56
12	0.426701936492043	a8	a56	a42	0
12	0.426787933376311	a6	a10	a30	0
12	0.426844723771582	a7	a14	a31	0
13	0.426952895953051	a7	a14
12	0.42697561211116	a7	a14	a31	1
13	0.427065395021779	a7	a14
12	0.427081620848999	a7	a14	a31	2
12	0.427155177932398	a7	a15	a31	3
13	0.42718330269958	a7	a14
12	0.427247665147554	a7	a14	a31	4
12	0.427319329217777	a7	a17	a31	5
13	0.427323926535489	a7	a15
13	0.427345020110876	a7	a14
12	0.427396401897074	a7	a15	a31	6
12	0.427420740637904	a7	a14	a31	7
13	0.427499706330376	a7	a15
13	0.427506196661264	a7	a14
12	0.427516473018504	a7	a15	a31	8
13	0.42751836603168	a7	a17
13	0.427584621492829	a7	a15
12	0.427589489240995	a7	a14	a31	9
12	0.427610853246836	a7	a17	a31	10
12	0.427679272151615	a7	a15	a31	11
13	0.427707937779704	a7	a14
13	0.427748502347755	a7	a15
12	0.427781494863103	a7	a14	a31	12
12	0.42779826155123	a7	a15	a31	13
13	0.427865869164648	a7	a15
13	0.427890748766386	a7	a14
12	0.427950243466194	a7	a14	a31	14
12	0.427988644590616	a7	a15	a31	15
13	0.428028127436852	a7	a14
13	0.428094653328455	a7	a15
13	0.428223107793949	a7	a17
13	0.428394290271124	a6	a10
13	0.428575478675084	a8	a56
12	0.42860684860771	a8	a56	a45	0
12	0.428619829269486	a6	a10	a32	0
12	0.428723674563696	a7	a14	a33	0
13	0.428741522973639	a7	a14
12	0.428757748800859	a7	a14	a33	1
13	0.428781005819875	a7	a14
12	0.428797231647095	a7	a14	a33	2
13	0.428812916613408	a7	a14
12	0.428829683301536	a7	a14	a33	3
13	0.428847531711478	a7	a14
12	0.428864298399606	a7	a14	a33	4
13	0.428880524226826	a7	a14
12	0.428981124355592	a7	a16	a33	5
12	0.429005192665969	a7	a17	a33	6
12	0.429030883559068	a7	a14	a33	7
13	0.429056304021713	a7	a14
13	0.429091189550237	a7	a17
12	0.429097409450671	a7	a14	a33	8
13	0.429114176138799	a7	a14
13	0.429117421304243	a7	a16
12	0.429193682692179	a7	a15	a33	9
12	0.429230190803424	a7	a17	a33	10
13	0.429246687061098	a7	a15
13	0.429258315570606	a7	a17
12	0.429275352689188	a7	a14	a33	11
13	0.429297527986389	a7	a14
12	0.429329979640829	a7	a16	a33	12
12	0.429363242586631	a7	a17	a33	13
13	0.429374871096139	a7	a16
13	0.429382713579295	a7	a17
12	0.429398128115155	a7	a15	a33	14
13	0.429424630299615	a7	a15
12	0.429443560431372	a7	a14	a33	15
13	0.429522526123844	a7	a14
13	0.429744819956763	a6	a10
13	0.429811886709273	a8	a56
12	0.430236462521538	a8	a56	a50	0
12	0.431893660341641	a6	a10	a34	0
12	0.431961808815967	a7	a14	a35	0
12	0.432110004704579	a7	a16	a35	1
12	0.432288488804003	a7	a15	a35	2
12	0.432728479152127	a7	a17	a35	3
13	0.436337914417289	a7	a14
13	0.438829119756517	a7	a15
13	0.439450298508602	a7	a17
13	0.502249928890802	a7	a16
13	0.502425167824782	a6	a10
12	0.503077986939946	a6	a10	a36	0
12	0.503181291373249	a7	a14	a37	0
12	0.516648187105215	a7	a16	a37	2
12	0.516677393594211	a7	a15	a37	1
12	0.517807522460107	a7	a17	a37	3
13	0.519233231811867	a7	a17
13	0.519671599577269	a7	a14
13	0.520560234048036	a7	a15
13	0.521383424349014	a7	a16
13	0.521546223482125	a6	a10
12	0.524119639679269	a6	a10	a38	0
12	0.524178593518169	a7	a14	a39	0
12	0.524551787544237	a7	a15	a39	1
12	0.524689977506063	a7	a17	a39	2
12	0.524716750120977	a7	a16	a39	3
13	0.525443667180448	a7	a14
13	0.526114064275101	a7	a17
13	0.541779830025875	a7	a16
13	0.541838783864775	a7	a15
13	0.542025921738717	a6	a10
12	0.542123817562946	a6	a10	a40	0
12	0.542197915507252	a7	a14	a41	0
13	0.542729581779171	a7	a14
12	0.542741480719133	a7	a15	a41	1
12	0.542765278599056	a7	a16	a41	2
12	0.542862633562378	a7	a14	a41	3
13	0.543831856308339	a7	a16
13	0.543918394053514	a7	a15
13	0.543961122065194	a7	a14
13	0.544136360999174	a6	a10
12	0.544560936811439	a8	a57	a49	0
13	0.548786142219613	a8	a57
12	0.548897559566526	a8	a57	a54	0
12	0.552575954597374	a8	a58	a53	0
13	0.561555868242012	a8	a58
12	0.561597514531877	a8	a58	a52	0
13	0.564926513416581	a8	a58
12	0.564948147852875	a8	a58	a51	0
13	0.566604804812071	a8	a58
13	0.568557853548491	a8	a57
13	0.568729847317026	a8	a56
13	0.568928884130929	a8	a55
12	0.570259942823903	a8	a55	a46	0
12	0.570321600967341	a8	a56	a48	0
13	0.602317309663107	a8	a56
12	0.602845189908675	a6	a10	a20	0
12	0.602945790037441	a7	a14	a21	0
12	0.603476374587546	a7	a15	a21	1
13	0.603513153129246	a7	a14
12	0.603605640344401	a7	a14	a21	2
13	0.604042655957536	a7	a15
13	0.604170839992576	a7	a14
12	0.604231957275106	a7	a14	a21	3
13	0.604767409573377	a7	a14
13	0.604846916126757	a6	a10
12	0.605595467622521	a8	a56	a44	0
12	0.605636032190572	a8	a57	a43	0
12	0.605917820723298	a6	a10	a22	0
12	0.605976774562199	a7	a14	a23	0
12	0.606223407135948	a7	a16	a23	1
13	0.606550087123984	a7	a14
12	0.606586324804776	a7	a15	a23	2
12	0.606690710959893	a7	a14	a23	3
12	0.606706125495753	a7	a17	a23	4
13	0.607190466438279	a7	a14
12	0.607212641735481	a7	a14	a23	5
13	0.607249961138087	a7	a16
13	0.607263753091225	a7	a17
12	0.607355699445473	a7	a17	a23	6
12	0.607372736564054	a7	a16	a23	7
13	0.607689681055758	a7	a14
12	0.607755666086454	a7	a14	a23	8
13	0.607974444323475	a7	a17
13	0.607981205084817	a7	a16
12	0.608054491737762	a7	a17	a23	9
12	0.608067742829992	a7	a16	a23	10
13	0.608189436534144	a7	a14
12	0.608248931233952	a7	a14	a23	11
13	0.608366298050846	a7	a15
12	0.608450672352392	a7	a15	a23	12
13	0.608489073476813	a7	a16
13	0.60851097834356	a7	a17
12	0.608568039169285	a7	a16	a23	13
12	0.608588321453311	a7	a17	a23	14
13	0.608708122144287	a7	a14
12	0.608790873863111	a7	a14	a23	15
13	0.609003973060605	a7	a16
13	0.609011545113308	a7	a15
13	0.609223562588987	a7	a14
13	0.609262234143862	a7	a17
13	0.60947344032818	a6	a10
12	0.609954265674809	a6	a10	a24	0
12	0.610068387326258	a7	a14	a25	0
13	0.610143026131472	a7	a14
12	0.610160874541414	a7	a14	a25	1
13	0.610214419771241	a7	a14
12	0.610274996192864	a7	a14	a25	2
12	0.610313126886832	a7	a17	a25	3
13	0.610319887648174	a7	a14
13	0.610486743238089	a7	a17
13	0.610717961275979	a6	a10
12	0.610823970013818	a6	a10	a26	0
12	0.610885087296348	a7	a14	a27	0
13	0.610966757293357	a7	a14
12	0.61099055517328	a7	a14	a27	1
13	0.611050590733996	a7	a14
12	0.611080878944807	a7	a14	a27	2
13	0.611138751061893	a7	a14
12	0.611204736092589	a7	a14	a27	3
13	0.611260985626953	a7	a14
13	0.611516812836126	a6	a10
12	0.611796978786131	a6	a10	a22	0
12	0.611859718651383	a7	a14	a23	0
12	0.612127174370064	a7	a17	a23	1
12	0.612183153473975	a7	a15	a23	2
12	0.612202083605732	a7	a16	a23	3
13	0.612306469760849	a7	a14
12	0.612383812870599	a7	a14	a23	4
13	0.612697512196859	a7	a15
13	0.612761063353472	a7	a17
12	0.612765119810277	a7	a15	a23	5
12	0.612835161297778	a7	a17	a23	6
13	0.612848412390008	a7	a16
12	0.612920346890685	a7	a16	a23	7
13	0.613248649461443	a7	a15
13	0.613287861877225	a7	a17
12	0.61331842051849	a7	a15	a23	8
13	0.613340595815691	a7	a14
12	0.613405228694119	a7	a17	a23	9
13	0.61340820342911	a7	a16
12	0.613434164752662	a7	a14	a23	10
12	0.613530437994169	a7	a16	a23	11
13	0.613747864078922	a7	a15
12	0.613832779241375	a7	a15	a23	12
13	0.613867935200352	a7	a14
13	0.613877400266231	a7	a17
12	0.613936624535585	a7	a14	a23	13
13	0.613955554667342	a7	a16
12	0.613968805759572	a7	a17	a23	14
12	0.614036683803444	a7	a16	a23	15
13	0.614271417437231	a7	a15
13	0.614402576207262	a7	a17
13	0.614497497296501	a7	a16
13	0.61456889093627	a7	a14
13	0.614687880335886	a6	a10
13	0.614850138608089	a8	a57
12	0.614908010725175	a6	a10	a28	0
12	0.614953443041392	a7	a14	a29	0
12	0.615028081846606	a7	a15	a29	1
13	0.615054043170158	a7	a14
12	0.615143826080777	a7	a14	a29	2
13	0.615199534754234	a7	a14
12	0.615289317664853	a7	a16	a29	4
12	0.6153112225316	a7	a17	a29	5
13	0.615419665143523	a7	a16
13	0.615432916235753	a7	a17
12	0.615485109313312	a7	a16	a29	6
12	0.615529730338167	a7	a17	a29	7
13	0.615552176065822	a7	a16
13	0.615586520733439	a7	a17
13	0.615632764341017	a7	a15
12	0.615633305201924	a7	a16	a29	8
12	0.615706050993962	a7	a17	a29	9
12	0.615719842947099	a7	a15	a29	10
13	0.61575013115791	a7	a16
13	0.615778255925092	a7	a15
13	0.615788261851878	a7	a17
12	0.615813952744977	a7	a16	a29	11
12	0.615840454929437	a7	a15	a29	12
13	0.615853435591213	a7	a16
13	0.615898327046523	a7	a15
12	0.615939702905934	a7	a17	a29	13
12	0.615961607772682	a7	a16	a29	14
13	0.61600271320164	a7	a16
13	0.616012178267519	a7	a17
12	0.616038410021525	a7	a15	a29	15
13	0.616105476774035	a7	a15
12	0.616381856697688	a7	a14	a29	3
13	0.616454332059273	a7	a14
13	0.616508418150007	a6	a10
13	0.61655060530078	a8	a56
12	0.617632867976376	a8	a56	a42	0
12	0.617771328368656	a6	a10	a30	0
12	0.61782757790302	a7	a14	a31	0
12	0.617977937235261	a7	a16	a31	1
13	0.618005521141536	a7	a14
12	0.618026344286469	a7	a17	a31	2
12	0.618048249153216	a7	a15	a31	3
12	0.61811261160119	a7	a14	a31	4
13	0.618255398880729	a7	a14
13	0.61825621017209	a7	a17
13	0.618271083847042	a7	a16
13	0.618272165568857	a7	a15
12	0.618311107554186	a7	a14	a31	5
12	0.618392236690287	a7	a16	a31	7
12	0.618425770066543	a7	a15	a31	8
13	0.618472284104574	a7	a14
13	0.618500949732663	a7	a16
13	0.618533401387104	a7	a15
12	0.618538809996177	a7	a14	a31	9
12	0.61860749933141	a7	a16	a31	10
12	0.61863400151587	a7	a15	a31	11
13	0.618645359594924	a7	a14
12	0.61872162098286	a7	a14	a31	12
13	0.618730815618285	a7	a16
13	0.618738387670988	a7	a15
12	0.618800586675332	a7	a16	a31	13
12	0.618817623793913	a7	a17	a31	6
12	0.618828170581607	a7	a15	a31	14
13	0.618838987799754	a7	a14
13	0.61888442011597	a7	a16
12	0.61891308574406	a7	a14	a31	15
13	0.618930934154002	a7	a15
13	0.61896906484797	a7	a17
13	0.619022880508251	a7	a14
13	0.619245715202076	a6	a10
13	0.619594570487313	a8	a56
12	0.619679485649767	a8	a56	a45	0
12	0.619731408296872	a6	a10	a32	0
12	0.61978873955305	a7	a14	a33	0
13	0.619844448226507	a7	a14
12	0.619861755775542	a7	a14	a33	1
13	0.619890421403631	a7	a14
12	0.619907728952666	a7	a14	a33	2
13	0.619927740806238	a7	a14
12	0.619947211798902	a7	a14	a33	3
13	0.619969387096103	a7	a14
12	0.619994266697841	a7	a14	a33	4
13	0.620013737690505	a7	a14
12	0.62003104523954	a7	a14	a33	5
13	0.620051057093112	a7	a14
12	0.620068364642147	a7	a14	a33	6
13	0.620088376495719	a7	a14
12	0.620105684044754	a7	a14	a33	7
13	0.620130022785584	a7	a14
12	0.620147330334619	a7	a14	a33	8
13	0.620167342188191	a7	a14
12	0.620227918609814	a7	a15	a33	9
12	0.620261992846976	a7	a14	a33	10
13	0.620286872448714	a7	a14
13	0.620317701520433	a7	a15
12	0.62037638492888	a7	a17	a33	11
12	0.620424791980087	a7	a14	a33	12
13	0.620447237707742	a7	a17
12	0.620447508138195	a7	a15	a33	13
13	0.620468601713582	a7	a14
13	0.620472928600841	a7	a15
12	0.620548108266961	a7	a14	a33	14
12	0.620586779821837	a7	a17	a33	15
13	0.62060543952314	a7	a14
13	0.620624099224443	a7	a17
13	0.620936987259342	a6	a10
13	0.62105759924168	a8	a56
12	0.623127473934087	a8	a56	a50	0
12	0.626187664947841	a6	a10	a34	0
12	0.626294755407495	a7	a14	a35	0
12	0.626381834013577	a7	a16	a35	1
12	0.626455120666522	a7	a17	a35	2
12	0.626812359295823	a7	a15	a35	3
13	0.63790433478364	a7	a14
13	0.64037363525612	a7	a17
13	0.641055390429828	a7	a15
13	0.641102986189674	a7	a16
13	0.641406950019602	a6	a10
12	0.64179636987289	a6	a10	a36	0
12	0.641863977486308	a7	a14	a37	0
12	0.642203367705666	a7	a17	a37	1
12	0.642256101644132	a7	a16	a37	2
13	0.64228098124587	a7	a14
12	0.642347507137473	a7	a14	a37	3
13	0.643134459757659	a7	a14
13	0.645270589911216	a7	a17
13	0.645873379392451	a7	a16
13	0.646043750578264	a6	a10
12	0.648028169247311	a6	a10	a38	0
12	0.648090368251655	a7	a14	a39	0
12	0.648332673938145	a7	a15	a39	1
12	0.648404338008368	a7	a17	a39	2
12	0.648611217305428	a7	a16	a39	3
13	0.649063377023968	a7	a14
13	0.649891435073112	a7	a15
13	0.649913339939859	a7	a17
13	0.65013211817688	a7	a16
13	0.650285181813658	a6	a10
12	0.650353330287984	a6	a10	a40	0
12	0.650403630352367	a7	a14	a41	0
12	0.650796565801552	a7	a17	a41	1
12	0.650838482521871	a7	a15	a41	2
13	0.650888241725347	a7	a14
12	0.650962339669653	a7	a14	a41	3
13	0.651429102632691	a7	a14
13	0.651883696225314	a7	a17
13	0.652985700324028	a7	a15
13	0.653167429588896	a6	a10
12	0.653660694736394	a8	a57	a49	0
13	0.657912402329028	a8	a57
12	0.658018951927774	a8	a57	a54	0
12	0.660782210303396	a8	a58	a53	0
13	0.674499524635462	a8	a58
12	0.674555774169826	a8	a58	a52	0
13	0.679597138687183	a8	a58
12	0.679646897890658	a8	a58	a51	0
13	0.682943445120922	a8	a58
13	0.685782424023572	a8	a57
13	0.685966316732069	a8	a56
13	0.686209704140374	a8	a55
12	0.687660833954779	a8	a55	a46	0
12	0.687733309316363	a8	a56	a48	0
13	0.720479732951523	a8	a56
12	0.720964885185411	a6	a10	a20	0
12	0.72102816591157	a7	a14	a21	0
12	0.721238560804527	a7	a16	a21	1
12	0.721266415141255	a7	a17	a21	2
13	0.721342946959645	a7	a14
12	0.721375398614085	a7	a14	a21	3
13	0.721734530256562	a7	a14
13	0.721808357770414	a7	a17
13	0.722952008158994	a7	a16
13	0.723122379344807	a6	a10
12	0.723635656345877	a8	a56	a44	0
12	0.723672434887577	a8	a57	a43	0
12	0.723843887795205	a6	a10	a22	0
12	0.723902300773198	a7	a14	a23	0
12	0.724021290172814	a7	a16	a23	1
12	0.72413000321519	a7	a15	a23	2
13	0.724244665727547	a7	a14
12	0.72431119161915	a7	a14	a23	3
12	0.724407194430204	a7	a17	a23	4
13	0.724621104919059	a7	a16
13	0.724637871607186	a7	a14
12	0.724680599618866	a7	a14	a23	5
13	0.724709806107863	a7	a15
12	0.724713592134214	a7	a16	a23	6
12	0.724784985773984	a7	a15	a23	7
13	0.724995651097394	a7	a17
13	0.725035404374084	a7	a14
12	0.725084352286199	a7	a17	a23	8
12	0.725124105562889	a7	a14	a23	9
13	0.725160343243681	a7	a16
12	0.725252289597929	a7	a16	a23	10
13	0.725293395026887	a7	a15
12	0.725359380057583	a7	a15	a23	11
13	0.725504330780752	a7	a14
13	0.725511091542093	a7	a17
12	0.725569234089633	a7	a14	a23	12
12	0.725596547565454	a7	a17	a23	13
13	0.725869952754116	a7	a14
13	0.725902404408557	a7	a16
12	0.725905108713094	a7	a14	a23	14
13	0.725929988314832	a7	a15
12	0.725970552882882	a7	a16	a23	15
13	0.72613091814191	a7	a17
13	0.726206368238485	a7	a14
13	0.72642325346233	a7	a16
13	0.726568745046405	a6	a10
12	0.726917059470735	a6	a10	a24	0
12	0.726990075693226	a7	a14	a25	0
13	0.727050652114849	a7	a14
12	0.727067959663884	a7	a14	a25	1
13	0.727100411318325	a7	a14
12	0.72711771886736	a7	a14	a25	2
13	0.72714205760819	a7	a14
12	0.727158283435411	a7	a14	a25	3
13	0.727182622176241	a7	a14
13	0.727402211704623	a6	a10
12	0.727481718258002	a6	a10	a26	0
12	0.727536886070552	a7	a14	a27	0
13	0.727605575405784	a7	a14
12	0.727629914146615	a7	a14	a27	1
13	0.727676428184646	a7	a14
12	0.727705634673643	a7	a14	a27	2
13	0.727735382023547	a7	a14
12	0.727763506790729	a7	a14	a27	3
13	0.727804612219687	a7	a14
13	0.728275702069984	a6	a10
12	0.72845580875213	a6	a10	a22	0
12	0.72853098841825	a7	a14	a23	0
12	0.728807909202811	a7	a16	a23	1
13	0.728855504962657	a7	a14
12	0.728893635656625	a7	a17	a23	2
12	0.728936634098759	a7	a15	a23	3
12	0.728966381448663	a7	a14	a23	4
13	0.729294143158513	a7	a14
12	0.729310368985734	a7	a14	a23	5
13	0.729385548651854	a7	a16
13	0.729389064247752	a7	a17
13	0.729459646596161	a7	a15
12	0.729484796628352	a7	a17	a23	6
12	0.729525631626857	a7	a16	a23	7
12	0.729547806924058	a7	a15	a23	8
13	0.729632722086511	a7	a14
12	0.729697084534485	a7	a14	a23	9
13	0.729984822537192	a7	a14
12	0.73000158922532	a7	a14	a23	10
13	0.730039990349741	a7	a16
13	0.730062706507849	a7	a15
12	0.73013193670399	a7	a15	a23	11
12	0.730142213061229	a7	a16	a23	12
13	0.730319615438838	a7	a14
12	0.730379650999553	a7	a14	a23	13
13	0.730485930167846	a7	a17
12	0.730581121687539	a7	a17	a23	14
13	0.73062682443421	a7	a16
13	0.730748518138362	a7	a14
12	0.730770152574656	a7	a16	a23	15
13	0.731092505675433	a7	a15
13	0.731156597692953	a7	a17
13	0.731200136995995	a7	a16
13	0.731425675994357	a6	a10
13	0.731586852544746	a8	a57
12	0.731635530026407	a6	a10	a28	0
12	0.731719363467045	a7	a14	a29	0
13	0.731811850682201	a7	a14
12	0.731830780813958	a7	a14	a29	1
13	0.731883785182878	a7	a14
12	0.73190163359282	a7	a14	a29	2
13	0.731947065909037	a7	a14
12	0.731964914318979	a7	a14	a29	3
13	0.732013050939733	a7	a14
12	0.732075249944078	a7	a16	a29	4
12	0.732129336034812	a7	a14	a29	5
13	0.732189912456435	a7	a14
12	0.732236426494466	a7	a15	a29	6
13	0.732265632983463	a7	a16
12	0.732286726558849	a7	a14	a29	7
12	0.732341623940945	a7	a17	a29	8
13	0.732350548145916	a7	a15
12	0.732351089006823	a7	a16	a29	9
13	0.732380836356727	a7	a14
13	0.732415451454797	a7	a16
12	0.732433840725647	a7	a14	a29	10
13	0.732453041287858	a7	a17
12	0.732487926816381	a7	a15	a29	11
12	0.732497121451806	a7	a16	a29	12
13	0.732517674166285	a7	a14
13	0.732552830125263	a7	a16
13	0.732560943038873	a7	a15
12	0.732586363501518	a7	a14	a29	13
12	0.732609890950987	a7	a17	a29	14
13	0.732650725949492	a7	a14
12	0.732660461445824	a7	a15	a29	15
13	0.732699673861607	a7	a17
13	0.732759438991868	a7	a15
13	0.732953608057605	a6	a10
13	0.732992009182026	a8	a56
12	0.733854141468333	a8	a56	a42	0
12	0.733992060999706	a6	a10	a30	0
12	0.734055882586772	a7	a14	a31	0
13	0.734227876355308	a7	a14
12	0.734251674235231	a7	a14	a31	1
12	0.734320363570464	a7	a15	a31	2
13	0.734354437807626	a7	a14
12	0.734422045421045	a7	a14	a31	3
13	0.734536167072494	a7	a14
13	0.734598906937746	a7	a15
12	0.734656238193925	a7	a14	a31	4
12	0.734663539816174	a7	a17	a31	5
12	0.734689230709273	a7	a15	a31	6
13	0.734784422228965	a7	a15
13	0.734800648056186	a7	a14
12	0.734848243816032	a7	a14	a31	8
13	0.734858249742818	a7	a17
12	0.73487095997414	a7	a15	a31	9
12	0.734939378878919	a7	a17	a31	10
13	0.734969937520184	a7	a15
12	0.735031595663622	a7	a15	a31	11
13	0.735048091921295	a7	a17
13	0.735054852682637	a7	a14
12	0.735097580694318	a7	a16	a31	7
13	0.73513165493148	a7	a15
12	0.735138956553729	a7	a17	a31	12
12	0.735161943142291	a7	a14	a31	13
12	0.735244154000208	a7	a15	a31	14
13	0.735254430357447	a7	a14
13	0.735281743833268	a7	a17
12	0.735322578831773	a7	a14	a31	15
13	0.735324201414495	a7	a16
13	0.735356112208028	a7	a15
13	0.735436159622315	a7	a14
13	0.735591386702723	a6	a10
13	0.735890482784484	a8	a56
12	0.735952681788829	a8	a56	a45	0
12	0.736007849601378	a6	a10	a32	0
12	0.736067344301186	a7	a14	a33	0
13	0.736127920722808	a7	a14
12	0.736178761648099	a7	a14	a33	1
13	0.736199855223485	a7	a14
12	0.736217703633428	a7	a15	a33	2
12	0.736240960652443	a7	a14	a33	3
13	0.7362598907842	a7	a14
12	0.736311272570398	a7	a14	a33	4
13	0.736337774754858	a7	a15
13	0.7363556231648	a7	a14
12	0.736419444751867	a7	a15	a33	5
12	0.736445946936327	a7	a14	a33	6
13	0.736466499650806	a7	a15
13	0.736466499650806	a7	a14
12	0.736588193354958	a7	a14	a33	7
12	0.73660820520853	a7	a15	a33	8
13	0.736623349313936	a7	a14
13	0.736636329975712	a7	a15
12	0.736655260107469	a7	a16	a33	9
13	0.736715295668184	a7	a16
12	0.736743961296274	a7	a14	a33	10
12	0.736778576394344	a7	a15	a33	11
13	0.736791016195212	a7	a14
13	0.736799129108823	a7	a15
12	0.736811298479238	a7	a17	a33	12
12	0.736827253876005	a7	a16	a33	13
13	0.736852133477742	a7	a16
12	0.736862409834982	a7	a15	a33	14
13	0.736877283509934	a7	a17
13	0.736886207714905	a7	a15
12	0.736913250760272	a7	a14	a33	15
13	0.736953815328323	a7	a14
13	0.73724155333103	a6	a10
13	0.737326468493483	a8	a56
12	0.739321704380676	a8	a56	a50	0
12	0.74233916738275	a6	a10	a34	0
12	0.742418133075223	a7	a14	a35	0
12	0.742953044512586	a7	a16	a35	1
12	0.7430276833178	a7	a15	a35	2
12	0.743660761009846	a7	a17	a35	3
13	0.744983977219664	a7	a14
13	0.753559326905608	a7	a15
13	0.75395713010296	a7	a17
13	0.754416050582841	a7	a16
13	0.754801684409778	a6	a10
12	0.754947716854761	a6	a10	a36	0
12	0.755211656977545	a7	a14	a37	0
12	0.755405555612828	a7	a17	a37	1
12	0.755590800473593	a7	a15	a37	2
12	0.755701136098691	a7	a16	a37	3
13	0.757406470539548	a7	a16
13	0.757750458076619	a7	a14
13	0.759415498379878	a7	a17
13	0.759510960330024	a7	a15
13	0.759683494959467	a6	a10
12	0.762877819478243	a6	a10	a38	0
12	0.762953540005271	a7	a14	a39	0
12	0.763249931782496	a7	a16	a39	1
12	0.763292389363722	a7	a17	a39	2
12	0.763354317937613	a7	a15	a39	3
13	0.764539344185604	a7	a14
13	0.764825459605589	a7	a15
13	0.764863319869103	a7	a16
13	0.766069169262028	a7	a17
13	0.766266853923662	a6	a10
12	0.766468054181194	a6	a10	a40	0
12	0.76655242848274	a7	a14	a41	0
12	0.766669795299634	a7	a15	a41	1
12	0.767067328066532	a7	a16	a41	2
13	0.767166846473483	a7	a14
12	0.767167116903937	a7	a17	a41	3
13	0.767789918238744	a7	a15
13	0.768274529611724	a7	a16
13	0.768442466923454	a7	a17
13	0.768612567678814	a6	a10
12	0.769083657529111	a8	a57	a49	0
13	0.775762208012998	a8	a57
12	0.775881197412614	a8	a57	a54	0
12	0.778290732754833	a8	a58	a53	0
13	0.793009721487301	a8	a58
12	0.79305677638624	a8	a58	a52	0
13	0.798108958121743	a8	a58
12	0.798157094742496	a8	a58	a51	0
13	0.800908995039064	a8	a58
13	0.805500904142417	a8	a57
13	0.80569182804271	a8	a56
13	0.805955768165494	a8	a55
12	0.807476128176039	a8	a55	a47	0
13	0.821011713243237	a8	a55
12	0.821198851117178	a8	a55	a46	0
12	0.821309727603184	a8	a56	a48	0
13	0.845107607526333	a8	a56
12	0.845449431619774	a6	a10	a20	0
12	0.84551541665047	a7	a14	a21	0
12	0.845630349593281	a7	a17	a21	1
12	0.845783142799606	a7	a15	a21	2
13	0.845820462202213	a7	a14
12	0.845897264451056	a7	a14	a21	3
13	0.846252069206273	a7	a14
13	0.846379712380407	a7	a15
13	0.846422710822541	a7	a17
13	0.846662582634948	a6	a10
12	0.847042266991903	a8	a56	a44	0
12	0.847076341229066	a8	a57	a43	0
12	0.847233190892196	a6	a10	a22	0
12	0.847313238306483	a7	a14	a23	0
12	0.847471169691427	a7	a16	a23	1
13	0.847646949486314	a7	a14
12	0.84768859577618	a7	a14	a23	2
12	0.847836521234339	a7	a17	a23	3
12	0.847863293849252	a7	a15	a23	4
13	0.848004458546069	a7	a14
12	0.848066116689506	a7	a14	a23	5
13	0.84814075549472	a7	a16
12	0.848214853439026	a7	a16	a23	6
13	0.848420380583817	a7	a14
12	0.848489069919049	a7	a14	a23	7
13	0.848566142598346	a7	a17
12	0.848653762065336	a7	a17	a23	8
13	0.848770317590868	a7	a16
13	0.848810341298012	a7	a14
12	0.848852528448785	a7	a14	a23	9
12	0.848883357520503	a7	a16	a23	10
13	0.849108626088412	a7	a17
12	0.849180019728182	a7	a17	a23	11
13	0.849231671944833	a7	a14
12	0.849271154791069	a7	a14	a23	12
13	0.84942584101057	a7	a16
12	0.849494530345802	a7	a16	a23	13
13	0.84954807557563	a7	a15
13	0.849579986369163	a7	a14
12	0.849640021929878	a7	a15	a23	14
12	0.849653543452562	a7	a14	a23	15
13	0.849948853507972	a7	a14
13	0.84999807185054	a7	a16
13	0.850143563434616	a7	a15
13	0.850234698497503	a7	a17
13	0.85040534011377	a6	a10
12	0.85070281361281	a6	a10	a24	0
12	0.85078826963617	a7	a14	a25	0
13	0.850843978309626	a7	a14
12	0.850859663275939	a7	a14	a25	1
13	0.850889410625843	a7	a14
12	0.850905636453064	a7	a14	a25	2
13	0.850931597776616	a7	a14
12	0.850947282742929	a7	a14	a25	3
13	0.850972162344667	a7	a14
13	0.851381594051527	a6	a10
12	0.851458937161277	a6	a10	a26	0
12	0.851529789940139	a7	a14	a27	0
13	0.851598479275372	a7	a14
12	0.851619572850758	a7	a14	a27	1
13	0.851666627749697	a7	a14
12	0.851682853576917	a7	a14	a27	2
13	0.851712600926821	a7	a14
12	0.8517331536413	a7	a14	a27	3
13	0.851774259070259	a7	a14
13	0.851958692639663	a6	a10
12	0.85225670699961	a6	a10	a22	0
12	0.852323232891213	a7	a14	a23	0
12	0.852569324604055	a7	a16	a23	1
12	0.852663434401933	a7	a15	a23	2
12	0.852727526419453	a7	a17	a23	3
13	0.852729419432629	a7	a14
12	0.852817579760526	a7	a14	a23	4
13	0.853170761933022	a7	a15
13	0.853228904480561	a7	a17
13	0.853247564181864	a7	a16
12	0.853258922260919	a7	a15	a23	5
13	0.853305977159858	a7	a14
12	0.8533238255698	a7	a16	a23	6
12	0.853387647156867	a7	a14	a23	7
12	0.853523132814156	a7	a17	a23	8
13	0.853712704562181	a7	a15
13	0.853745697077529	a7	a16
12	0.85378409820195	a7	a15	a23	9
13	0.853824662770001	a7	a14
12	0.853841970319036	a7	a16	a23	10
12	0.853912823097898	a7	a14	a23	11
13	0.853931482799201	a7	a17
12	0.854002876438971	a7	a17	a23	12
13	0.854218409510548	a7	a15
13	0.854250861164988	a7	a16
12	0.854307651560259	a7	a15	a23	13
13	0.854326040831109	a7	a14
12	0.854341725797422	a7	a16	a23	14
12	0.854412578576284	a7	a14	a23	15
13	0.854466935097472	a7	a17
13	0.854797671542313	a7	a15
13	0.854819846839514	a7	a16
13	0.854829582335846	a7	a14
13	0.85501834279251	a6	a10
13	0.855180601064713	a8	a57
12	0.855249831260853	a6	a10	a28	0
12	0.855315275430642	a7	a14	a29	0
13	0.85540938522852	a7	a14
12	0.855435346552072	a7	a14	a29	1
13	0.855495382112787	a7	a14
12	0.855513771383637	a7	a14	a29	2
13	0.855556499395317	a7	a14
12	0.855580838136148	a7	a14	a29	3
13	0.855625729591457	a7	a14
12	0.855705236144837	a7	a14	a29	4
12	0.855718757667521	a7	a15	a29	5
12	0.855744718991073	a7	a16	a29	6
13	0.855759322235571	a7	a14
12	0.855832338458063	a7	a14	a29	7
12	0.855872091734753	a7	a17	a29	8
13	0.855888587992427	a7	a14
13	0.855896160045129	a7	a16
12	0.855906436402369	a7	a14	a29	9
13	0.855949705274957	a7	a14
12	0.856001627922062	a7	a14	a29	10
13	0.856005684378867	a7	a17
12	0.856011363418394	a7	a16	a29	11
13	0.856060581760962	a7	a16
13	0.856068694674572	a7	a14
12	0.856106284507633	a7	a17	a29	12
12	0.856156855002469	a7	a16	a29	13
12	0.856183357186929	a7	a14	a29	14
13	0.856188495365549	a7	a17
13	0.856227166920424	a7	a14
13	0.856235279834034	a7	a16
13	0.856254750826699	a7	a15
12	0.856275844402085	a7	a14	a29	15
13	0.856345074598225	a7	a14
13	0.856573317901125	a6	a10
13	0.856608473860102	a8	a56
12	0.857284009133375	a8	a56	a42	0
12	0.857411652307508	a6	a10	a30	0
12	0.857468983563687	a7	a14	a31	0
12	0.857613393425948	a7	a16	a31	1
13	0.857632864418612	a7	a14
12	0.857674510708478	a7	a14	a31	2
13	0.857791877525371	a7	a14
12	0.85784109586794	a7	a14	a31	3
12	0.857892207223684	a7	a17	a31	4
12	0.857959003545741	a7	a15	a31	5
13	0.857990914339274	a7	a14
13	0.858026611159159	a7	a16
12	0.858044459569101	a7	a14	a31	6
13	0.858090703176679	a7	a17
12	0.858105035990724	a7	a16	a31	7
13	0.858151009167848	a7	a14
13	0.858178052213215	a7	a15
12	0.858206717841304	a7	a14	a31	8
13	0.858253772740243	a7	a16
12	0.858265130819298	a7	a15	a31	9
13	0.858303531943719	a7	a14
12	0.858329493267271	a7	a16	a31	10
12	0.858359511047629	a7	a17	a31	11
13	0.85837654816621	a7	a15
12	0.85840305035067	a7	a14	a31	12
13	0.858449023527795	a7	a16
12	0.858465249355015	a7	a15	a31	13
13	0.858498512300817	a7	a17
13	0.858508518227602	a7	a14
12	0.85856206345743	a7	a16	a31	14
13	0.858590188224611	a7	a15
12	0.858604521038656	a7	a17	a31	15
13	0.858684298022489	a7	a16
13	0.859890147415413	a7	a17
13	0.8602463043229	a6	a10
13	0.860614630600801	a8	a56
12	0.860734160861324	a8	a56	a45	0
12	0.860798523309298	a6	a10	a32	0
12	0.860872621253604	a7	a14	a33	0
13	0.860929411648875	a7	a14
12	0.860974843965092	a7	a14	a33	1
13	0.860995937540479	a7	a14
12	0.861022439724939	a7	a14	a33	2
13	0.861040828995788	a7	a14
12	0.861047048896223	a7	a17	a33	3
12	0.861091129060171	a7	a14	a33	4
13	0.861107895748299	a7	a14
12	0.861124662436427	a7	a14	a33	5
13	0.861134127502305	a7	a17
13	0.861142510846369	a7	a14
12	0.861159818395404	a7	a14	a33	6
13	0.861207955016158	a7	a14
12	0.861221206108388	a7	a17	a33	7
13	0.861240677101052	a7	a17
12	0.861301523953128	a7	a14	a33	8
13	0.861338843355735	a7	a14
12	0.861355339613409	a7	a17	a33	9
13	0.861393199876923	a7	a17
12	0.86145188328537	a7	a15	a33	10
12	0.861503805932475	a7	a14	a33	11
12	0.861510837124271	a7	a16	a33	12
13	0.861512459706993	a7	a15
13	0.861554646857766	a7	a14
12	0.861561948480015	a7	a17	a33	13
13	0.861583853346762	a7	a16
12	0.861599538313075	a7	a15	a33	14
13	0.861610085100768	a7	a17
12	0.861614141557573	a7	a14	a33	15
13	0.861633612550238	a7	a14
13	0.861635775993867	a7	a15
13	0.861997071079973	a6	a10
13	0.862102538956905	a8	a56
12	0.86375540988975	a8	a56	a50	0
12	0.866570590912477	a6	a10	a34	0
12	0.866656587796744	a7	a14	a35	0
12	0.866804242824449	a7	a15	a35	1
12	0.866870498285599	a7	a17	a35	2
12	0.867155261553316	a7	a16	a35	3
13	0.879556390867359	a7	a17
13	0.879710265795499	a7	a14
13	0.881250096798708	a7	a15
13	0.881633567182015	a7	a16
13	0.881794202871496	a6	a10
12	0.882193899082024	a6	a10	a36	0
12	0.882272323913589	a7	a14	a37	0
12	0.882524635526865	a7	a17	a37	1
12	0.882761262173828	a7	a15	a37	2
12	0.882843473031744	a7	a16	a37	3
13	0.884427654629356	a7	a16
13	0.884750007730133	a7	a14
13	0.886381514657137	a7	a17
13	0.886720904876496	a7	a15
13	0.886880458844162	a6	a10
12	0.889898462707143	a6	a10	a38	0
12	0.889967152042376	a7	a14	a39	0
12	0.890123460844599	a7	a16	a39	1
12	0.890173760908982	a7	a15	a39	2
12	0.890320604645326	a7	a17	a39	3
13	0.891566748175847	a7	a17
13	0.891676272509584	a7	a14
13	0.89181365118005	a7	a15
13	0.891928313692407	a7	a16
13	0.892131136532661	a6	a10
12	0.89222903235689	a6	a10	a40	0
12	0.892295558248493	a7	a14	a41	0
12	0.892606282839763	a7	a17	a41	1
12	0.892772056707864	a7	a15	a41	2
12	0.892805590084119	a7	a16	a41	3
13	0.892900781603812	a7	a14
13	0.893566851811206	a7	a17
13	0.894124749837132	a7	a15
13	0.894184785397847	a7	a16
13	0.894356238305475	a6	a10
12	0.894811102328552	a8	a57	a49	0
13	0.902446976618438	a8	a57
12	0.902647636015063	a8	a57	a54	0
12	0.904586081506985	a8	a58	a53	0
13	0.913429157342064	a8	a58
12	0.913481079989169	a8	a58	a52	0
13	0.917962112606517	a8	a58
12	0.918006463200919	a8	a58	a51	0
13	0.921264068445854	a8	a58
13	0.924163623770127	a8	a57
13	0.924312360519646	a8	a56
13	0.924564942563376	a8	a55
12	0.926149665021895	a8	a55	a46	0
12	0.926225385548923	a8	a56	a48	0
13	0.96318619737411	a8	a56
12	0.963568045174695	a6	a10	a20	0
12	0.963629703318133	a7	a14	a21	0
12	0.963855783177403	a7	a15	a21	1
13	0.963939616618041	a7	a14
12	0.963999111317849	a7	a14	a21	2
13	0.96433282249768	a7	a15
12	0.96439610322384	a7	a16	a21	3
13	0.964464251698165	a7	a14
13	0.964926687773944	a7	a16
13	0.965066770748946	a6	a10
12	0.9812428387658	a8	a56	a44	0
12	0.98126934095026	a8	a57	a43	0
12	0.981460805711459	a6	a10	a22	0
12	0.981552752065708	a7	a14	a23	0
13	0.981894035298242	a7	a14
12	0.981967051520734	a7	a14	a23	1
12	0.982091449529423	a7	a15	a23	3
12	0.982091449529423	a7	a16	a23	2
13	0.982272637933383	a7	a14
12	0.982339163824987	a7	a14	a23	4
13	0.982606349113215	a7	a15
12	0.982672334143911	a7	a15	a23	5
13	0.982691805136575	a7	a14
12	0.982790782682619	a7	a14	a23	6
12	0.982802952053034	a7	a17	a23	7
13	0.982996850688317	a7	a15
12	0.983063917440828	a7	a15	a23	8
13	0.983139097106949	a7	a14
12	0.983206163859459	a7	a14	a23	9
13	0.983391138289771	a7	a15
13	0.983426023818295	a7	a17
12	0.983456041598653	a7	a15	a23	10
13	0.98353608901294	a7	a14
12	0.983539604608837	a7	a17	a23	11
12	0.983599910600006	a7	a14	a23	12
13	0.983762168872209	a7	a15
13	0.983783803308503	a7	a16
12	0.983861687279161	a7	a15	a23	13
12	0.983873045358215	a7	a16	a23	14
13	0.983919018535339	a7	a14
12	0.983981758400591	a7	a14	a23	15
13	0.98407667948983	a7	a17
13	0.984244075940653	a7	a15
13	0.984336022294902	a7	a16
13	0.984339267460346	a7	a14
13	0.984495035401661	a6	a10
12	0.98483740035601	a6	a10	a24	0
12	0.984963961808328	a7	a14	a25	0
13	0.98501858875997	a7	a14
12	0.985035355448098	a7	a14	a25	1
13	0.985061857632558	a7	a14
12	0.985077542598871	a7	a14	a25	2
13	0.985101881339701	a7	a14
12	0.985120811471458	a7	a14	a25	3
13	0.985152722264992	a7	a14
13	0.98562759814164	a6	a10
12	0.98570494125139	a6	a10	a26	0
12	0.985763895090291	a7	a14	a27	0
13	0.985822848929191	a7	a14
12	0.985848269391836	a7	a14	a27	1
13	0.985897487734405	a7	a14
12	0.985924530779772	a7	a14	a27	2
13	0.985953737268769	a7	a14
12	0.986024590047631	a7	a14	a27	3
13	0.986072726668384	a7	a14
13	0.986469177713468	a6	a10
12	0.986674704858258	a6	a10	a22	0
12	0.986728250088086	a7	a14	a23	0
12	0.986828309355944	a7	a16	a23	1
13	0.987013824647163	a7	a14
12	0.987087922591469	a7	a14	a23	2
12	0.987176623780274	a7	a15	a23	3
12	0.987380798772796	a7	a17	a23	4
13	0.987386477812324	a7	a16
13	0.987410816553154	a7	a14
12	0.987469770392055	a7	a14	a23	5
12	0.987483291914738	a7	a16	a23	6
13	0.98771315780036	a7	a15
13	0.987736685249829	a7	a17
12	0.987812676207311	a7	a15	a23	7
13	0.987813757929126	a7	a14
12	0.987821059551375	a7	a17	a23	8
12	0.98790245911793	a7	a14	a23	9
13	0.987944105407796	a7	a16
12	0.988019285073916	a7	a16	a23	10
13	0.988122319076766	a7	a17
12	0.98819479443835	a7	a17	a23	11
13	0.988210749835116	a7	a14
12	0.988273489700368	a7	a14	a23	12
13	0.98831189082479	a7	a15
12	0.98838112102093	a7	a15	a23	13
13	0.988454137243421	a7	a16
13	0.988486859328315	a7	a17
12	0.988540674988596	a7	a16	a23	14
13	0.988563932007612	a7	a14
12	0.988577183099842	a7	a17	a23	15
13	0.988795961336863	a7	a15
13	0.9889054856706	a7	a17
13	0.989009601395264	a7	a16
13	0.989176727415633	a6	a10
13	0.989288685623453	a8	a57
12	0.989316810390635	a6	a10	a28	0
12	0.989372519064092	a7	a14	a29	0
13	0.989449321312935	a7	a14
12	0.989471496610136	a7	a14	a29	1
13	0.989503407403669	a7	a14
12	0.989525041839963	a7	a14	a29	2
13	0.989585077400678	a7	a14
12	0.989645653822301	a7	a14	a29	3
12	0.989672967298122	a7	a17	a29	4
12	0.989702985078479	a7	a15	a29	5
13	0.989704607661201	a7	a14
12	0.989749499116511	a7	a14	a29	6
13	0.989780869049137	a7	a14
13	0.989810345968587	a7	a17
13	0.989823597060817	a7	a15
12	0.989846313218925	a7	a14	a29	7
13	0.989878224012459	a7	a14
12	0.989945290764969	a7	a15	a29	8
12	0.989978553710771	a7	a17	a29	9
13	0.990018847848368	a7	a15
13	0.990031558079691	a7	a17
12	0.990044809171921	a7	a14	a29	10
12	0.990092945792674	a7	a16	a29	11
13	0.990122693142578	a7	a14
12	0.990152440492482	a7	a15	a29	12
12	0.990192734630079	a7	a17	a29	13
13	0.990204363139587	a7	a15
12	0.990215180357734	a7	a14	a29	14
13	0.990243034694462	a7	a17
12	0.990258990091229	a7	a15	a29	15
13	0.990266021283025	a7	a14
13	0.990309290155612	a7	a15
13	0.990620826038242	a7	a16
13	0.990734947689692	a6	a10
13	0.990766317622318	a8	a56
12	0.991484040046364	a8	a56	a42	0
12	0.991587344479667	a6	a10	a30	0
12	0.991694975800228	a7	a14	a31	0
13	0.99182694586162	a7	a14
12	0.991844794271563	a7	a14	a31	1
13	0.99193079115583	a7	a14
12	0.992006511682859	a7	a14	a31	2
12	0.992017058470552	a7	a17	a31	3
12	0.992110897837976	a7	a16	a31	4
13	0.992116306447049	a7	a14
12	0.992155248432378	a7	a14	a31	5
13	0.992229887237592	a7	a14
13	0.99224962866071	a7	a17
12	0.992295872268288	a7	a15	a31	6
13	0.992302903460083	a7	a16
12	0.992319670148211	a7	a14	a31	7
12	0.992370240643048	a7	a17	a31	8
12	0.992379164848019	a7	a16	a31	9
13	0.992451640209603	a7	a14
13	0.992483010142229	a7	a16
13	0.992507619313513	a7	a17
13	0.99252952418026	a7	a15
12	0.992538718815685	a7	a14	a31	10
12	0.992579824244644	a7	a16	a31	11
12	0.99259577964141	a7	a17	a31	12
13	0.992647972718969	a7	a14
12	0.992657708215301	a7	a15	a31	13
13	0.992667714142087	a7	a17
13	0.992725856689626	a7	a16
12	0.992728020133256	a7	a14	a31	14
13	0.992789678276693	a7	a15
13	0.992799954633933	a7	a14
12	0.992809419699811	a7	a17	a31	15
13	0.99291759188128	a7	a17
13	0.993129879787413	a6	a10
13	0.993353796203053	a8	a56
12	0.993404637128344	a8	a56	a45	0
12	0.993445201696394	a6	a10	a32	0
12	0.993520381362515	a7	a14	a33	0
13	0.993568517983269	a7	a14
12	0.993626390100355	a7	a14	a33	1
12	0.993670470264303	a7	a17	a33	2
13	0.993673444999294	a7	a14
13	0.993736996155907	a7	a17
12	0.993745920360878	a7	a15	a33	3
12	0.993767554797172	a7	a14	a33	4
13	0.993784321485299	a7	a14
13	0.993803792477964	a7	a15
12	0.993827319927433	a7	a17	a33	5
13	0.993843545754653	a7	a17
12	0.993900065719471	a7	a15	a33	6
12	0.993910071646257	a7	a17	a33	7
13	0.993926838334384	a7	a17
13	0.993929272208467	a7	a15
12	0.993936303400263	a7	a14	a33	8
13	0.993966050750167	a7	a14
12	0.993997691113247	a7	a17	a33	9
13	0.994015539523189	a7	a17
12	0.994019595979994	a7	a15	a33	10
12	0.994036903529029	a7	a16	a33	11
13	0.994102347698818	a7	a16
12	0.994103429420632	a7	a14	a33	12
13	0.994122900413297	a7	a14
12	0.99412533428738	a7	a17	a33	13
13	0.994143453127776	a7	a15
12	0.994173741338587	a7	a16	a33	14
13	0.994175634351763	a7	a17
13	0.99419970266214	a7	a16
12	0.994219173654804	a7	a14	a33	15
13	0.994259738222855	a7	a14
13	0.994784914163886	a6	a10
13	0.994876860518135	a8	a56
12	0.996102992195084	a8	a56	a50	0
12	0.997964635438163	a6	a10	a34	0
12	0.998091196890482	a7	a14	a35	0
12	0.998163131391159	a7	a15	a35	1
12	0.998427071513943	a7	a16	a35	2
12	0.998577160415731	a7	a17	a35	3
13	1.00912313681758	a7	a14
13	1.01064214467586	a7	a17
13	1.01215412134234	a7	a15
13	1.0122617526629	a7	a16
13	1.01284966846919	a6	a10
12	1.01291511263897	a6	a10	a36	0
12	1.01297731164332	a7	a14	a37	0
12	1.01312145107513	a7	a17	a37	1
12	1.01375398790627	a7	a15	a37	2
12	1.01394869783291	a7	a16	a37	3
13	1.01510019070465	a7	a14
13	1.01541551261363	a7	a16
13	1.01712246963721	a7	a15
13	1.0171330164249	a7	a17
13	1.01733773227833	a6	a10
12	1.01905388393733	a6	a10	a38	0
12	1.01911716466349	a7	a14	a39	0
12	1.01926833528709	a7	a17	a39	1
12	1.01928320896205	a7	a16	a39	2
12	1.01962719649912	a7	a15	a39	3
13	1.0203254479305	a7	a14
13	1.0205793821265	a7	a17
13	1.02077652592722	a7	a15
13	1.02111185968978	a7	a16
13	1.02128980292829	a6	a10
12	1.02134713418447	a6	a10	a40	0
12	1.02141041491063	a7	a14	a41	0
12	1.02171897605827	a7	a17	a41	1
13	1.02177549602309	a7	a14
12	1.02185337999375	a7	a14	a41	2
12	1.02188474992637	a7	a15	a41	3
13	1.02277689999304	a7	a17
13	1.0229102222067	a7	a14
13	1.02302272127542	a7	a15
13	1.02315036444956	a6	a10
12	1.02337698516974	a8	a57	a49	0
13	1.02736962038775	a8	a57
12	1.02743885058389	a8	a57	a54	0
12	1.0286617370954	a8	a58	a53	0
13	1.03592009047196	a8	a58
12	1.03594821523914	a8	a58	a52	0
13	1.03884344367615	a8	a58
12	1.03886832327789	a8	a58	a51	0
13	1.0404892834172	a8	a58
13	1.04236877507022	a8	a57
13	1.04249641824436	a8	a56
13	1.0426251431403	a8	a55
12	1.04302754365537	a8	a55	a46	0
12	1.04308703835518	a8	a56	a48	0
13	1.06315081457402	a8	a56
12	1.06329792874082	a6	a10	a20	0
12	1.0633996105914	a7	a14	a21	0
12	1.06350021072016	a7	a15	a21	1
12	1.06351210966013	a7	a16	a21	2
13	1.0636278538943	a7	a14
12	1.06363299207292	a7	a17	a21	3
13	1.06403728560116	a7	a15
13	1.06447538293611	a7	a16
13	1.06467198587593	a7	a17
13	1.06486101676304	a6	a10
12	1.06501462126073	a8	a56	a44	0
12	1.0650346331143	a8	a57	a43	0
12	1.06517093006295	a6	a10	a22	0
12	1.06524665058998	a7	a14	a23	0
12	1.06553438859269	a7	a15	a23	1
13	1.0655576456117	a7	a14
12	1.06561064998062	a7	a16	a23	2
12	1.06565283713139	a7	a14	a23	3
13	1.06594922890862	a7	a14
12	1.06597491980172	a7	a17	a23	4
13	1.06598168056306	a7	a15
12	1.06599736552937	a7	a14	a23	5
12	1.06606767744733	a7	a15	a23	6
13	1.06625319273855	a7	a16
12	1.06633324015283	a7	a16	a23	7
13	1.06634730253642	a7	a14
13	1.06639165313083	a7	a15
12	1.06644249405612	a7	a14	a23	8
12	1.0664706188233	a7	a15	a23	9
13	1.06655201838985	a7	a17
12	1.06662557547325	a7	a17	a23	10
13	1.0668465171539	a7	a14
13	1.0668535483457	a7	a16
13	1.06688924516558	a7	a15
12	1.06692061509821	a7	a14	a23	11
12	1.06694495383904	a7	a16	a23	12
12	1.0669790280762	a7	a15	a23	13
13	1.06709450187992	a7	a17
12	1.06716968154604	a7	a17	a23	14
13	1.06729002309793	a7	a15
13	1.06730192203789	a7	a14
12	1.06735817157225	a7	a15	a23	15
13	1.06749987712998	a7	a16
13	1.06765780851492	a7	a15
13	1.06781330602578	a7	a17
13	1.06799097883384	a6	a10
12	1.06809915101531	a6	a10	a24	0
12	1.06821543611039	a7	a14	a25	0
13	1.06824951034755	a7	a14
12	1.06826411359205	a7	a15	a25	1
12	1.06834470186725	a7	a14	a25	2
13	1.06837336749534	a7	a14
12	1.06840095140161	a7	a14	a25	3
13	1.06842312669881	a7	a15
13	1.06843069875152	a7	a14
13	1.06856320967381	a6	a10
12	1.06863352159177	a6	a10	a26	0
12	1.06870816039698	a7	a14	a27	0
13	1.06874872496503	a7	a14
12	1.06878009489766	a7	a14	a27	1
13	1.06882877237932	a7	a14
12	1.06885419284197	a7	a14	a27	2
13	1.06888556277459	a7	a14
12	1.06890719721089	a7	a14	a27	3
13	1.06894992522257	a7	a14
13	1.06911272435568	a6	a10
12	1.06924577613888	a6	a10	a22	0
12	1.06931446547412	a7	a14	a23	0
12	1.06958327334507	a7	a15	a23	1
13	1.06959733572866	a7	a14
12	1.06964763579304	a7	a14	a23	2
12	1.06977636068899	a7	a16	a23	3
13	1.06993591465665	a7	a15
13	1.06996728458928	a7	a14
12	1.06999595021737	a7	a15	a23	4
12	1.07008032451892	a7	a14	a23	5
12	1.07013630362283	a7	a17	a23	6
13	1.07030207749093	a7	a15
13	1.07031127212635	a7	a16
12	1.07035778616438	a7	a15	a23	7
12	1.07037779801795	a7	a16	a23	8
13	1.07038374748794	a7	a14
12	1.07044810993591	a7	a14	a23	9
13	1.07065553009388	a7	a17
13	1.07065796396796	a7	a15
12	1.07073152105136	a7	a15	a23	10
12	1.07074801730903	a7	a17	a23	11
13	1.07076559528852	a7	a14
13	1.07079317919479	a7	a16
12	1.07083969323283	a7	a14	a23	12
12	1.07086078680821	a7	a16	a23	13
13	1.07104467951671	a7	a15
12	1.07112797209644	a7	a15	a23	14
13	1.07115122911546	a7	a14
13	1.07119368669668	a7	a17
12	1.07121667328525	a7	a14	a23	15
13	1.07129239381227	a7	a16
13	1.0714265273173	a7	a15
13	1.07155525221324	a7	a14
13	1.07164936201112	a6	a10
13	1.07171751048545	a8	a57
12	1.07174509439172	a6	a10	a28	0
12	1.07178836326431	a7	a14	a29	0
13	1.07182568266692	a7	a14
12	1.07184136763323	a7	a14	a29	1
13	1.07187868703583	a7	a14
12	1.07189491286306	a7	a14	a29	2
13	1.07192466021296	a7	a14
12	1.07204310875167	a7	a14	a29	3
13	1.07207718298883	a7	a14
12	1.07207961686291	a7	a17	a29	4
12	1.07211017550418	a7	a16	a29	5
12	1.07216642503854	a7	a14	a29	6
13	1.07219779497117	a7	a14
13	1.07222186328154	a7	a17
12	1.07223349179105	a7	a15	a29	7
13	1.07225404450553	a7	a16
12	1.07229028218632	a7	a14	a29	8
13	1.19833521233838	a7	a15
13	1.19834981558287	a7	a14
12	1.19835089730469	a7	a15	a29	10
13	1.19838443068094	a7	a15
12	1.19842337266627	a7	a14	a29	11
12	1.19844554796347	a7	a15	a29	12
13	1.19847908133973	a7	a14
13	1.19848016306154	a7	a15
12	1.19854073948317	a7	a14	a29	13
12	1.19856399650218	a7	a15	a29	14
13	1.19859915246116	a7	a15
13	1.19860077504388	a7	a14
12	1.19866297404823	a7	a15	a29	15
13	1.19871543755624	a7	a15
12	1.19930146034935	a7	a17	a29	9
13	1.19936149591006	a7	a17
13	1.25022162176264	a6	a10
13	1.25025515513889	a8	a56
12	1.25058345770965	a8	a56	a42	0
12	1.2506310534695	a6	a10	a30	0
12	1.25071056002288	a7	a14	a31	0
13	1.25079385260261	a7	a14
12	1.25081170101255	a7	a14	a31	1
13	1.25088850326139	a7	a14
12	1.25100965610464	a7	a14	a31	4
12	1.25101263083963	a7	a17	a31	3
13	1.25108159060531	a7	a14
12	1.25110052073707	a7	a14	a31	5
13	1.25117083265503	a7	a14
12	1.25118922192587	a7	a14	a31	6
13	1.25125899298292	a7	a14
13	1.25127278493606	a7	a17
12	1.25127684139286	a7	a14	a31	7
12	1.2513344430795	a7	a17	a31	8
13	1.25136175655532	a7	a14
12	1.25136932860802	a7	a15	a31	2
12	1.25139961681883	a7	a14	a31	9
13	1.25142963459919	a7	a17
13	1.25148074595493	a7	a14
12	1.25149616049079	a7	a17	a31	10
13	1.25159567889774	a7	a17
12	1.25160189879818	a7	a14	a31	11
13	1.25163867733988	a7	a15
12	1.25166707253751	a7	a17	a31	12
13	1.25167329243795	a7	a14
12	1.25169817203969	a7	a16	a31	13
12	1.2517657796531	a7	a14	a31	15
12	1.25177389256671	a7	a15	a31	14
13	1.25177524471898	a7	a17
13	1.25185285825919	a7	a14
13	1.25186962494731	a7	a16
13	1.25192425189896	a7	a15
13	1.25214925003641	a6	a10
13	1.25231150830861	a8	a56
12	1.2523472051285	a8	a56	a45	0
12	1.25236829870389	a6	a10	a32	0
12	1.25244780525727	a7	a14	a33	0
13	1.25246457194539	a7	a14
12	1.25248512465987	a7	a14	a33	1
13	1.25250892253979	a7	a14
12	1.25252568922792	a7	a14	a33	2
13	1.25254299677696	a7	a14
12	1.25259275598043	a7	a14	a33	3
13	1.25261709472126	a7	a14
12	1.25263872915756	a7	a16	a33	4
12	1.25266793564655	a7	a14	a33	5
13	1.25268524319559	a7	a14
12	1.25270146902281	a7	a14	a33	6
13	1.25271823571094	a7	a14
13	1.25272094001547	a7	a16
12	1.25273500239906	a7	a14	a33	7
13	1.25276853577532	a7	a14
12	1.25279936484704	a7	a16	a33	8
13	1.25281667239607	a7	a16
12	1.25286480901683	a7	a14	a33	9
12	1.25288265742677	a7	a16	a33	10
13	1.25289022947947	a7	a14
13	1.25290158755853	a7	a16
12	1.25297406292011	a7	a14	a33	11
13	1.25299245219096	a7	a14
12	1.25301516834907	a7	a16	a33	12
13	1.25303626192446	a7	a16
12	1.25306005980438	a7	a14	a33	13
13	1.25307790821432	a7	a14
12	1.25308439854521	a7	a15	a33	14
12	1.25312658569598	a7	a16	a33	15
13	1.25315525132407	a7	a16
13	1.25317472231674	a7	a15
13	1.25340675164599	a6	a10
13	1.25346354204126	a8	a56
12	1.25380158010835	a8	a56	a50	0
12	1.25597584095587	a6	a10	a34	0
12	1.25610943359999	a7	a14	a35	0
12	1.25658430947663	a7	a15	a35	1
12	1.25660945950883	a7	a17	a35	2
12	1.25671952470347	a7	a16	a35	3
13	1.2618328237215	a7	a14
13	1.26732039848742	a7	a16
13	1.26772144685021	a7	a17
13	1.26831612341784	a7	a15
13	1.26848703546456	a6	a10
12	1.26859737108966	a6	a10	a36	0
12	1.26867038731215	a7	a14	a37	0
12	1.26905656199999	a7	a16	a37	1
12	1.26926344129705	a7	a17	a37	2
12	1.26960120893369	a7	a15	a37	3
13	1.27035895506488	a7	a14
13	1.27124758953565	a7	a15
13	1.27158238243729	a7	a16
13	1.27232255058899	a7	a17
13	1.27254619657418	a6	a10
12	1.27476372629429	a6	a10	a38	0
12	1.27482862960317	a7	a14	a39	0
12	1.27495248675095	a7	a16	a39	1
12	1.27507120572012	a7	a17	a39	2
12	1.27552417673002	a7	a15	a39	3
13	1.27601906446024	a7	a14
13	1.27650881401184	a7	a17
13	1.2766572803309	a7	a16
13	1.27689850429558	a7	a15
13	1.27708185614317	a6	a10
12	1.27715108633931	a6	a10	a40	0
12	1.27722085739636	a7	a14	a41	0
12	1.27744152864655	a7	a16	a41	1
12	1.27749967119409	a7	a17	a41	2
13	1.27769248810756	a7	a14
12	1.27781201836808	a7	a14	a41	3
13	1.27850377946858	a7	a16
13	1.27860951777596	a7	a17
13	1.27889536276549	a7	a14
13	1.27898135964976	a6	a10
12	1.27925124924253	a8	a57	a49	0
13	1.28341641908998	a8	a57
12	1.28350782458333	a8	a57	a54	0
12	1.28535973233007	a8	a58	a53	0
13	1.29625429358671	a8	a58
12	1.29628782696296	a8	a58	a52	0
13	1.31187597917353	a8	a58
12	1.31195061797875	a8	a58	a51	0
13	1.31492751641277	a8	a58
13	1.31776162756726	a8	a57
13	1.31791901809129	a8	a56
13	1.31808938927711	a8	a55
12	1.31940800816921	a8	a55	a46	0
12	1.31947507492172	a8	a56	a48	0
13	1.34270559175307	a8	a56
12	1.34308527611002	a6	a10	a20	0
12	1.3431572106107	a7	a14	a21	0
13	1.34354825304671	a7	a14
12	1.34357421437026	a7	a16	a21	1
12	1.34361802410376	a7	a14	a21	2
12	1.34375323933059	a7	a15	a21	3
13	1.34407829673591	a7	a16
13	1.34417186567288	a7	a14
13	1.34440984447211	a7	a15
13	1.34455695863891	a6	a10
12	1.34498423875571	a8	a56	a44	0
12	1.34502101729741	a8	a57	a43	0
12	1.34522762616401	a6	a10	a22	0
12	1.34529144775108	a7	a14	a23	0
12	1.34543477589153	a7	a16	a23	1
12	1.34549454102179	a7	a17	a23	2
12	1.34570142031885	a7	a15	a23	3
13	1.34573008594694	a7	a14
12	1.34579553011672	a7	a14	a23	4
13	1.34601349706238	a7	a16
12	1.34609192189395	a7	a16	a23	5
13	1.34615222788512	a7	a17
12	1.34622632582942	a7	a17	a23	6
13	1.34628284579424	a7	a14
12	1.34634396307677	a7	a14	a23	7
13	1.34655435796973	a7	a15
12	1.34662466988768	a7	a15	a23	8
13	1.34678773945125	a7	a17
12	1.34685696964739	a7	a17	a23	9
13	1.3468907734541	a7	a14
12	1.34696324881568	a7	a14	a23	10
13	1.34700327252282	a7	a16
12	1.34708926940709	a7	a16	a23	11
13	1.34723043410391	a7	a15
12	1.34730994065729	a7	a15	a23	12
13	1.34744569674503	a7	a14
12	1.34751114091482	a7	a14	a23	13
13	1.34758226412414	a7	a17
12	1.34765582120754	a7	a17	a23	14
13	1.34770260567602	a7	a16
12	1.34777345845488	a7	a16	a23	15
13	1.34783187143288	a7	a15
13	1.34801955016772	a7	a14
13	1.34808850993341	a7	a17
13	1.34819154393626	a7	a16
13	1.34837219147931	a6	a10
12	1.34895469867652	a6	a10	a24	0
12	1.3491223655578	a7	a14	a25	0
13	1.3491888914494	a7	a14
12	1.34919457048893	a7	a17	a25	1
12	1.34923053773927	a7	a14	a25	2
13	1.34927110230732	a7	a14
12	1.34928895071726	a7	a14	a25	3
13	1.3493546653175	a7	a17
13	1.34935655833068	a7	a14
13	1.34952692951649	a6	a10
12	1.34964105116794	a6	a10	a26	0
12	1.34969730070231	a7	a14	a27	0
13	1.34979519652654	a7	a14
12	1.34982440301553	a7	a14	a27	1
13	1.34988714288078	a7	a14
12	1.34990390956891	a7	a14	a27	2
13	1.34994176983243	a7	a14
12	1.34995907738146	a7	a14	a27	3
13	1.35001694949855	a7	a14
13	1.35028521650859	a6	a10
12	1.35052373616873	a6	a10	a22	0
12	1.35058863947761	a7	a14	a23	0
12	1.35070871059904	a7	a16	a23	1
12	1.35092397324016	a7	a15	a23	2
12	1.35098752439678	a7	a17	a23	3
13	1.35102781853437	a7	a14
12	1.35110137561777	a7	a14	a23	4
13	1.35125389839364	a7	a16
12	1.35132475117251	a7	a16	a23	5
13	1.35142859646672	a7	a15
13	1.35144779702893	a7	a17
12	1.35150756215919	a7	a15	a23	6
12	1.35152297669505	a7	a17	a23	7
13	1.35152865573457	a7	a14
12	1.35159247732164	a7	a14	a23	8
13	1.35174716354114	a7	a16
12	1.35181314857184	a7	a16	a23	9
13	1.35197811114858	a7	a15
13	1.35198162674448	a7	a17
13	1.35202732949115	a7	a14
12	1.35205112737107	a7	a15	a23	10
12	1.35209628925683	a7	a17	a23	11
12	1.35215875869163	a7	a14	a23	12
13	1.35247948920969	a7	a16
12	1.35255899576307	a7	a16	a23	13
13	1.35257170599439	a7	a17
12	1.35266311148773	a7	a17	a23	14
13	1.35274234761065	a7	a14
12	1.35280995522407	a7	a14	a23	15
13	1.35300682859435	a7	a16
13	1.35305334263238	a7	a15
13	1.35316232610521	a7	a17
13	1.35333296772147	a7	a14
13	1.35347034639194	a6	a10
13	1.35359907128789	a8	a57
12	1.35366127029223	a6	a10	a28	0
12	1.35370670260845	a7	a14	a29	0
13	1.35378783174455	a7	a14
12	1.35387923723789	a7	a16	a29	1
12	1.353901953396	a7	a15	a29	2
12	1.35393440505044	a7	a14	a29	3
12	1.35398118951893	a7	a17	a29	4
13	1.35400039008114	a7	a14
12	1.35402040193471	a7	a14	a29	5
13	1.35405177186734	a7	a16
13	1.35406150736367	a7	a15
13	1.35406529339002	a7	a14
13	1.35410612838852	a7	a17
12	1.35415183113519	a7	a14	a29	6
12	1.35418698709417	a7	a16	a29	7
13	1.3542188978877	a7	a14
13	1.35426433020392	a7	a16
12	1.35428244904432	a7	a17	a29	8
12	1.35430110874562	a7	a15	a29	9
12	1.35434708192275	a7	a14	a29	10
13	1.35436303731951	a7	a17
12	1.3543654711936	a7	a16	a29	11
13	1.35441577125798	a7	a14
12	1.35443443095928	a7	a17	a29	12
13	1.35443686483336	a7	a16
12	1.35446012185238	a7	a14	a29	13
13	1.35451583052584	a7	a14
12	1.35452394343945	a7	a16	a29	14
13	1.35455964025933	a7	a15
13	1.35456045155069	a7	a17
12	1.35456126284205	a7	a14	a29	15
13	1.35460399085373	a7	a16
13	1.35462616615094	a7	a14
13	1.35485765461928	a6	a10
13	1.35489497402189	a8	a56
12	1.35554995658068	a8	a56	a42	0
12	1.35577116869178	a6	a10	a30	0
12	1.35582795908705	a7	a14	a31	0
13	1.35601726040462	a7	a14
12	1.35602645504005	a7	a16	a31	1
12	1.35609325136211	a7	a17	a31	2
12	1.35611299278522	a7	a14	a31	3
13	1.35621359291399	a7	a14
12	1.35623144132393	a7	a14	a31	4
13	1.35632311724773	a7	a17
13	1.35632609198272	a7	a16
13	1.35633150059179	a7	a14
12	1.35638504582162	a7	a14	a31	5
12	1.35643020770738	a7	a17	a31	6
12	1.35644183621689	a7	a16	a31	7
13	1.35648726853311	a7	a14
12	1.35654459978929	a7	a14	a31	8
13	1.35655433528562	a7	a16
13	1.35656055518605	a7	a17
13	1.35664357733533	a7	a14
12	1.35666521177162	a7	a16	a31	10
12	1.3567225430278	a7	a14	a31	11
13	1.35679555925029	a7	a16
13	1.35682043885203	a7	a14
12	1.35687831096912	a7	a14	a31	12
12	1.35688534216091	a7	a16	a31	13
13	1.35699567778601	a7	a16
13	1.35700649500416	a7	a14
12	1.35706220367761	a7	a14	a31	14
12	1.35706761228669	a7	a16	a31	15
12	1.35708519026618	a7	a17	a31	9
13	1.35720228665262	a7	a14
13	1.35720445009625	a7	a16
13	1.35724690767747	a7	a17
13	1.35752950750156	a6	a10
13	1.35796435967106	a8	a56
12	1.35803467158902	a8	a56	a45	0
12	1.35810227920244	a6	a10	a32	0
12	1.35817096853767	a7	a14	a33	0
13	1.3582174825757	a7	a14
12	1.35823641270746	a7	a14	a33	1
13	1.3582612923092	a7	a14
12	1.35828076330186	a7	a14	a33	2
13	1.35830456118178	a7	a14
12	1.35832240959173	a7	a14	a33	3
13	1.35834728919346	a7	a14
12	1.35837108707339	a7	a14	a33	4
13	1.35839867097966	a7	a14
12	1.35842409144231	a7	a14	a33	5
13	1.35844518501769	a7	a14
12	1.35853496792831	a7	a16	a33	6
12	1.35856958302638	a7	a14	a33	7
13	1.35860365726354	a7	a14
12	1.35861582663396	a7	a17	a33	8
13	1.35862420997802	a7	a16
12	1.35866261110245	a7	a14	a33	9
13	1.35867369875105	a7	a17
13	1.35870750255776	a7	a14
12	1.35871453374955	a7	a15	a33	10
12	1.35876429295303	a7	a16	a33	11
12	1.35878511609796	a7	a17	a33	12
13	1.35880350536881	a7	a17
13	1.35880431666017	a7	a16
12	1.35881188871287	a7	a14	a33	13
13	1.35881242957378	a7	a15
13	1.35883839089733	a7	a14
12	1.35889437000124	a7	a17	a33	14
12	1.35892276519888	a7	a15	a33	15
13	1.35895548728377	a7	a17
13	1.35899686314318	a7	a15
13	1.35916885691172	a6	a10
13	1.35927162048412	a8	a56
12	1.36013699793587	a8	a56	a50	0
12	1.36281750459266	a6	a10	a34	0
12	1.36288132617973	a7	a14	a35	0
12	1.362993554818	a7	a17	a35	1
12	1.36326317398032	a7	a15	a35	2
12	1.36336810099634	a7	a16	a35	3
13	1.37478459302856	a7	a14
13	1.37615459370687	a7	a15
13	1.37770578278913	a7	a16
13	1.37823068829971	a7	a17
13	1.37846785580758	a6	a10
12	1.37858630434629	a6	a10	a36	0
12	1.37863984957611	a7	a14	a37	0
12	1.37874964434031	a7	a15	a37	1
12	1.37938569676734	a7	a16	a37	2
12	1.37953740825185	a7	a17	a37	3
13	1.3810945468041	a7	a17
13	1.38188555588109	a7	a14
13	1.38346324714781	a7	a15
13	1.41545949670448	a7	a16
13	1.41566340126655	a6	a10
12	1.41792257727653	a6	a10	a38	0
12	1.41799018488995	a7	a14	a39	0
12	1.41823249057644	a7	a15	a39	1
12	1.41838555421322	a7	a16	a39	2
12	1.41841340854995	a7	a17	a39	3
13	1.41895832591409	a7	a14
13	1.41979720118139	a7	a15
13	1.41982775982265	a7	a17
13	1.41982965283583	a7	a16
13	1.42007141766141	a6	a10
12	1.42013578010938	a6	a10	a40	0
12	1.42020014255736	a7	a14	a41	0
12	1.42030588086474	a7	a17	a41	1
12	1.42055170214713	a7	a16	a41	2
13	1.42063878075321	a7	a14
12	1.42073938088198	a7	a14	a41	3
13	1.42171725740246	a7	a14
13	1.42181244892215	a7	a16
13	1.4218565290861	a7	a17
13	1.42201419004059	a6	a10
12	1.42236629049127	a8	a57	a49	0
13	1.42674347781441	a8	a57
12	1.42685056827406	a8	a57	a54	0
12	1.42891827952284	a8	a58	a53	0
13	1.44281407795433	a8	a58
12	1.44286978662779	a8	a58	a52	0
13	1.44707984793055	a8	a58
12	1.44711500388953	a8	a58	a51	0
13	1.44876841568328	a8	a58
13	1.4507950215031	a8	a57
13	1.45098270023795	a8	a56
13	1.45117091983371	a8	a55
12	1.45239542892793	a8	a55	a46	0
12	1.45245546448865	a8	a56	a48	0
13	1.47131420260593	a8	a56
12	1.47162303418402	a6	a10	a20	0
12	1.47169713212833	a7	a14	a21	0
12	1.4718712893405	a7	a15	a21	1
13	1.47202543469909	a7	a14
12	1.47211846277515	a7	a14	a21	2
12	1.47221527687757	a7	a16	a21	3
13	1.47221689946029	a7	a15
13	1.47252140415112	a7	a14
13	1.47275181089765	a7	a16
13	1.47290757883897	a6	a10
12	1.47325805670693	a8	a56	a44	0
12	1.4732780685605	a8	a57	a43	0
12	1.47342734617092	a6	a10	a22	0
12	1.47348684087073	a7	a14	a23	0
12	1.47378431436977	a7	a15	a23	1
12	1.47380351493198	a7	a17	a23	2
13	1.47382758324236	a7	a14
12	1.47389464999487	a7	a14	a23	3
12	1.47398281032277	a7	a16	a23	4
13	1.4742061858775	a7	a14
13	1.47424783216737	a7	a15
13	1.47426595100776	a7	a17
12	1.47427757951727	a7	a14	a23	5
12	1.47435005487885	a7	a15	a23	6
12	1.47437087802379	a7	a17	a23	7
13	1.4744344291804	a7	a16
12	1.47453286586554	a7	a16	a23	8
13	1.47464969182152	a7	a15
13	1.47467186711872	a7	a14
12	1.47471892201766	a7	a15	a23	9
12	1.4747438016194	a7	a14	a23	10
13	1.47480951621964	a7	a17
12	1.47487820555488	a7	a17	a23	11
13	1.47491579538794	a7	a16
12	1.47498178041863	a7	a16	a23	12
13	1.47505641922385	a7	a14
13	1.47511050531458	a7	a15
12	1.47512619028089	a7	a14	a23	13
12	1.47522138180059	a7	a15	a23	14
13	1.47522814256193	a7	a17
12	1.4753000770626	a7	a17	a23	15
13	1.47530034749306	a7	a16
13	1.4754804541752	a7	a14
13	1.47558646291304	a7	a15
13	1.47564406459968	a7	a17
13	1.47580334813689	a6	a10
12	1.47605863448515	a6	a10	a24	0
12	1.47612029262859	a7	a14	a25	0
13	1.47617383785842	a7	a14
12	1.47619168626836	a7	a14	a25	1
13	1.47622251534008	a7	a14
12	1.47627011109993	a7	a14	a25	2
13	1.47629985844983	a7	a14
12	1.47633717785244	a7	a15	a25	3
13	1.4764891597674	a7	a15
13	1.47663681479511	a6	a10
12	1.47672118909665	a6	a10	a26	0
12	1.47677365260466	a7	a14	a27	0
13	1.47684071935717	a7	a14
12	1.47686938498526	a7	a14	a27	1
13	1.47691698074511	a7	a14
12	1.47697755716673	a7	a14	a27	2
13	1.47702082603932	a7	a14
12	1.47703515885336	a7	a17	a27	3
13	1.47720444831736	a7	a17
13	1.47737671251635	a6	a10
12	1.4775200406568	a6	a10	a22	0
12	1.47757520846935	a7	a14	a23	0
12	1.47779533885864	a7	a16	a23	1
12	1.477851588393	a7	a15	a23	2
13	1.47786510991568	a7	a14
12	1.47790432233147	a7	a17	a23	3
12	1.47793379925092	a7	a14	a23	4
13	1.47817231891106	a7	a16
13	1.47818043182467	a7	a15
12	1.47823614049812	a7	a16	a23	5
13	1.47826102009986	a7	a14
12	1.47826318354349	a7	a15	a23	6
13	1.47827697549663	a7	a17
12	1.47835891592409	a7	a14	a23	7
12	1.47838082079084	a7	a17	a23	8
13	1.47853090969263	a7	a16
13	1.47854821724166	a7	a15
12	1.47862177432506	a7	a16	a23	9
12	1.47865260339678	a7	a15	a23	10
13	1.47868289160759	a7	a14
13	1.47870317389161	a7	a17
12	1.47875158094282	a7	a14	a23	11
12	1.4787686180614	a7	a17	a23	12
13	1.47892249298954	a7	a16
12	1.47898469199389	a7	a16	a23	13
13	1.47899929523839	a7	a15
12	1.47906419854727	a7	a15	a23	14
13	1.47907339318269	a7	a14
13	1.47908826685764	a7	a17
12	1.47916155351059	a7	a14	a23	15
13	1.47927621602295	a7	a16
13	1.47935031396725	a7	a15
13	1.47948390661137	a7	a14
13	1.47955854541658	a6	a10
13	1.47964562402266	a8	a57
12	1.4796775348162	a6	a10	a28	0
12	1.47971755852334	a7	a14	a29	0
13	1.4797884113022	a7	a14
12	1.47982789414844	a7	a14	a29	1
12	1.4799098345759	a7	a17	a29	2
13	1.47992524911176	a7	a14
12	1.47997068142798	a7	a16	a29	3
12	1.48001449116147	a7	a15	a29	4
12	1.4800242266578	a7	a14	a29	5
13	1.48004559066364	a7	a17
13	1.4800610051995	a7	a14
13	1.48008209877489	a7	a16
13	1.48013780744835	a7	a15
12	1.48014375691833	a7	a14	a29	6
12	1.48017674943367	a7	a16	a29	7
13	1.48018053546003	a7	a14
12	1.48019324569135	a7	a17	a29	8
13	1.48022434519352	a7	a16
13	1.4802338102594	a7	a17
12	1.48024165274256	a7	a15	a29	9
12	1.48025896029159	a7	a14	a29	10
13	1.48029033022422	a7	a14
12	1.48032359317002	a7	a17	a29	11
13	1.48032440446138	a7	a15
12	1.48034225287132	a7	a16	a29	12
13	1.48037849055211	a7	a16
13	1.48037984270438	a7	a17
12	1.48038444002209	a7	a14	a29	13
12	1.48041472823291	a7	a15	a29	14
13	1.48044663902644	a7	a15
13	1.48045529280096	a7	a14
12	1.48049639822991	a7	a16	a29	15
13	1.48055751551244	a7	a16
13	1.48078467709353	a6	a10
13	1.48081496530434	a8	a56
12	1.48133202833176	a8	a56	a42	0
12	1.48140450369335	a6	a10	a30	0
12	1.48145913064499	a7	a14	a31	0
13	1.48158893726275	a7	a14
12	1.48169115997424	a7	a14	a31	1
12	1.48175389983949	a7	a16	a31	2
12	1.48178851493756	a7	a15	a31	3
13	1.48178851493756	a7	a14
12	1.48180501119523	a7	a17	a31	4
12	1.48186585804731	a7	a14	a31	5
13	1.48195672267974	a7	a16
13	1.4819605087061	a7	a14
13	1.48196835118925	a7	a17
12	1.48197835711604	a7	a14	a31	6
12	1.48204028568993	a7	a17	a31	7
13	1.48206002711305	a7	a14
13	1.48206164969577	a7	a15
12	1.48208977446295	a7	a16	a31	8
12	1.4821373702228	a7	a14	a31	9
13	1.4821484578714	a7	a17
12	1.48216387240726	a7	a15	a31	10
13	1.48216657671179	a7	a16
13	1.4822331026034	a7	a14
13	1.48224446068245	a7	a15
12	1.48224959886107	a7	a17	a31	11
12	1.48226609511874	a7	a16	a31	12
12	1.48232018120948	a7	a14	a31	13
13	1.48232910541445	a7	a17
12	1.48234019306305	a7	a15	a31	14
13	1.48236507266479	a7	a16
13	1.48239049312743	a7	a14
12	1.48242808296049	a7	a17	a31	15
13	1.48244457921817	a7	a15
13	1.482524356202	a7	a17
13	1.48268850748738	a6	a10
13	1.48289511635399	a8	a56
12	1.48294920244472	a8	a56	a45	0
12	1.48299084873459	a6	a10	a32	0
12	1.48304493482532	a7	a14	a33	0
13	1.4830946940288	a7	a14
12	1.48311254243874	a7	a15	a33	1
12	1.48314715753681	a7	a14	a33	2
13	1.48316500594675	a7	a14
13	1.48318015005216	a7	a15
12	1.48324613508285	a7	a14	a33	3
12	1.48327344855867	a7	a17	a33	4
13	1.48329481256451	a7	a14
12	1.4833083340872	a7	a15	a33	5
13	1.48332510077533	a7	a15
13	1.48332807551032	a7	a17
12	1.48339135623647	a7	a17	a33	6
13	1.4834075820637	a7	a17
12	1.48343922242677	a7	a14	a33	7
13	1.48346680633305	a7	a14
12	1.48347924613392	a7	a16	a33	8
12	1.4835219741456	a7	a15	a33	9
13	1.48353116878102	a7	a16
12	1.48354252686008	a7	a14	a33	10
13	1.48355009891278	a7	a15
12	1.48355902311775	a7	a17	a33	11
13	1.48356037527002	a7	a14
13	1.48358660702403	a7	a17
12	1.48360364414261	a7	a16	a33	12
13	1.4836328506316	a7	a16
12	1.48365286248518	a7	a14	a33	13
12	1.48367990553054	a7	a15	a33	14
13	1.48371397976771	a7	a15
12	1.48371425019816	a7	a17	a33	15
13	1.48373155774719	a7	a17
13	1.48373777764763	a7	a14
13	1.48401199412765	a6	a10
13	1.48409745015101	a8	a56
12	1.48456583569677	a8	a56	a50	0
12	1.48632525622836	a6	a10	a34	0
12	1.48637826059728	a7	a14	a35	0
12	1.48655349953126	a7	a16	a35	1
12	1.48676497614603	a7	a15	a35	2
12	1.48687287789705	a7	a17	a35	3
13	1.49347489656255	a7	a14
13	1.49851896538444	a7	a15
13	1.49903765099458	a7	a16
13	1.49945925207186	a7	a17
13	1.49984461546834	a6	a10
12	1.49990465102906	a6	a10	a36	0
12	1.49996035970251	a7	a14	a37	0
13	1.50027730419422	a7	a14
12	1.50027946763785	a7	a16	a37	1
12	1.5003497795558	a7	a15	a37	2
12	1.50037411829663	a7	a14	a37	3
13	1.50120650323304	a7	a14
13	1.50304651203982	a7	a15
13	1.50318389071029	a7	a16
13	1.50331586077168	a6	a10
12	1.5049303305801	a6	a10	a38	0
12	1.50500334680259	a7	a14	a39	0
12	1.50520400619922	a7	a16	a39	1
12	1.50531028536751	a7	a17	a39	2
12	1.50545009791206	a7	a15	a39	3
13	1.50604288146651	a7	a14
13	1.50660456551878	a7	a17
13	1.50661348972376	a7	a15
13	1.50663025641188	a7	a16
13	1.50683632441758	a6	a10
12	1.50690230944828	a6	a10	a40	0
12	1.50695639553901	a7	a14	a41	0
13	1.50729064757975	a7	a14
12	1.50730741426788	a7	a16	a41	1
12	1.5073387842005	a7	a14	a41	2
12	1.50745317628241	a7	a17	a41	3
13	1.50814953470061	a7	a14
13	1.5082955671456	a7	a16
13	1.50847540339729	a7	a17
13	1.50863847296085	a6	a10
12	1.50884616354927	a8	a57	a49	0
13	1.51282906327096	a8	a57
12	1.51290045691073	a8	a57	a54	0
12	1.51406168527879	a8	a58	a53	0
13	1.52122268369203	a8	a58
12	1.52126000309464	a8	a58	a52	0
13	1.52405354968107	a8	a58
12	1.52408870564005	a8	a58	a51	0
13	1.52569235823033	a8	a58
13	1.52747774008547	a8	a57
13	1.52752804014985	a8	a56
13	1.52765081557582	a8	a55
12	1.52770598338837	a8	a55	a50	0
12	1.5312799922641	a6	a10	a34	0
12	1.53133516007665	a7	a14	a35	0
12	1.53164507337656	a7	a16	a35	1
12	1.53175297512757	a7	a17	a35	2
12	1.53179705529152	a7	a15	a35	3
13	1.53452137168181	a7	a14
13	1.54274948866524	a7	a15
13	1.54337229000005	a7	a17
13	1.5434239422167	a7	a16
13	1.54403024729383	a6	a10
12	1.54406215808737	a6	a10	a36	0
12	1.54411678503901	a7	a14	a37	0
13	1.54438018430089	a7	a14
12	1.54442291231257	a7	a14	a37	1
12	1.54449430595234	a7	a15	a37	2
12	1.54455947969167	a7	a17	a37	3
13	1.54589594699372	a7	a17
13	1.54740251505113	a7	a14
13	1.54764536159852	a7	a15
13	1.54779788437439	a6	a10
12	1.55081372479375	a6	a10	a38	0
12	1.55087105604993	a7	a14	a39	0
12	1.55105440789751	a7	a15	a39	1
12	1.55113526660316	a7	a17	a39	2
12	1.55126967053864	a7	a16	a39	3
13	1.55147844284887	a7	a14
13	1.55196819240047	a7	a17
13	1.55213721143402	a7	a15
13	1.55240061069589	a7	a16
13	1.55254339797543	a6	a10
12	1.55258396254348	a6	a10	a40	0
12	1.55264075293876	a7	a14	a41	0
12	1.55277542730468	a7	a15	a41	1
13	1.55294309418596	a7	a14
12	1.55303233623567	a7	a14	a41	2
12	1.55309399437911	a7	a16	a41	3
13	1.5539620761354	a7	a15
13	1.55404807301967	a7	a14
13	1.55411568063308	a7	a16
13	1.55430444108975	a6	a10
12	1.55443911545568	a8	a56	a49	0
13	1.55836955166935	a8	a56
12	1.55840578935014	a8	a56	a54	0
12	1.55946209070218	a8	a57	a53	0
13	1.56676479467314	a8	a57
12	1.56679995063212	a8	a57	a52	0
13	1.5694934379507	a8	a57
12	1.56951777669153	a8	a57	a51	0
13	1.57111331636819	a8	a57
13	1.57286462398617	a8	a56
13	1.57294358967865	a8	a55
