%EventDef PajeDefineContainerType 0 
%       Alias string 
%       Type string 
%       Name string 
%EndEventDef 
%EventDef PajeDefineVariableType 1 
%       Alias string 
%       Type string 
%       Name string 
%       Color color 
%EndEventDef 
%EventDef PajeDefineStateType 2 
%       Alias string 
%       Type string 
%       Name string 
%EndEventDef 
%EventDef PajeDefineEventType 3 
%       Alias string 
%       Type string 
%       Name string 
%       Color color 
%EndEventDef 
%EventDef PajeDefineLinkType 4 
%       Alias string 
%       Type string 
%       StartContainerType string 
%       EndContainerType string 
%       Name string 
%EndEventDef 
%EventDef PajeDefineEntityValue 5 
%       Alias string 
%       Type string 
%       Name string 
%       Color color 
%EndEventDef 
%EventDef PajeCreateContainer 6 
%       Time date 
%       Alias string 
%       Type string 
%       Container string 
%       Name string 
%EndEventDef 
%EventDef PajeDestroyContainer 7 
%       Time date 
%       Type string 
%       Name string 
%EndEventDef 
%EventDef PajeSetVariable 8 
%       Time date 
%       Type string 
%       Container string 
%       Value double 
%EndEventDef
%EventDef PajeAddVariable 9 
%       Time date 
%       Type string 
%       Container string 
%       Value double 
%EndEventDef
%EventDef PajeSubVariable 10 
%       Time date 
%       Type string 
%       Container string 
%       Value double 
%EndEventDef
%EventDef PajeSetState 11 
%       Time date 
%       Type string 
%       Container string 
%       Value string 
%EndEventDef
%EventDef PajePushState 12 
%       Time date 
%       Type string 
%       Container string 
%       Value string 
%       Id string 
%EndEventDef
%EventDef PajePopState 13 
%       Time date 
%       Type string 
%       Container string 
%EndEventDef
%EventDef PajeResetState 14 
%       Time date 
%       Type string 
%       Container string 
%EndEventDef
%EventDef PajeStartLink 15 
%       Time date 
%       Type string 
%       Container string 
%       Value string 
%       StartContainer string 
%       Key string 
%EndEventDef
%EventDef PajeEndLink 16 
%       Time date 
%       Type string 
%       Container string 
%       Value string 
%       EndContainer string 
%       Key string 
%EndEventDef
%EventDef PajeNewEvent 17 
%       Time date 
%       Type string 
%       Container string 
%       Value string 
%EndEventDef
0	a1	0	"Task Manager"
0	a2	a1	"Node"
0	a3	a1	"Thread"
0	a4	a1	"Jobs"
0	a5	a1	"Memory usage"
2	a6	a4	"Job"
2	a7	a3	"Task"
2	a8	a3	"Timer state"
6	0	a9	a1	0	"The task manager"
6	0	a10	a4	a9	"Jobs"
6	0	a11	a5	a9	"Memory"
1	a12	a1	"Memory [MB]"	"1.0 1.0 1.0"
6	0	a13	a2	a9	"Node 0"
6	0	a14	a3	a13	"Thread 0"
6	0	a15	a3	a13	"Thread 1"
6	0	a16	a3	a13	"Thread 2"
6	0	a17	a3	a13	"Thread 3"
5	a18	a6	"ngcore::ParallelFor<int,ngcore::EnterTaskManager()::{lambda(int)#1}>(ngcore::T_Range<int>,ngcore::EnterTaskManager()::{lambda(int)#1},int,ngcore::TotalCosts)::{lambda(ngcore::TaskInfo&)#1}"	"0.630615054310908 1 0"
5	a19	a7	"ngcore::ParallelFor<int,ngcore::EnterTaskManager()::{lambda(int)#1}>(ngcore::T_Range<int>,ngcore::EnterTaskManager()::{lambda(int)#1},int,ngcore::TotalCosts)::{lambda(ngcore::TaskInfo&)#1}"	"0.630615054310908 1 0"
5	a20	a6	"ngcore::ParallelForRange<netgen::ElementIndex,netgen::MeshOptimize3d::SwapImprove(netgen::Mesh&,netgen::OPTIMIZEGOAL,netgen::NgBitArray const*)::{lambda(auto:1)#1}>(ngcore::T_Range<netgen::ElementIndex>,netgen::MeshOptimize3d::SwapImprove(netgen::Mesh&,netgen::OPTIMIZEGOAL,netgen::NgBitArray const*)::{lambda(auto:1)#1},int,ngcore::TotalCosts)::{lambda(ngcore::TaskInfo&)#1}"	"0.708022642579866 0 1"
5	a21	a7	"ngcore::ParallelForRange<netgen::ElementIndex,netgen::MeshOptimize3d::SwapImprove(netgen::Mesh&,netgen::OPTIMIZEGOAL,netgen::NgBitArray const*)::{lambda(auto:1)#1}>(ngcore::T_Range<netgen::ElementIndex>,netgen::MeshOptimize3d::SwapImprove(netgen::Mesh&,netgen::OPTIMIZEGOAL,netgen::NgBitArray const*)::{lambda(auto:1)#1},int,ngcore::TotalCosts)::{lambda(ngcore::TaskInfo&)#1}"	"0.708022642579866 0 1"
5	a22	a6	"ngcore::ParallelForRange<netgen::ElementIndex,ngcore::CreateTable<netgen::ElementIndex,netgen::PointIndex,ngcore::T_Range<netgen::ElementIndex>,netgen::Mesh::CreatePoint2ElementTable(std::optional<ngcore::BitArray>)const::{lambda(auto:1&,netgen::ElementIndex)#1}>(ngcore::T_Range<netgen::ElementIndex>const&,netgen::Mesh::CreatePoint2ElementTable(std::optional<ngcore::BitArray>)const::{lambda(auto:1&,netgen::ElementIndex)#1}const&,std::optional<unsigned long>)::{lambda(auto:1)#1}>(ngcore::T_Range<netgen::ElementIndex>,ngcore::Table,int,ngcore::TotalCosts)::{lambda(ngcore::TaskInfo&)#1}"	"0 0.230008221284954 1"
5	a23	a7	"ngcore::ParallelForRange<netgen::ElementIndex,ngcore::CreateTable<netgen::ElementIndex,netgen::PointIndex,ngcore::T_Range<netgen::ElementIndex>,netgen::Mesh::CreatePoint2ElementTable(std::optional<ngcore::BitArray>)const::{lambda(auto:1&,netgen::ElementIndex)#1}>(ngcore::T_Range<netgen::ElementIndex>const&,netgen::Mesh::CreatePoint2ElementTable(std::optional<ngcore::BitArray>)const::{lambda(auto:1&,netgen::ElementIndex)#1}const&,std::optional<unsigned long>)::{lambda(auto:1)#1}>(ngcore::T_Range<netgen::ElementIndex>,ngcore::Table,int,ngcore::TotalCosts)::{lambda(ngcore::TaskInfo&)#1}"	"0 0.230008221284954 1"
5	a24	a6	"ngcore::ParallelForRange<netgen::PointIndex,ngcore::CreateSortedTable<netgen::ElementIndex,netgen::PointIndex,ngcore::T_Range<netgen::ElementIndex>,netgen::Mesh::CreatePoint2ElementTable(std::optional<ngcore::BitArray>)const::{lambda(auto:1&,netgen::ElementIndex)#1}>(ngcore::T_Range<netgen::ElementIndex>const&,netgen::Mesh::CreatePoint2ElementTable(std::optional<ngcore::BitArray>)const::{lambda(auto:1&,netgen::ElementIndex)#1}const&,std::optional<unsigned long>)::{lambda(auto:1)#1}>(ngcore::T_Range<netgen::PointIndex>,ngcore::Table,int,ngcore::TotalCosts)::{lambda(ngcore::TaskInfo&)#1}"	"0 0.170427812303051 1"
5	a25	a7	"ngcore::ParallelForRange<netgen::PointIndex,ngcore::CreateSortedTable<netgen::ElementIndex,netgen::PointIndex,ngcore::T_Range<netgen::ElementIndex>,netgen::Mesh::CreatePoint2ElementTable(std::optional<ngcore::BitArray>)const::{lambda(auto:1&,netgen::ElementIndex)#1}>(ngcore::T_Range<netgen::ElementIndex>const&,netgen::Mesh::CreatePoint2ElementTable(std::optional<ngcore::BitArray>)const::{lambda(auto:1&,netgen::ElementIndex)#1}const&,std::optional<unsigned long>)::{lambda(auto:1)#1}>(ngcore::T_Range<netgen::PointIndex>,ngcore::Table,int,ngcore::TotalCosts)::{lambda(ngcore::TaskInfo&)#1}"	"0 0.170427812303051 1"
5	a26	a6	"ngcore::ParallelFor<unsigned long,netgen::BuildEdgeList<netgen::ElementIndex>(netgen::Mesh const&,ngcore::Table<netgen::ElementIndex,netgen::PointIndex>const&,ngcore::Array<std::tuple<netgen::PointIndex,netgen::PointIndex>,unsigned long>&)::{lambda(int)#1}>(ngcore::T_Range<unsigned long>,netgen::BuildEdgeList<netgen::ElementIndex>(netgen::Mesh const&,ngcore::Table<netgen::ElementIndex,netgen::PointIndex>const&,ngcore::Array<std::tuple<netgen::PointIndex,netgen::PointIndex>,unsigned long>&)::{lambda(int)#1},int,ngcore::TotalCosts)::{lambda(ngcore::TaskInfo&)#1}"	"1 0.872005992306398 0"
5	a27	a7	"ngcore::ParallelFor<unsigned long,netgen::BuildEdgeList<netgen::ElementIndex>(netgen::Mesh const&,ngcore::Table<netgen::ElementIndex,netgen::PointIndex>const&,ngcore::Array<std::tuple<netgen::PointIndex,netgen::PointIndex>,unsigned long>&)::{lambda(int)#1}>(ngcore::T_Range<unsigned long>,netgen::BuildEdgeList<netgen::ElementIndex>(netgen::Mesh const&,ngcore::Table<netgen::ElementIndex,netgen::PointIndex>const&,ngcore::Array<std::tuple<netgen::PointIndex,netgen::PointIndex>,unsigned long>&)::{lambda(int)#1},int,ngcore::TotalCosts)::{lambda(ngcore::TaskInfo&)#1}"	"1 0.872005992306398 0"
5	a28	a6	"ngcore::ParallelForRange<unsigned long,netgen::MeshOptimize3d::SwapImprove(netgen::Mesh&,netgen::OPTIMIZEGOAL,netgen::NgBitArray const*)::{lambda(auto:1)#2}>(ngcore::T_Range<unsigned long>,netgen::MeshOptimize3d::SwapImprove(netgen::Mesh&,netgen::OPTIMIZEGOAL,netgen::NgBitArray const*)::{lambda(auto:1)#2},int,ngcore::TotalCosts)::{lambda(ngcore::TaskInfo&)#1}"	"1 0.408375991137786 0"
5	a29	a7	"ngcore::ParallelForRange<unsigned long,netgen::MeshOptimize3d::SwapImprove(netgen::Mesh&,netgen::OPTIMIZEGOAL,netgen::NgBitArray const*)::{lambda(auto:1)#2}>(ngcore::T_Range<unsigned long>,netgen::MeshOptimize3d::SwapImprove(netgen::Mesh&,netgen::OPTIMIZEGOAL,netgen::NgBitArray const*)::{lambda(auto:1)#2},int,ngcore::TotalCosts)::{lambda(ngcore::TaskInfo&)#1}"	"1 0.408375991137786 0"
5	a30	a6	"ngcore::ParallelForRange<netgen::ElementIndex,netgen::Mesh::Compress()::{lambda(auto:1)#1}>(ngcore::T_Range<netgen::ElementIndex>,netgen::Mesh::Compress()::{lambda(auto:1)#1},int,ngcore::TotalCosts)::{lambda(ngcore::TaskInfo&)#1}"	"1 0.0611641584106637 0"
5	a31	a7	"ngcore::ParallelForRange<netgen::ElementIndex,netgen::Mesh::Compress()::{lambda(auto:1)#1}>(ngcore::T_Range<netgen::ElementIndex>,netgen::Mesh::Compress()::{lambda(auto:1)#1},int,ngcore::TotalCosts)::{lambda(ngcore::TaskInfo&)#1}"	"1 0.0611641584106637 0"
5	a32	a6	"ngcore::ParallelForRange<netgen::SurfaceElementIndex,netgen::Mesh::Compress()::{lambda(auto:1)#2}>(ngcore::T_Range<netgen::SurfaceElementIndex>,netgen::Mesh::Compress()::{lambda(auto:1)#2},int,ngcore::TotalCosts)::{lambda(ngcore::TaskInfo&)#1}"	"1 0 -2.77631980257023"
5	a33	a7	"ngcore::ParallelForRange<netgen::SurfaceElementIndex,netgen::Mesh::Compress()::{lambda(auto:1)#2}>(ngcore::T_Range<netgen::SurfaceElementIndex>,netgen::Mesh::Compress()::{lambda(auto:1)#2},int,ngcore::TotalCosts)::{lambda(ngcore::TaskInfo&)#1}"	"1 0 -2.77631980257023"
5	a34	a6	"ngcore::ParallelForRange<netgen::ElementIndex,netgen::Mesh::Compress()::{lambda(auto:1)#3}>(ngcore::T_Range<netgen::ElementIndex>,netgen::Mesh::Compress()::{lambda(auto:1)#3},int,ngcore::TotalCosts)::{lambda(ngcore::TaskInfo&)#1}"	"0.688034037288286 1 0"
5	a35	a7	"ngcore::ParallelForRange<netgen::ElementIndex,netgen::Mesh::Compress()::{lambda(auto:1)#3}>(ngcore::T_Range<netgen::ElementIndex>,netgen::Mesh::Compress()::{lambda(auto:1)#3},int,ngcore::TotalCosts)::{lambda(ngcore::TaskInfo&)#1}"	"0.688034037288286 1 0"
5	a36	a6	"ngcore::ParallelForRange<netgen::SurfaceElementIndex,netgen::Mesh::Compress()::{lambda(auto:1)#4}>(ngcore::T_Range<netgen::SurfaceElementIndex>,netgen::Mesh::Compress()::{lambda(auto:1)#4},int,ngcore::TotalCosts)::{lambda(ngcore::TaskInfo&)#1}"	"0 0.666479625428673 1"
5	a37	a7	"ngcore::ParallelForRange<netgen::SurfaceElementIndex,netgen::Mesh::Compress()::{lambda(auto:1)#4}>(ngcore::T_Range<netgen::SurfaceElementIndex>,netgen::Mesh::Compress()::{lambda(auto:1)#4},int,ngcore::TotalCosts)::{lambda(ngcore::TaskInfo&)#1}"	"0 0.666479625428673 1"
5	a38	a8	"Build edges"	"0 0.0614795051658243 1"
5	a39	a8	"CreateTable"	"0.608616351291681 0 1"
5	a40	a8	"CreateSortedTable"	"0 0.0381698166109086 1"
5	a41	a8	"MeshOptimize3d::SwapImprove loop"	"0.154668690207104 1 0"
5	a42	a8	"MeshOptimize3d::SwapImprove"	"1 0 -2.43968480148811"
5	a43	a8	"FreeOpenElementsEnvironment"	"0.907015785320433 0 1"
5	a44	a8	"Mesh::BuildBoundaryEdges"	"1 0 -2.61861416630415"
5	a45	a8	"Mesh::LinkSurfaceElements"	"0 1 0.171518596860468"
5	a46	a8	"Mesh::Compress"	"1 0.648677515017027 0"
5	a47	a8	"Mesh::CalcSurfacesOfNode, pointloop"	"0 0.319536079261344 1"
5	a48	a8	"Mesh::CalcSurfacesOfNode - surfelementht"	"0.690162641156969 0 1"
5	a49	a8	"Mesh::CalcSurfacesOfNode - surf on node"	"0.000515674241007069 1 0"
5	a50	a8	"Mesh::CalcSurfacesOfNode"	"1 0 -2.35340285344361"
6	0	a51	a3	a9	"Timer level 0"
6	0	a52	a3	a9	"Timer level 1"
6	0	a53	a3	a9	"Timer level 2"
6	0	a54	a3	a9	"Timer level 3"
4	a55	a2	a3	a3	"links"
8	0	a12	a11	0
12	0.193885113760247	a6	a10	a18	0
12	0.194065220442392	a7	a14	a19	0
13	0.194209089443746	a7	a14
12	0.194241541098187	a7	a14	a19	1
13	0.194262093812666	a7	a14
12	0.194300494937087	a7	a14	a19	2
13	0.194306444407068	a7	a14
12	0.194343222948767	a7	a14	a19	3
13	0.194349172418748	a7	a14
13	0.194502776916434	a6	a10
12	0.203606547708853	a8	a51	a43	0
13	0.210076866743413	a8	a51
12	0.210560937255486	a8	a51	a42	0
12	0.211153179949028	a8	a52	a44	0
13	0.211327337161193	a8	a52
12	0.213038080211123	a6	a10	a20	0
12	0.21310190179819	a7	a14	a21	0
12	0.213184653517013	a7	a15	a21	1
13	0.213233330998674	a7	a14
12	0.213281467619428	a7	a14	a21	2
13	0.213337176292884	a7	a14
12	0.213426418342596	a7	a14	a21	3
13	0.21348266787696	a7	a14
13	0.213734709059783	a7	a15
13	0.213869383425711	a6	a10
12	0.215192870065983	a8	a52	a40	0
12	0.21531564549195	a8	a53	a39	0
12	0.215603924355564	a6	a10	a22	0
12	0.215670991108075	a7	a14	a23	0
12	0.215825677327576	a7	a16	a23	1
13	0.215918705403639	a7	a14
12	0.2159306043436	a7	a17	a23	2
12	0.21595926997169	a7	a14	a23	3
13	0.216044185134143	a7	a14
12	0.216151275593797	a7	a14	a23	4
12	0.216181022943701	a7	a15	a23	5
13	0.216231863868991	a7	a14
12	0.216292440290614	a7	a14	a23	6
13	0.216400612472083	a7	a14
12	0.216436850152875	a7	a14	a23	7
13	0.216520142732606	a7	a14
12	0.216536909420733	a7	a14	a23	8
13	0.216541777168899	a7	a17
13	0.216550430943417	a7	a16
13	0.216562329883379	a7	a15
12	0.216615875113206	a7	a17	a23	9
13	0.216620742861372	a7	a14
12	0.216637509549499	a7	a16	a23	10
12	0.216687268752975	a7	a15	a23	11
12	0.216712148354713	a7	a14	a23	12
13	0.216797604378073	a7	a17
13	0.216810044178942	a7	a14
12	0.216883601262341	a7	a17	a23	13
13	0.216887387288692	a7	a15
12	0.216891714175951	a7	a14	a23	14
13	0.216891714175951	a7	a16
13	0.216963107815721	a7	a14
12	0.216975006755682	a7	a16	a23	15
13	0.217073984301726	a7	a17
13	0.217166471516882	a7	a16
13	0.217355231973545	a6	a10
12	0.21811189638292	a6	a10	a22	0
12	0.21832986332858	a7	a14	a23	0
13	0.218400716107442	a7	a14
12	0.218422891404643	a7	a14	a23	1
13	0.218511592593447	a7	a14
12	0.218527818420668	a7	a14	a23	2
13	0.218599212060437	a7	a14
12	0.218637613184859	a7	a14	a23	3
12	0.218712792850979	a7	a17	a23	4
13	0.218719283181868	a7	a14
12	0.218731182121829	a7	a15	a23	5
12	0.218796626291618	a7	a14	a23	6
12	0.218827455363336	a7	a16	a23	7
13	0.218852875825982	a7	a17
13	0.218870183375017	a7	a15
13	0.21889181781131	a7	a14
13	0.218964834033802	a7	a16
12	0.218974028669227	a7	a15	a23	8
12	0.218994040522798	a7	a17	a23	9
12	0.219034605090849	a7	a14	a23	10
12	0.219060025553494	a7	a16	a23	11
13	0.219074087937085	a7	a17
13	0.219122765418746	a7	a15
13	0.219126551445098	a7	a14
12	0.219141695550503	a7	a17	a23	12
13	0.219186587005813	a7	a16
12	0.219196322502145	a7	a15	a23	13
13	0.219262848393749	a7	a17
12	0.219265552698285	a7	a14	a23	14
12	0.219290432300023	a7	a16	a23	15
13	0.219339650642591	a7	a15
13	0.219356417330719	a7	a14
13	0.219372643157939	a7	a16
13	0.219554372422807	a6	a10
13	0.219729611356787	a8	a53
12	0.219765308176671	a6	a10	a24	0
12	0.219834538372811	a7	a14	a25	0
13	0.219941087971558	a7	a14
12	0.219958395520593	a7	a14	a25	1
13	0.219985438565961	a7	a14
12	0.220002746114996	a7	a14	a25	2
13	0.22002221710766	a7	a14
12	0.22004060637851	a7	a14	a25	3
13	0.220071976311136	a7	a14
12	0.220114163461909	a7	a14	a25	4
13	0.220140124785461	a7	a14
12	0.220185557101678	a7	a15	a25	5
12	0.220195833458917	a7	a14	a25	6
13	0.220214763590675	a7	a14
12	0.220234234583339	a7	a16	a25	7
12	0.220316445441255	a7	a14	a25	8
12	0.220339161599364	a7	a17	a25	9
13	0.220354305704769	a7	a14
12	0.220392165968283	a7	a14	a25	10
13	0.220412718682763	a7	a15
13	0.220420290735465	a7	a14
13	0.220423535900909	a7	a16
12	0.220477081130737	a7	a14	a25	11
13	0.220484653183439	a7	a17
12	0.220504124176104	a7	a16	a25	12
12	0.220518727420602	a7	a15	a25	13
13	0.220521431725139	a7	a14
13	0.220537657552359	a7	a15
13	0.220539280135081	a7	a16
12	0.220609592053036	a7	a17	a25	14
12	0.22063122648933	a7	a15	a25	15
13	0.22067179105738	a7	a17
13	0.220688557745508	a7	a15
13	0.220879481645801	a6	a10
13	0.220911933300241	a8	a52
12	0.22198337875769	a8	a52	a38	0
12	0.222340887817445	a6	a10	a26	0
12	0.222416067483566	a7	a14	a27	0
12	0.222570212842159	a7	a16	a27	1
12	0.222683252771794	a7	a15	a27	2
13	0.22270434634718	a7	a14
12	0.222710295817161	a7	a17	a27	3
12	0.222772494821506	a7	a14	a27	4
13	0.222836316408572	a7	a16
13	0.22287147236755	a7	a14
13	0.222872013228457	a7	a15
13	0.222933671371894	a7	a17
12	0.222941784285504	a7	a14	a27	5
12	0.22296720474815	a7	a15	a27	6
12	0.223014800507996	a7	a17	a27	7
13	0.223022913421606	a7	a14
13	0.223028862891587	a7	a15
13	0.223094847922283	a7	a17
12	0.223106206001337	a7	a15	a27	8
12	0.223122972689465	a7	a16	a27	9
12	0.223155424343905	a7	a14	a27	10
13	0.223180844806551	a7	a16
12	0.223181926528365	a7	a17	a27	11
13	0.223203020103752	a7	a15
13	0.223233308314563	a7	a14
13	0.223254942750857	a7	a17
12	0.223260892220838	a7	a15	a27	12
12	0.223290098709834	a7	a16	a27	13
13	0.22333985791331	a7	a16
12	0.223347429966013	a7	a17	a27	14
12	0.223362574071418	a7	a14	a27	15
13	0.223392321421322	a7	a15
13	0.223430722545744	a7	a17
13	0.223448030094779	a7	a14
13	0.223614615254241	a6	a10
13	0.224227410662262	a8	a52
12	0.224443214164292	a8	a52	a41	0
12	0.224569775616611	a6	a10	a28	0
12	0.224621698263716	a7	a14	a29	0
12	0.224813703885823	a7	a16	a29	1
13	0.224817489912175	a7	a14
12	0.22486724911565	a7	a14	a29	2
13	0.224900782491906	a7	a14
12	0.224929988980902	a7	a14	a29	3
13	0.224945673947215	a7	a14
12	0.224964063218065	a7	a14	a29	4
13	0.224977584740748	a7	a16
13	0.224980289045285	a7	a14
12	0.225028425666039	a7	a14	a29	5
13	0.225045733215074	a7	a14
12	0.225124158046639	a7	a14	a29	6
13	0.225140924734766	a7	a14
12	0.225154987118357	a7	a16	a29	7
12	0.225173917250114	a7	a15	a29	8
13	0.225182030163725	a7	a16
12	0.225185816190076	a7	a14	a29	9
13	0.225202582878204	a7	a14
12	0.225238820558996	a7	a17	a29	10
12	0.225259914134382	a7	a16	a29	11
13	0.225278844266139	a7	a15
12	0.225280466848861	a7	a14	a29	12
13	0.225291284067008	a7	a16
13	0.225298315258804	a7	a14
12	0.225365382011314	a7	a15	a29	13
13	0.225372954064017	a7	a17
12	0.225394047639404	a7	a14	a29	14
13	0.225414600353883	a7	a14
13	0.22543136704201	a7	a15
12	0.225432448763825	a7	a16	a29	15
13	0.225487075715467	a7	a16
13	0.225640680213153	a6	a10
13	0.225712073852922	a8	a52
12	0.227363863063951	a8	a52	a46	0
12	0.229944851313798	a6	a10	a30	0
12	0.230019490119012	a7	a14	a31	0
12	0.230109813890538	a7	a17	a31	1
12	0.230169308590346	a7	a15	a31	2
12	0.230253142030985	a7	a16	a31	3
13	0.230259632361873	a7	a14
13	0.230385652953284	a7	a17
13	0.23039052070145	a7	a15
13	0.230463536923942	a7	a16
13	0.230612273673461	a6	a10
12	0.2307918394947	a6	a10	a32	0
12	0.230855120220859	a7	a14	a33	0
12	0.231101752794608	a7	a15	a33	1
12	0.231118519482736	a7	a17	a33	2
12	0.231153134580806	a7	a16	a33	3
13	0.231815148331395	a7	a14
13	0.232113162691342	a7	a16
13	0.232185097192019	a7	a15
13	0.232450659897525	a7	a17
13	0.232581548237102	a6	a10
12	0.23448213346551	a6	a10	a34	0
12	0.234569212071592	a7	a14	a35	0
13	0.234852623187041	a7	a14
12	0.23488940172874	a7	a14	a35	1
12	0.234951059872177	a7	a17	a35	2
12	0.235021371790132	a7	a16	a35	3
13	0.235113859005288	a7	a14
13	0.235250696814846	a7	a16
13	0.23534156144728	a7	a17
13	0.235508146606742	a6	a10
12	0.235680140375277	a6	a10	a36	0
12	0.23575910606775	a7	a14	a37	0
12	0.235843480369295	a7	a16	a37	1
13	0.235992217118815	a7	a14
12	0.236043598905013	a7	a15	a37	2
12	0.236105797909357	a7	a17	a37	3
13	0.23617448724459	a7	a16
13	0.236345399291311	a7	a15
13	0.236385963859362	a7	a17
13	0.236513607033495	a6	a10
12	0.236875442980508	a8	a53	a45	0
13	0.238308183524063	a8	a53
12	0.239220075013846	a8	a53	a50	0
12	0.241103893554126	a8	a54	a49	0
13	0.244967803876194	a8	a54
12	0.245003500696078	a8	a54	a48	0
13	0.246304812039149	a8	a54
12	0.246339427137219	a8	a54	a47	0
13	0.246917066586262	a8	a54
13	0.247817599996991	a8	a53
13	0.248281117794585	a8	a52
13	0.248516933150187	a8	a51
12	0.248826846450095	a8	a51	a42	0
12	0.248869574461775	a8	a52	a44	0
13	0.256354548558513	a8	a52
12	0.256457312130909	a6	a10	a20	0
12	0.2566850145729	a7	a14	a21	0
12	0.256716384505526	a7	a16	a21	1
13	0.256760735099929	a7	a14
12	0.256845650262382	a7	a14	a21	2
13	0.257014939726381	a7	a14
13	0.257073893565281	a7	a16
12	0.257156645284105	a7	a17	a21	3
13	0.257486029576677	a7	a17
13	0.257602314671756	a6	a10
12	0.257692097582376	a8	a52	a40	0
12	0.257713191157762	a8	a53	a39	0
12	0.257805678372918	a6	a10	a22	0
12	0.257887889230834	a7	a14	a23	0
13	0.257967395784214	a7	a14
12	0.257985785055064	a7	a14	a23	1
13	0.258066914191165	a7	a14
12	0.258106397037401	a7	a14	a23	2
12	0.258144798161823	a7	a17	a23	3
13	0.258183740147152	a7	a14
12	0.25830218868586	a7	a15	a23	4
12	0.258317332791266	a7	a14	a23	5
12	0.258344375836633	a7	a16	a23	6
13	0.258346539280262	a7	a17
12	0.258408738284607	a7	a17	a23	7
13	0.258419555502754	a7	a14
13	0.258419555502754	a7	a15
12	0.258499062056133	a7	a15	a23	8
13	0.258523941657871	a7	a16
13	0.258524482518778	a7	a17
12	0.258535299736925	a7	a14	a23	9
12	0.258600203045807	a7	a17	a23	10
13	0.258616428873027	a7	a15
13	0.258659156884707	a7	a14
12	0.258660779467429	a7	a16	a23	11
12	0.258692149400055	a7	a15	a23	12
13	0.25870134403548	a7	a17
12	0.258772737675249	a7	a17	a23	13
13	0.258790045224285	a7	a15
13	0.258809516216949	a7	a16
12	0.258838722705945	a7	a14	a23	14
12	0.258855489394073	a7	a15	a23	15
13	0.258910657206622	a7	a17
13	0.258925260451121	a7	a14
13	0.258997194951797	a7	a15
13	0.259127542430467	a6	a10
12	0.259274656597265	a6	a10	a22	0
12	0.259357949176996	a7	a14	a23	0
13	0.259428801955858	a7	a14
12	0.2594466503658	a7	a14	a23	1
13	0.259520748310107	a7	a14
12	0.25957104837449	a7	a14	a23	2
12	0.259626757047946	a7	a17	a23	3
13	0.259640819431537	a7	a14
12	0.259659208702387	a7	a15	a23	4
12	0.259687874330476	a7	a14	a23	5
13	0.25977873896291	a7	a17
13	0.259780361545632	a7	a14
13	0.259796046511945	a7	a15
12	0.259817680948239	a7	a14	a23	6
12	0.259913413328839	a7	a15	a23	7
13	0.259926393990615	a7	a14
12	0.259932343460596	a7	a16	a23	8
12	0.259981020942257	a7	a17	a23	9
12	0.260003737100365	a7	a14	a23	10
13	0.260026994119381	a7	a15
13	0.260050251138397	a7	a16
12	0.260095142593706	a7	a15	a23	11
13	0.260096224315521	a7	a17
12	0.260121644778166	a7	a16	a23	12
13	0.260184384643418	a7	a14
13	0.260193579278843	a7	a15
12	0.26020439649699	a7	a17	a23	13
13	0.260218458880581	a7	a16
12	0.260280117024018	a7	a15	a23	14
12	0.26032446761842	a7	a16	a23	15
13	0.260338530002011	a7	a17
13	0.260403433310893	a7	a15
13	0.260427772051723	a7	a16
13	0.26058516257576	a6	a10
13	0.260661964824603	a8	a53
12	0.26069712078358	a6	a10	a24	0
12	0.260759860648832	a7	a14	a25	0
13	0.260781495085126	a7	a14
12	0.260823141374992	a7	a14	a25	1
13	0.260851266142174	a7	a14
12	0.260867491969394	a7	a14	a25	2
13	0.260886422101151	a7	a14
12	0.260903188789279	a7	a14	a25	3
13	0.260924282364665	a7	a14
12	0.260961060906365	a7	a14	a25	4
13	0.260979991038122	a7	a14
12	0.261000543752601	a7	a17	a25	5
12	0.261021637327987	a7	a14	a25	6
13	0.261049762095169	a7	a14
12	0.261070314809648	a7	a14	a25	7
13	0.261099521298645	a7	a14
13	0.261129809509456	a7	a17
12	0.261138463283973	a7	a14	a25	8
13	0.261159015998452	a7	a14
12	0.261221215002797	a7	a14	a25	9
13	0.261242308578184	a7	a14
12	0.26126340215357	a7	a17	a25	10
13	0.26131640652249	a7	a17
12	0.261322896853378	a7	a15	a25	11
12	0.261338040958783	a7	a14	a25	12
13	0.261362920560521	a7	a14
12	0.261376982944112	a7	a16	a25	13
13	0.261389963605889	a7	a15
12	0.261458112080214	a7	a17	a25	14
13	0.261480287377415	a7	a17
12	0.261501921813709	a7	a15	a25	15
13	0.26151382075367	a7	a16
13	0.261601981081568	a7	a15
13	0.261758830744697	a6	a10
13	0.26179290498186	a8	a52
12	0.26207198921005	a8	a52	a38	0
12	0.262145546293448	a6	a10	a26	0
12	0.262200714105998	a7	a14	a27	0
13	0.262268321719416	a7	a14
12	0.262321326088335	a7	a15	a27	1
12	0.262339174498278	a7	a17	a27	2
12	0.262408404694418	a7	a14	a27	3
13	0.262440856348858	a7	a17
13	0.262459245619708	a7	a14
13	0.262477634890558	a7	a15
12	0.262500351048666	a7	a14	a27	4
12	0.262571203827528	a7	a17	a27	5
13	0.262577694158417	a7	a14
12	0.262584184489305	a7	a16	a27	6
12	0.262628535083707	a7	a14	a27	7
13	0.26263610713641	a7	a17
12	0.262654496407259	a7	a15	a27	8
13	0.262658282433611	a7	a16
13	0.26270533733255	a7	a14
12	0.262729135212473	a7	a17	a27	9
13	0.262762127727821	a7	a15
12	0.262786466468652	a7	a16	a27	10
13	0.262821081566722	a7	a17
12	0.262838389115757	a7	a14	a27	11
12	0.262878953683807	a7	a15	a27	12
12	0.262901128981008	a7	a17	a27	13
13	0.262917895669136	a7	a14
13	0.262924386000024	a7	a16
13	0.262976849508037	a7	a15
12	0.26302714957242	a7	a14	a27	14
13	0.26302714957242	a7	a17
12	0.263068795862285	a7	a16	a27	15
13	0.263115309900317	a7	a14
13	0.26314722069385	a7	a16
13	0.263325163932366	a6	a10
13	0.263462001741925	a8	a52
12	0.263493912535458	a8	a52	a41	0
12	0.263509597501771	a6	a10	a28	0
12	0.263573959949745	a7	a14	a29	0
13	0.263590185776965	a7	a14
12	0.263649680476773	a7	a14	a29	1
13	0.263672396634881	a7	a14
12	0.263677264383048	a7	a17	a29	2
12	0.263725401003801	a7	a14	a29	3
13	0.263752984910076	a7	a14
13	0.263764883850037	a7	a17
12	0.263786518286331	a7	a15	a29	4
12	0.263836818350714	a7	a14	a29	5
13	0.263855207621564	a7	a14
12	0.263857371065193	a7	a16	a29	6
13	0.26386007536973	a7	a15
12	0.263880087223302	a7	a17	a29	7
13	0.263917406625908	a7	a17
13	0.263957430333052	a7	a16
12	0.263966084107569	a7	a14	a29	8
12	0.264004485231991	a7	a15	a29	9
13	0.264010434701972	a7	a14
13	0.264022333641933	a7	a15
12	0.264038018608246	a7	a17	a29	10
12	0.264073174567224	a7	a16	a29	11
13	0.264083450924463	a7	a17
12	0.264118066022533	a7	a15	a29	12
13	0.264133750988846	a7	a15
13	0.264168366086916	a7	a16
12	0.264181346748692	a7	a14	a29	13
12	0.264221370455836	a7	a17	a29	14
13	0.264233269395797	a7	a14
12	0.264256526414813	a7	a15	a29	15
13	0.264287896347439	a7	a15
13	0.264323593167324	a7	a17
13	0.264504240710377	a6	a10
13	0.264576716071961	a8	a52
12	0.264887170232777	a8	a52	a46	0
12	0.26528362127786	a6	a10	a30	0
12	0.265406937564735	a7	a14	a31	0
12	0.265518354911648	a7	a17	a31	1
13	0.265533499017053	a7	a14
12	0.265544857096107	a7	a15	a31	2
12	0.265593534577768	a7	a14	a31	3
13	0.265726586360975	a7	a17
13	0.265728749804604	a7	a15
13	0.265742271327288	a7	a14
13	0.265968892047465	a6	a10
12	0.266008374893701	a6	a10	a32	0
12	0.266111679327004	a7	a14	a33	0
13	0.26620416654216	a7	a14
12	0.266224719256639	a7	a14	a33	1
13	0.26632640110722	a7	a14
12	0.266328564550849	a7	a16	a33	2
12	0.266364261370734	a7	a14	a33	3
13	0.266479464743998	a7	a14
13	0.266721229569581	a7	a16
13	0.266849954465529	a6	a10
12	0.267554155366891	a6	a10	a34	0
12	0.267687748011006	a7	a14	a35	0
12	0.267785102974328	a7	a16	a35	1
13	0.26787218158041	a7	a14
12	0.267933839723847	a7	a14	a35	2
13	0.268134499120472	a7	a16
12	0.268142612034082	a7	a17	a35	3
13	0.268158837861302	a7	a14
13	0.268336240238911	a7	a17
13	0.268462260830323	a6	a10
12	0.268496335067485	a6	a10	a36	0
12	0.268572055594513	a7	a14	a37	0
13	0.268687258967778	a7	a14
12	0.268703484794998	a7	a14	a37	1
12	0.268799217175598	a7	a16	a37	2
13	0.268850058100888	a7	a14
12	0.268976619553207	a7	a14	a37	3
13	0.269093445509193	a7	a14
13	0.269118325110931	a7	a16
13	0.269254622059582	a6	a10
12	0.269336832917498	a8	a53	a45	0
13	0.27001669507803	a8	a53
12	0.270051851037007	a8	a53	a50	0
12	0.270704670152172	a8	a54	a49	0
13	0.273084458144487	a8	a54
12	0.273121777547094	a8	a54	a48	0
13	0.274021229236007	a8	a54
12	0.274055844334077	a8	a54	a47	0
13	0.274510708357154	a8	a54
13	0.275031557410926	a8	a53
13	0.275082939197124	a8	a52
13	0.2752284307812	a8	a51
12	0.27547073646769	a8	a51	a42	0
12	0.27548912573854	a8	a52	a44	0
13	0.281058911362371	a8	a52
12	0.281119487783994	a6	a10	a20	0
12	0.281171951292006	a7	a14	a21	0
13	0.281255243871737	a7	a14
12	0.281296349300695	a7	a14	a21	1
12	0.281315279432452	a7	a16	a21	2
12	0.281474292539212	a7	a17	a21	3
13	0.281520265716336	a7	a14
13	0.281551635648962	a7	a17
13	0.281590577634291	a7	a16
13	0.281847486565279	a6	a10
12	0.281902654377828	a8	a52	a40	0
12	0.281924288814122	a8	a53	a39	0
12	0.28202651152561	a6	a10	a22	0
12	0.282088710529955	a7	a14	a23	0
13	0.282154695560651	a7	a14
12	0.282165512778798	a7	a17	a23	1
12	0.28220175045959	a7	a14	a23	2
12	0.282278011847525	a7	a15	a23	3
13	0.282282879595691	a7	a14
13	0.282359140983627	a7	a17
12	0.282376989393569	a7	a14	a23	4
12	0.282437024954284	a7	a16	a23	5
13	0.282445137867895	a7	a14
12	0.282458118529671	a7	a17	a23	6
13	0.282459741112393	a7	a15
12	0.28252951216944	a7	a14	a23	7
13	0.282548442301197	a7	a17
13	0.282567372432954	a7	a16
12	0.282580893955638	a7	a15	a23	8
13	0.28263552090728	a7	a14
12	0.282646878986334	a7	a16	a23	9
12	0.282695556467995	a7	a17	a23	10
13	0.282697179050717	a7	a15
12	0.282709077990679	a7	a14	a23	11
13	0.282766409246857	a7	a16
12	0.28277398129956	a7	a15	a23	12
13	0.282799942623113	a7	a14
13	0.282828067390294	a7	a17
12	0.282858355601106	a7	a16	a23	13
13	0.282878367454677	a7	a15
12	0.282901083612786	a7	a14	a23	14
13	0.282967609504389	a7	a16
12	0.282977885861629	a7	a17	a23	15
13	0.283050361223213	a7	a14
13	0.283089844069449	a7	a17
13	0.283236417375339	a6	a10
12	0.283359733662214	a6	a10	a22	0
12	0.28343383160652	a7	a14	a23	0
13	0.283496030610865	a7	a14
12	0.283514960742622	a7	a14	a23	1
13	0.283589058686928	a7	a14
12	0.28362529636772	a7	a14	a23	2
12	0.283688577093879	a7	a15	a23	3
13	0.283695608285675	a7	a14
12	0.283758889011834	a7	a16	a23	4
12	0.283788095500831	a7	a14	a23	5
12	0.283825955764345	a7	a17	a23	6
13	0.283825955764345	a7	a15
13	0.283863275166951	a7	a14
13	0.283863816027859	a7	a16
12	0.283922229005852	a7	a15	a23	7
13	0.283935209667628	a7	a17
12	0.283946567746682	a7	a14	a23	8
12	0.283996867811065	a7	a16	a23	9
12	0.284019043108267	a7	a17	a23	10
13	0.284039595822746	a7	a15
13	0.284048249597263	a7	a14
13	0.284089355026221	a7	a17
13	0.284091518469851	a7	a16
12	0.284119102376125	a7	a15	a23	11
12	0.284149390586937	a7	a14	a23	12
12	0.284182383102285	a7	a16	a23	13
12	0.284207262704022	a7	a17	a23	14
13	0.284231060583946	a7	a14
13	0.28423214230576	a7	a15
12	0.284299209058271	a7	a14	a23	15
13	0.284310026276418	a7	a16
13	0.284314894024584	a7	a17
13	0.284406299517925	a7	a14
13	0.284585324478256	a6	a10
13	0.284637787986268	a8	a53
12	0.284665371892543	a6	a10	a24	0
12	0.284722162287814	a7	a14	a25	0
13	0.284740010697757	a7	a14
12	0.284757859107699	a7	a14	a25	1
13	0.284776789239456	a7	a14
12	0.284794637649398	a7	a14	a25	2
13	0.284820598972951	a7	a14
12	0.284836824800171	a7	a14	a25	3
13	0.284858459236465	a7	a14
12	0.284878471090037	a7	a14	a25	4
13	0.284898482943608	a7	a14
12	0.284920117379902	a7	a14	a25	5
13	0.284948242147084	a7	a14
12	0.284973121748822	a7	a14	a25	6
13	0.284998542211467	a7	a14
12	0.285066690685792	a7	a14	a25	7
13	0.285087784261179	a7	a14
12	0.285100224062048	a7	a15	a25	8
12	0.285174862867261	a7	a16	a25	9
12	0.285183516641779	a7	a14	a25	10
13	0.285186761807223	a7	a15
13	0.285241388758865	a7	a16
12	0.285248960811567	a7	a17	a25	11
13	0.285255992003363	a7	a14
12	0.285349560940334	a7	a16	a25	12
13	0.285356592132129	a7	a17
12	0.285368491072091	a7	a15	a25	13
12	0.285415005110122	a7	a14	a25	14
13	0.285442589016397	a7	a16
12	0.285443670738211	a7	a17	a25	15
13	0.285458814843617	a7	a15
13	0.285469632061764	a7	a14
13	0.285537780536089	a7	a17
13	0.285690844172868	a6	a10
13	0.285723295827308	a8	a52
12	0.285894207874029	a8	a52	a38	0
12	0.28594504879932	a6	a10	a26	0
12	0.286021310187255	a7	a14	a27	0
13	0.286070528529823	a7	a14
12	0.286149494222296	a7	a14	a27	1
12	0.28617707812857	a7	a15	a27	2
13	0.286206825478474	a7	a14
12	0.286216560974806	a7	a17	a27	3
12	0.286274433091892	a7	a14	a27	4
13	0.286306884746333	a7	a15
13	0.286343122427125	a7	a14
13	0.28637665580338	a7	a17
12	0.286452917191316	a7	a15	a27	5
12	0.286479419375776	a7	a17	a27	6
12	0.286503758116606	a7	a14	a27	7
13	0.286527015135622	a7	a17
13	0.286528096857437	a7	a15
12	0.286535128049232	a7	a16	a27	8
12	0.28660273566265	a7	a17	a27	9
12	0.286636269038906	a7	a15	a27	10
13	0.286646545396145	a7	a16
13	0.286649249700682	a7	a14
13	0.286701172347787	a7	a17
13	0.286718479896822	a7	a15
12	0.286757421882151	a7	a16	a27	11
12	0.286779597179352	a7	a15	a27	12
12	0.286796904728387	a7	a14	a27	13
12	0.286825570356476	a7	a17	a27	14
13	0.286827733800106	a7	a16
13	0.286849909097307	a7	a15
13	0.286899668300782	a7	a17
13	0.286915353267095	a7	a14
12	0.28697538882781	a7	a15	a27	15
13	0.287083020148372	a7	a15
13	0.287247982725112	a6	a10
13	0.287351287158415	a8	a52
12	0.287393474309188	a8	a52	a41	0
12	0.287405914110057	a6	a10	a28	0
12	0.287483798080714	a7	a14	a29	0
13	0.287500023907934	a7	a14
12	0.28752328092695	a7	a14	a29	1
13	0.287539506754171	a7	a14
12	0.287561141190464	a7	a14	a29	2
13	0.287586020792202	a7	a14
12	0.287603328341237	a7	a14	a29	3
13	0.28761901330755	a7	a14
12	0.287635779995678	a7	a14	a29	4
13	0.287650924101084	a7	a14
12	0.287729348932648	a7	a15	a29	5
12	0.287770454361607	a7	a17	a29	6
13	0.287781812440661	a7	a15
12	0.287790466215178	a7	a14	a29	7
13	0.287808314625121	a7	a17
13	0.287808855486028	a7	a14
12	0.28783698025321	a7	a16	a29	8
13	0.287926763163829	a7	a16
12	0.287928926607459	a7	a17	a29	9
13	0.287946234156494	a7	a17
12	0.287947315878308	a7	a15	a29	10
12	0.287962459983714	a7	a14	a29	11
13	0.287964623427343	a7	a15
12	0.288031690179854	a7	a17	a29	12
12	0.288047916007074	a7	a15	a29	13
13	0.288063600973387	a7	a15
12	0.288071713886997	a7	a16	a29	14
13	0.288073877330627	a7	a14
13	0.288104706402345	a7	a17
13	0.288144189248582	a7	a16
12	0.288152302162192	a7	a15	a29	15
13	0.288251279708236	a7	a15
13	0.288441121886714	a6	a10
13	0.288481686454764	a8	a52
12	0.288764556709305	a8	a52	a46	0
12	0.289123147490875	a6	a10	a30	0
12	0.289192918547922	a7	a14	a31	0
13	0.289314612252075	a7	a14
12	0.289360044568292	a7	a15	a31	1
12	0.289376270395512	a7	a17	a31	2
12	0.289429815625339	a7	a14	a31	3
13	0.289554754494935	a7	a14
13	0.28956611257399	a7	a15
13	0.28960072767206	a7	a17
13	0.289775425745132	a6	a10
12	0.289813286008646	a6	a10	a32	0
12	0.289937143156428	a7	a14	a33	0
13	0.290030171232491	a7	a14
12	0.290051264807878	a7	a14	a33	1
13	0.29013834341396	a7	a14
12	0.29015456924118	a7	a14	a33	2
13	0.290234616655467	a7	a14
12	0.290301142547071	a7	a14	a33	3
13	0.290379026517728	a7	a14
13	0.290626740813292	a6	a10
12	0.291255762048533	a6	a10	a34	0
12	0.291355280455485	a7	a14	a35	0
12	0.291381241779037	a7	a15	a35	1
12	0.291502394622282	a7	a17	a35	2
12	0.291555939852109	a7	a16	a35	3
13	0.291558103295739	a7	a14
13	0.291625710909157	a7	a15
13	0.291679796999891	a7	a17
13	0.291796622955878	a7	a16
13	0.291938869374509	a6	a10
12	0.29196915758532	a6	a10	a36	0
12	0.292037306059646	a7	a14	a37	0
13	0.292137365327504	a7	a14
12	0.292157918041984	a7	a14	a37	1
13	0.292255813866213	a7	a14
12	0.292324503201446	a7	a15	a37	2
12	0.29236020002133	a7	a14	a37	3
13	0.292473239950965	a7	a14
13	0.292730689742861	a7	a15
13	0.292859955499716	a6	a10
12	0.292943788940355	a8	a53	a45	0
13	0.293652316728976	a8	a53
12	0.29369017699249	a8	a53	a50	0
12	0.294155317372806	a8	a54	a49	0
13	0.2963052394795	a8	a54
12	0.296340936299384	a8	a54	a48	0
13	0.297089487795149	a8	a54
12	0.297120857727775	a8	a54	a47	0
13	0.297573558307222	a8	a54
13	0.298114419214566	a8	a53
13	0.298165801000764	a8	a52
13	0.298329681855689	a8	a51
12	0.298539535887739	a8	a51	a42	0
12	0.298557925158589	a8	a52	a44	0
13	0.302685234742533	a8	a52
12	0.302746352025063	a6	a10	a20	0
12	0.30279989725489	a7	a14	a21	0
13	0.302849656458366	a7	a14
12	0.302873454338289	a7	a14	a21	1
13	0.303048693272268	a7	a14
12	0.3031909396909	a7	a14	a21	2
12	0.303266119357021	a7	a17	a21	3
13	0.303370505512138	a7	a14
13	0.303656620932123	a7	a17
13	0.303773987749017	a6	a10
12	0.303844299666972	a8	a52	a40	0
12	0.303863229798729	a8	a53	a39	0
12	0.303954094431163	a6	a10	a22	0
12	0.304021702044581	a7	a14	a23	0
13	0.304102831180682	a7	a14
12	0.304140691444196	a7	a14	a23	1
12	0.304163407602305	a7	a15	a23	2
13	0.304223984023927	a7	a14
12	0.30429483680279	a7	a17	a23	3
12	0.304322961569971	a7	a14	a23	4
13	0.304350004615339	a7	a15
13	0.30440463156698	a7	a17
13	0.304407876732425	a7	a14
12	0.304469534875862	a7	a16	a23	5
12	0.304501986530302	a7	a15	a23	6
12	0.304511722026635	a7	a17	a23	7
12	0.30453497904565	a7	a14	a23	8
13	0.304583115666404	a7	a15
13	0.304619353347196	a7	a17
13	0.30462476195627	a7	a16
13	0.304664785663413	a7	a14
12	0.304688042682429	a7	a15	a23	9
12	0.304717249171425	a7	a17	a23	10
12	0.304737801885905	a7	a14	a23	11
12	0.304775121288511	a7	a16	a23	12
13	0.30478756108938	a7	a15
13	0.304845433206466	a7	a17
12	0.304855168702798	a7	a15	a23	13
13	0.30489356982722	a7	a16
13	0.304914122541699	a7	a14
12	0.304937379560715	a7	a17	a23	14
12	0.304976321546043	a7	a16	a23	15
13	0.304983893598746	a7	a15
13	0.305053664655794	a7	a17
13	0.305075299092087	a7	a16
13	0.305252160608789	a6	a10
12	0.305376558617478	a6	a10	a22	0
12	0.305439839343637	a7	a14	a23	0
13	0.305504742652519	a7	a14
12	0.305523131923368	a7	a14	a23	1
13	0.305601015894026	a7	a14
12	0.305621568608505	a7	a14	a23	2
12	0.305677277281962	a7	a15	a23	3
13	0.305690798804645	a7	a14
12	0.305780040854357	a7	a14	a23	4
12	0.305800593568836	a7	a17	a23	5
12	0.305837912971443	a7	a16	a23	6
13	0.30584656674596	a7	a15
13	0.305905520584861	a7	a14
13	0.305968260450113	a7	a17
13	0.305972587337372	a7	a16
12	0.305982863694611	a7	a15	a23	7
12	0.306037490646253	a7	a14	a23	8
12	0.306061288526176	a7	a17	a23	9
13	0.306074269187952	a7	a15
12	0.30607481004886	a7	a16	a23	10
13	0.306121864947799	a7	a14
12	0.30616026607222	a7	a15	a23	11
13	0.306205698388437	a7	a17
12	0.306213811302047	a7	a14	a23	12
13	0.306240854347414	a7	a16
13	0.306296022159963	a7	a15
12	0.30630088990813	a7	a17	a23	13
13	0.306318738318072	a7	a14
12	0.306385805070583	a7	a16	a23	14
12	0.306405816924154	a7	a15	a23	15
13	0.306424206195004	a7	a17
13	0.306483160033905	a7	a16
13	0.306597281685354	a7	a15
13	0.306722220554951	a6	a10
13	0.306773602341148	a8	a53
12	0.30679361419472	a6	a10	a24	0
12	0.306854190616343	a7	a14	a25	0
13	0.306872039026285	a7	a14
12	0.306905031541633	a7	a14	a25	1
13	0.30692396167339	a7	a14
12	0.306940728361518	a7	a14	a25	2
13	0.306959658493275	a7	a14
12	0.306975884320495	a7	a14	a25	3
13	0.307005631670399	a7	a14
12	0.30702185749762	a7	a14	a25	4
13	0.307041869351191	a7	a14
12	0.307078107031983	a7	a14	a25	5
13	0.307099741468277	a7	a14
12	0.307141387758143	a7	a14	a25	6
13	0.307167889942602	a7	a14
12	0.307173839412583	a7	a17	a25	7
12	0.307205209345209	a7	a14	a25	8
13	0.30722738464241	a7	a14
13	0.307232793251484	a7	a17
12	0.30723766099965	a7	a16	a25	9
13	0.307291747090384	a7	a16
12	0.307326903049362	a7	a14	a25	10
13	0.307350160068378	a7	a14
12	0.307379907418281	a7	a15	a25	11
12	0.307415604238166	a7	a16	a25	12
12	0.30743723867446	a7	a17	a25	13
13	0.30746157741529	a7	a16
13	0.307466986024364	a7	a15
12	0.30748807959975	a7	a14	a25	14
13	0.307497815096082	a7	a17
13	0.307569749596759	a7	a14
12	0.307570290457667	a7	a15	a25	15
13	0.307607068999366	a7	a15
13	0.307802860647825	a6	a10
13	0.30783639402408	a8	a52
12	0.307994866269932	a8	a52	a38	0
12	0.308045707195222	a6	a10	a26	0
12	0.308124132026787	a7	a14	a27	0
13	0.308170646064819	a7	a14
12	0.308246907452754	a7	a14	a27	1
13	0.308295584934415	a7	a14
12	0.308339935528818	a7	a16	a27	2
12	0.308381581818683	a7	a17	a27	3
12	0.308417278638568	a7	a14	a27	4
12	0.308455679762989	a7	a15	a27	5
13	0.308497326052855	a7	a14
13	0.308520042210963	a7	a16
13	0.308523287376407	a7	a17
13	0.308568178831717	a7	a15
12	0.308617397174285	a7	a16	a27	6
12	0.308634163862413	a7	a14	a27	7
12	0.308655798298707	a7	a15	a27	8
13	0.308669860682298	a7	a16
12	0.308680677900444	a7	a17	a27	9
13	0.308693117701313	a7	a14
13	0.308736386573901	a7	a15
12	0.308759643592917	a7	a16	a27	10
13	0.3087731651156	a7	a17
12	0.308809402796392	a7	a15	a27	11
12	0.30884239531174	a7	a14	a27	12
12	0.308875387827088	a7	a17	a27	13
13	0.308881878157977	a7	a16
13	0.308882419018884	a7	a15
13	0.308938668553248	a7	a17
12	0.308949485771395	a7	a15	a27	14
13	0.308981396564928	a7	a14
12	0.308992213783075	a7	a16	a27	15
13	0.309026288020237	a7	a15
13	0.30907063861464	a7	a16
13	0.309231274304121	a6	a10
13	0.309338905624682	a8	a52
12	0.309377306749104	a8	a52	a41	0
12	0.30939245085451	a6	a10	a28	0
12	0.309452486415225	a7	a14	a29	0
13	0.309468712242445	a7	a14
12	0.309524961776809	a7	a14	a29	1
13	0.309541187604029	a7	a14
12	0.309551463961269	a7	a17	a29	2
12	0.309590946807505	a7	a14	a29	3
13	0.309604468330189	a7	a17
13	0.309606631773818	a7	a14
12	0.309707772763491	a7	a17	a29	4
12	0.30972832547797	a7	a14	a29	5
13	0.309736438391581	a7	a17
13	0.309745633027005	a7	a14
12	0.30980783203135	a7	a14	a29	6
13	0.309838661103069	a7	a14
12	0.309864622426621	a7	a17	a29	7
13	0.309880848253841	a7	a17
12	0.309888961167452	a7	a16	a29	8
12	0.309923576265522	a7	a15	a29	9
13	0.309947374145445	a7	a16
12	0.309950619310889	a7	a14	a29	10
13	0.309967385999017	a7	a14
13	0.309975498912627	a7	a15
12	0.310022553811566	a7	a17	a29	11
13	0.310038238777879	a7	a17
12	0.310071231293227	a7	a16	a29	12
13	0.310100437782223	a7	a16
12	0.310124235662146	a7	a15	a29	13
13	0.310141543211181	a7	a15
12	0.310152360429328	a7	a14	a29	14
12	0.310213477711858	a7	a17	a29	15
13	0.310213477711858	a7	a14
13	0.310271890689851	a7	a17
13	0.310523391011766	a6	a10
13	0.31057152763252	a8	a52
12	0.310860347357042	a8	a52	a46	0
12	0.311260584428477	a6	a10	a30	0
12	0.311364970583594	a7	a14	a31	0
13	0.311482878261395	a7	a14
12	0.311497481505894	a7	a17	a31	1
12	0.311529933160334	a7	a14	a31	2
13	0.311642973089969	a7	a14
13	0.311690568849815	a7	a17
12	0.311726806530608	a7	a14	a31	3
13	0.311845795930223	a7	a14
13	0.31202157572511	a6	a10
12	0.312046996187755	a6	a10	a32	0
12	0.312127043602042	a7	a14	a33	0
13	0.312216285651754	a7	a14
12	0.312239001809863	a7	a14	a33	1
12	0.312271994325211	a7	a17	a33	2
13	0.312330948164111	a7	a14
12	0.312393147168456	a7	a14	a33	3
13	0.312473194582743	a7	a14
13	0.312617063584096	a7	a17
13	0.312775535829948	a6	a10
12	0.313362910775324	a6	a10	a34	0
12	0.313431059249649	a7	a14	a35	0
13	0.313594940104575	a7	a14
12	0.313634422950811	a7	a14	a35	1
13	0.31380371241481	a7	a14
12	0.313848603870119	a7	a14	a35	2
12	0.313897822212688	a7	a16	a35	3
13	0.314042232074948	a7	a14
13	0.314173661275433	a7	a16
13	0.314289946370512	a6	a10
12	0.314321316303138	a6	a10	a36	0
12	0.314379729281131	a7	a14	a37	0
13	0.314480329409897	a7	a14
12	0.314526302587022	a7	a14	a37	1
12	0.314605809140401	a7	a17	a37	2
12	0.314623657550344	a7	a15	a37	3
13	0.314624198411251	a7	a14
13	0.314865963236834	a7	a17
13	0.315026598926315	a7	a15
13	0.315167763623132	a6	a10
12	0.31522725832294	a8	a53	a45	0
13	0.316368474837436	a8	a53
12	0.316404171657321	a8	a53	a50	0
12	0.316833074356845	a8	a54	a49	0
13	0.318958116861801	a8	a54
12	0.318992191098963	a8	a54	a48	0
13	0.319751559812875	a8	a54
12	0.319770489944632	a8	a54	a47	0
13	0.320179921651492	a8	a54
13	0.320674268520804	a8	a53
13	0.320731599776983	a8	a52
13	0.320843017123896	a8	a51
12	0.321060984069555	a8	a51	a42	0
12	0.321078832479498	a8	a52	a44	0
13	0.324880543797221	a8	a52
12	0.324949233132454	a6	a10	a20	0
12	0.325074712862957	a7	a14	a21	0
13	0.32512501292734	a7	a14
12	0.32516179146904	a7	a14	a21	1
13	0.325211009811608	a7	a14
12	0.325223449612477	a7	a17	a21	2
12	0.325267800206879	a7	a14	a21	3
13	0.325450611193562	a7	a14
13	0.325493339205242	a7	a17
13	0.32577080085071	a6	a10
12	0.325828132106888	a8	a52	a40	0
12	0.32584598051683	a8	a53	a39	0
12	0.325934140844728	a6	a10	a22	0
12	0.325999585014516	a7	a14	a23	0
13	0.326069896932471	a7	a14
12	0.326088286203321	a7	a14	a23	1
13	0.326161302425812	a7	a14
12	0.326174823948496	a7	a17	a23	2
12	0.32621052076838	a7	a14	a23	3
13	0.326297599374463	a7	a14
12	0.326364125266066	a7	a14	a23	4
13	0.326400903807766	a7	a17
12	0.32641226188682	a7	a15	a23	5
12	0.326434437184021	a7	a16	a23	6
13	0.32643876407128	a7	a14
12	0.326477165195701	a7	a17	a23	7
12	0.326498799631995	a7	a14	a23	8
13	0.32659561373441	a7	a14
13	0.326619411614333	a7	a15
13	0.326655649295125	a7	a16
13	0.326682692340492	a7	a17
12	0.326689723532288	a7	a14	a23	9
12	0.326765984920223	a7	a15	a23	10
12	0.326814662401884	a7	a16	a23	11
13	0.32681953015005	a7	a14
12	0.326833592533641	a7	a17	a23	12
13	0.326893087233449	a7	a15
12	0.326900659286152	a7	a14	a23	13
13	0.326919589417909	a7	a17
13	0.326969889482292	a7	a16
12	0.32698665617042	a7	a17	a23	14
13	0.327004504580362	a7	a14
12	0.327068867028336	a7	a15	a23	15
13	0.327102941265499	a7	a17
13	0.327228420996002	a7	a15
13	0.327346328673803	a6	a10
12	0.327445847080755	a6	a10	a22	0
12	0.327523731051412	a7	a14	a23	0
13	0.327586470916664	a7	a14
12	0.327606482770236	a7	a14	a23	1
13	0.327683825879986	a7	a14
12	0.32768923448906	a7	a16	a23	2
12	0.327736830248906	a7	a14	a23	3
12	0.327757382963385	a7	a17	a23	4
13	0.327832562629506	a7	a16
13	0.32784392070856	a7	a14
13	0.327881780972074	a7	a17
12	0.327894761633851	a7	a15	a23	5
12	0.327914232626515	a7	a14	a23	6
12	0.327951552029122	a7	a16	a23	7
12	0.32797426818723	a7	a17	a23	8
13	0.328001852093505	a7	a14
13	0.328005097258949	a7	a15
12	0.328075409176904	a7	a14	a23	9
13	0.32807811348144	a7	a17
13	0.328104074804993	a7	a16
12	0.328145721094858	a7	a15	a23	10
13	0.32816573294843	a7	a14
12	0.328180336192928	a7	a17	a23	11
12	0.328192775993797	a7	a16	a23	12
12	0.328243616919088	a7	a14	a23	13
13	0.328267414799011	a7	a16
13	0.328273364268992	a7	a15
13	0.328348003074205	a7	a14
12	0.328354493405093	a7	a15	a23	14
13	0.328359361153259	a7	a17
12	0.328423182740326	a7	a16	a23	15
13	0.328462124725655	a7	a15
13	0.328542713000849	a7	a16
13	0.32869739922035	a6	a10
13	0.32874824014564	a8	a53
12	0.328772038025563	a6	a10	a24	0
12	0.328830451003556	a7	a14	a25	0
13	0.328849381135313	a7	a14
12	0.32887858762431	a7	a14	a25	1
13	0.328899681199696	a7	a14
12	0.328915907026917	a7	a14	a25	2
13	0.328935378019581	a7	a14
12	0.328952685568616	a7	a14	a25	3
13	0.32897432000491	a7	a14
12	0.328990004971223	a7	a14	a25	4
13	0.329009475963887	a7	a14
12	0.329025701791108	a7	a14	a25	5
13	0.329047877088309	a7	a14
12	0.329065725498251	a7	a14	a25	6
13	0.329091686821804	a7	a14
12	0.329176601984257	a7	a14	a25	7
13	0.329197695559643	a7	a14
12	0.329212839665049	a7	a17	a25	8
13	0.329284774165725	a7	a17
12	0.329297754827502	a7	a15	a25	9
12	0.329335074230108	a7	a14	a25	10
13	0.329340482839182	a7	a15
12	0.329356708666402	a7	a16	a25	11
13	0.329358331249124	a7	a14
12	0.329445409855207	a7	a17	a25	12
12	0.329464339986964	a7	a15	a25	13
13	0.329488137866887	a7	a16
12	0.329496791641404	a7	a14	a25	14
13	0.329509231442273	a7	a17
13	0.329529243295845	a7	a14
13	0.329553041175768	a7	a15
12	0.329602800379244	a7	a16	a25	15
13	0.3296585090527	a7	a16
13	0.329922449175484	a6	a10
13	0.329954900829925	a8	a52
12	0.330116077380314	a8	a52	a38	0
12	0.330151774200198	a6	a10	a26	0
12	0.330308623863328	a7	a14	a27	0
13	0.33037947664219	a7	a14
12	0.330435185315647	a7	a14	a27	1
12	0.330467636970087	a7	a17	a27	2
13	0.330486567101844	a7	a14
12	0.330542816636208	a7	a14	a27	3
13	0.330590953256962	a7	a14
12	0.330612587693256	a7	a14	a27	4
13	0.330669378088527	a7	a14
13	0.330672623253971	a7	a17
12	0.330712106100207	a7	a14	a27	5
13	0.330784581461791	a7	a14
12	0.330804593315363	a7	a15	a27	6
12	0.33085002563158	a7	a17	a27	7
12	0.33086841490243	a7	a14	a27	8
12	0.330891131060538	a7	a16	a27	9
13	0.330891131060538	a7	a15
13	0.330924664436793	a7	a17
13	0.33094575801218	a7	a14
13	0.331008497877432	a7	a16
12	0.331012283903783	a7	a17	a27	10
12	0.331045817280039	a7	a15	a27	11
12	0.331079891517201	a7	a14	a27	12
12	0.331105852840754	a7	a16	a27	13
13	0.331110179728012	a7	a17
13	0.33111072058892	a7	a15
13	0.33117183787145	a7	a14
12	0.331178328202338	a7	a15	a27	14
12	0.331197799195002	a7	a17	a27	15
13	0.331212402439501	a7	a16
13	0.331254589590273	a7	a15
13	0.331330850978209	a7	a17
13	0.331511498521262	a6	a10
13	0.331608312623677	a8	a52
12	0.331630487920878	a8	a52	a41	0
12	0.331648877191727	a6	a10	a28	0
12	0.331723515996941	a7	a14	a29	0
13	0.331739200963254	a7	a14
12	0.331764621425899	a7	a14	a29	1
13	0.331780847253119	a7	a14
12	0.331797613941247	a7	a14	a29	2
13	0.331814380629375	a7	a14
12	0.331850077449259	a7	a14	a29	3
13	0.33186630327648	a7	a14
12	0.331913899036326	a7	a14	a29	4
13	0.331932288307176	a7	a14
12	0.331972852875227	a7	a14	a29	5
13	0.331989619563354	a7	a14
12	0.33206371750766	a7	a16	a29	6
12	0.332081025056695	a7	a17	a29	7
12	0.332089137970306	a7	a14	a29	8
13	0.332105904658433	a7	a14
13	0.332136192869245	a7	a16
12	0.33214322406104	a7	a15	a29	9
13	0.332150796113743	a7	a17
12	0.332159990749168	a7	a14	a29	10
13	0.33217783915911	a7	a14
13	0.332233547832567	a7	a15
12	0.33223895644164	a7	a17	a29	11
13	0.332265999487007	a7	a17
12	0.332290879088745	a7	a14	a29	12
13	0.332321708160464	a7	a14
12	0.332342260874943	a7	a16	a29	13
13	0.332367140476681	a7	a16
12	0.332391479217511	a7	a15	a29	14
12	0.332422849150137	a7	a14	a29	15
13	0.332453678221856	a7	a14
13	0.332486129876296	a7	a15
13	0.332703555961049	a6	a10
13	0.332748988277266	a8	a52
12	0.333018337009123	a8	a52	a46	0
12	0.333400184809708	a6	a10	a30	0
12	0.333478068780366	a7	a14	a31	0
12	0.333520255931139	a7	a17	a31	1
13	0.333593813014537	a7	a14
12	0.33361166142448	a7	a16	a31	2
12	0.333648980827087	a7	a14	a31	3
13	0.333782573471201	a7	a17
13	0.333808534794753	a7	a14
13	0.333877224129986	a7	a16
13	0.334020011409525	a6	a10
12	0.33404543187217	a6	a10	a32	0
12	0.334116825511939	a7	a14	a33	0
12	0.334164962132693	a7	a15	a33	1
13	0.334206608422559	a7	a14
12	0.334247172990609	a7	a14	a33	2
12	0.334300718220436	a7	a17	a33	3
13	0.33434074192758	a7	a14
13	0.334643083174785	a7	a15
13	0.334700414430964	a7	a17
13	0.334826435022375	a6	a10
12	0.335396502418716	a6	a10	a34	0
12	0.335464650893041	a7	a14	a35	0
13	0.335619337112542	a7	a14
12	0.335647461879724	a7	a14	a35	1
12	0.335757797504822	a7	a15	a35	2
12	0.335820537370074	a7	a17	a35	3
13	0.335820537370074	a7	a14
13	0.33605959789112	a7	a17
13	0.336129909809075	a7	a15
13	0.336245113182339	a6	a10
12	0.336279187419502	a6	a10	a36	0
12	0.336360857416511	a7	a14	a37	0
13	0.336457130658018	a7	a14
12	0.336497695226069	a7	a14	a37	1
12	0.336517707079641	a7	a16	a37	2
12	0.336595050189391	a7	a17	a37	3
13	0.336710253562655	a7	a14
13	0.336794087003294	a7	a17
13	0.336933088256481	a7	a16
13	0.337047209907931	a6	a10
12	0.33712671646131	a8	a53	a45	0
13	0.338150025298006	a8	a53
12	0.338186262978798	a8	a53	a50	0
12	0.338775801367803	a8	a54	a49	0
13	0.340754270566869	a8	a54
12	0.340790508247661	a8	a54	a48	0
13	0.341494709149023	a8	a54
12	0.34151363928078	a8	a54	a47	0
13	0.34194740972847	a8	a54
13	0.342433643684173	a8	a53
13	0.342480698583112	a8	a52
13	0.342592656790932	a8	a51
12	0.342822522676553	a8	a51	a43	0
13	0.344866976906315	a8	a51
12	0.344886447898979	a8	a51	a42	0
12	0.344905378030736	a8	a52	a44	0
13	0.348714661401162	a8	a52
12	0.348766584048267	a6	a10	a20	0
12	0.34893911867771	a7	a14	a21	0
13	0.348996990794796	a7	a14
12	0.349012675761109	a7	a14	a21	1
13	0.349063516686399	a7	a14
12	0.34909380489721	a7	a14	a21	2
13	0.349134369465261	a7	a14
12	0.349156544762462	a7	a14	a21	3
13	0.349196568469606	a7	a14
13	0.349560567860248	a6	a10
12	0.34961735825552	a8	a52	a40	0
12	0.349639533552721	a8	a53	a39	0
12	0.349701732557065	a6	a10	a22	0
12	0.349775289640464	a7	a14	a23	0
13	0.349849928445678	a7	a14
12	0.349865613411991	a7	a14	a23	1
13	0.349947824269907	a7	a14
12	0.350002451221549	a7	a14	a23	2
12	0.350025167379657	a7	a15	a23	3
13	0.350081416914021	a7	a14
12	0.350130635256589	a7	a16	a23	4
12	0.350169036381011	a7	a17	a23	5
12	0.350180394460065	a7	a14	a23	6
13	0.350255574126186	a7	a14
13	0.350262605317981	a7	a15
12	0.350271799953406	a7	a14	a23	7
13	0.350342111871361	a7	a17
13	0.3503523882286	a7	a16
13	0.350366450612191	a7	a14
12	0.350376186108524	a7	a15	a23	8
12	0.350425404451092	a7	a14	a23	9
12	0.350454610940089	a7	a17	a23	10
12	0.350478949680919	a7	a16	a23	11
13	0.350525463718951	a7	a14
13	0.350555211068855	a7	a15
12	0.350564405704279	a7	a14	a23	12
13	0.350601725106886	a7	a17
13	0.350637962787678	a7	a14
13	0.350670955303026	a7	a16
12	0.3506763639121	a7	a15	a23	13
12	0.350690426295691	a7	a14	a23	14
12	0.350722877950131	a7	a17	a23	15
13	0.350762901657275	a7	a14
13	0.350887299665964	a7	a15
13	0.350981409463842	a7	a17
13	0.351104184889809	a6	a10
12	0.351196131244058	a6	a10	a22	0
12	0.351269147466549	a7	a14	a23	0
13	0.351332428192708	a7	a14
12	0.351351899185373	a7	a14	a23	1
13	0.351425456268772	a7	a14
12	0.351441682095992	a7	a14	a23	2
13	0.351513075735761	a7	a14
12	0.35151956606665	a7	a15	a23	3
12	0.351558508051978	a7	a14	a23	4
13	0.351654781293486	a7	a14
13	0.35167425228615	a7	a15
12	0.351679660895223	a7	a17	a23	5
12	0.35172725665507	a7	a14	a23	6
12	0.351745645925919	a7	a16	a23	7
13	0.351792159963951	a7	a17
12	0.351800813738469	a7	a15	a23	8
13	0.351805140625727	a7	a14
12	0.351886269761829	a7	a17	a23	9
13	0.351899791284513	a7	a15
12	0.351931161217139	a7	a14	a23	10
13	0.351944682739822	a7	a16
12	0.351989574195132	a7	a15	a23	11
12	0.352010667770518	a7	a16	a23	12
13	0.35201229035324	a7	a17
13	0.352033924789534	a7	a14
13	0.352119921673802	a7	a16
13	0.352130198031041	a7	a15
12	0.352136147501022	a7	a14	a23	13
12	0.352178875512702	a7	a17	a23	14
12	0.352207000279884	a7	a16	a23	15
13	0.352224307828919	a7	a14
13	0.352300569216855	a7	a16
13	0.35230976385228	a7	a17
13	0.35247256298539	a6	a10
13	0.352538548016086	a8	a53
12	0.352563427617824	a6	a10	a24	0
12	0.352638066423038	a7	a14	a25	0
13	0.352663486885683	a7	a14
12	0.352687284765606	a7	a14	a25	1
13	0.35270675575827	a7	a14
12	0.352722981585491	a7	a14	a25	2
13	0.352742452578155	a7	a14
12	0.352758678405375	a7	a14	a25	3
13	0.352779231119854	a7	a14
12	0.352796538668889	a7	a14	a25	4
13	0.352815468800646	a7	a14
12	0.352832776349681	a7	a14	a25	5
13	0.352853329064161	a7	a14
12	0.352907956015802	a7	a14	a25	6
13	0.35293283561754	a7	a14
12	0.352942571113872	a7	a15	a25	7
12	0.352985299125553	a7	a14	a25	8
13	0.353005851840032	a7	a14
13	0.353095093889743	a7	a15
12	0.35311618746513	a7	a17	a25	9
12	0.353149720841385	a7	a14	a25	10
13	0.35317514130403	a7	a17
12	0.353177845608567	a7	a15	a25	11
12	0.353192989713973	a7	a16	a25	12
13	0.353194612296695	a7	a14
13	0.353200020905768	a7	a15
12	0.353268710241001	a7	a17	a25	13
13	0.353308193087237	a7	a16
13	0.353332531828068	a7	a17
12	0.353339022158956	a7	a15	a25	14
13	0.3534012211633	a7	a15
12	0.353429345930482	a7	a14	a25	15
13	0.353469369637626	a7	a14
13	0.353613779499887	a6	a10
13	0.353645149432513	a8	a52
12	0.353795508764754	a8	a52	a38	0
12	0.353845808829137	a6	a10	a26	0
12	0.353978319751437	a7	a14	a27	0
13	0.354044304782133	a7	a14
12	0.354105422064663	a7	a17	a27	1
12	0.354149231798157	a7	a14	a27	2
12	0.354206022193429	a7	a15	a27	3
13	0.354228738351537	a7	a14
13	0.354249291066016	a7	a17
12	0.354301213713121	a7	a14	a27	4
13	0.354314194374897	a7	a15
12	0.354367739604725	a7	a17	a27	5
12	0.354387751458296	a7	a15	a27	6
13	0.35439316006737	a7	a14
13	0.354428316026347	a7	a17
13	0.354448327879919	a7	a15
12	0.354514853771522	a7	a17	a27	7
12	0.354549468869592	a7	a16	a27	8
12	0.354568399001349	a7	a15	a27	9
13	0.354576511914959	a7	a17
12	0.354585706550384	a7	a14	a27	10
13	0.354636547475675	a7	a15
12	0.354650068998358	a7	a17	a27	11
13	0.35465980449469	a7	a14
13	0.354695501314575	a7	a16
13	0.354731738995367	a7	a17
12	0.35474958740531	a7	a15	a27	12
12	0.354793397138805	a7	a14	a27	13
12	0.354831257402319	a7	a16	a27	14
13	0.354835584289577	a7	a15
12	0.354849646673168	a7	a17	a27	15
13	0.35488804779759	a7	a14
13	0.354924285478382	a7	a16
13	0.354968636072784	a7	a17
13	0.355158478251262	a6	a10
13	0.355260160101843	a8	a52
12	0.355299102087171	a8	a52	a41	0
12	0.355312082748948	a6	a10	a28	0
12	0.355368332283311	a7	a14	a29	0
13	0.355384558110532	a7	a14
12	0.355423500095861	a7	a14	a29	1
13	0.355439185062174	a7	a14
12	0.355498138901074	a7	a15	a29	2
12	0.355530049694607	a7	a14	a29	3
13	0.355546275521828	a7	a14
13	0.355553306713623	a7	a15
12	0.355563583070863	a7	a16	a29	4
13	0.355605229360728	a7	a16
12	0.355653365981482	a7	a14	a29	5
13	0.355687981079552	a7	a14
12	0.355699339158606	a7	a17	a29	6
12	0.355718269290363	a7	a15	a29	7
13	0.355735576839398	a7	a15
13	0.355736658561213	a7	a17
12	0.355750720944804	a7	a16	a29	8
13	0.355803725313724	a7	a16
12	0.355858893126273	a7	a14	a29	9
12	0.355879986701659	a7	a17	a29	10
13	0.355884313588918	a7	a14
13	0.355899998555231	a7	a17
12	0.355901621137953	a7	a15	a29	11
12	0.355959493255039	a7	a16	a29	12
13	0.355962738420483	a7	a15
12	0.355991404048572	a7	a14	a29	13
13	0.356073614906488	a7	a16
12	0.356080646098284	a7	a15	a29	15
12	0.356090922455523	a7	a17	a29	14
13	0.356099576230041	a7	a15
13	0.356100117090948	a7	a14
13	0.356166102121644	a7	a17
13	0.356373792710065	a6	a10
13	0.356427878800799	a8	a52
12	0.356742118987966	a8	a52	a46	0
12	0.357133702284883	a6	a10	a30	0
12	0.357205095924653	a7	a14	a31	0
13	0.357320299297917	a7	a14
12	0.357323003602454	a7	a17	a31	1
12	0.357369517640485	a7	a14	a31	2
12	0.357410623069444	a7	a15	a31	3
13	0.357525826442708	a7	a17
13	0.357525826442708	a7	a14
13	0.357582075977072	a7	a15
13	0.357861160205261	a6	a10
12	0.357890366694258	a6	a10	a32	0
12	0.357956892585861	a7	a14	a33	0
13	0.358048298079203	a7	a14
12	0.358071014237311	a7	a14	a33	1
13	0.358157011121579	a7	a14
12	0.358173777809706	a7	a14	a33	2
12	0.358245712310383	a7	a17	a33	3
13	0.358269510190306	a7	a14
13	0.358558329914828	a7	a17
13	0.358670288122648	a6	a10
12	0.359213853334529	a6	a10	a34	0
12	0.35928308353067	a7	a14	a35	0
12	0.359406399817544	a7	a15	a35	1
12	0.359426952532023	a7	a16	a35	2
13	0.359453454716483	a7	a14
12	0.359527552660789	a7	a14	a35	3
13	0.359750387354615	a7	a15
13	0.359750387354615	a7	a16
13	0.359780675565426	a7	a14
13	0.359987825292939	a6	a10
12	0.360026226417361	a6	a10	a36	0
12	0.36016685025327	a7	a14	a37	0
13	0.360263664355685	a7	a14
12	0.360279890182905	a7	a14	a37	1
13	0.36036859137171	a7	a14
12	0.36038481719893	a7	a14	a37	2
13	0.360542207722967	a7	a14
12	0.360580608847389	a7	a15	a37	3
13	0.360841844665636	a7	a15
13	0.361043585784075	a6	a10
12	0.361114438562937	a8	a53	a45	0
13	0.361870021250497	a8	a53
12	0.361890573964976	a8	a53	a50	0
12	0.362383839112474	a8	a54	a49	0
13	0.364379615860575	a8	a54
12	0.364414230958645	a8	a54	a48	0
13	0.365114104972748	a8	a54
12	0.365133035104505	a8	a54	a47	0
13	0.365572214161269	a8	a54
13	0.366060611560601	a8	a53
13	0.366120106260409	a8	a52
13	0.366243422547283	a8	a51
12	0.366461389492943	a8	a51	a42	0
12	0.366479778763793	a8	a52	a44	0
13	0.370146815715587	a8	a52
12	0.37019711577997	a6	a10	a20	0
12	0.370298797630551	a7	a14	a21	0
13	0.37033557617225	a7	a14
12	0.370377222462116	a7	a14	a21	1
13	0.370540562456134	a7	a14
12	0.370674695961155	a7	a14	a21	2
12	0.370733649800056	a7	a17	a21	3
13	0.370846148868783	a7	a14
13	0.371280460177381	a7	a17
13	0.371397826994274	a6	a10
12	0.371448667919565	a8	a52	a40	0
12	0.371469761494951	a8	a53	a39	0
12	0.37153520566474	a6	a10	a22	0
12	0.371613630496305	a7	a14	a23	0
13	0.371679074666093	a7	a14
12	0.371698004797851	a7	a14	a23	1
13	0.371772102742157	a7	a14
12	0.371788328569377	a7	a14	a23	2
13	0.37185701790461	a7	a14
12	0.371901909359919	a7	a14	a23	3
13	0.371976007304225	a7	a14
12	0.37197708902604	a7	a17	a23	4
12	0.372049564387624	a7	a14	a23	5
12	0.372093374121119	a7	a16	a23	6
12	0.372113385974691	a7	a15	a23	7
13	0.372133397828263	a7	a14
13	0.372155573125464	a7	a17
12	0.372217772129808	a7	a17	a23	8
12	0.372254550671508	a7	a14	a23	9
13	0.372301605570447	a7	a15
13	0.372308636762242	a7	a16
13	0.37233351636398	a7	a17
13	0.372340006694868	a7	a14
12	0.372396256229232	a7	a15	a23	10
12	0.372412482056452	a7	a16	a23	11
12	0.372440606823634	a7	a14	a23	12
12	0.372463322981743	a7	a17	a23	13
13	0.372528767151531	a7	a16
13	0.372530389734253	a7	a14
13	0.372533634899697	a7	a15
13	0.372632071584834	a7	a17
12	0.372638021054815	a7	a15	a23	14
12	0.372661818934738	a7	a16	a23	15
13	0.372774318003466	a7	a15
13	0.372808933101536	a7	a16
13	0.372967405347388	a6	a10
12	0.373047993622582	a6	a10	a22	0
12	0.373119928123259	a7	a14	a23	0
13	0.373190780902121	a7	a14
12	0.373234049774708	a7	a14	a23	1
12	0.373276236925481	a7	a17	a23	2
13	0.3733070659972	a7	a14
12	0.373363315531564	a7	a14	a23	3
13	0.37343741347587	a7	a14
13	0.373439576919499	a7	a17
12	0.373495826453863	a7	a14	a23	4
13	0.373568301815447	a7	a14
12	0.373593722278092	a7	a17	a23	5
12	0.373612652409849	a7	a15	a23	6
12	0.37362887823707	a7	a14	a23	7
12	0.373675933136009	a7	a16	a23	8
13	0.373714875121337	a7	a14
13	0.373717038564967	a7	a15
13	0.373739213862168	a7	a17
13	0.37379384081381	a7	a16
12	0.373803576310142	a7	a15	a23	9
12	0.373849549487266	a7	a14	a23	10
12	0.373892277498946	a7	a17	a23	11
12	0.373910125908889	a7	a16	a23	12
13	0.373910125908889	a7	a15
12	0.373980437826843	a7	a15	a23	13
13	0.373989632462268	a7	a14
13	0.374002072263137	a7	a16
13	0.374017216368543	a7	a17
12	0.374074547624721	a7	a16	a23	14
12	0.374115112192772	a7	a14	a23	15
13	0.374142155238139	a7	a15
13	0.37416649397897	a7	a16
13	0.374249786558701	a7	a14
13	0.374388787811888	a6	a10
13	0.374436924432642	a8	a53
12	0.374461263173473	a6	a10	a24	0
12	0.374516430986022	a7	a14	a25	0
13	0.374541851448667	a7	a14
12	0.374562404163146	a7	a14	a25	1
13	0.374583497738532	a7	a14
12	0.374599723565753	a7	a14	a25	2
13	0.374619735419324	a7	a14
12	0.374637042968359	a7	a14	a25	3
13	0.374664086013727	a7	a14
12	0.37468788389365	a7	a14	a25	4
13	0.374707354886314	a7	a14
12	0.374728989322608	a7	a14	a25	5
13	0.374750623758902	a7	a14
12	0.374766849586122	a7	a14	a25	6
13	0.374793351770582	a7	a14
12	0.374863122827629	a7	a14	a25	7
13	0.374884216403016	a7	a14
12	0.374926403553789	a7	a17	a25	8
12	0.374958855208229	a7	a15	a25	9
12	0.374968049843654	a7	a14	a25	10
13	0.374985357392689	a7	a17
13	0.375005910107168	a7	a15
13	0.375006450968076	a7	a14
12	0.375069190833328	a7	a16	a25	11
12	0.375101642487768	a7	a15	a25	12
12	0.375124358645877	a7	a17	a25	13
13	0.375136257585838	a7	a16
13	0.37513788016856	a7	a15
12	0.375157351161225	a7	a14	a25	14
13	0.375186557650221	a7	a14
13	0.375211978112866	a7	a17
12	0.375220091026477	a7	a15	a25	15
13	0.37535584711422	a7	a15
13	0.375484572010168	a6	a10
13	0.375517564525516	a8	a52
12	0.375671169023202	a8	a52	a38	0
12	0.375711192730345	a6	a10	a26	0
12	0.375856143453513	a7	a14	a27	0
13	0.375904280074267	a7	a14
12	0.375975673714037	a7	a14	a27	1
12	0.376017860864809	a7	a15	a27	2
13	0.376044903910177	a7	a14
12	0.376112511523595	a7	a14	a27	3
13	0.37617254708431	a7	a14
12	0.37618877291153	a7	a14	a27	4
13	0.376201753573306	a7	a15
13	0.376234746088654	a7	a14
12	0.376325069860181	a7	a16	a27	5
12	0.376343999991938	a7	a15	a27	6
12	0.376379696811823	a7	a14	a27	7
12	0.376400249526302	a7	a17	a27	8
13	0.376401872109024	a7	a16
13	0.376424588267132	a7	a15
13	0.376475429192423	a7	a17
13	0.376495981906902	a7	a14
12	0.376550608858544	a7	a15	a27	9
12	0.37659604117476	a7	a17	a27	10
13	0.376609021836537	a7	a15
12	0.37661443044561	a7	a16	a27	11
12	0.376658781040012	a7	a14	a27	12
13	0.376669057397252	a7	a17
13	0.376690691833546	a7	a16
13	0.37674477792428	a7	a14
12	0.376746400507002	a7	a15	a27	13
13	0.376801027458644	a7	a15
12	0.376818335007679	a7	a14	a27	14
12	0.376868635072062	a7	a17	a27	15
13	0.376929211493685	a7	a14
13	0.37694435559909	a7	a17
13	0.377129330029402	a6	a10
13	0.377213704330948	a8	a52
12	0.377253187177184	a8	a52	a41	0
12	0.377265626978053	a6	a10	a28	0
12	0.377325121677861	a7	a14	a29	0
13	0.377341347505081	a7	a14
12	0.377358114193209	a7	a14	a29	1
13	0.377373799159522	a7	a14
12	0.377391106708557	a7	a14	a29	2
13	0.37740679167487	a7	a14
12	0.377423558362997	a7	a14	a29	3
13	0.377440865912032	a7	a14
12	0.377481430480083	a7	a14	a29	4
13	0.377498197168211	a7	a14
12	0.377552824119853	a7	a16	a29	5
12	0.377605828488772	a7	a14	a29	6
13	0.37761448226329	a7	a16
13	0.377623676898715	a7	a14
12	0.377680467293986	a7	a15	a29	7
12	0.377720491001129	a7	a14	a29	8
13	0.37773455338472	a7	a15
13	0.377737257689257	a7	a14
12	0.377753483516477	a7	a16	a29	9
13	0.377793507223621	a7	a16
12	0.377804865302675	a7	a17	a29	10
12	0.377855706227965	a7	a15	a29	11
12	0.377869227750649	a7	a16	a29	12
13	0.377873554637908	a7	a17
13	0.377884912716962	a7	a16
13	0.377886535299684	a7	a15
12	0.377889239604221	a7	a14	a29	13
13	0.377960092383083	a7	a14
12	0.37797685907121	a7	a16	a29	14
13	0.377994166620245	a7	a16
12	0.378028240857408	a7	a15	a29	15
13	0.378070968869088	a7	a15
13	0.378251616412141	a6	a10
13	0.378291099258378	a8	a52
12	0.378571265208382	a8	a52	a46	0
12	0.378956358174411	a6	a10	a30	0
12	0.379025047509644	a7	a14	a31	0
13	0.37914187346563	a7	a14
12	0.379162426180109	a7	a16	a31	1
12	0.379187305781847	a7	a14	a31	2
12	0.37926410803069	a7	a17	a31	3
13	0.379366871603085	a7	a14
13	0.379369575907622	a7	a16
13	0.379458817957334	a7	a17
13	0.37962864828224	a6	a10
12	0.379658936493051	a6	a10	a32	0
12	0.379726003245562	a7	a14	a33	0
12	0.379761700065447	a7	a15	a33	1
13	0.379814163573459	a7	a14
12	0.379900160457727	a7	a14	a33	2
13	0.379988320785624	a7	a14
12	0.380004546612844	a7	a14	a33	3
13	0.380090002636205	a7	a14
13	0.38011542309885	a7	a15
13	0.380306346999142	a6	a10
12	0.380843962741043	a6	a10	a34	0
12	0.380915897241719	a7	a14	a35	0
13	0.381077614653015	a7	a14
12	0.381133864187379	a7	a14	a35	1
12	0.381154957762766	a7	a16	a35	2
12	0.381222565376184	a7	a17	a35	3
13	0.381368056960259	a7	a14
13	0.381421061329179	a7	a17
13	0.381483801194431	a7	a16
13	0.38165904012841	a6	a10
12	0.381692573504666	a6	a10	a36	0
12	0.381771539197138	a7	a14	a37	0
13	0.381869435021367	a7	a14
12	0.381922980251194	a7	a14	a37	1
12	0.382058736338938	a7	a17	a37	2
13	0.382111740707858	a7	a14
12	0.3821295891178	a7	a16	a37	3
13	0.382503324004775	a7	a17
13	0.382529826189235	a7	a16
13	0.382672613468774	a6	a10
12	0.382730485585859	a8	a53	a45	0
13	0.383750008396203	a8	a53
12	0.383770020249775	a8	a53	a50	0
12	0.384208117584724	a8	a54	a49	0
13	0.386138991023943	a8	a54
12	0.386168738373847	a8	a54	a48	0
13	0.386864285500692	a8	a54
12	0.386897818876947	a8	a54	a47	0
13	0.387343488264599	a8	a54
13	0.387837294273004	a8	a53
13	0.387890298641924	a8	a52
13	0.38800117512793	a8	a51
12	0.388207243133628	a8	a51	a42	0
12	0.38822509154357	a8	a52	a44	0
13	0.391891587634457	a8	a52
12	0.391961358691505	a6	a10	a20	0
12	0.392084134117472	a7	a14	a21	0
13	0.392130107294596	a7	a14
12	0.392150119148168	a7	a14	a21	1
13	0.392196092325292	a7	a14
12	0.392219349344308	a7	a17	a21	2
12	0.392262618216895	a7	a14	a21	3
13	0.392423794767284	a7	a14
13	0.392564418603194	a7	a17
13	0.392777517800687	a6	a10
12	0.392833767335051	a8	a52	a40	0
12	0.392854860910437	a8	a53	a39	0
12	0.392920305080226	a6	a10	a22	0
12	0.392997107329069	a7	a14	a23	0
13	0.393065796664302	a7	a14
12	0.393084726796059	a7	a14	a23	1
13	0.393158824740365	a7	a14
12	0.393195603282064	a7	a14	a23	2
12	0.393241576459189	a7	a16	a23	3
13	0.393266996921834	a7	a14
12	0.393297285132645	a7	a17	a23	4
12	0.393336227117974	a7	a14	a23	5
12	0.393384904599635	a7	a15	a23	6
13	0.39341032506228	a7	a14
13	0.393438990690369	a7	a17
13	0.393443858438535	a7	a16
12	0.393476850953883	a7	a14	a23	7
13	0.393546081150023	a7	a15
12	0.39354878545456	a7	a17	a23	8
12	0.393569338169039	a7	a16	a23	9
12	0.393617474789793	a7	a15	a23	10
13	0.3936180156507	a7	a14
13	0.393648303861511	a7	a16
13	0.393658039357844	a7	a17
12	0.393731055580335	a7	a16	a23	11
13	0.393749444851185	a7	a15
12	0.39375863948661	a7	a17	a23	12
12	0.393816511603696	a7	a14	a23	13
13	0.393823542795491	a7	a16
13	0.393845718092692	a7	a17
12	0.393910621401573	a7	a15	a23	14
13	0.39391548914974	a7	a14
12	0.393930092394238	a7	a16	a23	15
13	0.394023120470301	a7	a15
13	0.394042050602058	a7	a16
13	0.394202145430632	a6	a10
12	0.394290305758529	a6	a10	a22	0
12	0.394358454232855	a7	a14	a23	0
13	0.394420112376292	a7	a14
12	0.394470412440675	a7	a14	a23	1
12	0.394514763035077	a7	a17	a23	2
13	0.39454667382861	a7	a14
12	0.394611036276584	a7	a14	a23	3
13	0.394678643890002	a7	a17
13	0.394686756803613	a7	a14
12	0.394735975146181	a7	a14	a23	4
12	0.394775998853324	a7	a17	a23	5
13	0.394807909646858	a7	a14
12	0.394857127989426	a7	a15	a23	6
13	0.394875517260276	a7	a17
12	0.394893906531125	a7	a16	a23	7
12	0.394910673219253	a7	a14	a23	8
12	0.394952860370026	a7	a17	a23	9
13	0.394963136727265	a7	a15
12	0.395030203479776	a7	a15	a23	10
13	0.395035071227942	a7	a14
13	0.395043184141552	a7	a16
13	0.39507022718692	a7	a17
13	0.395117822946766	a7	a15
12	0.395165418706612	a7	a14	a23	11
12	0.395188134864721	a7	a17	a23	12
12	0.395204901552848	a7	a15	a23	13
12	0.395228699432772	a7	a16	a23	14
13	0.395278458636247	a7	a14
13	0.395290357576209	a7	a17
13	0.395294684463467	a7	a15
12	0.395342821084221	a7	a14	a23	15
13	0.39537148671231	a7	a16
13	0.395447207239339	a7	a14
13	0.39557322783075	a6	a10
13	0.395630559086928	a8	a53
12	0.395656520410481	a6	a10	a24	0
12	0.395732781798416	a7	a14	a25	0
13	0.395750630208359	a7	a14
12	0.395769019479208	a7	a14	a25	1
13	0.395788490471873	a7	a14
12	0.395804716299093	a7	a14	a25	2
13	0.395824728152665	a7	a14
12	0.395842576562607	a7	a14	a25	3
13	0.395863670137994	a7	a14
12	0.395879355104307	a7	a14	a25	4
13	0.395899366957878	a7	a14
12	0.395916674506913	a7	a14	a25	5
13	0.395938308943207	a7	a14
12	0.395954534770428	a7	a14	a25	6
13	0.395981036954887	a7	a14
12	0.395997803643015	a7	a14	a25	7
13	0.396018356357494	a7	a14
12	0.396035663906529	a7	a14	a25	8
13	0.396056757481916	a7	a14
12	0.396104894102669	a7	a14	a25	9
13	0.396131396287129	a7	a14
12	0.396199544761455	a7	a14	a25	10
13	0.396220638336841	a7	a14
12	0.396225506085007	a7	a16	a25	11
12	0.396301226612035	a7	a15	a25	12
12	0.396321238465607	a7	a17	a25	13
12	0.396329892240124	a7	a14	a25	14
13	0.396361803033658	a7	a17
13	0.396361803033658	a7	a16
13	0.396368293364546	a7	a14
13	0.39637153852999	a7	a15
12	0.396484578459625	a7	a16	a25	15
13	0.396507294617733	a7	a16
13	0.396761499244185	a6	a10
13	0.396793410037719	a8	a52
12	0.396936197317257	a8	a52	a38	0
12	0.396974057580772	a6	a10	a26	0
12	0.397042746916004	a7	a14	a27	0
13	0.397091965258573	a7	a14
12	0.397183370751914	a7	a17	a27	1
12	0.397225017041779	a7	a14	a27	2
12	0.397290461211568	a7	a15	a27	3
13	0.397301819290622	a7	a17
13	0.397303441873344	a7	a14
12	0.397305064456066	a7	a16	a27	4
12	0.397357527964079	a7	a14	a27	5
13	0.397414859220257	a7	a16
13	0.397420808690238	a7	a15
12	0.397428921603848	a7	a17	a27	6
13	0.397467863589177	a7	a14
13	0.397511673322672	a7	a17
12	0.397543584116205	a7	a16	a27	7
12	0.397583066962441	a7	a15	a27	8
12	0.397601997094198	a7	a17	a27	9
12	0.397617141199604	a7	a14	a27	10
13	0.397656083184933	a7	a15
13	0.397670145568524	a7	a17
13	0.397670145568524	a7	a16
13	0.397735589738312	a7	a14
12	0.397751274704625	a7	a16	a27	11
12	0.397774531723641	a7	a17	a27	12
12	0.397785348941788	a7	a15	a27	13
13	0.397810769404433	a7	a16
12	0.397860528607909	a7	a14	a27	14
13	0.397879999600573	a7	a17
13	0.397889735096905	a7	a15
13	0.397954638405787	a7	a14
12	0.397962751319397	a7	a16	a27	15
13	0.398049829925479	a7	a16
13	0.398213169919497	a6	a10
13	0.398309443161005	a8	a52
12	0.39835108945087	a8	a52	a41	0
12	0.398383000244403	a6	a10	a28	0
12	0.398447903553285	a7	a14	a29	0
13	0.398464129380505	a7	a14
12	0.398487386399521	a7	a14	a29	1
13	0.398503071365834	a7	a14
12	0.398520378914869	a7	a14	a29	2
13	0.398536063881182	a7	a14
12	0.398552289708402	a7	a14	a29	3
13	0.398567974674715	a7	a14
12	0.398584741362843	a7	a14	a29	4
13	0.398600426329156	a7	a14
12	0.39862206076545	a7	a14	a29	5
13	0.398639909175392	a7	a14
12	0.398657216724427	a7	a14	a29	6
13	0.398674524273462	a7	a14
12	0.398775665263135	a7	a15	a29	7
12	0.398830292214777	a7	a14	a29	8
13	0.398832455658407	a7	a15
12	0.398852467511978	a7	a17	a29	9
13	0.398857876121052	a7	a14
12	0.398876806252809	a7	a16	a29	10
13	0.398909257907249	a7	a17
12	0.398928728899914	a7	a15	a29	11
13	0.398952526779837	a7	a16
13	0.398979028964297	a7	a15
12	0.398980651547019	a7	a14	a29	12
13	0.398997959096054	a7	a14
12	0.399068271014009	a7	a17	a29	13
13	0.399086660284858	a7	a17
12	0.399112080747504	a7	a14	a29	14
13	0.399130470018353	a7	a14
12	0.399147777567388	a7	a16	a29	15
13	0.399187260413624	a7	a16
13	0.39943876073554	a6	a10
13	0.39948148874722	a8	a52
12	0.399774635359	a8	a52	a46	0
12	0.40011483686972	a6	a10	a30	0
12	0.400351193086229	a7	a14	a31	0
12	0.400389053349743	a7	a16	a31	1
13	0.400468559903123	a7	a14
12	0.400531840629282	a7	a14	a31	2
13	0.400604315990866	a7	a16
13	0.400638390228029	a7	a14
12	0.400679495656987	a7	a15	a31	3
13	0.400903952933535	a7	a15
13	0.401022401472244	a6	a10
12	0.401052689683055	a6	a10	a32	0
12	0.401128410210083	a7	a14	a33	0
13	0.401217111398888	a7	a14
12	0.401238204974274	a7	a14	a33	1
12	0.401309057753136	a7	a16	a33	2
13	0.401325824441264	a7	a14
12	0.401448059006324	a7	a17	a33	3
13	0.401723898069069	a7	a16
13	0.401847755216851	a7	a17
13	0.401984593026409	a6	a10
12	0.402512473271977	a6	a10	a34	0
12	0.402578999163581	a7	a14	a35	0
12	0.402716377834046	a7	a16	a35	1
13	0.402742880018506	a7	a14
12	0.402793720943796	a7	a14	a35	2
13	0.402993298618606	a7	a16
13	0.402998166366772	a7	a14
12	0.403056579344766	a7	a17	a35	3
13	0.403306997944866	a7	a17
13	0.403427069066296	a6	a10
12	0.403460061581644	a6	a10	a36	0
12	0.403534700386858	a7	a14	a37	0
13	0.403634218793809	a7	a14
12	0.403669915613694	a7	a16	a37	1
12	0.403694254354524	a7	a14	a37	2
12	0.403739686670741	a7	a15	a37	3
13	0.403957112755494	a7	a14
13	0.404007412819877	a7	a15
13	0.404085296790534	a7	a16
13	0.404290823935325	a6	a10
12	0.404359513270558	a8	a53	a45	0
13	0.405733299975212	a8	a53
12	0.405770619377819	a8	a53	a50	0
12	0.406171938171069	a8	a54	a49	0
13	0.408208820348127	a8	a54
12	0.408241812863475	a8	a54	a48	0
13	0.408920052441285	a8	a54
12	0.408938441712135	a8	a54	a47	0
13	0.409377079907991	a8	a54
13	0.409861691280971	a8	a53
13	0.409910368762632	a8	a52
13	0.410023408692267	a8	a51
12	0.410229476697966	a8	a51	a42	0
12	0.410247865968815	a8	a52	a44	0
13	0.413922474973312	a8	a52
12	0.413989000864916	a6	a10	a20	0
12	0.414066884835573	a7	a14	a21	0
13	0.414105826820902	a7	a14
12	0.414156667746193	a7	a14	a21	1
13	0.414324875488377	a7	a14
12	0.41445251866251	a7	a15	a21	2
12	0.414499032700541	a7	a14	a21	3
13	0.414740797526124	a7	a15
13	0.414747287857012	a7	a14
13	0.414915495599197	a6	a10
12	0.4149820214908	a8	a52	a40	0
12	0.415003115066186	a8	a53	a39	0
12	0.41506964095779	a6	a10	a22	0
12	0.415128053935783	a7	a14	a23	0
13	0.415201611019182	a7	a14
12	0.415254615388101	a7	a14	a23	1
12	0.415280035850747	a7	a16	a23	2
13	0.415329795054222	a7	a14
12	0.415368196178644	a7	a14	a23	3
13	0.415446621010209	a7	a14
12	0.415459601671985	a7	a15	a23	4
12	0.415506115710017	a7	a14	a23	5
13	0.415512606040905	a7	a16
12	0.415533158755384	a7	a17	a23	6
12	0.415586703985211	a7	a16	a23	7
13	0.415589408289748	a7	a15
13	0.415633218023242	a7	a14
12	0.415673241730386	a7	a15	a23	8
13	0.415674864313108	a7	a17
13	0.415697580471216	a7	a16
12	0.415705152523919	a7	a14	a23	9
13	0.415754370866488	a7	a15
12	0.415765188084634	a7	a17	a23	10
13	0.415802507487241	a7	a14
12	0.415813865566295	a7	a16	a23	11
12	0.415837663446219	a7	a15	a23	12
12	0.415871196822474	a7	a14	a23	13
13	0.415903648476915	a7	a17
13	0.415950703375854	a7	a14
12	0.415965847481259	a7	a17	a23	14
13	0.415970174368518	a7	a16
12	0.416018310989272	a7	a14	a23	15
13	0.41604102714738	a7	a17
13	0.416054548670064	a7	a15
13	0.416112420787149	a7	a14
13	0.416273597337538	a6	a10
12	0.416384473823544	a6	a10	a22	0
12	0.416461816933294	a7	a14	a23	0
13	0.416528883685805	a7	a14
12	0.41654619123484	a7	a14	a23	1
13	0.416621911761868	a7	a14
12	0.416685192488027	a7	a14	a23	2
12	0.416729002221522	a7	a16	a23	3
12	0.416752800101445	a7	a17	a23	4
13	0.416754963545075	a7	a14
12	0.416829602350288	a7	a15	a23	5
13	0.416855563673841	a7	a16
12	0.416864217448358	a7	a14	a23	6
13	0.416869626057431	a7	a17
13	0.416921007843629	a7	a15
12	0.416939397114479	a7	a16	a23	7
13	0.416974553073456	a7	a14
12	0.416987533735233	a7	a15	a23	8
13	0.417035129495079	a7	a16
12	0.417059468235909	a7	a17	a23	9
12	0.417094624194887	a7	a14	a23	10
13	0.417104359691219	a7	a15
12	0.417155200616509	a7	a16	a23	11
13	0.417156823199231	a7	a17
13	0.417166558695564	a7	a14
12	0.417211450150873	a7	a15	a23	12
12	0.417249310414387	a7	a17	a23	13
12	0.4172649953807	a7	a14	a23	14
13	0.417279057764291	a7	a16
13	0.417332062133211	a7	a15
13	0.417333143855026	a7	a17
13	0.4173607277613	a7	a14
12	0.417412109547498	a7	a16	a23	15
13	0.417552733383407	a7	a16
13	0.417679835696633	a6	a10
13	0.417732299204646	a8	a53
12	0.417756097084569	a6	a10	a24	0
12	0.417810724036211	a7	a14	a25	0
13	0.417828572446153	a7	a14
12	0.417858860656964	a7	a14	a25	1
13	0.417877790788721	a7	a14
12	0.417895098337756	a7	a14	a25	2
13	0.417914028469513	a7	a14
12	0.417931336018548	a7	a14	a25	3
13	0.417951888733027	a7	a14
12	0.417968655421155	a7	a14	a25	4
13	0.417987585552912	a7	a14
12	0.418004893101947	a7	a14	a25	5
13	0.418025986677334	a7	a14
12	0.418092512568937	a7	a15	a25	6
12	0.418113065283416	a7	a14	a25	7
13	0.418162824486892	a7	a14
13	0.418197439584962	a7	a15
12	0.418213665412182	a7	a17	a25	8
12	0.418258556867492	a7	a16	a25	9
13	0.418278568721063	a7	a17
12	0.418294794548284	a7	a14	a25	10
13	0.418327246202724	a7	a14
12	0.418335899977242	a7	a15	a25	11
13	0.418356452691721	a7	a16
13	0.418397558120679	a7	a15
12	0.418430550636027	a7	a17	a25	12
12	0.418492749640372	a7	a14	a25	13
12	0.418507893745777	a7	a15	a25	14
13	0.418521956129368	a7	a17
13	0.418529528182071	a7	a15
12	0.418535477652052	a7	a16	a25	15
13	0.418593349769138	a7	a14
13	0.418593890630045	a7	a16
13	0.418799958635743	a6	a10
13	0.418833492011999	a8	a52
12	0.418978983596074	a8	a52	a38	0
12	0.419020089025032	a6	a10	a26	0
12	0.41916720319183	a7	a14	a27	0
13	0.419214258090769	a7	a14
12	0.4192975506705	a7	a14	a27	1
12	0.419351095900327	a7	a17	a27	2
12	0.41936678086664	a7	a16	a27	3
13	0.419379761528416	a7	a14
12	0.419440878810946	a7	a14	a27	4
13	0.419483065961719	a7	a16
13	0.419500914371662	a7	a14
13	0.419511190728901	a7	a17
12	0.419598810195891	a7	a16	a27	5
12	0.419625312380351	a7	a17	a27	6
13	0.419658845756606	a7	a16
12	0.419666958670216	a7	a14	a27	7
13	0.419673989862012	a7	a17
12	0.419716177012785	a7	a15	a27	8
12	0.419741056614522	a7	a17	a27	9
13	0.419758905024465	a7	a14
12	0.419782162043481	a7	a16	a27	10
12	0.419819481446087	a7	a14	a27	11
13	0.419831921246956	a7	a16
13	0.419842738465103	a7	a17
13	0.419850851378713	a7	a15
13	0.419928735349371	a7	a14
12	0.419948747202943	a7	a17	a27	12
12	0.4199676773347	a7	a16	a27	13
12	0.420003915015492	a7	a15	a27	14
13	0.420023926869063	a7	a17
12	0.420039611835376	a7	a14	a27	15
13	0.420054215079875	a7	a16
13	0.420122904415107	a7	a15
13	0.420128853885088	a7	a14
13	0.420270559442812	a6	a10
13	0.420365210101598	a8	a52
12	0.420405233808741	a8	a52	a41	0
12	0.420418755331425	a6	a10	a28	0
12	0.420497721023897	a7	a14	a29	0
13	0.420515028572932	a7	a14
12	0.42053179526106	a7	a14	a29	1
13	0.420547480227373	a7	a14
12	0.4205642469155	a7	a14	a29	2
13	0.420580472742721	a7	a14
12	0.420600484596292	a7	a14	a29	3
13	0.420617792145328	a7	a14
12	0.420669714792433	a7	a14	a29	4
13	0.42068648148056	a7	a14
12	0.420703248168688	a7	a17	a29	5
13	0.420758956842144	a7	a17
12	0.420778968695716	a7	a14	a29	6
13	0.420796817105658	a7	a14
12	0.420798980549288	a7	a15	a29	7
12	0.420822778429211	a7	a16	a29	8
13	0.42086172041454	a7	a15
13	0.420862261275447	a7	a16
12	0.420875241937223	a7	a17	a29	9
13	0.420907693591664	a7	a17
12	0.42091256133983	a7	a14	a29	10
13	0.420951503325159	a7	a14
12	0.420983414118692	a7	a15	a29	11
12	0.42100018080682	a7	a16	a29	12
13	0.421001262528635	a7	a15
12	0.421039122792149	a7	a17	a29	13
13	0.42105102173211	a7	a16
13	0.421084014247458	a7	a17
12	0.42112241537188	a7	a14	a29	14
12	0.421172174575355	a7	a15	a29	15
13	0.421176501462614	a7	a14
13	0.421200840203445	a7	a15
13	0.421457749134433	a6	a10
13	0.421492905093411	a8	a52
12	0.421768744156156	a8	a52	a46	0
12	0.422117599441393	a6	a10	a30	0
12	0.422201973742939	a7	a14	a31	0
12	0.422297165262632	a7	a16	a31	1
13	0.422316636255296	a7	a14
12	0.422429676184931	a7	a17	a31	2
12	0.422443738568522	a7	a14	a31	3
13	0.422541093531844	a7	a16
13	0.422548665584547	a7	a14
13	0.422618436641594	a7	a17
13	0.42279043041013	a6	a10
12	0.422821259481848	a6	a10	a32	0
12	0.422895357426154	a7	a14	a33	0
12	0.422965669344109	a7	a15	a33	1
13	0.422983517754051	a7	a14
12	0.423040308149323	a7	a14	a33	2
13	0.423136040529923	a7	a14
12	0.42314469430444	a7	a16	a33	3
13	0.423384295686394	a7	a15
13	0.423476782901549	a7	a16
13	0.423602262632053	a6	a10
12	0.424156104201174	a6	a10	a34	0
12	0.424216139761889	a7	a14	a35	0
12	0.424309167837952	a7	a17	a35	1
12	0.424367580815945	a7	a15	a35	2
13	0.424382724921351	a7	a14
12	0.424451955117491	a7	a14	a35	3
13	0.424632061799637	a7	a17
13	0.424638011269618	a7	a15
13	0.424715354379368	a7	a14
13	0.424812168481782	a6	a10
12	0.424845160997131	a6	a10	a36	0
12	0.424896001922421	a7	a14	a37	0
13	0.424995520329372	a7	a14
12	0.425055555890087	a7	a14	a37	1
12	0.425082598935455	a7	a16	a37	2
13	0.425234580850418	a7	a14
12	0.425271900253025	a7	a17	a37	3
13	0.425482836006889	a7	a17
13	0.425501225277739	a7	a16
13	0.425709456727067	a6	a10
12	0.425780309505929	a8	a53	a45	0
13	0.426785229071775	a8	a53
12	0.426804700064439	a8	a53	a50	0
12	0.42720764144041	a8	a54	a49	0
13	0.429180161169495	a8	a54
12	0.42921369454575	a8	a54	a48	0
13	0.429947642797017	a8	a54
12	0.429966572928774	a8	a54	a47	0
13	0.430478227347121	a8	a54
13	0.430966083885546	a8	a53
13	0.431005025870875	a8	a52
13	0.431115361495973	a8	a51
12	0.431320888640764	a8	a51	a42	0
12	0.431338737050706	a8	a52	a44	0
13	0.434889488907421	a8	a52
12	0.434957637381747	a6	a10	a20	0
12	0.435017132081555	a7	a14	a21	0
13	0.435054992345069	a7	a14
12	0.435096097774027	a7	a14	a21	1
13	0.435239966775381	a7	a14
12	0.435240507636288	a7	a15	a21	2
13	0.435394112133974	a7	a15
12	0.435460638025577	a7	a14	a21	3
13	0.435509856368145	a7	a14
13	0.435746212584655	a6	a10
12	0.435801921258111	a8	a52	a40	0
12	0.435820310528961	a8	a53	a39	0
12	0.435877100924232	a6	a10	a22	0
12	0.435951198868538	a7	a14	a23	0
13	0.436019888203771	a7	a14
12	0.436039359196435	a7	a14	a23	1
13	0.436121029193444	a7	a14
12	0.436125896941611	a7	a16	a23	2
12	0.436165920648754	a7	a14	a23	3
13	0.436277337995667	a7	a14
12	0.436343323026363	a7	a14	a23	4
13	0.436347649913622	a7	a16
12	0.436402817726171	a7	a15	a23	5
13	0.436415798387947	a7	a14
12	0.43642337044065	a7	a17	a23	6
12	0.436441218850592	a7	a16	a23	7
12	0.436494764080419	a7	a14	a23	8
13	0.436520184543065	a7	a15
13	0.43652721573486	a7	a17
13	0.436600772818259	a7	a14
12	0.436621866393645	a7	a17	a23	9
13	0.436646205134476	a7	a16
12	0.436669462153492	a7	a15	a23	10
12	0.436713271886986	a7	a16	a23	11
13	0.43674518268052	a7	a17
12	0.436746264402334	a7	a14	a23	12
12	0.436834424730232	a7	a17	a23	13
13	0.43686741724558	a7	a14
13	0.436868498967394	a7	a15
13	0.436885806516429	a7	a16
13	0.436963149626179	a7	a17
12	0.436965853930716	a7	a14	a23	14
12	0.437017776577821	a7	a16	a23	15
13	0.437058882006779	a7	a14
13	0.437172462797322	a7	a16
13	0.437306596302343	a6	a10
12	0.437396379212962	a6	a10	a22	0
12	0.437452628747326	a7	a14	a23	0
13	0.437514827751671	a7	a14
12	0.437532676161613	a7	a14	a23	1
13	0.437612182714993	a7	a14
12	0.437627867681306	a7	a14	a23	2
13	0.437699802181982	a7	a14
12	0.437764164629956	a7	a14	a23	3
12	0.437813923833432	a7	a17	a23	4
13	0.437840966878799	a7	a14
12	0.437850702375131	a7	a15	a23	5
12	0.437896134691348	a7	a16	a23	6
12	0.437917228266735	a7	a14	a23	7
13	0.437948057338453	a7	a17
13	0.437968069192025	a7	a15
12	0.438035676805443	a7	a17	a23	8
13	0.438041626275424	a7	a16
13	0.438045953162683	a7	a14
12	0.438111397332471	a7	a15	a23	9
12	0.438141144682375	a7	a14	a23	10
12	0.438164401701391	a7	a16	a23	11
13	0.438164942562299	a7	a17
12	0.438232550175717	a7	a17	a23	12
13	0.438233631897531	a7	a14
13	0.438242826532956	a7	a16
13	0.438280145935563	a7	a15
12	0.438319628781799	a7	a16	a23	13
13	0.438340181496278	a7	a17
12	0.438353703018962	a7	a14	a23	14
12	0.438407248248789	a7	a15	a23	15
13	0.438432127850527	a7	a16
13	0.43851487956935	a7	a14
13	0.438536514005644	a7	a15
13	0.438690659364237	a6	a10
13	0.43874907234223	a8	a53
12	0.438776115387598	a6	a10	a24	0
12	0.438838314391942	a7	a14	a25	0
13	0.438856703662792	a7	a14
12	0.438885369290881	a7	a14	a25	1
13	0.438905381144453	a7	a14
12	0.438922147832581	a7	a14	a25	2
13	0.438941618825245	a7	a14
12	0.438957844652465	a7	a14	a25	3
13	0.438978397366944	a7	a14
12	0.438996245776887	a7	a14	a25	4
13	0.439015716769551	a7	a14
12	0.439059526503046	a7	a14	a25	5
13	0.439080079217525	a7	a14
12	0.439144982526406	a7	a14	a25	6
13	0.439172025571774	a7	a14
12	0.439177434180847	a7	a16	a25	7
12	0.43925423642969	a7	a17	a25	8
12	0.439272084839632	a7	a14	a25	9
13	0.439294800997741	a7	a17
13	0.439295882719555	a7	a16
13	0.439303995633166	a7	a14
12	0.439319139738571	a7	a15	a25	10
12	0.439398105431044	a7	a14	a25	11
13	0.439433261390021	a7	a15
12	0.439477071123516	a7	a16	a25	12
12	0.439486265758941	a7	a17	a25	13
13	0.439502491586161	a7	a14
12	0.439507359334327	a7	a15	a25	14
13	0.439522503439733	a7	a16
13	0.439548464763285	a7	a17
12	0.439556577676895	a7	a14	a25	15
13	0.439585243304985	a7	a14
13	0.439593897079502	a7	a15
13	0.439785361840702	a6	a10
13	0.439814568329699	a8	a52
12	0.439963305079218	a8	a52	a38	0
12	0.440013064282694	a6	a10	a26	0
12	0.440109337524201	a7	a14	a27	0
13	0.44015855586677	a7	a14
12	0.440240766724686	a7	a14	a27	1
12	0.44029701625905	a7	a16	a27	2
13	0.440311078642641	a7	a14
12	0.44035597009795	a7	a17	a27	3
12	0.440423036850461	a7	a14	a27	4
12	0.440450620756736	a7	a15	a27	5
13	0.440464683140326	a7	a17
13	0.440477663802103	a7	a16
13	0.440493889629323	a7	a14
13	0.440541485389169	a7	a15
12	0.440572314460888	a7	a17	a27	6
12	0.440609093002587	a7	a16	a27	7
12	0.440638840352491	a7	a14	a27	8
13	0.440654525318804	a7	a17
12	0.440666965119673	a7	a15	a27	9
13	0.440683731807801	a7	a16
13	0.440719969488593	a7	a14
12	0.440759452334829	a7	a17	a27	10
13	0.440763779222088	a7	a15
12	0.440795149154714	a7	a16	a27	11
12	0.440827059948247	a7	a14	a27	12
13	0.440834091140043	a7	a17
13	0.44087952345626	a7	a16
13	0.440928200937921	a7	a14
12	0.440931986964272	a7	a17	a27	13
12	0.440953080539658	a7	a15	a27	14
12	0.440974174115045	a7	a16	a27	15
13	0.440997431134061	a7	a17
13	0.441049353781166	a7	a15
13	0.441133728082711	a7	a16
13	0.441262452978659	a6	a10
13	0.441344663836576	a8	a52
12	0.441374952047387	a8	a52	a41	0
12	0.441388473570071	a6	a10	a28	0
12	0.44144364138262	a7	a14	a29	0
13	0.441459326348933	a7	a14
12	0.441483124228856	a7	a14	a29	1
13	0.441499350056076	a7	a14
12	0.441515575883296	a7	a14	a29	2
13	0.441531801710517	a7	a14
12	0.441582642635807	a7	a14	a29	3
13	0.441598868463027	a7	a14
12	0.441641596474708	a7	a14	a29	4
13	0.441658904023743	a7	a14
12	0.441684865347295	a7	a17	a29	5
12	0.441718939584458	a7	a15	a29	6
12	0.441728134219883	a7	a14	a29	7
13	0.441740033159844	a7	a17
13	0.44174490090801	a7	a14
13	0.441767076205212	a7	a15
12	0.44182440746139	a7	a16	a29	8
12	0.441845501036776	a7	a17	a29	9
13	0.441862808585811	a7	a17
12	0.441863349446719	a7	a14	a29	10
13	0.441867676333978	a7	a16
13	0.441881197856661	a7	a14
12	0.441919598981083	a7	a15	a29	11
12	0.441962326992763	a7	a14	a29	12
13	0.441979634541798	a7	a14
13	0.441990451759945	a7	a15
12	0.442011004474424	a7	a17	a29	13
12	0.442044537850679	a7	a16	a29	14
13	0.442055355068826	a7	a17
13	0.442118635794985	a7	a16
12	0.44213594334402	a7	a14	a29	15
13	0.442154873475777	a7	a14
13	0.442381494195955	a6	a10
13	0.442435039425782	a8	a52
12	0.442741707560246	a8	a52	a46	0
12	0.4431359951617	a6	a10	a30	0
12	0.443216583436894	a7	a14	a31	0
12	0.443320969592012	a7	a16	a31	1
13	0.443343144889213	a7	a14
12	0.443406966476279	a7	a17	a31	2
12	0.443446449322516	a7	a14	a31	3
13	0.443541640842208	a7	a16
13	0.443562734417595	a7	a14
13	0.443609789316534	a7	a17
13	0.443815857322232	a6	a10
12	0.443843441228506	a6	a10	a32	0
12	0.443954317714512	a7	a14	a33	0
13	0.444046804929668	a7	a14
12	0.444067898505054	a7	a14	a33	1
13	0.444146864197526	a7	a14
12	0.444187428765577	a7	a14	a33	2
12	0.444212308367315	a7	a16	a33	3
13	0.444277211676196	a7	a14
13	0.444556836765293	a7	a16
13	0.444666631529484	a6	a10
12	0.445235617204011	a6	a10	a34	0
12	0.445300520512892	a7	a14	a35	0
13	0.445449257262412	a7	a14
12	0.445458992758744	a7	a15	a35	1
12	0.445486576665018	a7	a17	a35	2
12	0.445500639048609	a7	a14	a35	3
13	0.445711574802473	a7	a14
13	0.445718605994269	a7	a17
13	0.445764038310486	a7	a15
13	0.445961452541667	a6	a10
12	0.445994445057015	a6	a10	a36	0
12	0.446133446310202	a7	a14	a37	0
12	0.446168602269179	a7	a16	a37	1
13	0.446242700213486	a7	a14
12	0.446293000277869	a7	a14	a37	2
12	0.446374670274878	a7	a17	a37	3
13	0.446437951001037	a7	a14
13	0.446585065167835	a7	a16
13	0.446588310333279	a7	a17
13	0.446831156880676	a6	a10
12	0.446900927937724	a8	a53	a45	0
13	0.448261733980602	a8	a53
12	0.448297430800487	a8	a53	a50	0
12	0.448687932375589	a8	a54	a49	0
13	0.450647471442898	a8	a54
12	0.450682627401875	a8	a54	a48	0
13	0.451387910025052	a8	a54
12	0.4514209025404	a8	a54	a47	0
13	0.451851968683553	a8	a54
13	0.452343611248329	a8	a53
13	0.452386339260009	a8	a52
13	0.45249829746783	a8	a51
12	0.4525329125659	a8	a51	a46	0
12	0.453324732934252	a6	a10	a30	0
12	0.453448049221126	a7	a14	a31	0
13	0.453561630011669	a7	a14
12	0.453624910737828	a7	a14	a31	1
12	0.453639513982326	a7	a16	a31	2
12	0.45367953768947	a7	a15	a31	3
13	0.453757962521035	a7	a14
13	0.453919679932331	a7	a16
13	0.454048945689186	a7	a15
13	0.454167394227894	a6	a10
12	0.454207417935038	a6	a10	a32	0
12	0.454272321243919	a7	a14	a33	0
13	0.454370757929056	a7	a14
12	0.454388065478091	a7	a14	a33	1
13	0.454474603223266	a7	a14
12	0.454542751697591	a7	a17	a33	2
12	0.454561681829348	a7	a14	a33	3
13	0.454647137852709	a7	a14
13	0.454897556452809	a7	a17
13	0.455008973799722	a6	a10
12	0.455992799790181	a6	a10	a34	0
12	0.456063111708136	a7	a14	a35	0
13	0.456197786074065	a7	a14
12	0.456202653822231	a7	a15	a35	1
12	0.456237268920301	a7	a14	a35	2
12	0.456336246466345	a7	a17	a35	3
13	0.456453613283239	a7	a14
13	0.456531497253896	a7	a15
13	0.456639669435365	a7	a17
13	0.456799223403032	a6	a10
12	0.456820857839325	a6	a10	a36	0
12	0.456897119227261	a7	a14	a37	0
13	0.456997719356027	a7	a14
12	0.457015567765969	a7	a14	a37	1
13	0.457135098026492	a7	a14
12	0.457210277692613	a7	a16	a37	2
12	0.457245974512498	a7	a14	a37	3
13	0.457394711262018	a7	a14
13	0.457522354436151	a7	a16
13	0.457671091185671	a6	a10
12	0.457727340720034	a8	a52	a45	0
13	0.458535927776514	a8	a52
12	0.458572165457306	a8	a52	a50	0
12	0.459002149878645	a8	a53	a49	0
13	0.460874069478964	a8	a53
12	0.460904357689775	a8	a53	a48	0
13	0.461608558591137	a8	a53
12	0.461626407001079	a8	a53	a47	0
13	0.462027184933422	a8	a53
13	0.462564259814414	a8	a52
13	0.462617264183334	a8	a51
