%EventDef PajeDefineContainerType 0 
%       Alias string 
%       Type string 
%       Name string 
%EndEventDef 
%EventDef PajeDefineVariableType 1 
%       Alias string 
%       Type string 
%       Name string 
%       Color color 
%EndEventDef 
%EventDef PajeDefineStateType 2 
%       Alias string 
%       Type string 
%       Name string 
%EndEventDef 
%EventDef PajeDefineEventType 3 
%       Alias string 
%       Type string 
%       Name string 
%       Color color 
%EndEventDef 
%EventDef PajeDefineLinkType 4 
%       Alias string 
%       Type string 
%       StartContainerType string 
%       EndContainerType string 
%       Name string 
%EndEventDef 
%EventDef PajeDefineEntityValue 5 
%       Alias string 
%       Type string 
%       Name string 
%       Color color 
%EndEventDef 
%EventDef PajeCreateContainer 6 
%       Time date 
%       Alias string 
%       Type string 
%       Container string 
%       Name string 
%EndEventDef 
%EventDef PajeDestroyContainer 7 
%       Time date 
%       Type string 
%       Name string 
%EndEventDef 
%EventDef PajeSetVariable 8 
%       Time date 
%       Type string 
%       Container string 
%       Value double 
%EndEventDef
%EventDef PajeAddVariable 9 
%       Time date 
%       Type string 
%       Container string 
%       Value double 
%EndEventDef
%EventDef PajeSubVariable 10 
%       Time date 
%       Type string 
%       Container string 
%       Value double 
%EndEventDef
%EventDef PajeSetState 11 
%       Time date 
%       Type string 
%       Container string 
%       Value string 
%EndEventDef
%EventDef PajePushState 12 
%       Time date 
%       Type string 
%       Container string 
%       Value string 
%       Id string 
%EndEventDef
%EventDef PajePopState 13 
%       Time date 
%       Type string 
%       Container string 
%EndEventDef
%EventDef PajeResetState 14 
%       Time date 
%       Type string 
%       Container string 
%EndEventDef
%EventDef PajeStartLink 15 
%       Time date 
%       Type string 
%       Container string 
%       Value string 
%       StartContainer string 
%       Key string 
%EndEventDef
%EventDef PajeEndLink 16 
%       Time date 
%       Type string 
%       Container string 
%       Value string 
%       EndContainer string 
%       Key string 
%EndEventDef
%EventDef PajeNewEvent 17 
%       Time date 
%       Type string 
%       Container string 
%       Value string 
%EndEventDef
0	a1	0	"Task Manager"
0	a2	a1	"Node"
0	a3	a1	"Thread"
0	a4	a1	"Jobs"
0	a5	a1	"Memory usage"
2	a6	a4	"Job"
2	a7	a3	"Task"
2	a8	a3	"Timer state"
6	0	a9	a1	0	"The task manager"
6	0	a10	a4	a9	"Jobs"
6	0	a11	a5	a9	"Memory"
1	a12	a1	"Memory [MB]"	"1.0 1.0 1.0"
6	0	a13	a2	a9	"Node 0"
6	0	a14	a3	a13	"Thread 0"
6	0	a15	a3	a13	"Thread 1"
6	0	a16	a3	a13	"Thread 2"
6	0	a17	a3	a13	"Thread 3"
5	a18	a6	"ngcore::ParallelFor<int,ngcore::EnterTaskManager()::{lambda(int)#1}>(ngcore::T_Range<int>,ngcore::EnterTaskManager()::{lambda(int)#1},int,ngcore::TotalCosts)::{lambda(ngcore::TaskInfo&)#1}"	"0.630615054310908 1 0"
5	a19	a7	"ngcore::ParallelFor<int,ngcore::EnterTaskManager()::{lambda(int)#1}>(ngcore::T_Range<int>,ngcore::EnterTaskManager()::{lambda(int)#1},int,ngcore::TotalCosts)::{lambda(ngcore::TaskInfo&)#1}"	"0.630615054310908 1 0"
5	a20	a6	"ngcore::ParallelForRange<netgen::ElementIndex,netgen::MeshOptimize3d::SwapImprove(netgen::Mesh&,netgen::OPTIMIZEGOAL,netgen::NgBitArray const*)::{lambda(auto:1)#1}>(ngcore::T_Range<netgen::ElementIndex>,netgen::MeshOptimize3d::SwapImprove(netgen::Mesh&,netgen::OPTIMIZEGOAL,netgen::NgBitArray const*)::{lambda(auto:1)#1},int,ngcore::TotalCosts)::{lambda(ngcore::TaskInfo&)#1}"	"0.708022642579866 0 1"
5	a21	a7	"ngcore::ParallelForRange<netgen::ElementIndex,netgen::MeshOptimize3d::SwapImprove(netgen::Mesh&,netgen::OPTIMIZEGOAL,netgen::NgBitArray const*)::{lambda(auto:1)#1}>(ngcore::T_Range<netgen::ElementIndex>,netgen::MeshOptimize3d::SwapImprove(netgen::Mesh&,netgen::OPTIMIZEGOAL,netgen::NgBitArray const*)::{lambda(auto:1)#1},int,ngcore::TotalCosts)::{lambda(ngcore::TaskInfo&)#1}"	"0.708022642579866 0 1"
5	a22	a6	"ngcore::ParallelForRange<netgen::ElementIndex,ngcore::CreateTable<netgen::ElementIndex,netgen::PointIndex,ngcore::T_Range<netgen::ElementIndex>,netgen::Mesh::CreatePoint2ElementTable(std::optional<ngcore::BitArray>)const::{lambda(auto:1&,netgen::ElementIndex)#1}>(ngcore::T_Range<netgen::ElementIndex>const&,netgen::Mesh::CreatePoint2ElementTable(std::optional<ngcore::BitArray>)const::{lambda(auto:1&,netgen::ElementIndex)#1}const&,std::optional<unsigned long>)::{lambda(auto:1)#1}>(ngcore::T_Range<netgen::ElementIndex>,ngcore::Table,int,ngcore::TotalCosts)::{lambda(ngcore::TaskInfo&)#1}"	"0 0.230008221284954 1"
5	a23	a7	"ngcore::ParallelForRange<netgen::ElementIndex,ngcore::CreateTable<netgen::ElementIndex,netgen::PointIndex,ngcore::T_Range<netgen::ElementIndex>,netgen::Mesh::CreatePoint2ElementTable(std::optional<ngcore::BitArray>)const::{lambda(auto:1&,netgen::ElementIndex)#1}>(ngcore::T_Range<netgen::ElementIndex>const&,netgen::Mesh::CreatePoint2ElementTable(std::optional<ngcore::BitArray>)const::{lambda(auto:1&,netgen::ElementIndex)#1}const&,std::optional<unsigned long>)::{lambda(auto:1)#1}>(ngcore::T_Range<netgen::ElementIndex>,ngcore::Table,int,ngcore::TotalCosts)::{lambda(ngcore::TaskInfo&)#1}"	"0 0.230008221284954 1"
5	a24	a6	"ngcore::TablePrefixSum2<unsigned int>(ngcore::FlatArray<unsigned int,unsigned long>)::{lambda(ngcore::TaskInfo)#1}"	"0 0.312895337658212 1"
5	a25	a7	"ngcore::TablePrefixSum2<unsigned int>(ngcore::FlatArray<unsigned int,unsigned long>)::{lambda(ngcore::TaskInfo)#1}"	"0 0.312895337658212 1"
5	a26	a6	"ngcore::TablePrefixSum2<unsigned int>(ngcore::FlatArray<unsigned int,unsigned long>)::{lambda(ngcore::TaskInfo)#2}"	"0 1 0.887517304832004"
5	a27	a7	"ngcore::TablePrefixSum2<unsigned int>(ngcore::FlatArray<unsigned int,unsigned long>)::{lambda(ngcore::TaskInfo)#2}"	"0 1 0.887517304832004"
5	a28	a6	"ngcore::ParallelForRange<netgen::PointIndex,ngcore::CreateSortedTable<netgen::ElementIndex,netgen::PointIndex,ngcore::T_Range<netgen::ElementIndex>,netgen::Mesh::CreatePoint2ElementTable(std::optional<ngcore::BitArray>)const::{lambda(auto:1&,netgen::ElementIndex)#1}>(ngcore::T_Range<netgen::ElementIndex>const&,netgen::Mesh::CreatePoint2ElementTable(std::optional<ngcore::BitArray>)const::{lambda(auto:1&,netgen::ElementIndex)#1}const&,std::optional<unsigned long>)::{lambda(auto:1)#1}>(ngcore::T_Range<netgen::PointIndex>,ngcore::Table,int,ngcore::TotalCosts)::{lambda(ngcore::TaskInfo&)#1}"	"0 0.170427812303051 1"
5	a29	a7	"ngcore::ParallelForRange<netgen::PointIndex,ngcore::CreateSortedTable<netgen::ElementIndex,netgen::PointIndex,ngcore::T_Range<netgen::ElementIndex>,netgen::Mesh::CreatePoint2ElementTable(std::optional<ngcore::BitArray>)const::{lambda(auto:1&,netgen::ElementIndex)#1}>(ngcore::T_Range<netgen::ElementIndex>const&,netgen::Mesh::CreatePoint2ElementTable(std::optional<ngcore::BitArray>)const::{lambda(auto:1&,netgen::ElementIndex)#1}const&,std::optional<unsigned long>)::{lambda(auto:1)#1}>(ngcore::T_Range<netgen::PointIndex>,ngcore::Table,int,ngcore::TotalCosts)::{lambda(ngcore::TaskInfo&)#1}"	"0 0.170427812303051 1"
5	a30	a6	"ngcore::ParallelFor<unsigned long,netgen::BuildEdgeList<netgen::ElementIndex>(netgen::Mesh const&,ngcore::Table<netgen::ElementIndex,netgen::PointIndex>const&,ngcore::Array<std::tuple<netgen::PointIndex,netgen::PointIndex>,unsigned long>&)::{lambda(int)#1}>(ngcore::T_Range<unsigned long>,netgen::BuildEdgeList<netgen::ElementIndex>(netgen::Mesh const&,ngcore::Table<netgen::ElementIndex,netgen::PointIndex>const&,ngcore::Array<std::tuple<netgen::PointIndex,netgen::PointIndex>,unsigned long>&)::{lambda(int)#1},int,ngcore::TotalCosts)::{lambda(ngcore::TaskInfo&)#1}"	"1 0.872005992306398 0"
5	a31	a7	"ngcore::ParallelFor<unsigned long,netgen::BuildEdgeList<netgen::ElementIndex>(netgen::Mesh const&,ngcore::Table<netgen::ElementIndex,netgen::PointIndex>const&,ngcore::Array<std::tuple<netgen::PointIndex,netgen::PointIndex>,unsigned long>&)::{lambda(int)#1}>(ngcore::T_Range<unsigned long>,netgen::BuildEdgeList<netgen::ElementIndex>(netgen::Mesh const&,ngcore::Table<netgen::ElementIndex,netgen::PointIndex>const&,ngcore::Array<std::tuple<netgen::PointIndex,netgen::PointIndex>,unsigned long>&)::{lambda(int)#1},int,ngcore::TotalCosts)::{lambda(ngcore::TaskInfo&)#1}"	"1 0.872005992306398 0"
5	a32	a6	"ngcore::ParallelForRange<unsigned long,netgen::MeshOptimize3d::SwapImprove(netgen::Mesh&,netgen::OPTIMIZEGOAL,netgen::NgBitArray const*)::{lambda(auto:1)#2}>(ngcore::T_Range<unsigned long>,netgen::MeshOptimize3d::SwapImprove(netgen::Mesh&,netgen::OPTIMIZEGOAL,netgen::NgBitArray const*)::{lambda(auto:1)#2},int,ngcore::TotalCosts)::{lambda(ngcore::TaskInfo&)#1}"	"1 0.408375991137786 0"
5	a33	a7	"ngcore::ParallelForRange<unsigned long,netgen::MeshOptimize3d::SwapImprove(netgen::Mesh&,netgen::OPTIMIZEGOAL,netgen::NgBitArray const*)::{lambda(auto:1)#2}>(ngcore::T_Range<unsigned long>,netgen::MeshOptimize3d::SwapImprove(netgen::Mesh&,netgen::OPTIMIZEGOAL,netgen::NgBitArray const*)::{lambda(auto:1)#2},int,ngcore::TotalCosts)::{lambda(ngcore::TaskInfo&)#1}"	"1 0.408375991137786 0"
5	a34	a6	"ngcore::ParallelForRange<netgen::ElementIndex,netgen::Mesh::Compress()::{lambda(auto:1)#1}>(ngcore::T_Range<netgen::ElementIndex>,netgen::Mesh::Compress()::{lambda(auto:1)#1},int,ngcore::TotalCosts)::{lambda(ngcore::TaskInfo&)#1}"	"1 0.0611641584106637 0"
5	a35	a7	"ngcore::ParallelForRange<netgen::ElementIndex,netgen::Mesh::Compress()::{lambda(auto:1)#1}>(ngcore::T_Range<netgen::ElementIndex>,netgen::Mesh::Compress()::{lambda(auto:1)#1},int,ngcore::TotalCosts)::{lambda(ngcore::TaskInfo&)#1}"	"1 0.0611641584106637 0"
5	a36	a6	"ngcore::ParallelForRange<netgen::SurfaceElementIndex,netgen::Mesh::Compress()::{lambda(auto:1)#2}>(ngcore::T_Range<netgen::SurfaceElementIndex>,netgen::Mesh::Compress()::{lambda(auto:1)#2},int,ngcore::TotalCosts)::{lambda(ngcore::TaskInfo&)#1}"	"1 0 -2.77631980257023"
5	a37	a7	"ngcore::ParallelForRange<netgen::SurfaceElementIndex,netgen::Mesh::Compress()::{lambda(auto:1)#2}>(ngcore::T_Range<netgen::SurfaceElementIndex>,netgen::Mesh::Compress()::{lambda(auto:1)#2},int,ngcore::TotalCosts)::{lambda(ngcore::TaskInfo&)#1}"	"1 0 -2.77631980257023"
5	a38	a6	"ngcore::ParallelForRange<netgen::ElementIndex,netgen::Mesh::Compress()::{lambda(auto:1)#3}>(ngcore::T_Range<netgen::ElementIndex>,netgen::Mesh::Compress()::{lambda(auto:1)#3},int,ngcore::TotalCosts)::{lambda(ngcore::TaskInfo&)#1}"	"0.688034037288286 1 0"
5	a39	a7	"ngcore::ParallelForRange<netgen::ElementIndex,netgen::Mesh::Compress()::{lambda(auto:1)#3}>(ngcore::T_Range<netgen::ElementIndex>,netgen::Mesh::Compress()::{lambda(auto:1)#3},int,ngcore::TotalCosts)::{lambda(ngcore::TaskInfo&)#1}"	"0.688034037288286 1 0"
5	a40	a6	"ngcore::ParallelForRange<netgen::SurfaceElementIndex,netgen::Mesh::Compress()::{lambda(auto:1)#4}>(ngcore::T_Range<netgen::SurfaceElementIndex>,netgen::Mesh::Compress()::{lambda(auto:1)#4},int,ngcore::TotalCosts)::{lambda(ngcore::TaskInfo&)#1}"	"0 0.666479625428673 1"
5	a41	a7	"ngcore::ParallelForRange<netgen::SurfaceElementIndex,netgen::Mesh::Compress()::{lambda(auto:1)#4}>(ngcore::T_Range<netgen::SurfaceElementIndex>,netgen::Mesh::Compress()::{lambda(auto:1)#4},int,ngcore::TotalCosts)::{lambda(ngcore::TaskInfo&)#1}"	"0 0.666479625428673 1"
5	a42	a8	"Build edges"	"0 0.0614795051658243 1"
5	a43	a8	"CreateTable"	"0.608616351291681 0 1"
5	a44	a8	"CreateSortedTable"	"0 0.0381698166109086 1"
5	a45	a8	"MeshOptimize3d::SwapImprove loop"	"0.154668690207104 1 0"
5	a46	a8	"MeshOptimize3d::SwapImprove"	"1 0 -2.43968480148811"
5	a47	a8	"FreeOpenElementsEnvironment"	"0.907015785320433 0 1"
5	a48	a8	"Mesh::BuildBoundaryEdges"	"1 0 -2.61861416630415"
5	a49	a8	"Mesh::LinkSurfaceElements"	"0 1 0.171518596860468"
5	a50	a8	"Mesh::Compress"	"1 0.648677515017027 0"
5	a51	a8	"Mesh::CalcSurfacesOfNode, pointloop"	"0 0.319536079261344 1"
5	a52	a8	"Mesh::CalcSurfacesOfNode - surfelementht"	"0.690162641156969 0 1"
5	a53	a8	"Mesh::CalcSurfacesOfNode - surf on node"	"0.000515674241007069 1 0"
5	a54	a8	"Mesh::CalcSurfacesOfNode"	"1 0 -2.35340285344361"
6	0	a55	a3	a9	"Timer level 0"
6	0	a56	a3	a9	"Timer level 1"
6	0	a57	a3	a9	"Timer level 2"
6	0	a58	a3	a9	"Timer level 3"
4	a59	a2	a3	a3	"links"
8	0	a12	a11	0
12	0.155837712372205	a6	a10	a18	0
12	0.155923709256473	a7	a14	a19	0
13	0.15600375667076	a7	a14
12	0.156029177133405	a7	a14	a19	1
13	0.156043239516996	a7	a14
12	0.156082181502325	a7	a14	a19	2
13	0.156088130972305	a7	a14
12	0.156128695540356	a7	a14	a19	3
13	0.156134645010337	a7	a14
13	0.156473223938334	a6	a10
12	0.158804875309896	a8	a55	a47	0
13	0.171535118486058	a8	a55
12	0.171802303774287	a8	a55	a46	0
12	0.17196239860286	a8	a56	a48	0
13	0.172034873964445	a8	a56
12	0.173030058033958	a6	a10	a20	0
12	0.173118218361855	a7	a14	a21	0
12	0.173586333477162	a7	a15	a21	2
13	0.17360391145665	a7	a14
12	0.17364582817697	a7	a17	a21	1
12	0.173646098607423	a7	a14	a21	3
13	0.174011720580788	a7	a14
13	0.174953629850928	a7	a15
13	0.175035840708844	a7	a17
13	0.175150232790748	a6	a10
12	0.176100525404952	a8	a56	a44	0
12	0.176184899706497	a8	a57	a43	0
12	0.176472096848297	a6	a10	a22	0
12	0.17654078618353	a7	a14	a23	0
12	0.176911005474607	a7	a15	a23	1
12	0.176985103418913	a7	a16	a23	2
12	0.177033240039667	a7	a17	a23	3
13	0.177104363248983	a7	a14
12	0.177155204174273	a7	a14	a23	4
13	0.177617099389145	a7	a14
12	0.17763440693818	a7	a14	a23	5
13	0.177818029216223	a7	a17
13	0.177823437825297	a7	a15
12	0.177900780935047	a7	a17	a23	6
12	0.177907812126843	a7	a15	a23	7
13	0.17793269172858	a7	a16
12	0.178001381063813	a7	a16	a23	8
13	0.178057360167723	a7	a14
12	0.178113609702087	a7	a14	a23	9
13	0.178354563236309	a7	a15
13	0.178370789063529	a7	a17
13	0.178424334293356	a7	a16
12	0.178440019259669	a7	a15	a23	11
12	0.178440560120577	a7	a17	a23	10
12	0.178540078527528	a7	a16	a23	12
13	0.178591730744179	a7	a14
12	0.178649062000358	a7	a14	a23	13
13	0.178854318714695	a7	a15
12	0.178921385467206	a7	a15	a23	14
13	0.178992238246068	a7	a17
12	0.179058764137671	a7	a17	a23	15
13	0.179095272248917	a7	a14
13	0.179100410427537	a7	a16
13	0.179543916371559	a7	a15
13	0.180243790385663	a7	a17
13	0.180356559884844	a6	a10
12	0.181405289184185	a6	a10	a24	0
12	0.181480468850305	a7	a14	a25	0
13	0.18156917003911	a7	a14
12	0.18158755930996	a7	a14	a25	1
13	0.181625419573474	a7	a14
12	0.181684914273282	a7	a14	a25	2
13	0.181724937980425	a7	a14
12	0.181741975099006	a7	a17	a25	3
13	0.181931817277484	a7	a17
13	0.182067843795681	a6	a10
12	0.182205222466147	a6	a10	a26	0
12	0.182262553722325	a7	a14	a27	0
13	0.182350714050222	a7	a14
12	0.182376134512868	a7	a14	a27	1
13	0.182439415239027	a7	a14
12	0.182457804509877	a7	a14	a27	2
13	0.182490797025225	a7	a14
12	0.182534606758719	a7	a14	a27	3
13	0.18258328424038	a7	a14
13	0.182860205024941	a6	a10
12	0.183131717200428	a6	a10	a22	0
12	0.183196079648401	a7	a14	a23	0
12	0.183346709411097	a7	a17	a23	1
12	0.183356985768336	a7	a15	a23	2
12	0.183438114904438	a7	a16	a23	3
13	0.183949228461878	a7	a17
13	0.183956800514581	a7	a15
13	0.183963290845469	a7	a16
12	0.1840465834252	a7	a17	a23	4
12	0.184059023226069	a7	a15	a23	6
12	0.184113650177711	a7	a16	a23	5
13	0.18450685605735	a7	a17
12	0.184590148637081	a7	a17	a23	7
13	0.184609078768838	a7	a15
12	0.184685340156774	a7	a15	a23	8
13	0.184710219758512	a7	a16
12	0.18479405319915	a7	a16	a23	9
13	0.184826234423137	a7	a14
12	0.184891137732019	a7	a14	a23	10
13	0.18513209126624	a7	a15
12	0.18520348490601	a7	a15	a23	11
13	0.185213220402342	a7	a17
13	0.185217547289601	a7	a16
12	0.18533166894105	a7	a16	a23	13
13	0.185335184536948	a7	a14
12	0.185411445924884	a7	a14	a23	14
13	0.185630765022812	a7	a15
12	0.185730824290671	a7	a15	a23	15
13	0.185825745379909	a7	a14
13	0.185867121239321	a7	a16
13	0.186176493678322	a7	a15
12	0.186368499300429	a7	a17	a23	12
13	0.186940189279492	a7	a17
13	0.187069184605894	a6	a10
13	0.187450491545572	a8	a57
12	0.187510527106287	a6	a10	a28	0
12	0.187590574520574	a7	a14	a29	0
13	0.187744719879167	a7	a14
12	0.187763650010924	a7	a14	a29	1
13	0.187825308154361	a7	a14
12	0.187843697425211	a7	a14	a29	2
13	0.187902110403204	a7	a14
12	0.187919958813147	a7	a14	a29	3
13	0.187971340599344	a7	a14
12	0.188013798180571	a7	a17	a29	4
12	0.188108448839356	a7	a16	a29	5
12	0.188122240792493	a7	a14	a29	6
12	0.188167943539164	a7	a15	a29	7
13	0.188184439796838	a7	a14
12	0.188227167808518	a7	a14	a29	8
13	0.188249072675266	a7	a17
13	0.188273140985642	a7	a14
12	0.188351836247661	a7	a17	a29	9
12	0.188362383035354	a7	a14	a29	10
13	0.188375093266677	a7	a16
13	0.188417009986996	a7	a14
12	0.188461631011852	a7	a16	a29	11
12	0.188488944487673	a7	a14	a29	12
13	0.188493000944478	a7	a17
13	0.18852112571166	a7	a16
13	0.188547898326573	a7	a14
12	0.188567639749691	a7	a17	a29	13
12	0.188621725840426	a7	a16	a29	14
12	0.188632813489026	a7	a14	a29	15
13	0.188648768885793	a7	a17
13	0.188687440440668	a7	a14
13	0.188690415175659	a7	a16
13	0.188800750800757	a7	a15
13	0.189009252680538	a6	a10
13	0.189046031222237	a8	a56
12	0.19036519097525	a8	a56	a42	0
12	0.190533398717434	a6	a10	a30	0
12	0.190592893417242	a7	a14	a31	0
12	0.190737573709957	a7	a15	a31	1
13	0.191088862869277	a7	a14
13	0.191112390318746	a7	a15
12	0.191118339788727	a7	a17	a31	2
12	0.191166205979027	a7	a14	a31	3
12	0.19121136786479	a7	a15	a31	4
12	0.19124598296286	a7	a16	a31	5
13	0.191292767431346	a7	a14
12	0.191366865375652	a7	a14	a31	6
13	0.191435284280431	a7	a17
13	0.191476660139843	a7	a14
12	0.191500728450219	a7	a17	a31	7
12	0.191522633316967	a7	a14	a31	8
13	0.191619717849835	a7	a16
13	0.191632428081158	a7	a14
12	0.191705173873196	a7	a16	a31	9
13	0.19180198797561	a7	a17
13	0.191852828900901	a7	a16
12	0.191860400953603	a7	a17	a31	10
12	0.19191610962706	a7	a16	a31	11
13	0.191951806446945	a7	a17
12	0.192006433398586	a7	a17	a31	12
13	0.192081613064707	a7	a16
13	0.192104329222816	a7	a17
12	0.19214218948633	a7	a17	a31	13
12	0.192161119618087	a7	a16	a31	14
12	0.192187892233	a7	a14	a31	15
13	0.192228186370598	a7	a17
13	0.192340955869779	a7	a14
13	0.192343389743862	a7	a16
13	0.192538099670506	a7	a15
13	0.192697383207719	a6	a10
13	0.193355610931957	a8	a56
12	0.193524359535048	a8	a56	a45	0
12	0.193650380126459	a6	a10	a32	0
12	0.193712579130804	a7	a14	a33	0
12	0.193852391675353	a7	a17	a33	1
13	0.19385807071488	a7	a14
12	0.193901880448375	a7	a14	a33	2
13	0.193930546076464	a7	a14
12	0.193969488061793	a7	a14	a33	3
13	0.193995449385345	a7	a14
12	0.194005455312131	a7	a15	a33	4
13	0.194029794052961	a7	a17
12	0.194036013953396	a7	a14	a33	5
13	0.194072251634188	a7	a14
12	0.194103891997268	a7	a17	a33	6
12	0.194111734480424	a7	a14	a33	7
13	0.194118495241766	a7	a15
13	0.194136073221255	a7	a14
13	0.194147160869855	a7	a17
12	0.194182587259286	a7	a14	a33	8
12	0.194225044840513	a7	a15	a33	9
13	0.194231805601855	a7	a14
13	0.194261823382212	a7	a15
12	0.194265609408564	a7	a17	a33	10
12	0.194279942222608	a7	a14	a33	11
13	0.194307796559336	a7	a17
13	0.194323211095196	a7	a14
12	0.19433159443926	a7	a15	a33	12
13	0.194372699868218	a7	a15
12	0.194374863311847	a7	a17	a33	13
13	0.194392711721789	a7	a17
12	0.194441659633904	a7	a14	a33	14
13	0.194475193010159	a7	a14
12	0.194480331188779	a7	a17	a33	15
13	0.194497638737814	a7	a17
13	0.194751032072905	a6	a10
13	0.194970080740379	a8	a56
12	0.196906903649579	a8	a56	a50	0
12	0.200715646159098	a6	a10	a34	0
12	0.200784876355238	a7	a14	a35	0
12	0.201075589092936	a7	a17	a35	1
12	0.201256236635989	a7	a16	a35	2
12	0.201513686427884	a7	a15	a35	3
13	0.210896811878947	a7	a14
13	0.21422716291592	a7	a17
13	0.214987613351646	a7	a16
13	0.215205039436398	a7	a15
13	0.21549683389591	a6	a10
12	0.21590410215914	a6	a10	a36	0
12	0.215974954938003	a7	a14	a37	0
12	0.216109358873478	a7	a17	a37	1
12	0.216358154890856	a7	a16	a37	2
12	0.216826540436616	a7	a15	a37	3
13	0.219062188997124	a7	a14
13	0.219299897365902	a7	a15
13	0.220064133827979	a7	a16
13	0.220646641025189	a7	a17
13	0.220819986945993	a6	a10
12	0.224174947154249	a6	a10	a38	0
12	0.224246340794019	a7	a14	a39	0
12	0.224444025455653	a7	a15	a39	1
12	0.22482154636898	a7	a16	a39	3
12	0.224941076629503	a7	a17	a39	2
13	0.226286197706068	a7	a17
13	0.226340283796802	a7	a16
13	0.226587457231459	a7	a15
13	0.226884660300044	a7	a14
13	0.226980392680644	a6	a10
12	0.227224320949857	a6	a10	a40	0
12	0.227293010285089	a7	a14	a41	0
12	0.2274079432279	a7	a15	a41	1
12	0.227523687462072	a7	a17	a41	2
12	0.227703794144217	a7	a16	a41	3
13	0.228017223040023	a7	a14
13	0.228681670664696	a7	a15
13	0.228824998805142	a7	a17
13	0.228988879660067	a7	a16
13	0.229153571806354	a6	a10
12	0.229800982312445	a8	a57	a49	0
13	0.235702856533386	a8	a57
12	0.235869441692848	a8	a57	a54	0
12	0.238362269614798	a8	a58	a53	0
13	0.251238004375036	a8	a58
12	0.251288845300326	a8	a58	a52	0
13	0.256464343322704	a8	a58
12	0.256514643387087	a8	a58	a51	0
13	0.259254644743693	a8	a58
13	0.263366810222232	a8	a57
13	0.26366861060853	a8	a56
13	0.264020711059211	a8	a55
12	0.265643293781244	a8	a55	a46	0
12	0.265739567022751	a8	a56	a48	0
13	0.307313922387585	a8	a56
12	0.307863437069447	a6	a10	a20	0
12	0.307923472630162	a7	a14	a21	0
12	0.308096818550966	a7	a16	a21	1
12	0.308150904641701	a7	a15	a21	2
12	0.308235278943246	a7	a17	a21	3
13	0.322005597644232	a7	a16
13	0.322092135389407	a7	a17
13	0.322388256736178	a7	a14
13	0.323396151037014	a7	a15
13	0.323584100202317	a6	a10
12	0.324320211897212	a8	a56	a44	0
12	0.32435536785619	a8	a57	a43	0
12	0.324646351024341	a6	a10	a22	0
12	0.324698814532353	a7	a14	a23	0
12	0.324935441179316	a7	a17	a23	1
12	0.325171797395826	a7	a15	a23	2
13	0.325200733454369	a7	a14
12	0.325271045372323	a7	a14	a23	3
12	0.325304849179032	a7	a16	a23	4
13	0.325607731287145	a7	a17
12	0.325662899099694	a7	a17	a23	5
13	0.325695080323681	a7	a14
13	0.325705627111375	a7	a15
12	0.325767555685265	a7	a14	a23	6
12	0.32578188849931	a7	a15	a23	7
13	0.325920889752498	a7	a16
12	0.326010131802209	a7	a16	a23	8
13	0.32613831583725	a7	a17
12	0.326196728815243	a7	a17	a23	9
13	0.326233507356943	a7	a15
12	0.326305982718527	a7	a15	a23	10
13	0.32636953387514	a7	a14
13	0.326403337681849	a7	a16
12	0.326462561951203	a7	a14	a23	11
12	0.326494202314283	a7	a16	a23	12
13	0.326731099391699	a7	a17
13	0.326735426278958	a7	a15
12	0.326789512369693	a7	a17	a23	13
12	0.326799247866025	a7	a15	a23	14
13	0.326939060410573	a7	a14
12	0.326996391666752	a7	a14	a23	15
13	0.327005315871723	a7	a16
13	0.327220578512846	a7	a17
13	0.327324423807056	a7	a15
13	0.327590797803923	a7	a14
13	0.327700051707207	a6	a10
12	0.328659538956835	a6	a10	a24	0
12	0.328740668092937	a7	a14	a25	0
13	0.328815306898151	a7	a14
12	0.328856412327109	a7	a14	a25	1
12	0.328888593551096	a7	a16	a25	2
12	0.328943761363645	a7	a17	a25	3
13	0.328957012455875	a7	a14
13	0.329106560496756	a7	a17
13	0.329117377714902	a7	a16
13	0.329265844033968	a6	a10
12	0.329388078599028	a6	a10	a26	0
12	0.3294670442915	a7	a14	a27	0
13	0.329543846540343	a7	a14
12	0.329695828455307	a7	a14	a27	1
13	0.329753700572393	a7	a14
12	0.329778580174131	a7	a14	a27	2
13	0.329812654411293	a7	a14
12	0.329859709310232	a7	a14	a27	3
13	0.329912713679152	a7	a14
13	0.33014528386931	a6	a10
12	0.330426531541129	a6	a10	a22	0
12	0.330528754252617	a7	a14	a23	0
12	0.33065558613539	a7	a16	a23	1
12	0.330717785139734	a7	a15	a23	2
12	0.330739419576028	a7	a17	a23	3
13	0.330984699997509	a7	a14
13	0.33121159114814	a7	a15
12	0.331269463265225	a7	a15	a23	4
13	0.331727031592839	a7	a15
12	0.331747584307318	a7	a15	a23	5
12	0.344761509029383	a7	a14	a23	6
13	0.344886718329433	a7	a16
12	0.344939181837445	a7	a16	a23	7
13	0.34510306269237	a7	a17
12	0.345180946663028	a7	a17	a23	8
13	0.345210964443386	a7	a14
12	0.345260182785954	a7	a14	a23	9
13	0.345445427646719	a7	a16
12	0.345526015921914	a7	a16	a23	10
13	0.345663394592379	a7	a17
13	0.345706393034513	a7	a14
12	0.345729379623075	a7	a17	a23	11
12	0.345750743628915	a7	a14	a23	12
13	0.345944101403291	a7	a15
12	0.34600954557308	a7	a15	a23	13
13	0.346010627294894	a7	a16
12	0.346102032788235	a7	a16	a23	14
13	0.346232650697359	a7	a14
12	0.346288900231723	a7	a14	a23	15
13	0.346365432050112	a7	a17
13	0.346472522509766	a7	a15
13	0.346543375288628	a7	a16
13	0.346726456705764	a7	a14
13	0.346803799815515	a6	a10
13	0.346960649478644	a8	a57
12	0.34702068503936	a6	a10	a28	0
12	0.347057463581059	a7	a14	a29	0
13	0.347154277683474	a7	a14
12	0.347171585232509	a7	a14	a29	1
13	0.347235947680483	a7	a14
12	0.347252173507703	a7	a14	a29	2
13	0.347303014432993	a7	a14
12	0.347368729033236	a7	a15	a29	3
12	0.34744120439482	a7	a16	a29	5
13	0.347522874391829	a7	a15
12	0.347567495416685	a7	a14	a29	4
12	0.347591022866154	a7	a15	a29	6
13	0.34763050571239	a7	a16
13	0.347642404652352	a7	a15
13	0.347674045015432	a7	a14
12	0.347715420874843	a7	a16	a29	7
12	0.347751117694728	a7	a15	a29	8
12	0.347791411832325	a7	a14	a29	9
13	0.347804122063648	a7	a16
13	0.347831705969922	a7	a15
13	0.34785144739304	a7	a14
12	0.347912294245117	a7	a16	a29	10
12	0.34793609212504	a7	a15	a29	11
13	0.347984769606701	a7	a16
13	0.348016139539327	a7	a15
12	0.348054540663748	a7	a16	a29	13
12	0.348078879404579	a7	a15	a29	14
13	0.348122148277166	a7	a16
13	0.348156222514329	a7	a15
12	0.348219503240488	a7	a16	a29	15
13	0.348293601184794	a7	a16
12	0.349018625231089	a7	a14	a29	12
13	0.349165739397887	a7	a14
13	0.349236051315842	a6	a10
13	0.349277697605707	a8	a56
12	0.350388625909393	a8	a56	a42	0
12	0.350525463718951	a6	a10	a30	0
12	0.350582794975129	a7	a14	a31	0
12	0.350739915068713	a7	a16	a31	1
12	0.350743160234157	a7	a15	a31	2
13	0.350769391988163	a7	a14
12	0.350807252251677	a7	a14	a31	3
12	0.350875130295549	a7	a17	a31	4
13	0.350997364860609	a7	a15
13	0.351029816515049	a7	a16
13	0.351062538599944	a7	a14
13	0.351077953135803	a7	a17
12	0.351087147771228	a7	a15	a31	5
12	0.351154755384646	a7	a16	a31	6
12	0.351168276907329	a7	a17	a31	7
12	0.351188018330447	a7	a14	a31	8
13	0.351215872667176	a7	a15
13	0.351270499618817	a7	a16
13	0.351272122201539	a7	a17
13	0.351316202365488	a7	a14
12	0.351316472795942	a7	a15	a31	9
12	0.351345679284938	a7	a16	a31	10
12	0.351394086336146	a7	a14	a31	11
13	0.351413827759264	a7	a15
12	0.351424644977411	a7	a17	a31	12
12	0.35147764934633	a7	a15	a31	13
13	0.351522811232094	a7	a14
13	0.351533358019787	a7	a17
13	0.351572300005116	a7	a15
12	0.351608537685908	a7	a17	a31	14
12	0.351626115665396	a7	a14	a31	15
13	0.351715628145562	a7	a17
13	0.351760790031325	a7	a14
13	0.351909256350391	a7	a16
13	0.352047446312218	a6	a10
13	0.352401710206528	a8	a56
12	0.352485543647166	a8	a56	a45	0
12	0.352547742651511	a6	a10	a32	0
12	0.352625085761261	a7	a14	a33	0
13	0.352685662182884	a7	a14
12	0.352724604168213	a7	a14	a33	1
13	0.352755974100839	a7	a14
12	0.352764357444902	a7	a16	a33	2
12	0.352796538668889	a7	a14	a33	3
13	0.352816009661554	a7	a14
12	0.352905251711266	a7	a14	a33	4
13	0.352931753895725	a7	a14
13	0.352936351213438	a7	a16
12	0.352951495318844	a7	a17	a33	5
12	0.352993412039163	a7	a14	a33	6
13	0.353009367435929	a7	a17
12	0.353024511541335	a7	a16	a33	7
13	0.353025322832696	a7	a14
13	0.353071025579367	a7	a16
12	0.353094012167929	a7	a14	a33	8
13	0.353130249848721	a7	a14
12	0.353140796636414	a7	a17	a33	9
13	0.353164594516337	a7	a17
12	0.353169462264503	a7	a16	a33	10
12	0.35318027948265	a7	a15	a33	11
13	0.353191096700797	a7	a16
12	0.353241667195634	a7	a14	a33	12
13	0.35326492421465	a7	a14
12	0.353265194645103	a7	a16	a33	13
13	0.353284665637768	a7	a16
12	0.353294941995007	a7	a17	a33	14
13	0.353298187160451	a7	a15
13	0.353364172191147	a7	a17
12	0.353367146926138	a7	a14	a33	15
13	0.353421773877779	a7	a14
13	0.353640822545254	a6	a10
13	0.353920988495258	a8	a56
12	0.355534376581866	a8	a56	a50	0
12	0.357999620597542	a6	a10	a34	0
12	0.358063442184608	a7	a14	a35	0
12	0.358271944064389	a7	a17	a35	1
12	0.358480716374624	a7	a16	a35	2
12	0.358504514254547	a7	a15	a35	3
13	0.365574377604898	a7	a14
13	0.371414323251948	a7	a16
13	0.372260770571942	a7	a17
13	0.372592859169052	a7	a15
13	0.372772695420744	a6	a10
12	0.37296902793011	a6	a10	a36	0
12	0.373059351701636	a7	a14	a37	0
12	0.37347716675256	a7	a15	a37	1
12	0.373592910986731	a7	a16	a37	2
12	0.373679448731906	a7	a17	a37	3
13	0.374039932526651	a7	a14
13	0.375841810639469	a7	a17
13	0.375889406399315	a7	a15
13	0.376092770100477	a7	a16
13	0.376217979400527	a6	a10
12	0.380456706331384	a6	a10	a38	0
12	0.380569205400112	a7	a14	a39	0
12	0.380756072843599	a7	a17	a39	1
12	0.380818271847944	a7	a15	a39	2
12	0.381089784023431	a7	a16	a39	3
13	0.382155550441353	a7	a14
13	0.38236080715569	a7	a15
13	0.382450049205401	a7	a17
13	0.382521983706078	a7	a16
13	0.382705605984122	a6	a10
12	0.382872732004491	a6	a10	a40	0
12	0.382941421339724	a7	a14	a41	0
12	0.383207254475683	a7	a17	a41	1
12	0.38320995878022	a7	a15	a41	2
12	0.38334030625889	a7	a16	a41	3
13	0.383641836214735	a7	a14
13	0.384455561449834	a7	a17
13	0.384509647540569	a7	a16
13	0.385654109220509	a7	a15
13	0.385843680968533	a6	a10
12	0.38622120188186	a8	a57	a49	0
13	0.392004627564092	a8	a57
12	0.392093869613804	a8	a57	a54	0
12	0.394430388733531	a8	a58	a53	0
13	0.409294328189167	a8	a58
12	0.409343005670828	a8	a58	a52	0
13	0.413489786247437	a8	a58
12	0.413528728232766	a8	a58	a51	0
13	0.415190252940127	a8	a58
13	0.417288252399716	a8	a57
13	0.417463491333696	a8	a56
13	0.417691193775688	a8	a55
12	0.419034692269531	a8	a55	a46	0
12	0.419093105247524	a8	a56	a48	0
13	0.475795340190778	a8	a56
12	0.476257776266557	a6	a10	a20	0
12	0.476454108775923	a7	a14	a21	0
12	0.47650467927076	a7	a17	a21	1
12	0.476710747276458	a7	a15	a21	2
12	0.476860024886885	a7	a16	a21	3
13	0.476930877665747	a7	a17
13	0.476957109419753	a7	a14
13	0.477241331826563	a7	a15
13	0.477279732950984	a7	a16
13	0.477409269138293	a6	a10
12	0.478260584206453	a8	a56	a44	0
12	0.478294658443616	a8	a57	a43	0
12	0.478559139427307	a6	a10	a22	0
12	0.478698681541402	a7	a14	a23	0
12	0.478867700574947	a7	a17	a23	1
12	0.478976954478231	a7	a16	a23	2
12	0.479182481623022	a7	a15	a23	3
13	0.479209795098843	a7	a14
12	0.479268748937743	a7	a14	a23	4
13	0.479361506583353	a7	a17
12	0.47942316472679	a7	a17	a23	5
13	0.479548644457294	a7	a16
12	0.4796227424016	a7	a16	a23	6
13	0.479733078026698	a7	a17
13	0.479739297927133	a7	a14
12	0.479777699051554	a7	a14	a23	7
12	0.479805012527375	a7	a17	a23	8
13	0.479859639479017	a7	a15
12	0.479931033118786	a7	a15	a23	9
13	0.480119252714542	a7	a17
12	0.480181451718887	a7	a17	a23	10
13	0.480240135127333	a7	a14
13	0.480269612046784	a7	a16
12	0.48028556744355	a7	a14	a23	11
12	0.480370753036457	a7	a16	a23	12
13	0.480551941440417	a7	a17
12	0.480613058722947	a7	a17	a23	13
13	0.480769097094716	a7	a14
12	0.480818315437284	a7	a14	a23	14
13	0.480843465469476	a7	a16
13	0.480930544075558	a7	a17
12	0.480935411823725	a7	a16	a23	15
13	0.481370534423683	a7	a14
13	0.481374590880488	a7	a16
13	0.481754275237444	a7	a15
13	0.481915181357379	a6	a10
12	0.482314336706999	a6	a10	a24	0
12	0.482452256238372	a7	a14	a25	0
13	0.482523649878141	a7	a14
12	0.482540416566269	a7	a14	a25	1
13	0.48258098113432	a7	a14
12	0.482597747822447	a7	a14	a25	2
13	0.482636689807776	a7	a14
12	0.482722686692044	a7	a14	a25	3
13	0.482764332981909	a7	a14
13	0.482836267482586	a6	a10
12	0.482962288073997	a6	a10	a26	0
12	0.483017996747454	a7	a14	a27	0
13	0.483103993631721	a7	a14
12	0.483121842041664	a7	a14	a27	1
13	0.48318566362873	a7	a14
12	0.483204593760488	a7	a14	a27	2
13	0.483253812103056	a7	a14
12	0.483272742234813	a7	a14	a27	3
13	0.483328991769177	a7	a14
13	0.483909335522757	a6	a10
12	0.484204645578167	a6	a10	a22	0
12	0.484264681138882	a7	a14	a23	0
12	0.484571078842893	a7	a16	a23	1
12	0.484620838046369	a7	a17	a23	2
12	0.48472846936693	a7	a15	a23	3
13	0.484770386087249	a7	a14
12	0.484858546415146	a7	a14	a23	4
13	0.484963203000717	a7	a17
12	0.485044332136819	a7	a17	a23	5
13	0.485102745114812	a7	a16
12	0.485171975310952	a7	a16	a23	6
13	0.485319359908204	a7	a14
13	0.485334774444063	a7	a15
13	0.485338560470414	a7	a17
12	0.485393998713417	a7	a14	a23	7
12	0.485438619738273	a7	a17	a23	8
12	0.485445650930069	a7	a15	a23	9
13	0.485752319064533	a7	a17
13	0.485772871779012	a7	a16
12	0.485808027737989	a7	a17	a23	10
12	0.485834529922449	a7	a16	a23	11
13	0.485964877401119	a7	a15
13	0.48602680597501	a7	a14
12	0.486033566736352	a7	a15	a23	12
13	0.486096306601604	a7	a17
12	0.486107394250204	a7	a14	a23	13
12	0.486164455075929	a7	a17	a23	14
13	0.486505197447556	a7	a17
12	0.486521423274776	a7	a17	a23	15
13	0.486743176246788	a7	a15
13	0.48683836776648	a7	a17
13	0.487476583637146	a7	a16
13	0.487777031871176	a7	a14
13	0.487862487894537	a6	a10
13	0.488151848479966	a8	a57
12	0.488214588345218	a6	a10	a28	0
12	0.488272460462304	a7	a14	a29	0
13	0.488374142312884	a7	a14
12	0.488433637012692	a7	a14	a29	1
12	0.488460950488513	a7	a15	a29	2
13	0.488494754295222	a7	a14
12	0.488523690353765	a7	a16	a29	3
12	0.488551544690493	a7	a14	a29	4
13	0.488609687238033	a7	a15
13	0.488624560912985	a7	a14
13	0.488651333527898	a7	a16
12	0.48872218630676	a7	a15	a29	5
12	0.48874571375623	a7	a14	a29	6
13	0.48875680140483	a7	a15
12	0.488776813258402	a7	a16	a29	7
12	0.488826572461878	a7	a17	a29	8
12	0.488835767097303	a7	a15	a29	9
13	0.488835767097303	a7	a16
13	0.488883362857149	a7	a15
13	0.488891746201213	a7	a14
13	0.4889239274252	a7	a17
12	0.488936908086976	a7	a16	a29	10
12	0.488987749012266	a7	a15	a29	11
13	0.489021282388522	a7	a15
12	0.489027502288956	a7	a14	a29	12
13	0.489048325433889	a7	a16
12	0.489055356625684	a7	a17	a29	13
13	0.489094298611013	a7	a17
12	0.48910511582916	a7	a15	a29	14
12	0.489152170728099	a7	a17	a29	15
13	0.489160824502617	a7	a15
13	0.489190571852521	a7	a17
13	0.489202741222936	a7	a14
13	0.489406645785005	a6	a10
13	0.489445587770333	a8	a56
12	0.490454834223438	a8	a56	a42	0
12	0.490572201040332	a6	a10	a30	0
12	0.490634940905583	a7	a14	a31	0
13	0.490822619640432	a7	a14
12	0.490883196062054	a7	a14	a31	1
12	0.490966759072239	a7	a16	a31	2
12	0.490985148343089	a7	a17	a31	3
12	0.490990016091255	a7	a15	a31	4
13	0.491013002679817	a7	a14
12	0.491073038240532	a7	a14	a31	5
13	0.491148488337107	a7	a15
13	0.491188241613797	a7	a14
13	0.491192298070602	a7	a17
13	0.491203115288749	a7	a16
12	0.491211228202359	a7	a15	a31	6
12	0.491281540120314	a7	a17	a31	7
13	0.491288030451202	a7	a15
12	0.491313450913847	a7	a16	a31	8
12	0.49133211061515	a7	a14	a31	9
12	0.49138214024908	a7	a15	a31	10
13	0.491386467136338	a7	a17
13	0.491424327399852	a7	a16
12	0.491444339253424	a7	a17	a31	11
13	0.491456779054293	a7	a15
13	0.491465162398357	a7	a14
12	0.491504915675047	a7	a16	a31	12
13	0.49154710282582	a7	a17
12	0.491547914117181	a7	a14	a31	13
12	0.49158766739387	a7	a15	a31	14
13	0.49161416957833	a7	a16
12	0.491619578187404	a7	a17	a31	15
13	0.491665280934074	a7	a14
13	0.491696921297154	a7	a15
13	0.49170990195893	a7	a17
13	0.491951396354059	a6	a10
13	0.492234807469508	a8	a56
12	0.492319181771054	a8	a56	a45	0
12	0.492381921636306	a6	a10	a32	0
12	0.492470081964203	a7	a14	a33	0
13	0.492522545472215	a7	a14
12	0.492540934743065	a7	a14	a33	1
13	0.492570141232061	a7	a14
12	0.492600429442873	a7	a14	a33	2
13	0.492620982157352	a7	a14
12	0.492645320898182	a7	a14	a33	3
13	0.492668037056291	a7	a14
12	0.492697784406195	a7	a14	a33	4
13	0.492717255398859	a7	a14
12	0.492765392019613	a7	a14	a33	5
13	0.492782699568648	a7	a14
12	0.492837056089836	a7	a16	a33	6
12	0.492851929764788	a7	a14	a33	7
13	0.492869237313823	a7	a14
12	0.492893846485107	a7	a15	a33	8
13	0.492946850854027	a7	a15
13	0.492958208933081	a7	a16
12	0.492965780985784	a7	a17	a33	10
12	0.493006615984288	a7	a14	a33	9
13	0.493019326215611	a7	a17
12	0.49302960257285	a7	a15	a33	11
13	0.493031495586026	a7	a14
13	0.4930479918437	a7	a15
12	0.493084770385399	a7	a16	a33	12
12	0.493098291908083	a7	a17	a33	13
13	0.493115058596211	a7	a17
13	0.493136693032505	a7	a16
12	0.49314886240292	a7	a14	a33	14
12	0.493186993096888	a7	a17	a33	15
13	0.493202137202293	a7	a17
13	0.493213765711801	a7	a14
13	0.493399821863928	a6	a10
13	0.493541527421652	a8	a56
12	0.494895302272734	a8	a56	a50	0
12	0.497325390329432	a6	a10	a34	0
12	0.49739516138648	a7	a14	a35	0
12	0.497474938370313	a7	a15	a35	1
12	0.497771330147538	a7	a16	a35	2
12	0.49787679802447	a7	a17	a35	3
13	0.520580245901608	a7	a14
13	0.524647790355291	a7	a15
13	0.525283842782327	a7	a17
13	0.5390752550587	a7	a16
13	0.53924535581406	a6	a10
12	0.539362722630953	a6	a10	a36	0
12	0.539417349582595	a7	a14	a37	0
12	0.539599349277916	a7	a15	a37	1
12	0.539693999936702	a7	a17	a37	2
12	0.539956858337671	a7	a16	a37	3
13	0.540266501207125	a7	a14
13	0.541364719279488	a7	a17
13	0.541854198400635	a7	a15
13	0.543655265222091	a7	a16
13	0.543789128296659	a6	a10
12	0.545754075973041	a6	a10	a38	0
12	0.545811948090127	a7	a14	a39	0
12	0.545892265934867	a7	a17	a39	1
12	0.546053983346163	a7	a15	a39	2
12	0.546217864201089	a7	a16	a39	3
13	0.547214670853324	a7	a17
13	0.547282819327649	a7	a15
13	0.547708476861729	a7	a16
13	0.569154963990199	a7	a14
13	0.569272871668	a6	a10
12	0.569767218537313	a6	a10	a40	0
12	0.569832662707102	a7	a14	a41	0
12	0.570062799023176	a7	a15	a41	1
12	0.57009470981671	a7	a17	a41	2
13	0.570664506782597	a7	a14
12	0.570690738536603	a7	a16	a41	3
13	0.571067177728115	a7	a15
13	0.571298666196458	a7	a17
13	0.571835200216544	a7	a16
13	0.571986911701054	a6	a10
12	0.572459083273165	a8	a57	a49	0
13	0.578388541400381	a8	a57
12	0.578482110337352	a8	a57	a54	0
12	0.58037025576489	a8	a58	a53	0
13	0.588177582962405	a8	a58
12	0.588215443225919	a8	a58	a52	0
13	0.591577975486879	a8	a58
12	0.591613672306764	a8	a58	a51	0
13	0.593248694829665	a8	a58
13	0.59553275044138	a8	a57
13	0.595741522751615	a8	a56
13	0.596017902675268	a8	a55
12	0.597588562750196	a8	a55	a46	0
12	0.597674018773557	a8	a56	a48	0
13	0.63067843306152	a8	a56
12	0.631203068141644	a6	a10	a20	0
12	0.631276084364136	a7	a14	a21	0
12	0.631374250618819	a7	a17	a21	1
13	0.631622776205743	a7	a14
12	0.631663881634702	a7	a14	a21	2
12	0.631831818946432	a7	a15	a21	3
13	0.631956216955121	a7	a17
13	0.632056005792526	a7	a14
13	0.632433797136306	a7	a15
13	0.632587131203538	a6	a10
12	0.633072824298333	a8	a56	a44	0
12	0.633102571648237	a8	a57	a43	0
12	0.633255094424108	a6	a10	a22	0
12	0.633330274090229	a7	a14	a23	0
12	0.633419786570395	a7	a16	a23	1
12	0.633623691132464	a7	a15	a23	2
13	0.633673179905486	a7	a14
12	0.633734838048923	a7	a14	a23	3
13	0.634036638435221	a7	a14
12	0.634074498698735	a7	a14	a23	5
13	0.634132100385367	a7	a16
12	0.634212147799654	a7	a16	a23	6
12	0.634214852104191	a7	a17	a23	4
13	0.634234863957763	a7	a15
12	0.634306257597532	a7	a15	a23	7
13	0.634402801269493	a7	a14
12	0.634460132525672	a7	a14	a23	8
13	0.634777077017375	a7	a14
12	0.634798711453669	a7	a14	a23	9
13	0.634814125989528	a7	a15
13	0.634833596982193	a7	a17
13	0.634853067974857	a7	a16
12	0.634914185257387	a7	a17	a23	10
12	0.634915266979202	a7	a15	a23	11
12	0.634954749825438	a7	a16	a23	12
13	0.635101052700874	a7	a14
12	0.635164874287941	a7	a14	a23	13
13	0.635370671863186	a7	a17
13	0.635372294445908	a7	a15
12	0.635441524642048	a7	a15	a23	15
12	0.635443688085677	a7	a17	a23	14
13	0.635489931693255	a7	a14
13	0.635529684969945	a7	a16
13	0.635902338135105	a7	a17
13	0.635946688729507	a7	a15
13	0.636111921736701	a6	a10
12	0.636484574901861	a6	a10	a24	0
12	0.636553264237094	a7	a14	a25	0
13	0.636614922380531	a7	a14
12	0.636631148207752	a7	a14	a25	1
13	0.636663599862192	a7	a14
12	0.636713359065668	a7	a14	a25	2
13	0.636738779528313	a7	a14
12	0.636804223698102	a7	a14	a25	3
13	0.636835593630728	a7	a14
13	0.637133607990674	a6	a10
12	0.637219604874942	a6	a10	a26	0
12	0.637278558713843	a7	a14	a27	0
13	0.637347788909983	a7	a14
12	0.637375913677165	a7	a14	a27	1
13	0.637420805132474	a7	a14
12	0.637441357846953	a7	a14	a27	2
13	0.63747056433595	a7	a14
12	0.637499229964039	a7	a14	a27	3
13	0.637541417114812	a7	a14
13	0.637963288622541	a6	a10
12	0.638147181331038	a6	a10	a22	0
12	0.638213166361734	a7	a14	a23	0
12	0.638365959568058	a7	a16	a23	1
13	0.638550663567916	a7	a14
12	0.638607994824095	a7	a14	a23	3
12	0.638630981412657	a7	a17	a23	4
12	0.638680199755225	a7	a15	a23	2
13	0.638931159216233	a7	a16
13	0.638960095274776	a7	a14
12	0.639053123350839	a7	a14	a23	6
13	0.639161025101854	a7	a15
13	0.639183200399056	a7	a17
12	0.639252971456103	a7	a15	a23	8
12	0.639254594038825	a7	a17	a23	7
13	0.639361414068026	a7	a14
12	0.639414148006492	a7	a16	a23	5
12	0.639419286185111	a7	a14	a23	9
13	0.639708105909633	a7	a14
12	0.639757324252202	a7	a14	a23	10
13	0.639773820509876	a7	a17
12	0.639842509845108	a7	a17	a23	11
13	0.639884156134974	a7	a15
12	0.639948518582948	a7	a15	a23	12
13	0.64000909500457	a7	a16
13	0.640058583777592	a7	a14
12	0.640091305862487	a7	a16	a23	13
12	0.640180818342652	a7	a14	a23	14
13	0.640352541680734	a7	a17
13	0.640386615917897	a7	a15
12	0.640412036380542	a7	a17	a23	15
13	0.640500467138893	a7	a14
13	0.640644065709793	a7	a16
13	0.640952356426979	a7	a17
13	0.64109162811062	a6	a10
13	0.641198177709367	a8	a57
12	0.64124036486014	a6	a10	a28	0
12	0.641343669293442	a7	a14	a29	0
13	0.641424798429544	a7	a14
12	0.641441024256764	a7	a14	a29	1
13	0.641475098493927	a7	a14
12	0.641491865182055	a7	a14	a29	2
13	0.641524857697403	a7	a14
12	0.641541083524623	a7	a14	a29	3
13	0.641575157761786	a7	a14
12	0.641591383589006	a7	a14	a29	4
13	0.641624916965261	a7	a14
12	0.641641683653389	a7	a14	a29	5
13	0.641675757890552	a7	a14
12	0.641692524578679	a7	a14	a29	6
13	0.641726598815842	a7	a14
12	0.641782848350206	a7	a14	a29	7
13	0.641815300004647	a7	a14
12	0.641861814042678	a7	a14	a29	8
12	0.641886423213962	a7	a15	a29	9
13	0.641893183975304	a7	a14
12	0.641936723278345	a7	a17	a29	10
12	0.641955653410103	a7	a16	a29	11
12	0.641966741058703	a7	a14	a29	12
13	0.64200189701768	a7	a14
12	0.642034348672121	a7	a14	a29	13
13	0.642039486850741	a7	a15
13	0.642064096022025	a7	a14
13	0.642067070757015	a7	a17
13	0.642089246054216	a7	a16
12	0.642148740754024	a7	a15	a29	14
12	0.642167400455328	a7	a14	a29	15
13	0.64221175104973	a7	a14
13	0.642226083863775	a7	a15
13	0.642433504021741	a6	a10
13	0.642469741702533	a8	a56
12	0.643300504056214	a8	a56	a42	0
12	0.643430851534884	a6	a10	a30	0
12	0.643517930140966	a7	a14	a31	0
13	0.643731570199367	a7	a14
12	0.643756990662013	a7	a14	a31	1
13	0.643877061783443	a7	a14
12	0.643920871516938	a7	a14	a31	2
12	0.644000107639864	a7	a16	a31	3
13	0.644036074890202	a7	a14
12	0.644075287305985	a7	a17	a31	4
12	0.644091242702751	a7	a14	a31	5
12	0.644111524986777	a7	a15	a31	6
13	0.644210232102367	a7	a14
13	0.644246740213613	a7	a16
12	0.644304882761152	a7	a14	a31	7
13	0.644322460740641	a7	a15
12	0.644328951071529	a7	a16	a31	8
13	0.644399262989484	a7	a17
13	0.644415759247158	a7	a14
13	0.644450644775682	a7	a16
12	0.644459839411107	a7	a17	a31	9
12	0.644464707159273	a7	a15	a31	10
12	0.644510409905943	a7	a14	a31	11
12	0.644552326626262	a7	a16	a31	12
13	0.644576665367093	a7	a15
13	0.644591268611591	a7	a17
13	0.644620745531042	a7	a14
12	0.644657794503195	a7	a15	a31	14
13	0.644661039668639	a7	a16
12	0.644662121390453	a7	a17	a31	13
12	0.644742709665648	a7	a16	a31	15
13	0.644774620459181	a7	a15
13	0.644785437677328	a7	a17
13	0.644894691580611	a7	a16
13	0.645055056839639	a6	a10
13	0.645367133583177	a8	a56
12	0.645434200335687	a8	a56	a45	0
12	0.645507216558179	a6	a10	a32	0
12	0.645632155427775	a7	a14	a33	0
13	0.645692731849398	a7	a14
12	0.645786300786368	a7	a14	a33	1
12	0.645815236844911	a7	a17	a33	2
13	0.645822538467161	a7	a14
12	0.645869322935646	a7	a16	a33	3
12	0.645876624557895	a7	a14	a33	4
13	0.645892579954662	a7	a17
13	0.645900963298725	a7	a14
13	0.645942880019045	a7	a16
12	0.645974790812578	a7	a17	a33	5
12	0.646005349453843	a7	a14	a33	6
13	0.64602130485061	a7	a17
13	0.646026443029229	a7	a14
12	0.64607512051089	a7	a14	a33	7
13	0.646094050642647	a7	a14
12	0.646120823257561	a7	a17	a33	8
13	0.646158683521075	a7	a17
12	0.646171393752398	a7	a14	a33	9
13	0.646190323884155	a7	a14
12	0.646237649213547	a7	a15	a33	10
12	0.646264151398007	a7	a17	a33	11
12	0.646287137986569	a7	a14	a33	12
13	0.646289030999745	a7	a17
13	0.646299848217892	a7	a15
13	0.646321212223732	a7	a14
12	0.6463593429177	a7	a15	a33	13
13	0.646389631128511	a7	a15
12	0.646411535995258	a7	a14	a33	15
12	0.64643668602745	a7	a17	a33	14
13	0.64644993711968	a7	a14
13	0.646477250595501	a7	a17
13	0.647249329540735	a6	a10
13	0.647360746887648	a8	a56
12	0.6490731125203	a8	a56	a50	0
12	0.652820196886381	a6	a10	a34	0
12	0.652894294830687	a7	a14	a35	0
12	0.653102796710468	a7	a15	a35	1
12	0.653446784247539	a7	a16	a35	2
12	0.653466255240204	a7	a17	a35	3
13	0.662177631444345	a7	a14
13	0.667055385537229	a7	a15
13	0.667102440436168	a7	a16
13	0.667876953255485	a7	a17
13	0.668018929243663	a6	a10
12	0.668472170684018	a6	a10	a36	0
12	0.668543564323787	a7	a14	a37	0
12	0.668840767392373	a7	a15	a37	1
12	0.668873219046813	a7	a16	a37	2
12	0.66922207433205	a7	a17	a37	3
13	0.670826267783234	a7	a16
13	0.671448528257133	a7	a14
13	0.672098372637307	a7	a17
13	0.672445064478915	a7	a15
13	0.672587581328	a6	a10
12	0.676090196563962	a6	a10	a38	0
12	0.676171866560971	a7	a14	a39	0
12	0.676266246789303	a7	a16	a39	1
12	0.676413901817008	a7	a17	a39	2
12	0.676532350355716	a7	a15	a39	3
13	0.677726841669586	a7	a14
13	0.677904514477649	a7	a16
13	0.678065691028037	a7	a15
13	0.679117665492822	a7	a17
13	0.679271540420961	a6	a10
12	0.679412164256871	a6	a10	a40	0
12	0.679471658956679	a7	a14	a41	0
12	0.679676374810108	a7	a16	a41	1
12	0.679783465269763	a7	a15	a41	2
13	0.680118528601862	a7	a14
12	0.680192896976622	a7	a17	a41	3
13	0.680839766621806	a7	a15
13	0.681254606937739	a7	a17
13	0.682031824061593	a7	a16
13	0.682227886140505	a6	a10
12	0.682743867446112	a8	a57	a49	0
13	0.688617616899871	a8	a57
12	0.688762567623039	a8	a57	a54	0
12	0.690638814110616	a8	a58	a53	0
13	0.70186384138164	a8	a58
12	0.701914141446023	a8	a58	a52	0
13	0.706964700598804	a8	a58
12	0.706996611392337	a8	a58	a51	0
13	0.709759869767959	a8	a58
13	0.712416578544834	a8	a57
13	0.71277192416096	a8	a56
13	0.713007739516562	a8	a55
12	0.714541080188883	a8	a55	a46	0
12	0.714612473828652	a8	a56	a48	0
13	0.746381561804242	a8	a56
12	0.746905115162551	a6	a10	a20	0
12	0.746974345358691	a7	a14	a21	0
12	0.747214758032005	a7	a15	a21	1
12	0.747360249616081	a7	a16	a21	2
12	0.747524130471006	a7	a17	a21	3
13	0.747526023484182	a7	a14
13	0.747711809205855	a7	a15
13	0.747906519132499	a7	a16
13	0.747982780520434	a7	a17
13	0.748136655448574	a6	a10
12	0.748704018540378	a8	a56	a44	0
12	0.748733765890282	a8	a57	a43	0
12	0.748936588730536	a6	a10	a22	0
12	0.749008523231213	a7	a14	a23	0
12	0.749194308952886	a7	a15	a23	1
12	0.749246231599991	a7	a17	a23	2
12	0.749334391927888	a7	a16	a23	3
13	0.749663235359553	a7	a15
13	0.749724082211629	a7	a14
12	0.749743823634747	a7	a15	a23	4
12	0.749796016712306	a7	a14	a23	5
13	0.749863894756178	a7	a17
12	0.749922307734171	a7	a17	a23	6
13	0.749998569122107	a7	a16
13	0.750069421900969	a7	a15
12	0.750074289649135	a7	a16	a23	7
12	0.750149469315256	a7	a15	a23	8
13	0.750291445303434	a7	a14
12	0.750353644307778	a7	a14	a23	9
13	0.750594597842	a7	a15
13	0.75063948929731	a7	a17
13	0.75065571512453	a7	a16
12	0.750681135587175	a7	a15	a23	10
12	0.750757396975111	a7	a16	a23	11
12	0.750779031411404	a7	a17	a23	12
13	0.750872329917921	a7	a14
12	0.750930202035007	a7	a14	a23	13
13	0.751143571662954	a7	a15
12	0.751212260998187	a7	a15	a23	14
13	0.751237140599925	a7	a17
13	0.751288522386123	a7	a16
12	0.751298798743362	a7	a17	a23	15
13	0.751362890760883	a7	a14
13	0.751690922901187	a7	a15
13	0.751774756341825	a7	a17
13	0.751959460341683	a6	a10
12	0.752400802842076	a6	a10	a24	0
12	0.752471655620938	a7	a14	a25	0
13	0.752540344956171	a7	a14
12	0.752584695550573	a7	a14	a25	1
13	0.752625800979531	a7	a14
12	0.752633643462688	a7	a15	a25	2
12	0.752683673096617	a7	a14	a25	3
13	0.752812397992565	a7	a14
13	0.752841874912015	a7	a15
13	0.75299466811834	a6	a10
12	0.753116361822493	a6	a10	a26	0
12	0.75317801996593	a7	a14	a27	0
13	0.753256444797495	a7	a14
12	0.753282406121047	a7	a14	a27	1
13	0.753338114794504	a7	a14
12	0.753392200885238	a7	a14	a27	2
12	0.75342546383104	a7	a17	a27	3
13	0.753437092340548	a7	a14
13	0.753586099520521	a7	a17
13	0.753816235836596	a6	a10
12	0.754262446085155	a6	a10	a22	0
12	0.754400906477436	a7	a14	a23	0
12	0.754536932995633	a7	a16	a23	1
12	0.754817639806544	a7	a15	a23	2
12	0.7550058594023	a7	a17	a23	3
13	0.755099428339271	a7	a16
12	0.755164331648152	a7	a16	a23	4
13	0.755399065281939	a7	a15
12	0.755459100842655	a7	a15	a23	5
13	0.755530494482424	a7	a17
12	0.755586203155881	a7	a17	a23	6
13	0.755618654810321	a7	a16
12	0.75568409898011	a7	a16	a23	7
13	0.755914505726638	a7	a15
12	0.755981572479149	a7	a15	a23	8
13	0.756072166681129	a7	a14
12	0.7561289570764	a7	a14	a23	9
13	0.75613625869865	a7	a16
13	0.756149780221333	a7	a17
12	0.756209815782048	a7	a17	a23	10
12	0.756227123331083	a7	a16	a23	11
13	0.756398035377804	a7	a15
12	0.756466724713037	a7	a15	a23	12
13	0.756561645802276	a7	a14
12	0.756620599641176	a7	a14	a23	13
13	0.756677119605994	a7	a17
12	0.756742563775783	a7	a17	a23	14
13	0.756962153304164	a7	a15
12	0.757035169526656	a7	a15	a23	15
13	0.757061401280662	a7	a14
13	0.757179579388917	a7	a17
13	0.757212031043357	a7	a16
13	0.757585765930332	a7	a15
13	0.75776235701658	a6	a10
13	0.758064698263786	a8	a57
12	0.758119866076335	a6	a10	a28	0
12	0.758182605941587	a7	a14	a29	0
13	0.758279420044001	a7	a14
12	0.758298350175758	a7	a14	a29	1
13	0.7583529771274	a7	a14
12	0.758372988980972	a7	a14	a29	2
13	0.758423289045355	a7	a14
12	0.758471425666109	a7	a14	a29	3
13	0.758524430035028	a7	a14
12	0.758525782187297	a7	a17	a29	4
12	0.758570403212153	a7	a14	a29	5
13	0.758620162415628	a7	a14
12	0.758640444699654	a7	a16	a29	6
12	0.758664513010031	a7	a14	a29	7
13	0.758700480260369	a7	a17
13	0.758714813074414	a7	a14
12	0.758758352377455	a7	a17	a29	8
13	0.75876538356925	a7	a16
12	0.758774848635129	a7	a14	a29	9
13	0.758795671780062	a7	a17
12	0.758836236348112	a7	a16	a29	10
13	0.758846783135806	a7	a14
12	0.758864361115294	a7	a17	a29	11
13	0.758907089126974	a7	a16
12	0.758913849888316	a7	a14	a29	12
12	0.758928182702361	a7	a15	a29	13
13	0.758943867668674	a7	a17
13	0.758955496178182	a7	a14
12	0.758996331176686	a7	a16	a29	14
12	0.759017695182526	a7	a14	a29	15
13	0.759059611902846	a7	a16
13	0.759072592564622	a7	a15
13	0.759106396371331	a7	a14
13	0.759348161196914	a6	a10
13	0.759382235434076	a8	a56
12	0.76051587989587	a8	a56	a42	0
12	0.760634869295486	a6	a10	a30	0
12	0.760711671544329	a7	a14	a31	0
13	0.760910167497324	a7	a14
12	0.760948027760838	a7	a14	a31	1
13	0.761049709611419	a7	a14
12	0.761071344047713	a7	a14	a31	2
13	0.76117573020283	a7	a14
12	0.761203584539558	a7	a16	a31	3
12	0.761217106062242	a7	a15	a31	4
12	0.761266594835264	a7	a14	a31	5
12	0.761308511555583	a7	a17	a31	6
13	0.761422633207033	a7	a15
13	0.761452380556937	a7	a16
12	0.761479964463211	a7	a15	a31	7
13	0.761513497839467	a7	a17
12	0.761517824726725	a7	a16	a31	8
13	0.761547301646176	a7	a14
12	0.761577860287441	a7	a17	a31	9
13	0.761578942009255	a7	a15
12	0.761601928597817	a7	a14	a31	10
12	0.76165953028445	a7	a15	a31	11
13	0.761664938893523	a7	a16
13	0.761671429224411	a7	a17
13	0.761681435151197	a7	a14
12	0.761752017499606	a7	a17	a31	12
13	0.761764998161382	a7	a15
12	0.761774192796807	a7	a16	a31	13
12	0.761793393359017	a7	a14	a31	14
13	0.761868843455592	a7	a17
12	0.761871547760129	a7	a15	a31	15
13	0.761881553686914	a7	a14
13	0.761920766102697	a7	a16
13	0.761996486629725	a7	a15
13	0.76234885751086	a6	a10
13	0.762617124520903	a8	a56
12	0.762688518160672	a8	a56	a45	0
12	0.762740981668685	a6	a10	a32	0
12	0.762817783917527	a7	a14	a33	0
13	0.762867543121003	a7	a14
12	0.762913516298127	a7	a14	a33	1
13	0.762937855038958	a7	a14
12	0.7629446158003	a7	a15	a33	2
12	0.762976256163379	a7	a14	a33	3
13	0.7629924819906	a7	a14
12	0.76300870781782	a7	a14	a33	4
13	0.763025474505948	a7	a14
13	0.763042511624529	a7	a15
12	0.763119313873372	a7	a15	a33	5
13	0.763147979501461	a7	a15
12	0.76315230638872	a7	a17	a33	6
12	0.763177456420911	a7	a14	a33	7
13	0.763199631718112	a7	a14
13	0.76320314731401	a7	a17
12	0.763307533469128	a7	a16	a33	8
12	0.763318621117728	a7	a14	a33	9
13	0.763335928666763	a7	a14
12	0.763356751811696	a7	a17	a33	10
12	0.763360537838047	a7	a15	a33	11
13	0.763370814195287	a7	a16
13	0.763400020684284	a7	a17
12	0.763414353498328	a7	a14	a33	12
13	0.763418409955133	a7	a15
13	0.763431661047363	a7	a14
12	0.763531449884768	a7	a17	a33	13
12	0.763547675711989	a7	a16	a33	14
12	0.763557681638774	a7	a14	a33	15
13	0.763569310148282	a7	a17
13	0.763576070909624	a7	a14
13	0.763582290810059	a7	a16
13	0.763836225006057	a6	a10
13	0.763928171360305	a8	a56
12	0.765277619324129	a8	a56	a50	0
12	0.767733127843472	a6	a10	a34	0
12	0.767807225787779	a7	a14	a35	0
12	0.768174199913412	a7	a17	a35	1
12	0.76826614626766	a7	a15	a35	2
12	0.768476541160617	a7	a16	a35	3
13	0.773534942796555	a7	a14
13	0.793234449194302	a7	a16
13	0.794289127963624	a7	a15
13	0.795189661374352	a7	a17
13	0.795345699746121	a6	a10
12	0.795461443980293	a6	a10	a36	0
12	0.795537705368228	a7	a14	a37	0
12	0.795867360091254	a7	a16	a37	1
13	0.795907654228851	a7	a14
12	0.795955249988698	a7	a14	a37	2
12	0.79596201075004	a7	a15	a37	3
13	0.79804026878651	a7	a14
13	0.798438071983862	a7	a16
13	0.798682000253074	a7	a15
13	0.798850478425712	a6	a10
12	0.800738082992343	a6	a10	a38	0
12	0.800798659413966	a7	a14	a39	0
12	0.801008243015562	a7	a16	a39	1
12	0.80105962480176	a7	a15	a39	2
12	0.814709331520408	a7	a17	a39	3
13	0.815437059871239	a7	a14
13	0.815905174986546	a7	a16
13	0.816027950412513	a7	a17
13	0.816123682793113	a7	a15
13	0.816293242687565	a6	a10
12	0.816402496590849	a6	a10	a40	0
12	0.81647551281334	a7	a14	a41	0
12	0.816715925486655	a7	a17	a41	1
12	0.816762439524687	a7	a16	a41	2
13	0.81686871869298	a7	a14
12	0.816920641340085	a7	a14	a41	3
13	0.817674331014469	a7	a17
13	0.817765466077357	a7	a14
13	0.818076731529533	a7	a16
13	0.818208972021379	a6	a10
12	0.818438297046093	a8	a57	a49	0
13	0.822143735122309	a8	a57
12	0.822221619092966	a8	a57	a54	0
12	0.823574312222234	a8	a58	a53	0
13	0.845490537048733	a8	a58
12	0.845527315590432	a8	a58	a52	0
13	0.862668820326895	a8	a58
12	0.862706139729501	a8	a58	a51	0
13	0.864324936425183	a8	a58
13	0.866213081852722	a8	a57
13	0.8663661454895	a8	a56
13	0.866585194156975	a8	a55
12	0.867118483011616	a8	a55	a47	0
13	0.875295759069755	a8	a55
12	0.875347140855952	a8	a55	a46	0
12	0.875430433435683	a8	a56	a48	0
13	0.905594246238275	a8	a56
12	0.905983666091563	a6	a10	a20	0
12	0.906076694167626	a7	a14	a21	0
12	0.906297635848276	a7	a15	a21	1
13	0.906521281833463	a7	a14
12	0.906579153950549	a7	a14	a21	2
13	0.906866080661895	a7	a15
12	0.90694450549346	a7	a17	a21	3
13	0.907245494588397	a7	a14
13	0.907448587859105	a7	a17
13	0.907586236960024	a6	a10
12	0.909232076701073	a8	a56	a44	0
12	0.909266691799143	a8	a57	a43	0
12	0.909526305034668	a6	a10	a22	0
12	0.909595535230808	a7	a14	a23	0
12	0.909784566117925	a7	a17	a23	1
12	0.909790515587906	a7	a15	a23	2
13	0.910098535874638	a7	a14
12	0.910163980044427	a7	a14	a23	3
13	0.910434140067645	a7	a15
12	0.91052284125645	a7	a15	a23	4
13	0.910557997215427	a7	a17
13	0.910599913935746	a7	a14
12	0.910616951054328	a7	a17	a23	5
12	0.910649132278315	a7	a14	a23	6
13	0.910987440775859	a7	a15
12	0.911042608588408	a7	a15	a23	7
13	0.911071815077404	a7	a17
12	0.911125901168139	a7	a17	a23	8
13	0.911281939539908	a7	a14
12	0.911334943908827	a7	a14	a23	9
13	0.911483410227893	a7	a15
12	0.911566161946717	a7	a15	a23	10
13	0.911631606116506	a7	a17
12	0.91170191803446	a7	a17	a23	11
13	0.911753570251112	a7	a14
12	0.911794134819163	a7	a14	a23	12
13	0.912235206889102	a7	a17
12	0.912293079006188	a7	a17	a23	13
13	0.912339863474673	a7	a14
12	0.912388540956334	a7	a14	a23	14
13	0.912598665418837	a7	a15
12	0.912672763363143	a7	a15	a23	15
13	0.91279770223274	a7	a17
13	0.912899654513774	a7	a14
13	0.913426723467981	a7	a15
13	0.913630898460504	a6	a10
12	0.914251806782135	a6	a10	a24	0
12	0.914341048831847	a7	a14	a25	0
12	0.914507363560855	a7	a17	a25	1
13	0.914652855144931	a7	a17
12	0.914683684216649	a7	a17	a25	2
13	0.914722085341071	a7	a17
12	0.914747505803716	a7	a17	a25	3
13	0.914789152093582	a7	a17
13	0.914845672058399	a7	a14
13	0.91497385609344	a6	a10
12	0.915133410061106	a6	a10	a26	0
12	0.915191282178192	a7	a14	a27	0
13	0.915282687671533	a7	a14
12	0.915307567273271	a7	a14	a27	1
13	0.915362194224913	a7	a14
12	0.915378420052133	a7	a14	a27	2
13	0.915418984620184	a7	a14
12	0.915469825545474	a7	a14	a27	3
13	0.915526615940746	a7	a14
13	0.915608826798662	a6	a10
12	0.915895483079554	a6	a10	a22	0
12	0.915940915395771	a7	a14	a23	0
12	0.916153203301904	a7	a17	a23	1
12	0.916166724824587	a7	a15	a23	2
12	0.923746890441018	a7	a16	a23	3
13	0.924212571682241	a7	a16
12	0.924229338370369	a7	a16	a23	4
13	0.92453871080937	a7	a16
12	0.924556559219312	a7	a16	a23	5
13	0.924861063910147	a7	a16
12	0.924877289737367	a7	a16	a23	6
13	0.925176926680036	a7	a16
12	0.925193152507257	a7	a16	a23	7
13	0.925577163751471	a7	a16
12	0.925593930439599	a7	a16	a23	8
13	0.925895189964989	a7	a16
12	0.92591141579221	a7	a16	a23	9
13	0.926235932336616	a7	a16
12	0.926252158163837	a7	a16	a23	10
13	0.940631215816038	a7	a14
13	0.94066447876184	a7	a16
12	0.940710451938964	a7	a16	a23	11
12	0.940829711769034	a7	a14	a23	12
13	0.941015497490707	a7	a16
12	0.941074451329607	a7	a16	a23	13
13	0.941298097314794	a7	a14
12	0.941354887710065	a7	a14	a23	14
13	0.94136705708048	a7	a16
12	0.941442777607509	a7	a16	a23	15
13	0.941762967264656	a7	a16
13	0.941774054913257	a7	a14
13	0.941912244875083	a7	a15
13	0.943335249922306	a7	a17
13	0.943507514121295	a6	a10
13	0.944044048141381	a8	a57
12	0.944123013833853	a6	a10	a28	0
12	0.944195489195437	a7	a14	a29	0
13	0.944290139854223	a7	a14
12	0.94430690654235	a7	a14	a29	1
13	0.944372350712139	a7	a14
12	0.944397230313877	a7	a14	a29	2
12	0.944601946167307	a7	a16	a29	3
12	0.944654409675319	a7	a17	a29	4
12	0.944671717224354	a7	a15	a29	5
13	0.94474797861229	a7	a16
13	0.944764745300417	a7	a17
13	0.944788002319433	a7	a15
12	0.944811259338449	a7	a17	a29	6
12	0.944842629271075	a7	a16	a29	7
13	0.944863722846461	a7	a17
12	0.944873999203701	a7	a15	a29	8
13	0.94491294118903	a7	a16
13	0.944945933704378	a7	a15
12	0.944948097148007	a7	a17	a29	9
12	0.944992988603316	a7	a16	a29	10
12	0.945033553171367	a7	a15	a29	11
13	0.945053024164032	a7	a17
13	0.945066545686715	a7	a16
13	0.945106028532951	a7	a15
12	0.945117386612006	a7	a17	a29	12
12	0.945169850120018	a7	a15	a29	14
13	0.945187698529961	a7	a17
12	0.945190943695405	a7	a16	a29	13
13	0.945205006078995	a7	a15
12	0.945241784620695	a7	a17	a29	15
13	0.945253683560657	a7	a16
13	0.94530398362504	a7	a17
13	0.945546559741983	a7	a14
13	0.945621739408104	a6	a10
13	0.945663926558877	a8	a56
12	0.946787835524339	a8	a56	a42	0
12	0.946928459360248	a6	a10	a30	0
12	0.946984168033705	a7	a14	a31	0
12	0.94717752580808	a7	a16	a31	1
12	0.947194833357115	a7	a17	a31	2
13	0.947202675840272	a7	a14
12	0.947265956566431	a7	a14	a31	3
13	0.947420913216385	a7	a17
13	0.947433893878161	a7	a16
13	0.947447144970391	a7	a14
12	0.947485275664359	a7	a17	a31	4
12	0.94749636331296	a7	a14	a31	5
12	0.947529626258761	a7	a16	a31	6
13	0.947597504302633	a7	a14
13	0.947611837116678	a7	a17
13	0.947669168372856	a7	a16
12	0.947670520525124	a7	a14	a31	7
12	0.94770919208	a7	a17	a31	8
12	0.947752460952587	a7	a16	a31	9
13	0.947773824958427	a7	a14
12	0.947823584161903	a7	a14	a31	10
13	0.947825477175079	a7	a17
13	0.9478638782995	a7	a16
12	0.947886053596701	a7	a17	a31	11
12	0.947928240747474	a7	a16	a31	12
13	0.947943114422426	a7	a14
13	0.94797799995095	a7	a17
12	0.947986383295014	a7	a14	a31	13
13	0.948026136571703	a7	a16
13	0.948082115675614	a7	a14
12	0.948107265707805	a7	a16	a31	15
13	0.948206784114756	a7	a16
12	0.948469642515726	a7	a17	a31	14
13	0.948596744828952	a7	a17
13	0.948785775716068	a6	a10
13	0.949170868682098	a8	a56
12	0.949279040863566	a8	a56	a45	0
12	0.949347189337892	a6	a10	a32	0
12	0.949462392711156	a7	a14	a33	0
12	0.949528648172306	a7	a15	a33	1
13	0.949622757970184	a7	a15
12	0.949648719293736	a7	a15	a33	2
13	0.949673058034567	a7	a15
12	0.949699019358119	a7	a15	a33	3
13	0.94972119465532	a7	a15
12	0.949741747369799	a7	a15	a33	4
13	0.949759595779742	a7	a15
12	0.949776903328777	a7	a15	a33	5
13	0.949796915182349	a7	a15
12	0.949813681870476	a7	a15	a33	6
13	0.949833693724048	a7	a15
12	0.949852082994898	a7	a15	a33	7
13	0.949933212130999	a7	a15
12	0.949950519680034	a7	a15	a33	8
13	0.949971072394514	a7	a15
12	0.949989461665363	a7	a15	a33	9
13	0.950007850936213	a7	a15
12	0.950024076763433	a7	a15	a33	10
13	0.950042466034283	a7	a15
12	0.950059232722411	a7	a15	a33	11
13	0.95007762199326	a7	a15
12	0.950094388681388	a7	a15	a33	12
13	0.950112777952238	a7	a15
12	0.950130085501273	a7	a15	a33	13
13	0.95014901563303	a7	a15
12	0.950165782321157	a7	a15	a33	14
13	0.950184171592007	a7	a15
12	0.950200938280135	a7	a15	a33	15
13	0.950231767351853	a7	a15
13	0.964135949127407	a7	a14
13	0.964245743891598	a6	a10
13	0.964337690245846	a8	a56
12	0.966122531240083	a8	a56	a50	0
12	0.968644024790122	a6	a10	a34	0
12	0.968711091542632	a7	a14	a35	0
12	0.969028847325697	a7	a17	a35	1
12	0.969345250956493	a7	a16	a35	2
12	0.969576739424837	a7	a15	a35	3
13	0.972290509027437	a7	a14
13	0.978635077901039	a7	a15
13	0.97872864683801	a7	a17
13	0.979366321847769	a7	a16
13	0.979553730152163	a6	a10
12	0.979620796904674	a6	a10	a36	0
12	0.979682455048111	a7	a14	a37	0
12	0.980041857121042	a7	a15	a37	1
12	0.980074308775482	a7	a17	a37	2
13	0.980112980330357	a7	a14
12	0.980172475030165	a7	a14	a37	3
13	0.982165277043275	a7	a15
13	0.982335377798635	a7	a14
13	0.983696454271967	a7	a17
13	0.983824367876554	a6	a10
12	0.985772548864808	a6	a10	a38	0
12	0.985846646809114	a7	a14	a39	0
12	0.986270411330019	a7	a16	a39	1
12	0.986394809338708	a7	a17	a39	2
12	0.986437537350388	a7	a15	a39	3
13	0.98688618147303	a7	a14
13	0.98753278068776	a7	a16
13	0.987804833724154	a7	a17
13	0.987914628488345	a7	a15
13	0.988063635668319	a6	a10
12	0.988134488447181	a6	a10	a40	0
12	0.988192360564267	a7	a14	a41	0
13	0.988531480353171	a7	a14
12	0.988567177173056	a7	a14	a41	1
12	0.988678324089515	a7	a17	a41	2
12	0.988744849981119	a7	a16	a41	3
13	0.989507734290928	a7	a14
13	0.989810345968587	a7	a16
13	0.989880117025634	a7	a17
13	0.990030205927423	a6	a10
12	0.990265480422117	a8	a57	a49	0
13	0.993940089426614	a8	a57
12	0.994017973397272	a8	a57	a54	0
12	0.995317121296713	a8	a58	a53	0
13	1.01668815832861	a8	a58
12	1.01672547773121	a8	a58	a52	0
13	1.01990087211823	a8	a58
12	1.01993170118995	a8	a58	a51	0
13	1.02151426020484	a8	a58
13	1.02335426901163	a8	a57
13	1.0234851573512	a8	a56
13	1.02366688661607	a8	a55
12	1.03791316291552	a8	a55	a46	0
12	1.03797428019805	a8	a56	a48	0
13	1.09069740144597	a8	a56
12	1.09102029540766	a6	a10	a20	0
12	1.09112522242368	a7	a14	a21	0
12	1.09135049099159	a7	a16	a21	1
13	1.09145839274261	a7	a14
12	1.09154493048778	a7	a14	a21	2
12	1.09161875800163	a7	a17	a21	3
13	1.09173071620945	a7	a16
13	1.09194029981105	a7	a14
13	1.09220667380792	a7	a17
13	1.09232160675073	a6	a10
12	1.09262935660701	a8	a56	a44	0
12	1.09265748137419	a8	a57	a43	0
12	1.09281379017641	a6	a10	a22	0
12	1.09290627739157	a7	a14	a23	0
12	1.09302661894345	a7	a17	a23	1
12	1.09320997079104	a7	a16	a23	2
13	1.09327460366947	a7	a14
12	1.09333463923018	a7	a14	a23	3
13	1.09362427024607	a7	a16
13	1.09362994928559	a7	a14
12	1.09366889127092	a7	a14	a23	4
12	1.09371188971306	a7	a16	a23	5
13	1.09396960993541	a7	a14
13	1.09400882235119	a7	a16
12	1.09405236165423	a7	a14	a23	6
13	1.09408129771277	a7	a17
12	1.0940834611564	a7	a16	a23	7
12	1.09416729459704	a7	a17	a23	8
13	1.09437174002002	a7	a16
12	1.09443285730255	a7	a16	a23	9
13	1.0945212880609	a7	a14
12	1.0945323757095	a7	a15	a23	10
12	1.094573210708	a7	a14	a23	11
13	1.09464811994367	a7	a17
12	1.09472059530525	a7	a17	a23	12
13	1.09482227715583	a7	a16
12	1.09488393529927	a7	a16	a23	13
13	1.09489664553059	a7	a14
12	1.09494748645588	a7	a14	a23	14
13	1.09519384859918	a7	a15
13	1.09521223787003	a7	a16
12	1.0952982347543	a7	a16	a23	15
13	1.09531797617741	a7	a14
13	1.09537720044677	a7	a17
13	1.0956665610322	a7	a16
13	1.09582043596034	a6	a10
12	1.0961195320421	a6	a10	a24	0
12	1.09620120203911	a7	a14	a25	0
13	1.09626394190436	a7	a14
12	1.09628124945339	a7	a14	a25	1
13	1.09631153766421	a7	a14
12	1.09632884521324	a7	a14	a25	2
13	1.09635480653679	a7	a14
12	1.09638942163486	a7	a14	a25	3
13	1.0964218732893	a7	a14
13	1.09655167990707	a6	a10
12	1.09664200367859	a6	a10	a26	0
12	1.09670366182203	a7	a14	a27	0
13	1.09677343287908	a7	a14
12	1.09679993506354	a7	a14	a27	1
13	1.09684698996248	a7	a14
12	1.09686970612059	a7	a14	a27	2
13	1.0968999943314	a7	a14
12	1.09693623201219	a7	a14	a27	3
13	1.09697625571933	a7	a14
13	1.09708226445717	a6	a10
12	1.09725155392117	a6	a10	a22	0
12	1.09731753895187	a7	a14	a23	0
13	1.09761609417272	a7	a14
12	1.09763231999994	a7	a14	a23	1
12	1.09776996910086	a7	a15	a23	2
12	1.09780350247712	a7	a16	a23	3
13	1.09793736555168	a7	a14
12	1.09799253336423	a7	a14	a23	4
12	1.09805446193812	a7	a17	a23	5
13	1.09827973050603	a7	a14
12	1.09832786712679	a7	a14	a23	6
13	1.0983476085499	a7	a15
12	1.09843630973871	a7	a15	a23	7
13	1.09844712695686	a7	a16
12	1.09853636900657	a7	a16	a23	8
13	1.0985753109919	a7	a17
13	1.09861830943403	a7	a14
12	1.09863534655261	a7	a17	a23	9
12	1.09868321274291	a7	a14	a23	10
13	1.0989587813752	a7	a15
13	1.09896473084518	a7	a16
13	1.09898988087738	a7	a14
12	1.09905559547762	a7	a16	a23	11
12	1.09906992829166	a7	a14	a23	12
13	1.09908426110571	a7	a17
12	1.09910210951565	a7	a15	a23	13
12	1.09917025798997	a7	a17	a23	14
13	1.09944258145682	a7	a14
12	1.09954209986377	a7	a14	a23	15
13	1.09958023055774	a7	a16
13	1.09964837903207	a7	a17
13	1.09971382320186	a7	a15
13	1.09986228952092	a7	a14
13	1.09993043799525	a6	a10
13	1.10000940368772	a8	a57
12	1.10005321342121	a6	a10	a28	0
12	1.10009485971108	a7	a14	a29	0
13	1.10015868129815	a7	a14
12	1.10017490712537	a7	a14	a29	1
13	1.1002138491107	a7	a14
12	1.10023061579882	a7	a14	a29	2
13	1.10026360831417	a7	a14
12	1.10027983414139	a7	a14	a29	3
13	1.10031336751765	a7	a14
12	1.10032959334487	a7	a14	a29	4
13	1.10036258586022	a7	a14
12	1.10037881168744	a7	a14	a29	5
13	1.1004128859246	a7	a14
12	1.10042911175182	a7	a14	a29	6
13	1.10045885910172	a7	a14
12	1.10050320969612	a7	a14	a29	7
13	1.10053187532421	a7	a14
12	1.10056027052185	a7	a17	a29	8
12	1.10059515605037	a7	a14	a29	9
13	1.10062490340028	a7	a14
12	1.10065816634608	a7	a16	a29	10
12	1.1006633045247	a7	a14	a29	11
13	1.10069142929188	a7	a14
13	1.10070900727137	a7	a17
12	1.10078256435477	a7	a17	a29	12
12	1.10078553908976	a7	a14	a29	13
13	1.10078797296384	a7	a16
13	1.10081528643966	a7	a14
13	1.10085612143817	a7	a17
12	1.10086288219951	a7	a14	a29	14
12	1.10090155375438	a7	a15	a29	15
13	1.10091047795935	a7	a14
13	1.10103730984213	a7	a15
13	1.10122634072924	a6	a10
13	1.10125771066187	a8	a56
12	1.10152381422828	a8	a56	a42	0
12	1.10161792402616	a6	a10	a30	0
12	1.10174394461757	a7	a14	a31	0
13	1.10185806626902	a7	a14
12	1.10187429209624	a7	a14	a31	1
13	1.10195001262327	a7	a14
12	1.1019667793114	a7	a14	a31	2
13	1.10203546864663	a7	a14
12	1.1020549396393	a7	a14	a31	3
13	1.10212254725271	a7	a14
12	1.10215770321169	a7	a14	a31	4
12	1.10221097801106	a7	a15	a31	5
13	1.10222639254692	a7	a14
12	1.10228210122038	a7	a14	a31	6
13	1.10236755724374	a7	a14
12	1.10237053197873	a7	a16	a31	7
12	1.10238189005778	a7	a17	a31	8
12	1.10241569386449	a7	a14	a31	9
13	1.10242894495672	a7	a15
13	1.10249898644422	a7	a14
12	1.1025084515101	a7	a15	a31	10
12	1.10253792842955	a7	a14	a31	11
13	1.10258309031532	a7	a17
13	1.10258471289804	a7	a16
13	1.10259985700344	a7	a15
13	1.10263852855832	a7	a14
12	1.10268963991406	a7	a17	a31	12
12	1.10270857004582	a7	a16	a31	13
12	1.10270911090673	a7	a15	a31	14
12	1.10273750610436	a7	a14	a31	15
13	1.1027880765992	a7	a15
13	1.10279078090374	a7	a17
13	1.10282701858453	a7	a16
13	1.10284459656402	a7	a14
13	1.10310366893864	a6	a10
13	1.1032778261508	a8	a56
12	1.10331568641431	a8	a56	a45	0
12	1.10335300581692	a6	a10	a32	0
12	1.10341195965582	a7	a14	a33	0
13	1.10343738011847	a7	a14
12	1.1034546876675	a7	a14	a33	1
13	1.10348768018285	a7	a14
12	1.10352554044636	a7	a14	a33	2
13	1.10354987918719	a7	a14
12	1.10359585236432	a7	a14	a33	3
13	1.10361153733063	a7	a14
12	1.10362857444921	a7	a17	a33	4
12	1.10363830994555	a7	a15	a33	5
12	1.10368563527494	a7	a14	a33	6
13	1.10370754014169	a7	a15
13	1.10371376004212	a7	a14
13	1.10372592941254	a7	a17
12	1.10372647027344	a7	a16	a33	7
12	1.10379921606548	a7	a14	a33	8
13	1.10382382523676	a7	a16
13	1.10382788169357	a7	a14
12	1.10383734675945	a7	a17	a33	9
12	1.10384005106399	a7	a15	a33	10
13	1.10386493066572	a7	a17
13	1.10387520702296	a7	a15
12	1.10392145063054	a7	a14	a33	11
12	1.10396174476814	a7	a16	a33	12
13	1.10396471950313	a7	a14
12	1.10398500178715	a7	a17	a33	13
13	1.10399744158802	a7	a16
13	1.10400771794526	a7	a17
12	1.10401583085887	a7	a15	a33	14
13	1.10403800615607	a7	a15
12	1.10407126910187	a7	a14	a33	15
13	1.10413563154985	a7	a14
13	1.10489175509832	a6	a10
13	1.1049566584072	a8	a56
12	1.10537149872313	a8	a56	a50	0
12	1.10705465786679	a6	a10	a34	0
12	1.10715309455192	a7	a14	a35	0
12	1.10722746292668	a7	a17	a35	1
12	1.10739458894705	a7	a15	a35	2
12	1.10762391397177	a7	a16	a35	3
13	1.11592477674723	a7	a14
13	1.12075331249755	a7	a15
13	1.12146833061706	a7	a17
13	1.12188100748936	a7	a16
13	1.12200892109395	a6	a10
12	1.12213440082445	a6	a10	a36	0
12	1.12221282565602	a7	a14	a37	0
12	1.12254734812721	a7	a15	a37	1
12	1.12287997758523	a7	a17	a37	2
13	1.12312633972852	a7	a14
12	1.12357119782481	a7	a16	a37	3
13	1.12477136817821	a7	a17
13	1.12478326711817	a7	a15
13	1.12556427026838	a7	a16
13	1.12573491188464	a6	a10
12	1.12817852146402	a6	a10	a38	0
12	1.12825424199105	a7	a14	a39	0
12	1.12863419677846	a7	a15	a39	1
12	1.12876616683985	a7	a16	a39	2
12	1.12879429160704	a7	a17	a39	3
13	1.1295685339959	a7	a14
13	1.13000852434402	a7	a15
13	1.13036927856922	a7	a16
13	1.1304558163144	a7	a17
13	1.13066810422053	a6	a10
12	1.13074057958211	a6	a10	a40	0
12	1.13081413666551	a7	a14	a41	0
12	1.13117516132117	a7	a15	a41	1
12	1.13122870655099	a7	a17	a41	2
13	1.13140421591543	a7	a14
12	1.13147020094612	a7	a14	a41	3
13	1.13221685942871	a7	a15
13	1.13228014015487	a7	a17
13	1.13258221097162	a7	a14
13	1.1326692895777	a6	a10
12	1.13299921473118	a8	a57	a49	0
13	1.13715897596957	a8	a57
12	1.13724010510567	a8	a57	a54	0
12	1.13921262483476	a8	a58	a53	0
13	1.15426694732978	a8	a58
12	1.15432427858596	a8	a58	a52	0
13	1.15919581277841	a8	a58
12	1.15925152145186	a8	a58	a51	0
13	1.16228575114206	a8	a58
13	1.1650057406451	a8	a57
13	1.16519882798902	a8	a56
13	1.16546384983362	a8	a55
12	1.16708102394658	a8	a55	a46	0
12	1.16716323480449	a8	a56	a48	0
13	1.20197250194027	a8	a56
12	1.20249172841132	a6	a10	a20	0
12	1.20256312205109	a7	a14	a21	0
12	1.20282516916069	a7	a15	a21	1
13	1.20298499355881	a7	a14
12	1.20305773935085	a7	a17	a21	2
12	1.20307044958217	a7	a14	a21	3
13	1.20340983980153	a7	a15
13	1.20350881734758	a7	a17
13	1.20366701916298	a7	a14
13	1.20374706657726	a6	a10
12	1.20432091999995	a8	a56	a44	0
12	1.20436256628982	a8	a57	a43	0
12	1.20461082144629	a6	a10	a22	0
12	1.20466761184156	a7	a14	a23	0
12	1.20486475564229	a7	a16	a23	1
12	1.20498212245918	a7	a17	a23	2
12	1.20508813119702	a7	a15	a23	3
13	1.20522740288066	a7	a14
12	1.20526904917053	a7	a14	a23	4
13	1.20539696277512	a7	a17
12	1.20545375317039	a7	a17	a23	5
13	1.20562682866074	a7	a16
12	1.20570254918777	a7	a16	a23	6
13	1.20576880464892	a7	a14
13	1.20579449554201	a7	a17
12	1.20584560689776	a7	a14	a23	7
12	1.205882115009	a7	a17	a23	8
13	1.20617958850804	a7	a17
12	1.20619743691799	a7	a17	a23	9
13	1.20622447996335	a7	a15
13	1.20629749618584	a7	a16
12	1.2063012822122	a7	a15	a23	10
13	1.20630858383445	a7	a14
12	1.20640296406278	a7	a16	a23	11
13	1.20649166525158	a7	a17
12	1.20655061909048	a7	a17	a23	12
12	1.20682618772277	a7	a14	a23	13
13	1.20684322484135	a7	a15
12	1.2069129958984	a7	a15	a23	14
13	1.20697357232003	a7	a17
13	1.20697952179001	a7	a16
12	1.20703901648981	a7	a17	a23	15
13	1.20744385087896	a7	a14
13	1.20746954177206	a7	a17
13	1.20763071832245	a7	a15
13	1.20787762132665	a6	a10
12	1.20843416720031	a6	a10	a24	0
12	1.20850177481373	a7	a14	a25	0
13	1.20857100500987	a7	a14
12	1.20863726047102	a7	a17	a25	1
12	1.20864564381508	a7	a14	a25	2
13	1.2086764728868	a7	a14
12	1.20869323957493	a7	a14	a25	3
13	1.20876138804925	a7	a14
13	1.20877788430693	a7	a17
13	1.20899449910032	a6	a10
12	1.2091037530036	a6	a10	a26	0
12	1.20917081975611	a7	a14	a27	0
13	1.20924762200495	a7	a14
12	1.20926817471943	a7	a14	a27	1
13	1.20933253716741	a7	a14
12	1.20935038557735	a7	a14	a27	2
13	1.2093979813372	a7	a14
12	1.20942340179984	a7	a14	a27	3
13	1.20948289649965	a7	a14
13	1.20956727080119	a6	a10
12	1.20983878297668	a6	a10	a22	0
12	1.20990422714647	a7	a14	a23	0
12	1.21005647949189	a7	a17	a23	1
12	1.210330155111	a7	a15	a23	2
13	1.21036882666588	a7	a14
12	1.21042669878296	a7	a14	a23	4
13	1.21046537033784	a7	a17
12	1.21052486503765	a7	a17	a23	5
12	1.21080719443128	a7	a16	a23	3
13	1.21081747078852	a7	a17
12	1.21083369661574	a7	a17	a23	6
13	1.21083640092028	a7	a15
13	1.21088643055421	a7	a14
12	1.21090671283823	a7	a15	a23	7
12	1.21096052849851	a7	a14	a23	8
13	1.21113549700204	a7	a17
12	1.21119282825822	a7	a17	a23	9
13	1.21134156500774	a7	a15
12	1.21140700917753	a7	a15	a23	10
13	1.21144135384514	a7	a14
13	1.21148922003544	a7	a16
13	1.21149030175726	a7	a17
12	1.2114970625186	a7	a14	a23	11
12	1.21156223625793	a7	a17	a23	12
12	1.21159036102512	a7	a16	a23	13
13	1.21185862803516	a7	a15
13	1.21191379584771	a7	a17
12	1.21192461306585	a7	a15	a23	14
13	1.21195895773347	a7	a14
12	1.21198897551383	a7	a17	a23	15
13	1.21199979273198	a7	a16
13	1.21229077590013	a7	a17
13	1.21237839536712	a7	a15
13	1.21252037135529	a6	a10
13	1.21268317048841	a8	a57
12	1.21273130710916	a6	a10	a28	0
12	1.21278701578262	a7	a14	a29	0
13	1.21288707505047	a7	a14
12	1.21292709875762	a7	a14	a29	1
12	1.21296306600796	a7	a17	a29	2
13	1.21299037948378	a7	a14
12	1.21303581179999	a7	a14	a29	3
13	1.21308286669893	a7	a14
12	1.21310017424797	a7	a14	a29	4
13	1.21311667050564	a7	a17
13	1.2131542603387	a7	a14
12	1.2131723791791	a7	a17	a29	5
12	1.21320401954218	a7	a14	a29	6
13	1.21320645341626	a7	a17
13	1.21325648305019	a7	a14
12	1.21326919328151	a7	a15	a29	7
12	1.21334410251718	a7	a14	a29	8
12	1.21339629559474	a7	a16	a29	9
13	1.21339791817746	a7	a15
13	1.21340846496515	a7	a14
12	1.21341630744831	a7	a17	a29	10
13	1.2134671483736	a7	a17
12	1.21347228655222	a7	a14	a29	11
13	1.21350933552437	a7	a16
12	1.21352934737795	a7	a15	a29	12
13	1.21355341568832	a7	a14
12	1.21357369797235	a7	a17	a29	13
13	1.21361101737495	a7	a17
13	1.21361588512312	a7	a15
12	1.21362724320217	a7	a16	a29	14
12	1.21363616740715	a7	a14	a29	15
13	1.21374271700589	a7	a14
13	1.21375867240266	a7	a16
13	1.21404181308765	a6	a10
13	1.21407805076845	a8	a56
12	1.21494559166383	a8	a56	a42	0
12	1.21506728536798	a6	a10	a30	0
12	1.21515220053043	a7	a14	a31	0
12	1.21524549903695	a7	a17	a31	1
12	1.21529633996224	a7	a15	a31	2
13	1.21535394164887	a7	a14
12	1.21541235462686	a7	a14	a31	3
13	1.21545373048628	a7	a17
12	1.21550889829883	a7	a17	a31	4
13	1.21552972144376	a7	a14
13	1.21552999187421	a7	a15
13	1.21557542419043	a7	a17
12	1.21558218495177	a7	a14	a31	5
12	1.21563005114207	a7	a17	a31	6
12	1.21564627696929	a7	a15	a31	7
13	1.21569711789458	a7	a17
13	1.21570063349048	a7	a14
12	1.21571063941726	a7	a16	a31	8
12	1.21576959325617	a7	a17	a31	9
12	1.21579744759289	a7	a14	a31	10
13	1.21579934060607	a7	a15
13	1.21585937616678	a7	a17
12	1.2158896643776	a7	a15	a31	11
13	1.21590616063527	a7	a14
13	1.2159123805357	a7	a16
12	1.21593131066746	a7	a17	a31	12
13	1.21599891828088	a7	a15
12	1.21600243387678	a7	a14	a31	13
12	1.21602325702171	a7	a16	a31	14
13	1.21602866563078	a7	a17
12	1.21609032377422	a7	a17	a31	15
13	1.21612791360728	a7	a14
13	1.21612926575955	a7	a16
13	1.21620282284295	a7	a17
13	1.21640321180912	a6	a10
13	1.21663902716472	a8	a56
12	1.21670230789088	a8	a56	a45	0
12	1.21675855742524	a6	a10	a32	0
12	1.21687105649397	a7	a14	a33	0
13	1.21692946947197	a7	a14
12	1.21697760609272	a7	a14	a33	1
13	1.2170057308599	a7	a14
12	1.217031421753	a7	a16	a33	2
12	1.21704737714977	a7	a14	a33	3
13	1.21706901158606	a7	a14
12	1.21710308582322	a7	a14	a33	4
13	1.21710768314094	a7	a16
13	1.21714635469581	a7	a14
12	1.21718069936343	a7	a16	a33	5
12	1.21718800098568	a7	a14	a33	6
13	1.21720855370015	a7	a14
13	1.21722072307057	a7	a16
12	1.217311587703	a7	a16	a33	7
12	1.2173297065434	a7	a14	a33	8
13	1.21734295763563	a7	a16
13	1.21736756680691	a7	a14
12	1.21737811359461	a7	a17	a33	9
13	1.21743274054625	a7	a17
12	1.21746411047888	a7	a16	a33	10
12	1.2174768207102	a7	a14	a33	11
13	1.21749710299422	a7	a16
13	1.21749845514649	a7	a14
12	1.21755389338949	a7	a17	a33	12
12	1.21756768534263	a7	a14	a33	13
13	1.21757011921671	a7	a17
13	1.21758931977893	a7	a14
12	1.21761014292386	a7	a16	a33	14
12	1.21766585159731	a7	a17	a33	15
13	1.21766801504094	a7	a16
13	1.21770425272174	a7	a17
13	1.21793222559418	a6	a10
13	1.21804039777565	a8	a56
12	1.21965108155772	a8	a56	a50	0
12	1.22363614472303	a6	a10	a34	0
12	1.22373187710363	a7	a14	a35	0
12	1.2241307620228	a7	a17	a35	1
12	1.22420485996711	a7	a16	a35	2
12	1.22424488367425	a7	a15	a35	3
13	1.23301088683003	a7	a14
13	1.2364878111729	a7	a17
13	1.23730018425573	a7	a15
13	1.23750895656596	a7	a16
13	1.23768122076495	a6	a10
12	1.23808470300183	a6	a10	a36	0
12	1.23815717836341	a7	a14	a37	0
12	1.23857012566617	a7	a17	a37	1
12	1.23863016122689	a7	a16	a37	2
12	1.23899686492207	a7	a15	a37	3
13	1.23963859638863	a7	a14
13	1.24128416569923	a7	a17
13	1.2416135499918	a7	a16
13	1.24194563858891	a7	a15
13	1.24209843179523	a6	a10
12	1.24517268519258	a6	a10	a38	0
12	1.24531871763756	a7	a14	a39	0
12	1.24538226879417	a7	a16	a39	1
12	1.24555209911908	a7	a17	a39	2
12	1.24584578659177	a7	a15	a39	3
13	1.24670467371263	a7	a17
13	1.24698808482808	a7	a15
13	1.24701810260844	a7	a14
13	1.24826127140397	a7	a16
13	1.24839621620035	a6	a10
12	1.24853413573172	a6	a10	a40	0
12	1.24862337778143	a7	a14	a41	0
12	1.24870099132164	a7	a17	a41	1
12	1.24901198634336	a7	a15	a41	2
13	1.24908040524814	a7	a14
12	1.24914801286156	a7	a14	a41	3
13	1.24967345923304	a7	a17
13	1.25010479580665	a7	a14
13	1.25020188033952	a7	a15
13	1.25036981765125	a6	a10
12	1.2507267858501	a8	a57	a49	0
13	1.25471022643269	a8	a57
12	1.25478540609881	a8	a57	a54	0
12	1.2562062477024	a8	a58	a53	0
13	1.26380155742424	a8	a58
12	1.26384049940957	a8	a58	a52	0
13	1.26696992061946	a8	a58
12	1.26700832174388	a8	a58	a51	0
13	1.26929508166013	a8	a58
13	1.27181224832291	a8	a57
13	1.27196477109878	a8	a56
13	1.27222330261249	a8	a55
12	1.27383885414273	a8	a55	a46	0
12	1.27392431016609	a8	a56	a48	0
13	1.30120641605435	a8	a56
12	1.30169751775822	a6	a10	a20	0
12	1.30177215656344	a7	a14	a21	0
12	1.30198065844322	a7	a15	a21	1
12	1.30209802526011	a7	a16	a21	2
13	1.30214643231132	a7	a14
12	1.30218861946209	a7	a14	a21	3
13	1.30263699315428	a7	a14
13	1.30266917437827	a7	a15
13	1.30282386059777	a7	a16
13	1.30295988711596	a6	a10
12	1.30349317597061	a8	a56	a44	0
12	1.30352021901597	a8	a57	a43	0
12	1.30368842675816	a6	a10	a22	0
12	1.303765229007	a7	a14	a23	0
12	1.30406459551921	a7	a15	a23	1
12	1.30410624180908	a7	a17	a23	2
13	1.30413031011946	a7	a14
12	1.3041703338266	a7	a14	a23	3
13	1.30447051163018	a7	a14
12	1.30448836004012	a7	a14	a23	4
13	1.30469199417173	a7	a17
13	1.30470172966807	a7	a15
12	1.30474986628882	a7	a15	a23	5
13	1.30479070128732	a7	a14
12	1.30484532823897	a7	a14	a23	6
12	1.30489157184654	a7	a17	a23	7
12	1.3049770278699	a7	a16	a23	8
13	1.30519066792831	a7	a15
13	1.30524772875403	a7	a14
12	1.30527612395167	a7	a15	a23	9
12	1.30530506001021	a7	a14	a23	10
13	1.30535400792232	a7	a16
13	1.30540322626489	a7	a17
12	1.30543243275389	a7	a16	a23	11
12	1.30548651884462	a7	a17	a23	12
13	1.30569772502894	a7	a14
13	1.30573639658382	a7	a15
13	1.30573747830563	a7	a16
12	1.30573991217971	a7	a14	a23	13
12	1.30583483326895	a7	a16	a23	14
12	1.3058456504871	a7	a15	a23	15
13	1.3060482028969	a7	a14
13	1.30621776279135	a7	a16
13	1.30646872225236	a7	a15
13	1.30712749083751	a7	a17
13	1.30731165397646	a6	a10
12	1.30770594157791	a6	a10	a24	0
12	1.30776110939046	a7	a14	a25	0
13	1.30782439011662	a7	a14
12	1.30784169766565	a7	a14	a25	1
13	1.30787577190282	a7	a14
12	1.30789307945185	a7	a14	a25	2
13	1.3079190407754	a7	a14
12	1.30793688918535	a7	a14	a25	3
13	1.30796879997888	a7	a14
13	1.30824734334616	a6	a10
12	1.30832847248226	a6	a10	a26	0
12	1.30837931340755	a7	a14	a27	0
13	1.30845178876914	a7	a14
12	1.30847720923178	a7	a14	a27	1
13	1.30852210068709	a7	a14
12	1.30854048995794	a7	a14	a27	2
13	1.30857131902966	a7	a14
12	1.30859998465775	a7	a14	a27	3
13	1.30864325353034	a7	a14
13	1.30885256670148	a6	a10
12	1.30903645940998	a6	a10	a22	0
12	1.30909270894434	a7	a14	a23	0
12	1.30924117526341	a7	a15	a23	1
12	1.30936719585482	a7	a16	a23	2
13	1.30938964158247	a7	a14
12	1.30944102336867	a7	a14	a23	3
12	1.30947915406264	a7	a17	a23	4
13	1.30970415220009	a7	a16
13	1.30974444633769	a7	a14
12	1.30976526948262	a7	a16	a23	5
13	1.30980637491158	a7	a15
12	1.30981746256018	a7	a14	a23	6
12	1.30988317716042	a7	a15	a23	7
13	1.30996052027017	a7	a17
12	1.31002920960541	a7	a17	a23	8
13	1.31008437741796	a7	a16
13	1.31011060917196	a7	a14
12	1.31018632969899	a7	a14	a23	10
12	1.31020282595666	a7	a16	a23	9
13	1.31040348535329	a7	a15
12	1.31046514349673	a7	a15	a23	11
13	1.31047785372805	a7	a14
13	1.31051922958746	a7	a17
12	1.31056006458597	a7	a14	a23	12
12	1.31059062322723	a7	a17	a23	13
13	1.3106030630281	a7	a16
12	1.31067175236333	a7	a16	a23	14
13	1.31086889616406	a7	a14
13	1.31090702685803	a7	a15
12	1.31091919622844	a7	a14	a23	15
13	1.31101952592675	a7	a17
13	1.31110984969828	a7	a16
13	1.31123073211107	a7	a14
13	1.31129563541995	a6	a10
13	1.31140867534959	a8	a57
12	1.31144329044766	a6	a10	a28	0
12	1.31148006898936	a7	a14	a29	0
13	1.31155524865548	a7	a14
12	1.31157201534361	a7	a14	a29	1
13	1.31160230355442	a7	a14
12	1.31162015196436	a7	a14	a29	2
13	1.31164935845336	a7	a14
12	1.31168397355143	a7	a14	a29	3
12	1.31170696013999	a7	a15	a29	4
13	1.31171318004042	a7	a14
12	1.31175212202575	a7	a14	a29	5
13	1.31178186937566	a7	a14
12	1.31178971185881	a7	a17	a29	6
13	1.31188490337851	a7	a15
12	1.31189058241803	a7	a14	a29	7
13	1.31192141148975	a7	a14
13	1.31192438622474	a7	a17
12	1.31194223463468	a7	a16	a29	8
12	1.31198252877228	a7	a14	a29	9
12	1.31202498635351	a7	a17	a29	10
12	1.31202931324077	a7	a15	a29	11
13	1.31204959552479	a7	a14
12	1.31209394611919	a7	a14	a29	12
13	1.31210232946326	a7	a15
13	1.31210449290689	a7	a17
13	1.31210719721142	a7	a16
13	1.31214695048811	a7	a14
12	1.31217696826847	a7	a17	a29	13
12	1.31222456402832	a7	a16	a29	14
12	1.31223321780284	a7	a15	a29	15
13	1.31225809740457	a7	a17
13	1.31230028455535	a7	a15
13	1.31231272435621	a7	a16
13	1.31258991557123	a6	a10
13	1.31262398980839	a8	a56
12	1.3134055338195	a8	a56	a42	0
12	1.31351370600097	a6	a10	a30	0
12	1.31360727493794	a7	a14	a31	0
13	1.31374789877385	a7	a14
12	1.31375790470064	a7	a16	a31	1
12	1.31378954506372	a7	a14	a31	2
13	1.31387770539162	a7	a14
12	1.31392962803872	a7	a14	a31	3
13	1.31399885823486	a7	a14
12	1.31401724750571	a7	a14	a31	4
13	1.31401968137979	a7	a16
12	1.31409864707227	a7	a17	a31	5
13	1.3141124390254	a7	a14
12	1.31412839442217	a7	a16	a31	6
12	1.31417734233428	a7	a14	a31	7
13	1.31425279243086	a7	a16
13	1.31430146991252	a7	a17
13	1.31432229305745	a7	a14
12	1.31432472693154	a7	a16	a31	8
12	1.31440179961083	a7	a14	a31	10
13	1.31444317547024	a7	a16
13	1.31450185887869	a7	a14
12	1.31455973099578	a7	a14	a31	12
12	1.31458109500162	a7	a16	a31	11
13	1.31465113648912	a7	a14
13	1.31469088976581	a7	a16
12	1.31472253012889	a7	a14	a31	13
12	1.31476336512739	a7	a15	a31	14
12	1.3147931124773	a7	a17	a31	9
12	1.31479798022546	a7	a16	a31	15
13	1.31482096681402	a7	a14
13	1.31492021479052	a7	a16
13	1.31492075565143	a7	a15
13	1.31493589975683	a7	a17
13	1.315194701701	a6	a10
13	1.31548081712098	a8	a56
12	1.31554463870805	a8	a56	a45	0
12	1.31560846029512	a6	a10	a32	0
12	1.31569932492755	a7	a14	a33	0
13	1.31576044221008	a7	a14
12	1.31580154763904	a7	a14	a33	1
13	1.31583345843257	a7	a14
12	1.31587294127881	a7	a14	a33	2
13	1.31589295313238	a7	a14
12	1.31590971982051	a7	a14	a33	3
13	1.3159313542568	a7	a14
12	1.31594866180584	a7	a14	a33	4
13	1.3159681327985	a7	a14
12	1.31601410597563	a7	a14	a33	5
13	1.31603303610738	a7	a14
12	1.31604196031235	a7	a17	a33	6
12	1.3160784684236	a7	a14	a33	7
13	1.31610010285989	a7	a14
13	1.31614039699749	a7	a17
12	1.31614661689793	a7	a14	a33	8
13	1.31617095563876	a7	a14
12	1.31622639388176	a7	a16	a33	9
12	1.31624370143079	a7	a17	a33	10
12	1.31624829874851	a7	a14	a33	11
13	1.31626695844981	a7	a17
13	1.31626722888026	a7	a14
12	1.31627182619798	a7	a15	a33	12
13	1.31628642944247	a7	a16
13	1.31633889295049	a7	a15
12	1.31635565963861	a7	a17	a33	13
12	1.31636458384358	a7	a14	a33	14
13	1.31638459569716	a7	a14
13	1.31638973387578	a7	a17
12	1.31643246188746	a7	a16	a33	15
13	1.31651521360628	a7	a16
13	1.31672209290334	a6	a10
13	1.31681890700575	a8	a56
12	1.31839010794159	a8	a56	a50	0
12	1.32179590907514	a6	a10	a34	0
12	1.32187108874126	a7	a14	a35	0
12	1.32222724564874	a7	a15	a35	1
12	1.32225861558137	a7	a17	a35	2
12	1.32233109094295	a7	a16	a35	3
13	1.33284245224674	a7	a14
13	1.33321808014689	a7	a15
13	1.33459673459971	a7	a17
13	1.33564059615088	a7	a16
13	1.33579501193993	a6	a10
12	1.33597403690026	a6	a10	a36	0
12	1.33604272623549	a7	a14	a37	0
12	1.336392933673	a7	a15	a37	1
12	1.33643674340649	a7	a17	a37	2
12	1.33678722127445	a7	a16	a37	3
13	1.35235698421417	a7	a16
13	1.3524181014967	a7	a17
13	1.35321587133503	a7	a15
13	1.3542481043767	a7	a14
13	1.35437142066358	a6	a10
12	1.35734182876671	a6	a10	a38	0
12	1.35740132346652	a7	a14	a39	0
12	1.35768392329061	a7	a16	a39	1
12	1.35770718030962	a7	a17	a39	2
12	1.35820314976166	a7	a15	a39	3
13	1.35865774335428	a7	a14
13	1.3589203313248	a7	a17
13	1.35917724025578	a7	a16
13	1.35950824713108	a7	a15
13	1.35964805967563	a6	a10
12	1.35977408026704	a6	a10	a40	0
12	1.3732772136798	a7	a14	a41	0
12	1.37341432191981	a7	a17	a41	1
12	1.3737301846897	a7	a16	a41	2
13	1.37395815756214	a7	a14
12	1.37402306087102	a7	a14	a41	3
13	1.37431431446963	a7	a17
13	1.37480649789531	a7	a16
13	1.3756121102168	a7	a14
13	1.37568728988292	a6	a10
12	1.37613728615783	a8	a57	a49	0
13	1.38072486837393	a8	a57
12	1.38082276419816	a8	a57	a54	0
12	1.38290399696962	a8	a58	a53	0
13	1.39700424082408	a8	a58
12	1.39706535810661	a8	a58	a52	0
13	1.41557199577321	a8	a58
12	1.41562013239397	a8	a58	a51	0
13	1.41860298029797	a8	a58
13	1.42135109456819	a8	a57
13	1.4216691207817	a8	a56
13	1.42193846951356	a8	a55
12	1.44590780234434	a8	a55	a46	0
12	1.44599650353314	a8	a56	a48	0
13	1.47115194433373	a8	a56
12	1.47161492127041	a6	a10	a20	0
12	1.47172850206096	a7	a14	a21	0
12	1.471941330828	a7	a15	a21	1
12	1.47206572883669	a7	a17	a21	2
13	1.47236942223616	a7	a14
13	1.47239944001652	a7	a17
12	1.47245920514678	a7	a14	a21	3
13	1.47255466709692	a7	a15
13	1.47302115962951	a7	a14
13	1.47322181902613	a6	a10
12	1.47374915841079	a8	a56	a44	0
12	1.47377349715162	a8	a57	a43	0
12	1.47398984151456	a6	a10	a22	0
12	1.4740444684662	a7	a14	a23	0
12	1.47417508637533	a7	a16	a23	1
12	1.47421943696973	a7	a17	a23	2
12	1.47429948438402	a7	a15	a23	3
13	1.47468430691959	a7	a14
12	1.47474001559305	a7	a14	a23	4
13	1.47481005708055	a7	a17
13	1.47483926356955	a7	a16
12	1.47487820555488	a7	a17	a23	5
13	1.47489821740845	a7	a15
12	1.47492147442746	a7	a16	a23	6
12	1.47498421429272	a7	a15	a23	7
13	1.47525383345503	a7	a14
12	1.47533442173022	a7	a14	a23	8
13	1.47535524487515	a7	a17
13	1.47543475142853	a7	a15
12	1.47549586871106	a7	a15	a23	9
13	1.47555428168906	a7	a16
12	1.47564839148693	a7	a16	a23	10
12	1.4758739304853	a7	a17	a23	11
13	1.47587474177666	a7	a14
12	1.47592341925832	a7	a14	a23	12
13	1.47620223305605	a7	a15
13	1.47623414384959	a7	a16
12	1.47629580199303	a7	a16	a23	13
12	1.47630175146301	a7	a15	a23	14
13	1.47636151659327	a7	a14
12	1.47642155215398	a7	a14	a23	15
13	1.47645535596069	a7	a17
13	1.47676256495606	a7	a16
13	1.47677175959149	a7	a15
13	1.47683909677445	a7	a14
13	1.47742160397166	a6	a10
12	1.47780399263315	a6	a10	a24	0
12	1.47786889594204	a7	a14	a25	0
13	1.47793434011182	a7	a14
12	1.47795164766086	a7	a14	a25	1
13	1.47797923156713	a7	a14
12	1.47799762083798	a7	a14	a25	2
13	1.47802520474426	a7	a14
12	1.478050084346	a7	a14	a25	3
13	1.47808307686134	a7	a14
13	1.47824695771627	a6	a10
12	1.47834106751415	a6	a10	a26	0
12	1.47840488910121	a7	a14	a27	0
13	1.47849521287274	a7	a14
12	1.47851360214359	a7	a14	a27	1
13	1.4785655247907	a7	a14
12	1.47858445492245	a7	a14	a27	2
13	1.47862231518597	a7	a14
12	1.47864124531772	a7	a14	a27	3
13	1.47868992279938	a7	a14
13	1.47905716735547	a6	a10
12	1.47935950860268	a6	a10	a22	0
12	1.47942224846793	a7	a14	a23	0
12	1.47958045028333	a7	a15	a23	1
12	1.47974000425099	a7	a17	a23	2
12	1.47983898179704	a7	a16	a23	3
13	1.47995661904438	a7	a14
12	1.48002206321417	a7	a14	a23	4
13	1.48021758443218	a7	a16
13	1.48027707913199	a7	a17
12	1.48029600926374	a7	a16	a23	5
12	1.48037172979077	a7	a17	a23	6
13	1.48047530465453	a7	a14
12	1.48052344127528	a7	a14	a23	7
13	1.48061890322543	a7	a16
12	1.48067623448161	a7	a16	a23	8
13	1.48093206169078	a7	a17
13	1.48097289668928	a7	a14
13	1.48097641228518	a7	a16
12	1.48100183274783	a7	a17	a23	9
12	1.48103698870681	a7	a16	a23	10
12	1.48106862906988	a7	a14	a23	11
13	1.48129714280324	a7	a15
13	1.48133175790131	a7	a16
12	1.48140315154108	a7	a16	a23	12
12	1.48141018273287	a7	a15	a23	13
13	1.48141883650739	a7	a17
12	1.48150266994803	a7	a17	a23	14
13	1.48154891355561	a7	a14
12	1.48161003083814	a7	a14	a23	15
13	1.48179689828162	a7	a16
13	1.48186504675595	a7	a15
13	1.48196618774562	a7	a17
13	1.48252354491064	a7	a14
13	1.48261711384761	a6	a10
13	1.48276098284896	a8	a57
12	1.48279992483429	a6	a10	a28	0
12	1.48285833781229	a7	a14	a29	0
13	1.48294487555746	a7	a14
12	1.48297516376827	a7	a14	a29	1
13	1.48303087244173	a7	a14
12	1.48305412946075	a7	a14	a29	2
13	1.48310064349878	a7	a14
12	1.48311957363053	a7	a14	a29	3
13	1.48315959733768	a7	a14
12	1.48317690488671	a7	a14	a29	4
13	1.4832201737593	a7	a14
12	1.48327047382368	a7	a14	a29	5
13	1.48331266097446	a7	a14
12	1.48333132067576	a7	a17	a29	6
12	1.48334835779434	a7	a14	a29	7
12	1.48339135623647	a7	a16	a29	8
13	1.48339541269328	a7	a14
12	1.48343219123498	a7	a14	a29	9
12	1.48346166815443	a7	a15	a29	10
13	1.48347437838575	a7	a14
13	1.48350169186157	a7	a17
13	1.48352332629787	a7	a16
12	1.48356929947499	a7	a17	a29	11
12	1.48357822367996	a7	a14	a29	12
12	1.48360553715578	a7	a16	a29	13
13	1.48361094576486	a7	a15
13	1.48362798288344	a7	a14
13	1.48363366192297	a7	a17
13	1.4836439382802	a7	a16
12	1.48374021152171	a7	a16	a29	14
12	1.48375211046167	a7	a15	a29	15
13	1.48377049973252	a7	a16
13	1.48382945357142	a7	a15
13	1.48402335220671	a6	a10
13	1.48406229419204	a8	a56
12	1.48603859994747	a8	a56	a42	0
12	1.48615542590346	a6	a10	a30	0
12	1.48622357437778	a7	a14	a31	0
13	1.48639286384178	a7	a14
12	1.48639421599405	a7	a17	a31	1
12	1.48643451013165	a7	a14	a31	2
12	1.48650779678459	a7	a15	a31	3
13	1.4865416005913	a7	a14
12	1.48663462866736	a7	a14	a31	4
13	1.48663652168054	a7	a17
12	1.48668574002311	a7	a16	a31	5
13	1.48673009061751	a7	a15
12	1.48673063147842	a7	a17	a31	6
13	1.48676768045057	a7	a14
12	1.48678579929097	a7	a15	a31	7
13	1.48684258968624	a7	a17
12	1.4868504321694	a7	a14	a31	8
13	1.486861519818	a7	a16
13	1.4868912671679	a7	a15
12	1.48691885107417	a7	a16	a31	9
12	1.48694697584136	a7	a17	a31	10
13	1.48696779898629	a7	a14
13	1.48699294901848	a7	a16
12	1.48701782862022	a7	a15	a31	11
12	1.48706299050598	a7	a14	a31	12
13	1.48706542438006	a7	a17
12	1.4870903039818	a7	a16	a31	13
12	1.48715304384705	a7	a17	a31	14
13	1.48716494278702	a7	a16
13	1.48717657129652	a7	a14
13	1.48717900517061	a7	a15
12	1.48725093967128	a7	a16	a31	15
13	1.48726554291578	a7	a17
13	1.48733855913827	a7	a16
13	1.48752867174721	a6	a10
13	1.48791538729596	a8	a56
12	1.48798029060484	a8	a56	a45	0
12	1.48803329497376	a6	a10	a32	0
12	1.48809008536903	a7	a14	a33	0
13	1.48814741662521	a7	a14
12	1.48820150271594	a7	a14	a33	1
13	1.48822421887405	a7	a14
12	1.48826289042893	a7	a17	a33	2
12	1.48826613559437	a7	a15	a33	3
12	1.48828425443476	a7	a14	a33	4
13	1.48830426628834	a7	a14
13	1.48834726473047	a7	a15
13	1.48835483678317	a7	a17
12	1.48835564807453	a7	a14	a33	5
13	1.48837620078901	a7	a14
12	1.48842839386657	a7	a17	a33	6
12	1.4884340729061	a7	a14	a33	7
13	1.48845138045513	a7	a14
13	1.48847004015644	a7	a17
12	1.4885479241271	a7	a16	a33	8
12	1.4885590117757	a7	a14	a33	9
13	1.48858280965562	a7	a14
13	1.48860038763511	a7	a16
12	1.48861931776686	a7	a17	a33	10
13	1.48865068769949	a7	a17
12	1.48867205170533	a7	a14	a33	11
13	1.48870233991614	a7	a14
12	1.48871450928656	a7	a16	a33	12
13	1.48873181683559	a7	a16
12	1.48875155825871	a7	a14	a33	13
13	1.48878238733043	a7	a14
12	1.48879617928357	a7	a16	a33	14
12	1.48882241103757	a7	a14	a33	15
13	1.48882268146803	a7	a16
13	1.48884999494385	a7	a14
13	1.48924536426712	a6	a10
13	1.48934812783951	a8	a56
12	1.49102425579137	a8	a56	a50	0
12	1.49506286418651	a6	a10	a34	0
12	1.49513966643535	a7	a14	a35	0
12	1.49536385328145	a7	a16	a35	1
12	1.49542280712035	a7	a17	a35	2
12	1.49556126751263	a7	a15	a35	3
13	1.51929018767009	a7	a14
13	1.52028347872643	a7	a16
13	1.54297583895497	a7	a17
13	1.54435341168597	a7	a15
13	1.54452513502405	a6	a10
12	1.54496485494173	a6	a10	a36	0
12	1.54502272705881	a7	a14	a37	0
12	1.54528098814207	a7	a16	a37	1
12	1.5453345333719	a7	a17	a37	2
12	1.5455487142912	a7	a15	a37	3
13	1.54678539275585	a7	a14
13	1.54802369380321	a7	a17
13	1.54846557716451	a7	a16
13	1.54873222159183	a7	a15
13	1.5488660846664	a6	a10
12	1.55100356697222	a6	a10	a38	0
12	1.55106630683748	a7	a14	a39	0
12	1.55124235706282	a7	a16	a39	1
12	1.55140677877865	a7	a17	a39	2
12	1.55167829095414	a7	a15	a39	3
13	1.55209502428325	a7	a14
13	1.55281085369412	a7	a16
13	1.55298068401902	a7	a17
13	1.5532002735474	a7	a15
13	1.55334279039649	a6	a10
12	1.55340661198356	a6	a10	a40	0
12	1.55347259701425	a7	a14	a41	0
12	1.5535826622089	a7	a16	a41	1
13	1.5538371372658	a7	a14
12	1.55391448037555	a7	a14	a41	2
12	1.5539515293477	a7	a15	a41	3
13	1.55478553686683	a7	a16
13	1.55487126332064	a7	a14
13	1.5550408232151	a7	a15
13	1.55529259396746	a6	a10
12	1.55563333633909	a8	a57	a49	0
13	1.55990938267256	a8	a57
12	1.56001106452314	a8	a57	a54	0
12	1.56214151563717	a8	a58	a53	0
13	1.57448937015184	a8	a58
12	1.57454237452076	a8	a58	a52	0
13	1.5792738257382	a8	a58
12	1.57933169785529	a8	a58	a51	0
13	1.58277049150418	a8	a58
13	1.58652460706206	a8	a57
13	1.58670795890965	a8	a56
13	1.5870205765141	a8	a55
12	1.60024787086411	a8	a55	a50	0
12	1.604305409391	a6	a10	a34	0
12	1.60438058905713	a7	a14	a35	0
12	1.60457556941422	a7	a16	a35	1
12	1.60461288881683	a7	a15	a35	2
12	1.60466102543758	a7	a17	a35	3
13	1.63925178476679	a7	a16
13	1.63982617905039	a7	a17
13	1.64019477575874	a7	a14
13	1.64070778232936	a7	a15
13	1.64089627235557	a6	a10
12	1.64135600412681	a6	a10	a36	0
12	1.6415101494854	a7	a14	a37	0
12	1.64177922778681	a7	a15	a37	1
12	1.6419777237398	a7	a17	a37	2
12	1.64200801195061	a7	a16	a37	3
13	1.64457196308188	a7	a14
13	1.64472042940095	a7	a17
13	1.64559554234903	a7	a16
13	1.64670592979181	a7	a15
13	1.64687657140807	a6	a10
12	1.65079835384723	a6	a10	a38	0
12	1.65093032390862	a7	a14	a39	0
12	1.65106310526137	a7	a15	a39	1
12	1.65135300670771	a7	a17	a39	2
12	1.65138545836215	a7	a16	a39	3
13	1.65168212056983	a7	a14
13	1.65245149521053	a7	a17
13	1.65268568798341	a7	a15
13	1.65275491817955	a7	a16
13	1.65292664151763	a6	a10
12	1.65299641257468	a6	a10	a40	0
12	1.6531013395907	a7	a14	a41	0
13	1.65348156480856	a7	a14
12	1.65350536268849	a7	a14	a41	1
12	1.65358892569867	a7	a15	a41	2
12	1.65365599245118	a7	a17	a41	3
13	1.65448810695713	a7	a14
13	1.65466956579154	a7	a17
13	1.65470634433324	a7	a15
13	1.65498191296554	a6	a10
12	1.65533347255531	a8	a56	a49	0
13	1.65914816453481	a8	a56
12	1.65921739473095	a8	a56	a54	0
12	1.66057225130385	a8	a57	a53	0
13	1.66797880056902	a8	a57
12	1.66800854791892	a8	a57	a52	0
13	1.67088160105874	a8	a57
12	1.67091243013045	a8	a57	a51	0
13	1.67253663543521	a8	a57
13	1.67437826682472	a8	a56
13	1.67451618635609	a8	a55
