%EventDef PajeDefineContainerType 0 
%       Alias string 
%       Type string 
%       Name string 
%EndEventDef 
%EventDef PajeDefineVariableType 1 
%       Alias string 
%       Type string 
%       Name string 
%       Color color 
%EndEventDef 
%EventDef PajeDefineStateType 2 
%       Alias string 
%       Type string 
%       Name string 
%EndEventDef 
%EventDef PajeDefineEventType 3 
%       Alias string 
%       Type string 
%       Name string 
%       Color color 
%EndEventDef 
%EventDef PajeDefineLinkType 4 
%       Alias string 
%       Type string 
%       StartContainerType string 
%       EndContainerType string 
%       Name string 
%EndEventDef 
%EventDef PajeDefineEntityValue 5 
%       Alias string 
%       Type string 
%       Name string 
%       Color color 
%EndEventDef 
%EventDef PajeCreateContainer 6 
%       Time date 
%       Alias string 
%       Type string 
%       Container string 
%       Name string 
%EndEventDef 
%EventDef PajeDestroyContainer 7 
%       Time date 
%       Type string 
%       Name string 
%EndEventDef 
%EventDef PajeSetVariable 8 
%       Time date 
%       Type string 
%       Container string 
%       Value double 
%EndEventDef
%EventDef PajeAddVariable 9 
%       Time date 
%       Type string 
%       Container string 
%       Value double 
%EndEventDef
%EventDef PajeSubVariable 10 
%       Time date 
%       Type string 
%       Container string 
%       Value double 
%EndEventDef
%EventDef PajeSetState 11 
%       Time date 
%       Type string 
%       Container string 
%       Value string 
%EndEventDef
%EventDef PajePushState 12 
%       Time date 
%       Type string 
%       Container string 
%       Value string 
%       Id string 
%EndEventDef
%EventDef PajePopState 13 
%       Time date 
%       Type string 
%       Container string 
%EndEventDef
%EventDef PajeResetState 14 
%       Time date 
%       Type string 
%       Container string 
%EndEventDef
%EventDef PajeStartLink 15 
%       Time date 
%       Type string 
%       Container string 
%       Value string 
%       StartContainer string 
%       Key string 
%EndEventDef
%EventDef PajeEndLink 16 
%       Time date 
%       Type string 
%       Container string 
%       Value string 
%       EndContainer string 
%       Key string 
%EndEventDef
%EventDef PajeNewEvent 17 
%       Time date 
%       Type string 
%       Container string 
%       Value string 
%EndEventDef
0	a1	0	"Task Manager"
0	a2	a1	"Node"
0	a3	a1	"Thread"
0	a4	a1	"Jobs"
0	a5	a1	"Memory usage"
2	a6	a4	"Job"
2	a7	a3	"Task"
2	a8	a3	"Timer state"
6	0	a9	a1	0	"The task manager"
6	0	a10	a4	a9	"Jobs"
6	0	a11	a5	a9	"Memory"
1	a12	a1	"Memory [MB]"	"1.0 1.0 1.0"
6	0	a13	a2	a9	"Node 0"
6	0	a14	a3	a13	"Thread 0"
6	0	a15	a3	a13	"Thread 1"
6	0	a16	a3	a13	"Thread 2"
6	0	a17	a3	a13	"Thread 3"
5	a18	a6	"ngcore::ParallelFor<int,ngcore::EnterTaskManager()::{lambda(int)#1}>(ngcore::T_Range<int>,ngcore::EnterTaskManager()::{lambda(int)#1},int,ngcore::TotalCosts)::{lambda(ngcore::TaskInfo&)#1}"	"0.630615054310908 1 0"
5	a19	a7	"ngcore::ParallelFor<int,ngcore::EnterTaskManager()::{lambda(int)#1}>(ngcore::T_Range<int>,ngcore::EnterTaskManager()::{lambda(int)#1},int,ngcore::TotalCosts)::{lambda(ngcore::TaskInfo&)#1}"	"0.630615054310908 1 0"
5	a20	a6	"ngcore::ParallelForRange<netgen::ElementIndex,netgen::MeshOptimize3d::SwapImprove(netgen::Mesh&,netgen::OPTIMIZEGOAL,netgen::NgBitArray const*)::{lambda(auto:1)#1}>(ngcore::T_Range<netgen::ElementIndex>,netgen::MeshOptimize3d::SwapImprove(netgen::Mesh&,netgen::OPTIMIZEGOAL,netgen::NgBitArray const*)::{lambda(auto:1)#1},int,ngcore::TotalCosts)::{lambda(ngcore::TaskInfo&)#1}"	"0.708022642579866 0 1"
5	a21	a7	"ngcore::ParallelForRange<netgen::ElementIndex,netgen::MeshOptimize3d::SwapImprove(netgen::Mesh&,netgen::OPTIMIZEGOAL,netgen::NgBitArray const*)::{lambda(auto:1)#1}>(ngcore::T_Range<netgen::ElementIndex>,netgen::MeshOptimize3d::SwapImprove(netgen::Mesh&,netgen::OPTIMIZEGOAL,netgen::NgBitArray const*)::{lambda(auto:1)#1},int,ngcore::TotalCosts)::{lambda(ngcore::TaskInfo&)#1}"	"0.708022642579866 0 1"
5	a22	a6	"ngcore::ParallelForRange<netgen::ElementIndex,ngcore::CreateTable<netgen::ElementIndex,netgen::PointIndex,ngcore::T_Range<netgen::ElementIndex>,netgen::Mesh::CreatePoint2ElementTable(std::optional<ngcore::BitArray>)const::{lambda(auto:1&,netgen::ElementIndex)#1}>(ngcore::T_Range<netgen::ElementIndex>const&,netgen::Mesh::CreatePoint2ElementTable(std::optional<ngcore::BitArray>)const::{lambda(auto:1&,netgen::ElementIndex)#1}const&,std::optional<unsigned long>)::{lambda(auto:1)#1}>(ngcore::T_Range<netgen::ElementIndex>,ngcore::Table,int,ngcore::TotalCosts)::{lambda(ngcore::TaskInfo&)#1}"	"0 0.230008221284954 1"
5	a23	a7	"ngcore::ParallelForRange<netgen::ElementIndex,ngcore::CreateTable<netgen::ElementIndex,netgen::PointIndex,ngcore::T_Range<netgen::ElementIndex>,netgen::Mesh::CreatePoint2ElementTable(std::optional<ngcore::BitArray>)const::{lambda(auto:1&,netgen::ElementIndex)#1}>(ngcore::T_Range<netgen::ElementIndex>const&,netgen::Mesh::CreatePoint2ElementTable(std::optional<ngcore::BitArray>)const::{lambda(auto:1&,netgen::ElementIndex)#1}const&,std::optional<unsigned long>)::{lambda(auto:1)#1}>(ngcore::T_Range<netgen::ElementIndex>,ngcore::Table,int,ngcore::TotalCosts)::{lambda(ngcore::TaskInfo&)#1}"	"0 0.230008221284954 1"
5	a24	a6	"ngcore::ParallelForRange<netgen::PointIndex,ngcore::CreateSortedTable<netgen::ElementIndex,netgen::PointIndex,ngcore::T_Range<netgen::ElementIndex>,netgen::Mesh::CreatePoint2ElementTable(std::optional<ngcore::BitArray>)const::{lambda(auto:1&,netgen::ElementIndex)#1}>(ngcore::T_Range<netgen::ElementIndex>const&,netgen::Mesh::CreatePoint2ElementTable(std::optional<ngcore::BitArray>)const::{lambda(auto:1&,netgen::ElementIndex)#1}const&,std::optional<unsigned long>)::{lambda(auto:1)#1}>(ngcore::T_Range<netgen::PointIndex>,ngcore::Table,int,ngcore::TotalCosts)::{lambda(ngcore::TaskInfo&)#1}"	"0 0.170427812303051 1"
5	a25	a7	"ngcore::ParallelForRange<netgen::PointIndex,ngcore::CreateSortedTable<netgen::ElementIndex,netgen::PointIndex,ngcore::T_Range<netgen::ElementIndex>,netgen::Mesh::CreatePoint2ElementTable(std::optional<ngcore::BitArray>)const::{lambda(auto:1&,netgen::ElementIndex)#1}>(ngcore::T_Range<netgen::ElementIndex>const&,netgen::Mesh::CreatePoint2ElementTable(std::optional<ngcore::BitArray>)const::{lambda(auto:1&,netgen::ElementIndex)#1}const&,std::optional<unsigned long>)::{lambda(auto:1)#1}>(ngcore::T_Range<netgen::PointIndex>,ngcore::Table,int,ngcore::TotalCosts)::{lambda(ngcore::TaskInfo&)#1}"	"0 0.170427812303051 1"
5	a26	a6	"ngcore::ParallelFor<unsigned long,netgen::BuildEdgeList<netgen::ElementIndex>(netgen::Mesh const&,ngcore::Table<netgen::ElementIndex,netgen::PointIndex>const&,ngcore::Array<std::tuple<netgen::PointIndex,netgen::PointIndex>,unsigned long>&)::{lambda(int)#1}>(ngcore::T_Range<unsigned long>,netgen::BuildEdgeList<netgen::ElementIndex>(netgen::Mesh const&,ngcore::Table<netgen::ElementIndex,netgen::PointIndex>const&,ngcore::Array<std::tuple<netgen::PointIndex,netgen::PointIndex>,unsigned long>&)::{lambda(int)#1},int,ngcore::TotalCosts)::{lambda(ngcore::TaskInfo&)#1}"	"1 0.872005992306398 0"
5	a27	a7	"ngcore::ParallelFor<unsigned long,netgen::BuildEdgeList<netgen::ElementIndex>(netgen::Mesh const&,ngcore::Table<netgen::ElementIndex,netgen::PointIndex>const&,ngcore::Array<std::tuple<netgen::PointIndex,netgen::PointIndex>,unsigned long>&)::{lambda(int)#1}>(ngcore::T_Range<unsigned long>,netgen::BuildEdgeList<netgen::ElementIndex>(netgen::Mesh const&,ngcore::Table<netgen::ElementIndex,netgen::PointIndex>const&,ngcore::Array<std::tuple<netgen::PointIndex,netgen::PointIndex>,unsigned long>&)::{lambda(int)#1},int,ngcore::TotalCosts)::{lambda(ngcore::TaskInfo&)#1}"	"1 0.872005992306398 0"
5	a28	a6	"ngcore::ParallelForRange<unsigned long,netgen::MeshOptimize3d::SwapImprove(netgen::Mesh&,netgen::OPTIMIZEGOAL,netgen::NgBitArray const*)::{lambda(auto:1)#2}>(ngcore::T_Range<unsigned long>,netgen::MeshOptimize3d::SwapImprove(netgen::Mesh&,netgen::OPTIMIZEGOAL,netgen::NgBitArray const*)::{lambda(auto:1)#2},int,ngcore::TotalCosts)::{lambda(ngcore::TaskInfo&)#1}"	"1 0.408375991137786 0"
5	a29	a7	"ngcore::ParallelForRange<unsigned long,netgen::MeshOptimize3d::SwapImprove(netgen::Mesh&,netgen::OPTIMIZEGOAL,netgen::NgBitArray const*)::{lambda(auto:1)#2}>(ngcore::T_Range<unsigned long>,netgen::MeshOptimize3d::SwapImprove(netgen::Mesh&,netgen::OPTIMIZEGOAL,netgen::NgBitArray const*)::{lambda(auto:1)#2},int,ngcore::TotalCosts)::{lambda(ngcore::TaskInfo&)#1}"	"1 0.408375991137786 0"
5	a30	a6	"ngcore::ParallelForRange<netgen::ElementIndex,netgen::Mesh::Compress()::{lambda(auto:1)#1}>(ngcore::T_Range<netgen::ElementIndex>,netgen::Mesh::Compress()::{lambda(auto:1)#1},int,ngcore::TotalCosts)::{lambda(ngcore::TaskInfo&)#1}"	"1 0.0611641584106637 0"
5	a31	a7	"ngcore::ParallelForRange<netgen::ElementIndex,netgen::Mesh::Compress()::{lambda(auto:1)#1}>(ngcore::T_Range<netgen::ElementIndex>,netgen::Mesh::Compress()::{lambda(auto:1)#1},int,ngcore::TotalCosts)::{lambda(ngcore::TaskInfo&)#1}"	"1 0.0611641584106637 0"
5	a32	a6	"ngcore::ParallelForRange<netgen::SurfaceElementIndex,netgen::Mesh::Compress()::{lambda(auto:1)#2}>(ngcore::T_Range<netgen::SurfaceElementIndex>,netgen::Mesh::Compress()::{lambda(auto:1)#2},int,ngcore::TotalCosts)::{lambda(ngcore::TaskInfo&)#1}"	"1 0 -2.77631980257023"
5	a33	a7	"ngcore::ParallelForRange<netgen::SurfaceElementIndex,netgen::Mesh::Compress()::{lambda(auto:1)#2}>(ngcore::T_Range<netgen::SurfaceElementIndex>,netgen::Mesh::Compress()::{lambda(auto:1)#2},int,ngcore::TotalCosts)::{lambda(ngcore::TaskInfo&)#1}"	"1 0 -2.77631980257023"
5	a34	a6	"ngcore::ParallelForRange<netgen::ElementIndex,netgen::Mesh::Compress()::{lambda(auto:1)#3}>(ngcore::T_Range<netgen::ElementIndex>,netgen::Mesh::Compress()::{lambda(auto:1)#3},int,ngcore::TotalCosts)::{lambda(ngcore::TaskInfo&)#1}"	"0.688034037288286 1 0"
5	a35	a7	"ngcore::ParallelForRange<netgen::ElementIndex,netgen::Mesh::Compress()::{lambda(auto:1)#3}>(ngcore::T_Range<netgen::ElementIndex>,netgen::Mesh::Compress()::{lambda(auto:1)#3},int,ngcore::TotalCosts)::{lambda(ngcore::TaskInfo&)#1}"	"0.688034037288286 1 0"
5	a36	a6	"ngcore::ParallelForRange<netgen::SurfaceElementIndex,netgen::Mesh::Compress()::{lambda(auto:1)#4}>(ngcore::T_Range<netgen::SurfaceElementIndex>,netgen::Mesh::Compress()::{lambda(auto:1)#4},int,ngcore::TotalCosts)::{lambda(ngcore::TaskInfo&)#1}"	"0 0.666479625428673 1"
5	a37	a7	"ngcore::ParallelForRange<netgen::SurfaceElementIndex,netgen::Mesh::Compress()::{lambda(auto:1)#4}>(ngcore::T_Range<netgen::SurfaceElementIndex>,netgen::Mesh::Compress()::{lambda(auto:1)#4},int,ngcore::TotalCosts)::{lambda(ngcore::TaskInfo&)#1}"	"0 0.666479625428673 1"
5	a38	a8	"Build edges"	"0 0.0614795051658243 1"
5	a39	a8	"CreateTable"	"0.608616351291681 0 1"
5	a40	a8	"CreateSortedTable"	"0 0.0381698166109086 1"
5	a41	a8	"MeshOptimize3d::SwapImprove loop"	"0.154668690207104 1 0"
5	a42	a8	"MeshOptimize3d::SwapImprove"	"1 0 -2.43968480148811"
5	a43	a8	"FreeOpenElementsEnvironment"	"0.907015785320433 0 1"
5	a44	a8	"Mesh::BuildBoundaryEdges"	"1 0 -2.61861416630415"
5	a45	a8	"Mesh::LinkSurfaceElements"	"0 1 0.171518596860468"
5	a46	a8	"Mesh::Compress"	"1 0.648677515017027 0"
5	a47	a8	"Mesh::CalcSurfacesOfNode, pointloop"	"0 0.319536079261344 1"
5	a48	a8	"Mesh::CalcSurfacesOfNode - surfelementht"	"0.690162641156969 0 1"
5	a49	a8	"Mesh::CalcSurfacesOfNode - surf on node"	"0.000515674241007069 1 0"
5	a50	a8	"Mesh::CalcSurfacesOfNode"	"1 0 -2.35340285344361"
6	0	a51	a3	a9	"Timer level 0"
6	0	a52	a3	a9	"Timer level 1"
6	0	a53	a3	a9	"Timer level 2"
6	0	a54	a3	a9	"Timer level 3"
4	a55	a2	a3	a3	"links"
8	0	a12	a11	0
12	0.139351190194536	a6	a10	a18	0
12	0.139430155887008	a7	a14	a19	0
12	0.139572672736094	a7	a15	a19	1
13	0.139587005550138	a7	a14
12	0.139627029257282	a7	a14	a19	2
13	0.139652449719927	a7	a14
12	0.139746559517805	a7	a14	a19	3
13	0.139752508987786	a7	a14
13	0.13980956981351	a7	a15
13	0.139960199576206	a6	a10
12	0.146496503641462	a8	a51	a43	0
13	0.151598985441348	a8	a51
12	0.152200422770315	a8	a51	a42	0
12	0.152607150172637	a8	a52	a44	0
13	0.152776439636636	a8	a52
12	0.153884122774877	a6	a10	a20	0
12	0.1539446991965	a7	a14	a21	0
13	0.15404854449071	a7	a14
12	0.154092895085112	a7	a14	a21	1
12	0.15412588760046	a7	a16	a21	2
13	0.154148603758569	a7	a14
12	0.154209180180191	a7	a14	a21	3
13	0.154269215740906	a7	a14
13	0.154565066657224	a7	a16
13	0.154711639963114	a6	a10
12	0.155469926955211	a8	a52	a40	0
12	0.155549974369498	a8	a53	a39	0
12	0.155862591973943	a6	a10	a22	0
12	0.155918841508307	a7	a14	a23	0
12	0.156039994351552	a7	a16	a23	1
13	0.156143839645762	a7	a14
12	0.156158713320714	a7	a15	a23	2
12	0.156178995604739	a7	a14	a23	3
13	0.156266615071729	a7	a14
12	0.156300689308892	a7	a17	a23	4
13	0.156317996857927	a7	a16
12	0.156320160301556	a7	a14	a23	5
12	0.156404534603102	a7	a16	a23	6
13	0.156458620693836	a7	a14
13	0.15647511695151	a7	a15
12	0.156491072348277	a7	a14	a23	7
13	0.156595999364302	a7	a16
12	0.156610332178346	a7	a15	a23	8
13	0.156622501548762	a7	a14
12	0.156667393004071	a7	a16	a23	9
12	0.15669822207579	a7	a14	a23	10
13	0.156718774790269	a7	a17
13	0.156721208664352	a7	a15
13	0.156762584523764	a7	a16
13	0.156775024324633	a7	a14
12	0.156799092635009	a7	a15	a23	11
12	0.156833437302626	a7	a17	a23	12
12	0.156854530878012	a7	a16	a23	13
12	0.15687129756614	a7	a14	a23	14
13	0.15688454865837	a7	a15
13	0.156943232066817	a7	a17
13	0.156944313788631	a7	a14
12	0.156977035873526	a7	a15	a23	15
13	0.156995695574829	a7	a16
13	0.15714308017208	a7	a15
13	0.157256390532169	a6	a10
12	0.157770749255053	a6	a10	a22	0
12	0.15787946229743	a7	a14	a23	0
13	0.157953019380828	a7	a14
12	0.157974653817122	a7	a14	a23	1
13	0.15806065070139	a7	a14
12	0.158103919573978	a7	a14	a23	2
12	0.158125554010271	a7	a16	a23	3
12	0.158171527187396	a7	a17	a23	4
13	0.158186130431894	a7	a14
12	0.158231021887203	a7	a14	a23	5
13	0.158241298244443	a7	a16
13	0.158252656323497	a7	a17
12	0.15825725364121	a7	a15	a23	6
13	0.158311610162398	a7	a14
12	0.158319723076008	a7	a17	a23	7
12	0.158334867181414	a7	a16	a23	8
12	0.158367859696762	a7	a14	a23	9
13	0.158387060258972	a7	a15
13	0.158406260821183	a7	a16
13	0.158447907111049	a7	a14
13	0.158448447971956	a7	a17
12	0.158456290455112	a7	a15	a23	10
12	0.158464132938269	a7	a16	a23	11
12	0.158537690021668	a7	a14	a23	12
13	0.158540935187112	a7	a16
13	0.158541205617565	a7	a15
12	0.158567978232479	a7	a17	a23	13
13	0.158610165383252	a7	a14
12	0.158614762700964	a7	a15	a23	14
12	0.158632340680453	a7	a16	a23	15
13	0.158683722466651	a7	a17
13	0.158706709055213	a7	a15
13	0.158714551538369	a7	a16
13	0.158900066829588	a6	a10
13	0.159053671327274	a8	a53
12	0.15915427145604	a6	a10	a24	0
12	0.159212684434033	a7	a14	a25	0
13	0.159325183502761	a7	a14
12	0.159369534097163	a7	a14	a25	1
13	0.159395495420716	a7	a14
12	0.159439034723757	a7	a15	a25	2
12	0.159446877206913	a7	a14	a25	3
13	0.159466348199578	a7	a14
12	0.159514484820331	a7	a17	a25	4
12	0.159549099918401	a7	a16	a25	5
13	0.159637801107206	a7	a17
13	0.159642398424918	a7	a15
13	0.159674038787998	a7	a16
12	0.15971325120378	a7	a15	a25	6
12	0.159741646401416	a7	a17	a25	7
13	0.159744621136406	a7	a15
12	0.15975300448047	a7	a16	a25	8
13	0.15977950666493	a7	a16
13	0.159785456134911	a7	a17
12	0.159801411531678	a7	a15	a25	9
13	0.159822505107064	a7	a15
12	0.15984873686107	a7	a16	a25	10
13	0.159869830436457	a7	a16
12	0.159875779906437	a7	a17	a25	11
12	0.159900389077722	a7	a15	a25	12
12	0.159927702553542	a7	a14	a25	13
13	0.159932570301709	a7	a17
12	0.1599466326853	a7	a16	a25	14
13	0.159951230003012	a7	a15
13	0.159953663877095	a7	a14
13	0.159967185399779	a7	a16
12	0.160027220960494	a7	a17	a25	15
13	0.160096992017541	a7	a17
13	0.160254382541578	a6	a10
13	0.160281966447853	a8	a52
12	0.161111106218812	a8	a52	a38	0
12	0.16136206567982	a6	a10	a26	0
12	0.161446980842273	a7	a14	a27	0
12	0.16152486481293	a7	a16	a27	1
12	0.161563536367805	a7	a15	a27	2
12	0.161613566001735	a7	a17	a27	3
13	0.161688745667856	a7	a14
12	0.161747158645849	a7	a14	a27	4
13	0.161749592519932	a7	a15
13	0.16176933394305	a7	a16
13	0.161792050101158	a7	a17
13	0.161819634007433	a7	a14
12	0.161829099073311	a7	a15	a27	5
12	0.161858035131854	a7	a16	a27	6
13	0.161895624964915	a7	a15
12	0.161895895395368	a7	a17	a27	7
12	0.161916988970755	a7	a14	a27	8
13	0.161918070692569	a7	a16
12	0.161968370756953	a7	a16	a27	9
13	0.161991627775968	a7	a14
12	0.161991898206422	a7	a15	a27	10
13	0.161997577245949	a7	a17
13	0.162022456847687	a7	a16
12	0.162038682674907	a7	a14	a27	11
13	0.162067077872543	a7	a15
13	0.162096554791993	a7	a14
12	0.162106831149233	a7	a17	a27	12
12	0.162126843002804	a7	a16	a27	13
12	0.162149288730459	a7	a15	a27	14
12	0.162158753796338	a7	a14	a27	15
13	0.16216848929267	a7	a17
13	0.162185255980798	a7	a16
13	0.162213921608887	a7	a14
13	0.162229877005653	a7	a15
13	0.162416203588234	a6	a10
13	0.162935430059284	a8	a52
12	0.163038734492587	a8	a52	a41	0
12	0.163146365813148	a6	a10	a28	0
12	0.163204778791142	a7	a14	a29	0
12	0.163307542363537	a7	a16	a29	1
13	0.163381640307843	a7	a14
12	0.163408142492303	a7	a17	a29	2
12	0.163431940372226	a7	a14	a29	3
12	0.163462499013491	a7	a15	a29	4
13	0.16346385116576	a7	a14
13	0.163475209244814	a7	a16
12	0.163501170568366	a7	a14	a29	5
13	0.163516855534679	a7	a14
13	0.163527131891919	a7	a17
12	0.163540112553695	a7	a16	a29	6
13	0.163576350234487	a7	a16
12	0.163589330896263	a7	a17	a29	7
13	0.16360528629303	a7	a15
12	0.163609883610742	a7	a14	a29	8
13	0.16362665029887	a7	a14
13	0.163630436325222	a7	a17
12	0.163691553607751	a7	a16	a29	9
12	0.163699666521362	a7	a17	a29	10
13	0.163712106322231	a7	a16
13	0.163727791288544	a7	a17
12	0.163736174632607	a7	a15	a29	11
12	0.163764028969336	a7	a14	a29	12
13	0.163779984366102	a7	a15
13	0.163781336518371	a7	a14
12	0.163822982808236	a7	a17	a29	13
12	0.163837045191827	a7	a16	a29	14
13	0.163846780688159	a7	a17
13	0.163854352740862	a7	a16
12	0.163863547376287	a7	a14	a29	15
13	0.163881936647137	a7	a14
13	0.164138304717218	a6	a10
13	0.164299481267606	a8	a52
12	0.165637571152376	a8	a52	a46	0
12	0.167424575590242	a6	a10	a30	0
12	0.167486233733679	a7	a14	a31	0
12	0.167626316708681	a7	a16	a31	1
12	0.167698251209358	a7	a17	a31	2
13	0.167712854453856	a7	a14
12	0.167755041604629	a7	a14	a31	3
13	0.167855641733395	a7	a16
13	0.167883766500577	a7	a14
13	0.167972467689382	a7	a17
13	0.168154196954249	a6	a10
12	0.168268318605699	a6	a10	a32	0
12	0.168318618670082	a7	a14	a33	0
12	0.168462487671435	a7	a16	a33	1
12	0.168597162037364	a7	a17	a33	2
12	0.168654763723996	a7	a15	a33	3
13	0.168678291173466	a7	a14
13	0.168917351694512	a7	a16
13	0.168941690435343	a7	a17
13	0.16905121476908	a7	a15
13	0.169166688572798	a6	a10
12	0.170641075406218	a6	a10	a34	0
12	0.170700029245119	a7	a14	a35	0
12	0.170849847716453	a7	a17	a35	1
12	0.170945850527507	a7	a15	a35	2
13	0.17096451022881	a7	a14
12	0.171006697379583	a7	a14	a35	3
13	0.171186804061729	a7	a14
13	0.171227639060233	a7	a15
13	0.171260361145128	a7	a17
13	0.171403689285574	a6	a10
12	0.171519974380653	a6	a10	a36	0
12	0.171580550802275	a7	a14	a37	0
12	0.171714143446389	a7	a16	a37	1
13	0.171772556424383	a7	a14
12	0.171836378011449	a7	a14	a37	2
13	0.171907771651219	a7	a16
12	0.171928594796151	a7	a15	a37	3
13	0.172036496547167	a7	a14
13	0.172140071410923	a7	a15
13	0.17233721521165	a6	a10
12	0.17273637056127	a8	a53	a45	0
13	0.173998739919012	a8	a53
12	0.174334073681565	a8	a53	a50	0
12	0.17620274811644	a8	a54	a49	0
13	0.179407889853362	a8	a54
12	0.179445209255969	a8	a54	a48	0
13	0.180654574244791	a8	a54
12	0.180689730203768	a8	a54	a47	0
13	0.181175964159471	a8	a54
13	0.181908830688922	a8	a53
13	0.182337733388446	a8	a52
13	0.182554618612291	a8	a51
12	0.18284397919772	a8	a51	a42	0
12	0.182873185686717	a8	a52	a44	0
13	0.190341393095327	a8	a52
12	0.190444156667722	a6	a10	a20	0
12	0.190506896532974	a7	a14	a21	0
13	0.190583698781817	a7	a14
12	0.190599924609038	a7	a14	a21	1
12	0.190794093674774	a7	a17	a21	2
13	0.190876845393598	a7	a14
12	0.190929849762518	a7	a14	a21	3
13	0.19103531763945	a7	a14
13	0.191158633926324	a7	a17
13	0.191280327630477	a6	a10
12	0.191353884713876	a8	a52	a40	0
12	0.191379305176521	a8	a53	a39	0
12	0.191497753715229	a6	a10	a22	0
12	0.191554003249593	a7	a14	a23	0
13	0.191630805498436	a7	a14
12	0.191663257152876	a7	a14	a23	1
12	0.191696790529132	a7	a16	a23	2
13	0.191751958341681	a7	a14
12	0.191787655161566	a7	a14	a23	3
12	0.191810912180581	a7	a17	a23	4
13	0.191861212244964	a7	a14
13	0.191883387542166	a7	a16
12	0.191897990786664	a7	a14	a23	5
13	0.191912594031162	a7	a17
12	0.191938014493807	a7	a16	a23	6
13	0.191971547870063	a7	a14
12	0.192011571577206	a7	a14	a23	7
13	0.192014275881743	a7	a16
12	0.192026715682612	a7	a17	a23	8
12	0.1920810722038	a7	a15	a23	9
12	0.192095405017845	a7	a16	a23	10
13	0.192099731905103	a7	a14
13	0.192113794288694	a7	a17
12	0.192145705082228	a7	a14	a23	11
12	0.192186269650278	a7	a17	a23	12
13	0.19219005567663	a7	a16
13	0.192236569714661	a7	a14
13	0.192245493919633	a7	a15
12	0.192268480508195	a7	a16	a23	13
12	0.192282002030878	a7	a14	a23	14
13	0.192323648320744	a7	a17
12	0.192348798352935	a7	a15	a23	15
13	0.192367998915146	a7	a14
13	0.19238152043783	a7	a16
13	0.192512138346953	a7	a15
13	0.192621662680691	a6	a10
12	0.192755796185712	a6	a10	a22	0
12	0.192825026381852	a7	a14	a23	0
13	0.192893174856177	a7	a14
12	0.192909400683398	a7	a14	a23	1
13	0.192984039488611	a7	a14
12	0.192999724454924	a7	a17	a23	2
12	0.193047861075678	a7	a14	a23	3
12	0.193112223523652	a7	a16	a23	4
13	0.193119254715447	a7	a14
13	0.193146297760815	a7	a17
12	0.193153869813517	a7	a14	a23	5
12	0.193188755342041	a7	a15	a23	6
13	0.193211201069696	a7	a16
12	0.193225804314194	a7	a17	a23	7
13	0.193269073186782	a7	a14
12	0.193295575371242	a7	a16	a23	8
13	0.19330206570213	a7	a17
12	0.193308556033018	a7	a14	a23	9
13	0.193316939377082	a7	a15
12	0.19336101954103	a7	a17	a23	10
13	0.193381031394602	a7	a16
12	0.193389414738666	a7	a15	a23	11
13	0.193392389473656	a7	a14
12	0.193450261590742	a7	a14	a23	12
13	0.193471355166128	a7	a17
12	0.193474059470665	a7	a16	a23	13
13	0.193474329901119	a7	a15
13	0.193517328343253	a7	a14
12	0.193535717614102	a7	a17	a23	14
13	0.193548157414971	a7	a16
12	0.193567898838089	a7	a15	a23	15
13	0.193633072577424	a7	a17
13	0.193665253801411	a7	a15
13	0.193834272834956	a6	a10
13	0.193893767534764	a8	a53
12	0.193921351441039	a6	a10	a24	0
12	0.193973814949051	a7	a14	a25	0
13	0.193992204219901	a7	a14
12	0.194014920378009	a7	a14	a25	1
13	0.194051158058802	a7	a14
12	0.194066843025115	a7	a14	a25	2
13	0.19409226348776	a7	a14
12	0.194125796864015	a7	a14	a25	3
13	0.19415338077029	a7	a14
12	0.194162575405714	a7	a16	a25	4
12	0.194186914146545	a7	a14	a25	5
13	0.194208007721931	a7	a14
12	0.194225315270966	a7	a14	a25	6
13	0.194250735733612	a7	a14
13	0.19426317553448	a7	a16
12	0.194266420699925	a7	a14	a25	7
13	0.194293463745292	a7	a14
12	0.194316720764308	a7	a16	a25	8
12	0.194336732617879	a7	a14	a25	9
13	0.194336732617879	a7	a16
13	0.19436107135871	a7	a14
12	0.194412994005815	a7	a14	a25	10
13	0.194433546720294	a7	a14
12	0.194451395130236	a7	a16	a25	11
13	0.194476274731974	a7	a16
12	0.194498720459629	a7	a15	a25	12
12	0.194505481220971	a7	a14	a25	13
13	0.19452387049182	a7	a14
12	0.1945444232063	a7	a17	a25	14
12	0.194568221086223	a7	a16	a25	15
13	0.194582824330721	a7	a17
13	0.194596616283858	a7	a15
13	0.194617439428791	a7	a16
13	0.19484568273169	a6	a10
13	0.194875430081594	a8	a52
12	0.195067976564609	a8	a52	a38	0
12	0.195128552986231	a6	a10	a26	0
12	0.195181557355151	a7	a14	a27	0
13	0.195228071393183	a7	a14
12	0.195346519931891	a7	a16	a27	1
12	0.195362745759111	a7	a17	a27	2
12	0.195380594169054	a7	a14	a27	3
12	0.195432787246613	a7	a15	a27	4
13	0.195440088868862	a7	a14
13	0.195456314696082	a7	a17
13	0.195514186813168	a7	a16
12	0.195533116944925	a7	a14	a27	5
13	0.195546908898062	a7	a15
12	0.195571518069346	a7	a17	a27	6
12	0.195603969723787	a7	a16	a27	7
13	0.195613705220119	a7	a14
13	0.195634257934598	a7	a17
12	0.195672929489473	a7	a15	a27	8
13	0.195676445085371	a7	a16
12	0.195694293495314	a7	a14	a27	9
12	0.195733235480642	a7	a17	a27	10
13	0.19574486399015	a7	a15
12	0.195748920446955	a7	a16	a27	11
13	0.195759196804195	a7	a14
12	0.195811389881754	a7	a15	a27	12
13	0.195824100113076	a7	a16
13	0.195825181834891	a7	a17
12	0.195828967861242	a7	a14	a27	13
13	0.195864935111581	a7	a15
13	0.195904147527363	a7	a14
12	0.195910096997344	a7	a17	a27	14
12	0.195930379281369	a7	a15	a27	15
13	0.195972836862596	a7	a17
13	0.19600772239112	a7	a15
13	0.196149698379297	a6	a10
13	0.19630600718152	a8	a52
12	0.196347112610478	a8	a52	a41	0
12	0.196359552411347	a6	a10	a28	0
12	0.196412556780267	a7	a14	a29	0
13	0.196427700885672	a7	a14
12	0.196447171878337	a7	a14	a29	1
13	0.196469888036445	a7	a14
12	0.196486654724573	a7	a14	a29	2
13	0.196503421412701	a7	a14
12	0.196519106379014	a7	a14	a29	3
13	0.196535873067141	a7	a14
12	0.196552098894362	a7	a14	a29	4
13	0.196568865582489	a7	a14
12	0.19658509140971	a7	a14	a29	5
13	0.19660131723693	a7	a14
12	0.196642963526795	a7	a16	a29	6
12	0.196680282929402	a7	a14	a29	7
13	0.196695427034808	a7	a16
13	0.196697590478437	a7	a14
12	0.196738695907395	a7	a14	a29	8
13	0.196754921734616	a7	a14
12	0.196778178753631	a7	a17	a29	9
12	0.196817661599868	a7	a14	a29	10
13	0.196828478818014	a7	a17
13	0.196834969148903	a7	a14
12	0.196849301962947	a7	a15	a29	11
12	0.196861471333362	a7	a16	a29	12
12	0.19688040146512	a7	a14	a29	13
13	0.196890677822359	a7	a16
13	0.196898790735969	a7	a14
13	0.196906092358218	a7	a15
12	0.196919884311356	a7	a17	a29	14
13	0.196951254243982	a7	a17
12	0.196985328481144	a7	a16	a29	15
13	0.197015075831048	a7	a16
13	0.197210867479507	a6	a10
13	0.197274148205666	a8	a52
12	0.197646260509919	a8	a52	a46	0
12	0.198020536257801	a6	a10	a30	0
12	0.198154128901915	a7	a14	a31	0
12	0.19819793863541	a7	a16	a31	1
12	0.198219032210797	a7	a17	a31	2
13	0.19829583445964	a7	a14
12	0.198334776444968	a7	a14	a31	3
13	0.198392648562054	a7	a16
13	0.198418069024699	a7	a17
13	0.198448357235511	a7	a14
13	0.198684172591113	a6	a10
12	0.198718787689183	a6	a10	a32	0
12	0.198779364110805	a7	a14	a33	0
13	0.198878882517757	a7	a14
12	0.19889456748407	a7	a14	a33	1
13	0.199003280526446	a7	a14
12	0.199015179466407	a7	a17	a33	2
12	0.1990514171472	a7	a14	a33	3
13	0.199133628005116	a7	a14
13	0.199308866939095	a7	a17
13	0.199423529451452	a6	a10
12	0.200169917503588	a6	a10	a34	0
12	0.200236443395191	a7	a14	a35	0
12	0.200314868226756	a7	a17	a35	1
13	0.200386802727433	a7	a14
12	0.200427367295483	a7	a14	a35	2
13	0.200600983646741	a7	a14
13	0.200603687951278	a7	a17
12	0.20068265364375	a7	a14	a35	3
13	0.200841125889602	a7	a14
13	0.200907651781205	a6	a10
12	0.200939562574738	a6	a10	a36	0
12	0.200988780917307	a7	a14	a37	0
13	0.201092626211517	a7	a14
12	0.20110831117783	a7	a14	a37	1
13	0.20121215647204	a7	a14
12	0.20123054574289	a7	a14	a37	2
13	0.201401998650518	a7	a14
12	0.201466631528946	a7	a15	a37	3
13	0.201849561051345	a7	a15
13	0.2019677391596	a6	a10
12	0.202066175844737	a8	a53	a45	0
13	0.20286394568307	a8	a53
12	0.202882334953919	a8	a53	a50	0
12	0.203471873342924	a8	a54	a49	0
13	0.205791084913617	a8	a54
12	0.205830567759853	a8	a54	a48	0
13	0.206652135478109	a8	a54
12	0.206672147331681	a8	a54	a47	0
13	0.20711835758024	a8	a54
13	0.207688424976581	a8	a53
13	0.207739265901871	a8	a52
13	0.207927485497627	a8	a51
12	0.208178444958635	a8	a51	a42	0
12	0.208196293368577	a8	a52	a44	0
13	0.213424795759874	a8	a52
12	0.213484290459682	a6	a10	a20	0
12	0.213547030324934	a7	a14	a21	0
13	0.213644926149163	a7	a14
12	0.213701175683527	a7	a14	a21	1
12	0.213730923033431	a7	a16	a21	2
12	0.213849912433047	a7	a17	a21	3
13	0.213978096468087	a7	a14
13	0.214059766465096	a7	a16
13	0.214105739642221	a7	a17
13	0.214253394669926	a6	a10
12	0.214311807647919	a8	a52	a40	0
12	0.214345881885082	a8	a53	a39	0
12	0.214399967975816	a6	a10	a22	0
12	0.214470279893771	a7	a14	a23	0
13	0.214538428368096	a7	a14
12	0.214555735917131	a7	a14	a23	1
13	0.214626588695993	a7	a14
12	0.214642814523214	a7	a14	a23	2
13	0.214709881275724	a7	a14
12	0.214748011969692	a7	a15	a23	3
12	0.214774243723698	a7	a14	a23	4
12	0.21478614266366	a7	a16	a23	5
12	0.214819135179008	a7	a17	a23	6
13	0.214845637363468	a7	a14
12	0.214907295506905	a7	a14	a23	7
13	0.214922980473218	a7	a16
13	0.21492460305594	a7	a17
13	0.214948130505409	a7	a15
13	0.214992751530265	a7	a14
12	0.215007895635671	a7	a17	a23	8
12	0.21502844835015	a7	a16	a23	9
12	0.215064956461396	a7	a15	a23	10
12	0.215070094640016	a7	a14	a23	11
13	0.215116608678047	a7	a17
13	0.215146896888858	a7	a14
13	0.215189624900539	a7	a16
12	0.215193951787797	a7	a17	a23	12
13	0.215227214733599	a7	a15
12	0.215265345427567	a7	a14	a23	13
13	0.215268049732104	a7	a17
12	0.215286979863861	a7	a16	a23	14
12	0.215338091219605	a7	a15	a23	15
13	0.215356210060001	a7	a14
13	0.215375140191758	a7	a16
13	0.215463570950109	a7	a15
13	0.215617986739155	a6	a10
12	0.215726158920624	a6	a10	a22	0
12	0.215780245011359	a7	a14	a23	0
13	0.215841362293889	a7	a14
12	0.215859210703831	a7	a14	a23	1
13	0.215931145204508	a7	a14
12	0.215951157058079	a7	a14	a23	2
13	0.216020928115127	a7	a14
12	0.216053920630475	a7	a14	a23	3
12	0.21613018201841	a7	a17	a23	4
13	0.216143162680187	a7	a14
12	0.216172369169183	a7	a16	a23	5
12	0.216210770293605	a7	a14	a23	6
12	0.216240788073962	a7	a15	a23	7
13	0.216277296185208	a7	a17
13	0.21627891876793	a7	a14
13	0.216285409098818	a7	a16
12	0.216367079095827	a7	a17	a23	8
12	0.216378978035789	a7	a14	a23	9
13	0.216385197936223	a7	a15
12	0.216397367306638	a7	a16	a23	10
13	0.21644388134467	a7	a17
12	0.216461459324159	a7	a15	a23	11
13	0.216469301807315	a7	a14
12	0.216519061010791	a7	a17	a23	12
13	0.216546104056158	a7	a16
12	0.216547185777973	a7	a14	a23	13
13	0.216555569122037	a7	a15
13	0.216581260015136	a7	a17
12	0.216600190146893	a7	a16	a23	14
13	0.216620202000464	a7	a14
12	0.216642106867212	a7	a15	a23	15
13	0.2166964633884	a7	a16
13	0.216724858586035	a7	a15
13	0.216866293713306	a6	a10
13	0.216919838943133	a8	a53
12	0.216947963710315	a6	a10	a24	0
12	0.217045859534544	a7	a14	a25	0
13	0.21707127999719	a7	a14
12	0.217086964963502	a7	a14	a25	1
13	0.21710589509526	a7	a14
12	0.217123202644295	a7	a14	a25	2
13	0.21714051019333	a7	a14
12	0.217173502708678	a7	a14	a25	3
13	0.217192432840435	a7	a14
12	0.217228129660319	a7	a14	a25	4
12	0.217243273765725	a7	a17	a25	5
13	0.217247059792076	a7	a14
12	0.217281674890146	a7	a14	a25	6
13	0.21729519641283	a7	a17
13	0.217307095352792	a7	a14
12	0.217373621244395	a7	a14	a25	7
13	0.217400123428855	a7	a14
12	0.217414726673353	a7	a17	a25	8
13	0.21743582024874	a7	a17
12	0.217489365478567	a7	a14	a25	9
13	0.217507213888509	a7	a14
12	0.217508295610324	a7	a17	a25	10
13	0.217529930046617	a7	a17
12	0.217541828986579	a7	a14	a25	11
13	0.217566708588317	a7	a14
12	0.217571305906029	a7	a15	a25	12
12	0.217582934415537	a7	a16	a25	13
12	0.217612681765441	a7	a14	a25	14
12	0.217636479645364	a7	a17	a25	15
13	0.217639183949901	a7	a14
13	0.21764134739353	a7	a16
13	0.217649730737594	a7	a15
13	0.217661359247102	a7	a17
13	0.217929626257145	a6	a10
13	0.217960996189771	a8	a52
12	0.218134071680121	a8	a52	a38	0
12	0.218193566379929	a6	a10	a26	0
12	0.218248734192478	a7	a14	a27	0
12	0.218305795018203	a7	a15	a27	1
13	0.218326618163136	a7	a14
12	0.218387194584758	a7	a14	a27	2
12	0.218437494649141	a7	a17	a27	3
13	0.218450475310917	a7	a14
13	0.218488065143978	a7	a15
12	0.218496989348949	a7	a14	a27	4
13	0.218518623785243	a7	a17
13	0.218544044247888	a7	a14
12	0.218556484048757	a7	a17	a27	5
12	0.21859353302091	a7	a15	a27	6
12	0.218603538947696	a7	a14	a27	7
13	0.218610570139491	a7	a17
13	0.218660329342967	a7	a14
13	0.218677366461548	a7	a15
12	0.218685208944705	a7	a17	a27	8
13	0.218733886426366	a7	a17
12	0.218738754174532	a7	a14	a27	9
12	0.218756061723567	a7	a16	a27	10
12	0.218779048312129	a7	a15	a27	11
13	0.218786349934378	a7	a14
12	0.218818801588819	a7	a17	a27	12
13	0.218835027416039	a7	a16
12	0.21884097688602	a7	a14	a27	13
13	0.218857473143694	a7	a15
12	0.218888031784959	a7	a16	a27	14
13	0.218910747943067	a7	a14
13	0.218913993108512	a7	a17
12	0.218922376452575	a7	a15	a27	15
13	0.218945363041137	a7	a16
13	0.219006209893214	a7	a15
13	0.219198485945775	a6	a10
13	0.21930124951817	a8	a52
12	0.219343436668943	a8	a52	a41	0
12	0.219355876469812	a6	a10	a28	0
12	0.219409962560546	a7	a14	a29	0
13	0.219426188387767	a7	a14
12	0.219446200241338	a7	a14	a29	1
13	0.219462426068559	a7	a14
12	0.219494877722999	a7	a14	a29	2
13	0.219510562689312	a7	a14
12	0.219544636926475	a7	a14	a29	3
13	0.219560321892788	a7	a14
12	0.219579792885452	a7	a16	a29	4
12	0.219601968182653	a7	a14	a29	5
13	0.219617653148966	a7	a14
13	0.219640369307075	a7	a16
12	0.219674984405145	a7	a14	a29	6
13	0.219692832815087	a7	a14
12	0.219719875860455	a7	a16	a29	7
13	0.21973501996586	a7	a16
12	0.219749893640812	a7	a15	a29	8
12	0.219759899567598	a7	a17	a29	9
13	0.21979911198338	a7	a15
12	0.219803168440186	a7	a14	a29	10
13	0.219820475989221	a7	a17
13	0.219821016850128	a7	a14
12	0.219832374929182	a7	a16	a29	11
13	0.219858336252735	a7	a16
12	0.219876725523584	a7	a14	a29	12
13	0.219896737377156	a7	a14
12	0.219907284164849	a7	a15	a29	13
13	0.219934868071124	a7	a15
12	0.2199367610843	a7	a17	a29	14
12	0.219951364328798	a7	a16	a29	15
13	0.219968131016926	a7	a16
13	0.219970294460555	a7	a17
13	0.220220713060655	a6	a10
13	0.22026452279415	a8	a52
12	0.220564700597726	a8	a52	a46	0
12	0.22092653654474	a6	a10	a30	0
12	0.221027677534413	a7	a14	a31	0
12	0.221083656638323	a7	a15	a31	1
12	0.22109149912148	a7	a16	a31	2
12	0.221149371238565	a7	a17	a31	3
13	0.221240235870999	a7	a14
13	0.221352734939727	a7	a16
13	0.221368149475586	a7	a15
13	0.221395462951407	a7	a17
13	0.221562048110869	a6	a10
12	0.221589632017144	a6	a10	a32	0
12	0.221653994465118	a7	a14	a33	0
13	0.221855735583557	a7	a14
12	0.221873043132592	a7	a14	a33	1
12	0.22194876365962	a7	a16	a33	2
13	0.222014748690316	a7	a14
12	0.222030704087083	a7	a15	a33	3
13	0.222331152321113	a7	a16
13	0.222377936789598	a7	a15
13	0.222453386886173	a6	a10
12	0.223108369444967	a6	a10	a34	0
12	0.223168405005682	a7	a14	a35	0
13	0.22332146864246	a7	a14
12	0.223408006387635	a7	a14	a35	1
12	0.223454790856121	a7	a15	a35	2
12	0.223463715061092	a7	a16	a35	3
13	0.223661129292272	a7	a14
13	0.223724410018432	a7	a16
13	0.223788502035952	a7	a15
13	0.223966715704922	a6	a10
12	0.223988350141216	a6	a10	a36	0
12	0.224048385701931	a7	a14	a37	0
13	0.224145740665253	a7	a14
12	0.224166293379732	a7	a14	a37	1
13	0.224275006422108	a7	a14
12	0.224335041982823	a7	a14	a37	2
12	0.224394266252178	a7	a15	a37	3
13	0.224538405683985	a7	a14
13	0.224554901941659	a7	a15
13	0.224748259716034	a6	a10
12	0.224842369513912	a8	a53	a45	0
13	0.225515200482649	a8	a53
12	0.225551979024348	a8	a53	a50	0
12	0.226077154965379	a8	a54	a49	0
13	0.228045347807205	a8	a54
12	0.228083748931627	a8	a54	a48	0
13	0.228792817581155	a8	a54
12	0.228811206852005	a8	a54	a47	0
13	0.229236323525177	a8	a54
13	0.229742569334452	a8	a53
13	0.229793951120649	a8	a52
13	0.229961077141019	a8	a51
12	0.230179044086679	a8	a51	a42	0
12	0.230196892496621	a8	a52	a44	0
13	0.234395054859427	a8	a52
12	0.234448059228347	a6	a10	a20	0
12	0.23450863564997	a7	a14	a21	0
13	0.234555690548909	a7	a14
12	0.234578406707017	a7	a14	a21	1
13	0.234619512135975	a7	a14
12	0.23467143478308	a7	a14	a21	2
12	0.234773927925022	a7	a15	a21	3
13	0.235005145962912	a7	a14
13	0.235152530560163	a7	a15
13	0.235279362442935	a6	a10
12	0.235336693699114	a8	a52	a40	0
12	0.235354542109056	a8	a53	a39	0
12	0.235414577669771	a6	a10	a22	0
12	0.235482726144097	a7	a14	a23	0
13	0.235550874618422	a7	a14
12	0.23556764130655	a7	a14	a23	1
13	0.235640116668134	a7	a14
12	0.235677436070741	a7	a14	a23	2
12	0.235727736135124	a7	a17	a23	3
13	0.235746666266881	a7	a14
12	0.235781822225858	a7	a14	a23	4
12	0.235818330337104	a7	a15	a23	5
13	0.235845643812925	a7	a14
12	0.235899729903659	a7	a14	a23	6
12	0.235915414869972	a7	a16	a23	7
13	0.235934885862637	a7	a17
13	0.235971664404336	a7	a14
12	0.235993839701537	a7	a17	a23	8
13	0.23599627357562	a7	a15
12	0.236069560228565	a7	a14	a23	9
13	0.236075509698546	a7	a17
13	0.236080377446712	a7	a16
12	0.236139601716066	a7	a15	a23	10
12	0.23615014850376	a7	a17	a23	11
13	0.236185845323644	a7	a14
12	0.236189090489088	a7	a16	a23	12
12	0.236265892737931	a7	a14	a23	13
13	0.236275898664717	a7	a15
13	0.236277250816985	a7	a17
13	0.236300507836001	a7	a16
12	0.236355134787643	a7	a17	a23	14
12	0.236376769223937	a7	a16	a23	15
13	0.236383259554825	a7	a14
13	0.236447622002799	a7	a17
13	0.236477369352703	a7	a16
13	0.236643413651258	a6	a10
12	0.236734819144599	a6	a10	a22	0
12	0.236791068678963	a7	a14	a23	0
13	0.236850022517863	a7	a14
12	0.236868411788713	a7	a14	a23	1
12	0.236929258640789	a7	a15	a23	2
13	0.236944673176648	a7	a14
12	0.236984696883792	a7	a14	a23	3
12	0.237050681914488	a7	a16	a23	4
13	0.23707069376806	a7	a14
13	0.237087190025734	a7	a15
12	0.23710530886613	a7	a14	a23	5
13	0.23718048853225	a7	a14
13	0.237184815419509	a7	a16
12	0.2371877901545	a7	a15	a23	6
12	0.237228084292097	a7	a17	a23	7
12	0.23726810799924	a7	a14	a23	8
12	0.237287038130997	a7	a16	a23	9
13	0.237287308561451	a7	a15
13	0.237347073691712	a7	a14
13	0.237352482300786	a7	a17
12	0.237357079618498	a7	a15	a23	10
13	0.237397373756096	a7	a16
13	0.237424687231916	a7	a15
12	0.237436856602332	a7	a14	a23	11
12	0.237473635144031	a7	a17	a23	12
12	0.237484452362178	a7	a16	a23	13
13	0.237529884678395	a7	a14
12	0.237537727161551	a7	a15	a23	14
13	0.237591542821832	a7	a16
12	0.237602360039979	a7	a14	a23	15
13	0.23762156060219	a7	a15
13	0.237631566528976	a7	a17
13	0.237684570897895	a7	a14
13	0.237856023805523	a6	a10
13	0.237906323869906	a8	a53
12	0.237930662610737	a6	a10	a24	0
12	0.237999892806877	a7	a14	a25	0
13	0.238017741216819	a7	a14
12	0.238034507904947	a7	a14	a25	1
13	0.238068041281202	a7	a14
12	0.23808480796933	a7	a14	a25	2
13	0.23810319724018	a7	a14
12	0.2381194230674	a7	a14	a25	3
13	0.238139975781879	a7	a14
12	0.238159446774544	a7	a14	a25	4
13	0.238185948959003	a7	a14
12	0.23822543180524	a7	a14	a25	5
13	0.238251393128792	a7	a14
12	0.238257342598773	a7	a16	a25	6
12	0.238287089948677	a7	a14	a25	7
13	0.238344962065763	a7	a14
13	0.238375791137481	a7	a16
12	0.238434744976382	a7	a14	a25	8
13	0.238454756829954	a7	a14
12	0.238476391266247	a7	a16	a25	9
12	0.238495321398004	a7	a14	a25	10
13	0.238501811728893	a7	a16
13	0.238514792390669	a7	a14
12	0.238524527887001	a7	a17	a25	11
12	0.238558602124164	a7	a14	a25	12
12	0.238578073116828	a7	a16	a25	13
13	0.238578073116828	a7	a14
13	0.238584563447716	a7	a17
12	0.238606468314464	a7	a15	a25	14
12	0.238615392519435	a7	a14	a25	15
13	0.238617555963064	a7	a16
13	0.238634863512099	a7	a14
13	0.2386459511607	a7	a15
13	0.238845799265964	a6	a10
13	0.238876628337682	a8	a52
12	0.23904808124531	a8	a52	a38	0
12	0.239102708196952	a6	a10	a26	0
12	0.239229269649271	a7	a14	a27	0
13	0.239275783687302	a7	a14
12	0.23934339130072	a7	a14	a27	1
13	0.239401804278713	a7	a14
12	0.239413703218675	a7	a16	a27	2
12	0.239443720999033	a7	a15	a27	3
12	0.239452104343096	a7	a14	a27	4
13	0.239515925930163	a7	a14
12	0.239552163610955	a7	a14	a27	5
13	0.239572445894981	a7	a15
13	0.239578124934508	a7	a16
13	0.239606790562597	a7	a14
12	0.239623016389817	a7	a16	a27	6
13	0.239685215394162	a7	a16
12	0.239687108407338	a7	a15	a27	7
12	0.23969170572505	a7	a14	a27	8
12	0.239743628372155	a7	a17	a27	9
13	0.239747414398506	a7	a14
12	0.239764181086634	a7	a16	a27	10
13	0.239766614960717	a7	a15
13	0.239824757508257	a7	a16
12	0.239828273104154	a7	a15	a27	11
12	0.239847473666365	a7	a14	a27	12
13	0.23984855538818	a7	a17
13	0.239882359194889	a7	a15
12	0.23992589849793	a7	a16	a27	13
13	0.239928602802467	a7	a14
12	0.239950237238761	a7	a17	a27	14
13	0.239985934058645	a7	a16
12	0.239988908793636	a7	a15	a27	15
13	0.240003782468588	a7	a17
13	0.240088427200587	a7	a15
13	0.240249333320522	a6	a10
13	0.240348851727473	a8	a52
12	0.240388875434617	a8	a52	a41	0
12	0.240401315235486	a6	a10	a28	0
12	0.240456483048035	a7	a14	a29	0
13	0.240472168014348	a7	a14
12	0.24049217986792	a7	a14	a29	1
13	0.24050840569514	a7	a14
12	0.24052463152236	a7	a14	a29	2
13	0.240541398210488	a7	a14
12	0.240560328342245	a7	a14	a29	3
13	0.240574931586743	a7	a14
12	0.240637401021542	a7	a15	a29	4
12	0.240653356418308	a7	a14	a29	5
13	0.240669582245529	a7	a14
13	0.240688241946832	a7	a15
12	0.24072420919717	a7	a16	a29	6
13	0.240759365156148	a7	a16
12	0.240760446877962	a7	a14	a29	7
13	0.240775590983368	a7	a14
12	0.24082805449138	a7	a17	a29	8
12	0.240860506145821	a7	a14	a29	9
13	0.240867537337617	a7	a17
13	0.240875650251227	a7	a14
12	0.240891064787086	a7	a15	a29	10
12	0.24090756104476	a7	a16	a29	11
13	0.240913240084287	a7	a15
12	0.240921623428351	a7	a14	a29	12
13	0.24093189978559	a7	a16
13	0.240947584751903	a7	a14
12	0.240971923492734	a7	a17	a29	13
13	0.240997884816287	a7	a17
12	0.241007349882165	a7	a15	a29	14
12	0.241010324617155	a7	a16	a29	15
13	0.241026009583468	a7	a16
13	0.241026820874829	a7	a15
13	0.24121314745741	a6	a10
13	0.241247221694572	a8	a52
12	0.24154902208087	a8	a52	a46	0
12	0.241890846174312	a6	a10	a30	0
12	0.24196873014497	a7	a14	a31	0
13	0.242097995901825	a7	a14
12	0.242181288481556	a7	a17	a31	1
12	0.24220589765284	a7	a15	a31	2
12	0.242229425102309	a7	a14	a31	3
13	0.242370048938219	a7	a14
13	0.242417915128519	a7	a15
13	0.242428461916212	a7	a17
13	0.242570708334844	a6	a10
12	0.242609109459265	a6	a10	a32	0
12	0.242662113828185	a7	a14	a33	0
12	0.242727017137066	a7	a16	a33	1
13	0.242750815016989	a7	a14
12	0.242804360246816	a7	a14	a33	2
13	0.242890357131084	a7	a14
12	0.242906042097397	a7	a14	a33	3
13	0.242988793816221	a7	a14
13	0.243018000305217	a7	a16
13	0.243291675924334	a6	a10
12	0.243889868087856	a6	a10	a34	0
12	0.243953148814016	a7	a14	a35	0
13	0.244083496292686	a7	a14
12	0.244151915197465	a7	a15	a35	1
12	0.244159757680621	a7	a16	a35	2
12	0.244183555560544	a7	a14	a35	3
13	0.244415044028888	a7	a14
13	0.244474809159149	a7	a15
13	0.244514562435839	a7	a16
13	0.244645450775416	a6	a10
12	0.244676820708042	a6	a10	a36	0
12	0.24477309394955	a7	a14	a37	0
13	0.244898032819146	a7	a14
12	0.244926698447235	a7	a14	a37	1
12	0.245118704069343	a7	a16	a37	2
13	0.245123571817509	a7	a14
12	0.245230391846709	a7	a15	a37	3
13	0.245542198159793	a7	a16
13	0.245660376268048	a7	a15
13	0.245859142651497	a6	a10
12	0.245950548144838	a8	a53	a45	0
13	0.247019830158658	a8	a53
12	0.247058772143987	a8	a53	a50	0
12	0.247478480208086	a8	a54	a49	0
13	0.249379065436494	a8	a54
12	0.249417466560915	a8	a54	a48	0
13	0.250111931965945	a8	a54
12	0.250148710507645	a8	a54	a47	0
13	0.250566255128114	a8	a54
13	0.251048162196558	a8	a53
13	0.251096298817312	a8	a52
13	0.251214206495113	a8	a51
12	0.251447317546178	a8	a51	a42	0
12	0.251465165956121	a8	a52	a44	0
13	0.255249569724809	a8	a52
12	0.255300951511006	a6	a10	a20	0
12	0.255398306474328	a7	a14	a21	0
13	0.255470781835913	a7	a14
12	0.255487007663133	a7	a14	a21	1
12	0.255539471171145	a7	a16	a21	2
13	0.25565467454441	a7	a14
13	0.25571362838331	a7	a16
12	0.255772582222211	a7	a16	a21	3
13	0.255912665197213	a7	a16
13	0.256083577243934	a6	a10
12	0.256153348300981	a8	a52	a40	0
12	0.256170655850016	a8	a53	a39	0
12	0.256231773132546	a6	a10	a22	0
12	0.256301544189593	a7	a14	a23	0
13	0.256368610942104	a7	a14
12	0.256387000212954	a7	a14	a23	1
12	0.256443249747318	a7	a17	a23	2
13	0.256457852991816	a7	a14
12	0.256490845507164	a7	a14	a23	3
13	0.256564402590563	a7	a14
12	0.256602803714984	a7	a14	a23	4
13	0.25664228656122	a7	a17
12	0.256649858613923	a7	a16	a23	5
13	0.25667095218931	a7	a14
12	0.256707460300555	a7	a15	a23	6
12	0.256735855498191	a7	a17	a23	7
12	0.256755326490855	a7	a14	a23	8
13	0.256771011457168	a7	a16
12	0.256826720130625	a7	a16	a23	9
13	0.256832669600605	a7	a14
13	0.256839159931494	a7	a17
13	0.256844298110113	a7	a15
13	0.256908930988541	a7	a16
12	0.256949495556592	a7	a14	a23	10
12	0.25699357572054	a7	a15	a23	11
12	0.257002499925512	a7	a16	a23	12
12	0.257047391380821	a7	a17	a23	13
13	0.257071189260744	a7	a16
13	0.257075516148003	a7	a14
12	0.257130143099645	a7	a14	a23	14
13	0.257146098496412	a7	a15
12	0.257164217336808	a7	a16	a23	15
13	0.257196668991248	a7	a17
13	0.25723290667204	a7	a14
13	0.257274552961906	a7	a16
13	0.257437352095016	a6	a10
12	0.257534707058338	a6	a10	a22	0
12	0.2576055598372	a7	a14	a23	0
13	0.257671544867897	a7	a14
12	0.257688311556024	a7	a14	a23	1
12	0.257752403573544	a7	a15	a23	2
13	0.257769981553033	a7	a14
12	0.25781541386925	a7	a14	a23	3
13	0.257899517740342	a7	a15
13	0.257903574197147	a7	a14
12	0.257953333400623	a7	a14	a23	4
12	0.257984432902795	a7	a15	a23	5
13	0.258032299093095	a7	a14
13	0.258055826542565	a7	a15
12	0.25809449809744	a7	a16	a23	6
12	0.258109101341938	a7	a17	a23	7
12	0.258142093857286	a7	a14	a23	8
12	0.258167243889478	a7	a15	a23	9
13	0.258218896106129	a7	a16
13	0.258219436967036	a7	a17
13	0.258244316568774	a7	a14
12	0.258298402659509	a7	a17	a23	10
13	0.258302459116314	a7	a15
12	0.258324904843968	a7	a16	a23	11
12	0.258334640340301	a7	a14	a23	12
13	0.258384940404684	a7	a17
12	0.258388456000581	a7	a15	a23	13
13	0.258427127555456	a7	a16
13	0.258431995303623	a7	a14
12	0.258492571725245	a7	a17	a23	14
12	0.258514747022446	a7	a16	a23	15
13	0.258520426061973	a7	a15
13	0.258575864304976	a7	a17
13	0.258599121323992	a7	a16
13	0.258728927941755	a6	a10
13	0.258779228006138	a8	a53
12	0.258818710852374	a6	a10	a24	0
12	0.258871174360386	a7	a14	a25	0
13	0.258888481909421	a7	a14
12	0.258907952902086	a7	a14	a25	1
13	0.258926883033843	a7	a14
12	0.258943108861063	a7	a14	a25	2
13	0.258960957271005	a7	a14
12	0.258977183098226	a7	a14	a25	3
13	0.258996113229983	a7	a14
12	0.25901287991811	a7	a14	a25	4
13	0.259038300380756	a7	a14
12	0.259078324087899	a7	a14	a25	5
13	0.259097254219656	a7	a14
12	0.259121322530033	a7	a15	a25	6
12	0.259136196204985	a7	a14	a25	7
13	0.259162698389445	a7	a14
13	0.259178653786211	a7	a15
12	0.259299265768549	a7	a15	a25	8
12	0.259329824409814	a7	a14	a25	9
12	0.259337937323424	a7	a16	a25	10
13	0.259357137885635	a7	a15
13	0.25937147069968	a7	a14
13	0.25939580944051	a7	a16
12	0.259410412685008	a7	a17	a25	11
12	0.259463687484382	a7	a15	a25	12
13	0.25947315255026	a7	a17
12	0.259478020298426	a7	a16	a25	13
13	0.259503981621979	a7	a16
13	0.259511283244228	a7	a15
12	0.259513176257404	a7	a14	a25	14
12	0.259541841885493	a7	a17	a25	15
13	0.259575916122656	a7	a14
13	0.259616480690707	a7	a17
13	0.259754400222079	a6	a10
13	0.259785229293798	a8	a52
12	0.259949651009631	a8	a52	a38	0
12	0.259990215577681	a6	a10	a26	0
12	0.260072426435598	a7	a14	a27	0
13	0.260118399612722	a7	a14
12	0.260174649147086	a7	a16	a27	1
12	0.260217377158766	a7	a14	a27	2
12	0.260254966991827	a7	a15	a27	3
13	0.260272004110408	a7	a16
13	0.260331498810216	a7	a14
12	0.260345020332899	a7	a17	a27	4
13	0.26034799506789	a7	a15
12	0.260412357515864	a7	a15	a27	5
12	0.260432639799889	a7	a16	a27	6
13	0.26044670218348	a7	a17
12	0.260464550593422	a7	a14	a27	7
13	0.260489971056068	a7	a16
13	0.26049456837378	a7	a15
13	0.260544598007709	a7	a14
12	0.260546220590431	a7	a17	a27	8
12	0.26058218784077	a7	a15	a27	9
12	0.260607337872961	a7	a16	a27	10
13	0.260616532508386	a7	a17
12	0.260624104561089	a7	a14	a27	11
13	0.260656285785076	a7	a15
12	0.260684680982712	a7	a17	a27	12
13	0.260685221843619	a7	a14
13	0.260690089591785	a7	a16
12	0.260753911178852	a7	a16	a27	13
12	0.260779331641497	a7	a14	a27	14
13	0.260791771442366	a7	a17
12	0.260803399951874	a7	a15	a27	15
13	0.260815569322289	a7	a16
13	0.260837203758583	a7	a14
13	0.260862894651681	a7	a15
13	0.261074641696907	a6	a10
13	0.261165506329341	a8	a52
12	0.261203907453762	a8	a52	a41	0
12	0.261223378446426	a6	a10	a28	0
12	0.261280709702605	a7	a14	a29	0
13	0.261296935529825	a7	a14
12	0.26131640652249	a7	a14	a29	1
13	0.261331550627895	a7	a14
12	0.261348317316023	a7	a14	a29	2
13	0.261364543143243	a7	a14
12	0.261398076519499	a7	a14	a29	3
13	0.261414302346719	a7	a14
12	0.261448917444789	a7	a14	a29	4
13	0.261465684132917	a7	a14
12	0.261514902475485	a7	a16	a29	5
12	0.261535996050871	a7	a14	a29	6
13	0.261552762738999	a7	a14
13	0.261568988566219	a7	a16
12	0.26158305094981	a7	a17	a29	7
12	0.261605496677465	a7	a15	a29	8
12	0.26161982949151	a7	a14	a29	9
13	0.261634973596916	a7	a17
13	0.261636596179638	a7	a14
13	0.261641734358257	a7	a15
12	0.261664180085912	a7	a16	a29	10
13	0.261690141409465	a7	a16
12	0.261742604917477	a7	a17	a29	11
13	0.261767484519215	a7	a17
12	0.261771000115113	a7	a15	a29	12
13	0.261786685081426	a7	a15
12	0.261792364120953	a7	a14	a29	13
13	0.261816162000876	a7	a14
12	0.261824274914486	a7	a16	a29	14
13	0.261844827628965	a7	a16
12	0.261855644847112	a7	a14	a29	15
13	0.261890800806089	a7	a14
13	0.262100654838139	a6	a10
13	0.262143382849819	a8	a52
12	0.262407863833511	a8	a52	a46	0
12	0.262738329847898	a6	a10	a30	0
12	0.262810805209482	a7	a14	a31	0
13	0.262925467721839	a7	a14
12	0.26302714957242	a7	a16	a31	1
12	0.263073393179998	a7	a15	a31	2
12	0.263092052881301	a7	a14	a31	3
13	0.263220777777249	a7	a14
13	0.263238355756738	a7	a15
13	0.263242412213543	a7	a16
13	0.263437663001094	a6	a10
12	0.263461460881017	a6	a10	a32	0
12	0.263560979287969	a7	a14	a33	0
13	0.263657793390383	a7	a14
12	0.263662120277642	a7	a17	a33	1
12	0.263697276236619	a7	a14	a33	2
13	0.263776241929092	a7	a14
12	0.263855207621564	a7	a14	a33	3
13	0.263933091592221	a7	a14
13	0.263983932517512	a7	a17
13	0.26413915959792	a6	a10
12	0.264680020505264	a6	a10	a34	0
12	0.264739515205072	a7	a14	a35	0
13	0.264881220762796	a7	a14
12	0.264887981524138	a7	a15	a35	1
12	0.264982361752469	a7	a16	a35	2
12	0.265005618771485	a7	a14	a35	3
13	0.265215202373081	a7	a15
13	0.265217095386257	a7	a14
13	0.265220881412608	a7	a16
13	0.265430735444658	a6	a10
12	0.265459941933654	a6	a10	a36	0
12	0.26552809040798	a7	a14	a37	0
13	0.265639507754893	a7	a14
12	0.265661683052094	a7	a14	a37	1
12	0.265758497154508	a7	a16	a37	2
13	0.26582934993337	a7	a14
12	0.265850713939211	a7	a15	a37	3
13	0.266147917007796	a7	a16
13	0.266242838097035	a7	a15
13	0.26635073984805	a6	a10
12	0.266438900175948	a8	a53	a45	0
13	0.267405959478279	a8	a53
12	0.267444360602701	a8	a53	a50	0
12	0.267958178464678	a8	a54	a49	0
13	0.269736529128026	a8	a54
12	0.269770603365188	a8	a54	a48	0
13	0.270430994533056	a8	a54
12	0.270451006386628	a8	a54	a47	0
13	0.270882613390688	a8	a54
13	0.271359652710966	a8	a53
13	0.271395890391758	a8	a52
13	0.271533269062223	a8	a51
12	0.271768543556918	a8	a51	a43	0
13	0.27384544944112	a8	a51
12	0.273879523678283	a8	a51	a42	0
12	0.273897372088225	a8	a52	a44	0
13	0.277654732811546	a8	a52
12	0.27771098234591	a6	a10	a20	0
12	0.277774803932977	a7	a14	a21	0
13	0.277834839493692	a7	a14
12	0.27786783200904	a7	a14	a21	1
12	0.277904610550739	a7	a16	a21	2
13	0.277917591212516	a7	a14
12	0.277959778363288	a7	a14	a21	3
13	0.278001424653154	a7	a14
13	0.278140425906341	a7	a16
13	0.278249138948718	a6	a10
12	0.278312419674877	a8	a52	a40	0
12	0.278330808945727	a8	a53	a39	0
12	0.278402202585496	a6	a10	a22	0
12	0.27851956940239	a7	a14	a23	0
13	0.278592585624881	a7	a14
12	0.278609352313009	a7	a14	a23	1
13	0.278686154561852	a7	a14
12	0.278701839528165	a7	a14	a23	2
13	0.278773233167934	a7	a14
12	0.2787781009161	a7	a16	a23	3
12	0.278819206345058	a7	a14	a23	4
12	0.278838136476816	a7	a17	a23	5
13	0.278896549454809	a7	a14
12	0.278916831738834	a7	a15	a23	6
12	0.278952798989173	a7	a14	a23	7
13	0.27900418077537	a7	a17
13	0.279023651768035	a7	a16
13	0.279060430309734	a7	a14
12	0.279085309911472	a7	a17	a23	8
13	0.279099101864609	a7	a15
12	0.279114516400468	a7	a16	a23	9
12	0.279154540107612	a7	a14	a23	10
12	0.279177526696174	a7	a15	a23	11
13	0.279204840171995	a7	a16
13	0.279213493946512	a7	a17
12	0.279263253149988	a7	a16	a23	12
12	0.279290296195355	a7	a17	a23	13
13	0.279319502684352	a7	a14
13	0.279333835498397	a7	a15
13	0.279354117782422	a7	a16
12	0.279403606555444	a7	a15	a23	14
12	0.279422807117655	a7	a14	a23	15
13	0.279437410362153	a7	a17
13	0.279486899135175	a7	a15
13	0.279513671750089	a7	a14
13	0.279667817108682	a6	a10
12	0.279772203263799	a6	a10	a22	0
12	0.279838729155402	a7	a14	a23	0
13	0.279899846437932	a7	a14
12	0.279947442197779	a7	a14	a23	1
12	0.279982057295849	a7	a16	a23	2
13	0.280019917559363	a7	a14
12	0.280052910074711	a7	a14	a23	3
13	0.280125926297202	a7	a14
13	0.28013241662809	a7	a16
12	0.280137284376257	a7	a17	a23	4
12	0.280168654308882	a7	a14	a23	5
12	0.280213004903285	a7	a16	a23	6
12	0.280247349570901	a7	a15	a23	7
13	0.280257896358594	a7	a17
13	0.280268713576741	a7	a14
13	0.280324963111105	a7	a16
12	0.280340648077418	a7	a17	a23	8
12	0.280377967480025	a7	a14	a23	9
13	0.280395545459513	a7	a15
12	0.280417450326261	a7	a16	a23	10
13	0.280417450326261	a7	a17
13	0.280468291251551	a7	a14
12	0.2804755928738	a7	a15	a23	11
12	0.280501824627807	a7	a17	a23	12
13	0.280502365488714	a7	a16
12	0.280562401049429	a7	a14	a23	13
13	0.280579979028918	a7	a15
12	0.280585117207538	a7	a16	a23	14
13	0.280590525816611	a7	a17
12	0.280637851146004	a7	a15	a23	15
13	0.280646234490068	a7	a14
13	0.280668950648176	a7	a16
13	0.280758463128341	a7	a15
13	0.28087177348843	a6	a10
13	0.280920450970091	a8	a53
12	0.280931809049145	a6	a10	a24	0
12	0.280999957523471	a7	a14	a25	0
13	0.28101834679432	a7	a14
12	0.281035113482448	a7	a14	a25	1
13	0.281053502753298	a7	a14
12	0.281070810302333	a7	a14	a25	2
13	0.281089199573183	a7	a14
12	0.281106507122218	a7	a14	a25	3
13	0.281127600697604	a7	a14
12	0.281143285663917	a7	a14	a25	4
13	0.281161674934767	a7	a14
12	0.281214679303686	a7	a14	a25	5
13	0.281235772879073	a7	a14
12	0.281254162149922	a7	a17	a25	6
12	0.281300135327047	a7	a14	a25	7
13	0.281323392346063	a7	a14
12	0.281333127842395	a7	a16	a25	8
13	0.281372069827724	a7	a16
12	0.281373692410446	a7	a14	a25	9
13	0.2813850504895	a7	a17
13	0.281398572012183	a7	a14
12	0.281430212375263	a7	a15	a25	10
12	0.281437513997512	a7	a14	a25	11
12	0.281457525851084	a7	a17	a25	12
13	0.28146239359925	a7	a14
13	0.281485650618266	a7	a17
12	0.281486732340081	a7	a16	a25	13
13	0.281490788796886	a7	a15
12	0.281544063596259	a7	a14	a25	14
13	0.281551094788055	a7	a16
12	0.281564616310738	a7	a17	a25	15
13	0.281567320615275	a7	a14
13	0.281607885183326	a7	a17
13	0.281829638155337	a6	a10
13	0.281859385505241	a8	a52
12	0.282029215830147	a8	a52	a38	0
12	0.282070321259105	a6	a10	a26	0
12	0.28212224390621	a7	a14	a27	0
13	0.282173625692408	a7	a14
12	0.282203913903219	a7	a16	a27	1
12	0.282298294131551	a7	a15	a27	2
13	0.282299105422912	a7	a16
12	0.2823055957538	a7	a17	a27	3
12	0.28232398502465	a7	a14	a27	4
13	0.282389158763985	a7	a15
13	0.28239105177716	a7	a14
13	0.282394296942604	a7	a17
12	0.28242566687523	a7	a14	a27	5
12	0.28247867124415	a7	a17	a27	6
12	0.282497060515	a7	a16	a27	7
13	0.282497060515	a7	a14
12	0.282520047103562	a7	a15	a27	8
12	0.282533839056699	a7	a14	a27	9
13	0.282557096075715	a7	a16
13	0.282564668128418	a7	a17
13	0.282577648790194	a7	a14
13	0.282606584848737	a7	a15
12	0.282631194020021	a7	a17	a27	10
12	0.282668513422628	a7	a14	a27	11
12	0.28268636183257	a7	a16	a27	12
13	0.282693393024366	a7	a17
13	0.282726385539714	a7	a14
12	0.282728819413797	a7	a15	a27	13
13	0.282751265141452	a7	a16
12	0.282779389908633	a7	a17	a27	14
13	0.282808866828084	a7	a15
12	0.282819954476684	a7	a14	a27	15
13	0.282834557721183	a7	a17
13	0.282883776063751	a7	a14
13	0.283031431091456	a6	a10
13	0.283125540889334	a8	a52
12	0.283152043073794	a8	a52	a41	0
12	0.283165564596477	a6	a10	a28	0
12	0.28323425393171	a7	a14	a29	0
13	0.283249938898023	a7	a14
12	0.283266705586151	a7	a14	a29	1
13	0.283282931413371	a7	a14
12	0.283299157240591	a7	a14	a29	2
13	0.283315383067812	a7	a14
12	0.283331608895032	a7	a14	a29	3
13	0.28334837558316	a7	a14
12	0.283364060549473	a7	a14	a29	4
13	0.283380286376693	a7	a14
12	0.283427341275632	a7	a14	a29	5
13	0.28344410796376	a7	a14
12	0.283475477896386	a7	a16	a29	6
12	0.283496030610865	a7	a14	a29	7
13	0.283512797298992	a7	a14
13	0.283530104848027	a7	a16
12	0.283576348455605	a7	a15	a29	8
12	0.283583650077854	a7	a14	a29	9
13	0.283600416765982	a7	a14
13	0.28361204527549	a7	a15
12	0.283650175969458	a7	a17	a29	10
12	0.283674514710288	a7	a16	a29	11
13	0.283688036232972	a7	a17
13	0.283691822259323	a7	a16
12	0.283699935172933	a7	a14	a29	12
13	0.283725355635579	a7	a14
12	0.283747801363233	a7	a15	a29	13
13	0.283764568051361	a7	a15
12	0.283779441726313	a7	a16	a29	14
13	0.283827037486159	a7	a16
12	0.283831905234325	a7	a17	a29	15
13	0.28388382788143	a7	a17
13	0.284080160390796	a6	a10
13	0.284114775488866	a8	a52
12	0.284416575875165	a8	a52	a46	0
12	0.284773003213105	a6	a10	a30	0
12	0.284847642018318	a7	a14	a31	0
13	0.284962304530675	a7	a14
12	0.28500611426417	a7	a14	a31	1
12	0.285032886879083	a7	a15	a31	2
12	0.285036402474981	a7	a16	a31	3
13	0.285131593994674	a7	a14
13	0.285244363493855	a7	a15
13	0.285253287698826	a7	a16
13	0.285426363189176	a6	a10
12	0.285452865373636	a6	a10	a32	0
12	0.285566987025086	a7	a14	a33	0
13	0.285650820465724	a7	a14
12	0.285667046292945	a7	a14	a33	1
13	0.285748716289954	a7	a14
12	0.285766023838989	a7	a14	a33	2
12	0.285811726585659	a7	a15	a33	3
13	0.285850398140534	a7	a14
13	0.286130293660085	a7	a15
13	0.2862381954111	a6	a10
12	0.286755258438521	a6	a10	a34	0
12	0.286843418766419	a7	a14	a35	0
12	0.286887228499913	a7	a17	a35	1
13	0.286984583463235	a7	a14
12	0.287031097501267	a7	a14	a35	2
12	0.287093566936065	a7	a15	a35	3
13	0.28719335577347	a7	a17
13	0.287253932195093	a7	a14
13	0.287293685471783	a7	a15
13	0.287461622783513	a6	a10
12	0.287492451855232	a6	a10	a36	0
12	0.287564386355908	a7	a14	a37	0
13	0.287666068206489	a7	a14
12	0.287681753172802	a7	a14	a37	1
13	0.287773699527051	a7	a14
12	0.287805069459677	a7	a14	a37	2
12	0.28786131899404	a7	a16	a37	3
13	0.287906751310257	a7	a14
13	0.28810578812416	a7	a16
13	0.288226940967405	a6	a10
12	0.288312937851673	a8	a53	a45	0
13	0.289087991531897	a8	a53
12	0.289115034577265	a8	a53	a50	0
12	0.289626148134705	a8	a54	a49	0
13	0.291314175026526	a8	a54
12	0.291355821316392	a8	a54	a48	0
13	0.292008640431556	a8	a54
12	0.292028652285128	a8	a54	a47	0
13	0.292439165713803	a8	a54
13	0.292925940530412	a8	a53
13	0.292962719072112	a8	a52
13	0.293093066550782	a8	a51
12	0.293314278661886	a8	a51	a42	0
12	0.293332667932735	a8	a52	a44	0
13	0.296974825282792	a8	a52
12	0.297019716738101	a6	a10	a20	0
12	0.29710138673511	a7	a14	a21	0
13	0.297200364281154	a7	a14
12	0.297253909510982	a7	a14	a21	1
12	0.297272298781831	a7	a16	a21	2
12	0.297323139707122	a7	a17	a21	3
13	0.297496756058379	a7	a14
13	0.297524880825561	a7	a16
13	0.297584375525369	a7	a17
13	0.29778178975655	a6	a10
12	0.297841825317265	a8	a52	a40	0
12	0.297866164058095	a8	a53	a39	0
12	0.297934312532421	a6	a10	a22	0
12	0.297997052397673	a7	a14	a23	0
13	0.298069527759257	a7	a14
12	0.298087376169199	a7	a14	a23	1
12	0.298153902060802	a7	a16	a23	2
13	0.298168505305301	a7	a14
12	0.298237194640533	a7	a14	a23	3
13	0.298332927021133	a7	a16
13	0.298338335630207	a7	a14
12	0.298344555530641	a7	a15	a23	4
12	0.298385390529146	a7	a14	a23	5
12	0.298420546488123	a7	a17	a23	6
12	0.298434608871714	a7	a16	a23	7
13	0.298451105129388	a7	a15
13	0.298500053041503	a7	a14
12	0.298507354663752	a7	a15	a23	8
13	0.298522769199611	a7	a17
13	0.298569283237643	a7	a16
12	0.2985882133694	a7	a14	a23	9
12	0.298622287606563	a7	a17	a23	10
12	0.298640136016505	a7	a16	a23	11
13	0.298650682804198	a7	a15
12	0.298714504391265	a7	a15	a23	12
13	0.298716397404441	a7	a14
13	0.298722346874421	a7	a17
13	0.29872667376168	a7	a16
12	0.298791577070561	a7	a14	a23	13
13	0.298803746440977	a7	a15
12	0.298815915811392	a7	a17	a23	14
12	0.2988386319695	a7	a16	a23	15
13	0.298904076139289	a7	a14
13	0.298931660045564	a7	a17
13	0.298938691237359	a7	a16
13	0.299118257058597	a6	a10
12	0.299210203412846	a6	a10	a22	0
12	0.299269157251746	a7	a14	a23	0
13	0.299338928308794	a7	a14
12	0.299374625128679	a7	a14	a23	1
12	0.299412755822646	a7	a15	a23	2
13	0.299449804794799	a7	a14
12	0.299505513468256	a7	a14	a23	3
13	0.299549052771297	a7	a15
13	0.299579070551655	a7	a14
12	0.299629911476945	a7	a14	a23	4
12	0.299682645415411	a7	a15	a23	5
12	0.299688324454938	a7	a16	a23	6
13	0.299716990083027	a7	a14
12	0.299735379353877	a7	a17	a23	7
12	0.299757554651078	a7	a14	a23	8
13	0.29977459176966	a7	a15
13	0.299819753655423	a7	a16
12	0.299840035939448	a7	a15	a23	9
13	0.299846255839883	a7	a14
12	0.299901423652432	a7	a16	a23	10
13	0.299902505374247	a7	a17
12	0.299923598949633	a7	a14	a23	11
13	0.299965515669952	a7	a15
12	0.299969572126757	a7	a17	a23	12
13	0.299984175371255	a7	a16
12	0.300042317918795	a7	a15	a23	13
13	0.300059355037376	a7	a14
12	0.300059895898284	a7	a16	a23	14
13	0.300063141063728	a7	a17
12	0.300137779868941	a7	a14	a23	15
13	0.300181589602436	a7	a16
13	0.300182400893797	a7	a15
13	0.300229185362282	a7	a14
13	0.300379003833617	a6	a10
13	0.300423354428019	a8	a53
12	0.300440661977054	a6	a10	a24	0
12	0.300510433034102	a7	a14	a25	0
13	0.300528281444044	a7	a14
12	0.300544507271264	a7	a14	a25	1
13	0.300563978263929	a7	a14
12	0.300581285812964	a7	a14	a25	2
13	0.300606706275609	a7	a14
12	0.300622932102829	a7	a14	a25	3
13	0.300642943956401	a7	a14
12	0.300675936471749	a7	a14	a25	4
13	0.300694325742599	a7	a14
12	0.300709469848004	a7	a17	a25	5
12	0.30073272686702	a7	a14	a25	6
13	0.300758147329665	a7	a14
12	0.3007754548787	a7	a14	a25	7
13	0.300795466732272	a7	a14
12	0.300816019446751	a7	a14	a25	8
13	0.300821428055825	a7	a17
13	0.30084468507484	a7	a14
12	0.300878759312003	a7	a14	a25	9
13	0.300904179774648	a7	a14
12	0.300911210966444	a7	a17	a25	10
13	0.300930681959108	a7	a17
12	0.300952316395402	a7	a14	a25	11
13	0.300977736858047	a7	a14
12	0.300981793314852	a7	a15	a25	12
12	0.301025873478801	a7	a14	a25	13
13	0.301043451458289	a7	a15
12	0.301044803610558	a7	a16	a25	14
13	0.301052916524168	a7	a14
12	0.301068060629573	a7	a17	a25	15
13	0.301092399370404	a7	a17
13	0.301102134866736	a7	a16
13	0.301313611481508	a6	a10
13	0.301343899692319	a8	a52
12	0.301507780547244	a8	a52	a38	0
12	0.301562407498886	a6	a10	a26	0
12	0.301740350737402	a7	a14	a27	0
13	0.301790109940878	a7	a14
12	0.301835271826641	a7	a15	a27	1
12	0.301855554110667	a7	a16	a27	2
12	0.301890169208737	a7	a17	a27	3
13	0.301961562848506	a7	a17
12	0.301968053179394	a7	a14	a27	4
13	0.301984279006615	a7	a16
13	0.301989417185234	a7	a15
13	0.30201781238287	a7	a14
12	0.302024843574666	a7	a17	a27	5
12	0.302054861355023	a7	a15	a27	6
12	0.302076225360863	a7	a16	a27	7
13	0.302109217876211	a7	a17
12	0.302128148007968	a7	a14	a27	8
13	0.302151945887891	a7	a16
13	0.302155461483789	a7	a15
12	0.302204409395904	a7	a17	a27	9
13	0.302214144892236	a7	a14
12	0.302224150819022	a7	a15	a27	10
12	0.302241728798511	a7	a16	a27	11
12	0.302284456810191	a7	a14	a27	12
13	0.302302575650587	a7	a15
13	0.302304468663763	a7	a17
13	0.30230500952467	a7	a16
13	0.302343410649091	a7	a14
12	0.302362881641756	a7	a16	a27	13
12	0.302374780581717	a7	a17	a27	14
12	0.302401282766177	a7	a14	a27	15
13	0.302428325811544	a7	a16
13	0.302439683890599	a7	a17
13	0.302456450578726	a7	a14
13	0.3026165454073	a6	a10
13	0.302702542291568	a8	a52
12	0.302725799310584	a8	a52	a41	0
12	0.302739861694175	a6	a10	a28	0
12	0.302812877916666	a7	a14	a29	0
13	0.302829103743886	a7	a14
12	0.302846952153829	a7	a14	a29	1
13	0.302862096259234	a7	a14
12	0.302878862947362	a7	a14	a29	2
13	0.302895088774583	a7	a14
12	0.302911314601803	a7	a14	a29	3
13	0.302928081289931	a7	a14
12	0.302968645857981	a7	a14	a29	4
13	0.302984871685202	a7	a14
12	0.303006776551949	a7	a15	a29	5
12	0.30302381367053	a7	a14	a29	6
13	0.303040039497751	a7	a14
12	0.303063296516767	a7	a14	a29	7
13	0.303080063204894	a7	a14
13	0.30308195621807	a7	a15
12	0.303202297769954	a7	a14	a29	8
13	0.303225013928063	a7	a14
12	0.303232315550312	a7	a15	a29	9
12	0.303243403198912	a7	a16	a29	10
13	0.303248000516625	a7	a15
13	0.303277477436075	a7	a16
12	0.303338053857698	a7	a17	a29	11
12	0.303354550115371	a7	a15	a29	12
13	0.303370235081684	a7	a15
12	0.30337429153849	a7	a14	a29	13
13	0.303381322730285	a7	a17
12	0.303384027034822	a7	a16	a29	14
13	0.303399171140227	a7	a14
13	0.303399171140227	a7	a16
12	0.303436760973288	a7	a15	a29	15
13	0.30345677282686	a7	a15
13	0.303627955304034	a6	a10
13	0.3036696015939	a8	a52
12	0.303929214829425	a8	a52	a46	0
12	0.304302408855492	a6	a10	a30	0
12	0.304374343356169	a7	a14	a31	0
13	0.304487924146711	a7	a14
12	0.30451064030482	a7	a14	a31	1
13	0.304615026459937	a7	a14
12	0.304645855531656	a7	a16	a31	2
12	0.304695614735132	a7	a17	a31	3
13	0.30484867837191	a7	a16
13	0.304851382676447	a7	a17
13	0.305011477505021	a6	a10
12	0.305034734524037	a6	a10	a32	0
12	0.305111536772879	a7	a14	a33	0
13	0.305198074518055	a7	a14
12	0.305243506834271	a7	a14	a33	1
12	0.305275147197351	a7	a15	a33	2
13	0.305332208023076	a7	a14
12	0.305376558617478	a7	a14	a33	3
13	0.305454983449043	a7	a14
13	0.305583437914537	a7	a15
13	0.305698911718255	a6	a10
12	0.306230577990175	a6	a10	a34	0
12	0.306409062089598	a7	a14	a35	0
12	0.306457198710352	a7	a17	a35	1
12	0.306545088607796	a7	a15	a35	2
13	0.30656969777908	a7	a14
12	0.306619456982555	a7	a14	a35	3
13	0.306745477573967	a7	a17
13	0.306842832537289	a7	a14
13	0.306843102967742	a7	a15
13	0.307036460742118	a6	a10
12	0.307065667231114	a6	a10	a36	0
12	0.307134356566347	a7	a14	a37	0
13	0.307232252390576	a7	a14
12	0.307284715898589	a7	a14	a37	1
12	0.307331770797528	a7	a16	a37	2
12	0.307353946094729	a7	a17	a37	3
13	0.307389642914614	a7	a14
13	0.307638979792899	a7	a16
13	0.307744447669832	a7	a17
13	0.307868304817613	a6	a10
12	0.307946729649178	a8	a53	a45	0
13	0.309005735305758	a8	a53
12	0.30904413643018	a8	a53	a50	0
12	0.309433556283468	a8	a54	a49	0
13	0.311287627473844	a8	a54
12	0.311323865154636	a8	a54	a48	0
13	0.311970193938912	a8	a54
12	0.312001563871538	a8	a54	a47	0
13	0.312420190213823	a8	a54
13	0.312888575759583	a8	a53
13	0.312929681188541	a8	a52
13	0.313090316878023	a8	a51
12	0.313309906406404	a8	a51	a42	0
12	0.313328295677254	a8	a52	a44	0
13	0.316900681970263	a8	a52
12	0.317003445542659	a6	a10	a20	0
12	0.31706618540791	a7	a14	a21	0
13	0.317151641431271	a7	a14
12	0.317168948980306	a7	a14	a21	1
13	0.317344187914285	a7	a14
12	0.317376098707819	a7	a17	a21	2
12	0.317525376318246	a7	a14	a21	3
13	0.317617863533402	a7	a14
13	0.317653019492379	a7	a17
13	0.31784015736632	a6	a10
12	0.317886130543444	a8	a52	a40	0
12	0.317903978953387	a8	a53	a39	0
12	0.317971045705897	a6	a10	a22	0
12	0.318052174841999	a7	a14	a23	0
12	0.31810599050228	a7	a15	a23	1
13	0.318121405038139	a7	a14
12	0.318165214771634	a7	a14	a23	2
12	0.318214433114202	a7	a16	a23	3
13	0.318245262185921	a7	a14
13	0.318280688575352	a7	a15
12	0.318290153641231	a7	a14	a23	4
13	0.318358302115556	a7	a14
13	0.318384804300016	a7	a16
12	0.318407520458124	a7	a17	a23	5
12	0.318449978039351	a7	a15	a23	6
12	0.318462147409766	a7	a14	a23	7
12	0.318486486150597	a7	a16	a23	8
13	0.318505957143261	a7	a17
13	0.318548955585395	a7	a15
13	0.318576809922123	a7	a16
12	0.318590872305714	a7	a17	a23	9
12	0.318615481476998	a7	a15	a23	10
13	0.318618997072896	a7	a14
12	0.318665511110928	a7	a16	a23	11
12	0.318692013295387	a7	a14	a23	12
13	0.318719326771208	a7	a15
13	0.318768274683323	a7	a16
13	0.318768274683323	a7	a17
12	0.318793965576422	a7	a15	a23	13
13	0.318802348920486	a7	a14
12	0.318841831766722	a7	a17	a23	14
12	0.31886454792483	a7	a14	a23	15
13	0.318892943122466	a7	a15
13	0.318937564147322	a7	a14
13	0.318949463087283	a7	a17
13	0.319130110630336	a6	a10
12	0.319222597845492	a6	a10	a22	0
12	0.319273438770783	a7	a14	a23	0
13	0.319334015192405	a7	a14
12	0.319352945324162	a7	a14	a23	1
12	0.319437860486615	a7	a16	a23	2
13	0.319465985253797	a7	a14
12	0.319503304656404	a7	a14	a23	3
12	0.319569019256646	a7	a15	a23	4
13	0.319570912269822	a7	a16
13	0.319581729487969	a7	a14
12	0.319633652135074	a7	a16	a23	5
12	0.319667185511329	a7	a14	a23	6
13	0.319685304351725	a7	a15
12	0.319723435045693	a7	a17	a23	7
13	0.319752100673782	a7	a14
12	0.319752371104236	a7	a15	a23	8
13	0.319777521136427	a7	a16
12	0.319830525505347	a7	a16	a23	9
12	0.319849455637104	a7	a14	a23	10
13	0.319855945967992	a7	a17
13	0.319890831496516	a7	a15
12	0.319920849276874	a7	a17	a23	11
12	0.319948162752695	a7	a15	a23	12
13	0.319963577288554	a7	a16
12	0.320018745101103	a7	a16	a23	13
13	0.320025235431991	a7	a14
13	0.320036052650138	a7	a17
13	0.320041731689665	a7	a15
12	0.320110961885805	a7	a15	a23	14
12	0.32011501834261	a7	a17	a23	15
13	0.320129080726201	a7	a16
13	0.320210480292757	a7	a15
13	0.32022102708045	a7	a17
13	0.320374631578136	a6	a10
13	0.320424390781611	a8	a53
12	0.320435748860665	a6	a10	a24	0
12	0.320527695214914	a7	a14	a25	0
13	0.320545002763949	a7	a14
12	0.320561769452077	a7	a14	a25	1
13	0.320582863027463	a7	a14
12	0.320598547993776	a7	a14	a25	2
13	0.320616937264626	a7	a14
12	0.320633703952753	a7	a14	a25	3
13	0.320660746998121	a7	a14
12	0.320677513686248	a7	a14	a25	4
13	0.320695902957098	a7	a14
12	0.320727813750631	a7	a14	a25	5
13	0.320747825604203	a7	a14
12	0.320761347126887	a7	a16	a25	6
12	0.320782440702273	a7	a14	a25	7
13	0.320810024608548	a7	a14
12	0.320825709574861	a7	a14	a25	8
13	0.320845721428432	a7	a14
13	0.320883040831039	a7	a16
12	0.320886826857391	a7	a14	a25	9
13	0.320912788180943	a7	a14
12	0.320950648444457	a7	a14	a25	10
13	0.320970119437122	a7	a14
12	0.320982288807537	a7	a15	a25	11
12	0.320985263542527	a7	a16	a25	12
12	0.321006897978821	a7	a14	a25	13
13	0.321015010892431	a7	a16
13	0.321021230792866	a7	a15
13	0.321025287249671	a7	a14
12	0.321080995923127	a7	a16	a25	14
12	0.321118315325734	a7	a17	a25	15
13	0.321121019630271	a7	a16
13	0.32120052618365	a7	a17
13	0.321324383331432	a6	a10
13	0.321356834985873	a8	a52
12	0.321515848092632	a8	a52	a38	0
12	0.321555330938868	a6	a10	a26	0
12	0.321598058950548	a7	a14	a27	0
13	0.321644032127673	a7	a14
12	0.321704067688388	a7	a16	a27	1
12	0.321739223647365	a7	a14	a27	2
12	0.321773568314982	a7	a15	a27	3
13	0.321793850599007	a7	a14
13	0.321804667817154	a7	a16
12	0.321839823776131	a7	a14	a27	4
13	0.321851452285639	a7	a15
12	0.3218890421187	a7	a17	a27	5
13	0.321913921720437	a7	a14
12	0.321924738938584	a7	a16	a27	6
12	0.321970982546162	a7	a15	a27	7
12	0.321988560525651	a7	a14	a27	8
13	0.321988560525651	a7	a16
13	0.321995591717446	a7	a17
12	0.322044810060015	a7	a16	a27	9
13	0.322047514364551	a7	a14
13	0.322052111682264	a7	a15
12	0.322072393966289	a7	a17	a27	10
13	0.322102682177101	a7	a16
12	0.322133240818365	a7	a15	a27	11
13	0.322140542440615	a7	a17
12	0.322158931711464	a7	a14	a27	12
12	0.322196251114071	a7	a16	a27	13
13	0.322198684988154	a7	a15
12	0.32220869091494	a7	a17	a27	14
13	0.32220869091494	a7	a14
12	0.322256286674786	a7	a14	a27	15
13	0.322265481310211	a7	a17
13	0.322266022171118	a7	a16
13	0.322317944818224	a7	a14
13	0.322484529977686	a6	a10
13	0.322559168782899	a8	a52
12	0.322597569907321	a8	a52	a41	0
12	0.322610550569097	a6	a10	a28	0
12	0.322664095798924	a7	a14	a29	0
13	0.322680321626144	a7	a14
12	0.322697629175179	a7	a14	a29	1
13	0.322712773280585	a7	a14
12	0.322729539968713	a7	a14	a29	2
13	0.322745765795933	a7	a14
12	0.322785789503076	a7	a14	a29	3
13	0.322801474469389	a7	a14
12	0.322835007845645	a7	a14	a29	4
13	0.322851233672865	a7	a14
12	0.322856912712392	a7	a15	a29	5
12	0.32288693049275	a7	a14	a29	6
13	0.32290315631997	a7	a14
13	0.32290829449859	a7	a15
12	0.322996725256941	a7	a14	a29	7
13	0.323021063997771	a7	a14
12	0.323067037174895	a7	a14	a29	8
12	0.323082722141208	a7	a17	a29	9
13	0.323083803863023	a7	a14
12	0.323113821643381	a7	a15	a29	10
13	0.32312112326563	a7	a17
12	0.323125450152889	a7	a16	a29	11
13	0.32313437435786	a7	a15
12	0.323140053397387	a7	a14	a29	12
13	0.323156279224607	a7	a14
13	0.323163310416403	a7	a16
12	0.323202252401732	a7	a17	a29	13
13	0.323226591142562	a7	a17
12	0.323229025016645	a7	a15	a29	14
13	0.323281488524657	a7	a15
12	0.323284463259648	a7	a14	a29	15
13	0.32330231166959	a7	a14
13	0.323481877490829	a6	a10
13	0.323526228085231	a8	a52
12	0.323793413373459	a8	a52	a46	0
12	0.324157412764102	a6	a10	a30	0
12	0.324228806403871	a7	a14	a31	0
12	0.324313180705417	a7	a16	a31	1
13	0.324354286134375	a7	a14
12	0.32438998295426	a7	a14	a31	2
12	0.324468678216278	a7	a15	a31	3
13	0.324504104605709	a7	a14
13	0.32451005407569	a7	a16
13	0.32463526337574	a7	a15
13	0.324737756517682	a6	a10
12	0.324764258702142	a6	a10	a32	0
12	0.324847551281873	a7	a14	a33	0
13	0.324979521343265	a7	a14
12	0.325026576242204	a7	a14	a33	1
12	0.325047128956683	a7	a17	a33	2
12	0.325114195709194	a7	a16	a33	3
13	0.325116359152823	a7	a14
13	0.325424109009102	a7	a17
13	0.325485226291632	a7	a16
13	0.32561395118758	a6	a10
12	0.326141831433148	a6	a10	a34	0
12	0.326212143351102	a7	a14	a35	0
13	0.326380891954194	a7	a14
12	0.326409557582283	a7	a14	a35	1
12	0.326498799631995	a7	a16	a35	2
12	0.326561539497247	a7	a17	a35	3
13	0.326571815854486	a7	a14
13	0.326783833330165	a7	a17
13	0.326796813991942	a7	a16
13	0.327032629347544	a6	a10
12	0.327060213253818	a6	a10	a36	0
12	0.327146750998993	a7	a14	a37	0
12	0.327191912884757	a7	a15	a37	1
13	0.327243024240501	a7	a14
12	0.327310631853919	a7	a14	a37	2
12	0.327403659929982	a7	a17	a37	3
13	0.327532925686837	a7	a14
13	0.327577005850786	a7	a15
13	0.327667059191859	a7	a17
13	0.327787671174196	a6	a10
12	0.327877994945723	a8	a53	a45	0
13	0.329219870856844	a8	a53
12	0.32925935370308	a8	a53	a50	0
12	0.329667703688125	a8	a54	a49	0
13	0.331433073689697	a8	a54
12	0.331470933953211	a8	a54	a48	0
13	0.332101577771175	a8	a54
12	0.332121589624746	a8	a54	a47	0
13	0.332536429940679	a8	a54
13	0.333011305817328	a8	a53
13	0.333047002637212	a8	a52
13	0.333158960845033	a8	a51
12	0.333367733155268	a8	a51	a42	0
12	0.333386122426117	a8	a52	a44	0
13	0.336919566733798	a8	a52
12	0.336997450704455	a6	a10	a20	0
12	0.337072089509669	a7	a14	a21	0
13	0.33712076699133	a7	a14
12	0.337138074540365	a7	a14	a21	1
13	0.337175934803879	a7	a14
12	0.337220285398281	a7	a14	a21	2
13	0.337404718967685	a7	a14
12	0.337413372742203	a7	a16	a21	3
13	0.337705978493076	a7	a16
13	0.337846061468078	a6	a10
12	0.337902311002442	a8	a52	a40	0
12	0.337923404577829	a8	a53	a39	0
12	0.3379801949731	a6	a10	a22	0
12	0.338053752056499	a7	a14	a23	0
13	0.338121900530824	a7	a14
12	0.338157597350709	a7	a14	a23	1
12	0.338178690926095	a7	a17	a23	2
13	0.338232236155922	a7	a14
12	0.338245487248152	a7	a15	a23	3
12	0.338266851253992	a7	a14	a23	4
12	0.338327968536522	a7	a16	a23	5
13	0.338339326615576	a7	a14
13	0.338363665356407	a7	a17
12	0.338437763300713	a7	a14	a23	6
13	0.338442360618425	a7	a15
12	0.338467510650617	a7	a17	a23	7
13	0.33849942144415	a7	a16
13	0.338506993496853	a7	a14
12	0.338521326310898	a7	a15	a23	8
12	0.338568110779383	a7	a16	a23	9
12	0.33860543018199	a7	a14	a23	10
13	0.338613813526054	a7	a15
13	0.338637340975523	a7	a17
13	0.33864004528006	a7	a16
12	0.338675742099944	a7	a16	a23	11
13	0.338676823821759	a7	a14
12	0.338726583025235	a7	a17	a23	12
12	0.338752814779241	a7	a15	a23	13
12	0.338757952957861	a7	a14	a23	14
13	0.338764443288749	a7	a16
13	0.338814202492225	a7	a17
12	0.338821774544927	a7	a16	a23	15
13	0.338842327259407	a7	a14
13	0.338898035932863	a7	a16
13	0.338916695634166	a7	a15
13	0.339112757713079	a6	a10
12	0.339194968570995	a6	a10	a22	0
12	0.33926311704532	a7	a14	a23	0
13	0.339335051545997	a7	a14
12	0.33935073651231	a7	a14	a23	1
13	0.339432406509319	a7	a14
12	0.339448632336539	a7	a14	a23	2
13	0.339521107698124	a7	a14
12	0.339556804518008	a7	a14	a23	3
12	0.339608186304206	a7	a17	a23	4
13	0.3396298207405	a7	a14
12	0.339668221864921	a7	a14	a23	5
12	0.339722578386109	a7	a15	a23	6
12	0.339730420869266	a7	a16	a23	7
13	0.339741238087413	a7	a14
13	0.339761249940984	a7	a17
12	0.339782343516371	a7	a14	a23	8
12	0.339838593050735	a7	a17	a23	9
13	0.339855089308409	a7	a15
13	0.339859145765214	a7	a16
13	0.33987212642699	a7	a14
12	0.3399170178823	a7	a14	a23	10
13	0.33993324370952	a7	a17
12	0.339933784570427	a7	a16	a23	11
12	0.339965965794414	a7	a15	a23	12
12	0.339997065296587	a7	a17	a23	13
13	0.339998687879309	a7	a14
13	0.34001058681927	a7	a16
12	0.340038711586452	a7	a14	a23	14
13	0.340061698175014	a7	a15
12	0.340086307346298	a7	a16	a23	15
13	0.340127953636164	a7	a17
13	0.34015121065518	a7	a14
13	0.340179876283269	a7	a16
13	0.340350247469082	a6	a10
13	0.340392975480763	a8	a53
12	0.340415150777964	a6	a10	a24	0
12	0.340502770244954	a7	a14	a25	0
13	0.340521159515803	a7	a14
12	0.340555774613873	a7	a14	a25	1
13	0.340575786467445	a7	a14
12	0.340592012294665	a7	a14	a25	2
13	0.340610401565515	a7	a14
12	0.340649884411751	a7	a14	a25	3
13	0.340669896265323	a7	a14
12	0.340700995767495	a7	a15	a25	4
12	0.340709379111559	a7	a14	a25	5
13	0.340736963017834	a7	a14
12	0.340771037254996	a7	a14	a25	6
13	0.340812683544862	a7	a14
13	0.340813494836223	a7	a15
12	0.340879479866919	a7	a15	a25	7
13	0.340905982051379	a7	a15
12	0.340917610560887	a7	a14	a25	8
13	0.340972778373436	a7	a14
12	0.341000632710164	a7	a15	a25	9
12	0.341005230027876	a7	a17	a25	10
12	0.3410290279078	a7	a14	a25	11
13	0.341043631152298	a7	a17
13	0.341047958039557	a7	a14
12	0.34105336664863	a7	a16	a25	12
13	0.341069862906304	a7	a15
12	0.341135036645639	a7	a17	a25	14
13	0.341140445254712	a7	a16
12	0.341143690420157	a7	a14	a25	13
13	0.341155048499211	a7	a17
12	0.34116018667783	a7	a15	a25	15
13	0.34118073939231	a7	a15
13	0.341186959292744	a7	a14
13	0.341416825178365	a6	a10
13	0.341445490806455	a8	a52
12	0.341602340469584	a8	a52	a38	0
12	0.341640741594006	a6	a10	a26	0
12	0.34175594496727	a7	a14	a27	0
13	0.341803540727117	a7	a14
12	0.34187006661872	a7	a14	a27	1
12	0.34192090754401	a7	a17	a27	2
13	0.341937133371231	a7	a14
12	0.341950384463461	a7	a15	a27	3
12	0.341977157078374	a7	a14	a27	4
13	0.342035570056367	a7	a14
13	0.342055852340393	a7	a15
13	0.34209614647799	a7	a17
12	0.342115617470654	a7	a14	a27	5
13	0.342161590647778	a7	a14
12	0.342162131508686	a7	a17	a27	6
12	0.342193771871765	a7	a15	a27	7
12	0.342201073494015	a7	a14	a27	8
13	0.342217299321235	a7	a17
12	0.342233525148455	a7	a16	a27	9
13	0.342248669253861	a7	a14
13	0.342266788094257	a7	a15
12	0.342272467133784	a7	a17	a27	10
13	0.342321144615445	a7	a17
12	0.342340886038563	a7	a15	a27	11
13	0.34234872852172	a7	a16
12	0.342354137130793	a7	a14	a27	12
12	0.342408223221527	a7	a17	a27	13
12	0.342422285605118	a7	a16	a27	14
13	0.342428235075099	a7	a14
13	0.342438781862792	a7	a15
13	0.342480698583112	a7	a16
13	0.342488811496722	a7	a17
12	0.342509093780747	a7	a15	a27	15
13	0.34256750675874	a7	a15
13	0.342733280626841	a6	a10
13	0.34281711406748	a8	a52
12	0.342857678635531	a8	a52	a41	0
12	0.342869577575492	a6	a10	a28	0
12	0.342941512076169	a7	a14	a29	0
13	0.342957197042482	a7	a14
12	0.342976668035146	a7	a14	a29	1
13	0.342991812140552	a7	a14
12	0.343008037967772	a7	a14	a29	2
13	0.3430248046559	a7	a14
12	0.343057256310341	a7	a14	a29	3
13	0.343073482137561	a7	a14
12	0.343118914453778	a7	a14	a29	4
13	0.343135681141906	a7	a14
12	0.343161101604551	a7	a16	a29	5
12	0.343190848954455	a7	a17	a29	6
12	0.34320599305986	a7	a14	a29	7
13	0.343210319947119	a7	a16
13	0.343222218887081	a7	a14
13	0.343244935045189	a7	a17
12	0.343266028620576	a7	a14	a29	8
13	0.343282254447796	a7	a14
12	0.343292801235489	a7	a15	a29	9
12	0.343329850207642	a7	a16	a29	10
13	0.343337692690799	a7	a15
12	0.343351484643936	a7	a14	a29	11
13	0.34335472980938	a7	a16
12	0.343365547027527	a7	a17	a29	12
13	0.343375282523859	a7	a14
13	0.34338123199384	a7	a17
12	0.343419633118261	a7	a16	a29	13
12	0.343449110037712	a7	a15	a29	14
13	0.343469121891283	a7	a15
13	0.343481832122606	a7	a16
12	0.343495353645289	a7	a17	a29	15
13	0.343531591326082	a7	a17
13	0.343713320590949	a6	a10
13	0.343746313106297	a8	a52
12	0.344004844620008	a8	a52	a46	0
12	0.344394805334203	a6	a10	a30	0
12	0.344477557053027	a7	a14	a31	0
12	0.344526504965141	a7	a15	a31	1
12	0.344637111020693	a7	a16	a31	2
13	0.344638733603415	a7	a14
12	0.344713372408629	a7	a14	a31	3
13	0.344763402042558	a7	a15
13	0.344838852139133	a7	a16
13	0.344866436045407	a7	a14
13	0.345002192133151	a6	a10
12	0.345033021204869	a6	a10	a32	0
12	0.345096842791936	a7	a14	a33	0
13	0.345181757954389	a7	a14
12	0.345201769807961	a7	a14	a33	1
13	0.345286144109506	a7	a14
12	0.345327249538465	a7	a14	a33	2
12	0.34540053619141	a7	a15	a33	3
13	0.345405133509122	a7	a14
13	0.345709367769503	a7	a15
13	0.345813483494167	a6	a10
12	0.346356507845141	a6	a10	a34	0
12	0.34648901876744	a7	a14	a35	0
13	0.346656685648717	a7	a14
12	0.346714557765803	a7	a14	a35	1
12	0.346750525016141	a7	a15	a35	2
13	0.346966598948625	a7	a14
12	0.346977957027679	a7	a17	a35	3
13	0.347113983545877	a7	a15
13	0.347212690661467	a7	a17
13	0.347347905888303	a6	a10
12	0.347386847873632	a6	a10	a36	0
12	0.347488529724212	a7	a14	a37	0
12	0.347504755551433	a7	a16	a37	1
13	0.347585343826627	a7	a14
12	0.347619958924697	a7	a14	a37	2
12	0.34769973590853	a7	a15	a37	3
13	0.34771515044439	a7	a14
13	0.347839818883533	a7	a15
13	0.347891471100184	a7	a16
13	0.348043993876055	a6	a10
12	0.348119714403083	a8	a53	a45	0
13	0.349474030115073	a8	a53
12	0.349500532299533	a8	a53	a50	0
12	0.349896442483709	a8	a54	a49	0
13	0.351588255401882	a8	a54
12	0.351625574804489	a8	a54	a48	0
13	0.352267576701507	a8	a54
12	0.352302191799577	a8	a54	a47	0
13	0.352719195559139	a8	a54
13	0.353177845608567	a8	a53
13	0.353219491898433	a8	a52
13	0.353359034012527	a8	a51
12	0.353568888044577	a8	a51	a42	0
12	0.353586736454519	a8	a52	a44	0
13	0.3570244483816	a8	a52
12	0.357100168908628	a6	a10	a20	0
12	0.357160204469343	a7	a14	a21	0
13	0.357209963672819	a7	a14
12	0.357226730360947	a7	a14	a21	1
13	0.357264049763553	a7	a14
12	0.357289470226198	a7	a14	a21	2
12	0.357477148961047	a7	a17	a21	3
13	0.357502569423692	a7	a14
13	0.357592352334311	a7	a17
13	0.357775163320994	a6	a10
12	0.357836280603524	a8	a52	a40	0
12	0.357853047291651	a8	a53	a39	0
12	0.357901183912405	a6	a10	a22	0
12	0.357973659273989	a7	a14	a23	0
13	0.358045593774666	a7	a14
12	0.358061278740979	a7	a14	a23	1
13	0.358132131519841	a7	a14
12	0.358175400392428	a7	a14	a23	2
12	0.358196493967815	a7	a16	a23	3
13	0.358243548866754	a7	a14
12	0.358306288732006	a7	a14	a23	4
13	0.358382009259034	a7	a14
12	0.358387417868107	a7	a17	a23	5
13	0.358389040450829	a7	a16
12	0.358420680813909	a7	a15	a23	6
12	0.358428523297066	a7	a14	a23	7
12	0.35847233303056	a7	a16	a23	8
13	0.358519387929499	a7	a14
12	0.358577800907493	a7	a14	a23	9
13	0.358591322430176	a7	a17
13	0.358593215443352	a7	a15
13	0.358596190178342	a7	a16
12	0.358660011765409	a7	a16	a23	10
12	0.358675426301268	a7	a15	a23	11
12	0.358695167724386	a7	a17	a23	12
13	0.358697872028923	a7	a14
12	0.358753580702379	a7	a14	a23	13
13	0.358770888251415	a7	a16
13	0.358799553879504	a7	a17
13	0.358843093182545	a7	a15
12	0.35885526255296	a7	a16	a23	14
12	0.358876896989254	a7	a17	a23	15
13	0.358908807782787	a7	a14
13	0.358973711091669	a7	a17
13	0.35898561003163	a7	a16
13	0.359147327442926	a6	a10
12	0.359243059823526	a6	a10	a22	0
12	0.359310126576037	a7	a14	a23	0
13	0.359371784719474	a7	a14
12	0.359389092268509	a7	a14	a23	1
13	0.359461567630093	a7	a14
12	0.359476711735499	a7	a14	a23	2
12	0.359531068256687	a7	a15	a23	3
13	0.359547023653454	a7	a14
12	0.359589751665134	a7	a14	a23	4
13	0.359690622224353	a7	a15
12	0.359695760402973	a7	a16	a23	5
13	0.359697382985695	a7	a14
12	0.359797442253554	a7	a14	a23	6
12	0.359820969703023	a7	a15	a23	7
12	0.359826107881643	a7	a17	a23	8
13	0.359829893907995	a7	a16
12	0.359891552051432	a7	a16	a23	9
13	0.359892633773247	a7	a14
12	0.359945638142166	a7	a14	a23	10
13	0.359951317181693	a7	a15
13	0.359986202710217	a7	a16
13	0.359994315623827	a7	a17
12	0.360021629099648	a7	a15	a23	11
13	0.3600365027746	a7	a14
12	0.360068954429041	a7	a16	a23	12
12	0.360091670587149	a7	a17	a23	13
13	0.360107085123009	a7	a15
12	0.360114386745258	a7	a14	a23	14
13	0.360175504027788	a7	a16
12	0.360190918563647	a7	a15	a23	15
13	0.360202006212248	a7	a17
13	0.360249601972094	a7	a14
13	0.360356962862202	a7	a15
13	0.3604783861359	a6	a10
13	0.360528686200283	a8	a53
12	0.360535717392079	a6	a10	a24	0
12	0.360608192753663	a7	a14	a25	0
13	0.360626041163605	a7	a14
12	0.360642807851733	a7	a14	a25	1
13	0.36066173798349	a7	a14
12	0.360679045532525	a7	a14	a25	2
13	0.360697434803375	a7	a14
12	0.360738540232333	a7	a14	a25	3
13	0.36075747036409	a7	a14
12	0.360798034932141	a7	a17	a25	4
12	0.360820751090249	a7	a14	a25	5
13	0.360848875857431	a7	a14
12	0.360859693075578	a7	a16	a25	6
12	0.360882950094594	a7	a14	a25	7
13	0.360897012478185	a7	a16
13	0.3608980942	a7	a17
13	0.360910534000869	a7	a14
12	0.360966242674325	a7	a14	a25	8
12	0.360990040554248	a7	a16	a25	9
13	0.360992203997878	a7	a14
13	0.361011134129635	a7	a16
12	0.361032768565928	a7	a17	a25	10
13	0.36106305677674	a7	a17
12	0.361074955716701	a7	a14	a25	11
13	0.361094426709366	a7	a14
12	0.361106866510234	a7	a16	a25	12
12	0.361128771376982	a7	a15	a25	13
13	0.361146890217378	a7	a16
12	0.361153380548266	a7	a14	a25	14
13	0.361167172501403	a7	a15
13	0.361172310680023	a7	a14
12	0.361182046176355	a7	a17	a25	15
13	0.361238295710719	a7	a17
13	0.361421647558309	a6	a10
13	0.361453017490935	a8	a52
12	0.36160878543225	a8	a52	a38	0
12	0.36166178980117	a6	a10	a26	0
12	0.361730479136402	a7	a14	a27	0
13	0.361776993174434	a7	a14
12	0.361824048073373	a7	a14	a27	1
12	0.3618775933032	a7	a16	a27	2
13	0.361889492243162	a7	a14
12	0.361927352506676	a7	a14	a27	3
12	0.361987658497845	a7	a15	a27	4
13	0.36199982786826	a7	a14
13	0.362021462304554	a7	a16
12	0.362057699985346	a7	a17	a27	5
13	0.362074737103927	a7	a15
12	0.362089610778879	a7	a14	a27	6
12	0.362109622632451	a7	a16	a27	7
13	0.362143156008706	a7	a14
12	0.362166142597268	a7	a15	a27	8
13	0.362174525941332	a7	a17
13	0.362178311967684	a7	a16
13	0.362242403985204	a7	a15
12	0.362248083024731	a7	a14	a27	9
12	0.362265390573766	a7	a16	a27	10
12	0.362298383089114	a7	a17	a27	11
13	0.362304332559095	a7	a14
13	0.362333539048091	a7	a16
12	0.362337054643989	a7	a15	a27	12
12	0.362387084277918	a7	a16	a27	13
13	0.362396278913343	a7	a17
13	0.362396549343797	a7	a15
12	0.362414668184193	a7	a14	a27	14
13	0.362450905864985	a7	a16
12	0.362470917718557	a7	a17	a27	15
13	0.362481734936704	a7	a14
13	0.362546097384678	a7	a17
13	0.362714845987769	a6	a10
13	0.362804628898388	a8	a52
12	0.362848438631883	a8	a52	a41	0
12	0.362859796710937	a6	a10	a28	0
12	0.362922536576189	a7	a14	a29	0
13	0.362937139820688	a7	a14
12	0.362971754918758	a7	a14	a29	1
13	0.362987980745978	a7	a14
12	0.36300582915592	a7	a14	a29	2
13	0.363020973261326	a7	a14
12	0.363037199088546	a7	a14	a29	3
13	0.363053965776674	a7	a14
12	0.363090203457466	a7	a14	a29	4
13	0.363107511006501	a7	a14
12	0.363187017559881	a7	a14	a29	5
13	0.363203784248008	a7	a14
12	0.363210274578896	a7	a16	a29	6
12	0.363233802028366	a7	a15	a29	7
12	0.363249757425133	a7	a17	a29	8
13	0.363264360669631	a7	a16
12	0.363265442391446	a7	a14	a29	9
13	0.363274366596417	a7	a15
13	0.363282209079573	a7	a14
13	0.363306006959496	a7	a17
12	0.363324937091253	a7	a16	a29	10
13	0.363340081196659	a7	a16
12	0.363367665102934	a7	a14	a29	11
12	0.363388488247866	a7	a15	a29	12
13	0.363390381261042	a7	a14
13	0.363403632353272	a7	a15
12	0.363435813577259	a7	a16	a29	13
13	0.363451498543572	a7	a16
12	0.363458529735368	a7	a17	a29	14
13	0.363487736224364	a7	a17
12	0.363496389998882	a7	a14	a29	15
13	0.363512615826102	a7	a14
13	0.363750053764426	a6	a10
13	0.363794945219736	a8	a52
12	0.364066457395222	a8	a52	a46	0
12	0.364442355725827	a6	a10	a30	0
12	0.364504013869264	a7	a14	a31	0
12	0.364605154858937	a7	a16	a31	1
13	0.364617594659806	a7	a14
12	0.364668435585097	a7	a14	a31	2
12	0.36469007002139	a7	a17	a31	3
13	0.364779312071102	a7	a14
13	0.364812845447358	a7	a16
13	0.364876126173517	a7	a17
13	0.365044874776608	a6	a10
12	0.365069213517439	a6	a10	a32	0
12	0.36514439318356	a7	a14	a33	0
12	0.365204699174729	a7	a15	a33	1
13	0.365228767485105	a7	a14
12	0.365288803045821	a7	a14	a33	2
13	0.365372095625552	a7	a14
12	0.365407792445436	a7	a14	a33	3
13	0.365485135555187	a7	a14
13	0.365516775918266	a7	a15
13	0.365675518594572	a6	a10
12	0.366196908509252	a6	a10	a34	0
12	0.366263975261762	a7	a14	a35	0
13	0.366415416315819	a7	a14
12	0.366471665850183	a7	a14	a35	1
12	0.366568479952597	a7	a17	a35	2
12	0.366617968725619	a7	a15	a35	3
13	0.366706940344877	a7	a14
13	0.366851620637592	a7	a15
13	0.36690597715878	a7	a17
13	0.367082838675482	a6	a10
12	0.367123403243532	a6	a10	a36	0
12	0.367221299067762	a7	a14	a37	0
13	0.367336502441026	a7	a14
12	0.367363545486393	a7	a14	a37	1
12	0.36739789015401	a7	a15	a37	2
13	0.367539866142188	a7	a14
12	0.367545815612168	a7	a17	a37	3
13	0.367848427289827	a7	a15
13	0.367901702089201	a7	a17
13	0.368028804402427	a6	a10
12	0.368107229233992	a8	a53	a45	0
13	0.369065093900898	a8	a53
12	0.369104035886227	a8	a53	a50	0
12	0.369589188120115	a8	a54	a49	0
13	0.371222047199388	a8	a54
12	0.371257744019272	a8	a54	a48	0
13	0.371885142671792	a8	a54
12	0.371904613664456	a8	a54	a47	0
13	0.37230701417952	a8	a54
13	0.37276728681167	a8	a53
13	0.372815964293331	a8	a52
13	0.372954965546519	a8	a51
12	0.372986335479145	a8	a51	a46	0
12	0.373716497704059	a6	a10	a30	0
12	0.373801412866512	a7	a14	a31	0
13	0.373912830213425	a7	a14
12	0.373962048555994	a7	a14	a31	1
12	0.374012078189923	a7	a15	a31	2
13	0.374071843320185	a7	a14
12	0.374154054178101	a7	a14	a31	3
13	0.374251138710969	a7	a15
13	0.374273043577717	a7	a14
13	0.37444341476353	a6	a10
12	0.374465049199824	a6	a10	a32	0
12	0.374542933170482	a7	a14	a33	0
13	0.374630552637471	a7	a14
12	0.374652187073765	a7	a14	a33	1
13	0.374737102236218	a7	a14
12	0.374771717334288	a7	a14	a33	2
12	0.374793892631489	a7	a16	a33	3
13	0.374850142165853	a7	a14
13	0.375120572619525	a7	a16
13	0.375231989966438	a6	a10
12	0.37614604489985	a6	a10	a34	0
12	0.376209866486917	a7	a14	a35	0
13	0.376334805356513	a7	a14
12	0.376365093567324	a7	a14	a35	1
12	0.3764037651222	a7	a15	a35	2
12	0.376472724887886	a7	a17	a35	3
13	0.376503553959605	a7	a14
13	0.376683931072204	a7	a15
13	0.376692314416268	a7	a17
13	0.376852950105749	a6	a10
12	0.37687512540295	a6	a10	a36	0
12	0.376967612618106	a7	a14	a37	0
13	0.377065508442335	a7	a14
12	0.37710931817583	a7	a14	a37	1
12	0.377124462281236	a7	a16	a37	2
13	0.377205591417338	a7	a14
12	0.377245074263574	a7	a14	a37	3
13	0.37744735624292	a7	a14
13	0.377480348758268	a7	a16
13	0.377613400541475	a6	a10
12	0.377686416763967	a8	a52	a45	0
13	0.37846363388782	a8	a52
12	0.378502575873149	a8	a52	a50	0
12	0.379009903404238	a8	a53	a49	0
13	0.380796366981196	a8	a53
12	0.380831522940174	a8	a53	a48	0
13	0.381491914108041	a8	a53
12	0.381509221657076	a8	a53	a47	0
13	0.381923521112102	a8	a53
13	0.382395151823306	a8	a52
13	0.38244112500043	a8	a51
