%EventDef PajeDefineContainerType 0 
%       Alias string 
%       Type string 
%       Name string 
%EndEventDef 
%EventDef PajeDefineVariableType 1 
%       Alias string 
%       Type string 
%       Name string 
%       Color color 
%EndEventDef 
%EventDef PajeDefineStateType 2 
%       Alias string 
%       Type string 
%       Name string 
%EndEventDef 
%EventDef PajeDefineEventType 3 
%       Alias string 
%       Type string 
%       Name string 
%       Color color 
%EndEventDef 
%EventDef PajeDefineLinkType 4 
%       Alias string 
%       Type string 
%       StartContainerType string 
%       EndContainerType string 
%       Name string 
%EndEventDef 
%EventDef PajeDefineEntityValue 5 
%       Alias string 
%       Type string 
%       Name string 
%       Color color 
%EndEventDef 
%EventDef PajeCreateContainer 6 
%       Time date 
%       Alias string 
%       Type string 
%       Container string 
%       Name string 
%EndEventDef 
%EventDef PajeDestroyContainer 7 
%       Time date 
%       Type string 
%       Name string 
%EndEventDef 
%EventDef PajeSetVariable 8 
%       Time date 
%       Type string 
%       Container string 
%       Value double 
%EndEventDef
%EventDef PajeAddVariable 9 
%       Time date 
%       Type string 
%       Container string 
%       Value double 
%EndEventDef
%EventDef PajeSubVariable 10 
%       Time date 
%       Type string 
%       Container string 
%       Value double 
%EndEventDef
%EventDef PajeSetState 11 
%       Time date 
%       Type string 
%       Container string 
%       Value string 
%EndEventDef
%EventDef PajePushState 12 
%       Time date 
%       Type string 
%       Container string 
%       Value string 
%       Id string 
%EndEventDef
%EventDef PajePopState 13 
%       Time date 
%       Type string 
%       Container string 
%EndEventDef
%EventDef PajeResetState 14 
%       Time date 
%       Type string 
%       Container string 
%EndEventDef
%EventDef PajeStartLink 15 
%       Time date 
%       Type string 
%       Container string 
%       Value string 
%       StartContainer string 
%       Key string 
%EndEventDef
%EventDef PajeEndLink 16 
%       Time date 
%       Type string 
%       Container string 
%       Value string 
%       EndContainer string 
%       Key string 
%EndEventDef
%EventDef PajeNewEvent 17 
%       Time date 
%       Type string 
%       Container string 
%       Value string 
%EndEventDef
0	a1	0	"Task Manager"
0	a2	a1	"Node"
0	a3	a1	"Thread"
0	a4	a1	"Jobs"
0	a5	a1	"Memory usage"
2	a6	a4	"Job"
2	a7	a3	"Task"
2	a8	a3	"Timer state"
6	0	a9	a1	0	"The task manager"
6	0	a10	a4	a9	"Jobs"
6	0	a11	a5	a9	"Memory"
1	a12	a1	"Memory [MB]"	"1.0 1.0 1.0"
6	0	a13	a2	a9	"Node 0"
6	0	a14	a3	a13	"Thread 0"
6	0	a15	a3	a13	"Thread 1"
6	0	a16	a3	a13	"Thread 2"
6	0	a17	a3	a13	"Thread 3"
5	a18	a6	"ngcore::ParallelFor<int,ngcore::EnterTaskManager()::{lambda(int)#1}>(ngcore::T_Range<int>,ngcore::EnterTaskManager()::{lambda(int)#1},int,ngcore::TotalCosts)::{lambda(ngcore::TaskInfo&)#1}"	"0.630615054310908 1 0"
5	a19	a7	"ngcore::ParallelFor<int,ngcore::EnterTaskManager()::{lambda(int)#1}>(ngcore::T_Range<int>,ngcore::EnterTaskManager()::{lambda(int)#1},int,ngcore::TotalCosts)::{lambda(ngcore::TaskInfo&)#1}"	"0.630615054310908 1 0"
5	a20	a6	"ngcore::ParallelForRange<netgen::ElementIndex,netgen::MeshOptimize3d::SwapImprove(netgen::Mesh&,netgen::OPTIMIZEGOAL,netgen::NgBitArray const*)::{lambda(auto:1)#1}>(ngcore::T_Range<netgen::ElementIndex>,netgen::MeshOptimize3d::SwapImprove(netgen::Mesh&,netgen::OPTIMIZEGOAL,netgen::NgBitArray const*)::{lambda(auto:1)#1},int,ngcore::TotalCosts)::{lambda(ngcore::TaskInfo&)#1}"	"0.708022642579866 0 1"
5	a21	a7	"ngcore::ParallelForRange<netgen::ElementIndex,netgen::MeshOptimize3d::SwapImprove(netgen::Mesh&,netgen::OPTIMIZEGOAL,netgen::NgBitArray const*)::{lambda(auto:1)#1}>(ngcore::T_Range<netgen::ElementIndex>,netgen::MeshOptimize3d::SwapImprove(netgen::Mesh&,netgen::OPTIMIZEGOAL,netgen::NgBitArray const*)::{lambda(auto:1)#1},int,ngcore::TotalCosts)::{lambda(ngcore::TaskInfo&)#1}"	"0.708022642579866 0 1"
5	a22	a6	"ngcore::ParallelForRange<netgen::ElementIndex,ngcore::CreateTable<netgen::ElementIndex,netgen::PointIndex,ngcore::T_Range<netgen::ElementIndex>,netgen::Mesh::CreatePoint2ElementTable(std::optional<ngcore::BitArray>)const::{lambda(auto:1&,netgen::ElementIndex)#1}>(ngcore::T_Range<netgen::ElementIndex>const&,netgen::Mesh::CreatePoint2ElementTable(std::optional<ngcore::BitArray>)const::{lambda(auto:1&,netgen::ElementIndex)#1}const&,std::optional<unsigned long>)::{lambda(auto:1)#1}>(ngcore::T_Range<netgen::ElementIndex>,ngcore::Table,int,ngcore::TotalCosts)::{lambda(ngcore::TaskInfo&)#1}"	"0 0.230008221284954 1"
5	a23	a7	"ngcore::ParallelForRange<netgen::ElementIndex,ngcore::CreateTable<netgen::ElementIndex,netgen::PointIndex,ngcore::T_Range<netgen::ElementIndex>,netgen::Mesh::CreatePoint2ElementTable(std::optional<ngcore::BitArray>)const::{lambda(auto:1&,netgen::ElementIndex)#1}>(ngcore::T_Range<netgen::ElementIndex>const&,netgen::Mesh::CreatePoint2ElementTable(std::optional<ngcore::BitArray>)const::{lambda(auto:1&,netgen::ElementIndex)#1}const&,std::optional<unsigned long>)::{lambda(auto:1)#1}>(ngcore::T_Range<netgen::ElementIndex>,ngcore::Table,int,ngcore::TotalCosts)::{lambda(ngcore::TaskInfo&)#1}"	"0 0.230008221284954 1"
5	a24	a6	"ngcore::TablePrefixSum2<unsigned int>(ngcore::FlatArray<unsigned int,unsigned long>)::{lambda(ngcore::TaskInfo)#1}"	"0 0.312895337658212 1"
5	a25	a7	"ngcore::TablePrefixSum2<unsigned int>(ngcore::FlatArray<unsigned int,unsigned long>)::{lambda(ngcore::TaskInfo)#1}"	"0 0.312895337658212 1"
5	a26	a6	"ngcore::TablePrefixSum2<unsigned int>(ngcore::FlatArray<unsigned int,unsigned long>)::{lambda(ngcore::TaskInfo)#2}"	"0 1 0.887517304832004"
5	a27	a7	"ngcore::TablePrefixSum2<unsigned int>(ngcore::FlatArray<unsigned int,unsigned long>)::{lambda(ngcore::TaskInfo)#2}"	"0 1 0.887517304832004"
5	a28	a6	"ngcore::ParallelForRange<netgen::PointIndex,ngcore::CreateSortedTable<netgen::ElementIndex,netgen::PointIndex,ngcore::T_Range<netgen::ElementIndex>,netgen::Mesh::CreatePoint2ElementTable(std::optional<ngcore::BitArray>)const::{lambda(auto:1&,netgen::ElementIndex)#1}>(ngcore::T_Range<netgen::ElementIndex>const&,netgen::Mesh::CreatePoint2ElementTable(std::optional<ngcore::BitArray>)const::{lambda(auto:1&,netgen::ElementIndex)#1}const&,std::optional<unsigned long>)::{lambda(auto:1)#1}>(ngcore::T_Range<netgen::PointIndex>,ngcore::Table,int,ngcore::TotalCosts)::{lambda(ngcore::TaskInfo&)#1}"	"0 0.170427812303051 1"
5	a29	a7	"ngcore::ParallelForRange<netgen::PointIndex,ngcore::CreateSortedTable<netgen::ElementIndex,netgen::PointIndex,ngcore::T_Range<netgen::ElementIndex>,netgen::Mesh::CreatePoint2ElementTable(std::optional<ngcore::BitArray>)const::{lambda(auto:1&,netgen::ElementIndex)#1}>(ngcore::T_Range<netgen::ElementIndex>const&,netgen::Mesh::CreatePoint2ElementTable(std::optional<ngcore::BitArray>)const::{lambda(auto:1&,netgen::ElementIndex)#1}const&,std::optional<unsigned long>)::{lambda(auto:1)#1}>(ngcore::T_Range<netgen::PointIndex>,ngcore::Table,int,ngcore::TotalCosts)::{lambda(ngcore::TaskInfo&)#1}"	"0 0.170427812303051 1"
5	a30	a6	"ngcore::ParallelFor<unsigned long,netgen::BuildEdgeList<netgen::ElementIndex>(netgen::Mesh const&,ngcore::Table<netgen::ElementIndex,netgen::PointIndex>const&,ngcore::Array<std::tuple<netgen::PointIndex,netgen::PointIndex>,unsigned long>&)::{lambda(int)#1}>(ngcore::T_Range<unsigned long>,netgen::BuildEdgeList<netgen::ElementIndex>(netgen::Mesh const&,ngcore::Table<netgen::ElementIndex,netgen::PointIndex>const&,ngcore::Array<std::tuple<netgen::PointIndex,netgen::PointIndex>,unsigned long>&)::{lambda(int)#1},int,ngcore::TotalCosts)::{lambda(ngcore::TaskInfo&)#1}"	"1 0.872005992306398 0"
5	a31	a7	"ngcore::ParallelFor<unsigned long,netgen::BuildEdgeList<netgen::ElementIndex>(netgen::Mesh const&,ngcore::Table<netgen::ElementIndex,netgen::PointIndex>const&,ngcore::Array<std::tuple<netgen::PointIndex,netgen::PointIndex>,unsigned long>&)::{lambda(int)#1}>(ngcore::T_Range<unsigned long>,netgen::BuildEdgeList<netgen::ElementIndex>(netgen::Mesh const&,ngcore::Table<netgen::ElementIndex,netgen::PointIndex>const&,ngcore::Array<std::tuple<netgen::PointIndex,netgen::PointIndex>,unsigned long>&)::{lambda(int)#1},int,ngcore::TotalCosts)::{lambda(ngcore::TaskInfo&)#1}"	"1 0.872005992306398 0"
5	a32	a6	"ngcore::ParallelForRange<unsigned long,netgen::MeshOptimize3d::SwapImprove(netgen::Mesh&,netgen::OPTIMIZEGOAL,netgen::NgBitArray const*)::{lambda(auto:1)#2}>(ngcore::T_Range<unsigned long>,netgen::MeshOptimize3d::SwapImprove(netgen::Mesh&,netgen::OPTIMIZEGOAL,netgen::NgBitArray const*)::{lambda(auto:1)#2},int,ngcore::TotalCosts)::{lambda(ngcore::TaskInfo&)#1}"	"1 0.408375991137786 0"
5	a33	a7	"ngcore::ParallelForRange<unsigned long,netgen::MeshOptimize3d::SwapImprove(netgen::Mesh&,netgen::OPTIMIZEGOAL,netgen::NgBitArray const*)::{lambda(auto:1)#2}>(ngcore::T_Range<unsigned long>,netgen::MeshOptimize3d::SwapImprove(netgen::Mesh&,netgen::OPTIMIZEGOAL,netgen::NgBitArray const*)::{lambda(auto:1)#2},int,ngcore::TotalCosts)::{lambda(ngcore::TaskInfo&)#1}"	"1 0.408375991137786 0"
5	a34	a6	"ngcore::ParallelForRange<netgen::ElementIndex,netgen::Mesh::Compress()::{lambda(auto:1)#1}>(ngcore::T_Range<netgen::ElementIndex>,netgen::Mesh::Compress()::{lambda(auto:1)#1},int,ngcore::TotalCosts)::{lambda(ngcore::TaskInfo&)#1}"	"1 0.0611641584106637 0"
5	a35	a7	"ngcore::ParallelForRange<netgen::ElementIndex,netgen::Mesh::Compress()::{lambda(auto:1)#1}>(ngcore::T_Range<netgen::ElementIndex>,netgen::Mesh::Compress()::{lambda(auto:1)#1},int,ngcore::TotalCosts)::{lambda(ngcore::TaskInfo&)#1}"	"1 0.0611641584106637 0"
5	a36	a6	"ngcore::ParallelForRange<netgen::SurfaceElementIndex,netgen::Mesh::Compress()::{lambda(auto:1)#2}>(ngcore::T_Range<netgen::SurfaceElementIndex>,netgen::Mesh::Compress()::{lambda(auto:1)#2},int,ngcore::TotalCosts)::{lambda(ngcore::TaskInfo&)#1}"	"1 0 -2.77631980257023"
5	a37	a7	"ngcore::ParallelForRange<netgen::SurfaceElementIndex,netgen::Mesh::Compress()::{lambda(auto:1)#2}>(ngcore::T_Range<netgen::SurfaceElementIndex>,netgen::Mesh::Compress()::{lambda(auto:1)#2},int,ngcore::TotalCosts)::{lambda(ngcore::TaskInfo&)#1}"	"1 0 -2.77631980257023"
5	a38	a6	"ngcore::ParallelForRange<netgen::ElementIndex,netgen::Mesh::Compress()::{lambda(auto:1)#3}>(ngcore::T_Range<netgen::ElementIndex>,netgen::Mesh::Compress()::{lambda(auto:1)#3},int,ngcore::TotalCosts)::{lambda(ngcore::TaskInfo&)#1}"	"0.688034037288286 1 0"
5	a39	a7	"ngcore::ParallelForRange<netgen::ElementIndex,netgen::Mesh::Compress()::{lambda(auto:1)#3}>(ngcore::T_Range<netgen::ElementIndex>,netgen::Mesh::Compress()::{lambda(auto:1)#3},int,ngcore::TotalCosts)::{lambda(ngcore::TaskInfo&)#1}"	"0.688034037288286 1 0"
5	a40	a6	"ngcore::ParallelForRange<netgen::SurfaceElementIndex,netgen::Mesh::Compress()::{lambda(auto:1)#4}>(ngcore::T_Range<netgen::SurfaceElementIndex>,netgen::Mesh::Compress()::{lambda(auto:1)#4},int,ngcore::TotalCosts)::{lambda(ngcore::TaskInfo&)#1}"	"0 0.666479625428673 1"
5	a41	a7	"ngcore::ParallelForRange<netgen::SurfaceElementIndex,netgen::Mesh::Compress()::{lambda(auto:1)#4}>(ngcore::T_Range<netgen::SurfaceElementIndex>,netgen::Mesh::Compress()::{lambda(auto:1)#4},int,ngcore::TotalCosts)::{lambda(ngcore::TaskInfo&)#1}"	"0 0.666479625428673 1"
5	a42	a8	"Build edges"	"0 0.0614795051658243 1"
5	a43	a8	"CreateTable"	"0.608616351291681 0 1"
5	a44	a8	"CreateSortedTable"	"0 0.0381698166109086 1"
5	a45	a8	"MeshOptimize3d::SwapImprove loop"	"0.154668690207104 1 0"
5	a46	a8	"MeshOptimize3d::SwapImprove"	"1 0 -2.43968480148811"
5	a47	a8	"FreeOpenElementsEnvironment"	"0.907015785320433 0 1"
5	a48	a8	"Mesh::BuildBoundaryEdges"	"1 0 -2.61861416630415"
5	a49	a8	"Mesh::LinkSurfaceElements"	"0 1 0.171518596860468"
5	a50	a8	"Mesh::Compress"	"1 0.648677515017027 0"
5	a51	a8	"Mesh::CalcSurfacesOfNode, pointloop"	"0 0.319536079261344 1"
5	a52	a8	"Mesh::CalcSurfacesOfNode - surfelementht"	"0.690162641156969 0 1"
5	a53	a8	"Mesh::CalcSurfacesOfNode - surf on node"	"0.000515674241007069 1 0"
5	a54	a8	"Mesh::CalcSurfacesOfNode"	"1 0 -2.35340285344361"
6	0	a55	a3	a9	"Timer level 0"
6	0	a56	a3	a9	"Timer level 1"
6	0	a57	a3	a9	"Timer level 2"
6	0	a58	a3	a9	"Timer level 3"
4	a59	a2	a3	a3	"links"
8	0	a12	a11	0
12	0.152998733469555	a6	a10	a18	0
12	0.153098792737413	a7	a14	a19	0
13	0.153173431542627	a7	a14
12	0.153203719753438	a7	a14	a19	1
13	0.153225895050639	a7	a14
12	0.153243202599674	a7	a14	a19	2
13	0.153249152069655	a7	a14
12	0.153268082201412	a7	a14	a19	3
13	0.1532745725323	a7	a14
13	0.153454138353539	a6	a10
12	0.156340172155128	a8	a55	a47	0
13	0.172675794139648	a8	a55
12	0.173031139755773	a8	a55	a46	0
12	0.173144720546315	a8	a56	a48	0
13	0.173200429219772	a8	a56
12	0.174296213418051	a6	a10	a20	0
12	0.174376260832338	a7	a14	a21	0
12	0.174696180059032	a7	a17	a21	1
13	0.174817603332731	a7	a14
12	0.174826527537702	a7	a16	a21	3
12	0.174879802337076	a7	a15	a21	2
13	0.176076997955482	a7	a17
13	0.1760967393786	a7	a15
13	0.176422608075275	a7	a16
13	0.176750099354672	a6	a10
12	0.177841015804786	a8	a56	a44	0
12	0.177931339576312	a8	a57	a43	0
12	0.178242875458942	a6	a10	a22	0
12	0.178301288436936	a7	a14	a23	0
12	0.178683947528882	a7	a17	a23	1
12	0.17870152550837	a7	a15	a23	2
12	0.178844583218363	a7	a16	a23	3
13	0.178927064506733	a7	a14
12	0.178992508676522	a7	a14	a23	4
13	0.179274567639702	a7	a17
13	0.179306748863689	a7	a15
12	0.179341634392212	a7	a17	a23	5
12	0.179384632834346	a7	a15	a23	6
13	0.179560142198779	a7	a16
13	0.179632887990817	a7	a14
12	0.179681835902932	a7	a16	a23	7
13	0.179692112260171	a7	a17
13	0.179723211762344	a7	a15
12	0.179738896728657	a7	a14	a23	8
12	0.179761342456312	a7	a17	a23	9
12	0.179815158116592	a7	a15	a23	10
13	0.180134536482379	a7	a17
13	0.180148869296424	a7	a15
13	0.180181591381318	a7	a16
12	0.180197276347631	a7	a17	a23	11
12	0.180209986578954	a7	a15	a23	12
12	0.180264883961049	a7	a16	a23	13
13	0.180268940417854	a7	a14
12	0.18033492544855	a7	a14	a23	14
13	0.180513950408881	a7	a15
12	0.180576690274133	a7	a15	a23	15
13	0.180597513419066	a7	a17
13	0.180758689969454	a7	a16
13	0.180879031521339	a7	a15
13	0.180882276686783	a7	a14
13	0.181058597342577	a6	a10
12	0.181724937980425	a6	a10	a24	0
12	0.181817966056488	a7	a14	a25	0
13	0.181897472609868	a7	a14
12	0.181919647907069	a7	a14	a25	1
13	0.18196832538873	a7	a14
12	0.181994286712282	a7	a14	a25	2
13	0.18204566849848	a7	a14
12	0.182110030946454	a7	a14	a25	3
13	0.182160331010837	a7	a14
13	0.182397768949161	a6	a10
12	0.182558404638643	a6	a10	a26	0
12	0.182615195033914	a7	a14	a27	0
13	0.182699028474552	a7	a14
12	0.18276663608797	a7	a14	a27	1
12	0.182810986682372	a7	a15	a27	2
13	0.182859664164033	a7	a14
12	0.182911045950231	a7	a14	a27	3
13	0.183060323560658	a7	a14
13	0.183060864421565	a7	a15
13	0.183228531302842	a6	a10
12	0.183537362880936	a6	a10	a22	0
12	0.183592530693485	a7	a14	a23	0
12	0.183667169498698	a7	a15	a23	1
12	0.184020081240741	a7	a17	a23	2
13	0.184032250611156	a7	a15
13	0.18405172160382	a7	a14
12	0.184092827032778	a7	a15	a23	3
12	0.184188018552471	a7	a14	a23	4
12	0.184200187922886	a7	a16	a23	5
13	0.184380835465939	a7	a17
13	0.184382187618208	a7	a15
12	0.18446412804567	a7	a17	a23	6
12	0.184475215694271	a7	a15	a23	7
13	0.184639637410103	a7	a14
12	0.184719143963483	a7	a14	a23	8
13	0.184723200420288	a7	a16
13	0.184750784326563	a7	a17
13	0.18478296555055	a7	a15
12	0.184803788695482	a7	a17	a23	9
12	0.184817310218166	a7	a16	a23	10
12	0.184864635547559	a7	a15	a23	11
13	0.185090444976375	a7	a17
13	0.185115054147659	a7	a14
13	0.185158863881154	a7	a15
12	0.18517400798656	a7	a14	a23	12
12	0.185212679541435	a7	a17	a23	13
12	0.185245942487236	a7	a15	a23	14
13	0.185383050727248	a7	a16
12	0.185464720724257	a7	a16	a23	15
13	0.185554233204423	a7	a15
13	0.185558830522135	a7	a17
13	0.18570946028483	a7	a14
13	0.185887133092893	a7	a16
13	0.18604154888194	a6	a10
13	0.186738177730599	a8	a57
12	0.186778201437743	a6	a10	a28	0
12	0.186837696137551	a7	a14	a29	0
13	0.187026997455121	a7	a14
12	0.187181683674622	a7	a14	a29	1
13	0.187251454731669	a7	a14
12	0.187273359598416	a7	a17	a29	2
12	0.18732960913278	a7	a16	a29	3
12	0.187363953800397	a7	a14	a29	4
12	0.187374771018544	a7	a15	a29	5
13	0.187442378631962	a7	a14
12	0.187464553929163	a7	a14	a29	6
13	0.187496194292242	a7	a17
13	0.187500791609955	a7	a14
13	0.187521614754887	a7	a16
13	0.187537570151654	a7	a15
12	0.187555959422504	a7	a14	a29	7
12	0.187591385811935	a7	a17	a29	8
13	0.187623026175015	a7	a14
13	0.187658452564446	a7	a17
12	0.187659804716714	a7	a15	a29	9
12	0.187668188060778	a7	a16	a29	10
13	0.187705777893838	a7	a15
13	0.187735795674196	a7	a16
12	0.187760134415026	a7	a17	a29	11
12	0.187779875838144	a7	a14	a29	12
13	0.187805025870336	a7	a17
12	0.187815572658029	a7	a15	a29	13
12	0.187847753882016	a7	a16	a29	14
13	0.187849106034284	a7	a14
13	0.187864791000597	a7	a15
12	0.187903462555473	a7	a17	a29	15
13	0.187927801296303	a7	a16
13	0.187972151890705	a7	a17
13	0.18824717966209	a6	a10
13	0.188285039925604	a8	a56
12	0.19031218660633	a8	a56	a42	0
12	0.190568013815504	a6	a10	a30	0
12	0.190655633282494	a7	a14	a31	0
12	0.190996646084575	a7	a17	a31	1
13	0.191046134857597	a7	a14
12	0.191090485451999	a7	a14	a31	2
13	0.191211097434337	a7	a14
12	0.191235977036074	a7	a15	a31	3
12	0.191268699120969	a7	a16	a31	4
13	0.191271403425506	a7	a17
12	0.191330086833952	a7	a14	a31	5
12	0.191348746535256	a7	a17	a31	6
13	0.191456377855817	a7	a17
13	0.1914588117299	a7	a15
13	0.191472874113491	a7	a14
12	0.191521281164699	a7	a17	a31	7
12	0.191565902189554	a7	a14	a31	8
12	0.191584832321312	a7	a15	a31	9
13	0.191626208180723	a7	a17
13	0.191632157650704	a7	a16
13	0.191680023841004	a7	a15
12	0.191685162019624	a7	a17	a31	10
12	0.191701928707752	a7	a16	a31	11
13	0.191718424965426	a7	a14
12	0.191753040063496	a7	a15	a31	12
13	0.191792252479278	a7	a17
13	0.191837143934588	a7	a16
13	0.191837955225949	a7	a15
12	0.191843904695929	a7	a14	a31	13
12	0.191867432145399	a7	a17	a31	14
12	0.191916920918421	a7	a15	a31	15
13	0.191935039758817	a7	a17
13	0.191941259659251	a7	a14
13	0.191999672637245	a7	a15
13	0.192242519184642	a6	a10
13	0.193150624648073	a8	a56
12	0.19331829152935	a8	a56	a45	0
12	0.193438903511688	a6	a10	a32	0
12	0.193508133707828	a7	a14	a33	0
12	0.193621173637463	a7	a15	a33	1
13	0.193690403833603	a7	a14
12	0.193758822738382	a7	a16	a33	2
13	0.193763420056094	a7	a15
12	0.193791003962369	a7	a14	a33	3
12	0.193847253496733	a7	a15	a33	4
13	0.1938742965421	a7	a15
13	0.193875107833461	a7	a16
12	0.193925407897844	a7	a17	a33	5
13	0.193927841771927	a7	a14
12	0.193938118129167	a7	a15	a33	6
13	0.193953262234572	a7	a15
12	0.194030875774776	a7	a16	a33	7
13	0.194065490872846	a7	a17
12	0.194075496799632	a7	a14	a33	8
13	0.194086584448233	a7	a16
12	0.194089018322316	a7	a15	a33	9
13	0.194104162427721	a7	a15
13	0.194142022691235	a7	a14
12	0.194191511464257	a7	a17	a33	10
12	0.194219636231439	a7	a16	a33	11
12	0.194237214210928	a7	a15	a33	12
13	0.194239648085011	a7	a17
13	0.194243434111362	a7	a16
13	0.194254521759963	a7	a15
12	0.194262634673573	a7	a14	a33	13
12	0.194301576658902	a7	a15	a33	14
13	0.194316720764308	a7	a15
12	0.194326726691093	a7	a17	a33	15
13	0.194373781590032	a7	a17
13	0.194392982152243	a7	a14
13	0.194669362075896	a6	a10
13	0.194849468758042	a8	a56
12	0.197144341587904	a8	a56	a50	0
12	0.200565286826856	a6	a10	a34	0
12	0.200668050399252	a7	a14	a35	0
12	0.20096173787194	a7	a15	a35	1
12	0.20098905134776	a7	a16	a35	2
12	0.201189710744385	a7	a17	a35	3
13	0.210544711428266	a7	a14
13	0.214130619243959	a7	a15
13	0.214712315149807	a7	a17
13	0.215393799893061	a7	a16
13	0.215562818926606	a6	a10
12	0.21598360871252	a6	a10	a36	0
12	0.216057165795919	a7	a14	a37	0
12	0.216493640548146	a7	a15	a37	1
12	0.216580989584682	a7	a17	a37	2
12	0.216682130574355	a7	a16	a37	3
13	0.218245489027034	a7	a14
13	0.218483738256719	a7	a16
13	0.219758817845783	a7	a15
13	0.220107943561474	a7	a17
13	0.22030130133585	a6	a10
12	0.223107287723152	a6	a10	a38	0
12	0.223174354475663	a7	a14	a39	0
12	0.223277388478512	a7	a17	a39	1
12	0.223413685427162	a7	a16	a39	2
12	0.223576754990727	a7	a15	a39	3
13	0.224206857947783	a7	a14
13	0.224519205121774	a7	a17
13	0.224970553548953	a7	a15
13	0.225525206409435	a7	a16
13	0.225692602860258	a6	a10
12	0.22581429656441	a6	a10	a40	0
12	0.225894884839604	a7	a14	a41	0
12	0.226020094139655	a7	a17	a41	1
12	0.226309995585991	a7	a16	a41	2
12	0.226367597272623	a7	a15	a41	3
13	0.226906294736338	a7	a14
13	0.227246225816604	a7	a17
13	0.227570742361011	a7	a16
13	0.227765722718108	a7	a15
13	0.227966382114733	a6	a10
12	0.228412592363292	a8	a57	a49	0
13	0.233789831504109	a8	a57
12	0.23388123699745	a8	a57	a54	0
12	0.23622749161351	a8	a58	a53	0
13	0.244508072104951	a8	a58
12	0.244543768924836	a8	a58	a52	0
13	0.248279495211863	a8	a58
12	0.248323845806265	a8	a58	a51	0
13	0.24999294256633	a8	a58
13	0.251844309452169	a8	a57
13	0.252078502225049	a8	a56
13	0.252366240227756	a8	a55
12	0.253693512894379	a8	a55	a46	0
12	0.253750844150558	a8	a56	a48	0
13	0.278739158930772	a8	a56
12	0.278983087199984	a6	a10	a20	0
12	0.279108566930488	a7	a14	a21	0
12	0.279200242854283	a7	a17	a21	1
12	0.279375752218716	a7	a15	a21	2
12	0.279405769999073	a7	a16	a21	3
13	0.279444982414856	a7	a14
13	0.279701080054483	a7	a17
13	0.279805195779147	a7	a15
13	0.279904443755645	a7	a16
13	0.280069135901931	a6	a10
12	0.280421236352612	a8	a56	a44	0
12	0.280455310589775	a8	a57	a43	0
12	0.280651102238234	a6	a10	a22	0
12	0.280720332434374	a7	a14	a23	0
12	0.28098075696126	a7	a17	a23	1
12	0.281134902319853	a7	a16	a23	2
13	0.281276337447124	a7	a14
12	0.281350976252337	a7	a15	a23	3
12	0.281379641880426	a7	a14	a23	4
13	0.281602747004706	a7	a17
12	0.281684957862622	a7	a17	a23	5
13	0.281769873025075	a7	a16
13	0.281851272591631	a7	a14
12	0.28185641077025	a7	a16	a23	6
12	0.281914012456883	a7	a14	a23	7
13	0.282008663115668	a7	a15
12	0.282073566424549	a7	a15	a23	8
13	0.282119810032127	a7	a17
12	0.282195530559155	a7	a17	a23	9
13	0.282394026512151	a7	a16
13	0.282467313165096	a7	a14
12	0.282478941674604	a7	a16	a23	10
13	0.282518694951294	a7	a15
12	0.282541411109402	a7	a14	a23	11
12	0.282611182166449	a7	a15	a23	12
13	0.282759648485515	a7	a17
12	0.282832664708007	a7	a17	a23	13
13	0.282968961656658	a7	a16
12	0.283049549931852	a7	a16	a23	14
13	0.283065505328619	a7	a15
12	0.283127163472056	a7	a15	a23	15
13	0.283160155987404	a7	a14
13	0.283398946077996	a7	a17
13	0.283567694681088	a7	a16
13	0.283624214645905	a7	a15
13	0.283857325696971	a6	a10
12	0.284318680050935	a6	a10	a24	0
12	0.284383042498909	a7	a14	a25	0
13	0.284453895277771	a7	a14
12	0.284472825409528	a7	a14	a25	1
13	0.284507981368506	a7	a14
12	0.284558281432889	a7	a14	a25	2
12	0.284596141696403	a7	a15	a25	3
13	0.284604254610013	a7	a14
13	0.28482492586021	a7	a15
13	0.285265727499695	a6	a10
12	0.28542149544101	a6	a10	a26	0
12	0.285480990140818	a7	a14	a27	0
13	0.28556211927692	a7	a14
12	0.285638380664855	a7	a14	a27	1
12	0.285655417783437	a7	a16	a27	2
13	0.285725459270938	a7	a14
12	0.285763860395359	a7	a14	a27	3
13	0.285823895956074	a7	a14
13	0.285939369759793	a7	a16
13	0.286186272763995	a6	a10
12	0.28648266454122	a6	a10	a22	0
12	0.286547567850101	a7	a14	a23	0
12	0.286745522942189	a7	a15	a23	1
12	0.286805828933358	a7	a16	a23	2
12	0.286883172043108	a7	a17	a23	3
13	0.28736643126382	a7	a15
12	0.287438906625405	a7	a15	a23	4
13	0.287479741623909	a7	a17
12	0.287548971820049	a7	a17	a23	5
13	0.287590888540368	a7	a14
12	0.287664986484674	a7	a14	a23	6
13	0.287720965588585	a7	a16
12	0.287795604393798	a7	a16	a23	7
13	0.287920813693848	a7	a15
12	0.287979767532749	a7	a15	a23	8
13	0.288114171468224	a7	a17
12	0.288193137160696	a7	a17	a23	9
13	0.288231267854664	a7	a14
13	0.288263449078651	a7	a16
12	0.288308610964414	a7	a14	a23	10
12	0.288356477154714	a7	a16	a23	11
13	0.288702628135414	a7	a17
13	0.288715338366737	a7	a14
12	0.288780782536526	a7	a14	a23	12
12	0.288811882038698	a7	a17	a23	13
13	0.288817831508679	a7	a16
13	0.288830000879094	a7	a15
12	0.288911130015196	a7	a15	a23	14
12	0.289047156533393	a7	a16	a23	15
13	0.289225370202363	a7	a14
13	0.289330026787934	a7	a17
13	0.289493907642859	a7	a16
13	0.289515271648699	a7	a15
13	0.289707818131714	a6	a10
13	0.289864667794844	a8	a57
12	0.289910100111061	a6	a10	a28	0
12	0.290042070172453	a7	a14	a29	0
13	0.290136179970331	a7	a14
12	0.290160518711161	a7	a14	a29	1
13	0.290215145662803	a7	a14
12	0.29023191235093	a7	a14	a29	2
13	0.290281671554406	a7	a14
12	0.290300060825256	a7	a14	a29	3
13	0.290353606055083	a7	a14
12	0.290370372743211	a7	a14	a29	4
13	0.290415805059428	a7	a14
12	0.290482871811938	a7	a14	a29	5
12	0.290526140684526	a7	a15	a29	6
13	0.290566164391669	a7	a14
12	0.290647563958225	a7	a17	a29	7
13	0.290672713990416	a7	a15
12	0.290737617299297	a7	a15	a29	9
13	0.290762767331489	a7	a17
13	0.290794407694569	a7	a15
12	0.290828211501278	a7	a17	a29	10
12	0.290846871202581	a7	a15	a29	11
12	0.290847952924396	a7	a14	a29	8
13	0.29089095136653	a7	a17
13	0.290906365902389	a7	a15
13	0.290957747688587	a7	a14
12	0.290974514376714	a7	a15	a29	12
12	0.291006695600701	a7	a17	a29	13
13	0.291052939208279	a7	a15
12	0.291056184373723	a7	a14	a29	14
13	0.291059699969621	a7	a17
12	0.291107566159921	a7	a15	a29	15
13	0.291121628543512	a7	a14
13	0.291198971653262	a7	a15
13	0.291353657872763	a6	a10
13	0.291391518136277	a8	a56
12	0.292216331019977	a8	a56	a42	0
12	0.292338024724129	a6	a10	a30	0
12	0.292400764589381	a7	a14	a31	0
13	0.292576544384268	a7	a14
12	0.292595474516025	a7	a14	a31	1
12	0.292670654182146	a7	a15	a31	2
13	0.292706351002031	a7	a14
12	0.292798838217187	a7	a14	a31	3
12	0.292902413080943	a7	a17	a31	4
12	0.292937028179013	a7	a16	a31	5
13	0.29294487066217	a7	a15
13	0.292948656688521	a7	a14
12	0.293033571850974	a7	a15	a31	6
12	0.293059533174526	a7	a14	a31	7
13	0.29312092088751	a7	a17
13	0.293144177906526	a7	a16
13	0.293167164495088	a7	a14
13	0.293194207540455	a7	a15
12	0.293229633929886	a7	a17	a31	8
12	0.293258840418883	a7	a16	a31	9
12	0.293286153894704	a7	a14	a31	10
12	0.293329422767291	a7	a15	a31	11
13	0.293342673859521	a7	a17
13	0.293391351341182	a7	a16
12	0.293405413724773	a7	a17	a31	12
13	0.29341325620793	a7	a14
13	0.293457606802332	a7	a15
12	0.293475455212274	a7	a14	a31	13
13	0.293510340740798	a7	a17
12	0.293539547229795	a7	a16	a31	14
12	0.293558747792005	a7	a15	a31	15
13	0.29358416825465	a7	a14
13	0.293671246860733	a7	a15
13	0.293673139873909	a7	a16
13	0.293898949302725	a6	a10
13	0.294216975516243	a8	a56
12	0.294285123990569	a8	a56	a45	0
12	0.294350568160357	a6	a10	a32	0
12	0.294445218819143	a7	a14	a33	0
13	0.294491732857174	a7	a14
12	0.294566371662388	a7	a14	a33	1
13	0.294595037290477	a7	a14
12	0.294615319574502	a7	a16	a33	2
12	0.294644796493953	a7	a14	a33	3
13	0.29467183953932	a7	a14
12	0.29469617828015	a7	a14	a33	4
13	0.294715108411907	a7	a14
13	0.294728900365045	a7	a16
12	0.294800834865721	a7	a17	a33	5
12	0.29482057628884	a7	a14	a33	6
13	0.294848701056021	a7	a14
13	0.294878177975472	a7	a17
12	0.294879259697286	a7	a16	a33	7
13	0.29491928340443	a7	a16
12	0.294931993635752	a7	a14	a33	8
13	0.294951464628417	a7	a14
12	0.294971206051535	a7	a17	a33	9
13	0.295018801811381	a7	a17
12	0.295031512042704	a7	a14	a33	10
13	0.295054228200812	a7	a14
12	0.295084516411624	a7	a14	a33	11
12	0.295107503000186	a7	a17	a33	12
12	0.295118590648786	a7	a15	a33	13
13	0.29512697399285	a7	a17
12	0.295138332071904	a7	a16	a33	14
13	0.295149960581412	a7	a14
13	0.295204857963508	a7	a16
13	0.295211618724849	a7	a15
12	0.295220542929821	a7	a17	a33	15
13	0.295298967761386	a7	a17
13	0.295527481494739	a6	a10
13	0.295634571954393	a8	a56
12	0.296600008674002	a8	a56	a50	0
12	0.299695355646734	a6	a10	a34	0
12	0.299760258955615	a7	a14	a35	0
12	0.300185375628788	a7	a15	a35	1
12	0.30029381824071	a7	a16	a35	2
12	0.300349526914167	a7	a17	a35	3
13	0.306321442622609	a7	a14
13	0.317698451808596	a7	a15
13	0.31999792195617	a7	a16
13	0.320569611935233	a7	a17
13	0.320768919179589	a6	a10
12	0.321219456315407	a6	a10	a36	0
12	0.321291390816084	a7	a14	a37	0
12	0.321498540543597	a7	a15	a37	1
12	0.32151936368853	a7	a16	a37	2
12	0.321677835934382	a7	a17	a37	3
13	0.323522982919787	a7	a14
13	0.323572471692809	a7	a17
13	0.32444082387955	a7	a15
13	0.32627893967316	a7	a16
13	0.327518863303246	a6	a10
12	0.330657479148565	a6	a10	a38	0
12	0.330729954510149	a7	a14	a39	0
12	0.330831365930276	a7	a17	a39	1
12	0.331132355025214	a7	a15	a39	2
12	0.331158045918312	a7	a16	a39	3
13	0.33214322406104	a7	a14
13	0.33232657590863	a7	a15
13	0.332647035996231	a7	a17
13	0.33270436725241	a7	a16
13	0.332862569067808	a6	a10
12	0.332995079990107	a6	a10	a40	0
12	0.333085403761634	a7	a14	a41	0
12	0.333325275574041	a7	a17	a41	1
12	0.333455082191804	a7	a16	a41	2
12	0.333476446197644	a7	a15	a41	3
13	0.333734436850447	a7	a14
13	0.334428631825023	a7	a17
13	0.334496509868895	a7	a15
13	0.334651466518849	a7	a16
13	0.334866999590426	a6	a10
12	0.335398125001438	a8	a57	a49	0
13	0.341455226302787	a8	a57
12	0.341595309277789	a8	a57	a54	0
12	0.344490537714803	a8	a58	a53	0
13	0.359545401070732	a8	a58
12	0.359596782856929	a8	a58	a52	0
13	0.36451104506106	a8	a58
12	0.364552150490018	a8	a58	a51	0
13	0.367179111916989	a8	a58
13	0.369953187510758	a8	a57
13	0.370141407106514	a8	a56
13	0.370413460142908	a8	a55
12	0.371945178232507	a8	a55	a46	0
12	0.372067953658474	a8	a56	a48	0
13	0.405879873281103	a8	a56
12	0.406309316841534	a6	a10	a20	0
12	0.40638341478584	a7	a14	a21	0
12	0.406496184285022	a7	a16	a21	1
12	0.40666249901403	a7	a15	a21	2
12	0.406781758844099	a7	a17	a21	3
13	0.406895069204188	a7	a15
13	0.407214988430882	a7	a16
13	0.407361020875865	a7	a17
13	0.407382925742613	a7	a14
13	0.407545184014816	a6	a10
12	0.408204493460869	a8	a56	a44	0
12	0.408236404254402	a8	a57	a43	0
12	0.408440308816471	a6	a10	a22	0
12	0.408514406760777	a7	a14	a23	0
12	0.408719122614207	a7	a17	a23	1
12	0.408746165659574	a7	a16	a23	2
12	0.408812961981631	a7	a15	a23	3
13	0.408977924558371	a7	a14
12	0.409047695615418	a7	a14	a23	4
13	0.409215903357602	a7	a15
13	0.409278913653308	a7	a16
12	0.409297032493704	a7	a15	a23	5
12	0.409345439544911	a7	a16	a23	6
13	0.409393035304758	a7	a17
12	0.409490931128987	a7	a17	a23	7
13	0.409512295134827	a7	a14
12	0.409588556522763	a7	a14	a23	8
13	0.409616681289944	a7	a15
12	0.409675635128845	a7	a15	a23	9
13	0.40971430668372	a7	a16
12	0.409776505688065	a7	a16	a23	10
13	0.40998013981968	a7	a15
12	0.4100331441886	a7	a15	a23	11
13	0.410056671638069	a7	a17
13	0.410147265840049	a7	a14
12	0.410184314812202	a7	a17	a23	12
12	0.410212710009838	a7	a14	a23	13
13	0.410218389049365	a7	a16
12	0.410282210636432	a7	a16	a23	14
13	0.410325749939473	a7	a15
12	0.41039768444015	a7	a15	a23	15
13	0.410571571221861	a7	a17
13	0.41061646267717	a7	a16
13	0.410718955819112	a7	a15
13	0.410746539725387	a7	a14
13	0.411064025077998	a6	a10
12	0.411773634588434	a6	a10	a24	0
12	0.411839078758222	a7	a14	a25	0
13	0.411902359484381	a7	a14
12	0.411929943390656	a7	a14	a25	1
13	0.411958609018745	a7	a14
12	0.411975375706873	a7	a14	a25	2
13	0.412007827361314	a7	a14
12	0.412027839214885	a7	a14	a25	3
13	0.412071108087473	a7	a14
13	0.412503255952441	a6	a10
12	0.412604396942114	a6	a10	a26	0
12	0.412666055085552	a7	a14	a27	0
13	0.412750970248005	a7	a14
12	0.412774227267021	a7	a14	a27	1
13	0.412834262827736	a7	a14
12	0.412852111237678	a7	a14	a27	2
13	0.412902411302061	a7	a14
12	0.412920800572911	a7	a14	a27	3
13	0.41297596838546	a7	a14
13	0.413398380754096	a6	a10
12	0.413700181140394	a6	a10	a22	0
12	0.413765625310183	a7	a14	a23	0
12	0.413929235734654	a7	a17	a23	1
12	0.414153693011202	a7	a16	a23	2
12	0.414236715160479	a7	a15	a23	3
13	0.414239960325924	a7	a14
12	0.414317844296581	a7	a14	a23	4
13	0.414487404191034	a7	a17
13	0.414513365514586	a7	a16
13	0.414550414486739	a7	a15
12	0.414558256969896	a7	a17	a23	5
12	0.414605852729742	a7	a16	a23	6
12	0.414651014615505	a7	a15	a23	7
13	0.414740256665217	a7	a14
12	0.414807323417728	a7	a14	a23	8
13	0.414904407950596	a7	a16
13	0.414958764471784	a7	a15
12	0.414966066094033	a7	a16	a23	9
13	0.414997436026659	a7	a17
12	0.415015014006148	a7	a15	a23	10
12	0.415086678076371	a7	a17	a23	11
13	0.415230276647271	a7	a14
12	0.415305456313392	a7	a14	a23	12
13	0.415315732670631	a7	a15
13	0.415360353695487	a7	a16
12	0.415378472535883	a7	a15	a23	13
12	0.415445809718848	a7	a16	a23	14
13	0.415678920769913	a7	a17
13	0.415707856828456	a7	a15
13	0.415739497191536	a7	a16
12	0.415749773548775	a7	a17	a23	15
13	0.415771678415523	a7	a14
13	0.416218159094535	a7	a17
13	0.416410976008004	a6	a10
13	0.416587837524705	a8	a57
12	0.416667884938992	a6	a10	a28	0
12	0.416732247386966	a7	a14	a29	0
13	0.416824734602122	a7	a14
12	0.41684961420386	a7	a14	a29	1
13	0.416905322877316	a7	a14
12	0.41704107896506	a7	a14	a29	2
12	0.41705216661366	a7	a16	a29	3
12	0.41711328389619	a7	a17	a29	4
13	0.417123289822976	a7	a14
12	0.417130861875679	a7	a15	a29	5
12	0.417160068364675	a7	a14	a29	6
13	0.417220644786298	a7	a14
13	0.417243360944406	a7	a15
13	0.417248499123026	a7	a16
13	0.417279869055652	a7	a17
12	0.417284466373365	a7	a15	a29	7
12	0.417333684715933	a7	a14	a29	8
12	0.417358834748124	a7	a16	a29	9
13	0.417375331005798	a7	a14
13	0.41740345577298	a7	a15
12	0.417409675673415	a7	a17	a29	10
13	0.417433473553338	a7	a16
12	0.41744834722829	a7	a14	a29	11
13	0.41748810050498	a7	a17
12	0.41751243924581	a7	a16	a29	12
13	0.417532721529836	a7	a14
12	0.417565984475637	a7	a17	a29	13
13	0.417574638250155	a7	a16
12	0.417585725898755	a7	a15	a29	14
12	0.417602492586883	a7	a14	a29	15
13	0.417607089904595	a7	a17
13	0.417626290466806	a7	a15
13	0.417665773313042	a7	a14
13	0.417894557476849	a6	a10
13	0.41792700913129	a8	a56
12	0.41952363052977	a8	a56	a42	0
12	0.419638293042127	a6	a10	a30	0
12	0.419699410324657	a7	a14	a31	0
12	0.419766747507621	a7	a16	a31	1
12	0.419835707273308	a7	a15	a31	2
13	0.41985355568325	a7	a14
12	0.419931980514815	a7	a14	a31	3
13	0.419969570347875	a7	a16
13	0.420002833293677	a7	a15
12	0.420040963987645	a7	a16	a31	4
12	0.420065032298022	a7	a15	a31	5
13	0.420118847958302	a7	a16
13	0.42014075282505	a7	a15
12	0.420179424379925	a7	a16	a31	6
12	0.420203492690302	a7	a15	a31	7
13	0.420215391630263	a7	a14
13	0.420253522324231	a7	a16
13	0.420272182025535	a7	a15
12	0.420316532619937	a7	a14	a31	8
12	0.420337355764869	a7	a16	a31	9
12	0.420359260631617	a7	a15	a31	10
13	0.420431465562747	a7	a16
13	0.420443634933163	a7	a14
13	0.420449584403143	a7	a15
12	0.420507186089776	a7	a16	a31	11
12	0.420549102810095	a7	a14	a31	12
12	0.420560460889149	a7	a15	a31	13
13	0.420582365755896	a7	a16
13	0.42063347711164	a7	a15
12	0.420662413170183	a7	a16	a31	14
12	0.420687022341468	a7	a15	a31	15
13	0.420697839559614	a7	a14
13	0.420758145550783	a7	a16
13	0.420762742868496	a7	a15
13	0.421918562627491	a6	a10
13	0.422404796583193	a8	a56
12	0.422559482802694	a8	a56	a45	0
12	0.422656296905108	a6	a10	a32	0
12	0.422728772266692	a7	a14	a33	0
13	0.422773122861095	a7	a14
12	0.422847220805401	a7	a14	a33	1
13	0.422866691798065	a7	a14
12	0.422890760108442	a7	a16	a33	2
12	0.422913205836097	a7	a15	a33	3
12	0.422953770404147	a7	a14	a33	4
13	0.422962153748211	a7	a16
13	0.422971077953183	a7	a15
13	0.422974863979534	a7	a14
12	0.423026786626639	a7	a14	a33	5
13	0.423048421062933	a7	a14
12	0.423050854937016	a7	a16	a33	6
13	0.423083306591456	a7	a16
12	0.423085199604632	a7	a15	a33	7
13	0.423114406093629	a7	a15
12	0.423139826556274	a7	a14	a33	8
12	0.423188774468389	a7	a16	a33	9
13	0.423204189004248	a7	a14
12	0.423212842778765	a7	a15	a33	10
13	0.423226093870995	a7	a16
13	0.423264224564963	a7	a15
12	0.423324800986586	a7	a14	a33	11
12	0.423358604793295	a7	a16	a33	12
12	0.423382673103672	a7	a15	a33	13
13	0.423386188699569	a7	a16
13	0.423399439791799	a7	a15
12	0.423413231744937	a7	a17	a33	14
12	0.423428646280796	a7	a15	a33	15
13	0.423443790386201	a7	a15
13	0.42345623018707	a7	a14
13	0.423494360881038	a7	a17
13	0.423748835937944	a6	a10
13	0.423864039311208	a8	a56
12	0.425477968258723	a8	a56	a50	0
12	0.428847531711478	a6	a10	a34	0
12	0.428967602832909	a7	a14	a35	0
12	0.429540374533786	a7	a15	a35	1
12	0.429567688009607	a7	a17	a35	2
12	0.429616365491268	a7	a16	a35	3
13	0.434473566869674	a7	a14
13	0.441386850987348	a7	a15
13	0.443665227559536	a7	a16
13	0.444007592513885	a7	a17
13	0.444171743799264	a6	a10
12	0.444558459348015	a6	a10	a36	0
12	0.444641751927746	a7	a14	a37	0
12	0.445016027675629	a7	a15	a37	1
12	0.445055780952319	a7	a16	a37	2
12	0.445246704852611	a7	a17	a37	3
13	0.446137232336553	a7	a14
13	0.446717846520588	a7	a17
13	0.448552717148753	a7	a15
13	0.448669272674286	a7	a16
13	0.448833964820572	a6	a10
12	0.452390666147268	a6	a10	a38	0
12	0.452499379189644	a7	a14	a39	0
12	0.452903131856977	a7	a17	a39	1
12	0.452916923810114	a7	a15	a39	2
12	0.45303888794472	a7	a16	a39	3
13	0.453927251985033	a7	a14
13	0.454538424810332	a7	a15
13	0.454540858684415	a7	a17
13	0.454649030865884	a7	a16
13	0.454957051152617	a6	a10
12	0.455061978168642	a6	a10	a40	0
12	0.455125799755708	a7	a14	a41	0
12	0.455358099515413	a7	a17	a41	1
12	0.455394066765751	a7	a15	a41	2
12	0.455478170636843	a7	a16	a41	3
13	0.455768883374541	a7	a14
13	0.456678070559786	a7	a15
13	0.456683208738406	a7	a17
13	0.456762715291786	a7	a16
13	0.456971217171567	a6	a10
12	0.45739633384474	a8	a57	a49	0
13	0.464411840673903	a8	a57
12	0.464618990401415	a8	a57	a54	0
12	0.467477981157637	a8	a58	a53	0
13	0.477436312183661	a8	a58
12	0.477487153108951	a8	a58	a52	0
13	0.482701593116657	a8	a58
12	0.482763792121002	a8	a58	a51	0
13	0.485679573272495	a8	a58
13	0.488242172251492	a8	a57
13	0.488439045621766	a8	a56
13	0.488699199718198	a8	a55
12	0.490243898469574	a8	a55	a46	0
12	0.490348825485598	a8	a56	a48	0
13	0.521692796788015	a8	a56
12	0.522169836108293	a6	a10	a20	0
12	0.522234739417174	a7	a14	a21	0
12	0.522529238181223	a7	a17	a21	1
13	0.522540866690731	a7	a14
12	0.522605769999612	a7	a14	a21	2
12	0.522852943434268	a7	a15	a21	3
13	0.522949216675776	a7	a14
13	0.523043596904107	a7	a17
13	0.523451676458699	a7	a15
13	0.523586350824627	a6	a10
12	0.524044460013148	a8	a56	a44	0
12	0.524069339614886	a8	a57	a43	0
12	0.524234843052533	a6	a10	a22	0
12	0.524309481857747	a7	a14	a23	0
12	0.524553139696505	a7	a16	a23	1
12	0.524615609131304	a7	a15	a23	2
13	0.524662123169335	a7	a14
12	0.524729730782753	a7	a14	a23	3
12	0.524946886437052	a7	a17	a23	4
13	0.525022336533627	a7	a14
12	0.525092648451581	a7	a14	a23	5
13	0.525151872720935	a7	a16
13	0.52520298407668	a7	a15
12	0.525237328744296	a7	a16	a23	6
12	0.525264101359209	a7	a15	a23	7
13	0.525423114465969	a7	a14
13	0.525454213968141	a7	a17
12	0.525513438237495	a7	a14	a23	8
12	0.525566172175961	a7	a17	a23	9
13	0.525720858395462	a7	a16
12	0.525809559584266	a7	a16	a23	10
13	0.525818483789237	a7	a14
12	0.525886632263563	a7	a14	a23	11
13	0.52588717312447	a7	a15
12	0.525960730207869	a7	a15	a23	12
13	0.526188432649861	a7	a14
12	0.526253876819649	a7	a14	a23	13
13	0.526279026851841	a7	a17
13	0.526290925791803	a7	a16
12	0.526349338769796	a7	a17	a23	14
12	0.526367728040645	a7	a16	a23	15
13	0.526486447009808	a7	a15
13	0.526652491308362	a7	a14
13	0.526875055571734	a7	a16
13	0.528037906522525	a7	a17
13	0.528218283635124	a6	a10
12	0.528591477661192	a6	a10	a24	0
12	0.528721284278954	a7	a14	a25	0
13	0.528776452091503	a7	a14
12	0.528792677918724	a7	a14	a25	1
13	0.528817557520461	a7	a14
12	0.528834324208589	a7	a14	a25	2
13	0.528863530697586	a7	a14
12	0.528879756524806	a7	a14	a25	3
13	0.528911126457432	a7	a14
13	0.529543392858117	a6	a10
12	0.529618572524238	a6	a10	a26	0
12	0.529695915633989	a7	a14	a27	0
13	0.529762441525592	a7	a14
12	0.529778667352812	a7	a14	a27	1
13	0.529817068477234	a7	a14
12	0.529892248143355	a7	a14	a27	2
13	0.529945252512274	a7	a14
12	0.52995525843906	a7	a17	a27	3
13	0.530350627762329	a7	a17
13	0.530512074743171	a6	a10
12	0.530701376060742	a6	a10	a22	0
12	0.530765197647808	a7	a14	a23	0
12	0.53105699210732	a7	a17	a23	1
13	0.531069702338643	a7	a14
12	0.531164893858336	a7	a14	a23	2
12	0.531262248821658	a7	a15	a23	3
12	0.53127712249661	a7	a16	a23	4
13	0.531494278150908	a7	a14
12	0.531560263181604	a7	a14	a23	5
13	0.531646530496326	a7	a17
12	0.531723873606076	a7	a17	a23	6
13	0.531768494630932	a7	a15
13	0.531851246349756	a7	a14
12	0.531855032376107	a7	a15	a23	7
12	0.531932375485857	a7	a14	a23	8
13	0.531991058894304	a7	a16
12	0.532065697699518	a7	a16	a23	9
13	0.532155480610137	a7	a17
13	0.532216327462213	a7	a14
12	0.532243100077126	a7	a17	a23	10
12	0.532293129711056	a7	a14	a23	11
13	0.532294752293778	a7	a15
12	0.532358033019937	a7	a15	a23	12
13	0.532581949435578	a7	a14
13	0.532618457546823	a7	a16
12	0.532646311883552	a7	a14	a23	13
13	0.53270066840474	a7	a17
12	0.532707158735628	a7	a16	a23	14
13	0.532837235783844	a7	a15
12	0.532840210518835	a7	a17	a23	15
13	0.532936754190796	a7	a14
13	0.533233957259381	a7	a16
13	0.533285339045579	a7	a17
13	0.533490595759916	a6	a10
13	0.533593900193219	a8	a57
12	0.53363230131764	a6	a10	a28	0
12	0.533683683103838	a7	a14	a29	0
13	0.533753454160885	a7	a14
12	0.533775629458087	a7	a14	a29	1
13	0.533817816608859	a7	a14
12	0.533834583296987	a7	a14	a29	2
13	0.533864871507798	a7	a14
12	0.533881097335019	a7	a14	a29	3
13	0.533911926406737	a7	a14
12	0.533928693094865	a7	a14	a29	4
13	0.533960603888398	a7	a14
12	0.533989539946941	a7	a16	a29	5
12	0.534019016866392	a7	a14	a29	6
13	0.534053091103554	a7	a14
12	0.534103391167937	a7	a14	a29	7
13	0.534131245504666	a7	a16
13	0.5341374654051	a7	a14
12	0.53416180414593	a7	a15	a29	8
12	0.534186683747668	a7	a14	a29	9
13	0.53421697195848	a7	a14
12	0.534241581129764	a7	a16	a29	10
12	0.53427808924101	a7	a14	a29	11
13	0.534296208081405	a7	a16
13	0.534307836590913	a7	a14
13	0.534355973211667	a7	a15
12	0.534398701223347	a7	a14	a29	12
12	0.534417901785558	a7	a17	a29	13
13	0.534450623870452	a7	a14
12	0.534454680327257	a7	a16	a29	14
12	0.53447550347219	a7	a15	a29	15
13	0.534519583636139	a7	a16
13	0.534528237410656	a7	a17
13	0.534553928303755	a7	a15
13	0.534816245843817	a6	a10
13	0.53485032008098	a8	a56
12	0.535564797339582	a8	a56	a42	0
12	0.535657284554737	a6	a10	a30	0
12	0.535716238393638	a7	a14	a31	0
13	0.535836850375976	a7	a14
12	0.535859566534084	a7	a14	a31	1
12	0.535919602094799	a7	a15	a31	2
13	0.535940695670186	a7	a14
12	0.535975851629163	a7	a14	a31	3
12	0.536059955500255	a7	a16	a31	4
13	0.536111066855999	a7	a14
12	0.536129456126849	a7	a14	a31	5
13	0.536199768044804	a7	a14
13	0.536226811090171	a7	a15
12	0.536237628308318	a7	a14	a31	6
13	0.536274677280471	a7	a16
13	0.536342555324343	a7	a14
12	0.536378252144227	a7	a15	a31	8
12	0.536388798931921	a7	a16	a31	9
12	0.536449645783997	a7	a14	a31	10
12	0.536474254955281	a7	a17	a31	7
13	0.536503191013824	a7	a15
13	0.536503461444278	a7	a16
13	0.536552409356392	a7	a14
12	0.536577018527676	a7	a16	a31	11
12	0.536607577168941	a7	a14	a31	12
13	0.536680052530525	a7	a14
13	0.536682486404608	a7	a17
13	0.536684649848238	a7	a16
12	0.53669952352319	a7	a14	a31	13
12	0.536765238123432	a7	a17	a31	14
12	0.536776055341579	a7	a16	a31	15
13	0.536792551599253	a7	a14
13	0.536870706000364	a7	a17
13	0.536911811429323	a7	a16
13	0.53717602198256	a6	a10
13	0.537425899721753	a8	a56
12	0.537476740647044	a8	a56	a45	0
12	0.537518927797817	a6	a10	a32	0
12	0.537587076272142	a7	a14	a33	0
13	0.537624936535656	a7	a14
12	0.537642244084691	a7	a14	a33	1
13	0.537657929051004	a7	a14
12	0.537681726930927	a7	a14	a33	2
13	0.537698493619055	a7	a14
12	0.537717964611719	a7	a14	a33	3
13	0.53773419043894	a7	a14
12	0.537788276529674	a7	a14	a33	4
13	0.537805043217802	a7	a14
12	0.537899153015679	a7	a14	a33	5
12	0.537914837981992	a7	a15	a33	6
13	0.537927277782861	a7	a14
12	0.53794701920598	a7	a16	a33	7
13	0.538003268740343	a7	a16
12	0.538003539170797	a7	a14	a33	8
13	0.538003539170797	a7	a15
13	0.538020305858925	a7	a14
12	0.538112793074081	a7	a15	a33	9
12	0.538131452775384	a7	a16	a33	10
13	0.53813334578856	a7	a15
13	0.538151464628956	a7	a16
12	0.538158766251205	a7	a14	a33	11
12	0.538174451217518	a7	a15	a33	12
13	0.538191217905645	a7	a14
13	0.538195003931997	a7	a15
12	0.53827478091583	a7	a16	a33	13
12	0.538332382602462	a7	a15	a33	14
13	0.538339684224711	a7	a16
12	0.538355910051932	a7	a17	a33	15
13	0.538382141805938	a7	a15
13	0.538467327398845	a7	a17
13	0.538623365770614	a6	a10
13	0.538705035767623	a8	a56
12	0.540024195520635	a8	a56	a50	0
12	0.541930189358117	a6	a10	a34	0
12	0.542039984122307	a7	a14	a35	0
12	0.542257680637514	a7	a17	a35	1
12	0.542594907413243	a7	a15	a35	2
12	0.543516804829811	a7	a16	a35	3
13	0.548706635666233	a7	a14
13	0.555465774425315	a7	a15
13	0.556739231431657	a7	a17
13	0.556815492819593	a7	a16
13	0.557017504368486	a6	a10
12	0.557083489399182	a6	a10	a36	0
12	0.557205723964242	a7	a14	a37	0
13	0.55756864163307	a7	a14
12	0.557596766400251	a7	a14	a37	1
12	0.557680058979983	a7	a15	a37	2
12	0.557883693111598	a7	a17	a37	3
13	0.558376687828642	a7	a14
13	0.559182841011039	a7	a17
13	0.560469278679157	a7	a15
13	0.560614770263233	a6	a10
12	0.56322821016752	a6	a10	a38	0
12	0.5633077167209	a7	a14	a39	0
12	0.563465377675391	a7	a16	a39	1
12	0.563689294091031	a7	a17	a39	2
12	0.564070330600255	a7	a15	a39	3
13	0.564690698060979	a7	a14
13	0.565228043372426	a7	a17
13	0.565236697146943	a7	a16
13	0.565495499091108	a7	a15
13	0.565658298224218	a6	a10
12	0.565770797292946	a6	a10	a40	0
12	0.566022297614861	a7	a14	a41	0
12	0.566201052144738	a7	a16	a41	1
12	0.566512047166461	a7	a17	a41	2
13	0.566575057462167	a7	a14
12	0.566639419910141	a7	a14	a41	3
13	0.567472616137905	a7	a16
13	0.567691123944472	a7	a17
13	0.567729254638439	a7	a14
13	0.567894758076087	a6	a10
12	0.568163565947037	a8	a57	a49	0
13	0.572333603542661	a8	a57
12	0.572415814400578	a8	a57	a54	0
12	0.574461350352154	a8	a58	a53	0
13	0.586798928509585	a8	a58
12	0.586851932878504	a8	a58	a52	0
13	0.591974426531962	a8	a58
12	0.592020399709087	a8	a58	a51	0
13	0.596077397375076	a8	a58
13	0.598910426807746	a8	a57
13	0.599102432429853	a8	a56
13	0.599390711293467	a8	a55
12	0.60094622726299	a8	a55	a46	0
12	0.601020325207296	a8	a56	a48	0
13	0.634784649070078	a8	a56
12	0.635235186205896	a6	a10	a20	0
12	0.635335786334662	a7	a14	a21	0
12	0.635514270434086	a7	a15	a21	1
13	0.635740350293356	a7	a14
12	0.635828510621253	a7	a14	a21	2
12	0.635881244559719	a7	a17	a21	3
13	0.636309876828789	a7	a15
13	0.636393980699881	a7	a17
13	0.636463481326475	a7	a14
13	0.636577602977924	a6	a10
12	0.637171468254188	a8	a56	a44	0
12	0.637207705934981	a8	a57	a43	0
12	0.637455961091452	a6	a10	a22	0
12	0.637558724663847	a7	a14	a23	0
12	0.638050367228623	a7	a15	a23	1
13	0.638096340405747	a7	a14
12	0.638112295802514	a7	a17	a23	2
12	0.638175846959127	a7	a14	a23	3
13	0.638579329196006	a7	a14
12	0.638596095884133	a7	a14	a23	4
13	0.638726443362803	a7	a15
13	0.638732663263238	a7	a17
12	0.638791887532592	a7	a15	a23	5
12	0.638818660147506	a7	a17	a23	6
13	0.639063399708079	a7	a14
12	0.639131007321497	a7	a14	a23	7
13	0.639290561289163	a7	a15
13	0.639294076885061	a7	a17
12	0.639370879133904	a7	a17	a23	8
12	0.639385211947949	a7	a15	a23	9
13	0.63962535419081	a7	a14
12	0.639697829552394	a7	a14	a23	10
13	0.639864685142309	a7	a17
13	0.63988388570452	a7	a15
12	0.639933374477542	a7	a17	a23	11
12	0.639950952457031	a7	a15	a23	12
13	0.640132140860991	a7	a14
12	0.640367415355686	a7	a14	a23	13
13	0.640437456843187	a7	a17
13	0.640464229458101	a7	a15
12	0.640499655847532	a7	a17	a23	14
12	0.640536163958777	a7	a15	a23	15
13	0.640963714506033	a7	a17
13	0.641057553873457	a7	a15
13	0.642092220789207	a7	a14
13	0.642188494030714	a6	a10
12	0.642903512150223	a6	a10	a24	0
12	0.642966252015475	a7	a14	a25	0
13	0.643031155324357	a7	a14
12	0.643057116647909	a7	a14	a25	1
13	0.643097140355053	a7	a14
12	0.64311607048681	a7	a14	a25	2
13	0.643156094193953	a7	a14
12	0.643172860882081	a7	a14	a25	3
13	0.64321180286741	a7	a14
13	0.643359998756022	a6	a10
12	0.643455190275715	a6	a10	a26	0
12	0.643530369941835	a7	a14	a27	0
13	0.643625561461528	a7	a14
12	0.6436455733151	a7	a14	a27	1
13	0.643689923909502	a7	a14
12	0.643709394902166	a7	a14	a27	2
13	0.643764562714715	a7	a14
12	0.643781329402843	a7	a14	a27	3
13	0.643831088606319	a7	a14
13	0.644155605150725	a6	a10
12	0.644501215270518	a6	a10	a22	0
12	0.644571527188473	a7	a14	a23	0
12	0.644655360629112	a7	a15	a23	1
12	0.644752986022887	a7	a17	a23	2
13	0.645156197829312	a7	a14
13	0.64522596888636	a7	a15
12	0.645227050608174	a7	a14	a23	3
13	0.645318185671062	a7	a17
12	0.645322782988774	a7	a15	a23	4
12	0.645539938643073	a7	a17	a23	5
13	0.645658116751328	a7	a14
12	0.645724101782024	a7	a14	a23	6
13	0.645836059989844	a7	a15
12	0.645898258994189	a7	a15	a23	7
13	0.646009946771555	a7	a17
12	0.646075390941344	a7	a17	a23	8
13	0.646156249646992	a7	a14
13	0.646426139239757	a7	a15
12	0.646488338244101	a7	a15	a23	10
12	0.646622471749123	a7	a14	a23	9
13	0.646977276504341	a7	a15
12	0.647038934647778	a7	a15	a23	11
13	0.647325050067763	a7	a14
12	0.647373727549424	a7	a14	a23	12
13	0.647500289001743	a7	a15
12	0.647577091250585	a7	a15	a23	13
13	0.647677961809805	a7	a17
12	0.647750978032297	a7	a17	a23	14
13	0.64783075501613	a7	a14
12	0.647901607794992	a7	a14	a23	15
13	0.648132555402428	a7	a15
13	0.648193943115412	a7	a17
13	0.648295895396446	a7	a14
13	0.648391627777046	a6	a10
13	0.648569030154655	a8	a57
12	0.648614462470872	a6	a10	a28	0
12	0.648652863595293	a7	a14	a29	0
13	0.648746432532264	a7	a14
12	0.648762658359484	a7	a14	a29	1
13	0.648819448754755	a7	a14
12	0.648837838025605	a7	a14	a29	2
13	0.648887597229081	a7	a14
12	0.648917885439892	a7	a14	a29	3
13	0.648968726365182	a7	a14
12	0.648978461861515	a7	a15	a29	4
12	0.649035793117693	a7	a14	a29	5
13	0.649108268479277	a7	a14
13	0.64912611688922	a7	a15
12	0.649128280332849	a7	a14	a29	6
13	0.649181284701769	a7	a14
12	0.64920345999897	a7	a15	a29	7
13	0.649260250394241	a7	a15
12	0.649267281586036	a7	a14	a29	8
12	0.649320826815863	a7	a15	a29	9
13	0.649387893568374	a7	a14
13	0.649392220455633	a7	a15
12	0.649417911348732	a7	a17	a29	10
12	0.649495524888936	a7	a14	a29	11
12	0.649510668994341	a7	a15	a29	12
13	0.649541227635606	a7	a17
13	0.649557183032373	a7	a15
13	0.649564214224168	a7	a14
12	0.649624520215337	a7	a17	a29	13
12	0.649644802499363	a7	a14	a29	14
12	0.649657783161139	a7	a15	a29	15
13	0.649681310610608	a7	a17
13	0.649684826206506	a7	a14
13	0.649725390774557	a7	a15
13	0.649973645931028	a6	a10
13	0.650010424472727	a8	a56
12	0.65094881814697	a8	a56	a42	0
12	0.651046713971199	a6	a10	a30	0
12	0.651107831253729	a7	a14	a31	0
13	0.651261435751415	a7	a14
12	0.65127874330045	a7	a14	a31	1
13	0.651391242369177	a7	a14
12	0.651436133824487	a7	a14	a31	2
12	0.651540249549151	a7	a17	a31	3
13	0.65154538772777	a7	a14
12	0.651601096401227	a7	a15	a31	4
12	0.65163300719476	a7	a14	a31	5
13	0.651729821297175	a7	a14
13	0.651792831592881	a7	a17
12	0.651799592354222	a7	a14	a31	6
13	0.651803919241481	a7	a15
12	0.651878287616241	a7	a17	a31	7
13	0.651913714005672	a7	a14
12	0.651918581753838	a7	a15	a31	8
13	0.651993490989505	a7	a17
12	0.652001874333569	a7	a14	a31	9
13	0.652034866848917	a7	a15
12	0.652085978204661	a7	a17	a31	10
12	0.652106801349594	a7	a15	a31	11
13	0.652113832541389	a7	a14
12	0.6521808992939	a7	a14	a31	12
13	0.65219415038613	a7	a17
13	0.652209024061082	a7	a15
12	0.652266625747714	a7	a17	a31	13
13	0.652282581144481	a7	a14
12	0.652287989753554	a7	a15	a31	14
12	0.652366414585119	a7	a14	a31	15
13	0.652379665677349	a7	a17
13	0.652393457630486	a7	a15
13	0.652490812593808	a7	a14
13	0.652600066497092	a6	a10
13	0.65291214324063	a8	a56
12	0.652970556218623	a8	a56	a45	0
12	0.653027346613894	a6	a10	a32	0
12	0.653064125155593	a7	a14	a33	0
13	0.65310955747181	a7	a14
12	0.653164725284359	a7	a14	a33	1
13	0.653185818859746	a7	a14
12	0.65323990495048	a7	a14	a33	2
13	0.653258835082237	a7	a14
12	0.653311028159796	a7	a17	a33	3
12	0.653363762098262	a7	a14	a33	4
12	0.653376201899131	a7	a15	a33	5
13	0.653400270209508	a7	a17
13	0.653405408388128	a7	a14
13	0.653437860042568	a7	a15
12	0.653498706894645	a7	a17	a33	6
13	0.653521423052753	a7	a17
12	0.653540082754056	a7	a14	a33	7
12	0.653543868780408	a7	a15	a33	8
13	0.653583351626644	a7	a15
12	0.653609042519743	a7	a17	a33	9
13	0.65361472155927	a7	a14
13	0.653628513512407	a7	a17
12	0.653672323245902	a7	a17	a33	10
13	0.653692875960381	a7	a17
12	0.653707749635333	a7	a14	a33	11
13	0.653762917447882	a7	a14
12	0.653788067480074	a7	a17	a33	13
13	0.653805915890016	a7	a17
12	0.653813758373172	a7	a14	a33	14
13	0.65383268850493	a7	a14
12	0.653865951450731	a7	a17	a33	15
13	0.653884881582488	a7	a17
12	0.654186411538333	a7	a15	a33	12
13	0.654252937429936	a7	a15
13	0.65440275590127	a6	a10
13	0.654493079672797	a8	a56
12	0.655960976175329	a8	a56	a50	0
12	0.659513891475674	a6	a10	a34	0
12	0.659619359352606	a7	a14	a35	0
12	0.659787837525244	a7	a17	a35	1
12	0.660121278274622	a7	a15	a35	2
13	0.670900636157994	a7	a14
12	0.670978520128651	a7	a14	a35	3
13	0.672970781280854	a7	a17
13	0.673504881426856	a7	a15
13	0.674268577028026	a7	a14
13	0.674400547089418	a6	a10
12	0.67477698628093	a6	a10	a36	0
12	0.674847839059792	a7	a14	a37	0
12	0.675141256102026	a7	a17	a37	1
13	0.676453925524151	a7	a17
12	0.676503684727627	a7	a17	a37	2
13	0.677349861617167	a7	a14
12	0.677534836047479	a7	a14	a37	3
13	0.678315298336777	a7	a14
13	0.678465387238565	a7	a17
13	0.678613312696723	a6	a10
12	0.681693515564049	a6	a10	a38	0
12	0.681895797543396	a7	a14	a39	0
12	0.682417998749437	a7	a17	a39	1
13	0.683075956043221	a7	a14
12	0.683127337829419	a7	a14	a39	2
13	0.683876700616544	a7	a17
12	0.683978923328032	a7	a17	a39	3
13	0.684178230572389	a7	a14
13	0.686517183566199	a7	a17
13	0.686703510148779	a6	a10
12	0.686827367296561	a6	a10	a40	0
12	0.686881453387295	a7	a14	a41	0
13	0.687270873240583	a7	a14
12	0.68729196681597	a7	a14	a41	1
12	0.687735743190446	a7	a17	a41	2
13	0.688069183939824	a7	a14
12	0.688118402282392	a7	a14	a41	3
13	0.688561367365507	a7	a14
13	0.688828282223281	a7	a17
13	0.688951328079702	a6	a10
12	0.689276926345923	a8	a57	a49	0
13	0.69192930823554	a8	a57
12	0.692003947040753	a8	a57	a54	0
12	0.693450209106992	a8	a58	a53	0
13	0.70088217883481	a8	a58
12	0.700909762741085	a8	a58	a52	0
13	0.703874762235146	a8	a58
12	0.703914245081382	a8	a58	a51	0
13	0.705535205220693	a8	a58
13	0.707421187204602	a8	a57
13	0.707585068059528	a8	a56
13	0.707763011298044	a8	a55
12	0.709031330125766	a8	a55	a47	0
13	0.716422194424626	a8	a55
12	0.716475198793546	a8	a55	a46	0
12	0.716570931174146	a8	a56	a48	0
13	0.737666129143296	a8	a56
12	0.737918170326118	a6	a10	a20	0
12	0.737985237078629	a7	a14	a21	0
13	0.738208612633362	a7	a14
12	0.738327602032978	a7	a14	a21	1
12	0.738369518753297	a7	a17	a21	2
12	0.738418196234958	a7	a16	a21	3
13	0.738554763614062	a7	a14
13	0.739192709054275	a7	a17
13	0.739237059648677	a7	a16
13	0.7394412346412	a6	a10
12	0.739731136087536	a8	a56	a44	0
12	0.739749525358386	a8	a57	a43	0
12	0.739912865352404	a6	a10	a22	0
12	0.739969114886768	a7	a14	a23	0
12	0.740132454880786	a7	a15	a23	1
12	0.740200873785565	a7	a16	a23	2
13	0.740309857258394	a7	a14
12	0.740367458945027	a7	a17	a23	3
12	0.740390445533589	a7	a14	a23	4
13	0.740692786780794	a7	a14
12	0.740709012608015	a7	a14	a23	5
13	0.740764450851017	a7	a17
13	0.740808531014966	a7	a15
12	0.740842334821675	a7	a17	a23	6
12	0.740892364455604	a7	a15	a23	7
13	0.740901288660575	a7	a16
12	0.740973223161252	a7	a16	a23	8
13	0.741002700080703	a7	a14
12	0.741074093720472	a7	a14	a23	9
13	0.741193353550541	a7	a17
12	0.741267451494848	a7	a17	a23	10
13	0.741424030727524	a7	a15
13	0.741427275892968	a7	a14
13	0.74149515393684	a7	a16
12	0.741495424367293	a7	a14	a23	11
12	0.741519763108124	a7	a15	a23	12
13	0.741576283072941	a7	a17
12	0.741611979892826	a7	a16	a23	13
12	0.741646054129989	a7	a17	a23	14
13	0.741837248460735	a7	a14
12	0.741904856074153	a7	a14	a23	15
13	0.74195840130398	a7	a15
13	0.741975979283469	a7	a17
13	0.7421182257021	a7	a16
13	0.742223964009486	a7	a14
13	0.742300225397421	a6	a10
12	0.742579309625611	a6	a10	a24	0
12	0.74263664088179	a7	a14	a25	0
13	0.742689104389802	a7	a14
12	0.742706952799744	a7	a14	a25	1
13	0.742730750679668	a7	a14
12	0.742749680811425	a7	a14	a25	2
13	0.74277510127407	a7	a14
12	0.742842168026581	a7	a14	a25	3
13	0.742867047628318	a7	a14
13	0.743203463112686	a6	a10
12	0.743274856752456	a6	a10	a26	0
12	0.743334892313171	a7	a14	a27	0
13	0.743402499926589	a7	a14
12	0.743427920389234	a7	a14	a27	1
13	0.743470107540007	a7	a14
12	0.743490660254486	a7	a14	a27	2
13	0.743522030187112	a7	a14
12	0.743572871112403	a7	a14	a27	3
13	0.743615599124083	a7	a14
13	0.743707004617424	a6	a10
12	0.743856823088758	a6	a10	a22	0
12	0.743914154344937	a7	a14	a23	0
13	0.744213250426698	a7	a14
12	0.744344138766276	a7	a14	a23	1
12	0.74437172267255	a7	a15	a23	2
12	0.744400117870186	a7	a17	a23	3
12	0.744465562039974	a7	a16	a23	4
13	0.744687044581532	a7	a14
13	0.744738155937276	a7	a17
12	0.744786562988483	a7	a14	a23	5
12	0.74481874421247	a7	a17	a23	6
13	0.744888244839064	a7	a15
12	0.744957475035204	a7	a15	a23	7
13	0.745078087017542	a7	a14
13	0.745103237049733	a7	a17
13	0.745111349963343	a7	a16
12	0.745172467245873	a7	a17	a23	8
12	0.745208434496212	a7	a14	a23	9
12	0.745243860885643	a7	a16	a23	10
13	0.745411798197373	a7	a15
13	0.74547859451943	a7	a17
12	0.745483191837143	a7	a15	a23	11
13	0.745503203690714	a7	a14
12	0.745559182794625	a7	a17	a23	12
12	0.745596231766778	a7	a14	a23	13
13	0.745674386167889	a7	a16
12	0.745749024973102	a7	a16	a23	14
13	0.745859901459108	a7	a17
12	0.745952929535171	a7	a17	a23	15
13	0.745958608574698	a7	a14
13	0.746174682507182	a7	a16
13	0.746281232105929	a7	a17
13	0.746418340345941	a7	a15
13	0.746586007227218	a6	a10
13	0.746660646032431	a8	a57
12	0.746693638547779	a6	a10	a28	0
12	0.746753674108494	a7	a14	a29	0
13	0.746828853774615	a7	a14
12	0.74688591460034	a7	a17	a29	1
12	0.746926749598845	a7	a14	a29	2
13	0.74697650880232	a7	a14
12	0.746978401815496	a7	a16	a29	3
12	0.747028972310333	a7	a14	a29	4
13	0.747044927707099	a7	a17
13	0.747057637938422	a7	a14
13	0.747080624526984	a7	a16
12	0.747111183168249	a7	a14	a29	5
13	0.747175004755316	a7	a14
12	0.747177979490306	a7	a17	a29	6
12	0.747202859092044	a7	a16	a29	7
13	0.747242882799187	a7	a17
13	0.747242882799187	a7	a16
12	0.747264246805027	a7	a15	a29	8
12	0.74729020812858	a7	a14	a29	9
13	0.74733293614026	a7	a14
12	0.74735646358973	a7	a17	a29	10
13	0.747374582430126	a7	a15
13	0.747389456105078	a7	a17
12	0.747405681932298	a7	a16	a29	11
12	0.747488163220668	a7	a14	a29	13
13	0.747488974512029	a7	a16
12	0.747508445504693	a7	a17	a29	14
13	0.747537922424144	a7	a14
12	0.747550091794559	a7	a16	a29	15
13	0.747567940204501	a7	a17
12	0.747602284872118	a7	a15	a29	12
13	0.747639874705178	a7	a16
13	0.747659616128296	a7	a15
13	0.747851621750403	a6	a10
13	0.747884073404844	a8	a56
12	0.748221570611027	a8	a56	a42	0
12	0.748294586833518	a6	a10	a30	0
12	0.748382747161416	a7	a14	a31	0
12	0.748481995137913	a7	a16	a31	1
13	0.748497409673772	a7	a14
12	0.748503900004661	a7	a15	a31	2
12	0.748558526956302	a7	a14	a31	3
13	0.748676434634103	a7	a14
12	0.748714835758525	a7	a14	a31	4
13	0.748741067512531	a7	a16
12	0.748765947114269	a7	a17	a31	5
13	0.748817058470013	a7	a14
12	0.748839504197668	a7	a16	a31	6
12	0.748885747805246	a7	a14	a31	7
13	0.748954978001386	a7	a14
13	0.748964983928172	a7	a17
12	0.748972826411328	a7	a14	a31	8
13	0.74897958717267	a7	a16
12	0.749066665778752	a7	a17	a31	9
13	0.749071263096465	a7	a14
12	0.749078564718714	a7	a16	a31	10
13	0.7491364368358	a7	a17
12	0.749138329848975	a7	a14	a31	11
12	0.749200799283774	a7	a17	a31	12
13	0.749201881005588	a7	a16
13	0.749208100906023	a7	a14
12	0.74925136977861	a7	a14	a31	13
13	0.749267866036284	a7	a17
13	0.749323845140195	a7	a14
12	0.749329524179722	a7	a16	a31	14
12	0.749364139277792	a7	a17	a31	15
13	0.749456626492948	a7	a17
13	0.749457167353855	a7	a16
13	0.749862001743002	a7	a15
13	0.750002084718004	a6	a10
13	0.750202744114629	a8	a56
12	0.750253585039919	a8	a56	a45	0
12	0.75029414960797	a6	a10	a32	0
12	0.750349858281427	a7	a14	a33	0
13	0.750387718544941	a7	a14
12	0.750403944372161	a7	a14	a33	1
13	0.750419629338474	a7	a14
12	0.750436936887509	a7	a14	a33	2
13	0.750453703575637	a7	a14
12	0.750470470263764	a7	a14	a33	3
13	0.750486696090985	a7	a14
12	0.750503462779113	a7	a14	a33	4
13	0.750518606884518	a7	a14
12	0.75053645529446	a7	a14	a33	5
13	0.750552681121681	a7	a14
12	0.750569447809808	a7	a14	a33	6
13	0.750585673637029	a7	a14
12	0.750644627475929	a7	a14	a33	7
13	0.750684110322165	a7	a14
12	0.750694116248951	a7	a17	a33	8
12	0.750746579756964	a7	a16	a33	9
13	0.750763887305999	a7	a17
13	0.750800124986791	a7	a16
12	0.750839337402573	a7	a15	a33	10
12	0.750857997103877	a7	a17	a33	11
13	0.750874222931097	a7	a17
13	0.7508928826324	a7	a15
12	0.750913976207787	a7	a14	a33	12
12	0.750936962796349	a7	a17	a33	13
12	0.750949943458125	a7	a16	a33	14
13	0.750960219815365	a7	a17
13	0.750975634351224	a7	a14
12	0.751007545144757	a7	a15	a33	15
13	0.751018091932451	a7	a16
13	0.751054600043696	a7	a15
13	0.751254177718506	a6	a10
13	0.75133692943733	a8	a56
12	0.751851829021122	a8	a56	a50	0
12	0.753583665646438	a6	a10	a34	0
12	0.753637751737173	a7	a14	a35	0
12	0.753896553681337	a7	a17	a35	1
12	0.753912779508557	a7	a16	a35	2
12	0.754561542166917	a7	a15	a35	3
13	0.759042033923357	a7	a14
13	0.76691994346928	a7	a17
13	0.767551939439512	a7	a15
13	0.767933516809643	a7	a16
13	0.768115516504965	a6	a10
12	0.768192859614715	a6	a10	a36	0
12	0.768261548949948	a7	a14	a37	0
12	0.768511697119595	a7	a17	a37	1
13	0.768586606355262	a7	a14
12	0.768628252645127	a7	a14	a37	2
12	0.768692074232194	a7	a15	a37	3
13	0.7697824498214	a7	a15
13	0.770507203437241	a7	a14
13	0.770799538757661	a7	a17
13	0.770925288918618	a6	a10
12	0.772693904085634	a6	a10	a38	0
12	0.772789095605327	a7	a14	a39	0
12	0.773111989567011	a7	a15	a39	1
12	0.773235035423432	a7	a17	a39	2
13	0.773722080670496	a7	a14
12	0.773784820535748	a7	a14	a39	3
13	0.774361107832523	a7	a17
13	0.774703202356418	a7	a14
13	0.774820028312405	a7	a15
13	0.774961733870129	a6	a10
12	0.775017442543585	a6	a10	a40	0
12	0.775090458766077	a7	a14	a41	0
12	0.775383875808311	a7	a16	a41	1
13	0.77545229471309	a7	a14
12	0.775532882988284	a7	a14	a41	2
12	0.775552624411403	a7	a17	a41	3
13	0.776043996545725	a7	a14
13	0.776434227690374	a7	a17
13	0.776486150337479	a7	a16
13	0.776698438243611	a6	a10
12	0.776864482542166	a8	a57	a49	0
13	0.780579656114714	a8	a57
12	0.78061913896095	a8	a57	a54	0
12	0.781772795276316	a8	a58	a53	0
13	0.789011136799304	a8	a58
12	0.789050078784633	a8	a58	a52	0
13	0.791945848082555	a8	a58
12	0.791970727684292	a8	a58	a51	0
13	0.79359439212814	a8	a58
13	0.795402490141392	a8	a57
13	0.795463607423922	a8	a56
13	0.795613425895256	a8	a55
12	0.795939024161477	a8	a55	a46	0
12	0.795959036015049	a8	a56	a48	0
13	0.815810253897307	a8	a56
12	0.815925457270571	a6	a10	a20	0
12	0.816015781042098	a7	a14	a21	0
12	0.816078791337803	a7	a16	a21	1
12	0.816216440438723	a7	a15	a21	2
13	0.816293242687565	a7	a14
12	0.816401955729942	a7	a14	a21	3
13	0.816610457609723	a7	a16
13	0.816779476643268	a7	a14
13	0.81708668563864	a7	a15
13	0.817221900865476	a6	a10
12	0.817340349404184	a8	a56	a44	0
12	0.817364688145014	a8	a57	a43	0
12	0.817484759266445	a6	a10	a22	0
12	0.81758968628247	a7	a14	a23	0
12	0.817684607371709	a7	a16	a23	1
12	0.817796836009983	a7	a15	a23	2
13	0.817897436138749	a7	a14
12	0.817968288917611	a7	a14	a23	3
12	0.818067536894108	a7	a17	a23	4
13	0.818111887488511	a7	a16
12	0.818196802650964	a7	a16	a23	5
13	0.818293346322925	a7	a14
12	0.818367985128138	a7	a14	a23	6
13	0.818413417444355	a7	a15
12	0.818474534726885	a7	a15	a23	7
13	0.818482918070949	a7	a17
13	0.818524564360814	a7	a16
12	0.818554311710718	a7	a17	a23	8
12	0.818605152636009	a7	a16	a23	9
13	0.818695746837989	a7	a14
12	0.818753618955075	a7	a14	a23	10
13	0.818911279909565	a7	a17
13	0.818926694445425	a7	a15
13	0.818964284278485	a7	a16
12	0.819012691329693	a7	a15	a23	11
12	0.819027565004644	a7	a16	a23	12
12	0.819064884407251	a7	a17	a23	13
13	0.819094361326702	a7	a14
12	0.819160887218305	a7	a14	a23	14
13	0.81937263426353	a7	a16
12	0.819440241876948	a7	a16	a23	15
13	0.819447543499197	a7	a15
13	0.819460524160974	a7	a14
13	0.819467284922315	a7	a17
13	0.819804782128498	a7	a16
13	0.819953248447564	a6	a10
12	0.820116047580675	a6	a10	a24	0
12	0.820265325191102	a7	a14	a25	0
13	0.820297235984635	a7	a14
12	0.820314002672763	a7	a14	a25	1
13	0.820342127439945	a7	a14
12	0.820358353267165	a7	a14	a25	2
13	0.820383232868903	a7	a14
12	0.820399458696123	a7	a14	a25	3
13	0.820424879158768	a7	a14
13	0.820602822397285	a6	a10
12	0.820637437495355	a6	a10	a26	0
12	0.82071369888329	a7	a14	a27	0
13	0.820754804312248	a7	a14
12	0.820823493647481	a7	a14	a27	1
13	0.820866762520069	a7	a14
12	0.820873252850957	a7	a15	a27	2
12	0.820948432517078	a7	a14	a27	3
13	0.820989537946036	a7	a14
13	0.821059309003083	a7	a15
13	0.821393020182915	a6	a10
12	0.821533103157917	a6	a10	a22	0
12	0.821600169910428	a7	a14	a23	0
13	0.821895479965838	a7	a14
12	0.821958760691997	a7	a15	a23	1
12	0.821983369863281	a7	a17	a23	2
12	0.821996891385965	a7	a16	a23	3
12	0.822068555456188	a7	a14	a23	4
13	0.822352777862997	a7	a16
13	0.822378198325642	a7	a17
13	0.822380091338818	a7	a14
12	0.822424171502767	a7	a16	a23	5
12	0.822456623157207	a7	a17	a23	6
12	0.822482314050306	a7	a14	a23	7
13	0.822499621599341	a7	a15
12	0.822562361464593	a7	a15	a23	8
13	0.822728135332694	a7	a16
13	0.82275950526532	a7	a17
13	0.822783573575697	a7	a14
12	0.822784925727965	a7	a16	a23	9
12	0.822847665593217	a7	a17	a23	10
12	0.822878224234482	a7	a14	a23	11
13	0.822997213634098	a7	a15
12	0.823062116942979	a7	a15	a23	12
13	0.82307320459158	a7	a16
12	0.823139189622276	a7	a16	a23	13
13	0.823179754190327	a7	a17
13	0.823216262301572	a7	a14
12	0.823271970975029	a7	a14	a23	14
12	0.823285222067259	a7	a17	a23	15
13	0.823442071730389	a7	a16
13	0.823525634740573	a7	a15
13	0.823568903613161	a7	a14
13	0.823601625698055	a7	a17
13	0.823809045856022	a6	a10
13	0.823885307243957	a8	a57
12	0.823898287905733	a6	a10	a28	0
12	0.823959946049171	a7	a14	a29	0
13	0.8239988880345	a7	a14
12	0.82401511386172	a7	a14	a29	1
13	0.824053514986141	a7	a14
12	0.82410273332871	a7	a14	a29	2
12	0.824117607003662	a7	a16	a29	3
13	0.824149788227649	a7	a14
12	0.824186566769348	a7	a14	a29	4
13	0.824216314119252	a7	a14
13	0.824247954482332	a7	a16
12	0.824256878687303	a7	a14	a29	5
13	0.824307178751686	a7	a14
12	0.824320429843916	a7	a17	a29	6
12	0.824340982558395	a7	a16	a29	7
13	0.824401558980017	a7	a16
12	0.824403451993193	a7	a14	a29	8
13	0.824409671893628	a7	a17
12	0.824445639143966	a7	a15	a29	9
13	0.824458078944835	a7	a14
12	0.8244997252347	a7	a14	a29	10
12	0.82454164195502	a7	a17	a29	11
13	0.824567873709026	a7	a15
12	0.824568144139479	a7	a16	a29	12
13	0.824585181258061	a7	a14
13	0.824589778575773	a7	a17
13	0.824623852812936	a7	a16
12	0.824657656619645	a7	a14	a29	13
12	0.824690378704539	a7	a17	a29	14
13	0.82469930290951	a7	a14
12	0.824703629796769	a7	a15	a29	15
13	0.824746087377996	a7	a17
13	0.824792871846481	a7	a15
13	0.825027064619361	a6	a10
13	0.825058975412894	a8	a56
12	0.825244490704114	a8	a56	a42	0
12	0.825305067125736	a6	a10	a30	0
12	0.825413780168112	a7	a14	a31	0
13	0.825487878112418	a7	a14
12	0.825508971687805	a7	a14	a31	1
13	0.825584692214833	a7	a14
12	0.825602540624775	a7	a14	a31	2
12	0.825663117046398	a7	a15	a31	3
13	0.82567285254273	a7	a14
12	0.825713417110781	a7	a14	a31	4
13	0.825785892472365	a7	a14
12	0.825852418363968	a7	a14	a31	5
13	0.825923271142831	a7	a15
13	0.825947609883661	a7	a14
12	0.825978168524926	a7	a16	a31	6
12	0.826008997596645	a7	a17	a31	7
12	0.82604550570789	a7	a15	a31	8
12	0.826064435839648	a7	a14	a31	9
13	0.826132313883519	a7	a17
13	0.826143671962573	a7	a16
13	0.826172067160209	a7	a14
13	0.82617585318656	a7	a15
12	0.826212090867352	a7	a14	a31	10
12	0.826247517256783	a7	a17	a31	11
12	0.826261038779467	a7	a16	a31	12
12	0.82629808775162	a7	a15	a31	13
13	0.826323237783812	a7	a17
13	0.82632458993608	a7	a14
13	0.826333514141051	a7	a16
12	0.826384625496795	a7	a14	a31	14
13	0.8403772380307	a7	a15
13	0.84045458114045	a7	a14
12	0.841427860343216	a7	a17	a31	15
13	0.84153495080287	a7	a17
13	0.841771577449833	a6	a10
13	0.841910578703021	a8	a56
12	0.841959256184682	a8	a56	a45	0
12	0.841977104594624	a6	a10	a32	0
12	0.84205120253893	a7	a14	a33	0
13	0.842066346644336	a7	a14
12	0.842088521941537	a7	a14	a33	1
13	0.842110697238738	a7	a14
12	0.842126382205051	a7	a14	a33	2
13	0.842143148893179	a7	a14
12	0.842159915581306	a7	a14	a33	3
13	0.842175059686712	a7	a14
12	0.842229686638354	a7	a14	a33	4
12	0.842252673226916	a7	a17	a33	5
13	0.842256729683721	a7	a14
13	0.842322444283963	a7	a17
12	0.842374096500615	a7	a14	a33	6
12	0.842384643288308	a7	a16	a33	7
13	0.842404384711426	a7	a14
12	0.842412227194583	a7	a17	a33	8
13	0.842428453021803	a7	a17
13	0.842442515405394	a7	a16
12	0.842516342919246	a7	a14	a33	9
12	0.842539329507808	a7	a17	a33	10
13	0.842567183844537	a7	a14
13	0.842570158579527	a7	a17
12	0.842586925267655	a7	a16	a33	11
13	0.842642633941111	a7	a16
12	0.842654262450619	a7	a14	a33	12
12	0.84266832483421	a7	a15	a33	13
13	0.842693745296855	a7	a14
12	0.842714568441788	a7	a17	a33	14
12	0.842728089964472	a7	a16	a33	15
13	0.842744315791692	a7	a16
13	0.842745397513507	a7	a17
13	0.842878719727167	a7	a15
13	0.843031242503038	a6	a10
13	0.843086951176495	a8	a56
12	0.843425530104492	a8	a56	a50	0
12	0.844911275016967	a6	a10	a34	0
12	0.844991863292161	a7	a14	a35	0
12	0.84515601457754	a7	a17	a35	1
12	0.845254992123584	a7	a16	a35	2
12	0.845276896990332	a7	a15	a35	3
13	0.85230971136853	a7	a14
13	0.858558277431078	a7	a15
13	0.858615338256803	a7	a17
13	0.859202713202179	a7	a16
13	0.859420409717385	a6	a10
12	0.859456647398177	a6	a10	a36	0
12	0.859518846402522	a7	a14	a37	0
13	0.859797930630711	a7	a14
12	0.859826055397893	a7	a14	a37	1
12	0.859956132446109	a7	a17	a37	2
12	0.859978037312857	a7	a15	a37	3
13	0.860119202009674	a7	a14
13	0.861216338360222	a7	a17
13	0.861593047982187	a7	a15
13	0.861747734201687	a6	a10
12	0.863353009374685	a6	a10	a38	0
12	0.863440628841675	a7	a14	a39	0
12	0.863669683435935	a7	a17	a39	1
12	0.863699971646747	a7	a16	a39	2
13	0.864370909602307	a7	a14
13	0.864734097701589	a7	a16
13	0.864745455780643	a7	a17
12	0.864935568389575	a7	a15	a39	3
13	0.866226603375406	a7	a15
13	0.86633153039143	a6	a10
12	0.866365604628593	a6	a10	a40	0
12	0.866439161711992	a7	a14	a41	0
12	0.866683360411658	a7	a17	a41	1
13	0.866729604019236	a7	a14
12	0.866818846068948	a7	a14	a41	2
12	0.86684994557112	a7	a16	a41	3
13	0.867733982724174	a7	a14
13	0.86776832739179	a7	a16
13	0.867860814606946	a7	a17
13	0.868088787479392	a6	a10
12	0.868257536082483	a8	a57	a49	0
13	0.871892662240744	a8	a57
12	0.871935390252425	a8	a57	a54	0
12	0.873000886239893	a8	a58	a53	0
13	0.880218134187495	a8	a58
12	0.880254912729195	a8	a58	a52	0
13	0.883024120574797	a8	a58
12	0.883046295871999	a8	a58	a51	0
13	0.884648325879552	a8	a58
13	0.886422349655642	a8	a57
13	0.88648779382543	a8	a56
13	0.886629499383154	a8	a55
12	0.886892898645031	a8	a55	a46	0
12	0.886911828776788	a8	a56	a48	0
13	0.920358126426052	a8	a56
12	0.920474411521131	a6	a10	a20	0
12	0.920563653570843	a7	a14	a21	0
13	0.92078216137741	a7	a14
12	0.920809204422777	a7	a14	a21	1
12	0.920989040674469	a7	a16	a21	2
12	0.92107963487645	a7	a15	a21	3
13	0.921275696955362	a7	a16
13	0.921516109628676	a7	a15
13	0.921522599959564	a7	a14
13	0.921690807701748	a6	a10
12	0.921815746571345	a8	a56	a44	0
12	0.921842789616712	a8	a57	a43	0
12	0.921955829546347	a6	a10	a22	0
12	0.92204885762241	a7	a14	a23	0
12	0.922156759373426	a7	a17	a23	1
13	0.922349035425987	a7	a14
12	0.922370399431827	a7	a16	a23	2
12	0.92245017641566	a7	a14	a23	3
12	0.922524274359966	a7	a15	a23	4
13	0.922634880415518	a7	a17
12	0.922701947168029	a7	a17	a23	5
13	0.922737914418367	a7	a14
12	0.922804981170878	a7	a14	a23	6
13	0.922866368883861	a7	a16
12	0.922933976497279	a7	a16	a23	7
13	0.923010778746122	a7	a17
12	0.923081631524984	a7	a17	a23	8
13	0.923153836456115	a7	a15
13	0.923171684866057	a7	a14
12	0.923223066652255	a7	a15	a23	9
12	0.923265253803028	a7	a14	a23	10
13	0.923301221053366	a7	a16
12	0.923358552309545	a7	a16	a23	11
13	0.923484032040049	a7	a17
12	0.923621410710514	a7	a17	a23	12
13	0.9236792828276	a7	a16
12	0.923761493685516	a7	a16	a23	13
13	0.923783939413171	a7	a14
12	0.923841811530257	a7	a14	a23	14
13	0.923965127817131	a7	a15
13	0.92401732089469	a7	a17
12	0.924054369866843	a7	a15	a23	15
13	0.924227445357193	a7	a14
13	0.924247727641219	a7	a16
13	0.924560615676117	a7	a15
13	0.924712056730174	a6	a10
12	0.924867824671489	a6	a10	a24	0
12	0.924935973145814	a7	a14	a25	0
13	0.92497761943568	a7	a14
12	0.9249938452629	a7	a14	a25	1
13	0.925019806586453	a7	a14
12	0.92503657327458	a7	a14	a25	2
13	0.925062534598133	a7	a14
12	0.925078219564446	a7	a14	a25	3
13	0.925104721748906	a7	a14
13	0.925251295054796	a6	a10
12	0.925283205848329	a6	a10	a26	0
12	0.925364334984431	a7	a14	a27	0
13	0.925404358691574	a7	a14
12	0.925431401736942	a7	a14	a27	1
13	0.925467098556826	a7	a14
12	0.925493059880379	a7	a14	a27	2
13	0.92552334809119	a7	a14
12	0.925559044911075	a7	a14	a27	3
13	0.925597986896404	a7	a14
13	0.925832179669284	a6	a10
12	0.925944137877104	a6	a10	a22	0
12	0.926016072377781	a7	a14	a23	0
13	0.926307596406839	a7	a14
12	0.926445786368666	a7	a17	a23	1
12	0.926498520307132	a7	a14	a23	2
12	0.926530160670212	a7	a16	a23	3
12	0.926573159112346	a7	a15	a23	4
13	0.9267870696012	a7	a17
13	0.926825200295168	a7	a14
12	0.926886588008151	a7	a17	a23	5
12	0.926914983205787	a7	a14	a23	6
13	0.926937969794349	a7	a16
12	0.927003954825045	a7	a16	a23	7
13	0.927031268300866	a7	a15
12	0.927112397436968	a7	a15	a23	8
13	0.927175948593581	a7	a17
13	0.927233009419306	a7	a14
12	0.927244097067906	a7	a17	a23	9
13	0.927291692827752	a7	a16
12	0.927301157893631	a7	a14	a23	10
12	0.927374444546576	a7	a16	a23	11
13	0.927570777055942	a7	a17
13	0.927577537817284	a7	a15
13	0.92759268192269	a7	a14
12	0.927640007252082	a7	a17	a23	12
13	0.927669754601986	a7	a16
12	0.927683546555123	a7	a14	a23	13
12	0.927687332581475	a7	a15	a23	14
12	0.927754128903532	a7	a16	a23	15
13	0.927926122672067	a7	a17
13	0.928018339456769	a7	a14
13	0.928115694420091	a7	a15
13	0.928133813260487	a7	a16
13	0.928339610835732	a6	a10
13	0.928394778648281	a8	a57
12	0.928431016329073	a6	a10	a28	0
12	0.928489970167974	a7	a14	a29	0
13	0.928533779901469	a7	a14
12	0.92861490903757	a7	a14	a29	1
12	0.928639518208854	a7	a17	a29	2
13	0.928648442413826	a7	a14
12	0.928691711286413	a7	a14	a29	3
13	0.928725244662668	a7	a14
12	0.928745797377148	a7	a14	a29	4
13	0.92877689687932	a7	a17
13	0.928817191016917	a7	a14
12	0.928875874425364	a7	a17	a29	5
12	0.928887773365325	a7	a16	a29	6
13	0.928909407801619	a7	a17
12	0.92894699763468	a7	a14	a29	7
13	0.928982964885018	a7	a16
13	0.92899783855997	a7	a14
12	0.929005681043126	a7	a17	a29	8
13	0.92906193057749	a7	a17
12	0.929071395643369	a7	a15	a29	9
12	0.929097627397375	a7	a16	a29	10
12	0.929135217230435	a7	a14	a29	11
13	0.929170643619866	a7	a16
12	0.929173347924403	a7	a17	a29	12
13	0.92920552914839	a7	a15
13	0.929208233452927	a7	a14
13	0.929233924346026	a7	a17
12	0.929252313616875	a7	a16	a29	13
12	0.929279627092696	a7	a14	a29	14
13	0.929313971760313	a7	a16
12	0.929333442752977	a7	a17	a29	15
13	0.929384013247814	a7	a14
13	0.929411326723635	a7	a17
13	0.929595489862585	a6	a10
13	0.929633890987007	a8	a56
12	0.929811834225523	a8	a56	a42	0
12	0.929872951508053	a6	a10	a30	0
12	0.929923251572436	a7	a14	a31	0
12	0.929983557563605	a7	a16	a31	1
13	0.930019524813943	a7	a14
12	0.930082805540103	a7	a14	a31	2
13	0.930150954014428	a7	a14
13	0.930156633053955	a7	a16
12	0.93023208315053	a7	a15	a31	4
12	0.930254528878184	a7	a17	a31	3
12	0.930271565996766	a7	a14	a31	5
12	0.930280490201737	a7	a16	a31	6
13	0.930343770927896	a7	a17
13	0.930352695132867	a7	a14
13	0.930383253774132	a7	a16
12	0.930419491454924	a7	a17	a31	7
12	0.93045599956617	a7	a14	a31	8
13	0.930457622148892	a7	a15
12	0.930487099068342	a7	a16	a31	9
13	0.93049575284286	a7	a17
13	0.930525770623218	a7	a14
13	0.930571473369888	a7	a16
12	0.93058120886622	a7	a17	a31	10
12	0.93059662340208	a7	a15	a31	11
12	0.930624207308354	a7	a14	a31	12
12	0.930666124028673	a7	a16	a31	13
13	0.930683431577708	a7	a17
13	0.930712367636251	a7	a15
13	0.930735624655267	a7	a14
12	0.930744548860238	a7	a17	a31	14
13	0.930753743495663	a7	a16
12	0.930784842997835	a7	a14	a31	15
13	0.930813779056378	a7	a17
13	0.930924925972838	a7	a14
13	0.931063386365118	a6	a10
13	0.931169935963865	a8	a56
12	0.931209418810101	a8	a56	a45	0
12	0.931230512385487	a6	a10	a32	0
12	0.931286761919851	a7	a14	a33	0
13	0.931302446886164	a7	a14
12	0.931319213574292	a7	a14	a33	1
13	0.931335980262419	a7	a14
12	0.931352746950547	a7	a14	a33	2
13	0.931405210458559	a7	a14
12	0.931408726054457	a7	a16	a33	3
12	0.931445234165703	a7	a14	a33	4
13	0.931463082575645	a7	a14
13	0.931471465919709	a7	a16
12	0.931481471846495	a7	a14	a33	5
13	0.931524740719083	a7	a14
12	0.931545563864015	a7	a17	a33	6
12	0.931576392935734	a7	a16	a33	7
13	0.931588832736603	a7	a17
13	0.931592618762954	a7	a16
12	0.93161290104698	a7	a14	a33	8
13	0.931631290317829	a7	a14
12	0.93165562905866	a7	a14	a33	9
12	0.931700250083516	a7	a17	a33	10
13	0.931701061374877	a7	a14
12	0.931716475910736	a7	a16	a33	11
13	0.931730538294327	a7	a17
13	0.931731079155234	a7	a16
12	0.931747575412908	a7	a14	a33	12
13	0.931764882961943	a7	a14
12	0.931820321204946	a7	a17	a33	13
12	0.931836006171259	a7	a16	a33	14
13	0.931862508355719	a7	a16
12	0.93186331964708	a7	a14	a33	15
13	0.931871162130237	a7	a17
13	0.931888740109725	a7	a14
13	0.93207912314911	a6	a10
13	0.932134831822567	a8	a56
12	0.93246205267151	a8	a56	a50	0
12	0.934198216184085	a6	a10	a34	0
12	0.934266905519318	a7	a14	a35	0
12	0.934356958860391	a7	a17	a35	1
12	0.934709329741526	a7	a15	a35	2
12	0.934742592687327	a7	a16	a35	3
13	0.942400912704869	a7	a14
13	0.94764807479747	a7	a17
13	0.949093255141894	a7	a16
13	0.949168705238468	a7	a15
13	0.949898326602476	a6	a10
12	0.949928614813287	a6	a10	a36	0
12	0.949984864347651	a7	a14	a37	0
13	0.950265030297655	a7	a14
12	0.950282878707597	a7	a14	a37	1
12	0.950358328804172	a7	a17	a37	2
12	0.950530863433615	a7	a16	a37	3
13	0.951513878132713	a7	a14
13	0.951579592732955	a7	a16
13	0.952815459906237	a7	a17
13	0.952950945563527	a6	a10
12	0.954620042323591	a6	a10	a38	0
12	0.954684945632473	a7	a14	a39	0
12	0.954811236654338	a7	a17	a39	1
12	0.955096270352508	a7	a16	a39	2
12	0.955157658065492	a7	a15	a39	3
13	0.955747737315404	a7	a14
13	0.956166634088142	a7	a17
13	0.95631077351995	a7	a15
13	0.956415430105521	a7	a16
13	0.956586071721788	a6	a10
12	0.95661419648897	a6	a10	a40	0
12	0.956688835294183	a7	a14	a41	0
12	0.956805931680623	a7	a17	a41	1
12	0.956906802239843	a7	a15	a41	2
13	0.957015515282219	a7	a14
12	0.957134504681835	a7	a14	a41	3
13	0.95789116909121	a7	a15
13	0.95801637839126	a7	a17
13	0.958066948886097	a7	a14
13	0.958218389940153	a6	a10
12	0.95841255900589	a8	a57	a49	0
13	0.962176410060099	a8	a57
12	0.962225628402667	a8	a57	a54	0
12	0.963310054521892	a8	a58	a53	0
13	0.970562999289379	a8	a58
12	0.970605186440152	a8	a58	a52	0
13	0.973501496598981	a8	a58
12	0.973536652557958	a8	a58	a51	0
13	0.975147336340029	a8	a58
13	0.976923523559748	a8	a57
13	0.97700248925222	a8	a56
13	0.977134459313612	a8	a55
12	0.977402726323655	a8	a55	a46	0
12	0.977422738177227	a8	a56	a48	0
13	0.995071570444779	a8	a56
12	0.995150536137251	a6	a10	a20	0
12	0.995249513683295	a7	a14	a21	0
12	0.995452066093095	a7	a16	a21	1
13	0.995468562350769	a7	a14
12	0.995544012447344	a7	a17	a21	2
12	0.995577816254053	a7	a14	a21	3
13	0.996279042420425	a7	a16
13	0.996449143175785	a7	a14
13	0.996721466642632	a7	a17
13	0.996862360908996	a6	a10
12	0.996946735210541	a8	a56	a44	0
12	0.996973237395001	a8	a57	a43	0
12	0.997092226794617	a6	a10	a22	0
12	0.997217165664213	a7	a14	a23	0
12	0.99746731383386	a7	a16	a23	1
12	0.997494897740135	a7	a17	a23	2
13	0.997510853136901	a7	a14
12	0.997581705915764	a7	a14	a23	3
12	0.997605503795687	a7	a15	a23	4
13	0.997873770805729	a7	a14
12	0.997942460140962	a7	a14	a23	5
13	0.997951384345933	a7	a16
13	0.997976804808579	a7	a17
13	0.998019262389805	a7	a15
12	0.99802548229024	a7	a16	a23	6
12	0.998058474805588	a7	a17	a23	7
12	0.998100391525907	a7	a15	a23	8
13	0.998242637944538	a7	a14
12	0.998306459531605	a7	a14	a23	9
13	0.998386236515438	a7	a17
13	0.998408682243093	a7	a15
13	0.998411656978083	a7	a16
12	0.998479264591501	a7	a17	a23	10
12	0.998493597405546	a7	a15	a23	11
12	0.998508471080498	a7	a16	a23	12
13	0.998625567466938	a7	a14
12	0.998691552497634	a7	a14	a23	13
13	0.998812434910425	a7	a17
13	0.998821088684943	a7	a16
13	0.998846779578042	a7	a15
12	0.998881124245658	a7	a17	a23	14
12	0.998924393118246	a7	a16	a23	15
13	0.999037162617427	a7	a14
13	0.999200232180991	a7	a17
13	0.999237551583598	a7	a16
13	0.999407652338958	a6	a10
12	0.999605607431046	a6	a10	a24	0
12	0.999679164514445	a7	a14	a25	0
13	0.999707830142534	a7	a14
12	0.999724055969754	a7	a14	a25	1
13	0.999756507624195	a7	a14
12	0.999772733451415	a7	a14	a25	2
13	0.999797072192246	a7	a14
12	0.999819247489447	a7	a14	a25	3
13	0.999844127091185	a7	a14
13	1.00025464051986	a6	a10
12	1.00029682767063	a6	a10	a26	0
12	1.00036335356224	a7	a14	a27	0
13	1.00040391813029	a7	a14
12	1.00043907408926	a7	a14	a27	1
13	1.00047531177006	a7	a14
12	1.00049748706726	a7	a14	a27	2
13	1.00052939786079	a7	a14
12	1.00056293123705	a7	a14	a27	3
13	1.00060025063965	a7	a14
13	1.000971822083	a6	a10
12	1.00109892439622	a6	a10	a22	0
12	1.00116436856601	a7	a14	a23	0
12	1.00144291193329	a7	a15	a23	1
13	1.00144777968146	a7	a14
12	1.00150105448083	a7	a16	a23	2
12	1.00153242441346	a7	a17	a23	3
12	1.0015759637165	a7	a14	a23	4
13	1.00184774632244	a7	a16
13	1.00186099741467	a7	a15
13	1.00189263777775	a7	a17
13	1.00191183833996	a7	a14
12	1.00193212062399	a7	a16	a23	5
12	1.00196808787433	a7	a15	a23	6
12	1.00202352611733	a7	a17	a23	7
12	1.00204380840135	a7	a14	a23	8
13	1.00226907696926	a7	a16
13	1.00229476786236	a7	a15
13	1.00232965339089	a7	a17
12	1.0023307351127	a7	a16	a23	9
12	1.00235480342308	a7	a15	a23	10
13	1.00236075289306	a7	a14
12	1.0024334986851	a7	a17	a23	11
12	1.00247325196179	a7	a14	a23	12
13	1.00268337642429	a7	a16
13	1.00269662751652	a7	a15
13	1.00272394099234	a7	a17
12	1.00274395284591	a7	a16	a23	13
13	1.00277072546082	a7	a14
12	1.00277180718264	a7	a15	a23	14
12	1.00285482933192	a7	a17	a23	15
13	1.00307279627758	a7	a16
13	1.00307306670803	a7	a15
13	1.00317555984997	a7	a17
13	1.00332510789085	a6	a10
13	1.00337757139887	a8	a57
12	1.00339974669607	a6	a10	a28	0
12	1.00345491450862	a7	a14	a29	0
13	1.00348682530215	a7	a14
12	1.00350845973844	a7	a14	a29	1
13	1.00354145225379	a7	a14
12	1.00355767808101	a7	a14	a29	2
13	1.0035863437091	a7	a14
12	1.00360419211904	a7	a14	a29	3
13	1.00363393946895	a7	a14
12	1.00370965999597	a7	a14	a29	4
12	1.00372940141909	a7	a16	a29	5
13	1.00376158264308	a7	a14
12	1.00382864939559	a7	a14	a29	6
13	1.00384244134873	a7	a16
13	1.00389355270447	a7	a14
12	1.00389598657855	a7	a17	a29	7
12	1.0039395258816	a7	a15	a29	8
12	1.00395439955655	a7	a16	a29	9
13	1.00396521677469	a7	a17
12	1.00398441733691	a7	a14	a29	10
13	1.00400307703821	a7	a16
13	1.00404066687127	a7	a14
12	1.00405499968531	a7	a17	a29	11
13	1.00408014971751	a7	a15
13	1.00411882127238	a7	a17
12	1.00412720461644	a7	a14	a29	12
12	1.00414910948319	a7	a16	a29	13
13	1.00415803368816	a7	a14
13	1.00419778696485	a7	a16
12	1.00420076169984	a7	a15	a29	14
12	1.00422483001022	a7	a17	a29	15
13	1.0042564703733	a7	a15
13	1.00427134404825	a7	a17
13	1.00449282658981	a6	a10
13	1.00452581910516	a8	a56
12	1.00471133439638	a8	a56	a42	0
12	1.00478002373161	a6	a10	a30	0
12	1.00486331631134	a7	a14	a31	0
13	1.00496878418827	a7	a14
12	1.00497662667143	a7	a17	a31	1
12	1.00498825518094	a7	a15	a31	2
12	1.00501800253084	a7	a14	a31	3
13	1.00510670371964	a7	a14
13	1.005165927989	a7	a17
12	1.0051694435849	a7	a14	a31	4
12	1.00522704527153	a7	a17	a31	5
13	1.00523921464194	a7	a14
13	1.00525435874735	a7	a15
12	1.00528275394499	a7	a16	a31	6
13	1.00529303030222	a7	a17
12	1.00533494702254	a7	a14	a31	7
12	1.00537821589513	a7	a15	a31	8
12	1.00540228420551	a7	a17	a31	9
13	1.00540769281458	a7	a16
13	1.00543284284677	a7	a14
12	1.00546448320985	a7	a16	a31	10
13	1.00546799880575	a7	a15
13	1.00552235532694	a7	a17
12	1.00552695264465	a7	a14	a31	11
12	1.00553993330643	a7	a15	a31	12
13	1.00556183817318	a7	a16
13	1.00560808178075	a7	a15
13	1.00563945171338	a7	a14
12	1.00565432538833	a7	a17	a31	13
12	1.00566568346739	a7	a16	a31	14
12	1.00572653031946	a7	a15	a31	15
13	1.00572896419354	a7	a17
13	1.00574194485532	a7	a16
13	1.00582172183915	a7	a15
13	1.00599641991223	a6	a10
13	1.00609215229283	a8	a56
12	1.00613163513906	a8	a56	a45	0
12	1.00614569752265	a6	a10	a32	0
12	1.00620302877883	a7	a14	a33	0
13	1.00621925460605	a7	a14
12	1.00623602129418	a7	a14	a33	1
13	1.00625170626049	a7	a14
12	1.00626847294862	a7	a14	a33	2
13	1.00628415791493	a7	a14
12	1.00630092460306	a7	a14	a33	3
13	1.00631769129119	a7	a14
12	1.00633662142295	a7	a14	a33	4
13	1.00635338811107	a7	a14
12	1.0063701547992	a7	a14	a33	5
13	1.00638692148733	a7	a14
12	1.00640314731455	a7	a14	a33	6
13	1.00642045486358	a7	a14
12	1.00643722155171	a7	a14	a33	7
13	1.00645452910075	a7	a14
12	1.00650591088694	a7	a14	a33	8
13	1.00652321843598	a7	a14
12	1.00662625243883	a7	a17	a33	9
12	1.00667682293367	a7	a15	a33	10
13	1.00667925680775	a7	a17
12	1.00670440683994	a7	a14	a33	11
13	1.00672820471986	a7	a15
12	1.00676633541383	a7	a17	a33	12
13	1.00677742306243	a7	a14
12	1.00677823435379	a7	a16	a33	13
13	1.00678202038014	a7	a17
12	1.00680338438598	a7	a15	a33	14
13	1.00682258494819	a7	a16
13	1.00683042743135	a7	a15
12	1.00688532481345	a7	a17	a33	15
13	1.00691615388517	a7	a17
13	1.00711870629497	a6	a10
13	1.00717387410751	a8	a56
12	1.007474592772	a8	a56	a50	0
12	1.00910637012946	a6	a10	a34	0
12	1.0091756003256	a7	a14	a35	0
12	1.00936381992135	a7	a15	a35	1
12	1.00946252703694	a7	a16	a35	2
12	1.00951012279679	a7	a17	a35	3
13	1.01492981951883	a7	a14
13	1.02258651695365	a7	a17
13	1.02272849294183	a7	a15
13	1.02344810837905	a7	a16
13	1.02361496396897	a6	a10
12	1.023661478007	a6	a10	a36	0
12	1.02373990283856	a7	a14	a37	0
12	1.02401790534494	a7	a15	a37	1
13	1.02403413117216	a7	a14
12	1.02409903448104	a7	a14	a37	2
12	1.02424912338283	a7	a16	a37	3
13	1.02526377844501	a7	a16
13	1.02619649307972	a7	a14
13	1.02646421922886	a7	a15
13	1.02659078068117	a6	a10
12	1.02819551499327	a6	a10	a38	0
12	1.02825555055398	a7	a14	a39	0
12	1.02843565723613	a7	a15	a39	1
12	1.02859980852151	a7	a16	a39	2
12	1.0287171753384	a7	a17	a39	3
13	1.02928643144338	a7	a14
13	1.02963880232451	a7	a16
13	1.02976563420729	a7	a15
13	1.02989030264643	a7	a17
13	1.03002795174735	a6	a10
12	1.0300609442627	a6	a10	a40	0
12	1.03011503035343	a7	a14	a41	0
12	1.03029865263147	a7	a16	a41	1
12	1.03039465544253	a7	a15	a41	2
13	1.03045360928143	a7	a14
12	1.03054825994021	a7	a14	a41	3
13	1.03137658841981	a7	a16
13	1.03139308467749	a7	a14
13	1.03160402043135	a7	a15
13	1.03175167545905	a6	a10
12	1.03191555631398	a8	a57	a49	0
13	1.03559395134483	a8	a57
12	1.03563289333016	a8	a57	a54	0
12	1.03671515600575	a8	a58	a53	0
13	1.04389778885529	a8	a58
12	1.04393781256243	a8	a58	a52	0
13	1.04738796429038	a8	a58
12	1.04744042779839	a8	a58	a51	0
13	1.05005603114631	a8	a58
13	1.05260510860262	a8	a57
13	1.05269380979143	a8	a56
13	1.05288635627444	a8	a55
12	1.05340287844095	a8	a55	a46	0
12	1.05342883976451	a8	a56	a48	0
13	1.08236868433378	a8	a56
12	1.08282517093958	a6	a10	a20	0
12	1.0830918153669	a7	a14	a21	0
12	1.08320458486608	a7	a16	a21	1
12	1.08343174644716	a7	a17	a21	2
13	1.08357913104441	a7	a14
12	1.08364673865783	a7	a14	a21	3
13	1.08415217317575	a7	a17
13	1.08419490118743	a7	a16
13	1.08477551537146	a7	a14
13	1.08486854344752	a6	a10
12	1.08539047422311	a8	a56	a44	0
12	1.08543320223479	a8	a57	a43	0
12	1.08567604878219	a6	a10	a22	0
12	1.08574365639561	a7	a14	a23	0
12	1.08622367045087	a7	a17	a23	1
13	1.08623259465585	a7	a14
12	1.08631156034832	a7	a14	a23	2
13	1.08664770540223	a7	a17
12	1.08672072162472	a7	a17	a23	3
13	1.08676155662323	a7	a14
12	1.08683105724982	a7	a16	a23	4
12	1.08685837072564	a7	a14	a23	5
13	1.0871609824033	a7	a17
12	1.08725076531392	a7	a17	a23	6
13	1.08731593905326	a7	a14
13	1.08735839663448	a7	a16
12	1.08739003699756	a7	a14	a23	7
12	1.08743411716151	a7	a16	a23	8
13	1.08755635172657	a7	a17
12	1.0876396443063	a7	a17	a23	9
13	1.08782570045843	a7	a16
13	1.08787789353599	a7	a14
12	1.0879233258522	a7	a14	a23	10
12	1.08793819952716	a7	a16	a23	11
13	1.08795983396345	a7	a17
12	1.08802690071596	a7	a17	a23	12
13	1.08835844845216	a7	a17
13	1.08836277533942	a7	a16
12	1.08837413341847	a7	a17	a23	13
13	1.08841496841698	a7	a14
12	1.08845580341548	a7	a16	a23	14
13	1.08873001989551	a7	a17
13	1.0888695620096	a7	a16
12	1.08890444753813	a7	a14	a23	15
13	1.08942313314827	a7	a14
13	1.08948479129171	a6	a10
12	1.08998346504828	a6	a10	a24	0
12	1.09004079630446	a7	a14	a25	0
13	1.09009488239519	a7	a14
12	1.09011273080513	a7	a14	a25	1
13	1.09014085557232	a7	a14
12	1.09015870398226	a7	a14	a25	2
13	1.09019223735851	a7	a14
12	1.09045239145495	a7	a14	a25	3
13	1.09050323238024	a7	a14
13	1.09052486681653	a6	a10
12	1.09062817124983	a6	a10	a26	0
12	1.09068279820147	a7	a14	a27	0
13	1.09077041766846	a7	a14
12	1.09078988866113	a7	a14	a27	1
13	1.09086615004906	a7	a14
12	1.09088453931991	a7	a14	a27	2
13	1.09094403401972	a7	a14
12	1.0909791899787	a7	a14	a27	3
13	1.09104030726123	a7	a14
13	1.09221235284744	a6	a10
12	1.09265477706965	a6	a10	a22	0
12	1.09271048574311	a7	a14	a23	0
12	1.09286976928032	a7	a16	a23	1
12	1.09302932324799	a7	a17	a23	2
13	1.09318590248066	a7	a14
12	1.0932621638686	a7	a14	a23	3
13	1.09339224091682	a7	a16
13	1.09342144740581	a7	a17
12	1.09346309369568	a7	a16	a23	4
12	1.09349554535012	a7	a17	a23	5
13	1.09371486444805	a7	a14
12	1.09375813332063	a7	a14	a23	6
13	1.093840614609	a7	a17
13	1.093899027587	a7	a16
12	1.09390065016972	a7	a17	a23	7
12	1.09398448361036	a7	a16	a23	8
13	1.09420623658237	a7	a17
13	1.09420867045645	a7	a14
12	1.0942749259176	a7	a17	a23	9
12	1.09430169853251	a7	a14	a23	10
13	1.09441068200534	a7	a16
12	1.09449451544598	a7	a16	a23	11
13	1.09456374564212	a7	a17
12	1.09464866080458	a7	a17	a23	12
13	1.09475656255559	a7	a14
12	1.0948312013608	a7	a14	a23	13
13	1.09489907940468	a7	a16
13	1.09494667516452	a7	a17
12	1.09496668701809	a7	a16	a23	14
12	1.09502834516153	a7	a17	a23	15
13	1.09532284392558	a7	a14
13	1.09533393157418	a7	a17
13	1.09542101018026	a7	a16
13	1.09559868298833	a6	a10
13	1.09580637357675	a8	a57
12	1.09586857258109	a6	a10	a28	0
12	1.09593888449905	a7	a14	a29	0
13	1.09602488138331	a7	a14
12	1.09605138356777	a7	a14	a29	1
13	1.0961119599894	a7	a14
12	1.09613034926025	a7	a14	a29	2
13	1.09619254826459	a7	a14
12	1.09623906230262	a7	a14	a29	3
12	1.09626691663935	a7	a16	a29	4
13	1.09630666991604	a7	a14
12	1.09635047964953	a7	a14	a29	5
13	1.09640429530982	a7	a16
13	1.09641105607116	a7	a14
12	1.09642376630248	a7	a17	a29	6
12	1.09647812282367	a7	a14	a29	7
13	1.09648975133318	a7	a17
12	1.09649245563771	a7	a16	a29	8
12	1.09655086861571	a7	a17	a29	9
13	1.0965689874561	a7	a14
13	1.09656979874746	a7	a16
13	1.09660711815007	a7	a17
12	1.09663551334771	a7	a14	a29	10
12	1.09668716556436	a7	a17	a29	11
12	1.09670555483521	a7	a16	a29	12
13	1.09673097529785	a7	a17
13	1.09673449089375	a7	a14
13	1.09676126350866	a7	a16
12	1.09678857698448	a7	a14	a29	13
12	1.09682400337391	a7	a17	a29	14
12	1.09685483244563	a7	a16	a29	15
13	1.09685726631972	a7	a14
13	1.09689810131822	a7	a17
13	1.09694028846899	a7	a16
13	1.097165016176	a6	a10
13	1.09720125385679	a8	a56
12	1.09812828945198	a8	a56	a42	0
12	1.09825647348702	a6	a10	a30	0
12	1.09833219401404	a7	a14	a31	0
12	1.09844658609595	a7	a17	a31	1
13	1.09848579851173	a7	a14
12	1.09853718029793	a7	a14	a31	2
13	1.09863318310898	a7	a17
13	1.09866590519388	a7	a14
12	1.09869484125242	a7	a17	a31	3
12	1.09873838055546	a7	a14	a31	4
13	1.09876353058765	a7	a17
12	1.09881653495657	a7	a16	a31	5
12	1.0988484457501	a7	a17	a31	6
13	1.09885033876328	a7	a14
13	1.09891551250262	a7	a17
13	1.09897662978515	a7	a16
12	1.09898474269876	a7	a17	a31	8
13	1.09905018686854	a7	a17
12	1.09906424925213	a7	a16	a31	9
12	1.09912374395194	a7	a17	a31	10
13	1.09915240958003	a7	a16
13	1.09918918812173	a7	a17
12	1.09922758924615	a7	a17	a31	11
13	1.0993195356004	a7	a17
12	1.09932359205721	a7	a14	a31	7
12	1.09938119374384	a7	a17	a31	13
13	1.09944826049635	a7	a17
13	1.09948693205122	a7	a14
12	1.0995034283089	a7	a17	a31	14
12	1.0995296600629	a7	a14	a31	15
13	1.09957103592232	a7	a17
12	1.09964242956209	a7	a16	a31	12
13	1.09971842051957	a7	a14
13	1.09980414697338	a7	a16
13	1.09997641117237	a6	a10
13	1.10022628891156	a8	a56
12	1.10029119222045	a8	a56	a45	0
12	1.10046859459805	a6	a10	a32	0
12	1.10057460333589	a7	a14	a33	0
13	1.10061462704304	a7	a14
12	1.10063247545298	a7	a14	a33	1
13	1.10065032386292	a7	a14
12	1.10066654969014	a7	a14	a33	2
13	1.10068331637827	a7	a14
12	1.10070711425819	a7	a14	a33	3
13	1.10072442180723	a7	a14
12	1.10074984226987	a7	a14	a33	4
13	1.10076714981891	a7	a14
12	1.10078391650704	a7	a14	a33	5
13	1.10080122405607	a7	a14
12	1.10081853160511	a7	a14	a33	6
13	1.10083529829323	a7	a14
12	1.10085206498136	a7	a14	a33	7
13	1.10087315855675	a7	a14
12	1.1008920886885	a7	a14	a33	8
13	1.10091318226389	a7	a14
12	1.10093265325656	a7	a14	a33	9
13	1.10094941994468	a7	a14
12	1.10096618663281	a7	a14	a33	10
13	1.10098295332094	a7	a14
12	1.10099917914816	a7	a14	a33	11
13	1.10101648669719	a7	a14
12	1.10109274808513	a7	a14	a33	12
13	1.10112898576592	a7	a14
12	1.10113899169271	a7	a17	a33	13
13	1.10120281327977	a7	a17
12	1.10122147298108	a7	a14	a33	14
13	1.10124148483465	a7	a14
12	1.10128069725043	a7	a17	a33	15
13	1.10129638221674	a7	a17
13	1.10149514860019	a6	a10
13	1.10160332078166	a8	a56
12	1.10314369264578	a8	a56	a50	0
12	1.10613411260249	a6	a10	a34	0
12	1.10624120306214	a7	a14	a35	0
12	1.10674771930187	a7	a16	a35	1
12	1.10679747850534	a7	a17	a35	2
13	1.1219461812287	a7	a14
12	1.12202082003391	a7	a14	a35	3
13	1.12626333299112	a7	a14
13	1.1273042198073	a7	a17
13	1.12805872077305	a7	a16
13	1.12820664623121	a6	a10
12	1.12851115092204	a6	a10	a36	0
12	1.12861066932899	a7	a14	a37	0
12	1.1290717532525	a7	a17	a37	1
12	1.12909555113243	a7	a16	a37	2
13	1.12919101308257	a7	a14
12	1.12924726261694	a7	a14	a37	3
13	1.13013373364407	a7	a14
13	1.14688284379226	a7	a16
13	1.14803163235946	a7	a17
13	1.14817523093036	a6	a10
12	1.15111805512722	a6	a10	a38	0
12	1.15120297028967	a7	a14	a39	0
12	1.15143040230121	a7	a17	a39	1
12	1.15164025633326	a7	a16	a39	2
13	1.15247994289191	a7	a14
12	1.1525529591144	a7	a14	a39	3
13	1.1526154285492	a7	a17
13	1.15317684217102	a7	a16
13	1.153775304765	a7	a14
13	1.15386887370197	a6	a10
12	1.15400571151153	a6	a10	a40	0
12	1.15407331912495	a7	a14	a41	0
12	1.15440784159614	a7	a16	a41	1
12	1.15451763636033	a7	a17	a41	2
13	1.15472830168374	a7	a14
12	1.15478779638355	a7	a14	a41	3
13	1.15543628861146	a7	a14
13	1.1554803687754	a7	a17
13	1.15550146235079	a7	a16
13	1.15569536098607	a6	a10
12	1.15609722064023	a8	a57	a49	0
13	1.16204669062102	a8	a57
12	1.16226087154033	a8	a57	a54	0
12	1.16478290595127	a8	a58	a53	0
13	1.17911031138682	a8	a58
12	1.17916710178209	a8	a58	a52	0
13	1.18425389861567	a8	a58
12	1.18431177073275	a8	a58	a51	0
13	1.18716102599264	a8	a58
13	1.19128671299386	a8	a57
13	1.19146790139783	a8	a56
13	1.1917534759569	a8	a55
12	1.19196495257167	a8	a55	a50	0
12	1.19589647050716	a6	a10	a34	0
12	1.19596353725967	a7	a14	a35	0
12	1.19626425592415	a7	a15	a35	1
12	1.19631482641899	a7	a16	a35	2
12	1.19634349204708	a7	a17	a35	3
13	1.20442963304233	a7	a14
13	1.21028255935116	a7	a17
13	1.21064547701999	a7	a16
13	1.21120445676773	a7	a15
13	1.21140944305161	a6	a10
12	1.21167176059167	a6	a10	a36	0
12	1.21175883919775	a7	a14	a37	0
12	1.211964636773	a7	a16	a37	1
12	1.21223290378304	a7	a17	a37	2
12	1.21247061215182	a7	a15	a37	3
13	1.2135442210529	a7	a15
13	1.21362751363263	a7	a14
13	1.21494261692884	a7	a17
13	1.21515138923907	a7	a16
13	1.21532960290804	a6	a10
12	1.22182750584888	a6	a10	a38	0
12	1.22192053392494	a7	a14	a39	0
12	1.22208955295848	a7	a17	a39	1
12	1.22246382870637	a7	a16	a39	2
13	1.22296006858885	a7	a14
12	1.22303308481135	a7	a14	a39	3
13	1.22311935212607	a7	a17
13	1.22387006706546	a7	a16
13	1.2242819326464	a7	a14
13	1.22435981661706	a6	a10
12	1.22456642548367	a6	a10	a40	0
12	1.22463403309708	a7	a14	a41	0
12	1.22478249941615	a7	a17	a41	1
13	1.22531227267489	a7	a14
12	1.22537338995742	a7	a14	a41	2
12	1.22563976395429	a7	a16	a41	3
13	1.2257436092485	a7	a17
13	1.22648485912202	a7	a14
13	1.22682370848047	a7	a16
13	1.22748328835697	a6	a10
12	1.2279933201926	a8	a56	a49	0
13	1.23251167221255	a8	a56
12	1.23261497664586	a8	a56	a54	0
12	1.24799327482438	a8	a57	a53	0
13	1.2760163601557	a8	a57
12	1.27606503763736	a8	a57	a52	0
13	1.28114480327914	a8	a57
12	1.28119943023078	a8	a57	a51	0
13	1.28385127125949	a8	a57
13	1.2864960810964	a8	a56
13	1.28665563506407	a8	a55
