%EventDef PajeDefineContainerType 0 
%       Alias string 
%       Type string 
%       Name string 
%EndEventDef 
%EventDef PajeDefineVariableType 1 
%       Alias string 
%       Type string 
%       Name string 
%       Color color 
%EndEventDef 
%EventDef PajeDefineStateType 2 
%       Alias string 
%       Type string 
%       Name string 
%EndEventDef 
%EventDef PajeDefineEventType 3 
%       Alias string 
%       Type string 
%       Name string 
%       Color color 
%EndEventDef 
%EventDef PajeDefineLinkType 4 
%       Alias string 
%       Type string 
%       StartContainerType string 
%       EndContainerType string 
%       Name string 
%EndEventDef 
%EventDef PajeDefineEntityValue 5 
%       Alias string 
%       Type string 
%       Name string 
%       Color color 
%EndEventDef 
%EventDef PajeCreateContainer 6 
%       Time date 
%       Alias string 
%       Type string 
%       Container string 
%       Name string 
%EndEventDef 
%EventDef PajeDestroyContainer 7 
%       Time date 
%       Type string 
%       Name string 
%EndEventDef 
%EventDef PajeSetVariable 8 
%       Time date 
%       Type string 
%       Container string 
%       Value double 
%EndEventDef
%EventDef PajeAddVariable 9 
%       Time date 
%       Type string 
%       Container string 
%       Value double 
%EndEventDef
%EventDef PajeSubVariable 10 
%       Time date 
%       Type string 
%       Container string 
%       Value double 
%EndEventDef
%EventDef PajeSetState 11 
%       Time date 
%       Type string 
%       Container string 
%       Value string 
%EndEventDef
%EventDef PajePushState 12 
%       Time date 
%       Type string 
%       Container string 
%       Value string 
%       Id string 
%EndEventDef
%EventDef PajePopState 13 
%       Time date 
%       Type string 
%       Container string 
%EndEventDef
%EventDef PajeResetState 14 
%       Time date 
%       Type string 
%       Container string 
%EndEventDef
%EventDef PajeStartLink 15 
%       Time date 
%       Type string 
%       Container string 
%       Value string 
%       StartContainer string 
%       Key string 
%EndEventDef
%EventDef PajeEndLink 16 
%       Time date 
%       Type string 
%       Container string 
%       Value string 
%       EndContainer string 
%       Key string 
%EndEventDef
%EventDef PajeNewEvent 17 
%       Time date 
%       Type string 
%       Container string 
%       Value string 
%EndEventDef
0	a1	0	"Task Manager"
0	a2	a1	"Node"
0	a3	a1	"Thread"
0	a4	a1	"Jobs"
0	a5	a1	"Memory usage"
2	a6	a4	"Job"
2	a7	a3	"Task"
2	a8	a3	"Timer state"
6	0	a9	a1	0	"The task manager"
6	0	a10	a4	a9	"Jobs"
6	0	a11	a5	a9	"Memory"
1	a12	a1	"Memory [MB]"	"1.0 1.0 1.0"
6	0	a13	a2	a9	"Node 0"
6	0	a14	a3	a13	"Thread 0"
6	0	a15	a3	a13	"Thread 1"
6	0	a16	a3	a13	"Thread 2"
6	0	a17	a3	a13	"Thread 3"
5	a18	a6	"ngcore::ParallelFor<int,ngcore::EnterTaskManager()::{lambda(int)#1}>(ngcore::T_Range<int>,ngcore::EnterTaskManager()::{lambda(int)#1},int,ngcore::TotalCosts)::{lambda(ngcore::TaskInfo&)#1}"	"0.630615054310908 1 0"
5	a19	a7	"ngcore::ParallelFor<int,ngcore::EnterTaskManager()::{lambda(int)#1}>(ngcore::T_Range<int>,ngcore::EnterTaskManager()::{lambda(int)#1},int,ngcore::TotalCosts)::{lambda(ngcore::TaskInfo&)#1}"	"0.630615054310908 1 0"
5	a20	a6	"ngcore::ParallelForRange<netgen::ElementIndex,netgen::MeshOptimize3d::SwapImprove(netgen::Mesh&,netgen::OPTIMIZEGOAL,netgen::NgBitArray const*)::{lambda(auto:1)#1}>(ngcore::T_Range<netgen::ElementIndex>,netgen::MeshOptimize3d::SwapImprove(netgen::Mesh&,netgen::OPTIMIZEGOAL,netgen::NgBitArray const*)::{lambda(auto:1)#1},int,ngcore::TotalCosts)::{lambda(ngcore::TaskInfo&)#1}"	"0.708022642579866 0 1"
5	a21	a7	"ngcore::ParallelForRange<netgen::ElementIndex,netgen::MeshOptimize3d::SwapImprove(netgen::Mesh&,netgen::OPTIMIZEGOAL,netgen::NgBitArray const*)::{lambda(auto:1)#1}>(ngcore::T_Range<netgen::ElementIndex>,netgen::MeshOptimize3d::SwapImprove(netgen::Mesh&,netgen::OPTIMIZEGOAL,netgen::NgBitArray const*)::{lambda(auto:1)#1},int,ngcore::TotalCosts)::{lambda(ngcore::TaskInfo&)#1}"	"0.708022642579866 0 1"
5	a22	a6	"ngcore::ParallelForRange<netgen::ElementIndex,ngcore::CreateTable<netgen::ElementIndex,netgen::PointIndex,ngcore::T_Range<netgen::ElementIndex>,netgen::Mesh::CreatePoint2ElementTable(std::optional<ngcore::BitArray>)const::{lambda(auto:1&,netgen::ElementIndex)#1}>(ngcore::T_Range<netgen::ElementIndex>const&,netgen::Mesh::CreatePoint2ElementTable(std::optional<ngcore::BitArray>)const::{lambda(auto:1&,netgen::ElementIndex)#1}const&,std::optional<unsigned long>)::{lambda(auto:1)#1}>(ngcore::T_Range<netgen::ElementIndex>,ngcore::Table,int,ngcore::TotalCosts)::{lambda(ngcore::TaskInfo&)#1}"	"0 0.230008221284954 1"
5	a23	a7	"ngcore::ParallelForRange<netgen::ElementIndex,ngcore::CreateTable<netgen::ElementIndex,netgen::PointIndex,ngcore::T_Range<netgen::ElementIndex>,netgen::Mesh::CreatePoint2ElementTable(std::optional<ngcore::BitArray>)const::{lambda(auto:1&,netgen::ElementIndex)#1}>(ngcore::T_Range<netgen::ElementIndex>const&,netgen::Mesh::CreatePoint2ElementTable(std::optional<ngcore::BitArray>)const::{lambda(auto:1&,netgen::ElementIndex)#1}const&,std::optional<unsigned long>)::{lambda(auto:1)#1}>(ngcore::T_Range<netgen::ElementIndex>,ngcore::Table,int,ngcore::TotalCosts)::{lambda(ngcore::TaskInfo&)#1}"	"0 0.230008221284954 1"
5	a24	a6	"ngcore::TablePrefixSum2<unsigned int>(ngcore::FlatArray<unsigned int,unsigned long>)::{lambda(ngcore::TaskInfo)#1}"	"0 0.312895337658212 1"
5	a25	a7	"ngcore::TablePrefixSum2<unsigned int>(ngcore::FlatArray<unsigned int,unsigned long>)::{lambda(ngcore::TaskInfo)#1}"	"0 0.312895337658212 1"
5	a26	a6	"ngcore::TablePrefixSum2<unsigned int>(ngcore::FlatArray<unsigned int,unsigned long>)::{lambda(ngcore::TaskInfo)#2}"	"0 1 0.887517304832004"
5	a27	a7	"ngcore::TablePrefixSum2<unsigned int>(ngcore::FlatArray<unsigned int,unsigned long>)::{lambda(ngcore::TaskInfo)#2}"	"0 1 0.887517304832004"
5	a28	a6	"ngcore::ParallelForRange<netgen::PointIndex,ngcore::CreateSortedTable<netgen::ElementIndex,netgen::PointIndex,ngcore::T_Range<netgen::ElementIndex>,netgen::Mesh::CreatePoint2ElementTable(std::optional<ngcore::BitArray>)const::{lambda(auto:1&,netgen::ElementIndex)#1}>(ngcore::T_Range<netgen::ElementIndex>const&,netgen::Mesh::CreatePoint2ElementTable(std::optional<ngcore::BitArray>)const::{lambda(auto:1&,netgen::ElementIndex)#1}const&,std::optional<unsigned long>)::{lambda(auto:1)#1}>(ngcore::T_Range<netgen::PointIndex>,ngcore::Table,int,ngcore::TotalCosts)::{lambda(ngcore::TaskInfo&)#1}"	"0 0.170427812303051 1"
5	a29	a7	"ngcore::ParallelForRange<netgen::PointIndex,ngcore::CreateSortedTable<netgen::ElementIndex,netgen::PointIndex,ngcore::T_Range<netgen::ElementIndex>,netgen::Mesh::CreatePoint2ElementTable(std::optional<ngcore::BitArray>)const::{lambda(auto:1&,netgen::ElementIndex)#1}>(ngcore::T_Range<netgen::ElementIndex>const&,netgen::Mesh::CreatePoint2ElementTable(std::optional<ngcore::BitArray>)const::{lambda(auto:1&,netgen::ElementIndex)#1}const&,std::optional<unsigned long>)::{lambda(auto:1)#1}>(ngcore::T_Range<netgen::PointIndex>,ngcore::Table,int,ngcore::TotalCosts)::{lambda(ngcore::TaskInfo&)#1}"	"0 0.170427812303051 1"
5	a30	a6	"ngcore::ParallelFor<unsigned long,netgen::BuildEdgeList<netgen::ElementIndex>(netgen::Mesh const&,ngcore::Table<netgen::ElementIndex,netgen::PointIndex>const&,ngcore::Array<std::tuple<netgen::PointIndex,netgen::PointIndex>,unsigned long>&)::{lambda(int)#1}>(ngcore::T_Range<unsigned long>,netgen::BuildEdgeList<netgen::ElementIndex>(netgen::Mesh const&,ngcore::Table<netgen::ElementIndex,netgen::PointIndex>const&,ngcore::Array<std::tuple<netgen::PointIndex,netgen::PointIndex>,unsigned long>&)::{lambda(int)#1},int,ngcore::TotalCosts)::{lambda(ngcore::TaskInfo&)#1}"	"1 0.872005992306398 0"
5	a31	a7	"ngcore::ParallelFor<unsigned long,netgen::BuildEdgeList<netgen::ElementIndex>(netgen::Mesh const&,ngcore::Table<netgen::ElementIndex,netgen::PointIndex>const&,ngcore::Array<std::tuple<netgen::PointIndex,netgen::PointIndex>,unsigned long>&)::{lambda(int)#1}>(ngcore::T_Range<unsigned long>,netgen::BuildEdgeList<netgen::ElementIndex>(netgen::Mesh const&,ngcore::Table<netgen::ElementIndex,netgen::PointIndex>const&,ngcore::Array<std::tuple<netgen::PointIndex,netgen::PointIndex>,unsigned long>&)::{lambda(int)#1},int,ngcore::TotalCosts)::{lambda(ngcore::TaskInfo&)#1}"	"1 0.872005992306398 0"
5	a32	a6	"ngcore::ParallelForRange<unsigned long,netgen::MeshOptimize3d::SwapImprove(netgen::Mesh&,netgen::OPTIMIZEGOAL,netgen::NgBitArray const*)::{lambda(auto:1)#2}>(ngcore::T_Range<unsigned long>,netgen::MeshOptimize3d::SwapImprove(netgen::Mesh&,netgen::OPTIMIZEGOAL,netgen::NgBitArray const*)::{lambda(auto:1)#2},int,ngcore::TotalCosts)::{lambda(ngcore::TaskInfo&)#1}"	"1 0.408375991137786 0"
5	a33	a7	"ngcore::ParallelForRange<unsigned long,netgen::MeshOptimize3d::SwapImprove(netgen::Mesh&,netgen::OPTIMIZEGOAL,netgen::NgBitArray const*)::{lambda(auto:1)#2}>(ngcore::T_Range<unsigned long>,netgen::MeshOptimize3d::SwapImprove(netgen::Mesh&,netgen::OPTIMIZEGOAL,netgen::NgBitArray const*)::{lambda(auto:1)#2},int,ngcore::TotalCosts)::{lambda(ngcore::TaskInfo&)#1}"	"1 0.408375991137786 0"
5	a34	a6	"ngcore::ParallelForRange<netgen::ElementIndex,netgen::Mesh::Compress()::{lambda(auto:1)#1}>(ngcore::T_Range<netgen::ElementIndex>,netgen::Mesh::Compress()::{lambda(auto:1)#1},int,ngcore::TotalCosts)::{lambda(ngcore::TaskInfo&)#1}"	"1 0.0611641584106637 0"
5	a35	a7	"ngcore::ParallelForRange<netgen::ElementIndex,netgen::Mesh::Compress()::{lambda(auto:1)#1}>(ngcore::T_Range<netgen::ElementIndex>,netgen::Mesh::Compress()::{lambda(auto:1)#1},int,ngcore::TotalCosts)::{lambda(ngcore::TaskInfo&)#1}"	"1 0.0611641584106637 0"
5	a36	a6	"ngcore::ParallelForRange<netgen::SurfaceElementIndex,netgen::Mesh::Compress()::{lambda(auto:1)#2}>(ngcore::T_Range<netgen::SurfaceElementIndex>,netgen::Mesh::Compress()::{lambda(auto:1)#2},int,ngcore::TotalCosts)::{lambda(ngcore::TaskInfo&)#1}"	"1 0 -2.77631980257023"
5	a37	a7	"ngcore::ParallelForRange<netgen::SurfaceElementIndex,netgen::Mesh::Compress()::{lambda(auto:1)#2}>(ngcore::T_Range<netgen::SurfaceElementIndex>,netgen::Mesh::Compress()::{lambda(auto:1)#2},int,ngcore::TotalCosts)::{lambda(ngcore::TaskInfo&)#1}"	"1 0 -2.77631980257023"
5	a38	a6	"ngcore::ParallelForRange<netgen::ElementIndex,netgen::Mesh::Compress()::{lambda(auto:1)#3}>(ngcore::T_Range<netgen::ElementIndex>,netgen::Mesh::Compress()::{lambda(auto:1)#3},int,ngcore::TotalCosts)::{lambda(ngcore::TaskInfo&)#1}"	"0.688034037288286 1 0"
5	a39	a7	"ngcore::ParallelForRange<netgen::ElementIndex,netgen::Mesh::Compress()::{lambda(auto:1)#3}>(ngcore::T_Range<netgen::ElementIndex>,netgen::Mesh::Compress()::{lambda(auto:1)#3},int,ngcore::TotalCosts)::{lambda(ngcore::TaskInfo&)#1}"	"0.688034037288286 1 0"
5	a40	a6	"ngcore::ParallelForRange<netgen::SurfaceElementIndex,netgen::Mesh::Compress()::{lambda(auto:1)#4}>(ngcore::T_Range<netgen::SurfaceElementIndex>,netgen::Mesh::Compress()::{lambda(auto:1)#4},int,ngcore::TotalCosts)::{lambda(ngcore::TaskInfo&)#1}"	"0 0.666479625428673 1"
5	a41	a7	"ngcore::ParallelForRange<netgen::SurfaceElementIndex,netgen::Mesh::Compress()::{lambda(auto:1)#4}>(ngcore::T_Range<netgen::SurfaceElementIndex>,netgen::Mesh::Compress()::{lambda(auto:1)#4},int,ngcore::TotalCosts)::{lambda(ngcore::TaskInfo&)#1}"	"0 0.666479625428673 1"
5	a42	a8	"Build edges"	"0 0.0614795051658243 1"
5	a43	a8	"CreateTable"	"0.608616351291681 0 1"
5	a44	a8	"CreateSortedTable"	"0 0.0381698166109086 1"
5	a45	a8	"MeshOptimize3d::SwapImprove loop"	"0.154668690207104 1 0"
5	a46	a8	"MeshOptimize3d::SwapImprove"	"1 0 -2.43968480148811"
5	a47	a8	"FreeOpenElementsEnvironment"	"0.907015785320433 0 1"
5	a48	a8	"Mesh::BuildBoundaryEdges"	"1 0 -2.61861416630415"
5	a49	a8	"Mesh::LinkSurfaceElements"	"0 1 0.171518596860468"
5	a50	a8	"Mesh::Compress"	"1 0.648677515017027 0"
5	a51	a8	"Mesh::CalcSurfacesOfNode, pointloop"	"0 0.319536079261344 1"
5	a52	a8	"Mesh::CalcSurfacesOfNode - surfelementht"	"0.690162641156969 0 1"
5	a53	a8	"Mesh::CalcSurfacesOfNode - surf on node"	"0.000515674241007069 1 0"
5	a54	a8	"Mesh::CalcSurfacesOfNode"	"1 0 -2.35340285344361"
6	0	a55	a3	a9	"Timer level 0"
6	0	a56	a3	a9	"Timer level 1"
6	0	a57	a3	a9	"Timer level 2"
6	0	a58	a3	a9	"Timer level 3"
4	a59	a2	a3	a3	"links"
8	0	a12	a11	0
12	0.133627259212111	a6	a10	a18	0
12	0.133701357156418	a7	a14	a19	0
13	0.133733267949951	a7	a14
12	0.133757065829874	a7	a14	a19	1
13	0.133777618544353	a7	a14
12	0.133795466954295	a7	a14	a19	2
13	0.133801416424276	a7	a14
12	0.133819264834219	a7	a14	a19	3
13	0.133824673443292	a7	a14
13	0.133984768271866	a6	a10
12	0.135581389670346	a8	a55	a47	0
13	0.140602201473223	a8	a55
12	0.140865059874193	a8	a55	a46	0
12	0.140968905168403	a8	a56	a48	0
13	0.141020827815508	a8	a56
12	0.141874306327297	a6	a10	a20	0
12	0.141939750497086	a7	a14	a21	0
13	0.142075506584829	a7	a14
12	0.142166100786809	a7	a15	a21	1
12	0.142183678766298	a7	a14	a21	2
12	0.142208287937582	a7	a16	a21	3
13	0.14228914664323	a7	a14
13	0.143263507567811	a7	a15
13	0.143267293594162	a7	a16
13	0.143408187860526	a6	a10
12	0.144194058758897	a8	a56	a44	0
12	0.144288168556775	a8	a57	a43	0
12	0.144456917159866	a6	a10	a22	0
12	0.144522902190562	a7	a14	a23	0
12	0.144837412808183	a7	a16	a23	1
13	0.144838764960451	a7	a14
12	0.144854179496311	a7	a15	a23	2
12	0.144884197276668	a7	a14	a23	3
12	0.14502941843029	a7	a17	a23	4
13	0.145106491109587	a7	a14
12	0.145167608392117	a7	a14	a23	5
13	0.145342036034735	a7	a16
13	0.145352853252882	a7	a15
13	0.145358532292409	a7	a14
12	0.145440743150325	a7	a14	a23	6
12	0.145459402851629	a7	a16	a23	7
12	0.145487527618811	a7	a15	a23	8
13	0.145532959935028	a7	a17
12	0.145595158939372	a7	a17	a23	9
13	0.145632748772433	a7	a14
12	0.145688998306797	a7	a14	a23	10
13	0.14568926873725	a7	a16
12	0.145772020456074	a7	a16	a23	11
13	0.145817452772291	a7	a15
13	0.145857206048981	a7	a14
12	0.145879110915728	a7	a15	a23	12
13	0.14591534859652	a7	a17
12	0.146003238493964	a7	a14	a23	13
12	0.146017030447101	a7	a17	a23	14
13	0.146032715413414	a7	a16
13	0.146126825211292	a7	a15
12	0.146134938124902	a7	a16	a23	15
13	0.146190376367905	a7	a14
13	0.146249059776352	a7	a17
13	0.146336138382434	a7	a16
13	0.146475410066075	a6	a10
12	0.146652271582777	a6	a10	a24	0
12	0.146732318997064	a7	a14	a25	0
13	0.146811825550443	a7	a14
12	0.146854553562123	a7	a14	a25	1
13	0.146888086938379	a7	a14
12	0.146891061673369	a7	a17	a25	2
12	0.146941091307299	a7	a14	a25	3
13	0.14704060971425	a7	a14
13	0.147083067295476	a7	a17
13	0.147298600367053	a6	a10
12	0.147358635927768	a6	a10	a26	0
12	0.147394332747653	a7	a14	a27	0
13	0.147453286586554	a7	a14
12	0.147468430691959	a7	a14	a27	1
13	0.147504127511844	a7	a14
12	0.147545773801709	a7	a14	a27	2
12	0.147572005555716	a7	a16	a27	3
13	0.147589042674297	a7	a14
13	0.147720201444328	a7	a16
13	0.147994147493898	a6	a10
12	0.148156946627009	a6	a10	a22	0
12	0.148384108208093	a7	a14	a23	0
12	0.148517971282661	a7	a15	a23	1
12	0.148535278831696	a7	a17	a23	2
13	0.148569623499312	a7	a14
12	0.148630740781842	a7	a14	a23	3
13	0.148770553326391	a7	a17
13	0.148778125379093	a7	a15
13	0.148808684020358	a7	a14
12	0.148829507165291	a7	a16	a23	4
12	0.148891706169636	a7	a17	a23	5
12	0.148911718023208	a7	a15	a23	6
12	0.148929296002696	a7	a14	a23	7
13	0.14907830318267	a7	a17
13	0.149117245167998	a7	a15
13	0.149138609173838	a7	a14
13	0.149141583908829	a7	a16
12	0.14915564629242	a7	a17	a23	8
12	0.149176199006899	a7	a15	a23	9
12	0.149277339996572	a7	a16	a23	10
13	0.149343325027268	a7	a17
12	0.14935008578861	a7	a14	a23	11
13	0.149364418602655	a7	a15
12	0.149428781050629	a7	a15	a23	12
12	0.149455824095996	a7	a17	a23	13
13	0.149477999393197	a7	a16
13	0.149526406444404	a7	a14
12	0.149545066145708	a7	a16	a23	14
12	0.149591309753286	a7	a14	a23	15
13	0.14959752965372	a7	a15
13	0.14968298567708	a7	a17
13	0.149729499715112	a7	a16
13	0.149781151931763	a7	a14
13	0.149946114508503	a6	a10
13	0.150094851258023	a8	a57
12	0.150129466356093	a6	a10	a28	0
12	0.150211136353102	a7	a14	a29	0
13	0.15028090741015	a7	a14
12	0.150296592376463	a7	a14	a29	1
13	0.150330666613625	a7	a14
12	0.150342295123133	a7	a17	a29	2
12	0.15037447634712	a7	a14	a29	3
13	0.150412877471542	a7	a14
12	0.15044073180827	a7	a16	a29	4
12	0.150465881840461	a7	a14	a29	5
13	0.150516181904844	a7	a14
12	0.150532407732065	a7	a14	a29	6
13	0.150532678162518	a7	a17
13	0.150562155081969	a7	a14
13	0.150581896505087	a7	a16
12	0.150605153524103	a7	a17	a29	7
12	0.150647611105329	a7	a14	a29	8
13	0.150703590209239	a7	a17
12	0.150705753652869	a7	a15	a29	9
13	0.15071467785784	a7	a14
12	0.150732796698236	a7	a16	a29	10
12	0.150788505371692	a7	a17	a29	11
12	0.150813114542976	a7	a14	a29	12
13	0.150826906496114	a7	a17
13	0.150862062455091	a7	a16
13	0.150868823216433	a7	a14
12	0.150896677553161	a7	a17	a29	13
13	0.150897218414068	a7	a15
12	0.150951034074349	a7	a14	a29	14
13	0.150998088973288	a7	a14
12	0.151001063708279	a7	a15	a29	15
13	0.151019452979128	a7	a17
13	0.151061099268994	a7	a15
13	0.151317196908621	a6	a10
13	0.151349107702155	a8	a56
12	0.15195703536201	a8	a56	a42	0
12	0.152171757142225	a6	a10	a30	0
12	0.152235578729292	a7	a14	a31	0
12	0.152452734383591	a7	a16	a31	1
13	0.152514122096574	a7	a14
12	0.152578484544548	a7	a14	a31	2
12	0.152639331396624	a7	a17	a31	3
13	0.152663399707001	a7	a14
13	0.152703693844598	a7	a16
12	0.152712077188662	a7	a14	a31	4
12	0.152749667021723	a7	a15	a31	5
13	0.15281429990015	a7	a14
12	0.152830255296917	a7	a16	a31	6
13	0.152865952116802	a7	a17
12	0.152886775261734	a7	a14	a31	7
13	0.152926528538424	a7	a16
12	0.152935182312942	a7	a17	a31	8
13	0.152974665159178	a7	a15
13	0.152985211946871	a7	a14
13	0.153031996415356	a7	a17
12	0.153062284626168	a7	a16	a31	9
12	0.153099333598321	a7	a14	a31	10
12	0.153132596544122	a7	a17	a31	11
12	0.153160180450397	a7	a15	a31	12
13	0.153177487999432	a7	a16
13	0.153209669223419	a7	a14
13	0.153242932169221	a7	a17
13	0.153253749387368	a7	a15
12	0.153254290248275	a7	a16	a31	13
12	0.153304860743112	a7	a14	a31	14
12	0.153342991437079	a7	a17	a31	15
13	0.153390046336018	a7	a16
13	0.153407894745961	a7	a17
13	0.153427095308171	a7	a14
13	0.153560687952285	a6	a10
13	0.154049626212525	a8	a56
12	0.154188086604805	a8	a56	a45	0
12	0.154297881368996	a6	a10	a32	0
12	0.154356835207896	a7	a14	a33	0
13	0.154469334276624	a7	a14
12	0.154554790299984	a7	a14	a33	1
13	0.154571556988112	a7	a14
12	0.154588053245786	a7	a16	a33	2
12	0.154621316191588	a7	a14	a33	3
13	0.154637001157901	a7	a14
12	0.154652956554667	a7	a17	a33	4
12	0.15473489698213	a7	a14	a33	5
13	0.154749229796175	a7	a16
13	0.154750581948443	a7	a14
12	0.154790335225133	a7	a15	a33	6
13	0.154790335225133	a7	a17
12	0.154833874528174	a7	a14	a33	7
13	0.154860917573541	a7	a14
12	0.154887149327547	a7	a16	a33	8
12	0.154906620320212	a7	a17	a33	9
13	0.1549131106511	a7	a16
13	0.154919060121081	a7	a15
13	0.154954216080058	a7	a17
12	0.15498531558223	a7	a14	a33	10
13	0.15501181776669	a7	a14
12	0.155070501175137	a7	a17	a33	11
13	0.155091053889616	a7	a17
12	0.155102952829578	a7	a16	a33	12
12	0.15511782650453	a7	a14	a33	13
13	0.155126209848593	a7	a16
13	0.15513405233175	a7	a14
12	0.155146762563073	a7	a15	a33	14
12	0.155214370176491	a7	a17	a33	15
13	0.155244117526395	a7	a17
13	0.155246280970024	a7	a15
13	0.155458028015249	a6	a10
13	0.155593784102993	a8	a56
12	0.1562644516281	a8	a56	a50	0
12	0.157934630109979	a6	a10	a34	0
12	0.15799142050525	a7	a14	a35	0
12	0.158279969799318	a7	a17	a35	1
12	0.158300522513797	a7	a15	a35	2
13	0.158345143538653	a7	a14
12	0.158464673799176	a7	a14	a35	3
13	0.162763436290749	a7	a14
13	0.163636656225656	a7	a17
13	0.163817844629616	a7	a15
13	0.16427838769222	a6	a10
12	0.16433950497475	a6	a10	a36	0
12	0.164393050204577	a7	a14	a37	0
12	0.164545302549994	a7	a16	a37	1
13	0.164637519334697	a7	a14
12	0.164711887709456	a7	a17	a37	2
12	0.164727843106223	a7	a14	a37	3
13	0.165782521875545	a7	a14
13	0.166954837892213	a7	a16
13	0.167842390641165	a7	a17
13	0.167979498881177	a6	a10
12	0.169802200138927	a6	a10	a38	0
12	0.169878461526863	a7	a14	a39	0
12	0.170090208572088	a7	a16	a39	1
12	0.170268692671512	a7	a17	a39	2
12	0.170369292800278	a7	a15	a39	3
13	0.170406882633338	a7	a14
13	0.170798736360709	a7	a16
13	0.17092692039575	a7	a17
13	0.170968566685615	a7	a15
13	0.17112135989194	a6	a10
12	0.171183558896285	a6	a10	a40	0
12	0.171244676178815	a7	a14	a41	0
12	0.171469944746723	a7	a16	a41	1
13	0.171499962527081	a7	a14
12	0.171571356166851	a7	a14	a41	2
12	0.171626253548946	a7	a17	a41	3
13	0.172013509958604	a7	a16
13	0.1721641397213	a7	a14
13	0.172323423258513	a7	a17
13	0.172441601366767	a6	a10
12	0.17262224890982	a8	a57	a49	0
13	0.175275171660344	a8	a57
12	0.175328716890171	a8	a57	a54	0
12	0.19439352301315	a8	a58	a53	0
13	0.200228330481581	a8	a58
12	0.200264027301465	a8	a58	a52	0
13	0.20287205859668	a8	a58
12	0.202907755416564	a8	a58	a51	0
13	0.203895908294282	a8	a58
13	0.205188025001928	a8	a57
13	0.20532810797693	a8	a56
13	0.205629367502321	a8	a55
12	0.206025818547404	a8	a55	a46	0
12	0.206064760532733	a8	a56	a48	0
13	0.218587853981383	a8	a56
12	0.218780400464397	a6	a10	a20	0
12	0.218871805957739	a7	a14	a21	0
13	0.218992417940076	a7	a14
12	0.21901405237637	a7	a14	a21	1
12	0.219210114455283	a7	a17	a21	2
12	0.21935722862208	a7	a16	a21	3
13	0.219485412657121	a7	a17
13	0.219717712416825	a7	a14
13	0.220205298524796	a7	a16
13	0.220346192791159	a6	a10
12	0.220470590799848	a8	a56	a44	0
12	0.220496552123401	a8	a57	a43	0
12	0.220617164105739	a6	a10	a22	0
12	0.220735612644447	a7	a14	a23	0
12	0.220871098301737	a7	a17	a23	1
12	0.220906795121622	a7	a16	a23	2
13	0.220950334424663	a7	a14
12	0.221036872169838	a7	a14	a23	3
12	0.221113403988227	a7	a15	a23	4
13	0.221237531566463	a7	a14
13	0.22129405153128	a7	a16
12	0.2212991897099	a7	a14	a23	5
13	0.22130432788852	a7	a17
12	0.221384375302807	a7	a17	a23	6
12	0.221400601130027	a7	a16	a23	7
13	0.221444410863522	a7	a15
13	0.221503635132876	a7	a14
12	0.221513100198755	a7	a15	a23	8
12	0.221583682547163	a7	a14	a23	9
13	0.221631007876556	a7	a16
13	0.221673735888236	a7	a17
12	0.221759191911596	a7	a16	a23	10
12	0.221874936145768	a7	a17	a23	11
13	0.221916041574726	a7	a15
13	0.221978511009524	a7	a14
12	0.222004201902623	a7	a15	a23	12
12	0.22207099822468	a7	a14	a23	13
13	0.222081004151466	a7	a17
12	0.222144825738533	a7	a17	a23	14
13	0.222156724678494	a7	a16
13	0.222220005404654	a7	a15
12	0.222234608649152	a7	a16	a23	15
13	0.222271657621305	a7	a14
13	0.222366037849636	a7	a17
13	0.222504498241917	a7	a16
13	0.222642688203743	a6	a10
12	0.222754646411563	a6	a10	a24	0
12	0.222837938991294	a7	a14	a25	0
13	0.222864441175754	a7	a14
12	0.222882289585697	a7	a14	a25	1
13	0.222928803623728	a7	a14
12	0.223003171998488	a7	a17	a25	2
12	0.223021290838884	a7	a14	a25	3
13	0.2230445478579	a7	a14
13	0.223147040999842	a7	a17
13	0.223287394405297	a6	a10
12	0.223348511687827	a6	a10	a26	0
12	0.223429640823929	a7	a14	a27	0
13	0.223481563471034	a7	a14
12	0.223510229099123	a7	a14	a27	1
13	0.223543221614471	a7	a14
12	0.223567019494395	a7	a14	a27	2
13	0.223597307705206	a7	a14
12	0.223650852935033	a7	a14	a27	3
13	0.223695203529435	a7	a14
13	0.223780118691888	a6	a10
12	0.223880718820654	a6	a10	a22	0
12	0.223957521069497	a7	a14	a23	0
13	0.224130596559847	a7	a14
12	0.224146822387068	a7	a14	a23	1
12	0.224296370427948	a7	a16	a23	2
13	0.22431935701651	a7	a14
12	0.224363437180459	a7	a15	a23	3
12	0.224429422211155	a7	a17	a23	4
12	0.224430774363423	a7	a14	a23	5
13	0.224523532009033	a7	a16
12	0.224600875118783	a7	a16	a23	6
13	0.224601145549237	a7	a14
13	0.224652797765888	a7	a15
13	0.22466253326222	a7	a17
12	0.224671998328099	a7	a14	a23	7
12	0.224737712928341	a7	a17	a23	8
12	0.224763133390986	a7	a15	a23	9
13	0.224799911932686	a7	a16
12	0.224861029215216	a7	a16	a23	10
13	0.224873739446538	a7	a14
12	0.224929988980902	a7	a14	a23	11
13	0.224960547622167	a7	a17
13	0.224969742257592	a7	a15
13	0.225032482122844	a7	a16
12	0.225034104705566	a7	a17	a23	12
12	0.225083863909042	a7	a15	a23	13
13	0.225169590362856	a7	a14
12	0.225169860793309	a7	a16	a23	14
12	0.225239361419903	a7	a14	a23	15
13	0.225298585689257	a7	a15
13	0.225298585689257	a7	a17
13	0.225348344892733	a7	a16
13	0.225455705782841	a7	a14
13	0.225559551077051	a6	a10
13	0.225643384517689	a8	a57
12	0.225670968423964	a6	a10	a28	0
12	0.225709910409293	a7	a14	a29	0
13	0.225738576037382	a7	a14
12	0.225759128751861	a7	a14	a29	1
13	0.225792121267209	a7	a14
12	0.225808347094429	a7	a14	a29	2
13	0.225837012722519	a7	a14
12	0.225852697688831	a7	a14	a29	3
13	0.225875954707847	a7	a14
12	0.225896507422326	a7	a14	a29	4
13	0.22592625477223	a7	a14
12	0.225932474672665	a7	a15	a29	5
12	0.225973850532077	a7	a14	a29	6
13	0.22600576132561	a7	a14
13	0.226076884534926	a7	a15
12	0.226084997448536	a7	a16	a29	7
12	0.226099330262581	a7	a14	a29	8
12	0.226126643738401	a7	a17	a29	9
13	0.22612799589067	a7	a14
12	0.226182352411858	a7	a15	a29	10
13	0.22618397499458	a7	a16
13	0.226220753536279	a7	a15
12	0.226249148733915	a7	a14	a29	11
13	0.226251041747091	a7	a17
12	0.226272676183384	a7	a16	a29	12
12	0.226335956909544	a7	a17	a29	13
13	0.226346503697237	a7	a14
12	0.226358673067652	a7	a15	a29	14
13	0.226382470947575	a7	a16
13	0.226394910748444	a7	a17
12	0.226398967205249	a7	a14	a29	15
13	0.226410595714757	a7	a15
13	0.226530396405734	a7	a14
13	0.226646140639906	a6	a10
13	0.226685623486142	a8	a56
12	0.226968493740683	a8	a56	a42	0
12	0.227053949764043	a6	a10	a30	0
12	0.227148600422828	a7	a14	a31	0
13	0.227221075784413	a7	a14
12	0.227225132241218	a7	a16	a31	1
12	0.227273539292425	a7	a14	a31	2
13	0.227371435116654	a7	a14
13	0.227397126009753	a7	a16
12	0.227401182466558	a7	a14	a31	3
12	0.227477714284947	a7	a16	a31	4
13	0.227479066437216	a7	a14
13	0.22754856706381	a7	a16
12	0.22757290580464	a7	a17	a31	5
12	0.227619960703579	a7	a15	a31	6
12	0.227638079543975	a7	a14	a31	7
12	0.227662147854352	a7	a16	a31	8
13	0.227709202753291	a7	a17
13	0.227746251725444	a7	a14
13	0.227757880234952	a7	a15
13	0.227758961956766	a7	a16
12	0.227777351227616	a7	a17	a31	9
12	0.227853071754644	a7	a15	a31	10
13	0.227866052416421	a7	a17
12	0.22787119059504	a7	a14	a31	11
12	0.227884982548178	a7	a16	a31	12
13	0.227930955725302	a7	a15
13	0.227966111684279	a7	a16
12	0.227968275127909	a7	a17	a31	13
13	0.22800153807371	a7	a14
12	0.228011003139589	a7	a15	a31	14
13	0.228031014993161	a7	a17
13	0.228083478501173	a7	a15
12	0.228117552738336	a7	a17	a31	15
13	0.228182996908124	a7	a17
13	0.228389876205184	a6	a10
13	0.228540776398333	a8	a56
12	0.228583504410013	a8	a56	a45	0
12	0.228612170038102	a6	a10	a32	0
12	0.228659224937041	a7	a14	a33	0
13	0.228675450764261	a7	a14
12	0.228698707783277	a7	a14	a33	1
13	0.2287225056632	a7	a14
12	0.228738731490421	a7	a14	a33	2
13	0.228756039039456	a7	a14
12	0.228771724005769	a7	a14	a33	3
13	0.228788490693896	a7	a14
12	0.228857180029129	a7	a14	a33	4
13	0.228873946717257	a7	a14
12	0.228923705920732	a7	a14	a33	5
13	0.228941013469767	a7	a14
12	0.228951560257461	a7	a17	a33	6
12	0.228968326945588	a7	a16	a33	7
12	0.229021331314508	a7	a15	a33	8
13	0.22903917972445	a7	a17
12	0.229039450154904	a7	a14	a33	9
13	0.229051078664412	a7	a16
13	0.229079473862048	a7	a14
13	0.229082448597038	a7	a15
12	0.229147351905919	a7	a16	a33	10
12	0.22917980356036	a7	a17	a33	11
13	0.229193865943951	a7	a16
13	0.229197651970302	a7	a17
12	0.229200085844385	a7	a14	a33	12
12	0.229262555279184	a7	a15	a33	13
13	0.229281755841394	a7	a14
13	0.229294466072717	a7	a15
12	0.229309069317215	a7	a17	a33	14
13	0.229368564017023	a7	a17
12	0.229370186599745	a7	a16	a33	15
13	0.229442661961329	a7	a16
13	0.229642510066593	a6	a10
13	0.229706872514567	a8	a56
12	0.230076280514283	a8	a56	a50	0
12	0.23103198173756	a6	a10	a34	0
12	0.231088772132832	a7	a14	a35	0
13	0.231387327353686	a7	a14
12	0.23143032579582	a7	a17	a35	1
12	0.231466022615704	a7	a15	a35	2
12	0.231504694170579	a7	a14	a35	3
13	0.23570610169883	a7	a14
13	0.236734007853238	a7	a15
13	0.237126132011062	a7	a17
13	0.237505545937564	a6	a10
12	0.237544487922893	a6	a10	a36	0
12	0.237603441761794	a7	a14	a37	0
12	0.237793554370725	a7	a16	a37	1
13	0.23780788718477	a7	a14
12	0.237916059366239	a7	a14	a37	2
12	0.237939586815708	a7	a15	a37	3
13	0.239341498287545	a7	a15
13	0.240486500828392	a7	a16
13	0.241374324007798	a7	a14
13	0.241450585395734	a6	a10
12	0.242869804416605	a6	a10	a38	0
12	0.242926053950969	a7	a14	a39	0
12	0.243016648152949	a7	a15	a39	1
12	0.243216766688666	a7	a16	a39	2
12	0.243377943239055	a7	a17	a39	3
13	0.243525868697214	a7	a14
13	0.243797651303154	a7	a15
13	0.243972349376226	a7	a16
13	0.244043202155089	a7	a17
13	0.244238182512186	a6	a10
12	0.24426792986209	a6	a10	a40	0
12	0.244343109528211	a7	a14	a41	0
12	0.244446684391967	a7	a15	a41	1
13	0.244586496936516	a7	a14
12	0.244691423952541	a7	a14	a41	2
12	0.244791212789946	a7	a16	a41	3
13	0.244994306060654	a7	a14
13	0.245089227149892	a7	a15
13	0.245232014429431	a7	a16
13	0.245398870019347	a6	a10
12	0.245518941140777	a8	a57	a49	0
13	0.248224868260221	a8	a57
12	0.248264351106457	a8	a57	a54	0
12	0.249528883907828	a8	a58	a53	0
13	0.25454266451891	a8	a58
12	0.254582147365146	a8	a58	a52	0
13	0.256821852382459	a8	a58
12	0.25686025350688	a8	a58	a51	0
13	0.257900329031703	a8	a58
13	0.259139441370429	a8	a57
13	0.259202181235681	a8	a56
13	0.259345509376127	a8	a55
12	0.259639737709722	a8	a55	a46	0
12	0.259659208702387	a8	a56	a48	0
13	0.270507255920991	a8	a56
12	0.270653288365974	a6	a10	a20	0
12	0.270756592799277	a7	a14	a21	0
12	0.270834206339481	a7	a17	a21	1
13	0.270879368225244	a7	a14
12	0.270912631171046	a7	a15	a21	2
12	0.27094535325594	a7	a14	a21	3
13	0.271585462139782	a7	a17
13	0.27165523319683	a7	a15
13	0.271767461835104	a7	a14
13	0.271932965272751	a6	a10
12	0.272013553547945	a8	a56	a44	0
12	0.272038433149683	a8	a57	a43	0
12	0.272120644007599	a6	a10	a22	0
12	0.272195282812813	a7	a14	a23	0
12	0.272306970590179	a7	a17	a23	1
13	0.272378634660403	a7	a14
12	0.272471121875558	a7	a14	a23	2
12	0.272531427866727	a7	a16	a23	3
12	0.272571451573871	a7	a15	a23	4
13	0.272645549518177	a7	a17
13	0.272657178027685	a7	a14
12	0.272729382958815	a7	a17	a23	5
12	0.272742634051045	a7	a14	a23	6
13	0.272817543286712	a7	a16
13	0.272828901365767	a7	a15
12	0.272897590700999	a7	a16	a23	7
12	0.272911112223683	a7	a15	a23	8
13	0.272954110665817	a7	a14
13	0.272986832750711	a7	a17
12	0.273050924768232	a7	a14	a23	9
12	0.273074993078608	a7	a17	a23	10
13	0.273113935063937	a7	a15
13	0.273138273804768	a7	a16
12	0.273205881418186	a7	a15	a23	11
12	0.273219943801777	a7	a16	a23	12
13	0.273242930390339	a7	a14
13	0.273303236381508	a7	a17
12	0.273375982173545	a7	a14	a23	13
12	0.273390855848497	a7	a17	a23	14
13	0.273421684920216	a7	a16
13	0.273464953792804	a7	a15
12	0.273520121605353	a7	a16	a23	15
13	0.273594760410566	a7	a17
13	0.273600439450093	a7	a14
13	0.273738088551013	a7	a16
13	0.273870869903766	a6	a10
12	0.273957948509848	a6	a10	a24	0
12	0.274013116322397	a7	a14	a25	0
13	0.274040159367764	a7	a14
12	0.274084509962166	a7	a14	a25	1
13	0.274108848702997	a7	a14
12	0.27412155893432	a7	a15	a25	2
12	0.27414887241014	a7	a14	a25	3
13	0.274171047707342	a7	a14
13	0.274288144093782	a7	a15
13	0.274500431999914	a6	a10
12	0.274554518090649	a6	a10	a26	0
12	0.274606440737754	a7	a14	a27	0
13	0.274639433253102	a7	a14
12	0.274665394576654	a7	a14	a27	1
13	0.27469676450928	a7	a14
12	0.274720021528296	a7	a14	a27	2
13	0.274751391460922	a7	a14
12	0.274800068942583	a7	a14	a27	3
13	0.27483738834519	a7	a14
13	0.274922303507643	a6	a10
12	0.275039670324537	a6	a10	a22	0
12	0.275141352175117	a7	a14	a23	0
13	0.275314968526375	a7	a14
12	0.275330653492688	a7	a14	a23	1
13	0.275504269843945	a7	a14
12	0.275535910207025	a7	a17	a23	2
12	0.275567550570105	a7	a14	a23	3
12	0.275593782324111	a7	a16	a23	4
12	0.275614875899497	a7	a15	a23	5
13	0.275746575530436	a7	a14
12	0.275812560561132	a7	a14	a23	6
13	0.275819321322473	a7	a17
13	0.275844741785119	a7	a16
13	0.275845282646026	a7	a15
12	0.275944801052977	a7	a17	a23	7
12	0.275952913966587	a7	a16	a23	8
12	0.275983743038306	a7	a15	a23	9
13	0.275985636051482	a7	a14
12	0.276058652273973	a7	a14	a23	10
13	0.276175207799506	a7	a17
13	0.276191433626726	a7	a16
13	0.27620279170578	a7	a15
12	0.276246060578368	a7	a17	a23	11
13	0.276263097696949	a7	a14
12	0.276278512232809	a7	a16	a23	12
12	0.276295819781844	a7	a15	a23	13
12	0.276323133257665	a7	a14	a23	14
13	0.276459159775862	a7	a16
13	0.276478630768526	a7	a17
13	0.276502428648449	a7	a15
12	0.276539748051056	a7	a16	a23	15
13	0.276550835699656	a7	a14
13	0.27671823215048	a7	a16
13	0.276846686615974	a6	a10
13	0.276925652308446	a8	a57
12	0.276951072771091	a6	a10	a28	0
12	0.277011108331807	a7	a14	a29	0
13	0.277057622369838	a7	a14
12	0.277080338527947	a7	a14	a29	1
13	0.277106840712406	a7	a14
12	0.277122525678719	a7	a14	a29	2
13	0.277147946141365	a7	a14
12	0.277198246205748	a7	a14	a29	3
13	0.277225289251115	a7	a14
12	0.277259633918731	a7	a15	a29	4
12	0.27729857590406	a7	a17	a29	5
12	0.277325889379881	a7	a14	a29	6
12	0.277363479212941	a7	a16	a29	7
13	0.277411615833695	a7	a17
13	0.277411886264149	a7	a14
13	0.277414320138232	a7	a15
12	0.277484091195279	a7	a17	a29	8
12	0.277505725631573	a7	a15	a29	9
12	0.277523303611062	a7	a14	a29	10
13	0.277532227816033	a7	a15
13	0.27754899450416	a7	a17
13	0.277573062814537	a7	a14
13	0.277582527880416	a7	a16
12	0.277622551587559	a7	a15	a29	11
13	0.277691240922792	a7	a15
12	0.277694486088236	a7	a17	a29	12
12	0.277724774299047	a7	a16	a29	13
12	0.277763445853922	a7	a14	a29	14
13	0.277763716284376	a7	a17
13	0.277810230322408	a7	a16
12	0.277818884096925	a7	a15	a29	15
13	0.277853769625449	a7	a14
13	0.277858366943161	a7	a15
13	0.278112842000067	a6	a10
13	0.278145834515415	a8	a56
12	0.278367046626519	a8	a56	a42	0
12	0.278426000465419	a6	a10	a30	0
12	0.278479545695246	a7	a14	a31	0
13	0.27854607158685	a7	a14
12	0.278563919996792	a7	a14	a31	1
13	0.278633150192932	a7	a14
12	0.278706436845877	a7	a17	a31	2
12	0.278767283697953	a7	a14	a31	3
12	0.27880974127918	a7	a16	a31	4
12	0.27882813055003	a7	a15	a31	5
13	0.278846790251333	a7	a14
13	0.278877889753505	a7	a17
12	0.278894386011179	a7	a14	a31	6
12	0.278954151141441	a7	a17	a31	7
13	0.278972540412291	a7	a16
13	0.279025003920303	a7	a15
13	0.279027978655293	a7	a14
13	0.279045556634782	a7	a17
12	0.279119654579088	a7	a16	a31	8
12	0.279139936863114	a7	a14	a31	9
12	0.279179149278896	a7	a15	a31	10
12	0.279196997688838	a7	a17	a31	11
13	0.279211060072429	a7	a16
13	0.279223229442845	a7	a14
13	0.279272177354959	a7	a15
13	0.279274340798589	a7	a17
12	0.279294893513068	a7	a16	a31	12
12	0.279344923146997	a7	a14	a31	13
12	0.279353847351968	a7	a17	a31	14
12	0.279388462450038	a7	a15	a31	15
13	0.279447957149846	a7	a17
13	0.279457963076632	a7	a14
13	0.279468509864325	a7	a15
13	0.279497716353322	a7	a16
13	0.279748946244783	a6	a10
13	0.279891192663415	a8	a56
12	0.279933379814188	a8	a56	a45	0
12	0.279946901336871	a6	a10	a32	0
12	0.280020999281178	a7	a14	a33	0
13	0.280036684247491	a7	a14
12	0.280081034841893	a7	a14	a33	1
13	0.280097260669113	a7	a14
12	0.28011321606588	a7	a17	a33	2
12	0.280134039210812	a7	a14	a33	3
13	0.280158377951643	a7	a14
13	0.280167302156614	a7	a17
12	0.280270606589917	a7	a15	a33	4
12	0.28028926629122	a7	a14	a33	5
13	0.280306844270709	a7	a15
13	0.280307114701163	a7	a14
12	0.28031279374069	a7	a17	a33	6
12	0.280328478707003	a7	a16	a33	7
13	0.280347949699667	a7	a17
12	0.280382564797737	a7	a15	a33	8
13	0.28040636267766	a7	a15
12	0.280417991187168	a7	a14	a33	9
13	0.280442329927999	a7	a14
13	0.280455581020229	a7	a16
12	0.280462071351117	a7	a17	a33	10
13	0.280478297178337	a7	a17
12	0.280559696744892	a7	a14	a33	11
12	0.280585928498899	a7	a17	a33	12
13	0.280598638730221	a7	a14
13	0.280616757570617	a7	a17
12	0.280623788762413	a7	a15	a33	13
13	0.280656781277761	a7	a15
12	0.280675711409518	a7	a16	a33	14
13	0.280698968428534	a7	a16
12	0.280726281904355	a7	a14	a33	15
13	0.280755488393351	a7	a14
13	0.280945330571829	a6	a10
13	0.281014560767969	a8	a56
12	0.281339618173283	a8	a56	a50	0
12	0.282276930125711	a6	a10	a34	0
12	0.282336965686426	a7	a14	a35	0
12	0.28237996412856	a7	a16	a35	1
12	0.282492463197287	a7	a15	a35	2
12	0.282709348421132	a7	a17	a35	3
13	0.286313915938128	a7	a14
13	0.288799442237829	a7	a17
13	0.288990366138122	a7	a15
13	0.289277563279921	a7	a16
13	0.289834379584032	a6	a10
12	0.289864667794844	a6	a10	a36	0
12	0.289936061434613	a7	a14	a37	0
13	0.290125362752184	a7	a14
12	0.290142670301219	a7	a14	a37	1
13	0.290314664069754	a7	a14
12	0.290317638804745	a7	a15	a37	2
12	0.29041228946353	a7	a17	a37	3
13	0.291535116707177	a7	a17
13	0.291542688759879	a7	a15
13	0.291696563688019	a6	a10
12	0.292855628612458	a6	a10	a38	0
12	0.292922695364968	a7	a14	a39	0
12	0.29310253161666	a7	a16	a39	1
12	0.293177711282781	a7	a15	a39	2
12	0.293256136114346	a7	a17	a39	3
13	0.293531163885731	a7	a14
13	0.293722358216477	a7	a16
13	0.293776985168119	a7	a17
13	0.293848919668796	a7	a15
13	0.293986027908807	a6	a10
12	0.294021183867785	a6	a10	a40	0
12	0.294089873203017	a7	a14	a41	0
13	0.294367334848485	a7	a14
12	0.294396541337482	a7	a14	a41	1
12	0.294543385073826	a7	a15	a41	2
12	0.294585572224598	a7	a16	a41	3
13	0.2946556137121	a7	a14
13	0.294972828634257	a7	a15
13	0.295131841741016	a7	a16
13	0.295311677992708	a6	a10
12	0.295434453418675	a8	a57	a49	0
13	0.297879144719872	a8	a57
12	0.297919168427015	a8	a57	a54	0
12	0.299323243342481	a8	a58	a53	0
13	0.304194236674024	a8	a58
12	0.304232096937538	a8	a58	a52	0
13	0.306291695272705	a8	a58
12	0.306493977252051	a8	a58	a51	0
13	0.307538920525041	a8	a58
13	0.308742876904789	a8	a57
13	0.308794258690987	a8	a56
13	0.308927310474193	a8	a55
12	0.309186923709719	a8	a55	a46	0
12	0.309216671059623	a8	a56	a48	0
13	0.319175002085646	a8	a56
12	0.319256672082655	a6	a10	a20	0
12	0.319355108767791	a7	a14	a21	0
12	0.319455979327011	a7	a17	a21	1
13	0.319476261611037	a7	a14
12	0.319568748826193	a7	a14	a21	2
12	0.319693417265335	a7	a16	a21	3
13	0.320252667443529	a7	a17
13	0.320323790652845	a7	a14
13	0.320521475314479	a7	a16
13	0.32065479752814	a6	a10
12	0.320734844942427	a8	a56	a44	0
12	0.320760265405072	a8	a57	a43	0
12	0.320854916063857	a6	a10	a22	0
12	0.320959843079882	a7	a14	a23	0
13	0.321136163735676	a7	a14
12	0.321264888631624	a7	a14	a23	1
12	0.321284630054742	a7	a15	a23	2
12	0.321310591378295	a7	a16	a23	3
12	0.321386311905323	a7	a17	a23	4
13	0.321450403922843	a7	a14
12	0.321508276039929	a7	a14	a23	5
13	0.321629699313628	a7	a15
13	0.321637271366331	a7	a17
13	0.321664314411698	a7	a16
12	0.321710287588822	a7	a15	a23	6
13	0.321751122587327	a7	a14
12	0.321761128514113	a7	a17	a23	7
12	0.321817918909384	a7	a16	a23	8
12	0.32186253993424	a7	a14	a23	9
13	0.321920682481779	a7	a15
13	0.321989912677919	a7	a17
12	0.321998025591529	a7	a15	a23	10
13	0.322062388039503	a7	a16
12	0.322066714926762	a7	a17	a23	11
13	0.322081588601714	a7	a14
12	0.322148925784678	a7	a16	a23	12
13	0.322177591412768	a7	a15
12	0.322195169392256	a7	a14	a23	13
12	0.322242494721649	a7	a15	a23	14
13	0.322292253925125	a7	a17
13	0.322358779816728	a7	a16
12	0.322369597034875	a7	a17	a23	15
13	0.322391501901622	a7	a14
13	0.322509680009877	a7	a15
13	0.322558357491538	a7	a17
13	0.322703037784253	a6	a10
12	0.322768481954041	a6	a10	a24	0
12	0.322846906785606	a7	a14	a25	0
13	0.322872868109159	a7	a14
12	0.322890175658194	a7	a14	a25	1
13	0.322917759564468	a7	a14
12	0.322933444530781	a7	a14	a25	2
13	0.322961569297963	a7	a14
12	0.322977795125184	a7	a14	a25	3
13	0.323001593005107	a7	a14
13	0.323185485713604	a6	a10
12	0.323231458890728	a6	a10	a26	0
12	0.323302852530498	a7	a14	a27	0
13	0.323335304184938	a7	a14
12	0.323366133256657	a7	a14	a27	1
13	0.323394798884746	a7	a14
12	0.323424005373743	a7	a14	a27	2
13	0.323451589280017	a7	a14
12	0.323468896829052	a7	a14	a27	3
13	0.323497021596234	a7	a14
13	0.323942690983886	a6	a10
12	0.324042750251745	a6	a10	a22	0
12	0.324118470778773	a7	a14	a23	0
13	0.324292627990938	a7	a14
12	0.324308853818158	a7	a14	a23	1
12	0.324354556564829	a7	a16	a23	2
13	0.324479765864879	a7	a14
12	0.324497884705275	a7	a15	a23	3
12	0.324514651393402	a7	a17	a23	4
12	0.32453655626015	a7	a14	a23	5
13	0.324616333243983	a7	a16
12	0.324695839797363	a7	a16	a23	6
13	0.324708550028685	a7	a14
13	0.324732077478155	a7	a15
12	0.324795358204314	a7	a15	a23	7
13	0.324814288336071	a7	a17
12	0.324821049097413	a7	a14	a23	8
13	0.324884059393119	a7	a16
12	0.324937604622946	a7	a17	a23	9
12	0.324965729390128	a7	a16	a23	10
13	0.325005753097271	a7	a15
12	0.325078769319763	a7	a15	a23	11
13	0.325088775246548	a7	a14
12	0.325149351668171	a7	a14	a23	12
13	0.325215066268413	a7	a16
13	0.325265907193704	a7	a17
12	0.32529727712633	a7	a16	a23	13
12	0.325328106198048	a7	a17	a23	14
13	0.325381380997422	a7	a14
13	0.32543357407498	a7	a15
12	0.325441957419044	a7	a14	a23	15
13	0.325482792417549	a7	a16
13	0.325608272148053	a7	a17
13	0.325672364165573	a7	a14
13	0.325791894426096	a6	a10
13	0.325846521377738	a8	a57
12	0.325874105284012	a6	a10	a28	0
12	0.325916833295693	a7	a14	a29	0
13	0.325945498923782	a7	a14
12	0.325961724751002	a7	a14	a29	1
13	0.325987145213647	a7	a14
12	0.32601094309357	a7	a14	a29	2
13	0.326036363556216	a7	a14
12	0.326053130244343	a7	a14	a29	3
13	0.326076387263359	a7	a14
12	0.326121278718669	a7	a14	a29	4
13	0.326146699181314	a7	a14
12	0.32618320729256	a7	a16	a29	5
12	0.326231614343767	a7	a14	a29	6
12	0.326248651462348	a7	a15	a29	7
13	0.326268933746374	a7	a14
13	0.32629300205675	a7	a16
13	0.326293542917658	a7	a15
12	0.326353848908827	a7	a14	a29	8
12	0.326400092516405	a7	a16	a29	9
12	0.326432544170845	a7	a15	a29	10
13	0.326443090958539	a7	a14
13	0.326456342050768	a7	a16
13	0.326508264697874	a7	a15
12	0.326523408803279	a7	a17	a29	11
12	0.326542879795944	a7	a16	a29	12
12	0.326577765324467	a7	a14	a29	13
12	0.326594261582141	a7	a15	a29	14
13	0.326619682044786	a7	a17
13	0.326621845488416	a7	a15
13	0.326693779989093	a7	a16
13	0.326708112803137	a7	a14
12	0.326728395087163	a7	a17	a29	15
13	0.326772204820657	a7	a17
13	0.327027761599378	a6	a10
13	0.327063458419262	a8	a56
12	0.327299814635772	a8	a56	a42	0
12	0.327366340527375	a6	a10	a30	0
12	0.327460991186161	a7	a14	a31	0
12	0.327493713271055	a7	a15	a31	1
13	0.327520485885968	a7	a14
12	0.327533196117291	a7	a16	a31	2
12	0.327610809657495	a7	a14	a31	3
13	0.327670574787756	a7	a15
13	0.327674360814108	a7	a16
13	0.327703837733558	a7	a14
12	0.327762521142005	a7	a17	a31	4
12	0.327788482465557	a7	a15	a31	5
12	0.327812821206388	a7	a16	a31	6
12	0.327836348655857	a7	a14	a31	7
13	0.327878265376177	a7	a15
13	0.327919911666042	a7	a17
13	0.327922075109671	a7	a16
13	0.32794181653279	a7	a14
12	0.327998877358514	a7	a15	a31	8
12	0.328026461264789	a7	a17	a31	9
12	0.328042146231102	a7	a16	a31	10
12	0.32806188765422	a7	a14	a31	11
13	0.328090282851856	a7	a15
13	0.328105426957261	a7	a16
13	0.328142205498961	a7	a17
13	0.328166273809337	a7	a14
12	0.3281892603979	a7	a15	a31	12
12	0.328239019601375	a7	a16	a31	13
12	0.328260383607215	a7	a14	a31	14
12	0.328287697083036	a7	a17	a31	15
13	0.328296891718461	a7	a15
13	0.328339619730141	a7	a16
13	0.328364769762333	a7	a14
13	0.328433729528019	a7	a17
13	0.328628709885117	a6	a10
13	0.328746617562918	a8	a56
12	0.328787722991876	a8	a56	a45	0
12	0.328806653123633	a6	a10	a32	0
12	0.328855330605294	a7	a14	a33	0
13	0.328872097293422	a7	a14
12	0.328895354312438	a7	a14	a33	1
13	0.328913743583287	a7	a14
12	0.328991627553945	a7	a14	a33	2
13	0.329007312520258	a7	a14
12	0.329021104473395	a7	a16	a33	3
12	0.329053285697382	a7	a14	a33	4
13	0.329069511524602	a7	a14
13	0.329079517451388	a7	a16
12	0.32908114003411	a7	a15	a33	5
13	0.329149288508436	a7	a15
12	0.329167948209739	a7	a14	a33	6
13	0.329219329995937	a7	a14
12	0.329222304730927	a7	a16	a33	7
13	0.329260705855349	a7	a16
12	0.329284503735272	a7	a15	a33	8
13	0.329318037111527	a7	a15
12	0.329366444162734	a7	a14	a33	9
12	0.329415392074849	a7	a17	a33	10
13	0.329417825948932	a7	a14
12	0.329441894259309	a7	a16	a33	11
13	0.329456497503807	a7	a17
13	0.329473805052842	a7	a16
12	0.329475968496472	a7	a15	a33	12
13	0.32950679756819	a7	a15
12	0.329568185281174	a7	a14	a33	13
12	0.329625786967806	a7	a17	a33	14
13	0.32962605739826	a7	a14
12	0.329640390212304	a7	a16	a33	15
13	0.329649584847729	a7	a17
13	0.329657697761339	a7	a16
13	0.329888374938322	a6	a10
13	0.329926235201836	a8	a56
12	0.330239934528095	a8	a56	a50	0
12	0.331203748664983	a6	a10	a34	0
12	0.331268111112957	a7	a14	a35	0
12	0.331415495710208	a7	a15	a35	1
12	0.331432803259243	a7	a16	a35	2
13	0.331848454866537	a7	a14
12	0.332477205671325	a7	a17	a35	3
13	0.336521763536446	a7	a16
13	0.336914969416085	a7	a15
13	0.33755751217401	a7	a17
13	0.337677853725894	a6	a10
12	0.337708682797613	a6	a10	a36	0
12	0.337757901140181	a7	a14	a37	0
12	0.337837678124014	a7	a16	a37	1
13	0.33795152934501	a7	a14
12	0.338019677819336	a7	a14	a37	2
12	0.338124875265814	a7	a15	a37	3
13	0.339541930843056	a7	a15
13	0.340364580283127	a7	a16
13	0.341183173266393	a7	a14
13	0.341277823925178	a6	a10
12	0.342424449048748	a6	a10	a38	0
12	0.342487188914	a7	a14	a39	0
12	0.342631869206714	a7	a16	a39	1
12	0.342900136216757	a7	a15	a39	2
13	0.342949084128872	a7	a14
12	0.343046709522647	a7	a17	a39	3
13	0.343308486201802	a7	a16
13	0.343503736989353	a7	a15
13	0.343834743864648	a7	a17
13	0.343974015548289	a6	a10
12	0.344008630646359	a6	a10	a40	0
12	0.344103281305145	a7	a14	a41	0
13	0.344314217059009	a7	a14
12	0.344377497785168	a7	a14	a41	1
12	0.344417251061858	a7	a16	a41	2
12	0.344576805029524	a7	a15	a41	3
13	0.344899969421663	a7	a14
13	0.344927823758391	a7	a15
13	0.34524368652828	a7	a16
13	0.345367814106515	a6	a10
12	0.345489507810668	a8	a57	a49	0
13	0.347929331363698	a8	a57
12	0.347976927123544	a8	a57	a54	0
12	0.348996990794796	a8	a58	a53	0
13	0.353677601086953	a8	a58
12	0.353711675324116	a8	a58	a52	0
13	0.355686899357737	a8	a58
12	0.355722596177622	a8	a58	a51	0
13	0.356765916867889	a8	a58
13	0.357968250664916	a8	a57
13	0.358018009868391	a8	a56
13	0.358155388538857	a8	a55
12	0.35839715336444	a8	a55	a46	0
12	0.358417706078919	a8	a56	a48	0
13	0.367505251044118	a8	a56
12	0.367589625345663	a6	a10	a20	0
12	0.367666427594506	a7	a14	a21	0
13	0.367796775073176	a7	a14
12	0.367857351494799	a7	a14	a21	1
12	0.367887910136064	a7	a16	a21	2
12	0.368189710522362	a7	a15	a21	3
13	0.368548301303931	a7	a15
13	0.368589136302436	a7	a14
13	0.368690547722563	a7	a16
13	0.368821165631686	a6	a10
12	0.368876874305143	a8	a56	a44	0
12	0.368905539933232	a8	a57	a43	0
12	0.369003976618369	a6	a10	a22	0
12	0.369142977871556	a7	a14	a23	0
12	0.369347152864079	a7	a16	a23	1
13	0.369347423294532	a7	a14
12	0.369397182498008	a7	a14	a23	2
12	0.369463437959158	a7	a17	a23	3
12	0.369578100471515	a7	a15	a23	4
13	0.369610822556409	a7	a14
13	0.369675996295744	a7	a16
12	0.369683297917993	a7	a14	a23	5
12	0.369787954503564	a7	a16	a23	6
13	0.369840418011577	a7	a15
13	0.369883957314618	a7	a14
13	0.369886391188701	a7	a17
12	0.369915597677697	a7	a15	a23	7
12	0.369963463867997	a7	a14	a23	8
13	0.36999239992654	a7	a16
12	0.370001594561965	a7	a17	a23	9
12	0.370074069923549	a7	a16	a23	10
13	0.370121124822488	a7	a15
13	0.370159796377363	a7	a14
12	0.370204958263127	a7	a15	a23	11
13	0.370252013162066	a7	a17
12	0.370304206239624	a7	a14	a23	12
13	0.370314753027317	a7	a16
12	0.370329897132723	a7	a17	a23	13
12	0.370385064945272	a7	a16	a23	14
13	0.370394800441604	a7	a15
12	0.370462408055023	a7	a15	a23	15
13	0.370509733384415	a7	a14
13	0.370613849109079	a7	a17
13	0.370677129835238	a7	a15
13	0.370692814801551	a7	a16
13	0.370869405887799	a6	a10
12	0.370916460786738	a6	a10	a24	0
12	0.370978659791083	a7	a14	a25	0
13	0.371000835088284	a7	a14
12	0.371018142637319	a7	a14	a25	1
13	0.371041399656335	a7	a14
12	0.371061952370814	a7	a14	a25	2
13	0.371092240581625	a7	a14
12	0.371108466408845	a7	a14	a25	3
13	0.371136591176027	a7	a14
13	0.371642296124394	a6	a10
12	0.371696923076036	a6	a10	a26	0
12	0.371780215655767	a7	a14	a27	0
13	0.371812667310208	a7	a14
12	0.37183862863376	a7	a14	a27	1
13	0.371863508235498	a7	a14
12	0.371894337307216	a7	a14	a27	2
13	0.371919757769862	a7	a14
12	0.371939769623433	a7	a14	a27	3
13	0.371965190086079	a7	a14
13	0.372124203192838	a6	a10
12	0.372216690407994	a6	a10	a22	0
12	0.372303228153169	a7	a14	a23	0
13	0.372477926226241	a7	a14
12	0.372494152053461	a7	a14	a23	1
13	0.372670472709256	a7	a14
12	0.372722665786814	a7	a15	a23	2
12	0.372736457739952	a7	a14	a23	3
12	0.372767557242124	a7	a16	a23	4
12	0.3728173164456	a7	a17	a23	5
13	0.372944148328372	a7	a14
12	0.373002020445458	a7	a14	a23	6
13	0.373020139285854	a7	a15
13	0.373049886635758	a7	a16
13	0.373093696369252	a7	a17
12	0.373099104978326	a7	a15	a23	7
12	0.373112085640102	a7	a16	a23	8
13	0.373181045405789	a7	a14
12	0.373215930934312	a7	a17	a23	9
12	0.373243785271041	a7	a14	a23	10
13	0.373289488017711	a7	a16
13	0.373305713844931	a7	a15
12	0.373380352650145	a7	a15	a23	11
12	0.373417672052752	a7	a16	a23	12
13	0.373438495197684	a7	a14
13	0.373456073177173	a7	a17
12	0.37354423350507	a7	a17	a23	13
12	0.373560188901837	a7	a14	a23	14
13	0.373572358272252	a7	a15
13	0.37363996588567	a7	a16
12	0.373646456216558	a7	a15	a23	15
13	0.373772747238423	a7	a14
13	0.373795733826985	a7	a17
13	0.373839002699573	a7	a15
13	0.3740361465003	a6	a10
13	0.37408915086922	a8	a57
12	0.374117275636402	a6	a10	a28	0
12	0.374172443448951	a7	a14	a29	0
13	0.374196782189781	a7	a14
12	0.374213278447455	a7	a16	a29	1
12	0.374245459671442	a7	a14	a29	2
13	0.374275207021346	a7	a14
13	0.374279804339059	a7	a16
12	0.374391492116425	a7	a14	a29	3
12	0.374416642148617	a7	a16	a29	4
13	0.374427729797217	a7	a14
13	0.374449093803057	a7	a16
12	0.374476407278878	a7	a14	a29	5
13	0.374542392309574	a7	a14
12	0.37456862406358	a7	a16	a29	6
13	0.37461351551889	a7	a16
12	0.374629200485203	a7	a15	a29	7
12	0.374647319325599	a7	a14	a29	8
12	0.374704380151324	a7	a16	a29	9
13	0.374712493064934	a7	a15
13	0.37473358664032	a7	a16
13	0.374739806540755	a7	a14
12	0.374757384520244	a7	a17	a29	10
12	0.374834186769086	a7	a15	a29	11
13	0.374885568555284	a7	a17
12	0.37489557448207	a7	a14	a29	12
13	0.374928296566964	a7	a15
12	0.374942899811463	a7	a16	a29	13
13	0.374943170241916	a7	a14
12	0.374963993386849	a7	a17	a29	14
12	0.375007262259437	a7	a15	a29	15
13	0.375013211729417	a7	a16
13	0.375029978417545	a7	a17
13	0.375159785035308	a7	a15
13	0.375344489035166	a6	a10
13	0.375378022411421	a8	a56
12	0.375577600086231	a8	a56	a42	0
12	0.375644666838742	a6	a10	a30	0
12	0.375694426042218	a7	a14	a31	0
13	0.375754461602933	a7	a14
12	0.3758404584872	a7	a14	a31	1
12	0.375859659049411	a7	a16	a31	2
13	0.375907525239711	a7	a14
12	0.375922939775571	a7	a15	a31	3
12	0.375944574211864	a7	a17	a31	4
12	0.375976214574944	a7	a14	a31	5
13	0.376007314077116	a7	a16
13	0.376055180267416	a7	a14
13	0.376104669040438	a7	a15
13	0.376112781954048	a7	a17
12	0.376133334668527	a7	a16	a31	6
12	0.376178496554291	a7	a14	a31	7
12	0.376208514334648	a7	a15	a31	8
12	0.376242047710904	a7	a17	a31	9
13	0.376249619763606	a7	a16
13	0.376275310656705	a7	a14
13	0.376316686516117	a7	a15
13	0.376354005918724	a7	a17
12	0.376374017772296	a7	a16	a31	10
12	0.37640673985719	a7	a14	a31	11
13	0.376441084524806	a7	a16
12	0.376474617901062	a7	a17	a31	12
12	0.376482189953764	a7	a15	a31	13
12	0.376539521209943	a7	a16	a31	14
13	0.376565482533496	a7	a15
13	0.376566834685764	a7	a14
13	0.376585494387067	a7	a17
12	0.376642825643246	a7	a15	a31	15
13	0.376673654714964	a7	a16
13	0.376716923587552	a7	a15
13	0.376955172817237	a6	a10
13	0.377089847183166	a8	a56
12	0.377131493473031	a8	a56	a45	0
12	0.3771439332739	a6	a10	a32	0
12	0.377201805390986	a7	a14	a33	0
13	0.377218572079114	a7	a14
12	0.377243451680852	a7	a14	a33	1
13	0.377259677508072	a7	a14
12	0.377278066778922	a7	a14	a33	2
13	0.377293751745235	a7	a14
12	0.37731105929427	a7	a14	a33	3
13	0.377326744260583	a7	a14
12	0.37734351094871	a7	a14	a33	4
13	0.377361359358653	a7	a14
12	0.377399219622167	a7	a14	a33	5
13	0.377415986310294	a7	a14
12	0.377548497232594	a7	a14	a33	7
13	0.377565804781629	a7	a14
12	0.377581219317488	a7	a16	a33	8
12	0.37759095481382	a7	a17	a33	6
12	0.377613941402382	a7	a14	a33	9
13	0.377632330673232	a7	a14
12	0.377636387130037	a7	a15	a33	10
13	0.377636387130037	a7	a16
13	0.3776704613672	a7	a17
13	0.377733742093359	a7	a15
12	0.377738880271979	a7	a14	a33	11
12	0.377767275469615	a7	a17	a33	12
13	0.377768086760976	a7	a14
12	0.377798104541333	a7	a16	a33	13
13	0.377805135733129	a7	a17
13	0.377815412090368	a7	a16
12	0.377865171293844	a7	a15	a33	14
13	0.377882478842879	a7	a15
12	0.377937105794521	a7	a17	a33	15
13	0.377985783276182	a7	a17
13	0.378184008798723	a6	a10
13	0.378248912107605	a8	a56
12	0.378546926467551	a8	a56	a50	0
12	0.379485861002701	a6	a10	a34	0
12	0.379554009477026	a7	a14	a35	0
13	0.379850942115158	a7	a14
12	0.379901242179541	a7	a14	a35	1
12	0.379964252475247	a7	a15	a35	2
12	0.380018338565981	a7	a16	a35	3
13	0.395885304574287	a7	a14
13	0.397204193896847	a7	a15
13	0.397260984292118	a7	a16
13	0.397791298411769	a6	a10
12	0.39783186297982	a6	a10	a36	0
12	0.397896766288701	a7	a14	a37	0
13	0.398069841779051	a7	a14
12	0.398113110651639	a7	a14	a37	1
12	0.398137719822923	a7	a17	a37	2
12	0.398223175846283	a7	a16	a37	3
13	0.39828185925473	a7	a14
13	0.399287590111937	a7	a16
13	0.399562888313775	a7	a17
13	0.399695669666528	a6	a10
12	0.40079902591751	a6	a10	a38	0
12	0.400903952933535	a7	a14	a39	0
12	0.401226035603859	a7	a16	a39	1
13	0.401364766426593	a7	a14
12	0.401378017518823	a7	a15	a39	2
12	0.401445895562694	a7	a14	a39	3
13	0.401835044985528	a7	a15
13	0.401897243989873	a7	a16
13	0.402065181301603	a7	a14
13	0.402150637324964	a6	a10
12	0.402180925535775	a6	a10	a40	0
12	0.402238797652861	a7	a14	a41	0
12	0.402421879069997	a7	a15	a41	1
13	0.402457846320335	a7	a14
12	0.402529510390559	a7	a16	a41	2
12	0.402556283005472	a7	a14	a41	3
13	0.403137708480867	a7	a14
13	0.403261836059103	a7	a16
13	0.403336474864316	a7	a15
13	0.403510361646027	a6	a10
12	0.403637463959253	a8	a57	a49	0
13	0.422888867095266	a8	a57
12	0.422919696166985	a8	a57	a54	0
12	0.423965721161789	a8	a58	a53	0
13	0.428596572250471	a8	a58
12	0.428626319600375	a8	a58	a52	0
13	0.430522037080616	a8	a58
12	0.430552866152335	a8	a58	a51	0
13	0.431591859955343	a8	a58
13	0.432793112030555	a8	a57
13	0.432848279843104	a8	a56
13	0.432974300434515	a8	a55
12	0.433279345986258	a8	a55	a47	0
13	0.43844781281684	a8	a55
12	0.438487836523983	a8	a55	a46	0
12	0.438507307516647	a8	a56	a48	0
13	0.482526354182678	a8	a56
12	0.482903334235097	a6	a10	a20	0
12	0.482966074100349	a7	a14	a21	0
13	0.483215951839542	a7	a14
12	0.483259491142583	a7	a17	a21	1
12	0.483313847663771	a7	a14	a21	2
12	0.483334129947796	a7	a16	a21	3
13	0.483517211364932	a7	a14
13	0.48355750550253	a7	a17
13	0.483561832389788	a7	a16
13	0.483775742878643	a6	a10
12	0.484221412266295	a8	a56	a44	0
12	0.484247914450755	a8	a57	a43	0
12	0.484388538286664	a6	a10	a22	0
12	0.484450196430101	a7	a14	a23	0
13	0.484668704236669	a7	a14
12	0.484719545161959	a7	a14	a23	1
12	0.484835018965677	a7	a17	a23	2
12	0.484850163071083	a7	a15	a23	3
12	0.48487720611645	a7	a16	a23	4
13	0.48489640667866	a7	a14
12	0.484948329325766	a7	a14	a23	5
13	0.485148718291937	a7	a17
13	0.485174138754582	a7	a15
13	0.485230388288946	a7	a16
12	0.485237960341648	a7	a17	a23	6
13	0.485250129712064	a7	a14
12	0.48526013563885	a7	a15	a23	7
12	0.485317466895028	a7	a16	a23	8
12	0.485339912622683	a7	a14	a23	9
13	0.485460795035474	a7	a17
13	0.485503523047154	a7	a15
13	0.485518937583014	a7	a14
12	0.48553705642341	a7	a17	a23	10
13	0.485557609137889	a7	a16
12	0.485591142514144	a7	a15	a23	11
12	0.485652530227128	a7	a14	a23	12
12	0.48567551681569	a7	a16	a23	13
13	0.485756105090884	a7	a17
12	0.485831284757005	a7	a17	a23	14
13	0.485859409524187	a7	a15
13	0.485859679954641	a7	a14
13	0.485913495614921	a7	a16
12	0.485929180581234	a7	a15	a23	15
13	0.486081162496198	a7	a17
13	0.48625586056927	a7	a15
13	0.486389182782931	a6	a10
12	0.486586056153204	a6	a10	a24	0
12	0.48667854336836	a7	a14	a25	0
13	0.486730466015465	a7	a14
12	0.486765621974442	a7	a14	a25	1
13	0.486788878993458	a7	a14
12	0.486789690284819	a7	a17	a25	2
12	0.486892183426761	a7	a14	a25	3
13	0.486897862466288	a7	a17
13	0.48692084905485	a7	a14
13	0.487153960105916	a6	a10
12	0.4872264354675	a6	a10	a26	0
12	0.487333525927154	a7	a14	a27	0
13	0.487393020626962	a7	a14
12	0.487409787315089	a7	a14	a27	1
13	0.487435207777735	a7	a14
12	0.487461169101287	a7	a14	a27	2
13	0.48749307989482	a7	a14
12	0.487530399297427	a7	a14	a27	3
13	0.487559064925516	a7	a14
13	0.487890612661718	a6	a10
12	0.488060983847532	a6	a10	a22	0
12	0.488101007554675	a7	a14	a23	0
12	0.488249473873741	a7	a15	a23	1
13	0.488268133575045	a7	a14
12	0.488324383109409	a7	a14	a23	2
12	0.488378739630597	a7	a17	a23	3
12	0.488414436450481	a7	a16	a23	4
13	0.488512061844257	a7	a14
13	0.488518281744692	a7	a15
12	0.488602385615784	a7	a14	a23	5
13	0.488609687238033	a7	a17
13	0.488622667899809	a7	a16
12	0.488625913065253	a7	a15	a23	6
12	0.488688112069598	a7	a17	a23	7
12	0.488710287366799	a7	a16	a23	8
13	0.488785737463373	a7	a14
12	0.488843068719552	a7	a14	a23	9
13	0.488890394048944	a7	a17
13	0.488898506962555	a7	a16
13	0.488911487624331	a7	a15
12	0.488978554376842	a7	a17	a23	10
12	0.488998025369506	a7	a16	a23	11
13	0.489006949574477	a7	a14
12	0.489016955501263	a7	a15	a23	12
12	0.48911025400778	a7	a14	a23	13
13	0.489156497615358	a7	a17
13	0.489196521322501	a7	a16
12	0.489223564367869	a7	a17	a23	14
13	0.489238167612367	a7	a15
12	0.489279813902232	a7	a16	a23	15
13	0.489310372543497	a7	a14
13	0.489390690388238	a7	a17
13	0.489486422768838	a7	a16
13	0.489619744982498	a6	a10
13	0.489720885972172	a8	a57
12	0.489756041931149	a6	a10	a28	0
12	0.489804178551903	a7	a14	a29	0
13	0.489862050668988	a7	a14
12	0.489899910932503	a7	a14	a29	1
13	0.48992479053424	a7	a14
12	0.489952644870969	a7	a15	a29	2
12	0.489982662651326	a7	a14	a29	3
13	0.490017277749396	a7	a14
12	0.490021334206201	a7	a17	a29	4
13	0.490070011687862	a7	a15
12	0.490090293971888	a7	a14	a29	5
13	0.490113550990904	a7	a14
13	0.490120852613153	a7	a17
12	0.490212798967401	a7	a15	a29	6
12	0.490223616185548	a7	a16	a29	7
13	0.49024146459549	a7	a15
12	0.490259042574979	a7	a14	a29	8
13	0.490282029163541	a7	a16
12	0.490284192607171	a7	a17	a29	9
12	0.490350177637867	a7	a16	a29	11
13	0.490360453995106	a7	a17
13	0.490372082504614	a7	a14
12	0.49040047770225	a7	a15	a29	10
12	0.490419137403553	a7	a14	a29	12
13	0.490436715383042	a7	a16
12	0.490450236905725	a7	a17	a29	13
13	0.49046456971977	a7	a14
13	0.490472412202926	a7	a15
13	0.490482147699259	a7	a17
12	0.490543805842696	a7	a16	a29	14
12	0.490584370410747	a7	a15	a29	15
13	0.490613576899743	a7	a16
13	0.490630343587871	a7	a15
13	0.490849121824892	a6	a10
13	0.490881032618425	a8	a56
12	0.491548995838995	a8	a56	a42	0
12	0.491658249742279	a6	a10	a30	0
12	0.491766962784655	a7	a14	a31	0
13	0.491864317747977	a7	a14
12	0.49187486453567	a7	a15	a31	1
12	0.491900284998315	a7	a17	a31	2
12	0.491913536090545	a7	a14	a31	3
13	0.491974112512168	a7	a14
13	0.4920317141988	a7	a15
12	0.49203685237742	a7	a14	a31	4
13	0.492052266913279	a7	a17
13	0.492120685818058	a7	a14
12	0.492125283135771	a7	a15	a31	5
12	0.492152867042045	a7	a17	a31	6
13	0.492196135914633	a7	a15
12	0.492212091311399	a7	a14	a31	7
13	0.49221290260276	a7	a17
12	0.492265366110773	a7	a16	a31	8
12	0.492302144652472	a7	a17	a31	9
13	0.492306741970185	a7	a14
12	0.492318370479693	a7	a15	a31	10
12	0.492378135609954	a7	a14	a31	11
13	0.492389764119462	a7	a16
13	0.492403285642146	a7	a17
13	0.49241248027757	a7	a15
13	0.492467918520573	a7	a14
12	0.492483333056433	a7	a15	a31	12
12	0.492507671797263	a7	a17	a31	13
12	0.492537960008074	a7	a16	a31	14
13	0.492560676166183	a7	a15
13	0.492570952523422	a7	a17
12	0.492596102555614	a7	a14	a31	15
13	0.492660194573134	a7	a16
13	0.492708601624341	a7	a14
13	0.492838949103011	a6	a10
13	0.493037445056007	a8	a56
12	0.493083418233131	a8	a56	a45	0
12	0.493123982801182	a6	a10	a32	0
12	0.493275964716146	a7	a14	a33	0
13	0.493316529284196	a7	a14
12	0.493336270707315	a7	a17	a33	1
12	0.493393331533039	a7	a14	a33	2
13	0.493403337459825	a7	a17
13	0.493413343386611	a7	a14
12	0.493440656862432	a7	a16	a33	3
12	0.493499610701333	a7	a17	a33	4
13	0.493515836528553	a7	a16
13	0.49351637738946	a7	a17
12	0.493528546759875	a7	a14	a33	5
13	0.493592909207849	a7	a14
12	0.493609946326431	a7	a17	a33	6
13	0.493627253875466	a7	a17
12	0.493690534601625	a7	a16	a33	7
13	0.493712709898826	a7	a16
12	0.493729747017408	a7	a14	a33	8
12	0.493749488440526	a7	a15	a33	9
13	0.493761657810941	a7	a14
12	0.49376895943319	a7	a17	a33	10
13	0.493794379895835	a7	a17
13	0.493803033670353	a7	a15
12	0.493821422941202	a7	a16	a33	11
13	0.49385657890018	a7	a16
12	0.493900118203221	a7	a14	a33	12
12	0.49393392200993	a7	a17	a33	13
13	0.493937437605828	a7	a14
12	0.493956638168038	a7	a15	a33	14
13	0.493965291942556	a7	a17
12	0.494036144721418	a7	a16	a33	15
13	0.49405399313136	a7	a16
13	0.494057779157712	a7	a15
13	0.494268444481122	a6	a10
13	0.494348491895409	a8	a56
12	0.495612483835873	a8	a56	a50	0
12	0.496765058429424	a6	a10	a34	0
12	0.496913795178943	a7	a14	a35	0
12	0.496989245275518	a7	a16	a35	1
12	0.497351081222531	a7	a15	a35	2
12	0.497385696320601	a7	a17	a35	3
13	0.500844772253522	a7	a14
13	0.502529283549446	a7	a17
13	0.50330433722967	a7	a16
13	0.503758119530932	a7	a15
13	0.503879001943723	a6	a10
12	0.503946068696234	a6	a10	a36	0
12	0.504029361275965	a7	a14	a37	0
13	0.504248409943439	a7	a14
12	0.504272207823363	a7	a14	a37	1
12	0.504390926792525	a7	a16	a37	2
12	0.504465565597738	a7	a15	a37	3
13	0.504465836028192	a7	a14
13	0.505393142053834	a7	a15
13	0.505580279927775	a7	a16
13	0.505711438697806	a6	a10
12	0.506954337062883	a6	a10	a38	0
12	0.507031680172633	a7	a14	a39	0
12	0.507145531393629	a7	a17	a39	1
12	0.50730616708311	a7	a15	a39	2
12	0.507469507077128	a7	a16	a39	3
13	0.507616350813472	a7	a14
13	0.507969803416422	a7	a17
13	0.508003877653585	a7	a15
13	0.508136388575884	a7	a16
13	0.50827457853771	a6	a10
12	0.508334614098426	a6	a10	a40	0
12	0.508396272241863	a7	a14	a41	0
13	0.508620729518411	a7	a14
12	0.508710782859484	a7	a17	a41	1
12	0.508727008686704	a7	a15	a41	2
12	0.508771088850652	a7	a14	a41	3
13	0.509250832475467	a7	a14
13	0.509303566413933	a7	a15
13	0.509439863362584	a7	a17
13	0.509599687760704	a6	a10
12	0.509783580469201	a8	a57	a49	0
13	0.512262886868467	a8	a57
12	0.512333198786422	a8	a57	a54	0
12	0.513434391593775	a8	a58	a53	0
13	0.534792447963894	a8	a58
12	0.534829226505593	a8	a58	a52	0
13	0.536711422463151	a8	a58
12	0.536740628952148	a8	a58	a51	0
13	0.537749334544345	a8	a58
13	0.538986283439442	a8	a57
13	0.539106354560872	a8	a56
13	0.53923507945682	a8	a55
12	0.539676421957213	a8	a55	a46	0
12	0.53974024354428	a8	a56	a48	0
13	0.548518416070477	a8	a56
12	0.54862388394741	a6	a10	a20	0
12	0.548688246395384	a7	a14	a21	0
13	0.548825625065849	a7	a14
12	0.548848882084865	a7	a14	a21	1
12	0.548904861188775	a7	a15	a21	2
12	0.54896706019312	a7	a16	a21	3
13	0.549101734559048	a7	a16
13	0.549147707736172	a7	a15
13	0.549237220216338	a7	a14
13	0.549428684977538	a6	a10
12	0.549528203384489	a8	a56	a44	0
12	0.54955037868169	a8	a57	a43	0
12	0.549634752983236	a6	a10	a22	0
12	0.549709932649357	a7	a14	a23	0
12	0.549883819431068	a7	a16	a23	1
13	0.549891661914225	a7	a14
12	0.549902208701918	a7	a17	a23	2
12	0.549940880256793	a7	a14	a23	3
12	0.549998481943425	a7	a15	a23	4
13	0.550163174089711	a7	a14
13	0.550216448889085	a7	a16
12	0.550226454815871	a7	a14	a23	5
13	0.550291087694298	a7	a15
13	0.5503132629915	a7	a17
12	0.55032137590511	a7	a16	a23	6
12	0.550370053386771	a7	a15	a23	7
12	0.55039655557123	a7	a17	a23	8
13	0.55046281103238	a7	a14
12	0.550521224010373	a7	a14	a23	9
13	0.550525280467178	a7	a16
13	0.550620471986871	a7	a15
12	0.550647515032238	a7	a16	a23	10
12	0.550699978540251	a7	a15	a23	11
13	0.550711877480212	a7	a17
13	0.550874135752416	a7	a15
12	0.55087521747423	a7	a17	a23	12
12	0.550950397140351	a7	a15	a23	13
13	0.551005835383354	a7	a14
12	0.551101567763954	a7	a14	a23	14
13	0.551104542498944	a7	a16
12	0.551321427722789	a7	a16	a23	15
13	0.551416078381574	a7	a17
13	0.551451234340552	a7	a15
13	0.551515055927619	a7	a16
13	0.551646755558557	a7	a14
13	0.551761958931821	a6	a10
12	0.551869049391475	a6	a10	a24	0
12	0.551921512899488	a7	a14	a25	0
13	0.551948015083948	a7	a14
12	0.551963700050261	a7	a14	a25	1
13	0.551994529121979	a7	a14
12	0.5520107549492	a7	a14	a25	2
13	0.552038338855474	a7	a14
12	0.552054564682694	a7	a14	a25	3
13	0.552076739979896	a7	a14
13	0.552282807985594	a6	a10
12	0.552322831692737	a6	a10	a26	0
12	0.552433708178743	a7	a14	a27	0
13	0.552466159833183	a7	a14
12	0.552493202878551	a7	a14	a27	1
13	0.552527817976621	a7	a14
12	0.552545125525656	a7	a14	a27	2
13	0.552575954597374	a7	a14
12	0.552592180424595	a7	a14	a27	3
13	0.552620305191777	a7	a14
13	0.552995121800566	a6	a10
12	0.553098967094776	a6	a10	a22	0
12	0.553159543516399	a7	a14	a23	0
13	0.553335864172193	a7	a14
12	0.553352630860321	a7	a14	a23	1
13	0.553537064429725	a7	a14
12	0.553583308037303	a7	a15	a23	2
12	0.553624683896715	a7	a14	a23	3
12	0.553650915650721	a7	a16	a23	4
12	0.553695807106031	a7	a17	a23	5
13	0.553812903492471	a7	a14
12	0.553870775609557	a7	a14	a23	6
13	0.553874832066362	a7	a15
13	0.553928918157096	a7	a16
12	0.553953256897927	a7	a15	a23	7
12	0.554014374180457	a7	a16	a23	8
13	0.554042769378092	a7	a14
12	0.554102804938807	a7	a14	a23	9
13	0.554123087222833	a7	a17
13	0.554127414110091	a7	a15
12	0.554213951855267	a7	a15	a23	10
13	0.554225850795228	a7	a16
12	0.554242617483356	a7	a17	a23	11
13	0.55427533956825	a7	a14
12	0.554286968077758	a7	a16	a23	12
12	0.554391083802422	a7	a14	a23	13
13	0.55445355323722	a7	a15
12	0.5545330597906	a7	a15	a23	14
13	0.554586064159519	a7	a16
13	0.554607969026267	a7	a14
13	0.554646099720235	a7	a17
12	0.55466935673925	a7	a16	a23	15
13	0.554728851439058	a7	a15
13	0.554866230109524	a7	a16
13	0.554989275965945	a6	a10
13	0.55504931152666	a8	a57
12	0.55508392662473	a6	a10	a28	0
12	0.555143962185445	a7	a14	a29	0
13	0.555167760065368	a7	a14
12	0.555185608475311	a7	a14	a29	1
13	0.555218600990659	a7	a14
12	0.555235367678786	a7	a14	a29	2
13	0.555258624697802	a7	a14
12	0.555275932246837	a7	a14	a29	3
13	0.555301352709482	a7	a14
12	0.555365715157456	a7	a14	a29	4
13	0.555388431315565	a7	a14
12	0.555441435684484	a7	a14	a29	5
13	0.555470642173481	a7	a14
12	0.555484434126618	a7	a15	a29	6
12	0.555520942237864	a7	a14	a29	7
13	0.555548255713685	a7	a15
13	0.555550689587768	a7	a14
12	0.555552582600944	a7	a16	a29	8
12	0.555575839619959	a7	a17	a29	9
12	0.555632900445684	a7	a14	a29	10
12	0.555660754782413	a7	a15	a29	11
13	0.555662106934681	a7	a14
13	0.555663999947857	a7	a16
13	0.555665622530579	a7	a17
13	0.555744047362144	a7	a15
12	0.555755405441198	a7	a16	a29	12
12	0.555814900141006	a7	a17	a29	13
12	0.555827880802782	a7	a15	a29	14
13	0.555851678682705	a7	a16
12	0.555877910436711	a7	a14	a29	15
13	0.555880885171702	a7	a17
13	0.555882507754424	a7	a15
13	0.555975265400033	a7	a14
13	0.556184037710268	a6	a10
13	0.556217030225616	a8	a56
12	0.556466367103902	a8	a56	a42	0
12	0.556519371472822	a6	a10	a30	0
12	0.556668108222341	a7	a14	a31	0
13	0.556730307226686	a7	a14
12	0.556751400802072	a7	a14	a31	1
13	0.55681900841549	a7	a14
12	0.556823064872295	a7	a17	a31	2
12	0.556857409539912	a7	a14	a31	3
13	0.55691690423972	a7	a14
12	0.556995329071285	a7	a14	a31	4
12	0.557052389897009	a7	a16	a31	5
13	0.557052389897009	a7	a17
13	0.557061854962888	a7	a14
12	0.557113236749086	a7	a14	a31	6
12	0.557131355589482	a7	a15	a31	7
13	0.557155694330312	a7	a16
12	0.557157857773942	a7	a17	a31	8
13	0.557223572374184	a7	a14
13	0.557230873996433	a7	a15
13	0.557271979425391	a7	a17
12	0.557303619788471	a7	a14	a31	9
12	0.557342291343346	a7	a16	a31	10
12	0.557383937633211	a7	a17	a31	11
13	0.557385830646387	a7	a14
12	0.557411521539486	a7	a15	a31	12
12	0.557430181240789	a7	a14	a31	13
13	0.557433696836687	a7	a16
13	0.557483456040163	a7	a17
12	0.557530510939102	a7	a16	a31	14
13	0.557547548057683	a7	a14
13	0.55758784219528	a7	a15
12	0.557599200274335	a7	a17	a31	15
13	0.557711158482155	a7	a17
13	0.557723057422116	a7	a16
13	0.557914251752863	a6	a10
13	0.558029455126127	a8	a56
12	0.55806352936329	a8	a56	a45	0
12	0.558076510025066	a6	a10	a32	0
12	0.558212266112809	a7	a14	a33	0
13	0.55822849194003	a7	a14
12	0.558251748959045	a7	a14	a33	1
13	0.558276087699876	a7	a14
12	0.558293395248911	a7	a14	a33	2
13	0.558309080215224	a7	a14
12	0.558325846903352	a7	a14	a33	3
13	0.558343154452387	a7	a14
12	0.558379932994086	a7	a14	a33	4
13	0.558397240543121	a7	a14
12	0.558418604548961	a7	a16	a33	5
12	0.558441050276616	a7	a14	a33	6
13	0.558457816964744	a7	a14
13	0.55847593580514	a7	a16
12	0.558542732127197	a7	a14	a33	7
13	0.558562203119861	a7	a14
12	0.558659017222276	a7	a14	a33	8
13	0.558677406493125	a7	a14
12	0.558697147916243	a7	a16	a33	9
12	0.558716618908908	a7	a15	a33	10
13	0.558717700630723	a7	a16
12	0.558730410862045	a7	a14	a33	11
13	0.55874771841108	a7	a14
13	0.558756642616051	a7	a15
12	0.558759887781495	a7	a17	a33	12
13	0.558825331951284	a7	a17
12	0.558829658838543	a7	a16	a33	13
13	0.558875632015667	a7	a16
12	0.558898889034683	a7	a15	a33	14
13	0.558916737444625	a7	a15
12	0.558958654164944	a7	a14	a33	15
13	0.559052763962822	a7	a14
13	0.559213940513211	a6	a10
13	0.559279384683	a8	a56
12	0.559640679769106	a8	a56	a50	0
12	0.560647762778581	a6	a10	a34	0
12	0.560764588734567	a7	a14	a35	0
12	0.561054760611357	a7	a16	a35	1
13	0.561060439650884	a7	a14
12	0.561074772464929	a7	a15	a35	2
12	0.561107494549823	a7	a14	a35	3
13	0.564728558324493	a7	a14
13	0.566010669105353	a7	a15
13	0.566611565573413	a7	a16
13	0.566738938317092	a6	a10
12	0.566775716858792	a6	a10	a36	0
12	0.566834670697692	a7	a14	a37	0
13	0.567025594597985	a7	a14
12	0.56705101506063	a7	a14	a37	1
13	0.567239775517293	a7	a14
12	0.567288723429408	a7	a16	a37	2
12	0.567323879388385	a7	a15	a37	3
13	0.568469963651048	a7	a15
13	0.568606801460606	a7	a16
13	0.568742827978803	a6	a10
12	0.569858624030654	a6	a10	a38	0
12	0.56992460906135	a7	a14	a39	0
12	0.570046573195956	a7	a17	a39	1
12	0.570175838952811	a7	a16	a39	2
13	0.570395698911647	a7	a14
12	0.570415981195672	a7	a15	a39	3
13	0.570863814026953	a7	a17
13	0.570871926940564	a7	a16
13	0.571081780972613	a7	a15
13	0.571206449411756	a6	a10
12	0.571248095701621	a6	a10	a40	0
12	0.571305967818707	a7	a14	a41	0
13	0.571517444433479	a7	a14
12	0.571589919795063	a7	a14	a41	1
12	0.571619937575421	a7	a16	a41	2
12	0.571661043004379	a7	a17	a41	3
13	0.571953919185706	a7	a14
13	0.572006653124172	a7	a16
13	0.572168911396375	a7	a17
13	0.572306560497294	a6	a10
12	0.572439612280501	a8	a57	a49	0
13	0.575034122053032	a8	a57
12	0.575071441455638	a8	a57	a54	0
12	0.576141805191273	a8	a58	a53	0
13	0.596643137884158	a8	a58
12	0.596691274504912	a8	a58	a52	0
13	0.598476115499148	a8	a58
12	0.598502076822701	a8	a58	a51	0
13	0.59953890718208	a8	a58
13	0.600686073166557	a8	a57
13	0.600737995813662	a8	a56
13	0.600856985213278	a8	a55
12	0.60115986732139	a8	a55	a46	0
12	0.60118042003587	a8	a56	a48	0
13	0.625067001147823	a8	a56
12	0.625180581938365	a6	a10	a20	0
12	0.625244403525432	a7	a14	a21	0
13	0.625358525176882	a7	a14
12	0.625386109083156	a7	a14	a21	1
12	0.625521053879539	a7	a15	a21	2
12	0.625596774406567	a7	a16	a21	3
13	0.626032437867433	a7	a14
13	0.626340458154165	a7	a15
13	0.62642699589934	a7	a16
13	0.626573298774777	a6	a10
12	0.626650641884527	a8	a56	a44	0
12	0.626674980625358	a8	a57	a43	0
12	0.626777203336846	a6	a10	a22	0
12	0.626828044262136	a7	a14	a23	0
12	0.626972183693943	a7	a15	a23	1
12	0.627007339652921	a7	a17	a23	2
13	0.627031407963298	a7	a14
12	0.627110103225316	a7	a16	a23	3
12	0.627141743588396	a7	a14	a23	4
13	0.627370798182656	a7	a15
13	0.627381885831257	a7	a14
13	0.627384860566247	a7	a17
12	0.627471398311422	a7	a15	a23	5
12	0.627490869304087	a7	a17	a23	6
13	0.62750439082677	a7	a16
12	0.627507906422668	a7	a14	a23	7
12	0.627617971617312	a7	a16	a23	8
13	0.627710458832468	a7	a17
13	0.627765626645017	a7	a15
13	0.627780500319969	a7	a14
12	0.627787801942219	a7	a17	a23	9
13	0.627835938562972	a7	a16
12	0.6278527052511	a7	a15	a23	10
12	0.627894081110512	a7	a14	a23	11
12	0.627920853725425	a7	a16	a23	12
13	0.627980348425233	a7	a17
12	0.628047415177744	a7	a17	a23	13
13	0.628112859347533	a7	a15
13	0.628136927657909	a7	a14
12	0.628169649742804	a7	a15	a23	14
13	0.628179385239136	a7	a16
12	0.628199667523161	a7	a14	a23	15
13	0.628438728044208	a7	a14
13	0.641822601626896	a7	a17
13	0.642120615986842	a7	a15
13	0.642944617579182	a6	a10
12	0.64314852214125	a6	a10	a24	0
12	0.643213425450132	a7	a14	a25	0
13	0.64325236743546	a7	a14
12	0.643268052401773	a7	a14	a25	1
13	0.643291309420789	a7	a14
12	0.643312402996176	a7	a14	a25	2
13	0.643334578293377	a7	a14
12	0.643423279482181	a7	a14	a25	3
13	0.643447077362104	a7	a14
13	0.643628265766065	a6	a10
12	0.643694250796761	a6	a10	a26	0
12	0.64374941860931	a7	a14	a27	0
13	0.643780788541936	a7	a14
12	0.643805127282766	a7	a14	a27	1
13	0.643830006884504	a7	a14
12	0.643859754234408	a7	a14	a27	2
13	0.643883552114331	a7	a14
12	0.643902482246088	a7	a14	a27	3
13	0.643926280126011	a7	a14
13	0.644389257062698	a6	a10
12	0.644495265800538	a6	a10	a22	0
12	0.644543943282199	a7	a14	a23	0
13	0.644723509103437	a7	a14
12	0.644738653208843	a7	a14	a23	1
12	0.644807612974529	a7	a17	a23	2
13	0.644923086778247	a7	a14
12	0.644949859393161	a7	a16	a23	3
12	0.644976902438528	a7	a15	a23	4
12	0.644990153530758	a7	a14	a23	5
13	0.64506614448824	a7	a17
12	0.645131588658028	a7	a17	a23	6
13	0.645146732763434	a7	a16
13	0.645179454848328	a7	a14
13	0.64520460488052	a7	a15
12	0.645236515674053	a7	a16	a23	7
12	0.645274105507113	a7	a14	a23	8
12	0.64529817381749	a7	a15	a23	9
13	0.645303582426564	a7	a17
12	0.645410132025311	a7	a17	a23	10
13	0.645467192851035	a7	a14
13	0.645505323545003	a7	a16
12	0.64552939185538	a7	a14	a23	11
13	0.645541020364888	a7	a15
13	0.64558537095929	a7	a17
12	0.645604301091047	a7	a16	a23	12
12	0.645654060294523	a7	a15	a23	13
12	0.645690838836222	a7	a17	a23	14
13	0.645701385623915	a7	a14
13	0.645769263667787	a7	a16
12	0.645776024429129	a7	a14	a23	15
13	0.645868241213831	a7	a17
13	0.645893661676476	a7	a15
13	0.645950181641294	a7	a14
13	0.646049700048245	a6	a10
13	0.646107031304424	a8	a57
12	0.646131910906162	a6	a10	a28	0
12	0.646169230308768	a7	a14	a29	0
13	0.646193028188691	a7	a14
12	0.646208713155004	a7	a14	a29	1
13	0.646241164809445	a7	a14
12	0.646256849775758	a7	a14	a29	2
13	0.646280647655681	a7	a14
12	0.646297414343809	a7	a14	a29	3
13	0.646321212223732	a7	a14
12	0.646363399374505	a7	a14	a29	4
12	0.646394498876677	a7	a16	a29	5
13	0.646396391889853	a7	a14
12	0.646436956457904	a7	a14	a29	6
13	0.646459672616012	a7	a14
12	0.646518085594005	a7	a14	a29	7
13	0.646526468938069	a7	a16
13	0.646542965195743	a7	a14
12	0.646605705060995	a7	a14	a29	8
12	0.646622201318669	a7	a16	a29	9
13	0.646637074993621	a7	a14
13	0.646648703503129	a7	a16
12	0.646739568135563	a7	a15	a29	10
12	0.646756875684598	a7	a17	a29	11
12	0.646771478929096	a7	a16	a29	12
12	0.646795547239473	a7	a14	a29	13
13	0.646800685418093	a7	a16
13	0.646812584358054	a7	a17
13	0.646821238132572	a7	a15
13	0.646860450548354	a7	a14
12	0.64691534793045	a7	a17	a29	14
12	0.646944554419446	a7	a16	a29	15
13	0.646952126472149	a7	a17
13	0.646979169517516	a7	a16
13	0.647209846694499	a6	a10
13	0.647242298348939	a8	a56
12	0.64745593840734	a8	a56	a42	0
12	0.647501911584465	a6	a10	a30	0
12	0.647591694495084	a7	a14	a31	0
13	0.647651730055799	a7	a14
12	0.647663358565307	a7	a16	a31	1
12	0.647695539789294	a7	a14	a31	2
13	0.647772882899044	a7	a14
12	0.647832377598852	a7	a14	a31	3
13	0.647868885710098	a7	a16
13	0.647897821768641	a7	a14
12	0.647953800872551	a7	a16	a31	4
12	0.647988145540167	a7	a14	a31	5
13	0.648023031068691	a7	a16
12	0.64804358378317	a7	a17	a31	6
13	0.648082796198952	a7	a14
12	0.648099292456626	a7	a15	a31	7
12	0.648123090336549	a7	a16	a31	8
12	0.648148240368741	a7	a14	a31	9
13	0.648166900070044	a7	a17
13	0.648217470564881	a7	a14
13	0.648238293709814	a7	a15
13	0.648238834570721	a7	a16
12	0.648270745364254	a7	a17	a31	10
12	0.648308335197315	a7	a14	a31	11
12	0.648328076620433	a7	a16	a31	12
13	0.648333485229506	a7	a17
12	0.648348088474005	a7	a15	a31	13
12	0.648395684233851	a7	a17	a31	14
13	0.648447336450502	a7	a14
13	0.648460046681825	a7	a17
13	0.648460587542732	a7	a15
13	0.648484926283563	a7	a16
12	0.648547666148815	a7	a15	a31	15
13	0.648610946874974	a7	a15
13	0.648793487431203	a6	a10
13	0.648909772526282	a8	a56
12	0.64893465212802	a8	a56	a45	0
12	0.648949796233425	a6	a10	a32	0
12	0.649000096297808	a7	a14	a33	0
13	0.649016322125029	a7	a14
12	0.649039579144044	a7	a14	a33	1
13	0.649056345832172	a7	a14
12	0.649079602851188	a7	a14	a33	2
13	0.64912395344559	a7	a14
12	0.649140990564171	a7	a16	a33	3
12	0.64916073198729	a7	a14	a33	4
13	0.649177498675417	a7	a14
13	0.649197780959443	a7	a16
12	0.64927269019511	a7	a14	a33	5
12	0.649288645591876	a7	a16	a33	6
13	0.649299733240477	a7	a14
13	0.649305412280004	a7	a16
12	0.649316770359058	a7	a15	a33	7
12	0.649367611284349	a7	a17	a33	8
13	0.64940601240877	a7	a15
12	0.649410339296029	a7	a16	a33	9
13	0.649414666183288	a7	a17
12	0.649427917275518	a7	a14	a33	10
13	0.649428187705971	a7	a16
13	0.649483085088067	a7	a14
12	0.64951202114661	a7	a17	a33	11
13	0.649541768496514	a7	a17
12	0.64957097498551	a7	a15	a33	12
13	0.649606130944488	a7	a15
12	0.649618300314903	a7	a14	a33	13
13	0.64964534336027	a7	a14
12	0.64966670736611	a7	a16	a33	14
12	0.649686178358775	a7	a17	a33	15
13	0.649688882663311	a7	a16
13	0.649702945046902	a7	a17
13	0.649961746991066	a6	a10
13	0.650025568578133	a8	a56
12	0.650346299096188	a8	a56	a50	0
12	0.651293887405855	a6	a10	a34	0
12	0.651358790714737	a7	a14	a35	0
12	0.651624623850696	a7	a15	a35	1
13	0.651650855604703	a7	a14
12	0.65172576484037	a7	a17	a35	2
12	0.651750914872561	a7	a14	a35	3
13	0.655721915654283	a7	a14
13	0.656376086921716	a7	a15
13	0.656844472467476	a7	a17
13	0.657053515208165	a6	a10
12	0.657082721697161	a6	a10	a36	0
12	0.65714005295334	a7	a14	a37	0
13	0.657321782218208	a7	a14
12	0.657342875793594	a7	a14	a37	1
13	0.657521359893018	a7	a14
12	0.657591130950065	a7	a14	a37	2
12	0.657643324027624	a7	a17	a37	3
13	0.65781017961754	a7	a14
13	0.658239893608425	a7	a17
13	0.658351581385791	a6	a10
12	0.659385166579726	a6	a10	a38	0
12	0.659448447305885	a7	a14	a39	0
12	0.65962774269667	a7	a16	a39	1
12	0.659648295411149	a7	a15	a39	2
12	0.659752140705359	a7	a17	a39	3
13	0.660027709337651	a7	a14
13	0.66034059737255	a7	a16
13	0.660414695316856	a7	a15
13	0.660414695316856	a7	a17
13	0.660584796072216	a6	a10
12	0.660616166004842	a6	a10	a40	0
12	0.660732991960828	a7	a14	a41	0
13	0.660940682549248	a7	a14
12	0.66101153532811	a7	a14	a41	1
12	0.661062646683854	a7	a16	a41	2
12	0.661184340388007	a7	a17	a41	3
13	0.66119705061933	a7	a14
13	0.661478568721602	a7	a17
13	0.66175603036707	a7	a16
13	0.6619239676788	a6	a10
12	0.662049447409304	a8	a57	a49	0
13	0.66428644812208	a8	a57
12	0.664323767524687	a8	a57	a54	0
12	0.665674838071233	a8	a58	a53	0
13	0.669966028510103	a8	a58
12	0.670005511356339	a8	a58	a52	0
13	0.671781698576057	a8	a58
12	0.671822263144108	a8	a58	a51	0
13	0.672775260062849	a8	a58
13	0.673873748565665	a8	a57
13	0.673926212073678	a8	a56
13	0.674063049883236	a8	a55
12	0.674302651265189	a8	a55	a46	0
12	0.674322122257854	a8	a56	a48	0
13	0.682913697771018	a8	a56
12	0.68298455054988	a6	a10	a20	0
12	0.68304566783241	a7	a14	a21	0
13	0.683163034649303	a7	a14
12	0.68317087713246	a7	a16	a21	1
12	0.683242270772229	a7	a15	a21	2
12	0.683309607955194	a7	a14	a21	3
13	0.683356933284586	a7	a16
13	0.683373159111807	a7	a15
13	0.683887788265145	a7	a14
13	0.683932138859547	a6	a10
12	0.684014349717463	a8	a56	a44	0
12	0.684038147597386	a8	a57	a43	0
12	0.684137125143431	a6	a10	a22	0
12	0.68419824242596	a7	a14	a23	0
13	0.684381053412643	a7	a14
12	0.684402146988029	a7	a14	a23	1
13	0.684583876252897	a7	a14
12	0.684671225289433	a7	a15	a23	2
12	0.684681501646673	a7	a16	a23	3
12	0.684709896844308	a7	a14	a23	4
12	0.684732342571963	a7	a17	a23	5
13	0.685074437095858	a7	a14
13	0.685076870969941	a7	a16
13	0.685098505406235	a7	a17
13	0.685112567789826	a7	a15
12	0.685158811397404	a7	a14	a23	6
12	0.685194778647742	a7	a16	a23	7
12	0.685213167918592	a7	a17	a23	8
12	0.685227230302183	a7	a15	a23	9
13	0.685423021950642	a7	a15
13	0.68542437410291	a7	a14
13	0.685454391883268	a7	a16
13	0.685457096187804	a7	a17
12	0.685560400621107	a7	a16	a23	10
12	0.685579330752864	a7	a15	a23	11
12	0.685595827010538	a7	a14	a23	12
12	0.685617191016378	a7	a17	a23	13
13	0.685807033194856	a7	a15
13	0.685815686969374	a7	a17
12	0.685862201007405	a7	a15	a23	14
13	0.685874099947367	a7	a16
13	0.685896545675022	a7	a14
12	0.685908174184529	a7	a17	a23	15
13	0.686112078746598	a7	a17
13	0.686201861657217	a7	a15
13	0.686325989235453	a6	a10
12	0.686396842014315	a6	a10	a24	0
12	0.686484461481305	a7	a14	a25	0
13	0.686507718500321	a7	a14
12	0.686524485188448	a7	a14	a25	1
13	0.686547201346557	a7	a14
12	0.686564508895592	a7	a14	a25	2
13	0.686586684192793	a7	a14
12	0.686602369159106	a7	a14	a25	3
13	0.686632657369917	a7	a14
13	0.686851165176484	a6	a10
12	0.686881453387295	a6	a10	a26	0
12	0.687006933117799	a7	a14	a27	0
13	0.687039925633147	a7	a14
12	0.687064264373978	a7	a14	a27	1
13	0.687088603114808	a7	a14
12	0.687114023577454	a7	a14	a27	2
13	0.687139444040099	a7	a14
12	0.687161078476393	a7	a14	a27	3
13	0.68718595807813	a7	a14
13	0.687583490845028	a6	a10
12	0.687675437199277	a6	a10	a22	0
12	0.687735472759992	a7	a14	a23	0
13	0.68790908911125	a7	a14
12	0.687955603149281	a7	a14	a23	1
13	0.688122188308743	a7	a14
12	0.688134898540066	a7	a15	a23	2
12	0.688158696419989	a7	a16	a23	3
12	0.688178167412653	a7	a17	a23	4
12	0.688197367974864	a7	a14	a23	5
13	0.688366387008409	a7	a15
13	0.688378285948371	a7	a16
13	0.688398568232396	a7	a14
13	0.688417768794607	a7	a17
12	0.688450761309955	a7	a15	a23	6
12	0.688487539851654	a7	a16	a23	7
12	0.688519180214734	a7	a14	a23	8
12	0.688540003359667	a7	a17	a23	9
13	0.688684954082835	a7	a16
13	0.688720110041812	a7	a15
13	0.688723084776803	a7	a14
12	0.688765001497122	a7	a16	a23	10
13	0.688779063880713	a7	a17
12	0.688811515535154	a7	a15	a23	11
12	0.688862626890898	a7	a14	a23	12
12	0.688900757584865	a7	a17	a23	13
13	0.688933209239306	a7	a16
12	0.688993244800021	a7	a16	a23	14
13	0.689035972811701	a7	a15
13	0.689051387347561	a7	a14
13	0.689086813736992	a7	a17
12	0.689116561086896	a7	a15	a23	15
13	0.689189577309387	a7	a16
13	0.689348590416146	a7	a15
13	0.689477585742548	a6	a10
13	0.689531130972375	a8	a57
12	0.68955871487865	a6	a10	a28	0
12	0.689630108518419	a7	a14	a29	0
13	0.689653365537435	a7	a14
12	0.689693930105486	a7	a14	a29	1
13	0.689719891429038	a7	a14
12	0.689756399540284	a7	a17	a29	2
12	0.68978263129429	a7	a14	a29	3
12	0.689820221127351	a7	a16	a29	4
13	0.689831308775951	a7	a14
13	0.689869439469919	a7	a17
12	0.68987025076128	a7	a14	a29	5
13	0.689897834667555	a7	a14
13	0.689921902977931	a7	a16
12	0.689974366485944	a7	a17	a29	6
12	0.69000871115356	a7	a14	a29	7
13	0.69001384933218	a7	a17
12	0.690029534298493	a7	a15	a29	8
12	0.690049005291157	a7	a16	a29	9
13	0.690079563932422	a7	a14
13	0.690105795686428	a7	a15
12	0.690107959130058	a7	a17	a29	10
13	0.690118776348205	a7	a16
12	0.690161774790339	a7	a14	a29	11
12	0.690212886146083	a7	a15	a29	12
13	0.690219106046517	a7	a14
13	0.690233979721469	a7	a17
13	0.690254532435948	a7	a15
12	0.690257236740485	a7	a16	a29	13
12	0.690345397068382	a7	a17	a29	14
13	0.690353509981992	a7	a16
12	0.690361352465149	a7	a14	a29	15
13	0.690395156271858	a7	a17
13	0.690450053653953	a7	a14
13	0.690624210866118	a6	a10
13	0.690655580798744	a8	a56
12	0.690856781056276	a8	a56	a42	0
12	0.69091086714701	a6	a10	a30	0
12	0.690989832839483	a7	a14	a31	0
12	0.691037158168875	a7	a17	a31	1
13	0.691046623234754	a7	a14
12	0.691119639457245	a7	a14	a31	2
12	0.691151820681232	a7	a16	a31	3
13	0.691185894918395	a7	a17
13	0.691192655679737	a7	a14
12	0.691259452001794	a7	a17	a31	4
13	0.691261074584516	a7	a16
12	0.691274866537653	a7	a14	a31	5
12	0.691350316634228	a7	a16	a31	6
13	0.691363567726458	a7	a14
13	0.691363838156911	a7	a17
13	0.691448212458457	a7	a16
12	0.691455243650253	a7	a15	a31	7
12	0.691472551199288	a7	a17	a31	8
12	0.691497701231479	a7	a14	a31	9
13	0.691536913647262	a7	a17
13	0.691556384639926	a7	a15
12	0.691562334109907	a7	a16	a31	10
13	0.691606955134763	a7	a14
12	0.691621287948807	a7	a17	a31	11
12	0.691675914900449	a7	a15	a31	12
13	0.691709989137612	a7	a16
13	0.691713234303056	a7	a17
12	0.6917643456588	a7	a14	a31	13
13	0.691805180657304	a7	a15
12	0.691815997875451	a7	a17	a31	14
12	0.691830601119949	a7	a16	a31	15
13	0.691874410853444	a7	a17
13	0.69192119532193	a7	a14
13	0.691925251778735	a7	a16
13	0.692078044985059	a6	a10
13	0.692178104252918	a8	a56
12	0.692218127960062	a8	a56	a45	0
12	0.692230567760931	a6	a10	a32	0
12	0.692282490408036	a7	a14	a33	0
13	0.692298175374349	a7	a14
12	0.692351179743268	a7	a14	a33	1
13	0.692367405570489	a7	a14
12	0.692382279245441	a7	a15	a33	2
12	0.692409051860354	a7	a14	a33	3
13	0.692425818548482	a7	a14
13	0.692432579309824	a7	a15
12	0.69251776490273	a7	a14	a33	4
13	0.692535613312673	a7	a14
12	0.69255968162305	a7	a15	a33	5
13	0.692586183807509	a7	a15
12	0.692595919303842	a7	a17	a33	6
12	0.692617012879228	a7	a16	a33	7
13	0.692651087116391	a7	a17
12	0.692651357546844	a7	a14	a33	8
13	0.692689488240812	a7	a16
12	0.692703009763496	a7	a15	a33	9
13	0.692719235590716	a7	a15
13	0.692724914630243	a7	a14
12	0.692744656053361	a7	a17	a33	10
13	0.692768453933284	a7	a17
12	0.69282037658039	a7	a15	a33	11
13	0.692867431479328	a7	a15
12	0.692885820750178	a7	a17	a33	12
13	0.692904750881935	a7	a17
12	0.692918001974165	a7	a14	a33	13
12	0.692951264919967	a7	a16	a33	14
13	0.692959107403123	a7	a14
13	0.692969654190817	a7	a16
12	0.693004810149794	a7	a17	a33	15
13	0.693021576837922	a7	a17
13	0.693290655139325	a6	a10
13	0.69334474123006	a8	a56
12	0.693635724398211	a8	a56	a50	0
12	0.69480290223626	a6	a10	a34	0
12	0.694877000180566	a7	a14	a35	0
12	0.695146619342877	a7	a15	a35	1
13	0.695158247852385	a7	a14
12	0.69516446775282	a7	a16	a35	2
12	0.69519096993728	a7	a17	a35	3
13	0.699380478525569	a7	a17
13	0.700233957037358	a7	a16
13	0.70059200695802	a7	a15
13	0.700936264925544	a6	a10
12	0.700989269294464	a6	a10	a36	0
12	0.701047682272457	a7	a14	a37	0
12	0.701170728128878	a7	a17	a37	1
13	0.701224543789159	a7	a14
12	0.701280793323523	a7	a14	a37	2
12	0.701508225335061	a7	a15	a37	3
13	0.702720835489327	a7	a15
13	0.703688976513473	a7	a17
13	0.704581126580138	a7	a14
13	0.704672532073479	a6	a10
12	0.705683401109305	a6	a10	a38	0
12	0.705775347463554	a7	a14	a39	0
12	0.705988176230594	a7	a15	a39	1
12	0.706098511855692	a7	a17	a39	2
12	0.706244544300675	a7	a16	a39	3
13	0.706273480359218	a7	a14
13	0.706600430777708	a7	a15
13	0.706793518121629	a7	a17
13	0.706824347193348	a7	a16
13	0.706990661922356	a6	a10
12	0.707026899603148	a6	a10	a40	0
12	0.707100456686547	a7	a14	a41	0
12	0.707187805723083	a7	a15	a41	1
13	0.707358988200258	a7	a14
12	0.707481222765318	a7	a14	a41	2
12	0.707540987895579	a7	a17	a41	3
13	0.707619412727144	a7	a15
13	0.707799248978836	a7	a14
13	0.707939602384292	a7	a17
13	0.708144859098629	a6	a10
12	0.708254113001913	a8	a57	a49	0
13	0.710725306487569	a8	a57
12	0.71076370761199	a8	a57	a54	0
12	0.712086112530447	a8	a58	a53	0
13	0.716450860052716	a8	a58
12	0.716484934289878	a8	a58	a52	0
13	0.718271397866836	a8	a58
12	0.718304931243092	a8	a58	a51	0
13	0.7192849712072	a8	a58
13	0.720422942556252	a8	a57
13	0.720486764143319	a8	a56
13	0.720610080430193	a8	a55
12	0.720842650620351	a8	a55	a46	0
12	0.720861039891201	a8	a56	a48	0
13	0.728599136892576	a8	a56
12	0.728697573577712	a6	a10	a20	0
12	0.728974494362273	a7	a14	a21	0
13	0.729083748265556	a7	a14
12	0.729107546145479	a7	a14	a21	1
12	0.729292250145337	a7	a16	a21	2
12	0.729327946965222	a7	a15	a21	3
13	0.729769559896069	a7	a14
13	0.729999696212144	a7	a16
13	0.73015925017981	a7	a15
13	0.730302307889803	a6	a10
12	0.730387763913163	a8	a56	a44	0
12	0.730411561793087	a8	a57	a43	0
12	0.730497558677354	a6	a10	a22	0
12	0.730562461986236	a7	a14	a23	0
12	0.730649270161864	a7	a16	a23	1
13	0.730741486946566	a7	a14
12	0.73080801283817	a7	a14	a23	2
12	0.730865614524802	a7	a15	a23	3
12	0.730892116709262	a7	a17	a23	4
13	0.730953233991792	a7	a16
13	0.730990823824852	a7	a14
12	0.731015432996136	a7	a16	a23	5
12	0.731075738987305	a7	a14	a23	6
13	0.731216633253668	a7	a16
13	0.731217174114576	a7	a17
13	0.731246380603572	a7	a15
13	0.731282347853911	a7	a14
12	0.7312999258334	a7	a15	a23	7
12	0.731318855965157	a7	a16	a23	8
12	0.731339408679636	a7	a17	a23	9
12	0.731369967320901	a7	a14	a23	10
13	0.731502207812746	a7	a15
13	0.73150545297819	a7	a17
13	0.731548721850778	a7	a16
13	0.731573871882969	a7	a14
12	0.731581173505219	a7	a15	a23	11
12	0.731622278934177	a7	a17	a23	12
12	0.731671497276745	a7	a16	a23	13
12	0.731715036579786	a7	a14	a23	14
13	0.731810498529933	a7	a15
13	0.731812661973562	a7	a17
12	0.731894872831478	a7	a17	a23	15
13	0.731914343824143	a7	a16
13	0.731930840081817	a7	a14
13	0.73209012361903	a7	a17
13	0.732220200667246	a6	a10
12	0.732285644837035	a6	a10	a24	0
12	0.732347843841379	a7	a14	a25	0
13	0.732368396555858	a7	a14
12	0.732386785826708	a7	a14	a25	1
13	0.732409501984816	a7	a14
12	0.732426268672944	a7	a14	a25	2
13	0.732448984831052	a7	a14
12	0.732465210658273	a7	a14	a25	3
13	0.732487926816381	a7	a14
13	0.732841649849784	a6	a10
12	0.73287518322604	a6	a10	a26	0
12	0.732958475805771	a7	a14	a27	0
13	0.732989845738397	a7	a14
12	0.733014184479227	a7	a14	a27	1
13	0.733039064080965	a7	a14
12	0.733076383483572	a7	a14	a27	2
13	0.733100181363495	a7	a14
12	0.73314399109699	a7	a14	a27	3
13	0.733172656725079	a7	a14
13	0.733482570024987	a6	a10
12	0.733574516379236	a6	a10	a22	0
12	0.73362265299999	a7	a14	a23	0
12	0.733726227863746	a7	a15	a23	1
13	0.733798432794877	a7	a14
12	0.733872530739183	a7	a14	a23	2
12	0.733946358253035	a7	a16	a23	3
13	0.733970696993866	a7	a15
12	0.733988004542901	a7	a17	a23	4
13	0.734042901924996	a7	a14
12	0.734045876659987	a7	a15	a23	5
12	0.734116459008395	a7	a14	a23	6
13	0.734161080033251	a7	a16
13	0.734177305860471	a7	a17
12	0.734236259699372	a7	a16	a23	7
12	0.734257894135665	a7	a17	a23	8
13	0.734258434996573	a7	a15
13	0.734307382908687	a7	a14
12	0.734331992079972	a7	a15	a23	9
12	0.734393920653863	a7	a14	a23	10
13	0.734436919095996	a7	a17
13	0.734445572870514	a7	a16
12	0.734524538562986	a7	a17	a23	11
13	0.734533192337504	a7	a15
12	0.734544550416558	a7	a16	a23	12
13	0.734563750978769	a7	a14
12	0.734654345180749	a7	a15	a23	13
12	0.734676790908404	a7	a14	a23	14
13	0.734705726966947	a7	a17
12	0.734770089414921	a7	a17	a23	15
13	0.734812817426601	a7	a16
13	0.734847702955124	a7	a14
13	0.734866903517335	a7	a15
13	0.734941542322549	a7	a17
13	0.735093794667966	a6	a10
13	0.735141390427812	a8	a57
12	0.735179791552234	a6	a10	a28	0
12	0.735216029233026	a7	a14	a29	0
13	0.735238745391134	a7	a14
12	0.735267411019224	a7	a14	a29	1
13	0.735291749760054	a7	a14
12	0.735307975587274	a7	a14	a29	2
13	0.735336100354456	a7	a14
12	0.735352326181677	a7	a14	a29	3
13	0.735377205783414	a7	a14
12	0.735393972471542	a7	a14	a29	4
13	0.73541885207328	a7	a14
12	0.735463202667682	a7	a14	a29	5
13	0.735491327434864	a7	a14
12	0.735530539850647	a7	a16	a29	6
12	0.735562180213726	a7	a14	a29	7
13	0.735586518954557	a7	a14
13	0.735592738854991	a7	a16
12	0.735613832430378	a7	a15	a29	8
13	0.735677113156537	a7	a15
12	0.73569577285784	a7	a14	a29	9
12	0.735731740108179	a7	a16	a29	10
13	0.735743368617687	a7	a14
12	0.735767977788971	a7	a17	a29	11
12	0.735787989642543	a7	a15	a29	12
12	0.735807190204753	a7	a14	a29	13
13	0.735831799376037	a7	a17
13	0.735835585402389	a7	a15
13	0.735835855832843	a7	a14
13	0.735840994011462	a7	a16
12	0.735933210796164	a7	a14	a29	14
12	0.735963228576522	a7	a17	a29	15
13	0.735993516787333	a7	a17
13	0.736005686157749	a7	a14
13	0.736195528336226	a6	a10
13	0.736227979990667	a8	a56
12	0.736418363030052	a8	a56	a42	0
12	0.736458927598103	a6	a10	a30	0
12	0.736514095410652	a7	a14	a31	0
12	0.73656845193184	a7	a16	a31	1
13	0.736571967527738	a7	a14
12	0.736621185870306	a7	a14	a31	2
12	0.736676624113309	a7	a17	a31	3
13	0.73668771176191	a7	a14
12	0.736703667158676	a7	a15	a31	4
12	0.736725031164516	a7	a14	a31	5
13	0.736734496230395	a7	a16
13	0.736790745764759	a7	a17
13	0.736799129108823	a7	a14
12	0.736853215199557	a7	a14	a31	6
13	0.736857271656362	a7	a15
12	0.736892968476247	a7	a16	a31	7
12	0.736912439468911	a7	a17	a31	8
12	0.736955708341499	a7	a15	a31	9
13	0.736965443837831	a7	a16
13	0.73700736055815	a7	a14
13	0.737008712710419	a7	a17
13	0.737059012774802	a7	a15
12	0.737074697741115	a7	a16	a31	10
12	0.737126890818673	a7	a14	a31	11
12	0.737149877407235	a7	a17	a31	12
13	0.737181788200769	a7	a16
12	0.737195309723452	a7	a15	a31	13
13	0.737215862437931	a7	a17
13	0.737241012470123	a7	a14
12	0.737307267931273	a7	a16	a31	14
12	0.737326738923937	a7	a17	a31	15
13	0.737328361506659	a7	a15
13	0.737385692762838	a7	a17
13	0.73743004335724	a7	a16
13	0.737577427954491	a6	a10
13	0.737656393646963	a8	a56
12	0.737699121658644	a8	a56	a45	0
12	0.737719133512215	a6	a10	a32	0
12	0.73778133251656	a7	a14	a33	0
13	0.737797017482873	a7	a14
12	0.737878687479882	a7	a14	a33	1
13	0.737894913307102	a7	a14
12	0.737901674068444	a7	a15	a33	2
13	0.737950892411012	a7	a15
12	0.737957112311447	a7	a14	a33	3
13	0.737973878999574	a7	a14
12	0.738065554923369	a7	a15	a33	4
13	0.738086107637848	a7	a15
12	0.738097195286449	a7	a14	a33	5
13	0.738114502835484	a7	a14
12	0.73812450876227	a7	a17	a33	6
13	0.738166695913043	a7	a17
12	0.738188330349337	a7	a16	a33	7
12	0.738241334718256	a7	a15	a33	8
13	0.738242416440071	a7	a16
12	0.738258371836838	a7	a14	a33	9
13	0.738276490677234	a7	a15
13	0.738277842829502	a7	a14
12	0.738307319748952	a7	a17	a33	10
13	0.738335444516134	a7	a17
12	0.738400888685923	a7	a16	a33	11
12	0.738447943584862	a7	a15	a33	12
13	0.738465791994804	a7	a15
12	0.738468225868887	a7	a14	a33	13
13	0.738474986630229	a7	a16
12	0.738481476961117	a7	a17	a33	14
13	0.738493105470625	a7	a14
13	0.738507979145577	a7	a17
12	0.738581536228976	a7	a15	a33	15
13	0.738650766425116	a7	a15
13	0.738854941417638	a6	a10
13	0.738914976978354	a8	a56
12	0.739191897762914	a8	a56	a50	0
12	0.740149762429821	a6	a10	a34	0
12	0.740216288321424	a7	a14	a35	0
13	0.740502944602316	a7	a14
12	0.740547295196719	a7	a14	a35	1
12	0.740650870060475	a7	a17	a35	2
12	0.74069467979397	a7	a16	a35	3
13	0.741669040718551	a7	a14
13	0.744649995609379	a7	a16
13	0.745044283210833	a7	a17
13	0.745194372112621	a6	a10
12	0.745229528071598	a6	a10	a36	0
12	0.745281991579611	a7	a14	a37	0
13	0.745469129453552	a7	a14
12	0.745488600446216	a7	a14	a37	1
12	0.745525108557462	a7	a16	a37	2
12	0.745601910806305	a7	a15	a37	3
13	0.745663298519288	a7	a14
13	0.746930265194742	a7	a15
13	0.747048713733451	a7	a16
13	0.747166350980798	a6	a10
12	0.748191823261123	a6	a10	a38	0
12	0.748254563126375	a7	a14	a39	0
12	0.748385721896406	a7	a17	a39	1
12	0.748531754341389	a7	a16	a39	2
12	0.748549602751331	a7	a15	a39	3
13	0.748770003571074	a7	a14
13	0.749115884121321	a7	a17
13	0.749173756238407	a7	a16
13	0.749200799283774	a7	a15
13	0.749413628050814	a6	a10
12	0.749447702287976	a6	a10	a40	0
12	0.749505574405062	a7	a14	a41	0
13	0.749717591880741	a7	a14
12	0.74974030803885	a7	a14	a41	1
12	0.749820085022683	a7	a17	a41	2
12	0.749983425016701	a7	a16	a41	3
13	0.750036699816074	a7	a14
13	0.750343638380992	a7	a17
13	0.750481017051458	a7	a16
13	0.750660312442242	a6	a10
12	0.750784169590024	a8	a57	a49	0
13	0.753056867122685	a8	a57
12	0.753096890829828	a8	a57	a54	0
12	0.754422000052822	a8	a58	a53	0
13	0.775364134385193	a8	a58
12	0.775403617231429	a8	a58	a52	0
13	0.777259851865435	a8	a58
12	0.777283649745358	a8	a58	a51	0
13	0.778449205000685	a8	a58
13	0.779605565620587	a8	a57
13	0.779662896876765	a8	a56
13	0.779792162633621	a8	a55
12	0.77982894117532	a8	a55	a50	0
12	0.782428859556924	a6	a10	a34	0
12	0.782495926309435	a7	a14	a35	0
12	0.782594633425025	a7	a17	a35	1
12	0.782781230438059	a7	a16	a35	2
12	0.782916986525803	a7	a15	a35	3
13	0.784091465986101	a7	a14
13	0.788181726597892	a7	a17
13	0.788286112753009	a7	a16
13	0.788515437777723	a7	a15
13	0.789203142421412	a6	a10
12	0.789241002684926	a6	a10	a36	0
12	0.789312396324695	a7	a14	a37	0
12	0.789402990526675	a7	a17	a37	1
13	0.7894968298941	a7	a14
12	0.789560651481166	a7	a14	a37	2
12	0.789762663030059	a7	a16	a37	3
13	0.7910985894712	a7	a16
13	0.79200074546465	a7	a17
13	0.792916693411237	a7	a14
13	0.792995118242802	a6	a10
12	0.810290768337858	a6	a10	a38	0
12	0.810351344759481	a7	a14	a39	0
12	0.810468982006828	a7	a17	a39	1
13	0.810723997924641	a7	a14
12	0.810741035043222	a7	a15	a39	2
12	0.810824598053407	a7	a14	a39	3
13	0.81108772688483	a7	a17
13	0.81134030892856	a7	a15
13	0.81140440094608	a7	a14
13	0.811503919353032	a6	a10
12	0.81153691186838	a6	a10	a40	0
12	0.811585589350041	a7	a14	a41	0
12	0.811664284612059	a7	a17	a41	1
12	0.811760557853566	a7	a16	a41	2
13	0.811820322983828	a7	a14
12	0.811949047879776	a7	a14	a41	3
13	0.812202982075774	a7	a17
13	0.812533177659708	a7	a14
13	0.812562654579158	a7	a16
13	0.812714366063668	a6	a10
12	0.812840386655079	a8	a56	a49	0
13	0.815239645640059	a8	a56
12	0.815279669347202	a8	a56	a54	0
12	0.816217522160537	a8	a57	a53	0
13	0.820804563515724	a8	a57
12	0.820838637752887	a8	a57	a52	0
13	0.822603466893551	a8	a57
12	0.822637541130714	a8	a57	a51	0
13	0.823644083279282	a8	a57
13	0.824756093304782	a8	a56
13	0.824812342839145	a8	a55
