%EventDef PajeDefineContainerType 0 
%       Alias string 
%       Type string 
%       Name string 
%EndEventDef 
%EventDef PajeDefineVariableType 1 
%       Alias string 
%       Type string 
%       Name string 
%       Color color 
%EndEventDef 
%EventDef PajeDefineStateType 2 
%       Alias string 
%       Type string 
%       Name string 
%EndEventDef 
%EventDef PajeDefineEventType 3 
%       Alias string 
%       Type string 
%       Name string 
%       Color color 
%EndEventDef 
%EventDef PajeDefineLinkType 4 
%       Alias string 
%       Type string 
%       StartContainerType string 
%       EndContainerType string 
%       Name string 
%EndEventDef 
%EventDef PajeDefineEntityValue 5 
%       Alias string 
%       Type string 
%       Name string 
%       Color color 
%EndEventDef 
%EventDef PajeCreateContainer 6 
%       Time date 
%       Alias string 
%       Type string 
%       Container string 
%       Name string 
%EndEventDef 
%EventDef PajeDestroyContainer 7 
%       Time date 
%       Type string 
%       Name string 
%EndEventDef 
%EventDef PajeSetVariable 8 
%       Time date 
%       Type string 
%       Container string 
%       Value double 
%EndEventDef
%EventDef PajeAddVariable 9 
%       Time date 
%       Type string 
%       Container string 
%       Value double 
%EndEventDef
%EventDef PajeSubVariable 10 
%       Time date 
%       Type string 
%       Container string 
%       Value double 
%EndEventDef
%EventDef PajeSetState 11 
%       Time date 
%       Type string 
%       Container string 
%       Value string 
%EndEventDef
%EventDef PajePushState 12 
%       Time date 
%       Type string 
%       Container string 
%       Value string 
%       Id string 
%EndEventDef
%EventDef PajePopState 13 
%       Time date 
%       Type string 
%       Container string 
%EndEventDef
%EventDef PajeResetState 14 
%       Time date 
%       Type string 
%       Container string 
%EndEventDef
%EventDef PajeStartLink 15 
%       Time date 
%       Type string 
%       Container string 
%       Value string 
%       StartContainer string 
%       Key string 
%EndEventDef
%EventDef PajeEndLink 16 
%       Time date 
%       Type string 
%       Container string 
%       Value string 
%       EndContainer string 
%       Key string 
%EndEventDef
%EventDef PajeNewEvent 17 
%       Time date 
%       Type string 
%       Container string 
%       Value string 
%EndEventDef
0	a1	0	"Task Manager"
0	a2	a1	"Node"
0	a3	a1	"Thread"
0	a4	a1	"Jobs"
0	a5	a1	"Memory usage"
2	a6	a4	"Job"
2	a7	a3	"Task"
2	a8	a3	"Timer state"
6	0	a9	a1	0	"The task manager"
6	0	a10	a4	a9	"Jobs"
6	0	a11	a5	a9	"Memory"
1	a12	a1	"Memory [MB]"	"1.0 1.0 1.0"
6	0	a13	a2	a9	"Node 0"
6	0	a14	a3	a13	"Thread 0"
6	0	a15	a3	a13	"Thread 1"
6	0	a16	a3	a13	"Thread 2"
6	0	a17	a3	a13	"Thread 3"
5	a18	a6	"ngcore::ParallelFor<int,ngcore::EnterTaskManager()::{lambda(int)#1}>(ngcore::T_Range<int>,ngcore::EnterTaskManager()::{lambda(int)#1},int,ngcore::TotalCosts)::{lambda(ngcore::TaskInfo&)#1}"	"0.630615054310908 1 0"
5	a19	a7	"ngcore::ParallelFor<int,ngcore::EnterTaskManager()::{lambda(int)#1}>(ngcore::T_Range<int>,ngcore::EnterTaskManager()::{lambda(int)#1},int,ngcore::TotalCosts)::{lambda(ngcore::TaskInfo&)#1}"	"0.630615054310908 1 0"
5	a20	a6	"ngcore::ParallelForRange<netgen::ElementIndex,netgen::MeshOptimize3d::SwapImprove(netgen::Mesh&,netgen::OPTIMIZEGOAL,netgen::NgBitArray const*)::{lambda(auto:1)#1}>(ngcore::T_Range<netgen::ElementIndex>,netgen::MeshOptimize3d::SwapImprove(netgen::Mesh&,netgen::OPTIMIZEGOAL,netgen::NgBitArray const*)::{lambda(auto:1)#1},int,ngcore::TotalCosts)::{lambda(ngcore::TaskInfo&)#1}"	"0.708022642579866 0 1"
5	a21	a7	"ngcore::ParallelForRange<netgen::ElementIndex,netgen::MeshOptimize3d::SwapImprove(netgen::Mesh&,netgen::OPTIMIZEGOAL,netgen::NgBitArray const*)::{lambda(auto:1)#1}>(ngcore::T_Range<netgen::ElementIndex>,netgen::MeshOptimize3d::SwapImprove(netgen::Mesh&,netgen::OPTIMIZEGOAL,netgen::NgBitArray const*)::{lambda(auto:1)#1},int,ngcore::TotalCosts)::{lambda(ngcore::TaskInfo&)#1}"	"0.708022642579866 0 1"
5	a22	a6	"ngcore::ParallelForRange<netgen::ElementIndex,ngcore::CreateTable<netgen::ElementIndex,netgen::PointIndex,ngcore::T_Range<netgen::ElementIndex>,netgen::Mesh::CreatePoint2ElementTable(std::optional<ngcore::BitArray>)const::{lambda(auto:1&,netgen::ElementIndex)#1}>(ngcore::T_Range<netgen::ElementIndex>const&,netgen::Mesh::CreatePoint2ElementTable(std::optional<ngcore::BitArray>)const::{lambda(auto:1&,netgen::ElementIndex)#1}const&,std::optional<unsigned long>)::{lambda(auto:1)#1}>(ngcore::T_Range<netgen::ElementIndex>,ngcore::Table,int,ngcore::TotalCosts)::{lambda(ngcore::TaskInfo&)#1}"	"0 0.230008221284954 1"
5	a23	a7	"ngcore::ParallelForRange<netgen::ElementIndex,ngcore::CreateTable<netgen::ElementIndex,netgen::PointIndex,ngcore::T_Range<netgen::ElementIndex>,netgen::Mesh::CreatePoint2ElementTable(std::optional<ngcore::BitArray>)const::{lambda(auto:1&,netgen::ElementIndex)#1}>(ngcore::T_Range<netgen::ElementIndex>const&,netgen::Mesh::CreatePoint2ElementTable(std::optional<ngcore::BitArray>)const::{lambda(auto:1&,netgen::ElementIndex)#1}const&,std::optional<unsigned long>)::{lambda(auto:1)#1}>(ngcore::T_Range<netgen::ElementIndex>,ngcore::Table,int,ngcore::TotalCosts)::{lambda(ngcore::TaskInfo&)#1}"	"0 0.230008221284954 1"
5	a24	a6	"ngcore::TablePrefixSum2<unsigned int>(ngcore::FlatArray<unsigned int,unsigned long>)::{lambda(ngcore::TaskInfo)#1}"	"0 0.312895337658212 1"
5	a25	a7	"ngcore::TablePrefixSum2<unsigned int>(ngcore::FlatArray<unsigned int,unsigned long>)::{lambda(ngcore::TaskInfo)#1}"	"0 0.312895337658212 1"
5	a26	a6	"ngcore::TablePrefixSum2<unsigned int>(ngcore::FlatArray<unsigned int,unsigned long>)::{lambda(ngcore::TaskInfo)#2}"	"0 1 0.887517304832004"
5	a27	a7	"ngcore::TablePrefixSum2<unsigned int>(ngcore::FlatArray<unsigned int,unsigned long>)::{lambda(ngcore::TaskInfo)#2}"	"0 1 0.887517304832004"
5	a28	a6	"ngcore::ParallelForRange<netgen::PointIndex,ngcore::CreateSortedTable<netgen::ElementIndex,netgen::PointIndex,ngcore::T_Range<netgen::ElementIndex>,netgen::Mesh::CreatePoint2ElementTable(std::optional<ngcore::BitArray>)const::{lambda(auto:1&,netgen::ElementIndex)#1}>(ngcore::T_Range<netgen::ElementIndex>const&,netgen::Mesh::CreatePoint2ElementTable(std::optional<ngcore::BitArray>)const::{lambda(auto:1&,netgen::ElementIndex)#1}const&,std::optional<unsigned long>)::{lambda(auto:1)#1}>(ngcore::T_Range<netgen::PointIndex>,ngcore::Table,int,ngcore::TotalCosts)::{lambda(ngcore::TaskInfo&)#1}"	"0 0.170427812303051 1"
5	a29	a7	"ngcore::ParallelForRange<netgen::PointIndex,ngcore::CreateSortedTable<netgen::ElementIndex,netgen::PointIndex,ngcore::T_Range<netgen::ElementIndex>,netgen::Mesh::CreatePoint2ElementTable(std::optional<ngcore::BitArray>)const::{lambda(auto:1&,netgen::ElementIndex)#1}>(ngcore::T_Range<netgen::ElementIndex>const&,netgen::Mesh::CreatePoint2ElementTable(std::optional<ngcore::BitArray>)const::{lambda(auto:1&,netgen::ElementIndex)#1}const&,std::optional<unsigned long>)::{lambda(auto:1)#1}>(ngcore::T_Range<netgen::PointIndex>,ngcore::Table,int,ngcore::TotalCosts)::{lambda(ngcore::TaskInfo&)#1}"	"0 0.170427812303051 1"
5	a30	a6	"ngcore::ParallelFor<unsigned long,netgen::BuildEdgeList<netgen::ElementIndex>(netgen::Mesh const&,ngcore::Table<netgen::ElementIndex,netgen::PointIndex>const&,ngcore::Array<std::tuple<netgen::PointIndex,netgen::PointIndex>,unsigned long>&)::{lambda(int)#1}>(ngcore::T_Range<unsigned long>,netgen::BuildEdgeList<netgen::ElementIndex>(netgen::Mesh const&,ngcore::Table<netgen::ElementIndex,netgen::PointIndex>const&,ngcore::Array<std::tuple<netgen::PointIndex,netgen::PointIndex>,unsigned long>&)::{lambda(int)#1},int,ngcore::TotalCosts)::{lambda(ngcore::TaskInfo&)#1}"	"1 0.872005992306398 0"
5	a31	a7	"ngcore::ParallelFor<unsigned long,netgen::BuildEdgeList<netgen::ElementIndex>(netgen::Mesh const&,ngcore::Table<netgen::ElementIndex,netgen::PointIndex>const&,ngcore::Array<std::tuple<netgen::PointIndex,netgen::PointIndex>,unsigned long>&)::{lambda(int)#1}>(ngcore::T_Range<unsigned long>,netgen::BuildEdgeList<netgen::ElementIndex>(netgen::Mesh const&,ngcore::Table<netgen::ElementIndex,netgen::PointIndex>const&,ngcore::Array<std::tuple<netgen::PointIndex,netgen::PointIndex>,unsigned long>&)::{lambda(int)#1},int,ngcore::TotalCosts)::{lambda(ngcore::TaskInfo&)#1}"	"1 0.872005992306398 0"
5	a32	a6	"ngcore::ParallelForRange<unsigned long,netgen::MeshOptimize3d::SwapImprove(netgen::Mesh&,netgen::OPTIMIZEGOAL,netgen::NgBitArray const*)::{lambda(auto:1)#2}>(ngcore::T_Range<unsigned long>,netgen::MeshOptimize3d::SwapImprove(netgen::Mesh&,netgen::OPTIMIZEGOAL,netgen::NgBitArray const*)::{lambda(auto:1)#2},int,ngcore::TotalCosts)::{lambda(ngcore::TaskInfo&)#1}"	"1 0.408375991137786 0"
5	a33	a7	"ngcore::ParallelForRange<unsigned long,netgen::MeshOptimize3d::SwapImprove(netgen::Mesh&,netgen::OPTIMIZEGOAL,netgen::NgBitArray const*)::{lambda(auto:1)#2}>(ngcore::T_Range<unsigned long>,netgen::MeshOptimize3d::SwapImprove(netgen::Mesh&,netgen::OPTIMIZEGOAL,netgen::NgBitArray const*)::{lambda(auto:1)#2},int,ngcore::TotalCosts)::{lambda(ngcore::TaskInfo&)#1}"	"1 0.408375991137786 0"
5	a34	a6	"ngcore::ParallelForRange<netgen::ElementIndex,netgen::Mesh::Compress()::{lambda(auto:1)#1}>(ngcore::T_Range<netgen::ElementIndex>,netgen::Mesh::Compress()::{lambda(auto:1)#1},int,ngcore::TotalCosts)::{lambda(ngcore::TaskInfo&)#1}"	"1 0.0611641584106637 0"
5	a35	a7	"ngcore::ParallelForRange<netgen::ElementIndex,netgen::Mesh::Compress()::{lambda(auto:1)#1}>(ngcore::T_Range<netgen::ElementIndex>,netgen::Mesh::Compress()::{lambda(auto:1)#1},int,ngcore::TotalCosts)::{lambda(ngcore::TaskInfo&)#1}"	"1 0.0611641584106637 0"
5	a36	a6	"ngcore::ParallelForRange<netgen::SurfaceElementIndex,netgen::Mesh::Compress()::{lambda(auto:1)#2}>(ngcore::T_Range<netgen::SurfaceElementIndex>,netgen::Mesh::Compress()::{lambda(auto:1)#2},int,ngcore::TotalCosts)::{lambda(ngcore::TaskInfo&)#1}"	"1 0 -2.77631980257023"
5	a37	a7	"ngcore::ParallelForRange<netgen::SurfaceElementIndex,netgen::Mesh::Compress()::{lambda(auto:1)#2}>(ngcore::T_Range<netgen::SurfaceElementIndex>,netgen::Mesh::Compress()::{lambda(auto:1)#2},int,ngcore::TotalCosts)::{lambda(ngcore::TaskInfo&)#1}"	"1 0 -2.77631980257023"
5	a38	a6	"ngcore::ParallelForRange<netgen::ElementIndex,netgen::Mesh::Compress()::{lambda(auto:1)#3}>(ngcore::T_Range<netgen::ElementIndex>,netgen::Mesh::Compress()::{lambda(auto:1)#3},int,ngcore::TotalCosts)::{lambda(ngcore::TaskInfo&)#1}"	"0.688034037288286 1 0"
5	a39	a7	"ngcore::ParallelForRange<netgen::ElementIndex,netgen::Mesh::Compress()::{lambda(auto:1)#3}>(ngcore::T_Range<netgen::ElementIndex>,netgen::Mesh::Compress()::{lambda(auto:1)#3},int,ngcore::TotalCosts)::{lambda(ngcore::TaskInfo&)#1}"	"0.688034037288286 1 0"
5	a40	a6	"ngcore::ParallelForRange<netgen::SurfaceElementIndex,netgen::Mesh::Compress()::{lambda(auto:1)#4}>(ngcore::T_Range<netgen::SurfaceElementIndex>,netgen::Mesh::Compress()::{lambda(auto:1)#4},int,ngcore::TotalCosts)::{lambda(ngcore::TaskInfo&)#1}"	"0 0.666479625428673 1"
5	a41	a7	"ngcore::ParallelForRange<netgen::SurfaceElementIndex,netgen::Mesh::Compress()::{lambda(auto:1)#4}>(ngcore::T_Range<netgen::SurfaceElementIndex>,netgen::Mesh::Compress()::{lambda(auto:1)#4},int,ngcore::TotalCosts)::{lambda(ngcore::TaskInfo&)#1}"	"0 0.666479625428673 1"
5	a42	a8	"Build edges"	"0 0.0614795051658243 1"
5	a43	a8	"CreateTable"	"0.608616351291681 0 1"
5	a44	a8	"CreateSortedTable"	"0 0.0381698166109086 1"
5	a45	a8	"MeshOptimize3d::SwapImprove loop"	"0.154668690207104 1 0"
5	a46	a8	"MeshOptimize3d::SwapImprove"	"1 0 -2.43968480148811"
5	a47	a8	"FreeOpenElementsEnvironment"	"0.907015785320433 0 1"
5	a48	a8	"Mesh::BuildBoundaryEdges"	"1 0 -2.61861416630415"
5	a49	a8	"Mesh::LinkSurfaceElements"	"0 1 0.171518596860468"
5	a50	a8	"Mesh::Compress"	"1 0.648677515017027 0"
5	a51	a8	"Mesh::CalcSurfacesOfNode, pointloop"	"0 0.319536079261344 1"
5	a52	a8	"Mesh::CalcSurfacesOfNode - surfelementht"	"0.690162641156969 0 1"
5	a53	a8	"Mesh::CalcSurfacesOfNode - surf on node"	"0.000515674241007069 1 0"
5	a54	a8	"Mesh::CalcSurfacesOfNode"	"1 0 -2.35340285344361"
6	0	a55	a3	a9	"Timer level 0"
6	0	a56	a3	a9	"Timer level 1"
6	0	a57	a3	a9	"Timer level 2"
6	0	a58	a3	a9	"Timer level 3"
4	a59	a2	a3	a3	"links"
8	0	a12	a11	0
12	0.14404478114847	a6	a10	a18	0
12	0.144120501675498	a7	a14	a19	0
13	0.144207580281581	a7	a14
12	0.144249226571446	a7	a14	a19	2
13	0.144270320146832	a7	a14
12	0.144286545974053	a7	a14	a19	3
13	0.14429519974857	a7	a14
12	0.144337386899343	a7	a15	a19	1
13	0.144637564702919	a7	a15
13	0.144777106817014	a6	a10
12	0.14906505209044	a8	a55	a47	0
13	0.179016847417352	a8	a55
12	0.179423033958768	a8	a55	a46	0
12	0.179626397659929	a8	a56	a48	0
13	0.179686433220644	a8	a56
12	0.181007756417286	a6	a10	a20	0
12	0.18109050813611	a7	a14	a21	0
12	0.181649758314304	a7	a15	a21	2
12	0.181702762683224	a7	a17	a21	1
12	0.181724397119518	a7	a16	a21	3
13	0.182021870618557	a7	a14
13	0.183345898119736	a7	a17
13	0.183433517586726	a7	a15
13	0.183859715981713	a7	a16
13	0.18409661305913	a6	a10
12	0.185269199506252	a8	a56	a44	0
12	0.185747861409252	a8	a57	a43	0
12	0.186548335552121	a6	a10	a22	0
12	0.186613238861003	a7	a14	a23	0
12	0.186779824020465	a7	a16	a23	1
12	0.186880965010138	a7	a15	a23	2
12	0.186991300635236	a7	a17	a23	3
13	0.187584084189686	a7	a14
12	0.187642497167679	a7	a14	a23	4
13	0.188000006227434	a7	a15
12	0.188089248277145	a7	a15	a23	5
13	0.188089248277145	a7	a17
12	0.188174704300506	a7	a17	a23	6
13	0.188815083614801	a7	a14
12	0.188928664405344	a7	a14	a23	7
13	0.188991945131503	a7	a17
12	0.189047653804959	a7	a17	a23	8
13	0.189109311948397	a7	a16
12	0.189189359362684	a7	a16	a23	9
13	0.189542000674272	a7	a15
12	0.189612853453134	a7	a15	a23	10
13	0.189822707485184	a7	a14
12	0.189885988211343	a7	a14	a23	11
13	0.189926011918487	a7	a17
12	0.190000109862793	a7	a17	a23	12
13	0.190122344427853	a7	a16
12	0.190188870319456	a7	a16	a23	13
13	0.190364109253435	a7	a15
12	0.190450106137703	a7	a15	a23	14
13	0.190940126119757	a7	a17
13	0.191032613334913	a7	a16
12	0.191033695056728	a7	a17	a23	15
13	0.19128789968318	a7	a15
13	0.191804421849693	a7	a17
13	0.192007244689947	a7	a14
13	0.192108385679621	a6	a10
12	0.193072740677416	a6	a10	a24	0
12	0.193133317099038	a7	a14	a25	0
13	0.193280431265836	a7	a14
12	0.193294493649427	a7	a15	a25	1
12	0.193323700138423	a7	a14	a25	2
13	0.193376704507343	a7	a14
12	0.193468110000684	a7	a14	a25	3
13	0.193539503640454	a7	a15
13	0.193546534832249	a7	a14
13	0.193876459985729	a6	a10
12	0.194345927253304	a6	a10	a26	0
12	0.194501154333712	a7	a14	a27	0
13	0.194637451282363	a7	a14
12	0.194654758831398	a7	a14	a27	1
13	0.194722366444816	a7	a14
12	0.194739673993851	a7	a14	a27	2
13	0.194817557964508	a7	a14
12	0.194852173062578	a7	a14	a27	3
13	0.194931138755051	a7	a14
13	0.195201028347815	a6	a10
12	0.195636421378228	a6	a10	a22	0
12	0.195696456938943	a7	a14	a23	0
12	0.196119951029393	a7	a16	a23	1
12	0.196258411421674	a7	a17	a23	2
12	0.196281668440689	a7	a15	a23	3
13	0.196514238630847	a7	a14
12	0.196580223661543	a7	a14	a23	4
13	0.196837673453439	a7	a16
12	0.196904199345043	a7	a16	a23	5
13	0.197140555561552	a7	a17
12	0.197221684697654	a7	a17	a23	6
13	0.197247105160299	a7	a15
12	0.197323907409142	a7	a15	a23	7
13	0.197405577406151	a7	a14
12	0.197462367801422	a7	a14	a23	8
13	0.197486706542253	a7	a16
12	0.197552150712041	a7	a16	a23	9
13	0.19809625678483	a7	a16
12	0.19811248261205	a7	a16	a23	10
13	0.198174681616394	a7	a15
12	0.198266087109736	a7	a15	a23	11
13	0.198300702207806	a7	a14
12	0.198353706576725	a7	a14	a23	12
13	0.198601961733196	a7	a17
12	0.198705266166499	a7	a17	a23	13
13	0.198740962986384	a7	a16
12	0.198824255566115	a7	a16	a23	14
13	0.199069265557142	a7	a15
12	0.199139577475097	a7	a15	a23	15
13	0.199196908731275	a7	a14
13	0.199379719717958	a7	a16
13	0.19976210837945	a7	a17
13	0.199969258106963	a7	a15
13	0.200122321743741	a6	a10
13	0.200469554446256	a8	a57
12	0.200523640536991	a6	a10	a28	0
12	0.20059503417676	a7	a14	a29	0
13	0.200780008607072	a7	a14
12	0.200798938738829	a7	a15	a29	1
12	0.200818950592401	a7	a14	a29	2
13	0.200934153965665	a7	a14
12	0.200941185157461	a7	a16	a29	3
12	0.201126159587772	a7	a14	a29	4
13	0.201133731640475	a7	a15
13	0.201133731640475	a7	a16
12	0.201208370445689	a7	a15	a29	5
13	0.201225137133816	a7	a14
12	0.201240822100129	a7	a16	a29	6
12	0.201274355476385	a7	a14	a29	7
13	0.201308970574455	a7	a15
13	0.2013343910371	a7	a16
13	0.201376037326965	a7	a14
12	0.201392263154186	a7	a15	a29	8
12	0.201442022357661	a7	a16	a29	9
13	0.201459329906696	a7	a15
12	0.201477178316639	a7	a14	a29	10
13	0.201519365467412	a7	a16
12	0.201537754738261	a7	a15	a29	11
13	0.201586432219922	a7	a14
12	0.201607525795309	a7	a16	a29	12
13	0.201634027979769	a7	a15
13	0.201664857051487	a7	a16
12	0.201689736653225	a7	a14	a29	13
12	0.201742200161237	a7	a16	a29	15
12	0.201773029232956	a7	a15	a29	14
13	0.201781142146566	a7	a14
13	0.201791959364713	a7	a16
13	0.201894182076201	a7	a15
13	0.202174888887113	a6	a10
13	0.20221004484609	a8	a56
12	0.204673666279044	a8	a56	a42	0
12	0.204930575210032	a6	a10	a30	0
12	0.205014949511578	a7	a14	a31	0
12	0.205197219637353	a7	a16	a31	1
12	0.205444393072009	a7	a17	a31	2
13	0.205479008170079	a7	a14
12	0.205548238366219	a7	a14	a31	4
12	0.205565005054347	a7	a15	a31	3
13	0.205647756773171	a7	a16
12	0.205715364386589	a7	a16	a31	5
13	0.205715364386589	a7	a14
12	0.205778104251841	a7	a14	a31	6
13	0.205833812925297	a7	a17
13	0.205887899016031	a7	a15
13	0.205899797955993	a7	a16
12	0.205908992591418	a7	a17	a31	7
13	0.205912237756862	a7	a14
12	0.205984713118446	a7	a14	a31	8
12	0.206009051859277	a7	a15	a31	9
12	0.206047452983698	a7	a16	a31	10
13	0.206088017551749	a7	a17
13	0.206146430529742	a7	a14
12	0.206158870330611	a7	a17	a31	11
13	0.206244326353971	a7	a16
12	0.20624865324123	a7	a14	a31	12
12	0.206321669463722	a7	a16	a31	13
13	0.206326537211888	a7	a17
13	0.20639522654712	a7	a14
12	0.206396849129842	a7	a17	a31	14
13	0.206468783630519	a7	a16
12	0.206534768661215	a7	a16	a31	15
13	0.206542881574825	a7	a17
13	0.206667820444422	a7	a16
13	0.207331997638641	a7	a15
13	0.207483438692697	a6	a10
13	0.207936680133052	a8	a56
12	0.208092988935274	a8	a56	a45	0
12	0.208287698861918	a6	a10	a32	0
12	0.208387758129777	a7	a14	a33	0
13	0.208726337057774	a7	a14
12	0.208748512354975	a7	a14	a33	1
13	0.208778259704879	a7	a14
12	0.208797189836636	a7	a14	a33	2
13	0.208814497385671	a7	a14
12	0.208868042615499	a7	a14	a33	3
13	0.208886431886348	a7	a14
12	0.208928619037121	a7	a14	a33	4
13	0.208947549168878	a7	a14
12	0.208976214796967	a7	a15	a33	5
12	0.209009748173223	a7	a14	a33	6
13	0.209033546053146	a7	a14
12	0.209060589098513	a7	a16	a33	7
12	0.209073569760289	a7	a14	a33	8
13	0.20909574505749	a7	a14
13	0.209135768764634	a7	a15
13	0.209189854855368	a7	a16
12	0.20920986670894	a7	a14	a33	9
12	0.209230419423419	a7	a15	a33	10
13	0.209246104389732	a7	a14
13	0.209263411938767	a7	a15
12	0.209336969022166	a7	a15	a33	11
12	0.209352113127572	a7	a16	a33	12
12	0.209361307762997	a7	a14	a33	13
13	0.209372124981143	a7	a15
13	0.209381860477476	a7	a14
13	0.209388350808364	a7	a16
12	0.209420261601897	a7	a17	a33	14
12	0.209439191733654	a7	a14	a33	15
13	0.209461907891763	a7	a14
13	0.209578192986842	a7	a17
13	0.209781015827096	a6	a10
13	0.210038465618992	a8	a56
12	0.213456706553408	a8	a56	a50	0
12	0.220693966354582	a6	a10	a34	0
12	0.220770227742517	a7	a14	a35	0
12	0.220912474161149	a7	a17	a35	1
12	0.221156943291268	a7	a16	a35	2
12	0.221187772362987	a7	a15	a35	3
13	0.246629328583555	a7	a14
13	0.2481864671358	a7	a17
13	0.248600766590825	a7	a15
13	0.249111880148266	a7	a16
13	0.249292527691319	a6	a10
12	0.249744146548951	a6	a10	a36	0
12	0.249822571380516	a7	a14	a37	0
12	0.250072989980616	a7	a17	a37	1
12	0.250242820305523	a7	a15	a37	2
12	0.250409405464985	a7	a16	a37	3
13	0.252154763612985	a7	a16
13	0.255081902843532	a7	a15
13	0.255681176728869	a7	a14
13	0.255828831756574	a7	a17
13	0.255972700757928	a6	a10
12	0.261274760232624	a6	a10	a38	0
12	0.261352644203282	a7	a14	a39	0
12	0.26143647764392	a7	a17	a39	1
12	0.261522474528188	a7	a15	a39	2
12	0.261576019758015	a7	a16	a39	3
13	0.263913620599557	a7	a17
13	0.264160253173306	a7	a14
13	0.278348116494762	a7	a15
13	0.279563971814472	a7	a16
13	0.27990850021245	a6	a10
12	0.280262223245853	a6	a10	a40	0
12	0.280328749137456	a7	a14	a41	0
12	0.280506151515065	a7	a15	a41	1
12	0.280522918203193	a7	a17	a41	2
12	0.280575922572113	a7	a16	a41	3
13	0.281631683063249	a7	a14
13	0.282094659999936	a7	a17
13	0.282537084222143	a7	a16
13	0.283089844069449	a7	a15
13	0.283236958236247	a6	a10
12	0.284067720589928	a8	a57	a49	0
13	0.309004653583944	a8	a57
12	0.309334037876516	a8	a57	a54	0
12	0.315238075541087	a8	a58	a53	0
13	0.336691323430898	a8	a58
12	0.336748654687077	a8	a58	a52	0
13	0.348235458637255	a8	a58
12	0.348313342607913	a8	a58	a51	0
13	0.355227167586495	a8	a58
13	0.359605436631447	a8	a57
13	0.360086802838983	a8	a56
13	0.36047027322229	a8	a55
12	0.36272890837136	a8	a55	a46	0
12	0.362827885917404	a8	a56	a48	0
13	0.41368882306134	a8	a56
12	0.414256186153144	a6	a10	a20	0
12	0.4143486733683	a7	a14	a21	0
12	0.414839234211261	a7	a15	a21	1
12	0.414936048313676	a7	a16	a21	2
13	0.415044761356052	a7	a14
12	0.415099388307694	a7	a14	a21	3
13	0.415885800066972	a7	a16
13	0.415889586093324	a7	a15
13	0.416040486286473	a7	a14
13	0.41611837025713	a6	a10
12	0.416774434537739	a8	a56	a44	0
12	0.41681499910579	a8	a57	a43	0
12	0.41740345577298	a6	a10	a22	0
12	0.41746457305551	a7	a14	a23	0
12	0.417799906818064	a7	a16	a23	1
12	0.417927549992197	a7	a15	a23	2
12	0.417950807011213	a7	a17	a23	3
13	0.418279650442878	a7	a14
12	0.418334818255427	a7	a14	a23	4
13	0.418927060948969	a7	a16
12	0.418997372866924	a7	a16	a23	5
13	0.419013057833237	a7	a17
12	0.419087155777543	a7	a17	a23	6
13	0.41918342901905	a7	a14
12	0.419242382857951	a7	a14	a23	7
13	0.419496046623495	a7	a15
12	0.419569603706894	a7	a15	a23	8
13	0.419956860116553	a7	a17
13	0.4200266311736	a7	a16
12	0.420035284948118	a7	a17	a23	9
12	0.420107760309702	a7	a16	a23	10
13	0.4203138283154	a7	a14
12	0.420371159571579	a7	a14	a23	11
13	0.420666469626989	a7	a15
12	0.420732454657684	a7	a15	a23	12
13	0.420856311805466	a7	a17
12	0.42093095061068	a7	a17	a23	13
13	0.421029387295817	a7	a16
12	0.421095372326513	a7	a16	a23	14
13	0.421842301239555	a7	a17
12	0.421926675541101	a7	a17	a23	15
13	0.422003477789944	a7	a16
13	0.422015917590813	a7	a14
13	0.422820718620941	a7	a15
13	0.42344811727346	a7	a17
13	0.423621733624718	a6	a10
12	0.424094446057737	a6	a10	a24	0
12	0.424170707445672	a7	a14	a25	0
12	0.424258326912662	a7	a16	a25	1
13	0.424401655053108	a7	a14
12	0.42444600564751	a7	a14	a25	2
13	0.424487111076469	a7	a14
12	0.42450712293004	a7	a17	a25	3
13	0.424620162859675	a7	a16
13	0.424667217758614	a7	a17
13	0.424850028745297	a6	a10
12	0.424969018144912	a6	a10	a26	0
12	0.425035544036516	a7	a14	a27	0
13	0.425127490390764	a7	a14
12	0.425184821646943	a7	a14	a27	1
12	0.425214568996847	a7	a15	a27	2
13	0.425248102373102	a7	a14
12	0.425290830384782	a7	a14	a27	3
13	0.425364387468181	a7	a14
13	0.425397379983529	a7	a15
13	0.425817088047628	a6	a10
12	0.42619136379551	a6	a10	a22	0
12	0.426256267104392	a7	a14	a23	0
12	0.426407167297541	a7	a15	a23	1
12	0.426573211596096	a7	a17	a23	2
12	0.426717080597449	a7	a16	a23	3
13	0.427194119917727	a7	a14
12	0.427266054418404	a7	a14	a23	4
13	0.427322844813675	a7	a15
12	0.427409923419757	a7	a15	a23	5
13	0.427593816128254	a7	a17
13	0.427660342019858	a7	a16
12	0.427674945264356	a7	a17	a23	6
12	0.427769595923141	a7	a16	a23	7
13	0.428019473662334	a7	a14
12	0.428080590944864	a7	a14	a23	8
13	0.428230409416198	a7	a15
12	0.428293690142358	a7	a15	a23	9
13	0.428480287155392	a7	a17
12	0.428573856092362	a7	a17	a23	10
13	0.428593867945934	a7	a16
12	0.428663098142074	a7	a16	a23	11
13	0.428841582241498	a7	a14
12	0.428909189854916	a7	a14	a23	12
13	0.429381361427027	a7	a17
12	0.429445183014094	a7	a17	a23	13
13	0.429472766920368	a7	a16
12	0.429560386387358	a7	a16	a23	14
13	0.429659904794309	a7	a15
13	0.429720481215932	a7	a14
12	0.429741574791318	a7	a15	a23	15
13	0.430268373315072	a7	a17
13	0.430324081988528	a7	a16
13	0.430658334029267	a7	a15
13	0.430840063294135	a6	a10
13	0.431122933548676	a8	a57
12	0.431184050831206	a6	a10	a28	0
12	0.431243545531014	a7	a14	a29	0
13	0.431361453208815	a7	a14
12	0.431378219896942	a7	a14	a29	1
13	0.431452317841248	a7	a14
12	0.431478279164801	a7	a14	a29	2
12	0.431548050221848	a7	a15	a29	3
13	0.431571307240864	a7	a14
12	0.431614035252544	a7	a14	a29	4
13	0.4317065224677	a7	a14
12	0.431721125712199	a7	a16	a29	5
13	0.4317433010094	a7	a15
12	0.431743841870307	a7	a14	a29	6
13	0.431816317231891	a7	a14
12	0.431827675310945	a7	a15	a29	7
13	0.431868239878996	a7	a16
12	0.431888251732568	a7	a14	a29	8
13	0.431927734578804	a7	a15
13	0.431958563650523	a7	a14
12	0.431959645372337	a7	a16	a29	9
12	0.432020762654867	a7	a15	a29	10
12	0.432035365899366	a7	a14	a29	11
13	0.432062408944733	a7	a16
13	0.432119199340004	a7	a14
13	0.432138129471761	a7	a15
12	0.432189511257959	a7	a14	a29	12
12	0.432205196224272	a7	a16	a29	13
12	0.432228453243288	a7	a15	a29	14
13	0.432298224300335	a7	a14
13	0.432304173770316	a7	a15
12	0.432340952312015	a7	a15	a29	15
13	0.432412345951785	a7	a15
13	0.432452369658928	a7	a16
13	0.432663305412792	a6	a10
13	0.432699002232677	a8	a56
12	0.43438053879361	a8	a56	a42	0
12	0.434558482032127	a6	a10	a30	0
12	0.434629334810989	a7	a14	a31	0
13	0.434828912485799	a7	a14
12	0.434855414670259	a7	a14	a31	1
12	0.434907878178271	a7	a17	a31	2
13	0.435006314863408	a7	a14
12	0.435092311747676	a7	a14	a31	3
12	0.435143152672966	a7	a15	a31	4
13	0.435198861346422	a7	a17
12	0.435216168895457	a7	a16	a31	5
12	0.435270254986192	a7	a17	a31	6
13	0.435413042265731	a7	a14
13	0.435418991735712	a7	a15
13	0.435431972397488	a7	a17
13	0.43549254881911	a7	a16
12	0.43550282517635	a7	a15	a31	7
12	0.435517969281756	a7	a14	a31	8
12	0.435559074710714	a7	a17	a31	9
12	0.435595853252413	a7	a16	a31	10
13	0.435666165170368	a7	a15
13	0.435681309275774	a7	a14
12	0.435736477088323	a7	a14	a31	11
13	0.435741344836489	a7	a16
12	0.435768928742763	a7	a15	a31	12
13	0.435772714769115	a7	a17
12	0.435836536356181	a7	a16	a31	13
12	0.435890622446916	a7	a17	a31	14
13	0.435899817082341	a7	a14
13	0.435929564432245	a7	a15
13	0.436056125884563	a7	a16
13	0.436076137738135	a7	a17
12	0.437050769093169	a7	a14	a31	15
13	0.437332557625896	a7	a14
13	0.437389348021167	a6	a10
13	0.437826363634301	a8	a56
12	0.437976182105635	a8	a56	a45	0
12	0.438058392963552	a6	a10	a32	0
12	0.43811788766336	a7	a14	a33	0
13	0.438175218919538	a7	a14
12	0.438232009314809	a7	a14	a33	1
13	0.438252562029288	a7	a14
12	0.438282309379192	a7	a14	a33	2
13	0.438305025537301	a7	a14
12	0.438321792225428	a7	a14	a33	3
13	0.438340181496278	a7	a14
12	0.438359111628035	a7	a14	a33	4
13	0.438380205203422	a7	a14
12	0.43841319771877	a7	a15	a33	5
12	0.438433750433249	a7	a14	a33	6
13	0.438453221425913	a7	a14
12	0.438475396723114	a7	a14	a33	7
13	0.438502439768481	a7	a14
13	0.438503521490296	a7	a15
12	0.438520288178424	a7	a14	a33	8
13	0.438540300031995	a7	a14
12	0.438590059235471	a7	a15	a33	9
12	0.438600335592711	a7	a14	a33	10
13	0.43861872486356	a7	a15
13	0.438621429168097	a7	a14
12	0.438626837777171	a7	a16	a33	11
13	0.438718784131419	a7	a16
12	0.438727978766844	a7	a14	a33	13
13	0.438750154064045	a7	a14
12	0.43879396379754	a7	a16	a33	14
12	0.438814516512019	a7	a14	a33	15
13	0.438826415451981	a7	a16
13	0.438837773531035	a7	a14
12	0.439755073629891	a7	a15	a33	12
13	0.439887043691283	a7	a15
13	0.440042811632598	a6	a10
13	0.440182353746693	a8	a56
12	0.441925548451063	a8	a56	a50	0
12	0.448012397102316	a6	a10	a34	0
12	0.448094607960232	a7	a14	a35	0
12	0.448374773910237	a7	a15	a35	1
12	0.448674410852906	a7	a16	a35	2
12	0.448862630448661	a7	a17	a35	3
13	0.474452923418749	a7	a14
13	0.475550871060658	a7	a15
13	0.476038186738176	a7	a16
13	0.476140950310571	a7	a17
13	0.476582833671871	a6	a10
12	0.477045269747651	a6	a10	a36	0
12	0.477118826831049	a7	a14	a37	0
12	0.477594243568605	a7	a15	a37	1
12	0.477640216745729	a7	a17	a37	2
12	0.477673750121985	a7	a16	a37	3
13	0.479137860598166	a7	a16
13	0.480542476374539	a7	a17
13	0.48133862363015	a7	a15
13	0.481622034745598	a7	a14
13	0.481716685404383	a6	a10
12	0.486617966946737	a6	a10	a38	0
12	0.486712076744615	a7	a14	a39	0
12	0.487197228978503	a7	a15	a39	1
12	0.487230221493851	a7	a16	a39	2
12	0.488622938330263	a7	a17	a39	3
13	0.489280084332686	a7	a14
13	0.489924249673333	a7	a15
13	0.490620337661085	a7	a16
13	0.491090886650475	a7	a17
13	0.491256390088122	a6	a10
12	0.491371052600479	a6	a10	a40	0
12	0.491460835511098	a7	a14	a41	0
12	0.491883788740641	a7	a15	a41	1
12	0.492137993367093	a7	a17	a41	2
12	0.492194783762364	a7	a16	a41	3
13	0.492612869243742	a7	a14
13	0.494015321576485	a7	a17
13	0.49426898534203	a7	a16
13	0.495181958553627	a7	a15
13	0.495520537481625	a6	a10
12	0.496227442687524	a8	a57	a49	0
13	0.505744972074061	a8	a57
12	0.50586125716914	a8	a57	a54	0
12	0.509324930419773	a8	a58	a53	0
13	0.53427808924101	a8	a58
12	0.534298101094581	a8	a58	a52	0
13	0.543721520683241	a8	a58
12	0.543787505713937	a8	a58	a51	0
13	0.549107954459483	a8	a58
13	0.553270960863312	a8	a57
13	0.553584660189571	a8	a56
13	0.553844814286004	a8	a55
12	0.555343539860255	a8	a55	a46	0
12	0.555417637804561	a8	a56	a48	0
13	0.615362874748252	a8	a56
12	0.615897786185615	a6	a10	a20	0
12	0.615982160487161	a7	a14	a21	0
12	0.616096282138611	a7	a16	a21	1
12	0.616298564117957	a7	a15	a21	2
13	0.616720976486593	a7	a14
12	0.616819954032637	a7	a14	a21	3
13	0.617088761903587	a7	a16
13	0.617155828656098	a7	a15
13	0.618192659015477	a7	a14
13	0.618284605369726	a6	a10
12	0.618863326540584	a8	a56	a44	0
12	0.618897400777747	a8	a57	a43	0
12	0.619424740162407	a6	a10	a22	0
12	0.619481530557679	a7	a14	a23	0
12	0.619656769491658	a7	a15	a23	1
12	0.61999048067149	a7	a16	a23	2
12	0.620071068946684	a7	a17	a23	3
13	0.620311752050452	a7	a14
12	0.620369624167538	a7	a14	a23	4
13	0.620827733356059	a7	a15
12	0.620901290439457	a7	a15	a23	5
13	0.621150627317743	a7	a17
12	0.621225806983864	a7	a17	a23	6
13	0.621314508172668	a7	a14
12	0.621369675985218	a7	a14	a23	7
13	0.621870513185418	a7	a15
12	0.621937039077022	a7	a15	a23	8
13	0.622054946754823	a7	a17
12	0.622132289864573	a7	a17	a23	9
13	0.622167986684458	a7	a16
12	0.622245870655115	a7	a16	a23	10
13	0.622410833231855	a7	a14
12	0.622458969852609	a7	a14	a23	11
13	0.623165875058508	a7	a16
12	0.623236186976463	a7	a16	a23	12
13	0.623299467702622	a7	a15
12	0.623375729090557	a7	a15	a23	13
13	0.623503913125598	a7	a17
13	0.623559080938147	a7	a14
12	0.623613707889789	a7	a17	a23	14
12	0.623668875702338	a7	a14	a23	15
13	0.624133475221747	a7	a16
13	0.624450960574358	a7	a15
13	0.624492066003316	a7	a14
13	0.624706246922624	a7	a17
13	0.624848493341256	a6	a10
12	0.625276855179873	a6	a10	a24	0
12	0.625339054184217	a7	a14	a25	0
13	0.625415315572153	a7	a14
12	0.625431541399373	a7	a14	a25	1
13	0.625497526430069	a7	a14
12	0.625524569475436	a7	a14	a25	2
13	0.625574869539819	a7	a14
12	0.62562354702148	a7	a14	a25	3
13	0.625675469668585	a7	a14
13	0.625752271917428	a6	a10
12	0.625871802177951	a6	a10	a26	0
12	0.625927510851408	a7	a14	a27	0
13	0.626027029258359	a7	a14
12	0.626054072303726	a7	a14	a27	1
13	0.626140610048902	a7	a14
12	0.626159540180659	a7	a14	a27	2
13	0.626228770376799	a7	a14
12	0.626274743553923	a7	a14	a27	3
13	0.626375343682689	a7	a14
13	0.626529489041282	a6	a10
12	0.62689457015374	a6	a10	a22	0
12	0.626959473462621	a7	a14	a23	0
12	0.627116863986658	a7	a16	a23	1
12	0.627312114774209	a7	a15	a23	2
12	0.627478699933671	a7	a17	a23	3
13	0.62777833687634	a7	a14
12	0.627822146609835	a7	a14	a23	4
13	0.628053094217271	a7	a16
12	0.628123406135226	a7	a16	a23	5
13	0.628226710568529	a7	a15
12	0.628308921426445	a7	a15	a23	6
13	0.628352190299032	a7	a17
12	0.628438728044208	a7	a17	a23	7
13	0.628637223997203	a7	a14
12	0.628683738035234	a7	a14	a23	8
13	0.629105609542963	a7	a15
12	0.629165104242771	a7	a15	a23	9
13	0.629234875299818	a7	a17
12	0.629332771124048	a7	a17	a23	10
13	0.629522072441618	a7	a14
13	0.629533430520672	a7	a16
12	0.629616723100403	a7	a14	a23	11
12	0.629626458596736	a7	a16	a23	12
13	0.629968282690177	a7	a15
12	0.630043462356298	a7	a15	a23	13
13	0.630181381887671	a7	a17
12	0.630266837911031	a7	a17	a23	14
13	0.63052158339839	a7	a16
12	0.630608662004473	a7	a16	a23	15
13	0.630854753717314	a7	a15
13	0.630995377553224	a7	a14
13	0.631205231585274	a7	a17
13	0.631542728791456	a7	a16
13	0.631740683883544	a6	a10
13	0.632029503608066	a8	a57
12	0.632097111221484	a6	a10	a28	0
12	0.632159310225829	a7	a14	a29	0
13	0.632281544790889	a7	a14
12	0.632300474922646	a7	a14	a29	1
12	0.632485449352957	a7	a16	a29	2
12	0.632506002067437	a7	a17	a29	3
12	0.647128717558397	a7	a15	a29	4
13	0.647242298348939	a7	a14
13	0.647294761856952	a7	a15
12	0.647302333909655	a7	a14	a29	5
13	0.647353174834945	a7	a17
13	0.647389412515737	a7	a14
12	0.647393198542088	a7	a15	a29	6
12	0.647457560990062	a7	a17	a29	7
13	0.64747432767819	a7	a15
12	0.647478113704541	a7	a14	a29	8
13	0.647541394430701	a7	a14
13	0.647543017013423	a7	a17
12	0.647572764363327	a7	a15	a29	9
12	0.647611706348656	a7	a14	a29	10
12	0.647629554758598	a7	a17	a29	11
13	0.647636045089486	a7	a15
13	0.647694998928386	a7	a14
12	0.647738267800974	a7	a14	a29	13
13	0.647746380714584	a7	a17
12	0.647756657071824	a7	a15	a29	12
13	0.647801548527133	a7	a14
12	0.64781452918891	a7	a17	a29	14
13	0.647837786207925	a7	a15
12	0.647839408790647	a7	a14	a29	15
13	0.64789187229866	a7	a17
13	0.647905934682251	a7	a14
13	0.648331051355423	a7	a16
13	0.648479247244036	a6	a10
13	0.648530629030233	a8	a56
12	0.649571786276871	a8	a56	a42	0
12	0.649726472496372	a6	a10	a30	0
12	0.649792457527068	a7	a14	a31	0
12	0.650025027717226	a7	a17	a31	2
13	0.650033681491743	a7	a14
12	0.650069378311628	a7	a14	a31	3
12	0.650094798774273	a7	a16	a31	4
12	0.650159161222247	a7	a15	a31	1
13	0.650246780689237	a7	a14
12	0.650299785058157	a7	a14	a31	5
13	0.650353330287984	a7	a16
13	0.650359279757964	a7	a17
13	0.650402007769645	a7	a15
12	0.650424723927753	a7	a16	a31	6
13	0.650474483131229	a7	a14
12	0.650476646574858	a7	a17	a31	7
12	0.650498821872059	a7	a15	a31	8
12	0.650551285380072	a7	a14	a31	9
13	0.650673519945132	a7	a15
13	0.650692990937796	a7	a17
13	0.650718411400441	a7	a14
12	0.650730310340403	a7	a15	a31	10
12	0.650779528682971	a7	a17	a31	11
13	0.650804408284709	a7	a16
12	0.650819552390114	a7	a14	a31	12
12	0.650884455698996	a7	a16	a31	13
13	0.650922856823417	a7	a15
13	0.650945572981526	a7	a17
13	0.650965584835097	a7	a14
12	0.650993709602279	a7	a15	a31	14
12	0.65103643761396	a7	a14	a31	15
13	0.651158672179019	a7	a15
13	0.651212758269754	a7	a14
13	0.652281499422666	a7	a16
13	0.65243348133763	a6	a10
13	0.652812624833678	a8	a56
12	0.652887263638892	a8	a56	a45	0
12	0.652959198139568	a6	a10	a32	0
12	0.653016529395747	a7	a14	a33	0
13	0.653070074625574	a7	a14
12	0.653086841313702	a7	a14	a33	1
13	0.653109016610903	a7	a14
12	0.653126324159938	a7	a14	a33	2
13	0.653147417735324	a7	a14
12	0.653164184423452	a7	a14	a33	3
13	0.65318690058156	a7	a14
12	0.653223138262353	a7	a14	a33	4
13	0.653246936142276	a7	a14
12	0.65328263296216	a7	a17	a33	5
12	0.653339423357432	a7	a14	a33	6
13	0.653374579316409	a7	a14
13	0.653382151369112	a7	a17
12	0.653424879380792	a7	a14	a33	8
13	0.653442727790734	a7	a14
12	0.653463821366121	a7	a15	a33	7
12	0.653476802027897	a7	a17	a33	9
12	0.653495191298747	a7	a14	a33	10
13	0.653514121430504	a7	a14
12	0.653524397787743	a7	a16	a33	11
13	0.653529806396817	a7	a17
13	0.653561176329443	a7	a15
13	0.653664480762746	a7	a16
12	0.653679084007244	a7	a15	a33	13
13	0.653698554999908	a7	a15
12	0.653731547515256	a7	a16	a33	14
12	0.653752641090643	a7	a15	a33	15
13	0.653771030361492	a7	a15
13	0.653807808903192	a7	a16
12	0.654061472668736	a7	a14	a33	12
13	0.654119344785822	a7	a14
13	0.654202096504646	a6	a10
13	0.654397347292197	a8	a56
12	0.656088078488555	a8	a56	a50	0
12	0.677650039420743	a6	a10	a34	0
12	0.677733332000474	a7	a14	a35	0
12	0.677817165441112	a7	a16	a35	1
12	0.678151417481851	a7	a17	a35	2
12	0.678214157347103	a7	a15	a35	3
13	0.698030760131291	a7	a14
13	0.702145089053459	a7	a15
13	0.704284734802913	a7	a16
13	0.704795307499446	a7	a17
13	0.704977036764314	a6	a10
12	0.705440013701	a6	a10	a36	0
12	0.705498967539901	a7	a14	a37	0
12	0.705784001238071	a7	a16	a37	1
12	0.706049563943577	a7	a17	a37	2
12	0.70639517406337	a7	a15	a37	3
13	0.708275206577299	a7	a15
13	0.708707895303175	a7	a14
13	0.708936679466981	a7	a17
13	0.710136308959471	a7	a16
13	0.71030343497984	a6	a10
12	0.713590246713772	a6	a10	a38	0
12	0.713645414526321	a7	a14	a39	0
12	0.71394288802536	a7	a15	a39	1
12	0.713958032130766	a7	a16	a39	2
12	0.714041324710497	a7	a17	a39	3
13	0.715788846302126	a7	a14
13	0.716365404029355	a7	a17
13	0.716840820766911	a7	a15
13	0.716892743414016	a7	a16
13	0.717089616784289	a6	a10
12	0.717155060954078	a6	a10	a40	0
12	0.717210228766627	a7	a14	a41	0
12	0.717454157035839	a7	a17	a41	1
12	0.71765157126702	a7	a15	a41	2
13	0.71777164238845	a7	a14
12	0.717835463975517	a7	a14	a41	3
13	0.719118926908645	a7	a17
13	0.719578658679888	a7	a14
13	0.719724691124871	a7	a15
13	0.719829618140895	a6	a10
12	0.720260684284049	a8	a57	a49	0
13	0.726621749415325	a8	a57
12	0.726695847359631	a8	a57	a54	0
12	0.728904723305225	a8	a58	a53	0
13	0.746921340989771	a8	a58
12	0.746981917411394	a8	a58	a52	0
13	0.75750977497285	a8	a58
12	0.757680687019571	a8	a58	a51	0
13	0.762688518160672	a8	a58
13	0.767820206449555	a8	a57
13	0.768048990613361	a8	a56
13	0.768292918882574	a8	a55
12	0.769822473528543	a8	a55	a46	0
12	0.769897112333757	a8	a56	a48	0
13	0.82055684922016	a8	a56
12	0.821153959661869	a6	a10	a20	0
12	0.821226435023453	a7	a14	a21	0
12	0.821524449383399	a7	a16	a21	1
12	0.821629917260332	a7	a15	a21	2
12	0.821758101295372	a7	a17	a21	3
13	0.822161583532251	a7	a14
13	0.822587781927238	a7	a17
13	0.822602385171737	a7	a15
13	0.822988018998673	a7	a16
13	0.82319030097802	a6	a10
12	0.823821485656891	a8	a56	a44	0
12	0.82385826419859	a8	a57	a43	0
12	0.824548943577269	a6	a10	a22	0
12	0.824617092051594	a7	a14	a23	0
12	0.824891849392525	a7	a15	a23	1
12	0.825096294815501	a7	a16	a23	2
12	0.825114143225444	a7	a17	a23	3
13	0.825513839435971	a7	a14
12	0.825576038440316	a7	a14	a23	4
13	0.82588270657478	a7	a15
12	0.825973571207214	a7	a15	a23	5
13	0.826081202527775	a7	a17
12	0.826174230603838	a7	a17	a23	6
13	0.826278616758956	a7	a16
12	0.826378135165907	a7	a16	a23	7
13	0.826382462053166	a7	a14
12	0.826477112711951	a7	a14	a23	8
13	0.826839489519872	a7	a15
12	0.82690709713329	a7	a15	a23	9
13	0.827068273683679	a7	a17
12	0.827142912488892	a7	a17	a23	10
13	0.827164006064278	a7	a16
12	0.82725541155762	a7	a16	a23	11
13	0.827361420295459	a7	a14
12	0.827422537577989	a7	a14	a23	12
13	0.827732450877897	a7	a15
12	0.827811957431277	a7	a15	a23	13
13	0.828435029196538	a7	a16
12	0.82850371853177	a7	a16	a23	14
13	0.828704377928395	a7	a15
12	0.828790374812663	a7	a15	a23	15
13	0.82936314651354	a7	a17
13	0.8296178920009	a7	a14
13	0.830255026149751	a7	a15
13	0.830622811566745	a7	a16
13	0.830787233282578	a6	a10
12	0.831500628819365	a6	a10	a24	0
12	0.831569318154598	a7	a14	a25	0
13	0.831637466628923	a7	a14
12	0.831688848415121	a7	a14	a25	1
12	0.831738607618597	a7	a17	a25	2
13	0.831739689340411	a7	a14
12	0.83179702059659	a7	a15	a25	3
13	0.83194359390248	a7	a17
13	0.833038296378945	a7	a15
13	0.833227056835608	a6	a10
12	0.833358486036093	a6	a10	a26	0
12	0.833416358153178	a7	a14	a27	0
13	0.833529938943721	a7	a14
12	0.83356671748542	a7	a14	a27	1
12	0.833588892782621	a7	a16	a27	2
13	0.833641897151541	a7	a14
12	0.833655959535132	a7	a17	a27	3
13	0.833774948934748	a7	a16
13	0.833804696284652	a7	a17
13	0.834047542832049	a6	a10
12	0.834447779903484	a6	a10	a22	0
12	0.834512683212365	a7	a14	a23	0
12	0.834682513537272	a7	a16	a23	1
12	0.834707393139009	a7	a15	a23	2
12	0.834820433068644	a7	a17	a23	3
13	0.835363457419618	a7	a14
12	0.835415380066723	a7	a14	a23	4
13	0.83558088350437	a7	a16
13	0.83559115986161	a7	a15
13	0.83566039005775	a7	a17
12	0.835663635223194	a7	a16	a23	5
12	0.835692300851283	a7	a15	a23	6
12	0.835739355750222	a7	a17	a23	7
13	0.835956240974067	a7	a14
12	0.836010327064802	a7	a14	a23	8
13	0.83624289725496	a7	a16
12	0.83630996400747	a7	a16	a23	9
13	0.836425167380735	a7	a17
13	0.836498724464134	a7	a15
12	0.83651981803952	a7	a17	a23	10
12	0.83660527406288	a7	a15	a23	11
13	0.836723181740681	a7	a14
12	0.836776726970509	a7	a14	a23	12
13	0.836929790607287	a7	a16
12	0.837003347690686	a7	a16	a23	13
13	0.837061760668679	a7	a17
12	0.837125582255746	a7	a17	a23	14
13	0.837482550454593	a7	a15
13	0.837576119391564	a7	a16
12	0.837578282835193	a7	a15	a23	15
13	0.837594508662413	a7	a14
13	0.837668065745812	a7	a17
13	0.838380920421692	a7	a15
13	0.838559404521115	a6	a10
13	0.838827130670251	a8	a57
12	0.838881757621893	a6	a10	a28	0
12	0.838948824374403	a7	a14	a29	0
13	0.839064027747668	a7	a14
12	0.839083498740332	a7	a14	a29	1
12	0.839164627876434	a7	a16	a29	2
13	0.839191670921801	a7	a14
12	0.83925711509159	a7	a17	a29	3
13	0.839315528069583	a7	a16
12	0.839322018400471	a7	a15	a29	4
12	0.839349061445838	a7	a14	a29	5
13	0.839380431378464	a7	a17
12	0.839397198066592	a7	a16	a29	6
13	0.839461019653658	a7	a14
13	0.839471296010898	a7	a16
12	0.839479408924508	a7	a17	a29	7
13	0.839518350909837	a7	a15
13	0.839541067067945	a7	a17
12	0.839543771372482	a7	a14	a29	8
12	0.839588121966884	a7	a16	a29	9
13	0.839624359647676	a7	a14
12	0.839639503753082	a7	a17	a29	10
12	0.839669251102986	a7	a15	a29	11
12	0.839693589843816	a7	a14	a29	12
13	0.839694671565631	a7	a16
13	0.839699539313797	a7	a17
13	0.839735776994589	a7	a15
13	0.839800680303471	a7	a14
12	0.839858552420556	a7	a16	a29	14
12	0.839881809439572	a7	a17	a29	15
12	0.839884513744109	a7	a15	a29	13
13	0.839915883676735	a7	a16
13	0.839931568643048	a7	a17
13	0.839981868707431	a7	a15
13	0.840150617310522	a6	a10
13	0.840188477574036	a8	a56
12	0.84116743581633	a8	a56	a42	0
12	0.841299946738629	a6	a10	a30	0
12	0.841367554352047	a7	a14	a31	0
12	0.841544415868749	a7	a17	a31	1
13	0.841613646064889	a7	a14
12	0.841683957982843	a7	a16	a31	2
12	0.841707215001859	a7	a14	a31	3
13	0.841806733408811	a7	a17
13	0.841872177578599	a7	a14
13	0.841898679763059	a7	a16
12	0.841961419628311	a7	a14	a31	4
12	0.841988462673678	a7	a15	a31	5
12	0.842011719692694	a7	a17	a31	6
12	0.842031731546266	a7	a16	a31	7
13	0.842139362866827	a7	a14
13	0.842142608032271	a7	a17
13	0.842156670415862	a7	a16
12	0.842218869420207	a7	a16	a31	8
12	0.842237799551964	a7	a14	a31	9
12	0.842255647961906	a7	a17	a31	10
13	0.842331368488935	a7	a16
13	0.842393026632372	a7	a17
13	0.842401680406889	a7	a15
13	0.842408711598685	a7	a14
12	0.842412497625036	a7	a16	a31	11
13	0.842505525701099	a7	a16
12	0.842506607422914	a7	a15	a31	12
12	0.842522292389227	a7	a14	a31	13
12	0.842532027885559	a7	a17	a31	14
12	0.842635873179769	a7	a16	a31	15
13	0.842642904371565	a7	a17
13	0.842667783973303	a7	a15
13	0.842709971124076	a7	a14
13	0.842732687282184	a7	a16
13	0.842950654227844	a6	a10
13	0.843263271832289	a8	a56
12	0.843343319246576	a8	a56	a45	0
12	0.843400109641847	a6	a10	a32	0
12	0.843995056639926	a7	a14	a33	0
13	0.844042111538865	a7	a14
12	0.844101606238672	a7	a17	a33	1
12	0.844149201998519	a7	a15	a33	2
12	0.84418760312294	a7	a14	a33	3
13	0.844208155837419	a7	a17
13	0.844209778420141	a7	a14
13	0.844210860141956	a7	a15
12	0.844211401002863	a7	a16	a33	4
13	0.84426710967632	a7	a16
12	0.84427522258993	a7	a15	a33	5
12	0.844283876364447	a7	a17	a33	6
13	0.844321195767054	a7	a17
13	0.844330931263386	a7	a15
12	0.844356351726032	a7	a14	a33	7
13	0.844401243181341	a7	a14
12	0.844422877617635	a7	a16	a33	8
12	0.844451002384817	a7	a14	a33	9
13	0.844461819602964	a7	a16
12	0.84446668735113	a7	a17	a33	10
13	0.844475341125647	a7	a14
13	0.844482372317443	a7	a17
12	0.844602984299781	a7	a17	a33	12
12	0.844615424100649	a7	a16	a33	13
13	0.844620291848816	a7	a17
12	0.844622996153352	a7	a15	a33	11
13	0.84463164992787	a7	a16
12	0.844642467146017	a7	a14	a33	14
13	0.844678163965901	a7	a14
13	0.84468249085316	a7	a15
12	0.844757670519281	a7	a17	a33	15
13	0.844799316809147	a7	a17
13	0.845008089119381	a6	a10
13	0.845102739778167	a8	a56
12	0.846649061112264	a8	a56	a50	0
12	0.851898657078948	a6	a10	a34	0
12	0.851973836745069	a7	a14	a35	0
12	0.852138258460901	a7	a16	a35	1
12	0.852216142431559	a7	a17	a35	2
12	0.852407607192759	a7	a15	a35	3
13	0.891540516421841	a7	a14
13	0.891869900714413	a7	a16
13	0.89192344594424	a7	a15
13	0.892836960016745	a7	a17
13	0.893033292526111	a6	a10
12	0.893407568273993	a6	a10	a36	0
12	0.89346327694745	a7	a14	a37	0
12	0.893774271969173	a7	a15	a37	1
12	0.893839716138961	a7	a16	a37	2
12	0.894166396126997	a7	a17	a37	3
13	0.896231403071238	a7	a17
13	0.897343413096738	a7	a16
13	0.898714495496855	a7	a14
13	0.899632336456619	a7	a15
13	0.899788645258841	a6	a10
12	0.920718339790343	a6	a10	a38	0
12	0.920792978595557	a7	a14	a39	0
12	0.92095523686776	a7	a16	a39	1
12	0.920981198191313	a7	a15	a39	2
12	0.921172662952513	a7	a17	a39	3
13	0.923307981814708	a7	a16
13	0.923436706710656	a7	a14
13	0.924958689303923	a7	a15
13	0.925241018697556	a7	a17
13	0.925495223324008	a6	a10
12	0.925647205238972	a6	a10	a40	0
12	0.925718598878742	a7	a14	a41	0
12	0.926113427341103	a7	a15	a41	1
12	0.926141011247377	a7	a16	a41	2
12	0.926343834087632	a7	a17	a41	3
13	0.926838721817852	a7	a14
13	0.92799778674229	a7	a16
13	0.928236306402429	a7	a15
13	0.928515931491526	a7	a17
13	0.9289632234619	a6	a10
12	0.929662015754189	a8	a57	a49	0
13	0.94005249464518	a8	a57
12	0.940192577620182	a8	a57	a54	0
12	0.945580633979146	a8	a58	a53	0
13	0.962020101257876	a8	a58
12	0.962067156156815	a8	a58	a52	0
13	0.971365636875878	a8	a58
12	0.971429458462945	a8	a58	a51	0
13	0.977696413796343	a8	a58
13	0.98214499475925	a8	a57
13	0.982406771438405	a8	a56
13	0.98268261050115	a8	a55
12	0.984298702892295	a8	a55	a46	0
12	0.984380913750211	a8	a56	a48	0
13	1.03312600302462	a8	a56
12	1.03362089075484	a6	a10	a20	0
12	1.03368741664644	a7	a14	a21	0
12	1.03379612968882	a7	a16	a21	1
12	1.03406926444702	a7	a17	a21	2
12	1.03416391510581	a7	a15	a21	3
13	1.0342661378173	a7	a14
13	1.03480591700283	a7	a17
13	1.03483458263092	a7	a16
13	1.03520561321335	a7	a15
13	1.03535164565834	a6	a10
12	1.03586221835487	a8	a56	a44	0
12	1.03589088398296	a8	a57	a43	0
12	1.03624947476453	a6	a10	a22	0
12	1.03630896946434	a7	a14	a23	0
12	1.03639172118316	a7	a17	a23	1
12	1.03659670746704	a7	a15	a23	2
12	1.03669784845672	a7	a16	a23	3
13	1.03689364010518	a7	a14
12	1.03693582725595	a7	a14	a23	4
13	1.03713053718259	a7	a17
12	1.03719814479601	a7	a17	a23	5
13	1.03750048604322	a7	a14
12	1.03753942802855	a7	a14	a23	6
13	1.03764219160094	a7	a15
12	1.03773576053791	a7	a15	a23	7
13	1.03786448543386	a7	a17
12	1.03795318662266	a7	a17	a23	8
13	1.03810246423309	a7	a14
12	1.03815546860201	a7	a14	a23	9
13	1.03818088906466	a7	a16
12	1.03825444614805	a7	a16	a23	10
13	1.03850702819178	a7	a17
12	1.03858761646698	a7	a17	a23	11
13	1.03873094460743	a7	a14
12	1.03878286725453	a7	a14	a23	12
13	1.03880828771718	a7	a15
12	1.03887589533059	a7	a15	a23	13
13	1.03915011181062	a7	a17
12	1.03921663770222	a7	a17	a23	14
13	1.039229618364	a7	a16
12	1.03931182922191	a7	a16	a23	15
13	1.03940269385435	a7	a14
13	1.03969800390976	a7	a15
13	1.03983051483206	a7	a17
13	1.04158723105911	a7	a16
13	1.04176246999309	a6	a10
12	1.04209131342476	a6	a10	a24	0
12	1.04220002646713	a7	a14	a25	0
13	1.04226655235873	a7	a14
12	1.04228223732505	a7	a14	a25	1
13	1.04232388361491	a7	a14
12	1.04234605891211	a7	a14	a25	2
13	1.04238608261926	a7	a14
12	1.04240447189011	a7	a14	a25	3
13	1.0424331375182	a7	a14
13	1.04272412068635	a6	a10
12	1.04278794227341	a6	a10	a26	0
12	1.04286636710498	a7	a14	a27	0
13	1.04294587365836	a7	a14
12	1.04296209948558	a7	a14	a27	1
13	1.04301943074176	a7	a14
12	1.04304593292622	a7	a14	a27	2
13	1.05630405634795	a7	a14
12	1.05633055853241	a7	a15	a27	3
13	1.05652418673724	a7	a15
13	1.05664479871958	a6	a10
12	1.05691847433869	a6	a10	a22	0
12	1.05699149056118	a7	a14	a23	0
12	1.05708019174999	a7	a17	a23	1
12	1.05728139200752	a7	a15	a23	2
13	1.0576042859692	a7	a14
12	1.05765999464266	a7	a14	a23	3
13	1.05766540325173	a7	a17
12	1.05772868397789	a7	a17	a23	4
12	1.0578395604639	a7	a16	a23	5
13	1.05818841574914	a7	a15
13	1.05823222548263	a7	a14
12	1.05828955673881	a7	a15	a23	6
12	1.05830470084422	a7	a14	a23	7
13	1.05830524170512	a7	a17
12	1.05838150309306	a7	a17	a23	8
13	1.05871142824654	a7	a16
12	1.05879526168718	a7	a16	a23	9
13	1.05884610261247	a7	a14
12	1.05889748439866	a7	a14	a23	10
13	1.05890072956411	a7	a17
12	1.05897536836932	a7	a17	a23	11
13	1.05915980193873	a7	a15
12	1.05923930849211	a7	a15	a23	12
13	1.05941887431334	a7	a14
12	1.05947133782136	a7	a14	a23	13
13	1.05949784000582	a7	a17
12	1.05956382503651	a7	a17	a23	14
13	1.05958059172464	a7	a16
12	1.05966280258256	a7	a16	a23	15
13	1.06004465038314	a7	a14
13	1.06008359236847	a7	a17
13	1.06010198163932	a7	a15
13	1.06046381758633	a7	a16
13	1.06060606400497	a6	a10
13	1.06076615883354	a8	a57
12	1.06080510081887	a6	a10	a28	0
12	1.06087270843229	a7	a14	a29	0
13	1.06095870531655	a7	a14
12	1.06097601286559	a7	a14	a29	1
13	1.06103172153905	a7	a14
12	1.06104902908808	a7	a14	a29	2
13	1.06109824743065	a7	a14
12	1.06114422060777	a7	a14	a29	3
12	1.06118262173219	a7	a17	a29	4
13	1.06118911206308	a7	a14
12	1.06123292179658	a7	a14	a29	5
12	1.06128376272187	a7	a16	a29	6
13	1.06128700788731	a7	a14
13	1.06133406278625	a7	a17
12	1.06135894238799	a7	a14	a29	7
12	1.06139788437332	a7	a15	a29	8
13	1.06141411020054	a7	a16
13	1.06142384569687	a7	a14
12	1.06142709086231	a7	a17	a29	9
12	1.06148334039668	a7	a14	a29	10
12	1.06151146516386	a7	a16	a29	11
13	1.06153309960015	a7	a15
13	1.06153418132197	a7	a14
13	1.06154499854011	a7	a17
13	1.06160070721357	a7	a16
12	1.06163045456348	a7	a14	a29	12
12	1.06167155999243	a7	a15	a29	13
12	1.06168454065421	a7	a17	a29	14
13	1.06169535787236	a7	a14
12	1.06170076648143	a7	a16	a29	15
13	1.06174133104948	a7	a17
13	1.06176296548577	a7	a15
13	1.06178351820025	a7	a16
13	1.06202366044311	a6	a10
13	1.06205503037574	a8	a56
12	1.06276518074708	a8	a56	a42	0
12	1.06288687445124	a6	a10	a30	0
12	1.06294150140288	a7	a14	a31	0
12	1.06307779835153	a7	a15	a31	1
13	1.06308753384786	a7	a14
12	1.06312052636321	a7	a14	a31	2
12	1.06316217265307	a7	a16	a31	3
13	1.06322112649197	a7	a14
12	1.06331253198532	a7	a14	a31	4
12	1.06335147397064	a7	a17	a31	5
13	1.06338446648599	a7	a15
13	1.06340501920047	a7	a16
13	1.06341096867045	a7	a14
12	1.06348723005839	a7	a15	a31	6
12	1.06349966985926	a7	a14	a31	7
13	1.06355700111544	a7	a17
13	1.06361433237161	a7	a14
12	1.06362028184159	a7	a17	a31	9
12	1.06363813025154	a7	a16	a31	8
13	1.06364137541698	a7	a15
12	1.0637165550831	a7	a14	a31	10
13	1.06372196369218	a7	a17
12	1.06378091753108	a7	a15	a31	11
12	1.06379876594102	a7	a17	a31	12
13	1.06381012402007	a7	a16
13	1.06381391004642	a7	a14
12	1.06389017143436	a7	a16	a31	13
12	1.06391396931428	a7	a14	a31	14
13	1.06391721447973	a7	a15
13	1.06393127686332	a7	a17
12	1.06401024255579	a7	a15	a31	15
13	1.06402755010483	a7	a14
13	1.06405892003745	a7	a16
13	1.06416384705348	a7	a15
13	1.06431582896844	a6	a10
13	1.06454082710589	a8	a56
12	1.06459112717028	a8	a56	a45	0
12	1.06463818206922	a6	a10	a32	0
12	1.06476582524335	a7	a14	a33	0
13	1.06480801239412	a7	a14
12	1.06484046404856	a7	a14	a33	1
13	1.06485560815397	a7	a14
12	1.06487886517299	a7	a15	a33	2
12	1.06489563186111	a7	a14	a33	3
13	1.06491131682743	a7	a14
12	1.06495404483911	a7	a14	a33	4
13	1.06497027066633	a7	a14
13	1.06498162874538	a7	a15
12	1.06501353953891	a7	a17	a33	5
12	1.06507465682144	a7	a15	a33	6
12	1.06508655576141	a7	a14	a33	7
13	1.06508817834413	a7	a17
13	1.06510764933679	a7	a14
13	1.06512225258129	a7	a15
12	1.06513361066034	a7	a17	a33	8
13	1.06515794940117	a7	a17
12	1.06522285271006	a7	a14	a33	9
13	1.06524070112	a7	a14
12	1.06527098933081	a7	a15	a33	10
13	1.06530127754162	a7	a15
12	1.06530884959432	a7	a17	a33	11
13	1.06533805608332	a7	a17
12	1.06535428191054	a7	a14	a33	12
12	1.06537483462502	a7	a16	a33	13
13	1.0654467691257	a7	a16
12	1.06548841541556	a7	a16	a33	15
13	1.06551167243458	a7	a16
12	1.08076935863076	a7	a15	a33	14
13	1.08078125757072	a7	a14
13	1.08080667803337	a7	a15
13	1.08103329875354	a6	a10
13	1.08116202364949	a8	a56
12	1.08243791452992	a8	a56	a50	0
12	1.08606330519185	a6	a10	a34	0
12	1.0861406483016	a7	a14	a35	0
12	1.08644353040971	a7	a17	a35	1
12	1.08677237384137	a7	a15	a35	2
12	1.08722669700354	a7	a16	a35	3
13	1.10481008510131	a7	a14
13	1.11192889636377	a7	a15
13	1.11263742415239	a7	a17
13	1.11298736115945	a7	a16
13	1.11312960757808	a6	a10
12	1.11319667433059	a6	a10	a36	0
12	1.11325292386495	a7	a14	a37	0
12	1.11356932749575	a7	a17	a37	1
12	1.11372671801979	a7	a15	a37	2
12	1.11460561699422	a7	a16	a37	3
13	1.11611732323025	a7	a14
13	1.11639857090207	a7	a16
13	1.11679339936443	a7	a15
13	1.11736022159532	a7	a17
13	1.11754790033017	a6	a10
12	1.12246378511702	a6	a10	a38	0
12	1.12254815941857	a7	a14	a39	0
12	1.12263956491191	a7	a16	a39	1
12	1.12292081258373	a7	a17	a39	2
12	1.12301167721616	a7	a15	a39	3
13	1.12520486819545	a7	a14
13	1.12591177340134	a7	a15
13	1.12592962181129	a7	a17
13	1.12630065239373	a7	a16
13	1.12641585576699	a6	a10
12	1.1265418763584	a6	a10	a40	0
12	1.12661002483273	a7	a14	a41	0
12	1.12673063681506	a7	a15	a41	1
12	1.12732612467405	a7	a17	a41	3
12	1.12736939354664	a7	a16	a41	2
13	1.12768417459471	a7	a14
13	1.12861445535534	a7	a15
13	1.12916721520265	a7	a17
13	1.12928944976771	a7	a16
13	1.12943277790816	a6	a10
12	1.12987520213036	a8	a57	a49	0
13	1.1415064159428	a8	a57
12	1.14175034421202	a8	a57	a54	0
12	1.14630980166093	a8	a58	a53	0
13	1.16892319619699	a8	a58
12	1.16897079195684	a8	a58	a52	0
13	1.17796368626325	a8	a58
12	1.17801560891036	a8	a58	a51	0
13	1.18444103648961	a8	a58
13	1.18958246027482	a8	a57
13	1.18982638854404	a8	a56
13	1.19009519641499	a8	a55
12	1.1916799188735	a8	a55	a47	0
13	1.21617550936713	a8	a55
12	1.21639131286916	a8	a55	a46	0
12	1.21649245385883	a8	a56	a48	0
13	1.30463817851145	a8	a56
12	1.30511035008356	a6	a10	a20	0
12	1.305172008227	a7	a14	a21	0
12	1.30549436132778	a7	a16	a21	1
12	1.30552194523405	a7	a17	a21	2
12	1.30570691966437	a7	a15	a21	3
13	1.30578967138319	a7	a14
13	1.3061807138192	a7	a16
13	1.30632620540327	a7	a17
13	1.30658041002973	a7	a15
13	1.30671778870019	a6	a10
12	1.30719861404682	a8	a56	a44	0
12	1.30722511623128	a8	a57	a43	0
12	1.30758370701285	a6	a10	a22	0
12	1.30764590601719	a7	a14	a23	0
12	1.30773731151054	a7	a16	a23	1
12	1.30804343878409	a7	a15	a23	2
12	1.30806777752492	a7	a17	a23	3
13	1.30821705513535	a7	a14
12	1.30827600897425	a7	a14	a23	4
13	1.30852155982619	a7	a16
12	1.30859403518777	a7	a16	a23	5
13	1.30913111006876	a7	a17
13	1.30914679503508	a7	a16
12	1.30919709509946	a7	a16	a23	6
12	1.30921278006577	a7	a17	a23	7
13	1.32445045440838	a7	a14
12	1.3245034587773	a7	a14	a23	8
13	1.32451914374361	a7	a15
12	1.32459107824429	a7	a15	a23	9
13	1.32510489610627	a7	a14
12	1.32515465530974	a7	a14	a23	10
13	1.32553650311033	a7	a15
12	1.32561060105464	a7	a15	a23	11
13	1.32579395290223	a7	a16
13	1.3257993615113	a7	a14
12	1.32586426482018	a7	a14	a23	12
13	1.32588211323012	a7	a17
12	1.32588481753466	a7	a16	a23	13
12	1.32596107892259	a7	a17	a23	14
13	1.32644569029558	a7	a14
12	1.32649869466449	a7	a14	a23	15
13	1.32653871837164	a7	a16
13	1.32671179386199	a7	a15
13	1.32703468782367	a7	a17
13	1.32711094921161	a7	a14
13	1.32726401284839	a6	a10
12	1.3276036734982	a6	a10	a24	0
12	1.32774159302957	a7	a14	a25	0
13	1.32781515011297	a7	a14
12	1.32784922435013	a7	a14	a25	1
12	1.32787680825641	a7	a17	a25	2
13	1.3278984426927	a7	a14
12	1.32795415136616	a7	a14	a25	3
13	1.32803257619772	a7	a14
13	1.32805529235583	a7	a17
13	1.32819213016539	a6	a10
12	1.32827325930149	a6	a10	a26	0
12	1.32832788625313	a7	a14	a27	0
13	1.32840685194561	a7	a14
12	1.32842361863373	a7	a14	a27	1
13	1.32847229611539	a7	a14
12	1.32852692306704	a7	a14	a27	2
12	1.32855180266877	a7	a15	a27	3
13	1.32858209087959	a7	a14
13	1.32871838782824	a7	a15
13	1.32900396238731	a6	a10
12	1.32925438098741	a6	a10	a22	0
12	1.32930900793906	a7	a14	a23	0
12	1.32948695117757	a7	a16	a23	1
12	1.32952372971927	a7	a15	a23	2
12	1.32957565236638	a7	a17	a23	3
13	1.32985473659457	a7	a14
12	1.32990936354621	a7	a14	a23	4
13	1.33007378526204	a7	a16
12	1.33014950578907	a7	a16	a23	5
13	1.33044102981813	a7	a14
12	1.3304832169689	a7	a14	a23	6
13	1.33049836107431	a7	a17
13	1.33054325252962	a7	a15
12	1.33058489881948	a7	a17	a23	7
12	1.33061789133483	a7	a15	a23	8
13	1.33067738603464	a7	a16
12	1.33076392377981	a7	a16	a23	9
13	1.33103922198165	a7	a14
12	1.33109655323783	a7	a14	a23	10
13	1.33133453203706	a7	a16
12	1.33140917084227	a7	a16	a23	11
13	1.33148056448204	a7	a17
13	1.3315140978583	a7	a15
12	1.33157954202809	a7	a17	a23	12
12	1.33160333990801	a7	a15	a23	13
13	1.33162767864884	a7	a14
12	1.33169744970589	a7	a14	a23	14
13	1.33200574042307	a7	a16
12	1.3320809200892	a7	a16	a23	15
13	1.3322653536586	a7	a14
13	1.33241571299084	a7	a15
13	1.33255363252221	a7	a17
13	1.33265152834644	a7	a16
13	1.33280783714867	a6	a10
13	1.33298578038718	a8	a57
12	1.33301769118072	a6	a10	a28	0
12	1.33307772674143	a7	a14	a29	0
13	1.33316642793024	a7	a14
12	1.33320374733284	a7	a14	a29	1
13	1.33325675170176	a7	a14
12	1.33326810978082	a7	a15	a29	2
12	1.33332490017609	a7	a17	a29	3
12	1.33337087335321	a7	a14	a29	4
12	1.33341955083487	a7	a16	a29	5
13	1.33342982719211	a7	a14
13	1.33349148533555	a7	a17
12	1.33350392513642	a7	a14	a29	6
13	1.33351203805003	a7	a15
13	1.33354448970447	a7	a16
13	1.33356828758439	a7	a14
12	1.33361912850968	a7	a17	a29	7
12	1.33363859950235	a7	a14	a29	8
12	1.33366510168681	a7	a15	a29	9
12	1.33368132751403	a7	a16	a29	10
13	1.33370025764578	a7	a14
13	1.33373703618748	a7	a17
13	1.33378733625187	a7	a15
13	1.33378895883459	a7	a16
12	1.33381329757542	a7	a17	a29	12
12	1.33384629009077	a7	a14	a29	11
13	1.33388901810245	a7	a17
12	1.33389713101606	a7	a15	a29	13
13	1.33394689021953	a7	a14
12	1.33395283968951	a7	a16	a29	14
12	1.3339815053176	a7	a14	a29	15
13	1.3340182838593	a7	a16
13	1.33402693763382	a7	a14
13	1.33402964193836	a7	a15
13	1.33533528016869	a6	a10
13	1.33536665010131	a8	a56
12	1.33607734133356	a8	a56	a42	0
12	1.33620228020316	a6	a10	a30	0
12	1.33630288033193	a7	a14	a31	0
13	1.33645486224689	a7	a14
12	1.33647271065683	a7	a14	a31	1
12	1.33654139999206	a7	a16	a31	2
13	1.33657601509013	a7	a14
12	1.33661766138	a7	a14	a31	3
13	1.3367355690578	a7	a14
12	1.33678046051311	a7	a14	a31	4
13	1.33680858528029	a7	a16
12	1.33682643369023	a7	a15	a31	5
12	1.33687619289371	a7	a17	a31	6
13	1.33687619289371	a7	a14
12	1.33689133699912	a7	a16	a31	7
12	1.33692919726263	a7	a14	a31	8
13	1.33700978553782	a7	a16
13	1.33705575871495	a7	a14
12	1.33709199639574	a7	a16	a31	9
13	1.33709253725665	a7	a15
12	1.33710822222296	a7	a14	a31	10
13	1.33715149109555	a7	a17
12	1.33720287288175	a7	a15	a31	11
13	1.33722018043078	a7	a14
13	1.33724073314526	a7	a16
12	1.33727426652152	a7	a17	a31	12
12	1.3373023912887	a7	a14	a31	13
12	1.3373321386386	a7	a16	a31	14
13	1.33738297956389	a7	a15
13	1.33743111618465	a7	a14
13	1.33745437320366	a7	a17
13	1.33746140439546	a7	a16
12	1.33748195710994	a7	a15	a31	15
13	1.3376415110776	a7	a15
13	1.33779781987982	a6	a10
13	1.33803796212269	a8	a56
12	1.3380904256307	a8	a56	a45	0
12	1.33813856225145	a6	a10	a32	0
12	1.33821752794392	a7	a14	a33	0
13	1.33825917423379	a7	a14
12	1.3383040656891	a7	a14	a33	1
13	1.33832083237723	a7	a14
12	1.33833651734354	a7	a15	a33	2
12	1.33835707005802	a7	a14	a33	3
13	1.33837275502433	a7	a14
12	1.33841710561873	a7	a14	a33	4
13	1.33843333144595	a7	a14
13	1.33843765833321	a7	a15
12	1.33848200892762	a7	a14	a33	5
13	1.33849823475484	a7	a14
12	1.33851932833022	a7	a15	a33	6
12	1.33853825846198	a7	a14	a33	7
13	1.3385544842892	a7	a14
13	1.33855718859374	a7	a15
12	1.33862587792897	a7	a14	a33	8
13	1.33864859408708	a7	a14
12	1.33866373819248	a7	a16	a33	9
13	1.33872052858775	a7	a16
12	1.33874540818949	a7	a15	a33	10
12	1.33875027593766	a7	a17	a33	11
13	1.33876704262579	a7	a15
12	1.33879138136662	a7	a14	a33	12
13	1.33881085235928	a7	a14
12	1.33881139322019	a7	a16	a33	13
13	1.33882166957743	a7	a17
13	1.33885141692733	a7	a16
12	1.33890171699171	a7	a15	a33	14
12	1.33891361593168	a7	a14	a33	15
13	1.33894444500339	a7	a14
13	1.33899528592868	a7	a15
13	1.33920081307348	a6	a10
13	1.33929384114954	a8	a56
12	1.34053024918373	a8	a56	a50	0
12	1.34403935475058	a6	a10	a34	0
12	1.34410317633764	a7	a14	a35	0
12	1.34433682824962	a7	a17	a35	1
12	1.34436657559952	a7	a15	a35	2
12	1.34440876275029	a7	a16	a35	3
13	1.36177851078966	a7	a14
13	1.36918884608118	a7	a15
13	1.36942412057588	a7	a16
13	1.3702067463088	a7	a17
13	1.3703684637201	a6	a10
12	1.37043769391624	a6	a10	a36	0
12	1.3705015155033	a7	a14	a37	0
12	1.37058264463941	a7	a15	a37	1
12	1.37097530965814	a7	a16	a37	2
12	1.38522915801029	a7	a17	a37	3
13	1.38674248682904	a7	a17
13	1.38684146437508	a7	a16
13	1.38798917122047	a7	a14
13	1.38848405895069	a7	a15
13	1.38861602901208	a6	a10
12	1.39161564360421	a6	a10	a38	0
12	1.39167513830402	a7	a14	a39	0
12	1.39175356313558	a7	a16	a39	1
12	1.39185957187342	a7	a17	a39	2
12	1.39218084325239	a7	a15	a39	3
13	1.39397920576931	a7	a16
13	1.40965119142051	a7	a14
13	1.41073345409611	a7	a15
13	1.41192280723136	a7	a17
13	1.41212076232345	a6	a10
12	1.41223758827943	a6	a10	a40	0
12	1.4122938378138	a7	a14	a41	0
12	1.41249936495859	a7	a16	a41	1
12	1.41253343919575	a7	a15	a41	2
12	1.41273085342693	a7	a17	a41	3
13	1.4128390256084	a7	a14
13	1.4142820425092	a7	a16
13	1.41451353097754	a7	a15
13	1.41467524838884	a7	a17
13	1.41486887659366	a6	a10
12	1.41518203505902	a8	a57	a49	0
13	1.42360323938637	a8	a57
12	1.42367409216523	a8	a57	a54	0
12	1.42580562500107	a8	a58	a53	0
13	1.43810263859045	a8	a58
12	1.43815185693302	a8	a58	a52	0
13	1.44631236630303	a8	a58
12	1.44636374808923	a8	a58	a51	0
13	1.45198437463835	a8	a58
13	1.45760608290929	a8	a57
13	1.45784135740398	a8	a56
13	1.45808690825592	a8	a55
12	1.45967325329716	a8	a55	a46	0
12	1.45975330071145	a8	a56	a48	0
13	1.52511093275493	a8	a56
12	1.52547114611922	a6	a10	a20	0
12	1.52554145803718	a7	a14	a21	0
12	1.5257123700839	a7	a17	a21	1
12	1.52575401637376	a7	a15	a21	2
12	1.52584434014529	a7	a16	a21	3
13	1.52612017920804	a7	a14
13	1.52649715926045	a7	a15
13	1.52675244560872	a7	a16
13	1.52725057850438	a7	a17
13	1.52742581743836	a6	a10
12	1.52778278563721	a8	a56	a44	0
12	1.52780712437804	a8	a57	a43	0
12	1.52807376880536	a6	a10	a22	0
12	1.52820087111859	a7	a14	a23	0
12	1.52832797343181	a7	a16	a23	1
12	1.52851997905392	a7	a15	a23	2
12	1.52862328348722	a7	a17	a23	3
13	1.52879203209032	a7	a14
12	1.52885423109466	a7	a14	a23	4
13	1.52912790671378	a7	a16
12	1.52919659604901	a7	a16	a23	5
13	1.52922634339891	a7	a15
12	1.52931828975316	a7	a15	a23	6
13	1.52941023610741	a7	a14
12	1.52946053617179	a7	a14	a23	7
13	1.52972934404274	a7	a16
12	1.52978775702074	a7	a16	a23	8
13	1.5298440065551	a7	a17
13	1.52987104960047	a7	a15
12	1.52992567655211	a7	a17	a23	9
12	1.52995542390201	a7	a15	a23	10
13	1.5300500745608	a7	a14
12	1.53010091548609	a7	a14	a23	11
13	1.53037026421795	a7	a16
12	1.53044382130135	a7	a16	a23	12
13	1.53050115255752	a7	a15
12	1.53058498599816	a7	a15	a23	13
13	1.53078131850753	a7	a14
13	1.53079105400386	a7	a17
12	1.53085974333909	a7	a14	a23	14
12	1.53087380572268	a7	a17	a23	15
13	1.53098630479141	a7	a16
13	1.53117560610898	a7	a15
13	1.53148660113071	a7	a14
13	1.53172025304268	a7	a17
13	1.53185654999133	a6	a10
12	1.53213509335861	a6	a10	a24	0
12	1.53220324183294	a7	a14	a25	0
13	1.53227030858545	a7	a14
12	1.53230762798805	a7	a14	a25	1
13	1.53234440652975	a7	a14
12	1.53234656997338	a7	a15	a25	2
12	1.53239795175958	a7	a14	a25	3
13	1.53243905718854	a7	a14
13	1.53269326181499	a7	a15
13	1.53282577273729	a6	a10
12	1.53291447392609	a6	a10	a26	0
12	1.53298262240042	a7	a14	a27	0
13	1.5330621289538	a7	a14
12	1.53310972471365	a7	a14	a27	1
12	1.53316110649984	a7	a16	a27	2
13	1.53316976027436	a7	a14
12	1.53321789689511	a7	a14	a27	3
13	1.53328983139579	a7	a14
13	1.53345154880709	a7	a16
13	1.53358622317302	a6	a10
12	1.53381068044956	a6	a10	a22	0
12	1.53386963428846	a7	a14	a23	0
12	1.53403730116974	a7	a15	a23	1
12	1.53410869480951	a7	a17	a23	2
12	1.53414276904667	a7	a16	a23	3
13	1.53440130056038	a7	a14
12	1.5344543049293	a7	a14	a23	4
13	1.53465496432593	a7	a15
12	1.53472365366116	a7	a15	a23	5
13	1.53476259564649	a7	a16
12	1.53484696994804	a7	a16	a23	6
13	1.53499083894939	a7	a14
13	1.53502491318655	a7	a17
12	1.53507304980731	a7	a14	a23	7
12	1.535109828349	a7	a17	a23	8
13	1.53530453827565	a7	a15
13	1.53538025880268	a7	a16
12	1.53538242224631	a7	a15	a23	9
12	1.5354630105215	a7	a16	a23	10
13	1.53562040104554	a7	a14
12	1.53567935488444	a7	a14	a23	11
13	1.53592923262363	a7	a15
12	1.53600008540249	a7	a15	a23	12
13	1.53609906294854	a7	a17
13	1.53611204361031	a7	a16
12	1.53617965122373	a7	a17	a23	13
13	1.53620939857364	a7	a14
12	1.53621588890452	a7	a16	a23	14
12	1.53628349651794	a7	a14	a23	15
13	1.53660909478416	a7	a15
13	1.53684166497432	a7	a16
13	1.53686816715878	a7	a14
13	1.53702177165647	a7	a17
13	1.53715915032693	a6	a10
13	1.53729598813649	a8	a57
12	1.53733006237365	a6	a10	a28	0
12	1.53737982157713	a7	a14	a29	0
13	1.53747230879228	a7	a14
12	1.53751395508215	a7	a14	a29	1
12	1.53755181534566	a7	a16	a29	2
13	1.53756750031198	a7	a14
12	1.53763132189904	a7	a14	a29	3
13	1.53768648971159	a7	a16
13	1.53769730692974	a7	a14
12	1.53771840050513	a7	a15	a29	4
12	1.53776166937771	a7	a14	a29	5
12	1.53781305116391	a7	a17	a29	6
13	1.53781683719026	a7	a14
12	1.53783684904383	a7	a16	a29	7
13	1.53784982970561	a7	a15
12	1.53785415659287	a7	a14	a29	8
13	1.53792879539808	a7	a14
13	1.53792933625899	a7	a16
12	1.53795583844345	a7	a15	a29	9
13	1.53799694387241	a7	a17
12	1.53799748473332	a7	a14	a29	10
12	1.53801641486507	a7	a16	a29	11
13	1.53804129446681	a7	a15
13	1.5380623880422	a7	a14
13	1.53808294075668	a7	a16
12	1.53810565691478	a7	a17	a29	12
12	1.53818678605089	a7	a14	a29	13
12	1.53821328823535	a7	a16	a29	14
13	1.53821491081807	a7	a17
13	1.53823979041981	a7	a14
13	1.53827332379606	a7	a16
12	1.53832091955591	a7	a15	a29	15
13	1.53837825081209	a7	a15
13	1.53850697570803	a6	a10
13	1.53853996822338	a8	a56
12	1.53907055277349	a8	a56	a42	0
12	1.53915817224048	a6	a10	a30	0
12	1.53921442177484	a7	a14	a31	0
13	1.53936369938527	a7	a14
12	1.53939993706606	a7	a14	a31	1
12	1.53949026083759	a7	a16	a31	2
13	1.53950107805573	a7	a14
12	1.53955678672919	a7	a17	a31	3
12	1.53957733944367	a7	a14	a31	4
12	1.53959789215815	a7	a15	a31	5
13	1.53969092023421	a7	a16
13	1.53971471811413	a7	a14
12	1.53977259023122	a7	a16	a31	6
13	1.53978448917118	a7	a17
13	1.53979097950207	a7	a15
12	1.53979963327659	a7	a14	a31	7
12	1.53988508929995	a7	a15	a31	8
13	1.53989320221356	a7	a16
12	1.53992781731163	a7	a17	a31	9
13	1.53995972810516	a7	a14
12	1.53998623028962	a7	a16	a31	10
13	1.54000407869956	a7	a15
12	1.54006735942572	a7	a14	a31	11
12	1.54010359710651	a7	a15	a31	12
13	1.5401322627346	a7	a17
13	1.5401614692236	a7	a16
13	1.5401906757126	a7	a14
13	1.54021068756617	a7	a15
12	1.54022961769793	a7	a17	a31	13
12	1.54027505001414	a7	a16	a31	14
12	1.54029452100681	a7	a14	a31	15
13	1.54039944802283	a7	a17
13	1.54040377491009	a7	a14
13	1.54040647921463	a7	a16
13	1.54060010741946	a6	a10
13	1.54082672813963	a8	a56
12	1.54088135509128	a8	a56	a45	0
12	1.54092246052023	a6	a10	a32	0
12	1.5409787100546	a7	a14	a33	0
13	1.5410160294572	a7	a14
12	1.54105929832979	a7	a14	a33	1
13	1.54107606501792	a7	a14
12	1.54108039190518	a7	a16	a33	2
12	1.54112744680412	a7	a14	a33	3
13	1.54113664143954	a7	a16
13	1.5411485403795	a7	a14
12	1.54115773501493	a7	a17	a33	4
12	1.54121344368839	a7	a16	a33	5
13	1.54123778242922	a7	a16
12	1.5412588760046	a7	a14	a33	6
13	1.54126807064003	a7	a17
13	1.54128700077178	a7	a14
12	1.54136650732516	a7	a16	a33	7
13	1.54139787725779	a7	a16
12	1.54141248050229	a7	a15	a33	8
12	1.54142654288588	a7	a17	a33	9
12	1.54144168699128	a7	a14	a33	10
13	1.54146873003665	a7	a15
12	1.54149631394293	a7	a16	a33	11
13	1.54149955910837	a7	a14
13	1.54154931831185	a7	a16
12	1.54156987102633	a7	a15	a33	12
12	1.54158393340992	a7	a14	a33	13
13	1.54160178181986	a7	a14
13	1.54161422162073	a7	a15
13	1.54163152916976	a7	a17
12	1.54164342810972	a7	a14	a33	14
13	1.54168669698231	a7	a14
12	1.54172834327218	a7	a16	a33	15
13	1.54178080678019	a7	a16
13	1.5419733532632	a6	a10
13	1.54204961465114	a8	a56
12	1.54262022290839	a8	a56	a50	0
12	1.54606118000091	a6	a10	a34	0
12	1.54613095105796	a7	a14	a35	0
12	1.54655931289658	a7	a15	a35	1
12	1.54658851938557	a7	a17	a35	2
12	1.54664152375449	a7	a16	a35	3
13	1.56082451932778	a7	a14
13	1.5621296166972	a7	a16
13	1.56367972405765	a7	a15
13	1.5760551624786	a7	a17
13	1.57888224244129	a6	a10
12	1.57929978706176	a6	a10	a36	0
12	1.57936252692701	a7	a14	a37	0
12	1.57985957810086	a7	a17	a37	1
13	1.58000561054584	a7	a14
12	1.58006726868928	a7	a14	a37	2
12	1.58019491186341	a7	a16	a37	3
13	1.58152164366913	a7	a16
13	1.58191052266151	a7	a14
13	1.58259633429202	a7	a17
13	1.5827640011733	a6	a10
12	1.58602539244458	a6	a10	a38	0
12	1.58608326456167	a7	a14	a39	0
12	1.58631475303001	a7	a16	a39	1
12	1.58637046170347	a7	a17	a39	2
12	1.58647701130221	a7	a15	a39	3
13	1.5882434630256	a7	a14
13	1.5886999496314	a7	a16
13	1.58927704821954	a7	a17
13	1.5895247625151	a7	a15
13	1.58969675628364	a6	a10
12	1.58976490475796	a6	a10	a40	0
12	1.58982764462321	a7	a14	a41	0
12	1.59013431275768	a7	a17	a41	1
12	1.59022139136376	a7	a16	a41	2
13	1.59041826473403	a7	a14
12	1.59055888856994	a7	a15	a41	3
13	1.59216524546475	a7	a16
13	1.59259631160791	a7	a15
13	1.59282617749353	a7	a17
13	1.59301601967201	a6	a10
12	1.59342869654431	a8	a57	a49	0
13	1.60165032319685	a8	a57
12	1.60173199319386	a8	a57	a54	0
12	1.60392518417314	a8	a58	a53	0
13	1.62964095687373	a8	a58
12	1.62968584832904	a8	a58	a52	0
13	1.63516855534679	a8	a58
12	1.63519992527942	a8	a58	a51	0
13	1.65425445504516	a8	a58
13	1.65743633976306	a8	a57
13	1.65762077333247	a8	a56
13	1.65781061551095	a8	a55
12	1.65909191500045	a8	a55	a46	0
12	1.65915898175296	a8	a56	a48	0
13	1.70735185204096	a8	a56
12	1.7076715008372	a6	a10	a20	0
12	1.70779049023682	a7	a14	a21	0
12	1.7078699967902	a7	a16	a21	1
12	1.70816909287196	a7	a15	a21	2
13	1.70837678346038	a7	a14
13	1.70839517273123	a7	a16
12	1.70846169862283	a7	a17	a21	3
13	1.70903609290643	a7	a15
13	1.70927623514929	a7	a17
13	1.70943308481242	a6	a10
12	1.70973218089418	a8	a56	a44	0
12	1.72549611289964	a8	a57	a43	0
12	1.72589959513652	a6	a10	a22	0
12	1.72596395758449	a7	a14	a23	0
12	1.72643072054753	a7	a15	a23	1
13	1.72653294325902	a7	a14
12	1.72659351968064	a7	a14	a23	2
13	1.7271354623098	a7	a15
13	1.7271354623098	a7	a14
12	1.7272090193932	a7	a15	a23	3
12	1.72722416349861	a7	a14	a23	4
12	1.72738101316174	a7	a17	a23	5
12	1.72740156587622	a7	a16	a23	6
13	1.72784182665479	a7	a14
13	1.72785372559476	a7	a15
12	1.72791430201638	a7	a14	a23	7
12	1.72794350850537	a7	a15	a23	8
13	1.72800029890065	a7	a16
12	1.72808791836764	a7	a16	a23	9
13	1.72849572749177	a7	a15
12	1.72858496954148	a7	a15	a23	10
13	1.7286157986132	a7	a17
13	1.72867962020027	a7	a14
12	1.72870882668927	a7	a17	a23	11
13	1.72872667509921	a7	a16
12	1.72873262456919	a7	a14	a23	12
12	1.72879644615626	a7	a16	a23	13
13	1.72914476058059	a7	a15
12	1.72922318541215	a7	a15	a23	14
13	1.72934974686447	a7	a14
12	1.7294032920943	a7	a14	a23	15
13	1.72945575560231	a7	a16
13	1.72983111307201	a7	a17
13	1.729860319561	a7	a15
13	1.72995388849797	a7	a14
13	1.73004150796496	a6	a10
12	1.73032600080223	a6	a10	a24	0
12	1.73038170947568	a7	a14	a25	0
13	1.73044985795001	a7	a14
12	1.73046608377723	a7	a14	a25	1
13	1.73050340317983	a7	a14
12	1.73052016986796	a7	a14	a25	2
13	1.73056127529692	a7	a14
12	1.73060454416951	a7	a14	a25	3
13	1.73063753668486	a7	a14
13	1.73091445746942	a6	a10
12	1.73099937263187	a6	a10	a26	0
12	1.73105454044442	a7	a14	a27	0
13	1.73113188355417	a7	a14
12	1.73115027282502	a7	a14	a27	1
13	1.7312076040812	a7	a14
12	1.73125628156286	a7	a14	a27	2
13	1.73131144937541	a7	a14
12	1.7313330838117	a7	a15	a27	3
13	1.73151481307657	a7	a15
13	1.7316424562507	a6	a10
12	1.73186366836181	a6	a10	a22	0
12	1.73191775445254	a7	a14	a23	0
12	1.73200591478044	a7	a16	a23	1
12	1.73215897841722	a7	a17	a23	2
12	1.73218115371442	a7	a15	a23	3
13	1.73247051429985	a7	a14
12	1.73252514125149	a7	a14	a23	4
13	1.73264142634657	a7	a16
12	1.73271498342997	a7	a16	a23	5
13	1.73273878130989	a7	a15
12	1.73282694163779	a7	a15	a23	6
13	1.73306005268885	a7	a14
12	1.73311143447505	a7	a14	a23	7
13	1.73326341639001	a7	a16
13	1.73331317559349	a7	a17
12	1.73332777883799	a7	a16	a23	8
13	1.7334170208877	a7	a15
12	1.73341972519224	a7	a17	a23	9
12	1.73349382313654	a7	a15	a23	10
13	1.73363661041608	a7	a14
12	1.73368528789774	a7	a14	a23	11
13	1.73397086245682	a7	a16
13	1.73402494854755	a7	a15
12	1.73404496040113	a7	a16	a23	12
12	1.73411202715364	a7	a15	a23	13
13	1.73428077575673	a7	a14
13	1.73430186933211	a7	a17
12	1.73433864787381	a7	a14	a23	14
12	1.73439111138183	a7	a17	a23	15
13	1.73462259985017	a7	a16
13	1.73468155368907	a7	a15
13	1.73489086686021	a7	a14
13	1.73530192114979	a7	a17
13	1.73543875895935	a6	a10
13	1.73556153438532	a8	a57
12	1.73559020001341	a6	a10	a28	0
12	1.73564482696505	a7	a14	a29	0
13	1.73573136471022	a7	a14
12	1.73576760239102	a7	a16	a29	1
12	1.73578166477461	a7	a14	a29	2
12	1.73582006589903	a7	a15	a29	3
13	1.73583034225627	a7	a14
12	1.73588983695608	a7	a14	a29	4
13	1.73592282947142	a7	a16
13	1.7359504133777	a7	a15
13	1.73597204781399	a7	a14
12	1.73602018443475	a7	a16	a29	5
12	1.73604939092374	a7	a15	a29	6
12	1.73605588125463	a7	a14	a29	7
13	1.73609157807452	a7	a16
12	1.73609482323996	a7	a17	a29	8
13	1.73612132542442	a7	a15
13	1.73614782760888	a7	a14
12	1.73620137283871	a7	a16	a29	9
12	1.73623544707587	a7	a15	a29	10
13	1.73624626429402	a7	a17
12	1.73624950945946	a7	a14	a29	11
13	1.73626952131303	a7	a16
13	1.73629331919296	a7	a15
12	1.73633063859556	a7	a16	a29	12
13	1.73634956872732	a7	a14
12	1.73637985693813	a7	a15	a29	13
12	1.73640365481805	a7	a14	a29	14
13	1.73642096236709	a7	a16
13	1.73642961614161	a7	a15
13	1.73647667104055	a7	a14
12	1.73650966355589	a7	a17	a29	15
13	1.73658538408292	a7	a17
13	1.73679523811497	a6	a10
13	1.73682823063032	a8	a56
12	1.73737125498129	a8	a56	a42	0
12	1.73747401855369	a6	a10	a30	0
12	1.73753892186257	a7	a14	a31	0
13	1.73768008655939	a7	a14
12	1.73769144463844	a7	a15	a31	1
12	1.73771524251836	a7	a16	a31	2
12	1.73773687695466	a7	a14	a31	3
13	1.7378428856925	a7	a14
12	1.73784829430157	a7	a17	a31	4
12	1.73787858251238	a7	a14	a31	5
13	1.73792617827223	a7	a16
13	1.73794024065582	a7	a15
13	1.7379829686675	a7	a14
12	1.73799865363381	a7	a16	a31	6
12	1.73802786012281	a7	a15	a31	7
12	1.73805382144636	a7	a14	a31	8
13	1.73811602045071	a7	a17
13	1.73812954197339	a7	a15
13	1.73814035919154	a7	a16
13	1.73817984203777	a7	a14
12	1.73820039475225	a7	a17	a31	9
12	1.73821824316219	a7	a16	a31	10
12	1.73824420448575	a7	a15	a31	11
12	1.73825339912117	a7	a14	a31	12
13	1.73834264117088	a7	a16
13	1.73836968421625	a7	a14
13	1.73838158315621	a7	a17
12	1.73840375845341	a7	a16	a31	13
13	1.73841133050612	a7	a15
12	1.73845243593507	a7	a14	a31	14
13	1.73850111341673	a7	a16
12	1.73851030805216	a7	a17	a31	15
13	1.73857791566558	a7	a14
13	1.73869203731703	a7	a17
13	1.73884239664927	a6	a10
13	1.7390652313431	a8	a56
12	1.73911607226839	a8	a56	a45	0
12	1.73915771855825	a6	a10	a32	0
12	1.7392128863708	a7	a14	a33	0
13	1.73925399179976	a7	a14
12	1.73927075848789	a7	a14	a33	1
13	1.73928698431511	a7	a14
12	1.73932808974406	a7	a14	a33	2
13	1.73934377471038	a7	a14
12	1.73938001239117	a7	a14	a33	3
13	1.7393967790793	a7	a14
12	1.73939894252293	a7	a17	a33	4
12	1.73944058881279	a7	a14	a33	5
13	1.73945681464001	a7	a14
12	1.73948872543355	a7	a14	a33	6
13	1.73950441039986	a7	a14
13	1.73950657384349	a7	a17
12	1.73952063622708	a7	a14	a33	7
13	1.7395368620543	a7	a14
12	1.73960663311135	a7	a17	a33	8
12	1.73962934926946	a7	a15	a33	9
13	1.73964341165305	a7	a17
12	1.73966071920208	a7	a14	a33	10
13	1.73968289449928	a7	a15
13	1.73968613966473	a7	a14
12	1.73971210098828	a7	a16	a33	11
13	1.73976618707901	a7	a16
12	1.73976997310536	a7	a17	a33	12
12	1.7398094559516	a7	a15	a33	13
13	1.73981216025614	a7	a17
12	1.73982568177882	a7	a14	a33	14
12	1.73984731621512	a7	a16	a33	15
13	1.73984785707602	a7	a14
13	1.73991005608037	a7	a16
13	1.73996251958838	a7	a15
13	1.74016912845498	a6	a10
13	1.74026161567014	a8	a56
12	1.7407889550548	a8	a56	a50	0
12	1.7442796713508	a6	a10	a34	0
12	1.7443456563815	a7	a14	a35	0
12	1.74468585789222	a7	a16	a35	1
12	1.74471019663305	a7	a15	a35	2
12	1.74478213113372	a7	a17	a35	3
13	1.76220326095928	a7	a14
13	1.76889587382676	a7	a16
13	1.76919875593488	a7	a15
13	1.77000788385226	a7	a17
13	1.77019772603074	a6	a10
12	1.7703123885431	a6	a10	a36	0
12	1.77037945529561	a7	a14	a37	0
12	1.77071316647544	a7	a16	a37	1
12	1.77079537733336	a7	a15	a37	2
12	1.77167373544688	a7	a17	a37	3
13	1.77390370496786	a7	a15
13	1.77394859642317	a7	a17
13	1.77557388344974	a7	a14
13	1.77588541933237	a7	a16
13	1.77605903568363	a6	a10
12	1.77993863097201	a6	a10	a38	0
12	1.78003706765715	a7	a14	a39	0
12	1.78011549248871	a7	a16	a39	1
12	1.78028640453543	a7	a15	a39	2
12	1.78041891545773	a7	a17	a39	3
13	1.78279437656279	a7	a15
13	1.78280735722457	a7	a16
13	1.78353968289311	a7	a14
13	1.7842682225353	a7	a17
13	1.78445860557469	a6	a10
12	1.78475607907373	a6	a10	a40	0
12	1.78482530926987	a7	a14	a41	0
12	1.78510709780259	a7	a17	a41	1
12	1.78519363554777	a7	a16	a41	2
12	1.78530234859014	a7	a15	a41	3
13	1.78686868177781	a7	a15
13	1.78701200991826	a7	a14
13	1.78715317461508	a7	a17
13	1.78726459196199	a7	a16
13	1.78743009539964	a6	a10
12	1.78806668868758	a8	a57	a49	0
13	1.79858859677906	a8	a57
12	1.79873841525039	a8	a57	a54	0
12	1.80240977908944	a8	a58	a53	0
13	1.82654515621878	a8	a58
12	1.82661871330218	a8	a58	a52	0
13	1.83324534113896	a8	a58
12	1.83329347775971	a8	a58	a51	0
13	1.83628389771642	a8	a58
13	1.8396112740184	a8	a57
13	1.83983573129495	a8	a56
13	1.84001151108983	a8	a55
12	1.84125981806399	a8	a55	a46	0
12	1.84133012998194	a8	a56	a48	0
13	1.87486675140273	a8	a56
12	1.87523399595882	a6	a10	a20	0
12	1.87529944012861	a7	a14	a21	0
12	1.8755785243568	a7	a15	a21	1
12	1.87561692548122	a7	a16	a21	2
12	1.87587653871674	a7	a17	a21	3
13	1.87591331725844	a7	a14
13	1.87650988683924	a7	a16
13	1.87669594299137	a7	a15
13	1.87704209397207	a7	a17
13	1.87719732105248	a6	a10
12	1.87753698170229	a8	a56	a44	0
12	1.87755591183405	a8	a57	a43	0
12	1.87784581328038	a6	a10	a22	0
12	1.87790693056291	a7	a14	a23	0
12	1.87804430923338	a7	a15	a23	1
12	1.87806918883512	a7	a16	a23	2
12	1.87834502789786	a7	a17	a23	3
13	1.87850404100462	a7	a14
12	1.87856083139989	a7	a14	a23	4
13	1.87882747582721	a7	a16
12	1.87891725873783	a7	a16	a23	5
13	1.87912062243899	a7	a14
13	1.87913035793533	a7	a15
12	1.8791579418416	a7	a14	a23	6
12	1.87923420322954	a7	a15	a23	7
13	1.87953275845039	a7	a16
12	1.87961821447375	a7	a16	a23	8
13	1.87971611029798	a7	a14
12	1.87976803294508	a7	a14	a23	9
13	1.88005198492144	a7	a15
12	1.88013040975301	a7	a15	a23	10
13	1.88017367862559	a7	a16
12	1.8802623798144	a7	a16	a23	11
13	1.88034567239413	a7	a14
12	1.88039975848486	a7	a14	a23	12
13	1.88059933615967	a7	a17
12	1.88066856635581	a7	a17	a23	13
13	1.88082433429713	a7	a16
12	1.88091249462503	a7	a16	a23	14
13	1.88101147217107	a7	a14
12	1.88106339481817	a7	a14	a23	15
13	1.88111802176982	a7	a15
13	1.88147174480322	a7	a17
13	1.88160101056007	a7	a16
13	1.88168971174888	a7	a14
13	1.88178436240766	a6	a10
12	1.88204235306047	a6	a10	a24	0
12	1.88209914345574	a7	a14	a25	0
13	1.88217270053914	a7	a14
12	1.88219108980999	a7	a14	a25	1
13	1.88222245974261	a7	a14
12	1.882243553318	a7	a14	a25	2
13	1.88227870927698	a7	a14
12	1.88233063192408	a7	a14	a25	3
13	1.88236524702215	a7	a14
13	1.88300075858828	a6	a10
12	1.88307756083712	a6	a10	a26	0
12	1.88313543295421	a7	a14	a27	0
13	1.8832160212294	a7	a14
12	1.88322737930846	a7	a17	a27	1
12	1.88325550407564	a7	a14	a27	2
13	1.88330309983549	a7	a14
12	1.88333879665537	a7	a14	a27	3
13	1.88339937307699	a7	a14
13	1.88346319466406	a7	a17
13	1.88361084969177	a6	a10
12	1.88393807054071	a6	a10	a22	0
12	1.88399486093598	a7	a14	a23	0
12	1.88417767192266	a7	a17	a23	1
12	1.88435994204844	a7	a16	a23	2
12	1.88452057773792	a7	a15	a23	3
13	1.88473746296176	a7	a14
12	1.8847991211052	a7	a14	a23	4
13	1.88491648792209	a7	a16
12	1.88498463639642	a7	a16	a23	5
13	1.88508902255154	a7	a17
12	1.88516203877403	a7	a17	a23	6
13	1.88551197578108	a7	a15
13	1.88551197578108	a7	a16
12	1.88559040061265	a7	a15	a23	7
13	1.88560392213533	a7	a14
12	1.88560446299624	a7	a16	a23	8
12	1.88568234696689	a7	a14	a23	9
13	1.88596629894325	a7	a17
12	1.88603877430483	a7	a17	a23	10
13	1.88614261959904	a7	a16
12	1.88622266701333	a7	a16	a23	11
13	1.88643847051536	a7	a14
12	1.88649580177154	a7	a14	a23	12
13	1.88655691905407	a7	a15
12	1.88663642560745	a7	a15	a23	13
13	1.88676136447705	a7	a16
12	1.8868462796395	a7	a16	a23	14
13	1.8868462796395	a7	a17
12	1.88691659155745	a7	a17	a23	15
13	1.88730817485437	a7	a14
13	1.88737902763323	a7	a16
13	1.88760781179704	a7	a15
13	1.888296868593	a7	a17
13	1.88852835706134	a6	a10
13	1.88870630029986	a8	a57
12	1.88876741758239	a6	a10	a28	0
12	1.88882799400401	a7	a14	a29	0
13	1.8889377887682	a7	a14
12	1.88895671889996	a7	a16	a29	1
12	1.88898484366714	a7	a14	a29	2
13	1.8890778717432	a7	a14
12	1.88909463843133	a7	a14	a29	3
13	1.88909680187496	a7	a16
12	1.88915196968751	a7	a16	a29	4
13	1.88917793101106	a7	a14
13	1.88920389233461	a7	a16
12	1.88921687299639	a7	a14	a29	5
12	1.88927853113983	a7	a16	a29	6
13	1.88929475696705	a7	a14
12	1.88930286988066	a7	a15	a29	7
13	1.88933478067419	a7	a16
12	1.88934776133597	a7	a14	a29	8
12	1.88940833775759	a7	a17	a29	9
13	1.88942564530662	a7	a14
12	1.88943213563751	a7	a16	a29	10
13	1.8894608012656	a7	a15
13	1.88948568086734	a7	a16
12	1.88955491106348	a7	a14	a29	11
13	1.88957924980431	a7	a17
12	1.88963928536503	a7	a16	a29	12
13	1.88964036708684	a7	a14
12	1.88964956172226	a7	a15	a29	13
12	1.88969445317757	a7	a14	a29	14
13	1.88970202523028	a7	a16
12	1.88971338330933	a7	a17	a29	15
13	1.88977666403549	a7	a15
13	1.88980262535904	a7	a14
13	1.88982263721262	a7	a17
13	1.89008928163994	a6	a10
13	1.8901379591216	a8	a56
12	1.89082809763937	a8	a56	a42	0
12	1.89095141392624	a6	a10	a30	0
12	1.89100928604333	a7	a14	a31	0
12	1.89114017438291	a7	a17	a31	1
13	1.89121048630086	a7	a14
12	1.89122617126717	a7	a15	a31	2
12	1.89126781755704	a7	a14	a31	3
13	1.8914344027165	a7	a14
13	1.8914787533109	a7	a17
13	1.89149389741631	a7	a15
12	1.89152148132258	a7	a14	a31	4
12	1.89159179324054	a7	a17	a31	5
12	1.89163560297403	a7	a16	a31	7
12	1.89166210515849	a7	a15	a31	6
13	1.89167887184662	a7	a14
12	1.89174810204276	a7	a14	a31	8
13	1.89176108270454	a7	a17
13	1.89180326985531	a7	a15
12	1.89184113011882	a7	a17	a31	9
12	1.89186709144238	a7	a15	a31	10
13	1.89189575707047	a7	a16
12	1.89199743892105	a7	a16	a31	11
13	1.89205098415087	a7	a15
13	1.89207315944807	a7	a17
12	1.8921483391142	a7	a15	a31	12
13	1.89216889182867	a7	a16
12	1.89217159613321	a7	a17	a31	13
12	1.89225326613022	a7	a16	a31	14
13	1.89232465976999	a7	a17
13	1.89235278453717	a7	a15
13	1.89235819314625	a7	a14
12	1.89240957493244	a7	a15	a31	15
13	1.89242688248148	a7	a16
13	1.89260915260725	a7	a15
13	1.89273679578139	a6	a10
13	1.89297693802425	a8	a56
12	1.89305211769037	a8	a56	a45	0
12	1.89310079517203	a6	a10	a32	0
12	1.89319220066537	a7	a14	a33	0
13	1.89323655125977	a7	a14
12	1.89325656311334	a7	a14	a33	1
13	1.89327332980147	a7	a14
12	1.89333282450128	a7	a16	a33	2
12	1.89337717509568	a7	a14	a33	3
13	1.89339772781016	a7	a14
12	1.89341882138555	a7	a15	a33	4
13	1.89343180204732	a7	a16
12	1.8934372106564	a7	a14	a33	5
13	1.89346046767541	a7	a14
13	1.89347236661537	a7	a15
12	1.89353077959337	a7	a16	a33	6
12	1.89355728177783	a7	a15	a33	7
13	1.89357621190958	a7	a16
13	1.89357621190958	a7	a15
12	1.89357891621412	a7	a14	a33	8
13	1.89364760554935	a7	a14
12	1.89368005720379	a7	a15	a33	9
12	1.89368600667378	a7	a16	a33	10
13	1.89370926369279	a7	a15
12	1.89372008091094	a7	a14	a33	11
13	1.89372981640727	a7	a16
13	1.89379039282889	a7	a14
12	1.89383636600602	a7	a15	a33	12
12	1.89384501978053	a7	a14	a33	13
13	1.89386394991229	a7	a14
13	1.89387260368681	a7	a15
12	1.89387801229588	a7	a16	a33	14
13	1.89395427368382	a7	a16
12	1.89395968229289	a7	a14	a33	15
13	1.89398402103372	a7	a14
13	1.89522042906791	a6	a10
13	1.89533238727573	a8	a56
12	1.89607066241426	a8	a56	a50	0
12	1.90288550984679	a6	a10	a34	0
12	1.90296447553927	a7	a14	a35	0
12	1.90316621665771	a7	a15	a35	1
12	1.90319975003396	a7	a17	a35	2
12	1.90328466519641	a7	a16	a35	3
13	1.92956076979702	a7	a15
13	1.93003726825639	a7	a14
13	1.93142403562282	a7	a17
13	1.93156952720689	a7	a16
13	1.93185618348778	a6	a10
12	1.93225425711559	a6	a10	a36	0
12	1.93231861956356	a7	a14	a37	0
12	1.93248899074938	a7	a15	a37	1
12	1.93301092152496	a7	a17	a37	2
12	1.93303688284852	a7	a16	a37	3
13	1.93458482676534	a7	a16
13	1.9367396166202	a7	a17
13	1.93715337521431	a7	a14
13	1.93817019372012	a7	a15
13	1.93833623801868	a6	a10
12	1.94162791750077	a6	a10	a38	0
12	1.94175988756217	a7	a14	a39	0
12	1.94208602668929	a7	a15	a39	1
12	1.94222719138611	a7	a17	a39	2
12	1.94236024316932	a7	a16	a39	3
13	1.94392603549608	a7	a14
13	1.94478275917331	a7	a16
13	1.94509321333413	a7	a15
13	1.94516136180845	a7	a17
13	1.94537229756232	a6	a10
12	1.94545126325479	a6	a10	a40	0
12	1.94551346225914	a7	a14	a41	0
12	1.94585907237893	a7	a16	a41	1
12	1.94594290581957	a7	a15	a41	2
12	1.94604242422652	a7	a17	a41	3
13	1.94606784468916	a7	a14
13	1.94756224337616	a7	a16
13	1.94796410303031	a7	a15
13	1.94811608494528	a7	a17
13	1.94826265825117	a6	a10
12	1.94866235446169	a8	a57	a49	0
13	1.95797976531251	a8	a57
12	1.95810037729485	a8	a57	a54	0
12	1.96220118469434	a8	a58	a53	0
13	1.98116593154946	a8	a58
12	1.98121677247475	a8	a58	a52	0
13	1.98691636471634	a8	a58
12	1.98694448948352	a8	a58	a51	0
13	1.98989380401127	a8	a58
13	1.99315627700437	a8	a57
13	1.99336559017551	a8	a56
13	1.99353163447407	a8	a55
12	1.99477453283915	a8	a55	a46	0
12	1.99484808992255	a8	a56	a48	0
13	2.06698054569142	a8	a56
12	2.06746083017715	a6	a10	a20	0
12	2.06757224752406	a7	a14	a21	0
12	2.06763985513748	a7	a17	a21	1
12	2.0679805975091	a7	a16	a21	2
13	2.06838840663324	a7	a14
12	2.06844952391577	a7	a14	a21	3
13	2.06875456946751	a7	a17
13	2.06896658694319	a7	a16
13	2.06905799243653	a7	a14
13	2.06913100865903	a6	a10
12	2.06967024698365	a8	a56	a44	0
12	2.06969729002902	a8	a57	a43	0
12	2.07006507544601	a6	a10	a22	0
12	2.07012024325856	a7	a14	a23	0
12	2.07020353583829	a7	a17	a23	1
12	2.07035443603144	a7	a15	a23	2
12	2.07058484277797	a7	a16	a23	3
13	2.07071573111754	a7	a14
12	2.07078225700915	a7	a14	a23	4
13	2.07122846725771	a7	a17
12	2.07129553401022	a7	a17	a23	5
13	2.07134042546553	a7	a14
12	2.07137774486813	a7	a14	a23	6
13	2.07139397069535	a7	a15
13	2.07145292453425	a7	a16
12	2.07147996757962	a7	a15	a23	7
12	2.07154054400124	a7	a16	a23	8
13	2.07193537246361	a7	a14
12	2.07199054027615	a7	a14	a23	9
13	2.07207058769044	a7	a17
12	2.07215388027017	a7	a17	a23	10
13	2.07235021277954	a7	a16
12	2.07244053655107	a7	a16	a23	11
13	2.07253789151439	a7	a15
13	2.07256168939431	a7	a14
12	2.07262929700773	a7	a15	a23	12
12	2.0726422776695	a7	a14	a23	13
13	2.07303007494007	a7	a17
12	2.07310146857984	a7	a17	a23	14
13	2.07319071062955	a7	a14
12	2.07324371499847	a7	a14	a23	15
13	2.07329076989741	a7	a16
13	2.07354443366296	a7	a15
13	2.07381756842116	a7	a14
13	2.07406257841219	a7	a17
13	2.0742697281397	a6	a10
12	2.07453961773247	a6	a10	a24	0
12	2.07461263395496	a7	a14	a25	0
13	2.07468024156838	a7	a14
12	2.07469700825651	a7	a14	a25	1
13	2.07472729646732	a7	a14
12	2.07479706752436	a7	a14	a25	2
13	2.07483222348334	a7	a14
12	2.0748435815624	a7	a17	a25	3
13	2.07500367639097	a7	a17
13	2.0751897325431	a6	a10
12	2.07526707565285	a6	a10	a26	0
12	2.0753227843263	a7	a14	a27	0
13	2.07540283174059	a7	a14
12	2.07542068015053	a7	a14	a27	1
13	2.07547530710217	a7	a14
12	2.0755142490875	a7	a14	a27	2
12	2.07553534266289	a7	a16	a27	3
13	2.07556725345642	a7	a14
13	2.07572680742409	a7	a16
13	2.07586256351183	a6	a10
12	2.07607944873568	a6	a10	a22	0
12	2.07614056601821	a7	a14	a23	0
12	2.07641207819369	a7	a16	a23	1
12	2.07651700520972	a7	a17	a23	2
12	2.07657217302227	a7	a15	a23	3
13	2.07667385487285	a7	a14
12	2.07672361407633	a7	a14	a23	4
13	2.07726826101002	a7	a14
12	2.07728394597633	a7	a14	a23	5
13	2.07729097716813	a7	a16
13	2.07736020736427	a7	a17
12	2.07736291166881	a7	a16	a23	6
12	2.07747162471118	a7	a17	a23	7
13	2.07758087861447	a7	a15
12	2.07766741635964	a7	a15	a23	8
13	2.07787240264352	a7	a14
12	2.07792270270791	a7	a14	a23	9
13	2.07845166467529	a7	a14
13	2.07846031844981	a7	a17
12	2.07846789050251	a7	a14	a23	10
12	2.07853874328137	a7	a17	a23	11
13	2.07864204771468	a7	a15
12	2.07870965532809	a7	a15	a23	12
13	2.07879619307327	a7	a16
12	2.07888110823572	a7	a16	a23	13
13	2.0790633783615	a7	a14
12	2.07911584186951	a7	a14	a23	14
13	2.07940574331585	a7	a17
12	2.07947767781652	a7	a17	a23	15
13	2.07949282192193	a7	a15
13	2.07967887807405	a7	a14
13	2.07974053621749	a7	a16
13	2.08026246699308	a7	a17
13	2.08041174460351	a6	a10
13	2.08061294486104	a8	a57
12	2.08064485565457	a6	a10	a28	0
12	2.08070218691075	a7	a14	a29	0
13	2.08079088809955	a7	a14
12	2.08080657306587	a7	a14	a29	1
13	2.08086606776568	a7	a14
12	2.0808822935929	a7	a14	a29	2
13	2.08093205279637	a7	a14
12	2.08094827862359	a7	a14	a29	3
13	2.08099533352253	a7	a14
12	2.08106402285776	a7	a14	a29	4
12	2.08109322934676	a7	a17	a29	5
13	2.08110945517398	a7	a14
12	2.08116137782108	a7	a14	a29	6
13	2.08121546391182	a7	a14
12	2.08127117258528	a7	a15	a29	7
12	2.08128144894252	a7	a16	a29	8
13	2.08129388874338	a7	a17
12	2.08131119629242	a7	a14	a29	9
13	2.08138962112398	a7	a14
12	2.08140638781211	a7	a17	a29	10
13	2.08141504158663	a7	a15
13	2.08142153191752	a7	a16
12	2.08142531794387	a7	a14	a29	11
13	2.08147669973007	a7	a17
13	2.0814794040346	a7	a14
12	2.08149887502727	a7	a16	a29	12
12	2.08157189124976	a7	a15	a29	13
12	2.08158162674609	a7	a14	a29	14
13	2.08160812893055	a7	a16
12	2.08160921065237	a7	a17	a29	15
13	2.08163084508866	a7	a14
13	2.0816703279349	a7	a15
13	2.0818617926961	a7	a17
13	2.08203594990826	a6	a10
13	2.0820684015627	a8	a56
12	2.08275745835866	a8	a56	a42	0
12	2.08285805848742	a6	a10	a30	0
12	2.08292404351812	a7	a14	a31	0
13	2.08307440285036	a7	a14
12	2.08309711900847	a7	a14	a31	1
13	2.08319988258087	a7	a14
12	2.08321610840809	a7	a14	a31	2
13	2.08331616767594	a7	a14
12	2.08336051827035	a7	a14	a31	3
12	2.08338053012392	a7	a16	a31	4
13	2.08346328184274	a7	a14
12	2.08349843780172	a7	a14	a31	5
13	2.08359903793049	a7	a14
12	2.08361526375771	a7	a14	a31	6
13	2.08369368858927	a7	a16
13	2.0837104552774	a7	a14
12	2.08377319514265	a7	a14	a31	7
12	2.08380186077074	a7	a16	a31	8
13	2.08387217268869	a7	a14
12	2.08388461248956	a7	a15	a31	9
12	2.08391760500491	a7	a14	a31	10
13	2.08394951579844	a7	a16
12	2.08396736420839	a7	a17	a31	11
13	2.08401604169005	a7	a14
12	2.08402848149092	a7	a16	a31	12
12	2.08407283208532	a7	a14	a31	13
13	2.08410690632248	a7	a15
13	2.08417884082316	a7	a14
12	2.08418479029314	a7	a15	a31	14
13	2.08419019890221	a7	a16
12	2.08422535486119	a7	a14	a31	15
13	2.08423617207934	a7	a17
13	2.08433569048629	a7	a15
13	2.08434109909536	a7	a14
13	2.08457150584189	a6	a10
13	2.08479488139662	a8	a56
12	2.08484788576554	a8	a56	a45	0
12	2.08488845033359	a6	a10	a32	0
12	2.08493766867616	a7	a14	a33	0
13	2.0849771515224	a7	a14
12	2.08499391821053	a7	a14	a33	1
13	2.08501014403775	a7	a14
12	2.08503340105676	a7	a14	a33	2
13	2.0850507086058	a7	a14
12	2.08507450648572	a7	a14	a33	3
13	2.08509073231294	a7	a14
12	2.08510858072288	a7	a14	a33	4
13	2.08512534741101	a7	a14
12	2.08514211409914	a7	a14	a33	5
13	2.08515833992636	a7	a14
12	2.08520377224258	a7	a14	a33	6
13	2.0852199980698	a7	a14
12	2.08526759382964	a7	a17	a33	7
12	2.08529085084866	a7	a14	a33	8
13	2.08531194442405	a7	a14
12	2.0853600810448	a7	a14	a33	9
13	2.08537738859383	a7	a14
12	2.08539361442105	a7	a15	a33	10
12	2.0854190348837	a7	a14	a33	11
13	2.08542985210185	a7	a17
13	2.08543580157183	a7	a14
13	2.08546717150445	a7	a15
12	2.08550665435069	a7	a17	a33	12
12	2.08552396189972	a7	a14	a33	13
13	2.08554181030967	a7	a14
13	2.08555749527598	a7	a17
12	2.08557480282501	a7	a15	a33	14
13	2.08561266308853	a7	a15
12	2.08565430937839	a7	a17	a33	15
13	2.08569433308554	a7	a17
13	2.0858387429478	a6	a10
13	2.08592473983207	a8	a56
12	2.08710111230554	a8	a56	a50	0
12	2.09062752542143	a6	a10	a34	0
12	2.09069837820029	a7	a14	a35	0
12	2.09079735574633	a7	a15	a35	1
12	2.09110943248987	a7	a17	a35	2
12	2.09118785732143	a7	a16	a35	3
13	2.11794262382503	a7	a14
13	2.1181243530899	a7	a17
13	2.11954465383259	a7	a15
13	2.12075618226504	a7	a16
13	2.12093358464265	a6	a10
12	2.12134031204497	a6	a10	a36	0
12	2.12140467449294	a7	a14	a37	0
12	2.12188982672683	a7	a17	a37	1
12	2.12192065579855	a7	a15	a37	2
12	2.12211049797703	a7	a16	a37	3
13	2.12277197086671	a7	a14
13	2.12374552049993	a7	a16
13	2.12426204266644	a7	a15
13	2.12503547376395	a7	a17
13	2.12519502773161	a6	a10
12	2.12939968042531	a6	a10	a38	0
12	2.12949703538863	a7	a14	a39	0
12	2.12961386134462	a7	a17	a39	1
12	2.12985454444838	a7	a15	a39	2
12	2.13025748582436	a7	a16	a39	3
13	2.1320650429767	a7	a14
13	2.13236197561483	a7	a17
13	2.13275464063356	a7	a15
13	2.13328792948821	a7	a16
13	2.13346370928309	a6	a10
12	2.13360325139719	a6	a10	a40	0
12	2.13371575046592	a7	a14	a41	0
12	2.13411166065009	a7	a16	a41	1
12	2.13419008548166	a7	a15	a41	2
12	2.13424849845965	a7	a17	a41	3
13	2.13472445605811	a7	a14
13	2.13647684539791	a7	a16
13	2.13647900884154	a7	a15
13	2.13671428333623	a7	a17
13	2.13686518352938	a6	a10
12	2.13742767887302	a8	a57	a49	0
13	2.14824706046353	a8	a57
12	2.1484801715146	a8	a57	a54	0
12	2.15100815539553	a8	a58	a53	0
13	2.19270041843816	a8	a58
12	2.19274801419801	a8	a58	a52	0
13	2.19824802876479	a8	a58
12	2.1982853481674	a8	a58	a51	0
13	2.20138448116648	a8	a58
13	2.20451768840273	a8	a57
13	2.20467075203951	a8	a56
13	2.20484436839076	a8	a55
12	2.20498445136577	a8	a55	a50	0
12	2.21144719834762	a6	a10	a34	0
12	2.21162081469888	a7	a14	a35	0
12	2.21206918839107	a7	a15	a35	1
12	2.2120859550792	a7	a17	a35	2
12	2.21222495633238	a7	a16	a35	3
13	2.2380088775073	a7	a14
13	2.24061041847163	a7	a15
13	2.24673025963823	a7	a17
13	2.24744041000957	a7	a16
13	2.2633638959827	a6	a10
12	2.26348883485229	a6	a10	a36	0
12	2.26357375001474	a7	a14	a37	0
12	2.26367975875258	a7	a17	a37	1
12	2.26413624535838	a7	a15	a37	2
12	2.26457704699787	a7	a16	a37	3
13	2.2659638143643	a7	a16
13	2.26820838712978	a7	a14
13	2.26838254434194	a7	a15
13	2.26883849008683	a7	a17
13	2.26898235908819	a6	a10
12	2.2719435725559	a6	a10	a38	0
12	2.27200090381208	a7	a14	a39	0
12	2.27220318579142	a7	a16	a39	1
12	2.27227403857029	a7	a17	a39	2
12	2.27242656134616	a7	a15	a39	3
13	2.27314103860476	a7	a14
13	2.27433363690545	a7	a17
13	2.27433850465362	a7	a16
13	2.27504216469407	a7	a15
13	2.27519036058269	a6	a10
12	2.27525418216975	a6	a10	a40	0
12	2.2753315252795	a7	a14	a41	0
12	2.27552244917979	a7	a17	a41	1
12	2.27556247288694	a7	a16	a41	2
12	2.27575556023086	a7	a15	a41	3
13	2.27586102810779	a7	a14
13	2.27724184600424	a7	a17
13	2.27735326335116	a7	a16
13	2.27777946174614	a7	a15
13	2.27792657591294	a6	a10
12	2.27827543119818	a8	a56	a49	0
13	2.28644351262089	a8	a56
12	2.28649327182437	a8	a56	a54	0
12	2.28835004731928	a8	a57	a53	0
13	2.30609082594108	a8	a57
12	2.30614437117091	a8	a57	a52	0
13	2.3162476529201	a8	a57
12	2.3162995755672	a8	a57	a51	0
13	2.3194955226687	a8	a57
13	2.32276935374086	a8	a56
13	2.32297325830292	a8	a55
