%EventDef PajeDefineContainerType 0 
%       Alias string 
%       Type string 
%       Name string 
%EndEventDef 
%EventDef PajeDefineVariableType 1 
%       Alias string 
%       Type string 
%       Name string 
%       Color color 
%EndEventDef 
%EventDef PajeDefineStateType 2 
%       Alias string 
%       Type string 
%       Name string 
%EndEventDef 
%EventDef PajeDefineEventType 3 
%       Alias string 
%       Type string 
%       Name string 
%       Color color 
%EndEventDef 
%EventDef PajeDefineLinkType 4 
%       Alias string 
%       Type string 
%       StartContainerType string 
%       EndContainerType string 
%       Name string 
%EndEventDef 
%EventDef PajeDefineEntityValue 5 
%       Alias string 
%       Type string 
%       Name string 
%       Color color 
%EndEventDef 
%EventDef PajeCreateContainer 6 
%       Time date 
%       Alias string 
%       Type string 
%       Container string 
%       Name string 
%EndEventDef 
%EventDef PajeDestroyContainer 7 
%       Time date 
%       Type string 
%       Name string 
%EndEventDef 
%EventDef PajeSetVariable 8 
%       Time date 
%       Type string 
%       Container string 
%       Value double 
%EndEventDef
%EventDef PajeAddVariable 9 
%       Time date 
%       Type string 
%       Container string 
%       Value double 
%EndEventDef
%EventDef PajeSubVariable 10 
%       Time date 
%       Type string 
%       Container string 
%       Value double 
%EndEventDef
%EventDef PajeSetState 11 
%       Time date 
%       Type string 
%       Container string 
%       Value string 
%EndEventDef
%EventDef PajePushState 12 
%       Time date 
%       Type string 
%       Container string 
%       Value string 
%       Id string 
%EndEventDef
%EventDef PajePopState 13 
%       Time date 
%       Type string 
%       Container string 
%EndEventDef
%EventDef PajeResetState 14 
%       Time date 
%       Type string 
%       Container string 
%EndEventDef
%EventDef PajeStartLink 15 
%       Time date 
%       Type string 
%       Container string 
%       Value string 
%       StartContainer string 
%       Key string 
%EndEventDef
%EventDef PajeEndLink 16 
%       Time date 
%       Type string 
%       Container string 
%       Value string 
%       EndContainer string 
%       Key string 
%EndEventDef
%EventDef PajeNewEvent 17 
%       Time date 
%       Type string 
%       Container string 
%       Value string 
%EndEventDef
0	a1	0	"Task Manager"
0	a2	a1	"Node"
0	a3	a1	"Thread"
0	a4	a1	"Jobs"
0	a5	a1	"Memory usage"
2	a6	a4	"Job"
2	a7	a3	"Task"
2	a8	a3	"Timer state"
6	0	a9	a1	0	"The task manager"
6	0	a10	a4	a9	"Jobs"
6	0	a11	a5	a9	"Memory"
1	a12	a1	"Memory [MB]"	"1.0 1.0 1.0"
6	0	a13	a2	a9	"Node 0"
6	0	a14	a3	a13	"Thread 0"
6	0	a15	a3	a13	"Thread 1"
6	0	a16	a3	a13	"Thread 2"
6	0	a17	a3	a13	"Thread 3"
5	a18	a6	"ngcore::ParallelFor<int,ngcore::EnterTaskManager()::{lambda(int)#1}>(ngcore::T_Range<int>,ngcore::EnterTaskManager()::{lambda(int)#1},int,ngcore::TotalCosts)::{lambda(ngcore::TaskInfo&)#1}"	"0.630615054310908 1 0"
5	a19	a7	"ngcore::ParallelFor<int,ngcore::EnterTaskManager()::{lambda(int)#1}>(ngcore::T_Range<int>,ngcore::EnterTaskManager()::{lambda(int)#1},int,ngcore::TotalCosts)::{lambda(ngcore::TaskInfo&)#1}"	"0.630615054310908 1 0"
5	a20	a6	"ngcore::ParallelForRange<netgen::ElementIndex,netgen::MeshOptimize3d::SwapImprove(netgen::Mesh&,netgen::OPTIMIZEGOAL,netgen::NgBitArray const*)::{lambda(auto:1)#1}>(ngcore::T_Range<netgen::ElementIndex>,netgen::MeshOptimize3d::SwapImprove(netgen::Mesh&,netgen::OPTIMIZEGOAL,netgen::NgBitArray const*)::{lambda(auto:1)#1},int,ngcore::TotalCosts)::{lambda(ngcore::TaskInfo&)#1}"	"0.708022642579866 0 1"
5	a21	a7	"ngcore::ParallelForRange<netgen::ElementIndex,netgen::MeshOptimize3d::SwapImprove(netgen::Mesh&,netgen::OPTIMIZEGOAL,netgen::NgBitArray const*)::{lambda(auto:1)#1}>(ngcore::T_Range<netgen::ElementIndex>,netgen::MeshOptimize3d::SwapImprove(netgen::Mesh&,netgen::OPTIMIZEGOAL,netgen::NgBitArray const*)::{lambda(auto:1)#1},int,ngcore::TotalCosts)::{lambda(ngcore::TaskInfo&)#1}"	"0.708022642579866 0 1"
5	a22	a6	"ngcore::ParallelForRange<netgen::ElementIndex,ngcore::CreateTable<netgen::ElementIndex,netgen::PointIndex,ngcore::T_Range<netgen::ElementIndex>,netgen::Mesh::CreatePoint2ElementTable(std::optional<ngcore::BitArray>)const::{lambda(auto:1&,netgen::ElementIndex)#1}>(ngcore::T_Range<netgen::ElementIndex>const&,netgen::Mesh::CreatePoint2ElementTable(std::optional<ngcore::BitArray>)const::{lambda(auto:1&,netgen::ElementIndex)#1}const&,std::optional<unsigned long>)::{lambda(auto:1)#1}>(ngcore::T_Range<netgen::ElementIndex>,ngcore::Table,int,ngcore::TotalCosts)::{lambda(ngcore::TaskInfo&)#1}"	"0 0.230008221284954 1"
5	a23	a7	"ngcore::ParallelForRange<netgen::ElementIndex,ngcore::CreateTable<netgen::ElementIndex,netgen::PointIndex,ngcore::T_Range<netgen::ElementIndex>,netgen::Mesh::CreatePoint2ElementTable(std::optional<ngcore::BitArray>)const::{lambda(auto:1&,netgen::ElementIndex)#1}>(ngcore::T_Range<netgen::ElementIndex>const&,netgen::Mesh::CreatePoint2ElementTable(std::optional<ngcore::BitArray>)const::{lambda(auto:1&,netgen::ElementIndex)#1}const&,std::optional<unsigned long>)::{lambda(auto:1)#1}>(ngcore::T_Range<netgen::ElementIndex>,ngcore::Table,int,ngcore::TotalCosts)::{lambda(ngcore::TaskInfo&)#1}"	"0 0.230008221284954 1"
5	a24	a6	"ngcore::TablePrefixSum2<unsigned int>(ngcore::FlatArray<unsigned int,unsigned long>)::{lambda(ngcore::TaskInfo)#1}"	"0 0.312895337658212 1"
5	a25	a7	"ngcore::TablePrefixSum2<unsigned int>(ngcore::FlatArray<unsigned int,unsigned long>)::{lambda(ngcore::TaskInfo)#1}"	"0 0.312895337658212 1"
5	a26	a6	"ngcore::TablePrefixSum2<unsigned int>(ngcore::FlatArray<unsigned int,unsigned long>)::{lambda(ngcore::TaskInfo)#2}"	"0 1 0.887517304832004"
5	a27	a7	"ngcore::TablePrefixSum2<unsigned int>(ngcore::FlatArray<unsigned int,unsigned long>)::{lambda(ngcore::TaskInfo)#2}"	"0 1 0.887517304832004"
5	a28	a6	"ngcore::ParallelForRange<netgen::PointIndex,ngcore::CreateSortedTable<netgen::ElementIndex,netgen::PointIndex,ngcore::T_Range<netgen::ElementIndex>,netgen::Mesh::CreatePoint2ElementTable(std::optional<ngcore::BitArray>)const::{lambda(auto:1&,netgen::ElementIndex)#1}>(ngcore::T_Range<netgen::ElementIndex>const&,netgen::Mesh::CreatePoint2ElementTable(std::optional<ngcore::BitArray>)const::{lambda(auto:1&,netgen::ElementIndex)#1}const&,std::optional<unsigned long>)::{lambda(auto:1)#1}>(ngcore::T_Range<netgen::PointIndex>,ngcore::Table,int,ngcore::TotalCosts)::{lambda(ngcore::TaskInfo&)#1}"	"0 0.170427812303051 1"
5	a29	a7	"ngcore::ParallelForRange<netgen::PointIndex,ngcore::CreateSortedTable<netgen::ElementIndex,netgen::PointIndex,ngcore::T_Range<netgen::ElementIndex>,netgen::Mesh::CreatePoint2ElementTable(std::optional<ngcore::BitArray>)const::{lambda(auto:1&,netgen::ElementIndex)#1}>(ngcore::T_Range<netgen::ElementIndex>const&,netgen::Mesh::CreatePoint2ElementTable(std::optional<ngcore::BitArray>)const::{lambda(auto:1&,netgen::ElementIndex)#1}const&,std::optional<unsigned long>)::{lambda(auto:1)#1}>(ngcore::T_Range<netgen::PointIndex>,ngcore::Table,int,ngcore::TotalCosts)::{lambda(ngcore::TaskInfo&)#1}"	"0 0.170427812303051 1"
5	a30	a6	"ngcore::ParallelFor<unsigned long,netgen::BuildEdgeList<netgen::ElementIndex>(netgen::Mesh const&,ngcore::Table<netgen::ElementIndex,netgen::PointIndex>const&,ngcore::Array<std::tuple<netgen::PointIndex,netgen::PointIndex>,unsigned long>&)::{lambda(int)#1}>(ngcore::T_Range<unsigned long>,netgen::BuildEdgeList<netgen::ElementIndex>(netgen::Mesh const&,ngcore::Table<netgen::ElementIndex,netgen::PointIndex>const&,ngcore::Array<std::tuple<netgen::PointIndex,netgen::PointIndex>,unsigned long>&)::{lambda(int)#1},int,ngcore::TotalCosts)::{lambda(ngcore::TaskInfo&)#1}"	"1 0.872005992306398 0"
5	a31	a7	"ngcore::ParallelFor<unsigned long,netgen::BuildEdgeList<netgen::ElementIndex>(netgen::Mesh const&,ngcore::Table<netgen::ElementIndex,netgen::PointIndex>const&,ngcore::Array<std::tuple<netgen::PointIndex,netgen::PointIndex>,unsigned long>&)::{lambda(int)#1}>(ngcore::T_Range<unsigned long>,netgen::BuildEdgeList<netgen::ElementIndex>(netgen::Mesh const&,ngcore::Table<netgen::ElementIndex,netgen::PointIndex>const&,ngcore::Array<std::tuple<netgen::PointIndex,netgen::PointIndex>,unsigned long>&)::{lambda(int)#1},int,ngcore::TotalCosts)::{lambda(ngcore::TaskInfo&)#1}"	"1 0.872005992306398 0"
5	a32	a6	"ngcore::ParallelForRange<unsigned long,netgen::MeshOptimize3d::SwapImprove(netgen::Mesh&,netgen::OPTIMIZEGOAL,netgen::NgBitArray const*)::{lambda(auto:1)#2}>(ngcore::T_Range<unsigned long>,netgen::MeshOptimize3d::SwapImprove(netgen::Mesh&,netgen::OPTIMIZEGOAL,netgen::NgBitArray const*)::{lambda(auto:1)#2},int,ngcore::TotalCosts)::{lambda(ngcore::TaskInfo&)#1}"	"1 0.408375991137786 0"
5	a33	a7	"ngcore::ParallelForRange<unsigned long,netgen::MeshOptimize3d::SwapImprove(netgen::Mesh&,netgen::OPTIMIZEGOAL,netgen::NgBitArray const*)::{lambda(auto:1)#2}>(ngcore::T_Range<unsigned long>,netgen::MeshOptimize3d::SwapImprove(netgen::Mesh&,netgen::OPTIMIZEGOAL,netgen::NgBitArray const*)::{lambda(auto:1)#2},int,ngcore::TotalCosts)::{lambda(ngcore::TaskInfo&)#1}"	"1 0.408375991137786 0"
5	a34	a6	"ngcore::ParallelForRange<netgen::ElementIndex,netgen::Mesh::Compress()::{lambda(auto:1)#1}>(ngcore::T_Range<netgen::ElementIndex>,netgen::Mesh::Compress()::{lambda(auto:1)#1},int,ngcore::TotalCosts)::{lambda(ngcore::TaskInfo&)#1}"	"1 0.0611641584106637 0"
5	a35	a7	"ngcore::ParallelForRange<netgen::ElementIndex,netgen::Mesh::Compress()::{lambda(auto:1)#1}>(ngcore::T_Range<netgen::ElementIndex>,netgen::Mesh::Compress()::{lambda(auto:1)#1},int,ngcore::TotalCosts)::{lambda(ngcore::TaskInfo&)#1}"	"1 0.0611641584106637 0"
5	a36	a6	"ngcore::ParallelForRange<netgen::SurfaceElementIndex,netgen::Mesh::Compress()::{lambda(auto:1)#2}>(ngcore::T_Range<netgen::SurfaceElementIndex>,netgen::Mesh::Compress()::{lambda(auto:1)#2},int,ngcore::TotalCosts)::{lambda(ngcore::TaskInfo&)#1}"	"1 0 -2.77631980257023"
5	a37	a7	"ngcore::ParallelForRange<netgen::SurfaceElementIndex,netgen::Mesh::Compress()::{lambda(auto:1)#2}>(ngcore::T_Range<netgen::SurfaceElementIndex>,netgen::Mesh::Compress()::{lambda(auto:1)#2},int,ngcore::TotalCosts)::{lambda(ngcore::TaskInfo&)#1}"	"1 0 -2.77631980257023"
5	a38	a6	"ngcore::ParallelForRange<netgen::ElementIndex,netgen::Mesh::Compress()::{lambda(auto:1)#3}>(ngcore::T_Range<netgen::ElementIndex>,netgen::Mesh::Compress()::{lambda(auto:1)#3},int,ngcore::TotalCosts)::{lambda(ngcore::TaskInfo&)#1}"	"0.688034037288286 1 0"
5	a39	a7	"ngcore::ParallelForRange<netgen::ElementIndex,netgen::Mesh::Compress()::{lambda(auto:1)#3}>(ngcore::T_Range<netgen::ElementIndex>,netgen::Mesh::Compress()::{lambda(auto:1)#3},int,ngcore::TotalCosts)::{lambda(ngcore::TaskInfo&)#1}"	"0.688034037288286 1 0"
5	a40	a6	"ngcore::ParallelForRange<netgen::SurfaceElementIndex,netgen::Mesh::Compress()::{lambda(auto:1)#4}>(ngcore::T_Range<netgen::SurfaceElementIndex>,netgen::Mesh::Compress()::{lambda(auto:1)#4},int,ngcore::TotalCosts)::{lambda(ngcore::TaskInfo&)#1}"	"0 0.666479625428673 1"
5	a41	a7	"ngcore::ParallelForRange<netgen::SurfaceElementIndex,netgen::Mesh::Compress()::{lambda(auto:1)#4}>(ngcore::T_Range<netgen::SurfaceElementIndex>,netgen::Mesh::Compress()::{lambda(auto:1)#4},int,ngcore::TotalCosts)::{lambda(ngcore::TaskInfo&)#1}"	"0 0.666479625428673 1"
5	a42	a8	"Build edges"	"0 0.0614795051658243 1"
5	a43	a8	"CreateTable"	"0.608616351291681 0 1"
5	a44	a8	"CreateSortedTable"	"0 0.0381698166109086 1"
5	a45	a8	"MeshOptimize3d::SwapImprove loop"	"0.154668690207104 1 0"
5	a46	a8	"MeshOptimize3d::SwapImprove"	"1 0 -2.43968480148811"
5	a47	a8	"FreeOpenElementsEnvironment"	"0.907015785320433 0 1"
5	a48	a8	"Mesh::BuildBoundaryEdges"	"1 0 -2.61861416630415"
5	a49	a8	"Mesh::LinkSurfaceElements"	"0 1 0.171518596860468"
5	a50	a8	"Mesh::Compress"	"1 0.648677515017027 0"
5	a51	a8	"Mesh::CalcSurfacesOfNode, pointloop"	"0 0.319536079261344 1"
5	a52	a8	"Mesh::CalcSurfacesOfNode - surfelementht"	"0.690162641156969 0 1"
5	a53	a8	"Mesh::CalcSurfacesOfNode - surf on node"	"0.000515674241007069 1 0"
5	a54	a8	"Mesh::CalcSurfacesOfNode"	"1 0 -2.35340285344361"
6	0	a55	a3	a9	"Timer level 0"
6	0	a56	a3	a9	"Timer level 1"
6	0	a57	a3	a9	"Timer level 2"
6	0	a58	a3	a9	"Timer level 3"
4	a59	a2	a3	a3	"links"
8	0	a12	a11	0
12	0.129424769962046	a6	a10	a18	0
12	0.12949129585365	a7	a14	a19	0
13	0.129556199162531	a7	a14
12	0.129573506711566	a7	a14	a19	1
13	0.129585946512435	a7	a14
12	0.129622184193227	a7	a14	a19	2
13	0.129628133663208	a7	a14
12	0.129674647701239	a7	a16	a19	3
13	0.129875847958771	a7	a16
13	0.130007277159256	a6	a10
12	0.132082019599829	a8	a55	a47	0
13	0.167369407777693	a8	a55
12	0.167625234986867	a8	a55	a46	0
12	0.167760450213703	a8	a56	a48	0
13	0.167804800808105	a8	a56
12	0.168876246265554	a6	a10	a20	0
12	0.168948180766231	a7	a14	a21	0
12	0.169162361685539	a7	a17	a21	1
12	0.169194272479072	a7	a16	a21	2
12	0.169390064127531	a7	a15	a21	3
13	0.170771422884888	a7	a14
13	0.171441008688181	a7	a17
13	0.172484329378448	a7	a16
13	0.173018159093997	a7	a15
13	0.173133903328168	a6	a10
12	0.174181010044787	a8	a56	a44	0
12	0.174262139180888	a8	a57	a43	0
12	0.174666703139582	a6	a10	a22	0
12	0.174720789230316	a7	a14	a23	0
12	0.174858708761689	a7	a16	a23	1
12	0.175032865973854	a7	a15	a23	2
12	0.175131843519898	a7	a17	a23	3
13	0.176185981428312	a7	a14
12	0.176243312684491	a7	a14	a23	4
13	0.176936696367706	a7	a17
13	0.176946431864038	a7	a16
12	0.177004844842031	a7	a17	a23	5
12	0.177023774973788	a7	a16	a23	6
13	0.177100577222631	a7	a15
12	0.177157367617902	a7	a15	a23	7
13	0.17787076315469	a7	a14
12	0.177928094410868	a7	a14	a23	8
13	0.178431095054698	a7	a17
12	0.178504652138097	a7	a17	a23	9
13	0.178778868618121	a7	a16
12	0.178844312787909	a7	a16	a23	10
13	0.178936259142158	a7	a15
12	0.178989804371985	a7	a15	a23	11
13	0.179466302831355	a7	a14
12	0.17952038892209	a7	a14	a23	12
13	0.180174830619976	a7	a17
12	0.180251092007912	a7	a17	a23	13
13	0.180320863064959	a7	a16
12	0.180387388956563	a7	a16	a23	14
13	0.180750306625391	a7	a15
12	0.180821159404253	a7	a15	a23	15
13	0.180922300393926	a7	a14
13	0.181741163807645	a7	a17
13	0.181998072738634	a7	a16
13	0.182257685974159	a7	a15
13	0.182401014114605	a6	a10
12	0.182711468275421	a6	a10	a24	0
12	0.182778535027932	a7	a14	a25	0
12	0.182869940521273	a7	a17	a25	1
13	0.182873185686717	a7	a14
12	0.182946201909208	a7	a14	a25	2
12	0.18297649012002	a7	a15	a25	3
13	0.183013809522626	a7	a14
13	0.183067895613361	a7	a17
13	0.183133880644057	a7	a15
13	0.183296679777168	a6	a10
12	0.183409719706802	a6	a10	a26	0
12	0.183459478910278	a7	a14	a27	0
13	0.183575764005357	a7	a14
12	0.183591989832578	a7	a14	a27	1
13	0.183680691021382	a7	a14
12	0.183715846980359	a7	a16	a27	2
12	0.183757493270225	a7	a17	a27	3
13	0.183967347302274	a7	a17
13	0.183968969884996	a7	a16
13	0.18416584325527	a6	a10
12	0.184475756555178	a6	a10	a22	0
12	0.184528220063191	a7	a14	a23	0
12	0.184615298669273	a7	a16	a23	1
12	0.184873289322076	a7	a15	a23	2
12	0.184930620578255	a7	a17	a23	3
13	0.18579924319545	a7	a14
12	0.185866850808868	a7	a14	a23	4
13	0.186136740401632	a7	a16
12	0.186196775962348	a7	a16	a23	5
13	0.186229227616788	a7	a17
13	0.186297376091114	a7	a15
12	0.186300621256558	a7	a17	a23	6
12	0.186355789069107	a7	a15	a23	7
13	0.187154640629254	a7	a14
12	0.187211971885433	a7	a14	a23	8
13	0.187591656242389	a7	a17
12	0.187655477829455	a7	a17	a23	9
13	0.18769928756295	a7	a15
12	0.187753914514592	a7	a15	a23	10
13	0.187925908283127	a7	a16
12	0.18797837179114	a7	a16	a23	11
13	0.188484076739507	a7	a14
12	0.188523559585743	a7	a14	a23	12
13	0.188932991292602	a7	a17
12	0.189007089236909	a7	a17	a23	13
13	0.189374874653903	a7	a16
12	0.189450054320024	a7	a16	a23	14
13	0.189458167233634	a7	a15
12	0.189525233986144	a7	a15	a23	15
13	0.189794041857095	a7	a14
13	0.190275948925538	a7	a17
13	0.190787603343886	a7	a16
13	0.1908622421491	a7	a15
13	0.190988262740511	a6	a10
13	0.191173237170823	a8	a57
12	0.1912083931298	a6	a10	a28	0
12	0.191294930874975	a7	a14	a29	0
12	0.191378223454706	a7	a16	a29	1
13	0.191482068748916	a7	a14
12	0.191509111794283	a7	a15	a29	2
12	0.191545349475075	a7	a14	a29	3
13	0.191652980795637	a7	a14
13	0.191655144239266	a7	a16
12	0.191669206622857	a7	a14	a29	4
13	0.19172761960085	a7	a15
12	0.191748713176237	a7	a16	a29	5
13	0.191751958341681	a7	a14
12	0.191836873504134	a7	a15	a29	6
12	0.191846609000466	a7	a17	a29	7
12	0.191872570324019	a7	a14	a29	8
13	0.19187635635037	a7	a16
13	0.191949372572862	a7	a15
12	0.191994264028171	a7	a16	a29	9
13	0.192011030716299	a7	a14
12	0.192012112438114	a7	a15	a29	10
13	0.192056463032516	a7	a17
12	0.192104599653269	a7	a14	a29	11
13	0.192115416871416	a7	a16
12	0.192125693228656	a7	a17	a29	12
13	0.192133806142266	a7	a15
13	0.192194382563889	a7	a14
12	0.192223589052885	a7	a15	a29	13
12	0.192246305210994	a7	a16	a29	14
13	0.192250632098252	a7	a17
12	0.192271725673639	a7	a14	a29	15
13	0.192335006399798	a7	a15
13	0.192375030106942	a7	a16
13	0.192396664543235	a7	a14
13	0.192561086259068	a6	a10
13	0.192590292748065	a8	a56
12	0.193441607816224	a8	a56	a42	0
12	0.193602243505706	a6	a10	a30	0
12	0.193655247874626	a7	a14	a31	0
12	0.19378884051874	a7	a17	a31	1
12	0.193964620313626	a7	a16	a31	2
12	0.194030605344322	a7	a15	a31	3
13	0.194040881701562	a7	a14
12	0.194098753818648	a7	a14	a31	4
13	0.194165279710251	a7	a17
12	0.194239377654557	a7	a17	a31	5
13	0.194268043282647	a7	a14
13	0.194279401361701	a7	a16
12	0.194337814339694	a7	a14	a31	6
13	0.194357285332358	a7	a15
12	0.194366479967783	a7	a16	a31	7
13	0.194408126257649	a7	a17
12	0.194408667118556	a7	a15	a31	8
12	0.194493582281009	a7	a17	a31	9
13	0.194523329630913	a7	a14
13	0.19452603393545	a7	a16
12	0.19457687486074	a7	a14	a31	10
13	0.194588232939794	a7	a15
12	0.194597968436127	a7	a16	a31	11
13	0.194660167440471	a7	a17
12	0.194661249162286	a7	a15	a31	12
12	0.194727775053889	a7	a17	a31	13
13	0.19476833962194	a7	a14
12	0.194822966573582	a7	a14	a31	14
13	0.194827834321748	a7	a16
13	0.194878134386131	a7	a15
12	0.194886247299741	a7	a16	a31	15
13	0.194897605378795	a7	a17
13	0.19501280875206	a7	a14
13	0.195071221730053	a7	a16
13	0.195189670268761	a6	a10
13	0.195431435094344	a8	a56
12	0.195552587937589	a8	a56	a45	0
12	0.195661300979966	a6	a10	a32	0
12	0.195722959123403	a7	a14	a33	0
13	0.195895493752846	a7	a14
12	0.195912801301881	a7	a14	a33	1
13	0.195938221764526	a7	a14
12	0.195955529313561	a7	a14	a33	2
13	0.195971214279874	a7	a14
12	0.196021514344257	a7	a14	a33	3
13	0.19603719931057	a7	a14
12	0.196088581096767	a7	a14	a33	4
13	0.19610426606308	a7	a14
12	0.196134554273892	a7	a15	a33	5
12	0.196152943544741	a7	a17	a33	6
12	0.196165924206518	a7	a14	a33	7
13	0.196181609172831	a7	a14
12	0.196235695263565	a7	a16	a33	8
12	0.19627139208345	a7	a14	a33	9
13	0.196289240493392	a7	a14
13	0.1962897813543	a7	a15
13	0.196290322215207	a7	a17
13	0.196343326584127	a7	a16
12	0.196360634133162	a7	a17	a33	10
12	0.196397953535768	a7	a14	a33	11
13	0.196411475058452	a7	a17
12	0.196421751415692	a7	a15	a33	12
12	0.196441763269263	a7	a16	a33	13
13	0.196453121348318	a7	a14
13	0.196473133201889	a7	a15
13	0.196485573002758	a7	a16
12	0.196486113863666	a7	a17	a33	14
13	0.196536954788956	a7	a17
12	0.19655858922525	a7	a14	a33	15
13	0.196586173131524	a7	a14
13	0.196796027163574	a6	a10
13	0.196927997224966	a8	a56
12	0.197893433944575	a8	a56	a50	0
12	0.205440607045658	a6	a10	a34	0
12	0.205528767373555	a7	a14	a35	0
12	0.205814341932633	a7	a15	a35	1
12	0.205846252726166	a7	a16	a35	2
12	0.205925759279546	a7	a17	a35	3
13	0.250041079187083	a7	a14
13	0.255159245953282	a7	a17
13	0.258080435713849	a7	a16
13	0.25837953179561	a7	a15
13	0.258505011526114	a6	a10
12	0.258593712714918	a6	a10	a36	0
12	0.258664565493781	a7	a14	a37	0
12	0.258816006547837	a7	a16	a37	1
12	0.258949599191951	a7	a17	a37	2
12	0.259072915478826	a7	a15	a37	3
13	0.261362920560521	a7	a15
13	0.262312672313818	a7	a17
13	0.264503158988562	a7	a14
13	0.265627067954024	a7	a16
13	0.265766610068119	a6	a10
12	0.272883798747862	a6	a10	a38	0
12	0.272970336493037	a7	a14	a39	0
12	0.27314287112248	a7	a16	a39	1
12	0.273369491842657	a7	a15	a39	2
12	0.273468469388701	a7	a17	a39	3
13	0.27775587380122	a7	a14
13	0.278777019194286	a7	a17
13	0.27892683766562	a7	a16
13	0.278961993624597	a7	a15
13	0.279113434678654	a6	a10
12	0.279181583152979	a6	a10	a40	0
12	0.279236210104621	a7	a14	a41	0
12	0.279473107182038	a7	a17	a41	1
12	0.279605618104337	a7	a15	a41	2
12	0.279667817108682	a7	a16	a41	3
13	0.280670573230898	a7	a14
13	0.282247723636714	a7	a15
13	0.282262326881212	a7	a17
13	0.282349405487295	a7	a16
13	0.282508959454961	a6	a10
12	0.283152583934701	a8	a57	a49	0
13	0.296770920720723	a8	a57
12	0.296852049856825	a8	a57	a54	0
12	0.300753820442406	a8	a58	a53	0
13	0.322412595477009	a8	a58
12	0.322455323488689	a8	a58	a52	0
13	0.333095680118873	a8	a58
12	0.33314111243509	a8	a58	a51	0
13	0.339141423341168	a8	a58
13	0.344285010570012	a8	a57
13	0.344529479700132	a8	a56
13	0.344814513398302	a8	a55
12	0.345315350598503	a8	a55	a46	0
12	0.345356996888369	a8	a56	a48	0
13	0.41005748292943	a8	a56
12	0.410556697546909	a6	a10	a20	0
12	0.410618896551253	a7	a14	a21	0
12	0.410922319520274	a7	a15	a21	1
12	0.410941249652031	a7	a16	a21	2
12	0.411034818589001	a7	a17	a21	3
13	0.412325853574832	a7	a14
13	0.412678494886421	a7	a17
13	0.413044657720693	a7	a16
13	0.413242612812781	a7	a15
13	0.413377828039617	a6	a10
12	0.414142605362602	a8	a56	a44	0
12	0.414174516156135	a8	a57	a43	0
12	0.414567181174867	a6	a10	a22	0
12	0.414653718920042	a7	a14	a23	0
12	0.414801373947747	a7	a15	a23	1
12	0.414958223610877	a7	a16	a23	2
12	0.415020422615221	a7	a17	a23	3
13	0.415999921718422	a7	a14
12	0.416055089530971	a7	a14	a23	4
13	0.416632728980015	a7	a17
12	0.416706826924321	a7	a17	a23	5
13	0.416779302285905	a7	a15
12	0.416836092681176	a7	a15	a23	6
13	0.416966440159846	a7	a16
12	0.417035129495079	a7	a16	a23	7
13	0.417521363450781	a7	a14
12	0.41756246887974	a7	a14	a23	8
13	0.418206093359479	a7	a17
13	0.418243412762086	a7	a15
12	0.418268292363824	a7	a17	a23	9
12	0.418315347262763	a7	a15	a23	10
13	0.418585236855528	a7	a16
12	0.418660957382556	a7	a16	a23	11
13	0.41897573843063	a7	a14
12	0.419023334190476	a7	a14	a23	12
13	0.419895742834023	a7	a17
13	0.419915213826687	a7	a15
12	0.419966595612885	a7	a17	a23	13
12	0.419993638658252	a7	a15	a23	14
13	0.42009586136974	a7	a16
12	0.42016509156588	a7	a16	a23	15
13	0.420550184531909	a7	a14
13	0.421302522054025	a7	a17
13	0.42178226567884	a7	a15
13	0.422113272554134	a7	a16
13	0.42224253831099	a6	a10
12	0.422554615054527	a6	a10	a24	0
12	0.422620059224316	a7	a14	a25	0
13	0.422703351804047	a7	a14
12	0.422720118492175	a7	a14	a25	1
13	0.422771500278372	a7	a14
12	0.422810442263701	a7	a14	a25	2
12	0.422855333719011	a7	a16	a25	3
13	0.422859119745362	a7	a14
13	0.423043553314767	a7	a16
13	0.423158215827124	a6	a10
12	0.423256111651353	a6	a10	a26	0
12	0.423305329993921	a7	a14	a27	0
13	0.423418369923556	a7	a14
12	0.423435136611684	a7	a14	a27	1
12	0.423516806608693	a7	a17	a27	2
13	0.423518429191415	a7	a14
12	0.423605507797497	a7	a14	a27	3
13	0.423688800377228	a7	a14
13	0.4237455907725	a7	a17
13	0.423906767322888	a6	a10
12	0.424222630092777	a6	a10	a22	0
12	0.424279961348956	a7	a14	a23	0
12	0.424365958233223	a7	a17	a23	1
12	0.424738070537476	a7	a15	a23	2
12	0.42476998133101	a7	a16	a23	3
13	0.425634817921853	a7	a14
12	0.425682954542607	a7	a14	a23	4
13	0.425905789236433	a7	a17
12	0.425969069962592	a7	a17	a23	5
13	0.426235173529005	a7	a15
12	0.426294127367906	a7	a15	a23	6
13	0.426348754319548	a7	a16
12	0.426403922132097	a7	a16	a23	7
13	0.426962631449383	a7	a14
12	0.427002655156527	a7	a14	a23	8
13	0.427259023226608	a7	a17
12	0.427322303952767	a7	a17	a23	9
13	0.4276781904298	a7	a15
12	0.427736603407793	a7	a15	a23	10
13	0.427871277773722	a7	a16
12	0.427947539161657	a7	a16	a23	11
13	0.428378605304811	a7	a14
12	0.428428905369194	a7	a14	a23	12
13	0.42866796589024	a7	a17
12	0.428732328338214	a7	a17	a23	13
13	0.42907523415347	a7	a15
12	0.429133647131463	a7	a15	a23	14
13	0.42930131401274	a7	a16
12	0.429360267851641	a7	a16	a23	15
13	0.429709663997785	a7	a14
13	0.430017954714971	a7	a17
13	0.430476604764399	a7	a15
13	0.43070863409365	a7	a16
13	0.430833032102339	a6	a10
13	0.431001239844523	a8	a57
12	0.431042345273481	a6	a10	a28	0
12	0.431106707721455	a7	a14	a29	0
13	0.431249495000994	a7	a14
12	0.431266261689122	a7	a14	a29	1
13	0.431355503738834	a7	a14
12	0.431393364002348	a7	a14	a29	2
12	0.43142148876953	a7	a16	a29	3
13	0.431475574860264	a7	a14
12	0.431500995322909	a7	a17	a29	4
12	0.431548591082756	a7	a14	a29	5
12	0.431584828763548	a7	a15	a29	6
13	0.431623770748877	a7	a16
13	0.431664876177835	a7	a17
12	0.431684888031406	a7	a16	a29	7
13	0.431710849354959	a7	a14
12	0.431760608558435	a7	a17	a29	8
13	0.431784947299265	a7	a16
13	0.431787110742895	a7	a15
12	0.431793601073783	a7	a14	a29	9
12	0.431843360277258	a7	a16	a29	10
13	0.431853095773591	a7	a17
12	0.431870403322626	a7	a15	a29	11
13	0.431916917360657	a7	a14
12	0.431978575504094	a7	a17	a29	12
13	0.432007781993091	a7	a15
13	0.432008863714906	a7	a16
12	0.43202022179396	a7	a14	a29	13
12	0.432077553050138	a7	a15	a29	14
12	0.432093238016451	a7	a16	a29	15
13	0.432102973512784	a7	a17
13	0.432121903644541	a7	a14
13	0.43219546072794	a7	a15
13	0.432204655363364	a7	a16
13	0.432373403966456	a6	a10
13	0.432404233038174	a8	a56
12	0.433149539368495	a8	a56	a42	0
12	0.433238240557299	a6	a10	a30	0
12	0.433322614858845	a7	a14	a31	0
12	0.433532468890895	a7	a17	a31	1
13	0.43353950008269	a7	a14
12	0.433589259286166	a7	a14	a31	2
13	0.433767743385589	a7	a14
12	0.433776397160107	a7	a15	a31	3
12	0.433815339145436	a7	a14	a31	4
13	0.433825615502675	a7	a17
12	0.43384508649534	a7	a16	a31	5
12	0.433904581195147	a7	a17	a31	6
13	0.434011130793894	a7	a14
12	0.434061971719185	a7	a14	a31	7
13	0.434067921189165	a7	a15
13	0.43407116635461	a7	a17
13	0.434130661054417	a7	a16
12	0.434144723438008	a7	a17	a31	8
12	0.434195564363299	a7	a15	a31	9
12	0.434208545025075	a7	a16	a31	10
13	0.434236669792257	a7	a14
12	0.434302113962046	a7	a14	a31	11
13	0.434336729060116	a7	a17
13	0.434377293628166	a7	a16
12	0.434401632368997	a7	a17	a31	12
13	0.434431379718901	a7	a15
13	0.434464372234249	a7	a14
12	0.434475730313303	a7	a16	a31	13
12	0.434490333557801	a7	a15	a31	14
12	0.434558482032127	a7	a14	a31	15
13	0.434584984216587	a7	a17
13	0.434652050969097	a7	a15
13	0.434656377856356	a7	a16
13	0.434722903747959	a7	a14
13	0.434861905001147	a6	a10
13	0.435104751548544	a8	a56
12	0.43516478710926	a8	a56	a45	0
12	0.435204269955496	a6	a10	a32	0
12	0.435262142072582	a7	a14	a33	0
13	0.435302165779725	a7	a14
12	0.435349220678664	a7	a14	a33	1
13	0.435365446505884	a7	a14
12	0.435418991735712	a7	a16	a33	2
12	0.43543143153658	a7	a14	a33	3
13	0.435448198224708	a7	a14
12	0.435476863852797	a7	a15	a33	4
12	0.435505529480887	a7	a14	a33	5
13	0.435521755308107	a7	a16
13	0.435536358552605	a7	a14
13	0.435576382259749	a7	a15
12	0.435600180139672	a7	a16	a33	6
13	0.435617487688707	a7	a16
12	0.435619651132336	a7	a17	a33	7
12	0.435654807091314	a7	a14	a33	8
12	0.435689422189384	a7	a15	a33	9
13	0.43569212649392	a7	a14
13	0.435693749076642	a7	a17
12	0.435708352321141	a7	a16	a33	10
13	0.435742426558303	a7	a15
12	0.435764601855505	a7	a17	a33	11
13	0.435781368543632	a7	a17
12	0.435808952449907	a7	a15	a33	12
12	0.435843567547977	a7	a14	a33	13
13	0.435846812713421	a7	a16
12	0.435860334236104	a7	a17	a33	14
13	0.435861415957919	a7	a14
13	0.435866283706085	a7	a15
13	0.43587547834151	a7	a17
12	0.435949035424909	a7	a15	a33	15
13	0.435966342973944	a7	a15
13	0.436194045415936	a6	a10
13	0.436280042300204	a8	a56
12	0.437506173977153	a8	a56	a50	0
12	0.445255629057582	a6	a10	a34	0
12	0.445320532366464	a7	a14	a35	0
12	0.445669387651701	a7	a15	a35	1
12	0.445693726392531	a7	a16	a35	2
12	0.445759711423227	a7	a17	a35	3
13	0.488647277071093	a7	a14
13	0.494140260446082	a7	a17
13	0.497136089011862	a7	a16
13	0.49752550886515	a7	a15
13	0.497668837005596	a6	a10
12	0.497736985479921	a6	a10	a36	0
12	0.497798102762451	a7	a14	a37	0
12	0.498042571892571	a7	a16	a37	1
12	0.498107475201452	a7	a17	a37	2
12	0.498210238773848	a7	a15	a37	3
13	0.500355293132375	a7	a15
13	0.500989182115783	a7	a17
13	0.503298117329235	a7	a14
13	0.504013135448745	a7	a16
13	0.504133206570175	a6	a10
12	0.510300643496622	a6	a10	a38	0
12	0.510367169388225	a7	a14	a39	0
12	0.510699798846242	a7	a15	a39	1
12	0.510758752685143	a7	a17	a39	2
12	0.510790663478676	a7	a16	a39	3
13	0.515212742257123	a7	a14
13	0.516219284405691	a7	a15
13	0.516236051093818	a7	a17
13	0.516439955655887	a7	a16
13	0.516573007439094	a6	a10
12	0.516634124721624	a6	a10	a40	0
12	0.516700650613227	a7	a14	a41	0
12	0.517000828416803	a7	a17	a41	1
12	0.517136584504547	a7	a16	a41	2
13	0.518066865265179	a7	a14
12	0.518146371818558	a7	a14	a41	3
13	0.519433079917131	a7	a16
13	0.519512045609603	a7	a17
13	0.520429886569366	a7	a14
13	0.520529945837225	a6	a10
12	0.521082705684531	a8	a57	a49	0
13	0.531640310595891	a8	a57
12	0.531727930062881	a8	a57	a54	0
12	0.535101279541987	a8	a58	a53	0
13	0.555482541113443	a8	a58
12	0.555522023959679	a8	a58	a52	0
13	0.565861121064472	a8	a58
12	0.565886541527117	a8	a58	a51	0
13	0.571891720181361	a8	a58
13	0.577007182643024	a8	a57
13	0.577169440915227	a8	a56
13	0.577340893822855	a8	a55
12	0.577793594402302	a8	a55	a46	0
12	0.577843353605778	a8	a56	a48	0
13	0.627683145356647	a8	a56
12	0.62787406925694	a6	a10	a20	0
12	0.627960607002115	a7	a14	a21	0
12	0.628190472887736	a7	a15	a21	1
12	0.628288909572873	a7	a17	a21	2
12	0.628357058047198	a7	a16	a21	3
13	0.629037461068638	a7	a17
13	0.629068831001264	a7	a16
13	0.629210536558988	a7	a15
13	0.629235957021633	a7	a14
13	0.629351701255805	a6	a10
12	0.62956642303602	a8	a56	a44	0
12	0.629588598333221	a8	a57	a43	0
12	0.629952597723864	a6	a10	a22	0
12	0.630014255867301	a7	a14	a23	0
12	0.63016515606045	a7	a17	a23	1
12	0.630199771158521	a7	a16	a23	2
12	0.630264674467402	a7	a15	a23	3
13	0.631339905951202	a7	a14
12	0.631392369459215	a7	a14	a23	4
13	0.631754746267135	a7	a17
12	0.631827762489627	a7	a17	a23	5
13	0.631986234735479	a7	a16
12	0.632061955262507	a7	a16	a23	6
13	0.632126317710481	a7	a15
12	0.632204742542046	a7	a15	a23	7
13	0.633117715753643	a7	a14
12	0.633172883566192	a7	a14	a23	8
13	0.633554731366777	a7	a15
12	0.633619093814751	a7	a15	a23	9
13	0.633694273480872	a7	a17
12	0.633755931624309	a7	a17	a23	10
13	0.634035556713406	a7	a16
12	0.634125880484933	a7	a16	a23	11
13	0.635006402042089	a7	a14
12	0.635056702106472	a7	a14	a23	12
13	0.63506319243736	a7	a17
12	0.635140535547111	a7	a17	a23	13
13	0.636144914252049	a7	a15
12	0.636208194978208	a7	a15	a23	14
13	0.636269312260738	a7	a16
12	0.636327184377824	a7	a16	a23	15
13	0.636970808857564	a7	a14
13	0.637007046538356	a7	a17
13	0.637698807638849	a7	a16
13	0.638201808282679	a7	a15
13	0.638328910595905	a6	a10
12	0.638461962379112	a6	a10	a24	0
12	0.638531733436159	a7	a14	a25	0
13	0.638589605553245	a7	a14
12	0.638605831380466	a7	a14	a25	1
13	0.638662621775737	a7	a14
12	0.63867830674205	a7	a14	a25	2
13	0.638725902501896	a7	a14
12	0.638766467069947	a7	a14	a25	3
13	0.6388146036907	a7	a14
13	0.639085034144373	a6	a10
12	0.639142365400551	a6	a10	a26	0
12	0.639204023543988	a7	a14	a27	0
13	0.639290561289163	a7	a14
12	0.639306246255476	a7	a14	a27	1
12	0.639393865722466	a7	a16	a27	2
13	0.639395488305188	a7	a14
12	0.639436593734146	a7	a14	a27	3
13	0.639543143332893	a7	a14
13	0.639627517634439	a7	a16
13	0.639811410342936	a6	a10
12	0.640072105300276	a6	a10	a22	0
12	0.640183522647189	a7	a14	a23	0
12	0.64035227125028	a7	a15	a23	1
12	0.640367956216593	a7	a16	a23	2
12	0.640540490846036	a7	a17	a23	3
13	0.64153567491555	a7	a14
12	0.641594087893543	a7	a14	a23	4
13	0.641895888279841	a7	a16
13	0.641940238874243	a7	a17
12	0.641954842118741	a7	a16	a23	5
12	0.642044625029361	a7	a17	a23	6
13	0.6420549013866	a7	a15
12	0.642117100390945	a7	a15	a23	7
13	0.642921901421073	a7	a14
12	0.642978150955437	a7	a14	a23	8
13	0.643359457895115	a7	a17
13	0.643431392395791	a7	a16
12	0.643431933256699	a7	a17	a23	9
12	0.643517930140966	a7	a16	a23	10
13	0.643614203382474	a7	a15
12	0.643630429209694	a7	a15	a23	11
13	0.644359509712794	a7	a14
12	0.644414136664436	a7	a14	a23	12
13	0.644804638239539	a7	a17
12	0.644878195322937	a7	a17	a23	13
13	0.645105897764929	a7	a15
12	0.645162147299293	a7	a15	a23	14
13	0.645240572130858	a7	a16
12	0.645300066830666	a7	a16	a23	15
13	0.645682455492158	a7	a14
13	0.646236297061279	a7	a17
13	0.646599755591014	a7	a15
13	0.646740920287831	a7	a16
13	0.646864236574706	a6	a10
13	0.646973490477989	a8	a57
12	0.647009728158781	a6	a10	a28	0
12	0.64708328524218	a7	a14	a29	0
13	0.647194702589093	a7	a14
12	0.647231481130792	a7	a14	a29	1
12	0.647283403777898	a7	a15	a29	2
12	0.647320182319597	a7	a17	a29	3
13	0.647329917815929	a7	a14
12	0.647405638342957	a7	a14	a29	4
12	0.647442957745564	a7	a16	a29	5
13	0.647468919069117	a7	a17
13	0.647475409400005	a7	a15
13	0.647498125558113	a7	a14
12	0.647546803039774	a7	a17	a29	6
13	0.64755978370155	a7	a16
12	0.647576550389678	a7	a15	a29	7
12	0.647621441844988	a7	a14	a29	8
12	0.647645780585818	a7	a16	a29	9
13	0.647650648333984	a7	a17
13	0.647705816146533	a7	a15
13	0.64771879680831	a7	a14
12	0.64773502263553	a7	a17	a29	10
13	0.647773423759951	a7	a16
12	0.647786404421728	a7	a15	a29	11
12	0.647804793692577	a7	a14	a29	12
13	0.647849685147887	a7	a17
12	0.647851307730609	a7	a16	a29	13
13	0.647903771238621	a7	a15
13	0.647914047595861	a7	a14
12	0.647952448720282	a7	a17	a29	14
13	0.647960020772985	a7	a16
12	0.647973542295669	a7	a14	a29	15
13	0.648066570371732	a7	a17
13	0.648093072556192	a7	a14
13	0.648199622154939	a6	a10
13	0.648228828643935	a8	a56
12	0.648458153668649	a8	a56	a42	0
12	0.648531710752048	a6	a10	a30	0
12	0.648607972139984	a7	a14	a31	0
12	0.648702081937862	a7	a17	a31	1
13	0.648779965908519	a7	a14
12	0.648836215442883	a7	a14	a31	2
13	0.648971430669719	a7	a17
13	0.649009290933233	a7	a14
12	0.649021189873195	a7	a15	a31	3
12	0.649082307155725	a7	a14	a31	4
12	0.649102859870204	a7	a16	a31	5
12	0.649121249141053	a7	a17	a31	6
13	0.649261332116056	a7	a15
13	0.649268363307851	a7	a14
13	0.649294324631404	a7	a17
13	0.649306223571365	a7	a16
12	0.649332184894918	a7	a15	a31	7
12	0.649388975290189	a7	a17	a31	9
12	0.649408987143761	a7	a16	a31	10
12	0.649409528004668	a7	a14	a31	8
13	0.649505801246175	a7	a15
12	0.649557183032373	a7	a15	a31	11
13	0.649561509919632	a7	a17
13	0.649569081972334	a7	a14
13	0.649592879852258	a7	a16
12	0.649645884221177	a7	a17	a31	12
12	0.649667518657471	a7	a14	a31	13
12	0.649708083225522	a7	a16	a31	14
13	0.649715114417317	a7	a15
12	0.649785426335272	a7	a15	a31	15
13	0.649817877989713	a7	a17
13	0.649863851166837	a7	a14
13	0.649875209245891	a7	a16
13	0.649949848051105	a7	a15
13	0.650081818112497	a6	a10
13	0.650243535523793	a8	a56
12	0.65028680439638	a8	a56	a45	0
12	0.650298703336342	a6	a10	a32	0
12	0.650380914194258	a7	a14	a33	0
13	0.650402548630552	a7	a14
12	0.650424723927753	a7	a14	a33	1
13	0.650447980946769	a7	a14
12	0.650468533661248	a7	a14	a33	2
13	0.650485300349376	a7	a14
12	0.650502607898411	a7	a14	a33	3
13	0.650518292864724	a7	a14
12	0.650592931669937	a7	a15	a33	4
12	0.650638904847061	a7	a16	a33	5
13	0.650663243587892	a7	a15
13	0.650674601666946	a7	a16
12	0.650743831863086	a7	a16	a33	6
12	0.650755730803048	a7	a15	a33	7
13	0.650760598551214	a7	a16
13	0.650771415769361	a7	a15
12	0.650852544905463	a7	a16	a33	8
12	0.650875801924478	a7	a17	a33	9
13	0.65087958795083	a7	a16
12	0.650900681526216	a7	a15	a33	10
13	0.650957471921487	a7	a17
13	0.650959094504209	a7	a15
12	0.650962339669653	a7	a14	a33	11
12	0.650993709602279	a7	a16	a33	12
13	0.651016966621295	a7	a14
13	0.651039141918496	a7	a16
12	0.65109539145286	a7	a17	a33	13
13	0.651135415160004	a7	a17
12	0.651142446351799	a7	a15	a33	14
12	0.651158131318112	a7	a16	a33	15
13	0.651159753900834	a7	a15
13	0.651205727077958	a7	a16
13	0.651383670316475	a6	a10
13	0.651430725215414	a8	a56
12	0.651809327850555	a8	a56	a50	0
12	0.659674527165155	a6	a10	a34	0
12	0.659730235838612	a7	a14	a35	0
12	0.659869237091799	a7	a15	a35	1
12	0.659914669408016	a7	a16	a35	2
12	0.660012024371338	a7	a17	a35	3
13	0.707425514091861	a7	a14
13	0.711614481819243	a7	a17
13	0.713159180570618	a7	a15
13	0.713653527439931	a7	a16
13	0.71376764909138	a6	a10
12	0.713845533062038	a6	a10	a36	0
12	0.713925580476325	a7	a14	a37	0
12	0.714131107621116	a7	a15	a37	1
12	0.71434204337498	a7	a16	a37	2
12	0.714382607943031	a7	a17	a37	3
13	0.717250793334678	a7	a16
13	0.719976732307693	a7	a14
13	0.720169819651615	a7	a17
13	0.720193617531538	a7	a15
13	0.720352630638297	a6	a10
12	0.726271812408273	a6	a10	a38	0
12	0.726335093134433	a7	a14	a39	0
12	0.726582266569089	a7	a15	a39	1
12	0.726673131201523	a7	a17	a39	2
12	0.726755882920346	a7	a16	a39	3
13	0.731066003490973	a7	a14
13	0.732200729674581	a7	a17
13	0.732238589938096	a7	a15
13	0.732295921194274	a7	a16
13	0.732453311718311	a6	a10
12	0.732520378470822	a6	a10	a40	0
12	0.73257987317063	a7	a14	a41	0
12	0.73302986944554	a7	a17	a41	1
12	0.733060698517259	a7	a15	a41	2
12	0.733098558780773	a7	a16	a41	3
13	0.733900655506365	a7	a14
13	0.735631410409866	a7	a16
13	0.735841805302823	a7	a15
13	0.735909412916241	a7	a17
13	0.736021911984969	a6	a10
12	0.736502196470691	a8	a57	a49	0
13	0.749843612472152	a8	a57
12	0.749923119025532	a8	a57	a54	0
12	0.754582635742303	a8	a58	a53	0
13	0.774486317132573	a8	a58
12	0.774525799978809	a8	a58	a52	0
13	0.784480885839389	a8	a58
12	0.784513878354737	a8	a58	a51	0
13	0.790524465618054	a8	a58
13	0.795635601192457	a8	a57
13	0.795725924963984	a8	a56
13	0.795893050984353	a8	a55
12	0.796293288055788	a8	a55	a46	0
12	0.796338179511098	a8	a56	a48	0
13	0.844521855163679	a8	a56
12	0.844668969330477	a6	a10	a20	0
12	0.844758211380188	a7	a14	a21	0
12	0.845042163356544	a7	a15	a21	1
12	0.845128160240812	a7	a17	a21	2
12	0.84514276348531	a7	a16	a21	3
13	0.845792878295938	a7	a15
13	0.845823707367657	a7	a16
13	0.845869139683874	a7	a17
13	0.846047623783297	a7	a14
13	0.846107118483105	a6	a10
12	0.846308859601544	a8	a56	a44	0
12	0.846326708011487	a8	a57	a43	0
12	0.846669613826743	a6	a10	a22	0
12	0.846729649387458	a7	a14	a23	0
12	0.846935176532249	a7	a15	a23	1
12	0.846967087325783	a7	a16	a23	2
12	0.847023877721054	a7	a17	a23	3
13	0.848110467283908	a7	a14
12	0.848170502844624	a7	a14	a23	4
13	0.848582097995113	a7	a17
12	0.848657277661233	a7	a17	a23	5
13	0.848682698123879	a7	a15
12	0.848744897128223	a7	a15	a23	6
13	0.848756255207277	a7	a16
12	0.848842792952453	a7	a16	a23	7
13	0.850043504166757	a7	a14
13	0.850082987012993	a7	a15
12	0.850100835422935	a7	a14	a23	8
12	0.850172229062705	a7	a15	a23	9
13	0.850720121161845	a7	a17
12	0.850783401888004	a7	a17	a23	10
13	0.851278289618224	a7	a16
12	0.851355632727974	a7	a16	a23	11
13	0.851819150525568	a7	a14
12	0.851874859199025	a7	a14	a23	12
13	0.852112837998256	a7	a17
12	0.852176659585323	a7	a17	a23	13
13	0.852479541693436	a7	a15
12	0.852547149306854	a7	a15	a23	14
13	0.853540710793645	a7	a16
12	0.853603450658897	a7	a16	a23	15
13	0.853841429458128	a7	a14
13	0.854217327788733	a7	a17
13	0.854809570482275	a7	a15
13	0.855011311600714	a7	a16
13	0.855133005304867	a6	a10
12	0.85528498721983	a6	a10	a24	0
12	0.855354217415971	a7	a14	a25	0
13	0.855413712115778	a7	a14
12	0.855466716484698	a7	a15	a25	1
12	0.855487269199177	a7	a14	a25	2
13	0.855542977872634	a7	a14
12	0.855639791975048	a7	a14	a25	3
13	0.85568630601308	a7	a15
13	0.855693878065783	a7	a14
13	0.855921580507775	a6	a10
12	0.855957277327659	a6	a10	a26	0
12	0.856057877456425	a7	a14	a27	0
13	0.856139547453434	a7	a14
12	0.856155232419747	a7	a14	a27	1
13	0.856240688443108	a7	a14
12	0.856259077713957	a7	a14	a27	2
13	0.856341829432781	a7	a14
12	0.856365627312704	a7	a14	a27	3
13	0.856446756448806	a7	a14
13	0.856659314785392	a6	a10
12	0.85690216133279	a6	a10	a22	0
12	0.856960574310783	a7	a14	a23	0
12	0.857167183177389	a7	a17	a23	1
12	0.857237495095343	a7	a16	a23	2
12	0.857261833836174	a7	a15	a23	3
13	0.858318135188217	a7	a14
12	0.858382497636191	a7	a14	a23	4
13	0.858579911867372	a7	a17
13	0.858614526965442	a7	a16
12	0.858646978619883	a7	a17	a23	5
12	0.858694033518822	a7	a16	a23	6
13	0.858744333583205	a7	a15
12	0.858798960534846	a7	a15	a23	7
13	0.859649734742099	a7	a14
12	0.85971463805098	a7	a14	a23	8
13	0.859931523274825	a7	a17
12	0.859999671749151	a7	a17	a23	9
13	0.860170583795872	a7	a15
12	0.860229537634772	a7	a15	a23	10
13	0.860519979942016	a7	a16
12	0.860588128416341	a7	a16	a23	11
13	0.861015949394051	a7	a14
12	0.861058136544823	a7	a14	a23	12
13	0.861361018652936	a7	a17
12	0.861435116597242	a7	a17	a23	13
13	0.861946230154683	a7	a15
12	0.862003020549954	a7	a15	a23	14
13	0.862012215185379	a7	a16
12	0.862079822798797	a7	a16	a23	15
13	0.86234808980884	a7	a14
13	0.86275535807207	a7	a17
13	0.86339681910818	a7	a15
13	0.86343359764988	a7	a16
13	0.863597478504805	a6	a10
13	0.863693210885405	a8	a57
12	0.863740806645251	a6	a10	a28	0
12	0.863797597040522	a7	a14	a29	0
13	0.863912259552879	a7	a14
12	0.863927944519192	a7	a14	a29	1
13	0.86401394140346	a7	a14
12	0.86403016723068	a7	a14	a29	2
12	0.864082630738693	a7	a15	a29	3
13	0.864116704975855	a7	a14
12	0.864183771728366	a7	a16	a29	4
12	0.864212978217363	a7	a14	a29	5
12	0.864244889010896	a7	a17	a29	6
13	0.864256787950858	a7	a15
13	0.864298434240723	a7	a14
13	0.864308710597963	a7	a16
12	0.864355765496902	a7	a15	a29	7
12	0.864376859072288	a7	a16	a29	8
13	0.864380645098639	a7	a17
12	0.8644293225803	a7	a14	a29	9
12	0.864455283903853	a7	a17	a29	10
13	0.864478540922869	a7	a15
13	0.864499093637348	a7	a16
13	0.864562374363507	a7	a14
12	0.864577518468913	a7	a16	a29	11
12	0.864608888401539	a7	a15	a29	12
13	0.864619164758778	a7	a17
12	0.864632145420555	a7	a14	a29	13
13	0.864672169127698	a7	a16
13	0.8647165197221	a7	a15
12	0.864721928331174	a7	a17	a29	14
13	0.864759788594688	a7	a14
12	0.864778718726445	a7	a15	a29	15
13	0.864813874685422	a7	a17
13	0.864891217795173	a7	a15
13	0.865023187856565	a6	a10
13	0.865035627657433	a8	a56
12	0.865292536588422	a8	a56	a42	0
12	0.865364471089099	a6	a10	a30	0
12	0.865451008834274	a7	a14	a31	0
12	0.86549860459412	a7	a15	a31	1
13	0.865628411211883	a7	a14
12	0.865691151077135	a7	a14	a31	2
13	0.865772821074144	a7	a15
12	0.865774984517773	a7	a16	a31	3
12	0.865833938356674	a7	a15	a31	4
13	0.865858277097504	a7	a14
12	0.865943733120864	a7	a14	a31	5
13	0.86597510305349	a7	a16
12	0.86599349232434	a7	a17	a31	6
13	0.866000523516136	a7	a15
12	0.866058936494129	a7	a16	a31	7
13	0.866108695697605	a7	a14
12	0.866129248412084	a7	a15	a31	8
12	0.866189283972799	a7	a14	a31	9
13	0.866189824833706	a7	a17
13	0.866233093706294	a7	a16
12	0.866266086221642	a7	a17	a31	10
13	0.866285557214306	a7	a15
12	0.866294210988824	a7	a16	a31	11
13	0.866353705688631	a7	a14
12	0.86635803257589	a7	a15	a31	12
12	0.866415363832069	a7	a14	a31	13
13	0.866432671381104	a7	a17
13	0.866486757471838	a7	a16
12	0.866504065020873	a7	a17	a31	14
13	0.866547874754368	a7	a15
12	0.866566264025218	a7	a16	a31	15
13	0.866616023228693	a7	a14
13	0.866674977067594	a7	a17
13	0.866737716932846	a7	a16
13	0.866874554742404	a6	a10
13	0.867036813014607	a8	a56
12	0.867263974595692	a8	a56	a45	0
12	0.867281282144727	a6	a10	a32	0
12	0.86733969512272	a7	a14	a33	0
13	0.867355380089033	a7	a14
12	0.867374851081698	a7	a14	a33	1
13	0.867391076908918	a7	a14
12	0.867406221014324	a7	a14	a33	2
13	0.867427855450617	a7	a14
12	0.867444081277838	a7	a14	a33	3
13	0.867460847965965	a7	a14
12	0.867477073793186	a7	a14	a33	4
13	0.867492217898591	a7	a14
12	0.867534945910271	a7	a14	a33	5
13	0.867552253459306	a7	a14
12	0.86756577498199	a7	a15	a33	6
12	0.8676106664373	a7	a14	a33	7
13	0.867622024516354	a7	a15
13	0.867627433125427	a7	a14
12	0.867723165506027	a7	a17	a33	8
12	0.867742636498692	a7	a15	a33	9
13	0.867756158021375	a7	a17
13	0.867758862325912	a7	a15
12	0.8677653526568	a7	a14	a33	10
13	0.867800508615778	a7	a14
12	0.86783674629657	a7	a16	a33	11
12	0.867867034507381	a7	a15	a33	12
13	0.867873524838269	a7	a16
12	0.867885423778231	a7	a17	a33	13
13	0.867920038876301	a7	a15
12	0.867926529207189	a7	a14	a33	14
13	0.867954653974371	a7	a17
13	0.867963848609795	a7	a14
12	0.86796493033161	a7	a16	a33	15
13	0.867981697019738	a7	a16
13	0.868262403830649	a6	a10
13	0.86831324475594	a8	a56
12	0.868664263484806	a8	a56	a50	0
12	0.876214681751333	a6	a10	a34	0
12	0.876269849563882	a7	a14	a35	0
12	0.876488898231356	a7	a15	a35	1
12	0.876693343654332	a7	a16	a35	2
12	0.876729040474217	a7	a17	a35	3
13	0.923673603788073	a7	a14
13	0.927652717483405	a7	a17
13	0.930567416913083	a7	a16
13	0.930688569756328	a7	a15
13	0.930999023917144	a6	a10
12	0.931049864842434	a6	a10	a36	0
12	0.931129912256721	a7	a14	a37	0
12	0.931401965293115	a7	a16	a37	1
12	0.931579908531632	a7	a17	a37	2
12	0.931596675219759	a7	a15	a37	3
13	0.934373455118065	a7	a17
13	0.936678604305166	a7	a14
13	0.936695370993294	a7	a15
13	0.936828963637408	a7	a16
13	0.936937135818877	a6	a10
12	0.942970439240303	a6	a10	a38	0
12	0.943085642613567	a7	a14	a39	0
12	0.943148382478819	a7	a16	a39	1
12	0.943352287040888	a7	a15	a39	2
12	0.943520494783072	a7	a17	a39	3
13	0.947891191775321	a7	a14
13	0.948766845584311	a7	a17
13	0.948834994058637	a7	a15
13	0.948887998427556	a7	a16
13	0.949031326568003	a6	a10
12	0.949071350275146	a6	a10	a40	0
12	0.94913787616675	a7	a14	a41	0
12	0.949402357150441	a7	a17	a41	1
12	0.949504579861929	a7	a15	a41	2
12	0.949571105753532	a7	a16	a41	3
13	0.950480292938778	a7	a14
13	0.952182923075098	a7	a15
13	0.952195903736874	a7	a16
13	0.952338691016413	a7	a17
13	0.952489591209562	a6	a10
12	0.952991510131578	a8	a57	a49	0
13	0.966531962946942	a8	a57
12	0.966615255526673	a8	a57	a54	0
12	0.969813906932707	a8	a58	a53	0
13	0.989833873418057	a8	a58
12	0.989865243350682	a8	a58	a52	0
13	0.999628323589154	a8	a58
12	0.99966185696541	a8	a58	a51	0
13	1.00567677111599	a8	a58
13	1.01081494973576	a8	a57
13	1.01093988860535	a8	a56
13	1.01107348124947	a8	a55
12	1.01141855050835	a8	a55	a46	0
12	1.01143802150102	a8	a56	a48	0
13	1.05866653679123	a8	a56
12	1.05882500903708	a6	a10	a20	0
12	1.05889694353776	a7	a14	a21	0
12	1.05903594479094	a7	a15	a21	1
12	1.05913113631064	a7	a17	a21	2
12	1.05915547505147	a7	a16	a21	3
13	1.0603729529539	a7	a14
13	1.06195875713423	a7	a15
13	1.06208315514292	a7	a17
13	1.06208423686474	a7	a16
13	1.06227407904321	a6	a10
12	1.06246067605625	a8	a56	a44	0
12	1.06248068790982	a8	a57	a43	0
12	1.06281331736784	a6	a10	a22	0
12	1.0628771389549	a7	a14	a23	0
12	1.06299126060635	a7	a15	a23	1
12	1.0631643360967	a7	a17	a23	2
12	1.06322869854468	a7	a16	a23	3
13	1.06419143095975	a7	a14
12	1.06425254824228	a7	a14	a23	4
13	1.06474797683341	a7	a17
12	1.06481504358592	a7	a17	a23	5
13	1.06482694252588	a7	a15
12	1.06489022325204	a7	a15	a23	6
13	1.06497676099721	a7	a16
12	1.06504599119335	a7	a16	a23	7
13	1.06565175540958	a7	a14
12	1.06569610600398	a7	a14	a23	8
13	1.06614502055708	a7	a17
12	1.06621370989231	a7	a17	a23	9
13	1.06635217028459	a7	a15
12	1.06641274670621	a7	a15	a23	10
13	1.06642789081162	a7	a16
12	1.06648630378961	a7	a16	a23	11
13	1.06704879913325	a7	a14
12	1.06709152714493	a7	a14	a23	12
13	1.06761616222505	a7	a17
12	1.06768106553394	a7	a17	a23	13
13	1.06789524645324	a7	a15
12	1.06795311857033	a7	a15	a23	14
13	1.06804560578549	a7	a16
12	1.06811483598163	a7	a16	a23	15
13	1.06842745358607	a7	a14
13	1.0690553930995	a7	a17
13	1.06947293771997	a7	a15
13	1.06957732387508	a7	a16
13	1.06972930579005	a6	a10
12	1.06990129955858	a6	a10	a24	0
12	1.06996458028474	a7	a14	a25	0
13	1.07002137068001	a7	a14
12	1.07003759650723	a7	a14	a25	1
13	1.07008843743253	a7	a14
12	1.07013981921872	a7	a14	a25	2
12	1.0701679439859	a7	a15	a25	3
13	1.07019336444855	a7	a14
13	1.07036373563436	a7	a15
13	1.07048272503398	a6	a10
12	1.07055195523012	a6	a10	a26	0
12	1.07061956284354	a7	a14	a27	0
13	1.07070015111873	a7	a14
12	1.07071637694595	a7	a14	a27	1
12	1.07076829959306	a7	a17	a27	2
13	1.07080183296931	a7	a14
12	1.0708304985974	a7	a16	a27	3
13	1.07097923534692	a7	a16
13	1.07099437945233	a7	a17
13	1.07119287540532	a6	a10
12	1.07147412307714	a6	a10	a22	0
12	1.07157147804046	a7	a14	a23	0
12	1.0716699147256	a7	a17	a23	1
12	1.0718905859758	a7	a15	a23	2
12	1.07206798835341	a7	a16	a23	3
13	1.07287224852263	a7	a14
12	1.07293066150062	a7	a14	a23	4
13	1.07311725851365	a7	a17
12	1.07318432526616	a7	a17	a23	5
13	1.07340715995999	a7	a15
13	1.07345475571984	a7	a16
12	1.07346395035526	a7	a15	a23	6
12	1.07352236333325	a7	a16	a23	7
13	1.07420925668558	a7	a14
12	1.07426334277632	a7	a14	a23	8
13	1.0744829323047	a7	a17
12	1.07454783561358	a7	a17	a23	9
13	1.07483286931175	a7	a15
12	1.07489020056793	a7	a15	a23	10
13	1.07493292857961	a7	a16
12	1.07500053619303	a7	a16	a23	11
13	1.07561441332286	a7	a14
12	1.07566363166543	a7	a14	a23	12
13	1.07590593735192	a7	a17
12	1.0759708406608	a7	a17	a23	13
13	1.07627913137799	a7	a15
12	1.07633754435598	a7	a15	a23	14
13	1.07634944329594	a7	a16
12	1.07641001971757	a7	a16	a23	15
13	1.07693627738041	a7	a14
13	1.07728621438746	a7	a17
13	1.07771673966971	a7	a15
13	1.07783032046025	a7	a16
13	1.07796283138255	a6	a10
13	1.07806829925948	a8	a57
12	1.07809101541759	a6	a10	a28	0
12	1.07815754130919	a7	a14	a29	0
13	1.07828951137059	a7	a14
12	1.07834522004404	a7	a14	a29	1
12	1.07838578461209	a7	a17	a29	2
12	1.07841661368381	a7	a15	a29	3
13	1.07843392123285	a7	a14
12	1.07847178149636	a7	a16	a29	4
12	1.0785188363953	a7	a14	a29	5
13	1.07855291063246	a7	a17
13	1.07862051824588	a7	a15
13	1.07862646771586	a7	a14
12	1.07862971288131	a7	a17	a29	6
13	1.0786443161258	a7	a16
12	1.07867839036297	a7	a14	a29	7
12	1.07871354632194	a7	a15	a29	8
13	1.07872057751374	a7	a17
12	1.07877087757812	a7	a16	a29	9
13	1.07880657439801	a7	a14
12	1.07881630989434	a7	a17	a29	10
13	1.07881793247706	a7	a15
13	1.07888229492504	a7	a16
12	1.07888986697774	a7	a14	a29	11
12	1.07891041969222	a7	a15	a29	12
13	1.07892502293672	a7	a17
12	1.07894665737301	a7	a16	a29	13
12	1.07899858002012	a7	a17	a29	14
13	1.07904942094541	a7	a16
13	1.07907375968624	a7	a14
12	1.07911324253247	a7	a14	a29	15
13	1.07911865114155	a7	a15
13	1.07912622319425	a7	a17
13	1.07921600610487	a7	a14
13	1.07941828808421	a6	a10
13	1.07945073973866	a8	a56
12	1.07967195184976	a8	a56	a42	0
12	1.0797487540986	a6	a10	a30	0
12	1.07981582085111	a7	a14	a31	0
12	1.07992994250256	a7	a17	a31	1
13	1.07998997806328	a7	a14
12	1.0800429824322	a7	a14	a31	2
12	1.08018360626811	a7	a15	a31	3
13	1.08019117832081	a7	a17
13	1.08024039666338	a7	a14
12	1.08027393003963	a7	a17	a31	4
12	1.08030746341589	a7	a14	a31	5
12	1.08032368924311	a7	a16	a31	6
13	1.08037939791657	a7	a15
12	1.08043564745093	a7	a15	a31	7
13	1.08044213778182	a7	a17
13	1.08049460128983	a7	a14
12	1.08050650022979	a7	a17	a31	8
12	1.0805438196324	a7	a14	a31	9
13	1.08055193254601	a7	a16
13	1.08060006916676	a7	a15
12	1.08062062188124	a7	a16	a31	10
12	1.08066064558838	a7	a15	a31	11
13	1.08066713591927	a7	a17
12	1.08072987578452	a7	a17	a31	12
13	1.08073690697632	a7	a14
12	1.08080667803337	a7	a14	a31	13
13	1.08082290386059	a7	a16
13	1.08087644909041	a7	a15
12	1.08089159319582	a7	a16	a31	14
13	1.0809045738576	a7	a17
12	1.08094459756474	a7	a15	a31	15
13	1.08097650835827	a7	a14
13	1.08106791385161	a7	a16
13	1.08117338172855	a7	a15
13	1.08130318834631	a6	a10
13	1.08143407668589	a8	a56
12	1.08147301867122	a8	a56	a45	0
12	1.08148599933299	a6	a10	a32	0
12	1.08155468866822	a7	a14	a33	0
13	1.08157307793907	a7	a14
12	1.08158930376629	a7	a16	a33	1
12	1.0816120199244	a7	a14	a33	2
13	1.08162716402981	a7	a14
13	1.08165042104882	a7	a16
12	1.08170612972228	a7	a14	a33	3
12	1.08172127382769	a7	a16	a33	4
13	1.08172451899313	a7	a14
13	1.081736958794	a7	a16
12	1.08181646534738	a7	a16	a33	5
13	1.08183106859188	a7	a16
12	1.0818402632273	a7	a15	a33	6
12	1.08185594819362	a7	a14	a33	7
13	1.081877041769	a7	a15
13	1.08189759448348	a7	a14
12	1.0819359956079	a7	a16	a33	8
12	1.08195654832238	a7	a17	a33	9
13	1.08198196878503	a7	a16
12	1.08198359136775	a7	a15	a33	10
13	1.08200143977769	a7	a17
13	1.08200143977769	a7	a15
12	1.082046331233	a7	a14	a33	11
13	1.08207121083474	a7	a14
12	1.08209284527103	a7	a16	a33	12
12	1.08212313348184	a7	a15	a33	13
13	1.08212854209092	a7	a16
12	1.08214314533541	a7	a17	a33	14
13	1.08215071738812	a7	a15
12	1.08220588520067	a7	a14	a33	15
13	1.08220913036611	a7	a17
13	1.08222373361061	a7	a14
13	1.08240329943185	a6	a10
13	1.08246658015801	a8	a56
12	1.08281381286052	a8	a56	a50	0
12	1.09001645756363	a6	a10	a34	0
12	1.09007595226343	a7	a14	a35	0
12	1.09023117934384	a7	a15	a35	1
12	1.09035665907435	a7	a17	a35	2
12	1.09044319681952	a7	a16	a35	3
13	1.1367706378381	a7	a14
13	1.13978052878747	a7	a17
13	1.14254919577216	a7	a16
13	1.14307220826956	a7	a15
13	1.14318578906011	a6	a10
12	1.14324041601175	a6	a10	a36	0
12	1.14329882898974	a7	a14	a37	0
12	1.14349570236002	a7	a16	a37	1
12	1.14351571421359	a7	a17	a37	2
12	1.1437082606966	a7	a15	a37	3
13	1.14575055148273	a7	a15
13	1.14640228887608	a7	a17
13	1.14877883170295	a7	a14
13	1.14948411432613	a7	a16
13	1.14960634889119	a6	a10
12	1.15558610708279	a6	a10	a38	0
12	1.15564884694804	a7	a14	a39	0
12	1.15580894177662	a7	a16	a39	1
12	1.15587059992005	a7	a15	a39	2
12	1.15603177647044	a7	a17	a39	3
13	1.16041166809812	a7	a14
13	1.16121592826734	a7	a17
13	1.16139116720132	a7	a15
13	1.16139928011493	a7	a16
13	1.16155558891715	a6	a10
12	1.16159885778974	a6	a10	a40	0
12	1.16165402560229	a7	a14	a41	0
12	1.16188118718337	a7	a17	a41	1
12	1.16209158207633	a7	a15	a41	2
12	1.16211051220808	a7	a16	a41	3
13	1.16300563700974	a7	a14
13	1.16472287039056	a7	a16
13	1.16474720913139	a7	a15
13	1.16484618667743	a7	a17
13	1.16499167826151	a6	a10
12	1.16547520791267	a8	a57	a49	0
13	1.18221214869044	a8	a57
12	1.18228841007838	a8	a57	a54	0
12	1.18547570340536	a8	a58	a53	0
13	1.20531880837401	a8	a58
12	1.20536207724659	a8	a58	a52	0
13	1.21515977258313	a8	a58
12	1.21518411132397	a8	a58	a51	0
13	1.22121362871904	a8	a58
13	1.22630529330078	a8	a57
13	1.2264102203168	a8	a56
13	1.22654489468273	a8	a55
12	1.226940264006	a8	a55	a47	0
13	1.2643072623726	a8	a55
12	1.26437378826421	a8	a55	a46	0
12	1.26439974958776	a8	a56	a48	0
13	1.30796122792618	a8	a56
12	1.3081105055366	a6	a10	a20	0
12	1.30820515619539	a7	a14	a21	0
12	1.30858808571779	a7	a15	a21	1
12	1.30865190730486	a7	a17	a21	2
12	1.30871735147464	a7	a16	a21	3
13	1.30974282375497	a7	a14
13	1.31021120930073	a7	a17
13	1.3102826029405	a7	a15
13	1.31032911697853	a7	a16
13	1.31050651935614	a6	a10
12	1.31068338087284	a8	a56	a44	0
12	1.3107028518655	a8	a57	a43	0
12	1.31102899099263	a6	a10	a22	0
12	1.31109389430151	a7	a14	a23	0
12	1.31128914508907	a7	a17	a23	1
12	1.31137135594698	a7	a15	a23	2
12	1.31143788183859	a7	a16	a23	3
13	1.31240115511457	a7	a14
12	1.31245145517895	a7	a14	a23	4
13	1.31277813516698	a7	a17
12	1.31287008152123	a7	a17	a23	5
13	1.3131772905166	a7	a15
13	1.31318918945657	a7	a16
12	1.31324003038186	a7	a15	a23	6
12	1.31325841965271	a7	a16	a23	7
13	1.31390799360243	a7	a14
12	1.31396857002405	a7	a14	a23	8
13	1.31429957689934	a7	a17
12	1.31437259312184	a7	a17	a23	9
13	1.31475930867059	a7	a15
12	1.31481826250949	a7	a15	a23	10
13	1.3148999325065	a7	a16
12	1.31496104978903	a7	a16	a23	11
13	1.31535912341683	a7	a14
12	1.31540617831577	a7	a14	a23	12
13	1.31573556260834	a7	a17
12	1.31580641538721	a7	a17	a23	13
13	1.31654414966482	a7	a15
12	1.31660039919919	a7	a15	a23	14
13	1.3168005177349	a7	a16
12	1.31687245223558	a7	a16	a23	15
13	1.31690977163819	a7	a14
13	1.31723753334804	a7	a17
13	1.31823920774844	a7	a15
13	1.31831438741456	a7	a16
13	1.31846691019043	a6	a10
12	1.31862592329719	a6	a10	a24	0
12	1.31869028574517	a7	a14	a25	0
13	1.31874761700134	a7	a14
12	1.31876384282856	a7	a14	a25	1
13	1.31880981600569	a7	a14
12	1.31882874613745	a7	a14	a25	2
13	1.31888175050637	a7	a14
12	1.31888932255907	a7	a15	a25	3
13	1.31909376798204	a7	a15
13	1.31928415102143	a6	a10
12	1.31930686717954	a6	a10	a26	0
12	1.31938096512384	a7	a14	a27	0
13	1.3194956276362	a7	a14
12	1.31954646856149	a7	a14	a27	1
12	1.31958000193775	a7	a16	a27	2
13	1.31963733319393	a7	a14
12	1.31966762140474	a7	a17	a27	3
13	1.31979634630068	a7	a16
13	1.31980067318794	a7	a17
13	1.32002242615995	a6	a10
12	1.32028636628274	a6	a10	a22	0
12	1.32040968256961	a7	a14	a23	0
12	1.32050703753293	a7	a16	a23	1
12	1.32075042494124	a7	a15	a23	2
12	1.32081478738921	a7	a17	a23	3
13	1.32170558530361	a7	a14
12	1.32177048861249	a7	a14	a23	4
13	1.32202036635168	a7	a16
12	1.32208256535603	a7	a16	a23	5
13	1.32211826217591	a7	a15
13	1.32215774502215	a7	a17
12	1.32217397084937	a7	a15	a23	6
12	1.32222589349648	a7	a17	a23	7
13	1.32310695591454	a7	a14
12	1.32316428717072	a7	a14	a23	8
13	1.32356614682487	a7	a17
13	1.32358075006937	a7	a15
13	1.32362185549833	a7	a16
12	1.32363105013376	a7	a17	a23	9
12	1.32365376629186	a7	a15	a23	10
12	1.32369919860808	a7	a16	a23	11
13	1.32451968460452	a7	a14
12	1.32457214811253	a7	a14	a23	12
13	1.32492965717229	a7	a17
12	1.32499564220299	a7	a17	a23	13
13	1.32502160352654	a7	a15
12	1.32508163908725	a7	a15	a23	14
13	1.32512058107258	a7	a16
12	1.32517845318967	a7	a16	a23	15
13	1.32589076700464	a7	a14
13	1.32636780632492	a7	a17
13	1.32645650751372	a7	a15
13	1.32662525611681	a7	a16
13	1.32674694982097	a6	a10
13	1.32686269405514	a8	a57
12	1.3268897371005	a6	a10	a28	0
12	1.32700169530833	a7	a14	a29	0
12	1.32708174272261	a7	a15	a29	1
13	1.32713528795244	a7	a14
12	1.32720073212223	a7	a14	a29	2
12	1.32722507086306	a7	a16	a29	3
13	1.327242919273	a7	a15
13	1.32730511827735	a7	a14
12	1.32732080324366	a7	a15	a29	4
13	1.32734297854086	a7	a16
13	1.32741383131972	a7	a15
12	1.32741707648517	a7	a14	a29	5
12	1.32745169158324	a7	a16	a29	6
12	1.32750956370032	a7	a17	a29	7
13	1.32752146264028	a7	a14
12	1.32754417879839	a7	a15	a29	8
12	1.32756094548652	a7	a14	a29	9
13	1.32757338528739	a7	a16
13	1.32763071654357	a7	a17
12	1.32764099290081	a7	a16	a29	10
13	1.32765235097986	a7	a14
13	1.32770643707059	a7	a15
12	1.32771022309695	a7	a17	a29	11
13	1.32778378018034	a7	a16
12	1.32778540276307	a7	a14	a29	12
13	1.32785030607195	a7	a17
12	1.32787302223006	a7	a15	a29	13
12	1.32789573838817	a7	a16	a29	14
13	1.32791575024174	a7	a14
12	1.32792873090351	a7	a17	a29	15
13	1.32798227613334	a7	a15
13	1.32798335785515	a7	a16
13	1.32804663858131	a7	a17
13	1.32818347639087	a6	a10
13	1.32822458181983	a8	a56
12	1.32844687565275	a8	a56	a42	0
12	1.32852151445796	a6	a10	a30	0
12	1.32859128551501	a7	a14	a31	0
13	1.32876544272717	a7	a14
12	1.32883305034059	a7	a14	a31	1
12	1.3288995762322	a7	a16	a31	2
12	1.32896069351473	a7	a17	a31	3
12	1.32897800106376	a7	a15	a31	4
13	1.32899909463915	a7	a14
12	1.3290764377489	a7	a14	a31	5
13	1.32915378085865	a7	a16
13	1.32916838410315	a7	a17
13	1.3291721701295	a7	a15
12	1.32922625622023	a7	a16	a31	6
13	1.32923923688201	a7	a14
12	1.32925384012651	a7	a15	a31	7
12	1.32927817886734	a7	a17	a31	8
12	1.32936579833433	a7	a14	a31	9
13	1.32942691561686	a7	a15
13	1.32945395866222	a7	a16
12	1.32948803289939	a7	a15	a31	10
13	1.32950209528298	a7	a17
13	1.32953941468558	a7	a14
12	1.32955131362555	a7	a16	a31	11
12	1.32958268355817	a7	a14	a31	12
12	1.32962108468259	a7	a17	a31	13
13	1.329665435277	a7	a15
12	1.32973087944678	a7	a15	a31	14
13	1.329747105274	a7	a14
13	1.3297838838157	a7	a16
13	1.32980930427835	a7	a17
12	1.32982553010557	a7	a14	a31	15
13	1.32994614208791	a7	a15
13	1.33001645400586	a7	a14
13	1.33010623691648	a6	a10
13	1.33023820697787	a8	a56
12	1.33026633174506	a8	a56	a45	0
12	1.33028688445953	a6	a10	a32	0
12	1.33036909531745	a7	a14	a33	0
13	1.33038478028376	a7	a14
12	1.33040046525008	a7	a17	a33	1
12	1.33043399862633	a7	a14	a33	2
13	1.33044860187083	a7	a14
13	1.33044914273174	a7	a17
12	1.33046158253261	a7	a16	a33	3
13	1.33051620948425	a7	a16
12	1.33055352888686	a7	a14	a33	4
13	1.33057083643589	a7	a14
12	1.3305719181577	a7	a17	a33	5
12	1.33059571603763	a7	a15	a33	6
13	1.33061626875211	a7	a17
12	1.33063952577112	a7	a16	a33	7
13	1.33065088385018	a7	a15
13	1.33065629245925	a7	a16
12	1.3306746817301	a7	a14	a33	8
12	1.3307260635163	a7	a17	a33	9
13	1.33073093126446	a7	a14
13	1.33077365927614	a7	a17
12	1.33078988510336	a7	a15	a33	10
12	1.33080665179149	a7	a14	a33	11
13	1.33082071417508	a7	a15
13	1.33082450020143	a7	a14
12	1.33084126688956	a7	a16	a33	12
13	1.33087642284854	a7	a16
12	1.33088886264941	a7	a17	a33	13
12	1.33093104980018	a7	a15	a33	14
13	1.33093483582653	a7	a17
12	1.3309472756274	a7	a16	a33	15
13	1.33096241973281	a7	a15
13	1.33096296059371	a7	a16
13	1.33121662435926	a6	a10
13	1.33125718892731	a8	a56
12	1.33165904858147	a8	a56	a50	0
12	1.33878597275754	a6	a10	a34	0
12	1.33887683738998	a7	a14	a35	0
12	1.339121847381	a7	a16	a35	1
12	1.33928735081865	a7	a15	a35	2
12	1.33932845624761	a7	a17	a35	3
13	1.39341130181659	a7	a14
13	1.40006389097693	a7	a17
13	1.40061178307607	a7	a16
13	1.40081190161179	a7	a15
13	1.40099741690301	a6	a10
12	1.40143767768158	a6	a10	a36	0
12	1.40149717238139	a7	a14	a37	0
12	1.40176489853053	a7	a17	a37	1
12	1.40188496965196	a7	a16	a37	2
12	1.40205155481142	a7	a15	a37	3
13	1.40468608829109	a7	a15
13	1.40541679137692	a7	a16
13	1.40716323124673	a7	a14
13	1.40794747956238	a7	a17
13	1.40806863240563	a6	a10
12	1.43867216512589	a6	a10	a38	0
12	1.43873490499114	a7	a14	a39	0
12	1.43902588815929	a7	a16	a39	1
12	1.43905347206556	a7	a17	a39	2
12	1.43911296676537	a7	a15	a39	3
13	1.44406887525937	a7	a14
13	1.44490450536122	a7	a17
13	1.44521009177387	a7	a15
13	1.44630749855487	a7	a16
13	1.4464421729208	a6	a10
12	1.44651194397784	a6	a10	a40	0
12	1.44658550106124	a7	a14	a41	0
12	1.44676777118702	a7	a15	a41	1
12	1.44687107562032	a7	a17	a41	2
12	1.44728050732718	a7	a16	a41	3
13	1.44803500829292	a7	a14
13	1.44941258102393	a7	a15
13	1.44964406949227	a7	a17
13	1.45074039455146	a7	a16
13	1.45088967216189	a6	a10
12	1.45152896975437	a8	a57	a49	0
13	1.46586340638171	a8	a57
12	1.46596400651048	a8	a57	a54	0
12	1.46948447015638	a8	a58	a53	0
13	1.49020647409947	a8	a58
12	1.49025406985931	a8	a58	a52	0
13	1.50031570531864	a8	a58
12	1.5003568107476	a8	a58	a51	0
13	1.50658482409567	a8	a58
13	1.51183496092326	a8	a57
13	1.51202642568446	a8	a56
13	1.51219084740029	a8	a55
12	1.51346998344616	a8	a55	a46	0
12	1.51353542761595	a8	a56	a48	0
13	1.60368396020847	a8	a56
12	1.6040398466855	a6	a10	a20	0
12	1.60420751356678	a7	a14	a21	0
12	1.60425402760481	a7	a17	a21	1
12	1.60458395275829	a7	a15	a21	2
12	1.60464452917991	a7	a16	a21	3
13	1.62167245312583	a7	a14
13	1.62236529594814	a7	a17
13	1.62313872704564	a7	a15
13	1.62358872332055	a7	a16
13	1.62373042887828	a6	a10
12	1.62409550999073	a8	a56	a44	0
12	1.62411660356612	a8	a57	a43	0
12	1.62447789865223	a6	a10	a22	0
12	1.62453685249113	a7	a14	a23	0
12	1.62466557738707	a7	a15	a23	1
12	1.6247559011586	a7	a17	a23	2
12	1.6247851076476	a7	a16	a23	3
13	1.62604747700534	a7	a14
12	1.62610426740061	a7	a14	a23	4
13	1.62644446891133	a7	a16
12	1.6265234346038	a7	a16	a23	5
13	1.62652559804743	a7	a17
13	1.62653966043102	a7	a15
12	1.62660294115718	a7	a15	a23	6
12	1.62662133042803	a7	a17	a23	7
13	1.62768412211096	a7	a14
12	1.6277387490626	a7	a14	a23	8
13	1.62796536978278	a7	a16
13	1.62798646335817	a7	a17
12	1.62804920322342	a7	a16	a23	9
12	1.62807840971242	a7	a17	a23	10
13	1.62829854010171	a7	a15
12	1.62837317890692	a7	a15	a23	11
13	1.62919258318155	a7	a14
12	1.62924666927228	a7	a14	a23	12
13	1.62965447839642	a7	a17
13	1.62967070422364	a7	a16
12	1.62974426130704	a7	a17	a23	13
12	1.62976156885607	a7	a16	a23	14
13	1.62985838295849	a7	a15
12	1.62991409163194	a7	a15	a23	15
13	1.63063560008234	a7	a14
13	1.63114995880522	a7	a16
13	1.63116348032791	a7	a17
13	1.63144418713882	a7	a15
13	1.63157994322656	a6	a10
12	1.63185956831566	a6	a10	a24	0
12	1.63192068559819	a7	a14	a25	0
13	1.63200127387338	a7	a14
12	1.63201912228333	a7	a14	a25	1
13	1.63207753526132	a7	a14
12	1.63209484281035	a7	a14	a25	2
13	1.63214514287474	a7	a14
12	1.63214730631837	a7	a15	a25	3
13	1.63233173988777	a7	a15
13	1.63255187027706	a6	a10
12	1.6326357037177	a6	a10	a26	0
12	1.6326946575566	a7	a14	a27	0
13	1.63281310609531	a7	a14
12	1.63282933192253	a7	a14	a27	1
12	1.63290234814502	a7	a16	a27	2
13	1.63292181913768	a7	a14
12	1.63302512357099	a7	a14	a27	3
13	1.63310625270709	a7	a16
13	1.63313762263971	a7	a14
13	1.63329555402466	a6	a10
12	1.63360979421183	a6	a10	a22	0
12	1.63367902440797	a7	a14	a23	0
12	1.63378990089397	a7	a15	a23	1
12	1.63381099446936	a7	a16	a23	2
12	1.63409602816753	a7	a17	a23	3
13	1.63498141747285	a7	a14
12	1.63504956594718	a7	a14	a23	4
13	1.63526212428376	a7	a16
12	1.6353313544799	a7	a16	a23	5
13	1.63533568136716	a7	a15
12	1.63539193090153	a7	a15	a23	6
13	1.63553417732016	a7	a17
12	1.63559962148995	a7	a17	a23	7
13	1.63636331709112	a7	a14
12	1.63640929026824	a7	a14	a23	8
13	1.63664780992838	a7	a16
12	1.63671109065454	a7	a16	a23	9
13	1.63680465959151	a7	a15
12	1.63686739945676	a7	a15	a23	10
13	1.63691932210387	a7	a17
12	1.63698638885638	a7	a17	a23	11
13	1.63775549306662	a7	a14
12	1.63780092538284	a7	a14	a23	12
13	1.63803782246025	a7	a16
12	1.63810110318641	a7	a16	a23	13
13	1.63840344443362	a7	a15
12	1.63847483807339	a7	a15	a23	14
13	1.63858030595032	a7	a17
12	1.63859653177754	a7	a17	a23	15
13	1.63924772830998	a7	a14
13	1.63956845882804	a7	a16
13	1.63994489801955	a7	a15
13	1.64001629165932	a7	a17
13	1.64015691549523	a6	a10
13	1.64028185436483	a8	a57
12	1.64031322429745	a6	a10	a28	0
12	1.64037812760633	a7	a14	a29	0
13	1.64053173210402	a7	a14
12	1.64057121495025	a7	a14	a29	1
12	1.64059825799562	a7	a15	a29	2
13	1.64066532474813	a7	a14
12	1.64070859362072	a7	a16	a29	3
12	1.64073725924881	a7	a14	a29	4
12	1.64076754745962	a7	a17	a29	5
13	1.64079242706136	a7	a15
13	1.64083299162941	a7	a14
13	1.64086057553568	a7	a16
12	1.64086598414476	a7	a15	a29	6
12	1.64089356805103	a7	a14	a29	7
12	1.6409503584463	a7	a16	a29	8
13	1.64096225738626	a7	a17
13	1.64098118751802	a7	a14
13	1.64098497354437	a7	a15
12	1.64102932413878	a7	a14	a29	9
13	1.64105907148868	a7	a16
12	1.64108232850769	a7	a17	a29	10
12	1.64111532102304	a7	a15	a29	11
12	1.64113587373752	a7	a16	a29	12
13	1.6411634576438	a7	a14
13	1.6412153802909	a7	a17
12	1.64123376956175	a7	a14	a29	13
13	1.64124837280625	a7	a15
13	1.641296509427	a7	a16
12	1.64132084816783	a7	a17	a29	14
13	1.64132679763781	a7	a14
12	1.64135221810046	a7	a15	a29	15
13	1.64141766227025	a7	a17
13	1.64144849134197	a7	a15
13	1.64164049696407	a6	a10
13	1.64167835722759	a8	a56
12	1.64221380952586	a8	a56	a42	0
12	1.64231170535009	a6	a10	a30	0
12	1.64238201726804	a7	a14	a31	0
12	1.6425264271303	a7	a16	a31	1
13	1.64260593368368	a7	a14
12	1.64263027242451	a7	a17	a31	2
12	1.64266272407896	a7	a14	a31	3
12	1.64272762738784	a7	a15	a31	4
13	1.64283471784749	a7	a16
13	1.64284012645656	a7	a14
13	1.64288285446824	a7	a17
12	1.64293207281081	a7	a14	a31	5
12	1.64295695241255	a7	a16	a31	6
13	1.64297912770975	a7	a15
12	1.6429829137361	a7	a17	a31	7
12	1.64306566545493	a7	a15	a31	8
13	1.64310244399663	a7	a14
13	1.64315382578282	a7	a16
12	1.64316410214006	a7	a14	a31	9
13	1.64316518386188	a7	a17
13	1.643240363528	a7	a15
12	1.64325063988524	a7	a16	a31	10
12	1.64327606034788	a7	a17	a31	11
12	1.64333014643862	a7	a15	a31	12
13	1.64334907657037	a7	a14
12	1.64341127557472	a7	a14	a31	13
13	1.6434540035864	a7	a17
13	1.64347509716179	a7	a16
13	1.64351187570349	a7	a15
12	1.64354324563611	a7	a17	a31	14
13	1.64357461556874	a7	a14
12	1.64357731987327	a7	a16	a31	15
13	1.64370604476922	a7	a17
13	1.64376013085996	a7	a16
13	1.64389913211314	a6	a10
13	1.64411114958882	a8	a56
12	1.64416199051411	a8	a56	a45	0
12	1.64420417766489	a6	a10	a32	0
12	1.64430585951547	a7	a14	a33	0
13	1.6443523735535	a7	a14
12	1.64439077467792	a7	a14	a33	1
13	1.64440700050514	a7	a14
12	1.6444113273924	a7	a16	a33	2
12	1.64447190381402	a7	a14	a33	3
13	1.64448055758854	a7	a16
13	1.64450760063391	a7	a14
12	1.64454167487107	a7	a14	a33	4
13	1.64455790069829	a7	a14
12	1.64456655447281	a7	a16	a33	5
13	1.64458602546547	a7	a16
12	1.64460333301451	a7	a14	a33	6
13	1.64461955884173	a7	a14
12	1.64466445029704	a7	a16	a33	7
13	1.64468662559424	a7	a16
12	1.64475856009491	a7	a15	a33	8
12	1.64477586764395	a7	a14	a33	9
13	1.64479642035843	a7	a14
13	1.64481859565563	a7	a15
12	1.64482184082107	a7	a17	a33	10
12	1.64483157631741	a7	a16	a33	11
13	1.64484780214463	a7	a16
13	1.64487484518999	a7	a17
12	1.64493758505525	a7	a16	a33	12
12	1.64495489260428	a7	a14	a33	13
13	1.64497274101422	a7	a14
12	1.64497382273604	a7	a15	a33	14
13	1.64497544531876	a7	a16
13	1.64499167114598	a7	a15
12	1.64499275286779	a7	a17	a33	15
13	1.64507280028208	a7	a17
13	1.64529563497591	a6	a10
13	1.64538000927745	a8	a56
12	1.64590897124484	a8	a56	a50	0
12	1.65345073573684	a6	a10	a34	0
12	1.65354484553472	a7	a14	a35	0
12	1.65388721048907	a7	a15	a35	1
12	1.65398943320056	a7	a17	a35	2
12	1.65403053862952	a7	a16	a35	3
13	1.71392060776066	a7	a14
13	1.71729017121341	a7	a17
13	1.71859635030465	a7	a16
13	1.71936112762764	a7	a15
13	1.71949958801992	a6	a10
12	1.71954718377976	a6	a10	a36	0
12	1.71960992364501	a7	a14	a37	0
12	1.71968780761567	a7	a16	a37	1
12	1.71983870780882	a7	a17	a37	2
12	1.72005721561539	a7	a15	a37	3
13	1.72179175654524	a7	a15
13	1.72319474973889	a7	a17
13	1.72549719462146	a7	a14
13	1.72632903869695	a7	a16
13	1.72647398942012	a6	a10
12	1.73247754549164	a6	a10	a38	0
12	1.73253541760873	a7	a14	a39	0
12	1.73266414250468	a7	a16	a39	1
12	1.73269929846365	a7	a15	a39	2
12	1.73280801150603	a7	a17	a39	3
13	1.737320414056	a7	a14
13	1.73779258562811	a7	a16
13	1.73813170541702	a7	a17
13	1.73845568110052	a7	a15
13	1.7386309200345	a6	a10
12	1.73867418890709	a6	a10	a40	0
12	1.73874341910323	a7	a14	a41	0
12	1.73884780525834	a7	a16	a41	1
12	1.73917556696819	a7	a15	a41	2
12	1.73921018206626	a7	a17	a41	3
13	1.74008691759707	a7	a14
13	1.74159646038947	a7	a16
13	1.74186851342586	a7	a15
13	1.74218870308301	a7	a17
13	1.74238233128784	a6	a10
12	1.74288262762713	a8	a57	a49	0
13	1.756688643148	a8	a57
12	1.75677464003227	a8	a57	a54	0
12	1.75999384415278	a8	a58	a53	0
13	1.77986507388861	a8	a58
12	1.77989590296033	a8	a58	a52	0
13	1.78970928326319	a8	a58
12	1.78975687902303	a8	a58	a51	0
13	1.79572960602284	a8	a58
13	1.80085047709357	a8	a57
13	1.80093809656056	a8	a56
13	1.80108629244917	a8	a55
12	1.80153196183682	a8	a55	a46	0
12	1.80158009845758	a8	a56	a48	0
13	1.84722010526292	a8	a56
12	1.84742076465954	a6	a10	a20	0
12	1.84749324002113	a7	a14	a21	0
12	1.84782857378368	a7	a15	a21	1
12	1.84787941470897	a7	a16	a21	2
12	1.84797460622866	a7	a17	a21	3
13	1.84870855447993	a7	a17
13	1.84875939540522	a7	a14
13	1.85073624202156	a7	a15
13	1.85078600122504	a7	a16
13	1.85091905300825	a6	a10
12	1.85107860697591	a8	a56	a44	0
12	1.85109645538586	a8	a57	a43	0
12	1.851416645043	a6	a10	a22	0
12	1.85147668060372	a7	a14	a23	0
12	1.85180390145266	a7	a17	a23	1
12	1.85186015098703	a7	a15	a23	2
12	1.85189152091965	a7	a16	a23	3
13	1.85277691022497	a7	a14
12	1.85283586406388	a7	a14	a23	4
13	1.85343351536649	a7	a16
12	1.85348381543087	a7	a16	a23	5
13	1.85351410364169	a7	a17
12	1.85359252847325	a7	a17	a23	6
13	1.8536774436357	a7	a15
12	1.85373856091823	a7	a15	a23	7
13	1.85424751103204	a7	a14
12	1.85430376056641	a7	a14	a23	8
13	1.85481974187201	a7	a16
12	1.85489654412086	a7	a16	a23	9
13	1.85497983670059	a7	a17
12	1.85506096583669	a7	a17	a23	10
13	1.85531300701951	a7	a15
12	1.85536817483206	a7	a15	a23	11
13	1.85565537197386	a7	a14
12	1.85571378495185	a7	a14	a23	12
13	1.85626654479916	a7	a16
12	1.85634064274347	a7	a16	a23	13
13	1.85643583426316	a7	a17
12	1.85652074942561	a7	a17	a23	14
13	1.85679496590564	a7	a15
12	1.85685283802272	a7	a15	a23	15
13	1.85748726786704	a7	a14
13	1.8578382865959	a7	a17
13	1.85813359665131	a7	a16
13	1.8588469921881	a7	a15
13	1.85897355364042	a6	a10
12	1.85914933343531	a6	a10	a24	0
12	1.85921045071784	a7	a14	a25	0
13	1.85928671210577	a7	a14
12	1.85932727667382	a7	a14	a25	1
13	1.85937379071185	a7	a14
12	1.85937919932093	a7	a17	a25	2
12	1.85941705958444	a7	a14	a25	3
13	1.85948412633695	a7	a14
13	1.8595982479884	a7	a17
13	1.85981405149043	a6	a10
12	1.85987246446842	a6	a10	a26	0
12	1.85995521618725	a7	a14	a27	0
13	1.86003904962789	a7	a14
12	1.86005527545511	a7	a14	a27	1
13	1.86014181320028	a7	a14
12	1.8601580390275	a7	a14	a27	2
12	1.86021807458822	a7	a17	a27	3
13	1.8602461993554	a7	a14
13	1.86041927484575	a7	a17
13	1.86060749444151	a6	a10
12	1.86087413886883	a6	a10	a22	0
12	1.86096446264035	a7	a14	a23	0
12	1.86107533912636	a7	a15	a23	1
12	1.86133549322279	a7	a16	a23	2
12	1.86142365355069	a7	a17	a23	3
13	1.86224089438169	a7	a14
12	1.86230471596875	a7	a14	a23	4
13	1.86273848641644	a7	a16
13	1.86274119072098	a7	a15
12	1.86280393058623	a7	a16	a23	5
12	1.86281799296982	a7	a15	a23	6
13	1.86288397800052	a7	a17
12	1.86294617700486	a7	a17	a23	7
13	1.86362874346993	a7	a14
12	1.86368174783885	a7	a14	a23	8
13	1.86413931616646	a7	a16
12	1.86421070980623	a7	a16	a23	9
13	1.86430157443867	a7	a15
13	1.86434376158944	a7	a17
12	1.86435457880759	a7	a15	a23	10
12	1.86440758317651	a7	a17	a23	11
13	1.86501442911455	a7	a14
12	1.86507284209254	a7	a14	a23	12
13	1.86555745346552	a7	a16
12	1.86561911160896	a7	a16	a23	13
13	1.86580138173473	a7	a17
13	1.86586195815636	a7	a15
12	1.86586790762634	a7	a17	a23	14
12	1.86593335179612	a7	a15	a23	15
13	1.86635197813841	a7	a14
13	1.86691609606477	a7	a16
13	1.86718490393572	a7	a17
13	1.86739908485503	a7	a15
13	1.8675370043864	a6	a10
13	1.86763598193244	a8	a57
12	1.86766735186507	a6	a10	a28	0
12	1.86773279603486	a7	a14	a29	0
13	1.86782744669364	a7	a14
12	1.86789397258525	a7	a14	a29	1
12	1.86792480165697	a7	a17	a29	2
13	1.86798483721768	a7	a14
12	1.86804054589114	a7	a16	a29	3
12	1.86805893516199	a7	a14	a29	4
13	1.86808543734645	a7	a17
12	1.86813735999355	a7	a15	a29	5
12	1.86815034065533	a7	a17	a29	6
13	1.86817359767434	a7	a14
13	1.86817684283979	a7	a16
12	1.868251481645	a7	a16	a29	7
13	1.86825472681045	a7	a17
13	1.86827582038583	a7	a15
12	1.86828122899491	a7	a14	a29	8
12	1.86834775488651	a7	a15	a29	9
13	1.86835965382647	a7	a16
12	1.86837425707097	a7	a17	a29	10
13	1.86837533879278	a7	a14
12	1.86843321090987	a7	a16	a29	11
12	1.86845430448526	a7	a14	a29	12
13	1.86846025395524	a7	a15
13	1.86850568627145	a7	a17
13	1.8685457099786	a7	a16
12	1.86855165944858	a7	a15	a29	13
13	1.86856842613671	a7	a14
12	1.86859384659935	a7	a17	a29	14
12	1.86864414666373	a7	a14	a29	15
13	1.86869120156267	a7	a17
13	1.86869661017175	a7	a15
13	1.86878098447329	a7	a14
13	1.86886914480119	a6	a10
13	1.86889997387291	a8	a56
12	1.86916066883025	a8	a56	a42	0
12	1.86924017538363	a6	a10	a30	0
12	1.869348888426	a7	a14	a31	0
12	1.86938404438498	a7	a17	a31	1
13	1.86952304563817	a7	a14
12	1.86960309305246	a7	a14	a31	2
12	1.86962959523692	a7	a16	a31	3
13	1.86966637377862	a7	a17
12	1.8697312770875	a7	a15	a31	4
12	1.86975777927196	a7	a17	a31	5
13	1.86977670940371	a7	a14
13	1.86983566324261	a7	a16
12	1.86983836754715	a7	a14	a31	6
12	1.86992382357051	a7	a16	a31	7
13	1.86993680423229	a7	a17
13	1.86994329456318	a7	a15
12	1.87001090217659	a7	a15	a31	8
13	1.87001306562022	a7	a14
12	1.87003632263924	a7	a17	a31	9
12	1.87007201945912	a7	a14	a31	10
13	1.87008175495546	a7	a16
12	1.87016667011791	a7	a16	a31	11
13	1.87020669382505	a7	a17
13	1.87022075620864	a7	a15
13	1.87027430143847	a7	a14
12	1.87028890468297	a7	a15	a31	12
12	1.870306212232	a7	a17	a31	13
13	1.87032243805922	a7	a16
12	1.8703283875292	a7	a14	a31	14
12	1.87039924030807	a7	a16	a31	15
13	1.87047658341782	a7	a17
13	1.87048145116598	a7	a15
13	1.87052147487313	a7	a14
13	1.87056203944118	a7	a16
13	1.87075079989784	a6	a10
13	1.8709027818128	a8	a56
12	1.87094226465904	a8	a56	a45	0
12	1.87095632704263	a6	a10	a32	0
12	1.87101365829881	a7	a14	a33	0
13	1.87103096584784	a7	a14
12	1.87104719167507	a7	a14	a33	1
13	1.87107044869408	a7	a14
12	1.87110668637487	a7	a17	a33	2
12	1.87112832081117	a7	a14	a33	3
13	1.87114508749929	a7	a14
13	1.87115806816107	a7	a17
12	1.87118078431918	a7	a14	a33	4
13	1.87119755100731	a7	a14
12	1.87123270696628	a7	a15	a33	5
12	1.87128084358704	a7	a17	a33	6
12	1.87129111994428	a7	a14	a33	7
13	1.87129328338791	a7	a15
13	1.87130842749331	a7	a14
13	1.87131654040692	a7	a17
12	1.8713662996104	a7	a16	a33	8
12	1.87138414802034	a7	a15	a33	9
13	1.87140632331754	a7	a15
13	1.87143931583289	a7	a16
12	1.87146040940828	a7	a14	a33	10
12	1.87149232020181	a7	a17	a33	11
13	1.87149718794998	a7	a14
13	1.87154099768347	a7	a17
12	1.87155722351069	a7	a15	a33	12
12	1.87159075688695	a7	a16	a33	13
13	1.87162158595866	a7	a15
13	1.87165241503038	a7	a16
12	1.87165295589129	a7	a14	a33	14
12	1.8716756720494	a7	a17	a33	15
13	1.87168053979757	a7	a14
13	1.8717346258883	a7	a17
13	1.87194231647672	a6	a10
13	1.87199910687199	a8	a56
12	1.87233606321727	a8	a56	a50	0
12	1.87985078466391	a6	a10	a34	0
12	1.87994543532269	a7	a14	a35	0
12	1.88018341412193	a7	a16	a35	1
12	1.88029374974702	a7	a17	a35	2
12	1.880328905706	a7	a15	a35	3
13	1.93017410606594	a7	a14
13	1.93371836759177	a7	a17
13	1.93449991160288	a7	a16
13	1.93488067768165	a7	a15
13	1.93501318860395	a6	a10
12	1.93506673383378	a6	a10	a36	0
12	1.93511757475907	a7	a14	a37	0
12	1.93523926846322	a7	a16	a37	1
12	1.93559461407935	a7	a17	a37	2
12	1.93561408507201	a7	a15	a37	3
13	1.93773101466336	a7	a15
13	1.93866724489397	a7	a17
13	1.94062894740491	a7	a14
13	1.94162304975261	a7	a16
13	1.94176691875396	a6	a10
12	1.94773207370106	a6	a10	a38	0
12	1.94780184475811	a7	a14	a39	0
12	1.94792732448861	a7	a16	a39	1
12	1.94809066448263	a7	a17	a39	2
12	1.94812311613707	a7	a15	a39	3
13	1.95244134962131	a7	a14
13	1.95331862601302	a7	a16
13	1.95347763911978	a7	a17
13	1.95365017374922	a7	a15
13	1.95378430725424	a6	a10
12	1.95383136215318	a6	a10	a40	0
12	1.95390221493205	a7	a14	a41	0
12	1.95398496665087	a7	a16	a41	1
12	1.9541493883667	a7	a17	a41	2
12	1.95432138213524	a7	a15	a41	3
13	1.9553203522311	a7	a14
13	1.9569326585959	a7	a15
13	1.95713548143615	a7	a16
13	1.95724094931308	a7	a17
13	1.9573972581153	a6	a10
12	1.95787916518375	a8	a57	a49	0
13	1.97190044334574	a8	a57
12	1.9719712961246	a8	a57	a54	0
12	1.97516940666973	a8	a58	a53	0
13	1.99494274058133	a8	a58
12	1.99498709117573	a8	a58	a52	0
13	2.00463550890185	a8	a58
12	2.00466092936449	a8	a58	a51	0
13	2.0106634037142	a8	a58
13	2.01574803710414	a8	a57
13	2.01582213504845	a8	a56
13	2.01596221802345	a8	a55
12	2.01632026794411	a8	a55	a46	0
12	2.01633973893678	a8	a56	a48	0
13	2.06220907076683	a8	a56
12	2.06239296347533	a6	a10	a20	0
12	2.06245516247967	a7	a14	a21	0
12	2.06269043697437	a7	a15	a21	1
12	2.06276399405777	a7	a16	a21	2
12	2.06284187802843	a7	a17	a21	3
13	2.06385977825605	a7	a14
13	2.06560784070858	a7	a15
13	2.06566300852113	a7	a16
13	2.0658003871916	a7	a17
13	2.06593830672297	a6	a10
12	2.06610435102153	a8	a56	a44	0
12	2.06612382201419	a8	a57	a43	0
12	2.06644401167134	a6	a10	a22	0
12	2.06650783325841	a7	a14	a23	0
12	2.06664575278978	a7	a15	a23	1
12	2.06673174967405	a7	a16	a23	2
12	2.06685885198727	a7	a17	a23	3
13	2.06782915645505	a7	a14
12	2.06789081459849	a7	a14	a23	4
13	2.06826887637272	a7	a16
12	2.06834892378701	a7	a16	a23	5
13	2.0684884659011	a7	a15
13	2.06853930682639	a7	a17
12	2.06854092940911	a7	a15	a23	6
12	2.06860150583074	a7	a17	a23	7
13	2.06931814653297	a7	a14
12	2.06937439606733	a7	a14	a23	8
13	2.06966970612274	a7	a16
12	2.06972649651801	a7	a16	a23	9
13	2.07000882591165	a7	a17
13	2.07002559259977	a7	a15
12	2.07007589266416	a7	a17	a23	10
12	2.07010077226589	a7	a15	a23	11
13	2.07079415594911	a7	a14
12	2.0708525689271	a7	a14	a23	12
13	2.07110136494448	a7	a16
12	2.07115977792247	a7	a16	a23	13
13	2.0714707729442	a7	a17
12	2.07153783969671	a7	a17	a23	14
13	2.07167197320173	a7	a15
12	2.07172714101428	a7	a15	a23	15
13	2.07225393953803	a7	a14
13	2.07248921403273	a7	a16
13	2.07290243176594	a7	a17
13	2.07317772996778	a7	a15
13	2.07330699572463	a6	a10
12	2.07345248730871	a6	a10	a24	0
12	2.07355471002019	a7	a14	a25	0
13	2.07363205312994	a7	a14
12	2.07364827895717	a7	a14	a25	1
13	2.07369262955157	a7	a14
12	2.07370831451788	a7	a14	a25	2
13	2.07375536941682	a7	a14
12	2.07379431140215	a7	a14	a25	3
13	2.07383758027474	a7	a14
13	2.07397333636248	a6	a10
12	2.07403174934047	a6	a10	a26	0
12	2.07409448920572	a7	a14	a27	0
13	2.07417561834183	a7	a14
12	2.07419671191721	a7	a14	a27	1
13	2.07429352601963	a7	a14
12	2.07430921098594	a7	a14	a27	2
13	2.07439034012204	a7	a14
12	2.07441035197561	a7	a14	a27	3
13	2.07449256283353	a7	a14
13	2.07477651480989	a6	a10
12	2.07500529897369	a6	a10	a22	0
12	2.07507615175255	a7	a14	a23	0
12	2.07524381863383	a7	a15	a23	1
12	2.07528167889734	a7	a17	a23	2
12	2.07531413055179	a7	a16	a23	3
13	2.07642884488182	a7	a14
12	2.07648996216435	a7	a14	a23	4
13	2.07671658288453	a7	a17
13	2.07672253235451	a7	a15
13	2.07673010440721	a7	a16
12	2.0768025797688	a7	a17	a23	5
12	2.07682205076146	a7	a16	a23	6
12	2.07685666585953	a7	a15	a23	7
13	2.07783832840636	a7	a14
12	2.07789511880163	a7	a14	a23	8
13	2.07815419117625	a7	a16
13	2.0782163901806	a7	a17
12	2.0782239622333	a7	a16	a23	9
13	2.07829156984672	a7	a15
12	2.07829211070762	a7	a17	a23	10
12	2.07834781938108	a7	a15	a23	11
13	2.07918669464837	a7	a14
12	2.07924294418273	a7	a14	a23	12
13	2.07957341019712	a7	a16
13	2.07961018873882	a7	a17
12	2.07963020059239	a7	a16	a23	13
12	2.07969888992763	a7	a17	a23	14
13	2.07977406959375	a7	a15
12	2.0798292374063	a7	a15	a23	15
13	2.08051613075862	a7	a14
13	2.08092069471732	a7	a16
13	2.08099262921799	a7	a17
13	2.08120572841549	a7	a15
13	2.08133391245053	a6	a10
13	2.08147237284281	a8	a57
12	2.0815086105236	a6	a10	a28	0
12	2.08157351383248	a7	a14	a29	0
12	2.08165085694223	a7	a17	a29	1
13	2.08168384945758	a7	a14
12	2.08174063985285	a7	a14	a29	2
13	2.08182068726714	a7	a17
13	2.08183853567708	a7	a14
12	2.08188180454967	a7	a15	a29	3
12	2.08189532607235	a7	a14	a29	4
12	2.08194454441492	a7	a17	a29	5
12	2.08197483262573	a7	a16	a29	6
13	2.0819797003739	a7	a14
13	2.08200025308838	a7	a15
13	2.08205433917911	a7	a17
12	2.08205704348365	a7	a14	a29	7
13	2.08210463924349	a7	a16
12	2.08210734354803	a7	a15	a29	8
12	2.08213384573249	a7	a17	a29	9
13	2.08217278771782	a7	a14
12	2.08223228241763	a7	a16	a29	10
13	2.08224850824485	a7	a17
13	2.08225824374118	a7	a15
12	2.08226635665479	a7	a14	a29	11
12	2.08232855565913	a7	a15	a29	12
13	2.08235289439996	a7	a14
12	2.08236425247902	a7	a17	a29	13
13	2.08236533420083	a7	a16
12	2.08243726870151	a7	a14	a29	14
13	2.08245295366782	a7	a15
12	2.08245511711145	a7	a16	a29	15
13	2.08247242466049	a7	a17
13	2.08255084949205	a7	a14
13	2.08259357750373	a7	a16
13	2.08275908094138	a6	a10
13	2.08279099173491	a8	a56
12	2.08300841781967	a8	a56	a42	0
12	2.08305709530133	a6	a10	a30	0
12	2.08313335668926	a7	a14	a31	0
12	2.08318311589274	a7	a15	a31	1
12	2.08324801920162	a7	a17	a31	2
12	2.08327668482971	a7	a16	a31	3
13	2.08331724939776	a7	a14
12	2.08336754946214	a7	a14	a31	4
13	2.083438402241	a7	a15
13	2.08344056568463	a7	a17
13	2.08349411091446	a7	a16
12	2.08352061309892	a7	a15	a31	5
12	2.08355252389245	a7	a17	a31	6
13	2.08355252389245	a7	a14
12	2.08357415832875	a7	a16	a31	7
12	2.08362121322769	a7	a14	a31	8
13	2.08368341223203	a7	a15
13	2.08374182521002	a7	a17
12	2.08374344779275	a7	a15	a31	9
13	2.08375805103725	a7	a16
13	2.08380131990983	a7	a14
12	2.08382403606794	a7	a17	a31	10
12	2.08384134361698	a7	a16	a31	11
12	2.0838651414969	a7	a14	a31	12
13	2.08389867487315	a7	a15
12	2.08397169109565	a7	a15	a31	13
13	2.08398845778377	a7	a17
13	2.08400143844555	a7	a16
13	2.08405390195356	a7	a14
12	2.0840717503635	a7	a17	a31	14
12	2.08409446652161	a7	a16	a31	15
13	2.08412745903696	a7	a15
13	2.08423833552297	a7	a17
13	2.08425456135019	a7	a16
13	2.08444332180685	a6	a10
13	2.08459043597365	a8	a56
12	2.08463586828986	a8	a56	a45	0
12	2.08464776722983	a6	a10	a32	0
12	2.0847045576251	a7	a14	a33	0
13	2.08472132431323	a7	a14
12	2.08474025444498	a7	a14	a33	1
13	2.0847564802722	a7	a14
12	2.08477378782124	a7	a14	a33	2
13	2.08479001364846	a7	a14
12	2.08480623947568	a7	a14	a33	3
13	2.08482192444199	a7	a14
12	2.08487114278456	a7	a14	a33	4
13	2.08488790947269	a7	a14
12	2.08494632245068	a7	a16	a33	5
12	2.08495659880792	a7	a17	a33	6
12	2.08498688701873	a7	a14	a33	7
13	2.0849993268196	a7	a16
13	2.08500257198504	a7	a17
13	2.08501014403775	a7	a14
12	2.08512967429827	a7	a14	a33	8
12	2.08514049151642	a7	a17	a33	9
13	2.08514752270821	a7	a14
13	2.08515617648273	a7	a17
12	2.08517727005812	a7	a16	a33	10
12	2.08519403674624	a7	a15	a33	11
13	2.08522919270522	a7	a16
12	2.08524920455879	a7	a17	a33	12
13	2.0852573174724	a7	a15
13	2.08526488952511	a7	a17
12	2.08527624760416	a7	a14	a33	13
13	2.08531951647675	a7	a14
12	2.08533141541671	a7	a16	a33	14
12	2.08539523700378	a7	a17	a33	15
13	2.0854120036919	a7	a16
13	2.08541849402279	a7	a17
13	2.08559427381768	a6	a10
13	2.08564781904751	a8	a56
12	2.08597503989645	a8	a56	a50	0
12	2.09311115870795	a6	a10	a34	0
12	2.09316145877233	a7	a14	a35	0
12	2.0933134406873	a7	a15	a35	1
12	2.09349246564763	a7	a17	a35	2
12	2.09355196034744	a7	a16	a35	3
13	2.14010439950347	a7	a14
13	2.14554221506591	a7	a16
13	2.14649467112374	a7	a17
13	2.1468013392582	a7	a15
13	2.14693493190232	a6	a10
12	2.14698198680126	a6	a10	a36	0
12	2.14705283958012	a7	a14	a37	0
12	2.14720482149508	a7	a17	a37	1
12	2.14749959068959	a7	a16	a37	2
12	2.14753907353582	a7	a15	a37	3
13	2.14973064193238	a7	a15
13	2.15105899632082	a7	a16
13	2.15288115671766	a7	a14
13	2.15391311932887	a7	a17
13	2.15404995713843	a6	a10
12	2.1599393915585	a6	a10	a38	0
12	2.16000213142376	a7	a14	a39	0
12	2.16025200916295	a7	a15	a39	1
12	2.16036558995349	a7	a17	a39	2
12	2.16041643087878	a7	a16	a39	3
13	2.16457078350809	a7	a14
13	2.16558922459662	a7	a16
13	2.16569847849991	a7	a17
13	2.1659040056447	a7	a15
13	2.1660219133225	a6	a10
12	2.16608627577047	a6	a10	a40	0
12	2.16618849848196	a7	a14	a41	0
12	2.16622635874547	a7	a16	a41	1
12	2.16633993953602	a7	a17	a41	2
12	2.16654276237627	a7	a15	a41	3
13	2.16761204439009	a7	a14
13	2.16911455599069	a7	a15
13	2.16920217545768	a7	a17
13	2.16934874876357	a7	a16
13	2.16951208875759	a6	a10
12	2.17000048615692	a8	a57	a49	0
13	2.18382759525318	a8	a57
12	2.18390764266747	a8	a57	a54	0
12	2.18841788177381	a8	a58	a53	0
13	2.20837510839391	a8	a58
12	2.20842973534555	a8	a58	a52	0
13	2.21802677128547	a8	a58
12	2.21806787671442	a8	a58	a51	0
13	2.22406386073324	a8	a58
13	2.22921123398844	a8	a57
13	2.22930912981267	a8	a56
13	2.22947679669395	a8	a55
12	2.22979103688111	a8	a55	a46	0
12	2.22981050787378	a8	a56	a48	0
13	2.27536668123848	a8	a56
12	2.27556193202603	a6	a10	a20	0
12	2.27576096883993	a7	a14	a21	0
12	2.27579342049437	a7	a16	a21	1
12	2.27606222836532	a7	a15	a21	2
12	2.27614822524959	a7	a17	a21	3
13	2.27715152223272	a7	a14
13	2.27876599204114	a7	a16
13	2.2790207375285	a7	a17
13	2.27902181925031	a7	a15
13	2.27918245493979	a6	a10
12	2.27933714115929	a8	a56	a44	0
12	2.27935498956924	a8	a57	a43	0
12	2.27971466207262	a6	a10	a22	0
12	2.27978281054695	a7	a14	a23	0
12	2.28012301205767	a7	a17	a23	1
12	2.28023551112639	a7	a15	a23	2
12	2.28025011437089	a7	a16	a23	3
13	2.28117174135701	a7	a14
12	2.28122745003046	a7	a14	a23	4
13	2.28183916371667	a7	a16
12	2.28191109821735	a7	a16	a23	5
13	2.28192029285277	a7	a17
12	2.2819960133798	a7	a17	a23	6
13	2.28213555549389	a7	a15
12	2.28219559105461	a7	a15	a23	7
13	2.28264883249496	a7	a14
12	2.28270562289023	a7	a14	a23	8
13	2.28331355055009	a7	a16
12	2.28337574955443	a7	a16	a23	9
13	2.28346769590868	a7	a17
12	2.2835574788193	a7	a17	a23	10
13	2.28373163603147	a7	a15
12	2.28380248881033	a7	a15	a23	11
13	2.28421516568263	a7	a14
12	2.28427357866063	a7	a14	a23	12
13	2.28485824930146	a7	a16
12	2.28491341711401	a7	a16	a23	13
13	2.28502050757367	a7	a17
12	2.2851038001534	a7	a17	a23	14
13	2.28537747577252	a7	a15
12	2.28549051570215	a7	a15	a23	15
13	2.28575770099038	a7	a14
13	2.2862893672623	a7	a16
13	2.28648299546713	a7	a17
13	2.28706712524706	a7	a15
13	2.28719693186482	a6	a10
12	2.28734080086618	a6	a10	a24	0
12	2.28740029556598	a7	a14	a25	0
13	2.28745167735218	a7	a14
12	2.28746736231849	a7	a14	a25	1
13	2.2875192849656	a7	a14
12	2.28758743343992	a7	a14	a25	2
12	2.28761934423346	a7	a17	a25	3
13	2.28763557006068	a7	a14
13	2.28777240787024	a7	a17
13	2.2879243897852	a6	a10
12	2.28796279090962	a6	a10	a26	0
12	2.28803148024485	a7	a14	a27	0
13	2.28811369110277	a7	a14
12	2.28812991692999	a7	a14	a27	1
13	2.28821320950972	a7	a14
12	2.28823700738964	a7	a14	a27	2
12	2.2883002881158	a7	a15	a27	3
13	2.28831975910847	a7	a14
13	2.28851068300876	a7	a15
13	2.28867131869824	a6	a10
12	2.28894012656919	a6	a10	a22	0
12	2.28906668802151	a7	a14	a23	0
12	2.28915755265394	a7	a15	a23	1
12	2.28950694880009	a7	a17	a23	2
12	2.28954048217634	a7	a16	a23	3
13	2.2903474466501	a7	a14
12	2.29041018651535	a7	a14	a23	4
13	2.29077797193235	a7	a15
12	2.29083746663216	a7	a15	a23	5
13	2.29094509795272	a7	a16
13	2.29095753775359	a7	a17
12	2.29100946040069	a7	a16	a23	6
12	2.291025145367	a7	a17	a23	7
13	2.29170663011026	a7	a14
12	2.29175801189646	a7	a14	a23	8
13	2.29223775552127	a7	a15
12	2.29229833194289	a7	a15	a23	9
13	2.29232699757098	a7	a16
12	2.29237892021809	a7	a16	a23	10
13	2.29237892021809	a7	a17
12	2.29243949663971	a7	a17	a23	11
13	2.29303119847234	a7	a14
12	2.29308744800671	a7	a14	a23	12
13	2.29367752725662	a7	a16
12	2.29373323593008	a7	a16	a23	13
13	2.29377812738539	a7	a17
13	2.29378029082902	a7	a15
12	2.29385871566058	a7	a15	a23	14
12	2.2938819726796	a7	a17	a23	15
13	2.29447529709495	a7	a14
13	2.29513839256736	a7	a16
13	2.29528767017778	a7	a17
13	2.29547372632991	a7	a15
13	2.29560407380858	a6	a10
13	2.29569602016283	a8	a57
12	2.29573171698271	a6	a10	a28	0
12	2.29578580307345	a7	a14	a29	0
13	2.29589073008947	a7	a14
12	2.29595617425926	a7	a14	a29	1
12	2.29598754419189	a7	a17	a29	2
13	2.29604974319623	a7	a14
12	2.29612762716689	a7	a14	a29	3
13	2.29614601643774	a7	a17
12	2.29617468206583	a7	a15	a29	4
13	2.29622011438205	a7	a14
12	2.29625094345377	a7	a16	a29	5
12	2.29626987358552	a7	a17	a29	6
12	2.29629150802182	a7	a14	a29	7
13	2.29629367146545	a7	a15
12	2.29638778126332	a7	a15	a29	8
13	2.29638778126332	a7	a16
13	2.29639805762056	a7	a14
13	2.29640617053417	a7	a17
12	2.2964667469558	a7	a16	a29	9
13	2.29648243192211	a7	a15
12	2.29648351364392	a7	a14	a29	10
12	2.29650893410657	a7	a17	a29	11
13	2.29657545999817	a7	a14
12	2.29658735893813	a7	a15	a29	12
13	2.29660466648717	a7	a16
13	2.29664847622066	a7	a17
12	2.29666145688244	a7	a14	a29	13
13	2.29669444939779	a7	a15
12	2.29670093972868	a7	a16	a29	14
12	2.29675286237578	a7	a17	a29	15
13	2.29679559038746	a7	a14
13	2.29679937641381	a7	a16
13	2.2968945679335	a7	a17
13	2.29701355733312	a6	a10
13	2.29704330468302	a8	a56
12	2.29722665653061	a8	a56	a42	0
12	2.29728344692589	a6	a10	a30	0
12	2.29733320612936	a7	a14	a31	0
12	2.29740459976913	a7	a16	a31	1
13	2.29749384181884	a7	a14
12	2.29754360102232	a7	a14	a31	2
12	2.29758308386855	a7	a17	a31	3
13	2.29767773452734	a7	a16
13	2.29770207326817	a7	a14
12	2.29776643571614	a7	a16	a31	4
13	2.29777292604703	a7	a17
12	2.29778698843062	a7	a14	a31	5
12	2.29780375511875	a7	a15	a31	6
12	2.29785081001769	a7	a17	a31	7
13	2.29792328537927	a7	a16
13	2.29796763597368	a7	a14
12	2.29801036398536	a7	a16	a31	8
13	2.29801955862078	a7	a15
13	2.29803253928256	a7	a17
12	2.29803524358709	a7	a14	a31	9
12	2.29812827166316	a7	a15	a31	10
12	2.29815585556943	a7	a17	a31	11
13	2.29816775450939	a7	a16
13	2.2982126459647	a7	a14
12	2.29825375139366	a7	a16	a31	12
12	2.29829215251808	a7	a14	a31	13
13	2.29830675576258	a7	a15
13	2.29831216437165	a7	a17
12	2.29838355801142	a7	a15	a31	14
12	2.29840086556046	a7	a17	a31	15
13	2.29841438708314	a7	a16
13	2.29846522800843	a7	a14
13	2.2985512248927	a7	a15
13	2.2985587969454	a7	a17
13	2.29875945634203	a6	a10
13	2.29887628229801	a8	a56
12	2.29892171461423	a8	a56	a45	0
12	2.2989411856069	a6	a10	a32	0
12	2.29899202653219	a7	a14	a33	0
13	2.2990077114985	a7	a14
12	2.29902880507389	a7	a14	a33	1
13	2.29904394917929	a7	a14
12	2.29906071586742	a7	a14	a33	2
13	2.29907585997282	a7	a14
12	2.29911263851452	a7	a14	a33	3
13	2.29912778261993	a7	a14
12	2.29914400844715	a7	a14	a33	4
13	2.29916077513528	a7	a14
12	2.29920025798151	a7	a14	a33	5
13	2.29921702466964	a7	a14
12	2.29923270963595	a7	a15	a33	6
12	2.29925163976771	a7	a14	a33	7
13	2.29926786559493	a7	a14
12	2.29929599036211	a7	a14	a33	8
13	2.29931221618933	a7	a14
13	2.2993246559902	a7	a15
12	2.29939442704725	a7	a14	a33	9
13	2.29941227545719	a7	a14
12	2.29946798413065	a7	a16	a33	10
12	2.29948691426241	a7	a15	a33	11
12	2.29949719061965	a7	a14	a33	12
13	2.29950422181144	a7	a15
13	2.29950530353326	a7	a16
13	2.29951395730777	a7	a14
12	2.29958535094754	a7	a16	a33	13
13	2.29960482194021	a7	a16
12	2.2996113122711	a7	a14	a33	14
13	2.29964322306463	a7	a14
12	2.29965890803094	a7	a15	a33	15
13	2.2996929822681	a7	a15
13	2.29983306524311	a6	a10
13	2.29988823305566	a8	a56
12	2.30021653562641	a8	a56	a50	0
12	2.30779940554738	a6	a10	a34	0
12	2.30786052282991	a7	a14	a35	0
12	2.30798221653406	a7	a16	a35	1
12	2.30800871871852	a7	a15	a35	2
12	2.30850468817056	a7	a17	a35	3
13	2.35872362341748	a7	a14
13	2.36143279570236	a7	a17
13	2.36172323800961	a7	a16
13	2.36235171838394	a7	a15
13	2.36247124864446	a6	a10
12	2.36252154870885	a6	a10	a36	0
12	2.36259997354041	a7	a14	a37	0
12	2.36268434784196	a7	a16	a37	1
12	2.3629964245855	a7	a15	a37	2
12	2.36306944080799	a7	a17	a37	3
13	2.36626430618767	a7	a15
13	2.36861272424736	a7	a17
13	2.36929799501696	a7	a14
13	2.37007304869719	a7	a16
13	2.37020610048039	a6	a10
12	2.3761420489385	a6	a10	a38	0
12	2.37623724045819	a7	a14	a39	0
12	2.37637894601592	a7	a17	a39	1
12	2.37640869336582	a7	a16	a39	2
12	2.37670508514304	a7	a15	a39	3
13	2.38112932736512	a7	a14
13	2.39006164524991	a7	a16
13	2.39046404576498	a7	a15
13	2.39168585055467	a7	a17
13	2.39185297657504	a6	a10
12	2.39227592980458	a6	a10	a40	0
12	2.39233596536529	a7	a14	a41	0
12	2.39263289800343	a7	a16	a41	1
12	2.39266156363152	a7	a15	a41	2
12	2.39298986620227	a7	a17	a41	3
13	2.39384767160132	a7	a14
13	2.39515871844072	a7	a15
13	2.39558762114025	a7	a16
13	2.39588401291747	a7	a17
13	2.39605492496419	a6	a10
12	2.3966736698422	a8	a57	a49	0
13	2.4102168269621	a8	a57
12	2.41029957868092	a8	a57	a54	0
12	2.41392713278648	a8	a58	a53	0
13	2.43387191960571	a8	a58
12	2.43391410675648	a8	a58	a52	0
13	2.44359822130248	a8	a58
12	2.44362256004331	a8	a58	a51	0
13	2.44965586346474	a8	a58
13	2.45481946254715	a8	a57
13	2.45497144446212	a8	a56
13	2.45514181564793	a8	a55
12	2.45528568464928	a8	a55	a50	0
12	2.46867469641059	a6	a10	a34	0
12	2.46875582554669	a7	a14	a35	0
12	2.46904464527121	a7	a15	a35	1
12	2.46913442818183	a7	a16	a35	2
12	2.4691982497689	a7	a17	a35	3
13	2.51504648802357	a7	a14
13	2.52024470220405	a7	a17
13	2.520431840078	a7	a16
13	2.52110088502038	a7	a15
13	2.52122528302907	a6	a10
12	2.52129992183428	a6	a10	a36	0
12	2.52134859931594	a7	a14	a37	0
12	2.52164553195408	a7	a16	a37	1
12	2.52170448579298	a7	a17	a37	2
12	2.52180346333902	a7	a15	a37	3
13	2.52414809537236	a7	a17
13	2.5257636469026	a7	a15
13	2.52729211982675	a7	a14
13	2.52752901690417	a7	a16
13	2.52767937623641	a6	a10
12	2.53355799343833	a6	a10	a38	0
12	2.53366129787164	a7	a14	a39	0
12	2.53413076513921	a7	a15	a39	1
12	2.53418106520359	a7	a16	a39	2
12	2.53419783189172	a7	a17	a39	3
13	2.53656950697043	a7	a14
13	2.53921972541641	a7	a17
13	2.53923054263456	a7	a16
13	2.5394468869975	a7	a15
13	2.53955884520532	a6	a10
12	2.53960049149518	a6	a10	a40	0
12	2.54191970306588	a7	a14	a41	0
12	2.54212360762795	a7	a17	a41	1
12	2.54218310232775	a7	a16	a41	2
12	2.5422528733848	a7	a15	a41	3
13	2.54336921029756	a7	a14
13	2.54478302070936	a7	a15
13	2.54509077056564	a7	a17
13	2.5451691953972	a7	a16
13	2.54537634512471	a6	a10
12	2.54585717047134	a8	a56	a49	0
13	2.55952526646084	a8	a56
12	2.55961613109328	a8	a56	a54	0
12	2.56278233084487	a8	a57	a53	0
13	2.58258216694093	a8	a57
12	2.58261894548263	a8	a57	a52	0
13	2.59211159526743	a8	a57
12	2.59213647486917	a8	a57	a51	0
13	2.59820277080594	a8	a57
13	2.60331715154579	a8	a56
13	2.60340747531731	a8	a55
