%EventDef PajeDefineContainerType 0 
%       Alias string 
%       Type string 
%       Name string 
%EndEventDef 
%EventDef PajeDefineVariableType 1 
%       Alias string 
%       Type string 
%       Name string 
%       Color color 
%EndEventDef 
%EventDef PajeDefineStateType 2 
%       Alias string 
%       Type string 
%       Name string 
%EndEventDef 
%EventDef PajeDefineEventType 3 
%       Alias string 
%       Type string 
%       Name string 
%       Color color 
%EndEventDef 
%EventDef PajeDefineLinkType 4 
%       Alias string 
%       Type string 
%       StartContainerType string 
%       EndContainerType string 
%       Name string 
%EndEventDef 
%EventDef PajeDefineEntityValue 5 
%       Alias string 
%       Type string 
%       Name string 
%       Color color 
%EndEventDef 
%EventDef PajeCreateContainer 6 
%       Time date 
%       Alias string 
%       Type string 
%       Container string 
%       Name string 
%EndEventDef 
%EventDef PajeDestroyContainer 7 
%       Time date 
%       Type string 
%       Name string 
%EndEventDef 
%EventDef PajeSetVariable 8 
%       Time date 
%       Type string 
%       Container string 
%       Value double 
%EndEventDef
%EventDef PajeAddVariable 9 
%       Time date 
%       Type string 
%       Container string 
%       Value double 
%EndEventDef
%EventDef PajeSubVariable 10 
%       Time date 
%       Type string 
%       Container string 
%       Value double 
%EndEventDef
%EventDef PajeSetState 11 
%       Time date 
%       Type string 
%       Container string 
%       Value string 
%EndEventDef
%EventDef PajePushState 12 
%       Time date 
%       Type string 
%       Container string 
%       Value string 
%       Id string 
%EndEventDef
%EventDef PajePopState 13 
%       Time date 
%       Type string 
%       Container string 
%EndEventDef
%EventDef PajeResetState 14 
%       Time date 
%       Type string 
%       Container string 
%EndEventDef
%EventDef PajeStartLink 15 
%       Time date 
%       Type string 
%       Container string 
%       Value string 
%       StartContainer string 
%       Key string 
%EndEventDef
%EventDef PajeEndLink 16 
%       Time date 
%       Type string 
%       Container string 
%       Value string 
%       EndContainer string 
%       Key string 
%EndEventDef
%EventDef PajeNewEvent 17 
%       Time date 
%       Type string 
%       Container string 
%       Value string 
%EndEventDef
0	a1	0	"Task Manager"
0	a2	a1	"Node"
0	a3	a1	"Thread"
0	a4	a1	"Jobs"
0	a5	a1	"Memory usage"
2	a6	a4	"Job"
2	a7	a3	"Task"
2	a8	a3	"Timer state"
6	0	a9	a1	0	"The task manager"
6	0	a10	a4	a9	"Jobs"
6	0	a11	a5	a9	"Memory"
1	a12	a1	"Memory [MB]"	"1.0 1.0 1.0"
6	0	a13	a2	a9	"Node 0"
6	0	a14	a3	a13	"Thread 0"
6	0	a15	a3	a13	"Thread 1"
6	0	a16	a3	a13	"Thread 2"
6	0	a17	a3	a13	"Thread 3"
5	a18	a6	"ngcore::ParallelFor<int,ngcore::EnterTaskManager()::{lambda(int)#1}>(ngcore::T_Range<int>,ngcore::EnterTaskManager()::{lambda(int)#1},int,ngcore::TotalCosts)::{lambda(ngcore::TaskInfo&)#1}"	"0.630615054310908 1 0"
5	a19	a7	"ngcore::ParallelFor<int,ngcore::EnterTaskManager()::{lambda(int)#1}>(ngcore::T_Range<int>,ngcore::EnterTaskManager()::{lambda(int)#1},int,ngcore::TotalCosts)::{lambda(ngcore::TaskInfo&)#1}"	"0.630615054310908 1 0"
5	a20	a6	"ngcore::ParallelForRange<netgen::ElementIndex,netgen::MeshOptimize3d::SwapImprove(netgen::Mesh&,netgen::OPTIMIZEGOAL,netgen::NgBitArray const*)::{lambda(auto:1)#1}>(ngcore::T_Range<netgen::ElementIndex>,netgen::MeshOptimize3d::SwapImprove(netgen::Mesh&,netgen::OPTIMIZEGOAL,netgen::NgBitArray const*)::{lambda(auto:1)#1},int,ngcore::TotalCosts)::{lambda(ngcore::TaskInfo&)#1}"	"0.708022642579866 0 1"
5	a21	a7	"ngcore::ParallelForRange<netgen::ElementIndex,netgen::MeshOptimize3d::SwapImprove(netgen::Mesh&,netgen::OPTIMIZEGOAL,netgen::NgBitArray const*)::{lambda(auto:1)#1}>(ngcore::T_Range<netgen::ElementIndex>,netgen::MeshOptimize3d::SwapImprove(netgen::Mesh&,netgen::OPTIMIZEGOAL,netgen::NgBitArray const*)::{lambda(auto:1)#1},int,ngcore::TotalCosts)::{lambda(ngcore::TaskInfo&)#1}"	"0.708022642579866 0 1"
5	a22	a6	"ngcore::ParallelForRange<netgen::ElementIndex,ngcore::CreateTable<netgen::ElementIndex,netgen::PointIndex,ngcore::T_Range<netgen::ElementIndex>,netgen::Mesh::CreatePoint2ElementTable(std::optional<ngcore::BitArray>)const::{lambda(auto:1&,netgen::ElementIndex)#1}>(ngcore::T_Range<netgen::ElementIndex>const&,netgen::Mesh::CreatePoint2ElementTable(std::optional<ngcore::BitArray>)const::{lambda(auto:1&,netgen::ElementIndex)#1}const&,std::optional<unsigned long>)::{lambda(auto:1)#1}>(ngcore::T_Range<netgen::ElementIndex>,ngcore::Table,int,ngcore::TotalCosts)::{lambda(ngcore::TaskInfo&)#1}"	"0 0.230008221284954 1"
5	a23	a7	"ngcore::ParallelForRange<netgen::ElementIndex,ngcore::CreateTable<netgen::ElementIndex,netgen::PointIndex,ngcore::T_Range<netgen::ElementIndex>,netgen::Mesh::CreatePoint2ElementTable(std::optional<ngcore::BitArray>)const::{lambda(auto:1&,netgen::ElementIndex)#1}>(ngcore::T_Range<netgen::ElementIndex>const&,netgen::Mesh::CreatePoint2ElementTable(std::optional<ngcore::BitArray>)const::{lambda(auto:1&,netgen::ElementIndex)#1}const&,std::optional<unsigned long>)::{lambda(auto:1)#1}>(ngcore::T_Range<netgen::ElementIndex>,ngcore::Table,int,ngcore::TotalCosts)::{lambda(ngcore::TaskInfo&)#1}"	"0 0.230008221284954 1"
5	a24	a6	"ngcore::TablePrefixSum2<unsigned int>(ngcore::FlatArray<unsigned int,unsigned long>)::{lambda(ngcore::TaskInfo)#1}"	"0 0.312895337658212 1"
5	a25	a7	"ngcore::TablePrefixSum2<unsigned int>(ngcore::FlatArray<unsigned int,unsigned long>)::{lambda(ngcore::TaskInfo)#1}"	"0 0.312895337658212 1"
5	a26	a6	"ngcore::TablePrefixSum2<unsigned int>(ngcore::FlatArray<unsigned int,unsigned long>)::{lambda(ngcore::TaskInfo)#2}"	"0 1 0.887517304832004"
5	a27	a7	"ngcore::TablePrefixSum2<unsigned int>(ngcore::FlatArray<unsigned int,unsigned long>)::{lambda(ngcore::TaskInfo)#2}"	"0 1 0.887517304832004"
5	a28	a6	"ngcore::ParallelForRange<netgen::PointIndex,ngcore::CreateSortedTable<netgen::ElementIndex,netgen::PointIndex,ngcore::T_Range<netgen::ElementIndex>,netgen::Mesh::CreatePoint2ElementTable(std::optional<ngcore::BitArray>)const::{lambda(auto:1&,netgen::ElementIndex)#1}>(ngcore::T_Range<netgen::ElementIndex>const&,netgen::Mesh::CreatePoint2ElementTable(std::optional<ngcore::BitArray>)const::{lambda(auto:1&,netgen::ElementIndex)#1}const&,std::optional<unsigned long>)::{lambda(auto:1)#1}>(ngcore::T_Range<netgen::PointIndex>,ngcore::Table,int,ngcore::TotalCosts)::{lambda(ngcore::TaskInfo&)#1}"	"0 0.170427812303051 1"
5	a29	a7	"ngcore::ParallelForRange<netgen::PointIndex,ngcore::CreateSortedTable<netgen::ElementIndex,netgen::PointIndex,ngcore::T_Range<netgen::ElementIndex>,netgen::Mesh::CreatePoint2ElementTable(std::optional<ngcore::BitArray>)const::{lambda(auto:1&,netgen::ElementIndex)#1}>(ngcore::T_Range<netgen::ElementIndex>const&,netgen::Mesh::CreatePoint2ElementTable(std::optional<ngcore::BitArray>)const::{lambda(auto:1&,netgen::ElementIndex)#1}const&,std::optional<unsigned long>)::{lambda(auto:1)#1}>(ngcore::T_Range<netgen::PointIndex>,ngcore::Table,int,ngcore::TotalCosts)::{lambda(ngcore::TaskInfo&)#1}"	"0 0.170427812303051 1"
5	a30	a6	"ngcore::ParallelFor<unsigned long,netgen::BuildEdgeList<netgen::ElementIndex>(netgen::Mesh const&,ngcore::Table<netgen::ElementIndex,netgen::PointIndex>const&,ngcore::Array<std::tuple<netgen::PointIndex,netgen::PointIndex>,unsigned long>&)::{lambda(int)#1}>(ngcore::T_Range<unsigned long>,netgen::BuildEdgeList<netgen::ElementIndex>(netgen::Mesh const&,ngcore::Table<netgen::ElementIndex,netgen::PointIndex>const&,ngcore::Array<std::tuple<netgen::PointIndex,netgen::PointIndex>,unsigned long>&)::{lambda(int)#1},int,ngcore::TotalCosts)::{lambda(ngcore::TaskInfo&)#1}"	"1 0.872005992306398 0"
5	a31	a7	"ngcore::ParallelFor<unsigned long,netgen::BuildEdgeList<netgen::ElementIndex>(netgen::Mesh const&,ngcore::Table<netgen::ElementIndex,netgen::PointIndex>const&,ngcore::Array<std::tuple<netgen::PointIndex,netgen::PointIndex>,unsigned long>&)::{lambda(int)#1}>(ngcore::T_Range<unsigned long>,netgen::BuildEdgeList<netgen::ElementIndex>(netgen::Mesh const&,ngcore::Table<netgen::ElementIndex,netgen::PointIndex>const&,ngcore::Array<std::tuple<netgen::PointIndex,netgen::PointIndex>,unsigned long>&)::{lambda(int)#1},int,ngcore::TotalCosts)::{lambda(ngcore::TaskInfo&)#1}"	"1 0.872005992306398 0"
5	a32	a6	"ngcore::ParallelForRange<unsigned long,netgen::MeshOptimize3d::SwapImprove(netgen::Mesh&,netgen::OPTIMIZEGOAL,netgen::NgBitArray const*)::{lambda(auto:1)#2}>(ngcore::T_Range<unsigned long>,netgen::MeshOptimize3d::SwapImprove(netgen::Mesh&,netgen::OPTIMIZEGOAL,netgen::NgBitArray const*)::{lambda(auto:1)#2},int,ngcore::TotalCosts)::{lambda(ngcore::TaskInfo&)#1}"	"1 0.408375991137786 0"
5	a33	a7	"ngcore::ParallelForRange<unsigned long,netgen::MeshOptimize3d::SwapImprove(netgen::Mesh&,netgen::OPTIMIZEGOAL,netgen::NgBitArray const*)::{lambda(auto:1)#2}>(ngcore::T_Range<unsigned long>,netgen::MeshOptimize3d::SwapImprove(netgen::Mesh&,netgen::OPTIMIZEGOAL,netgen::NgBitArray const*)::{lambda(auto:1)#2},int,ngcore::TotalCosts)::{lambda(ngcore::TaskInfo&)#1}"	"1 0.408375991137786 0"
5	a34	a6	"ngcore::ParallelForRange<netgen::ElementIndex,netgen::Mesh::Compress()::{lambda(auto:1)#1}>(ngcore::T_Range<netgen::ElementIndex>,netgen::Mesh::Compress()::{lambda(auto:1)#1},int,ngcore::TotalCosts)::{lambda(ngcore::TaskInfo&)#1}"	"1 0.0611641584106637 0"
5	a35	a7	"ngcore::ParallelForRange<netgen::ElementIndex,netgen::Mesh::Compress()::{lambda(auto:1)#1}>(ngcore::T_Range<netgen::ElementIndex>,netgen::Mesh::Compress()::{lambda(auto:1)#1},int,ngcore::TotalCosts)::{lambda(ngcore::TaskInfo&)#1}"	"1 0.0611641584106637 0"
5	a36	a6	"ngcore::ParallelForRange<netgen::SurfaceElementIndex,netgen::Mesh::Compress()::{lambda(auto:1)#2}>(ngcore::T_Range<netgen::SurfaceElementIndex>,netgen::Mesh::Compress()::{lambda(auto:1)#2},int,ngcore::TotalCosts)::{lambda(ngcore::TaskInfo&)#1}"	"1 0 -2.77631980257023"
5	a37	a7	"ngcore::ParallelForRange<netgen::SurfaceElementIndex,netgen::Mesh::Compress()::{lambda(auto:1)#2}>(ngcore::T_Range<netgen::SurfaceElementIndex>,netgen::Mesh::Compress()::{lambda(auto:1)#2},int,ngcore::TotalCosts)::{lambda(ngcore::TaskInfo&)#1}"	"1 0 -2.77631980257023"
5	a38	a6	"ngcore::ParallelForRange<netgen::ElementIndex,netgen::Mesh::Compress()::{lambda(auto:1)#3}>(ngcore::T_Range<netgen::ElementIndex>,netgen::Mesh::Compress()::{lambda(auto:1)#3},int,ngcore::TotalCosts)::{lambda(ngcore::TaskInfo&)#1}"	"0.688034037288286 1 0"
5	a39	a7	"ngcore::ParallelForRange<netgen::ElementIndex,netgen::Mesh::Compress()::{lambda(auto:1)#3}>(ngcore::T_Range<netgen::ElementIndex>,netgen::Mesh::Compress()::{lambda(auto:1)#3},int,ngcore::TotalCosts)::{lambda(ngcore::TaskInfo&)#1}"	"0.688034037288286 1 0"
5	a40	a6	"ngcore::ParallelForRange<netgen::SurfaceElementIndex,netgen::Mesh::Compress()::{lambda(auto:1)#4}>(ngcore::T_Range<netgen::SurfaceElementIndex>,netgen::Mesh::Compress()::{lambda(auto:1)#4},int,ngcore::TotalCosts)::{lambda(ngcore::TaskInfo&)#1}"	"0 0.666479625428673 1"
5	a41	a7	"ngcore::ParallelForRange<netgen::SurfaceElementIndex,netgen::Mesh::Compress()::{lambda(auto:1)#4}>(ngcore::T_Range<netgen::SurfaceElementIndex>,netgen::Mesh::Compress()::{lambda(auto:1)#4},int,ngcore::TotalCosts)::{lambda(ngcore::TaskInfo&)#1}"	"0 0.666479625428673 1"
5	a42	a8	"Build edges"	"0 0.0614795051658243 1"
5	a43	a8	"CreateTable"	"0.608616351291681 0 1"
5	a44	a8	"CreateSortedTable"	"0 0.0381698166109086 1"
5	a45	a8	"MeshOptimize3d::SwapImprove loop"	"0.154668690207104 1 0"
5	a46	a8	"MeshOptimize3d::SwapImprove"	"1 0 -2.43968480148811"
5	a47	a8	"FreeOpenElementsEnvironment"	"0.907015785320433 0 1"
5	a48	a8	"Mesh::BuildBoundaryEdges"	"1 0 -2.61861416630415"
5	a49	a8	"Mesh::LinkSurfaceElements"	"0 1 0.171518596860468"
5	a50	a8	"Mesh::Compress"	"1 0.648677515017027 0"
5	a51	a8	"Mesh::CalcSurfacesOfNode, pointloop"	"0 0.319536079261344 1"
5	a52	a8	"Mesh::CalcSurfacesOfNode - surfelementht"	"0.690162641156969 0 1"
5	a53	a8	"Mesh::CalcSurfacesOfNode - surf on node"	"0.000515674241007069 1 0"
5	a54	a8	"Mesh::CalcSurfacesOfNode"	"1 0 -2.35340285344361"
6	0	a55	a3	a9	"Timer level 0"
6	0	a56	a3	a9	"Timer level 1"
6	0	a57	a3	a9	"Timer level 2"
6	0	a58	a3	a9	"Timer level 3"
4	a59	a2	a3	a3	"links"
8	0	a12	a11	0
12	0.121721288058741	a6	a10	a18	0
12	0.121816479578434	a7	a14	a19	0
13	0.121830541962025	a7	a14
12	0.121885168913667	a7	a14	a19	1
13	0.121900313019072	a7	a14
12	0.121918161429015	a7	a14	a19	2
13	0.121923570038088	a7	a14
12	0.121943041030753	a7	a14	a19	3
13	0.121949531361641	a7	a14
13	0.122488228825356	a6	a10
12	0.124607862721238	a8	a55	a47	0
13	0.208891840495422	a8	a55
12	0.209963826813778	a8	a55	a46	0
12	0.210097419457892	a8	a56	a48	0
13	0.210135820582314	a8	a56
12	0.211597226753958	a6	a10	a20	0
12	0.211664834367376	a7	a14	a21	0
12	0.21195311323099	a7	a15	a21	2
12	0.21195527667462	a7	a16	a21	1
12	0.212332797587946	a7	a17	a21	3
13	0.214455135788365	a7	a14
13	0.214945155770419	a7	a15
13	0.215385416548997	a7	a16
13	0.21755589137017	a7	a17
13	0.217751142157721	a6	a10
12	0.218613274444028	a8	a56	a44	0
12	0.218700353050111	a8	a57	a43	0
12	0.219344518390758	a6	a10	a22	0
12	0.219442414214987	a7	a14	a23	0
12	0.219598182156302	a7	a15	a23	1
12	0.219702027450512	a7	a16	a23	2
12	0.219976243930536	a7	a17	a23	3
13	0.22164750413423	a7	a14
12	0.221716193469462	a7	a14	a23	4
13	0.222408495430863	a7	a15
13	0.2224111997354	a7	a16
12	0.222481511653355	a7	a15	a23	5
12	0.222496114897853	a7	a16	a23	6
13	0.224009443716602	a7	a17
12	0.224076510469113	a7	a17	a23	7
13	0.224151149274326	a7	a14
12	0.224208480530505	a7	a14	a23	8
13	0.224720134948853	a7	a16
12	0.224787742562271	a7	a16	a23	9
13	0.224901323352813	a7	a15
12	0.224979748184378	a7	a15	a23	10
13	0.226629914812685	a7	a14
12	0.226678051433439	a7	a14	a23	11
13	0.227059899234024	a7	a16
12	0.227126965986535	a7	a16	a23	12
13	0.227185378964528	a7	a15
12	0.227252445717039	a7	a15	a23	13
13	0.227871731455948	a7	a17
12	0.227947451982976	a7	a17	a23	14
13	0.22914005028367	a7	a14
12	0.229210903062532	a7	a14	a23	15
13	0.229458076497189	a7	a16
13	0.229649000397481	a7	a15
13	0.231123928091809	a7	a17
13	0.231583119002144	a7	a14
13	0.231693454627243	a6	a10
12	0.232199159575609	a6	a10	a24	0
12	0.232253786527251	a7	a14	a25	0
12	0.23239873725042	a7	a17	a25	1
13	0.232410095329474	a7	a14
12	0.232464181420208	a7	a16	a25	2
12	0.232489601882853	a7	a14	a25	3
13	0.232585334263453	a7	a14
13	0.232678362339517	a7	a17
13	0.232732448430251	a7	a16
13	0.232941761601393	a6	a10
12	0.233052097226491	a6	a10	a26	0
12	0.233114296230836	a7	a14	a27	0
13	0.233355520195512	a7	a14
12	0.233411769729875	a7	a14	a27	1
12	0.233453956880648	a7	a17	a27	2
12	0.233482622508737	a7	a16	a27	3
13	0.233563751644839	a7	a14
13	0.23372438733432	a7	a16
13	0.233812547662218	a7	a17
13	0.233979673682587	a6	a10
12	0.234446436645625	a6	a10	a22	0
12	0.234640064850454	a7	a14	a23	0
12	0.234770953190032	a7	a16	a23	1
12	0.234951600733085	a7	a15	a23	2
12	0.235099796621697	a7	a17	a23	3
13	0.236706694377417	a7	a14
12	0.23678349662626	a7	a14	a23	4
13	0.237013362511881	a7	a16
12	0.237080970125299	a7	a16	a23	5
13	0.23713776052057	a7	a15
12	0.237208072438525	a7	a15	a23	6
13	0.238456920273583	a7	a17
12	0.238538590270592	a7	a17	a23	7
13	0.238834441186909	a7	a14
12	0.238896640191254	a7	a14	a23	8
13	0.23917031581037	a7	a16
12	0.239240086867418	a7	a16	a23	9
13	0.239573257186342	a7	a15
12	0.239639783077945	a7	a15	a23	10
13	0.24096867832729	a7	a14
12	0.241033040775264	a7	a14	a23	11
13	0.241327269108859	a7	a16
12	0.241404071357702	a7	a16	a23	12
13	0.241712362074888	a7	a15
12	0.24177726538377	a7	a15	a23	13
13	0.241779969688306	a7	a17
12	0.241851363328076	a7	a17	a23	14
13	0.243114273546725	a7	a14
12	0.24317430910744	a7	a14	a23	15
13	0.243450689031093	a7	a16
13	0.243830914248956	a7	a15
13	0.245105182546659	a7	a17
13	0.2452333665817	a7	a14
13	0.245348029094057	a6	a10
13	0.245647666036725	a8	a57
12	0.245739071530067	a6	a10	a28	0
12	0.245862387816941	a7	a14	a29	0
12	0.245972723442039	a7	a16	a29	1
13	0.246109561251597	a7	a14
12	0.246171760255942	a7	a14	a29	2
12	0.246295617403724	a7	a15	a29	3
13	0.246297780847353	a7	a16
13	0.246301566873705	a7	a14
12	0.246371878791659	a7	a16	a29	4
12	0.24642055627332	a7	a14	a29	5
12	0.246435159517819	a7	a17	a29	6
13	0.246524401567531	a7	a16
13	0.246554148917434	a7	a14
13	0.246579028519172	a7	a15
12	0.246609857590891	a7	a16	a29	7
12	0.246655830768015	a7	a14	a29	8
12	0.246698558779695	a7	a15	a29	9
13	0.246754808314059	a7	a16
13	0.246792668577573	a7	a17
13	0.246806730961164	a7	a14
13	0.246855949303733	a7	a15
12	0.246861898773713	a7	a17	a29	11
12	0.246871093409138	a7	a16	a29	10
12	0.246893268706339	a7	a14	a29	12
12	0.246983592477866	a7	a15	a29	13
13	0.247032810820434	a7	a16
13	0.24704795492584	a7	a14
13	0.24707229366667	a7	a17
12	0.247092305520242	a7	a14	a29	14
13	0.247121512009239	a7	a15
12	0.24714152386281	a7	a16	a29	15
13	0.247239960547947	a7	a14
13	0.247330825180381	a7	a16
13	0.247464958685402	a6	a10
13	0.247495787757121	a8	a56
12	0.24847961374758	a8	a56	a42	0
12	0.248722460294978	a6	a10	a30	0
12	0.248777628107527	a7	a14	a31	0
12	0.248872278766312	a7	a17	a31	1
12	0.248916629360714	a7	a16	a31	2
12	0.249140545776355	a7	a15	a31	3
13	0.249160016769019	a7	a14
12	0.249242768487843	a7	a14	a31	4
13	0.249322275041223	a7	a16
12	0.249390964376455	a7	a16	a31	5
13	0.24943477410995	a7	a17
13	0.24949589139248	a7	a14
12	0.24950616774972	a7	a17	a31	6
13	0.249539701125975	a7	a15
12	0.249591082912173	a7	a14	a31	7
12	0.249613258209374	a7	a15	a31	8
13	0.249630024897501	a7	a16
12	0.249707368007252	a7	a16	a31	9
13	0.249844746677717	a7	a15
13	0.249854482174049	a7	a14
13	0.249871789723084	a7	a17
12	0.249904782238432	a7	a14	a31	10
13	0.249941019919224	a7	a16
12	0.249950214554649	a7	a15	a31	11
12	0.250016199585345	a7	a17	a31	12
12	0.250045946935249	a7	a16	a31	13
13	0.250147087924923	a7	a14
12	0.250204960042008	a7	a14	a31	14
13	0.250243902027337	a7	a15
12	0.250309346197126	a7	a15	a31	15
13	0.250332062355234	a7	a16
13	0.250384525863247	a7	a17
13	0.250431580762186	a7	a14
13	0.250534885195488	a7	a15
13	0.250668477839602	a6	a10
13	0.2510070567676	a8	a56
12	0.251116851531791	a8	a56	a45	0
12	0.251221237686908	a6	a10	a32	0
12	0.251312102319342	a7	a14	a33	0
12	0.251366729270984	a7	a16	a33	1
13	0.251490586418766	a7	a14
13	0.25151817032504	a7	a16
12	0.251592809130254	a7	a14	a33	2
13	0.251609034957474	a7	a14
12	0.251660416743672	a7	a17	a33	3
12	0.251691245815391	a7	a15	a33	4
12	0.251708553364426	a7	a16	a33	5
12	0.251729106078905	a7	a14	a33	6
13	0.251735596409793	a7	a16
13	0.251763180316067	a7	a14
12	0.251830247068578	a7	a16	a33	7
13	0.251839441704003	a7	a17
13	0.25183998256491	a7	a15
12	0.251845932034891	a7	a14	a33	8
13	0.25184809547852	a7	a16
13	0.251863239583926	a7	a14
12	0.251900018125626	a7	a14	a33	9
13	0.251916784813753	a7	a14
12	0.251957349381804	a7	a15	a33	10
12	0.251977902096283	a7	a14	a33	11
12	0.251997373088947	a7	a16	a33	12
13	0.251998454810762	a7	a14
12	0.252003863419836	a7	a17	a33	13
13	0.252009272028909	a7	a15
13	0.252014680637982	a7	a16
13	0.252070930172346	a7	a17
12	0.252130965733061	a7	a15	a33	14
12	0.252146650699374	a7	a14	a33	15
13	0.252166121692039	a7	a14
13	0.25216990771839	a7	a15
13	0.252371107975922	a6	a10
13	0.252510650090017	a8	a56
12	0.253475545948719	a8	a56	a50	0
12	0.277137128923218	a6	a10	a34	0
12	0.277273425871868	a7	a14	a35	0
12	0.27729343772544	a7	a17	a35	1
12	0.277428112091369	a7	a16	a35	2
12	0.277497342287509	a7	a15	a35	3
13	0.352128034587412	a7	a14
13	0.352962582967444	a7	a16
13	0.354001576770452	a7	a15
13	0.357502028562785	a7	a17
13	0.357678349218579	a6	a10
12	0.357848720404392	a6	a10	a36	0
12	0.357929849540494	a7	a14	a37	0
12	0.358026122782001	a7	a16	a37	1
12	0.358100220726308	a7	a15	a37	2
12	0.359237110353545	a7	a17	a37	3
13	0.366908681463317	a7	a14
13	0.370227944851689	a7	a15
13	0.371311289249099	a7	a16
13	0.374619194558417	a7	a17
13	0.374821476537764	a6	a10
12	0.388802190131707	a6	a10	a38	0
12	0.388896299929584	a7	a14	a39	0
12	0.389091550717136	a7	a15	a39	1
12	0.38919864117679	a7	a16	a39	2
12	0.389417148983357	a7	a17	a39	3
13	0.397998448139282	a7	a14
13	0.398845436320183	a7	a15
13	0.398963343997984	a7	a16
13	0.401046740213074	a7	a17
13	0.401198722128038	a6	a10
12	0.401350163182094	a6	a10	a40	0
12	0.401432914900918	a7	a14	a41	0
12	0.401497277348892	a7	a16	a41	1
12	0.401787178795228	a7	a15	a41	2
12	0.401951600511061	a7	a17	a41	3
13	0.404536915648167	a7	a14
13	0.406227646844525	a7	a16
13	0.406452104121073	a7	a15
13	0.40769500248615	a7	a17
13	0.407855638175631	a6	a10
12	0.408817829729797	a8	a57	a49	0
13	0.436441218850592	a8	a57
12	0.436752213872315	a8	a57	a54	0
12	0.453008870164363	a8	a58	a53	0
13	0.494457204937786	a8	a58
12	0.49450101467128	a8	a58	a52	0
13	0.519824663214048	a8	a58
12	0.519866850364821	a8	a58	a51	0
13	0.532760974395909	a8	a58
13	0.542816660385254	a8	a57
13	0.543190936133136	a8	a56
13	0.543424047184202	a8	a55
12	0.543964908091546	a8	a55	a46	0
12	0.543988705971469	a8	a56	a48	0
13	0.64433192580652	a8	a56
12	0.644589375598416	a6	a10	a20	0
12	0.644717559633456	a7	a14	a21	0
12	0.645036667568789	a7	a17	a21	1
12	0.645080477302284	a7	a16	a21	2
12	0.64515673869022	a7	a15	a21	3
13	0.647196325171815	a7	a16
13	0.647329917815929	a7	a14
13	0.648060080040844	a7	a15
13	0.650072623477072	a7	a17
13	0.650218115061148	a6	a10
12	0.650506934785669	a8	a56	a44	0
12	0.650526405778334	a8	a57	a43	0
12	0.651018589204017	a6	a10	a22	0
12	0.651089982843787	a7	a14	a23	0
12	0.65143559296358	a7	a17	a23	1
12	0.651494005941573	a7	a15	a23	2
12	0.651521589847847	a7	a16	a23	3
13	0.65325018130772	a7	a14
12	0.653324279252026	a7	a14	a23	4
13	0.653930584329159	a7	a16
12	0.653999814525299	a7	a16	a23	5
13	0.654178298624723	a7	a15
12	0.654247528820863	a7	a15	a23	6
13	0.655164288058811	a7	a17
12	0.655244335473098	a7	a17	a23	7
13	0.655667288702641	a7	a14
12	0.655727324263357	a7	a14	a23	8
13	0.656241142125334	a7	a16
12	0.656310372321474	a7	a16	a23	9
13	0.656771185814531	a7	a15
12	0.656847447202467	a7	a15	a23	10
13	0.658396472841101	a7	a16
12	0.658460294428167	a7	a16	a23	11
13	0.658470570785407	a7	a14
13	0.658515462240716	a7	a17
12	0.658536014955196	a7	a14	a23	12
12	0.658595509655003	a7	a17	a23	13
13	0.659427353730499	a7	a15
12	0.659497665648454	a7	a15	a23	14
13	0.66059615415127	a7	a16
12	0.660667006930132	a7	a16	a23	15
13	0.661005044997222	a7	a14
13	0.661660568416924	a7	a15
13	0.662398302694541	a7	a17
13	0.662995953997157	a7	a16
13	0.663131169223993	a6	a10
12	0.663295050078918	a6	a10	a24	0
12	0.663357249083263	a7	a14	a25	0
13	0.66343513305392	a7	a14
12	0.663452981463863	a7	a14	a25	1
13	0.663523834242725	a7	a14
12	0.663541682652667	a7	a14	a25	2
13	0.663606585961548	a7	a14
12	0.663621730066954	a7	a15	a25	3
13	0.663906763765124	a7	a15
13	0.664033325217443	a6	a10
12	0.664091738195436	a6	a10	a26	0
12	0.664151773756151	a7	a14	a27	0
13	0.664339452491	a7	a14
12	0.664374608449977	a7	a14	a27	1
12	0.664478994605095	a7	a16	a27	2
13	0.664499006458666	a7	a14
12	0.664574726985695	a7	a17	a27	3
13	0.664855974657514	a7	a16
13	0.664957656508094	a7	a17
13	0.665094494317653	a6	a10
12	0.665505548607234	a6	a10	a22	0
12	0.665604526153278	a7	a14	a23	0
12	0.665861975945174	a7	a16	a23	1
12	0.665986914814771	a7	a17	a23	2
12	0.666082106334463	a7	a15	a23	3
13	0.667664665349353	a7	a14
12	0.667737681571844	a7	a14	a23	4
13	0.668058412089899	a7	a16
12	0.668127642286039	a7	a16	a23	5
13	0.668318566186332	a7	a15
12	0.668392664130638	a7	a15	a23	6
13	0.669380817008356	a7	a17
12	0.669452751509033	a7	a17	a23	7
13	0.669774563748903	a7	a14
12	0.669828649839637	a7	a14	a23	8
13	0.670204007309334	a7	a16
12	0.67027215578366	a7	a16	a23	9
13	0.670465783988489	a7	a15
12	0.670529064714648	a7	a15	a23	10
13	0.67185255135492	a7	a14
12	0.671914750359264	a7	a14	a23	11
13	0.672407474645855	a7	a16
12	0.672486440338327	a7	a16	a23	12
13	0.672572978083502	a7	a15
12	0.672644371723272	a7	a15	a23	13
13	0.672922374229647	a7	a17
12	0.672990522703972	a7	a17	a23	14
13	0.674521699932664	a7	a14
12	0.674579572049749	a7	a14	a23	15
13	0.67463041297504	a7	a16
13	0.674886240184214	a7	a15
13	0.67669541991928	a7	a17
13	0.676744097400941	a7	a14
13	0.676876067462333	a6	a10
13	0.677046438648147	a8	a57
12	0.677087003216198	a6	a10	a28	0
12	0.677145957055098	a7	a14	a29	0
13	0.677310919631838	a7	a14
12	0.677346616451723	a7	a14	a29	1
12	0.677382854132515	a7	a15	a29	2
13	0.677467228434061	a7	a14
12	0.677541867239274	a7	a17	a29	3
12	0.677561338231939	a7	a14	a29	4
13	0.677610556574507	a7	a15
12	0.677614883461766	a7	a16	a29	5
12	0.677681950214276	a7	a15	a29	6
13	0.677705748094199	a7	a14
12	0.677750098688602	a7	a14	a29	7
13	0.677794990143911	a7	a16
13	0.677831768685611	a7	a15
12	0.677868006366403	a7	a16	a29	8
13	0.67789504941177	a7	a14
12	0.677895590272677	a7	a15	a29	9
13	0.67792155159623	a7	a17
12	0.67799078179237	a7	a14	a29	10
13	0.677992404375092	a7	a16
13	0.678055144240344	a7	a15
12	0.678056766823066	a7	a17	a29	11
12	0.678114638940152	a7	a16	a29	12
13	0.678140600263704	a7	a14
12	0.678146008872778	a7	a15	a29	13
12	0.678187655162643	a7	a14	a29	14
13	0.67827581549054	a7	a16
13	0.678277438073262	a7	a17
13	0.678279060655984	a7	a15
13	0.678343423103958	a7	a14
12	0.678361271513901	a7	a16	a29	15
13	0.678520825481567	a7	a16
13	0.678667939648365	a6	a10
13	0.678698768720084	a8	a56
12	0.679065472415263	a8	a56	a42	0
12	0.679178512344898	a6	a10	a30	0
12	0.679255314593741	a7	a14	a31	0
12	0.679464627764883	a7	a15	a31	1
13	0.679508978359285	a7	a14
12	0.679565768754557	a7	a14	a31	2
12	0.679704229146837	a7	a17	a31	3
12	0.679739385105814	a7	a16	a31	4
13	0.679800502388344	a7	a14
13	0.679801043249251	a7	a15
12	0.679872436889021	a7	a14	a31	5
12	0.679887580994426	a7	a15	a31	6
13	0.680014142446745	a7	a16
12	0.680079045755626	a7	a16	a31	7
13	0.680112579131882	a7	a15
13	0.680125559793658	a7	a14
12	0.680182350188929	a7	a14	a31	8
12	0.680197494294335	a7	a15	a31	9
13	0.680212097538833	a7	a17
12	0.680286195483139	a7	a17	a31	10
13	0.680306748197618	a7	a16
12	0.680388959055535	a7	a16	a31	11
13	0.680419788127253	a7	a15
13	0.680432227928122	a7	a14
12	0.680503621567892	a7	a15	a31	12
12	0.680526337726	a7	a14	a31	13
13	0.680615579775712	a7	a16
13	0.680665338979187	a7	a17
12	0.680689677720018	a7	a16	a31	14
12	0.680738355201679	a7	a17	a31	15
13	0.680745386393474	a7	a15
13	0.680770265995212	a7	a14
13	0.680910889831122	a7	a16
13	0.681081801877843	a7	a17
13	0.681240274123694	a6	a10
13	0.681399828091361	a8	a56
12	0.681459863652076	a8	a56	a45	0
12	0.681487447558351	a6	a10	a32	0
12	0.681558300337213	a7	a14	a33	0
13	0.681592915435283	a7	a14
12	0.681609682123411	a7	a14	a33	1
13	0.681625907950631	a7	a14
12	0.681642674638759	a7	a14	a33	2
13	0.681659441326886	a7	a14
12	0.681675667154107	a7	a14	a33	3
13	0.681692974703142	a7	a14
12	0.681732457549378	a7	a14	a33	4
13	0.681749765098413	a7	a14
12	0.681843874896291	a7	a15	a33	5
12	0.681874163107102	a7	a14	a33	6
12	0.6818887663516	a7	a17	a33	7
13	0.681891470656137	a7	a14
13	0.681897960987025	a7	a15
12	0.681980712705849	a7	a16	a33	8
12	0.681996938533069	a7	a15	a33	9
13	0.682002347142143	a7	a17
13	0.682012623499382	a7	a15
12	0.68202722674388	a7	a14	a33	10
13	0.682036962240213	a7	a16
13	0.68204561601473	a7	a14
12	0.682130531177183	a7	a15	a33	11
12	0.682147297865311	a7	a14	a33	12
13	0.682166227997068	a7	a14
13	0.682179208658844	a7	a15
12	0.682183535546103	a7	a16	a33	13
13	0.682240325941374	a7	a16
12	0.682258715212224	a7	a14	a33	15
12	0.682279267926703	a7	a17	a33	14
13	0.682296034614831	a7	a14
13	0.682327404547456	a7	a17
13	0.682530227387711	a6	a10
13	0.682610274801998	a8	a56
12	0.683078660347758	a8	a56	a50	0
12	0.695961967160699	a6	a10	a34	0
12	0.696019839277785	a7	a14	a35	0
12	0.696185342715432	a7	a16	a35	1
12	0.696280534235125	a7	a15	a35	2
12	0.696740806867275	a7	a17	a35	3
13	0.777702276087642	a7	a14
13	0.778734779559763	a7	a17
13	0.779082012262278	a7	a16
13	0.779685613034874	a7	a15
13	0.779831645479857	a6	a10
12	0.77989817137146	a6	a10	a36	0
12	0.779970646733044	a7	a14	a37	0
12	0.780440114000619	a7	a15	a37	1
12	0.780474188237782	a7	a16	a37	2
12	0.780592095915583	a7	a17	a37	3
13	0.785241877136022	a7	a14
13	0.785891451085742	a7	a16
13	0.7891728542106	a7	a15
13	0.789189620898728	a7	a17
13	0.789338357648248	a6	a10
12	0.799791035543584	a6	a10	a38	0
12	0.799886227063276	a7	a14	a39	0
12	0.800087968181716	a7	a15	a39	1
12	0.800326487841854	a7	a16	a39	2
12	0.800352990026314	a7	a17	a39	3
13	0.808231710863599	a7	a14
13	0.809217700297687	a7	a16
13	0.80942701346883	a7	a15
13	0.811534207563843	a7	a17
13	0.811714314245989	a6	a10
12	0.811758664840391	a6	a10	a40	0
12	0.811882521988173	a7	a14	a41	0
12	0.812202170784413	a7	a16	a41	1
12	0.81232710965401	a7	a15	a41	2
12	0.81242879150459	a7	a17	a41	3
13	0.815137963789478	a7	a14
13	0.817865525345215	a7	a16
13	0.818079706264524	a7	a15
13	0.819269059399774	a7	a17
13	0.81942266389746	a6	a10
12	0.820084136787142	a8	a57	a49	0
13	0.851880808669005	a8	a57
12	0.851953824891497	a8	a57	a54	0
12	0.859113200722013	a8	a58	a53	0
13	0.897524601500698	a8	a58
12	0.89756083918149	a8	a58	a52	0
13	0.927149175978667	a8	a58
12	0.927194067433977	a8	a58	a51	0
13	0.939104365474606	a8	a58
13	0.948924776969256	a8	a57
13	0.949167082655746	a8	a56
13	0.949446707744843	a8	a55
12	0.950719894320732	a8	a55	a46	0
12	0.950781552464169	a8	a56	a48	0
13	1.04504549570067	a8	a56
12	1.04540679078678	a6	a10	a20	0
12	1.04547061237384	a7	a14	a21	0
12	1.04557391680714	a7	a15	a21	1
12	1.04568641587587	a7	a16	a21	2
12	1.04614614764712	a7	a17	a21	3
13	1.0475664483898	a7	a14
13	1.04758754196519	a7	a15
13	1.0480083317511	a7	a16
13	1.04979912221532	a7	a17
13	1.04994948154756	a6	a10
12	1.05044004239052	a8	a56	a44	0
12	1.05046005424409	a8	a57	a43	0
12	1.05107339051302	a6	a10	a22	0
12	1.05114694759642	a7	a14	a23	0
12	1.05121617779256	a7	a17	a23	1
12	1.05138654897837	a7	a15	a23	2
12	1.05142170493735	a7	a16	a23	3
13	1.05336988592561	a7	a14
12	1.05344614731354	a7	a14	a23	4
13	1.05376038750071	a7	a16
12	1.05384584352407	a7	a16	a23	5
13	1.05405677927793	a7	a15
12	1.05412655033498	a7	a15	a23	6
13	1.0551514817544	a7	a17
12	1.05522828400324	a7	a17	a23	7
13	1.05584432457671	a7	a14
12	1.05589354291927	a7	a14	a23	8
13	1.0562121099937	a7	a15
13	1.05624347992633	a7	a16
12	1.05628620793801	a7	a15	a23	9
12	1.05631703700972	a7	a16	a23	10
13	1.05834147938591	a7	a14
13	1.05839718805937	a7	a16
12	1.05840421925117	a7	a14	a23	11
12	1.0584729085864	a7	a16	a23	12
13	1.05863895288495	a7	a17
12	1.05871413255107	a7	a17	a23	13
13	1.05893264035764	a7	a15
12	1.05899808452743	a7	a15	a23	14
13	1.06086405465777	a7	a16
12	1.06092354935758	a7	a16	a23	15
13	1.06095383756839	a7	a14
13	1.06163802661618	a7	a15
13	1.06193171408887	a7	a17
13	1.06332389006437	a7	a16
13	1.06350670105105	a6	a10
12	1.06379227561013	a6	a10	a24	0
12	1.0638490660054	a7	a14	a25	0
13	1.06393938977693	a7	a14
12	1.06396264679594	a7	a14	a25	1
13	1.06403458129662	a7	a14
12	1.06408271791737	a7	a14	a25	2
12	1.06411246526728	a7	a15	a25	3
13	1.06416222447075	a7	a14
13	1.06434179029199	a7	a15
13	1.064563543264	a6	a10
12	1.0646587347837	a6	a10	a26	0
12	1.06472309723167	a7	a14	a27	0
13	1.06487616086845	a7	a14
12	1.06488805980841	a7	a17	a27	1
12	1.06492267490648	a7	a14	a27	2
12	1.06502435675706	a7	a15	a27	3
13	1.06505085894152	a7	a14
13	1.06523637423274	a7	a15
13	1.0653288614479	a7	a17
13	1.06547002614471	a6	a10
12	1.06587783526885	a6	a10	a22	0
12	1.06596653645765	a7	a14	a23	0
12	1.06614772486161	a7	a16	a23	1
12	1.06624453896403	a7	a15	a23	2
12	1.06646737365786	a7	a17	a23	3
13	1.06802829823645	a7	a14
12	1.06809861015441	a7	a14	a23	4
13	1.06832144484823	a7	a16
13	1.06833550723182	a7	a15
12	1.06841014603704	a7	a16	a23	5
12	1.0684371890824	a7	a15	a23	6
13	1.07014360524507	a7	a14
12	1.07020201822307	a7	a14	a23	7
13	1.07050057344392	a7	a15
12	1.07056114986554	a7	a15	a23	8
13	1.07064985105435	a7	a16
12	1.07071096833688	a7	a16	a23	9
13	1.07236275754791	a7	a14
12	1.07242387483044	a7	a14	a23	10
13	1.0727819247511	a7	a15
12	1.07284141945091	a7	a15	a23	11
13	1.07287441196626	a7	a16
12	1.07294093785786	a7	a16	a23	12
13	1.07489831348154	a7	a14
12	1.07496051248588	a7	a14	a23	13
13	1.07504488678743	a7	a16
13	1.07506652122372	a7	a15
12	1.07513034281079	a7	a16	a23	14
12	1.07515197724708	a7	a15	a23	15
13	1.07729108213563	a7	a15
13	1.07739655001256	a7	a16
13	1.07750634477675	a7	a14
13	1.0794096343097	a7	a17
13	1.0795572893374	a6	a10
13	1.07969088198152	a8	a57
12	1.07972766052322	a6	a10	a28	0
12	1.0797925638321	a7	a14	a29	0
12	1.07996077157428	a7	a16	a29	1
13	1.07997375223606	a7	a14
12	1.08002242971772	a7	a14	a29	2
12	1.08016251269272	a7	a15	a29	3
13	1.08017008474542	a7	a14
13	1.08018198368538	a7	a16
12	1.08021064931347	a7	a14	a29	4
12	1.08030205480681	a7	a16	a29	5
13	1.08034370109668	a7	a14
13	1.08036371295025	a7	a15
12	1.08038102049929	a7	a14	a29	6
13	1.08044754639089	a7	a16
12	1.08045241413906	a7	a15	a29	7
13	1.08050487764707	a7	a14
12	1.08052543036155	a7	a16	a29	8
12	1.08056058632053	a7	a14	a29	9
13	1.08059087453134	a7	a15
13	1.08066875850199	a7	a16
12	1.08067362625016	a7	a15	a29	10
13	1.08071094565277	a7	a14
12	1.08076827690895	a7	a16	a29	11
12	1.08081154578153	a7	a14	a29	12
13	1.08082019955605	a7	a15
12	1.08091160504939	a7	a15	a29	13
13	1.08091430935393	a7	a16
13	1.08096677286194	a7	a14
12	1.08099652021185	a7	a16	a29	14
13	1.08104736113714	a7	a15
12	1.08105006544167	a7	a14	a29	15
13	1.08112740855142	a7	a16
13	1.08119663874756	a7	a14
13	1.0813394260271	a6	a10
13	1.08137187768154	a8	a56
12	1.08192517838976	a8	a56	a42	0
12	1.08202036990945	a6	a10	a30	0
12	1.08207770116563	a7	a14	a31	0
12	1.08215396255356	a7	a15	a31	1
12	1.08232162943484	a7	a17	a31	2
12	1.082355703672	a7	a16	a31	3
13	1.08237247036013	a7	a14
12	1.08243088333812	a7	a14	a31	4
13	1.08251147161332	a7	a15
12	1.0825763749222	a7	a15	a31	5
13	1.08266399438919	a7	a14
13	1.08267264816371	a7	a16
12	1.08275161385618	a7	a14	a31	6
12	1.08276621710068	a7	a16	a31	7
13	1.08280894511236	a7	a15
13	1.08281705802597	a7	a17
12	1.08289926888388	a7	a15	a31	8
12	1.08290684093659	a7	a17	a31	9
13	1.08299337868176	a7	a16
13	1.08300690020444	a7	a14
12	1.08307396695695	a7	a16	a31	10
12	1.08308640675782	a7	a14	a31	11
13	1.08314860576217	a7	a15
12	1.0832248671501	a7	a15	a31	12
13	1.08326543171815	a7	a17
13	1.08331248661709	a7	a16
13	1.083313027478	a7	a14
12	1.08334385654972	a7	a17	a31	13
12	1.08341795449403	a7	a14	a31	14
12	1.0834379663476	a7	a16	a31	15
13	1.08344337495667	a7	a15
13	1.08366134190233	a7	a14
13	1.08366945481594	a7	a16
13	1.0837105602449	a7	a17
13	1.08386632818621	a6	a10
13	1.08407834566189	a8	a56
12	1.08412864572628	a8	a56	a45	0
12	1.08417029201614	a6	a10	a32	0
12	1.08423627704684	a7	a14	a33	0
13	1.08427467817126	a7	a14
12	1.08429090399848	a7	a14	a33	1
13	1.08441151598082	a7	a14
12	1.08444937624433	a7	a16	a33	2
12	1.08450941180505	a7	a14	a33	3
13	1.08452509677136	a7	a14
12	1.08455159895582	a7	a17	a33	4
13	1.08455322153854	a7	a16
12	1.08456944736576	a7	a14	a33	5
13	1.08458567319298	a7	a14
12	1.08459865385476	a7	a15	a33	6
12	1.08464949478005	a7	a16	a33	7
13	1.08466572060727	a7	a15
12	1.08468086471267	a7	a14	a33	8
13	1.08469817226171	a7	a14
13	1.08469979484443	a7	a17
13	1.0847046625926	a7	a16
12	1.0847344099425	a7	a15	a33	9
13	1.08479120033777	a7	a15
12	1.08482797887947	a7	a16	a33	10
13	1.08485880795119	a7	a16
12	1.08486421656026	a7	a14	a33	11
12	1.08495075430544	a7	a17	a33	12
13	1.08495940807996	a7	a14
12	1.08498861456895	a7	a15	a33	13
13	1.08499564576075	a7	a17
12	1.08500051350891	a7	a16	a33	14
12	1.08501565761432	a7	a14	a33	15
13	1.08501565761432	a7	a15
13	1.08504270065969	a7	a14
13	1.08505297701693	a7	a16
13	1.08528176118073	a6	a10
13	1.08535639998595	a8	a56
12	1.08587724903972	a8	a56	a50	0
12	1.09863669870488	a6	a10	a34	0
12	1.09869673426559	a7	a14	a35	0
12	1.09881572366521	a7	a15	a35	1
12	1.09891253776762	a7	a16	a35	2
12	1.09892876359485	a7	a17	a35	3
13	1.18210181306534	a7	a16
13	1.18344152553284	a7	a17
13	1.18362379565861	a7	a14
13	1.18396453803024	a7	a15
13	1.18440425794791	a6	a10
12	1.18449620430216	a6	a10	a36	0
12	1.18455678072378	a7	a14	a37	0
12	1.1848163939593	a7	a16	a37	1
12	1.18495160918614	a7	a17	a37	2
12	1.18500299097234	a7	a15	a37	3
13	1.18937206538187	a7	a14
13	1.19091135552417	a7	a16
13	1.19165828443721	a7	a17
13	1.1932332713994	a7	a15
13	1.19339228450616	a6	a10
12	1.2036096879068	a6	a10	a38	0
12	1.20367242777205	a7	a14	a39	0
12	1.20392879584213	a7	a17	a39	1
12	1.20397747332379	a7	a15	a39	2
12	1.20404940782447	a7	a16	a39	3
13	1.21179237257401	a7	a14
13	1.21320942815125	a7	a15
13	1.21346795966496	a7	a16
13	1.21521980814385	a7	a17
13	1.21538477072059	a6	a10
12	1.21545237833401	a6	a10	a40	0
12	1.21552755800013	a7	a14	a41	0
12	1.21566655925332	a7	a15	a41	1
12	1.2159597058651	a7	a16	a41	2
12	1.21634101280477	a7	a17	a41	3
13	1.21885006655394	a7	a14
13	1.22160791632049	a7	a15
13	1.22205520829087	a7	a16
13	1.22341817777737	a7	a17
13	1.22357989518867	a6	a10
12	1.2243041079436	a8	a57	a49	0
13	1.25087173657326	a8	a57
12	1.25096584637114	a8	a57	a54	0
12	1.25808844365996	a8	a58	a53	0
13	1.29656853377388	a8	a58
12	1.29661721125554	a8	a58	a52	0
13	1.31717046659553	a8	a58
12	1.31721373546812	a8	a58	a51	0
13	1.32939824998877	a8	a58
13	1.33902232897405	a8	a57
13	1.33914834956546	a8	a56
13	1.33932358849944	a8	a55
12	1.33966379001016	a8	a55	a46	0
12	1.33970759974366	a8	a56	a48	0
13	1.43771484131989	a8	a56
12	1.43795985131091	a6	a10	a20	0
12	1.43804638905609	a7	a14	a21	0
12	1.43836441526961	a7	a16	a21	1
12	1.43848015950378	a7	a15	a21	2
12	1.43853749075996	a7	a17	a21	3
13	1.44030664678788	a7	a15
13	1.44054083956076	a7	a14
13	1.44117472854417	a7	a16
13	1.44373678666226	a7	a17
13	1.44389363632539	a6	a10
12	1.44417921088447	a8	a56	a44	0
12	1.44420192704258	a8	a57	a43	0
12	1.4447341341754	a6	a10	a22	0
12	1.44479579231884	a7	a14	a23	0
12	1.44500186032454	a7	a16	a23	1
12	1.44506892707705	a7	a15	a23	2
12	1.44511868628052	a7	a17	a23	3
13	1.44692948859831	a7	a14
12	1.44700034137717	a7	a14	a23	4
13	1.44739625156135	a7	a16
12	1.44746548175749	a7	a16	a23	5
13	1.4476650594323	a7	a15
12	1.44773483048935	a7	a15	a23	6
13	1.44882628780037	a7	a17
12	1.44889768144014	a7	a17	a23	7
13	1.44942772512934	a7	a14
12	1.44948721982914	a7	a14	a23	8
13	1.44958944254063	a7	a16
12	1.44965650929314	a7	a16	a23	9
13	1.45021900463678	a7	a15
12	1.45028444880657	a7	a15	a23	10
13	1.45194705523575	a7	a14
12	1.45200654993555	a7	a14	a23	11
13	1.45217043079048	a7	a16
12	1.45224939648295	a7	a16	a23	12
13	1.45234999661172	a7	a17
12	1.45242625799965	a7	a17	a23	13
13	1.45270912825419	a7	a15
12	1.45278917566848	a7	a15	a23	14
13	1.45457509838453	a7	a14
13	1.45459348765538	a7	a16
12	1.45465514579882	a7	a16	a23	15
13	1.45541830053908	a7	a15
13	1.45573524503079	a7	a17
13	1.4569002594252	a7	a16
13	1.45704521014837	a6	a10
12	1.45726317709403	a6	a10	a24	0
12	1.45735404172647	a7	a14	a25	0
13	1.45742922139259	a7	a14
12	1.4574303031144	a7	a15	a25	1
12	1.45747140854336	a7	a14	a25	2
13	1.4575406387395	a7	a14
12	1.45759688827386	a7	a14	a25	3
13	1.45764286145099	a7	a15
13	1.45766179158275	a7	a14
13	1.45778943475688	a6	a10
12	1.45785433806576	a6	a10	a26	0
12	1.45793546720186	a7	a14	a27	0
13	1.45806960070688	a7	a14
12	1.45808798997773	a7	a14	a27	1
12	1.45820265249009	a7	a16	a27	2
13	1.45822158262185	a7	a14
12	1.45830433434067	a7	a14	a27	3
13	1.45844441731567	a7	a16
13	1.458454152812	a7	a14
13	1.45863966810322	a6	a10
12	1.45902476106925	a6	a10	a22	0
12	1.45910318590082	a7	a14	a23	0
12	1.45937361635449	a7	a15	a23	1
12	1.45952776171308	a7	a17	a23	2
12	1.45956886714204	a7	a16	a23	3
13	1.46113952721697	a7	a14
12	1.46121037999583	a7	a14	a23	4
13	1.46163441494719	a7	a15
12	1.46169715481244	a7	a15	a23	5
13	1.46173555593686	a7	a16
12	1.46180370441119	a7	a16	a23	6
13	1.46298386291101	a7	a17
12	1.46305417482897	a7	a17	a23	7
13	1.46325375250378	a7	a14
12	1.4633067568727	a7	a14	a23	8
13	1.46393631896885	a7	a16
12	1.46400284486045	a7	a16	a23	9
13	1.46422081180611	a7	a15
12	1.4642862559759	a7	a15	a23	10
13	1.46533877130159	a7	a14
12	1.46539718427958	a7	a14	a23	11
13	1.46608570021463	a7	a16
13	1.4661203153127	a7	a17
12	1.46615438954987	a7	a16	a23	12
12	1.46620523047516	a7	a17	a23	13
13	1.46636424358192	a7	a15
12	1.46643455549987	a7	a15	a23	14
13	1.46742000407305	a7	a14
12	1.46747841705104	a7	a14	a23	15
13	1.46821723305048	a7	a16
13	1.46851092052316	a7	a15
13	1.46925406340986	a7	a17
13	1.46963915637589	a7	a14
13	1.46975490061006	a6	a10
13	1.46993013954404	a8	a57
12	1.46997719444298	a6	a10	a28	0
12	1.4700301988119	a7	a14	a29	0
12	1.47015784198603	a7	a15	a29	1
13	1.47016649576055	a7	a14
12	1.47021409152039	a7	a14	a29	2
13	1.47035309277358	a7	a14
12	1.47035579707812	a7	a16	a29	3
13	1.47036012396537	a7	a15
12	1.47039419820254	a7	a14	a29	4
12	1.4704650509814	a7	a15	a29	5
13	1.47052021879395	a7	a16
13	1.47052995429028	a7	a14
12	1.47059431673826	a7	a14	a29	6
13	1.47062190064453	a7	a15
12	1.47063650388903	a7	a16	a29	7
12	1.47064083077629	a7	a17	a29	8
12	1.47070735666789	a7	a15	a29	9
13	1.47074359434868	a7	a14
13	1.47077496428131	a7	a16
12	1.47084581706017	a7	a14	a29	10
13	1.47085771600013	a7	a15
12	1.47086636977465	a7	a16	a29	11
12	1.47099455380969	a7	a15	a29	12
13	1.47099888069695	a7	a17
13	1.47100807533237	a7	a16
13	1.47101672910689	a7	a14
12	1.47107784638942	a7	a14	a29	13
12	1.47111624751384	a7	a16	a29	14
12	1.47112976903653	a7	a17	a29	15
13	1.47118764115361	a7	a15
13	1.47126552512427	a7	a16
13	1.47133529618132	a7	a17
13	1.47165115895121	a7	a14
13	1.47172093000825	a6	a10
13	1.47175824941086	a8	a56
12	1.47216173164774	a8	a56	a42	0
12	1.4722325844266	a6	a10	a30	0
12	1.47228991568278	a7	a14	a31	0
12	1.47237050395797	a7	a15	a31	1
12	1.47249111594031	a7	a17	a31	2
13	1.47254682461377	a7	a14
12	1.47259982898269	a7	a14	a31	3
12	1.47276965930759	a7	a16	a31	4
13	1.47283726692101	a7	a14
13	1.47286809599273	a7	a15
12	1.47291947777893	a7	a14	a31	5
12	1.47295138857246	a7	a15	a31	6
13	1.47303251770856	a7	a17
13	1.47303305856947	a7	a16
12	1.47310661565287	a7	a17	a31	7
12	1.47313744472459	a7	a16	a31	8
13	1.47314934366455	a7	a14
12	1.47319531684167	a7	a14	a31	9
13	1.47335000306117	a7	a15
13	1.47337271921928	a7	a16
12	1.4734403268327	a7	a15	a31	10
13	1.4734478988854	a7	a14
12	1.47345763438174	a7	a16	a31	11
13	1.47347386020896	a7	a17
12	1.47349333120162	a7	a14	a31	12
12	1.47355444848415	a7	a17	a31	13
13	1.47367992821465	a7	a16
12	1.47376105735076	a7	a16	a31	14
13	1.47376159821166	a7	a14
12	1.47379999933608	a7	a14	a31	15
13	1.47384110476504	a7	a15
13	1.47390492635211	a7	a17
13	1.47398389204458	a7	a16
13	1.47402607919535	a7	a14
13	1.47415859011765	a6	a10
13	1.47428352898725	a8	a56
12	1.47456153149363	a8	a56	a45	0
12	1.47457343043359	a6	a10	a32	0
12	1.47466862195328	a7	a14	a33	0
13	1.47468538864141	a7	a14
12	1.47470269619044	a7	a14	a33	1
13	1.47472595320946	a7	a14
12	1.47474217903668	a7	a14	a33	2
13	1.47475948658571	a7	a14
12	1.47477625327384	a7	a14	a33	3
13	1.47479301996197	a7	a14
12	1.47480924578919	a7	a14	a33	4
13	1.47482655333822	a7	a14
12	1.47484223830454	a7	a14	a33	5
13	1.47485954585357	a7	a14
12	1.47487577168079	a7	a14	a33	6
13	1.47489253836892	a7	a14
12	1.47490930505705	a7	a14	a33	7
13	1.47492661260608	a7	a14
12	1.4749428384333	a7	a14	a33	8
13	1.47497420836593	a7	a14
12	1.47502072240396	a7	a14	a33	9
13	1.47503748909209	a7	a14
12	1.47507751279923	a7	a14	a33	10
13	1.47509373862645	a7	a14
12	1.47509860637462	a7	a16	a33	11
12	1.47513159888997	a7	a14	a33	12
13	1.47514836557809	a7	a14
13	1.47515377418717	a7	a16
12	1.47525112915049	a7	a15	a33	13
12	1.47527925391767	a7	a14	a33	14
12	1.47530088835397	a7	a16	a33	15
13	1.47530088835397	a7	a15
13	1.47531765504209	a7	a14
13	1.47531873676391	a7	a16
13	1.47558213602578	a6	a10
13	1.47563784469924	a8	a56
12	1.47608621839143	a8	a56	a50	0
12	1.4906434897126	a6	a10	a34	0
12	1.49071866937872	a7	a14	a35	0
12	1.49100965254687	a7	a17	a35	1
12	1.49106211605489	a7	a16	a35	2
12	1.49166950285383	a7	a15	a35	3
13	1.57320752980143	a7	a14
13	1.57417891599102	a7	a17
13	1.57435631836863	a7	a16
13	1.57511568708254	a7	a15
13	1.57526388297115	a6	a10
12	1.57532554111459	a6	a10	a36	0
12	1.57541532402521	a7	a14	a37	0
12	1.57563491355359	a7	a17	a37	1
12	1.57569765341884	a7	a16	a37	2
12	1.57661387179588	a7	a15	a37	3
13	1.58042423688812	a7	a16
13	1.58116467547028	a7	a14
13	1.58435305051907	a7	a17
13	1.58473435745875	a7	a15
13	1.58490202434003	a6	a10
12	1.59497880390476	a6	a10	a38	0
12	1.59503180827368	a7	a14	a39	0
12	1.5951956891286	a7	a16	a39	1
12	1.59541041090882	a7	a17	a39	2
12	1.59549478521037	a7	a15	a39	3
13	1.60357146113974	a7	a14
13	1.60478785732036	a7	a16
13	1.6047911024858	a7	a15
13	1.60741049186007	a7	a17
13	1.60758302648951	a6	a10
12	1.60763657171934	a6	a10	a40	0
12	1.6076928212537	a7	a14	a41	0
12	1.60781397409695	a7	a15	a41	1
12	1.60786643760496	a7	a16	a41	2
12	1.60851114380651	a7	a17	a41	3
13	1.61107212020279	a7	a14
13	1.61362282024183	a7	a16
13	1.61364175037358	a7	a15
13	1.61538440421705	a7	a17
13	1.61556883778645	a6	a10
12	1.61624761822517	a8	a57	a49	0
13	1.64340911213109	a8	a57
12	1.64348483265812	a8	a57	a54	0
12	1.65081728397898	a8	a58	a53	0
13	1.68894635536404	a8	a58
12	1.68898151132301	a8	a58	a52	0
13	1.70909396502352	a8	a58
12	1.70912803926068	a8	a58	a51	0
13	1.7215975874795	a8	a58
13	1.73144666460224	a8	a57
13	1.73156186797551	a8	a56
13	1.73170735955958	a8	a55
12	1.73208271702928	a8	a55	a46	0
12	1.73214870205998	a8	a56	a48	0
13	1.82816341205355	a8	a56
12	1.82837921555558	a6	a10	a20	0
12	1.82845764038715	a7	a14	a21	0
12	1.82857446634313	a7	a15	a21	1
12	1.82863612448657	a7	a16	a21	2
12	1.82877512573976	a7	a17	a21	3
13	1.83055023123766	a7	a14
13	1.83155298735988	a7	a16
13	1.83209492998904	a7	a15
13	1.83348007477275	a7	a17
13	1.83366721264669	a6	a10
12	1.83391925382951	a8	a56	a44	0
12	1.83394305170943	a8	a57	a43	0
12	1.83439304798434	a6	a10	a22	0
12	1.83449851586127	a7	a14	a23	0
12	1.8349052432636	a7	a16	a23	1
12	1.83500746597509	a7	a15	a23	2
12	1.83502423266321	a7	a17	a23	3
13	1.83665492829886	a7	a14
12	1.8367246993559	a7	a14	a23	4
13	1.83743214542271	a7	a15
12	1.83750786594974	a7	a15	a23	5
13	1.83752030575061	a7	a16
12	1.83760468005215	a7	a16	a23	6
13	1.83904769695295	a7	a14
13	1.83907690344194	a7	a17
12	1.83913315297631	a7	a14	a23	7
12	1.83915695085623	a7	a17	a23	8
13	1.83962209123655	a7	a15
12	1.8396924031545	a7	a15	a23	9
13	1.83995363897275	a7	a16
12	1.84001691969891	a7	a16	a23	10
13	1.84133012998194	a7	a14
12	1.84139178812538	a7	a14	a23	11
13	1.8420413620751	a7	a15
12	1.84212086862848	a7	a15	a23	12
13	1.84220037518186	a7	a16
12	1.842269605378	a7	a16	a23	13
13	1.84292566965861	a7	a17
12	1.84299327727202	a7	a17	a23	14
13	1.84359850062734	a7	a14
12	1.84365745446624	a7	a14	a23	15
13	1.84448443079357	a7	a15
13	1.84479488495439	a7	a16
13	1.84587282074272	a7	a14
13	1.84653807965876	a7	a17
13	1.84669384760007	a6	a10
12	1.84691992745934	a6	a10	a24	0
12	1.84699727056909	a7	a14	a25	0
13	1.84707515453975	a7	a14
12	1.84709841155877	a7	a14	a25	1
13	1.84718224499941	a7	a14
12	1.84723416764651	a7	a14	a25	2
13	1.84730502042537	a7	a14
12	1.84731908280896	a7	a16	a25	3
13	1.84754462180733	a7	a16
13	1.84767983703416	a6	a10
12	1.84773987259488	a6	a10	a26	0
12	1.84779612212924	a7	a14	a27	0
13	1.84793836854787	a7	a14
12	1.84796487073233	a7	a14	a27	1
13	1.84808386013195	a7	a14
12	1.84812658814363	a7	a15	a27	2
12	1.8481763473471	a7	a17	a27	3
13	1.84838566051825	a7	a15
13	1.84855494998225	a7	a17
13	1.8487063910363	a6	a10
12	1.84910067863776	a6	a10	a22	0
12	1.84921858631556	a7	a14	a23	0
12	1.84929809286894	a7	a17	a23	1
12	1.84933433054973	a7	a16	a23	2
12	1.84939328438863	a7	a15	a23	3
13	1.85129332875613	a7	a14
12	1.85135931378683	a7	a14	a23	4
13	1.85153996132988	a7	a16
13	1.85159945602969	a7	a15
12	1.85160432377785	a7	a16	a23	5
12	1.85167625827853	a7	a15	a23	6
13	1.85293592333173	a7	a17
12	1.85300893955423	a7	a17	a23	7
13	1.85340701318203	a7	a14
12	1.85346758960365	a7	a14	a23	8
13	1.85382563952432	a7	a15
12	1.85388567508503	a7	a15	a23	9
13	1.85400412362374	a7	a16
12	1.85406794521081	a7	a16	a23	10
13	1.85558830522135	a7	a14
12	1.85564996336479	a7	a14	a23	11
13	1.85593986481112	a7	a15
12	1.85600044123275	a7	a15	a23	12
13	1.85611997149327	a7	a16
12	1.85619352857667	a7	a16	a23	13
13	1.85634659221345	a7	a17
12	1.85641960843594	a7	a17	a23	14
13	1.85770415309088	a7	a14
12	1.85776094348615	a7	a14	a23	15
13	1.8580881643351	a7	a15
13	1.85825691293819	a7	a16
13	1.85981026546408	a7	a14
13	1.85989734407016	a7	a17
13	1.86007799161322	a6	a10
13	1.86021591114459	a8	a57
12	1.86025106710357	a6	a10	a28	0
12	1.86031110266428	a7	a14	a29	0
13	1.86045605338745	a7	a14
12	1.86047227921467	a7	a14	a29	1
13	1.86059451377973	a7	a14
12	1.86063886437413	a7	a14	a29	2
12	1.86066915258494	a7	a15	a29	3
12	1.86075514946921	a7	a17	a29	4
13	1.86076218066101	a7	a14
12	1.86079625489817	a7	a16	a29	5
12	1.86081951191718	a7	a14	a29	6
13	1.86089252813968	a7	a15
13	1.86094390992587	a7	a14
12	1.8609531045613	a7	a15	a29	7
13	1.86100556806931	a7	a16
12	1.86101692614837	a7	a14	a29	8
12	1.86110184131082	a7	a16	a29	9
13	1.86110400475445	a7	a15
13	1.86111914885985	a7	a17
13	1.86114402846159	a7	a14
12	1.86121488124045	a7	a15	a29	10
13	1.86123597481584	a7	a16
12	1.86124895547762	a7	a14	a29	11
12	1.8612549049476	a7	a17	a29	12
12	1.86131818567376	a7	a16	a29	13
13	1.86138417070445	a7	a15
13	1.86138471156536	a7	a14
12	1.86144366540426	a7	a14	a29	14
12	1.86147719878052	a7	a15	a29	15
13	1.86148260738959	a7	a16
13	1.86148693427685	a7	a17
13	1.86159726990195	a7	a14
13	1.86161187314644	a7	a15
13	1.8618368712839	a6	a10
13	1.86186770035562	a8	a56
12	1.86224305782531	a8	a56	a42	0
12	1.86233284073593	a6	a10	a30	0
12	1.8623890902703	a7	a14	a31	0
13	1.86262977337407	a7	a14
12	1.8626470809231	a7	a14	a31	1
12	1.8627276691983	a7	a17	a31	2
12	1.86277418323633	a7	a16	a31	3
12	1.86286937475602	a7	a15	a31	4
13	1.86286937475602	a7	a14
12	1.86291534793314	a7	a14	a31	5
13	1.86310302666799	a7	a16
12	1.86317604289048	a7	a16	a31	6
13	1.86317766547321	a7	a14
13	1.86320200421404	a7	a15
12	1.86322255692852	a7	a14	a31	7
12	1.86328529679377	a7	a15	a31	8
13	1.86330855381278	a7	a17
12	1.86339238725342	a7	a17	a31	9
13	1.86339887758431	a7	a16
13	1.86345242281414	a7	a14
12	1.8634794658595	a7	a16	a31	10
12	1.86351083579213	a7	a14	a31	11
13	1.86352273473209	a7	a15
12	1.86360332300729	a7	a15	a31	12
13	1.86370608657968	a7	a16
13	1.8637661221404	a7	a14
13	1.86377910280217	a7	a17
12	1.86378721571578	a7	a16	a31	13
13	1.8638396792238	a7	a15
12	1.86385374160739	a7	a14	a31	14
12	1.86387213087824	a7	a17	a31	15
13	1.86401113213142	a7	a16
13	1.8641274172265	a7	a14
13	1.86428643033326	a7	a17
13	1.86445085204909	a6	a10
13	1.86456443283964	a8	a56
12	1.86460283396406	a8	a56	a45	0
12	1.86462284581763	a6	a10	a32	0
12	1.86467909535199	a7	a14	a33	0
13	1.86469532117921	a7	a14
12	1.86471803733732	a7	a14	a33	1
13	1.86473426316454	a7	a14
12	1.86475048899176	a7	a14	a33	2
13	1.86476833740171	a7	a14
12	1.86478618581165	a7	a14	a33	3
13	1.86480295249978	a7	a14
12	1.86484838481599	a7	a14	a33	4
13	1.86486623322593	a7	a14
12	1.86490138918491	a7	a14	a33	5
13	1.86491869673395	a7	a14
12	1.86492356448211	a7	a15	a33	6
12	1.86495439355383	a7	a14	a33	7
13	1.86497278282468	a7	a14
13	1.86502091944544	a7	a15
12	1.86504579904717	a7	a14	a33	8
13	1.86507392381435	a7	a14
12	1.86510583460789	a7	a17	a33	9
12	1.86514531745412	a7	a16	a33	10
12	1.86516857447314	a7	a15	a33	11
12	1.86517776910856	a7	a14	a33	12
13	1.86518534116127	a7	a16
13	1.86518588202217	a7	a15
13	1.86520589387575	a7	a14
13	1.86526430685374	a7	a17
12	1.86530108539544	a7	a16	a33	13
13	1.8653200155272	a7	a16
12	1.86533732307623	a7	a15	a33	14
12	1.86539140916697	a7	a14	a33	15
13	1.865408716716	a7	a15
13	1.86541033929872	a7	a14
13	1.86565318584612	a6	a10
13	1.86571159882411	a8	a56
12	1.86611021331283	a8	a56	a50	0
12	1.87882747582721	a6	a10	a34	0
12	1.8788853479443	a7	a14	a35	0
12	1.87912765363079	a7	a17	a35	1
12	1.87923961183861	a7	a15	a35	2
12	1.87935860123823	a7	a16	a35	3
13	1.95870938667652	a7	a14
13	1.9678104531644	a7	a16
13	1.97006313884349	a7	a15
13	1.97017888307766	a7	a17
13	1.97050502220479	a6	a10
12	1.97093608834795	a6	a10	a36	0
12	1.97100856370953	a7	a14	a37	0
12	1.97142989435635	a7	a16	a37	1
12	1.97161324620394	a7	a15	a37	2
12	1.97215951572036	a7	a17	a37	3
13	1.97551609851134	a7	a14
13	1.97658267622062	a7	a15
13	1.97732581910731	a7	a16
13	1.97977213299123	a7	a17
13	1.97994142245523	a6	a10
12	1.99029187763908	a6	a10	a38	0
12	1.99037679280153	a7	a14	a39	0
12	1.99052715213377	a7	a17	a39	1
12	1.99055744034458	a7	a16	a39	2
12	1.99063478345433	a7	a15	a39	3
13	1.99881963156517	a7	a14
13	2.00005441701664	a7	a16
13	2.00028103773682	a7	a15
13	2.00210049382913	a7	a17
13	2.00227627362401	a6	a10
12	2.00234442209834	a6	a10	a40	0
12	2.00240283507633	a7	a14	a41	0
12	2.00254994924313	a7	a16	a41	1
12	2.00274520003068	a7	a15	a41	2
12	2.00316598981659	a7	a17	a41	3
13	2.0057215576038	a7	a14
13	2.0085053686939	a7	a16
13	2.00862489895442	a7	a15
13	2.01035673557974	a7	a17
13	2.01052386160011	a6	a10
12	2.01134759276199	a8	a57	a49	0
13	2.03848799309253	a8	a57
12	2.03858210289041	a8	a57	a54	0
12	2.04570524104013	a8	a58	a53	0
13	2.08382674037248	a8	a58
12	2.08387055010597	a8	a58	a52	0
13	2.10355410110695	a8	a58
12	2.10360440117134	a8	a58	a51	0
13	2.11554282397915	a8	a58
13	2.12520800839339	a8	a57
13	2.12541029037274	a8	a56
13	2.12560878632573	a8	a55
12	2.1268657470744	a8	a55	a47	0
13	2.18311149541186	a8	a55
12	2.18319911487885	a8	a55	a46	0
12	2.18326293646591	a8	a56	a48	0
13	2.26978499667469	a8	a56
12	2.27008571533917	a6	a10	a20	0
12	2.27016630361436	a7	a14	a21	0
12	2.27050542340327	a7	a17	a21	1
12	2.27067795803271	a7	a15	a21	2
12	2.27069634730356	a7	a16	a21	3
13	2.27255258193757	a7	a14
13	2.27276730371778	a7	a15
13	2.27299446529887	a7	a17
13	2.2729971696034	a7	a16
13	2.27315996873651	a6	a10
12	2.2734974659427	a8	a56	a44	0
12	2.27351747779627	a8	a57	a43	0
12	2.27405184837273	a6	a10	a22	0
12	2.27417191949416	a7	a14	a23	0
12	2.27429199061559	a7	a17	a23	1
12	2.27433093260092	a7	a15	a23	2
12	2.27461272113364	a7	a16	a23	3
13	2.27630074802546	a7	a14
12	2.27637755027431	a7	a14	a23	4
13	2.27681294330472	a7	a15
13	2.2768334960192	a7	a17
12	2.27687460144816	a7	a15	a23	5
12	2.27692814667798	a7	a17	a23	6
13	2.27719803627075	a7	a16
12	2.27726780732779	a7	a16	a23	7
13	2.27872921349944	a7	a14
12	2.27879303508651	a7	a14	a23	8
13	2.27910997957821	a7	a17
12	2.27918624096614	a7	a17	a23	9
13	2.27919705818429	a7	a15
12	2.27926845182406	a7	a15	a23	10
13	2.27980552670505	a7	a16
12	2.27987475690119	a7	a16	a23	11
13	2.28101489169388	a7	a14
12	2.28107763155913	a7	a14	a23	12
13	2.28137835022361	a7	a15
12	2.28144595783703	a7	a15	a23	13
13	2.28153844505219	a7	a17
12	2.28161362471831	a7	a17	a23	14
13	2.28240003647758	a7	a16
12	2.28248765594457	a7	a16	a23	15
13	2.28331084624555	a7	a14
13	2.28372568656149	a7	a15
13	2.28389281258185	a7	a17
13	2.28468192864567	a7	a16
13	2.28486636221507	a6	a10
12	2.28517411207135	a6	a10	a24	0
12	2.28526443584288	a7	a14	a25	0
13	2.28536070908439	a7	a14
12	2.28537855749433	a7	a14	a25	1
12	2.28543210272416	a7	a16	a25	2
13	2.28544346080321	a7	a14
12	2.28548348451035	a7	a14	a25	3
13	2.28555379642831	a7	a14
13	2.28569387940331	a7	a16
13	2.28588642588633	a6	a10
12	2.28596430985698	a6	a10	a26	0
12	2.2860173142259	a7	a14	a27	0
13	2.28616713269724	a7	a14
12	2.28619309402079	a7	a14	a27	1
13	2.28631316514222	a7	a14
12	2.28635751573662	a7	a14	a27	2
12	2.28640889752282	a7	a16	a27	3
13	2.28648786321529	a7	a14
13	2.28668311400284	a7	a16
13	2.28680967545516	a6	a10
12	2.28722776093654	a6	a10	a22	0
12	2.28729645027177	a7	a14	a23	0
12	2.28742463430681	a7	a15	a23	1
12	2.2877107497268	a7	a16	a23	2
13	2.2893528034415	a7	a14
12	2.28942095191582	a7	a14	a23	3
13	2.28958375104893	a7	a15
12	2.28964865435781	a7	a15	a23	4
13	2.28994017838687	a7	a16
12	2.2900229301057	a7	a16	a23	5
13	2.29148920402551	a7	a14
12	2.2915400449508	a7	a14	a23	6
13	2.29181426143082	a7	a15
12	2.29187862387879	a7	a15	a23	7
13	2.29221179419772	a7	a16
12	2.29227345234115	a7	a16	a23	8
13	2.29373918540006	a7	a14
12	2.29380246612622	a7	a14	a23	9
13	2.29396364267661	a7	a15
12	2.29402638254186	a7	a15	a23	10
13	2.29445095835412	a7	a16
12	2.2945153208021	a7	a16	a23	11
13	2.29586098273957	a7	a14
12	2.29591939571756	a7	a14	a23	12
13	2.29609679809517	a7	a15
12	2.29617630464855	a7	a15	a23	13
13	2.29663225039344	a7	a16
12	2.29669444939779	a7	a16	a23	14
13	2.29798061663545	a7	a14
12	2.2980433565007	a7	a14	a23	15
13	2.29827700841268	a7	a15
13	2.29887465971529	a7	a16
13	2.30025764105537	a7	a14
13	2.30039447886493	a6	a10
13	2.30055078766715	a8	a57
12	2.30059351567883	a6	a10	a28	0
12	2.3006503060741	a7	a14	a29	0
12	2.30078930732729	a7	a15	a29	1
13	2.30081472778994	a7	a14
12	2.30086178268888	a7	a14	a29	2
12	2.3009228999714	a7	a16	a29	3
13	2.30099321188936	a7	a14
13	2.30101646890838	a7	a15
12	2.30107542274728	a7	a14	a29	4
12	2.30110571095809	a7	a15	a29	5
13	2.30113491744708	a7	a16
12	2.30120793366958	a7	a16	a29	6
13	2.30121496486137	a7	a14
13	2.30124417135037	a7	a15
12	2.30128040903116	a7	a14	a29	7
12	2.30133395426099	a7	a15	a29	8
13	2.30133936287006	a7	a16
13	2.30141129737074	a7	a14
12	2.30141291995346	a7	a16	a29	9
13	2.30146916948782	a7	a15
12	2.30147674154053	a7	a14	a29	10
13	2.30154705345848	a7	a16
12	2.30155408465028	a7	a15	a29	11
12	2.30163088689912	a7	a16	a29	12
13	2.30163899981273	a7	a14
12	2.30169741279072	a7	a14	a29	13
13	2.30169903537344	a7	a15
13	2.30176393868233	a7	a16
12	2.30178286881408	a7	a15	a29	14
12	2.30184777212296	a7	a16	a29	15
13	2.30184885384478	a7	a14
13	2.30191429801457	a7	a15
13	2.3019829873498	a7	a16
13	2.30211982515936	a6	a10
13	2.30215335853561	a8	a56
12	2.3025427783889	a8	a56	a42	0
12	2.30263364302133	a6	a10	a30	0
12	2.30269908719112	a7	a14	a31	0
12	2.30296302731391	a7	a15	a31	1
13	2.30300305102105	a7	a14
12	2.30307660810445	a7	a14	a31	2
12	2.30313015333428	a7	a16	a31	3
13	2.30330322882463	a7	a15
13	2.30331296432096	a7	a14
12	2.30338814398708	a7	a15	a31	4
12	2.30341031928428	a7	a14	a31	5
13	2.30345142471324	a7	a16
12	2.30352552265755	a7	a16	a31	6
13	2.30362990881266	a7	a15
13	2.30363856258718	a7	a14
12	2.30369643470427	a7	a14	a31	7
12	2.30371969172328	a7	a15	a31	8
13	2.30374781649046	a7	a16
12	2.30381109721662	a7	a16	a31	9
13	2.30394414899983	a7	a14
13	2.30394793502618	a7	a15
12	2.30401446091778	a7	a14	a31	10
13	2.30403176846682	a7	a16
12	2.30403663621499	a7	a15	a31	11
12	2.30413020515196	a7	a16	a31	12
13	2.30426109349153	a7	a14
13	2.30426271607426	a7	a15
12	2.30433410971403	a7	a14	a31	13
13	2.3043541215676	a7	a16
12	2.30436602050756	a7	a15	a31	14
12	2.30443470984279	a7	a16	a31	15
13	2.30458182400959	a7	a14
13	2.30460291758498	a7	a15
13	2.30466998433749	a7	a16
13	2.30481980280882	a6	a10
13	2.30502046220545	a8	a56
12	2.30506427193894	a8	a56	a45	0
12	2.30510699995062	a6	a10	a32	0
12	2.30518488392128	a7	a14	a33	0
13	2.30522598935024	a7	a14
12	2.30524221517746	a7	a14	a33	1
13	2.30530765934725	a7	a14
12	2.30531631312176	a7	a16	a33	2
12	2.30535255080255	a7	a14	a33	3
13	2.30537688954339	a7	a14
13	2.30538824762244	a7	a16
12	2.30539311537061	a7	a14	a33	4
13	2.30540934119783	a7	a14
12	2.30544666060043	a7	a14	a33	5
13	2.30546288642765	a7	a14
12	2.30546559073219	a7	a16	a33	6
13	2.3054812756985	a7	a16
12	2.30550128755207	a7	a14	a33	7
13	2.30551751337929	a7	a14
12	2.30554563814648	a7	a16	a33	8
13	2.3055624048346	a7	a16
12	2.30558998874088	a7	a14	a33	9
13	2.30560675542901	a7	a14
12	2.3056208178126	a7	a16	a33	10
13	2.30564407483161	a7	a16
12	2.3057095190014	a7	a14	a33	11
13	2.30573548032495	a7	a14
12	2.30574467496038	a7	a16	a33	13
13	2.3057609007876	a7	a16
12	2.30576144164851	a7	a15	a33	12
12	2.30583824389735	a7	a14	a33	14
13	2.3058496019764	a7	a15
13	2.30586096005546	a7	a14
12	2.30587772674359	a7	a16	a33	15
13	2.30594154833065	a7	a16
13	2.30609353024562	a6	a10
13	2.30617736368625	a8	a56
12	2.30663601373568	a8	a56	a50	0
12	2.32011751271215	a6	a10	a34	0
12	2.32017971171649	a7	a14	a35	0
12	2.32038199369584	a7	a17	a35	1
12	2.32063998434864	a7	a15	a35	2
12	2.32070651024024	a7	a16	a35	3
13	2.40133318655897	a7	a17
13	2.40333220847251	a7	a15
13	2.40337493648419	a7	a14
13	2.40416134824347	a7	a16
13	2.40428736883488	a6	a10
12	2.40435335386558	a6	a10	a36	0
12	2.40443448300168	a7	a14	a37	0
12	2.4045464412095	a7	a15	a37	1
12	2.4047968598096	a7	a17	a37	2
12	2.4048336383513	a7	a16	a37	3
13	2.4101438107396	a7	a17
13	2.41041153688874	a7	a14
13	2.4120584583516	a7	a15
13	2.41279511090741	a7	a16
13	2.4129422250742	a6	a10
12	2.42260524604482	a6	a10	a38	0
12	2.4227215311399	a7	a14	a39	0
12	2.42303252616162	a7	a15	a39	1
12	2.42305470145882	a7	a16	a39	2
12	2.42325265655091	a7	a17	a39	3
13	2.43131905612304	a7	a14
13	2.43260305991708	a7	a15
13	2.43306495513195	a7	a16
13	2.43308118095917	a7	a17
13	2.43325912419769	a6	a10
12	2.43331591459296	a6	a10	a40	0
12	2.43337757273639	a7	a14	a41	0
12	2.43375725709335	a7	a15	a41	1
12	2.4338124249059	a7	a17	a41	2
12	2.43385515291758	a7	a16	a41	3
13	2.43663571884224	a7	a14
13	2.43973268839769	a7	a15
13	2.44001123176497	a7	a16
13	2.44003016189673	a7	a17
13	2.44027949877501	a6	a10
12	2.44093826736016	a8	a57	a49	0
13	2.46892403328888	a8	a57
12	2.46899759037227	a8	a57	a54	0
12	2.47537271788714	a8	a58	a53	0
13	2.51382576495569	a8	a58
12	2.51387552415917	a8	a58	a52	0
13	2.53385546693737	a8	a58
12	2.53389062289635	a8	a58	a51	0
13	2.54603403198804	a8	a58
13	2.55564675289428	a8	a57
13	2.55576466057208	a8	a56
13	2.55592367367884	a8	a55
12	2.55634933121292	a8	a55	a46	0
12	2.5563920592246	a8	a56	a48	0
13	2.65673581992055	a8	a56
12	2.65725991413977	a6	a10	a20	0
12	2.65738863903572	a7	a14	a21	0
12	2.65765744690667	a7	a17	a21	1
12	2.65768665339566	a7	a16	a21	2
12	2.65783214497974	a7	a15	a21	3
13	2.65931734903131	a7	a16
13	2.65947257611172	a7	a14
13	2.66110489433008	a7	a17
13	2.66135747637381	a7	a15
13	2.66149539590518	a6	a10
12	2.66207249449332	a8	a56	a44	0
12	2.66210278270413	a8	a57	a43	0
12	2.66269502539767	a6	a10	a22	0
12	2.66275884698474	a7	a14	a23	0
12	2.66300439783667	a7	a15	a23	1
12	2.66302603227297	a7	a16	a23	2
12	2.66311743776631	a7	a17	a23	3
13	2.6648844303506	a7	a14
12	2.66495095624221	a7	a14	a23	4
13	2.66544205794607	a7	a16
12	2.66551182900312	a7	a16	a23	5
13	2.66554860754482	a7	a17
12	2.66562000118459	a7	a17	a23	6
13	2.66563730873363	a7	a15
12	2.66571194753884	a7	a15	a23	7
13	2.66721824516579	a7	a14
12	2.66727287211744	a7	a14	a23	8
13	2.66771908236599	a7	a17
13	2.66778236309215	a7	a16
12	2.66778939428395	a7	a17	a23	9
12	2.66787593202912	a7	a16	a23	10
13	2.66814149473463	a7	a15
12	2.6683821778384	a7	a15	a23	11
13	2.66963589342162	a7	a14
12	2.66969592898234	a7	a14	a23	12
13	2.66995283791333	a7	a16
12	2.67001774122221	a7	a16	a23	13
13	2.67045205253081	a7	a17
12	2.67053588597144	a7	a17	a23	14
13	2.67129309124173	a7	a15
12	2.67136935262966	a7	a15	a23	15
13	2.67192157161606	a7	a14
13	2.67228935703305	a7	a16
13	2.67285185237669	a7	a17
13	2.67354848122535	a7	a15
13	2.67368369645219	a6	a10
12	2.67397630220306	a6	a10	a24	0
12	2.67408068835818	a7	a14	a25	0
13	2.6741780433215	a7	a14
12	2.67419589173144	a7	a14	a25	1
13	2.67426458106667	a7	a14
12	2.67430784993926	a7	a14	a25	2
12	2.67433489298463	a7	a15	a25	3
13	2.67437329410905	a7	a14
13	2.67454096099033	a7	a15
13	2.67466698158174	a6	a10
12	2.67474973330056	a6	a10	a26	0
12	2.67483843448937	a7	a14	a27	0
12	2.67489197971919	a7	a16	a27	1
12	2.67496932282894	a7	a17	a27	2
13	2.67500934653609	a7	a14
12	2.6750764132886	a7	a14	a27	3
13	2.67520459732364	a7	a14
13	2.67521487368088	a7	a16
13	2.67528464473793	a7	a17
13	2.67545772022828	a6	a10
12	2.67589689928504	a6	a10	a22	0
12	2.67600128544016	a7	a14	a23	0
12	2.67614082755425	a7	a15	a23	1
12	2.67640314509431	a7	a17	a23	2
12	2.67642910641787	a7	a16	a23	3
13	2.67802789125998	a7	a14
12	2.67809820317793	a7	a14	a23	4
13	2.67830318946181	a7	a15
12	2.67836755190979	a7	a15	a23	5
13	2.67853738223469	a7	a16
13	2.67858119196819	a7	a17
12	2.67863041031076	a7	a16	a23	6
12	2.67865853507794	a7	a17	a23	7
13	2.68012210469321	a7	a14
12	2.68018484455847	a7	a14	a23	8
13	2.68054613964457	a7	a15
12	2.68062456447614	a7	a15	a23	9
13	2.68079439480104	a7	a16
13	2.68082360129004	a7	a17
12	2.68085929810992	a7	a16	a23	10
12	2.68091230247884	a7	a17	a23	11
13	2.68221090951738	a7	a14
12	2.68227527196535	a7	a14	a23	12
13	2.68287130068524	a7	a15
13	2.682890230817	a7	a16
12	2.68296054273496	a7	a15	a23	13
12	2.68299137180668	a7	a16	a23	14
13	2.68305357081102	a7	a17
12	2.68312117842444	a7	a17	a23	15
13	2.68430241864608	a7	a14
13	2.68510127020623	a7	a16
13	2.68521268755314	a7	a15
13	2.68521917788403	a7	a17
13	2.68538738562621	a6	a10
13	2.6855999439628	a8	a57
12	2.68563834508722	a6	a10	a28	0
12	2.68569675806521	a7	a14	a29	0
12	2.68580384852487	a7	a16	a29	1
13	2.68586280236377	a7	a14
12	2.68590823467998	a7	a14	a29	2
12	2.68597854659794	a7	a17	a29	3
13	2.68600667136512	a7	a16
12	2.68601911116599	a7	a15	a29	4
13	2.68603587785412	a7	a14
12	2.68608401447487	a7	a16	a29	5
12	2.68611971129475	a7	a14	a29	6
13	2.68620084043086	a7	a15
13	2.68623653725074	a7	a16
13	2.68624681360798	a7	a17
12	2.68626628460064	a7	a15	a29	7
13	2.68627223407063	a7	a14
12	2.68632794274408	a7	a16	a29	8
12	2.68636039439852	a7	a14	a29	9
12	2.68638635572208	a7	a17	a29	10
13	2.68639933638385	a7	a15
13	2.68646099452729	a7	a16
13	2.68651562147893	a7	a14
12	2.68652427525345	a7	a15	a29	11
13	2.68653779677613	a7	a17
12	2.68654536882883	a7	a16	a29	12
12	2.68660378180683	a7	a14	a29	13
12	2.68664867326214	a7	a17	a29	14
13	2.68666435822845	a7	a15
13	2.68669248299563	a7	a16
13	2.68676279491359	a7	a14
12	2.68676441749631	a7	a15	a29	15
13	2.68678821537623	a7	a17
13	2.68693046179486	a7	a15
13	2.68705756410809	a6	a10
13	2.68709001576253	a8	a56
12	2.68780395216022	a8	a56	a42	0
12	2.68791104261988	a6	a10	a30	0
12	2.68799974380868	a7	a14	a31	0
13	2.68830641194315	a7	a14
12	2.68831560657857	a7	a17	a31	1
12	2.68835184425936	a7	a14	a31	2
12	2.68841296154189	a7	a16	a31	3
12	2.68848760034711	a7	a15	a31	4
13	2.68861091663398	a7	a14
12	2.68866716616835	a7	a14	a31	5
13	2.68868717802192	a7	a16
13	2.68870664901458	a7	a17
12	2.68875045874808	a7	a16	a31	6
13	2.68875262219171	a7	a15
12	2.68877317490619	a7	a17	a31	7
12	2.68886512126043	a7	a15	a31	8
13	2.68889649119306	a7	a14
12	2.68895274072742	a7	a14	a31	9
13	2.68899871390455	a7	a16
13	2.6890246752281	a7	a17
13	2.68908957853698	a7	a15
12	2.68909606886787	a7	a16	a31	10
12	2.68914096032318	a7	a17	a31	11
12	2.68917233025581	a7	a15	a31	12
13	2.68917557542125	a7	a14
12	2.68923669270378	a7	a14	a31	13
13	2.6893340476671	a7	a16
13	2.68940544130687	a7	a15
13	2.68940598216778	a7	a17
12	2.68940652302869	a7	a16	a31	14
13	2.68946601772849	a7	a14
12	2.68949251991295	a7	a17	a31	15
13	2.68963422547068	a7	a16
13	2.68972292665948	a7	a17
13	2.68987490857445	a6	a10
13	2.69008205830196	a8	a56
12	2.69013398094906	a8	a56	a45	0
12	2.69017562723893	a6	a10	a32	0
12	2.69023890796509	a7	a14	a33	0
13	2.69027839081132	a7	a14
12	2.69029461663855	a7	a14	a33	1
13	2.69031084246577	a7	a14
12	2.69036438769559	a7	a14	a33	2
12	2.69037466405283	a7	a17	a33	3
13	2.69038007266191	a7	a14
12	2.69044118994444	a7	a14	a33	4
13	2.69045957921529	a7	a14
12	2.69047634590341	a7	a14	a33	5
13	2.69049311259154	a7	a14
12	2.6905417900732	a7	a14	a33	6
13	2.69055801590042	a7	a14
13	2.69055909762224	a7	a17
12	2.69059479444212	a7	a14	a33	7
13	2.69061102026934	a7	a14
12	2.69068457735274	a7	a15	a33	8
12	2.69069863973633	a7	a16	a33	9
12	2.69072189675535	a7	a17	a33	10
13	2.69072351933807	a7	a15
13	2.69073649999985	a7	a16
12	2.69074677635709	a7	a14	a33	11
13	2.69076786993247	a7	a14
13	2.69077436026336	a7	a17
12	2.69083872271133	a7	a16	a33	12
13	2.6908727969485	a7	a16
12	2.69088631847118	a7	a15	a33	13
12	2.69092904648286	a7	a14	a33	14
13	2.69095879383276	a7	a15
13	2.69097123363363	a7	a14
12	2.69097934654724	a7	a17	a33	15
13	2.690998276679	a7	a17
13	2.69125788991453	a6	a10
13	2.69134280507698	a8	a56
12	2.69255487437034	a8	a56	a50	0
12	2.70531540575731	a6	a10	a34	0
12	2.70545657045413	a7	a14	a35	0
12	2.70552742323299	a7	a17	a35	1
12	2.70555284369564	a7	a15	a35	2
12	2.70577730097218	a7	a16	a35	3
13	2.78563325049794	a7	a17
13	2.7889741483226	a7	a14
13	2.78951338664723	a7	a15
13	2.79048477283682	a7	a16
13	2.79067299243257	a6	a10
12	2.79077954203132	a6	a10	a36	0
12	2.79084498620111	a7	a14	a37	0
12	2.79098290573248	a7	a15	a37	1
12	2.79130147280691	a7	a17	a37	2
12	2.79185261007149	a7	a16	a37	3
13	2.79550179861334	a7	a17
13	2.79678850671192	a7	a16
13	2.79716873192978	a7	a14
13	2.79888921047604	a7	a15
13	2.79903632464284	a6	a10
12	2.8090492826205	a6	a10	a38	0
12	2.80915420963653	a7	a14	a39	0
12	2.80931376360419	a7	a15	a39	1
12	2.80935324645043	a7	a16	a39	2
12	2.80955931445613	a7	a17	a39	3
13	2.81786477454931	a7	a14
13	2.81869445518117	a7	a15
13	2.81890593179595	a7	a16
13	2.81897245768755	a7	a17
13	2.81913525682066	a6	a10
12	2.81921097734769	a6	a10	a40	0
12	2.81927912582201	a7	a14	a41	0
12	2.81938351197713	a7	a15	a41	1
12	2.81964204349084	a7	a16	a41	2
12	2.81968477150252	a7	a17	a41	3
13	2.82254376225874	a7	a14
13	2.82563207803968	a7	a17
13	2.82567534691227	a7	a16
13	2.82572835128119	a7	a15
13	2.82604637749471	a6	a10
12	2.8267749171369	a8	a57	a49	0
13	2.85481206485181	a8	a57
12	2.85491104239786	a8	a57	a54	0
12	2.8614024550078	a8	a58	a53	0
13	2.89946716394488	a8	a58
12	2.89951097367837	a8	a58	a52	0
13	2.92823717818924	a8	a58
12	2.92828639653181	a8	a58	a51	0
13	2.94015775258711	a8	a58
13	2.94996788772452	a8	a57
13	2.95020748910648	a8	a56
13	2.95042004744306	a8	a55
12	2.95170134693256	a8	a55	a46	0
12	2.951763005076	a8	a56	a48	0
13	3.0432355651697	a8	a56
12	3.04357738926314	a6	a10	a20	0
12	3.04364337429383	a7	a14	a21	0
12	3.04376560885889	a7	a17	a21	1
12	3.04383700249866	a7	a15	a21	2
12	3.04387215845764	a7	a16	a21	3
13	3.04570838123807	a7	a14
13	3.04633848419513	a7	a15
13	3.04655104253172	a7	a17
13	3.0465867393516	a7	a16
13	3.04680578801908	a6	a10
12	3.04721521972593	a8	a56	a44	0
12	3.04723685416223	a8	a57	a43	0
12	3.04774904944148	a6	a10	a22	0
12	3.04784532268299	a7	a14	a23	0
12	3.04813792843386	a7	a17	a23	1
12	3.04824285544989	a7	a16	a23	2
12	3.04830884048059	a7	a15	a23	3
13	3.04997631465793	a7	a14
12	3.05004392227135	a7	a14	a23	4
13	3.05067510695022	a7	a16
12	3.0507546135036	a7	a16	a23	5
13	3.05077787052261	a7	a17
13	3.05083412005698	a7	a15
12	3.05084169210968	a7	a17	a23	6
12	3.05094121051663	a7	a15	a23	7
13	3.05240856615825	a7	a14
12	3.05246751999716	a7	a14	a23	8
13	3.0530013497127	a7	a17
12	3.05306463043886	a7	a17	a23	9
13	3.05312412513867	a7	a16
12	3.05319389619572	a7	a16	a23	10
13	3.05344106963038	a7	a15
12	3.05350759552198	a7	a15	a23	11
13	3.05483108216225	a7	a14
12	3.05489057686206	a7	a14	a23	12
13	3.05543197863031	a7	a16
12	3.05550715829643	a7	a16	a23	13
13	3.05558828743253	a7	a17
13	3.05560180895522	a7	a15
12	3.05567698862134	a7	a17	a23	14
12	3.05571052199759	a7	a15	a23	15
13	3.05724927127899	a7	a14
13	3.0576040760342	a7	a16
13	3.05816008104695	a7	a15
13	3.05823526071307	a7	a17
13	3.0583769662708	a6	a10
12	3.058679307518	a6	a10	a24	0
12	3.05874204738326	a7	a14	a25	0
13	3.05883723890295	a7	a14
12	3.05884913784291	a7	a15	a25	1
12	3.05889186585459	a7	a14	a25	2
12	3.05892431750903	a7	a17	a25	3
13	3.05895947346801	a7	a14
13	3.05907575856309	a7	a15
13	3.05914336617651	a7	a17
13	3.05937809981029	a6	a10
12	3.05945544292004	a6	a10	a26	0
12	3.05950790642806	a7	a14	a27	0
13	3.05965502059485	a7	a14
12	3.05967719589205	a7	a14	a27	1
13	3.05981457456252	a7	a14
12	3.05981619714524	a7	a17	a27	2
12	3.05987893701049	a7	a14	a27	3
13	3.06001307051552	a7	a14
13	3.06014341799419	a7	a17
13	3.06034137308627	a6	a10
12	3.06075296823676	a6	a10	a22	0
12	3.06081624896292	a7	a14	a23	0
12	3.0610504417358	a7	a16	a23	1
12	3.06106937186756	a7	a15	a23	2
12	3.06125056027152	a7	a17	a23	3
13	3.06286070319268	a7	a14
12	3.06293047424973	a7	a14	a23	4
13	3.06321064019974	a7	a16
12	3.06327716609134	a7	a16	a23	5
13	3.06330150483217	a7	a15
12	3.06336857158468	a7	a15	a23	6
13	3.06339615549095	a7	a17
12	3.06346430396528	a7	a17	a23	7
13	3.06495978437409	a7	a14
12	3.06502144251752	a7	a14	a23	8
13	3.06532324290382	a7	a16
12	3.06539030965633	a7	a16	a23	9
13	3.06564126911734	a7	a17
12	3.06570725414804	a7	a17	a23	10
13	3.06583976507034	a7	a15
12	3.06592684367642	a7	a15	a23	11
13	3.06704209886736	a7	a14
12	3.06709834840173	a7	a14	a23	12
13	3.06754509951119	a7	a16
12	3.06761000282007	a7	a16	a23	13
13	3.0679653484362	a7	a17
13	3.06799347320338	a7	a15
12	3.06805783565135	a7	a17	a23	14
12	3.06808055180946	a7	a15	a23	15
13	3.06913036283062	a7	a14
13	3.06965770221528	a7	a16
13	3.070108780212	a7	a17
13	3.07014826305824	a7	a15
13	3.07036082139483	a6	a10
13	3.07052902913701	a8	a57
12	3.07056797112234	a6	a10	a28	0
12	3.07061989376944	a7	a14	a29	0
13	3.070785938068	a7	a14
12	3.07084218760236	a7	a14	a29	1
12	3.07086490376047	a7	a16	a29	2
12	3.07090168230217	a7	a17	a29	3
12	3.07094008342659	a7	a15	a29	4
13	3.07101093620545	a7	a14
12	3.07106826746163	a7	a14	a29	5
13	3.07110883202968	a7	a16
13	3.07111694494329	a7	a17
13	3.07116832672949	a7	a15
12	3.07118292997399	a7	a17	a29	6
13	3.07119969666212	a7	a14
12	3.07121267732389	a7	a16	a29	7
12	3.07126730427554	a7	a15	a29	8
12	3.07129110215546	a7	a14	a29	9
13	3.07131706347901	a7	a17
13	3.07137277215247	a7	a16
12	3.07138899797969	a7	a17	a29	10
13	3.07144362493133	a7	a15
13	3.07144632923587	a7	a14
12	3.07147769916849	a7	a16	a29	11
12	3.07154801108645	a7	a14	a29	12
13	3.07154801108645	a7	a17
12	3.07156856380093	a7	a15	a29	13
13	3.07161940472622	a7	a16
12	3.07164320260614	a7	a17	a29	14
13	3.07169566611415	a7	a14
12	3.07170431988867	a7	a16	a29	15
13	3.07171243280228	a7	a15
13	3.07177517266753	a7	a17
13	3.07184494372458	a7	a16
13	3.07200720199678	a6	a10
13	3.07204181709485	a8	a56
12	3.07258105541947	a8	a56	a42	0
12	3.07268111468733	a6	a10	a30	0
12	3.07273682336079	a7	a14	a31	0
12	3.07290394938116	a7	a15	a31	1
12	3.07295695375008	a7	a17	a31	2
12	3.07299914090085	a7	a16	a31	3
13	3.0730245613635	a7	a14
12	3.07307107540153	a7	a14	a31	4
13	3.07327119393725	a7	a15
13	3.07327606168541	a7	a17
13	3.07329877784352	a7	a14
13	3.07331446280983	a7	a16
12	3.07333501552431	a7	a14	a31	5
12	3.07338747903233	a7	a17	a31	7
12	3.07341398121679	a7	a16	a31	8
12	3.07342750273947	a7	a15	a31	6
13	3.07357083087992	a7	a14
12	3.07362599869246	a7	a14	a31	9
13	3.07364438796331	a7	a16
13	3.0736508782942	a7	a17
13	3.07369144286225	a7	a15
12	3.07372010849034	a7	a16	a31	10
12	3.07374985584025	a7	a17	a31	11
12	3.07379312471283	a7	a15	a31	12
13	3.0738493742472	a7	a14
12	3.07390562378156	a7	a14	a31	13
13	3.07395808728957	a7	a16
13	3.0740192045721	a7	a17
13	3.07401974543301	a7	a15
12	3.07402190887664	a7	a16	a31	14
12	3.07411223264817	a7	a15	a31	15
13	3.07413116277992	a7	a14
13	3.07425123390135	a7	a16
13	3.07436265124827	a7	a15
13	3.0745048976669	a6	a10
13	3.07471583342076	a8	a56
12	3.07476397004152	a8	a56	a45	0
12	3.07480399374866	a6	a10	a32	0
12	3.0748586207003	a7	a14	a33	0
13	3.07489810354654	a7	a14
12	3.07495164877637	a7	a14	a33	1
13	3.07496949718631	a7	a14
12	3.07497544665629	a7	a15	a33	2
12	3.07504089082608	a7	a14	a33	3
13	3.07505873923602	a7	a14
13	3.07507388334142	a7	a15
12	3.07507604678505	a7	a14	a33	4
13	3.07509227261227	a7	a14
12	3.07518421896652	a7	a15	a33	5
12	3.07519287274104	a7	a14	a33	6
13	3.07520206737647	a7	a15
13	3.07520963942917	a7	a14
12	3.07523560075272	a7	a17	a33	7
12	3.07528319651257	a7	a15	a33	8
13	3.07529455459162	a7	a17
13	3.07530969869703	a7	a15
12	3.07532051591517	a7	a14	a33	9
13	3.07533890518602	a7	a14
12	3.07541300313033	a7	a16	a33	10
12	3.07543626014935	a7	a15	a33	11
13	3.07545194511566	a7	a15
12	3.07546005802927	a7	a14	a33	12
13	3.0754697935256	a7	a16
12	3.07547303869104	a7	a17	a33	13
13	3.07551955272908	a7	a14
13	3.07552063445089	a7	a17
12	3.07553523769539	a7	a15	a33	14
12	3.07555633127078	a7	a16	a33	15
13	3.0755655259062	a7	a15
13	3.07558067001161	a7	a16
13	3.07585704993526	a6	a10
13	3.07593871993227	a8	a56
12	3.07646065070786	a8	a56	a50	0
12	3.08919413904946	a6	a10	a34	0
12	3.08926012408016	a7	a14	a35	0
12	3.08942941354416	a7	a17	a35	1
12	3.08955489327466	a7	a15	a35	2
12	3.08959653956453	a7	a16	a35	3
13	3.17256514361205	a7	a14
13	3.17281772565578	a7	a17
13	3.17367823535936	a7	a16
13	3.17403898958456	a7	a15
13	3.17416122414962	a6	a10
12	3.17424722103389	a6	a10	a36	0
12	3.17430184798553	a7	a14	a37	0
12	3.17452468267936	a7	a16	a37	1
12	3.17457011499557	a7	a17	a37	2
12	3.17474697651228	a7	a15	a37	3
13	3.17902410456755	a7	a17
13	3.18070131424123	a7	a14
13	3.18104800608284	a7	a15
13	3.18215352577745	a7	a16
13	3.18233255073778	a6	a10
12	3.19201125667471	a6	a10	a38	0
12	3.19207399653996	a7	a14	a39	0
12	3.19223463222944	a7	a17	a39	1
12	3.1924379959306	a7	a16	a39	2
12	3.19247531533321	a7	a15	a39	3
13	3.20044922769018	a7	a14
13	3.20189819406096	a7	a15
13	3.20190630697457	a7	a16
13	3.20208479107399	a7	a17
13	3.20224380418075	a6	a10
12	3.20231898384687	a6	a10	a40	0
12	3.20238334629485	a7	a14	a41	0
12	3.20268027893298	a7	a15	a41	1
12	3.20271759833559	a7	a16	a41	2
12	3.20282631137796	a7	a17	a41	3
13	3.20563662465252	a7	a14
13	3.20886610513028	a7	a17
13	3.20893587618732	a7	a16
13	3.20917223240383	a7	a15
13	3.20935937027777	a6	a10
12	3.21007817442363	a8	a57	a49	0
13	3.2374343782562	a8	a57
12	3.23752956977589	a8	a57	a54	0
12	3.24397446834781	a8	a58	a53	0
13	3.28233394647939	a8	a58
12	3.28238532826559	a8	a58	a52	0
13	3.30175626166212	a8	a58
12	3.30179520364745	a8	a58	a51	0
13	3.31378987598963	a8	a58
13	3.32331984517703	a8	a57
13	3.32343883457665	a8	a56
13	3.32357945841256	a8	a55
12	3.32393426316778	a8	a55	a46	0
12	3.32397753204036	a8	a56	a48	0
13	3.41655723441139	a8	a56
12	3.41680224440242	a6	a10	a20	0
12	3.41696396181372	a7	a14	a21	0
12	3.41720085889113	a7	a17	a21	1
12	3.41740638603592	a7	a16	a21	2
12	3.41747345278843	a7	a15	a21	3
13	3.41905601180332	a7	a15
13	3.41907926882234	a7	a16
13	3.41910955703315	a7	a14
13	3.41960336304156	a7	a17
13	3.41976670303557	a6	a10
12	3.42001387647023	a8	a56	a44	0
12	3.42003767435015	a8	a57	a43	0
12	3.42053959327217	a6	a10	a22	0
12	3.42061909982555	a7	a14	a23	0
12	3.42075647849601	a7	a17	a23	1
12	3.4209690368326	a7	a15	a23	2
12	3.42106585093502	a7	a16	a23	3
13	3.42275063266139	a7	a14
12	3.42282581232751	a7	a14	a23	4
13	3.4232222633726	a7	a17
12	3.42328554409876	a7	a17	a23	5
13	3.42332881297134	a7	a15
13	3.42333584416314	a7	a16
12	3.42343103568283	a7	a15	a23	6
12	3.42344563892733	a7	a16	a23	7
13	3.42520397773711	a7	a14
12	3.4252694219069	a7	a14	a23	8
13	3.42537543064473	a7	a17
12	3.42544195653634	a7	a17	a23	9
13	3.42577891288161	a7	a16
13	3.42581785486694	a7	a15
12	3.42584976566048	a7	a16	a23	10
12	3.42591412810845	a7	a15	a23	11
13	3.42791801777016	a7	a16
12	3.42798670710539	a7	a16	a23	12
13	3.42806729538059	a7	a14
12	3.42813977074217	a7	a14	a23	13
13	3.42839181192499	a7	a17
12	3.42846374642567	a7	a17	a23	14
13	3.42876716939469	a7	a15
12	3.42883964475628	a7	a15	a23	15
13	3.43035730046228	a7	a16
13	3.43091438719685	a7	a15
13	3.4309473797122	a7	a14
13	3.43122159619222	a7	a17
13	3.4313600565845	a6	a10
12	3.4315661245902	a6	a10	a24	0
12	3.43162886445545	a7	a14	a25	0
13	3.43171702478335	a7	a14
12	3.43173487319329	a7	a14	a25	1
13	3.43180410338943	a7	a14
12	3.43182465610391	a7	a14	a25	2
12	3.43188793683007	a7	a17	a25	3
13	3.43189550888277	a7	a14
13	3.43210265861028	a7	a17
13	3.43224165986347	a6	a10
12	3.43230169542419	a6	a10	a26	0
12	3.43236984389851	a7	a14	a27	0
13	3.43249478276811	a7	a14
12	3.43249694621174	a7	a16	a27	1
12	3.43255914521608	a7	a14	a27	2
12	3.43258781084417	a7	a15	a27	3
13	3.4326857066684	a7	a14
13	3.4328182175907	a7	a15
13	3.43282092189524	a7	a16
13	3.4330096823519	a6	a10
12	3.43339423445702	a6	a10	a22	0
12	3.43345102485229	a7	a14	a23	0
12	3.43359543471455	a7	a15	a23	1
12	3.43363924444805	a7	a16	a23	2
12	3.43366087888434	a7	a17	a23	3
13	3.43549980596931	a7	a14
12	3.43556633186092	a7	a14	a23	4
13	3.43572588582858	a7	a16
12	3.43579187085928	a7	a16	a23	5
13	3.43579727946835	a7	a17
13	3.43580214721652	a7	a15
12	3.43589571615349	a7	a15	a23	6
12	3.43591194198071	a7	a17	a23	7
13	3.43760050973344	a7	a14
12	3.43766054529415	a7	a14	a23	8
13	3.43797640806404	a7	a15
13	3.43800831885758	a7	a17
13	3.43802562640661	a7	a16
12	3.43803860706839	a7	a15	a23	9
12	3.43812514481356	a7	a17	a23	10
12	3.43815597388528	a7	a16	a23	11
13	3.43967795647855	a7	a14
12	3.43974015548289	a7	a14	a23	12
13	3.44011551295259	a7	a15
12	3.4401755485133	a7	a15	a23	13
13	3.44030481427016	a7	a16
12	3.44036971757904	a7	a16	a23	14
13	3.44050980055404	a7	a17
12	3.44058281677653	a7	a17	a23	15
13	3.44196579811661	a7	a14
13	3.4423184394282	a7	a15
13	3.4425910333255	a7	a16
13	3.44297234026518	a7	a17
13	3.44309078880389	a6	a10
13	3.44325791482426	a8	a57
12	3.44329361164414	a6	a10	a28	0
12	3.44334715687397	a7	a14	a29	0
12	3.44342828601007	a7	a15	a29	1
13	3.44350184309347	a7	a14
12	3.44355701090602	a7	a14	a29	2
13	3.44362840454579	a7	a15
13	3.44369655302012	a7	a14
12	3.44373765844907	a7	a16	a29	3
12	3.44375767030265	a7	a15	a29	4
12	3.44379985745342	a7	a14	a29	5
12	3.44380905208884	a7	a17	a29	6
13	3.44390262102581	a7	a15
13	3.44392858234937	a7	a16
13	3.44395670711655	a7	a14
12	3.44399564910188	a7	a15	a29	7
12	3.44401674267726	a7	a14	a29	8
13	3.44402269214724	a7	a17
12	3.44403459108721	a7	a16	a29	9
12	3.44410273956153	a7	a17	a29	10
13	3.4441443858514	a7	a15
13	3.44415682565227	a7	a14
13	3.44419089988943	a7	a16
12	3.44424931286742	a7	a14	a29	11
13	3.44424985372833	a7	a17
12	3.44426553869464	a7	a16	a29	12
12	3.44434558610893	a7	a15	a29	13
12	3.44436722054522	a7	a17	a29	14
13	3.44441265286144	a7	a16
13	3.44441589802688	a7	a14
12	3.44448296477939	a7	a14	a29	15
13	3.44450784438113	a7	a17
13	3.44453813259194	a7	a15
13	3.44463116066801	a7	a14
13	3.44475069092853	a6	a10
13	3.44478260172206	a8	a56
12	3.44511739462371	a8	a56	a42	0
12	3.44518986998529	a6	a10	a30	0
12	3.44524666038056	a7	a14	a31	0
13	3.44551925427787	a7	a14
12	3.4455365618269	a7	a14	a31	1
12	3.44559659738762	a7	a16	a31	2
12	3.44568692115914	a7	a17	a31	3
12	3.4457280265881	a7	a15	a31	4
13	3.44576967287797	a7	a14
12	3.44582592241233	a7	a14	a31	5
13	3.44592598168019	a7	a16
12	3.44599088498907	a7	a16	a31	6
13	3.44599737531996	a7	a15
13	3.4460000796245	a7	a17
13	3.44605308399341	a7	a14
12	3.4461185281632	a7	a17	a31	8
12	3.44613583571224	a7	a15	a31	7
12	3.44614124432131	a7	a14	a31	9
13	3.44622778206649	a7	a16
12	3.44630025742807	a7	a16	a31	10
13	3.44634190371794	a7	a17
13	3.44637327365056	a7	a15
13	3.4463981532523	a7	a14
12	3.4464419629858	a7	a17	a31	11
12	3.44647225119661	a7	a15	a31	12
12	3.44648577271929	a7	a14	a31	13
13	3.44652471470462	a7	a16
12	3.44661017072798	a7	a16	a31	14
13	3.44666479767962	a7	a17
13	3.44671617946582	a7	a14
13	3.4467297009885	a7	a15
12	3.44677946019198	a7	a17	a31	15
13	3.44683138283908	a7	a16
13	3.44702014329575	a7	a17
13	3.44716888004527	a6	a10
13	3.4472819199749	a8	a56
12	3.44732032109932	a8	a56	a45	0
12	3.44735331361467	a6	a10	a32	0
12	3.44741821692355	a7	a14	a33	0
13	3.44743390188986	a7	a14
12	3.44745715890888	a7	a14	a33	1
13	3.4474804159279	a7	a14
12	3.44749664175512	a7	a14	a33	2
13	3.44751286758234	a7	a14
12	3.44752909340956	a7	a14	a33	3
13	3.4475469418195	a7	a14
12	3.44756370850763	a7	a14	a33	4
13	3.44758047519576	a7	a14
12	3.44759616016207	a7	a17	a33	5
12	3.44762428492925	a7	a14	a33	6
13	3.44764105161738	a7	a14
13	3.44770216889991	a7	a17
12	3.44770541406535	a7	a14	a33	7
13	3.44772218075348	a7	a14
12	3.44776220446062	a7	a14	a33	8
12	3.44777734856603	a7	a17	a33	9
13	3.44777897114875	a7	a14
13	3.44779357439325	a7	a17
12	3.44788822505203	a7	a17	a33	10
13	3.44790391001835	a7	a17
12	3.44796719074451	a7	a14	a33	11
13	3.44798936604171	a7	a14
12	3.44800991875619	a7	a16	a33	13
12	3.44801911339161	a7	a17	a33	14
13	3.44803479835792	a7	a17
12	3.44804237041063	a7	a15	a33	12
13	3.44805426935059	a7	a16
12	3.4480548102115	a7	a14	a33	15
13	3.44811700921584	a7	a14
13	3.44812295868582	a7	a15
13	3.44842746337666	a6	a10
13	3.448489662381	a8	a56
12	3.44889693064423	a8	a56	a50	0
12	3.50436816616237	a6	a10	a34	0
12	3.50444605013303	a7	a14	a35	0
12	3.5045617943672	a7	a15	a35	1
12	3.5046131761534	a7	a16	a35	2
12	3.50462886111971	a7	a17	a35	3
13	3.58757961675729	a7	a16
13	3.58797444521965	a7	a17
13	3.58846879208896	a7	a14
13	3.58929198238994	a7	a15
13	3.58944558688763	a6	a10
12	3.58968464740867	a6	a10	a36	0
12	3.58975766363117	a7	a14	a37	0
12	3.58985123256814	a7	a16	a37	1
12	3.59012761249179	a7	a15	a37	2
12	3.59019359752248	a7	a17	a37	3
13	3.59499968754515	a7	a15
13	3.59600622969371	a7	a14
13	3.59610412551794	a7	a17
13	3.59773644373631	a7	a16
13	3.59790681492212	a6	a10
12	3.60824320772238	a6	a10	a38	0
12	3.60833785838116	a7	a14	a39	0
12	3.60858827698126	a7	a17	a39	1
12	3.60867427386553	a7	a16	a39	2
12	3.6086937448582	a7	a15	a39	3
13	3.61710088680196	a7	a14
13	3.61833026364435	a7	a16
13	3.61856012952997	a7	a17
13	3.61864396297061	a7	a15
13	3.61880297607737	a6	a10
12	3.6188792374653	a6	a10	a40	0
12	3.61893548699967	a7	a14	a41	0
12	3.61901661613577	a7	a16	a41	1
12	3.61921619381058	a7	a17	a41	2
12	3.61945579519253	a7	a15	a41	3
13	3.62227530310252	a7	a14
13	3.62505424644445	a7	a16
13	3.62544312543683	a7	a17
13	3.62554805245286	a7	a15
13	3.62572707741319	a6	a10
12	3.62656324837594	a8	a57	a49	0
13	3.65392053393033	a8	a57
12	3.6540141028673	a8	a57	a54	0
12	3.66075809752097	a8	a58	a53	0
13	3.69927063928933	a8	a58
12	3.69931607160555	a8	a58	a52	0
13	3.7191375421379	a8	a58
12	3.71918730134138	a8	a58	a51	0
13	3.73119062745807	a8	a58
13	3.74091476571121	a8	a57
13	3.74113543696141	a8	a56
13	3.74133825980166	a8	a55
12	3.74291054245931	a8	a55	a46	0
12	3.74296300596733	a8	a56	a48	0
13	3.8348466203506	a8	a56
12	3.8351851992786	a6	a10	a20	0
12	3.83533934463719	a7	a14	a21	0
12	3.83537774576162	a7	a16	a21	1
12	3.83575256237041	a7	a17	a21	2
12	3.83583693667195	a7	a15	a21	3
13	3.83736378701338	a7	a15
13	3.83758932601175	a7	a14
13	3.83893444708831	a7	a16
13	3.83931142714073	a7	a17
13	3.83948396177017	a6	a10
12	3.84001292373756	a8	a56	a44	0
12	3.84003401731294	a8	a57	a43	0
12	3.84052241471227	a6	a10	a22	0
12	3.84059164490841	a7	a14	a23	0
12	3.84095185827271	a7	a17	a23	1
12	3.84102811966064	a7	a16	a23	2
12	3.84105354012329	a7	a15	a23	3
13	3.84274589390237	a7	a14
12	3.84281350151579	a7	a14	a23	4
13	3.8434479313601	a7	a17
13	3.84346740235276	a7	a15
12	3.84354420460161	a7	a17	a23	5
12	3.84357665625605	a7	a15	a23	6
13	3.8437351285019	a7	a16
12	3.84379949094987	a7	a16	a23	7
13	3.84512243672924	a7	a14
12	3.84518247228995	a7	a14	a23	8
13	3.84573523213726	a7	a17
12	3.84580987094247	a7	a17	a23	9
13	3.84582447418697	a7	a15
12	3.84589586782674	a7	a15	a23	10
13	3.84599754967732	a7	a16
12	3.84606894331709	a7	a16	a23	11
13	3.84752169571422	a7	a14
12	3.84758389471856	a7	a14	a23	12
13	3.847954925301	a7	a17
12	3.84801766516625	a7	a17	a23	13
13	3.84806201576065	a7	a15
12	3.84813340940042	a7	a15	a23	14
13	3.84844764958759	a7	a16
12	3.8485147163401	a7	a16	a23	15
13	3.85004535270789	a7	a14
13	3.85022762283366	a7	a15
13	3.85056295659621	a7	a17
13	3.85120820365868	a7	a16
13	3.85135910385183	a6	a10
12	3.85172688926882	a6	a10	a24	0
12	3.85179071085589	a7	a14	a25	0
13	3.85191186369913	a7	a14
12	3.85195459171081	a7	a14	a25	1
12	3.85197189925985	a7	a16	a25	2
13	3.85202544448967	a7	a14
12	3.85208385746767	a7	a14	a25	3
13	3.85215795541197	a7	a14
13	3.85221474580724	a7	a16
13	3.85244461169287	a6	a10
12	3.85252303652443	a6	a10	a26	0
12	3.85258199036333	a7	a14	a27	0
13	3.85276101532366	a7	a14
12	3.85278968095175	a7	a14	a27	1
12	3.85286215631334	a7	a15	a27	2
13	3.85290758862955	a7	a14
12	3.85295572525031	a7	a14	a27	3
13	3.85311149319162	a7	a14
13	3.85311365663525	a7	a15
13	3.85330836656189	a6	a10
12	3.85372050257329	a6	a10	a22	0
12	3.85377621124675	a7	a14	a23	0
12	3.85411316759202	a7	a17	a23	1
12	3.85421647202533	a7	a16	a23	2
12	3.85424297420979	a7	a15	a23	3
13	3.85582877839012	a7	a14
12	3.85589638600354	a7	a14	a23	4
13	3.8562620079769	a7	a17
13	3.85628472413501	a7	a16
13	3.85631122631947	a7	a15
12	3.85633340161667	a7	a17	a23	5
12	3.85635557691387	a7	a16	a23	6
12	3.85638965115103	a7	a15	a23	7
13	3.85792515526698	a7	a14
12	3.85798464996679	a7	a14	a23	8
13	3.85837839670734	a7	a17
12	3.85845736239981	a7	a17	a23	9
13	3.85847250650522	a7	a16
12	3.85854227756226	a7	a16	a23	10
13	3.85859420020937	a7	a15
12	3.85866180782279	a7	a15	a23	11
13	3.86000422459482	a7	a14
12	3.86006588273825	a7	a14	a23	12
13	3.86048450908054	a7	a17
12	3.86055698444212	a7	a17	a23	13
13	3.86069706741712	a7	a16
13	3.86073276423701	a7	a15
12	3.86079442238045	a7	a16	a23	14
12	3.86083390522668	a7	a15	a23	15
13	3.86210492835894	a7	a14
13	3.86258467198376	a7	a17
13	3.86294975309621	a7	a15
13	3.86343003758194	a7	a16
13	3.86357931519236	a6	a10
13	3.86373616485549	a8	a57
12	3.86377997458899	a6	a10	a28	0
12	3.86384758220241	a7	a14	a29	0
13	3.8640092996137	a7	a14
12	3.86402552544092	a7	a14	a29	1
12	3.86412666643059	a7	a15	a29	2
13	3.86414992344961	a7	a14
12	3.86417967079951	a7	a17	a29	3
12	3.86422888914208	a7	a14	a29	4
12	3.86428135265009	a7	a16	a29	5
13	3.86435112370714	a7	a14
13	3.86436031834257	a7	a15
12	3.86442684423417	a7	a14	a29	6
13	3.86443549800869	a7	a17
12	3.86444198833958	a7	a15	a29	7
13	3.86449931959576	a7	a16
12	3.86455016052105	a7	a17	a29	8
13	3.86456963151371	a7	a14
12	3.86457990787095	a7	a16	a29	9
13	3.86458693906274	a7	a15
12	3.86467293594701	a7	a14	a29	10
12	3.8646940295224	a7	a15	a29	11
13	3.86469943813147	a7	a17
13	3.86474108442134	a7	a16
12	3.86480815117385	a7	a16	a29	12
13	3.86482708130561	a7	a15
12	3.86483032647105	a7	a17	a29	13
13	3.86483465335831	a7	a14
12	3.86489522977993	a7	a14	a29	14
12	3.86492119110348	a7	a15	a29	15
13	3.86494823414885	a7	a16
13	3.86496391911516	a7	a17
13	3.8650553246085	a7	a14
13	3.86506776440937	a7	a15
13	3.86522840009886	a6	a10
13	3.8652608517533	a8	a56
12	3.86590663967666	a8	a56	a42	0
12	3.86600345377908	a6	a10	a30	0
12	3.86606240761798	a7	a14	a31	0
12	3.86620735834115	a7	a15	a31	1
13	3.86634744131615	a7	a14
12	3.86640585429414	a7	a14	a31	2
12	3.86649996409202	a7	a17	a31	3
13	3.86656054051364	a7	a15
12	3.86657298031451	a7	a16	a31	4
13	3.86663355673614	a7	a14
12	3.8666384244843	a7	a15	a31	5
12	3.86669142885322	a7	a14	a31	6
13	3.86681204083556	a7	a17
13	3.86688073017079	a7	a15
12	3.8668888430844	a7	a17	a31	7
13	3.86688992480622	a7	a16
13	3.86694509261877	a7	a14
12	3.86698403460409	a7	a15	a31	8
12	3.86699647440496	a7	a16	a31	9
12	3.8670289260594	a7	a14	a31	10
13	3.86712952618817	a7	a17
12	3.86718793916616	a7	a17	a31	11
13	3.86721930909879	a7	a16
13	3.86722363598605	a7	a15
13	3.8672863758513	a7	a14
12	3.86730909200941	a7	a16	a31	12
12	3.86734587055111	a7	a14	a31	14
12	3.86737291359647	a7	a15	a31	13
13	3.86741618246906	a7	a17
12	3.86748000405613	a7	a17	a31	15
13	3.86755356113953	a7	a16
13	3.86760710636936	a7	a14
13	3.86761576014387	a7	a15
13	3.86770337961086	a7	a17
13	3.86784941205585	a6	a10
13	3.86806846072332	a8	a56
12	3.86812038337042	a8	a56	a45	0
12	3.86816202966029	a6	a10	a32	0
12	3.86821557489012	a7	a14	a33	0
13	3.86827398786811	a7	a14
12	3.86828967283442	a7	a14	a33	1
13	3.86830589866164	a7	a14
12	3.86834105462062	a7	a17	a33	2
12	3.86837458799688	a7	a14	a33	3
13	3.86839622243317	a7	a14
13	3.8684054170686	a7	a17
12	3.86847735156927	a7	a17	a33	4
13	3.86849249567468	a7	a17
12	3.86850926236281	a7	a14	a33	5
13	3.8685308967991	a7	a14
12	3.86856659361898	a7	a17	a33	6
13	3.8685828194462	a7	a17
12	3.86862013884881	a7	a14	a33	7
12	3.86862933348424	a7	a17	a33	8
13	3.86864285500692	a7	a14
13	3.86864664103327	a7	a17
12	3.86866070341686	a7	a16	a33	9
12	3.86870613573308	a7	a17	a33	10
13	3.86872182069939	a7	a17
12	3.86875697665837	a7	a14	a33	11
13	3.86876184440654	a7	a16
13	3.86879754122642	a7	a14
12	3.86885108645625	a7	a16	a33	13
12	3.86885216817806	a7	a15	a33	12
12	3.86886568970075	a7	a17	a33	14
13	3.86886785314437	a7	a16
12	3.86890138652063	a7	a14	a33	15
13	3.8689067951297	a7	a15
13	3.86891923493057	a7	a14
13	3.86891977579148	a7	a17
13	3.86916640836523	a6	a10
13	3.8692745805467	a8	a56
12	3.8697678456942	a8	a56	a50	0
12	3.88228390795105	a6	a10	a34	0
12	3.88238883496707	a7	a14	a35	0
12	3.8827149740942	a7	a15	a35	1
12	3.88275283435772	a7	a16	a35	2
12	3.88282855488475	a7	a17	a35	3
13	3.96951016906119	a7	a14
13	3.97153677488101	a7	a17
13	3.97351794838461	a7	a16
13	3.9740620544574	a7	a15
13	3.97418699332699	a6	a10
12	3.97459426159022	a6	a10	a36	0
12	3.97466295092546	a7	a14	a37	0
12	3.97478085860326	a7	a17	a37	1
12	3.97507238263232	a7	a16	a37	2
12	3.97534497652962	a7	a15	a37	3
13	3.97976381014262	a7	a16
13	3.9820895120442	a7	a15
13	3.98212088197683	a7	a14
13	3.98470619711393	a7	a17
13	3.98483438114897	a6	a10
12	3.99480677455859	a6	a10	a38	0
12	3.9949181919055	a7	a14	a39	0
12	3.99530977520242	a7	a17	a39	1
12	3.99540929360937	a7	a16	a39	2
12	3.99543309148929	a7	a15	a39	3
13	4.00324150040862	a7	a14
13	4.00447195897283	a7	a15
13	4.00468776247486	a7	a16
13	4.00477213677641	a7	a17
13	4.00491654663867	a6	a10
12	4.00500362524475	a6	a10	a40	0
12	4.00506798769272	a7	a14	a41	0
12	4.00517940503964	a7	a15	a41	1
12	4.00538763648896	a7	a16	a41	2
12	4.00550175814041	a7	a17	a41	3
13	4.00828394664779	a7	a14
13	4.01142959368491	a7	a15
13	4.01153019381367	a7	a16
13	4.0119520653214	a7	a17
13	4.01217706345886	a6	a10
12	4.01300566236891	a8	a57	a49	0
13	4.04046733407841	a8	a57
12	4.04055982129356	a8	a57	a54	0
12	4.04711072860332	a8	a58	a53	0
13	4.08527333336462	a8	a58
12	4.08531768395903	a8	a58	a52	0
13	4.10518134164215	a8	a58
12	4.10523272342835	a8	a58	a51	0
13	4.11717817742796	a8	a58
13	4.1267108509199	a8	a57
13	4.12689636621112	a8	a56
13	4.12710622024317	a8	a55
12	4.12724522149636	a8	a55	a50	0
12	4.15134327922308	a6	a10	a34	0
12	4.15142116319374	a7	a14	a35	0
12	4.15151310954799	a7	a17	a35	1
12	4.15173161735455	a7	a16	a35	2
12	4.1517938163589	a7	a15	a35	3
13	4.23357036296663	a7	a17
13	4.2351880779405	a7	a16
13	4.23623734810075	a7	a14
13	4.23682147788068	a7	a15
13	4.23693451781032	a6	a10
12	4.23699833939738	a6	a10	a36	0
12	4.23706107926263	a7	a14	a37	0
12	4.23725633005019	a7	a16	a37	1
12	4.23739803560791	a7	a17	a37	2
12	4.23751864759025	a7	a15	a37	3
13	4.24193639948144	a7	a17
13	4.24302136646157	a7	a14
13	4.24432808641371	a7	a16
13	4.24437189614721	a7	a15
13	4.2445849953447	a6	a10
12	4.2542988572406	a6	a10	a38	0
12	4.25436376054949	a7	a14	a39	0
12	4.25464338563858	a7	a16	a39	1
12	4.25466285663125	a7	a15	a39	2
12	4.2547180244438	a7	a17	a39	3
13	4.25926828725728	a7	a14
13	4.26284986818572	a7	a15
13	4.26305539533051	a7	a16
13	4.26320845896729	a7	a17
13	4.26335340969046	a6	a10
12	4.26341831299934	a6	a10	a40	0
12	4.26372173596836	a7	a14	a41	0
12	4.26389643404143	a7	a17	a41	1
12	4.26399324814384	a7	a15	a41	2
12	4.2641814677396	a7	a16	a41	3
13	4.26695121644611	a7	a14
13	4.27009956778776	a7	a15
13	4.27019530016836	a7	a17
13	4.27027751102628	a7	a16
13	4.27044247360302	a6	a10
12	4.27109529271818	a8	a56	a49	0
13	4.29740763499957	a8	a56
12	4.29748443724842	a8	a56	a54	0
12	4.30380872383799	a8	a57	a53	0
13	4.3416030023214	a8	a57
12	4.34165167980306	a8	a57	a52	0
13	4.36154941172335	a8	a57
12	4.36160295695318	a8	a57	a51	0
13	4.37369011651051	a8	a57
13	4.38358354422765	a8	a56
13	4.38372579064628	a8	a55
