%EventDef PajeDefineContainerType 0 
%       Alias string 
%       Type string 
%       Name string 
%EndEventDef 
%EventDef PajeDefineVariableType 1 
%       Alias string 
%       Type string 
%       Name string 
%       Color color 
%EndEventDef 
%EventDef PajeDefineStateType 2 
%       Alias string 
%       Type string 
%       Name string 
%EndEventDef 
%EventDef PajeDefineEventType 3 
%       Alias string 
%       Type string 
%       Name string 
%       Color color 
%EndEventDef 
%EventDef PajeDefineLinkType 4 
%       Alias string 
%       Type string 
%       StartContainerType string 
%       EndContainerType string 
%       Name string 
%EndEventDef 
%EventDef PajeDefineEntityValue 5 
%       Alias string 
%       Type string 
%       Name string 
%       Color color 
%EndEventDef 
%EventDef PajeCreateContainer 6 
%       Time date 
%       Alias string 
%       Type string 
%       Container string 
%       Name string 
%EndEventDef 
%EventDef PajeDestroyContainer 7 
%       Time date 
%       Type string 
%       Name string 
%EndEventDef 
%EventDef PajeSetVariable 8 
%       Time date 
%       Type string 
%       Container string 
%       Value double 
%EndEventDef
%EventDef PajeAddVariable 9 
%       Time date 
%       Type string 
%       Container string 
%       Value double 
%EndEventDef
%EventDef PajeSubVariable 10 
%       Time date 
%       Type string 
%       Container string 
%       Value double 
%EndEventDef
%EventDef PajeSetState 11 
%       Time date 
%       Type string 
%       Container string 
%       Value string 
%EndEventDef
%EventDef PajePushState 12 
%       Time date 
%       Type string 
%       Container string 
%       Value string 
%       Id string 
%EndEventDef
%EventDef PajePopState 13 
%       Time date 
%       Type string 
%       Container string 
%EndEventDef
%EventDef PajeResetState 14 
%       Time date 
%       Type string 
%       Container string 
%EndEventDef
%EventDef PajeStartLink 15 
%       Time date 
%       Type string 
%       Container string 
%       Value string 
%       StartContainer string 
%       Key string 
%EndEventDef
%EventDef PajeEndLink 16 
%       Time date 
%       Type string 
%       Container string 
%       Value string 
%       EndContainer string 
%       Key string 
%EndEventDef
%EventDef PajeNewEvent 17 
%       Time date 
%       Type string 
%       Container string 
%       Value string 
%EndEventDef
0	a1	0	"Task Manager"
0	a2	a1	"Node"
0	a3	a1	"Thread"
0	a4	a1	"Jobs"
0	a5	a1	"Memory usage"
2	a6	a4	"Job"
2	a7	a3	"Task"
2	a8	a3	"Timer state"
6	0	a9	a1	0	"The task manager"
6	0	a10	a4	a9	"Jobs"
6	0	a11	a5	a9	"Memory"
1	a12	a1	"Memory [MB]"	"1.0 1.0 1.0"
6	0	a13	a2	a9	"Node 0"
6	0	a14	a3	a13	"Thread 0"
6	0	a15	a3	a13	"Thread 1"
6	0	a16	a3	a13	"Thread 2"
6	0	a17	a3	a13	"Thread 3"
5	a18	a6	"ngcore::ParallelFor<int,ngcore::EnterTaskManager()::{lambda(int)#1}>(ngcore::T_Range<int>,ngcore::EnterTaskManager()::{lambda(int)#1},int,ngcore::TotalCosts)::{lambda(ngcore::TaskInfo&)#1}"	"0.630615054310908 1 0"
5	a19	a7	"ngcore::ParallelFor<int,ngcore::EnterTaskManager()::{lambda(int)#1}>(ngcore::T_Range<int>,ngcore::EnterTaskManager()::{lambda(int)#1},int,ngcore::TotalCosts)::{lambda(ngcore::TaskInfo&)#1}"	"0.630615054310908 1 0"
5	a20	a6	"ngcore::ParallelForRange<netgen::ElementIndex,netgen::MeshOptimize3d::SwapImprove(netgen::Mesh&,netgen::OPTIMIZEGOAL,netgen::NgBitArray const*)::{lambda(auto:1)#1}>(ngcore::T_Range<netgen::ElementIndex>,netgen::MeshOptimize3d::SwapImprove(netgen::Mesh&,netgen::OPTIMIZEGOAL,netgen::NgBitArray const*)::{lambda(auto:1)#1},int,ngcore::TotalCosts)::{lambda(ngcore::TaskInfo&)#1}"	"0.708022642579866 0 1"
5	a21	a7	"ngcore::ParallelForRange<netgen::ElementIndex,netgen::MeshOptimize3d::SwapImprove(netgen::Mesh&,netgen::OPTIMIZEGOAL,netgen::NgBitArray const*)::{lambda(auto:1)#1}>(ngcore::T_Range<netgen::ElementIndex>,netgen::MeshOptimize3d::SwapImprove(netgen::Mesh&,netgen::OPTIMIZEGOAL,netgen::NgBitArray const*)::{lambda(auto:1)#1},int,ngcore::TotalCosts)::{lambda(ngcore::TaskInfo&)#1}"	"0.708022642579866 0 1"
5	a22	a6	"ngcore::ParallelForRange<netgen::ElementIndex,ngcore::CreateTable<netgen::ElementIndex,netgen::PointIndex,ngcore::T_Range<netgen::ElementIndex>,netgen::Mesh::CreatePoint2ElementTable(std::optional<ngcore::BitArray>)const::{lambda(auto:1&,netgen::ElementIndex)#1}>(ngcore::T_Range<netgen::ElementIndex>const&,netgen::Mesh::CreatePoint2ElementTable(std::optional<ngcore::BitArray>)const::{lambda(auto:1&,netgen::ElementIndex)#1}const&,std::optional<unsigned long>)::{lambda(auto:1)#1}>(ngcore::T_Range<netgen::ElementIndex>,ngcore::Table,int,ngcore::TotalCosts)::{lambda(ngcore::TaskInfo&)#1}"	"0 0.230008221284954 1"
5	a23	a7	"ngcore::ParallelForRange<netgen::ElementIndex,ngcore::CreateTable<netgen::ElementIndex,netgen::PointIndex,ngcore::T_Range<netgen::ElementIndex>,netgen::Mesh::CreatePoint2ElementTable(std::optional<ngcore::BitArray>)const::{lambda(auto:1&,netgen::ElementIndex)#1}>(ngcore::T_Range<netgen::ElementIndex>const&,netgen::Mesh::CreatePoint2ElementTable(std::optional<ngcore::BitArray>)const::{lambda(auto:1&,netgen::ElementIndex)#1}const&,std::optional<unsigned long>)::{lambda(auto:1)#1}>(ngcore::T_Range<netgen::ElementIndex>,ngcore::Table,int,ngcore::TotalCosts)::{lambda(ngcore::TaskInfo&)#1}"	"0 0.230008221284954 1"
5	a24	a6	"ngcore::ParallelForRange<netgen::PointIndex,ngcore::CreateSortedTable<netgen::ElementIndex,netgen::PointIndex,ngcore::T_Range<netgen::ElementIndex>,netgen::Mesh::CreatePoint2ElementTable(std::optional<ngcore::BitArray>)const::{lambda(auto:1&,netgen::ElementIndex)#1}>(ngcore::T_Range<netgen::ElementIndex>const&,netgen::Mesh::CreatePoint2ElementTable(std::optional<ngcore::BitArray>)const::{lambda(auto:1&,netgen::ElementIndex)#1}const&,std::optional<unsigned long>)::{lambda(auto:1)#1}>(ngcore::T_Range<netgen::PointIndex>,ngcore::Table,int,ngcore::TotalCosts)::{lambda(ngcore::TaskInfo&)#1}"	"0 0.170427812303051 1"
5	a25	a7	"ngcore::ParallelForRange<netgen::PointIndex,ngcore::CreateSortedTable<netgen::ElementIndex,netgen::PointIndex,ngcore::T_Range<netgen::ElementIndex>,netgen::Mesh::CreatePoint2ElementTable(std::optional<ngcore::BitArray>)const::{lambda(auto:1&,netgen::ElementIndex)#1}>(ngcore::T_Range<netgen::ElementIndex>const&,netgen::Mesh::CreatePoint2ElementTable(std::optional<ngcore::BitArray>)const::{lambda(auto:1&,netgen::ElementIndex)#1}const&,std::optional<unsigned long>)::{lambda(auto:1)#1}>(ngcore::T_Range<netgen::PointIndex>,ngcore::Table,int,ngcore::TotalCosts)::{lambda(ngcore::TaskInfo&)#1}"	"0 0.170427812303051 1"
5	a26	a6	"ngcore::ParallelFor<unsigned long,netgen::BuildEdgeList<netgen::ElementIndex>(netgen::Mesh const&,ngcore::Table<netgen::ElementIndex,netgen::PointIndex>const&,ngcore::Array<std::tuple<netgen::PointIndex,netgen::PointIndex>,unsigned long>&)::{lambda(int)#1}>(ngcore::T_Range<unsigned long>,netgen::BuildEdgeList<netgen::ElementIndex>(netgen::Mesh const&,ngcore::Table<netgen::ElementIndex,netgen::PointIndex>const&,ngcore::Array<std::tuple<netgen::PointIndex,netgen::PointIndex>,unsigned long>&)::{lambda(int)#1},int,ngcore::TotalCosts)::{lambda(ngcore::TaskInfo&)#1}"	"1 0.872005992306398 0"
5	a27	a7	"ngcore::ParallelFor<unsigned long,netgen::BuildEdgeList<netgen::ElementIndex>(netgen::Mesh const&,ngcore::Table<netgen::ElementIndex,netgen::PointIndex>const&,ngcore::Array<std::tuple<netgen::PointIndex,netgen::PointIndex>,unsigned long>&)::{lambda(int)#1}>(ngcore::T_Range<unsigned long>,netgen::BuildEdgeList<netgen::ElementIndex>(netgen::Mesh const&,ngcore::Table<netgen::ElementIndex,netgen::PointIndex>const&,ngcore::Array<std::tuple<netgen::PointIndex,netgen::PointIndex>,unsigned long>&)::{lambda(int)#1},int,ngcore::TotalCosts)::{lambda(ngcore::TaskInfo&)#1}"	"1 0.872005992306398 0"
5	a28	a6	"ngcore::ParallelForRange<unsigned long,netgen::MeshOptimize3d::SwapImprove(netgen::Mesh&,netgen::OPTIMIZEGOAL,netgen::NgBitArray const*)::{lambda(auto:1)#2}>(ngcore::T_Range<unsigned long>,netgen::MeshOptimize3d::SwapImprove(netgen::Mesh&,netgen::OPTIMIZEGOAL,netgen::NgBitArray const*)::{lambda(auto:1)#2},int,ngcore::TotalCosts)::{lambda(ngcore::TaskInfo&)#1}"	"1 0.408375991137786 0"
5	a29	a7	"ngcore::ParallelForRange<unsigned long,netgen::MeshOptimize3d::SwapImprove(netgen::Mesh&,netgen::OPTIMIZEGOAL,netgen::NgBitArray const*)::{lambda(auto:1)#2}>(ngcore::T_Range<unsigned long>,netgen::MeshOptimize3d::SwapImprove(netgen::Mesh&,netgen::OPTIMIZEGOAL,netgen::NgBitArray const*)::{lambda(auto:1)#2},int,ngcore::TotalCosts)::{lambda(ngcore::TaskInfo&)#1}"	"1 0.408375991137786 0"
5	a30	a6	"ngcore::ParallelForRange<netgen::ElementIndex,netgen::Mesh::Compress()::{lambda(auto:1)#1}>(ngcore::T_Range<netgen::ElementIndex>,netgen::Mesh::Compress()::{lambda(auto:1)#1},int,ngcore::TotalCosts)::{lambda(ngcore::TaskInfo&)#1}"	"1 0.0611641584106637 0"
5	a31	a7	"ngcore::ParallelForRange<netgen::ElementIndex,netgen::Mesh::Compress()::{lambda(auto:1)#1}>(ngcore::T_Range<netgen::ElementIndex>,netgen::Mesh::Compress()::{lambda(auto:1)#1},int,ngcore::TotalCosts)::{lambda(ngcore::TaskInfo&)#1}"	"1 0.0611641584106637 0"
5	a32	a6	"ngcore::ParallelForRange<netgen::SurfaceElementIndex,netgen::Mesh::Compress()::{lambda(auto:1)#2}>(ngcore::T_Range<netgen::SurfaceElementIndex>,netgen::Mesh::Compress()::{lambda(auto:1)#2},int,ngcore::TotalCosts)::{lambda(ngcore::TaskInfo&)#1}"	"1 0 -2.77631980257023"
5	a33	a7	"ngcore::ParallelForRange<netgen::SurfaceElementIndex,netgen::Mesh::Compress()::{lambda(auto:1)#2}>(ngcore::T_Range<netgen::SurfaceElementIndex>,netgen::Mesh::Compress()::{lambda(auto:1)#2},int,ngcore::TotalCosts)::{lambda(ngcore::TaskInfo&)#1}"	"1 0 -2.77631980257023"
5	a34	a6	"ngcore::ParallelForRange<netgen::ElementIndex,netgen::Mesh::Compress()::{lambda(auto:1)#3}>(ngcore::T_Range<netgen::ElementIndex>,netgen::Mesh::Compress()::{lambda(auto:1)#3},int,ngcore::TotalCosts)::{lambda(ngcore::TaskInfo&)#1}"	"0.688034037288286 1 0"
5	a35	a7	"ngcore::ParallelForRange<netgen::ElementIndex,netgen::Mesh::Compress()::{lambda(auto:1)#3}>(ngcore::T_Range<netgen::ElementIndex>,netgen::Mesh::Compress()::{lambda(auto:1)#3},int,ngcore::TotalCosts)::{lambda(ngcore::TaskInfo&)#1}"	"0.688034037288286 1 0"
5	a36	a6	"ngcore::ParallelForRange<netgen::SurfaceElementIndex,netgen::Mesh::Compress()::{lambda(auto:1)#4}>(ngcore::T_Range<netgen::SurfaceElementIndex>,netgen::Mesh::Compress()::{lambda(auto:1)#4},int,ngcore::TotalCosts)::{lambda(ngcore::TaskInfo&)#1}"	"0 0.666479625428673 1"
5	a37	a7	"ngcore::ParallelForRange<netgen::SurfaceElementIndex,netgen::Mesh::Compress()::{lambda(auto:1)#4}>(ngcore::T_Range<netgen::SurfaceElementIndex>,netgen::Mesh::Compress()::{lambda(auto:1)#4},int,ngcore::TotalCosts)::{lambda(ngcore::TaskInfo&)#1}"	"0 0.666479625428673 1"
5	a38	a8	"Build edges"	"0 0.0614795051658243 1"
5	a39	a8	"CreateTable"	"0.608616351291681 0 1"
5	a40	a8	"CreateSortedTable"	"0 0.0381698166109086 1"
5	a41	a8	"MeshOptimize3d::SwapImprove loop"	"0.154668690207104 1 0"
5	a42	a8	"MeshOptimize3d::SwapImprove"	"1 0 -2.43968480148811"
5	a43	a8	"FreeOpenElementsEnvironment"	"0.907015785320433 0 1"
5	a44	a8	"Mesh::BuildBoundaryEdges"	"1 0 -2.61861416630415"
5	a45	a8	"Mesh::LinkSurfaceElements"	"0 1 0.171518596860468"
5	a46	a8	"Mesh::Compress"	"1 0.648677515017027 0"
5	a47	a8	"Mesh::CalcSurfacesOfNode, pointloop"	"0 0.319536079261344 1"
5	a48	a8	"Mesh::CalcSurfacesOfNode - surfelementht"	"0.690162641156969 0 1"
5	a49	a8	"Mesh::CalcSurfacesOfNode - surf on node"	"0.000515674241007069 1 0"
5	a50	a8	"Mesh::CalcSurfacesOfNode"	"1 0 -2.35340285344361"
6	0	a51	a3	a9	"Timer level 0"
6	0	a52	a3	a9	"Timer level 1"
6	0	a53	a3	a9	"Timer level 2"
6	0	a54	a3	a9	"Timer level 3"
4	a55	a2	a3	a3	"links"
8	0	a12	a11	0
12	0.27854390814322	a6	a10	a18	0
12	0.278642344828357	a7	a14	a19	0
13	0.278745108400752	a7	a14
12	0.278785132107896	a7	a14	a19	2
13	0.278804062239653	a7	a14
12	0.278822451510503	a7	a14	a19	3
13	0.278828400980483	a7	a14
12	0.278840299920445	a7	a15	a19	1
13	0.279150213220353	a7	a15
13	0.279410908177693	a6	a10
12	0.281367742940465	a8	a51	a43	0
13	0.284491214680378	a8	a51
12	0.284877930229129	a8	a51	a42	0
12	0.285008277707799	a8	a52	a44	0
13	0.285060200354904	a8	a52
12	0.286033209127217	a6	a10	a20	0
12	0.286108388793338	a7	a14	a21	0
13	0.286240899715637	a7	a14
12	0.286286332031854	a7	a14	a21	1
13	0.286335009513515	a7	a14
12	0.286345826731662	a7	a16	a21	2
12	0.286451835469501	a7	a14	a21	3
13	0.286510248447494	a7	a14
13	0.286893177969894	a7	a16
13	0.287062467433893	a6	a10
12	0.287728267210834	a8	a52	a40	0
12	0.287838061975025	a8	a53	a39	0
12	0.288069009582461	a6	a10	a22	0
12	0.288142025804952	a7	a14	a23	0
12	0.288381627186906	a7	a16	a23	1
13	0.288383790630535	a7	a14
12	0.288424355198586	a7	a14	a23	2
13	0.288530904797333	a7	a14
12	0.288571469365384	a7	a14	a23	3
13	0.288667742606891	a7	a14
12	0.288686131877741	a7	a14	a23	4
13	0.288734809359401	a7	a16
13	0.288771047040194	a7	a14
12	0.288804580416449	a7	a16	a23	5
12	0.28886948372533	a7	a15	a23	6
12	0.288897608492512	a7	a17	a23	7
12	0.288915997763362	a7	a14	a23	8
13	0.288944122530544	a7	a16
13	0.288985768820409	a7	a14
12	0.289013893587591	a7	a16	a23	9
12	0.289058785042901	a7	a14	a23	10
13	0.289092318419156	a7	a16
13	0.289124770073597	a7	a14
13	0.289151813118964	a7	a15
12	0.289162630337111	a7	a16	a23	11
12	0.289181560468868	a7	a14	a23	12
13	0.289236728281417	a7	a17
13	0.28925241324773	a7	a14
12	0.289256199274081	a7	a15	a23	13
13	0.289261607883155	a7	a16
12	0.289333542383832	a7	a16	a23	14
12	0.289355176820125	a7	a17	a23	15
13	0.289497964099664	a7	a16
13	0.289544478137696	a7	a15
13	0.289589369593005	a7	a17
13	0.289733779455266	a6	a10
12	0.289975544280849	a6	a10	a22	0
12	0.290048019642433	a7	a14	a23	0
13	0.290132393943979	a7	a14
12	0.290190806921972	a7	a14	a23	1
12	0.29022379943732	a7	a16	a23	2
13	0.290270854336259	a7	a14
12	0.290310337182495	a7	a14	a23	3
13	0.290353065194176	a7	a16
13	0.290385516848616	a7	a14
12	0.290414182476706	a7	a16	a23	4
12	0.290439602939351	a7	a14	a23	5
12	0.290506669691861	a7	a17	a23	6
12	0.290520191214545	a7	a15	a23	7
13	0.290529926710877	a7	a16
13	0.290532090154507	a7	a14
12	0.290586176245241	a7	a14	a23	8
12	0.290623495647848	a7	a16	a23	9
13	0.290657029024103	a7	a14
13	0.290666223659528	a7	a17
13	0.290685694652192	a7	a15
12	0.29069434842671	a7	a14	a23	10
13	0.290706247366671	a7	a16
12	0.290761415179221	a7	a16	a23	11
13	0.290762496901035	a7	a14
12	0.290790621668217	a7	a17	a23	13
12	0.290792785111847	a7	a15	a23	12
12	0.290832267958083	a7	a14	a23	14
13	0.290836053984434	a7	a16
12	0.290912856233277	a7	a16	a23	15
13	0.29091826484235	a7	a14
13	0.290941521861366	a7	a15
13	0.290960992854031	a7	a17
13	0.290997230534823	a7	a16
13	0.291185450130579	a6	a10
13	0.291261170657607	a8	a53
12	0.291297408338399	a6	a10	a24	0
12	0.291370965421798	a7	a14	a25	0
13	0.291427755817069	a7	a14
12	0.291443981644289	a7	a14	a25	1
13	0.291470483828749	a7	a14
12	0.291488332238691	a7	a14	a25	2
13	0.291513211840429	a7	a14
12	0.291528896806742	a7	a14	a25	3
13	0.291566757070256	a7	a14
12	0.291582982897477	a7	a14	a25	4
13	0.291601913029234	a7	a14
12	0.291620302300083	a7	a14	a25	5
13	0.291640855014562	a7	a14
12	0.291656539980875	a7	a14	a25	6
13	0.29167601097354	a7	a14
12	0.291721443289757	a7	a14	a25	7
13	0.291741996004236	a7	a14
12	0.29176363044053	a7	a16	a25	8
12	0.291784724015916	a7	a14	a25	9
13	0.291803654147673	a7	a14
12	0.291820420835801	a7	a14	a25	10
13	0.291842055272094	a7	a14
12	0.291857740238407	a7	a14	a25	11
13	0.291877211231072	a7	a14
12	0.291894518780107	a7	a14	a25	12
13	0.291915612355493	a7	a14
13	0.29196320811534	a7	a16
12	0.291973484472579	a7	a14	a25	13
13	0.292008099570649	a7	a14
12	0.292053531886866	a7	a16	a25	14
13	0.292086524402214	a7	a16
12	0.29210978142123	a7	a14	a25	15
13	0.292133038440246	a7	a14
13	0.292329911810519	a6	a10
13	0.292360740882238	a8	a52
12	0.29291620503408	a8	a52	a38	0
12	0.293176359130513	a6	a10	a26	0
12	0.293238558134857	a7	a14	a27	0
12	0.293312115218256	a7	a16	a27	1
13	0.293498171370383	a7	a14
12	0.293534949912082	a7	a14	a27	2
13	0.293589036002817	a7	a14
12	0.293606884412759	a7	a14	a27	3
13	0.293609588717296	a7	a16
12	0.293666379112567	a7	a16	a27	4
13	0.293680982357065	a7	a14
13	0.293711270567876	a7	a16
12	0.293780500764016	a7	a14	a27	5
12	0.293809166392106	a7	a16	a27	6
13	0.293845944933805	a7	a14
13	0.293854057847415	a7	a16
12	0.293862170761025	a7	a17	a27	7
12	0.293874069700987	a7	a15	a27	8
12	0.293918420295389	a7	a14	a27	9
12	0.29395898486344	a7	a16	a27	10
13	0.293998467709676	a7	a14
12	0.294014693536897	a7	a14	a27	11
13	0.294037950555912	a7	a16
13	0.294071483932168	a7	a14
12	0.294090414063925	a7	a16	a27	12
12	0.294116375387477	a7	a14	a27	13
13	0.294120702274736	a7	a17
13	0.294161266842787	a7	a14
13	0.294171543200026	a7	a16
12	0.294238609952537	a7	a17	a27	14
12	0.294252131475221	a7	a14	a27	15
13	0.294330015445878	a7	a14
13	0.294345159551284	a7	a17
13	0.29437436604028	a7	a15
13	0.294491191996267	a6	a10
13	0.295143470250524	a8	a52
12	0.295256510180159	a8	a52	a41	0
12	0.295383071632478	a6	a10	a28	0
12	0.29544581149773	a7	a14	a29	0
13	0.295555065401013	a7	a14
12	0.295571291228233	a7	a14	a29	1
13	0.295596711690879	a7	a14
12	0.295612937518099	a7	a14	a29	2
13	0.295628622484412	a7	a14
12	0.295644848311632	a7	a14	a29	3
13	0.295660533277945	a7	a14
12	0.295710292481421	a7	a14	a29	4
13	0.295725977447734	a7	a14
12	0.295819546384704	a7	a17	a29	5
12	0.295853620621867	a7	a14	a29	6
12	0.295874173336346	a7	a16	a29	7
13	0.295878500223605	a7	a14
12	0.295929882009803	a7	a14	a29	8
13	0.295952057307004	a7	a14
12	0.295981804656908	a7	a15	a29	9
13	0.295989917570518	a7	a16
13	0.295992081014147	a7	a17
13	0.296044003661252	a7	a15
12	0.296054280018492	a7	a16	a29	10
12	0.296069424123897	a7	a14	a29	11
13	0.296095926308357	a7	a14
13	0.296100253195616	a7	a16
12	0.296125132797354	a7	a17	a29	12
13	0.296161911339053	a7	a17
12	0.296184627497162	a7	a15	a29	13
12	0.296191658688957	a7	a16	a29	14
13	0.296213833986158	a7	a16
12	0.29621545656888	a7	a14	a29	15
13	0.296227355508842	a7	a15
13	0.29623384583973	a7	a14
13	0.296468579473518	a6	a10
13	0.296544840861453	a8	a52
12	0.297236061101039	a8	a52	a46	0
12	0.298538995026832	a6	a10	a30	0
12	0.298594703700288	a7	a14	a31	0
13	0.298749930780696	a7	a14
12	0.298772106077897	a7	a14	a31	1
13	0.298908403026548	a7	a14
12	0.298925710575583	a7	a14	a31	2
13	0.299049567723365	a7	a14
12	0.299089050569601	a7	a15	a31	3
13	0.299440069298467	a7	a15
13	0.299528770487272	a6	a10
12	0.299591510352524	a6	a10	a32	0
12	0.299643973860536	a7	a14	a33	0
12	0.299766749286503	a7	a16	a33	1
13	0.299834897760829	a7	a14
12	0.299895474182451	a7	a14	a33	2
12	0.299919812923282	a7	a17	a33	3
13	0.300443907142498	a7	a17
13	0.300814396864029	a7	a16
13	0.30094258089907	a7	a14
13	0.301694918421186	a6	a10
12	0.303141721348332	a6	a10	a34	0
12	0.303194725717251	a7	a14	a35	0
13	0.303412692662911	a7	a14
12	0.303437031403742	a7	a14	a35	1
12	0.303512211069862	a7	a16	a35	2
13	0.303626332721312	a7	a14
12	0.303666897289363	a7	a14	a35	3
13	0.303803735098921	a7	a16
13	0.303894058870447	a7	a14
13	0.304018997740044	a6	a10
12	0.304139068861474	a6	a10	a36	0
12	0.304196400117653	a7	a14	a37	0
13	0.304351086337153	a7	a14
12	0.304369475608003	a7	a14	a37	1
12	0.30446791229314	a7	a16	a37	2
13	0.304607995268142	a7	a14
12	0.304648018975285	a7	a14	a37	3
13	0.304834075127412	a7	a14
13	0.304837861153763	a7	a16
13	0.304975239824229	a6	a10
12	0.305171572333595	a8	a53	a45	0
13	0.305925532438433	a8	a53
12	0.305985567999148	a8	a53	a50	0
12	0.307053768291153	a8	a54	a49	0
13	0.309778084681446	a8	a54
12	0.309815404084053	a8	a54	a48	0
13	0.310812751597196	a8	a54
12	0.312835571390663	a8	a54	a47	0
13	0.313329377399069	a8	a54
13	0.313956235190681	a8	a53
13	0.314156353726398	a8	a52
13	0.314413803518294	a8	a51
12	0.314771312578049	a8	a51	a42	0
12	0.314807550258841	a8	a52	a44	0
13	0.334868081312241	a8	a52
12	0.335024930975371	a6	a10	a20	0
12	0.335100651502399	a7	a14	a21	0
13	0.335169340837631	a7	a14
12	0.335187189247574	a7	a14	a21	1
13	0.335257501165529	a7	a14
12	0.335348365797962	a7	a16	a21	2
12	0.335379735730588	a7	a15	a21	3
13	0.33548520360752	a7	a16
13	0.335659901680593	a7	a15
13	0.337230020894613	a6	a10
12	0.337352255459673	a8	a52	a40	0
12	0.337379839365948	a8	a53	a39	0
12	0.337462591084771	a6	a10	a22	0
12	0.337517218036413	a7	a14	a23	0
13	0.337588070815275	a7	a14
12	0.337638911740565	a7	a14	a23	1
13	0.33772761292937	a7	a14
12	0.337773045245587	a7	a16	a23	2
12	0.337795220542788	a7	a14	a23	3
12	0.337833080806302	a7	a15	a23	4
12	0.337843357163542	a7	a17	a23	5
13	0.337878513122519	a7	a14
12	0.337927731465087	a7	a14	a23	6
13	0.337991553052154	a7	a16
13	0.33800453371393	a7	a14
12	0.338049966030147	a7	a14	a23	7
12	0.338064028413738	a7	a16	a23	8
13	0.338081335962773	a7	a17
13	0.338092694041827	a7	a15
13	0.338132176888063	a7	a16
13	0.338150566158913	a7	a14
12	0.338185722117891	a7	a15	a23	9
12	0.338217632911424	a7	a16	a23	10
12	0.338248461983143	a7	a14	a23	11
12	0.338272259863066	a7	a17	a23	12
13	0.338288485690286	a7	a16
12	0.338349602972816	a7	a16	a23	13
13	0.33839773959357	a7	a15
13	0.338417210586234	a7	a17
13	0.338439385883435	a7	a14
12	0.33846480634608	a7	a17	a23	14
12	0.338467510650617	a7	a15	a23	15
13	0.338539445151294	a7	a16
13	0.338602725877453	a7	a17
13	0.338611379651971	a7	a15
13	0.338731450773401	a6	a10
12	0.338888841297438	a6	a10	a22	0
12	0.338949958579968	a7	a14	a23	0
13	0.339025138246089	a7	a14
12	0.339044068377846	a7	a14	a23	1
13	0.33912465665304	a7	a14
12	0.339125738374855	a7	a16	a23	2
12	0.339163057777462	a7	a14	a23	3
13	0.339237696582675	a7	a14
13	0.339251758966266	a7	a16
12	0.339253381548988	a7	a14	a23	4
12	0.339303681613371	a7	a16	a23	5
13	0.339321530023314	a7	a14
12	0.339356145121384	a7	a14	a23	6
13	0.339405904324859	a7	a16
13	0.339424293595709	a7	a14
12	0.33947297107737	a7	a16	a23	8
12	0.339484329156424	a7	a17	a23	7
12	0.339508667897255	a7	a15	a23	9
13	0.339541660412603	a7	a16
12	0.339543823856232	a7	a14	a23	10
12	0.33961954438326	a7	a16	a23	11
13	0.339651996037701	a7	a17
13	0.339653077759516	a7	a15
13	0.339653077759516	a7	a14
13	0.339692560605752	a7	a16
12	0.339743401531042	a7	a14	a23	12
12	0.339774230602761	a7	a17	a23	13
12	0.339790456429981	a7	a16	a23	14
12	0.339822908084422	a7	a15	a23	15
13	0.339874289870619	a7	a14
13	0.339906200664153	a7	a16
13	0.339963531920331	a7	a15
13	0.339969481390312	a7	a17
13	0.340099828868982	a6	a10
13	0.340157160125161	a8	a53
12	0.340190693501416	a6	a10	a24	0
12	0.340250729062131	a7	a14	a25	0
13	0.340276690385684	a7	a14
12	0.340292375351997	a7	a14	a25	1
13	0.34032428614553	a7	a14
12	0.340339971111843	a7	a14	a25	2
13	0.340359442104507	a7	a14
12	0.34037512707082	a7	a14	a25	3
13	0.340396220646207	a7	a14
12	0.340416232499778	a7	a14	a25	4
13	0.340437326075165	a7	a14
12	0.340453011041478	a7	a14	a25	5
13	0.340474645477772	a7	a14
12	0.340490330444085	a7	a14	a25	6
13	0.340509801436749	a7	a14
12	0.340526027263969	a7	a14	a25	7
13	0.340547120839356	a7	a14
12	0.340564428388391	a7	a14	a25	8
13	0.340595798321017	a7	a14
12	0.34063798547179	a7	a14	a25	9
13	0.340662865073527	a7	a14
12	0.340674223152582	a7	a16	a25	10
12	0.340700184476134	a7	a14	a25	11
13	0.340725604938779	a7	a14
12	0.340753188845054	a7	a14	a25	12
13	0.340787803943124	a7	a16
13	0.340791589969475	a7	a14
12	0.340860279304708	a7	a15	a25	13
12	0.340884618045539	a7	a14	a25	14
12	0.340902466455481	a7	a17	a25	15
13	0.340937081553551	a7	a14
13	0.341011179497857	a7	a15
13	0.34101875155056	a7	a17
13	0.341137740950176	a6	a10
13	0.341170733465524	a8	a52
12	0.341407630542941	a8	a52	a38	0
12	0.34146063491186	a6	a10	a26	0
12	0.341526619942556	a7	a14	a27	0
13	0.341606667356843	a7	a14
12	0.341623434044971	a7	a14	a27	1
13	0.34168887821476	a7	a14
12	0.341710512651053	a7	a14	a27	2
13	0.341775415959935	a7	a14
12	0.34179056006534	a7	a17	a27	3
12	0.341801918144395	a7	a15	a27	4
12	0.341839237547001	a7	a14	a27	5
13	0.341893864498643	a7	a14
12	0.341942541980304	a7	a16	a27	6
12	0.341972289330208	a7	a14	a27	7
13	0.342011772176444	a7	a15
13	0.342020966811869	a7	a17
13	0.342025293699128	a7	a16
13	0.342031784030016	a7	a14
12	0.342098850782527	a7	a15	a27	8
12	0.342122107801542	a7	a17	a27	9
12	0.342136711046041	a7	a14	a27	10
12	0.34215510031689	a7	a16	a27	11
13	0.342209727268532	a7	a17
13	0.342210268129439	a7	a15
13	0.342219462764864	a7	a16
13	0.342220003625772	a7	a14
12	0.342257323028378	a7	a14	a27	12
12	0.342323848919982	a7	a15	a27	13
12	0.342333043555407	a7	a16	a27	14
13	0.342342238190831	a7	a14
12	0.342346024217183	a7	a17	a27	15
13	0.342404437195176	a7	a15
13	0.342408764082435	a7	a16
13	0.34242390818784	a7	a17
13	0.342587789042766	a6	a10
13	0.342697042946049	a8	a52
12	0.34272949460049	a8	a52	a41	0
12	0.34274572042771	a6	a10	a28	0
12	0.342803592544796	a7	a14	a29	0
13	0.342819277511109	a7	a14
12	0.342835503338329	a7	a14	a29	1
13	0.342859301218253	a7	a14
12	0.342874986184566	a7	a14	a29	2
13	0.342891212011786	a7	a14
12	0.342906896978099	a7	a14	a29	3
13	0.342924204527134	a7	a14
12	0.342939889493447	a7	a14	a29	4
13	0.342973422869702	a7	a14
12	0.343049684257638	a7	a16	a29	5
12	0.343071859554839	a7	a14	a29	6
13	0.343089707964781	a7	a14
12	0.343105933792002	a7	a14	a29	7
13	0.343110801540168	a7	a16
13	0.343122700480129	a7	a14
12	0.343162183326365	a7	a14	a29	8
13	0.34318165431903	a7	a14
12	0.343184899484474	a7	a16	a29	9
13	0.343222759747988	a7	a16
12	0.343305511466812	a7	a14	a29	10
12	0.343322278154939	a7	a16	a29	11
13	0.343339044843067	a7	a16
13	0.343341749147604	a7	a14
12	0.34338934490745	a7	a17	a29	12
12	0.343402866430134	a7	a16	a29	13
13	0.343419092257354	a7	a16
12	0.343427746031871	a7	a14	a29	14
13	0.34345046218998	a7	a14
12	0.343456952520868	a7	a15	a29	15
13	0.343478046096254	a7	a17
13	0.343525100995193	a7	a15
13	0.343686818406489	a6	a10
13	0.343755507741722	a8	a52
12	0.344134110376863	a8	a52	a46	0
12	0.344535429170113	a6	a10	a30	0
12	0.344610608836233	a7	a14	a31	0
13	0.344732302540386	a7	a14
12	0.344748528367606	a7	a14	a31	1
13	0.344888070481701	a7	a14
12	0.344935666241547	a7	a16	a31	2
12	0.345023285708537	a7	a17	a31	3
13	0.345696657538181	a7	a16
13	0.345855129784033	a7	a17
13	0.345980068653629	a6	a10
12	0.346015765473514	a6	a10	a32	0
12	0.346090945139635	a7	a14	a33	0
13	0.346182350632976	a7	a14
12	0.346237518445525	a7	a14	a33	1
12	0.346279164735391	a7	a16	a33	2
13	0.346347854070623	a7	a14
12	0.346493886515606	a7	a15	a33	3
13	0.346608008167056	a7	a16
13	0.34682922027816	a7	a15
13	0.347067739938299	a6	a10
12	0.34781683229497	a6	a10	a34	0
12	0.347895257126535	a7	a14	a35	0
12	0.348015328247966	a7	a16	a35	1
13	0.348052106789665	a7	a14
12	0.348120255263991	a7	a14	a35	2
13	0.348318751216986	a7	a14
13	0.348325241547874	a7	a16
12	0.348357693202315	a7	a14	a35	3
13	0.348525360083591	a7	a14
13	0.348615683855118	a6	a10
12	0.348650839814095	a6	a10	a36	0
12	0.348708171070274	a7	a14	a37	0
13	0.348807148616318	a7	a14
12	0.348830405635334	a7	a14	a37	1
13	0.348931546625007	a7	a14
12	0.348951558478579	a7	a14	a37	2
12	0.349021870396534	a7	a16	a37	3
13	0.34919170072144	a7	a14
13	0.349302577207445	a7	a16
13	0.365977859841777	a6	a10
12	0.366140118113981	a8	a53	a45	0
13	0.367007118148453	a8	a53
12	0.367031997750191	a8	a53	a50	0
12	0.367620995278289	a8	a54	a49	0
13	0.369929930491742	a8	a54
12	0.369968872477071	a8	a54	a48	0
13	0.370789358473512	a8	a54
12	0.370807206883454	a8	a54	a47	0
13	0.371312911831821	a8	a54
13	0.371839710355575	a8	a53
13	0.371898664194475	a8	a52
13	0.372064167632123	a8	a51
12	0.372382193845641	a8	a51	a42	0
12	0.372400583116491	a8	a52	a44	0
13	0.37776916848279	a8	a52
12	0.37783244920895	a6	a10	a20	0
12	0.377901138544182	a7	a14	a21	0
13	0.377969827879415	a7	a14
12	0.377987676289357	a7	a14	a21	1
12	0.378122891516193	a7	a16	a21	2
13	0.378169946415132	a7	a14
12	0.378315978860115	a7	a14	a21	3
13	0.378366278924498	a7	a16
13	0.378382504751719	a7	a14
13	0.378613452359155	a6	a10
12	0.378675110502592	a8	a52	a40	0
12	0.378695122356164	a8	a53	a39	0
12	0.378751371890527	a6	a10	a22	0
12	0.378818438643038	a7	a14	a23	0
13	0.378886046256456	a7	a14
12	0.378903353805491	a7	a14	a23	1
13	0.37899530015974	a7	a14
12	0.37901152598696	a7	a14	a23	2
13	0.379094277705784	a7	a14
12	0.379167834789183	a7	a14	a23	3
12	0.379242473594396	a7	a16	a23	4
13	0.379251127368914	a7	a14
12	0.379334419948645	a7	a14	a23	5
12	0.379358758689475	a7	a17	a23	6
12	0.379407977032043	a7	a15	a23	7
13	0.379423121137449	a7	a16
13	0.379428529746523	a7	a14
12	0.379497759942663	a7	a14	a23	8
12	0.379510199743532	a7	a16	a23	9
13	0.379534538484362	a7	a17
13	0.379592951462355	a7	a15
13	0.379595114905985	a7	a16
13	0.379597278349614	a7	a14
12	0.37960214609778	a7	a17	a23	10
12	0.379614045037742	a7	a15	a23	11
12	0.379690847286585	a7	a16	a23	12
12	0.379707073113805	a7	a14	a23	13
13	0.379747637681856	a7	a17
13	0.379788743110814	a7	a15
13	0.379792529137165	a7	a14
12	0.379833634566123	a7	a15	a23	14
13	0.379850942115158	a7	a16
12	0.379862300194213	a7	a17	a23	15
13	0.380041866015451	a7	a15
13	0.380041866015451	a7	a17
13	0.380157069388715	a6	a10
12	0.380277681371053	a6	a10	a22	0
12	0.380337176070861	a7	a14	a23	0
13	0.380405324545186	a7	a14
12	0.38048807626401	a7	a16	a23	1
13	0.380684949634283	a7	a16
12	0.380704961487855	a7	a16	a23	2
13	0.380782304597605	a7	a16
12	0.380813674530231	a7	a16	a23	3
12	0.380853157376467	a7	a15	a23	4
12	0.380854779959189	a7	a17	a23	5
13	0.38089750797087	a7	a16
12	0.380975391941527	a7	a16	a23	6
13	0.381021905979559	a7	a15
13	0.38104408127676	a7	a17
13	0.381055980216722	a7	a16
12	0.381093840480236	a7	a15	a23	7
12	0.381123046969232	a7	a17	a23	8
12	0.381133864187379	a7	a16	a23	9
13	0.3812090438535	a7	a16
13	0.381252312726088	a7	a15
13	0.381280978354177	a7	a17
12	0.381307480538637	a7	a16	a23	10
12	0.381328033253116	a7	a17	a23	12
12	0.381329655835838	a7	a15	a23	11
13	0.381396722588348	a7	a16
12	0.381447022652732	a7	a16	a23	13
13	0.381457299009971	a7	a15
13	0.381479474307172	a7	a17
12	0.381524365762482	a7	a15	a23	14
12	0.381527070067018	a7	a17	a23	15
13	0.381551408807849	a7	a16
13	0.381657958406596	a7	a15
13	0.381675806816538	a7	a17
13	0.381784519858914	a6	a10
13	0.381848341445981	a8	a53
12	0.38186889416046	a6	a10	a24	0
12	0.381936501773878	a7	a14	a25	0
13	0.381954891044728	a7	a14
12	0.381974902898299	a7	a14	a25	1
13	0.381994914751871	a7	a14
12	0.382011681439999	a7	a14	a25	2
13	0.38204413309444	a7	a14
12	0.382061440643475	a7	a14	a25	3
13	0.382083075079768	a7	a14
12	0.382100382628803	a7	a14	a25	4
13	0.382127425674171	a7	a14
12	0.382143651501391	a7	a14	a25	5
13	0.382163122494055	a7	a14
12	0.38218043004309	a7	a14	a25	6
13	0.382199901035755	a7	a14
12	0.382226403220215	a7	a14	a25	7
13	0.382246415073786	a7	a14
12	0.382262640901007	a7	a16	a25	8
12	0.382283193615486	a7	a14	a25	9
13	0.382302123747243	a7	a14
12	0.38231889043537	a7	a14	a25	10
13	0.382338902288942	a7	a14
12	0.382355128116163	a7	a14	a25	11
13	0.38237405824792	a7	a14
13	0.38237405824792	a7	a16
12	0.382420031425044	a7	a14	a25	12
13	0.382440043278616	a7	a14
12	0.382450860496762	a7	a16	a25	13
13	0.382503324004775	a7	a16
12	0.382518468110181	a7	a14	a25	14
13	0.382554164930065	a7	a14
12	0.382579044531803	a7	a16	a25	15
13	0.38260608757717	a7	a16
13	0.382795388894741	a6	a10
13	0.382828381410089	a8	a52
12	0.383008488092234	a8	a52	a38	0
12	0.383053379547544	a6	a10	a26	0
12	0.383120987160962	a7	a14	a27	0
13	0.383194544244361	a7	a14
12	0.383211310932489	a7	a14	a27	1
13	0.383263233579594	a7	a14
12	0.383301634704015	a7	a14	a27	2
12	0.383338413245714	a7	a16	a27	3
13	0.383357884238379	a7	a14
12	0.383394662780078	a7	a14	a27	4
13	0.38345740264533	a7	a14
12	0.383473628472551	a7	a14	a27	5
13	0.383522846815119	a7	a14
13	0.383544481251413	a7	a16
12	0.383609925421201	a7	a14	a27	7
12	0.383616956612997	a7	a17	a27	6
12	0.383643999658364	a7	a15	a27	8
12	0.383655357737418	a7	a16	a27	9
13	0.383680778200063	a7	a14
13	0.383711607271782	a7	a17
13	0.38372621051628	a7	a16
13	0.383773806276127	a7	a15
12	0.383790572964254	a7	a14	a27	10
12	0.383801931043309	a7	a16	a27	11
12	0.383828974088676	a7	a17	a27	12
13	0.383839791306823	a7	a14
12	0.383887927927576	a7	a14	a27	13
13	0.383887927927576	a7	a16
12	0.383929574217442	a7	a15	a27	14
13	0.383931196800164	a7	a17
13	0.383965811898234	a7	a14
12	0.38398095600364	a7	a16	a27	15
13	0.384013948518988	a7	a15
13	0.384043155007984	a7	a16
13	0.387135256815271	a6	a10
13	0.387254787075795	a8	a52
12	0.38727804409481	a8	a52	a41	0
12	0.387291565617494	a6	a10	a28	0
12	0.387366745283615	a7	a14	a29	0
13	0.38738188938902	a7	a14
12	0.387398115216241	a7	a14	a29	1
13	0.387414341043461	a7	a14
12	0.387430566870681	a7	a14	a29	2
13	0.387447333558809	a7	a14
12	0.387464100246937	a7	a14	a29	3
13	0.387480866935064	a7	a14
12	0.387497633623192	a7	a14	a29	4
13	0.387514941172227	a7	a14
12	0.387531166999447	a7	a14	a29	5
13	0.387548474548483	a7	a14
12	0.387564700375703	a7	a14	a29	6
13	0.387582007924738	a7	a14
12	0.387663137060839	a7	a14	a29	7
13	0.387689098384392	a7	a14
12	0.387691802688929	a7	a16	a29	8
12	0.387729122091535	a7	a14	a29	9
13	0.387746970501478	a7	a14
13	0.387757787719625	a7	a16
12	0.38776481891142	a7	a14	a29	10
13	0.387781044738641	a7	a14
12	0.387822150167599	a7	a14	a29	11
13	0.387840539438448	a7	a14
12	0.387841621160263	a7	a16	a29	12
13	0.387857846987483	a7	a16
12	0.387885971754665	a7	a14	a29	13
13	0.387916259965477	a7	a14
12	0.387959528838064	a7	a16	a29	14
13	0.387975754665285	a7	a16
12	0.388032004199648	a7	a17	a29	15
13	0.388087172012197	a7	a17
13	0.38825159372803	a6	a10
13	0.38829648518334	a8	a52
12	0.388620460866839	a8	a52	a46	0
12	0.389006094693775	a6	a10	a30	0
12	0.389142391642426	a7	a14	a31	0
13	0.389259217598412	a7	a14
12	0.389284638061058	a7	a14	a31	1
13	0.389428507062411	a7	a14
12	0.389444732889632	a7	a14	a31	2
12	0.38957940725556	a7	a16	a31	3
13	0.389579948116468	a7	a14
13	0.389800078505757	a7	a16
13	0.389914741018114	a6	a10
12	0.389953683003443	a6	a10	a32	0
12	0.390026158365027	a7	a14	a33	0
13	0.390124054189256	a7	a14
12	0.390139739155569	a7	a14	a33	1
13	0.390231685509818	a7	a14
12	0.390247911337038	a7	a14	a33	2
13	0.390329581334047	a7	a14
12	0.390399893252002	a7	a14	a33	3
13	0.390498870798046	a7	a14
13	0.390698989333763	a6	a10
12	0.391357217058001	a6	a10	a34	0
12	0.391428069836863	a7	a14	a35	0
12	0.391555713010996	a7	a16	a35	1
13	0.391597359300862	a7	a14
12	0.391661721748836	a7	a14	a35	2
13	0.391843991874611	a7	a16
13	0.391871575780885	a7	a14
12	0.391927825315249	a7	a16	a35	3
13	0.392126862129152	a7	a16
13	0.392250719276934	a6	a10
12	0.392283170931374	a6	a10	a36	0
12	0.392357809736588	a7	a14	a37	0
13	0.392456787282632	a7	a14
12	0.392477339997111	a7	a14	a37	1
13	0.392573613238618	a7	a14
12	0.39259362509219	a7	a14	a37	2
13	0.392684489724624	a7	a14
12	0.392725054292675	a7	a15	a37	3
13	0.393174509706678	a7	a15
13	0.393262670034575	a6	a10
12	0.393353534667009	a8	a53	a45	0
13	0.394036101132077	a8	a53
12	0.394055572124742	a8	a53	a50	0
12	0.394582370648495	a8	a54	a49	0
13	0.396737160503355	a8	a54
12	0.396755008913297	a8	a54	a48	0
13	0.39751816365356	a8	a54
12	0.39753655292441	a8	a54	a47	0
13	0.39796815992847	a8	a54
13	0.398496581034946	a8	a53
13	0.398537686463904	a8	a52
13	0.398665870498945	a8	a51
12	0.39888059227916	a8	a51	a42	0
12	0.39889898155001	a8	a52	a44	0
13	0.403621238132033	a8	a52
12	0.403688845745451	a6	a10	a20	0
12	0.403762943689757	a7	a14	a21	0
13	0.403834337329527	a7	a14
12	0.403852185739469	a7	a16	a21	1
12	0.403877606202114	a7	a14	a21	2
13	0.403941427789181	a7	a14
13	0.403969552556363	a7	a16
12	0.404030128977985	a7	a16	a21	3
13	0.404074479572387	a7	a16
13	0.404254586254533	a6	a10
12	0.404325439033395	a8	a52	a40	0
12	0.40435085949604	a8	a53	a39	0
12	0.404439560684845	a6	a10	a22	0
12	0.404515281211873	a7	a14	a23	0
13	0.404594246904345	a7	a14
12	0.404610472731566	a7	a14	a23	1
13	0.404701878224907	a7	a14
12	0.404718104052127	a7	a14	a23	2
12	0.404792742857341	a7	a16	a23	3
13	0.404795988022785	a7	a14
12	0.404830603120855	a7	a14	a23	4
13	0.404957705434081	a7	a14
12	0.404982585035819	a7	a15	a23	5
13	0.404996106558502	a7	a16
12	0.405030180795665	a7	a14	a23	6
12	0.40506587761555	a7	a16	a23	7
12	0.405085889469121	a7	a17	a23	8
13	0.405189734763331	a7	a15
13	0.405239493966807	a7	a14
13	0.405249229463139	a7	a16
12	0.405260587542194	a7	a15	a23	9
12	0.405330358599241	a7	a16	a23	10
13	0.405335226347407	a7	a17
12	0.405360105949145	a7	a14	a23	11
12	0.405426090979841	a7	a17	a23	12
13	0.40549153514963	a7	a15
13	0.405499107202332	a7	a16
13	0.405507220115943	a7	a14
12	0.405512628725016	a7	a15	a23	13
12	0.405561306206677	a7	a16	a23	14
13	0.405580777199341	a7	a17
12	0.405588349252044	a7	a14	a23	15
13	0.405695980572606	a7	a16
13	0.405765751629653	a7	a15
13	0.405780895735059	a7	a14
13	0.405896099108323	a6	a10
12	0.406020497117012	a6	a10	a22	0
12	0.406075124068654	a7	a14	a23	0
13	0.406143813403887	a7	a14
12	0.406165447840181	a7	a14	a23	1
13	0.406250363002634	a7	a14
12	0.406339064191438	a7	a14	a23	2
12	0.40642019332754	a7	a16	a23	3
13	0.40642019332754	a7	a14
12	0.406481851470977	a7	a14	a23	4
12	0.406518630012676	a7	a17	a23	5
13	0.406541887031692	a7	a16
13	0.406574338686133	a7	a14
12	0.406626261333238	a7	a14	a23	6
12	0.406648977491346	a7	a16	a23	7
13	0.406653304378605	a7	a17
13	0.406698195833915	a7	a14
12	0.406709013052062	a7	a17	a23	9
12	0.406711717356598	a7	a15	a23	8
13	0.406724157157467	a7	a16
12	0.406744709871946	a7	a14	a23	10
12	0.406802581989032	a7	a16	a23	11
13	0.406855586357952	a7	a15
13	0.406865321854284	a7	a14
13	0.406869648741543	a7	a17
12	0.40690480470052	a7	a14	a23	12
13	0.406918326223204	a7	a16
12	0.406939960659498	a7	a15	a23	13
12	0.406959972513069	a7	a17	a23	14
13	0.407021630656507	a7	a14
12	0.407033529596468	a7	a16	a23	15
13	0.407049755423688	a7	a15
13	0.407168744823304	a7	a16
13	0.407189297537783	a7	a17
13	0.407354260114523	a6	a10
13	0.407416999979775	a8	a53
12	0.407432684946088	a6	a10	a24	0
12	0.407507323751302	a7	a14	a25	0
13	0.407525713022151	a7	a14
12	0.407545184014816	a7	a14	a25	1
13	0.407565195868388	a7	a14
12	0.40758304427833	a7	a14	a25	2
13	0.407609005601882	a7	a14
12	0.407753956325051	a7	a16	a25	3
13	0.407812369303044	a7	a16
12	0.407890794134609	a7	a15	a25	4
12	0.407907560822736	a7	a16	a25	5
12	0.40793947161627	a7	a17	a25	6
13	0.40795786088712	a7	a15
13	0.407961106052564	a7	a16
12	0.407978954462506	a7	a15	a25	7
12	0.408026550222352	a7	a16	a25	8
13	0.408052511545905	a7	a17
13	0.408070359955847	a7	a15
13	0.408071441677662	a7	a16
12	0.408126609490211	a7	a15	a25	9
12	0.408144998761061	a7	a16	a25	10
12	0.408164469753725	a7	a17	a25	11
13	0.408182859024575	a7	a16
13	0.40819205366	a7	a15
13	0.408207197765405	a7	a17
12	0.408238567698031	a7	a15	a25	12
12	0.408256416107974	a7	a16	a25	13
13	0.408274805378823	a7	a15
13	0.408285081736063	a7	a16
12	0.408305634450542	a7	a17	a25	14
12	0.408344576435871	a7	a15	a25	15
13	0.408360261402184	a7	a17
13	0.4083835184212	a7	a15
13	0.408756712447267	a6	a10
13	0.408788082379893	a8	a52
12	0.408936819129413	a8	a52	a38	0
12	0.408979006280186	a6	a10	a26	0
12	0.409055267668121	a7	a14	a27	0
13	0.409129906473335	a7	a14
12	0.409187237729513	a7	a14	a27	1
12	0.409234833489359	a7	a17	a27	3
12	0.409235915211174	a7	a15	a27	2
13	0.409246732429321	a7	a14
12	0.409287837858279	a7	a14	a27	4
13	0.409335433618125	a7	a14
12	0.409392224013397	a7	a14	a27	5
12	0.409434411164169	a7	a16	a27	6
13	0.409436033746892	a7	a17
13	0.409443064938687	a7	a15
13	0.409453341295927	a7	a14
12	0.409516081161178	a7	a17	a27	7
12	0.409531766127491	a7	a14	a27	8
13	0.409549073676526	a7	a16
12	0.409564758642839	a7	a15	a27	9
13	0.409591801688207	a7	a14
13	0.409615058707222	a7	a17
12	0.409622089899018	a7	a16	a27	10
13	0.409652378109829	a7	a15
13	0.409683748042455	a7	a16
12	0.409690238373343	a7	a15	a27	11
12	0.409705923339656	a7	a14	a27	12
13	0.409755141682225	a7	a14
12	0.409760009430391	a7	a16	a27	13
12	0.409788134197573	a7	a17	a27	14
13	0.409805982607515	a7	a16
12	0.409811391216588	a7	a14	a27	15
13	0.409823831017457	a7	a15
13	0.409887111743617	a7	a17
13	0.409888734326339	a7	a14
13	0.410037471075858	a6	a10
13	0.410154297031845	a8	a52
12	0.410177554050861	a8	a52	a41	0
12	0.410192698156266	a6	a10	a28	0
12	0.410270582126924	a7	a14	a29	0
13	0.410287348815051	a7	a14
12	0.410304115503179	a7	a14	a29	1
13	0.410319800469492	a7	a14
12	0.410376590864763	a7	a14	a29	2
13	0.410399307022872	a7	a14
12	0.410427431790054	a7	a16	a29	3
12	0.410447443643625	a7	a14	a29	4
13	0.410464210331753	a7	a14
12	0.410480977019881	a7	a14	a29	5
13	0.410486385628954	a7	a16
13	0.410497743708008	a7	a14
12	0.41055237065965	a7	a14	a29	6
12	0.410569678208685	a7	a16	a29	7
13	0.410574545956851	a7	a14
13	0.410585904035906	a7	a16
12	0.4106297137694	a7	a16	a29	8
13	0.410645398735713	a7	a16
12	0.410667033172007	a7	a14	a29	9
12	0.410687045025579	a7	a16	a29	10
13	0.410695157939189	a7	a14
13	0.410703811713707	a7	a16
12	0.410777909658013	a7	a16	a29	11
13	0.410793594624326	a7	a16
12	0.410814147338805	a7	a15	a29	12
12	0.41082334197423	a7	a14	a29	13
12	0.410854711906856	a7	a17	a29	14
13	0.410856875350485	a7	a15
13	0.4108579570723	a7	a14
13	0.410915829189386	a7	a17
12	0.410920696937552	a7	a16	a29	15
13	0.410941249652031	a7	a16
13	0.411158675736783	a6	a10
13	0.411211139244795	a8	a52
12	0.411527002014685	a8	a52	a46	0
12	0.411891542266235	a6	a10	a30	0
12	0.411966181071448	a7	a14	a31	0
12	0.4120289209367	a7	a16	a31	1
13	0.412088956497415	a7	a14
12	0.412158727554463	a7	a14	a31	2
13	0.412286370728596	a7	a16
12	0.412420504233617	a7	a15	a31	3
13	0.413124164274072	a7	a14
13	0.413336722610659	a7	a15
13	0.413421096912204	a6	a10
12	0.413449762540294	a6	a10	a32	0
12	0.413527646510951	a7	a14	a33	0
13	0.413622297169736	a7	a14
12	0.413636900414235	a7	a16	a33	1
12	0.413658534850528	a7	a14	a33	2
13	0.413742368291167	a7	a14
12	0.413758594118387	a7	a14	a33	3
13	0.413849999611728	a7	a14
13	0.413994409473989	a7	a16
13	0.414218866750537	a6	a10
12	0.414806241695913	a6	a10	a34	0
12	0.414883043944756	a7	a14	a35	0
13	0.415040434468793	a7	a14
12	0.41506747751416	a7	a16	a35	1
12	0.415098847446786	a7	a14	a35	2
13	0.415348184325072	a7	a14
13	0.415354133795053	a7	a16
12	0.415461765115614	a7	a16	a35	3
13	0.415671619147664	a7	a16
13	0.415801966626334	a6	a10
12	0.415853348412532	a6	a10	a36	0
12	0.415909597946895	a7	a14	a37	0
13	0.416027505624696	a7	a14
12	0.41605130350462	a7	a14	a37	1
13	0.416213561776823	a7	a14
12	0.416313080183774	a7	a16	a37	2
12	0.416355267334547	a7	a14	a37	3
13	0.416451540576054	a7	a14
13	0.416670589243529	a7	a16
13	0.416804181887643	a6	a10
12	0.416898832546428	a8	a53	a45	0
13	0.417724186291036	a8	a53
12	0.417744198144607	a8	a53	a50	0
12	0.418183918062278	a8	a54	a49	0
13	0.42027110030372	a8	a54
12	0.420294898183643	a8	a54	a48	0
13	0.421099699213771	a8	a54
12	0.421117006762806	a8	a54	a47	0
13	0.421560512706829	a8	a54
13	0.422076494012435	a8	a53
13	0.422125712355003	a8	a52
13	0.422273908243616	a8	a51
12	0.42251134618194	a8	a51	a42	0
12	0.42252973545279	a8	a52	a44	0
13	0.426950191648514	a8	a52
12	0.427020503566469	a6	a10	a20	0
12	0.427096224093497	a7	a14	a21	0
13	0.427166536011452	a7	a14
12	0.427185466143209	a7	a16	a21	1
12	0.427213590910391	a7	a14	a21	2
13	0.42727903508018	a7	a14
13	0.427296342629215	a7	a16
12	0.427385043818019	a7	a14	a21	3
13	0.427584621492829	a7	a14
13	0.427771759366771	a6	a10
12	0.427839366980189	a8	a52	a40	0
12	0.427857756251038	a8	a53	a39	0
12	0.427926986447178	a6	a10	a22	0
12	0.42798161339882	a7	a14	a23	0
13	0.428069773726717	a7	a14
12	0.42808545869303	a7	a14	a23	1
13	0.428182272795445	a7	a14
12	0.428198498622665	a7	a14	a23	2
13	0.428269351401527	a7	a14
12	0.42828503636784	a7	a14	a23	3
13	0.428360756894868	a7	a14
12	0.428368328947571	a7	a15	a23	4
12	0.428412138681066	a7	a17	a23	5
12	0.428440804309155	a7	a14	a23	6
12	0.428492186095353	a7	a16	a23	7
13	0.428596572250471	a7	a16
12	0.428613879799506	a7	a16	a23	8
13	0.42863335079217	a7	a14
12	0.42869230463107	a7	a14	a23	9
13	0.428697713240144	a7	a17
13	0.428705826153754	a7	a15
13	0.42871069390192	a7	a16
12	0.428774515488987	a7	a16	a23	10
13	0.428780464958968	a7	a14
12	0.42882265210974	a7	a15	a23	11
12	0.428836173632424	a7	a14	a23	12
12	0.428871870452309	a7	a17	a23	13
13	0.428923793099414	a7	a14
13	0.428949213562059	a7	a16
12	0.428956244753855	a7	a14	a23	14
12	0.429017362036384	a7	a16	a23	15
13	0.429044405081752	a7	a17
13	0.429050354551732	a7	a14
13	0.429071988988026	a7	a15
13	0.429096327728857	a7	a16
13	0.429271566662836	a6	a10
12	0.429381902287934	a6	a10	a22	0
12	0.429461949702221	a7	a14	a23	0
13	0.429538211090157	a7	a14
12	0.429556600361007	a7	a14	a23	1
13	0.42963935207983	a7	a14
12	0.429655577907051	a7	a14	a23	2
13	0.429726430685913	a7	a14
12	0.429742656513133	a7	a14	a23	3
13	0.429818917901069	a7	a14
12	0.429860564190934	a7	a14	a23	4
12	0.42987354485271	a7	a16	a23	5
13	0.429947642797017	a7	a14
12	0.429963868624237	a7	a14	a23	6
13	0.429999565444122	a7	a16
13	0.430034721403099	a7	a14
12	0.430110982791035	a7	a15	a23	7
12	0.430113687095571	a7	a16	a23	8
12	0.430171559212657	a7	a14	a23	9
13	0.430182917291711	a7	a16
12	0.430200224840746	a7	a17	a23	10
13	0.430258096957832	a7	a14
13	0.43026458728872	a7	a15
12	0.430275945367775	a7	a16	a23	11
12	0.430328408875787	a7	a15	a23	12
13	0.430346798146637	a7	a17
12	0.430351665894803	a7	a14	a23	13
13	0.430374382052911	a7	a16
12	0.430425763839109	a7	a17	a23	14
13	0.430427386421831	a7	a14
12	0.430477686486214	a7	a16	a23	15
13	0.4304987800616	a7	a15
13	0.430545834960539	a7	a17
13	0.430622637209382	a7	a16
13	0.430760556740755	a6	a10
13	0.430809234222416	a8	a53
12	0.430824919188729	a6	a10	a24	0
12	0.430896853689406	a7	a14	a25	0
13	0.430914702099348	a7	a14
12	0.430931468787476	a7	a14	a25	1
13	0.430951480641048	a7	a14
12	0.430967706468268	a7	a14	a25	2
13	0.430994749513635	a7	a14
12	0.431010975340856	a7	a14	a25	3
13	0.431032068916242	a7	a14
12	0.431048294743462	a7	a14	a25	4
13	0.431073715206107	a7	a14
12	0.431089941033328	a7	a14	a25	5
13	0.431110493747807	a7	a14
12	0.43112617871412	a7	a14	a25	6
13	0.431145649706784	a7	a14
12	0.431162416394912	a7	a14	a25	7
13	0.431184050831206	a7	a14
12	0.431284650959972	a7	a14	a25	8
13	0.431332246719818	a7	a14
12	0.431401476915958	a7	a15	a25	9
12	0.431402017776865	a7	a16	a25	10
12	0.431430683404955	a7	a14	a25	11
13	0.431455563006693	a7	a16
13	0.431457726450322	a7	a14
12	0.431497750157465	a7	a17	a25	12
13	0.431506403931983	a7	a15
12	0.431556703996366	a7	a16	a25	13
12	0.431579420154474	a7	a14	a25	14
12	0.431618362139803	a7	a15	a25	15
13	0.431619984722525	a7	a16
13	0.431625393331599	a7	a17
13	0.431627015914321	a7	a14
13	0.43165568154241	a7	a15
13	0.431895282924363	a6	a10
13	0.431927734578804	a8	a52
12	0.432095942320988	a8	a52	a38	0
12	0.432154355298981	a6	a10	a26	0
12	0.432250628540489	a7	a14	a27	0
13	0.432297683439428	a7	a14
12	0.432380435158251	a7	a14	a27	1
12	0.432431816944449	a7	a16	a27	2
13	0.432484821313369	a7	a14
12	0.432511323497829	a7	a17	a27	3
12	0.432529712768678	a7	a14	a27	4
13	0.43257622680671	a7	a14
13	0.432579471972154	a7	a16
13	0.432658437664626	a7	a17
12	0.432691971040882	a7	a15	a27	5
12	0.432705492563565	a7	a16	a27	6
12	0.432734699052562	a7	a14	a27	7
12	0.432763905541558	a7	a17	a27	8
13	0.432777427064242	a7	a16
13	0.432797979778721	a7	a14
13	0.432807715275053	a7	a15
12	0.432854770173992	a7	a14	a27	9
13	0.432872618583935	a7	a17
12	0.432880731497545	a7	a16	a27	10
12	0.43290615196019	a7	a15	a27	11
13	0.432929949840113	a7	a14
12	0.432950502554592	a7	a17	a27	12
13	0.432954829441851	a7	a16
12	0.432974300434515	a7	a14	a27	13
13	0.433012160698029	a7	a15
12	0.433024059637991	a7	a16	a27	14
13	0.433046775796099	a7	a17
13	0.433058133875154	a7	a14
13	0.433090585529594	a7	a16
12	0.433120873740406	a7	a15	a27	15
13	0.433205788902859	a7	a15
13	0.433295571813478	a6	a10
13	0.433396171942244	a8	a52
12	0.433418888100352	a8	a52	a41	0
12	0.433433491344851	a6	a10	a28	0
12	0.433511375315508	a7	a14	a29	0
13	0.433527601142729	a7	a14
12	0.433545449552671	a7	a14	a29	1
13	0.433561134518984	a7	a14
12	0.433578982928926	a7	a14	a29	2
13	0.433595208756147	a7	a14
12	0.433699594911264	a7	a16	a29	3
13	0.433759089611072	a7	a16
12	0.433807226231825	a7	a16	a29	4
13	0.433823452059046	a7	a16
12	0.433840218747174	a7	a16	a29	5
13	0.433856444574394	a7	a16
12	0.433915398413294	a7	a16	a29	6
13	0.433931624240515	a7	a16
12	0.433973811391288	a7	a16	a29	7
13	0.433990037218508	a7	a16
12	0.434006803906636	a7	a17	a29	9
12	0.434011130793894	a7	a15	a29	8
12	0.434054940527389	a7	a16	a29	10
13	0.434061971719185	a7	a15
13	0.434070084632795	a7	a16
13	0.434079820129127	a7	a17
12	0.434143100855286	a7	a15	a29	11
12	0.434163653569765	a7	a16	a29	12
13	0.434166357874302	a7	a15
12	0.434176093370634	a7	a17	a29	13
13	0.434189614893318	a7	a16
12	0.434196646085113	a7	a15	a29	14
13	0.43419935038965	a7	a17
13	0.434220443965037	a7	a15
12	0.434279938664844	a7	a17	a29	15
13	0.434325370981061	a7	a17
13	0.434709382225276	a6	a10
13	0.434779153282323	a8	a52
12	0.435043634266015	a8	a52	a46	0
12	0.435404388491213	a6	a10	a30	0
12	0.435474700409168	a7	a14	a31	0
13	0.435590985504247	a7	a14
12	0.435614242523263	a7	a14	a31	1
12	0.435704025433882	a7	a15	a31	2
12	0.435706188877511	a7	a17	a31	3
13	0.435771092186393	a7	a14
13	0.436000417211107	a7	a17
13	0.436034491448269	a7	a15
13	0.436130223828869	a6	a10
12	0.436153480847885	a6	a10	a32	0
12	0.436230823957635	a7	a14	a33	0
12	0.436322229450976	a7	a16	a33	1
13	0.436327097199143	a7	a14
12	0.436393082229839	a7	a14	a33	2
13	0.436483406001365	a7	a14
12	0.436794401023088	a7	a15	a33	3
13	0.436941515189886	a7	a16
13	0.437307678024158	a7	a15
13	0.437432076032847	a6	a10
12	0.438055688659015	a6	a10	a34	0
12	0.438157370509596	a7	a14	a35	0
13	0.438304484676393	a7	a14
12	0.438350457853518	a7	a14	a35	1
12	0.438388318117032	a7	a16	a35	2
13	0.438604662479969	a7	a14
12	0.438674433537017	a7	a14	a35	3
13	0.43868200558972	a7	a16
13	0.438861571410958	a7	a14
13	0.438988132863277	a6	a10
12	0.439026533987698	a6	a10	a36	0
12	0.439080620078432	a7	a14	a37	0
13	0.439178515902662	a7	a14
12	0.439203936365307	a7	a14	a37	1
12	0.439320762321293	a7	a16	a37	2
13	0.439379175299286	a7	a14
12	0.439499787281624	a7	a14	a37	3
13	0.439674485354696	a7	a16
13	0.43971450906184	a7	a14
13	0.439834039322363	a6	a10
12	0.439931935146592	a8	a53	a45	0
13	0.440811374981934	a8	a53
12	0.440836254583672	a8	a53	a50	0
12	0.441287332580397	a8	a54	a49	0
13	0.443328000783807	a8	a54
12	0.443351257802823	a8	a54	a48	0
13	0.444052213538741	a8	a54
12	0.444071684531406	a8	a54	a47	0
13	0.444501128091837	a8	a54
13	0.444992770656613	a8	a53
13	0.4450360395292	a8	a52
13	0.445151783763372	a8	a51
12	0.445370832430847	a8	a51	a43	0
13	0.447272499381069	a8	a51
12	0.447293592956456	a8	a51	a42	0
12	0.447319013419101	a8	a52	a44	0
13	0.451489591875633	a8	a52
12	0.451560985515402	a6	a10	a20	0
12	0.451698905046775	a7	a14	a21	0
13	0.451763808355656	a7	a14
12	0.451779493321969	a7	a14	a21	1
13	0.451830875108167	a7	a14
12	0.45185467298809	a7	a14	a21	2
13	0.451895237556141	a7	a14
12	0.451921739740601	a7	a14	a21	3
13	0.451962304308652	a7	a14
13	0.452198660525161	a6	a10
12	0.452265727277672	a8	a52	a40	0
12	0.452283575687614	a8	a53	a39	0
12	0.452352805883754	a6	a10	a22	0
12	0.45242690382806	a7	a14	a23	0
13	0.452509114685977	a7	a14
12	0.452525340513197	a7	a14	a23	1
13	0.452617827728353	a7	a14
12	0.45269571169901	a7	a14	a23	2
12	0.452736276267061	a7	a16	a23	3
13	0.452780086000556	a7	a14
12	0.452796311827776	a7	a14	a23	4
13	0.452868246328453	a7	a14
12	0.452920709836466	a7	a14	a23	5
13	0.452934772220057	a7	a16
13	0.453008870164363	a7	a14
12	0.453033208905193	a7	a15	a23	6
12	0.453039699236081	a7	a16	a23	7
12	0.453068905725078	a7	a17	a23	8
12	0.453112174597666	a7	a14	a23	9
13	0.453190058568323	a7	a14
13	0.453198171481933	a7	a16
12	0.453257666181741	a7	a14	a23	10
12	0.453276596313498	a7	a16	a23	11
13	0.453290117836182	a7	a15
13	0.453318242603364	a7	a17
13	0.453337172735121	a7	a14
12	0.453352316840526	a7	a17	a23	12
12	0.453380441607708	a7	a14	a23	13
12	0.453415597566686	a7	a15	a23	14
13	0.45345129438657	a7	a16
13	0.453468061074698	a7	a14
12	0.453527555774506	a7	a16	a23	15
13	0.453618961267847	a7	a17
13	0.453641677425956	a7	a15
13	0.453670883914952	a7	a16
13	0.45490350592279	a6	a10
12	0.455010055521537	a6	a10	a22	0
12	0.455131749225689	a7	a14	a23	0
13	0.455202602004551	a7	a14
12	0.455214500944513	a7	a17	a23	1
12	0.455255606373471	a7	a14	a23	2
13	0.455333490344129	a7	a14
12	0.455349716171349	a7	a14	a23	3
12	0.455415701202045	a7	a16	a23	4
13	0.45542489583747	a7	a14
12	0.45547573676276	a7	a14	a23	5
13	0.455544426097993	a7	a16
13	0.455550375567974	a7	a14
13	0.455567142256101	a7	a17
12	0.455650434835832	a7	a14	a23	6
12	0.455672069272126	a7	a16	a23	7
12	0.455723451058324	a7	a17	a23	9
13	0.455723991919231	a7	a14
12	0.45572615536286	a7	a15	a23	8
13	0.455775373705429	a7	a16
12	0.455800253307167	a7	a14	a23	10
12	0.455854880258808	a7	a16	a23	11
13	0.45587489211238	a7	a15
13	0.455884086747805	a7	a17
13	0.455890577078693	a7	a14
12	0.455954939526667	a7	a17	a23	13
12	0.455959266413926	a7	a15	a23	12
12	0.455977114823868	a7	a14	a23	14
13	0.455977655684776	a7	a16
12	0.456038232106398	a7	a16	a23	15
13	0.456047426741823	a7	a14
13	0.456117738659778	a7	a15
13	0.456122065547036	a7	a16
13	0.456122606407944	a7	a17
13	0.460351056981562	a6	a10
13	0.460398111880501	a8	a53
12	0.46040838823774	a6	a10	a24	0
12	0.460473291546621	a7	a14	a25	0
13	0.460498712009267	a7	a14
12	0.460514937836487	a7	a14	a25	1
13	0.460542521742761	a7	a14
12	0.460558747569982	a7	a14	a25	2
13	0.460577136840832	a7	a14
12	0.460593903528959	a7	a14	a25	3
13	0.460614456243438	a7	a14
12	0.460631222931566	a7	a14	a25	4
13	0.460656643394211	a7	a14
12	0.460710729484946	a7	a14	a25	5
13	0.460756161801162	a7	a14
12	0.460765356436587	a7	a16	a25	6
12	0.460795644647399	a7	a14	a25	7
13	0.460824310275488	a7	a14
12	0.460839995241801	a7	a14	a25	8
13	0.460861629678095	a7	a14
12	0.460877855505315	a7	a14	a25	9
13	0.460880559809852	a7	a16
13	0.46090327596796	a7	a14
12	0.460938431926938	a7	a16	a25	10
13	0.46096439325049	a7	a16
12	0.460964934111397	a7	a14	a25	11
13	0.460986027686784	a7	a14
12	0.461021724506669	a7	a16	a25	12
13	0.461068779405607	a7	a16
12	0.46107851490194	a7	a14	a25	13
13	0.461099067616419	a7	a14
12	0.461102312781863	a7	a17	a25	14
12	0.461173165560725	a7	a16	a25	15
13	0.461194259136111	a7	a16
13	0.461212648406961	a7	a17
13	0.461489028330614	a6	a10
13	0.461520939124147	a8	a52
12	0.461664267264594	a8	a52	a38	0
12	0.461704290971737	a6	a10	a26	0
12	0.461769735141526	a7	a14	a27	0
13	0.461850864277627	a7	a14
12	0.461898460037474	a7	a14	a27	1
13	0.461965526789984	a7	a14
12	0.461974180564502	a7	a16	a27	2
12	0.462000141888054	a7	a14	a27	3
13	0.462057473144233	a7	a14
12	0.462082893606878	a7	a15	a27	4
12	0.462099119434098	a7	a14	a27	5
13	0.462122376453114	a7	a16
13	0.462146715193945	a7	a14
12	0.462199719562864	a7	a17	a27	6
13	0.462203505589216	a7	a15
12	0.462264622871746	a7	a14	a27	7
13	0.462283553003503	a7	a17
12	0.462286257308039	a7	a16	a27	8
12	0.462331148763349	a7	a15	a27	9
13	0.462334393928793	a7	a14
13	0.462346833729662	a7	a16
12	0.462379285384103	a7	a14	a27	10
12	0.462404705846748	a7	a17	a27	11
13	0.462446892997521	a7	a15
12	0.462449597302057	a7	a16	a27	12
13	0.462474476903795	a7	a14
13	0.462484212400127	a7	a17
12	0.462530185577252	a7	a14	a27	13
13	0.462531267299066	a7	a16
12	0.46257940391982	a7	a17	a27	14
12	0.462599956634299	a7	a15	a27	15
13	0.462626999679666	a7	a14
13	0.462677840604957	a7	a17
13	0.462705965372139	a7	a15
13	0.462822791328125	a6	a10
13	0.462923391456891	a8	a52
12	0.462947189336814	a8	a52	a41	0
12	0.46296233344222	a6	a10	a28	0
12	0.463040217412877	a7	a14	a29	0
13	0.463056443240098	a7	a14
12	0.463072669067318	a7	a14	a29	1
13	0.463089435755446	a7	a14
12	0.463106202443573	a7	a14	a29	2
13	0.463123509992608	a7	a14
12	0.463201934824173	a7	a14	a29	3
13	0.463224110121374	a7	a14
12	0.463244121974946	a7	a16	a29	4
12	0.463270624159406	a7	a14	a29	5
13	0.463287390847534	a7	a14
13	0.463303616674754	a7	a16
12	0.463304157535661	a7	a14	a29	6
13	0.463321465084696	a7	a14
12	0.463372846870894	a7	a16	a29	7
13	0.463389072698114	a7	a16
12	0.463431259848887	a7	a14	a29	8
13	0.46344910825883	a7	a14
12	0.463496704018676	a7	a16	a29	9
13	0.463512388984989	a7	a16
12	0.463538350308542	a7	a14	a29	10
13	0.463565393353909	a7	a14
12	0.463565934214816	a7	a15	a29	11
12	0.463597304147442	a7	a17	a29	12
13	0.46362218374918	a7	a15
12	0.463622724610087	a7	a16	a29	13
13	0.463636786993678	a7	a17
13	0.463643277324566	a7	a16
12	0.463658421429972	a7	a14	a29	14
13	0.4636751881181	a7	a14
12	0.463726569904297	a7	a16	a29	15
13	0.46374225487061	a7	a16
13	0.46701716766458	a6	a10
13	0.467070712894407	a8	a52
12	0.467396311160628	a8	a52	a46	0
12	0.467759769690364	a6	a10	a30	0
12	0.467842521409187	a7	a14	a31	0
13	0.467960429086988	a7	a14
12	0.467983145245097	a7	a14	a31	1
13	0.468131881994617	a7	a14
12	0.468148107821837	a7	a14	a31	2
13	0.46828386390958	a7	a14
12	0.468361747880238	a7	a14	a31	3
13	0.468469920061707	a7	a14
13	0.468688427868274	a6	a10
12	0.468717093496363	a6	a10	a32	0
12	0.46879714091065	a7	a14	a33	0
13	0.468893955013065	a7	a14
12	0.468915589449359	a7	a14	a33	1
12	0.468985360506406	a7	a16	a33	2
13	0.469002127194534	a7	a14
12	0.469037283153511	a7	a14	a33	3
13	0.469118412289613	a7	a14
13	0.469299600693573	a7	a16
13	0.469517567639233	a6	a10
12	0.470123872716366	a6	a10	a34	0
12	0.470243943837796	a7	a14	a35	0
12	0.470382945090984	a7	a16	a35	1
13	0.470400793500926	a7	a14
13	0.470647966935582	a7	a16
12	0.470705839052668	a7	a16	a35	2
12	0.470810225207786	a7	a17	a35	3
13	0.470878914543018	a7	a16
13	0.471281315058082	a7	a17
13	0.471583115444381	a6	a10
12	0.471615026237914	a6	a10	a36	0
12	0.47168101126861	a7	a14	a37	0
13	0.471778366231932	a7	a14
12	0.471794592059152	a7	a14	a37	1
12	0.471871935168902	a7	a16	a37	2
13	0.471920612650563	a7	a14
12	0.471955768609541	a7	a14	a37	3
13	0.47205366443377	a7	a14
13	0.472111536550856	a7	a16
13	0.472325717470164	a6	a10
12	0.472424695016208	a8	a53	a45	0
13	0.473159184128382	a8	a53
12	0.473198666974618	a8	a53	a50	0
12	0.473642713779548	a8	a54	a49	0
13	0.475730977742804	a8	a54
12	0.475766674562689	a8	a54	a48	0
13	0.476453027054109	a8	a54
12	0.476471957185866	a8	a54	a47	0
13	0.476890042667243	a8	a54
13	0.477394665893795	a8	a53
13	0.47746281436812	a8	a52
13	0.477573690854126	a8	a51
12	0.47782140514969	a8	a51	a42	0
12	0.477840335281447	a8	a52	a44	0
13	0.481871912484791	a8	a52
12	0.481924375992804	a6	a10	a20	0
12	0.481995769632573	a7	a14	a21	0
13	0.482061754663269	a7	a14
12	0.482078521351397	a7	a14	a21	1
12	0.482211573134603	a7	a17	a21	3
12	0.482213736578233	a7	a15	a21	2
13	0.48229378399252	a7	a14
13	0.482371667963177	a7	a17
13	0.482629117755073	a7	a15
13	0.482773527617334	a6	a10
12	0.482835185760771	a8	a52	a40	0
12	0.48285790191888	a8	a53	a39	0
12	0.482930918141371	a6	a10	a22	0
12	0.482992035423901	a7	a14	a23	0
13	0.483060183898227	a7	a14
12	0.483078573169076	a7	a14	a23	1
13	0.4831613248879	a7	a14
12	0.483216492700449	a7	a16	a23	2
12	0.483295999253829	a7	a14	a23	4
13	0.483366852032691	a7	a14
12	0.483383618720818	a7	a14	a23	5
12	0.483397681104409	a7	a17	a23	3
13	0.483466911300549	a7	a16
13	0.483478810240511	a7	a14
12	0.483520456530377	a7	a14	a23	6
12	0.483551285602095	a7	a16	a23	7
13	0.483567511429316	a7	a17
12	0.483587523282887	a7	a15	a23	8
13	0.483612402884625	a7	a14
13	0.483655130896305	a7	a16
12	0.483659457783564	a7	a14	a23	9
12	0.483675142749877	a7	a17	a23	10
13	0.483722197648816	a7	a15
12	0.483728147118797	a7	a16	a23	11
13	0.483745995528739	a7	a14
13	0.483802245063103	a7	a17
12	0.483826583803933	a7	a15	a23	12
12	0.483842268770246	a7	a14	a23	13
13	0.483886619364649	a7	a16
12	0.483889864530093	a7	a17	a23	14
13	0.483962880752584	a7	a15
13	0.483966125918028	a7	a14
12	0.484009394790616	a7	a14	a23	15
13	0.484046173332315	a7	a17
13	0.484153804652877	a7	a14
13	0.484293346766972	a6	a10
12	0.484408009279329	a6	a10	a22	0
12	0.484468585700951	a7	a14	a23	0
13	0.484537815897091	a7	a14
12	0.484555664307034	a7	a14	a23	1
13	0.484640579469487	a7	a14
12	0.484711432248349	a7	a14	a23	2
12	0.484754160260029	a7	a16	a23	3
13	0.484786071053562	a7	a14
12	0.484802296880783	a7	a14	a23	4
13	0.484875853964181	a7	a14
13	0.484892079791402	a7	a16
12	0.484926694889472	a7	a14	a23	5
12	0.484976994953855	a7	a16	a23	6
13	0.485005660581944	a7	a14
12	0.485013232634647	a7	a15	a23	7
12	0.485013232634647	a7	a17	a23	8
13	0.48504730687181	a7	a16
12	0.485080299387158	a7	a14	a23	9
12	0.485137630643336	a7	a16	a23	10
13	0.485159805940537	a7	a14
13	0.485168459715055	a7	a17
13	0.485191175873163	a7	a15
13	0.485226872693048	a7	a16
12	0.485231740441214	a7	a14	a23	11
12	0.485262569512933	a7	a15	a23	12
12	0.48529772547191	a7	a17	a23	13
12	0.485307460968242	a7	a16	a23	14
13	0.485325309378184	a7	a14
13	0.485376691164382	a7	a15
12	0.485386426660714	a7	a14	a23	15
13	0.485399407322491	a7	a16
13	0.485435645003283	a7	a17
13	0.485482699902222	a7	a14
13	0.485653611948942	a6	a10
13	0.485709320622399	a8	a53
12	0.485734200224137	a6	a10	a24	0
12	0.485794776645759	a7	a14	a25	0
13	0.485813165916609	a7	a14
12	0.485829391743829	a7	a14	a25	1
13	0.485849403597401	a7	a14
12	0.485865629424621	a7	a14	a25	2
13	0.485885100417286	a7	a14
12	0.485901326244506	a7	a14	a25	3
13	0.485929451011688	a7	a14
12	0.485945676838908	a7	a14	a25	4
13	0.485965147831573	a7	a14
12	0.486050603854933	a7	a14	a25	5
13	0.486073860873949	a7	a14
12	0.486142009348274	a7	a14	a25	7
13	0.486164725506383	a7	a14
12	0.486195554578101	a7	a16	a25	8
12	0.486224761067098	a7	a14	a25	9
13	0.486232873980708	a7	a16
13	0.486253426695187	a7	a14
12	0.486284255766906	a7	a15	a25	6
12	0.486289664375979	a7	a14	a25	10
13	0.486310757951366	a7	a14
12	0.486345373049436	a7	a16	a25	11
12	0.486380529008413	a7	a14	a25	12
13	0.486386478478394	a7	a16
13	0.486396754835634	a7	a15
12	0.486451922648183	a7	a17	a25	13
13	0.486464903309959	a7	a14
13	0.486484915163531	a7	a17
12	0.486499518408029	a7	a16	a25	14
12	0.486524938870674	a7	a15	a25	15
13	0.486551441055134	a7	a16
13	0.486579565822316	a7	a15
13	0.486720189658225	a6	a10
13	0.486752641312666	a8	a52
12	0.486915981306684	a8	a52	a38	0
12	0.486970608258326	a6	a10	a26	0
12	0.487040379315373	a7	a14	a27	0
13	0.487121508451475	a7	a14
12	0.487143142887769	a7	a14	a27	1
13	0.487195606395781	a7	a14
12	0.487238875268369	a7	a14	a27	2
12	0.487255641956496	a7	a16	a27	3
13	0.487310268908138	a7	a14
12	0.487342720562579	a7	a14	a27	4
13	0.487400592679665	a7	a14
12	0.4874179002287	a7	a17	a27	5
12	0.487428717446846	a7	a15	a27	6
13	0.487434666916827	a7	a16
12	0.487469282014897	a7	a14	a27	7
12	0.48750335625206	a7	a16	a27	8
13	0.487517959496558	a7	a14
13	0.48755636062098	a7	a15
13	0.487559605786424	a7	a16
13	0.487587730553606	a7	a17
12	0.487595302606309	a7	a14	a27	9
12	0.487651011279765	a7	a15	a27	10
13	0.48765209300158	a7	a14
12	0.487661828497912	a7	a16	a27	11
12	0.487675350020595	a7	a17	a27	12
12	0.48769482101326	a7	a14	a27	13
13	0.487748366243087	a7	a16
13	0.487749988825809	a7	a15
13	0.487754315713068	a7	a17
13	0.487777572732084	a7	a14
12	0.487838690014613	a7	a16	a27	14
12	0.487851129815482	a7	a14	a27	15
13	0.487906297628031	a7	a16
13	0.487909542793476	a7	a14
13	0.488048003185756	a6	a10
13	0.488150766758151	a8	a52
12	0.488174564638074	a8	a52	a41	0
12	0.488188086160758	a6	a10	a28	0
12	0.4882427131124	a7	a14	a29	0
13	0.488260020661435	a7	a14
12	0.488277869071377	a7	a14	a29	1
13	0.488294094898597	a7	a14
12	0.488310861586725	a7	a14	a29	2
13	0.488327087413945	a7	a14
12	0.488343854102073	a7	a14	a29	3
13	0.488361161651108	a7	a14
12	0.488377387478328	a7	a14	a29	4
13	0.488394695027363	a7	a14
12	0.488411461715491	a7	a14	a29	5
13	0.488428228403619	a7	a14
12	0.488489886547056	a7	a14	a29	6
13	0.488512602705164	a7	a14
12	0.488530451115107	a7	a16	a29	7
13	0.488592109258544	a7	a16
12	0.488614284555745	a7	a14	a29	8
13	0.488638623296576	a7	a14
12	0.488659716871962	a7	a15	a29	9
12	0.488677565281904	a7	a16	a29	10
13	0.488693791109125	a7	a16
13	0.488710557797252	a7	a15
12	0.488719752432677	a7	a14	a29	11
12	0.488743009451693	a7	a17	a29	12
13	0.48875382666984	a7	a14
12	0.48877816541067	a7	a16	a29	13
13	0.488791146072447	a7	a17
13	0.488793850376983	a7	a16
12	0.488834414945034	a7	a14	a29	14
13	0.488855508520421	a7	a14
12	0.48886794832129	a7	a15	a29	15
13	0.48890851288934	a7	a15
13	0.489127020695908	a6	a10
13	0.489184351952086	a8	a52
12	0.489463977041183	a8	a52	a46	0
12	0.489837171067251	a6	a10	a30	0
12	0.48991667762063	a7	a14	a31	0
12	0.489989152982214	a7	a16	a31	1
13	0.490063791787428	a7	a14
12	0.490102733772757	a7	a14	a31	2
13	0.490269859793126	a7	a16
12	0.490369378200077	a7	a15	a31	3
13	0.491078446849606	a7	a14
13	0.491312098761578	a7	a15
13	0.491410535446715	a6	a10
12	0.491434874187546	a6	a10	a32	0
12	0.491497614052798	a7	a14	a33	0
13	0.491595509877027	a7	a14
12	0.491693405701256	a7	a14	a33	1
12	0.491732347686585	a7	a16	a33	2
13	0.491813476822687	a7	a14
12	0.491852418808015	a7	a14	a33	3
13	0.491940579135913	a7	a14
13	0.492030902907439	a7	a16
13	0.49227915806391	a6	a10
12	0.492915751351854	a6	a10	a34	0
12	0.492994176183419	a7	a14	a35	0
13	0.493141290350217	a7	a14
12	0.493147239820198	a7	a16	a35	1
12	0.493185100083712	a7	a14	a35	2
13	0.493380350871263	a7	a16
13	0.493411720803889	a7	a14
12	0.493471756364604	a7	a14	a35	3
13	0.493661598543082	a7	a14
13	0.493743809400998	a6	a10
12	0.493777883638161	a6	a10	a36	0
12	0.493839000920691	a7	a14	a37	0
13	0.49393906018855	a7	a14
12	0.493961235485751	a7	a14	a37	1
12	0.494034251708242	a7	a16	a37	2
13	0.494076979719923	a7	a14
12	0.494143505611526	a7	a14	a37	3
13	0.494190019649557	a7	a16
13	0.494253300375717	a7	a14
13	0.494485329704968	a6	a10
12	0.494565377119254	a8	a53	a45	0
13	0.495223063982585	a8	a53
12	0.495259842524285	a8	a53	a50	0
12	0.49567414197931	a8	a54	a49	0
13	0.497623945550286	a8	a54
12	0.49764774343021	a8	a54	a48	0
13	0.498310838902614	a8	a54
12	0.498344913139776	a8	a54	a47	0
13	0.498778142726559	a8	a54
13	0.499277898204945	a8	a53
13	0.499324953103884	a8	a52
13	0.499449351112573	a8	a51
12	0.499667318058233	a8	a51	a42	0
12	0.49968624818999	a8	a52	a44	0
13	0.503533932684838	a8	a52
12	0.5036047854637	a6	a10	a20	0
12	0.503665361885322	a7	a14	a21	0
13	0.503738918968721	a7	a14
12	0.503756226517756	a7	a14	a21	1
12	0.503956885914381	a7	a15	a21	2
12	0.503957426775288	a7	a17	a21	3
13	0.50396716227162	a7	a14
13	0.50430736378234	a7	a17
13	0.504347387489483	a7	a15
13	0.504410127354735	a6	a10
12	0.504475030663617	a8	a52	a40	0
12	0.504497746821725	a8	a53	a39	0
12	0.504575089931475	a6	a10	a22	0
12	0.504631339465839	a7	a14	a23	0
13	0.504701110522887	a7	a14
12	0.504702733105609	a7	a16	a23	1
12	0.504738970786401	a7	a14	a23	2
13	0.504820099922502	a7	a14
13	0.504940171043933	a7	a16
12	0.505006156074629	a7	a16	a23	3
12	0.505103511037951	a7	a15	a23	4
12	0.505106215342487	a7	a17	a23	5
13	0.505163005737759	a7	a16
12	0.5052176326894	a7	a16	a23	6
13	0.50528902632917	a7	a17
13	0.505290648911892	a7	a16
12	0.505306874739112	a7	a16	a23	7
13	0.505316069374537	a7	a15
12	0.505370696326179	a7	a15	a23	8
12	0.505379350100696	a7	a17	a23	9
13	0.505387463014306	a7	a16
12	0.505477786785833	a7	a16	a23	10
13	0.505506452413922	a7	a15
13	0.505510238440274	a7	a17
12	0.50556811055736	a7	a17	a23	11
13	0.505571355722804	a7	a16
12	0.505577305192784	a7	a15	a23	12
12	0.505648157971646	a7	a16	a23	13
13	0.505713602141435	a7	a17
13	0.505715224724157	a7	a15
13	0.505761738762189	a7	a16
12	0.50578391405939	a7	a15	a23	14
12	0.505833132401958	a7	a17	a23	15
13	0.505955907827925	a7	a15
13	0.505987277760551	a7	a17
13	0.506083551002059	a6	a10
12	0.506206867288933	a6	a10	a22	0
12	0.506266902849648	a7	a14	a23	0
13	0.506331265297622	a7	a14
12	0.506350195429379	a7	a14	a23	1
12	0.506421048208241	a7	a16	a23	2
13	0.506425915956408	a7	a14
12	0.506488114960752	a7	a14	a23	3
13	0.506564376348688	a7	a16
13	0.506576816149557	a7	a14
12	0.506634147405735	a7	a16	a23	5
12	0.506666058199268	a7	a14	a23	6
13	0.506709867932763	a7	a16
12	0.506716899124559	a7	a17	a23	4
13	0.506759086275332	a7	a14
12	0.506766117467127	a7	a16	a23	7
12	0.50679802826066	a7	a14	a23	8
13	0.506839133689619	a7	a17
12	0.506864554152264	a7	a15	a23	9
13	0.506871044483152	a7	a16
13	0.506874830509503	a7	a14
12	0.506945142427458	a7	a17	a23	10
12	0.506962449976493	a7	a16	a23	11
13	0.506972185472825	a7	a15
12	0.506980298386435	a7	a14	a23	12
12	0.507047905999853	a7	a15	a23	13
13	0.507061968383444	a7	a17
13	0.50707711248885	a7	a16
13	0.507103073812403	a7	a14
12	0.507125789970511	a7	a17	a23	14
12	0.507169599704006	a7	a16	a23	15
13	0.507209623411149	a7	a15
13	0.507240452482868	a7	a17
13	0.507318877314433	a7	a16
13	0.507461664593972	a6	a10
13	0.507508178632003	a8	a53
12	0.507533599094649	a6	a10	a24	0
12	0.507581735715402	a7	a14	a25	0
13	0.507599043264437	a7	a14
12	0.507621759422546	a7	a14	a25	1
13	0.507643393858839	a7	a14
12	0.507660160546967	a7	a14	a25	2
13	0.507679631539632	a7	a14
12	0.507695857366852	a7	a14	a25	3
13	0.507716950942238	a7	a14
12	0.507733176769459	a7	a14	a25	4
13	0.507759678953919	a7	a14
12	0.507775904781139	a7	a14	a25	5
13	0.507796998356525	a7	a14
12	0.507813765044653	a7	a14	a25	6
13	0.50783269517641	a7	a14
12	0.50784892100363	a7	a14	a25	7
13	0.50787758663172	a7	a14
12	0.507895435041662	a7	a14	a25	8
13	0.507924641530659	a7	a14
12	0.507968451264153	a7	a14	a25	9
13	0.50800793411039	a7	a14
12	0.508053907287514	a7	a15	a25	10
12	0.508069051392919	a7	a14	a25	11
13	0.508113401987322	a7	a14
12	0.508124219205469	a7	a17	a25	12
12	0.508169110660778	a7	a16	a25	13
13	0.508182091322554	a7	a17
13	0.508183713905277	a7	a15
12	0.508184795627091	a7	a14	a25	14
13	0.508206970924292	a7	a14
13	0.50823185052603	a7	a16
12	0.508272955954988	a7	a15	a25	15
13	0.508344890455665	a7	a15
13	0.508478483099779	a6	a10
13	0.508509853032405	a8	a52
12	0.508672111304608	a8	a52	a38	0
12	0.508712135011752	a6	a10	a26	0
12	0.508790018982409	a7	a14	a27	0
13	0.50887547500577	a7	a14
12	0.508932265401041	a7	a14	a27	1
13	0.508982565465424	a7	a14
12	0.509006904206254	a7	a16	a27	2
12	0.509025834338012	a7	a14	a27	3
13	0.509083706455097	a7	a14
12	0.509096146255966	a7	a17	a27	4
13	0.509149691485793	a7	a16
12	0.509159426982126	a7	a15	a27	5
12	0.509170244200272	a7	a14	a27	6
13	0.509209727046509	a7	a17
13	0.509228116317358	a7	a14
12	0.509282743269	a7	a17	a27	7
12	0.509289233599888	a7	a16	a27	8
13	0.509307622870738	a7	a15
12	0.509318440088885	a7	a14	a27	9
13	0.509341156246993	a7	a16
13	0.509387129424118	a7	a17
12	0.509409304721319	a7	a15	a27	10
13	0.509414713330392	a7	a14
12	0.509423907965817	a7	a16	a27	11
13	0.509485566109254	a7	a16
12	0.509488811274698	a7	a14	a27	12
13	0.509513690876436	a7	a15
12	0.509514231737343	a7	a17	a27	13
12	0.509559123192653	a7	a15	a27	14
13	0.509562368358097	a7	a14
13	0.509597524317075	a7	a17
12	0.509616995309739	a7	a16	a27	15
13	0.509687848088601	a7	a16
13	0.509689470671323	a7	a15
13	0.509824145037252	a6	a10
13	0.509902569868817	a8	a52
12	0.509940430132331	a8	a52	a41	0
12	0.5099528699332	a6	a10	a28	0
12	0.510008578606656	a7	a14	a29	0
13	0.510025345294784	a7	a14
12	0.510045357148356	a7	a14	a29	1
13	0.510062123836483	a7	a14
12	0.510078349663704	a7	a14	a29	2
13	0.510094034630017	a7	a14
12	0.510110801318144	a7	a14	a29	3
13	0.510128108867179	a7	a14
12	0.510144875555307	a7	a14	a29	4
13	0.510162183104342	a7	a14
12	0.510235740187741	a7	a14	a29	5
13	0.510259538067664	a7	a14
12	0.510285499391216	a7	a16	a29	6
12	0.510321737072009	a7	a14	a29	7
13	0.510340126342858	a7	a14
13	0.510342830647395	a7	a16
12	0.510356893030986	a7	a14	a29	8
13	0.510373659719114	a7	a14
12	0.510416387730794	a7	a17	a29	9
12	0.510445053358883	a7	a16	a29	10
12	0.510460738325196	a7	a14	a29	11
13	0.51046398349064	a7	a17
13	0.510468851238806	a7	a16
13	0.510481291039675	a7	a14
12	0.510531050243151	a7	a17	a29	12
12	0.510582432029348	a7	a15	a29	13
13	0.510584595472978	a7	a17
12	0.510592167525681	a7	a16	a29	14
12	0.510609475074716	a7	a14	a29	15
13	0.510618128849233	a7	a16
13	0.510627864345565	a7	a14
13	0.51062894606738	a7	a15
13	0.510837718377615	a6	a10
13	0.510878282945666	a8	a52
12	0.511186573662852	a8	a52	a46	0
12	0.511557063384383	a6	a10	a30	0
12	0.511625752719616	a7	a14	a31	0
13	0.511737710927436	a7	a14
12	0.511791256157263	a7	a16	a31	1
12	0.511819380924445	a7	a14	a31	2
12	0.512058982306398	a7	a17	a31	3
13	0.51218500289781	a7	a14
13	0.512828086516642	a7	a16
13	0.512962220021663	a7	a17
13	0.513078505116742	a6	a10
12	0.513127723459311	a6	a10	a32	0
12	0.513170992331898	a7	a14	a33	0
13	0.513266183851591	a7	a14
12	0.513288359148792	a7	a14	a33	1
13	0.513378682920319	a7	a14
12	0.513379764642133	a7	a16	a33	2
12	0.513480905631807	a7	a14	a33	3
13	0.513575556290592	a7	a14
13	0.513698872577466	a7	a16
13	0.513884928729593	a6	a10
12	0.514517195130278	a6	a10	a34	0
12	0.514584261882789	a7	a14	a35	0
12	0.514739488963197	a7	a16	a35	1
13	0.514740029824104	a7	a14
12	0.514785462140321	a7	a14	a35	2
12	0.514863346110979	a7	a15	a35	3
13	0.514995316172371	a7	a16
13	0.515001265642351	a7	a14
13	0.515294412254132	a7	a15
13	0.515369591920253	a6	a10
12	0.515403125296508	a6	a10	a36	0
12	0.515466406022667	a7	a14	a37	0
12	0.515532931914271	a7	a16	a37	1
13	0.515575119065044	a7	a14
12	0.515636236347574	a7	a14	a37	2
13	0.515829323691495	a7	a14
13	0.515901258192172	a7	a16
12	0.516009430373641	a7	a17	a37	3
13	0.516524329957433	a7	a17
13	0.517019217687653	a6	a10
12	0.51711765437279	a8	a53	a45	0
13	0.51860231756345	a8	a53
12	0.51863693266152	a8	a53	a50	0
12	0.519324907735662	a8	a54	a49	0
13	0.521248209122178	a8	a54
12	0.521281742498433	a8	a54	a48	0
13	0.521958359493521	a8	a54
12	0.523065501770855	a8	a54	a47	0
13	0.523507385132155	a8	a54
13	0.524014171802337	a8	a53
13	0.524055277231295	a8	a52
13	0.524195360206297	a8	a51
12	0.524405755099254	a8	a51	a42	0
12	0.524424144370104	a8	a52	a44	0
13	0.528026818873924	a8	a52
12	0.528107407149118	a6	a10	a20	0
12	0.528164738405297	a7	a14	a21	0
13	0.528206384695162	a7	a14
12	0.528243704097769	a7	a14	a21	1
13	0.52842489250173	a7	a14
12	0.52847573342702	a7	a15	a21	2
12	0.528589855078469	a7	a14	a21	3
13	0.528705599312641	a7	a15
13	0.528790514475094	a7	a14
13	0.528977111488128	a6	a10
12	0.529043096518824	a8	a52	a40	0
12	0.529060944928766	a8	a53	a39	0
12	0.529130175124906	a6	a10	a22	0
12	0.529189128963807	a7	a14	a23	0
13	0.529254032272688	a7	a14
12	0.529296760284368	a7	a14	a23	1
13	0.529378430281377	a7	a14
12	0.529474162661977	a7	a14	a23	3
12	0.529490929350105	a7	a16	a23	4
12	0.52949201107192	a7	a17	a23	2
13	0.529560159546245	a7	a14
12	0.529580171399817	a7	a14	a23	5
12	0.529661841396826	a7	a15	a23	6
13	0.529671576893158	a7	a14
13	0.529682934972212	a7	a16
13	0.529719713513912	a7	a17
12	0.529754328611982	a7	a14	a23	7
12	0.529793811458218	a7	a16	a23	8
13	0.529805710398179	a7	a15
12	0.52983004913901	a7	a17	a23	9
13	0.529849520131674	a7	a14
12	0.529863582515265	a7	a15	a23	10
13	0.529889543838818	a7	a16
12	0.529946334234089	a7	a14	a23	11
12	0.529960937478587	a7	a16	a23	12
13	0.530007451516619	a7	a15
13	0.530030167674727	a7	a17
13	0.530038821449245	a7	a14
13	0.530065864494612	a7	a16
12	0.530114001115366	a7	a15	a23	13
12	0.530139421578011	a7	a14	a23	14
12	0.530164842040656	a7	a17	a23	15
13	0.530229745349537	a7	a14
13	0.530297893823863	a7	a15
13	0.53029843468477	a7	a17
13	0.530421210110737	a6	a10
12	0.530523973683133	a6	a10	a22	0
12	0.53058563182657	a7	a14	a23	0
13	0.530652698579081	a7	a14
12	0.53067325129356	a7	a14	a23	1
13	0.53075059440331	a7	a14
12	0.530794944997712	a7	a14	a23	2
12	0.530836591287578	a7	a16	a23	3
13	0.530866338637482	a7	a14
12	0.530886891351961	a7	a14	a23	4
13	0.530960448435359	a7	a14
12	0.530978296845302	a7	a14	a23	5
13	0.530994522672522	a7	a16
12	0.531049149624164	a7	a16	a23	6
13	0.531052394789608	a7	a14
12	0.531087550748585	a7	a14	a23	7
13	0.531122706707563	a7	a16
13	0.531161648692892	a7	a14
12	0.531178956241927	a7	a17	a23	8
12	0.531198968095498	a7	a16	a23	9
12	0.531273066039805	a7	a14	a23	10
13	0.531279556370693	a7	a16
13	0.531313630607855	a7	a17
12	0.531321202660558	a7	a15	a23	11
13	0.531354195175906	a7	a14
12	0.531366094115868	a7	a16	a23	12
12	0.531421261928417	a7	a17	a23	13
12	0.531434783451101	a7	a14	a23	14
13	0.531458581331024	a7	a16
13	0.531476429740966	a7	a15
13	0.53152456636172	a7	a14
12	0.531537547023496	a7	a15	a23	15
13	0.531552691128902	a7	a17
13	0.531777689266357	a7	a15
13	0.531853409793385	a6	a10
13	0.531897760387787	a8	a53
12	0.531914527075915	a6	a10	a24	0
12	0.531971858332093	a7	a14	a25	0
13	0.531991870185665	a7	a14
12	0.532008096012885	a7	a14	a25	1
13	0.53202756700555	a7	a14
12	0.53204379283277	a7	a14	a25	2
13	0.532062722964527	a7	a14
12	0.532185498390494	a7	a16	a25	3
13	0.532290425406519	a7	a16
12	0.532339643749087	a7	a16	a25	5
13	0.53238994381347	a7	a16
12	0.532393188978915	a7	a17	a25	4
12	0.532407251362506	a7	a16	a25	6
13	0.532432130964243	a7	a16
12	0.532458633148703	a7	a16	a25	7
13	0.532465123479591	a7	a17
13	0.532492166524959	a7	a16
12	0.532533812814824	a7	a17	a25	8
12	0.532544630032971	a7	a16	a25	9
13	0.532587358044651	a7	a16
12	0.532593307514632	a7	a15	a25	10
13	0.53261602367274	a7	a17
13	0.532636035526312	a7	a15
12	0.532654424797162	a7	a16	a25	11
12	0.532686335590695	a7	a15	a25	12
12	0.532696071087027	a7	a17	a25	13
13	0.532702561417915	a7	a16
13	0.532716082940599	a7	a15
13	0.53274637115141	a7	a17
12	0.532764219561353	a7	a15	a25	14
12	0.53278314969311	a7	a16	a25	15
13	0.532812356182106	a7	a16
13	0.53281560134755	a7	a15
13	0.533097930741184	a6	a10
13	0.533127137230181	a8	a52
12	0.533247749212519	a8	a52	a38	0
12	0.533283986893311	a6	a10	a26	0
12	0.533397026822946	a7	a14	a27	0
13	0.533474369932696	a7	a14
12	0.533516016222561	a7	a14	a27	1
12	0.533553335625168	a7	a16	a27	2
13	0.533566857147852	a7	a14
12	0.533612289464069	a7	a14	a27	3
13	0.533704776679224	a7	a14
12	0.533717757341001	a7	a15	a27	4
13	0.533718839062815	a7	a16
12	0.53378103806716	a7	a14	a27	5
12	0.533808621973435	a7	a16	a27	6
13	0.533855136011466	a7	a14
13	0.533879474752297	a7	a16
12	0.533888669387722	a7	a14	a27	7
13	0.533937346869383	a7	a14
12	0.533944918922085	a7	a16	a27	8
13	0.533966553358379	a7	a15
12	0.533978452298341	a7	a14	a27	9
13	0.533995759847376	a7	a16
13	0.534035783554519	a7	a14
12	0.534075807261663	a7	a16	a27	10
12	0.534123403021509	a7	a15	a27	11
13	0.534125566465138	a7	a16
12	0.534138006266007	a7	a14	a27	12
13	0.534187224608576	a7	a14
12	0.534199664409445	a7	a17	a27	13
12	0.53421480851485	a7	a16	a27	14
13	0.534222380567553	a7	a15
13	0.534262945135604	a7	a16
12	0.534268894605585	a7	a14	a27	15
13	0.534294855929137	a7	a17
13	0.534350023741686	a7	a14
13	0.534542029363793	a6	a10
13	0.534630730552598	a8	a52
12	0.53466696823339	a8	a52	a41	0
12	0.534679408034259	a6	a10	a28	0
12	0.534742688760418	a7	a14	a29	0
13	0.534759455448546	a7	a14
12	0.534777303858488	a7	a14	a29	1
13	0.534793529685709	a7	a14
12	0.534810296373836	a7	a14	a29	2
13	0.534827063061964	a7	a14
12	0.534915223389861	a7	a16	a29	3
12	0.534939562130691	a7	a14	a29	4
13	0.534957410540634	a7	a14
13	0.53497255464604	a7	a16
12	0.53498066755965	a7	a14	a29	5
13	0.535003924578666	a7	a14
12	0.535073695635713	a7	a14	a29	6
12	0.535095870932914	a7	a16	a29	7
13	0.535107769872876	a7	a14
13	0.535113178481949	a7	a16
12	0.535173214042664	a7	a16	a29	8
13	0.53518835814807	a7	a16
12	0.535217564637066	a7	a14	a29	9
13	0.535235413047009	a7	a14
12	0.535305724964964	a7	a16	a29	10
13	0.535321950792184	a7	a16
12	0.535324655096721	a7	a17	a29	11
12	0.535347912115737	a7	a14	a29	12
13	0.535365219664771	a7	a14
12	0.535368464830216	a7	a15	a29	13
13	0.535380363770177	a7	a17
12	0.535403620789193	a7	a17	a29	14
13	0.535423632642765	a7	a15
12	0.535426877808209	a7	a16	a29	15
13	0.535447971383595	a7	a16
13	0.535449593966317	a7	a17
13	0.535635109257536	a6	a10
13	0.535688654487363	a8	a52
12	0.535988291430032	a8	a52	a46	0
12	0.536357158568841	a6	a10	a30	0
12	0.536435042539498	a7	a14	a31	0
13	0.53655078677367	a7	a14
12	0.536603250281683	a7	a16	a31	1
12	0.53662812988342	a7	a14	a31	2
13	0.536737924647611	a7	a14
12	0.536914786164313	a7	a17	a31	3
13	0.537595730046659	a7	a16
13	0.53778503136423	a7	a17
13	0.537878059440293	a6	a10
12	0.53793160467012	a6	a10	a32	0
12	0.537978118708152	a7	a14	a33	0
13	0.538068442479678	a7	a14
12	0.538085750028713	a7	a14	a33	1
13	0.538172828634796	a7	a14
12	0.538178237243869	a7	a16	a33	2
12	0.538255039492712	a7	a14	a33	3
13	0.538349690151497	a7	a14
13	0.538516275310959	a7	a16
13	0.538631478684224	a6	a10
12	0.539195055749676	a6	a10	a34	0
12	0.539248600979504	a7	a14	a35	0
13	0.539452505541572	a7	a14
12	0.539509295936843	a7	a14	a35	1
12	0.539580148715706	a7	a16	a35	2
13	0.539689943479897	a7	a14
12	0.539797574800458	a7	a14	a35	3
13	0.539877622214745	a7	a16
13	0.540047452539651	a7	a14
13	0.540136153728456	a6	a10
12	0.540167523661081	a6	a10	a36	0
12	0.540221609751816	a7	a14	a37	0
13	0.54032058729786	a7	a14
12	0.54034492603869	a7	a14	a37	1
12	0.54043470894931	a7	a16	a37	2
13	0.540479059543712	a7	a14
12	0.54054666715713	a7	a14	a37	3
13	0.540691077019391	a7	a14
13	0.540714334038407	a7	a16
13	0.540902553634162	a6	a10
12	0.540997745153855	a8	a53	a45	0
13	0.554512236645667	a8	a53
12	0.554549015187366	a8	a53	a50	0
12	0.555150993377241	a8	a54	a49	0
13	0.556961795695029	a8	a54
12	0.556986675296767	a8	a54	a48	0
13	0.557642739577376	a8	a54
12	0.55766437401367	a8	a54	a47	0
13	0.558087327243213	a8	a54
13	0.558633596759631	a8	a53
13	0.558672538744959	a8	a52
13	0.558789364700946	a8	a51
12	0.55901652628203	a8	a51	a42	0
12	0.559035997274695	a8	a52	a44	0
13	0.562617578203129	a8	a52
12	0.5626743685984	a6	a10	a20	0
12	0.562731699854578	a7	a14	a21	0
13	0.562774427866258	a7	a14
12	0.562798225746182	a7	a14	a21	1
13	0.562836086009696	a7	a14
12	0.562882600047727	a7	a14	a21	2
12	0.562981036732864	a7	a17	a21	3
13	0.563107057324275	a7	a14
13	0.563375865195225	a7	a17
13	0.563471597575825	a6	a10
12	0.563532173997448	a8	a52	a40	0
12	0.56355002240739	a8	a53	a39	0
12	0.56362141604716	a6	a10	a22	0
12	0.563683615051504	a7	a14	a23	0
13	0.563756090413088	a7	a14
12	0.563771234518494	a7	a14	a23	1
13	0.563857231402762	a7	a14
12	0.563872916369075	a7	a14	a23	2
13	0.563943769147937	a7	a14
12	0.563964321862416	a7	a14	a23	3
13	0.564036797224	a7	a14
12	0.564039501528537	a7	a16	a23	4
12	0.564071953182977	a7	a14	a23	5
13	0.564143887683654	a7	a14
12	0.564149296292728	a7	a15	a23	6
12	0.564149837153635	a7	a17	a23	7
12	0.5641914834435	a7	a14	a23	8
13	0.56428126635412	a7	a14
12	0.56429749218134	a7	a14	a23	9
13	0.564305064234043	a7	a16
13	0.564369967542924	a7	a14
12	0.564375917012905	a7	a16	a23	10
13	0.564377539595627	a7	a15
13	0.564394306283755	a7	a17
13	0.564443524626323	a7	a16
12	0.564447851513582	a7	a14	a23	11
12	0.564462995618987	a7	a17	a23	12
12	0.564517081709722	a7	a15	a23	13
12	0.564547369920533	a7	a16	a23	14
13	0.564569545217734	a7	a14
13	0.564606864620341	a7	a17
13	0.564642561440226	a7	a16
12	0.564661491571983	a7	a14	a23	15
13	0.56467825826011	a7	a15
13	0.564769663753452	a7	a14
13	0.564935167191099	a6	a10
12	0.565043339372568	a6	a10	a22	0
12	0.565097425463302	a7	a14	a23	0
13	0.56515692016311	a7	a14
12	0.56517530943396	a7	a14	a23	1
13	0.565249948239173	a7	a14
12	0.565265092344579	a7	a14	a23	2
13	0.565333781679812	a7	a14
12	0.565351089228847	a7	a14	a23	3
13	0.565423564590431	a7	a14
12	0.565431136643134	a7	a16	a23	4
12	0.565458179688501	a7	a14	a23	5
13	0.565551207764564	a7	a16
13	0.565553371208193	a7	a14
12	0.565597180941688	a7	a14	a23	6
12	0.565631255178851	a7	a16	a23	7
13	0.565672360607809	a7	a14
12	0.565693995044103	a7	a17	a23	8
12	0.56573131444671	a7	a15	a23	9
13	0.565741049943042	a7	a16
12	0.565766470405687	a7	a14	a23	10
12	0.565825424244588	a7	a16	a23	11
13	0.565853008150862	a7	a14
13	0.565858416759936	a7	a17
12	0.56588816410984	a7	a14	a23	12
13	0.565892490997098	a7	a15
13	0.565931432982427	a7	a16
12	0.565962262054146	a7	a15	a23	13
13	0.565971456689571	a7	a14
12	0.56599200940405	a7	a17	a23	14
12	0.566026083641212	a7	a16	a23	15
13	0.566091527811001	a7	a15
13	0.566114784830017	a7	a17
13	0.566155890258975	a7	a16
13	0.566287860320367	a6	a10
13	0.56633004747114	a8	a53
12	0.566346814159267	a6	a10	a24	0
12	0.56640739058089	a7	a14	a25	0
13	0.566424698129925	a7	a14
12	0.566440923957145	a7	a14	a25	1
13	0.566460935810717	a7	a14
12	0.566477161637937	a7	a14	a25	2
13	0.566502582100583	a7	a14
12	0.566518807927803	a7	a14	a25	3
13	0.566539360642282	a7	a14
12	0.566559913356761	a7	a14	a25	4
13	0.56658046607124	a7	a14
12	0.566596691898461	a7	a14	a25	5
13	0.566616162891125	a7	a14
12	0.566632388718345	a7	a14	a25	6
13	0.566650777989195	a7	a14
12	0.566667544677323	a7	a14	a25	7
13	0.566695669444505	a7	a14
12	0.566711895271725	a7	a14	a25	8
13	0.566738397456185	a7	a14
12	0.566796810434178	a7	a14	a25	9
13	0.566840079306765	a7	a14
12	0.566863336325781	a7	a16	a25	10
12	0.566914718111979	a7	a17	a25	11
13	0.56691850413833	a7	a16
12	0.566932025661014	a7	a14	a25	12
13	0.5669531192364	a7	a14
12	0.566986111751749	a7	a15	a25	13
13	0.566998551552617	a7	a17
13	0.567040197842483	a7	a15
12	0.567049933338815	a7	a17	a25	14
12	0.567065077444221	a7	a14	a25	15
13	0.567102396846828	a7	a17
13	0.567115918369511	a7	a14
13	0.567327394984283	a6	a10
13	0.567358764916909	a8	a52
12	0.567516155440946	a8	a52	a38	0
12	0.567557260869904	a6	a10	a26	0
12	0.567617837291527	a7	a14	a27	0
13	0.567662728746836	a7	a14
12	0.567726550333903	a7	a16	a27	1
12	0.567748725631104	a7	a14	a27	2
13	0.567805516026375	a7	a14
12	0.567821200992688	a7	a14	a27	3
13	0.567869878474349	a7	a14
12	0.567890972049735	a7	a14	a27	4
13	0.567915310790566	a7	a16
13	0.567948844166821	a7	a14
12	0.568002930257556	a7	a16	a27	5
12	0.568027809859294	a7	a14	a27	6
12	0.568063506679178	a7	a17	a27	7
13	0.568063506679178	a7	a16
12	0.568067833566437	a7	a15	a27	8
13	0.568085141115472	a7	a14
12	0.56813435945804	a7	a16	a27	9
13	0.568191690714219	a7	a16
13	0.568211161706883	a7	a17
12	0.568223060646845	a7	a16	a27	10
13	0.56822414236866	a7	a15
13	0.568269574684876	a7	a16
12	0.5682933725648	a7	a17	a27	11
12	0.568323119914704	a7	a15	a27	12
12	0.568342050046461	a7	a16	a27	13
13	0.568399381302639	a7	a15
13	0.568401544746268	a7	a17
13	0.56842372004347	a7	a16
12	0.568462121167891	a7	a16	a27	14
12	0.568494572822332	a7	a15	a27	15
13	0.568547036330344	a7	a16
13	0.568573538514804	a7	a15
13	0.569200396306416	a6	a10
13	0.569305323322441	a8	a52
12	0.569343724446862	a8	a52	a41	0
12	0.569356164247731	a6	a10	a28	0
12	0.569420526695705	a7	a14	a29	0
13	0.569436752522925	a7	a14
12	0.569452978350146	a7	a14	a29	1
13	0.569468663316459	a7	a14
12	0.569489756891845	a7	a14	a29	2
13	0.569506523579973	a7	a14
12	0.569522749407193	a7	a14	a29	3
13	0.569538434373506	a7	a14
12	0.569556823644356	a7	a14	a29	4
13	0.569573049471576	a7	a14
12	0.56963741191955	a7	a14	a29	5
13	0.569655260329493	a7	a14
12	0.569703396950246	a7	a16	a29	6
12	0.569722867942911	a7	a14	a29	7
13	0.569739093770131	a7	a14
13	0.569772086285479	a7	a16
12	0.569773168007294	a7	a14	a29	8
13	0.569789934695421	a7	a14
12	0.569826713237121	a7	a14	a29	9
13	0.569843479925248	a7	a14
12	0.569849429395229	a7	a16	a29	10
13	0.569865655222449	a7	a16
12	0.569886748797836	a7	a14	a29	11
13	0.569911087538666	a7	a14
12	0.56991649614774	a7	a17	a29	12
12	0.569952733828532	a7	a16	a29	13
13	0.569965714490308	a7	a17
13	0.569970582238474	a7	a16
12	0.569999247866564	a7	a14	a29	14
13	0.570016014554691	a7	a14
12	0.570070641506333	a7	a17	a29	15
13	0.570114992100735	a7	a17
13	0.570266974015699	a6	a10
13	0.570302670835584	a8	a52
12	0.570575805593793	a8	a52	a46	0
12	0.570992268492448	a6	a10	a30	0
12	0.571113421335693	a7	a14	a31	0
13	0.571228624708957	a7	a14
12	0.571249177423436	a7	a14	a31	1
13	0.571391423842068	a7	a14
12	0.571407649669288	a7	a14	a31	2
13	0.571543405757032	a7	a14
12	0.571605604761376	a7	a16	a31	3
13	0.571817081376148	a7	a16
13	0.571927957862153	a6	a10
12	0.571955541768428	a6	a10	a32	0
12	0.572026935408197	a7	a14	a33	0
13	0.57211401401428	a7	a14
12	0.5721302398415	a7	a14	a33	1
13	0.57221569586486	a7	a14
12	0.572231921692081	a7	a14	a33	2
13	0.572317918576349	a7	a14
12	0.572376872415249	a7	a16	a33	3
13	0.572671100748844	a7	a16
13	0.572781436373943	a6	a10
12	0.573302826288623	a6	a10	a34	0
12	0.573370974762948	a7	a14	a35	0
13	0.573503485685247	a7	a14
12	0.573532692174244	a7	a14	a35	1
12	0.573640864355713	a7	a16	a35	2
13	0.573767966668939	a7	a14
12	0.573781488191622	a7	a15	a35	3
13	0.573912917392107	a7	a16
13	0.574076257386125	a7	a15
13	0.574304500689024	a6	a10
12	0.57433803406528	a6	a10	a36	0
12	0.574458646047617	a7	a14	a37	0
12	0.574497588032946	a7	a16	a37	1
13	0.574574390281789	a7	a14
12	0.574603596770786	a7	a14	a37	2
13	0.574713932395884	a7	a14
12	0.574733944249456	a7	a14	a37	3
13	0.57483887126548	a7	a16
13	0.574912969209787	a7	a14
13	0.57499788437224	a6	a10
12	0.575086585561044	a8	a53	a45	0
13	0.575908694140207	a8	a53
12	0.575943850099185	a8	a53	a50	0
12	0.576347873196971	a8	a54	a49	0
13	0.578200321804625	a8	a54
12	0.578234396041788	a8	a54	a48	0
13	0.57888775601786	a8	a54
12	0.578905604427802	a8	a54	a47	0
13	0.579325853352809	a8	a54
13	0.579796943203105	a8	a53
13	0.579841834658415	a8	a52
13	0.579954333727143	a8	a51
12	0.579986244520676	a8	a51	a46	0
12	0.580731550850996	a6	a10	a30	0
12	0.58078996382899	a7	a14	a31	0
12	0.580871092965091	a7	a16	a31	1
13	0.580903544619532	a7	a14
12	0.580945190909397	a7	a14	a31	2
12	0.581177761099555	a7	a15	a31	3
13	0.581473071154965	a7	a14
13	0.581967418024278	a7	a16
13	0.582117236495613	a7	a15
13	0.582247043113375	a6	a10
12	0.582269218410576	a6	a10	a32	0
12	0.58237035940025	a7	a14	a33	0
13	0.582457438006332	a7	a14
12	0.582473122972645	a7	a14	a33	1
13	0.582559119856913	a7	a14
12	0.582608879060388	a7	a14	a33	2
12	0.582667832899289	a7	a16	a33	3
13	0.58269000819649	a7	a14
13	0.582995053748232	a7	a16
13	0.583111879704219	a6	a10
12	0.58402809808126	a6	a10	a34	0
12	0.584112472382806	a7	a14	a35	0
12	0.584216317677016	a7	a15	a35	1
13	0.584275271515916	a7	a14
12	0.58433963396389	a7	a14	a35	2
12	0.584425089987251	a7	a16	a35	3
13	0.584566795544975	a7	a14
13	0.584666313951926	a7	a16
13	0.584800988317855	a7	a15
13	0.584917814273841	a6	a10
12	0.584939989571042	a6	a10	a36	0
12	0.584998402549036	a7	a14	a37	0
13	0.585096839234172	a7	a14
12	0.5851136059223	a7	a14	a37	1
13	0.5852093383029	a7	a14
12	0.585294253465353	a7	a14	a37	2
12	0.585308315848944	a7	a16	a37	3
13	0.58540891597771	a7	a14
13	0.585476523591128	a7	a16
13	0.58577345622926	a6	a10
12	0.585832950929068	a8	a52	a45	0
13	0.586575012093944	a8	a52
12	0.586600432556589	a8	a52	a50	0
12	0.719223313063762	a8	a53	a49	0
13	0.721279666233485	a8	a53
12	0.721320230801536	a8	a53	a48	0
13	0.722187230836009	a8	a53
12	0.722210487855025	a8	a53	a47	0
13	0.722674546513526	a8	a53
13	0.723224602056295	a8	a52
13	0.723379288275796	a8	a51
