%EventDef PajeDefineContainerType 0 
%       Alias string 
%       Type string 
%       Name string 
%EndEventDef 
%EventDef PajeDefineVariableType 1 
%       Alias string 
%       Type string 
%       Name string 
%       Color color 
%EndEventDef 
%EventDef PajeDefineStateType 2 
%       Alias string 
%       Type string 
%       Name string 
%EndEventDef 
%EventDef PajeDefineEventType 3 
%       Alias string 
%       Type string 
%       Name string 
%       Color color 
%EndEventDef 
%EventDef PajeDefineLinkType 4 
%       Alias string 
%       Type string 
%       StartContainerType string 
%       EndContainerType string 
%       Name string 
%EndEventDef 
%EventDef PajeDefineEntityValue 5 
%       Alias string 
%       Type string 
%       Name string 
%       Color color 
%EndEventDef 
%EventDef PajeCreateContainer 6 
%       Time date 
%       Alias string 
%       Type string 
%       Container string 
%       Name string 
%EndEventDef 
%EventDef PajeDestroyContainer 7 
%       Time date 
%       Type string 
%       Name string 
%EndEventDef 
%EventDef PajeSetVariable 8 
%       Time date 
%       Type string 
%       Container string 
%       Value double 
%EndEventDef
%EventDef PajeAddVariable 9 
%       Time date 
%       Type string 
%       Container string 
%       Value double 
%EndEventDef
%EventDef PajeSubVariable 10 
%       Time date 
%       Type string 
%       Container string 
%       Value double 
%EndEventDef
%EventDef PajeSetState 11 
%       Time date 
%       Type string 
%       Container string 
%       Value string 
%EndEventDef
%EventDef PajePushState 12 
%       Time date 
%       Type string 
%       Container string 
%       Value string 
%       Id string 
%EndEventDef
%EventDef PajePopState 13 
%       Time date 
%       Type string 
%       Container string 
%EndEventDef
%EventDef PajeResetState 14 
%       Time date 
%       Type string 
%       Container string 
%EndEventDef
%EventDef PajeStartLink 15 
%       Time date 
%       Type string 
%       Container string 
%       Value string 
%       StartContainer string 
%       Key string 
%EndEventDef
%EventDef PajeEndLink 16 
%       Time date 
%       Type string 
%       Container string 
%       Value string 
%       EndContainer string 
%       Key string 
%EndEventDef
%EventDef PajeNewEvent 17 
%       Time date 
%       Type string 
%       Container string 
%       Value string 
%EndEventDef
0	a1	0	"Task Manager"
0	a2	a1	"Node"
0	a3	a1	"Thread"
0	a4	a1	"Jobs"
0	a5	a1	"Memory usage"
2	a6	a4	"Job"
2	a7	a3	"Task"
2	a8	a3	"Timer state"
6	0	a9	a1	0	"The task manager"
6	0	a10	a4	a9	"Jobs"
6	0	a11	a5	a9	"Memory"
1	a12	a1	"Memory [MB]"	"1.0 1.0 1.0"
6	0	a13	a2	a9	"Node 0"
6	0	a14	a3	a13	"Thread 0"
6	0	a15	a3	a13	"Thread 1"
6	0	a16	a3	a13	"Thread 2"
6	0	a17	a3	a13	"Thread 3"
5	a18	a6	"ngcore::ParallelFor<int,ngcore::EnterTaskManager()::{lambda(int)#1}>(ngcore::T_Range<int>,ngcore::EnterTaskManager()::{lambda(int)#1},int,ngcore::TotalCosts)::{lambda(ngcore::TaskInfo&)#1}"	"0.630615054310908 1 0"
5	a19	a7	"ngcore::ParallelFor<int,ngcore::EnterTaskManager()::{lambda(int)#1}>(ngcore::T_Range<int>,ngcore::EnterTaskManager()::{lambda(int)#1},int,ngcore::TotalCosts)::{lambda(ngcore::TaskInfo&)#1}"	"0.630615054310908 1 0"
5	a20	a6	"ngcore::ParallelForRange<netgen::ElementIndex,netgen::MeshOptimize3d::SwapImprove(netgen::Mesh&,netgen::OPTIMIZEGOAL,netgen::NgBitArray const*)::{lambda(auto:1)#1}>(ngcore::T_Range<netgen::ElementIndex>,netgen::MeshOptimize3d::SwapImprove(netgen::Mesh&,netgen::OPTIMIZEGOAL,netgen::NgBitArray const*)::{lambda(auto:1)#1},int,ngcore::TotalCosts)::{lambda(ngcore::TaskInfo&)#1}"	"0.708022642579866 0 1"
5	a21	a7	"ngcore::ParallelForRange<netgen::ElementIndex,netgen::MeshOptimize3d::SwapImprove(netgen::Mesh&,netgen::OPTIMIZEGOAL,netgen::NgBitArray const*)::{lambda(auto:1)#1}>(ngcore::T_Range<netgen::ElementIndex>,netgen::MeshOptimize3d::SwapImprove(netgen::Mesh&,netgen::OPTIMIZEGOAL,netgen::NgBitArray const*)::{lambda(auto:1)#1},int,ngcore::TotalCosts)::{lambda(ngcore::TaskInfo&)#1}"	"0.708022642579866 0 1"
5	a22	a6	"ngcore::ParallelForRange<netgen::ElementIndex,ngcore::CreateTable<netgen::ElementIndex,netgen::PointIndex,ngcore::T_Range<netgen::ElementIndex>,netgen::Mesh::CreatePoint2ElementTable(std::optional<ngcore::BitArray>)const::{lambda(auto:1&,netgen::ElementIndex)#1}>(ngcore::T_Range<netgen::ElementIndex>const&,netgen::Mesh::CreatePoint2ElementTable(std::optional<ngcore::BitArray>)const::{lambda(auto:1&,netgen::ElementIndex)#1}const&,std::optional<unsigned long>)::{lambda(auto:1)#1}>(ngcore::T_Range<netgen::ElementIndex>,ngcore::Table,int,ngcore::TotalCosts)::{lambda(ngcore::TaskInfo&)#1}"	"0 0.230008221284954 1"
5	a23	a7	"ngcore::ParallelForRange<netgen::ElementIndex,ngcore::CreateTable<netgen::ElementIndex,netgen::PointIndex,ngcore::T_Range<netgen::ElementIndex>,netgen::Mesh::CreatePoint2ElementTable(std::optional<ngcore::BitArray>)const::{lambda(auto:1&,netgen::ElementIndex)#1}>(ngcore::T_Range<netgen::ElementIndex>const&,netgen::Mesh::CreatePoint2ElementTable(std::optional<ngcore::BitArray>)const::{lambda(auto:1&,netgen::ElementIndex)#1}const&,std::optional<unsigned long>)::{lambda(auto:1)#1}>(ngcore::T_Range<netgen::ElementIndex>,ngcore::Table,int,ngcore::TotalCosts)::{lambda(ngcore::TaskInfo&)#1}"	"0 0.230008221284954 1"
5	a24	a6	"ngcore::TablePrefixSum2<unsigned int>(ngcore::FlatArray<unsigned int,unsigned long>)::{lambda(ngcore::TaskInfo)#1}"	"0 0.312895337658212 1"
5	a25	a7	"ngcore::TablePrefixSum2<unsigned int>(ngcore::FlatArray<unsigned int,unsigned long>)::{lambda(ngcore::TaskInfo)#1}"	"0 0.312895337658212 1"
5	a26	a6	"ngcore::TablePrefixSum2<unsigned int>(ngcore::FlatArray<unsigned int,unsigned long>)::{lambda(ngcore::TaskInfo)#2}"	"0 1 0.887517304832004"
5	a27	a7	"ngcore::TablePrefixSum2<unsigned int>(ngcore::FlatArray<unsigned int,unsigned long>)::{lambda(ngcore::TaskInfo)#2}"	"0 1 0.887517304832004"
5	a28	a6	"ngcore::ParallelForRange<netgen::PointIndex,ngcore::CreateSortedTable<netgen::ElementIndex,netgen::PointIndex,ngcore::T_Range<netgen::ElementIndex>,netgen::Mesh::CreatePoint2ElementTable(std::optional<ngcore::BitArray>)const::{lambda(auto:1&,netgen::ElementIndex)#1}>(ngcore::T_Range<netgen::ElementIndex>const&,netgen::Mesh::CreatePoint2ElementTable(std::optional<ngcore::BitArray>)const::{lambda(auto:1&,netgen::ElementIndex)#1}const&,std::optional<unsigned long>)::{lambda(auto:1)#1}>(ngcore::T_Range<netgen::PointIndex>,ngcore::Table,int,ngcore::TotalCosts)::{lambda(ngcore::TaskInfo&)#1}"	"0 0.170427812303051 1"
5	a29	a7	"ngcore::ParallelForRange<netgen::PointIndex,ngcore::CreateSortedTable<netgen::ElementIndex,netgen::PointIndex,ngcore::T_Range<netgen::ElementIndex>,netgen::Mesh::CreatePoint2ElementTable(std::optional<ngcore::BitArray>)const::{lambda(auto:1&,netgen::ElementIndex)#1}>(ngcore::T_Range<netgen::ElementIndex>const&,netgen::Mesh::CreatePoint2ElementTable(std::optional<ngcore::BitArray>)const::{lambda(auto:1&,netgen::ElementIndex)#1}const&,std::optional<unsigned long>)::{lambda(auto:1)#1}>(ngcore::T_Range<netgen::PointIndex>,ngcore::Table,int,ngcore::TotalCosts)::{lambda(ngcore::TaskInfo&)#1}"	"0 0.170427812303051 1"
5	a30	a6	"ngcore::ParallelFor<unsigned long,netgen::BuildEdgeList<netgen::ElementIndex>(netgen::Mesh const&,ngcore::Table<netgen::ElementIndex,netgen::PointIndex>const&,ngcore::Array<std::tuple<netgen::PointIndex,netgen::PointIndex>,unsigned long>&)::{lambda(int)#1}>(ngcore::T_Range<unsigned long>,netgen::BuildEdgeList<netgen::ElementIndex>(netgen::Mesh const&,ngcore::Table<netgen::ElementIndex,netgen::PointIndex>const&,ngcore::Array<std::tuple<netgen::PointIndex,netgen::PointIndex>,unsigned long>&)::{lambda(int)#1},int,ngcore::TotalCosts)::{lambda(ngcore::TaskInfo&)#1}"	"1 0.872005992306398 0"
5	a31	a7	"ngcore::ParallelFor<unsigned long,netgen::BuildEdgeList<netgen::ElementIndex>(netgen::Mesh const&,ngcore::Table<netgen::ElementIndex,netgen::PointIndex>const&,ngcore::Array<std::tuple<netgen::PointIndex,netgen::PointIndex>,unsigned long>&)::{lambda(int)#1}>(ngcore::T_Range<unsigned long>,netgen::BuildEdgeList<netgen::ElementIndex>(netgen::Mesh const&,ngcore::Table<netgen::ElementIndex,netgen::PointIndex>const&,ngcore::Array<std::tuple<netgen::PointIndex,netgen::PointIndex>,unsigned long>&)::{lambda(int)#1},int,ngcore::TotalCosts)::{lambda(ngcore::TaskInfo&)#1}"	"1 0.872005992306398 0"
5	a32	a6	"ngcore::ParallelForRange<unsigned long,netgen::MeshOptimize3d::SwapImprove(netgen::Mesh&,netgen::OPTIMIZEGOAL,netgen::NgBitArray const*)::{lambda(auto:1)#2}>(ngcore::T_Range<unsigned long>,netgen::MeshOptimize3d::SwapImprove(netgen::Mesh&,netgen::OPTIMIZEGOAL,netgen::NgBitArray const*)::{lambda(auto:1)#2},int,ngcore::TotalCosts)::{lambda(ngcore::TaskInfo&)#1}"	"1 0.408375991137786 0"
5	a33	a7	"ngcore::ParallelForRange<unsigned long,netgen::MeshOptimize3d::SwapImprove(netgen::Mesh&,netgen::OPTIMIZEGOAL,netgen::NgBitArray const*)::{lambda(auto:1)#2}>(ngcore::T_Range<unsigned long>,netgen::MeshOptimize3d::SwapImprove(netgen::Mesh&,netgen::OPTIMIZEGOAL,netgen::NgBitArray const*)::{lambda(auto:1)#2},int,ngcore::TotalCosts)::{lambda(ngcore::TaskInfo&)#1}"	"1 0.408375991137786 0"
5	a34	a6	"ngcore::ParallelForRange<netgen::ElementIndex,netgen::Mesh::Compress()::{lambda(auto:1)#1}>(ngcore::T_Range<netgen::ElementIndex>,netgen::Mesh::Compress()::{lambda(auto:1)#1},int,ngcore::TotalCosts)::{lambda(ngcore::TaskInfo&)#1}"	"1 0.0611641584106637 0"
5	a35	a7	"ngcore::ParallelForRange<netgen::ElementIndex,netgen::Mesh::Compress()::{lambda(auto:1)#1}>(ngcore::T_Range<netgen::ElementIndex>,netgen::Mesh::Compress()::{lambda(auto:1)#1},int,ngcore::TotalCosts)::{lambda(ngcore::TaskInfo&)#1}"	"1 0.0611641584106637 0"
5	a36	a6	"ngcore::ParallelForRange<netgen::SurfaceElementIndex,netgen::Mesh::Compress()::{lambda(auto:1)#2}>(ngcore::T_Range<netgen::SurfaceElementIndex>,netgen::Mesh::Compress()::{lambda(auto:1)#2},int,ngcore::TotalCosts)::{lambda(ngcore::TaskInfo&)#1}"	"1 0 -2.77631980257023"
5	a37	a7	"ngcore::ParallelForRange<netgen::SurfaceElementIndex,netgen::Mesh::Compress()::{lambda(auto:1)#2}>(ngcore::T_Range<netgen::SurfaceElementIndex>,netgen::Mesh::Compress()::{lambda(auto:1)#2},int,ngcore::TotalCosts)::{lambda(ngcore::TaskInfo&)#1}"	"1 0 -2.77631980257023"
5	a38	a6	"ngcore::ParallelForRange<netgen::ElementIndex,netgen::Mesh::Compress()::{lambda(auto:1)#3}>(ngcore::T_Range<netgen::ElementIndex>,netgen::Mesh::Compress()::{lambda(auto:1)#3},int,ngcore::TotalCosts)::{lambda(ngcore::TaskInfo&)#1}"	"0.688034037288286 1 0"
5	a39	a7	"ngcore::ParallelForRange<netgen::ElementIndex,netgen::Mesh::Compress()::{lambda(auto:1)#3}>(ngcore::T_Range<netgen::ElementIndex>,netgen::Mesh::Compress()::{lambda(auto:1)#3},int,ngcore::TotalCosts)::{lambda(ngcore::TaskInfo&)#1}"	"0.688034037288286 1 0"
5	a40	a6	"ngcore::ParallelForRange<netgen::SurfaceElementIndex,netgen::Mesh::Compress()::{lambda(auto:1)#4}>(ngcore::T_Range<netgen::SurfaceElementIndex>,netgen::Mesh::Compress()::{lambda(auto:1)#4},int,ngcore::TotalCosts)::{lambda(ngcore::TaskInfo&)#1}"	"0 0.666479625428673 1"
5	a41	a7	"ngcore::ParallelForRange<netgen::SurfaceElementIndex,netgen::Mesh::Compress()::{lambda(auto:1)#4}>(ngcore::T_Range<netgen::SurfaceElementIndex>,netgen::Mesh::Compress()::{lambda(auto:1)#4},int,ngcore::TotalCosts)::{lambda(ngcore::TaskInfo&)#1}"	"0 0.666479625428673 1"
5	a42	a8	"Build edges"	"0 0.0614795051658243 1"
5	a43	a8	"CreateTable"	"0.608616351291681 0 1"
5	a44	a8	"CreateSortedTable"	"0 0.0381698166109086 1"
5	a45	a8	"MeshOptimize3d::SwapImprove loop"	"0.154668690207104 1 0"
5	a46	a8	"MeshOptimize3d::SwapImprove"	"1 0 -2.43968480148811"
5	a47	a8	"FreeOpenElementsEnvironment"	"0.907015785320433 0 1"
5	a48	a8	"Mesh::BuildBoundaryEdges"	"1 0 -2.61861416630415"
5	a49	a8	"Mesh::LinkSurfaceElements"	"0 1 0.171518596860468"
5	a50	a8	"Mesh::Compress"	"1 0.648677515017027 0"
5	a51	a8	"Mesh::CalcSurfacesOfNode, pointloop"	"0 0.319536079261344 1"
5	a52	a8	"Mesh::CalcSurfacesOfNode - surfelementht"	"0.690162641156969 0 1"
5	a53	a8	"Mesh::CalcSurfacesOfNode - surf on node"	"0.000515674241007069 1 0"
5	a54	a8	"Mesh::CalcSurfacesOfNode"	"1 0 -2.35340285344361"
6	0	a55	a3	a9	"Timer level 0"
6	0	a56	a3	a9	"Timer level 1"
6	0	a57	a3	a9	"Timer level 2"
6	0	a58	a3	a9	"Timer level 3"
4	a59	a2	a3	a3	"links"
8	0	a12	a11	0
12	0.186743045478765	a6	a10	a18	0
12	0.186878260705601	a7	a14	a19	0
13	0.186975615668923	a7	a14
12	0.18701293507153	a7	a14	a19	1
13	0.187023752289677	a7	a14
12	0.187039978116897	a7	a14	a19	2
13	0.187048091030508	a7	a14
12	0.187087033015836	a7	a14	a19	3
13	0.187092982485817	a7	a14
13	0.187504577636306	a6	a10
12	0.190192656345807	a8	a55	a47	0
13	0.202327952523891	a8	a55
12	0.202792011182393	a8	a55	a46	0
12	0.202990507135388	a8	a56	a48	0
13	0.203061900775158	a8	a56
12	0.205752142928288	a6	a10	a20	0
12	0.205826781733502	a7	a14	a21	0
12	0.206006888415647	a7	a15	a21	1
12	0.206270828538431	a7	a17	a21	2
13	0.20629354469654	a7	a14
12	0.206386302342149	a7	a16	a21	3
13	0.207691670142025	a7	a17
13	0.20785041281833	a7	a16
13	0.208773932817621	a7	a15
13	0.208938354533453	a6	a10
12	0.210201264752102	a8	a56	a44	0
12	0.210296997132702	a8	a57	a43	0
12	0.210940621612442	a6	a10	a22	0
12	0.211009310947675	a7	a14	a23	0
12	0.21123944726375	a7	a16	a23	1
12	0.211471747023454	a7	a15	a23	3
13	0.211611289137549	a7	a14
12	0.211679437611874	a7	a14	a23	4
13	0.211956087965981	a7	a16
13	0.211997463825393	a7	a14
12	0.212029104188472	a7	a16	a23	5
12	0.21208346070966	a7	a14	a23	6
13	0.212297100768061	a7	a15
12	0.21230954056893	a7	a17	a23	2
12	0.21237282129509	a7	a15	a23	7
13	0.212396619175013	a7	a14
12	0.212451786987562	a7	a14	a23	8
13	0.212502357482399	a7	a16
12	0.212607284498423	a7	a16	a23	9
13	0.212770354061988	a7	a14
13	0.212813082073668	a7	a15
12	0.212837961675406	a7	a14	a23	10
12	0.21290232412338	a7	a15	a23	11
13	0.212970472597705	a7	a17
12	0.213057551203787	a7	a17	a23	12
13	0.213170591133422	a7	a14
12	0.213221432058713	a7	a14	a23	13
13	0.21337070966914	a7	a15
12	0.213450216222519	a7	a15	a23	14
13	0.213543244298583	a7	a17
13	0.213575155092116	a7	a14
13	0.21358353843618	a7	a16
12	0.213603820720205	a7	a17	a23	15
13	0.213910488854669	a7	a15
13	0.214075451431409	a7	a17
13	0.214262589305351	a6	a10
12	0.214858077164337	a6	a10	a24	0
12	0.214911622394164	a7	a14	a25	0
13	0.21497544398123	a7	a14
12	0.214991128947543	a7	a14	a25	1
13	0.215031693515594	a7	a14
12	0.215048460203722	a7	a14	a25	2
13	0.215077666692718	a7	a14
12	0.215095515102661	a7	a14	a25	3
13	0.21513229364436	a7	a14
13	0.215305909995618	a6	a10
12	0.215413000455272	a6	a10	a26	0
12	0.215494670452281	a7	a14	a27	0
13	0.215565523231143	a7	a14
12	0.215591754985149	a7	a16	a27	1
12	0.215611496408267	a7	a14	a27	2
13	0.215657469585392	a7	a14
12	0.215708851371589	a7	a14	a27	3
13	0.215750497661455	a7	a14
13	0.231360013877865	a7	a16
13	0.231532818937761	a6	a10
12	0.231830833297708	a6	a10	a22	0
12	0.231884378527535	a7	a14	a23	0
13	0.232174279973872	a7	a14
12	0.232202945601961	a7	a14	a23	1
12	0.232267848910842	a7	a15	a23	2
12	0.232353575364656	a7	a16	a23	3
13	0.232503123405537	a7	a14
12	0.232586956846175	a7	a14	a23	4
12	0.232606968699747	a7	a17	a23	5
13	0.232884971206122	a7	a14
13	0.232902008324703	a7	a16
13	0.232903901337879	a7	a15
12	0.232981785308537	a7	a15	a23	6
13	0.232988816500332	a7	a17
12	0.232997740705303	a7	a16	a23	7
12	0.233056964974658	a7	a17	a23	8
13	0.2333620105264	a7	a17
12	0.233402034233543	a7	a14	a23	9
12	0.233469100986054	a7	a17	a23	10
13	0.233499930057773	a7	a15
12	0.233562669923024	a7	a15	a23	11
13	0.233577002737069	a7	a16
12	0.233642446906858	a7	a16	a23	12
13	0.233695180845324	a7	a14
12	0.233754675545132	a7	a14	a23	13
13	0.233769819650537	a7	a17
12	0.233847162760288	a7	a17	a23	14
13	0.23398724573529	a7	a15
13	0.234035923216951	a7	a14
12	0.23405647593143	a7	a15	a23	15
13	0.234076758215455	a7	a16
13	0.234243613805371	a7	a17
13	0.234577324985202	a7	a15
13	0.237487697527622	a6	a10
13	0.237676998845193	a8	a57
12	0.237718645135058	a6	a10	a28	0
12	0.237850074335543	a7	a14	a29	0
13	0.237994484197804	a7	a14
12	0.238010710025024	a7	a14	a29	1
13	0.238048029427631	a7	a14
12	0.238065336976666	a7	a14	a29	2
13	0.238097247770199	a7	a14
12	0.238178376906301	a7	a15	a29	3
12	0.23819081670717	a7	a14	a29	4
12	0.238234085579757	a7	a17	a29	5
13	0.238237871606109	a7	a14
12	0.238333063125801	a7	a14	a29	6
12	0.238354967992549	a7	a16	a29	7
13	0.238408242791922	a7	a15
13	0.238421764314606	a7	a14
13	0.238447725638158	a7	a17
12	0.238516955834298	a7	a15	a29	8
12	0.238524527887001	a7	a14	a29	9
13	0.238537238118324	a7	a16
12	0.238542376296943	a7	a17	a29	10
13	0.238568878481403	a7	a14
13	0.23858780861316	a7	a15
13	0.238662447418374	a7	a17
12	0.238686245298297	a7	a14	a29	11
13	0.238725187283626	a7	a14
12	0.238741413110846	a7	a15	a29	12
12	0.238757638938066	a7	a17	a29	13
12	0.238777650791638	a7	a14	a29	14
13	0.238810102446079	a7	a14
13	0.238814970194245	a7	a17
13	0.238839308935075	a7	a15
12	0.238887986416736	a7	a14	a29	15
13	0.23894639939473	a7	a14
13	0.239197358855737	a6	a10
13	0.239229810510178	a8	a56
12	0.254102944601239	a8	a56	a42	0
12	0.254318207242362	a6	a10	a30	0
12	0.254372293333096	a7	a14	a31	0
12	0.254486685415	a7	a16	a31	1
12	0.254656245309452	a7	a15	a31	2
13	0.254663817362155	a7	a14
12	0.254680043189375	a7	a17	a31	3
12	0.254744946498256	a7	a14	a31	4
13	0.254826886925719	a7	a16
13	0.254859068149706	a7	a14
12	0.254917210697246	a7	a16	a31	5
12	0.254940738146715	a7	a14	a31	6
13	0.254954259669399	a7	a15
12	0.255048910328184	a7	a15	a31	7
13	0.255054318937257	a7	a14
13	0.255062702281321	a7	a16
12	0.255153026052848	a7	a16	a31	8
12	0.255171685754151	a7	a14	a31	9
13	0.255191156746816	a7	a15
12	0.255281480518342	a7	a15	a31	10
13	0.255307982702802	a7	a14
13	0.255325019821383	a7	a16
12	0.255404255944309	a7	a14	a31	11
13	0.2554183183279	a7	a15
12	0.25543156942013	a7	a16	a31	12
13	0.255507560377612	a7	a14
12	0.255534062562072	a7	a15	a31	13
13	0.255565432494698	a7	a17
12	0.255619518585432	a7	a14	a31	14
13	0.25563628527356	a7	a15
12	0.255643857326263	a7	a17	a31	15
13	0.255691453086109	a7	a14
13	0.255849925331961	a7	a17
13	0.259041815976653	a7	a16
13	0.260251992256836	a6	a10
13	0.260539189398636	a8	a56
12	0.260660883102788	a8	a56	a45	0
12	0.260805292965049	a6	a10	a32	0
12	0.260875604883004	a7	a14	a33	0
13	0.260999462030786	a7	a14
12	0.261016769579821	a7	a14	a33	1
13	0.261042190042466	a7	a14
12	0.261058956730594	a7	a14	a33	2
13	0.261076264279629	a7	a14
12	0.261093030967756	a7	a14	a33	3
13	0.261109256794977	a7	a14
12	0.261126023483104	a7	a14	a33	4
13	0.261141708449417	a7	a14
12	0.261161179442082	a7	a14	a33	5
13	0.261178486991117	a7	a14
12	0.26121256122828	a7	a14	a33	6
13	0.261229868777315	a7	a14
12	0.26131640652249	a7	a15	a33	7
12	0.261328305462451	a7	a17	a33	8
12	0.261376442083205	a7	a14	a33	9
12	0.261391315758157	a7	a16	a33	10
13	0.261395913075869	a7	a14
12	0.261439722809364	a7	a14	a33	11
13	0.261457571219307	a7	a14
12	0.261473797046527	a7	a14	a33	12
13	0.261484073403766	a7	a17
13	0.261491645456469	a7	a14
12	0.261572233731664	a7	a17	a33	13
12	0.261599276777031	a7	a14	a33	14
13	0.261606848829734	a7	a17
13	0.261608741842909	a7	a16
13	0.261626319822398	a7	a14
12	0.261717995746193	a7	a16	a33	15
13	0.261765591506039	a7	a16
13	0.266438900175948	a7	a15
13	0.266608730500854	a6	a10
13	0.266812094202015	a8	a56
12	0.268192371237558	a8	a56	a50	0
12	0.270579731282575	a6	a10	a34	0
12	0.270720355118485	a7	a14	a35	0
12	0.271252021390404	a7	a15	a35	1
12	0.271263109039005	a7	a16	a35	2
12	0.271296371984807	a7	a17	a35	3
13	0.27133639569195	a7	a14
13	0.281925911396844	a7	a15
13	0.28194403023724	a7	a16
13	0.282771817855931	a7	a17
13	0.282925963214524	a6	a10
12	0.282990325662498	a6	a10	a36	0
12	0.283048197779584	a7	a14	a37	0
12	0.283120943571621	a7	a16	a37	1
12	0.283602580209611	a7	a15	a37	2
12	0.283970365626606	a7	a17	a37	3
13	0.286446967721335	a7	a14
13	0.287187947164397	a7	a17
13	0.28734506725798	a7	a16
13	0.28815662904945	a7	a15
13	0.288311315268951	a6	a10
12	0.291047530599206	a6	a10	a38	0
12	0.291131364039844	a7	a14	a39	0
12	0.291217901785019	a7	a15	a39	1
12	0.291416938598922	a7	a17	a39	2
12	0.291547556508045	a7	a16	a39	3
13	0.292706891862938	a7	a17
13	0.292858873777902	a7	a14
13	0.292914041590451	a7	a15
13	0.293212867241759	a7	a16
13	0.293414878790652	a6	a10
12	0.293572810175596	a6	a10	a40	0
12	0.293650694146254	a7	a14	a41	0
12	0.293931941818073	a7	a15	a41	1
12	0.29394275903622	a7	a17	a41	2
12	0.294062018866289	a7	a16	a41	3
13	0.294361385378504	a7	a14
13	0.294926585026679	a7	a17
13	0.295213511738025	a7	a16
13	0.295761133406711	a7	a15
13	0.295894726050825	a6	a10
12	0.296444240732687	a8	a57	a49	0
13	0.302944847978058	a8	a57
12	0.303157947175552	a8	a57	a54	0
12	0.305735149399047	a8	a58	a53	0
13	0.319987916029384	a8	a58
12	0.320045247285563	a8	a58	a52	0
13	0.326597236317132	a8	a58
12	0.326652404129681	a8	a58	a51	0
13	0.329563317533008	a8	a58
13	0.332496406233536	a8	a57
13	0.332718700066454	a8	a56
13	0.333049706941749	a8	a55
12	0.334396991461944	a8	a55	a46	0
12	0.334471630267157	a8	a56	a48	0
13	0.393693195316821	a8	a56
12	0.39422702503237	a6	a10	a20	0
12	0.394298959533047	a7	a14	a21	0
12	0.394623476077453	a7	a17	a21	1
12	0.394712177266258	a7	a15	a21	2
13	0.394797633289618	a7	a14
12	0.394879573717081	a7	a16	a21	3
13	0.395182726255647	a7	a17
13	0.395417189458981	a7	a16
13	0.395826350735387	a7	a15
13	0.39598049609398	a6	a10
12	0.39663223348733	a8	a56	a44	0
12	0.396666307724493	a8	a57	a43	0
12	0.396899959636465	a6	a10	a22	0
12	0.396977843607123	a7	a14	a23	0
12	0.397177421281933	a7	a17	a23	1
12	0.39726260687484	a7	a16	a23	2
12	0.397285593463402	a7	a15	a23	3
13	0.39748354855549	a7	a14
12	0.397546829281649	a7	a14	a23	4
13	0.397858635594733	a7	a16
13	0.397885408209647	a7	a15
13	0.39798654919932	a7	a14
12	0.397995743834745	a7	a15	a23	6
12	0.398071464361773	a7	a14	a23	7
12	0.398413558885668	a7	a16	a23	5
13	0.398454393884173	a7	a15
12	0.398538768185719	a7	a15	a23	8
13	0.39865451241989	a7	a14
12	0.398724824337845	a7	a14	a23	9
13	0.398898440689103	a7	a17
12	0.398967130024335	a7	a17	a23	10
13	0.399000663400591	a7	a15
12	0.3990823333976	a7	a15	a23	11
13	0.399090175880756	a7	a16
12	0.399165896407784	a7	a16	a23	12
13	0.399200781936308	a7	a14
12	0.399267307827911	a7	a14	a23	13
13	0.399486356495386	a7	a17
13	0.399529625367973	a7	a15
13	0.39956397003559	a7	a16
12	0.399569108214209	a7	a17	a23	14
12	0.399599937285928	a7	a15	a23	15
13	0.40007805832802	a7	a15
13	0.4000986110425	a7	a17
13	0.400390135071558	a7	a14
13	0.400533463212004	a6	a10
12	0.401016452002263	a6	a10	a24	0
12	0.401072160675719	a7	a14	a25	0
13	0.401137604845508	a7	a14
12	0.401154912394543	a7	a14	a25	1
13	0.401198181267131	a7	a14
12	0.401220897425239	a7	a14	a25	2
13	0.401252267357865	a7	a14
12	0.401268493185085	a7	a14	a25	3
13	0.401309057753136	a7	a14
13	0.402834826372754	a6	a10
12	0.402967337295054	a6	a10	a26	0
12	0.40303115888212	a7	a14	a27	0
13	0.403116074044573	a7	a14
12	0.40315555689081	a7	a14	a27	1
12	0.403200718776573	a7	a16	a27	2
13	0.403212347286081	a7	a14
12	0.403256697880483	a7	a14	a27	3
13	0.403322142050272	a7	a14
13	0.403377039432367	a7	a16
13	0.403617992966589	a6	a10
12	0.40389275030752	a6	a10	a22	0
12	0.403946295537347	a7	a14	a23	0
12	0.404057983314713	a7	a16	a23	1
12	0.404231870096425	a7	a17	a23	2
12	0.404305427179823	a7	a15	a23	3
13	0.404367085323261	a7	a14
12	0.404444428433011	a7	a14	a23	4
13	0.40466969700092	a7	a16
13	0.404717022330313	a7	a17
12	0.404747580971577	a7	a16	a23	5
13	0.404793283718248	a7	a15
12	0.404793824579155	a7	a17	a23	6
12	0.404852778418056	a7	a15	a23	7
13	0.404878198880701	a7	a14
12	0.404956623712266	a7	a14	a23	8
13	0.40513808254668	a7	a16
12	0.405202985855561	a7	a16	a23	9
13	0.405318459659279	a7	a17
12	0.405383903829068	a7	a17	a23	10
13	0.405460706077911	a7	a14
12	0.405520200777719	a7	a14	a23	11
13	0.405634051998715	a7	a16
12	0.405703282194855	a7	a16	a23	12
13	0.405967492748093	a7	a17
13	0.405980473409869	a7	a14
12	0.406058357380526	a7	a17	a23	13
12	0.406074583207747	a7	a14	a23	14
13	0.406160309661561	a7	a16
12	0.406241438797662	a7	a16	a23	15
13	0.406416948162096	a7	a15
13	0.406530528952638	a7	a14
13	0.406545673058044	a7	a17
13	0.406666555470835	a7	a16
13	0.406883711125134	a6	a10
13	0.407043805953708	a8	a57
12	0.407103300653516	a6	a10	a28	0
12	0.40719200184232	a7	a14	a29	0
13	0.407294765414715	a7	a14
12	0.407302337467418	a7	a17	a29	1
12	0.407405641900721	a7	a15	a29	3
13	0.40748731189773	a7	a17
12	0.407510028055838	a7	a14	a29	2
13	0.407517059247634	a7	a15
12	0.40755654209387	a7	a17	a29	4
13	0.407601974410087	a7	a17
13	0.407608464740975	a7	a14
12	0.407620904541844	a7	a15	a29	5
12	0.407668229871237	a7	a16	a29	6
12	0.407693379903428	a7	a17	a29	7
13	0.407702574538853	a7	a15
12	0.407716096061537	a7	a14	a29	8
13	0.407742598245997	a7	a17
12	0.407778295065881	a7	a15	a29	9
13	0.407783974105408	a7	a16
13	0.40783346287843	a7	a14
12	0.407856179036539	a7	a17	a29	10
12	0.407896473174136	a7	a16	a29	11
13	0.407909183405459	a7	a15
13	0.407923786649957	a7	a17
13	0.40797706144933	a7	a16
12	0.407993016846097	a7	a17	a29	12
13	0.408040612605943	a7	a17
12	0.408054134128627	a7	a15	a29	13
12	0.408071171247208	a7	a16	a29	14
12	0.408123364324767	a7	a17	a29	15
13	0.408123905185674	a7	a15
13	0.40812579819885	a7	a16
13	0.408204493460869	a7	a17
13	0.409039582701808	a6	a10
13	0.409083392435303	a8	a56
12	0.41019594332171	a8	a56	a42	0
12	0.410346302653952	a6	a10	a30	0
12	0.410404174771038	a7	a14	a31	0
13	0.410603211584941	a7	a14
12	0.410629172908493	a7	a14	a31	1
13	0.410758438665348	a7	a14
12	0.410797921511584	a7	a14	a31	3
12	0.410948280843826	a7	a15	a31	4
13	0.410979109915545	a7	a14
12	0.411056993886202	a7	a14	a31	5
12	0.411099451467429	a7	a16	a31	6
13	0.411159757458598	a7	a15
13	0.41118571878215	a7	a14
12	0.411267388779159	a7	a15	a31	7
12	0.411284155467287	a7	a14	a31	8
13	0.411383944304692	a7	a16
13	0.411408012615069	a7	a14
13	0.411417207250494	a7	a15
12	0.411443979865407	a7	a16	a31	9
12	0.41152375684924	a7	a14	a31	10
12	0.411542686980998	a7	a15	a31	11
13	0.411589471449483	a7	a16
13	0.411644909692486	a7	a15
13	0.411649236579744	a7	a14
12	0.411687367273712	a7	a16	a31	12
12	0.411757949622121	a7	a15	a31	13
12	0.411770389422989	a7	a14	a31	14
12	0.411776879753878	a7	a17	a31	2
13	0.411894787431679	a7	a15
13	0.41191696272888	a7	a14
13	0.411958879449199	a7	a16
12	0.41198402948139	a7	a15	a31	15
13	0.412097610271933	a7	a17
13	0.412139256561798	a7	a15
13	0.412272849205912	a6	a10
13	0.412680117469143	a8	a56
12	0.41276611435341	a8	a56	a45	0
12	0.412850488654956	a6	a10	a32	0
12	0.41290457474569	a7	a14	a33	0
13	0.412965151167313	a7	a14
12	0.41298408129907	a7	a14	a33	1
13	0.413004634013549	a7	a14
12	0.413031136198009	a7	a14	a33	2
13	0.413058179243376	a7	a14
12	0.413076568514226	a7	a14	a33	3
13	0.413100907255056	a7	a14
12	0.413205834271081	a7	a17	a33	4
12	0.413233959038263	a7	a14	a33	5
13	0.413256675196372	a7	a14
12	0.413288585989905	a7	a14	a33	6
13	0.413308056982569	a7	a14
13	0.413371337708729	a7	a17
12	0.413429209825814	a7	a15	a33	8
12	0.413451925983923	a7	a17	a33	9
13	0.413500062604677	a7	a15
13	0.413506552935565	a7	a17
12	0.413569292800817	a7	a14	a33	7
12	0.413569292800817	a7	a17	a33	10
13	0.413602285316165	a7	a17
12	0.413604989620701	a7	a15	a33	11
13	0.413612020812497	a7	a14
13	0.413642849884215	a7	a15
12	0.413693690809506	a7	a17	a33	12
12	0.413711539219448	a7	a14	a33	13
13	0.413724519881224	a7	a17
12	0.413736418821186	a7	a15	a33	14
13	0.413756971535665	a7	a15
13	0.413795372660087	a7	a14
12	0.414890075136551	a7	a17	a33	15
13	0.414936589174583	a7	a17
13	0.415137789432115	a6	a10
13	0.415288148764357	a8	a56
12	0.416729543082429	a8	a56	a50	0
12	0.419798928731608	a6	a10	a34	0
12	0.419894661112208	a7	a14	a35	0
12	0.420096402230648	a7	a17	a35	1
12	0.420121822693293	a7	a15	a35	2
12	0.420235133053381	a7	a16	a35	3
13	0.431828216171853	a7	a14
13	0.434125252445344	a7	a15
13	0.434428675414364	a7	a17
13	0.435016320790194	a7	a16
13	0.435247538828083	a6	a10
12	0.435450361668338	a6	a10	a36	0
12	0.435508233785423	a7	a14	a37	0
12	0.435596934974228	a7	a17	a37	1
12	0.435877641785139	a7	a15	a37	2
12	0.435989329562506	a7	a16	a37	3
13	0.437970773496562	a7	a15
13	0.4384375364596	a7	a17
13	0.43879693853253	a7	a16
13	0.439131461003723	a7	a14
13	0.439230438549767	a6	a10
12	0.442803365703683	a6	a10	a38	0
12	0.442872055038916	a7	a14	a39	0
12	0.443097594037278	a7	a17	a39	1
12	0.443154925293457	a7	a15	a39	2
12	0.443310422804318	a7	a16	a39	3
13	0.444459481801971	a7	a17
13	0.444701787488462	a7	a14
13	0.444872969965636	a7	a16
13	0.444948960923118	a7	a15
13	0.445130690187986	a6	a10
12	0.445278886076598	a6	a10	a40	0
12	0.445341085080943	a7	a14	a41	0
12	0.445683450035292	a7	a17	a41	1
12	0.44570102801478	a7	a16	a41	2
12	0.445768906058652	a7	a15	a41	3
13	0.445772151224096	a7	a14
13	0.446978271047474	a7	a17
13	0.447002339357851	a7	a16
13	0.447046960382707	a7	a15
13	0.447283316599216	a6	a10
12	0.447624058970843	a8	a57	a49	0
13	0.452942344272759	a8	a57
12	0.453032668044286	a8	a57	a54	0
12	0.454537883949425	a8	a58	a53	0
13	0.464652523777671	a8	a58
12	0.464695792650258	a8	a58	a52	0
13	0.470319123503917	a8	a58
12	0.4703694235683	a8	a58	a51	0
13	0.473096985124037	a8	a58
13	0.475669860460274	a8	a57
13	0.475871060717806	a8	a56
13	0.476167993355938	a8	a55
12	0.477694843697371	a8	a55	a46	0
12	0.477768941641677	a8	a56	a48	0
13	0.531659240727648	a8	a56
12	0.532236339315785	a6	a10	a20	0
12	0.532499197716754	a7	a14	a21	0
12	0.532653883936255	a7	a17	a21	1
12	0.532778552375397	a7	a16	a21	2
13	0.533142822196494	a7	a14
12	0.533210429809912	a7	a14	a21	3
13	0.533312922951854	a7	a16
13	0.533553876486075	a7	a17
13	0.533705858401039	a7	a14
13	0.533775088597179	a6	a10
12	0.534342451688983	a8	a56	a44	0
12	0.534376525926146	a8	a57	a43	0
12	0.534638843466208	a6	a10	a22	0
12	0.534698338166016	a7	a14	a23	0
12	0.534997704678231	a7	a16	a23	1
12	0.535028804180403	a7	a17	a23	2
13	0.535223514107047	a7	a14
12	0.535283549667762	a7	a14	a23	3
13	0.535641599588424	a7	a17
13	0.53569947170551	a7	a14
12	0.53571786097636	a7	a17	a23	4
13	0.535738684121293	a7	a16
12	0.535745444882635	a7	a14	a23	5
12	0.535842529415503	a7	a16	a23	6
13	0.536223565924727	a7	a14
12	0.536289550955423	a7	a14	a23	7
13	0.536304695060829	a7	a17
13	0.536328222510298	a7	a16
12	0.536378522574681	a7	a16	a23	8
12	0.536404754328687	a7	a17	a23	9
13	0.536828518849591	a7	a16
13	0.536861781795393	a7	a14
12	0.536911270568415	a7	a16	a23	10
13	0.536943451792402	a7	a17
12	0.536974821725028	a7	a14	a23	11
12	0.537033234703021	a7	a17	a23	12
13	0.53736234856514	a7	a16
13	0.537441043827159	a7	a14
12	0.537461326111184	a7	a16	a23	13
12	0.537519468658724	a7	a14	a23	14
13	0.537594107463937	a7	a17
12	0.537657388190097	a7	a17	a23	15
13	0.538084938737352	a7	a16
13	0.538177696382962	a7	a17
13	0.539317831175644	a7	a14
13	0.539397337729023	a6	a10
12	0.540065841810501	a6	a10	a24	0
12	0.54012100962305	a7	a14	a25	0
13	0.540194566706449	a7	a14
12	0.540223773195445	a7	a14	a25	1
13	0.54025947001533	a7	a14
12	0.540284349617068	a7	a14	a25	2
13	0.540327618489655	a7	a14
12	0.540375755110409	a7	a14	a25	3
13	0.540422810009348	a7	a14
13	0.540482845570063	a6	a10
12	0.540596967221513	a6	a10	a26	0
12	0.540636990928656	a7	a14	a27	0
13	0.540722987812924	a7	a14
12	0.540739754501052	a7	a14	a27	1
13	0.540796004035416	a7	a14
12	0.540813311584451	a7	a14	a27	2
13	0.540851171847965	a7	a14
12	0.540870101979722	a7	a14	a27	3
13	0.540927974096808	a7	a14
13	0.541107539918046	a6	a10
12	0.541481274805021	a6	a10	a22	0
12	0.541533197452126	a7	a14	a23	0
12	0.541711951982003	a7	a16	a23	1
12	0.541749000954156	a7	a17	a23	2
13	0.542007532467867	a7	a14
12	0.542067568028582	a7	a14	a23	3
13	0.542279044643354	a7	a17
12	0.542346111395864	a7	a17	a23	4
13	0.542360444209909	a7	a16
12	0.542441032485103	a7	a16	a23	5
13	0.542627359067683	a7	a14
12	0.542696048402916	a7	a14	a23	6
13	0.542762574294519	a7	a17
12	0.542843703430621	a7	a17	a23	7
13	0.542891028760014	a7	a16
12	0.542972698757023	a7	a16	a23	8
13	0.543125491963347	a7	a14
12	0.543193099576766	a7	a14	a23	9
13	0.543656076513452	a7	a14
12	0.543673384062487	a7	a14	a23	10
13	0.543773443330346	a7	a17
12	0.543847541274652	a7	a17	a23	11
13	0.544296455827748	a7	a17
12	0.544321335429486	a7	a17	a23	12
13	0.54460447611448	a7	a16
13	0.544629085285765	a7	a14
12	0.544699667634173	a7	a16	a23	13
13	0.544755105877176	a7	a17
12	0.544814059716076	a7	a14	a23	14
12	0.54498443090189	a7	a17	a23	15
13	0.545145877882732	a7	a16
13	0.545312733472648	a7	a14
13	0.545449030421299	a7	a17
13	0.545611288693502	a6	a10
13	0.545785445905667	a8	a57
12	0.545843318022753	a6	a10	a28	0
12	0.545918497688873	a7	a14	a29	0
13	0.546014770930381	a7	a14
12	0.54603316020123	a7	a14	a29	1
13	0.546081837682891	a7	a14
12	0.546105094701907	a7	a14	a29	2
13	0.546154313044475	a7	a14
12	0.546213807744283	a7	a14	a29	3
12	0.546236794332846	a7	a16	a29	4
13	0.54626735297411	a7	a14
12	0.546318193899401	a7	a14	a29	5
13	0.546368493963784	a7	a14
12	0.546417171445445	a7	a14	a29	6
13	0.546445025782173	a7	a16
13	0.546451786543515	a7	a14
12	0.546527777500997	a7	a16	a29	7
12	0.5465464372023	a7	a14	a29	8
13	0.546583486174453	a7	a16
13	0.546604850180293	a7	a14
12	0.546645685178798	a7	a16	a29	9
12	0.546702746004523	a7	a14	a29	10
13	0.54670626160042	a7	a16
13	0.546743851433481	a7	a14
12	0.546809566033723	a7	a16	a29	11
12	0.546820112821416	a7	a14	a29	12
13	0.546868790303077	a7	a14
13	0.546872305898975	a7	a16
12	0.546953435035077	a7	a16	a29	13
12	0.546965063544585	a7	a14	a29	14
13	0.547009414138987	a7	a14
13	0.547056198607472	a7	a16
12	0.547073776586961	a7	a14	a29	15
13	0.547152201418526	a7	a14
13	0.547240361746423	a6	a10
13	0.547270649957234	a8	a56
12	0.548469197727909	a8	a56	a42	0
12	0.548741791625211	a6	a10	a30	0
12	0.54883157453583	a7	a14	a31	0
12	0.548908106354219	a7	a16	a31	1
13	0.549021957575215	a7	a14
13	0.549154198067061	a7	a16
12	0.549225321276376	a7	a14	a31	2
12	0.549251012169475	a7	a16	a31	3
12	0.549312399882459	a7	a17	a31	4
13	0.549361888655481	a7	a16
13	0.549391365574931	a7	a14
12	0.549449508122471	a7	a16	a31	5
12	0.549486557094624	a7	a14	a31	6
13	0.549516304444528	a7	a17
12	0.549531448549933	a7	a15	a31	7
13	0.54957390613116	a7	a16
12	0.549594729276093	a7	a17	a31	8
13	0.549605546494239	a7	a14
12	0.549685323478073	a7	a16	a31	9
12	0.549709932649357	a7	a14	a31	10
13	0.549763477879184	a7	a17
13	0.549826758605343	a7	a15
13	0.549831355923056	a7	a16
12	0.549839198406212	a7	a17	a31	11
13	0.549846229598008	a7	a14
12	0.549911673767796	a7	a14	a31	12
12	0.549922490985943	a7	a15	a31	13
12	0.550051486312345	a7	a16	a31	14
13	0.550075013761814	a7	a17
13	0.550141539653418	a7	a14
13	0.550162092367897	a7	a15
12	0.550165878394248	a7	a17	a31	15
13	0.550291358124752	a7	a17
13	0.550691324765733	a7	a16
13	0.550903071810958	a6	a10
13	0.55131412610054	a8	a56
12	0.551380651992143	a8	a56	a45	0
12	0.551435819804693	a6	a10	a32	0
12	0.551499641391759	a7	a14	a33	0
13	0.551541828542532	a7	a14
12	0.551569412448807	a7	a14	a33	1
13	0.551592669467822	a7	a14
12	0.551679477643451	a7	a16	a33	2
12	0.551781970785393	a7	a14	a33	3
13	0.551831729988869	a7	a14
12	0.551834975154313	a7	a15	a33	4
12	0.551852282703348	a7	a14	a33	5
13	0.551874458000549	a7	a14
12	0.551891765549584	a7	a14	a33	6
13	0.551911777403156	a7	a14
12	0.55193124839582	a7	a14	a33	7
13	0.551931518826274	a7	a16
13	0.551939902170338	a7	a15
13	0.55195775058028	a7	a14
12	0.552011295810107	a7	a15	a33	8
13	0.552031307663679	a7	a15
12	0.552039691007743	a7	a16	a33	9
12	0.552072953953544	a7	a14	a33	10
13	0.552097833555282	a7	a14
13	0.552108921203883	a7	a16
12	0.552119467991576	a7	a15	a33	11
12	0.55214705189785	a7	a17	a33	12
13	0.552170308916866	a7	a15
12	0.552204383154029	a7	a14	a33	13
13	0.552227640173045	a7	a17
12	0.552241432126182	a7	a16	a33	14
13	0.55224278427845	a7	a14
12	0.552262796132022	a7	a15	a33	15
13	0.552282807985594	a7	a15
13	0.552364207552149	a7	a16
13	0.552561892213783	a6	a10
13	0.552678177308862	a8	a56
12	0.554928699544322	a8	a56	a50	0
12	0.559135515681646	a6	a10	a34	0
12	0.559203123295064	a7	a14	a35	0
12	0.559357539084111	a7	a16	a35	1
12	0.559394588056264	a7	a17	a35	2
12	0.559556846328467	a7	a15	a35	3
13	0.568425072195738	a7	a16
13	0.569330743785086	a7	a15
13	0.570303211696491	a7	a17
13	0.692421221230769	a7	a14
13	0.692550486987625	a6	a10
12	0.693939417797685	a6	a10	a36	0
12	0.694001075941122	a7	a14	a37	0
12	0.694321806459177	a7	a16	a37	1
12	0.694439984567432	a7	a17	a37	2
12	0.694561948702038	a7	a15	a37	3
13	0.696184801854525	a7	a17
13	0.696958503382481	a7	a15
13	0.697394978134708	a7	a16
13	0.697397141578337	a7	a14
13	0.697560481572355	a6	a10
12	0.703313619043776	a6	a10	a38	0
12	0.703558088173896	a7	a14	a39	0
12	0.703598382311493	a7	a17	a39	1
12	0.703998348952474	a7	a15	a39	2
12	0.704018901666953	a7	a16	a39	3
13	0.705122798778843	a7	a14
13	0.705485716447671	a7	a16
13	0.705581178397817	a7	a17
13	0.705718286637829	a7	a15
13	0.706057947287641	a6	a10
12	0.706330000324035	a6	a10	a40	0
12	0.706404639129249	a7	a14	a41	0
12	0.706603135082244	a7	a15	a41	1
12	0.706848685934179	a7	a16	a41	2
12	0.707005265166855	a7	a17	a41	3
13	0.707902282981685	a7	a14
13	0.708109973570105	a7	a16
13	0.708150538138156	a7	a15
13	0.708202731215715	a7	a17
13	0.723544791713443	a6	a10
12	0.725216051917137	a8	a57	a49	0
13	0.731009753956609	a8	a57
12	0.731250437060378	a8	a57	a54	0
12	0.73424572476525	a8	a58	a53	0
13	0.746608723385326	a8	a58
12	0.746663350336968	a8	a58	a52	0
13	0.778867831342969	a8	a58
12	0.779054969216911	a8	a58	a51	0
13	0.783638765406653	a8	a58
13	0.788061385046008	a8	a57
13	0.788345877883271	a8	a56
13	0.789021413156544	a8	a55
12	0.792296325950514	a8	a55	a46	0
12	0.792551071437873	a8	a56	a48	0
13	0.842134495118661	a8	a56
12	0.843000954292227	a6	a10	a20	0
12	0.843105340447344	a7	a14	a21	0
12	0.843363871961055	a7	a15	a21	1
12	0.843364953682869	a7	a17	a21	2
12	0.843635113706088	a7	a16	a21	3
13	0.843799264991467	a7	a14
13	0.843899324259326	a7	a17
13	0.844000465248999	a7	a15
13	0.844126215409957	a7	a16
13	0.844222759081918	a6	a10
12	0.844866383561657	a8	a56	a44	0
12	0.844930205148724	a8	a57	a43	0
12	0.845347749769194	a6	a10	a22	0
12	0.845406162747187	a7	a14	a23	0
12	0.845617639361958	a7	a17	a23	1
12	0.845945671502263	a7	a16	a23	2
12	0.846007059215246	a7	a15	a23	3
13	0.846083320603182	a7	a14
12	0.846146601329341	a7	a14	a23	4
13	0.846300205827027	a7	a17
12	0.846377548936777	a7	a17	a23	5
13	0.846487614131422	a7	a16
12	0.846567120684801	a7	a16	a23	6
13	0.84665392886043	a7	a14
12	0.84667231813128	a7	a14	a23	7
13	0.846746416075586	a7	a15
13	0.846790225809081	a7	a17
12	0.846840525873464	a7	a15	a23	8
12	0.846880549580607	a7	a17	a23	9
13	0.847129075167532	a7	a16
12	0.847208581720912	a7	a16	a23	10
13	0.84722021023042	a7	a14
12	0.847245089832158	a7	a14	a23	11
13	0.84735055770909	a7	a17
13	0.847353262013626	a7	a15
12	0.847428441679747	a7	a17	a23	12
12	0.847461434195095	a7	a15	a23	13
13	0.847793252361751	a7	a16
13	0.847810289480332	a7	a14
12	0.847865727723335	a7	a16	a23	14
12	0.847867079875603	a7	a14	a23	15
13	0.8479920187452	a7	a17
13	0.848399016577977	a7	a16
13	0.848402532173874	a7	a14
13	0.848647542164901	a7	a15
13	0.848982875927455	a6	a10
12	0.849616764910862	a6	a10	a24	0
12	0.849677341332485	a7	a14	a25	0
13	0.849771451130363	a7	a14
12	0.849776859739436	a7	a17	a25	1
12	0.849799035036637	a7	a14	a25	2
13	0.849846089935576	a7	a14
12	0.849882327616368	a7	a14	a25	3
13	0.84998995893693	a7	a17
13	0.850064597742143	a7	a14
13	0.850165197870909	a6	a10
12	0.850306362567726	a6	a10	a26	0
12	0.850362071241183	a7	a14	a27	0
13	0.850461589648134	a7	a14
12	0.850478897197169	a7	a14	a27	1
13	0.850668739375647	a7	a14
12	0.850704977056439	a7	a14	a27	2
13	0.850766635199876	a7	a14
12	0.850807740628834	a7	a17	a27	3
13	0.851001368833664	a7	a17
13	0.851140370086851	a6	a10
12	0.851531412522861	a6	a10	a22	0
12	0.851597397553557	a7	a14	a23	0
12	0.851722877284061	a7	a17	a23	1
12	0.852007640551778	a7	a16	a23	2
12	0.852061456212058	a7	a15	a23	3
13	0.8522118155443	a7	a17
13	0.852303761898549	a7	a14
12	0.852355684545654	a7	a14	a23	4
13	0.852585009570368	a7	a15
13	0.852608537019837	a7	a16
12	0.852655051057869	a7	a16	a23	5
12	0.852692100030022	a7	a15	a23	6
13	0.85289005512211	a7	a14
12	0.852953876709177	a7	a14	a23	7
13	0.853186176468881	a7	a16
13	0.85319347809113	a7	a15
12	0.853203484017916	a7	a16	a23	8
12	0.853277311531768	a7	a15	a23	9
13	0.853477430067486	a7	a14
12	0.853538547350016	a7	a14	a23	10
13	0.853725955654411	a7	a16
12	0.853743263203446	a7	a16	a23	11
13	0.853744074494806	a7	a15
12	0.853813304690947	a7	a15	a23	12
13	0.854070754482843	a7	a14
12	0.854130790043558	a7	a14	a23	13
13	0.854252213317257	a7	a16
12	0.854269520866291	a7	a16	a23	14
13	0.854456929170686	a7	a15
12	0.854528322810456	a7	a15	a23	15
13	0.854662456315477	a7	a14
13	0.854778470980103	a7	a16
13	0.856155232419747	a7	a15
13	0.8563358799628	a6	a10
13	0.856472717772359	a8	a57
12	0.856517609227668	a6	a10	a28	0
12	0.856587380284715	a7	a14	a29	0
12	0.856808051534912	a7	a17	a29	1
13	0.856845911798426	a7	a14
12	0.856886476366477	a7	a14	a29	2
12	0.856904054345966	a7	a16	a29	3
13	0.856958951728061	a7	a17
13	0.856973014111652	a7	a14
12	0.857027641063294	a7	a14	a29	4
12	0.857046030334144	a7	a17	a29	5
13	0.857086054041287	a7	a14
13	0.857113097086654	a7	a17
12	0.857166101455574	a7	a14	a29	6
12	0.857193685361848	a7	a17	a29	7
13	0.857237495095343	a7	a14
13	0.857240740260787	a7	a17
12	0.857357025355866	a7	a17	a29	8
12	0.857381904957604	a7	a14	a29	9
12	0.85741327489023	a7	a15	a29	10
13	0.857424092108377	a7	a17
13	0.857432745882895	a7	a14
12	0.857488454556351	a7	a14	a29	11
12	0.857511711575367	a7	a17	a29	12
13	0.857559307335213	a7	a14
13	0.857561470778843	a7	a17
12	0.85761501600867	a7	a14	a29	13
13	0.857635568723149	a7	a15
12	0.857636650444963	a7	a17	a29	14
13	0.857659366603072	a7	a14
13	0.857690195674791	a7	a17
12	0.857714534415621	a7	a14	a29	15
13	0.85778592805539	a7	a14
13	0.874749759983791	a7	a16
13	0.874875510144748	a6	a10
13	0.874916074712799	a8	a56
12	0.876379103467165	a8	a56	a42	0
12	0.876547311209349	a6	a10	a30	0
12	0.876614918822767	a7	a14	a31	0
12	0.876889946594152	a7	a16	a31	1
13	0.876926995566305	a7	a14
12	0.87694646655897	a7	a14	a31	2
13	0.87704301023093	a7	a16
12	0.877068971554483	a7	a16	a31	3
13	0.877070323706751	a7	a14
12	0.877087631255786	a7	a14	a31	4
12	0.877156861451927	a7	a17	a31	5
13	0.877190665258636	a7	a16
13	0.877201752907236	a7	a14
12	0.87725286426298	a7	a16	a31	6
12	0.877271523964283	a7	a14	a31	7
13	0.877399978429778	a7	a16
12	0.877417285978813	a7	a16	a31	8
13	0.877445140315541	a7	a17
13	0.8774494672028	a7	a14
12	0.877475428526352	a7	a14	a31	9
12	0.877512207068052	a7	a17	a31	10
13	0.877542224848409	a7	a16
13	0.877586845873265	a7	a14
12	0.877611725475003	a7	a14	a31	12
12	0.877614700209993	a7	a16	a31	11
13	0.877678792227514	a7	a17
13	0.877748563284561	a7	a14
13	0.877750456297737	a7	a16
12	0.877758298780893	a7	a15	a31	13
12	0.877778851495372	a7	a17	a31	14
12	0.877827799407487	a7	a16	a31	15
13	0.877877288180509	a7	a17
13	0.877960310329786	a7	a16
13	0.877968152812943	a7	a15
13	0.878158535852328	a6	a10
13	0.878651800999826	a8	a56
12	0.878729684970484	a8	a56	a45	0
12	0.878800537749346	a6	a10	a32	0
12	0.879012555225025	a7	a14	a33	0
13	0.879081785421165	a7	a14
12	0.879126406446021	a7	a16	a33	1
12	0.87913370806827	a7	a14	a33	2
13	0.879159398961369	a7	a16
13	0.879161291974544	a7	a14
12	0.879180762967209	a7	a15	a33	3
12	0.879218623230723	a7	a14	a33	4
12	0.879224843131157	a7	a16	a33	5
13	0.879237012501573	a7	a14
12	0.879286230844141	a7	a14	a33	6
13	0.87929353246639	a7	a16
13	0.879308947002249	a7	a14
12	0.879313003459054	a7	a16	a33	7
13	0.87931489647223	a7	a15
12	0.879326795412192	a7	a14	a33	8
13	0.879341669087144	a7	a16
13	0.879350052431208	a7	a14
12	0.879413333157367	a7	a15	a33	9
12	0.879440646633188	a7	a16	a33	10
12	0.879442539646363	a7	a14	a33	11
13	0.87944740739453	a7	a15
13	0.879465526234926	a7	a16
13	0.879529618252446	a7	a14
12	0.879536108583334	a7	a15	a33	12
13	0.879558283880535	a7	a15
12	0.879574509707756	a7	a14	a33	14
12	0.879576943581838	a7	a16	a33	13
13	0.87961831944125	a7	a14
13	0.879620212454426	a7	a16
12	0.879625891493953	a7	a17	a33	15
13	0.879704316325518	a7	a17
13	0.879869819763165	a6	a10
13	0.88001152532089	a8	a56
12	0.881441020699001	a8	a56	a50	0
12	0.901398788180005	a6	a10	a34	0
12	0.901547524929525	a7	a14	a35	0
12	0.901598365854815	a7	a15	a35	1
12	0.901893946340679	a7	a16	a35	2
12	0.902126786961291	a7	a17	a35	3
13	0.912206811691466	a7	a15
13	0.913451603069719	a7	a16
13	0.91354814674168	a7	a14
13	0.91391268699323	a7	a17
13	0.914071700099989	a6	a10
12	0.914159319566979	a6	a10	a36	0
12	0.914412983332524	a7	a14	a37	0
12	0.914486810846376	a7	a16	a37	1
12	0.914848917223843	a7	a17	a37	2
12	0.914882991461006	a7	a15	a37	3
13	0.915065802447688	a7	a14
13	0.915164509563279	a7	a16
13	0.916809538012966	a7	a17
13	0.916823600396557	a7	a15
13	0.917127023365577	a6	a10
12	0.921279753412167	a6	a10	a38	0
12	0.921348983608307	a7	a14	a39	0
12	0.921624281810145	a7	a15	a39	1
12	0.921645916246439	a7	a17	a39	2
12	0.921877675145236	a7	a16	a39	3
13	0.922749272497421	a7	a15
13	0.923028897586518	a7	a14
13	0.923230638704958	a7	a17
13	0.937892566611701	a7	a16
13	0.938023725381732	a6	a10
12	0.93811567173598	a6	a10	a40	0
12	0.938182197627583	a7	a14	a41	0
12	0.938268735372759	a7	a17	a41	1
12	0.938562422845447	a7	a15	a41	2
12	0.938601635261229	a7	a16	a41	3
13	0.939422932549031	a7	a14
13	0.939665238235522	a7	a17
13	0.939720406048071	a7	a15
13	0.939895915412504	a7	a16
13	0.940022206434369	a6	a10
12	0.940600927605227	a8	a57	a49	0
13	0.946166927202707	a8	a57
12	0.946290784350489	a8	a57	a54	0
12	0.965156553659566	a8	a58	a53	0
13	0.981670659743509	a8	a58
12	0.981709601728838	a8	a58	a52	0
13	0.98798791514129	a8	a58
12	0.988048491562913	a8	a58	a51	0
13	0.991593834810555	a8	a58
13	0.994757330257612	a8	a57
13	0.995005044553175	a8	a56
13	0.995253299709646	a8	a55
12	0.996131657823173	a8	a55	a46	0
12	0.996177631000298	a8	a56	a48	0
13	1.03733336002285	a8	a56
12	1.03755565385577	a6	a10	a20	0
12	1.0376173119992	a7	a14	a21	0
12	1.03788152255244	a7	a16	a21	1
12	1.03808191151861	a7	a17	a21	2
13	1.03821712674545	a7	a14
12	1.03828257091524	a7	a14	a21	3
13	1.03854597017711	a7	a17
13	1.0385489449121	a7	a16
13	1.03880450169082	a7	a14
13	1.03887156844333	a6	a10
12	1.03909602571988	a8	a56	a44	0
12	1.03931669697008	a8	a57	a43	0
12	1.03952276497578	a6	a10	a22	0
12	1.03959199517192	a7	a14	a23	0
12	1.03991975688177	a7	a17	a23	1
12	1.03999845214379	a7	a16	a23	2
13	1.04030106382145	a7	a14
12	1.04031837137048	a7	a14	a23	3
13	1.04054742596474	a7	a16
13	1.04055851361334	a7	a17
12	1.04056473351378	a7	a16	a23	4
12	1.04061746745224	a7	a17	a23	5
13	1.04084354731151	a7	a14
12	1.04089601081952	a7	a14	a23	6
13	1.04108395998483	a7	a16
12	1.04110072667295	a7	a16	a23	7
13	1.04110586485157	a7	a17
12	1.0411886165704	a7	a17	a23	8
13	1.04144931152774	a7	a14
12	1.04150069331394	a7	a14	a23	9
13	1.04158236331094	a7	a17
13	1.04163077036215	a7	a16
12	1.04164780748073	a7	a17	a23	10
12	1.04169134678377	a7	a16	a23	11
13	1.04205507574396	a7	a17
13	1.04206859726665	a7	a14
12	1.04210699839107	a7	a14	a23	12
12	1.04213728660188	a7	a17	a23	13
13	1.04224464749199	a7	a16
12	1.04230360133089	a7	a16	a23	14
13	1.05601631834524	a7	a17
12	1.05607797648868	a7	a17	a23	15
13	1.05681354732267	a7	a17
13	1.05688494096244	a7	a14
13	1.0569447060927	a7	a16
13	1.0570077163884	a6	a10
12	1.05750260411862	a6	a10	a24	0
12	1.05756372140115	a7	a14	a25	0
13	1.05761564404826	a7	a14
12	1.05763186987548	a7	a14	a25	1
13	1.05767567960897	a7	a14
12	1.05769677318436	a7	a14	a25	2
13	1.05773355172606	a7	a14
12	1.05775085927509	a7	a14	a25	3
13	1.05779953675676	a7	a14
13	1.05811377694392	a6	a10
12	1.05819274263639	a6	a10	a26	0
12	1.05825115561439	a7	a14	a27	0
13	1.05831227289692	a7	a14
12	1.05833877508138	a7	a14	a27	1
13	1.05853023984258	a7	a14
12	1.05854700653071	a7	a14	a27	2
13	1.05860433778688	a7	a14
12	1.05862462007091	a7	a16	a27	3
13	1.05870683092883	a7	a16
13	1.05894183499307	a6	a10
12	1.05929123113921	a6	a10	a22	0
12	1.0593420720645	a7	a14	a23	0
12	1.05947945073497	a7	a17	a23	1
12	1.05980315598801	a7	a16	a23	2
13	1.05994945886345	a7	a17
13	1.05996514382976	a7	a14
12	1.06001490303324	a7	a14	a23	3
12	1.06005330415766	a7	a17	a23	4
13	1.06035104808715	a7	a16
12	1.06041865570057	a7	a16	a23	5
13	1.06051195420709	a7	a17
13	1.06052277142523	a7	a14
12	1.06056658115873	a7	a14	a23	6
12	1.06060065539589	a7	a17	a23	7
13	1.06093463700618	a7	a16
12	1.06100170375869	a7	a16	a23	8
13	1.06106904094165	a7	a14
12	1.06108580762978	a7	a14	a23	9
13	1.06112691305874	a7	a17
12	1.06120047014214	a7	a17	a23	10
13	1.06155879049325	a7	a16
13	1.06159692118722	a7	a14
13	1.06162234164986	a7	a17
12	1.06163640403346	a7	a14	a23	12
12	1.06163991962935	a7	a16	a23	11
12	1.06174944396309	a7	a17	a23	13
13	1.06213940467729	a7	a17
12	1.06215671222632	a7	a17	a23	14
13	1.06215671222632	a7	a14
13	1.06216401384857	a7	a16
12	1.06221458434341	a7	a14	a23	15
13	1.06260616764032	a7	a17
13	1.062847391605	a7	a14
13	1.06291283577479	a6	a10
13	1.06317461245394	a8	a57
12	1.06320976841292	a6	a10	a28	0
12	1.06326277278184	a7	a14	a29	0
13	1.0633190223162	a7	a14
12	1.06332713522981	a7	a17	a29	1
12	1.06336337291061	a7	a14	a29	2
13	1.0634509923776	a7	a14
12	1.06347100423117	a7	a14	a29	3
13	1.06349966985926	a7	a17
12	1.06356078714179	a7	a17	a29	4
13	1.06361270978889	a7	a17
12	1.06362893561611	a7	a17	a29	5
13	1.06366733674053	a7	a14
13	1.06366787760144	a7	a17
12	1.06368410342866	a7	a17	a29	6
12	1.06370357442133	a7	a14	a29	7
13	1.06371925938764	a7	a17
13	1.06375603792934	a7	a14
12	1.06377604978291	a7	a14	a29	8
12	1.06379335733195	a7	a17	a29	9
13	1.06381661435096	a7	a14
12	1.06381904822504	a7	a16	a29	10
12	1.06383662620453	a7	a14	a29	11
13	1.06384365739633	a7	a17
13	1.06388043593803	a7	a14
13	1.06389639133479	a7	a16
12	1.06390423381795	a7	a17	a29	12
12	1.06393830805511	a7	a14	a29	13
12	1.0639407419292	a7	a16	a29	14
13	1.06396913712683	a7	a17
13	1.0639961801722	a7	a14
13	1.0640142990126	a7	a16
12	1.06405188884566	a7	a17	a29	15
13	1.06409894374459	a7	a17
13	1.06423253638871	a6	a10
13	1.06426444718224	a8	a56
12	1.06473878219798	a8	a56	a42	0
12	1.0649827104672	a6	a10	a30	0
12	1.06504004172337	a7	a14	a31	0
12	1.06506086486831	a7	a16	a31	1
13	1.06520338171739	a7	a14
13	1.06520906075692	a7	a16
12	1.06524178284181	a7	a15	a31	2
12	1.0652593608213	a7	a16	a31	3
12	1.06530344098525	a7	a14	a31	4
12	1.06531696250793	a7	a17	a31	5
13	1.06543081372893	a7	a16
13	1.0654321658812	a7	a15
13	1.0654689444229	a7	a14
13	1.06549490574645	a7	a17
12	1.06549842134235	a7	a16	a31	6
12	1.06551978534819	a7	a15	a31	7
12	1.06556034991624	a7	a14	a31	8
12	1.06558360693525	a7	a17	a31	9
13	1.06564012690007	a7	a16
13	1.06565067368777	a7	a15
12	1.06569908073897	a7	a16	a31	10
13	1.06571395441392	a7	a14
12	1.06572747593661	a7	a15	a31	11
13	1.06573883401566	a7	a17
12	1.06579021580186	a7	a14	a31	12
12	1.06582320831721	a7	a17	a31	13
13	1.06585376695847	a7	a16
13	1.06587188579887	a7	a15
13	1.06589514281788	a7	a14
12	1.06591975198917	a7	a16	a31	14
13	1.06593138049868	a7	a17
12	1.06597356764945	a7	a15	a31	15
13	1.06608579628772	a7	a16
13	1.06612230439897	a7	a15
13	1.06628888955843	a6	a10
13	1.06660637491104	a8	a56
12	1.06670859762253	a8	a56	a45	0
12	1.06675348907784	a6	a10	a32	0
12	1.06681352463856	a7	a14	a33	0
13	1.06686166125931	a7	a14
12	1.06688005053016	a7	a14	a33	1
13	1.06690222582736	a7	a14
12	1.06692169682002	a7	a14	a33	2
12	1.06704879913325	a7	a17	a33	3
13	1.06707530131771	a7	a14
12	1.06711965191211	a7	a14	a33	4
13	1.06713209171298	a7	a17
13	1.06714290893113	a7	a14
12	1.06718725952553	a7	a14	a33	5
12	1.06719402028687	a7	a16	a33	6
13	1.06721159826636	a7	a14
12	1.0672143025709	a7	a17	a33	7
13	1.06723133968948	a7	a16
13	1.06723215098084	a7	a17
12	1.06725486713895	a7	a14	a33	8
13	1.06728136932341	a7	a14
12	1.06731382097785	a7	a17	a33	9
12	1.06733815971868	a7	a14	a33	10
12	1.06734113445367	a7	a16	a33	11
13	1.06734410918866	a7	a17
13	1.06735925329407	a7	a14
12	1.06739278667032	a7	a15	a33	12
13	1.06741523239798	a7	a16
12	1.06742632004658	a7	a14	a33	13
12	1.06744525017833	a7	a17	a33	14
13	1.06745390395285	a7	a14
13	1.06746309858828	a7	a15
13	1.06746958891916	a7	a17
12	1.06749149378591	a7	a16	a33	15
13	1.06761859609914	a7	a16
13	1.06774380539919	a6	a10
13	1.06784007864069	a8	a56
12	1.0687168141715	a8	a56	a50	0
12	1.07174130836537	a6	a10	a34	0
12	1.07180512995244	a7	a14	a35	0
12	1.07215344437677	a7	a17	a35	1
12	1.07220104013661	a7	a15	a35	2
12	1.07227378592865	a7	a16	a35	3
13	1.07955999364194	a7	a14
13	1.08317078105937	a7	a17
13	1.08366296448505	a7	a15
13	1.08371083067535	a7	a16
13	1.08409673493274	a6	a10
12	1.08417894579066	a6	a10	a36	0
12	1.08443801816528	a7	a14	a37	0
12	1.08452807150635	a7	a16	a37	1
12	1.08464516789279	a7	a15	a37	2
12	1.08478200570235	a7	a17	a37	3
13	1.08515195456297	a7	a14
13	1.08573905907789	a7	a16
13	1.08675452543143	a7	a15
13	1.08714394528472	a7	a17
13	1.08729484547787	a6	a10
12	1.09078826607841	a6	a10	a38	0
12	1.09086993607542	a7	a14	a39	0
12	1.09123177202243	a7	a17	a39	1
12	1.09128802155679	a7	a15	a39	2
12	1.09139051469873	a7	a16	a39	3
13	1.09221343456926	a7	a14
13	1.09253795111367	a7	a17
13	1.09270210239904	a7	a16
13	1.09401504225162	a7	a15
13	1.09424436727634	a6	a10
12	1.09435848892779	a6	a10	a40	0
12	1.09441203415761	a7	a14	a41	0
12	1.0946911183858	a7	a15	a41	1
12	1.09474899050289	a7	a17	a41	2
12	1.0948785266902	a7	a16	a41	3
13	1.09518330181149	a7	a14
13	1.09590426940098	a7	a17
13	1.09596051893534	a7	a15
13	1.09596078936579	a7	a16
13	1.09617524071556	a6	a10
12	1.09642565931566	a8	a57	a49	0
13	1.10201383421034	a8	a57
12	1.10205115361294	a8	a57	a54	0
12	1.10518760601463	a8	a58	a53	0
13	1.13546824477321	a8	a58
12	1.13549799212312	a8	a58	a52	0
13	1.14138364051684	a8	a58
12	1.14140906097948	a8	a58	a51	0
13	1.14498361071612	a8	a58
13	1.14818929331395	a8	a57
13	1.14843268072225	a8	a56
13	1.14870797892409	a8	a55
12	1.14958201015036	a8	a55	a47	0
13	1.1653297163286	a8	a55
12	1.16539570135929	a8	a55	a46	0
12	1.1654259895701	a8	a56	a48	0
13	1.21851419193048	a8	a56
12	1.21885331171939	a6	a10	a20	0
12	1.23451556187426	a7	a15	a21	1
12	1.23458803723585	a7	a17	a21	2
13	1.23540798237138	a7	a17
12	1.23542691250314	a7	a17	a21	3
12	1.23571356878403	a7	a14	a21	0
13	1.23578171725836	a7	a15
13	1.23600779711763	a7	a17
13	1.23623495869871	a7	a14
13	1.23630527061667	a6	a10
12	1.23660328497661	a8	a56	a44	0
12	1.23662654199563	a8	a57	a43	0
12	1.23681530245229	a6	a10	a22	0
12	1.23687912403936	a7	a14	a23	0
12	1.23725231806543	a7	a15	a23	1
12	1.23728152455442	a7	a17	a23	2
12	1.23730234769936	a7	a16	a23	3
13	1.23756223136534	a7	a14
12	1.23758765182798	a7	a14	a23	4
13	1.23781535426997	a7	a17
13	1.23789026350564	a7	a16
12	1.23789540168426	a7	a17	a23	5
12	1.23796327972813	a7	a16	a23	6
13	1.23801330936206	a7	a15
12	1.23811607293446	a7	a15	a23	7
13	1.23818151710424	a7	a14
12	1.23823884836042	a7	a14	a23	8
13	1.23839840232809	a7	a17
12	1.23847953146419	a7	a17	a23	9
13	1.23851441699272	a7	a16
13	1.23856769179209	a7	a15
12	1.23859338268519	a7	a16	a23	10
12	1.23865585211999	a7	a15	a23	11
13	1.23876672860599	a7	a14
12	1.23882514158398	a7	a14	a23	12
13	1.23893331376545	a7	a17
12	1.23901660634518	a7	a17	a23	13
13	1.23914289736705	a7	a16
13	1.23917670117376	a7	a15
12	1.23920725981502	a7	a16	a23	14
12	1.23927351527617	a7	a15	a23	15
13	1.23936221646498	a7	a14
13	1.23952393387627	a7	a17
13	1.23970052496252	a7	a16
13	1.23972405241199	a7	a15
13	1.23994201935765	a6	a10
12	1.24041202748613	a6	a10	a24	0
12	1.24046773615959	a7	a14	a25	0
12	1.24049126360906	a7	a16	a25	1
13	1.24052182225032	a7	a14
12	1.24054075238208	a7	a14	a25	2
13	1.24056860671881	a7	a16
13	1.24058239867195	a7	a14
12	1.24058915943329	a7	a16	a25	3
13	1.24063783691495	a7	a16
13	1.24083714415931	a6	a10
12	1.24092909051355	a6	a10	a26	0
12	1.24100102501423	a7	a14	a27	0
13	1.24119357149725	a7	a14
12	1.24121628765535	a7	a14	a27	1
13	1.24126280169339	a7	a14
12	1.24129471248692	a7	a14	a27	2
12	1.24131066788369	a7	a16	a27	3
13	1.24134555341221	a7	a14
13	1.24138476582799	a7	a16
13	1.2417425453182	a6	a10
12	1.24207247047168	a6	a10	a22	0
12	1.24212872000604	a7	a14	a23	0
12	1.24225744490199	a7	a15	a23	1
12	1.24236345363983	a7	a17	a23	2
12	1.24256330174509	a7	a16	a23	3
13	1.24283346176831	a7	a17
13	1.24283941123829	a7	a14
12	1.24291459090441	a7	a14	a23	4
12	1.24293947050615	a7	a17	a23	5
13	1.24310524437425	a7	a16
12	1.24317122940495	a7	a16	a23	6
13	1.2432007063244	a7	a15
12	1.24327967201687	a7	a15	a23	7
13	1.24336675062295	a7	a17
13	1.24343057221002	a7	a14
12	1.24343706254091	a7	a17	a23	8
12	1.2434808722744	a7	a14	a23	9
13	1.24369153759781	a7	a16
12	1.24370884514685	a7	a16	a23	10
13	1.24388381365038	a7	a17
13	1.24389787603397	a7	a15
12	1.24395791159468	a7	a17	a23	11
12	1.24399090411003	a7	a15	a23	12
13	1.24403958159169	a7	a14
12	1.24410286231785	a7	a14	a23	13
13	1.24421941784338	a7	a16
12	1.24423618453151	a7	a16	a23	14
13	1.24440249926052	a7	a15
13	1.24444468641129	a7	a17
12	1.24450472197201	a7	a17	a23	15
13	1.24466427593967	a7	a14
13	1.24474892067167	a7	a16
13	1.24494281930696	a7	a17
13	1.24528788856584	a6	a10
13	1.24538524352916	a8	a57
12	1.24540850054818	a6	a10	a28	0
12	1.24548800710156	a7	a14	a29	0
13	1.24555669643679	a7	a14
12	1.24557454484673	a7	a14	a29	1
13	1.24563566212926	a7	a14
12	1.2456529696783	a7	a14	a29	2
12	1.24578764404423	a7	a15	a29	3
13	1.2458444344395	a7	a14
12	1.24588770331209	a7	a14	a29	4
12	1.2459215071188	a7	a16	a29	5
13	1.24594178940282	a7	a14
12	1.24598289483178	a7	a14	a29	6
13	1.24598505827541	a7	a15
13	1.24603130188299	a7	a16
13	1.24603914436614	a7	a14
12	1.24606456482879	a7	a15	a29	7
12	1.24613027942903	a7	a16	a29	9
13	1.24613217244221	a7	a15
12	1.24613271330311	a7	a14	a29	8
13	1.24619383058564	a7	a14
13	1.24620221392971	a7	a16
12	1.24620464780379	a7	a15	a29	10
12	1.24628415435717	a7	a14	a29	11
13	1.24628794038352	a7	a15
12	1.24629361942305	a7	a16	a29	12
12	1.24632471892522	a7	a17	a29	13
13	1.24633661786518	a7	a14
13	1.24634337862652	a7	a16
12	1.2463971942868	a7	a14	a29	14
12	1.24642802335852	a7	a15	a29	15
13	1.24643992229848	a7	a14
13	1.24651131593825	a7	a15
13	1.24653998156634	a7	a17
13	1.24670981189125	a6	a10
13	1.24687801963343	a8	a56
12	1.24718414690699	a8	a56	a42	0
12	1.24741401279261	a6	a10	a30	0
12	1.24749135590236	a7	a14	a31	0
13	1.24762927543373	a7	a14
12	1.24764766470458	a7	a14	a31	1
12	1.24789591986106	a7	a17	a31	2
13	1.24792458548914	a7	a14
12	1.24795162853451	a7	a15	a31	3
12	1.24797055866627	a7	a14	a31	4
12	1.24798543234122	a7	a16	a31	5
13	1.24812145885942	a7	a14
13	1.24815769654021	a7	a17
13	1.24815850783157	a7	a16
13	1.24818528044648	a7	a15
12	1.24822097726637	a7	a14	a31	6
12	1.24822341114045	a7	a16	a31	7
12	1.2482820945489	a7	a17	a31	8
13	1.24834375269234	a7	a14
13	1.24835862636729	a7	a16
12	1.24840324739214	a7	a14	a31	9
13	1.24842325924572	a7	a17
12	1.24844408239065	a7	a16	a31	10
12	1.24848383566734	a7	a15	a31	11
12	1.24851628732178	a7	a17	a31	12
13	1.24854278950624	a7	a14
13	1.2485733481475	a7	a16
12	1.24862283692053	a7	a14	a31	13
12	1.24862743423824	a7	a16	a31	14
13	1.24863906274775	a7	a15
13	1.24865474771406	a7	a17
12	1.24871207897024	a7	a17	a31	15
13	1.24873966287651	a7	a14
13	1.24874426019423	a7	a16
13	1.24885811141522	a7	a17
13	1.24900792988656	a6	a10
13	1.24933785504004	a8	a56
12	1.24939140026986	a8	a56	a45	0
12	1.24941898417614	a6	a10	a32	0
12	1.24949091867681	a7	a14	a33	0
13	1.249519043444	a7	a14
12	1.24954554562846	a7	a14	a33	1
12	1.24969969098705	a7	a17	a33	2
13	1.24971213078792	a7	a14
12	1.24975053191234	a7	a14	a33	3
13	1.24977432979226	a7	a14
13	1.24979380078493	a7	a17
12	1.2498581632329	a7	a15	a33	4
12	1.24989548263551	a7	a17	a33	5
13	1.24991224932363	a7	a15
12	1.24992171438951	a7	a16	a33	6
12	1.2499246891245	a7	a14	a33	7
13	1.24995119130896	a7	a14
13	1.24995281389169	a7	a17
13	1.24998391339386	a7	a16
12	1.25005828176862	a7	a15	a33	8
13	1.25008316137036	a7	a15
12	1.25010209150211	a7	a14	a33	9
12	1.25010668881983	a7	a16	a33	10
12	1.25012859368657	a7	a17	a33	11
13	1.25013887004381	a7	a14
13	1.2501413039179	a7	a16
13	1.25014806467924	a7	a17
12	1.25017294428098	a7	a15	a33	12
13	1.25024433792074	a7	a15
12	1.25024947609936	a7	a16	a33	13
12	1.25025136911254	a7	a14	a33	14
13	1.25029842401148	a7	a14
12	1.25033033480501	a7	a15	a33	15
13	1.25033385040091	a7	a16
13	1.25036981765125	a7	a15
13	1.25255705916055	a6	a10
13	1.25280261001248	a8	a56
12	1.25729391898707	a8	a56	a50	0
12	1.26076245998587	a6	a10	a34	0
12	1.26084521170469	a7	a14	a35	0
12	1.26096852799157	a7	a17	a35	1
12	1.26132143973361	a7	a16	a35	2
12	1.26158835459138	a7	a15	a35	3
13	1.26947356575956	a7	a14
13	1.27232904091988	a7	a16
13	1.27239367379831	a7	a17
13	1.2728198721933	a7	a15
13	1.272967527221	a6	a10
12	1.27303783913896	a6	a10	a36	0
12	1.27309084350787	a7	a14	a37	0
12	1.2734386170713	a7	a17	a37	1
12	1.2735605812059	a7	a16	a37	2
13	1.27406304098883	a7	a16
12	1.27408900231238	a7	a16	a37	3
13	1.27574322539749	a7	a14
13	1.27659562218747	a7	a17
13	1.27687984459428	a7	a16
13	1.27702344316518	a6	a10
12	1.28059420687546	a6	a10	a38	0
12	1.28065478329708	a7	a14	a39	0
12	1.28070319034829	a7	a16	a39	1
12	1.28087924057363	a7	a15	a39	2
12	1.28184684073687	a7	a17	a39	3
13	1.28202911086265	a7	a14
13	1.28218460837351	a7	a16
13	1.28302808095851	a7	a15
13	1.28328120386315	a7	a17
13	1.28342236855997	a6	a10
12	1.28349700736518	a6	a10	a40	0
12	1.28369928934453	a7	a14	a41	0
12	1.2838558685772	a7	a16	a41	1
12	1.28390697993295	a7	a15	a41	2
12	1.28414604045399	a7	a17	a41	3
13	1.28433371918884	a7	a14
13	1.28493704953098	a7	a16
13	1.28543220769166	a7	a17
13	1.28657937367613	a7	a15
13	1.28678814598637	a6	a10
12	1.28722624332132	a8	a57	a49	0
13	1.29252451676966	a8	a57
12	1.29257589855586	a8	a57	a54	0
12	1.29508008455686	a8	a58	a53	0
13	1.31079479821975	a8	a58
12	1.31095921993559	a8	a58	a52	0
13	1.31657389701473	a8	a58
12	1.31674589078326	a8	a58	a51	0
13	1.32012302628872	a8	a58
13	1.32343634020711	a8	a57
13	1.32353207258771	a8	a56
13	1.32372083304437	a8	a55
12	1.32453104268358	a8	a55	a46	0
12	1.32456024917257	a8	a56	a48	0
13	1.35898009645506	a8	a56
12	1.35915803969357	a6	a10	a20	0
12	1.35935761736838	a7	a14	a21	0
12	1.35945524276216	a7	a16	a21	1
12	1.35974379205623	a7	a17	a21	2
13	1.3598379018541	a7	a14
12	1.35991037721569	a7	a14	a21	3
13	1.36002585101941	a7	a16
13	1.36031007342622	a7	a17
13	1.36043555315672	a7	a14
13	1.36070003414041	a6	a10
12	1.36086229241261	a8	a56	a44	0
12	1.3608909580407	a8	a57	a43	0
12	1.361221964916	a6	a10	a22	0
12	1.36128254133762	a7	a14	a23	0
12	1.36132986666701	a7	a16	a23	1
12	1.36153512338135	a7	a17	a23	2
13	1.36183800548946	a7	a14
13	1.36187938134888	a7	a16
12	1.36188992813657	a7	a14	a23	3
12	1.3619107512815	a7	a16	a23	4
13	1.36225933613629	a7	a17
12	1.36234046527239	a7	a17	a23	5
13	1.36243944281843	a7	a14
13	1.36244728530159	a7	a16
12	1.3625032644055	a7	a14	a23	6
12	1.36251272947138	a7	a16	a23	7
13	1.36289484770241	a7	a17
12	1.3629748951167	a7	a17	a23	8
13	1.36304628875647	a7	a14
13	1.36304818176965	a7	a16
12	1.36310848776082	a7	a14	a23	9
12	1.36311308507853	a7	a16	a23	10
13	1.36339406231989	a7	a17
12	1.36345572046333	a7	a17	a23	11
13	1.36371830843385	a7	a16
13	1.36374670363148	a7	a14
12	1.36378970207362	a7	a16	a23	12
12	1.3637921359477	a7	a14	a23	13
13	1.36386190700475	a7	a17
12	1.36392356514818	a7	a17	a23	14
13	1.364344895795	a7	a14
13	1.3643554425827	a7	a16
12	1.364403308773	a7	a14	a23	15
13	1.36444333248014	a7	a17
13	1.36506586338449	a7	a14
13	1.3651323892761	a6	a10
12	1.36557373177649	a6	a10	a24	0
12	1.36562944044995	a7	a14	a25	0
13	1.36567054587891	a7	a14
12	1.36573977607505	a7	a14	a25	1
12	1.36576249223315	a7	a17	a25	2
13	1.36577655461675	a7	a14
13	1.36592961825352	a7	a17
12	1.36598208176154	a7	a14	a25	3
13	1.36604211732225	a7	a14
13	1.36618869062814	a6	a10
12	1.36624548102341	a6	a10	a26	0
12	1.36631417035865	a7	a14	a27	0
13	1.36637961452843	a7	a14
12	1.36639746293838	a7	a14	a27	1
13	1.36657324273326	a7	a14
12	1.36659487716956	a7	a14	a27	2
13	1.36663760518124	a7	a14
12	1.36667492458384	a7	a14	a27	3
13	1.36672630637004	a7	a14
13	1.36687558398047	a6	a10
12	1.37925589014958	a6	a10	a22	0
12	1.37934026445113	a7	a14	a23	0
12	1.37956958947584	a7	a15	a23	1
12	1.37977457575972	a7	a17	a23	2
13	1.38004176104795	a7	a14
12	1.38009368369506	a7	a14	a23	3
12	1.38017670584433	a7	a16	a23	4
13	1.38031489580616	a7	a15
12	1.38040521957769	a7	a15	a23	5
13	1.38041874110037	a7	a17
12	1.38049878851466	a7	a17	a23	6
13	1.38061345102701	a7	a14
12	1.38066699625684	a7	a14	a23	7
13	1.38072081191712	a7	a16
12	1.38074406893614	a7	a16	a23	8
13	1.38087252340163	a7	a15
12	1.38095960200771	a7	a15	a23	9
13	1.38096230631225	a7	a17
12	1.38104830319652	a7	a17	a23	10
13	1.38119920338967	a7	a14
12	1.38124842173224	a7	a14	a23	11
13	1.38130602341887	a7	a16
12	1.3813233309679	a7	a16	a23	12
13	1.38141230258716	a7	a15
12	1.38149721774961	a7	a15	a23	13
13	1.3817833331696	a7	a14
12	1.38184553217394	a7	a14	a23	14
13	1.38184904776984	a7	a16
12	1.38186581445797	a7	a16	a23	15
13	1.38196668501719	a7	a17
13	1.38238855652492	a7	a14
13	1.38240992053076	a7	a16
13	1.38255784598892	a7	a15
13	1.3827336257838	a6	a10
13	1.38324798450669	a8	a57
12	1.38329720284926	a6	a10	a28	0
12	1.38339780297802	a7	a14	a29	0
13	1.38362604628092	a7	a14
12	1.38364984416084	a7	a14	a29	1
13	1.38370284852976	a7	a14
12	1.38371880392653	a7	a16	a29	2
12	1.38372231952243	a7	a14	a29	3
13	1.38378019163951	a7	a14
12	1.38379695832764	a7	a14	a29	4
13	1.38380047392354	a7	a16
12	1.38381778147258	a7	a16	a29	5
13	1.38385483044473	a7	a14
13	1.38388376650327	a7	a16
12	1.38393812302446	a7	a14	a29	6
12	1.3839448837858	a7	a16	a29	7
12	1.38396732951346	a7	a15	a29	8
12	1.38398950481066	a7	a17	a29	9
13	1.38399815858517	a7	a14
13	1.38400491934652	a7	a16
12	1.38404250917958	a7	a14	a29	10
12	1.38411200980617	a7	a16	a29	11
13	1.38411660712388	a7	a15
13	1.38412688348112	a7	a14
13	1.38416339159237	a7	a16
13	1.38417826526732	a7	a17
12	1.38419232765091	a7	a14	a29	12
12	1.38419476152499	a7	a16	a29	13
13	1.38423884168894	a7	a14
13	1.38425263364208	a7	a16
12	1.38425885354251	a7	a17	a29	14
13	1.3843313289041	a7	a17
12	1.38433511493045	a7	a14	a29	15
13	1.38442219353653	a7	a14
13	1.38454064207524	a6	a10
13	1.38457742061694	a8	a56
12	1.38596256540065	a8	a56	a42	0
12	1.38607560533028	a6	a10	a30	0
12	1.38614267208279	a7	a14	a31	0
13	1.38646123915722	a7	a14
12	1.38648395531533	a7	a17	a31	1
12	1.38651235051296	a7	a16	a31	2
12	1.38651640696977	a7	a14	a31	3
13	1.38663593723029	a7	a14
12	1.38665486736205	a7	a14	a31	4
13	1.38667947653333	a7	a16
12	1.38670868302233	a7	a16	a31	5
13	1.38672139325365	a7	a17
13	1.38677385676167	a7	a14
12	1.38679711378068	a7	a17	a31	6
12	1.38682740199149	a7	a14	a31	7
13	1.38684065308372	a7	a16
12	1.38687743162542	a7	a16	a31	8
12	1.38690528596215	a7	a15	a31	9
13	1.38691339887576	a7	a17
13	1.38694530966929	a7	a14
12	1.3869896602637	a7	a17	a31	10
13	1.38700723824318	a7	a16
12	1.38701453986543	a7	a14	a31	11
12	1.38709431684927	a7	a16	a31	12
13	1.38713298840414	a7	a17
13	1.3871519185359	a7	a15
13	1.38722060787113	a7	a14
12	1.3872254756193	a7	a17	a31	13
13	1.38724089015516	a7	a16
12	1.38724170144652	a7	a15	a31	14
12	1.38731634025173	a7	a14	a31	15
13	1.3873433832971	a7	a17
13	1.38736393601158	a7	a15
13	1.38743749309498	a7	a14
13	1.3875640545473	a6	a10
13	1.38798700777684	a8	a56
12	1.3880578605557	a8	a56	a45	0
12	1.38824391670783	a6	a10	a32	0
12	1.38830341140764	a7	a14	a33	0
12	1.38835290018066	a7	a16	a33	1
13	1.38836236524654	a7	a14
13	1.38838805613963	a7	a16
12	1.38839049001372	a7	a14	a33	2
12	1.38840536368867	a7	a16	a33	3
13	1.38841645133727	a7	a14
13	1.3884297024295	a7	a16
12	1.38843592232993	a7	a14	a33	4
12	1.38845404117033	a7	a16	a33	5
13	1.38847107828891	a7	a14
13	1.38847783905025	a7	a16
12	1.38850650467834	a7	a16	a33	6
12	1.38850893855243	a7	a14	a33	7
13	1.38853084341917	a7	a16
13	1.38853219557144	a7	a14
12	1.38855545259046	a7	a14	a33	9
12	1.38855842732545	a7	a16	a33	8
13	1.38857979133129	a7	a14
13	1.38858222520537	a7	a16
12	1.38859763974123	a7	a14	a33	10
12	1.38860331878076	a7	a16	a33	11
13	1.38862089676025	a7	a14
13	1.38862495321705	a7	a16
12	1.38866659950692	a7	a16	a33	13
12	1.388669033381	a7	a14	a33	12
13	1.38869039738684	a7	a16
13	1.38869337212183	a7	a14
12	1.38874745821256	a7	a17	a33	14
12	1.38878910450243	a7	a15	a33	15
13	1.38881885185233	a7	a17
13	1.38886103900311	a7	a15
13	1.38904060482435	a6	a10
13	1.38926668468362	a8	a56
12	1.39120404845372	a8	a56	a50	0
12	1.39501657698959	a6	a10	a34	0
12	1.39509392009934	a7	a14	a35	0
12	1.39516909976546	a7	a17	a35	1
12	1.39538463283704	a7	a16	a35	2
12	1.39566182405205	a7	a15	a35	3
13	1.40578079076756	a7	a14
13	1.40581026768701	a7	a16
13	1.40621185691071	a7	a15
13	1.40672188874634	a7	a17
13	1.40691281264663	a6	a10
12	1.40713835164499	a6	a10	a36	0
12	1.40721190872839	a7	a14	a37	0
12	1.40769354536638	a7	a16	a37	1
13	1.40785769665176	a7	a14
12	1.40789339347165	a7	a14	a37	2
12	1.40799723876586	a7	a17	a37	3
13	1.40840667047272	a7	a14
13	1.40844696461031	a7	a16
13	1.40927853825535	a7	a17
13	1.40944025566665	a6	a10
12	1.41294773865078	a6	a10	a38	0
12	1.41311702811478	a7	a17	a39	1
12	1.41316624645735	a7	a14	a39	0
12	1.41319761638997	a7	a15	a39	2
12	1.41330443641917	a7	a16	a39	3
13	1.414341537209	a7	a17
13	1.414820199112	a7	a15
13	1.41483858838285	a7	a14
13	1.41491079331398	a7	a16
13	1.41502464453498	a6	a10
12	1.41512362208102	a6	a10	a40	0
12	1.41517662644994	a7	a14	a41	0
12	1.41554441186694	a7	a17	a41	1
12	1.41569828679508	a7	a16	a41	2
13	1.41600738880362	a7	a14
12	1.41603064582264	a7	a14	a41	3
13	1.41638409842559	a7	a16
13	1.41650930772564	a7	a17
13	1.41715779995355	a7	a14
13	1.41722378498424	a6	a10
12	1.41768189417276	a8	a57	a49	0
13	1.42136083006452	a8	a57
12	1.42144844953151	a8	a57	a54	0
12	1.42395101294979	a8	a58	a53	0
13	1.43954998237851	a8	a58
12	1.4395791888675	a8	a58	a52	0
13	1.44526363700369	a8	a58
12	1.44542859958043	a8	a58	a51	0
13	1.44886685236842	a8	a58
13	1.46634260914562	a8	a57
13	1.46661303959929	a8	a56
13	1.4668196484659	a8	a55
12	1.46777426796736	a8	a55	a46	0
12	1.46785269279893	a8	a56	a48	0
13	1.54820623435944	a8	a56
12	1.54908946022113	a6	a10	a20	0
12	1.54918465174083	a7	a14	a21	0
12	1.54929011961776	a7	a15	a21	1
12	1.54952025593383	a7	a16	a21	2
13	1.54954432424421	a7	a14
12	1.5496021963613	a7	a14	a21	3
13	1.54986343217954	a7	a15
13	1.54995159250744	a7	a14
13	1.55012223412371	a7	a16
13	1.55024852514557	a6	a10
12	1.55106414339385	a8	a56	a44	0
12	1.55112526067638	a8	a57	a43	0
12	1.55134539106567	a6	a10	a22	0
12	1.55142814278449	a7	a14	a23	0
12	1.55183487018681	a7	a15	a23	1
13	1.55186083151037	a7	a14
12	1.55191437674019	a7	a14	a23	2
12	1.5519557525996	a7	a16	a23	3
12	1.55197549402272	a7	a17	a23	4
13	1.55231353208981	a7	a14
12	1.55236924076327	a7	a14	a23	5
13	1.55248119897109	a7	a15
12	1.55255854208084	a7	a15	a23	6
13	1.55259072330483	a7	a16
13	1.55264075293876	a7	a17
12	1.55267780191091	a7	a16	a23	7
13	1.55271106485671	a7	a14
12	1.55273486273663	a7	a17	a23	8
12	1.5527916531319	a7	a14	a23	9
13	1.55301286524301	a7	a15
12	1.55308642232641	a7	a15	a23	10
13	1.55314537616531	a7	a14
12	1.55320919775237	a7	a14	a23	11
13	1.55322758702322	a7	a17
13	1.55324732844634	a7	a16
12	1.55329762851073	a7	a16	a23	12
12	1.55331791079475	a7	a17	a23	13
13	1.55354507237584	a7	a14
12	1.55359699502294	a7	a14	a23	14
13	1.5536159251547	a7	a15
12	1.55370029945624	a7	a15	a23	15
13	1.55391556209737	a7	a14
13	1.55409566877951	a7	a17
13	1.55418058394196	a7	a15
13	1.5543490621146	a7	a16
13	1.55455540055075	a6	a10
12	1.55500431510385	a6	a10	a24	0
12	1.55507192271727	a7	a14	a25	0
13	1.55515467443609	a7	a14
12	1.5551703594024	a7	a14	a25	1
13	1.55520551536138	a7	a14
12	1.5552217411886	a7	a14	a25	2
13	1.5552585197303	a7	a14
12	1.55530503376833	a7	a14	a25	3
13	1.55534181231003	a7	a14
13	1.55559331263195	a6	a10
12	1.55568958587346	a6	a10	a26	0
12	1.55574259024238	a7	a14	a27	0
13	1.55581506560396	a7	a14
12	1.55583237315299	a7	a14	a27	1
13	1.55586861083379	a7	a14
12	1.55588483666101	a7	a14	a27	2
13	1.55592269692452	a7	a14
12	1.55595298513533	a7	a14	a27	3
13	1.55598868195522	a7	a14
13	1.55651439875716	a6	a10
12	1.5567237119283	a6	a10	a22	0
12	1.55677293027087	a7	a14	a23	0
12	1.5570774349617	a7	a17	a23	1
13	1.55712016297338	a7	a14
12	1.5571580232369	a7	a14	a23	2
12	1.5572986470728	a7	a15	a23	3
13	1.55745711931866	a7	a14
12	1.55746658438454	a7	a16	a23	4
12	1.55751769574028	a7	a14	a23	5
13	1.55774161215592	a7	a17
13	1.55774377559955	a7	a15
13	1.55783193592745	a7	a14
12	1.55784491658922	a7	a17	a23	6
12	1.55785627466828	a7	a15	a23	7
12	1.55789088976635	a7	a14	a23	8
13	1.55796525814111	a7	a16
12	1.55804476469449	a7	a16	a23	9
13	1.55822297836346	a7	a14
13	1.55824407193884	a7	a15
12	1.55831005696954	a7	a14	a23	10
12	1.55833115054492	a7	a15	a23	11
13	1.55840741193286	a7	a17
13	1.55847583083764	a7	a16
12	1.55848908192987	a7	a17	a23	12
12	1.55856236858281	a7	a16	a23	13
13	1.55862970576578	a7	a14
12	1.55868757788286	a7	a14	a23	14
13	1.55873950052997	a7	a15
12	1.55882820171877	a7	a15	a23	15
13	1.55893961906569	a7	a17
13	1.55898180621646	a7	a14
13	1.5590323767113	a7	a16
13	1.55926197216646	a7	a15
13	1.55940800461145	a6	a10
13	1.55952645315016	a8	a57
12	1.55955674136097	a6	a10	a28	0
12	1.55961353175624	a7	a14	a29	0
12	1.55969790605778	a7	a17	a29	1
13	1.55972548996406	a7	a14
12	1.55976280936667	a7	a14	a29	2
13	1.55980175135199	a7	a14
12	1.55981797717921	a7	a14	a29	3
13	1.55986340949543	a7	a14
13	1.55987963532265	a7	a17
12	1.55988071704447	a7	a14	a29	4
13	1.55992669022159	a7	a14
12	1.5599791537296	a7	a17	a29	5
12	1.55999159353047	a7	a14	a29	6
12	1.56000998280132	a7	a15	a29	7
13	1.56002404518491	a7	a14
13	1.56004676134302	a7	a17
12	1.56012572703549	a7	a14	a29	8
12	1.56013681468409	a7	a16	a29	9
13	1.5601554743854	a7	a15
12	1.56016683246445	a7	a17	a29	10
13	1.56020307014524	a7	a14
13	1.56024742073965	a7	a17
13	1.56026175355369	a7	a16
12	1.56026797345412	a7	a15	a29	11
12	1.56031394663125	a7	a17	a29	12
13	1.56032151868395	a7	a15
12	1.56038074295331	a7	a16	a29	13
13	1.56038479941011	a7	a17
12	1.56040481126368	a7	a14	a29	14
12	1.56042536397816	a7	a15	a29	15
13	1.56044402367947	a7	a16
13	1.56051352430606	a7	a14
13	1.56055625231774	a7	a15
13	1.56072391919902	a6	a10
13	1.56075691171436	a8	a56
12	1.56215557802076	a8	a56	a42	0
12	1.56239896542906	a6	a10	a30	0
12	1.56251741396777	a7	a14	a31	0
12	1.56254013012588	a7	a15	a31	1
13	1.56276729170696	a7	a14
12	1.56277459332921	a7	a16	a31	2
12	1.56279649819596	a7	a17	a31	3
12	1.56283381759857	a7	a14	a31	4
13	1.56286681011391	a7	a15
12	1.56294198978003	a7	a15	a31	5
13	1.56299715759258	a7	a17
13	1.56300067318848	a7	a16
13	1.56302528235977	a7	a14
13	1.56307071467598	a7	a15
12	1.56307287811961	a7	a17	a31	6
12	1.56309099696001	a7	a16	a31	7
12	1.56312750507125	a7	a14	a31	8
12	1.5631680696393	a7	a15	a31	9
13	1.56321999228641	a7	a17
13	1.56328354344302	a7	a16
12	1.56329463109162	a7	a17	a31	10
13	1.56335574837415	a7	a15
12	1.56336737688366	a7	a16	a31	11
13	1.56337630108863	a7	a14
13	1.56344066353661	a7	a17
12	1.56347041088651	a7	a15	a31	12
13	1.5635025921105	a7	a16
12	1.56351692492454	a7	a14	a31	13
12	1.56353477333448	a7	a17	a31	14
13	1.56357966478979	a7	a15
12	1.56361022343106	a7	a16	a31	15
13	1.56363807776779	a7	a17
13	1.56367864233584	a7	a14
13	1.56376112362421	a7	a16
13	1.56394041901499	a6	a10
13	1.56432443025921	a8	a56
12	1.564389874429	a8	a56	a45	0
12	1.56446126806877	a6	a10	a32	0
12	1.56452346707311	a7	a14	a33	0
13	1.56463650700274	a7	a14
12	1.56471222752977	a7	a14	a33	1
13	1.56474413832331	a7	a14
12	1.56476360931597	a7	a14	a33	2
13	1.56478362116954	a7	a14
12	1.56480038785767	a7	a14	a33	3
13	1.56481877712852	a7	a14
12	1.5648761083847	a7	a14	a33	4
12	1.56489017076829	a7	a15	a33	5
13	1.56489449765555	a7	a14
12	1.56493776652814	a7	a14	a33	6
13	1.56495777838171	a7	a14
13	1.56498752573161	a7	a15
12	1.56505729678866	a7	a14	a33	7
13	1.56510056566125	a7	a14
12	1.56512869042843	a7	a15	a33	8
12	1.56513680334204	a7	a14	a33	9
13	1.56515465175198	a7	a14
12	1.56518602168461	a7	a14	a33	10
13	1.56520549267727	a7	a14
13	1.56520819698181	a7	a15
12	1.56528445836974	a7	a14	a33	11
12	1.56530501108422	a7	a15	a33	12
13	1.56532610465961	a7	a14
13	1.56534936167862	a7	a15
12	1.56541967359658	a7	a14	a33	13
12	1.56543319511926	a7	a15	a33	14
13	1.56546672849552	a7	a15
13	1.56550404789813	a7	a14
12	1.56555272537979	a7	a14	a33	15
13	1.56557165551154	a7	a14
13	1.56584749457429	a6	a10
13	1.56596377966937	a8	a56
12	1.56861507983717	a8	a56	a50	0
12	1.57206739500875	a6	a10	a34	0
12	1.57213338003944	a7	a14	a35	0
12	1.57264097800099	a7	a16	a35	1
12	1.57274401200384	a7	a15	a35	2
12	1.57276510557922	a7	a17	a35	3
13	1.57929437845268	a7	a14
13	1.58132477029885	a7	a15
13	1.58452585557897	a7	a16
13	1.58503291267961	a7	a17
13	1.58522005055355	a6	a10
12	1.58560568438048	a6	a10	a36	0
12	1.58566950596755	a7	a14	a37	0
12	1.58604891989405	a7	a16	a37	1
12	1.58611084846794	a7	a15	a37	2
13	1.58623903250298	a7	a14
12	1.58663386096534	a7	a14	a37	3
13	1.58851118917474	a7	a14
13	1.58851794993608	a7	a16
13	1.58854796771644	a7	a15
13	1.58873294214675	a6	a10
12	1.59271313756389	a6	a10	a38	0
12	1.59277804087278	a7	a14	a39	0
12	1.59288026358426	a7	a15	a39	1
12	1.59334378138186	a7	a17	a39	2
12	1.59341977233934	a7	a16	a39	3
13	1.59411396731392	a7	a14
13	1.59439521498574	a7	a15
13	1.59462345828863	a7	a17
13	1.59486711612739	a7	a16
13	1.59501720502918	a6	a10
12	1.59535470223536	a6	a10	a40	0
12	1.59541798296152	a7	a14	a41	0
12	1.59560647298773	a7	a16	a41	1
12	1.59571004785149	a7	a15	a41	2
12	1.59585608029647	a7	a17	a41	3
13	1.59646671226086	a7	a14
13	1.59691535638351	a7	a16
13	1.59710330554881	a7	a17
13	1.59754248460557	a7	a15
13	1.59770041599052	a6	a10
12	1.59826128875143	a8	a57	a49	0
13	1.60538280431843	a8	a57
12	1.60568135953929	a8	a57	a54	0
12	1.60832562851529	a8	a58	a53	0
13	1.62147936578191	a8	a58
12	1.62153074756811	a8	a58	a52	0
13	1.62883020637362	a8	a58
12	1.62890538603975	a8	a58	a51	0
13	1.63201858142242	a8	a58
13	1.6343221080268	a8	a57
13	1.63457469007053	a8	a56
13	1.63483592588878	a8	a55
12	1.63620592656708	a8	a55	a46	0
12	1.63629679119951	a8	a56	a48	0
13	1.6711590627042	a8	a56
12	1.6717404881796	a6	a10	a20	0
12	1.67180485062757	a7	a14	a21	0
13	1.67226674584245	a7	a14
12	1.6723440889522	a7	a14	a21	2
12	1.67237978577208	a7	a17	a21	1
12	1.67251770530345	a7	a15	a21	3
13	1.67287251005867	a7	a14
13	1.67314618567779	a7	a15
13	1.67408890623929	a7	a17
13	1.67435717324933	a6	a10
12	1.67502297302627	a8	a56	a44	0
12	1.67508463116971	a8	a57	a43	0
12	1.67532747771711	a6	a10	a22	0
12	1.67539075844327	a7	a14	a23	0
12	1.67589051392165	a7	a17	a23	1
12	1.67591431180158	a7	a15	a23	2
13	1.67591863868883	a7	a14
12	1.67598570544134	a7	a14	a23	3
13	1.67642596621992	a7	a14
13	1.6764319156899	a7	a15
12	1.67644868237803	a7	a14	a23	4
12	1.67651899429599	a7	a15	a23	5
13	1.67659309224029	a7	a17
12	1.67665907727099	a7	a17	a23	6
13	1.67691382275835	a7	a14
13	1.6770057691126	a7	a15
12	1.67707554016964	a7	a15	a23	8
13	1.67709555202321	a7	a17
12	1.67713178970401	a7	a14	a23	7
12	1.67717505857659	a7	a17	a23	9
13	1.67765642478413	a7	a15
13	1.67765696564504	a7	a14
13	1.67766021081048	a7	a17
12	1.6777348496157	a7	a17	a23	10
12	1.67777649590556	a7	a14	a23	11
12	1.67779650775913	a7	a15	a23	12
13	1.67821567496233	a7	a14
13	1.67821783840595	a7	a17
12	1.67828923204572	a7	a14	a23	13
13	1.67829842668115	a7	a15
12	1.67831086648202	a7	a17	a23	14
12	1.67840605800171	a7	a15	a23	15
13	1.67884902308483	a7	a15
13	1.67889175109651	a7	a14
13	1.67894205116089	a7	a17
13	1.67908159327498	a6	a10
12	1.67965544669768	a6	a10	a24	0
12	1.67971764570202	a7	a14	a25	0
13	1.67978903934179	a7	a14
12	1.6798490749025	a7	a14	a25	1
13	1.67988152655695	a7	a14
12	1.67989775238417	a7	a17	a25	2
12	1.67994048039585	a7	a14	a25	3
13	1.68000808800926	a7	a14
13	1.68003945794189	a7	a17
13	1.68016223336786	a6	a10
12	1.68027040554933	a6	a10	a26	0
12	1.68033152283186	a7	a14	a27	0
13	1.68040778421979	a7	a14
12	1.68042509176883	a7	a14	a27	1
13	1.68049540368678	a7	a14
12	1.68051487467945	a7	a14	a27	2
13	1.68057220593562	a7	a14
12	1.68059329951101	a7	a14	a27	3
13	1.68064089527086	a7	a14
13	1.68097298386797	a6	a10
12	1.68123638312984	a6	a10	a22	0
12	1.6812920918033	a7	a14	a23	0
12	1.68142730703014	a7	a17	a23	1
12	1.68150951788805	a7	a15	a23	2
13	1.68193571628304	a7	a17
12	1.68201738628005	a7	a17	a23	3
13	1.6820579508481	a7	a15
12	1.68212880362696	a7	a15	a23	4
13	1.68256149235284	a7	a17
12	1.68265343870709	a7	a17	a23	5
13	1.68308071882389	a7	a17
12	1.68310018981655	a7	a17	a23	6
13	1.68322566954706	a7	a14
12	1.68327218358509	a7	a14	a23	7
13	1.6835972409904	a7	a17
12	1.68365727655112	a7	a17	a23	8
13	1.6838033089961	a7	a14
12	1.68386334455681	a7	a14	a23	9
13	1.68408563838973	a7	a17
12	1.68414080620228	a7	a17	a23	10
13	1.68434903765161	a7	a14
12	1.6844069097687	a7	a14	a23	11
13	1.68458863903356	a7	a17
12	1.68465516492517	a7	a17	a23	12
13	1.6848563651827	a7	a14
12	1.68497102769506	a7	a14	a23	13
13	1.68501483742855	a7	a15
12	1.68509109881649	a7	a15	a23	14
13	1.68515654298627	a7	a17
12	1.68523713126147	a7	a17	a23	15
13	1.68541723794361	a7	a14
13	1.68567739204005	a7	a17
13	1.68571741574719	a7	a15
13	1.68594403646737	a6	a10
13	1.68625773579363	a8	a57
12	1.68631723049344	a6	a10	a28	0
12	1.68639024671593	a7	a14	a29	0
13	1.68648111134836	a7	a14
12	1.6864984188974	a7	a14	a29	1
13	1.68656818995444	a7	a14
12	1.68663255240242	a7	a14	a29	2
13	1.6866828524668	a7	a14
12	1.68671692670396	a7	a14	a29	3
13	1.68677425796014	a7	a14
12	1.68679156550918	a7	a14	a29	4
13	1.68684294729537	a7	a14
12	1.6868597139835	a7	a14	a29	5
12	1.6869110957697	a7	a17	a29	6
13	1.68691325921333	a7	a14
12	1.68696031411227	a7	a14	a29	7
13	1.68700845073302	a7	a14
13	1.68706253682376	a7	a17
12	1.68706524112829	a7	a14	a29	8
13	1.68712257238447	a7	a14
12	1.68712960357627	a7	a17	a29	9
12	1.68716097350889	a7	a14	a29	10
13	1.68718531224972	a7	a17
13	1.68721722304326	a7	a14
12	1.68725291986314	a7	a14	a29	11
13	1.68730051562299	a7	a14
12	1.68730484251025	a7	a17	a29	12
12	1.68733729416469	a7	a14	a29	13
13	1.68736704151459	a7	a17
13	1.68739516628177	a7	a14
12	1.68742329104895	a7	a17	a29	14
12	1.6874487115116	a7	a14	a29	15
13	1.68747521369606	a7	a17
13	1.68768777203265	a7	a14
13	1.6879127701701	a6	a10
13	1.68795117129452	a8	a56
12	1.68901666728199	a8	a56	a42	0
12	1.68915080078701	a6	a10	a30	0
12	1.68920975462591	a7	a14	a31	0
13	1.68934442899184	a7	a14
12	1.68936065481906	a7	a14	a31	1
13	1.68943853878972	a7	a14
12	1.68945638719966	a7	a14	a31	2
13	1.68952507653489	a7	a14
12	1.68954292494484	a7	a14	a31	3
13	1.68961161428007	a7	a14
12	1.68966191434445	a7	a14	a31	4
12	1.6897095101043	a7	a15	a31	5
13	1.68973438970604	a7	a14
12	1.68977224996955	a7	a14	a31	6
12	1.68982309089484	a7	a17	a31	7
13	1.68984472533113	a7	a14
12	1.68988745334281	a7	a14	a31	8
13	1.68996912333982	a7	a15
13	1.69000806532515	a7	a17
13	1.69002483201328	a7	a14
12	1.69008324499127	a7	a15	a31	9
12	1.69010974717573	a7	a17	a31	10
12	1.69011894181116	a7	a14	a31	11
13	1.69020656127815	a7	a14
12	1.69022549140991	a7	a14	a31	12
13	1.69024117637622	a7	a17
13	1.69024171723713	a7	a15
12	1.69030824312873	a7	a17	a31	13
12	1.69033420445228	a7	a15	a31	14
13	1.69033853133954	a7	a14
12	1.69041317014475	a7	a14	a31	15
13	1.69045265299099	a7	a15
13	1.69045860246097	a7	a17
13	1.69050187133356	a7	a14
13	1.69281837859971	a6	a10
13	1.69319481779123	a8	a56
12	1.69327594692733	a8	a56	a45	0
12	1.69334950401073	a6	a10	a32	0
12	1.69341819334596	a7	a14	a33	0
13	1.69347336115851	a7	a14
12	1.69349066870754	a7	a14	a33	1
13	1.69352312036198	a7	a14
12	1.69354205049374	a7	a14	a33	2
13	1.69356693009548	a7	a14
12	1.69360911724625	a7	a14	a33	3
13	1.69363075168254	a7	a14
12	1.69363561943071	a7	a15	a33	4
12	1.69366807108515	a7	a14	a33	5
13	1.69368537863419	a7	a14
12	1.69371945287135	a7	a14	a33	6
13	1.69373838300311	a7	a14
13	1.69375136366488	a7	a15
12	1.69384168743641	a7	a14	a33	7
12	1.69386386273361	a7	a15	a33	8
13	1.6938854971699	a7	a15
13	1.69388657889172	a7	a14
12	1.69396933061054	a7	a15	a33	10
12	1.69401151776132	a7	a14	a33	11
13	1.69401259948313	a7	a15
13	1.69403152961489	a7	a14
12	1.69403423391942	a7	a17	a33	9
12	1.69408832001016	a7	a15	a33	12
13	1.69410779100282	a7	a15
13	1.69412780285639	a7	a17
12	1.69416349967628	a7	a14	a33	13
12	1.69420514596614	a7	a17	a33	14
13	1.69420676854887	a7	a14
13	1.69424787397782	a7	a17
12	1.69426193636142	a7	a15	a33	15
13	1.69429979662493	a7	a15
13	1.69448639363796	a6	a10
13	1.69458537118401	a8	a56
12	1.69629070562486	a8	a56	a50	0
12	1.69992961780948	a6	a10	a34	0
12	1.70001885985919	a7	a14	a35	0
12	1.70019247621045	a7	a17	a35	1
12	1.7004612840814	a7	a15	a35	2
13	1.70832053392602	a7	a14
12	1.70871049464021	a7	a14	a35	3
13	1.71124605057384	a7	a17
13	1.71268744489191	a7	a15
13	1.71372211180766	a7	a14
13	1.71382108935371	a6	a10
12	1.71399254226134	a6	a10	a36	0
12	1.71405149610024	a7	a14	a37	0
12	1.71443442562264	a7	a17	a37	1
12	1.71452474939416	a7	a15	a37	2
13	1.71538525909775	a7	a14
13	1.71657082620665	a7	a15
13	1.7166113907747	a7	a17
12	1.71668873388445	a7	a17	a37	3
13	1.71744431657201	a7	a17
13	1.71760819742693	a6	a10
12	1.72067974651974	a6	a10	a38	0
12	1.72077061115217	a7	a14	a39	0
12	1.72082740154745	a7	a17	a39	1
12	1.72106267604214	a7	a15	a39	2
13	1.72206489130345	a7	a15
12	1.7220832805743	a7	a15	a39	3
13	1.72209626123608	a7	a14
13	1.72291999239796	a7	a15
13	1.72352629747509	a7	a17
13	1.72366151270193	a6	a10
12	1.72381079031236	a6	a10	a40	0
12	1.72439437923138	a7	a14	a41	0
12	1.72461180531613	a7	a17	a41	1
12	1.72480705610368	a7	a15	a41	2
13	1.72518565873883	a7	a14
12	1.72527490078854	a7	a14	a41	3
13	1.72571570242802	a7	a15
13	1.72578709606779	a7	a17
13	1.72643288399116	a7	a14
13	1.72650590021365	a6	a10
12	1.72697374489851	a8	a57	a49	0
13	1.73150453671933	a8	a57
12	1.73159594221267	a8	a57	a54	0
12	1.76055958466186	a8	a58	a53	0
13	1.79108415168965	a8	a58
12	1.79111227645684	a8	a58	a52	0
13	1.7965884931437	a8	a58
12	1.79663933406899	a8	a58	a51	0
13	1.79939934727917	a8	a58
13	1.80214746154938	a8	a57
13	1.80234217147603	a8	a56
13	1.80263964497507	a8	a55
12	1.80413512538387	a8	a55	a46	0
12	1.80421949968542	a8	a56	a48	0
13	1.85622300549612	a8	a56
12	1.85736908975878	a6	a10	a20	0
12	1.86031786342562	a7	a14	a21	0
12	1.86070863543118	a7	a17	a21	1
12	1.86073811235063	a7	a16	a21	2
13	1.86081275115584	a7	a14
12	1.86087657274291	a7	a14	a21	3
13	1.86120595703548	a7	a16
13	1.86121217693592	a7	a17
13	1.86140769815392	a7	a14
13	1.86152452410991	a6	a10
12	1.86385347117693	a8	a56	a44	0
12	1.86392161965126	a8	a57	a43	0
12	1.8642780469892	a6	a10	a22	0
12	1.86436512559528	a7	a14	a23	0
12	1.86456145810465	a7	a16	a23	1
12	1.86485866117323	a7	a17	a23	2
13	1.86492924352164	a7	a14
12	1.86500875007502	a7	a14	a23	3
13	1.86509096093294	a7	a16
12	1.8651542416591	a7	a16	a23	4
13	1.86549985177889	a7	a14
13	1.86554798839964	a7	a16
12	1.86557124541866	a7	a14	a23	5
13	1.86557530187546	a7	a17
12	1.8656480476675	a7	a16	a23	6
12	1.86571159882411	a7	a17	a23	7
13	1.86598446315187	a7	a16
12	1.86604720301712	a7	a16	a23	8
13	1.86612562784869	a7	a14
12	1.86619485804483	a7	a14	a23	9
13	1.86633494101983	a7	a16
12	1.86641228412958	a7	a16	a23	10
13	1.86666594789512	a7	a14
13	1.8667081350459	a7	a16
12	1.86673734153489	a7	a14	a23	11
12	1.86681035775738	a7	a16	a23	12
13	1.86716786681714	a7	a16
12	1.86718409264436	a7	a16	a23	13
13	1.86718571522708	a7	a14
12	1.86726738522409	a7	a14	a23	14
13	1.86730443419624	a7	a17
12	1.86738448161053	a7	a17	a23	15
13	1.86748697475247	a7	a16
13	1.86771305461174	a7	a14
13	1.86783772305088	a7	a17
13	1.86798727109176	a6	a10
12	1.86893702284506	a6	a10	a24	0
12	1.86899219065761	a7	a14	a25	0
13	1.86907007462827	a7	a14
12	1.86909224992547	a7	a14	a25	1
13	1.86914309085076	a7	a14
12	1.86917662422701	a7	a14	a25	2
13	1.86922584256958	a7	a14
12	1.86926316197219	a7	a14	a25	3
13	1.86930318567933	a7	a14
13	1.86960011831747	a6	a10
12	1.86981538095859	a6	a10	a26	0
12	1.86986892618842	a7	a14	a27	0
13	1.86994248327181	a7	a14
12	1.86996574029083	a7	a14	a27	1
13	1.87003118446062	a7	a14
12	1.87007769849865	a7	a16	a27	2
12	1.8701620728002	a7	a14	a27	3
13	1.87020317822915	a7	a14
13	1.87029891060975	a7	a16
13	1.87047847643099	a6	a10
12	1.87070942403843	a6	a10	a22	0
12	1.87078622628727	a7	a14	a23	0
12	1.87101068356382	a7	a16	a23	1
13	1.87109235356083	a7	a14
12	1.87113886759886	a7	a14	a23	2
12	1.87127273067343	a7	a17	a23	3
13	1.87145364864693	a7	a14
12	1.87151152076402	a7	a14	a23	4
13	1.87155100361026	a7	a16
12	1.8716353779118	a7	a16	a23	5
13	1.87180899426306	a7	a14
13	1.87186984111514	a7	a17
12	1.87187984704192	a7	a14	a23	6
12	1.87194880680761	a7	a17	a23	7
13	1.87207996557764	a7	a16
12	1.87214540974743	a7	a16	a23	8
13	1.87217732054096	a7	a14
12	1.87224384643256	a7	a14	a23	9
13	1.87243666334603	a7	a17
12	1.87250373009854	a7	a17	a23	10
13	1.8725337478789	a7	a14
13	1.87255862748064	a7	a16
12	1.87258026191693	a7	a14	a23	11
12	1.87266085019213	a7	a16	a23	12
13	1.87287881713779	a7	a14
12	1.87294209786395	a7	a14	a23	13
13	1.87301322107326	a7	a17
12	1.87309164590483	a7	a17	a23	14
13	1.87313843037331	a7	a16
12	1.87320225196038	a7	a16	a23	15
13	1.87326553268654	a7	a14
13	1.87360275946227	a7	a17
13	1.87364792134803	a7	a16
13	1.87388049153819	a6	a10
13	1.87406654769031	a8	a57
12	1.87409899934476	a6	a10	a28	0
12	1.87417417901088	a7	a14	a29	0
13	1.87429425013231	a7	a14
12	1.87430993509862	a7	a14	a29	1
13	1.87434833622304	a7	a14
12	1.87436456205026	a7	a14	a29	2
13	1.87440783092285	a7	a14
12	1.87442459761098	a7	a14	a29	3
13	1.87445759012632	a7	a14
12	1.87447327509264	a7	a14	a29	4
13	1.8745073493298	a7	a14
12	1.87452411601793	a7	a14	a29	5
13	1.87455819025509	a7	a14
12	1.87457441608231	a7	a14	a29	6
13	1.87460578601494	a7	a14
12	1.87464959574843	a7	a14	a29	7
12	1.87467231190654	a7	a16	a29	8
13	1.87467934309834	a7	a14
12	1.87472207111002	a7	a14	a29	9
13	1.87475235932083	a7	a14
12	1.87477291203531	a7	a14	a29	10
13	1.87480320024612	a7	a14
12	1.87482104865606	a7	a14	a29	11
13	1.87484971428415	a7	a14
12	1.87488432938222	a7	a14	a29	12
12	1.87490623424897	a7	a17	a29	13
13	1.87491353587122	a7	a14
12	1.8749568047438	a7	a14	a29	14
13	1.8749860112328	a7	a14
12	1.87500277792093	a7	a14	a29	15
13	1.87504171990626	a7	a14
13	1.87505064411123	a7	a17
13	1.8769596126837	a7	a16
13	1.87708996016237	a6	a10
13	1.87712782042588	a8	a56
12	1.87843616296075	a8	a56	a42	0
12	1.87856110183035	a6	a10	a30	0
12	1.87862925030467	a7	a14	a31	0
12	1.87874147894295	a7	a17	a31	1
13	1.87881855162224	a7	a14
12	1.87887209685207	a7	a14	a31	2
13	1.87896566578904	a7	a14
13	1.87897242655038	a7	a17
12	1.87898351419898	a7	a14	a31	3
12	1.87905788257374	a7	a17	a31	4
13	1.87909817671134	a7	a14
13	1.87915577839797	a7	a17
12	1.8791614574375	a7	a14	a31	5
12	1.87923068763364	a7	a16	a31	6
12	1.87925746024855	a7	a17	a31	7
13	1.87928801888982	a7	a14
12	1.87935562650323	a7	a14	a31	8
13	1.87939754322355	a7	a17
13	1.87945298146656	a7	a16
13	1.8794637986847	a7	a14
12	1.87951328745773	a7	a17	a31	9
12	1.87952870199358	a7	a16	a31	10
12	1.87956007192621	a7	a14	a31	11
13	1.87966499894224	a7	a16
13	1.87967013712086	a7	a17
13	1.87967311185585	a7	a14
12	1.87977235983234	a7	a17	a31	13
12	1.87979156039455	a7	a16	a31	14
12	1.87981806257901	a7	a14	a31	12
13	1.87990622290691	a7	a16
13	1.87990757505918	a7	a17
13	1.87994841005768	a7	a14
12	1.88000655260522	a7	a17	a31	15
13	1.88015258505021	a7	a17
13	1.88033458474553	a6	a10
13	1.88068235830895	a8	a56
12	1.88078025413318	a8	a56	a45	0
12	1.88084894346841	a6	a10	a32	0
12	1.88091492849911	a7	a14	a33	0
13	1.88100471140973	a7	a14
12	1.88102147809786	a7	a14	a33	1
13	1.88104798028232	a7	a14
12	1.88106582869226	a7	a14	a33	2
13	1.88108908571127	a7	a14
12	1.88115290729834	a7	a16	a33	3
12	1.88117670517826	a7	a14	a33	4
13	1.88119725789274	a7	a14
12	1.88123890418261	a7	a14	a33	5
13	1.88125945689709	a7	a14
13	1.88127676444612	a7	a16
12	1.88136222046948	a7	a14	a33	6
13	1.8813854774885	a7	a14
12	1.88142333775201	a7	a16	a33	7
13	1.8814595754328	a7	a16
12	1.88146714748551	a7	a14	a33	8
13	1.88151474324535	a7	a14
12	1.88154232715163	a7	a16	a33	9
12	1.88155720082658	a7	a17	a33	10
13	1.88157910569333	a7	a16
12	1.88160128099053	a7	a14	a33	11
13	1.88161561380457	a7	a17
12	1.88166131655124	a7	a16	a33	12
13	1.88166997032576	a7	a14
13	1.88168457357026	a7	a16
12	1.88177165217634	a7	a14	a33	13
12	1.88177679035496	a7	a17	a33	14
13	1.88179626134763	a7	a17
13	1.88181005330076	a7	a14
12	1.88197231157297	a7	a16	a33	15
13	1.88201503958465	a7	a16
13	1.88215349997693	a6	a10
13	1.88234009698996	a8	a56
12	1.88471826239955	a8	a56	a50	0
12	1.88879040417095	a6	a10	a34	0
12	1.88887369675068	a7	a14	a35	0
12	1.8891549444225	a7	a16	a35	1
12	1.88944403457747	a7	a17	a35	2
13	1.8954440750531	a7	a14
12	1.89593463589606	a7	a14	a35	3
13	1.89874386744881	a7	a16
13	1.90054195953527	a7	a17
13	1.90132593742047	a7	a14
13	1.90142166980107	a6	a10
12	1.90175862614634	a6	a10	a36	0
12	1.90181812084615	a7	a14	a37	0
12	1.90215561805233	a7	a16	a37	1
12	1.9021786046409	a7	a17	a37	2
13	1.90354454886239	a7	a14
12	1.90361323819763	a7	a14	a37	3
13	1.90363352048165	a7	a17
13	1.90475769987757	a7	a16
13	1.90498756576319	a7	a14
13	1.90508059383925	a6	a10
12	1.90822083226729	a6	a10	a38	0
12	1.90828303127164	a7	a14	a39	0
12	1.90882172873535	a7	a16	a39	1
12	1.90888527989196	a7	a17	a39	2
13	1.90959191466741	a7	a14
12	1.90965411367175	a7	a14	a39	3
13	1.910283134907	a7	a16
13	1.91093108627399	a7	a14
13	1.9114657272809	a7	a17
13	1.91165692161165	a6	a10
12	1.91180511750026	a6	a10	a40	0
12	1.91186082617372	a7	a14	a41	0
12	1.91219561907537	a7	a16	a41	1
12	1.91254528565196	a7	a17	a41	2
13	1.91336387863523	a7	a14
13	1.91348367932621	a7	a17
12	1.91348935836573	a7	a14	a41	3
13	1.91430119058766	a7	a16
13	1.91453105647328	a7	a14
13	1.91463922865475	a6	a10
12	1.91522930790466	a8	a57	a49	0
13	1.9198936923696	a8	a57
12	1.92009867865348	a8	a57	a54	0
12	1.92227348036191	a8	a58	a53	0
13	1.93652732871406	a8	a58
12	1.93658303738752	a8	a58	a52	0
13	1.94276183239302	a8	a58
12	1.94283701205914	a8	a58	a51	0
13	1.94564137586372	a8	a58
13	1.94916778897961	a8	a57
13	1.9494322699633	a8	a56
13	1.95087961375135	a8	a55
12	1.95116248400589	a8	a55	a50	0
12	1.95498204373356	a6	a10	a34	0
12	1.95505505995605	a7	a14	a35	0
12	1.95519595422241	a7	a17	a35	1
12	1.9553092645825	a7	a16	a35	2
12	1.95530953501296	a7	a15	a35	3
13	1.96646992940555	a7	a14
13	1.9696363995876	a7	a17
13	1.97044417535272	a7	a16
13	1.97060399975084	a7	a15
13	1.97100126208728	a6	a10
12	1.97140312174144	a6	a10	a36	0
12	1.97149344551296	a7	a14	a37	0
12	1.97175441090076	a7	a17	a37	1
12	1.97177090715843	a7	a16	a37	2
12	1.97186745083039	a7	a15	a37	3
13	1.97358549550257	a7	a14
13	1.9749127681692	a7	a16
13	1.97499957634482	a7	a15
13	1.97570323638528	a7	a17
13	1.97585657045251	a6	a10
12	1.98176872103069	a6	a10	a38	0
12	1.98190123195299	a7	a14	a39	0
12	1.98202427780941	a7	a17	a39	1
12	1.98236826534648	a7	a15	a39	2
12	1.98278067178833	a7	a16	a39	3
13	1.98296294191411	a7	a14
13	1.9836214400688	a7	a15
13	1.98417636335974	a7	a17
13	1.98438648782224	a7	a16
13	1.98462500748238	a6	a10
12	1.98472073986298	a6	a10	a40	0
12	1.98480619588634	a7	a14	a41	0
12	1.98504714942056	a7	a17	a41	1
12	1.98530622179518	a7	a15	a41	2
13	1.98550769248316	a7	a14
12	1.98557584095749	a7	a14	a41	3
13	1.98609101097173	a7	a17
13	1.98639659738438	a7	a15
13	1.98663484661407	a7	a14
13	1.98674518223917	a6	a10
12	1.98718111613049	a8	a56	a49	0
13	1.9922122042906	a8	a56
12	1.99250102401512	a8	a56	a54	0
12	1.99607665547358	a8	a57	a53	0
13	2.01026397793413	a8	a57
12	2.01032888124301	a8	a57	a52	0
13	2.01642330194696	a8	a57
12	2.01646981598499	a8	a57	a51	0
13	2.01895128582789	a8	a57
13	2.02204663280062	a8	a56
13	2.02224080186636	a8	a55
