%EventDef PajeDefineContainerType 0 
%       Alias string 
%       Type string 
%       Name string 
%EndEventDef 
%EventDef PajeDefineVariableType 1 
%       Alias string 
%       Type string 
%       Name string 
%       Color color 
%EndEventDef 
%EventDef PajeDefineStateType 2 
%       Alias string 
%       Type string 
%       Name string 
%EndEventDef 
%EventDef PajeDefineEventType 3 
%       Alias string 
%       Type string 
%       Name string 
%       Color color 
%EndEventDef 
%EventDef PajeDefineLinkType 4 
%       Alias string 
%       Type string 
%       StartContainerType string 
%       EndContainerType string 
%       Name string 
%EndEventDef 
%EventDef PajeDefineEntityValue 5 
%       Alias string 
%       Type string 
%       Name string 
%       Color color 
%EndEventDef 
%EventDef PajeCreateContainer 6 
%       Time date 
%       Alias string 
%       Type string 
%       Container string 
%       Name string 
%EndEventDef 
%EventDef PajeDestroyContainer 7 
%       Time date 
%       Type string 
%       Name string 
%EndEventDef 
%EventDef PajeSetVariable 8 
%       Time date 
%       Type string 
%       Container string 
%       Value double 
%EndEventDef
%EventDef PajeAddVariable 9 
%       Time date 
%       Type string 
%       Container string 
%       Value double 
%EndEventDef
%EventDef PajeSubVariable 10 
%       Time date 
%       Type string 
%       Container string 
%       Value double 
%EndEventDef
%EventDef PajeSetState 11 
%       Time date 
%       Type string 
%       Container string 
%       Value string 
%EndEventDef
%EventDef PajePushState 12 
%       Time date 
%       Type string 
%       Container string 
%       Value string 
%       Id string 
%EndEventDef
%EventDef PajePopState 13 
%       Time date 
%       Type string 
%       Container string 
%EndEventDef
%EventDef PajeResetState 14 
%       Time date 
%       Type string 
%       Container string 
%EndEventDef
%EventDef PajeStartLink 15 
%       Time date 
%       Type string 
%       Container string 
%       Value string 
%       StartContainer string 
%       Key string 
%EndEventDef
%EventDef PajeEndLink 16 
%       Time date 
%       Type string 
%       Container string 
%       Value string 
%       EndContainer string 
%       Key string 
%EndEventDef
%EventDef PajeNewEvent 17 
%       Time date 
%       Type string 
%       Container string 
%       Value string 
%EndEventDef
0	a1	0	"Task Manager"
0	a2	a1	"Node"
0	a3	a1	"Thread"
0	a4	a1	"Jobs"
0	a5	a1	"Memory usage"
2	a6	a4	"Job"
2	a7	a3	"Task"
2	a8	a3	"Timer state"
6	0	a9	a1	0	"The task manager"
6	0	a10	a4	a9	"Jobs"
6	0	a11	a5	a9	"Memory"
1	a12	a1	"Memory [MB]"	"1.0 1.0 1.0"
6	0	a13	a2	a9	"Node 0"
6	0	a14	a3	a13	"Thread 0"
5	a15	a8	"BaseVector::InnerProduct (taskhandler)"	"1 0 -2.60213991978721"
5	a16	a8	"Apply Matrix - DG"	"0 0.984300814798172 1"
5	a17	a8	"Apply Matrix - volume"	"0 1 0.463463405255104"
5	a18	a8	"Apply Matrix"	"0.752669970214523 0 1"
5	a19	a8	"Pardiso Solve, mat = d, vec = d"	"0.0345216924405014 0 1"
5	a20	a8	"SparseMatrix::MultAdd"	"0.2605166920136 1 0"
5	a21	a8	"BaseVector::Add"	"0 1 0.115974093814375"
5	a22	a8	"BaseVector::Set"	"0 1 0.0331402709784779"
5	a23	a8	"Pardiso Inverse"	"0.35690558896328 0 1"
5	a24	a8	"MatrixGraph - CalcBalancing"	"1 0.861251876424358 0"
5	a25	a8	"MatrixGraph - prefix"	"0 0.443668032168334 1"
5	a26	a8	"MatrixGraph - build dof2el table"	"0.657925893240125 1 0"
5	a27	a8	"MatrixGraph"	"0.397951693366737 0 1"
5	a28	a8	"BilinearForm::GetGraph"	"1 0.807454212291039 0"
5	a29	a8	"Assemble Linearization - SpecialElements"	"0 0.259089438305024 1"
5	a30	a8	"Assemble Linearization - volume"	"1 0.242783099469445 0"
5	a31	a8	"Assemble Linearization"	"1 0 -2.48365676612213"
5	a32	a8	"timer setvalues"	"0 0.340416249432698 1"
5	a33	a8	"S_BaseVector::SetScalar"	"1 0 -2.75482329080226"
5	a34	a8	"NewtonSolver.Solve"	"0.75645388820126 1 0"
6	0	a35	a3	a9	"Timer level 0"
6	0	a36	a3	a9	"Timer level 1"
6	0	a37	a3	a9	"Timer level 2"
6	0	a38	a3	a9	"Timer level 3"
4	a39	a2	a3	a3	"links"
8	0	a12	a11	0
12	0.308787931593676	a8	a35	a32	0
12	0.362309784321724	a8	a36	a33	0
13	0.367557333813976	a8	a36
13	2.71331268677723	a8	a35
12	3.70555659428798	a8	a35	a31	0
12	3.7103313298406	a8	a36	a28	0
12	4.26321048562249	a8	a37	a27	0
12	4.38350120423923	a8	a38	a26	0
13	4.68287945319676	a8	a38
12	10.8531246633917	a8	a38	a25	0
13	10.8567153083825	a8	a38
12	10.8669534432694	a8	a38	a24	0
13	10.8764295939521	a8	a38
13	17.6489712394709	a8	a37
12	17.6544503992698	a8	a37	a24	0
13	17.6598247177169	a8	a37
13	17.6609615268848	a8	a36
12	18.1669889326753	a8	a36	a24	0
13	18.1794458668905	a8	a36
12	18.2187880980929	a8	a36	a33	0
13	18.8586711859043	a8	a36
12	18.8631211188375	a8	a36	a30	0
13	42.453568942147	a8	a36
12	42.4544652329195	a8	a36	a29	0
13	42.4555835406724	a8	a36
13	42.4621364677806	a8	a35
12	44.4516943557575	a8	a35	a23	0
13	112.982200571163	a8	a35
12	113.198932999187	a8	a35	a22	0
13	113.212508241155	a8	a35
12	113.2130194284	a8	a35	a21	0
13	113.220191810293	a8	a35
12	113.246219189813	a8	a35	a33	0
13	113.253489560682	a8	a35
12	113.970422819237	a8	a35	a20	0
13	114.536473612044	a8	a35
12	114.59455503572	a8	a35	a19	0
13	120.057828286259	a8	a35
12	120.058691000389	a8	a35	a21	0
13	120.062674286521	a8	a35
12	120.087940367075	a8	a35	a22	0
13	120.088043837951	a8	a35
12	120.107705360226	a8	a35	a21	0
13	120.110592266208	a8	a35
12	120.114959285393	a8	a35	a22	0
13	120.11503123534	a8	a35
12	120.130076997184	a8	a35	a34	0
12	120.166802991254	a8	a36	a31	0
12	120.173131160431	a8	a37	a33	0
13	120.31727020302	a8	a37
12	120.317332559641	a8	a37	a30	0
13	162.576131623879	a8	a37
12	162.577153313131	a8	a37	a29	0
13	162.578539548783	a8	a37
13	162.586576700519	a8	a36
12	162.617792699099	a8	a36	a33	0
13	162.621397734079	a8	a36
12	163.558293973293	a8	a36	a18	0
12	163.561943548717	a8	a37	a17	0
13	170.952791178079	a8	a37
12	170.953038548851	a8	a37	a16	0
13	170.95308720072	a8	a37
13	170.953962934364	a8	a36
12	171.006204763267	a8	a36	a23	0
13	217.373894010372	a8	a36
12	218.632382188237	a8	a36	a19	0
13	220.184938708945	a8	a36
12	220.211536206143	a8	a36	a15	0
13	220.21628695838	a8	a36
12	220.352272358842	a8	a36	a21	0
13	220.355435415574	a8	a36
12	220.365107544209	a8	a36	a22	0
13	220.365188402245	a8	a36
13	220.373189236388	a8	a35
