%EventDef PajeDefineContainerType 0 
%       Alias string 
%       Type string 
%       Name string 
%EndEventDef 
%EventDef PajeDefineVariableType 1 
%       Alias string 
%       Type string 
%       Name string 
%       Color color 
%EndEventDef 
%EventDef PajeDefineStateType 2 
%       Alias string 
%       Type string 
%       Name string 
%EndEventDef 
%EventDef PajeDefineEventType 3 
%       Alias string 
%       Type string 
%       Name string 
%       Color color 
%EndEventDef 
%EventDef PajeDefineLinkType 4 
%       Alias string 
%       Type string 
%       StartContainerType string 
%       EndContainerType string 
%       Name string 
%EndEventDef 
%EventDef PajeDefineEntityValue 5 
%       Alias string 
%       Type string 
%       Name string 
%       Color color 
%EndEventDef 
%EventDef PajeCreateContainer 6 
%       Time date 
%       Alias string 
%       Type string 
%       Container string 
%       Name string 
%EndEventDef 
%EventDef PajeDestroyContainer 7 
%       Time date 
%       Type string 
%       Name string 
%EndEventDef 
%EventDef PajeSetVariable 8 
%       Time date 
%       Type string 
%       Container string 
%       Value double 
%EndEventDef
%EventDef PajeAddVariable 9 
%       Time date 
%       Type string 
%       Container string 
%       Value double 
%EndEventDef
%EventDef PajeSubVariable 10 
%       Time date 
%       Type string 
%       Container string 
%       Value double 
%EndEventDef
%EventDef PajeSetState 11 
%       Time date 
%       Type string 
%       Container string 
%       Value string 
%EndEventDef
%EventDef PajePushState 12 
%       Time date 
%       Type string 
%       Container string 
%       Value string 
%       Id string 
%EndEventDef
%EventDef PajePopState 13 
%       Time date 
%       Type string 
%       Container string 
%EndEventDef
%EventDef PajeResetState 14 
%       Time date 
%       Type string 
%       Container string 
%EndEventDef
%EventDef PajeStartLink 15 
%       Time date 
%       Type string 
%       Container string 
%       Value string 
%       StartContainer string 
%       Key string 
%EndEventDef
%EventDef PajeEndLink 16 
%       Time date 
%       Type string 
%       Container string 
%       Value string 
%       EndContainer string 
%       Key string 
%EndEventDef
%EventDef PajeNewEvent 17 
%       Time date 
%       Type string 
%       Container string 
%       Value string 
%EndEventDef
0	a1	0	"Task Manager"
0	a2	a1	"Node"
0	a3	a1	"Thread"
0	a4	a1	"Jobs"
0	a5	a1	"Memory usage"
2	a6	a4	"Job"
2	a7	a3	"Task"
2	a8	a3	"Timer state"
6	0	a9	a1	0	"The task manager"
6	0	a10	a4	a9	"Jobs"
6	0	a11	a5	a9	"Memory"
1	a12	a1	"Memory [MB]"	"1.0 1.0 1.0"
6	0	a13	a2	a9	"Node 0"
6	0	a14	a3	a13	"Thread 0"
5	a15	a8	"BaseVector::InnerProduct (taskhandler)"	"1 0 -2.60213991978721"
5	a16	a8	"Apply Matrix - DG"	"0 0.984300814798172 1"
5	a17	a8	"Apply Matrix - volume"	"0 1 0.463463405255104"
5	a18	a8	"Apply Matrix"	"0.752669970214523 0 1"
5	a19	a8	"Pardiso Solve, mat = d, vec = d"	"0.0345216924405014 0 1"
5	a20	a8	"SparseMatrix::MultAdd"	"0.2605166920136 1 0"
5	a21	a8	"BaseVector::Add"	"0 1 0.115974093814375"
5	a22	a8	"BaseVector::Set"	"0 1 0.0331402709784779"
5	a23	a8	"Pardiso Inverse"	"0.35690558896328 0 1"
5	a24	a8	"Assemble Linearization - SpecialElements"	"0 0.259089438305024 1"
5	a25	a8	"Assemble Linearization - volume"	"1 0.242783099469445 0"
5	a26	a8	"Assemble Linearization"	"1 0 -2.48365676612213"
5	a27	a8	"timer setvalues"	"0 0.340416249432698 1"
5	a28	a8	"S_BaseVector::SetScalar"	"1 0 -2.75482329080226"
5	a29	a8	"NewtonSolver.Solve"	"0.75645388820126 1 0"
6	0	a30	a3	a9	"Timer level 0"
6	0	a31	a3	a9	"Timer level 1"
6	0	a32	a3	a9	"Timer level 2"
4	a33	a2	a3	a3	"links"
8	0	a12	a11	0
12	0.175986830229474	a8	a30	a27	0
12	0.182658303441353	a8	a31	a28	0
13	0.185449276160333	a8	a31
13	0.591762277796564	a8	a30
12	0.635355723030064	a8	a30	a26	0
12	0.637088003666838	a8	a31	a28	0
13	0.788020491759299	a8	a31
12	0.78808421885551	a8	a31	a25	0
13	62.8957950844032	a8	a31
12	62.8964131687127	a8	a31	a24	0
13	62.8980022346924	a8	a31
13	62.9083020409627	a8	a30
12	62.9647950838969	a8	a30	a23	0
13	104.350993067096	a8	a30
12	104.42610401545	a8	a30	a22	0
13	104.430871898626	a8	a30
12	104.431043893262	a8	a30	a21	0
13	104.434555050692	a8	a30
12	104.48538871634	a8	a30	a28	0
13	104.489123261226	a8	a30
12	104.489894153519	a8	a30	a20	0
13	104.998512442651	a8	a30
12	105.04256568231	a8	a30	a19	0
13	108.228282536632	a8	a30
12	108.229651641344	a8	a30	a21	0
13	108.238234927442	a8	a30
12	108.291870529611	a8	a30	a22	0
13	108.29197331525	a8	a30
12	108.31352403757	a8	a30	a21	0
13	108.317984249068	a8	a30
12	108.322344415876	a8	a30	a22	0
13	108.322436237714	a8	a30
12	108.345861084853	a8	a30	a29	0
12	108.520543907942	a8	a31	a26	0
12	108.531400812375	a8	a32	a28	0
13	108.903366279629	a8	a32
12	108.904747718618	a8	a32	a25	0
13	154.453614358891	a8	a32
12	154.454548337731	a8	a32	a24	0
13	154.455632383604	a8	a32
13	154.462803395022	a8	a31
12	154.494910887711	a8	a31	a28	0
13	154.504137611909	a8	a31
12	154.505501919958	a8	a31	a18	0
12	154.506825798989	a8	a32	a17	0
13	158.281648264957	a8	a32
12	158.281962789013	a8	a32	a16	0
13	158.282106688907	a8	a32
13	158.283103024369	a8	a31
12	158.361808043901	a8	a31	a23	0
13	194.039220026985	a8	a31
12	194.16672424175	a8	a31	a19	0
13	195.262419839251	a8	a31
12	195.283349051074	a8	a31	a15	0
13	195.286838966139	a8	a31
12	195.34164152793	a8	a31	a21	0
13	195.343780839697	a8	a31
12	195.350616769931	a8	a31	a22	0
13	195.350696257492	a8	a31
12	195.360900130499	a8	a31	a26	0
12	195.36933472004	a8	a32	a28	0
13	195.520316545239	a8	a32
12	195.521322474026	a8	a32	a25	0
13	218.598794582346	a8	a32
12	218.599888906783	a8	a32	a24	0
13	218.60091196651	a8	a32
13	218.6081535574	a8	a31
12	218.6472059331	a8	a31	a28	0
13	218.64996538489	a8	a31
12	218.651877883014	a8	a31	a18	0
12	218.653244932013	a8	a32	a17	0
13	220.737186760903	a8	a32
12	220.737359440777	a8	a32	a16	0
13	220.737493747345	a8	a32
13	220.737794566649	a8	a31
12	220.773135010304	a8	a31	a23	0
13	249.820320973222	a8	a31
12	249.920955651464	a8	a31	a19	0
13	250.668974028219	a8	a31
12	250.687171197756	a8	a31	a15	0
13	250.690373998269	a8	a31
12	250.740284648878	a8	a31	a21	0
13	250.742378049727	a8	a31
12	250.749246871365	a8	a31	a22	0
13	250.749321562263	a8	a31
12	250.759545307161	a8	a31	a26	0
12	250.766572418684	a8	a32	a28	0
13	250.906001823291	a8	a32
12	250.907074905363	a8	a32	a25	0
13	272.351753967419	a8	a32
12	272.352487856882	a8	a32	a24	0
13	272.353355367675	a8	a32
13	272.360333142092	a8	a31
12	272.381233573936	a8	a31	a28	0
13	272.383777861121	a8	a31
12	272.385830147714	a8	a31	a18	0
12	272.387417157981	a8	a32	a17	0
13	274.66246695508	a8	a32
12	274.662658136369	a8	a32	a16	0
13	274.662799980551	a8	a32
13	274.663022682769	a8	a31
12	274.695367952902	a8	a31	a23	0
13	298.805136106082	a8	a31
12	298.892292846094	a8	a31	a19	0
13	299.652835995586	a8	a31
12	299.671560112832	a8	a31	a15	0
13	299.67466766532	a8	a31
12	299.730143815665	a8	a31	a21	0
13	299.732270107918	a8	a31
12	299.739405486981	a8	a31	a22	0
13	299.739480177878	a8	a31
12	299.749703237538	a8	a31	a26	0
12	299.756571373939	a8	a32	a28	0
13	299.883664446148	a8	a32
12	299.884856074324	a8	a32	a25	0
13	321.69031615563	a8	a32
12	321.691470095738	a8	a32	a24	0
13	321.693050253629	a8	a32
13	321.704558133777	a8	a31
12	321.736756763065	a8	a31	a28	0
13	321.739604610505	a8	a31
12	321.741798741279	a8	a31	a18	0
12	321.743577618073	a8	a32	a17	0
13	324.883860478985	a8	a32
12	324.884282585342	a8	a32	a16	0
13	324.884420318099	a8	a32
13	324.884958914847	a8	a31
12	324.925899805356	a8	a31	a23	0
13	352.91995438914	a8	a31
12	353.036492746694	a8	a31	a19	0
13	353.894692531845	a8	a31
12	353.916794185191	a8	a31	a15	0
13	353.920173091766	a8	a31
12	354.061455378827	a8	a31	a21	0
13	354.064958313405	a8	a31
12	354.073513504762	a8	a31	a22	0
13	354.073606011837	a8	a31
13	354.082557270523	a8	a30
