%EventDef PajeDefineContainerType 0 
%       Alias string 
%       Type string 
%       Name string 
%EndEventDef 
%EventDef PajeDefineVariableType 1 
%       Alias string 
%       Type string 
%       Name string 
%       Color color 
%EndEventDef 
%EventDef PajeDefineStateType 2 
%       Alias string 
%       Type string 
%       Name string 
%EndEventDef 
%EventDef PajeDefineEventType 3 
%       Alias string 
%       Type string 
%       Name string 
%       Color color 
%EndEventDef 
%EventDef PajeDefineLinkType 4 
%       Alias string 
%       Type string 
%       StartContainerType string 
%       EndContainerType string 
%       Name string 
%EndEventDef 
%EventDef PajeDefineEntityValue 5 
%       Alias string 
%       Type string 
%       Name string 
%       Color color 
%EndEventDef 
%EventDef PajeCreateContainer 6 
%       Time date 
%       Alias string 
%       Type string 
%       Container string 
%       Name string 
%EndEventDef 
%EventDef PajeDestroyContainer 7 
%       Time date 
%       Type string 
%       Name string 
%EndEventDef 
%EventDef PajeSetVariable 8 
%       Time date 
%       Type string 
%       Container string 
%       Value double 
%EndEventDef
%EventDef PajeAddVariable 9 
%       Time date 
%       Type string 
%       Container string 
%       Value double 
%EndEventDef
%EventDef PajeSubVariable 10 
%       Time date 
%       Type string 
%       Container string 
%       Value double 
%EndEventDef
%EventDef PajeSetState 11 
%       Time date 
%       Type string 
%       Container string 
%       Value string 
%EndEventDef
%EventDef PajePushState 12 
%       Time date 
%       Type string 
%       Container string 
%       Value string 
%       Id string 
%EndEventDef
%EventDef PajePopState 13 
%       Time date 
%       Type string 
%       Container string 
%EndEventDef
%EventDef PajeResetState 14 
%       Time date 
%       Type string 
%       Container string 
%EndEventDef
%EventDef PajeStartLink 15 
%       Time date 
%       Type string 
%       Container string 
%       Value string 
%       StartContainer string 
%       Key string 
%EndEventDef
%EventDef PajeEndLink 16 
%       Time date 
%       Type string 
%       Container string 
%       Value string 
%       EndContainer string 
%       Key string 
%EndEventDef
%EventDef PajeNewEvent 17 
%       Time date 
%       Type string 
%       Container string 
%       Value string 
%EndEventDef
0	a1	0	"Task Manager"
0	a2	a1	"Node"
0	a3	a1	"Thread"
0	a4	a1	"Jobs"
0	a5	a1	"Memory usage"
2	a6	a4	"Job"
2	a7	a3	"Task"
2	a8	a3	"Timer state"
6	0	a9	a1	0	"The task manager"
6	0	a10	a4	a9	"Jobs"
6	0	a11	a5	a9	"Memory"
1	a12	a1	"Memory [MB]"	"1.0 1.0 1.0"
6	0	a13	a2	a9	"Node 0"
6	0	a14	a3	a13	"Thread 0"
5	a15	a8	"BaseVector::InnerProduct (taskhandler)"	"1 0 -2.60213991978721"
5	a16	a8	"Apply Matrix - DG"	"0 0.984300814798172 1"
5	a17	a8	"Apply Matrix - volume"	"0 1 0.463463405255104"
5	a18	a8	"Apply Matrix"	"0.752669970214523 0 1"
5	a19	a8	"Pardiso Solve, mat = d, vec = d"	"0.0345216924405014 0 1"
5	a20	a8	"SparseMatrix::MultAdd"	"0.2605166920136 1 0"
5	a21	a8	"BaseVector::Add"	"0 1 0.115974093814375"
5	a22	a8	"BaseVector::Set"	"0 1 0.0331402709784779"
5	a23	a8	"Pardiso Inverse"	"0.35690558896328 0 1"
5	a24	a8	"Assemble Linearization - SpecialElements"	"0 0.259089438305024 1"
5	a25	a8	"Assemble Linearization - volume"	"1 0.242783099469445 0"
5	a26	a8	"Assemble Linearization"	"1 0 -2.48365676612213"
5	a27	a8	"timer setvalues"	"0 0.340416249432698 1"
5	a28	a8	"S_BaseVector::SetScalar"	"1 0 -2.75482329080226"
5	a29	a8	"NewtonSolver.Solve"	"0.75645388820126 1 0"
6	0	a30	a3	a9	"Timer level 0"
6	0	a31	a3	a9	"Timer level 1"
6	0	a32	a3	a9	"Timer level 2"
4	a33	a2	a3	a3	"links"
8	0	a12	a11	0
12	0.16543965318785	a8	a30	a27	0
12	0.172866258227943	a8	a31	a28	0
13	0.175760701823566	a8	a31
13	0.464181316420868	a8	a30
12	0.519120240492606	a8	a30	a26	0
12	0.520893635384999	a8	a31	a28	0
13	0.677703406318288	a8	a31
12	0.678464705284845	a8	a31	a25	0
13	33.7949121905526	a8	a31
12	33.7953959682937	a8	a31	a24	0
13	33.7966115797849	a8	a31
13	33.8027300662587	a8	a30
12	33.8459678731811	a8	a30	a23	0
13	65.9871242290052	a8	a30
12	66.0496446218132	a8	a30	a22	0
13	66.0540356243134	a8	a30
12	66.0541527999419	a8	a30	a21	0
13	66.0570218897466	a8	a30
12	66.0705704074485	a8	a30	a28	0
13	66.0734155139373	a8	a30
12	66.0740137263566	a8	a30	a20	0
13	66.3698924669233	a8	a30
12	66.4029990360234	a8	a30	a19	0
13	67.5553624120448	a8	a30
12	67.5566328425435	a8	a30	a21	0
13	67.5592346896866	a8	a30
12	67.5758839074998	a8	a30	a22	0
13	67.5759743588621	a8	a30
12	67.5836373708721	a8	a30	a21	0
13	67.5861597304543	a8	a30
12	67.5875096485138	a8	a30	a22	0
13	67.5875541889574	a8	a30
12	67.5993717964977	a8	a30	a29	0
12	67.637601201848	a8	a31	a26	0
12	67.6445954219665	a8	a32	a28	0
13	67.7902378758359	a8	a32
12	67.7909902667137	a8	a32	a25	0
13	101.184568391986	a8	a32
12	101.185284465271	a8	a32	a24	0
13	101.187177091505	a8	a32
13	101.195446538785	a8	a31
12	101.223168510874	a8	a31	a28	0
13	101.227373813986	a8	a31
12	101.229757755575	a8	a31	a18	0
12	101.231901178768	a8	a32	a17	0
13	104.556190205468	a8	a32
12	104.556456762892	a8	a32	a16	0
13	104.556628757528	a8	a32
13	104.556882295437	a8	a31
12	104.600035818136	a8	a31	a23	0
13	135.865216640391	a8	a31
12	135.961458260421	a8	a31	a19	0
13	136.951588895193	a8	a31
12	136.969654499112	a8	a31	a15	0
13	136.973432213966	a8	a31
12	137.067095970168	a8	a31	a21	0
13	137.0703446816	a8	a31
12	137.088793333334	a8	a31	a22	0
13	137.08905646457	a8	a31
12	137.104081669286	a8	a31	a26	0
12	137.111659026597	a8	a32	a28	0
13	137.266853692522	a8	a32
12	137.268085064477	a8	a32	a25	0
13	173.048019555375	a8	a32
12	173.048956275165	a8	a32	a24	0
13	173.050224649951	a8	a32
13	173.058923741203	a8	a31
12	173.088980317773	a8	a31	a28	0
13	173.09288548682	a8	a31
12	173.09557641485	a8	a31	a18	0
12	173.096805045855	a8	a32	a17	0
13	175.991665265935	a8	a32
12	175.992634191892	a8	a32	a16	0
13	175.992690381375	a8	a32
13	175.993401657997	a8	a31
12	176.043932448629	a8	a31	a23	0
13	204.893005259417	a8	a31
12	204.983299702371	a8	a31	a19	0
13	205.716691682689	a8	a31
12	205.735324663336	a8	a31	a15	0
13	205.738941347355	a8	a31
12	205.79029716405	a8	a31	a21	0
13	205.792581060949	a8	a31
12	205.799027090993	a8	a31	a22	0
13	205.799105893316	a8	a31
12	205.809150105964	a8	a31	a26	0
12	205.816697312821	a8	a32	a28	0
13	205.944056942453	a8	a32
12	205.945216364462	a8	a32	a25	0
13	230.339672643066	a8	a32
12	230.340681998041	a8	a32	a24	0
13	230.341970929955	a8	a32
13	230.351134612295	a8	a31
12	230.384964107057	a8	a31	a28	0
13	230.388194317073	a8	a31
12	230.390886615579	a8	a31	a18	0
12	230.392148137989	a8	a32	a17	0
13	232.869137453939	a8	a32
12	232.86978089204	a8	a32	a16	0
13	232.869956312864	a8	a32
13	232.870593583826	a8	a31
12	232.92438130874	a8	a31	a23	0
13	260.497420433079	a8	a31
12	260.59382376918	a8	a31	a19	0
13	261.44950119475	a8	a31
12	261.469734205178	a8	a31	a15	0
13	261.472943172829	a8	a31
12	261.532218280393	a8	a31	a21	0
13	261.534296606015	a8	a31
12	261.540390423935	a8	a31	a22	0
13	261.540471967209	a8	a31
12	261.550139984418	a8	a31	a26	0
12	261.557652244157	a8	a32	a28	0
13	261.691236572091	a8	a32
12	261.692413810277	a8	a32	a25	0
13	286.225778712918	a8	a32
12	286.226562624725	a8	a32	a24	0
13	286.227630224896	a8	a32
13	286.236167600075	a8	a31
12	286.264455578417	a8	a31	a28	0
13	286.267785833122	a8	a31
12	286.269927885839	a8	a31	a18	0
12	286.271114717352	a8	a32	a17	0
13	289.666277868364	a8	a32
12	289.666535517699	a8	a32	a16	0
13	289.666749311828	a8	a32
13	289.667259813836	a8	a31
12	289.703763105688	a8	a31	a23	0
13	322.23160040609	a8	a31
12	322.334795131982	a8	a31	a19	0
13	323.20628304455	a8	a31
12	323.225114744099	a8	a31	a15	0
13	323.228538876355	a8	a31
12	323.291634183504	a8	a31	a21	0
13	323.294510125684	a8	a31
12	323.301237103141	a8	a31	a22	0
13	323.301398133976	a8	a31
13	323.309013864592	a8	a30
