%EventDef PajeDefineContainerType 0 
%       Alias string 
%       Type string 
%       Name string 
%EndEventDef 
%EventDef PajeDefineVariableType 1 
%       Alias string 
%       Type string 
%       Name string 
%       Color color 
%EndEventDef 
%EventDef PajeDefineStateType 2 
%       Alias string 
%       Type string 
%       Name string 
%EndEventDef 
%EventDef PajeDefineEventType 3 
%       Alias string 
%       Type string 
%       Name string 
%       Color color 
%EndEventDef 
%EventDef PajeDefineLinkType 4 
%       Alias string 
%       Type string 
%       StartContainerType string 
%       EndContainerType string 
%       Name string 
%EndEventDef 
%EventDef PajeDefineEntityValue 5 
%       Alias string 
%       Type string 
%       Name string 
%       Color color 
%EndEventDef 
%EventDef PajeCreateContainer 6 
%       Time date 
%       Alias string 
%       Type string 
%       Container string 
%       Name string 
%EndEventDef 
%EventDef PajeDestroyContainer 7 
%       Time date 
%       Type string 
%       Name string 
%EndEventDef 
%EventDef PajeSetVariable 8 
%       Time date 
%       Type string 
%       Container string 
%       Value double 
%EndEventDef
%EventDef PajeAddVariable 9 
%       Time date 
%       Type string 
%       Container string 
%       Value double 
%EndEventDef
%EventDef PajeSubVariable 10 
%       Time date 
%       Type string 
%       Container string 
%       Value double 
%EndEventDef
%EventDef PajeSetState 11 
%       Time date 
%       Type string 
%       Container string 
%       Value string 
%EndEventDef
%EventDef PajePushState 12 
%       Time date 
%       Type string 
%       Container string 
%       Value string 
%       Id string 
%EndEventDef
%EventDef PajePopState 13 
%       Time date 
%       Type string 
%       Container string 
%EndEventDef
%EventDef PajeResetState 14 
%       Time date 
%       Type string 
%       Container string 
%EndEventDef
%EventDef PajeStartLink 15 
%       Time date 
%       Type string 
%       Container string 
%       Value string 
%       StartContainer string 
%       Key string 
%EndEventDef
%EventDef PajeEndLink 16 
%       Time date 
%       Type string 
%       Container string 
%       Value string 
%       EndContainer string 
%       Key string 
%EndEventDef
%EventDef PajeNewEvent 17 
%       Time date 
%       Type string 
%       Container string 
%       Value string 
%EndEventDef
0	a1	0	"Task Manager"
0	a2	a1	"Node"
0	a3	a1	"Thread"
0	a4	a1	"Jobs"
0	a5	a1	"Memory usage"
2	a6	a4	"Job"
2	a7	a3	"Task"
2	a8	a3	"Timer state"
6	0	a9	a1	0	"The task manager"
6	0	a10	a4	a9	"Jobs"
6	0	a11	a5	a9	"Memory"
1	a12	a1	"Memory [MB]"	"1.0 1.0 1.0"
6	0	a13	a2	a9	"Node 0"
6	0	a14	a3	a13	"Thread 0"
5	a15	a8	"BaseVector::InnerProduct (taskhandler)"	"1 0 -2.60213991978721"
5	a16	a8	"Apply Matrix - DG"	"0 0.984300814798172 1"
5	a17	a8	"Apply Matrix - volume"	"0 1 0.463463405255104"
5	a18	a8	"Apply Matrix"	"0.752669970214523 0 1"
5	a19	a8	"Pardiso Solve, mat = d, vec = d"	"0.0345216924405014 0 1"
5	a20	a8	"SparseMatrix::MultAdd"	"0.2605166920136 1 0"
5	a21	a8	"BaseVector::Add"	"0 1 0.115974093814375"
5	a22	a8	"BaseVector::Set"	"0 1 0.0331402709784779"
5	a23	a8	"Pardiso Inverse"	"0.35690558896328 0 1"
5	a24	a8	"Assemble Linearization - SpecialElements"	"0 0.259089438305024 1"
5	a25	a8	"Assemble Linearization - volume"	"1 0.242783099469445 0"
5	a26	a8	"Assemble Linearization"	"1 0 -2.48365676612213"
5	a27	a8	"timer setvalues"	"0 0.340416249432698 1"
5	a28	a8	"S_BaseVector::SetScalar"	"1 0 -2.75482329080226"
5	a29	a8	"NewtonSolver.Solve"	"0.75645388820126 1 0"
6	0	a30	a3	a9	"Timer level 0"
6	0	a31	a3	a9	"Timer level 1"
6	0	a32	a3	a9	"Timer level 2"
4	a33	a2	a3	a3	"links"
8	0	a12	a11	0
12	0.158575628212152	a8	a30	a27	0
12	0.166111186029637	a8	a31	a28	0
13	0.168553372813444	a8	a31
13	0.417570084824888	a8	a30
12	0.453292891057602	a8	a30	a26	0
12	0.454803154714029	a8	a31	a28	0
13	0.581694081832909	a8	a31
12	0.582576667853544	a8	a31	a25	0
13	26.6088248605964	a8	a31
12	26.609501875339	a8	a31	a24	0
13	26.6108312362707	a8	a31
13	26.6168750318468	a8	a30
12	26.6624536103891	a8	a30	a23	0
13	55.1712867692726	a8	a30
12	55.2256583166168	a8	a30	a22	0
13	55.2296422879863	a8	a30
12	55.2297299983983	a8	a30	a21	0
13	55.2320207476739	a8	a30
12	55.242995512974	a8	a30	a28	0
13	55.2452204794406	a8	a30
12	55.2456974048058	a8	a30	a20	0
13	55.4752451463062	a8	a30
12	55.4996019165728	a8	a30	a19	0
13	56.3454674250386	a8	a30
12	56.3469310925386	a8	a30	a21	0
13	56.3502010463356	a8	a30
12	56.3702606916524	a8	a30	a22	0
13	56.370386090132	a8	a30
12	56.3798985584072	a8	a30	a21	0
13	56.3818302431838	a8	a30
12	56.3830581889516	a8	a30	a22	0
13	56.3830945065441	a8	a30
12	56.3936245526458	a8	a30	a29	0
12	56.4274047103005	a8	a31	a26	0
12	56.4338843169862	a8	a32	a28	0
13	56.5566795790078	a8	a32
12	56.5573935965804	a8	a32	a25	0
13	84.7995542116142	a8	a32
12	84.8002764520379	a8	a32	a24	0
13	84.8012446927577	a8	a32
13	84.8085349355167	a8	a31
12	84.836689977765	a8	a31	a28	0
13	84.839883870189	a8	a31
12	84.8413626129162	a8	a31	a18	0
12	84.8423945807322	a8	a32	a17	0
13	88.9303295127474	a8	a32
12	88.9307235243638	a8	a32	a16	0
13	88.9308557752194	a8	a32
13	88.9312271739951	a8	a31
12	88.9688439769367	a8	a31	a23	0
13	122.786303225271	a8	a31
12	122.900188342862	a8	a31	a19	0
13	123.954035795281	a8	a31
12	123.978489869286	a8	a31	a15	0
13	123.982953506971	a8	a31
12	124.047761222866	a8	a31	a21	0
13	124.051800013244	a8	a31
12	124.06168525077	a8	a31	a22	0
13	124.061775702132	a8	a31
12	124.075043957658	a8	a31	a26	0
12	124.083823906946	a8	a32	a28	0
13	124.195580676571	a8	a32
12	124.196812733764	a8	a32	a25	0
13	161.772288310845	a8	a32
12	161.773027682208	a8	a32	a24	0
13	161.774511221598	a8	a32
13	161.782550429047	a8	a31
12	161.806459053928	a8	a31	a28	0
13	161.810385465339	a8	a31
12	161.811701806757	a8	a31	a18	0
12	161.813114081437	a8	a32	a17	0
13	166.034816985061	a8	a32
12	166.035404233679	a8	a32	a16	0
13	166.035567320226	a8	a32
13	166.036025744177	a8	a31
12	166.076076511051	a8	a31	a23	0
13	198.554660303696	a8	a31
12	198.661462805519	a8	a31	a19	0
13	199.625477665121	a8	a31
12	199.645009677491	a8	a31	a15	0
13	199.648696940982	a8	a31
12	199.710793856958	a8	a31	a21	0
13	199.713604701567	a8	a31
12	199.72127251024	a8	a31	a22	0
13	199.721353368276	a8	a31
12	199.732219180799	a8	a31	a26	0
12	199.739523813547	a8	a32	a28	0
13	199.908047035906	a8	a32
12	199.909258535972	a8	a32	a25	0
13	238.293546083878	a8	a32
12	238.29427175049	a8	a32	a24	0
13	238.295505178159	a8	a32
13	238.303484769937	a8	a31
12	238.327789462146	a8	a31	a28	0
13	238.330936073176	a8	a31
12	238.332405907815	a8	a31	a18	0
12	238.333524900805	a8	a32	a17	0
13	241.699585325977	a8	a32
12	241.699853939114	a8	a32	a16	0
13	241.699984134257	a8	a32
13	241.700226023127	a8	a31
12	241.736752613057	a8	a31	a23	0
13	275.335483336258	a8	a31
12	275.440025239259	a8	a31	a19	0
13	276.424651360441	a8	a31
12	276.443532397097	a8	a31	a15	0
13	276.447655471698	a8	a31
12	276.576715861039	a8	a31	a21	0
13	276.579796004022	a8	a31
12	276.588138086487	a8	a31	a22	0
13	276.588225796899	a8	a31
12	276.600931472361	a8	a31	a26	0
12	276.609270813876	a8	a32	a28	0
13	276.767049510767	a8	a32
12	276.768041049565	a8	a32	a25	0
13	319.652893736498	a8	a32
12	319.653898294811	a8	a32	a24	0
13	319.655157761508	a8	a32
13	319.663912357004	a8	a31
12	319.697841896455	a8	a31	a28	0
13	319.701941672977	a8	a31
12	319.70355540751	a8	a31	a18	0
12	319.705099933047	a8	a32	a17	0
13	322.969462191231	a8	a32
12	322.969704765339	a8	a32	a16	0
13	322.969831534294	a8	a32
13	322.970478398582	a8	a31
12	323.008487157427	a8	a31	a23	0
13	360.986247224331	a8	a31
12	361.110302638287	a8	a31	a19	0
13	365.60126965434	a8	a31
12	365.631490002696	a8	a31	a15	0
13	365.63607903886	a8	a31
12	365.733229283939	a8	a31	a21	0
13	365.738513151024	a8	a31
12	365.750421209926	a8	a31	a22	0
13	365.75051714319	a8	a31
13	365.764487767249	a8	a30
