%EventDef PajeDefineContainerType 0 
%       Alias string 
%       Type string 
%       Name string 
%EndEventDef 
%EventDef PajeDefineVariableType 1 
%       Alias string 
%       Type string 
%       Name string 
%       Color color 
%EndEventDef 
%EventDef PajeDefineStateType 2 
%       Alias string 
%       Type string 
%       Name string 
%EndEventDef 
%EventDef PajeDefineEventType 3 
%       Alias string 
%       Type string 
%       Name string 
%       Color color 
%EndEventDef 
%EventDef PajeDefineLinkType 4 
%       Alias string 
%       Type string 
%       StartContainerType string 
%       EndContainerType string 
%       Name string 
%EndEventDef 
%EventDef PajeDefineEntityValue 5 
%       Alias string 
%       Type string 
%       Name string 
%       Color color 
%EndEventDef 
%EventDef PajeCreateContainer 6 
%       Time date 
%       Alias string 
%       Type string 
%       Container string 
%       Name string 
%EndEventDef 
%EventDef PajeDestroyContainer 7 
%       Time date 
%       Type string 
%       Name string 
%EndEventDef 
%EventDef PajeSetVariable 8 
%       Time date 
%       Type string 
%       Container string 
%       Value double 
%EndEventDef
%EventDef PajeAddVariable 9 
%       Time date 
%       Type string 
%       Container string 
%       Value double 
%EndEventDef
%EventDef PajeSubVariable 10 
%       Time date 
%       Type string 
%       Container string 
%       Value double 
%EndEventDef
%EventDef PajeSetState 11 
%       Time date 
%       Type string 
%       Container string 
%       Value string 
%EndEventDef
%EventDef PajePushState 12 
%       Time date 
%       Type string 
%       Container string 
%       Value string 
%       Id string 
%EndEventDef
%EventDef PajePopState 13 
%       Time date 
%       Type string 
%       Container string 
%EndEventDef
%EventDef PajeResetState 14 
%       Time date 
%       Type string 
%       Container string 
%EndEventDef
%EventDef PajeStartLink 15 
%       Time date 
%       Type string 
%       Container string 
%       Value string 
%       StartContainer string 
%       Key string 
%EndEventDef
%EventDef PajeEndLink 16 
%       Time date 
%       Type string 
%       Container string 
%       Value string 
%       EndContainer string 
%       Key string 
%EndEventDef
%EventDef PajeNewEvent 17 
%       Time date 
%       Type string 
%       Container string 
%       Value string 
%EndEventDef
0	a1	0	"Task Manager"
0	a2	a1	"Node"
0	a3	a1	"Thread"
0	a4	a1	"Jobs"
0	a5	a1	"Memory usage"
2	a6	a4	"Job"
2	a7	a3	"Task"
2	a8	a3	"Timer state"
6	0	a9	a1	0	"The task manager"
6	0	a10	a4	a9	"Jobs"
6	0	a11	a5	a9	"Memory"
1	a12	a1	"Memory [MB]"	"1.0 1.0 1.0"
6	0	a13	a2	a9	"Node 0"
6	0	a14	a3	a13	"Thread 0"
5	a15	a8	"BaseVector::InnerProduct (taskhandler)"	"1 0 -2.60213991978721"
5	a16	a8	"Apply Matrix - DG"	"0 0.984300814798172 1"
5	a17	a8	"Apply Matrix - volume"	"0 1 0.463463405255104"
5	a18	a8	"Apply Matrix"	"0.752669970214523 0 1"
5	a19	a8	"Pardiso Solve, mat = d, vec = d"	"0.0345216924405014 0 1"
5	a20	a8	"SparseMatrix::MultAdd"	"0.2605166920136 1 0"
5	a21	a8	"BaseVector::Add"	"0 1 0.115974093814375"
5	a22	a8	"BaseVector::Set"	"0 1 0.0331402709784779"
5	a23	a8	"Pardiso Inverse"	"0.35690558896328 0 1"
5	a24	a8	"Assemble Linearization - SpecialElements"	"0 0.259089438305024 1"
5	a25	a8	"Assemble Linearization - volume"	"1 0.242783099469445 0"
5	a26	a8	"Assemble Linearization"	"1 0 -2.48365676612213"
5	a27	a8	"timer setvalues"	"0 0.340416249432698 1"
5	a28	a8	"S_BaseVector::SetScalar"	"1 0 -2.75482329080226"
5	a29	a8	"NewtonSolver.Solve"	"0.75645388820126 1 0"
6	0	a30	a3	a9	"Timer level 0"
6	0	a31	a3	a9	"Timer level 1"
6	0	a32	a3	a9	"Timer level 2"
4	a33	a2	a3	a3	"links"
8	0	a12	a11	0
12	0.309195647961904	a8	a30	a27	0
12	0.32882016740675	a8	a31	a28	0
13	0.332804138776292	a8	a31
13	0.828352206046974	a8	a30
12	0.898938530569951	a8	a30	a26	0
12	0.901388940204881	a8	a31	a28	0
13	2.04373071641901	a8	a31
12	2.04976628914397	a8	a31	a25	0
13	43.625978943971	a8	a31
12	43.626629919685	a8	a31	a24	0
13	43.6280744005324	a8	a31
13	43.6367364889539	a8	a30
12	43.685554870839	a8	a30	a23	0
13	81.3177228949932	a8	a30
12	81.3909645151916	a8	a30	a22	0
13	81.4021236094044	a8	a30
12	81.402252434072	a8	a30	a21	0
13	81.4050667048691	a8	a30
12	81.419328554906	a8	a30	a28	0
13	81.4220146862731	a8	a30
12	81.422675940551	a8	a30	a20	0
13	81.7893123150391	a8	a30
12	81.8319430014535	a8	a30	a19	0
13	84.3602086465379	a8	a30
12	84.3619614843025	a8	a30	a21	0
13	84.3664504757786	a8	a30
12	84.4002162434438	a8	a30	a22	0
13	84.4003854971294	a8	a30
12	84.4133186714722	a8	a30	a21	0
13	84.4158999614875	a8	a30
12	84.4183901149028	a8	a30	a22	0
13	84.4184401372472	a8	a30
12	84.4315322867117	a8	a30	a29	0
12	84.4714603960567	a8	a31	a26	0
12	84.4785203989842	a8	a32	a28	0
13	84.6446925711596	a8	a32
12	84.6458396588914	a8	a32	a25	0
13	122.184695453729	a8	a32
12	122.185447159369	a8	a32	a24	0
13	122.186547650945	a8	a32
13	122.194287409565	a8	a31
12	122.224659195429	a8	a31	a28	0
13	122.22827519421	a8	a31
12	122.230799609506	a8	a31	a18	0
12	122.232178307544	a8	a32	a17	0
13	124.487329490161	a8	a32
12	124.487960593984	a8	a32	a16	0
13	124.488014042517	a8	a32
13	124.488403942708	a8	a31
12	124.530292516808	a8	a31	a23	0
13	158.403672634686	a8	a31
12	158.498963144935	a8	a31	a19	0
13	159.344832764827	a8	a31
12	159.36349521069	a8	a31	a15	0
13	159.366930991985	a8	a31
12	159.475162214191	a8	a31	a21	0
13	159.477641403805	a8	a31
12	159.483875010194	a8	a31	a22	0
13	159.483951071567	a8	a31
12	159.494080938914	a8	a31	a26	0
12	159.501177944672	a8	a32	a28	0
13	159.637019445239	a8	a32
12	159.637806783234	a8	a32	a25	0
13	183.931644829298	a8	a32
12	183.934054809915	a8	a32	a24	0
13	183.935666488735	a8	a32
13	183.942979344334	a8	a31
12	183.970259338176	a8	a31	a28	0
13	183.973366205425	a8	a31
12	183.975158101733	a8	a31	a18	0
12	183.976407975104	a8	a32	a17	0
13	186.474650620259	a8	a32
12	186.475943663599	a8	a32	a16	0
13	186.476519948415	a8	a32
13	186.479122480796	a8	a31
12	186.57350025457	a8	a31	a23	0
13	214.803088815473	a8	a31
12	214.914422793503	a8	a31	a19	0
13	216.483542877326	a8	a31
12	216.542098485417	a8	a31	a15	0
13	216.552433238805	a8	a31
12	216.688666695275	a8	a31	a21	0
13	216.695767812459	a8	a31
12	216.711551575191	a8	a31	a22	0
13	216.711640656078	a8	a31
12	216.729517134422	a8	a31	a26	0
12	216.747014676376	a8	a32	a28	0
13	216.89090429248	a8	a32
12	216.892013006907	a8	a32	a25	0
13	241.324621944251	a8	a32
12	241.325812887189	a8	a32	a24	0
13	241.327097707677	a8	a32
13	241.335175973668	a8	a31
12	241.367121750285	a8	a31	a28	0
13	241.370554105392	a8	a31
12	241.372072591899	a8	a31	a18	0
12	241.373281351014	a8	a32	a17	0
13	243.726087798816	a8	a32
12	243.726329002449	a8	a32	a16	0
13	243.726552389905	a8	a32
13	243.727011499093	a8	a31
12	243.760721762513	a8	a31	a23	0
13	276.488446295174	a8	a31
12	276.584837982236	a8	a31	a19	0
13	277.436320383257	a8	a31
12	277.455851710389	a8	a31	a15	0
13	277.459378628284	a8	a31
12	277.515554406212	a8	a31	a21	0
13	277.517797874094	a8	a31
12	277.523959530536	a8	a31	a22	0
13	277.524038332859	a8	a31
12	277.534713649331	a8	a31	a26	0
12	277.541849713631	a8	a32	a28	0
13	277.707557294718	a8	a32
12	277.709225848259	a8	a32	a25	0
13	305.700634044456	a8	a32
12	305.701438513391	a8	a32	a24	0
13	305.702496520236	a8	a32
13	305.710036189479	a8	a31
12	305.736170466064	a8	a31	a28	0
13	305.739079984886	a8	a31
12	305.741119937203	a8	a31	a18	0
12	305.742255375895	a8	a32	a17	0
13	307.9131826354	a8	a32
12	307.913591722243	a8	a32	a16	0
13	307.913723973099	a8	a32
13	307.914183767524	a8	a31
12	307.94477140323	a8	a31	a23	0
13	338.632682037557	a8	a31
12	338.752298482382	a8	a31	a19	0
13	339.554802155921	a8	a31
12	339.570605790543	a8	a31	a15	0
13	339.573890819567	a8	a31
12	339.626973434998	a8	a31	a21	0
13	339.629258017135	a8	a31
12	339.635647857696	a8	a31	a22	0
13	339.635723919069	a8	a31
13	339.643573315704	a8	a30
