%EventDef PajeDefineContainerType 0 
%       Alias string 
%       Type string 
%       Name string 
%EndEventDef 
%EventDef PajeDefineVariableType 1 
%       Alias string 
%       Type string 
%       Name string 
%       Color color 
%EndEventDef 
%EventDef PajeDefineStateType 2 
%       Alias string 
%       Type string 
%       Name string 
%EndEventDef 
%EventDef PajeDefineEventType 3 
%       Alias string 
%       Type string 
%       Name string 
%       Color color 
%EndEventDef 
%EventDef PajeDefineLinkType 4 
%       Alias string 
%       Type string 
%       StartContainerType string 
%       EndContainerType string 
%       Name string 
%EndEventDef 
%EventDef PajeDefineEntityValue 5 
%       Alias string 
%       Type string 
%       Name string 
%       Color color 
%EndEventDef 
%EventDef PajeCreateContainer 6 
%       Time date 
%       Alias string 
%       Type string 
%       Container string 
%       Name string 
%EndEventDef 
%EventDef PajeDestroyContainer 7 
%       Time date 
%       Type string 
%       Name string 
%EndEventDef 
%EventDef PajeSetVariable 8 
%       Time date 
%       Type string 
%       Container string 
%       Value double 
%EndEventDef
%EventDef PajeAddVariable 9 
%       Time date 
%       Type string 
%       Container string 
%       Value double 
%EndEventDef
%EventDef PajeSubVariable 10 
%       Time date 
%       Type string 
%       Container string 
%       Value double 
%EndEventDef
%EventDef PajeSetState 11 
%       Time date 
%       Type string 
%       Container string 
%       Value string 
%EndEventDef
%EventDef PajePushState 12 
%       Time date 
%       Type string 
%       Container string 
%       Value string 
%       Id string 
%EndEventDef
%EventDef PajePopState 13 
%       Time date 
%       Type string 
%       Container string 
%EndEventDef
%EventDef PajeResetState 14 
%       Time date 
%       Type string 
%       Container string 
%EndEventDef
%EventDef PajeStartLink 15 
%       Time date 
%       Type string 
%       Container string 
%       Value string 
%       StartContainer string 
%       Key string 
%EndEventDef
%EventDef PajeEndLink 16 
%       Time date 
%       Type string 
%       Container string 
%       Value string 
%       EndContainer string 
%       Key string 
%EndEventDef
%EventDef PajeNewEvent 17 
%       Time date 
%       Type string 
%       Container string 
%       Value string 
%EndEventDef
0	a1	0	"Task Manager"
0	a2	a1	"Node"
0	a3	a1	"Thread"
0	a4	a1	"Jobs"
0	a5	a1	"Memory usage"
2	a6	a4	"Job"
2	a7	a3	"Task"
2	a8	a3	"Timer state"
6	0	a9	a1	0	"The task manager"
6	0	a10	a4	a9	"Jobs"
6	0	a11	a5	a9	"Memory"
1	a12	a1	"Memory [MB]"	"1.0 1.0 1.0"
6	0	a13	a2	a9	"Node 0"
6	0	a14	a3	a13	"Thread 0"
5	a15	a8	"BaseVector::InnerProduct (taskhandler)"	"1 0 -2.60213991978721"
5	a16	a8	"Apply Matrix - DG"	"0 0.984300814798172 1"
5	a17	a8	"Apply Matrix - volume"	"0 1 0.463463405255104"
5	a18	a8	"Apply Matrix"	"0.752669970214523 0 1"
5	a19	a8	"Pardiso Solve, mat = d, vec = d"	"0.0345216924405014 0 1"
5	a20	a8	"SparseMatrix::MultAdd"	"0.2605166920136 1 0"
5	a21	a8	"BaseVector::Add"	"0 1 0.115974093814375"
5	a22	a8	"BaseVector::Set"	"0 1 0.0331402709784779"
5	a23	a8	"Pardiso Inverse"	"0.35690558896328 0 1"
5	a24	a8	"Assemble Linearization - SpecialElements"	"0 0.259089438305024 1"
5	a25	a8	"Assemble Linearization - volume"	"1 0.242783099469445 0"
5	a26	a8	"Assemble Linearization"	"1 0 -2.48365676612213"
5	a27	a8	"timer setvalues"	"0 0.340416249432698 1"
5	a28	a8	"S_BaseVector::SetScalar"	"1 0 -2.75482329080226"
5	a29	a8	"NewtonSolver.Solve"	"0.75645388820126 1 0"
6	0	a30	a3	a9	"Timer level 0"
6	0	a31	a3	a9	"Timer level 1"
6	0	a32	a3	a9	"Timer level 2"
4	a33	a2	a3	a3	"links"
8	0	a12	a11	0
12	0.127467897172742	a8	a30	a27	0
12	0.133739876867518	a8	a31	a28	0
13	0.13637598589033	a8	a31
13	0.372229283727554	a8	a30
12	0.4038735558028	a8	a30	a26	0
12	0.405086426343579	a8	a31	a28	0
13	0.552396063278357	a8	a31
12	0.55360961905673	a8	a31	a25	0
13	25.0683901929196	a8	a31
12	25.0699792588993	a8	a31	a24	0
13	25.0718129547	a8	a31
13	25.0852216839327	a8	a30
12	25.1815030477428	a8	a30	a23	0
13	55.2625494529467	a8	a30
12	55.4557679529439	a8	a30	a22	0
13	55.4682673718899	a8	a30
12	55.4688724366851	a8	a30	a21	0
13	55.4723424798594	a8	a30
12	55.5041423008684	a8	a30	a28	0
13	55.5074321265556	a8	a30
12	55.5093754603712	a8	a30	a20	0
13	56.6821287662296	a8	a30
12	56.8231335320651	a8	a30	a19	0
13	58.8896346937214	a8	a30
12	58.8917322059956	a8	a30	a21	0
13	58.8976567702304	a8	a30
12	58.9334563230736	a8	a30	a22	0
13	58.9338736327682	a8	a30
12	58.9505317586701	a8	a30	a21	0
13	58.9538791443151	a8	a30
12	58.9549727835146	a8	a30	a22	0
13	58.9550200649085	a8	a30
12	58.9775397131866	a8	a30	a29	0
12	59.1951965267242	a8	a31	a26	0
12	59.2180224762066	a8	a32	a28	0
13	59.3076727958228	a8	a32
12	59.3112620703384	a8	a32	a25	0
13	85.7408424811851	a8	a32
12	85.7417017691275	a8	a32	a24	0
13	85.7432805565433	a8	a32
13	85.7516966446687	a8	a31
12	85.7727060292903	a8	a31	a28	0
13	85.7762034819684	a8	a31
12	85.7778768321721	a8	a31	a18	0
12	85.7795864999683	a8	a32	a17	0
13	88.9278345626689	a8	a32
12	88.9282977832822	a8	a32	a16	0
13	88.9284430536521	a8	a32
13	88.9287747086474	a8	a31
12	88.9777465837536	a8	a31	a23	0
13	126.383233215262	a8	a31
12	126.630187362116	a8	a31	a19	0
13	129.268940716802	a8	a31
12	129.319888817129	a8	a31	a15	0
13	129.324952722946	a8	a31
12	129.414277554705	a8	a31	a21	0
13	129.417904517288	a8	a31
12	129.428569555196	a8	a31	a22	0
13	129.428662747509	a8	a31
12	129.449070493523	a8	a31	a26	0
12	129.47072468672	a8	a32	a28	0
13	129.640828066971	a8	a32
12	129.644485865246	a8	a32	a25	0
13	166.023013082273	a8	a32
12	166.023799049793	a8	a32	a24	0
13	166.025085240756	a8	a32
13	166.032601611921	a8	a31
12	166.056774738513	a8	a31	a28	0
13	166.05999329949	a8	a31
12	166.061357607539	a8	a31	a18	0
12	166.062565681417	a8	a32	a17	0
13	169.17317569881	a8	a32
12	169.173584100416	a8	a32	a16	0
13	169.173723888885	a8	a32
13	169.174025393427	a8	a31
12	169.214250895887	a8	a31	a23	0
13	202.617245556171	a8	a31
12	202.723059945384	a8	a31	a19	0
13	204.037417599973	a8	a31
12	204.058591441617	a8	a31	a15	0
13	204.06254868872	a8	a31
12	204.125773505774	a8	a31	a21	0
13	204.128420578599	a8	a31
12	204.136282309511	a8	a31	a22	0
13	204.13636522326	a8	a31
12	204.148726909449	a8	a31	a26	0
12	204.155743742408	a8	a32	a28	0
13	204.320359054771	a8	a32
12	204.321586315301	a8	a32	a25	0
13	240.949606827086	a8	a32
12	240.952620502023	a8	a32	a24	0
13	240.956583231027	a8	a32
13	240.983623391711	a8	a31
12	241.094477018188	a8	a31	a28	0
13	241.09727278757	a8	a31
12	241.10294518437	a8	a31	a18	0
12	241.108390082289	a8	a32	a17	0
13	243.699013033634	a8	a32
12	243.699356337669	a8	a32	a16	0
13	243.699547518958	a8	a32
13	243.700868657038	a8	a31
12	243.781129851146	a8	a31	a23	0
13	274.604797359198	a8	a31
12	274.76538895641	a8	a31	a19	0
13	277.217249239326	a8	a31
12	277.244502508901	a8	a31	a15	0
13	277.248692736787	a8	a31
12	277.397264581369	a8	a31	a21	0
13	277.400497532336	a8	a31
12	277.408753960102	a8	a31	a22	0
13	277.408839614801	a8	a31
12	277.426054153629	a8	a31	a26	0
12	277.433724018015	a8	a32	a28	0
13	277.602646733891	a8	a32
12	277.603634846501	a8	a32	a25	0
13	308.406836705962	a8	a32
12	308.407741219585	a8	a32	a24	0
13	308.409003427233	a8	a32
13	308.415944884057	a8	a31
12	308.441371995445	a8	a31	a28	0
13	308.444414450361	a8	a31
12	308.44640506557	a8	a31	a18	0
12	308.447692627009	a8	a32	a17	0
13	311.423858343289	a8	a32
12	311.42403444935	a8	a32	a16	0
13	311.424187257334	a8	a32
13	311.424552488971	a8	a31
12	311.457831737945	a8	a31	a23	0
13	339.016001891738	a8	a31
12	339.114741202797	a8	a31	a19	0
13	339.940174296695	a8	a31
12	339.957519030666	a8	a31	a15	0
13	339.961507798698	a8	a31
12	340.015773134215	a8	a31	a21	0
13	340.017900111706	a8	a31
12	340.024326955097	a8	a31	a22	0
13	340.024411924559	a8	a31
13	340.031153292005	a8	a30
