%EventDef PajeDefineContainerType 0 
%       Alias string 
%       Type string 
%       Name string 
%EndEventDef 
%EventDef PajeDefineVariableType 1 
%       Alias string 
%       Type string 
%       Name string 
%       Color color 
%EndEventDef 
%EventDef PajeDefineStateType 2 
%       Alias string 
%       Type string 
%       Name string 
%EndEventDef 
%EventDef PajeDefineEventType 3 
%       Alias string 
%       Type string 
%       Name string 
%       Color color 
%EndEventDef 
%EventDef PajeDefineLinkType 4 
%       Alias string 
%       Type string 
%       StartContainerType string 
%       EndContainerType string 
%       Name string 
%EndEventDef 
%EventDef PajeDefineEntityValue 5 
%       Alias string 
%       Type string 
%       Name string 
%       Color color 
%EndEventDef 
%EventDef PajeCreateContainer 6 
%       Time date 
%       Alias string 
%       Type string 
%       Container string 
%       Name string 
%EndEventDef 
%EventDef PajeDestroyContainer 7 
%       Time date 
%       Type string 
%       Name string 
%EndEventDef 
%EventDef PajeSetVariable 8 
%       Time date 
%       Type string 
%       Container string 
%       Value double 
%EndEventDef
%EventDef PajeAddVariable 9 
%       Time date 
%       Type string 
%       Container string 
%       Value double 
%EndEventDef
%EventDef PajeSubVariable 10 
%       Time date 
%       Type string 
%       Container string 
%       Value double 
%EndEventDef
%EventDef PajeSetState 11 
%       Time date 
%       Type string 
%       Container string 
%       Value string 
%EndEventDef
%EventDef PajePushState 12 
%       Time date 
%       Type string 
%       Container string 
%       Value string 
%       Id string 
%EndEventDef
%EventDef PajePopState 13 
%       Time date 
%       Type string 
%       Container string 
%EndEventDef
%EventDef PajeResetState 14 
%       Time date 
%       Type string 
%       Container string 
%EndEventDef
%EventDef PajeStartLink 15 
%       Time date 
%       Type string 
%       Container string 
%       Value string 
%       StartContainer string 
%       Key string 
%EndEventDef
%EventDef PajeEndLink 16 
%       Time date 
%       Type string 
%       Container string 
%       Value string 
%       EndContainer string 
%       Key string 
%EndEventDef
%EventDef PajeNewEvent 17 
%       Time date 
%       Type string 
%       Container string 
%       Value string 
%EndEventDef
0	a1	0	"Task Manager"
0	a2	a1	"Node"
0	a3	a1	"Thread"
0	a4	a1	"Jobs"
0	a5	a1	"Memory usage"
2	a6	a4	"Job"
2	a7	a3	"Task"
2	a8	a3	"Timer state"
6	0	a9	a1	0	"The task manager"
6	0	a10	a4	a9	"Jobs"
6	0	a11	a5	a9	"Memory"
1	a12	a1	"Memory [MB]"	"1.0 1.0 1.0"
6	0	a13	a2	a9	"Node 0"
6	0	a14	a3	a13	"Thread 0"
6	0	a15	a3	a13	"Thread 1"
6	0	a16	a3	a13	"Thread 2"
6	0	a17	a3	a13	"Thread 3"
5	a18	a6	"ngcore::ParallelFor<int,ngcore::EnterTaskManager()::{lambda(int)#1}>(ngcore::T_Range<int>,ngcore::EnterTaskManager()::{lambda(int)#1},int,ngcore::TotalCosts)::{lambda(ngcore::TaskInfo&)#1}"	"0.630615054310908 1 0"
5	a19	a7	"ngcore::ParallelFor<int,ngcore::EnterTaskManager()::{lambda(int)#1}>(ngcore::T_Range<int>,ngcore::EnterTaskManager()::{lambda(int)#1},int,ngcore::TotalCosts)::{lambda(ngcore::TaskInfo&)#1}"	"0.630615054310908 1 0"
5	a20	a6	"ngcore::ParallelForRange<netgen::ElementIndex,netgen::MeshOptimize3d::SwapImprove(netgen::Mesh&,netgen::OPTIMIZEGOAL,netgen::NgBitArray const*)::{lambda(auto:1)#1}>(ngcore::T_Range<netgen::ElementIndex>,netgen::MeshOptimize3d::SwapImprove(netgen::Mesh&,netgen::OPTIMIZEGOAL,netgen::NgBitArray const*)::{lambda(auto:1)#1},int,ngcore::TotalCosts)::{lambda(ngcore::TaskInfo&)#1}"	"0.708022642579866 0 1"
5	a21	a7	"ngcore::ParallelForRange<netgen::ElementIndex,netgen::MeshOptimize3d::SwapImprove(netgen::Mesh&,netgen::OPTIMIZEGOAL,netgen::NgBitArray const*)::{lambda(auto:1)#1}>(ngcore::T_Range<netgen::ElementIndex>,netgen::MeshOptimize3d::SwapImprove(netgen::Mesh&,netgen::OPTIMIZEGOAL,netgen::NgBitArray const*)::{lambda(auto:1)#1},int,ngcore::TotalCosts)::{lambda(ngcore::TaskInfo&)#1}"	"0.708022642579866 0 1"
5	a22	a6	"ngcore::ParallelForRange<netgen::ElementIndex,ngcore::CreateTable<netgen::ElementIndex,netgen::PointIndex,ngcore::T_Range<netgen::ElementIndex>,netgen::Mesh::CreatePoint2ElementTable(std::optional<ngcore::BitArray>)const::{lambda(auto:1&,netgen::ElementIndex)#1}>(ngcore::T_Range<netgen::ElementIndex>const&,netgen::Mesh::CreatePoint2ElementTable(std::optional<ngcore::BitArray>)const::{lambda(auto:1&,netgen::ElementIndex)#1}const&,std::optional<unsigned long>)::{lambda(auto:1)#1}>(ngcore::T_Range<netgen::ElementIndex>,ngcore::Table,int,ngcore::TotalCosts)::{lambda(ngcore::TaskInfo&)#1}"	"0 0.230008221284954 1"
5	a23	a7	"ngcore::ParallelForRange<netgen::ElementIndex,ngcore::CreateTable<netgen::ElementIndex,netgen::PointIndex,ngcore::T_Range<netgen::ElementIndex>,netgen::Mesh::CreatePoint2ElementTable(std::optional<ngcore::BitArray>)const::{lambda(auto:1&,netgen::ElementIndex)#1}>(ngcore::T_Range<netgen::ElementIndex>const&,netgen::Mesh::CreatePoint2ElementTable(std::optional<ngcore::BitArray>)const::{lambda(auto:1&,netgen::ElementIndex)#1}const&,std::optional<unsigned long>)::{lambda(auto:1)#1}>(ngcore::T_Range<netgen::ElementIndex>,ngcore::Table,int,ngcore::TotalCosts)::{lambda(ngcore::TaskInfo&)#1}"	"0 0.230008221284954 1"
5	a24	a6	"ngcore::TablePrefixSum2<unsigned int>(ngcore::FlatArray<unsigned int,unsigned long>)::{lambda(ngcore::TaskInfo)#1}"	"0 0.312895337658212 1"
5	a25	a7	"ngcore::TablePrefixSum2<unsigned int>(ngcore::FlatArray<unsigned int,unsigned long>)::{lambda(ngcore::TaskInfo)#1}"	"0 0.312895337658212 1"
5	a26	a6	"ngcore::TablePrefixSum2<unsigned int>(ngcore::FlatArray<unsigned int,unsigned long>)::{lambda(ngcore::TaskInfo)#2}"	"0 1 0.887517304832004"
5	a27	a7	"ngcore::TablePrefixSum2<unsigned int>(ngcore::FlatArray<unsigned int,unsigned long>)::{lambda(ngcore::TaskInfo)#2}"	"0 1 0.887517304832004"
5	a28	a6	"ngcore::ParallelForRange<netgen::PointIndex,ngcore::CreateSortedTable<netgen::ElementIndex,netgen::PointIndex,ngcore::T_Range<netgen::ElementIndex>,netgen::Mesh::CreatePoint2ElementTable(std::optional<ngcore::BitArray>)const::{lambda(auto:1&,netgen::ElementIndex)#1}>(ngcore::T_Range<netgen::ElementIndex>const&,netgen::Mesh::CreatePoint2ElementTable(std::optional<ngcore::BitArray>)const::{lambda(auto:1&,netgen::ElementIndex)#1}const&,std::optional<unsigned long>)::{lambda(auto:1)#1}>(ngcore::T_Range<netgen::PointIndex>,ngcore::Table,int,ngcore::TotalCosts)::{lambda(ngcore::TaskInfo&)#1}"	"0 0.170427812303051 1"
5	a29	a7	"ngcore::ParallelForRange<netgen::PointIndex,ngcore::CreateSortedTable<netgen::ElementIndex,netgen::PointIndex,ngcore::T_Range<netgen::ElementIndex>,netgen::Mesh::CreatePoint2ElementTable(std::optional<ngcore::BitArray>)const::{lambda(auto:1&,netgen::ElementIndex)#1}>(ngcore::T_Range<netgen::ElementIndex>const&,netgen::Mesh::CreatePoint2ElementTable(std::optional<ngcore::BitArray>)const::{lambda(auto:1&,netgen::ElementIndex)#1}const&,std::optional<unsigned long>)::{lambda(auto:1)#1}>(ngcore::T_Range<netgen::PointIndex>,ngcore::Table,int,ngcore::TotalCosts)::{lambda(ngcore::TaskInfo&)#1}"	"0 0.170427812303051 1"
5	a30	a6	"ngcore::ParallelFor<unsigned long,netgen::BuildEdgeList<netgen::ElementIndex>(netgen::Mesh const&,ngcore::Table<netgen::ElementIndex,netgen::PointIndex>const&,ngcore::Array<std::tuple<netgen::PointIndex,netgen::PointIndex>,unsigned long>&)::{lambda(int)#1}>(ngcore::T_Range<unsigned long>,netgen::BuildEdgeList<netgen::ElementIndex>(netgen::Mesh const&,ngcore::Table<netgen::ElementIndex,netgen::PointIndex>const&,ngcore::Array<std::tuple<netgen::PointIndex,netgen::PointIndex>,unsigned long>&)::{lambda(int)#1},int,ngcore::TotalCosts)::{lambda(ngcore::TaskInfo&)#1}"	"1 0.872005992306398 0"
5	a31	a7	"ngcore::ParallelFor<unsigned long,netgen::BuildEdgeList<netgen::ElementIndex>(netgen::Mesh const&,ngcore::Table<netgen::ElementIndex,netgen::PointIndex>const&,ngcore::Array<std::tuple<netgen::PointIndex,netgen::PointIndex>,unsigned long>&)::{lambda(int)#1}>(ngcore::T_Range<unsigned long>,netgen::BuildEdgeList<netgen::ElementIndex>(netgen::Mesh const&,ngcore::Table<netgen::ElementIndex,netgen::PointIndex>const&,ngcore::Array<std::tuple<netgen::PointIndex,netgen::PointIndex>,unsigned long>&)::{lambda(int)#1},int,ngcore::TotalCosts)::{lambda(ngcore::TaskInfo&)#1}"	"1 0.872005992306398 0"
5	a32	a6	"ngcore::ParallelForRange<unsigned long,netgen::MeshOptimize3d::SwapImprove(netgen::Mesh&,netgen::OPTIMIZEGOAL,netgen::NgBitArray const*)::{lambda(auto:1)#2}>(ngcore::T_Range<unsigned long>,netgen::MeshOptimize3d::SwapImprove(netgen::Mesh&,netgen::OPTIMIZEGOAL,netgen::NgBitArray const*)::{lambda(auto:1)#2},int,ngcore::TotalCosts)::{lambda(ngcore::TaskInfo&)#1}"	"1 0.408375991137786 0"
5	a33	a7	"ngcore::ParallelForRange<unsigned long,netgen::MeshOptimize3d::SwapImprove(netgen::Mesh&,netgen::OPTIMIZEGOAL,netgen::NgBitArray const*)::{lambda(auto:1)#2}>(ngcore::T_Range<unsigned long>,netgen::MeshOptimize3d::SwapImprove(netgen::Mesh&,netgen::OPTIMIZEGOAL,netgen::NgBitArray const*)::{lambda(auto:1)#2},int,ngcore::TotalCosts)::{lambda(ngcore::TaskInfo&)#1}"	"1 0.408375991137786 0"
5	a34	a6	"ngcore::ParallelForRange<netgen::ElementIndex,netgen::Mesh::Compress()::{lambda(auto:1)#1}>(ngcore::T_Range<netgen::ElementIndex>,netgen::Mesh::Compress()::{lambda(auto:1)#1},int,ngcore::TotalCosts)::{lambda(ngcore::TaskInfo&)#1}"	"1 0.0611641584106637 0"
5	a35	a7	"ngcore::ParallelForRange<netgen::ElementIndex,netgen::Mesh::Compress()::{lambda(auto:1)#1}>(ngcore::T_Range<netgen::ElementIndex>,netgen::Mesh::Compress()::{lambda(auto:1)#1},int,ngcore::TotalCosts)::{lambda(ngcore::TaskInfo&)#1}"	"1 0.0611641584106637 0"
5	a36	a6	"ngcore::ParallelForRange<netgen::SurfaceElementIndex,netgen::Mesh::Compress()::{lambda(auto:1)#2}>(ngcore::T_Range<netgen::SurfaceElementIndex>,netgen::Mesh::Compress()::{lambda(auto:1)#2},int,ngcore::TotalCosts)::{lambda(ngcore::TaskInfo&)#1}"	"1 0 -2.77631980257023"
5	a37	a7	"ngcore::ParallelForRange<netgen::SurfaceElementIndex,netgen::Mesh::Compress()::{lambda(auto:1)#2}>(ngcore::T_Range<netgen::SurfaceElementIndex>,netgen::Mesh::Compress()::{lambda(auto:1)#2},int,ngcore::TotalCosts)::{lambda(ngcore::TaskInfo&)#1}"	"1 0 -2.77631980257023"
5	a38	a6	"ngcore::ParallelForRange<netgen::ElementIndex,netgen::Mesh::Compress()::{lambda(auto:1)#3}>(ngcore::T_Range<netgen::ElementIndex>,netgen::Mesh::Compress()::{lambda(auto:1)#3},int,ngcore::TotalCosts)::{lambda(ngcore::TaskInfo&)#1}"	"0.688034037288286 1 0"
5	a39	a7	"ngcore::ParallelForRange<netgen::ElementIndex,netgen::Mesh::Compress()::{lambda(auto:1)#3}>(ngcore::T_Range<netgen::ElementIndex>,netgen::Mesh::Compress()::{lambda(auto:1)#3},int,ngcore::TotalCosts)::{lambda(ngcore::TaskInfo&)#1}"	"0.688034037288286 1 0"
5	a40	a6	"ngcore::ParallelForRange<netgen::SurfaceElementIndex,netgen::Mesh::Compress()::{lambda(auto:1)#4}>(ngcore::T_Range<netgen::SurfaceElementIndex>,netgen::Mesh::Compress()::{lambda(auto:1)#4},int,ngcore::TotalCosts)::{lambda(ngcore::TaskInfo&)#1}"	"0 0.666479625428673 1"
5	a41	a7	"ngcore::ParallelForRange<netgen::SurfaceElementIndex,netgen::Mesh::Compress()::{lambda(auto:1)#4}>(ngcore::T_Range<netgen::SurfaceElementIndex>,netgen::Mesh::Compress()::{lambda(auto:1)#4},int,ngcore::TotalCosts)::{lambda(ngcore::TaskInfo&)#1}"	"0 0.666479625428673 1"
5	a42	a8	"Build edges"	"0 0.0614795051658243 1"
5	a43	a8	"CreateTable"	"0.608616351291681 0 1"
5	a44	a8	"CreateSortedTable"	"0 0.0381698166109086 1"
5	a45	a8	"MeshOptimize3d::SwapImprove loop"	"0.154668690207104 1 0"
5	a46	a8	"MeshOptimize3d::SwapImprove"	"1 0 -2.43968480148811"
5	a47	a8	"FreeOpenElementsEnvironment"	"0.907015785320433 0 1"
5	a48	a8	"Mesh::BuildBoundaryEdges"	"1 0 -2.61861416630415"
5	a49	a8	"Mesh::LinkSurfaceElements"	"0 1 0.171518596860468"
5	a50	a8	"Mesh::Compress"	"1 0.648677515017027 0"
5	a51	a8	"Mesh::CalcSurfacesOfNode, pointloop"	"0 0.319536079261344 1"
5	a52	a8	"Mesh::CalcSurfacesOfNode - surfelementht"	"0.690162641156969 0 1"
5	a53	a8	"Mesh::CalcSurfacesOfNode - surf on node"	"0.000515674241007069 1 0"
5	a54	a8	"Mesh::CalcSurfacesOfNode"	"1 0 -2.35340285344361"
6	0	a55	a3	a9	"Timer level 0"
6	0	a56	a3	a9	"Timer level 1"
6	0	a57	a3	a9	"Timer level 2"
6	0	a58	a3	a9	"Timer level 3"
4	a59	a2	a3	a3	"links"
8	0	a12	a11	0
12	0.147850561056832	a6	a10	a18	0
12	0.147926841844814	a7	a14	a19	0
13	0.148030713556107	a7	a14
12	0.148051812497464	a7	a14	a19	1
13	0.148057763480923	a7	a14
12	0.148077239426791	a7	a14	a19	2
13	0.148082649411754	a7	a14
12	0.148129716280934	a7	a14	a19	3
13	0.148135126265897	a7	a14
13	0.148276326873438	a6	a10
12	0.150704869123427	a8	a55	a47	0
13	0.16123161786486	a8	a55
12	0.161602201834841	a8	a55	a46	0
12	0.161752058418322	a8	a56	a48	0
13	0.161814273245399	a8	a56
12	0.16296876403655	a6	a10	a20	0
12	0.16304829081551	a7	a14	a21	0
12	0.163231689305763	a7	a15	a21	1
12	0.16328795314938	a7	a17	a21	2
13	0.163350167976457	a7	a14
12	0.163432940746395	a7	a16	a21	3
13	0.165642378605374	a7	a17
13	0.165937763784366	a7	a16
13	0.165942091772336	a7	a15
13	0.166121162274619	a6	a10
12	0.166867740199543	a8	a56	a44	0
12	0.16695051296948	a8	a57	a43	0
12	0.16713445245823	a6	a10	a22	0
12	0.167189634304855	a7	a14	a23	0
12	0.167467707531964	a7	a16	a23	1
12	0.16751098741167	a7	a15	a23	2
12	0.167586727201155	a7	a17	a23	3
13	0.167740911772607	a7	a14
12	0.167789601637276	a7	a14	a23	4
13	0.16827433628998	a7	a14
12	0.168292189240359	a7	a14	a23	5
13	0.168526982587763	a7	a17
13	0.168536720560696	a7	a16
12	0.168595148398299	a7	a17	a23	6
12	0.168598394389277	a7	a16	a23	7
13	0.168658986220865	a7	a15
13	0.1686979381126	a7	a14
12	0.168722283044935	a7	a15	a23	8
12	0.168782333878027	a7	a14	a23	9
13	0.169114506954768	a7	a17
12	0.169172934792371	a7	a17	a23	10
13	0.169182672765305	a7	a16
13	0.169210804687114	a7	a15
13	0.169228657637492	a7	a14
12	0.169243805595389	a7	a16	a23	11
12	0.169284380482613	a7	a15	a23	12
12	0.169380137216462	a7	a14	a23	13
13	0.169594913619502	a7	a17
12	0.169656046449587	a7	a17	a23	14
13	0.169756131171406	a7	a16
13	0.169786968085697	a7	a15
13	0.169807526028557	a7	a14
12	0.16982916596841	a7	a15	a23	15
13	0.170150519075225	a7	a17
13	0.170375033451199	a7	a15
13	0.17050866007979	a6	a10
12	0.171218450106965	a6	a10	a24	0
12	0.171273631953589	a7	a14	a25	0
13	0.171346125752097	a7	a14
12	0.171363437703979	a7	a14	a25	1
13	0.171394815616766	a7	a14
12	0.171410504573159	a7	a14	a25	2
13	0.171444046479931	a7	a14
12	0.171483539370162	a7	a14	a25	3
13	0.171520868266409	a7	a14
13	0.171642051929585	a6	a10
12	0.171729152687493	a6	a10	a26	0
12	0.171797859496525	a7	a14	a27	0
13	0.171861156320595	a7	a14
12	0.171877386275485	a7	a14	a27	1
13	0.171932027123613	a7	a14
12	0.171947716080007	a7	a14	a27	2
13	0.171984503977757	a7	a14
12	0.172007766913098	a7	a14	a27	3
13	0.172042931815359	a7	a14
13	0.172346431971796	a6	a10
12	0.172541732428968	a6	a10	a22	0
12	0.172596914275593	a7	a14	a23	0
12	0.172704572976361	a7	a15	a23	1
12	0.172858757547813	a7	a17	a23	2
12	0.172898791436541	a7	a16	a23	3
13	0.173007532134301	a7	a14
12	0.173073533950853	a7	a14	a23	4
13	0.173259096435091	a7	a15
12	0.173322393259161	a7	a15	a23	5
13	0.173479823821591	a7	a14
13	0.173497135773473	a7	a16
13	0.17350633274791	a7	a17
12	0.173572875562958	a7	a16	a23	6
12	0.1735961384983	a7	a14	a23	7
12	0.173613450450182	a7	a17	a23	8
13	0.173774668002086	a7	a15
12	0.173833095839689	a7	a15	a23	9
13	0.174000805373549	a7	a14
13	0.174044085253254	a7	a17
13	0.174058151214159	a7	a16
12	0.174093857114916	a7	a14	a23	10
12	0.174129563015673	a7	a17	a23	11
12	0.174168514907408	a7	a16	a23	12
13	0.174301059539007	a7	a15
12	0.174362192369092	a7	a15	a23	13
13	0.174540721872878	a7	a14
13	0.17458454275108	a7	a17
13	0.174625658636801	a7	a16
12	0.174627822630786	a7	a14	a23	14
12	0.174663528531543	a7	a17	a23	15
13	0.174824746083447	a7	a15
13	0.175030325512049	a7	a14
13	0.175171526119589	a7	a17
13	0.175294873776751	a6	a10
13	0.175443648363239	a8	a57
12	0.175476108273019	a6	a10	a28	0
12	0.17553615910611	a7	a14	a29	0
13	0.175624341861011	a7	a14
12	0.175665998745228	a7	a14	a29	1
12	0.175704409638467	a7	a16	a29	2
13	0.175716311605386	a7	a14
12	0.175764460471558	a7	a14	a29	3
13	0.175813150336227	a7	a14
12	0.175816396327205	a7	a17	a29	4
12	0.17583479027608	a7	a14	a29	5
13	0.175897546101654	a7	a14
12	0.175913235058047	a7	a15	a29	6
12	0.175983023864072	a7	a14	a29	7
13	0.176013860778363	a7	a16
13	0.176024680748289	a7	a14
13	0.176046320688142	a7	a17
12	0.17610258453176	a7	a16	a29	8
12	0.176121519479131	a7	a14	a29	9
13	0.176131257452065	a7	a15
12	0.176141536423495	a7	a17	a29	10
13	0.1761702093438	a7	a14
13	0.176181570312223	a7	a16
12	0.176198882264105	a7	a15	a29	11
13	0.176203751250572	a7	a17
12	0.176265425079153	a7	a16	a29	12
13	0.176265425079153	a7	a15
12	0.17630113097991	a7	a14	a29	13
13	0.176318983930288	a7	a16
12	0.17632763990623	a7	a17	a29	14
13	0.176363345806987	a7	a14
12	0.176383903749847	a7	a15	a29	15
13	0.176395805716766	a7	a17
13	0.176495890438586	a7	a15
13	0.176627353073192	a6	a10
13	0.17665710799049	a8	a56
12	0.177455080772565	a8	a56	a42	0
12	0.177649840231241	a6	a10	a30	0
12	0.177707186071851	a7	a14	a31	0
12	0.177941979419254	a7	a16	a31	1
13	0.177989046288434	a7	a14
12	0.177996620267383	a7	a17	a31	2
12	0.178036654156111	a7	a15	a31	3
12	0.178065327076416	a7	a14	a31	4
13	0.178177313765154	a7	a14
12	0.178207068682452	a7	a14	a31	5
13	0.178306612405775	a7	a14
12	0.178323383359161	a7	a14	a31	6
13	0.178346105296007	a7	a16
13	0.178347187293	a7	a17
13	0.178350433283978	a7	a15
13	0.178399664147143	a7	a14
12	0.178406156129099	a7	a17	a31	7
12	0.178422927082485	a7	a16	a31	8
12	0.17847810892911	a7	a15	a31	9
12	0.178498125873473	a7	a14	a31	10
13	0.178526257795282	a7	a16
13	0.178531667780245	a7	a17
13	0.178574947659951	a7	a15
13	0.178591718613337	a7	a14
12	0.178593341608826	a7	a17	a31	11
12	0.178611194559205	a7	a16	a31	12
12	0.178650687449436	a7	a14	a31	13
12	0.178670163395304	a7	a15	a31	14
13	0.178699377314105	a7	a17
13	0.178716148267491	a7	a16
13	0.178742657193811	a7	a14
12	0.178758887148701	a7	a17	a31	15
13	0.178785937073517	a7	a15
13	0.178834626938186	a7	a17
13	0.179012074444979	a6	a10
13	0.179372920442026	a8	a56
12	0.179514662048062	a8	a56	a45	0
12	0.179624484742816	a6	a10	a32	0
12	0.17968128958493	a7	a14	a33	0
12	0.179778128315771	a7	a16	a33	1
13	0.179913918938348	a7	a14
13	0.179939886866172	a7	a16
12	0.179986953735352	a7	a14	a33	2
13	0.180014003660168	a7	a14
12	0.180042676580473	a7	a17	a33	3
12	0.180087038457171	a7	a16	a33	4
12	0.180111924388002	a7	a15	a33	5
12	0.180127072345899	a7	a14	a33	6
13	0.180127072345899	a7	a16
13	0.180144384297781	a7	a14
13	0.180146548291767	a7	a17
12	0.180176844207561	a7	a16	a33	7
13	0.180192533163954	a7	a16
13	0.180235272045163	a7	a15
12	0.180241764027119	a7	a17	a33	8
13	0.180267190956446	a7	a17
12	0.180270977945921	a7	a14	a33	9
13	0.180289912893292	a7	a14
12	0.180292617885773	a7	a16	a33	10
13	0.180318044815101	a7	a16
12	0.180347799732398	a7	a15	a33	11
12	0.180402981579023	a7	a17	a33	12
12	0.180412719551957	a7	a16	a33	13
13	0.18042840850835	a7	a17
13	0.180428949506847	a7	a16
13	0.180441933470758	a7	a15
12	0.180455458433166	a7	a14	a33	14
12	0.18053282121814	a7	a17	a33	15
13	0.18054472318506	a7	a14
13	0.180563658132431	a7	a17
13	0.180716219708394	a6	a10
13	0.180873109272327	a8	a56
12	0.181748985837872	a8	a56	a50	0
12	0.185126980448907	a6	a10	a34	0
12	0.185197310253429	a7	a14	a35	0
12	0.185469973495575	a7	a17	a35	1
12	0.185571140214387	a7	a16	a35	2
12	0.185609551107626	a7	a15	a35	3
13	0.191833738807811	a7	a14
13	0.203338071832098	a7	a15
13	0.203592882123866	a7	a17
13	0.203977532054751	a7	a16
13	0.204441167766099	a6	a10
12	0.20451744855408	a6	a10	a36	0
12	0.204576417390179	a7	a14	a37	0
12	0.20473655294509	a7	a15	a37	1
12	0.204987035248888	a7	a17	a37	2
12	0.205010839182726	a7	a16	a37	3
13	0.206434747225045	a7	a14
13	0.208166483411772	a7	a16
13	0.208514886443403	a7	a17
13	0.209506536687162	a7	a15
13	0.209684525192451	a6	a10
12	0.212205578185312	a6	a10	a38	0
12	0.212391681668047	a7	a14	a39	0
12	0.212629180007932	a7	a16	a39	1
12	0.21282664445909	a7	a17	a39	2
12	0.21285153038992	a7	a15	a39	3
13	0.21392541240512	a7	a14
13	0.214533494714986	a7	a15
13	0.214538363701452	a7	a17
13	0.214613021493945	a7	a16
13	0.21481373193608	a6	a10
12	0.214878651755639	a6	a10	a40	0
12	0.214959801530087	a7	a14	a41	0
12	0.215295220597807	a7	a15	a41	1
12	0.215314696543674	a7	a17	a41	2
12	0.215363386408343	a7	a16	a41	3
13	0.215504587015884	a7	a14
13	0.21661417493184	a7	a15
13	0.21672453862509	a7	a17
13	0.216736981590505	a7	a16
13	0.21695987297099	a6	a10
12	0.217240110192085	a8	a57	a49	0
13	0.224625821663872	a8	a57
12	0.224726447384188	a8	a57	a54	0
12	0.229179947005911	a8	a58	a53	0
13	0.24064586913696	a8	a58
12	0.240671837064783	a8	a58	a52	0
13	0.246824071964957	a8	a58
12	0.246852203886766	a8	a58	a51	0
13	0.249421405745799	a8	a58
13	0.252155071147714	a8	a57
13	0.252303845734202	a8	a56
13	0.252532688098146	a8	a55
12	0.253028242720777	a8	a55	a46	0
12	0.253059079635068	a8	a56	a48	0
13	0.282424478015426	a8	a56
12	0.282529431723712	a6	a10	a20	0
12	0.282623565462072	a7	a14	a21	0
12	0.282753946099686	a7	a15	a21	1
12	0.282906507675649	a7	a16	a21	2
12	0.282988198448594	a7	a17	a21	3
13	0.283063397239582	a7	a14
13	0.283931158827683	a7	a15
13	0.284002029630701	a7	a16
13	0.284121049299892	a7	a17
13	0.284249806942016	a6	a10
12	0.28443753342024	a8	a56	a44	0
12	0.284472157324005	a8	a57	a43	0
12	0.284620931910493	a6	a10	a22	0
12	0.28480378940225	a7	a14	a23	0
12	0.284996925865437	a7	a15	a23	1
12	0.285201423297047	a7	a16	a23	2
12	0.285232260211337	a7	a17	a23	3
13	0.285262556127131	a7	a14
12	0.28532152496323	a7	a14	a23	4
13	0.285717535862538	a7	a15
13	0.285795439646008	a7	a14
12	0.285801931627964	a7	a15	a23	5
12	0.285870638436997	a7	a14	a23	6
13	0.285911213324221	a7	a16
13	0.285925820283622	a7	a17
12	0.285998314082129	a7	a16	a23	7
12	0.286022118015967	a7	a17	a23	8
13	0.286287207279165	a7	a14
13	0.286311011213003	a7	a15
12	0.286360242076169	a7	a14	a23	9
12	0.286372144043088	a7	a15	a23	10
13	0.286448965829565	a7	a17
13	0.286453834816032	a7	a16
12	0.286509016662657	a7	a17	a23	11
12	0.286528492608525	a7	a16	a23	12
13	0.286833074761954	a7	a14
13	0.286881223628127	a7	a15
12	0.286897453583016	a7	a14	a23	13
13	0.286950471435656	a7	a17
12	0.286954799423626	a7	a15	a23	14
12	0.28701160426574	a7	a17	a23	15
13	0.287037031195067	a7	a16
13	0.287351892319927	a7	a14
13	0.287378942244743	a7	a15
13	0.287469829992125	a7	a17
13	0.287583439676353	a6	a10
12	0.287781445126006	a6	a10	a24	0
12	0.287847987941054	a7	a14	a25	0
13	0.28789559580873	a7	a14
12	0.287911284765124	a7	a14	a25	1
13	0.287956728638815	a7	a14
12	0.287972958593704	a7	a14	a25	2
13	0.288008123495965	a7	a14
12	0.28806925632605	a7	a14	a25	3
13	0.288140668127564	a7	a14
13	0.288353821535115	a6	a10
12	0.288413872368207	a6	a10	a26	0
12	0.288470136211824	a7	a14	a27	0
13	0.28851341609153	a7	a14
12	0.28853397403439	a7	a14	a27	1
13	0.288583745896052	a7	a14
12	0.288608090828386	a7	a14	a27	2
13	0.288643796729144	a7	a14
12	0.288663272675011	a7	a14	a27	3
13	0.28870168356825	a7	a14
13	0.288947837884077	a6	a10
12	0.289076054527705	a6	a10	a22	0
12	0.289132859369819	a7	a14	a23	0
12	0.289326536831502	a7	a16	a23	1
12	0.289473688422502	a7	a17	a23	2
12	0.289508312326266	a7	a15	a23	3
13	0.289526165276645	a7	a14
12	0.289591085096204	a7	a14	a23	4
13	0.289899995237603	a7	a16
12	0.289961669066184	a7	a16	a23	5
13	0.289965456055658	a7	a17
13	0.289999538960927	a7	a14
13	0.290017932909802	a7	a15
12	0.290064458780485	a7	a17	a23	6
12	0.290087721715827	a7	a14	a23	7
12	0.290102328675228	a7	a15	a23	8
13	0.290390139875271	a7	a16
12	0.290450731706859	a7	a16	a23	9
13	0.290502667562506	a7	a17
13	0.290556226413642	a7	a15
13	0.290557849409131	a7	a14
12	0.290584899333947	a7	a17	a23	10
12	0.290647114161024	a7	a14	a23	11
12	0.290664967111403	a7	a15	a23	12
13	0.290879743514443	a7	a16
12	0.290932761367082	a7	a16	a23	13
13	0.291006878161078	a7	a17
13	0.291080453956578	a7	a14
12	0.29108748693703	a7	a17	a23	14
13	0.291106962882898	a7	a15
12	0.291154029752078	a7	a14	a23	15
13	0.291373134143088	a7	a16
13	0.29151108875965	a7	a17
13	0.29158033656718	a7	a14
13	0.291645797385234	a6	a10
13	0.291706389216823	a8	a57
12	0.291731275147653	a6	a10	a28	0
12	0.291788079989767	a7	a14	a29	0
13	0.291834064861955	a7	a14
12	0.291850294816844	a7	a14	a29	1
13	0.291898984681513	a7	a14
12	0.291919001625877	a7	a14	a29	2
13	0.291960658510094	a7	a14
12	0.292016381355215	a7	a14	a29	3
12	0.292030447316119	a7	a16	a29	4
13	0.292070481204847	a7	a14
12	0.292113220086057	a7	a14	a29	5
13	0.292157581962755	a7	a14
12	0.292172729920652	a7	a17	a29	6
12	0.292217091797351	a7	a14	a29	7
13	0.292244141722167	a7	a16
12	0.292266863659012	a7	a15	a29	8
13	0.292269027652997	a7	a14
12	0.292307979544733	a7	a14	a29	9
13	0.292310684537214	a7	a17
12	0.292338275460527	a7	a16	a29	10
13	0.292349095430453	a7	a14
13	0.292398326293618	a7	a16
12	0.292439442179339	a7	a17	a29	11
13	0.292456754131221	a7	a15
12	0.292469738095133	a7	a14	a29	12
12	0.292489214041	a7	a16	a29	13
13	0.292520591953787	a7	a17
13	0.29252167395078	a7	a14
12	0.292543854889129	a7	a15	a29	14
13	0.292553592862063	a7	a16
13	0.292593626750791	a7	a15
12	0.292613643695155	a7	a14	a29	15
13	0.292701285451559	a7	a14
13	0.292846273048573	a6	a10
13	0.292863044001959	a8	a56
12	0.293216316020057	a8	a56	a42	0
12	0.293300170786987	a6	a10	a30	0
12	0.293393763526851	a7	a14	a31	0
12	0.29345273236295	a7	a17	a31	1
13	0.29351602918702	a7	a14
12	0.293532259141909	a7	a14	a31	2
13	0.293622064892299	a7	a14
12	0.293638294847188	a7	a14	a31	3
13	0.293668049764486	a7	a17
13	0.293712952639681	a7	a14
12	0.293743789553971	a7	a17	a31	4
12	0.29378815143067	a7	a14	a31	5
12	0.293805463382552	a7	a16	a31	6
13	0.293834136302857	a7	a17
13	0.29387633418557	a7	a14
12	0.293878498179555	a7	a15	a31	7
12	0.293903384110386	a7	a17	a31	8
13	0.293938549012647	a7	a16
12	0.293954778967537	a7	a14	a31	9
13	0.293986156880323	a7	a17
13	0.294014829800629	a7	a15
12	0.294026190769051	a7	a16	a31	10
13	0.294034305746496	a7	a14
12	0.294075421632217	a7	a17	a31	11
12	0.294113832525455	a7	a15	a31	12
12	0.29413222647433	a7	a14	a31	13
13	0.294133308471323	a7	a16
13	0.294159817397643	a7	a17
13	0.294212294251786	a7	a14
12	0.294224196218705	a7	a17	a31	14
12	0.294233393193143	a7	a16	a31	15
13	0.294256115129988	a7	a15
13	0.294310755978117	a7	a16
13	0.294350789866844	a7	a17
13	0.294509843424763	a6	a10
13	0.294675388964638	a8	a56
12	0.294734357800737	a8	a56	a45	0
12	0.294748964760137	a6	a10	a32	0
12	0.294842016501505	a7	a14	a33	0
13	0.294895575352641	a7	a14
12	0.294896657349633	a7	a16	a33	1
12	0.294923166275953	a7	a15	a33	2
13	0.294948052206784	a7	a16
13	0.294957790179718	a7	a15
12	0.295040021951159	a7	a17	a33	3
12	0.295049218925596	a7	a14	a33	4
13	0.295074104856427	a7	a14
12	0.29507518685342	a7	a16	a33	5
13	0.295090875809813	a7	a16
13	0.295099531785754	a7	a17
12	0.295117384736133	a7	a15	a33	6
13	0.295149844645912	a7	a15
12	0.295176894570728	a7	a14	a33	7
12	0.295182304555691	a7	a17	a33	8
12	0.295197993512085	a7	a16	a33	9
13	0.295198534510581	a7	a17
13	0.295225043436901	a7	a16
13	0.295240732393294	a7	a14
12	0.295272651304577	a7	a15	a33	10
12	0.295277520291044	a7	a17	a33	11
13	0.295301324224882	a7	a17
13	0.295319718173757	a7	a15
12	0.295321882167742	a7	a16	a33	12
13	0.295341899112106	a7	a16
12	0.295362457054967	a7	a14	a33	13
12	0.295407900928658	a7	a17	a33	14
13	0.295432245860992	a7	a17
12	0.295450639809867	a7	a16	a33	15
13	0.295474443743705	a7	a14
13	0.295475525740698	a7	a16
13	0.295762254943749	a6	a10
13	0.295837994733234	a8	a56
12	0.296290810474655	a8	a56	a50	0
12	0.299145659539746	a6	a10	a34	0
12	0.299200841386371	a7	a14	a35	0
12	0.299631476189444	a7	a15	a35	1
12	0.299670969079675	a7	a17	a35	2
12	0.299713707960884	a7	a16	a35	3
13	0.307482987366565	a7	a14
13	0.317563953347029	a7	a16
13	0.317875027482414	a7	a17
13	0.317883142459859	a7	a15
13	0.318568046556203	a6	a10
12	0.318620523410346	a6	a10	a36	0
12	0.318677869250956	a7	a14	a37	0
12	0.319052240210411	a7	a16	a37	1
12	0.319144750953282	a7	a15	a37	2
12	0.319166390893135	a7	a17	a37	3
13	0.319224277732241	a7	a14
13	0.32188977732362	a7	a17
13	0.322080749792821	a7	a15
13	0.322462153732728	a7	a16
13	0.322577927410941	a6	a10
12	0.324875007026324	a6	a10	a38	0
12	0.324954533805284	a7	a14	a39	0
12	0.325090324427861	a7	a17	a39	1
12	0.325180671176746	a7	a16	a39	2
12	0.325355413691058	a7	a15	a39	3
13	0.326740910840139	a7	a14
13	0.327067673931917	a7	a17
13	0.327120150786061	a7	a16
13	0.327228891483821	a7	a15
13	0.327352780139479	a6	a10
12	0.327380371062792	a6	a10	a40	0
12	0.327450700867313	a7	a14	a41	0
12	0.327763397998188	a7	a17	a41	1
12	0.327793152915485	a7	a16	a41	2
12	0.3278791716764	a7	a15	a41	3
13	0.327907844596706	a7	a14
13	0.329155387129224	a7	a16
13	0.329159174118698	a7	a15
13	0.329307948705187	a7	a17
13	0.329464297270624	a6	a10
12	0.32968556565562	a8	a57	a49	0
13	0.337084261091319	a8	a57
12	0.337142688928922	a8	a57	a54	0
12	0.33903023268259	a8	a58	a53	0
13	0.350292198380525	a8	a58
12	0.350330068275267	a8	a58	a52	0
13	0.355518243854995	a8	a58
12	0.355545834778308	a8	a58	a51	0
13	0.358212957365175	a8	a58
13	0.360953655747542	a8	a57
13	0.361016952571612	a8	a56
13	0.36118195711299	a8	a55
12	0.361559574063423	a8	a55	a46	0
12	0.361580673004779	a8	a56	a48	0
13	0.388797225357747	a8	a56
12	0.388903802061522	a6	a10	a20	0
12	0.389004427781838	a7	a14	a21	0
12	0.389094774530724	a7	a15	a21	1
12	0.389186744275098	a7	a16	a21	2
12	0.389358781796929	a7	a17	a21	3
13	0.389449128545815	a7	a14
13	0.389452915535289	a7	a16
13	0.390139442627122	a7	a15
13	0.390343940058731	a7	a17
13	0.390469992708374	a6	a10
12	0.390629046266293	a8	a56	a44	0
12	0.390646358218175	a8	a57	a43	0
12	0.390770246873833	a6	a10	a22	0
12	0.390915234470847	a7	a14	a23	0
12	0.391009909207704	a7	a17	a23	1
12	0.391133256864865	a7	a15	a23	2
12	0.391332344311512	a7	a16	a23	3
13	0.391341541285949	a7	a14
12	0.391405379108515	a7	a14	a23	4
13	0.391721863228863	a7	a17
13	0.391729978206308	a7	a15
12	0.391787865045415	a7	a17	a23	5
12	0.391803554001808	a7	a15	a23	6
13	0.3918782117943	a7	a14
12	0.391943131613859	a7	a14	a23	7
13	0.391949623595815	a7	a16
12	0.392009674428907	a7	a16	a23	8
13	0.392216335854502	a7	a17
13	0.39226664871466	a7	a15
12	0.39228125567406	a7	a17	a23	9
12	0.392336978519181	a7	a15	a23	10
13	0.392427325268067	a7	a16
13	0.392455457189876	a7	a14
12	0.392520377009435	a7	a16	a23	11
12	0.392562574892148	a7	a14	a23	12
13	0.392933699860625	a7	a16
13	0.392939650844084	a7	a17
13	0.392982389725294	a7	a15
12	0.392995373689205	a7	a16	a23	13
12	0.393022423614021	a7	a17	a23	14
13	0.393034866579437	a7	a14
12	0.393061375505757	a7	a15	a23	15
13	0.393470911367472	a7	a16
13	0.393481190338902	a7	a17
13	0.393496879295296	a7	a15
13	0.393656473851711	a6	a10
12	0.393842577334446	a6	a10	a24	0
12	0.393936170074309	a7	a14	a25	0
13	0.393970252979578	a7	a14
12	0.393991351920934	a7	a14	a25	1
13	0.394031926808158	a7	a14
12	0.394047615764552	a7	a14	a25	2
13	0.394078452678842	a7	a14
12	0.394093600636739	a7	a14	a25	3
13	0.394120650561555	a7	a14
13	0.394424691716488	a6	a10
12	0.394456069629275	a6	a10	a26	0
12	0.394574548299969	a7	a14	a27	0
13	0.394623238164638	a7	a14
12	0.39464650109998	a7	a14	a27	1
13	0.394682747999234	a7	a14
12	0.394711961918035	a7	a14	a27	2
13	0.394750372811274	a7	a14
12	0.394770389755638	a7	a14	a27	3
13	0.394806095656395	a7	a14
13	0.395122579776743	a6	a10
12	0.395254583409846	a6	a10	a22	0
12	0.395303814273011	a7	a14	a23	0
12	0.395539148618911	a7	a17	a23	1
12	0.395550509587334	a7	a16	a23	2
12	0.395606232432455	a7	a15	a23	3
13	0.395699825172319	a7	a14
12	0.395770154976841	a7	a14	a23	4
13	0.395998997340785	a7	a17
12	0.396055261184403	a7	a17	a23	5
13	0.3960704091423	a7	a16
13	0.396076360125759	a7	a15
12	0.396133164967873	a7	a16	a23	6
12	0.39616454288066	a7	a15	a23	7
13	0.396171575861112	a7	a14
12	0.39626300460699	a7	a14	a23	8
13	0.396460469058148	a7	a17
12	0.396522142886728	a7	a17	a23	9
13	0.396585439710798	a7	a16
13	0.396623850604037	a7	a15
12	0.396672540468706	a7	a16	a23	10
12	0.396707164372471	a7	a15	a23	11
13	0.396778035175489	a7	a14
12	0.396846200986025	a7	a14	a23	12
13	0.396934924739422	a7	a17
12	0.396998762561988	a7	a17	a23	13
13	0.397099388282304	a7	a16
12	0.397160521112388	a7	a16	a23	14
13	0.397242211885333	a7	a14
12	0.397305508709403	a7	a14	a23	15
13	0.397327148649256	a7	a15
13	0.397432643356038	a7	a17
13	0.397624156823736	a7	a16
13	0.397738848504957	a7	a14
13	0.39782811325685	a6	a10
13	0.397867065148585	a8	a57
12	0.397876262123022	a6	a10	a28	0
12	0.397968231867397	a7	a14	a29	0
13	0.398008265756125	a7	a14
12	0.398035856679437	a7	a17	a29	1
12	0.398072103578691	a7	a14	a29	2
13	0.398109973473434	a7	a14
12	0.398125121431331	a7	a14	a29	3
13	0.39816190932908	a7	a14
13	0.398162991326073	a7	a17
12	0.398253879073455	a7	a17	a29	4
12	0.398265781040374	a7	a14	a29	5
12	0.398307437924591	a7	a16	a29	6
13	0.398333946850911	a7	a17
13	0.398338274838881	a7	a14
13	0.398396161677988	a7	a16
12	0.398397784673477	a7	a14	a29	7
12	0.398422670604308	a7	a17	a29	8
13	0.398447015536642	a7	a14
12	0.398465409485517	a7	a15	a29	9
12	0.398480557443414	a7	a16	a29	10
13	0.39854006727801	a7	a17
12	0.398553051241921	a7	a14	a29	11
13	0.398563330213351	a7	a16
13	0.398568199199818	a7	a15
13	0.398600659109598	a7	a14
12	0.398601200108094	a7	a17	a29	12
12	0.398655299957726	a7	a14	a29	13
12	0.39867531690209	a7	a16	a29	14
13	0.398694251849461	a7	a17
12	0.39870182582841	a7	a15	a29	15
13	0.398722924769766	a7	a14
13	0.398757548673531	a7	a16
13	0.398801369551733	a7	a15
13	0.39895771811717	a6	a10
13	0.39898855503146	a8	a56
12	0.399276366231504	a8	a56	a42	0
12	0.399335335067603	a6	a10	a30	0
12	0.399516028565374	a7	a14	a31	0
13	0.39962693325712	a7	a14
12	0.399694558069161	a7	a14	a31	1
12	0.399752985906763	a7	a17	a31	2
13	0.399771920854135	a7	a14
12	0.399832512685723	a7	a14	a31	3
13	0.399918531446638	a7	a14
13	0.399927728421075	a7	a17
12	0.399960188330855	a7	a15	a31	4
12	0.399987238255671	a7	a16	a31	5
12	0.400028354141391	a7	a14	a31	6
12	0.400058650057185	a7	a17	a31	7
13	0.400102470935387	a7	a16
13	0.400138176836145	a7	a15
13	0.400139258833137	a7	a14
13	0.400157652782012	a7	a17
12	0.400160357774494	a7	a16	a31	8
12	0.400247999530898	a7	a17	a31	9
13	0.400250163524883	a7	a16
12	0.400270721467744	a7	a15	a31	10
12	0.400285869425641	a7	a14	a31	11
13	0.400330772300835	a7	a17
12	0.400333477293317	a7	a16	a31	12
13	0.400379462165504	a7	a14
13	0.400392446129416	a7	a15
12	0.400424906039195	a7	a17	a31	13
13	0.400427070033181	a7	a16
12	0.400461152938449	a7	a14	a31	14
12	0.400502268824169	a7	a15	a31	15
13	0.400508219807629	a7	a17
13	0.40055366368132	a7	a14
13	0.400625075482835	a7	a15
13	0.400741390159544	a6	a10
13	0.400897197726485	a8	a56
12	0.400957248559576	a8	a56	a45	0
12	0.400988085473867	a6	a10	a32	0
12	0.401135237064866	a7	a14	a33	0
13	0.401161745991186	a7	a14
12	0.401183385931039	a7	a14	a33	1
13	0.401199615885929	a7	a14
12	0.40126561770248	a7	a14	a33	2
13	0.401304569594215	a7	a14
12	0.401320258550608	a7	a15	a33	3
12	0.401360292439336	a7	a14	a33	4
13	0.401376522394226	a7	a14
13	0.401395998340093	a7	a15
12	0.401446311200251	a7	a14	a33	5
13	0.401463623152134	a7	a14
12	0.401526378977707	a7	a17	a33	6
12	0.401552887904027	a7	a15	a33	7
13	0.401561002881472	a7	a17
12	0.401588593804784	a7	a14	a33	8
13	0.401604823759674	a7	a15
12	0.401660005606298	a7	a17	a33	9
13	0.401661628601788	a7	a14
13	0.401677317558181	a7	a17
12	0.401710859464953	a7	a16	a33	10
12	0.401735204397287	a7	a17	a33	11
13	0.401751975350673	a7	a17
13	0.401755221341651	a7	a16
12	0.40175684433714	a7	a15	a33	12
12	0.401772533293534	a7	a14	a33	13
13	0.401792550237897	a7	a14
13	0.40180986218978	a7	a15
12	0.40184069910407	a7	a16	a33	14
13	0.401856388060463	a7	a16
12	0.401874782009338	a7	a17	a33	15
13	0.401938619831904	a7	a17
13	0.402138248277047	a6	a10
13	0.402183692150738	a8	a56
12	0.402580785047039	a8	a56	a50	0
12	0.405442667092582	a6	a10	a34	0
12	0.405511373901615	a7	a14	a35	0
12	0.405623360590353	a7	a16	a35	1
12	0.405685034418934	a7	a17	a35	2
12	0.40594741868965	a7	a15	a35	3
13	0.420448342385065	a7	a14
13	0.42559432008208	a7	a16
13	0.426083382722755	a7	a17
13	0.426147220545321	a7	a15
13	0.426803992719856	a6	a10
12	0.426852682584525	a6	a10	a36	0
12	0.426943029333411	a7	a14	a37	0
12	0.427288727372561	a7	a15	a37	1
12	0.427368795150016	a7	a17	a37	2
12	0.42742559999213	a7	a16	a37	3
13	0.428079126175687	a7	a14
13	0.429407818482654	a7	a16
13	0.429713482633076	a7	a17
13	0.430067836648167	a7	a15
13	0.430219857225633	a6	a10
12	0.432327046368807	a6	a10	a38	0
12	0.432400081165811	a7	a14	a39	0
12	0.432574823680123	a7	a16	a39	1
12	0.432818273003468	a7	a15	a39	2
12	0.432905914759872	a7	a17	a39	3
13	0.433875925063777	a7	a14
13	0.434376889671372	a7	a16
13	0.434499696330037	a7	a17
13	0.434574354122529	a7	a15
13	0.434709062748113	a6	a10
12	0.434745309647367	a6	a10	a40	0
12	0.43479778650151	a7	a14	a41	0
12	0.435020136883498	a7	a16	a41	1
12	0.435125631590281	a7	a17	a41	2
12	0.435230044300071	a7	a15	a41	3
13	0.435287931139178	a7	a14
13	0.436297975331811	a7	a17
13	0.436381289100244	a7	a16
13	0.436529522688237	a7	a15
13	0.436673969286755	a6	a10
12	0.436874138730394	a8	a57	a49	0
13	0.44550306474673	a8	a57
12	0.445608559453513	a8	a57	a54	0
12	0.447414953432732	a8	a58	a53	0
13	0.458472421699057	a8	a58
12	0.458504881608836	a8	a58	a52	0
13	0.463556725567491	a8	a58
12	0.463592972466745	a8	a58	a51	0
13	0.466214110181425	a8	a58
13	0.468842280876557	a8	a57
13	0.468901790711153	a8	a56
13	0.469060303270575	a8	a55
12	0.469383279372879	a8	a55	a46	0
12	0.469410870296192	a8	a56	a48	0
13	0.494841045614304	a8	a56
12	0.494971967250413	a6	a10	a20	0
12	0.495069346979751	a7	a14	a21	0
12	0.495184038660972	a7	a15	a21	1
12	0.495238138510604	a7	a17	a21	2
13	0.495522703719669	a7	a14
12	0.495616296459533	a7	a16	a21	3
13	0.496288757590461	a7	a17
13	0.496317971509263	a7	a15
13	0.496616602679232	a7	a16
13	0.496754016297298	a6	a10
12	0.496885478931904	a8	a56	a44	0
12	0.49690820086875	a8	a57	a43	0
12	0.497024515545459	a6	a10	a22	0
12	0.497131633247731	a7	a14	a23	0
12	0.497244160934966	a7	a16	a23	1
12	0.497355606625208	a7	a17	a23	2
12	0.497456232345524	a7	a15	a23	3
13	0.497602842938027	a7	a14
12	0.497668303756082	a7	a14	a23	4
13	0.49797018091703	a7	a16
13	0.497984246877934	a7	a17
12	0.498037264730574	a7	a16	a23	5
12	0.498062150661405	a7	a17	a23	6
13	0.498108676532088	a7	a15
13	0.498155202402772	a7	a14
12	0.498172514354654	a7	a15	a23	7
12	0.498236893175717	a7	a14	a23	8
13	0.498473309518609	a7	a16
13	0.498527950366738	a7	a17
12	0.498536606342679	a7	a16	a23	9
12	0.498632363076528	a7	a17	a23	10
13	0.498659953999841	a7	a15
13	0.498664822986307	a7	a14
12	0.498744349765267	a7	a15	a23	11
12	0.49876003872166	a7	a14	a23	12
13	0.498996996063049	a7	a16
12	0.499057587894637	a7	a16	a23	13
13	0.499122507714196	a7	a17
12	0.499187968532251	a7	a17	a23	14
13	0.49919987049917	a7	a14
13	0.499202575491651	a7	a15
12	0.499281561272114	a7	a14	a23	15
13	0.499520141608992	a7	a16
13	0.499648358252621	a7	a17
13	0.499725721037595	a7	a14
13	0.499817149783473	a6	a10
12	0.499964301374473	a6	a10	a24	0
12	0.500019483221098	a7	a14	a25	0
13	0.500078452057197	a7	a14
12	0.500128223918858	a7	a14	a25	1
12	0.500160142830141	a7	a16	a25	2
13	0.500160142830141	a7	a14
12	0.500268342529406	a7	a14	a25	3
13	0.500299179443696	a7	a14
13	0.500378706222656	a7	a16
13	0.500535054788093	a6	a10
12	0.500577252670806	a6	a10	a26	0
12	0.500654074457283	a7	a14	a27	0
13	0.500697895335485	a7	a14
12	0.500714666288872	a7	a14	a27	1
13	0.500749831191132	a7	a14
12	0.500773094126474	a7	a14	a27	2
13	0.50081042302272	a7	a14
12	0.500849374914456	a7	a17	a27	3
13	0.501062528322006	a7	a17
13	0.501258369777675	a6	a10
12	0.50142824330552	a6	a10	a22	0
12	0.5016224617657	a7	a14	a23	0
12	0.501682512598792	a7	a15	a23	1
12	0.501749055413839	a7	a17	a23	2
12	0.502000078716133	a7	a16	a23	3
13	0.502033620622905	a7	a14
12	0.502100704436448	a7	a14	a23	4
13	0.502190510186838	a7	a17
13	0.502207281140224	a7	a15
12	0.502251102018426	a7	a17	a23	5
12	0.502268413970308	a7	a15	a23	6
13	0.502472370403422	a7	a16
13	0.502514568286135	a7	a14
12	0.502529716244032	a7	a16	a23	7
12	0.502577865110204	a7	a14	a23	8
13	0.502695261783906	a7	a15
13	0.502719606716241	a7	a17
12	0.502762886595947	a7	a15	a23	9
12	0.502783444538807	a7	a17	a23	10
13	0.502972253014023	a7	a14
13	0.502996597946358	a7	a16
12	0.503030680851626	a7	a14	a23	11
12	0.503086403696747	a7	a16	a23	12
13	0.503184324424581	a7	a17
13	0.503211374349398	a7	a15
12	0.503272507179482	a7	a17	a23	13
12	0.503304426090765	a7	a15	a23	14
13	0.503478627606581	a7	a14
13	0.503516497501323	a7	a16
12	0.503540842433658	a7	a14	a23	15
13	0.50371558494797	a7	a17
13	0.503782668761514	a7	a15
13	0.503957952274322	a7	a14
13	0.504050463017193	a6	a10
13	0.504106185862314	a8	a57
12	0.504141350764575	a6	a10	a28	0
12	0.504191663624733	a7	a14	a29	0
13	0.504235484502935	a7	a14
12	0.504286338361589	a7	a14	a29	1
12	0.504325290253325	a7	a17	a29	2
13	0.50432745424731	a7	a14
12	0.504365324142052	a7	a14	a29	3
13	0.504405899029276	a7	a14
13	0.504454588893945	a7	a17
12	0.504465949862368	a7	a15	a29	4
12	0.504484343811243	a7	a14	a29	5
13	0.504539525657868	a7	a14
13	0.50454655863832	a7	a15
12	0.504566034584188	a7	a17	a29	6
13	0.504606609471412	a7	a17
12	0.504623921423294	a7	a16	a29	7
12	0.504683972256386	a7	a15	a29	8
12	0.504707776190224	a7	a17	a29	9
13	0.504714809170676	a7	a16
12	0.504721301152632	a7	a14	a29	10
13	0.50473049812707	a7	a15
13	0.504771073014294	a7	a17
13	0.504790548960161	a7	a14
12	0.50479812293911	a7	a16	a29	11
12	0.504823008869941	a7	a15	a29	12
13	0.504863583757165	a7	a16
12	0.504871157736113	a7	a14	a29	13
12	0.504894961669952	a7	a17	a29	14
13	0.504894961669952	a7	a15
13	0.504936618554168	a7	a14
13	0.504953389507554	a7	a17
12	0.504972324454926	a7	a15	a29	15
13	0.505090262127124	a7	a15
13	0.505215773778271	a6	a10
13	0.50522767574519	a8	a56
12	0.505510617958766	a8	a56	a42	0
12	0.505585275751258	a6	a10	a30	0
12	0.505724312364813	a7	a14	a31	0
12	0.505797347161817	a7	a15	a31	1
13	0.505824938085129	a7	a14
12	0.505893103895666	a7	a14	a31	2
12	0.505957482716728	a7	a16	a31	3
13	0.505973171673121	a7	a14
13	0.505999680599441	a7	a15
12	0.50601158256636	a7	a14	a31	4
13	0.506072715396445	a7	a16
12	0.506073256394941	a7	a15	a31	5
13	0.506117618271639	a7	a14
12	0.506133307228033	a7	a17	a31	6
12	0.506140881206981	a7	a16	a31	7
13	0.506160357152849	a7	a15
12	0.506201473038569	a7	a14	a31	8
13	0.506222571979926	a7	a16
13	0.506243670921282	a7	a17
12	0.506247457910757	a7	a15	a31	9
13	0.506299393766404	a7	a14
12	0.506322656701745	a7	a16	a31	10
12	0.506353493616036	a7	a17	a31	11
13	0.506381625537844	a7	a15
12	0.506402183480705	a7	a14	a31	12
13	0.506419495432587	a7	a16
13	0.506454119336352	a7	a17
13	0.506480087264175	a7	a14
12	0.506489825237109	a7	a15	a31	13
12	0.50651903915591	a7	a16	a31	14
12	0.506570434013061	a7	a17	a31	15
13	0.506617500882241	a7	a15
13	0.506618582879233	a7	a16
13	0.506675387721347	a7	a17
13	0.506834441279266	a6	a10
13	0.506970231901843	a8	a56
12	0.50702216775749	a8	a56	a45	0
12	0.507048676683809	a6	a10	a32	0
12	0.507141728425177	a7	a14	a33	0
13	0.507168778349993	a7	a14
12	0.507184467306386	a7	a14	a33	1
13	0.507200697261276	a7	a14
12	0.507219632208647	a7	a14	a33	2
13	0.507235321165041	a7	a14
12	0.507254797110908	a7	a14	a33	3
13	0.507271568064294	a7	a14
12	0.507370029790625	a7	a17	a33	4
12	0.507411145676345	a7	a15	a33	5
13	0.507421965646272	a7	a17
12	0.507438195601161	a7	a14	a33	6
13	0.507444146584621	a7	a15
12	0.507451179565073	a7	a16	a33	7
13	0.507471196509437	a7	a14
13	0.507505820413202	a7	a16
12	0.50752367336358	a7	a17	a33	8
12	0.507538821321477	a7	a15	a33	9
13	0.507561002259826	a7	a17
12	0.507585347192161	a7	a16	a33	10
13	0.507610233122992	a7	a16
13	0.507621594091414	a7	a15
12	0.507625922079385	a7	a14	a33	11
13	0.507643234031267	a7	a14
12	0.507655135998186	a7	a17	a33	12
13	0.507685972912477	a7	a17
12	0.507712481838797	a7	a16	a33	13
13	0.507737908768124	a7	a16
12	0.507745482747072	a7	a15	a33	14
13	0.507761712701962	a7	a15
12	0.507767663685421	a7	a14	a33	15
13	0.507833665501973	a7	a14
13	0.508034916942604	a6	a10
13	0.508080360816295	a8	a56
12	0.508488273682522	a8	a56	a50	0
12	0.511316613821294	a6	a10	a34	0
12	0.511431305502514	a7	a14	a35	0
12	0.51152598023937	a7	a15	a35	1
12	0.511774298549182	a7	a17	a35	2
12	0.511904679186796	a7	a16	a35	3
13	0.529076512458552	a7	a14
13	0.532792631129788	a7	a17
13	0.538747942577301	a7	a16
13	0.538948653019436	a7	a15
13	0.539494520502225	a6	a10
12	0.539887826409051	a6	a10	a36	0
12	0.539981960147411	a7	a14	a37	0
12	0.540236770439179	a7	a17	a37	1
12	0.540572730505395	a7	a16	a37	2
12	0.540593829446751	a7	a15	a37	3
13	0.542932565946351	a7	a14
13	0.543143555359917	a7	a15
13	0.543638027985555	a7	a16
13	0.544273160220237	a7	a17
13	0.544397589874391	a6	a10
12	0.546966250734928	a6	a10	a38	0
12	0.547037121537946	a7	a14	a39	0
12	0.547160469195108	a7	a15	a39	1
12	0.547397967534993	a7	a16	a39	2
12	0.547505626235761	a7	a17	a39	3
13	0.548652543047964	a7	a14
13	0.548963076184853	a7	a15
13	0.549157835643529	a7	a16
13	0.549220591469102	a7	a17
13	0.549388301002962	a6	a10
12	0.549453761821017	a6	a10	a40	0
12	0.549518140642079	a7	a14	a41	0
12	0.549644734290218	a7	a15	a41	1
12	0.549873035655666	a7	a16	a41	2
12	0.549916315535372	a7	a17	a41	3
13	0.550053188154942	a7	a14
13	0.550999935523505	a7	a15
13	0.55112869316563	a7	a16
13	0.55121254793256	a7	a17
13	0.551351584546114	a6	a10
12	0.551697823583761	a8	a57	a49	0
13	0.559139798899166	a8	a57
12	0.559230686646548	a8	a57	a54	0
12	0.561287021931068	a8	a58	a53	0
13	0.572295259334228	a8	a58
12	0.572326096248518	a8	a58	a52	0
13	0.577341152309423	a8	a58
12	0.577365497241758	a8	a58	a51	0
13	0.580034783822611	a8	a58
13	0.582794417152349	a8	a57
13	0.58291776480951	a8	a56
13	0.583113606265179	a8	a55
12	0.584376837754091	a8	a55	a46	0
12	0.584428232611241	a8	a56	a48	0
13	0.608433958888538	a8	a56
12	0.608678490208875	a6	a10	a20	0
12	0.608740705035952	a7	a14	a21	0
12	0.608847822738224	a7	a16	a21	1
12	0.608940333481095	a7	a17	a21	2
12	0.609217865709708	a7	a15	a21	3
13	0.609218406708204	a7	a14
13	0.610005559520353	a7	a16
13	0.61003693743314	a7	a17
13	0.610315010660249	a7	a15
13	0.610445932296359	a6	a10
12	0.610705070576097	a8	a56	a44	0
12	0.610724005523469	a8	a57	a43	0
12	0.610876026100935	a6	a10	a22	0
12	0.61094148691899	a7	a14	a23	0
12	0.611183854245342	a7	a17	a23	1
12	0.611199543201736	a7	a16	a23	2
12	0.611355350768676	a7	a15	a23	3
13	0.611430008561169	a7	a14
12	0.611499256368698	a7	a14	a23	4
13	0.611869299340182	a7	a17
13	0.611895267268006	a7	a16
12	0.611930973168763	a7	a17	a23	5
13	0.611966138071024	a7	a14
12	0.611978040037943	a7	a16	a23	6
13	0.611997515983811	a7	a15
12	0.612040795863516	a7	a14	a23	7
12	0.612086239737207	a7	a15	a23	8
13	0.612404346853045	a7	a17
12	0.612462233692151	a7	a17	a23	9
13	0.612505513571857	a7	a14
13	0.612558531424497	a7	a16
12	0.612567187400438	a7	a14	a23	10
13	0.612590991334276	a7	a15
12	0.612636976206463	a7	a16	a23	11
12	0.612694322047073	a7	a15	a23	12
13	0.612922623412521	a7	a17
12	0.612983756242606	a7	a17	a23	13
13	0.612996740206517	a7	a14
12	0.613068152008032	a7	a14	a23	14
13	0.613074102991491	a7	a16
13	0.61313307182759	a7	a15
12	0.613135235821576	a7	a16	a23	15
13	0.613405194071241	a7	a17
13	0.613515016765994	a7	a14
13	0.613629167448718	a7	a16
13	0.613762253078813	a6	a10
12	0.614068458227731	a6	a10	a24	0
12	0.614134460044283	a7	a14	a25	0
13	0.614197756868352	a7	a14
12	0.614204789848804	a7	a15	a25	1
12	0.614238331755576	a7	a14	a25	2
13	0.614292972603705	a7	a14
12	0.61433192449544	a7	a16	a25	3
13	0.614463928128543	a7	a16
13	0.614472584104484	a7	a15
13	0.614636506648869	a6	a10
12	0.614713869433843	a6	a10	a26	0
12	0.614772297271446	a7	a14	a27	0
13	0.614849119057924	a7	a14
12	0.61487616898274	a7	a14	a27	1
13	0.614923776850416	a7	a14
12	0.61497625370456	a7	a14	a27	2
12	0.614991942660953	a7	a17	a27	3
13	0.615032517548177	a7	a14
13	0.615132602269997	a7	a17
13	0.615318164754235	a6	a10
12	0.615492907268547	a6	a10	a22	0
12	0.615543220128705	a7	a14	a23	0
12	0.615684961734741	a7	a16	a23	1
12	0.615850507274616	a7	a17	a23	2
12	0.615871606215972	a7	a15	a23	3
13	0.615947887003954	a7	a14
12	0.616017675809979	a7	a14	a23	4
13	0.616276814089718	a7	a16
13	0.616295749037089	a7	a15
13	0.61633524192732	a7	a17
12	0.616350930883714	a7	a16	a23	5
12	0.616396915755901	a7	a15	a23	6
12	0.61641909669425	a7	a17	a23	7
13	0.616435867647636	a7	a14
12	0.616494836483735	a7	a14	a23	8
13	0.616790221662727	a7	a16
12	0.61685892847176	a7	a16	a23	9
13	0.616860010468753	a7	a15
13	0.616910323328911	a7	a14
13	0.616913569319889	a7	a17
12	0.616916815310867	a7	a15	a23	10
12	0.616978489139447	a7	a17	a23	11
12	0.617015277037197	a7	a14	a23	12
13	0.617299301247766	a7	a16
12	0.617359893079354	a7	a16	a23	13
13	0.617360975076347	a7	a15
12	0.617425353897409	a7	a15	a23	14
13	0.617444288844781	a7	a17
13	0.617451862823729	a7	a14
12	0.617524356622236	a7	a17	a23	15
13	0.617835971756118	a7	a16
13	0.617840840742584	a7	a15
13	0.617956614420797	a7	a17
13	0.618092946041871	a6	a10
13	0.618175177813312	a8	a57
12	0.618208178721587	a6	a10	a28	0
12	0.618268229554679	a7	a14	a29	0
13	0.618346133338149	a7	a14
12	0.618363445290032	a7	a14	a29	1
13	0.618404020177256	a7	a14
12	0.61841808613816	a7	a16	a29	2
12	0.618474890980274	a7	a14	a29	3
13	0.618526285837425	a7	a14
13	0.6185592867457	a7	a16
12	0.618563073735174	a7	a15	a29	4
12	0.618590123659991	a7	a17	a29	5
12	0.618630157548718	a7	a16	a29	6
12	0.618662617458498	a7	a14	a29	7
13	0.618694536369781	a7	a15
13	0.618699946354744	a7	a17
13	0.618727537278056	a7	a16
13	0.618759997187836	a7	a14
12	0.618797326084082	a7	a17	a29	8
12	0.618813015040475	a7	a15	a29	9
12	0.61883140898935	a7	a14	a29	10
12	0.618863327900633	a7	a16	a29	11
13	0.618863868899129	a7	a17
13	0.618891459822442	a7	a15
13	0.618892541819435	a7	a14
13	0.618916345753273	a7	a16
12	0.618939067690118	a7	a14	a29	12
13	0.618989380550276	a7	a14
12	0.619000741518699	a7	a17	a29	13
12	0.619032660429982	a7	a16	a29	14
12	0.619058087359309	a7	a15	a29	15
13	0.619067284333746	a7	a17
13	0.619088924273599	a7	a16
13	0.619138155136765	a7	a15
13	0.619332914595441	a6	a10
13	0.61935509553379	a8	a56
12	0.619938291912825	a8	a56	a42	0
12	0.620037294637652	a6	a10	a30	0
12	0.620098968466233	a7	a14	a31	0
12	0.620203381176023	a7	a17	a31	1
13	0.620216365139935	a7	a14
12	0.620290481933931	a7	a14	a31	2
12	0.620383533675298	a7	a15	a31	3
12	0.620413288592596	a7	a16	a31	4
13	0.620426813555004	a7	a17
13	0.620444125506886	a7	a14
12	0.62049497936554	a7	a17	a31	5
12	0.6205155373084	a7	a14	a31	6
13	0.620546915221187	a7	a15
13	0.620572342150514	a7	a16
13	0.620573965146003	a7	a17
13	0.620601015070819	a7	a14
12	0.620609671046761	a7	a15	a31	7
12	0.62063185198511	a7	a16	a31	8
12	0.620665393891882	a7	a17	a31	9
13	0.620701640791135	a7	a15
12	0.620712460761062	a7	a14	a31	10
13	0.62072003474001	a7	a16
13	0.620762232622723	a7	a17
12	0.620806053500925	a7	a16	a31	11
13	0.620807676496414	a7	a14
12	0.620842841398675	a7	a17	a31	12
12	0.620859612352061	a7	a15	a31	13
13	0.620889367269359	a7	a16
12	0.620902351233271	a7	a14	a31	14
13	0.620959156075385	a7	a17
12	0.62096564805734	a7	a16	a31	15
13	0.620990533988171	a7	a15
13	0.621019206908476	a7	a14
13	0.621044633837803	a7	a16
13	0.621241016291968	a6	a10
13	0.621446595720571	a8	a56
12	0.621502859564188	a8	a56	a45	0
12	0.62154235245442	a6	a10	a32	0
12	0.621689504045419	a7	a14	a33	0
12	0.621701947010835	a7	a16	a33	1
13	0.621734406920614	a7	a14
13	0.621766325831897	a7	a16
12	0.621793375756713	a7	a15	a33	2
12	0.621827458661981	a7	a14	a33	3
13	0.62184531161236	a7	a14
12	0.621868574547702	a7	a17	a33	4
12	0.621872361537176	a7	a16	a33	5
13	0.621889132490562	a7	a16
13	0.621922674397334	a7	a15
13	0.621935658361246	a7	a17
12	0.621972446258996	a7	a16	a33	6
13	0.621988676213885	a7	a16
12	0.62202330011765	a7	a17	a33	7
12	0.622036284081562	a7	a14	a33	8
13	0.622053055034948	a7	a17
12	0.622054678030437	a7	a15	a33	9
13	0.622055760027429	a7	a14
13	0.622071448983823	a7	a15
12	0.622105531889091	a7	a16	a33	10
13	0.622123384839469	a7	a16
12	0.622169910710153	a7	a17	a33	11
12	0.622196960634969	a7	a14	a33	12
13	0.622201829621436	a7	a17
13	0.622213731588355	a7	a14
12	0.622216436580837	a7	a15	a33	13
12	0.622226715552267	a7	a16	a33	14
13	0.62224240450866	a7	a16
13	0.622254306475579	a7	a15
12	0.62235276820191	a7	a14	a33	15
13	0.622400917068083	a7	a14
13	0.622561052622994	a6	a10
13	0.62264112040045	a8	a56
12	0.623142085008044	a8	a56	a50	0
12	0.626153823637068	a6	a10	a34	0
12	0.626218202458131	a7	a14	a35	0
12	0.626288532262653	a7	a17	a35	1
12	0.626484914716817	a7	a16	a35	2
12	0.62655362152585	a7	a15	a35	3
13	0.643411134671244	a7	a14
13	0.647024463628179	a7	a15
13	0.647025004626675	a7	a16
13	0.647629299947067	a7	a17
13	0.647926308121547	a6	a10
12	0.64798473595915	a6	a10	a36	0
12	0.64804803278322	a7	a14	a37	0
12	0.648261727189267	a7	a16	a37	1
12	0.648395894816355	a7	a17	a37	2
12	0.64843484670809	a7	a15	a37	3
13	0.649869574720336	a7	a14
13	0.650242322684302	a7	a15
13	0.651058148416755	a7	a17
13	0.651392485487482	a7	a16
13	0.651526112116074	a6	a10
12	0.653534298534421	a6	a10	a38	0
12	0.653600841349469	a7	a14	a39	0
12	0.65373446797806	a7	a16	a39	1
12	0.653788567827692	a7	a15	a39	2
12	0.653996852248776	a7	a17	a39	3
13	0.655247099773777	a7	a14
13	0.655584141836985	a7	a15
13	0.655647438661055	a7	a16
13	0.655781606288143	a7	a17
13	0.655911986925756	a6	a10
12	0.65595256181298	a6	a10	a40	0
12	0.656002874673138	a7	a14	a41	0
12	0.656226307052119	a7	a15	a41	1
12	0.656256602967913	a7	a16	a41	2
12	0.656403754558913	a7	a17	a41	3
13	0.656484363334865	a7	a14
13	0.657536605410211	a7	a15
13	0.657553917362094	a7	a16
13	0.657636690132031	a7	a17
13	0.657797366685439	a6	a10
12	0.658014307082464	a8	a57	a49	0
13	0.665293982848972	a8	a57
12	0.665361607661013	a8	a57	a54	0
12	0.66712850875	a8	a58	a53	0
13	0.677835409990709	a8	a58
12	0.677855967933569	a8	a58	a52	0
13	0.682777431254611	a8	a58
12	0.682805022177923	a8	a58	a51	0
13	0.685479718743739	a8	a58
13	0.688159284296022	a8	a57
13	0.688257205023856	a8	a56
13	0.688383798671995	a8	a55
12	0.688712184759263	a8	a55	a47	0
13	0.700268994637693	a8	a55
12	0.700312274517399	a8	a55	a46	0
12	0.700336078451237	a8	a56	a48	0
13	0.725031036812848	a8	a56
12	0.72516304044595	a6	a10	a20	0
12	0.725223091279042	a7	a14	a21	0
12	0.725577445294133	a7	a16	a21	1
13	0.725669415038508	a7	a14
12	0.725692136975353	a7	a17	a21	2
12	0.72571323591671	a7	a15	a21	3
13	0.726418697955914	a7	a15
13	0.726421402948395	a7	a17
13	0.726459813841634	a7	a16
13	0.726636720349931	a6	a10
12	0.726809298870258	a8	a56	a44	0
12	0.726827151820637	a8	a57	a43	0
12	0.726956991459754	a6	a10	a22	0
12	0.727022452277809	a7	a14	a23	0
12	0.727156078906401	a7	a16	a23	1
12	0.727176636849261	a7	a15	a23	2
13	0.727433611135014	a7	a14
12	0.727500694948558	a7	a17	a23	3
12	0.727525039880892	a7	a14	a23	4
13	0.727872901914027	a7	a16
13	0.727905361823806	a7	a15
12	0.727938903730578	a7	a16	a23	5
12	0.727963248662913	a7	a15	a23	6
13	0.728026545486983	a7	a14
12	0.728087678317067	a7	a14	a23	7
13	0.728104990268949	a7	a17
12	0.72817694306896	a7	a17	a23	8
13	0.728405244434408	a7	a16
13	0.728480443225397	a7	a15
12	0.728480984223893	a7	a16	a23	9
12	0.728538871063	a7	a15	a23	10
13	0.728571330972779	a7	a14
12	0.728633545799856	a7	a14	a23	11
13	0.728673038690087	a7	a17
12	0.728734712518668	a7	a17	a23	12
13	0.728961390888627	a7	a16
12	0.729038212675105	a7	a16	a23	13
13	0.729048491646535	a7	a15
13	0.729102050497671	a7	a14
12	0.729105837487145	a7	a15	a23	14
12	0.729179954281141	a7	a14	a23	15
13	0.729234054130773	a7	a17
13	0.729549997252625	a7	a16
13	0.729549997252625	a7	a15
13	0.729648458978956	a7	a14
13	0.729739346726338	a6	a10
12	0.729920581222606	a6	a10	a24	0
12	0.729975763069231	a7	a14	a25	0
13	0.730017960951944	a7	a14
12	0.730038518894804	a7	a14	a25	1
13	0.730077470786539	a7	a14
12	0.730097487730903	a7	a14	a25	2
13	0.730128324645194	a7	a14
12	0.730146177595572	a7	a14	a25	3
13	0.730180801499337	a7	a14
13	0.730482678660284	a6	a10
12	0.730530827526457	a6	a10	a26	0
12	0.730577894395637	a7	a14	a27	0
13	0.730622256272336	a7	a14
12	0.730638486227225	a7	a14	a27	1
13	0.730680143111442	a7	a14
12	0.730705029042273	a7	a14	a27	2
13	0.730742357938519	a7	a14
12	0.730762915881379	a7	a14	a27	3
13	0.73079808078364	a7	a14
13	0.730950642359603	a6	a10
12	0.731068580031801	a6	a10	a22	0
12	0.731116728897974	a7	a14	a23	0
12	0.73150408382134	a7	a17	a23	1
13	0.731514362792771	a7	a14
12	0.731518690780741	a7	a16	a23	2
12	0.73157333162887	a7	a15	a23	3
12	0.73158793858827	a7	a14	a23	4
13	0.732001802437957	a7	a14
13	0.732013163406379	a7	a17
12	0.732018032392846	a7	a14	a23	5
13	0.732047787310144	a7	a15
13	0.732055361289093	a7	a16
12	0.732109461138725	a7	a17	a23	6
12	0.732125691093614	a7	a15	a23	7
12	0.732139757054519	a7	a16	a23	8
13	0.732489242083143	a7	a14
12	0.732553079905709	a7	a14	a23	9
13	0.73259257279594	a7	a17
13	0.732600687773385	a7	a15
12	0.732657492615499	a7	a17	a23	10
13	0.732662902600462	a7	a16
12	0.732695903508738	a7	a15	a23	11
12	0.732750544356866	a7	a16	a23	12
13	0.732968566750884	a7	a14
12	0.733025912591494	a7	a14	a23	13
13	0.733070815466689	a7	a17
12	0.733133030293766	a7	a17	a23	14
13	0.733173064182494	a7	a15
12	0.733245016982505	a7	a15	a23	15
13	0.733256377950927	a7	a16
13	0.7334516784081	a7	a14
13	0.733611813963011	a7	a17
13	0.733710275689342	a7	a15
13	0.733890428188617	a6	a10
13	0.733941282047271	a8	a57
12	0.733968331972087	a6	a10	a28	0
12	0.734013234847282	a7	a14	a29	0
13	0.734058137722477	a7	a14
12	0.73407382667887	a7	a14	a29	1
13	0.734121434546546	a7	a14
12	0.73413712350294	a7	a14	a29	2
13	0.734174452399186	a7	a14
12	0.734296718059355	a7	a17	a29	3
12	0.734313489012741	a7	a14	a29	4
12	0.734333505957105	a7	a16	a29	5
13	0.734368670859366	a7	a14
12	0.734394097788693	a7	a15	a29	6
13	0.734426557698472	a7	a16
13	0.734429262690954	a7	a17
12	0.734430885686443	a7	a14	a29	7
13	0.734468755581185	a7	a15
12	0.734495264507505	a7	a16	a29	8
13	0.734512576459387	a7	a14
12	0.734540708381196	a7	a17	a29	9
12	0.734555856339093	a7	a15	a29	10
13	0.734559102330071	a7	a16
13	0.734594808230828	a7	a17
13	0.734610497187221	a7	a15
12	0.734624022149629	a7	a14	a29	11
12	0.734644039093993	a7	a16	a29	12
13	0.734691105963173	a7	a14
12	0.734695433951144	a7	a17	a29	13
13	0.734721401878967	a7	a16
12	0.734727352862427	a7	a15	a29	14
12	0.734737090835361	a7	a14	a29	15
13	0.734765222757169	a7	a17
13	0.734777124724089	a7	a14
13	0.734789026691008	a7	a15
13	0.735014082065478	a6	a10
13	0.735025984032397	a8	a56
12	0.735251039406867	a8	a56	a42	0
12	0.735302975262514	a6	a10	a30	0
12	0.735395486005385	a7	a14	a31	0
12	0.735416043948245	a7	a17	a31	1
12	0.735467438805395	a7	a15	a31	2
13	0.735498816718182	a7	a14
12	0.735551293572325	a7	a14	a31	3
13	0.735585376477594	a7	a15
13	0.735591868459549	a7	a17
13	0.735640017325722	a7	a14
12	0.735658411274597	a7	a15	a31	4
12	0.735671936237005	a7	a17	a31	5
12	0.735720626101674	a7	a14	a31	6
13	0.735759036994913	a7	a17
13	0.735764987978373	a7	a15
12	0.735810431852064	a7	a17	a31	7
13	0.735823415815975	a7	a14
12	0.735830448796428	a7	a15	a31	8
13	0.735898073608468	a7	a17
12	0.735898614606964	a7	a16	a31	9
13	0.735924582534788	a7	a15
12	0.735928369524262	a7	a14	a31	10
12	0.735977059388931	a7	a17	a31	11
12	0.735994371340813	a7	a15	a31	12
13	0.736018175274651	a7	a16
13	0.736038192219015	a7	a14
13	0.736074980116765	a7	a17
12	0.736084177091203	a7	a16	a31	13
13	0.736099866047596	a7	a15
12	0.736109063022033	a7	a14	a31	14
13	0.736167490859636	a7	a16
12	0.736189130799489	a7	a17	a31	15
13	0.736193999785956	a7	a14
13	0.736296789500257	a7	a17
13	0.736414727172455	a6	a10
13	0.736527795858187	a8	a56
12	0.73655971476947	a8	a56	a45	0
12	0.736575403725863	a6	a10	a32	0
12	0.73663166756948	a7	a14	a33	0
13	0.736672242456705	a7	a14
12	0.736687931413098	a7	a14	a33	1
13	0.73671552233641	a7	a14
12	0.736778278161984	a7	a14	a33	2
13	0.736805869085296	a7	a14
12	0.736813984062741	a7	a16	a33	3
13	0.736862132928914	a7	a16
12	0.736885936862752	a7	a15	a33	4
13	0.73692001976802	a7	a15
12	0.736939495713888	a7	a14	a33	5
12	0.736960594655244	a7	a17	a33	6
13	0.736974660616149	a7	a14
12	0.736980070601112	a7	a16	a33	7
13	0.736994677560513	a7	a17
13	0.736996300556001	a7	a16
12	0.73703038346127	a7	a15	a33	8
13	0.737045531419167	a7	a15
12	0.737073122342479	a7	a17	a33	9
13	0.737096926276317	a7	a17
12	0.737115861223689	a7	a14	a33	10
12	0.737136960165045	a7	a16	a33	11
13	0.73714507514249	a7	a14
13	0.737161846095876	a7	a16
12	0.737174830059788	a7	a15	a33	12
13	0.737191601013174	a7	a15
12	0.737217568940997	a7	a17	a33	13
12	0.737245159864309	a7	a16	a33	14
13	0.737255979834236	a7	a17
12	0.73726571780717	a7	a14	a33	15
13	0.737272750787622	a7	a16
13	0.737346326583122	a7	a14
13	0.737488068189158	a6	a10
13	0.737524856086908	a8	a56
12	0.737918161993734	a8	a56	a50	0
12	0.740636138439256	a6	a10	a34	0
12	0.740893653723505	a7	a14	a35	0
12	0.740976426493442	a7	a17	a35	1
12	0.741055412273905	a7	a16	a35	2
12	0.74128425463785	a7	a15	a35	3
13	0.757304843109433	a7	a14
13	0.760923582051331	a7	a16
13	0.761176228349113	a7	a15
13	0.761286051043867	a7	a17
13	0.761987726093596	a6	a10
12	0.762048858923681	a6	a10	a36	0
12	0.762104040770305	a7	a14	a37	0
12	0.762361556054555	a7	a16	a37	1
12	0.762600677389929	a7	a15	a37	2
12	0.762615825347826	a7	a17	a37	3
13	0.76433024958267	a7	a14
13	0.764708948530096	a7	a17
13	0.765592940073086	a7	a15
13	0.765907260199449	a7	a16
13	0.766027361865633	a6	a10
12	0.768017154335105	a6	a10	a38	0
12	0.76808261515316	a7	a14	a39	0
12	0.768214077787766	a7	a16	a39	1
12	0.768284407592288	a7	a17	a39	2
12	0.768405050256968	a7	a15	a39	3
13	0.769653674786479	a7	a14
13	0.770078899604588	a7	a16
13	0.770088096579026	a7	a15
13	0.770168705354978	a7	a17
13	0.770309364964021	a6	a10
12	0.770349939851245	a6	a10	a40	0
12	0.770417023664789	a7	a14	a41	0
12	0.770763803700932	a7	a16	a41	1
12	0.770842789481395	a7	a15	a41	2
13	0.770864970419744	a7	a14
12	0.77091257828742	a7	a17	a41	3
13	0.772103856976321	a7	a16
13	0.772106561968803	a7	a15
13	0.772229368627468	a7	a17
13	0.77238355319892	a6	a10
12	0.772614559556849	a8	a57	a49	0
13	0.77997484409931	a8	a57
12	0.780063567852707	a8	a57	a54	0
12	0.78183696092365	a8	a58	a53	0
13	0.79246866337337	a8	a58
12	0.792493008305705	a8	a58	a52	0
13	0.797321960883875	a8	a58
12	0.797371732745537	a8	a58	a51	0
13	0.800016674394055	a8	a58
13	0.802654042063625	a8	a57
13	0.802707600914761	a8	a56
13	0.802866113474183	a8	a55
12	0.80326374736898	a8	a55	a46	0
12	0.803288092301314	a8	a56	a48	0
13	0.827529693923007	a8	a56
12	0.827623827661367	a6	a10	a20	0
12	0.827710928419274	a7	a14	a21	0
12	0.828066364431358	a7	a17	a21	1
12	0.828085840377226	a7	a15	a21	2
13	0.828144268214828	a7	a14
12	0.828160498169718	a7	a16	a21	3
13	0.829132672467609	a7	a15
13	0.829142410440542	a7	a17
13	0.829171083360848	a7	a16
13	0.829362596828546	a6	a10
12	0.829545454320302	a8	a56	a44	0
12	0.829563848269177	a8	a57	a43	0
12	0.829685031932353	a6	a10	a22	0
12	0.829887365369978	a7	a14	a23	0
12	0.830310426194102	a7	a17	a23	1
13	0.83031367218508	a7	a14
12	0.830349919084333	a7	a15	a23	2
12	0.830379674001631	a7	a16	a23	3
12	0.830407264924943	a7	a14	a23	4
13	0.830882261604714	a7	a14
12	0.830942853436302	a7	a14	a23	5
13	0.830945558428784	a7	a16
12	0.831019134224283	a7	a16	a23	6
13	0.831020757219772	a7	a17
13	0.831027790200225	a7	a15
12	0.831102988991213	a7	a15	a23	7
12	0.831131661911518	a7	a17	a23	8
13	0.83137565223336	a7	a14
12	0.831435703066451	a7	a14	a23	9
13	0.83150657386947	a7	a16
12	0.83156824769805	a7	a16	a23	10
13	0.831588264642414	a7	a17
13	0.831589346639407	a7	a15
12	0.831655889454454	a7	a17	a23	11
12	0.831674824401826	a7	a15	a23	12
13	0.831865796871027	a7	a14
12	0.831926388702615	a7	a14	a23	13
13	0.832040539385339	a7	a16
13	0.83209193424249	a7	a17
13	0.832095180233468	a7	a15
12	0.832100590218431	a7	a16	a23	14
12	0.832156854062049	a7	a15	a23	15
13	0.832362433490651	a7	a14
13	0.832556110952334	a7	a16
13	0.832690278579422	a7	a15
13	0.832890448023061	a6	a10
12	0.833032730627594	a6	a10	a24	0
12	0.833086830477226	a7	a14	a25	0
13	0.833127946362947	a7	a14
12	0.8331641932622	a7	a14	a25	1
13	0.833202604155439	a7	a14
12	0.833257245003568	a7	a16	a25	2
12	0.833282671932895	a7	a17	a25	3
13	0.833396822615619	a7	a16
13	0.833417921556975	a7	a17
13	0.833586172089331	a6	a10
12	0.833619713996103	a6	a10	a26	0
12	0.833689502802129	a7	a14	a27	0
13	0.833733323680331	a7	a14
12	0.833749553635221	a7	a14	a27	1
13	0.833784718537481	a7	a14
12	0.83380852247132	a7	a14	a27	2
13	0.833844769370573	a7	a14
12	0.833863163319448	a7	a14	a27	3
13	0.833898869220206	a7	a14
13	0.834069283746547	a6	a10
12	0.834183434429271	a6	a10	a22	0
12	0.834248354248829	a7	a14	a23	0
12	0.834624348203773	a7	a17	a23	1
12	0.834650316131597	a7	a15	a23	2
13	0.834651398128589	a7	a14
12	0.834669251078968	a7	a16	a23	3
12	0.834717940943637	a7	a14	a23	4
13	0.835093393900084	a7	a15
13	0.835098262886551	a7	a17
13	0.835108000859485	a7	a16
13	0.835139919770768	a7	a14
12	0.835168592691073	a7	a15	a23	5
12	0.835185363644459	a7	a16	a23	6
12	0.835225938531683	a7	a17	a23	7
12	0.835272464402367	a7	a14	a23	8
13	0.835632769400917	a7	a16
13	0.835683623259572	a7	a17
13	0.83568686925055	a7	a15
13	0.83569714822198	a7	a14
12	0.835707968191906	a7	a16	a23	9
12	0.835768019024998	a7	a17	a23	10
12	0.835813462898689	a7	a14	a23	11
12	0.835831856847564	a7	a15	a23	12
13	0.836164570922802	a7	a16
12	0.836219752769427	a7	a16	a23	13
13	0.836242474706272	a7	a15
13	0.836244638700258	a7	a17
13	0.836281426598008	a7	a14
12	0.836310640516809	a7	a15	a23	14
12	0.836348510411551	a7	a17	a23	15
13	0.836656338555959	a7	a16
13	0.836768325244697	a7	a15
13	0.836833786062752	a7	a17
13	0.836952805731943	a6	a10
13	0.837011233569546	a8	a57
12	0.837030168516917	a6	a10	a28	0
12	0.837118351271818	a7	a14	a29	0
13	0.837162713148516	a7	a14
12	0.837178943103406	a7	a14	a29	1
13	0.837218976992134	a7	a14
12	0.837246567915446	a7	a16	a29	2
12	0.837281732817707	a7	a14	a29	3
13	0.83732393070042	a7	a14
13	0.837372079566593	a7	a16
12	0.837395342501935	a7	a14	a29	4
12	0.837414818447802	a7	a15	a29	5
12	0.837454311338034	a7	a16	a29	6
13	0.837465672306456	a7	a14
13	0.837502460204206	a7	a15
13	0.83750787018917	a7	a16
12	0.837548445076394	a7	a14	a29	7
12	0.837594970947077	a7	a17	a29	8
12	0.837604167921515	a7	a16	a29	9
13	0.837613905894449	a7	a14
12	0.837630135849338	a7	a15	a29	10
13	0.837663136757614	a7	a16
13	0.837679907711	a7	a15
13	0.837691809677919	a7	a17
12	0.837722646592209	a7	a15	a29	11
12	0.837745909527551	a7	a16	a29	12
13	0.837758893491463	a7	a15
12	0.837772418453871	a7	a17	a29	13
13	0.837793517395228	a7	a16
12	0.837803796366658	a7	a14	a29	14
13	0.837846535247867	a7	a14
12	0.837856273220801	a7	a15	a29	15
13	0.83786222420426	a7	a17
13	0.837934177004271	a7	a15
13	0.838122985479488	a6	a10
13	0.838157609383252	a8	a56
12	0.838397812715619	a8	a56	a42	0
12	0.838495192444957	a6	a10	a30	0
12	0.838632606063023	a7	a14	a31	0
13	0.838713755837471	a7	a14
12	0.838729985792361	a7	a14	a31	1
13	0.838806807578839	a7	a14
12	0.838865776414938	a7	a16	a31	2
12	0.838895531332235	a7	a14	a31	3
13	0.838976140108187	a7	a14
12	0.838980468096158	a7	a17	a31	4
13	0.839028616962331	a7	a16
12	0.839042141924739	a7	a15	a31	5
12	0.839059994875117	a7	a14	a31	6
13	0.8390919137864	a7	a17
12	0.839117340715728	a7	a16	a31	7
13	0.839145472637536	a7	a14
13	0.839160620595433	a7	a15
12	0.83918171953679	a7	a17	a31	8
13	0.839197949491679	a7	a16
12	0.839222294424014	a7	a14	a31	9
12	0.839242852366874	a7	a15	a31	10
13	0.839279640264624	a7	a17
13	0.839318051157863	a7	a15
12	0.839328330129293	a7	a16	a31	11
13	0.83933915009922	a7	a14
12	0.83935375705862	a7	a17	a31	12
12	0.839397577936822	a7	a15	a31	13
13	0.839426791855624	a7	a16
13	0.839454382778936	a7	a17
12	0.839455464775929	a7	a14	a31	14
13	0.83950523663759	a7	a15
12	0.839516056607517	a7	a16	a31	15
13	0.839567992463164	a7	a14
13	0.839621010315803	a7	a16
13	0.839788178851167	a6	a10
13	0.839907739518854	a8	a56
12	0.839942363422619	a8	a56	a45	0
12	0.83995534738653	a6	a10	a32	0
12	0.84015984481814	a7	a14	a33	0
13	0.840176615771526	a7	a14
12	0.84023774860161	a7	a16	a33	1
12	0.8402539785565	a7	a14	a33	2
13	0.840276159494849	a7	a16
13	0.840283192475301	a7	a14
12	0.840371916228698	a7	a15	a33	3
12	0.840376785215165	a7	a16	a33	4
13	0.840393556168551	a7	a16
12	0.840429803067805	a7	a14	a33	5
12	0.840441164036227	a7	a16	a33	6
13	0.840455770995628	a7	a14
13	0.840457934989613	a7	a16
13	0.840461721979088	a7	a15
12	0.840508788848268	a7	a16	a33	7
13	0.840531510785113	a7	a16
12	0.840596971603168	a7	a15	a33	9
13	0.840612660559562	a7	a15
12	0.84061428355505	a7	a14	a33	8
12	0.840632136505429	a7	a16	a33	10
13	0.840652153449793	a7	a16
13	0.840667842406186	a7	a14
12	0.840697597323484	a7	a17	a33	11
12	0.840753320168605	a7	a15	a33	12
13	0.840759271152065	a7	a17
12	0.840770632120488	a7	a16	a33	13
13	0.840786321076881	a7	a15
12	0.840792813058837	a7	a14	a33	14
13	0.840798764042296	a7	a16
12	0.840842043922002	a7	a17	a33	15
13	0.840853404890425	a7	a14
13	0.840868011849826	a7	a17
13	0.841096313215273	a6	a10
13	0.841135806105505	a8	a56
12	0.841509636066463	a8	a56	a50	0
12	0.844379092090955	a6	a10	a34	0
12	0.84446511085187	a7	a14	a35	0
12	0.844666362292502	a7	a16	a35	1
12	0.844710724169201	a7	a15	a35	2
12	0.844771856999285	a7	a17	a35	3
13	0.853458128856231	a7	a14
13	0.862504705711728	a7	a16
13	0.863218823726873	a7	a15
13	0.863787413146507	a7	a17
13	0.863902104827727	a6	a10
12	0.863967565645782	a6	a10	a36	0
12	0.864093618295425	a7	a14	a37	0
12	0.864369527528549	a7	a15	a37	1
12	0.864425791372167	a7	a17	a37	2
12	0.864519384112031	a7	a16	a37	3
13	0.866029310915265	a7	a14
13	0.86658762136347	a7	a16
13	0.866978763276311	a7	a17
13	0.86759225557114	a7	a15
13	0.867740489159132	a6	a10
12	0.869687001748898	a6	a10	a38	0
12	0.869756249556428	a7	a14	a39	0
12	0.869963992979015	a7	a15	a39	1
12	0.870057044720383	a7	a17	a39	2
12	0.870187425357996	a7	a16	a39	3
13	0.871310538236361	a7	a14
13	0.871748747018382	a7	a15
13	0.871786616913124	a7	a17
13	0.871896439607877	a7	a16
13	0.872059821153767	a6	a10
12	0.872093363060539	a6	a10	a40	0
12	0.872162610868068	a7	a14	a41	0
12	0.872454750056082	a7	a17	a41	1
12	0.872562949755346	a7	a15	a41	2
13	0.872625164582423	a7	a14
12	0.872641394537313	a7	a16	a41	3
13	0.873761802423196	a7	a17
13	0.873827263241251	a7	a15
13	0.873857018158548	a7	a16
13	0.87400687474203	a6	a10
12	0.874210290176647	a8	a57	a49	0
13	0.881545688788277	a8	a57
12	0.881632248547688	a8	a57	a54	0
12	0.883417002587054	a8	a58	a53	0
13	0.893786320766058	a8	a58
12	0.89380525571343	a8	a58	a52	0
13	0.898572534463019	a8	a58
12	0.898723473043493	a8	a58	a51	0
13	0.901436580502548	a8	a58
13	0.904138867991676	a8	a57
13	0.904228673742066	a8	a56
13	0.904383399312014	a8	a55
12	0.904712867396274	a8	a55	a46	0
12	0.904737753327104	a8	a56	a48	0
13	0.927328227538022	a8	a56
12	0.927433722244805	a6	a10	a20	0
12	0.927531101974143	a7	a14	a21	0
12	0.927668515592209	a7	a15	a21	1
12	0.927682040554617	a7	a17	a21	2
12	0.927775092295984	a7	a16	a21	3
13	0.927977966732105	a7	a15
13	0.927982835718572	a7	a14
13	0.928009344644892	a7	a17
13	0.928055329517079	a7	a16
13	0.928241432999814	a6	a10
12	0.928401568554725	a8	a56	a44	0
12	0.9284199625036	a8	a57	a43	0
12	0.92854060516828	a6	a10	a22	0
12	0.928715347682592	a7	a14	a23	0
12	0.928775398515684	a7	a16	a23	1
12	0.929170868416495	a7	a15	a23	2
12	0.929184393378903	a7	a17	a23	3
13	0.929193049354844	a7	a14
12	0.929252018190943	a7	a14	a23	4
13	0.929468958587968	a7	a16
12	0.929530632416549	a7	a16	a23	5
13	0.929811951634637	a7	a17
13	0.929854690515846	a7	a15
13	0.929863887490283	a7	a14
12	0.929901757385026	a7	a17	a23	6
12	0.929946119261724	a7	a15	a23	7
12	0.929976415177519	a7	a14	a23	8
13	0.930229061475301	a7	a16
12	0.930291276302378	a7	a16	a23	9
13	0.930390279027205	a7	a15
13	0.930465477818194	a7	a17
12	0.930468723809171	a7	a15	a23	10
13	0.930585038485881	a7	a14
12	0.930587202479866	a7	a17	a23	11
12	0.930665106263336	a7	a14	a23	12
13	0.930965360428795	a7	a16
12	0.931026493258879	a7	a16	a23	13
13	0.931027034257376	a7	a17
12	0.931132528964159	a7	a17	a23	14
13	0.931140102943107	a7	a15
12	0.931253712627335	a7	a15	a23	15
13	0.931269401583728	a7	a14
13	0.931449554083003	a7	a16
13	0.931713561349208	a7	a17
13	0.931981896603384	a7	a15
13	0.932112818239494	a6	a10
12	0.932288642750799	a6	a10	a24	0
12	0.932391973463596	a7	a14	a25	0
13	0.932434712344806	a7	a14
12	0.93251207512978	a7	a14	a25	1
13	0.932543994041063	a7	a14
12	0.932564551983923	a7	a16	a25	2
12	0.932639750774912	a7	a14	a25	3
13	0.93267978466364	a7	a16
13	0.932685194648603	a7	a14
13	0.932922151989992	a6	a10
12	0.932963808874209	a6	a10	a26	0
12	0.93309310751483	a7	a14	a27	0
13	0.933141797379499	a7	a14
12	0.933158027334388	a7	a14	a27	1
13	0.933193192236649	a7	a14
12	0.933221865156954	a7	a14	a27	2
13	0.9332591940532	a7	a14
12	0.933278669999068	a7	a14	a27	3
13	0.933324654871255	a7	a14
13	0.933640597993107	a6	a10
12	0.933757453668313	a6	a10	a22	0
12	0.933851587406673	a7	a14	a23	0
12	0.933983591039776	a7	a15	a23	1
12	0.93409611872701	a7	a17	a23	2
12	0.934125332645812	a7	a16	a23	3
13	0.934253008290944	a7	a14
12	0.934317387112006	a7	a14	a23	4
13	0.934508900579704	a7	a15
12	0.934573279400767	a7	a15	a23	5
13	0.934606821307538	a7	a17
13	0.934631166239873	a7	a16
12	0.934669577133112	a7	a17	a23	6
12	0.934690676074468	a7	a16	a23	7
13	0.934726381975226	a7	a14
12	0.934790219797792	a7	a14	a23	8
13	0.935006078197824	a7	a15
12	0.935066129030916	a7	a15	a23	9
13	0.935085604976783	a7	a17
12	0.935149442799349	a7	a17	a23	10
13	0.935201378654996	a7	a14
13	0.935220313602368	a7	a16
12	0.935271167461022	a7	a14	a23	11
12	0.935285774420423	a7	a16	a23	12
13	0.935528682745271	a7	a15
13	0.935574126618962	a7	a17
12	0.935609832519719	a7	a15	a23	13
12	0.935636882444536	a7	a17	a23	14
13	0.935751574125756	a7	a16
12	0.935806214973884	a7	a16	a23	15
13	0.935808919966366	a7	a14
13	0.936060484267156	a7	a17
13	0.936142716038597	a7	a15
13	0.936273637674707	a7	a16
13	0.936408346300291	a6	a10
13	0.936452708176989	a8	a57
12	0.936465692140901	a6	a10	a28	0
12	0.936558202883772	a7	a14	a29	0
13	0.936597695774003	a7	a14
12	0.936611761734908	a7	a17	a29	1
12	0.936659369602584	a7	a14	a29	2
13	0.93669669849883	a7	a14
13	0.93673943738004	a7	a17
12	0.936744306366507	a7	a14	a29	3
13	0.93678055326576	a7	a14
12	0.936814095172532	a7	a15	a29	4
12	0.936834653115392	a7	a17	a29	5
12	0.936859539046223	a7	a14	a29	6
13	0.936900113933447	a7	a17
13	0.936922835870293	a7	a15
13	0.936952590787591	a7	a14
12	0.93697909971391	a7	a16	a29	7
12	0.936998034661282	a7	a17	a29	8
12	0.937036445554521	a7	a14	a29	9
13	0.937064577476329	a7	a17
13	0.937073774450767	a7	a16
12	0.937082971425204	a7	a15	a29	10
13	0.937108398354531	a7	a14
12	0.937159252213186	a7	a16	a29	11
12	0.937193335118454	a7	a17	a29	12
12	0.937203073091388	a7	a14	a29	13
13	0.937219844044774	a7	a15
13	0.937229582017708	a7	a16
13	0.937253385951546	a7	a17
12	0.937255008947035	a7	a15	a29	14
13	0.937265828916961	a7	a14
13	0.937316682775615	a7	a15
12	0.937318846769601	a7	a16	a29	15
13	0.937361044652314	a7	a16
13	0.937587182023776	a6	a10
13	0.937620182932052	a8	a56
12	0.937868501241864	a8	a56	a42	0
12	0.937925306083978	a6	a10	a30	0
12	0.938089228628363	a7	a14	a31	0
13	0.938179034378753	a7	a14
12	0.938195264333642	a7	a14	a31	1
13	0.938286693079521	a7	a14
12	0.93830292303441	a7	a14	a31	2
13	0.938380826817881	a7	a14
12	0.938416532718638	a7	a14	a31	3
12	0.938480370541204	a7	a17	a31	4
13	0.938494977500605	a7	a14
12	0.938562061314149	a7	a16	a31	5
12	0.93859127523295	a7	a15	a31	6
12	0.938609128183329	a7	a14	a31	7
13	0.93865457205702	a7	a17
13	0.938674048002887	a7	a16
13	0.938710294902141	a7	a14
12	0.9387162458856	a7	a17	a31	8
13	0.938720032875075	a7	a15
12	0.938747623798387	a7	a14	a31	9
12	0.938789280682604	a7	a16	a31	10
13	0.938828232574339	a7	a17
13	0.938830937566821	a7	a14
12	0.938844462529229	a7	a15	a31	11
13	0.938889365404423	a7	a16
12	0.93890018537435	a7	a17	a31	12
13	0.938921825314203	a7	a15
12	0.938950498234508	a7	a14	a31	13
12	0.938969974180375	a7	a15	a31	14
13	0.938974843166842	a7	a17
12	0.939006221079629	a7	a16	a31	15
13	0.939061402926254	a7	a15
13	0.939084124863099	a7	a16
13	0.939094403834529	a7	a14
13	0.939289163293205	a6	a10
13	0.939401149981944	a8	a56
12	0.939436314884205	a8	a56	a45	0
12	0.939453085837591	a6	a10	a32	0
12	0.939542350589484	a7	a14	a33	0
13	0.93955912154287	a7	a14
12	0.939632156339874	a7	a14	a33	1
13	0.93964892729326	a7	a14
12	0.93969004317898	a7	a17	a33	2
12	0.939713847112818	a7	a14	a33	3
13	0.939746307022597	a7	a14
13	0.939747930018086	a7	a17
12	0.939773356947414	a7	a16	a33	4
13	0.939812308839149	a7	a16
12	0.939854506721862	a7	a17	a33	5
12	0.939864785693292	a7	a14	a33	6
13	0.939882638643671	a7	a14
13	0.939884802637656	a7	a17
12	0.939916721548939	a7	a16	a33	7
13	0.939937279491799	a7	a16
12	0.939942148478266	a7	a15	a33	8
12	0.939958378433156	a7	a14	a33	9
13	0.939981641368497	a7	a15
13	0.940004363305343	a7	a14
12	0.940005986300832	a7	a17	a33	10
12	0.94001951126324	a7	a16	a33	11
13	0.940022216255722	a7	a17
13	0.94003574121813	a7	a16
12	0.940129333957993	a7	a15	a33	12
12	0.940135825939949	a7	a16	a33	13
13	0.940151514896343	a7	a16
12	0.940162875864765	a7	a14	a33	14
13	0.940186138800107	a7	a14
13	0.940186679798604	a7	a15
12	0.940194794776048	a7	a17	a33	15
13	0.940247812628688	a7	a17
13	0.940424178138489	a6	a10
13	0.940473409001654	a8	a56
12	0.940855353940058	a8	a56	a50	0
12	0.943742121916432	a6	a10	a34	0
12	0.943938504370597	a7	a14	a35	0
12	0.944313957327044	a7	a16	a35	1
12	0.944444878963154	a7	a17	a35	2
12	0.9444676009	a7	a15	a35	3
13	0.950766987391173	a7	a14
13	0.961545300433396	a7	a16
13	0.962107397871075	a7	a17
13	0.96243902994932	a7	a15
13	0.962974077462183	a6	a10
12	0.963028177311815	a6	a10	a36	0
12	0.963125016042656	a7	a14	a37	0
12	0.963246740704329	a7	a16	a37	1
12	0.963509665973541	a7	a17	a37	2
12	0.963550781859262	a7	a15	a37	3
13	0.965439407609922	a7	a15
13	0.966400761937886	a7	a17
13	0.966743213986058	a7	a14
13	0.968002658485495	a7	a16
13	0.96813141612762	a6	a10
12	0.970092535676787	a6	a10	a38	0
12	0.970178013439206	a7	a14	a39	0
12	0.97035978893397	a7	a17	a39	1
12	0.970378723881342	a7	a15	a39	2
12	0.9704290367415	a7	a16	a39	3
13	0.971815615887573	a7	a14
13	0.972215413776355	a7	a17
13	0.97232199048013	a7	a15
13	0.972330646456072	a7	a16
13	0.972478880044064	a6	a10
12	0.972537307881667	a6	a10	a40	0
12	0.972633605614012	a7	a14	a41	0
12	0.972826742077199	a7	a17	a41	1
12	0.973024206528356	a7	a16	a41	2
12	0.973055043442647	a7	a15	a41	3
13	0.973092372338893	a7	a14
13	0.97404885768039	a7	a17
13	0.97421656721425	a7	a15
13	0.974332881890959	a7	a16
13	0.974495181439856	a6	a10
12	0.974708334847407	a8	a57	a49	0
13	0.982000994577827	a8	a57
12	0.982087554337239	a8	a57	a54	0
12	0.98381712652998	a8	a58	a53	0
13	0.994145328823264	a8	a58
12	0.994168050760109	a8	a58	a52	0
13	0.998971035410456	a8	a58
12	0.999002413323242	a8	a58	a51	0
13	1.00166953591011	a8	a58
13	1.00431501855712	a8	a57
13	1.00438156137217	a8	a56
13	1.00452925396167	a8	a55
12	1.00485872204593	a8	a55	a46	0
12	1.00488523097225	a8	a56	a48	0
13	1.0283088428675	a8	a56
12	1.02838728764947	a6	a10	a20	0
12	1.02846681442843	a7	a14	a21	0
12	1.02863452396229	a7	a16	a21	1
12	1.02866319688259	a7	a15	a21	2
12	1.0288676943142	a7	a17	a21	3
13	1.02891800717436	a7	a14
13	1.02904568281949	a7	a15
13	1.02972355393538	a7	a16
13	1.02990154244067	a7	a17
13	1.03005680900912	a6	a10
12	1.03019746861816	a8	a56	a44	0
12	1.03021640356553	a8	a57	a43	0
12	1.03034299721367	a6	a10	a22	0
12	1.0305009687746	a7	a14	a23	0
12	1.03058644653702	a7	a17	a23	1
12	1.03073035213704	a7	a16	a23	2
12	1.03088074971902	a7	a15	a23	3
13	1.03094891552955	a7	a14
12	1.03101221235362	a7	a14	a23	4
13	1.03125349768298	a7	a17
12	1.03132815547547	a7	a17	a23	5
13	1.03132815547547	a7	a16
12	1.03139091130105	a7	a16	a23	6
13	1.03146827408602	a7	a14
13	1.03148775003189	a7	a15
12	1.03153752189355	a7	a14	a23	7
12	1.03155321084994	a7	a15	a23	8
13	1.03175338029358	a7	a17
12	1.03181559512066	a7	a17	a23	9
13	1.03187294096127	a7	a16
12	1.03194922174925	a7	a16	a23	10
13	1.03199791161392	a7	a15
13	1.03200440359588	a7	a14
12	1.03207852038987	a7	a15	a23	11
12	1.03211639028462	a7	a14	a23	12
13	1.03244964535835	a7	a17
12	1.03251077818843	a7	a17	a23	13
13	1.03254161510272	a7	a15
13	1.03256217304559	a7	a14
13	1.03259246896138	a7	a16
12	1.03260653492228	a7	a15	a23	14
12	1.03262871586063	a7	a14	a23	15
13	1.0330155297855	a7	a17
13	1.03308748258551	a7	a14
13	1.0331042535389	a7	a15
13	1.03327520906374	a6	a10
12	1.03343642661564	a6	a10	a24	0
12	1.03351811738859	a7	a14	a25	0
13	1.0335603152713	a7	a14
12	1.0336344320653	a7	a14	a25	1
13	1.03367230196004	a7	a14
12	1.03372477881418	a7	a16	a25	2
12	1.03377076368637	a7	a17	a25	3
13	1.03383297851345	a7	a16
13	1.03387030740969	a7	a17
13	1.03401691800219	a6	a10
12	1.03405100090746	a6	a10	a26	0
12	1.0341478396383	a7	a14	a27	0
13	1.034192201515	a7	a14
12	1.03429877821878	a7	a14	a27	1
13	1.034340435103	a7	a14
12	1.03439561694962	a7	a15	a27	2
12	1.03440805991504	a7	a14	a27	3
13	1.03450598064287	a7	a14
13	1.03461850833011	a7	a15
13	1.03476836491359	a6	a10
12	1.03489063057376	a6	a10	a22	0
12	1.03498422331362	a7	a14	a23	0
12	1.03510757097078	a7	a17	a23	1
12	1.03515030985199	a7	a16	a23	2
12	1.0352228036505	a7	a15	a23	3
13	1.03538185720842	a7	a14
12	1.03544894102196	a7	a14	a23	4
13	1.03558094465506	a7	a16
13	1.035590682628	a7	a17
12	1.03564748747011	a7	a16	a23	5
13	1.03565830744004	a7	a15
12	1.03568211137387	a7	a17	a23	6
12	1.03572917824305	a7	a15	a23	7
13	1.03585631288969	a7	a14
12	1.03592231470624	a7	a14	a23	8
13	1.03610084421003	a7	a16
13	1.03611869716041	a7	a17
12	1.03616901002056	a7	a16	a23	9
13	1.03619064996042	a7	a15
12	1.03621120790328	a7	a17	a23	10
12	1.03626260276043	a7	a15	a23	11
13	1.03642490230932	a7	a14
12	1.03648603513941	a7	a14	a23	12
13	1.03664292470334	a7	a16
13	1.03670622152741	a7	a17
13	1.03671433650486	a7	a15
12	1.03671541850185	a7	a16	a23	13
12	1.03678466630938	a7	a17	a23	14
12	1.03679981426728	a7	a15	a23	15
13	1.03688962001766	a7	a14
13	1.03714388931094	a7	a16
13	1.03723964604479	a7	a17
13	1.03727048295908	a7	a15
13	1.03743819249294	a6	a10
13	1.03748850535309	a8	a57
12	1.03751934226738	a6	a10	a28	0
12	1.03760698402379	a7	a14	a29	0
13	1.037649722905	a7	a14
12	1.03766595285989	a7	a14	a29	1
13	1.03770598674861	a7	a14
12	1.03774656163584	a7	a14	a29	2
12	1.0377817265381	a7	a16	a29	3
13	1.03778713652306	a7	a14
12	1.0378558433321	a7	a14	a29	4
13	1.03790669719075	a7	a16
13	1.03790669719075	a7	a14
12	1.03791968115466	a7	a17	a29	5
12	1.03799758493813	a7	a16	a29	6
13	1.03800407692009	a7	a17
12	1.03801976587648	a7	a14	a29	7
13	1.03805006179228	a7	a16
12	1.03805709477273	a7	a15	a29	8
13	1.03806358675468	a7	a14
12	1.03812958857123	a7	a17	a29	9
12	1.03813608055319	a7	a16	a29	10
13	1.03816854046297	a7	a15
12	1.03818531141636	a7	a14	a29	11
13	1.03818963940433	a7	a17
13	1.0381934263938	a7	a16
13	1.03822426330809	a7	a14
12	1.03824373925396	a7	a17	a29	12
12	1.03830216709156	a7	a16	a29	13
12	1.03832434802991	a7	a15	a29	14
13	1.03833192200886	a7	a17
12	1.0383405779848	a7	a14	a29	15
13	1.03836438191864	a7	a16
13	1.03838169387052	a7	a14
13	1.03839305483894	a7	a15
13	1.03859809326905	a6	a10
13	1.03862676618935	a8	a56
12	1.0388561495518	a8	a56	a42	0
12	1.03891024940143	a6	a10	a30	0
12	1.03906876196085	a7	a14	a31	0
13	1.03916235470071	a7	a14
12	1.03918183064658	a7	a14	a31	1
13	1.03926243942253	a7	a14
12	1.03927866937742	a7	a14	a31	2
13	1.03936631113383	a7	a14
12	1.0394728878376	a7	a14	a31	3
12	1.0395026427549	a7	a16	a31	4
12	1.03957297255942	a7	a17	a31	5
13	1.03958649752183	a7	a14
12	1.0395913665083	a7	a15	a31	6
12	1.03965736832485	a7	a14	a31	7
13	1.03968712324215	a7	a16
13	1.03969740221358	a7	a17
13	1.039708763182	a7	a15
13	1.03973473110982	a7	a14
12	1.03977476499855	a7	a17	a31	8
12	1.03980343791885	a7	a16	a31	9
12	1.03983211083916	a7	a15	a31	10
12	1.03984996378954	a7	a14	a31	11
13	1.03987971870684	a7	a17
13	1.0398856696903	a7	a16
13	1.0399294905685	a7	a14
12	1.03995004851136	a7	a16	a31	12
13	1.03995058950985	a7	a15
12	1.03999711538054	a7	a17	a31	13
12	1.04001334533543	a7	a14	a31	14
13	1.04004526424671	a7	a16
12	1.04009774110085	a7	a15	a31	15
13	1.04009936409634	a7	a17
13	1.0401053150798	a7	a14
13	1.04019512083019	a7	a15
13	1.04037960131744	a6	a10
13	1.04049970298362	a8	a56
12	1.04054081886934	a8	a56	a45	0
12	1.04055217983776	a6	a10	a32	0
12	1.04061926365131	a7	a14	a33	0
13	1.04064469058064	a7	a14
12	1.04070095442425	a7	a16	a33	1
12	1.04073449633103	a7	a14	a33	2
13	1.04074964428892	a7	a16
13	1.04075126728441	a7	a14
12	1.04085838498668	a7	a17	a33	3
12	1.04088002492654	a7	a16	a33	4
13	1.04089354988894	a7	a17
13	1.04089625488143	a7	a16
12	1.04091086184083	a7	a14	a33	5
12	1.04092222280925	a7	a15	a33	6
13	1.0409287147912	a7	a14
13	1.04095684671301	a7	a15
12	1.04097578166038	a7	a17	a33	7
12	1.04098497863482	a7	a16	a33	8
13	1.04100066759122	a7	a17
13	1.04100066759122	a7	a16
12	1.04103096350701	a7	a15	a33	9
12	1.04106721040626	a7	a14	a33	10
13	1.04107911237318	a7	a15
12	1.04108344036115	a7	a16	a33	11
13	1.04108830934762	a7	a14
13	1.04112996623184	a7	a16
12	1.0411499831762	a7	a17	a33	12
12	1.04117324611154	a7	a15	a33	13
13	1.04118136108899	a7	a17
12	1.04118352508297	a7	a16	a33	14
13	1.04119921403937	a7	a15
13	1.04119921403937	a7	a16
12	1.04122518196719	a7	a14	a33	15
13	1.04124195292058	a7	a14
13	1.04151245216874	a6	a10
13	1.04154058409054	a8	a56
12	1.04193713598835	a8	a56	a50	0
12	1.04491425071361	a6	a10	a34	0
12	1.04500676145648	a7	a14	a35	0
12	1.04533406554675	a7	a16	a35	1
12	1.04545146222046	a7	a15	a35	2
12	1.04550664406708	a7	a17	a35	3
13	1.05312823088327	a7	a14
13	1.06285159685766	a7	a16
13	1.06301768339603	a7	a17
13	1.06359005980514	a7	a15
13	1.06371665345328	a6	a10
12	1.06376263832547	a6	a10	a36	0
12	1.06382593514954	a7	a14	a37	0
12	1.06399689067437	a7	a17	a37	1
12	1.06414187827139	a7	a16	a37	2
12	1.06425224196464	a7	a15	a37	3
13	1.06637025107774	a7	a15
13	1.066479532774	a7	a14
13	1.06709032007634	a7	a16
13	1.06787098090654	a7	a17
13	1.06799324656671	a6	a10
12	1.06994516914144	a6	a10	a38	0
12	1.07001549894596	a7	a14	a39	0
12	1.07021675038659	a7	a16	a39	1
12	1.07029681816404	a7	a17	a39	2
12	1.07038067293097	a7	a15	a39	3
13	1.07158385358679	a7	a14
13	1.07207886721093	a7	a16
13	1.07211781910266	a7	a17
13	1.07213513105455	a7	a15
13	1.0723039225854	a6	a10
12	1.07234449747262	a6	a10	a40	0
12	1.07241104028767	a7	a14	a41	0
12	1.07276268931028	a7	a16	a41	1
13	1.07287359400203	a7	a14
12	1.0728919879509	a7	a17	a41	2
12	1.07292444786068	a7	a15	a41	3
13	1.07405297072401	a7	a16
13	1.07407839765334	a7	a15
13	1.07417848237516	a7	a17
13	1.07432887995713	a6	a10
12	1.07453391838724	a8	a57	a49	0
13	1.08181305315525	a8	a57
12	1.08190556389812	a8	a57	a54	0
12	1.08367138299012	a8	a58	a53	0
13	1.09393141947286	a8	a58
12	1.09395360041121	a8	a58	a52	0
13	1.0987068131999	a8	a58
12	1.0987354861202	a8	a58	a51	0
13	1.10140585469805	a8	a58
13	1.10407838726988	a8	a57
13	1.10413952009996	a8	a56
13	1.10425367078269	a8	a55
12	1.10453661299626	a8	a55	a46	0
12	1.10456366292108	a8	a56	a48	0
13	1.12787637012459	a8	a56
12	1.12797429085242	a6	a10	a20	0
12	1.12810521248853	a7	a14	a21	0
12	1.12819555923742	a7	a17	a21	1
12	1.12832161188706	a7	a16	a21	2
13	1.1285656022089	a7	a14
12	1.1285807501668	a7	a15	a21	3
13	1.12889777528564	a7	a15
13	1.12926349026916	a7	a17
13	1.12932408210075	a7	a16
13	1.12946744670227	a6	a10
12	1.1296102703053	a8	a56	a44	0
12	1.12962974625117	a8	a57	a43	0
12	1.12976229088277	a6	a10	a22	0
12	1.12996624731588	a7	a14	a23	0
12	1.13001710117453	a7	a16	a23	1
12	1.13023241857607	a7	a17	a23	2
12	1.13029246940916	a7	a15	a23	3
13	1.13038768514451	a7	a14
12	1.13045585095505	a7	a14	a23	4
13	1.13064249543628	a7	a16
12	1.13069984127689	a7	a16	a23	5
13	1.13082318893405	a7	a17
12	1.13089784672655	a7	a17	a23	6
13	1.13090109271752	a7	a15
13	1.13092273265738	a7	a14
12	1.13097034052505	a7	a15	a23	7
12	1.13103309635063	a7	a14	a23	8
13	1.13112993508147	a7	a16
12	1.13119214990855	a7	a16	a23	9
13	1.13144587820332	a7	a15
13	1.13144804219731	a7	a17
13	1.13147292812814	a7	a14
12	1.13155515989958	a7	a17	a23	10
12	1.13159140679883	a7	a15	a23	11
12	1.13160763675372	a7	a14	a23	12
13	1.13167201557478	a7	a16
12	1.1317288204169	a7	a16	a23	13
13	1.13198741769814	a7	a17
12	1.13207181346356	a7	a17	a23	14
13	1.1320956173974	a7	a15
12	1.13218866913877	a7	a15	a23	15
13	1.13223844100043	a7	a14
13	1.13237477262151	a7	a16
13	1.1326106479659	a7	a15
13	1.13272533964712	a7	a17
13	1.13284111332533	a6	a10
12	1.13298069093739	a6	a10	a24	0
12	1.13307428367725	a7	a14	a25	0
13	1.13311648155996	a7	a14
12	1.13313271151485	a7	a14	a25	1
13	1.13316463042614	a7	a14
12	1.13320953330133	a7	a14	a25	2
13	1.13323820622164	a7	a14
12	1.13324523920209	a7	a15	a25	3
13	1.13338481681414	a7	a15
13	1.13354495236905	a6	a10
12	1.13358552725627	a6	a10	a26	0
12	1.13365964405027	a7	a14	a27	0
13	1.13370346492847	a7	a14
12	1.13372239987584	a7	a14	a27	1
13	1.13376513875705	a7	a14
12	1.13378245070894	a7	a14	a27	2
13	1.13381815660969	a7	a14
12	1.13383817355406	a7	a14	a27	3
13	1.13387442045331	a7	a14
13	1.13408649186387	a6	a10
12	1.13420875752404	a6	a10	a22	0
12	1.13430397325939	a7	a14	a23	0
12	1.13460152243237	a7	a17	a23	1
12	1.13465345828801	a7	a15	a23	2
12	1.13470052515719	a7	a16	a23	3
13	1.13470485314516	a7	a14
12	1.13476544497675	a7	a14	a23	4
13	1.13514847191215	a7	a15
13	1.13516740685952	a7	a14
13	1.13517335784298	a7	a17
13	1.1351852598099	a7	a16
12	1.13520906374374	a7	a14	a23	5
12	1.13525126162645	a7	a15	a23	6
12	1.13527777055277	a7	a17	a23	7
12	1.13528967251969	a7	a16	a23	8
13	1.13566512547614	a7	a14
13	1.1357138153408	a7	a16
13	1.13572138931975	a7	a15
12	1.13572409431223	a7	a14	a23	9
13	1.13572571730772	a7	a17
12	1.1357873911363	a7	a16	a23	10
12	1.13583013001751	a7	a17	a23	11
12	1.13586258992729	a7	a15	a23	12
13	1.13614445014388	a7	a14
12	1.13620936996344	a7	a14	a23	13
13	1.13628673274841	a7	a15
13	1.13628889674239	a7	a16
13	1.13631919265819	a7	a17
12	1.13634732458	a7	a15	a23	14
12	1.13638411247775	a7	a16	a23	15
13	1.13664000476651	a7	a14
13	1.13687912610188	a7	a15
13	1.13697650583122	a7	a16
13	1.13710526347334	a6	a10
13	1.1371555763335	a8	a57
12	1.13718046226433	a6	a10	a28	0
12	1.1372735140057	a7	a14	a29	0
13	1.1373178758824	a7	a14
12	1.13733356483879	a7	a14	a29	1
13	1.13737359872752	a7	a14
12	1.13742878057415	a7	a14	a29	2
12	1.13745528950047	a7	a17	a29	3
13	1.1374790934343	a7	a14
12	1.13754455425236	a7	a15	a29	4
12	1.13756240720274	a7	a14	a29	5
13	1.13757755516063	a7	a17
13	1.13762354003282	a7	a14
13	1.13763003201478	a7	a15
12	1.13764626196967	a7	a16	a29	6
12	1.13767818088095	a7	a17	a29	7
12	1.13771821476968	a7	a14	a29	8
13	1.13773769071555	a7	a16
13	1.13773985470953	a7	a17
12	1.13776852762984	a7	a15	a29	9
13	1.13779124956668	a7	a14
12	1.13782479147345	a7	a17	a29	10
12	1.13784534941631	a7	a14	a29	11
13	1.13788051431857	a7	a15
12	1.13788159631557	a7	a16	a29	12
13	1.13790810524189	a7	a17
13	1.13794218814715	a7	a16
13	1.13794435214114	a7	a14
12	1.13796707407799	a7	a15	a29	13
12	1.13801900993363	a7	a17	a29	14
13	1.13804660085694	a7	a15
12	1.13805958482086	a7	a16	a29	15
13	1.13807689677274	a7	a17
13	1.138112061675	a7	a16
13	1.13829275517277	a6	a10
13	1.13832521508255	a8	a56
12	1.13858489436079	a8	a56	a42	0
12	1.13865738815929	a6	a10	a30	0
12	1.13881698271571	a7	a14	a31	0
13	1.13890029648414	a7	a14
12	1.13891598544053	a7	a14	a31	1
13	1.138993889224	a7	a14
12	1.13901120117589	a7	a14	a31	2
12	1.13908639996688	a7	a17	a31	3
13	1.13910641691124	a7	a14
12	1.13914969679095	a7	a14	a31	4
12	1.1392303055669	a7	a15	a31	5
12	1.13924112553682	a7	a16	a31	6
13	1.13924328953081	a7	a17
13	1.13926060148269	a7	a14
12	1.1393179473233	a7	a17	a31	7
12	1.13934283325413	a7	a14	a31	8
13	1.13935040723308	a7	a15
13	1.13935311222556	a7	a16
13	1.13940450708271	a7	a17
13	1.13943101600903	a7	a14
12	1.13944508196994	a7	a16	a31	9
12	1.13949377183461	a7	a15	a31	10
12	1.13951973976243	a7	a17	a31	11
12	1.13953164172935	a7	a14	a31	12
13	1.13954083870379	a7	a16
13	1.13960413552786	a7	a15
12	1.13961495549778	a7	a16	a31	13
13	1.13962361147372	a7	a17
13	1.13962793946169	a7	a14
12	1.13969285928125	a7	a15	a31	14
13	1.1396998922617	a7	a16
12	1.13971341722411	a7	a17	a31	15
13	1.13979294400307	a7	a15
13	1.13979889498653	a7	a17
13	1.13996065353693	a6	a10
13	1.14007534521815	a8	a56
12	1.14010888712492	a8	a56	a45	0
12	1.14012295308583	a6	a10	a32	0
12	1.14024089075803	a7	a16	a33	0
12	1.1402744326648	a7	a14	a33	1
13	1.14029066261969	a7	a16
13	1.14029228561518	a7	a14
12	1.14030851557007	a7	a14	a33	2
13	1.14032528652345	a7	a14
12	1.14036640240917	a7	a16	a33	3
13	1.14038155036707	a7	a16
12	1.14039669832497	a7	a14	a33	4
13	1.14041455127535	a7	a14
12	1.14048379908288	a7	a16	a33	5
13	1.14050002903777	a7	a16
12	1.14055142389492	a7	a17	a33	6
12	1.14056332586184	a7	a15	a33	7
13	1.14059308077913	a7	a17
12	1.14059470377462	a7	a14	a33	8
13	1.14060011375958	a7	a15
12	1.14061417972049	a7	a16	a33	9
13	1.14062013070395	a7	a14
13	1.14063906565132	a7	a16
12	1.1406574596002	a7	a17	a33	10
13	1.1406861325205	a7	a17
12	1.14071155944983	a7	a15	a33	11
12	1.14072616640923	a7	a16	a33	12
13	1.1407304943972	a7	a15
13	1.14075105234006	a7	a16
12	1.14076403630397	a7	a14	a33	13
12	1.14081056217465	a7	a17	a33	14
13	1.14081056217465	a7	a14
12	1.1408192181506	a7	a16	a33	15
13	1.14083544810548	a7	a16
13	1.14083653010248	a7	a17
13	1.1410837664153	a6	a10
13	1.14112380030402	a8	a56
12	1.14151386021987	a8	a56	a50	0
12	1.14436113530602	a6	a10	a34	0
12	1.14445526904438	a7	a14	a35	0
12	1.14465543848801	a7	a16	a35	1
12	1.14468627540231	a7	a17	a35	2
12	1.14483504998879	a7	a15	a35	3
13	1.15653901145822	a7	a14
13	1.16355630295402	a7	a16
13	1.16405726756161	a7	a15
13	1.16445922944438	a7	a17
13	1.16479573050909	a6	a10
12	1.16483360040383	a6	a10	a36	0
12	1.16498345698731	a7	a14	a37	0
12	1.16527397317984	a7	a15	a37	1
12	1.16533077802195	a7	a17	a37	2
12	1.16542491176031	a7	a16	a37	3
13	1.16714636897561	a7	a14
13	1.16735519439519	a7	a16
13	1.16805524644943	a7	a17
13	1.16865034479538	a7	a15
13	1.16877693844352	a6	a10
12	1.17072777902126	a6	a10	a38	0
12	1.17082407675361	a7	a14	a39	0
12	1.17091063651302	a7	a16	a39	1
12	1.17096419536415	a7	a15	a39	2
12	1.17114759385441	a7	a17	a39	3
13	1.17240541535836	a7	a14
13	1.17265589766215	a7	a16
13	1.17274083442608	a7	a15
13	1.17292423291633	a7	a17
13	1.1730464985765	a6	a10
12	1.17310059842613	a6	a10	a40	0
12	1.17316173125621	a7	a14	a41	0
12	1.17336027770436	a7	a16	a41	1
12	1.17340301658557	a7	a15	a41	2
12	1.17353988920514	a7	a17	a41	3
13	1.17363294094651	a7	a14
13	1.17469167500381	a7	a16
13	1.17472629890758	a7	a15
13	1.17474469285645	a7	a17
13	1.17494756729257	a6	a10
12	1.17516072070012	a8	a57	a49	0
13	1.18232137679744	a8	a57
12	1.18240577256287	a8	a57	a54	0
12	1.18413588575411	a8	a58	a53	0
13	1.19443757912107	a8	a58
12	1.19445867806243	a8	a58	a52	0
13	1.19915887299847	a8	a58
12	1.19918646392178	a8	a58	a51	0
13	1.20186332448158	a8	a58
13	1.20450393814213	a8	a57
13	1.2045520870083	a8	a56
13	1.20466569669253	a8	a55
12	1.20471168156472	a8	a55	a50	0
12	1.20949897725867	a6	a10	a34	0
12	1.20957471704816	a7	a14	a35	0
12	1.20975811553841	a7	a17	a35	1
12	1.20985170827828	a7	a15	a35	2
12	1.20994205502716	a7	a16	a35	3
13	1.22263117475839	a7	a14
13	1.22862002811268	a7	a16
13	1.2294115089128	a7	a17
13	1.23000119727379	a7	a15
13	1.23012779092193	a6	a10
12	1.23021543267833	a6	a10	a36	0
12	1.23036096127384	a7	a14	a37	0
12	1.23053408079267	a7	a17	a37	1
12	1.23066500242878	a7	a15	a37	2
12	1.23075102118969	a7	a16	a37	3
13	1.23235562272978	a7	a14
13	1.23280356948474	a7	a16
13	1.2331914654066	a7	a15
13	1.23393263334656	a7	a17
13	1.23404191504282	a6	a10
12	1.23779644460729	a6	a10	a38	0
12	1.23787921737723	a7	a14	a39	0
12	1.23799661405093	a7	a17	a39	1
12	1.23811130573215	a7	a15	a39	2
12	1.23824439136225	a7	a16	a39	3
13	1.2387366999939	a7	a14
13	1.23907049606613	a7	a15
13	1.23935668427068	a7	a17
13	1.23950221286619	a7	a16
13	1.23963962648426	a6	a10
12	1.23967966037299	a6	a10	a40	0
12	1.23979705704669	a7	a14	a41	0
12	1.23997829154296	a7	a17	a41	1
12	1.24015465705276	a7	a15	a41	2
12	1.24021037989788	a7	a16	a41	3
13	1.24026015175954	a7	a14
13	1.24102945162131	a7	a17
13	1.24120473513412	a7	a16
13	1.24137893664994	a7	a15
13	1.24152933423191	a6	a10
12	1.24174356963646	a8	a56	a49	0
13	1.24913252709922	a8	a56
12	1.2491806759654	a8	a56	a54	0
12	1.25093838007995	a8	a57	a53	0
13	1.26121356452059	a8	a57
12	1.26123033547398	a8	a57	a52	0
13	1.26565894916487	a8	a57
12	1.26568924508066	a8	a57	a51	0
13	1.26831308778782	a8	a57
13	1.27094071748446	a8	a56
13	1.27101321128297	a8	a55
