%EventDef PajeDefineContainerType 0 
%       Alias string 
%       Type string 
%       Name string 
%EndEventDef 
%EventDef PajeDefineVariableType 1 
%       Alias string 
%       Type string 
%       Name string 
%       Color color 
%EndEventDef 
%EventDef PajeDefineStateType 2 
%       Alias string 
%       Type string 
%       Name string 
%EndEventDef 
%EventDef PajeDefineEventType 3 
%       Alias string 
%       Type string 
%       Name string 
%       Color color 
%EndEventDef 
%EventDef PajeDefineLinkType 4 
%       Alias string 
%       Type string 
%       StartContainerType string 
%       EndContainerType string 
%       Name string 
%EndEventDef 
%EventDef PajeDefineEntityValue 5 
%       Alias string 
%       Type string 
%       Name string 
%       Color color 
%EndEventDef 
%EventDef PajeCreateContainer 6 
%       Time date 
%       Alias string 
%       Type string 
%       Container string 
%       Name string 
%EndEventDef 
%EventDef PajeDestroyContainer 7 
%       Time date 
%       Type string 
%       Name string 
%EndEventDef 
%EventDef PajeSetVariable 8 
%       Time date 
%       Type string 
%       Container string 
%       Value double 
%EndEventDef
%EventDef PajeAddVariable 9 
%       Time date 
%       Type string 
%       Container string 
%       Value double 
%EndEventDef
%EventDef PajeSubVariable 10 
%       Time date 
%       Type string 
%       Container string 
%       Value double 
%EndEventDef
%EventDef PajeSetState 11 
%       Time date 
%       Type string 
%       Container string 
%       Value string 
%EndEventDef
%EventDef PajePushState 12 
%       Time date 
%       Type string 
%       Container string 
%       Value string 
%       Id string 
%EndEventDef
%EventDef PajePopState 13 
%       Time date 
%       Type string 
%       Container string 
%EndEventDef
%EventDef PajeResetState 14 
%       Time date 
%       Type string 
%       Container string 
%EndEventDef
%EventDef PajeStartLink 15 
%       Time date 
%       Type string 
%       Container string 
%       Value string 
%       StartContainer string 
%       Key string 
%EndEventDef
%EventDef PajeEndLink 16 
%       Time date 
%       Type string 
%       Container string 
%       Value string 
%       EndContainer string 
%       Key string 
%EndEventDef
%EventDef PajeNewEvent 17 
%       Time date 
%       Type string 
%       Container string 
%       Value string 
%EndEventDef
0	a1	0	"Task Manager"
0	a2	a1	"Node"
0	a3	a1	"Thread"
0	a4	a1	"Jobs"
0	a5	a1	"Memory usage"
2	a6	a4	"Job"
2	a7	a3	"Task"
2	a8	a3	"Timer state"
6	0	a9	a1	0	"The task manager"
6	0	a10	a4	a9	"Jobs"
6	0	a11	a5	a9	"Memory"
1	a12	a1	"Memory [MB]"	"1.0 1.0 1.0"
6	0	a13	a2	a9	"Node 0"
6	0	a14	a3	a13	"Thread 0"
6	0	a15	a3	a13	"Thread 1"
6	0	a16	a3	a13	"Thread 2"
6	0	a17	a3	a13	"Thread 3"
5	a18	a6	"ngcore::ParallelFor<int,ngcore::EnterTaskManager()::{lambda(int)#1}>(ngcore::T_Range<int>,ngcore::EnterTaskManager()::{lambda(int)#1},int,ngcore::TotalCosts)::{lambda(ngcore::TaskInfo&)#1}"	"0.630615054310908 1 0"
5	a19	a7	"ngcore::ParallelFor<int,ngcore::EnterTaskManager()::{lambda(int)#1}>(ngcore::T_Range<int>,ngcore::EnterTaskManager()::{lambda(int)#1},int,ngcore::TotalCosts)::{lambda(ngcore::TaskInfo&)#1}"	"0.630615054310908 1 0"
5	a20	a6	"ngcore::ParallelForRange<netgen::ElementIndex,netgen::MeshOptimize3d::SwapImprove(netgen::Mesh&,netgen::OPTIMIZEGOAL,netgen::NgBitArray const*)::{lambda(auto:1)#1}>(ngcore::T_Range<netgen::ElementIndex>,netgen::MeshOptimize3d::SwapImprove(netgen::Mesh&,netgen::OPTIMIZEGOAL,netgen::NgBitArray const*)::{lambda(auto:1)#1},int,ngcore::TotalCosts)::{lambda(ngcore::TaskInfo&)#1}"	"0.708022642579866 0 1"
5	a21	a7	"ngcore::ParallelForRange<netgen::ElementIndex,netgen::MeshOptimize3d::SwapImprove(netgen::Mesh&,netgen::OPTIMIZEGOAL,netgen::NgBitArray const*)::{lambda(auto:1)#1}>(ngcore::T_Range<netgen::ElementIndex>,netgen::MeshOptimize3d::SwapImprove(netgen::Mesh&,netgen::OPTIMIZEGOAL,netgen::NgBitArray const*)::{lambda(auto:1)#1},int,ngcore::TotalCosts)::{lambda(ngcore::TaskInfo&)#1}"	"0.708022642579866 0 1"
5	a22	a6	"ngcore::ParallelForRange<netgen::ElementIndex,ngcore::CreateTable<netgen::ElementIndex,netgen::PointIndex,ngcore::T_Range<netgen::ElementIndex>,netgen::Mesh::CreatePoint2ElementTable(std::optional<ngcore::BitArray>)const::{lambda(auto:1&,netgen::ElementIndex)#1}>(ngcore::T_Range<netgen::ElementIndex>const&,netgen::Mesh::CreatePoint2ElementTable(std::optional<ngcore::BitArray>)const::{lambda(auto:1&,netgen::ElementIndex)#1}const&,std::optional<unsigned long>)::{lambda(auto:1)#1}>(ngcore::T_Range<netgen::ElementIndex>,ngcore::Table,int,ngcore::TotalCosts)::{lambda(ngcore::TaskInfo&)#1}"	"0 0.230008221284954 1"
5	a23	a7	"ngcore::ParallelForRange<netgen::ElementIndex,ngcore::CreateTable<netgen::ElementIndex,netgen::PointIndex,ngcore::T_Range<netgen::ElementIndex>,netgen::Mesh::CreatePoint2ElementTable(std::optional<ngcore::BitArray>)const::{lambda(auto:1&,netgen::ElementIndex)#1}>(ngcore::T_Range<netgen::ElementIndex>const&,netgen::Mesh::CreatePoint2ElementTable(std::optional<ngcore::BitArray>)const::{lambda(auto:1&,netgen::ElementIndex)#1}const&,std::optional<unsigned long>)::{lambda(auto:1)#1}>(ngcore::T_Range<netgen::ElementIndex>,ngcore::Table,int,ngcore::TotalCosts)::{lambda(ngcore::TaskInfo&)#1}"	"0 0.230008221284954 1"
5	a24	a6	"ngcore::TablePrefixSum2<unsigned int>(ngcore::FlatArray<unsigned int,unsigned long>)::{lambda(ngcore::TaskInfo)#1}"	"0 0.312895337658212 1"
5	a25	a7	"ngcore::TablePrefixSum2<unsigned int>(ngcore::FlatArray<unsigned int,unsigned long>)::{lambda(ngcore::TaskInfo)#1}"	"0 0.312895337658212 1"
5	a26	a6	"ngcore::TablePrefixSum2<unsigned int>(ngcore::FlatArray<unsigned int,unsigned long>)::{lambda(ngcore::TaskInfo)#2}"	"0 1 0.887517304832004"
5	a27	a7	"ngcore::TablePrefixSum2<unsigned int>(ngcore::FlatArray<unsigned int,unsigned long>)::{lambda(ngcore::TaskInfo)#2}"	"0 1 0.887517304832004"
5	a28	a6	"ngcore::ParallelForRange<netgen::PointIndex,ngcore::CreateSortedTable<netgen::ElementIndex,netgen::PointIndex,ngcore::T_Range<netgen::ElementIndex>,netgen::Mesh::CreatePoint2ElementTable(std::optional<ngcore::BitArray>)const::{lambda(auto:1&,netgen::ElementIndex)#1}>(ngcore::T_Range<netgen::ElementIndex>const&,netgen::Mesh::CreatePoint2ElementTable(std::optional<ngcore::BitArray>)const::{lambda(auto:1&,netgen::ElementIndex)#1}const&,std::optional<unsigned long>)::{lambda(auto:1)#1}>(ngcore::T_Range<netgen::PointIndex>,ngcore::Table,int,ngcore::TotalCosts)::{lambda(ngcore::TaskInfo&)#1}"	"0 0.170427812303051 1"
5	a29	a7	"ngcore::ParallelForRange<netgen::PointIndex,ngcore::CreateSortedTable<netgen::ElementIndex,netgen::PointIndex,ngcore::T_Range<netgen::ElementIndex>,netgen::Mesh::CreatePoint2ElementTable(std::optional<ngcore::BitArray>)const::{lambda(auto:1&,netgen::ElementIndex)#1}>(ngcore::T_Range<netgen::ElementIndex>const&,netgen::Mesh::CreatePoint2ElementTable(std::optional<ngcore::BitArray>)const::{lambda(auto:1&,netgen::ElementIndex)#1}const&,std::optional<unsigned long>)::{lambda(auto:1)#1}>(ngcore::T_Range<netgen::PointIndex>,ngcore::Table,int,ngcore::TotalCosts)::{lambda(ngcore::TaskInfo&)#1}"	"0 0.170427812303051 1"
5	a30	a6	"ngcore::ParallelFor<unsigned long,netgen::BuildEdgeList<netgen::ElementIndex>(netgen::Mesh const&,ngcore::Table<netgen::ElementIndex,netgen::PointIndex>const&,ngcore::Array<std::tuple<netgen::PointIndex,netgen::PointIndex>,unsigned long>&)::{lambda(int)#1}>(ngcore::T_Range<unsigned long>,netgen::BuildEdgeList<netgen::ElementIndex>(netgen::Mesh const&,ngcore::Table<netgen::ElementIndex,netgen::PointIndex>const&,ngcore::Array<std::tuple<netgen::PointIndex,netgen::PointIndex>,unsigned long>&)::{lambda(int)#1},int,ngcore::TotalCosts)::{lambda(ngcore::TaskInfo&)#1}"	"1 0.872005992306398 0"
5	a31	a7	"ngcore::ParallelFor<unsigned long,netgen::BuildEdgeList<netgen::ElementIndex>(netgen::Mesh const&,ngcore::Table<netgen::ElementIndex,netgen::PointIndex>const&,ngcore::Array<std::tuple<netgen::PointIndex,netgen::PointIndex>,unsigned long>&)::{lambda(int)#1}>(ngcore::T_Range<unsigned long>,netgen::BuildEdgeList<netgen::ElementIndex>(netgen::Mesh const&,ngcore::Table<netgen::ElementIndex,netgen::PointIndex>const&,ngcore::Array<std::tuple<netgen::PointIndex,netgen::PointIndex>,unsigned long>&)::{lambda(int)#1},int,ngcore::TotalCosts)::{lambda(ngcore::TaskInfo&)#1}"	"1 0.872005992306398 0"
5	a32	a6	"ngcore::ParallelForRange<unsigned long,netgen::MeshOptimize3d::SwapImprove(netgen::Mesh&,netgen::OPTIMIZEGOAL,netgen::NgBitArray const*)::{lambda(auto:1)#2}>(ngcore::T_Range<unsigned long>,netgen::MeshOptimize3d::SwapImprove(netgen::Mesh&,netgen::OPTIMIZEGOAL,netgen::NgBitArray const*)::{lambda(auto:1)#2},int,ngcore::TotalCosts)::{lambda(ngcore::TaskInfo&)#1}"	"1 0.408375991137786 0"
5	a33	a7	"ngcore::ParallelForRange<unsigned long,netgen::MeshOptimize3d::SwapImprove(netgen::Mesh&,netgen::OPTIMIZEGOAL,netgen::NgBitArray const*)::{lambda(auto:1)#2}>(ngcore::T_Range<unsigned long>,netgen::MeshOptimize3d::SwapImprove(netgen::Mesh&,netgen::OPTIMIZEGOAL,netgen::NgBitArray const*)::{lambda(auto:1)#2},int,ngcore::TotalCosts)::{lambda(ngcore::TaskInfo&)#1}"	"1 0.408375991137786 0"
5	a34	a6	"ngcore::ParallelForRange<netgen::ElementIndex,netgen::Mesh::Compress()::{lambda(auto:1)#1}>(ngcore::T_Range<netgen::ElementIndex>,netgen::Mesh::Compress()::{lambda(auto:1)#1},int,ngcore::TotalCosts)::{lambda(ngcore::TaskInfo&)#1}"	"1 0.0611641584106637 0"
5	a35	a7	"ngcore::ParallelForRange<netgen::ElementIndex,netgen::Mesh::Compress()::{lambda(auto:1)#1}>(ngcore::T_Range<netgen::ElementIndex>,netgen::Mesh::Compress()::{lambda(auto:1)#1},int,ngcore::TotalCosts)::{lambda(ngcore::TaskInfo&)#1}"	"1 0.0611641584106637 0"
5	a36	a6	"ngcore::ParallelForRange<netgen::SurfaceElementIndex,netgen::Mesh::Compress()::{lambda(auto:1)#2}>(ngcore::T_Range<netgen::SurfaceElementIndex>,netgen::Mesh::Compress()::{lambda(auto:1)#2},int,ngcore::TotalCosts)::{lambda(ngcore::TaskInfo&)#1}"	"1 0 -2.77631980257023"
5	a37	a7	"ngcore::ParallelForRange<netgen::SurfaceElementIndex,netgen::Mesh::Compress()::{lambda(auto:1)#2}>(ngcore::T_Range<netgen::SurfaceElementIndex>,netgen::Mesh::Compress()::{lambda(auto:1)#2},int,ngcore::TotalCosts)::{lambda(ngcore::TaskInfo&)#1}"	"1 0 -2.77631980257023"
5	a38	a6	"ngcore::ParallelForRange<netgen::ElementIndex,netgen::Mesh::Compress()::{lambda(auto:1)#3}>(ngcore::T_Range<netgen::ElementIndex>,netgen::Mesh::Compress()::{lambda(auto:1)#3},int,ngcore::TotalCosts)::{lambda(ngcore::TaskInfo&)#1}"	"0.688034037288286 1 0"
5	a39	a7	"ngcore::ParallelForRange<netgen::ElementIndex,netgen::Mesh::Compress()::{lambda(auto:1)#3}>(ngcore::T_Range<netgen::ElementIndex>,netgen::Mesh::Compress()::{lambda(auto:1)#3},int,ngcore::TotalCosts)::{lambda(ngcore::TaskInfo&)#1}"	"0.688034037288286 1 0"
5	a40	a6	"ngcore::ParallelForRange<netgen::SurfaceElementIndex,netgen::Mesh::Compress()::{lambda(auto:1)#4}>(ngcore::T_Range<netgen::SurfaceElementIndex>,netgen::Mesh::Compress()::{lambda(auto:1)#4},int,ngcore::TotalCosts)::{lambda(ngcore::TaskInfo&)#1}"	"0 0.666479625428673 1"
5	a41	a7	"ngcore::ParallelForRange<netgen::SurfaceElementIndex,netgen::Mesh::Compress()::{lambda(auto:1)#4}>(ngcore::T_Range<netgen::SurfaceElementIndex>,netgen::Mesh::Compress()::{lambda(auto:1)#4},int,ngcore::TotalCosts)::{lambda(ngcore::TaskInfo&)#1}"	"0 0.666479625428673 1"
5	a42	a8	"Build edges"	"0 0.0614795051658243 1"
5	a43	a8	"CreateTable"	"0.608616351291681 0 1"
5	a44	a8	"CreateSortedTable"	"0 0.0381698166109086 1"
5	a45	a8	"MeshOptimize3d::SwapImprove loop"	"0.154668690207104 1 0"
5	a46	a8	"MeshOptimize3d::SwapImprove"	"1 0 -2.43968480148811"
5	a47	a8	"FreeOpenElementsEnvironment"	"0.907015785320433 0 1"
5	a48	a8	"Mesh::BuildBoundaryEdges"	"1 0 -2.61861416630415"
5	a49	a8	"Mesh::LinkSurfaceElements"	"0 1 0.171518596860468"
5	a50	a8	"Mesh::Compress"	"1 0.648677515017027 0"
5	a51	a8	"Mesh::CalcSurfacesOfNode, pointloop"	"0 0.319536079261344 1"
5	a52	a8	"Mesh::CalcSurfacesOfNode - surfelementht"	"0.690162641156969 0 1"
5	a53	a8	"Mesh::CalcSurfacesOfNode - surf on node"	"0.000515674241007069 1 0"
5	a54	a8	"Mesh::CalcSurfacesOfNode"	"1 0 -2.35340285344361"
6	0	a55	a3	a9	"Timer level 0"
6	0	a56	a3	a9	"Timer level 1"
6	0	a57	a3	a9	"Timer level 2"
6	0	a58	a3	a9	"Timer level 3"
4	a59	a2	a3	a3	"links"
8	0	a12	a11	0
12	0.138616257723112	a6	a10	a18	0
12	0.13870335848102	a7	a14	a19	0
13	0.138805607196825	a7	a14
12	0.138825083142692	a7	a14	a19	1
13	0.138837526108108	a7	a14
12	0.138855379058486	a7	a14	a19	2
13	0.138860789043449	a7	a14
12	0.138878641993828	a7	a14	a19	3
13	0.138884051978791	a7	a14
13	0.139467789356323	a6	a10
12	0.141391039010747	a8	a55	a47	0
13	0.168375503008792	a8	a55
12	0.185063683624837	a8	a55	a46	0
12	0.185369888773755	a8	a56	a48	0
13	0.185421824629402	a8	a56
12	0.186927423444667	a6	a10	a20	0
12	0.187027508166486	a7	a14	a21	0
12	0.187559039189122	a7	a15	a21	1
12	0.187598532079354	a7	a16	a21	3
12	0.187613139038755	a7	a17	a21	2
13	0.188389201381729	a7	a14
13	0.190263490672236	a7	a15
13	0.190705486443731	a7	a17
13	0.191224304001704	a7	a16
13	0.191349545153603	a6	a10
12	0.192311440480063	a8	a56	a44	0
12	0.192338490404879	a8	a57	a43	0
12	0.192704205388393	a6	a10	a22	0
12	0.192775076191411	a7	a14	a23	0
12	0.193277393295246	a7	a16	a23	1
12	0.19330173822758	a7	a17	a23	2
12	0.193326624158411	a7	a15	a23	3
13	0.193953911914897	a7	a14
12	0.194023159722426	a7	a14	a23	4
13	0.194886863821804	a7	a17
13	0.194917700736094	a7	a16
12	0.194956652627829	a7	a17	a23	5
12	0.194980456561668	a7	a16	a23	6
13	0.194992358528587	a7	a15
12	0.195070803310553	a7	a15	a23	7
13	0.195265833268477	a7	a14
12	0.195331294086532	a7	a14	a23	8
13	0.196197703178392	a7	a17
13	0.196211769139296	a7	a16
13	0.196214474131778	a7	a15
12	0.196259918005469	a7	a17	a23	9
12	0.196305902877657	a7	a16	a23	10
12	0.196327001819013	a7	a15	a23	11
13	0.196582082610029	a7	a14
12	0.196645920432595	a7	a14	a23	12
13	0.197350570974054	a7	a17
12	0.19741008080865	a7	a17	a23	13
13	0.197577249344013	a7	a16
12	0.197659481115454	a7	a16	a23	14
13	0.197702219996664	a7	a15
12	0.197772549801185	a7	a15	a23	15
13	0.197809608198184	a7	a14
13	0.198474224850915	a7	a17
13	0.198743642102083	a7	a16
13	0.199201326829972	a7	a15
13	0.199336305954804	a6	a10
12	0.199690118971399	a6	a10	a24	0
12	0.199747464812009	a7	a14	a25	0
13	0.19982969658345	a7	a14
12	0.19989001791579	a7	a16	a25	1
12	0.199910846357898	a7	a14	a25	2
12	0.19998415165415	a7	a15	a25	3
13	0.199984422153398	a7	a14
13	0.200216240009072	a7	a16
13	0.200288192809083	a7	a15
13	0.200423712932411	a6	a10
12	0.200520010664757	a6	a10	a26	0
12	0.200574110514389	a7	a14	a27	0
13	0.20067257224072	a7	a14
12	0.200689343194106	a7	a14	a27	1
13	0.200773197961035	a7	a14
12	0.200788075419684	a7	a16	a27	2
12	0.200822428824201	a7	a14	a27	3
13	0.200930628523465	a7	a14
13	0.200973637903923	a7	a16
13	0.201211947741553	a6	a10
12	0.201505168926559	a6	a10	a22	0
12	0.201598761666423	a7	a14	a23	0
12	0.201676394950645	a7	a17	a23	1
12	0.202053470902581	a7	a15	a23	2
12	0.202087012809353	a7	a16	a23	3
13	0.202662364710192	a7	a14
12	0.202737022502684	a7	a14	a23	4
13	0.202851443684656	a7	a17
12	0.202914740508726	a7	a17	a23	5
13	0.20324799558246	a7	a16
12	0.203316161392997	a7	a16	a23	6
13	0.203325358367434	a7	a15
12	0.203402721152409	a7	a15	a23	7
13	0.203768165636674	a7	a14
12	0.203830380463751	a7	a14	a23	8
13	0.203941014656249	a7	a17
12	0.204000524490844	a7	a17	a23	9
13	0.204338107552549	a7	a16
12	0.204404109369101	a7	a16	a23	10
13	0.204496620111972	a7	a15
12	0.204568572911982	a7	a15	a23	11
13	0.204853408620296	a7	a14
12	0.204917787441358	a7	a14	a23	12
13	0.205028962632352	a7	a17
12	0.205092259456422	a7	a17	a23	13
13	0.205431465513616	a7	a16
12	0.205511533291072	a7	a16	a23	14
13	0.205662471871546	a7	a15
12	0.205734965670053	a7	a15	a23	15
13	0.205946766581363	a7	a14
13	0.206115828611463	a7	a17
13	0.206543217423558	a7	a16
13	0.206832110620594	a7	a15
13	0.206951400789033	a6	a10
13	0.207110454346951	a8	a57
12	0.207141832259738	a6	a10	a28	0
12	0.207196473107867	a7	a14	a29	0
13	0.207396101553009	a7	a14
12	0.207453988392116	a7	a14	a29	1
12	0.207494292780092	a7	a15	a29	2
13	0.207535138166564	a7	a14
12	0.207626566912443	a7	a14	a29	3
13	0.207705011694409	a7	a14
12	0.207712856172606	a7	a16	a29	4
12	0.207734496112459	a7	a17	a29	5
12	0.207755324554567	a7	a14	a29	6
13	0.207815645886907	a7	a15
13	0.207851081288416	a7	a14
12	0.207889221682407	a7	a15	a29	7
13	0.207918976599705	a7	a16
12	0.207969559959111	a7	a14	a29	8
13	0.207987142410241	a7	a15
12	0.208000126374153	a7	a16	a29	9
13	0.208000667372649	a7	a17
13	0.208044217751603	a7	a14
12	0.20807262017266	a7	a17	a29	10
13	0.208110490067403	a7	a16
12	0.208126179023796	a7	a15	a29	11
12	0.20816377841929	a7	a14	a29	12
13	0.208165671914027	a7	a17
12	0.208187852852377	a7	a16	a29	13
12	0.208237083715542	a7	a17	a29	14
13	0.208251149676446	a7	a15
13	0.208261158148628	a7	a14
13	0.208329594458413	a7	a16
13	0.208335004443376	a7	a17
12	0.208350152401273	a7	a15	a29	15
13	0.208450237123093	a7	a15
13	0.208575478274991	a6	a10
13	0.208602528199807	a8	a56
12	0.209685066190948	a8	a56	a42	0
12	0.209893350612032	a6	a10	a30	0
12	0.209965844410539	a7	a14	a31	0
13	0.210325067412097	a7	a14
12	0.210372404780525	a7	a16	a31	1
12	0.210391339727896	a7	a17	a31	2
12	0.210430021120383	a7	a14	a31	3
12	0.210454636551966	a7	a15	a31	4
13	0.210600976645221	a7	a14
12	0.210671847448239	a7	a14	a31	5
13	0.210776530657277	a7	a17
13	0.210802498585101	a7	a16
13	0.210818458040742	a7	a14
12	0.210834417496384	a7	a17	a31	6
12	0.210873098888871	a7	a14	a31	7
12	0.210902042308424	a7	a16	a31	8
13	0.210946404185123	a7	a15
12	0.21101294700017	a7	a15	a31	9
13	0.211025389965586	a7	a17
13	0.211055956380628	a7	a14
13	0.211072456834766	a7	a16
12	0.211128720678383	a7	a17	a31	10
12	0.211148196624251	a7	a16	a31	11
13	0.211161721586659	a7	a15
12	0.211171189060344	a7	a14	a31	12
12	0.211262347306975	a7	a15	a31	13
13	0.211271544281412	a7	a17
13	0.211319693147585	a7	a16
12	0.211331054116007	a7	a17	a31	14
13	0.211375686491954	a7	a14
12	0.211400301923537	a7	a16	a31	15
13	0.211450614783695	a7	a15
13	0.211470090729562	a7	a17
13	0.211565306464915	a7	a16
13	0.211696498600273	a6	a10
13	0.212046524627393	a8	a56
12	0.212180151255985	a8	a56	a45	0
12	0.212289432952242	a6	a10	a32	0
12	0.212355434768793	a7	a14	a33	0
12	0.21250447985453	a7	a15	a33	1
12	0.212612138555298	a7	a17	a33	2
12	0.212634319493647	a7	a16	a33	3
13	0.212835300435031	a7	a14
13	0.212879932810977	a7	a17
13	0.21288101480797	a7	a15
13	0.212883719800452	a7	a16
12	0.21291049922602	a7	a14	a33	4
13	0.212927811177902	a7	a14
12	0.212971902555352	a7	a17	a33	5
13	0.212996247487687	a7	a17
12	0.21300165747265	a7	a15	a33	6
12	0.213018969424532	a7	a16	a33	7
13	0.213044937352356	a7	a16
13	0.213045478350852	a7	a15
12	0.213055486823034	a7	a14	a33	8
12	0.213076315265142	a7	a17	a33	9
13	0.213092004221536	a7	a17
13	0.213111209668155	a7	a14
12	0.213127710122293	a7	a17	a33	10
13	0.213144481075679	a7	a17
12	0.21315313705162	a7	a15	a33	11
13	0.213170449003502	a7	a15
12	0.213199662922304	a7	a16	a33	12
13	0.213238614814039	a7	a16
12	0.213245106795995	a7	a17	a33	13
13	0.213266205737351	a7	a17
12	0.213271886221563	a7	a14	a33	14
12	0.21330028864262	a7	a15	a33	15
13	0.213302723135853	a7	a14
13	0.213319223589991	a7	a15
13	0.213553746438146	a6	a10
13	0.213680881084782	a8	a56
12	0.21462113647139	a8	a56	a50	0
12	0.223053680033561	a6	a10	a34	0
12	0.223122386842594	a7	a14	a35	0
12	0.223456994412569	a7	a16	a35	1
12	0.223507848271223	a7	a17	a35	2
12	0.223597654021612	a7	a15	a35	3
13	0.292372358365795	a7	a14
13	0.295014324522583	a7	a16
13	0.296046008655069	a7	a17
13	0.296355459794966	a7	a15
13	0.296481782943857	a6	a10
12	0.296611081584478	a6	a10	a36	0
12	0.29666518143411	a7	a14	a37	0
12	0.296758503674726	a7	a17	a37	1
12	0.296958673118365	a7	a16	a37	2
12	0.297082561774022	a7	a15	a37	3
13	0.302678650219977	a7	a16
13	0.303821780042706	a7	a15
13	0.304070909850262	a7	a14
13	0.305423135591819	a7	a17
13	0.305551081736199	a6	a10
12	0.312647359012455	a6	a10	a38	0
12	0.312762591692171	a7	a14	a39	0
12	0.31299224555386	a7	a16	a39	1
12	0.313147512122304	a7	a15	a39	2
12	0.313227038901264	a7	a17	a39	3
13	0.317027823837174	a7	a14
13	0.318111714324555	a7	a16
13	0.318130649271926	a7	a17
13	0.318392492544146	a7	a15
13	0.318525848673489	a6	a10
12	0.31859347348553	a6	a10	a40	0
12	0.318643786345688	a7	a14	a41	0
12	0.318810684381803	a7	a16	a41	1
12	0.318850718270531	a7	a17	a41	2
12	0.319033575762288	a7	a15	a41	3
13	0.320039021467702	a7	a14
13	0.321778061134129	a7	a15
13	0.322040986403342	a7	a17
13	0.322339617573311	a7	a16
13	0.322509761600405	a6	a10
12	0.32301343120048	a8	a57	a49	0
13	0.33871537155773	a8	a57
12	0.338869015130686	a8	a57	a54	0
12	0.343590309008088	a8	a58	a53	0
13	0.396222429719766	a8	a58
12	0.39626895559045	a8	a58	a52	0
13	0.40848037364943	a8	a58
12	0.408535555496055	a8	a58	a51	0
13	0.415148721115095	a8	a58
13	0.420643642842238	a8	a57
13	0.420945520003185	a8	a56
13	0.421173821368633	a8	a55
12	0.421761886734135	a8	a55	a46	0
12	0.421804625615345	a8	a56	a48	0
13	0.495163480718111	a8	a56
12	0.495495112796357	a6	a10	a20	0
12	0.495626575430963	a7	a14	a21	0
12	0.495808621424975	a7	a17	a21	1
12	0.495865426267089	a7	a16	a21	2
12	0.496355029906261	a7	a15	a21	3
13	0.496790263196552	a7	a14
13	0.497321794219188	a7	a16
13	0.498255016625343	a7	a17
13	0.499340259608965	a7	a15
13	0.499469828748835	a6	a10
12	0.499683523154882	a8	a56	a44	0
12	0.499706786090224	a8	a57	a43	0
12	0.500081157049678	a6	a10	a22	0
12	0.500189897747439	a7	a14	a23	0
12	0.500483389431694	a7	a16	a23	1
12	0.500572654183587	a7	a17	a23	2
12	0.500680312884355	a7	a15	a23	3
13	0.501331404574679	a7	a14
12	0.501396865392734	a7	a14	a23	4
13	0.501802884764223	a7	a17
13	0.501819114719113	a7	a16
12	0.501867804583782	a7	a17	a23	5
12	0.501888362526642	a7	a16	a23	6
13	0.502565422144789	a7	a14
12	0.502634128953822	a7	a14	a23	7
13	0.502788043026026	a7	a15
12	0.502864864812503	a7	a15	a23	8
13	0.502917341666646	a7	a16
13	0.502955752559885	a7	a17
12	0.502999573438087	a7	a17	a23	9
12	0.503012557401999	a7	a16	a23	10
13	0.503762110818653	a7	a14
12	0.503836768611146	a7	a14	a23	11
13	0.504071832457798	a7	a16
13	0.50414216226232	a7	a17
12	0.504152982232246	a7	a16	a23	12
12	0.504208164078871	a7	a17	a23	13
13	0.504927692078979	a7	a15
12	0.504995857889516	a7	a15	a23	14
13	0.505003702367712	a7	a14
12	0.50505996621133	a7	a14	a23	15
13	0.505213339285037	a7	a17
13	0.505249586184291	a7	a16
13	0.506128438241566	a7	a14
13	0.506580442485243	a7	a15
13	0.506705683637141	a6	a10
12	0.506864196196564	a6	a10	a24	0
12	0.506928575017626	a7	a14	a25	0
13	0.507001068816133	a7	a14
12	0.507016757772526	a7	a14	a25	1
13	0.507077890602611	a7	a14
12	0.507093038560508	a7	a14	a25	2
13	0.507138482434199	a7	a14
12	0.507154171390592	a7	a14	a25	3
13	0.50720015626278	a7	a14
13	0.507525837357566	a6	a10
12	0.507582642199679	a6	a10	a26	0
12	0.507657840990668	a7	a14	a27	0
13	0.507729252792183	a7	a14
12	0.507744941748576	a7	a14	a27	1
13	0.507820681538061	a7	a14
12	0.50786342041927	a7	a14	a27	2
12	0.507904806804239	a7	a16	a27	3
13	0.507935373219281	a7	a14
13	0.508074680332084	a7	a16
13	0.508209659456916	a6	a10
12	0.508402795920103	a6	a10	a22	0
12	0.508461223757706	a7	a14	a23	0
12	0.50866220469909	a7	a17	a23	1
12	0.508696287604358	a7	a16	a23	2
12	0.508830455231446	a7	a15	a23	3
13	0.509456119992442	a7	a14
12	0.509516170825534	a7	a14	a23	4
13	0.509742037697749	a7	a17
12	0.509805875520315	a7	a17	a23	5
13	0.509844286413553	a7	a16
12	0.509907583237623	a7	a16	a23	6
13	0.510396645878298	a7	a15
12	0.510475631658761	a7	a15	a23	7
13	0.510529461009145	a7	a14
12	0.510587347848252	a7	a14	a23	8
13	0.510804017746029	a7	a17
12	0.510877593541528	a7	a17	a23	9
13	0.510910594449804	a7	a16
12	0.510987416236282	a7	a16	a23	10
13	0.511695312768719	a7	a14
12	0.5117569865973	a7	a14	a23	11
13	0.511877899761228	a7	a17
12	0.511933622606349	a7	a17	a23	12
13	0.512000165421397	a7	a16
12	0.512073741216896	a7	a16	a23	13
13	0.512196006877065	a7	a15
12	0.512272287665047	a7	a15	a23	14
13	0.512760538807977	a7	a14
12	0.512817343650091	a7	a14	a23	15
13	0.512960437752368	a7	a17
13	0.513158443202022	a7	a16
13	0.513820354862272	a7	a14
13	0.513915300098376	a7	a15
13	0.514041623247268	a6	a10
13	0.514162265911947	a8	a57
12	0.514187692841275	a6	a10	a28	0
12	0.514268842615723	a7	a14	a29	0
13	0.51437217332852	a7	a14
12	0.514424650182664	a7	a14	a29	1
12	0.514456839593195	a7	a17	a29	2
13	0.514517701924031	a7	a14
12	0.514551243830803	a7	a14	a29	3
12	0.514618057145099	a7	a16	a29	4
13	0.514622926131566	a7	a17
13	0.514628606615777	a7	a14
12	0.514677837478942	a7	a14	a29	5
12	0.514701370913532	a7	a17	a29	6
13	0.514743027797749	a7	a16
13	0.514771971217302	a7	a14
13	0.514802537632345	a7	a17
12	0.514819308585731	a7	a16	a29	7
12	0.514828776059416	a7	a14	a29	8
12	0.51488855639326	a7	a17	a29	9
13	0.51490181085642	a7	a14
13	0.514921016303039	a7	a16
13	0.514964837181241	a7	a17
12	0.514980796636883	a7	a14	a29	11
12	0.515027052008318	a7	a16	a29	12
12	0.5150443639602	a7	a17	a29	13
13	0.515113882266978	a7	a14
12	0.515134710709086	a7	a15	a29	10
13	0.515159596639917	a7	a16
13	0.515162842630895	a7	a17
12	0.515205852011353	a7	a14	a29	14
12	0.51522830344895	a7	a17	a29	15
13	0.515287542784297	a7	a14
13	0.515323519184303	a7	a17
13	0.515373832044461	a7	a15
13	0.515505565178315	a6	a10
13	0.515535320095613	a8	a56
12	0.515846935229494	a8	a56	a42	0
12	0.515929167000935	a6	a10	a30	0
12	0.515984889846056	a7	a14	a31	0
13	0.516139074417508	a7	a14
12	0.516158820862624	a7	a16	a31	1
12	0.516193715265637	a7	a14	a31	2
12	0.516231314661131	a7	a15	a31	3
13	0.51635655581303	a7	a14
13	0.516432566101763	a7	a16
12	0.516441492576952	a7	a14	a31	4
12	0.516503436904781	a7	a17	a31	5
12	0.516533191822079	a7	a16	a31	6
13	0.516574037208551	a7	a14
13	0.516603521626601	a7	a15
12	0.51666384295894	a7	a14	a31	7
13	0.516678179419093	a7	a16
13	0.516679802414582	a7	a17
12	0.516694409373983	a7	a15	a31	8
12	0.516775559148431	a7	a17	a31	9
12	0.516802609073247	a7	a16	a31	10
13	0.516831011494304	a7	a14
12	0.516893767319877	a7	a14	a31	11
13	0.516910267774015	a7	a15
13	0.51692271073943	a7	a17
13	0.516953547653721	a7	a16
12	0.516982220574026	a7	a17	a31	12
12	0.51700223751839	a7	a15	a31	13
13	0.517029557942454	a7	a14
12	0.517047140393584	a7	a16	a31	14
12	0.517114494706377	a7	a14	a31	15
13	0.517117470198106	a7	a17
13	0.517194291984584	a7	a16
13	0.517253531319931	a7	a14
13	0.517261916796624	a7	a15
13	0.540466694800116	a6	a10
13	0.5407631619761	a8	a56
12	0.540822130812199	a8	a56	a45	0
12	0.540860000706942	a6	a10	a32	0
12	0.540913018559581	a7	a14	a33	0
13	0.540929248514471	a7	a14
12	0.540952511449813	a7	a14	a33	1
13	0.540975774385155	a7	a14
12	0.540997414325008	a7	a14	a33	2
13	0.541015267275386	a7	a14
12	0.541089384069382	a7	a14	a33	3
13	0.541105614024272	a7	a14
12	0.541121573479914	a7	a16	a33	4
12	0.541157008881423	a7	a14	a33	5
13	0.541173779834809	a7	a14
13	0.541178919320524	a7	a16
12	0.541242216144593	a7	a16	a33	6
13	0.541258446099483	a7	a16
12	0.541336620382202	a7	a14	a33	7
12	0.541363399807769	a7	a16	a33	8
13	0.541366375299499	a7	a14
13	0.541381252758148	a7	a16
12	0.541470247010793	a7	a14	a33	9
12	0.541496485437865	a7	a16	a33	10
13	0.541500542926587	a7	a14
13	0.54151487938674	a7	a16
12	0.541605226135625	a7	a16	a33	11
13	0.541626866075478	a7	a16
12	0.541627136574726	a7	a14	a33	12
13	0.541655268496535	a7	a14
12	0.541723163807824	a7	a16	a33	13
13	0.54174426274918	a7	a16
12	0.541772124171741	a7	a14	a33	14
12	0.541792952613849	a7	a16	a33	15
13	0.541802420087535	a7	a14
13	0.541809182568739	a7	a16
13	0.542078329320659	a6	a10
13	0.542132970168787	a8	a56
12	0.542673427666613	a8	a56	a50	0
12	0.550024515234636	a6	a10	a34	0
12	0.550123517959463	a7	a14	a35	0
12	0.550425124621163	a7	a16	a35	1
12	0.55045650253395	a7	a17	a35	2
12	0.550625835063298	a7	a15	a35	3
13	0.607011673841707	a7	a14
13	0.611801404028894	a7	a16
13	0.612405158350789	a7	a15
13	0.612636705707215	a7	a17
13	0.612817669704235	a6	a10
12	0.612879884531312	a6	a10	a36	0
12	0.612945345349367	a7	a14	a37	0
12	0.61312144035992	a7	a16	a37	1
12	0.613416284540415	a7	a17	a37	2
12	0.61364945489233	a7	a15	a37	3
13	0.617060991410136	a7	a17
13	0.618794350592352	a7	a15
13	0.619900963016579	a7	a14
13	0.620337278303862	a7	a16
13	0.620458732466287	a6	a10
12	0.625881701393418	a6	a10	a38	0
12	0.626011541032536	a7	a14	a39	0
12	0.626235243910765	a7	a16	a39	1
12	0.626424052385981	a7	a17	a39	2
12	0.626550646034121	a7	a15	a39	3
13	0.629627033983456	a7	a14
13	0.630489115087345	a7	a17
13	0.630595150792624	a7	a16
13	0.632300919051527	a7	a15
13	0.632428324197411	a6	a10
12	0.632486211036517	a6	a10	a40	0
12	0.632567901809462	a7	a14	a41	0
12	0.632858147502739	a7	a17	a41	1
12	0.63302856202908	a7	a16	a41	2
12	0.633294192290774	a7	a15	a41	3
13	0.633947447975083	a7	a14
13	0.635679454661058	a7	a17
13	0.63588070610169	a7	a16
13	0.636878307328908	a7	a15
13	0.637008958465769	a6	a10
12	0.637410920348537	a8	a57	a49	0
13	0.652599994131273	a8	a57
12	0.652696291863618	a8	a57	a54	0
12	0.656276078913781	a8	a58	a53	0
13	0.67781322905236	a8	a58
12	0.677857590929058	a8	a58	a52	0
13	0.705163408033919	a8	a58
12	0.705218589880543	a8	a58	a51	0
13	0.711759802699573	a8	a58
13	0.717114064817672	a8	a57
13	0.717220100522951	a8	a56
13	0.717395925034255	a8	a55
12	0.717910414604258	a8	a55	a46	0
12	0.717931513545614	a8	a56	a48	0
13	0.790273291475296	a8	a56
12	0.790493477863299	a6	a10	a20	0
12	0.790570840648273	a7	a14	a21	0
12	0.790671736867837	a7	a16	a21	1
12	0.790857840350572	a7	a15	a21	2
12	0.791009860928038	a7	a17	a21	3
13	0.791452397698029	a7	a16
13	0.791669067595806	a7	a14
13	0.792225484549274	a7	a17
13	0.793297202570488	a7	a15
13	0.793427312708853	a6	a10
12	0.79362044917204	a8	a56	a44	0
12	0.793638302122418	a8	a57	a43	0
12	0.793947212263818	a6	a10	a22	0
12	0.794008886092399	a7	a14	a23	0
12	0.794105454323993	a7	a17	a23	1
12	0.794254769908977	a7	a16	a23	2
12	0.794467923316528	a7	a15	a23	3
13	0.795065997154212	a7	a14
12	0.795128752979786	a7	a14	a23	4
13	0.795404932712158	a7	a17
12	0.795467147539235	a7	a17	a23	5
13	0.795546674318194	a7	a16
12	0.795614840128731	a7	a16	a23	6
13	0.79579877961748	a7	a15
12	0.795901569331782	a7	a15	a23	7
13	0.796620556333394	a7	a16
13	0.796621908829634	a7	a14
12	0.796701165109346	a7	a16	a23	8
12	0.796747961479277	a7	a14	a23	9
13	0.797202670715436	a7	a17
12	0.797276787509432	a7	a17	a23	10
13	0.797610042583166	a7	a15
12	0.797676044399718	a7	a15	a23	11
13	0.797841048941096	a7	a16
13	0.797853221407263	a7	a14
12	0.797930313692989	a7	a16	a23	12
12	0.797954929124572	a7	a14	a23	13
13	0.798334439569742	a7	a17
12	0.798391244411855	a7	a17	a23	14
13	0.798767238366799	a7	a15
12	0.798847847142751	a7	a15	a23	15
13	0.799055861064587	a7	a14
13	0.799136740339787	a7	a16
13	0.799411567575919	a7	a17
13	0.799992599960969	a7	a15
13	0.800115677118882	a6	a10
12	0.800315846562521	a6	a10	a24	0
12	0.800389963356517	a7	a14	a25	0
13	0.800465703146002	a7	a14
12	0.800484097094877	a7	a14	a25	1
13	0.800533868956539	a7	a14
12	0.800579853828726	a7	a14	a25	2
13	0.800629084691891	a7	a14
12	0.800645585146029	a7	a16	a25	3
13	0.800784080761088	a7	a16
13	0.800956388782166	a6	a10
12	0.800994799675405	a6	a10	a26	0
12	0.80107053946489	a7	a14	a27	0
13	0.801140869269412	a7	a14
12	0.801161968210769	a7	a14	a27	1
13	0.801234462009276	a7	a14
12	0.801245011479954	a7	a15	a27	2
12	0.801278282887478	a7	a14	a27	3
13	0.80141028652058	a7	a14
13	0.801430032965696	a7	a15
13	0.801601799988278	a6	a10
12	0.801820904379289	a6	a10	a22	0
12	0.801890152186818	a7	a14	a23	0
12	0.802040820268044	a7	a17	a23	1
12	0.80210898607858	a7	a15	a23	2
12	0.802302663540264	a7	a16	a23	3
13	0.802920754322311	a7	a14
12	0.802987838135855	a7	a14	a23	4
13	0.803136883221592	a7	a17
12	0.803200721044158	a7	a17	a23	5
13	0.803267263859206	a7	a15
12	0.803331642680268	a7	a15	a23	6
13	0.803405759474264	a7	a16
12	0.803477712274275	a7	a16	a23	7
13	0.803991931345029	a7	a14
12	0.804086065083389	a7	a14	a23	8
13	0.804234569170629	a7	a17
12	0.804291374012743	a7	a17	a23	9
13	0.804498576436835	a7	a16
12	0.80457431622632	a7	a16	a23	10
13	0.804666826969191	a7	a15
12	0.804738238770705	a7	a15	a23	11
13	0.805135602166254	a7	a14
12	0.805194571002353	a7	a14	a23	12
13	0.805314943167784	a7	a17
12	0.805372830006891	a7	a17	a23	13
13	0.805659559209942	a7	a16
12	0.805733676003938	a7	a16	a23	14
13	0.805736380996419	a7	a15
12	0.805821858758838	a7	a15	a23	15
13	0.806233288115291	a7	a14
13	0.806407219131859	a7	a17
13	0.806831361952975	a7	a15
13	0.80699095650939	a7	a16
13	0.807114033667303	a6	a10
13	0.807229807345516	a8	a57
12	0.807256316271836	a6	a10	a28	0
12	0.807321236091395	a7	a14	a29	0
13	0.80740130386885	a7	a14
12	0.807455674217731	a7	a17	a29	1
12	0.807490027622247	a7	a14	a29	2
12	0.807528709014734	a7	a15	a29	3
13	0.807577669378651	a7	a14
13	0.807617432768131	a7	a17
12	0.807627170741065	a7	a16	a29	4
12	0.807668557126033	a7	a14	a29	5
13	0.807691549562127	a7	a15
12	0.807694795553105	a7	a17	a29	6
12	0.807760797369656	a7	a15	a29	7
13	0.80776458435913	a7	a16
13	0.807771346840334	a7	a14
13	0.807783519306502	a7	a17
12	0.807846816130571	a7	a17	a29	8
13	0.807848980124557	a7	a15
12	0.807866833074935	a7	a16	a29	9
12	0.807882792530577	a7	a14	a29	10
13	0.807940408870435	a7	a17
12	0.807945818855398	a7	a15	a29	11
13	0.807962048810288	a7	a16
13	0.807986664241871	a7	a14
12	0.807999377706534	a7	a17	a29	12
12	0.808054018554663	a7	a16	a29	13
13	0.808059428539626	a7	a15
12	0.808071060007297	a7	a14	a29	14
13	0.808092429447902	a7	a17
12	0.808144906302045	a7	a17	a29	15
13	0.808145176801293	a7	a14
13	0.808151939282497	a7	a16
13	0.80824715501785	a7	a17
13	0.808386462130653	a6	a10
13	0.808403774082535	a8	a56
12	0.808729996175817	a8	a56	a42	0
12	0.808791129005901	a6	a10	a30	0
12	0.808852802834482	a7	a14	a31	0
12	0.808941797087127	a7	a17	a31	1
13	0.809010774395408	a7	a14
12	0.809047021294662	a7	a14	a31	2
12	0.809147376515729	a7	a16	a31	3
13	0.809165770464604	a7	a17
13	0.809190385896187	a7	a14
12	0.809231231282659	a7	a17	a31	4
12	0.809259633703716	a7	a14	a31	5
12	0.80930318408267	a7	a15	a31	6
13	0.809332398001472	a7	a16
13	0.809371890891703	a7	a17
13	0.809394883327797	a7	a14
12	0.809413006777424	a7	a16	a31	7
12	0.809433564720284	a7	a17	a31	8
12	0.809460344145852	a7	a14	a31	9
13	0.809523370470673	a7	a15
13	0.809567191348875	a7	a17
13	0.809602356251136	a7	a16
12	0.80961804520753	a7	a15	a31	10
13	0.809632381667682	a7	a14
12	0.809664571078213	a7	a17	a31	11
12	0.809698112984985	a7	a16	a31	12
12	0.809727597403035	a7	a14	a31	13
13	0.809772770777478	a7	a15
13	0.809822542639139	a7	a17
13	0.809844723577488	a7	a16
12	0.80986798651283	a7	a15	a31	14
13	0.809890437950428	a7	a14
12	0.809902069418099	a7	a17	a31	15
13	0.810008646121874	a7	a15
13	0.810052467000076	a7	a17
13	0.810221529030177	a6	a10
13	0.810387615568548	a8	a56
12	0.810434682437728	a8	a56	a45	0
12	0.810448748398632	a6	a10	a32	0
12	0.810511504224205	a7	a14	a33	0
13	0.810527193180599	a7	a14
12	0.810581293030231	a7	a14	a33	1
13	0.810597522985121	a7	a14
12	0.810648106344527	a7	a15	a33	2
12	0.810655409824227	a7	a14	a33	3
13	0.810672180777613	a7	a14
13	0.810718977147545	a7	a15
12	0.810732502109953	a7	a17	a33	4
12	0.810766855514469	a7	a14	a33	5
13	0.810772535998681	a7	a17
12	0.810790388949059	a7	a15	a33	6
13	0.810810405893423	a7	a15
13	0.810819873367109	a7	a14
12	0.810868833731026	a7	a17	a33	7
13	0.810883981688923	a7	a17
12	0.810895883655842	a7	a15	a33	8
12	0.81091238410998	a7	a14	a33	9
13	0.810934565048329	a7	a14
13	0.810951065502467	a7	a15
12	0.810971623445327	a7	a17	a33	10
13	0.810997591373151	a7	a17
12	0.811053314218272	a7	a15	a33	11
13	0.811080905141584	a7	a15
12	0.811094700603241	a7	a14	a33	12
12	0.811119857033319	a7	a16	a33	13
13	0.811120127532568	a7	a14
12	0.811173956882952	a7	a17	a33	14
13	0.811185317851374	a7	a16
13	0.811191268834834	a7	a17
12	0.811229138729577	a7	a15	a33	15
13	0.811255647655896	a7	a15
13	0.811447431622842	a6	a10
13	0.811488547508563	a8	a56
12	0.811951101222918	a8	a56	a50	0
12	0.818871012989373	a6	a10	a34	0
12	0.818956490751792	a7	a14	a35	0
12	0.819043862008948	a7	a17	a35	1
12	0.819074698923238	a7	a16	a35	2
12	0.819312197263124	a7	a15	a35	3
13	0.865869175360354	a7	a14
13	0.866451560241645	a7	a16
13	0.866856227116894	a7	a15
13	0.867177580223709	a7	a17
13	0.867490547853831	a6	a10
12	0.86754518870196	a6	a10	a36	0
12	0.867600911547081	a7	a14	a37	0
12	0.867832188404258	a7	a16	a37	1
12	0.867921453156152	a7	a15	a37	2
12	0.868044800813313	a7	a17	a37	3
13	0.873625470802123	a7	a14
13	0.873756121938984	a7	a15
13	0.873779925872822	a7	a17
13	0.874916022715099	a7	a16
13	0.875027738904589	a6	a10
12	0.880185077570027	a6	a10	a38	0
12	0.880254325377556	a7	a14	a39	0
12	0.880450437332473	a7	a17	a39	1
12	0.880483438240748	a7	a16	a39	2
12	0.880526718120454	a7	a15	a39	3
13	0.900326181088847	a7	a16
13	0.900473873678343	a7	a17
13	0.90083607217163	a7	a14
13	0.901496901834888	a7	a15
13	0.90165838988604	a6	a10
12	0.901744949645451	a6	a10	a40	0
12	0.90183042740787	a7	a14	a41	0
12	0.902061704265048	a7	a17	a41	1
12	0.902245102755301	a7	a15	a41	2
12	0.902278103663577	a7	a16	a41	3
13	0.90324243348327	a7	a14
13	0.905402369979836	a7	a17
13	0.905548980572339	a7	a15
13	0.905785937913728	a7	a16
13	0.905957704936311	a6	a10
12	0.906637740046187	a8	a57	a49	0
13	0.925931369420519	a8	a57
12	0.926390677143896	a8	a57	a54	0
12	0.934373650955624	a8	a58	a53	0
13	0.956537277352943	a8	a58
12	0.956591377202576	a8	a58	a52	0
13	0.967903655760669	a8	a58
12	0.967940984656915	a8	a58	a51	0
13	0.97456659324137	a8	a58
13	0.980010120111362	a8	a57
13	0.980253569434707	a8	a56
13	0.980485116791133	a8	a55
12	0.981936615756765	a8	a55	a46	0
12	0.98199179760339	a8	a56	a48	0
13	1.03700972168385	a8	a56
12	1.0374138475606	a6	a10	a20	0
12	1.03747714438467	a7	a14	a21	0
12	1.03757804060423	a7	a17	a21	1
12	1.0377603570975	a7	a16	a21	2
12	1.03792860762985	a7	a15	a21	3
13	1.038201270872	a7	a17
13	1.03834950445999	a7	a16
13	1.03858889629461	a7	a14
13	1.03860756074274	a7	a15
13	1.03875552383148	a6	a10
12	1.03910987784657	a8	a56	a44	0
12	1.03913584577439	a8	a57	a43	0
12	1.03948911779249	a6	a10	a22	0
12	1.03960002248424	a7	a14	a23	0
12	1.03985618527225	a7	a15	a23	1
12	1.03988107120308	a7	a16	a23	2
12	1.04006338769634	a7	a17	a23	3
13	1.04071231539268	a7	a14
12	1.04077831720923	a7	a14	a23	4
13	1.04120273052959	a7	a15
13	1.04123843643035	a7	a16
12	1.04130984823186	a7	a15	a23	5
12	1.04133257016871	a7	a16	a23	6
13	1.04145483582888	a7	a17
12	1.04155005156423	a7	a17	a23	7
13	1.04231583493577	a7	a14
12	1.0423850827433	a7	a14	a23	8
13	1.04258498168769	a7	a17
12	1.04264665551628	a7	a17	a23	9
13	1.04296909062008	a7	a15
12	1.04306214236145	a7	a15	a23	10
13	1.04315627609981	a7	a16
12	1.04325690182013	a7	a16	a23	11
13	1.04401673420821	a7	a14
12	1.04409031000371	a7	a14	a23	12
13	1.04429994692104	a7	a16
12	1.04436973572706	a7	a16	a23	13
13	1.04451255933009	a7	a17
12	1.04459695509552	a7	a17	a23	14
13	1.04483174844292	a7	a15
12	1.04490586523692	a7	a15	a23	15
13	1.04593592637391	a7	a15
13	1.04596757478595	a7	a14
13	1.04597758325813	a7	a16
13	1.04647584287324	a7	a17
13	1.04660162502364	a6	a10
12	1.04687645225977	a6	a10	a24	0
12	1.04693488009737	a7	a14	a25	0
13	1.04701332487934	a7	a14
12	1.04708176118912	a7	a15	a25	1
12	1.0471215245786	a7	a14	a25	2
12	1.04716832094853	a7	a16	a25	3
13	1.04717724742372	a7	a14
13	1.04722783078313	a7	a15
13	1.04728950461171	a7	a16
13	1.04743422170948	a6	a10
12	1.04751320748994	a6	a10	a26	0
12	1.04756622534258	a7	a14	a27	0
13	1.04766522806741	a7	a14
12	1.04772095091253	a7	a14	a27	1
12	1.04775314032306	a7	a17	a27	2
13	1.04780101868998	a7	a14
12	1.04783672459074	a7	a14	a27	3
13	1.04791246438023	a7	a14
13	1.0479230138509	a7	a17
13	1.04814617573064	a6	a10
12	1.04844047891264	a6	a10	a22	0
12	1.04850161174272	a7	a14	a23	0
12	1.04871178965854	a7	a17	a23	1
12	1.0487328885999	a7	a15	a23	2
12	1.04888977816383	a7	a16	a23	3
13	1.04954519784213	a7	a14
12	1.04962147863011	a7	a14	a23	4
13	1.04984247651585	a7	a17
12	1.04990469134293	a7	a17	a23	5
13	1.04990685533692	a7	a15
12	1.04999071010385	a7	a15	a23	6
13	1.05004372795649	a7	a16
12	1.05011351676251	a7	a16	a23	7
13	1.05064829377613	a7	a14
12	1.05071754158366	a7	a14	a23	8
13	1.05094232645888	a7	a17
12	1.05100670527994	a7	a17	a23	9
13	1.05108190407093	a7	a15
12	1.05114249590252	a7	a15	a23	10
13	1.05147629197475	a7	a16
12	1.05155419575822	a7	a16	a23	11
13	1.05174489772817	a7	a14
12	1.05181685052818	a7	a14	a23	12
13	1.05204325839889	a7	a17
12	1.05211737519289	a7	a17	a23	13
13	1.05218121301545	a7	a15
12	1.05224450983952	a7	a15	a23	14
13	1.05257992890724	a7	a16
12	1.0526605376832	a7	a16	a23	15
13	1.05284961665766	a7	a14
13	1.05320153617952	a7	a17
13	1.05329458792089	a7	a15
13	1.05400600094355	a7	a16
13	1.05413989807139	a6	a10
13	1.05424593377667	a8	a57
12	1.05427785268795	a6	a10	a28	0
12	1.05440120034511	a7	a14	a29	0
13	1.05452238400829	a7	a14
12	1.05454510594513	a7	a14	a29	1
13	1.05463112470605	a7	a14
12	1.05467034709703	a7	a16	a29	2
12	1.05469874951809	a7	a14	a29	3
12	1.05473039793012	a7	a17	a29	4
13	1.05477665330156	a7	a14
12	1.05482372017074	a7	a14	a29	5
13	1.05483102365044	a7	a16
13	1.05486456555721	a7	a17
12	1.05489377947601	a7	a15	a29	6
13	1.05490649294068	a7	a14
12	1.05493002637527	a7	a16	a29	7
12	1.05499115920535	a7	a17	a29	8
12	1.05501090565047	a7	a14	a29	9
13	1.05502091412265	a7	a16
13	1.05503281608957	a7	a15
13	1.05508150595424	a7	a17
13	1.05512830232417	a7	a14
12	1.05513939279334	a7	a16	a29	10
12	1.05515724574372	a7	a15	a29	11
12	1.05517726268809	a7	a17	a29	12
12	1.05521432108508	a7	a14	a29	13
13	1.0552346085287	a7	a16
13	1.05526057645652	a7	a17
13	1.0552627404505	a7	a15
12	1.0553076433257	a7	a16	a29	14
13	1.05534253772871	a7	a14
12	1.05534930020992	a7	a17	a29	15
13	1.0553958260806	a7	a16
13	1.05544667993925	a7	a17
13	1.05559139703702	a6	a10
13	1.05561411897387	a8	a56
12	1.05622815226719	a8	a56	a42	0
12	1.05633148297999	a6	a10	a30	0
12	1.05638774682361	a7	a14	a31	0
12	1.05654761187927	a7	a16	a31	1
13	1.05657871929281	a7	a14
12	1.05659413774995	a7	a17	a31	2
12	1.05668745999057	a7	a14	a31	3
12	1.05675102731389	a7	a15	a31	4
13	1.05680458616502	a7	a16
13	1.05680566816201	a7	a17
13	1.05685030053796	a7	a14
12	1.05687058798157	a7	a17	a31	5
12	1.05688789993346	a7	a16	a31	6
12	1.05693631929888	a7	a14	a31	7
13	1.05694199978309	a7	a15
13	1.05700800159964	a7	a17
12	1.05706101945228	a7	a15	a31	8
13	1.05706156045078	a7	a16
12	1.05707183942221	a7	a17	a31	9
13	1.05711376680567	a7	a14
12	1.05714703821319	a7	a16	a31	10
12	1.05719329358463	a7	a14	a31	11
13	1.05720005606583	a7	a15
13	1.05722926998463	a7	a17
12	1.05728228783727	a7	a17	a31	12
12	1.05731582974405	a7	a15	a31	13
13	1.05731637074254	a7	a16
13	1.057359380123	a7	a14
12	1.05739806151549	a7	a16	a31	14
13	1.05742078345233	a7	a17
12	1.05743674290797	a7	a14	a31	15
13	1.05746244033655	a7	a15
13	1.05757172203281	a7	a16
13	1.05760607543732	a7	a14
13	1.057726718102	a6	a10
13	1.05803238225242	a8	a56
12	1.05810000706447	a8	a56	a45	0
12	1.05814328694417	a6	a10	a32	0
12	1.05820063278478	a7	a14	a33	0
13	1.05823850267952	a7	a14
12	1.0582568966284	a7	a14	a33	1
13	1.05827420858028	a7	a14
12	1.05828989753667	a7	a14	a33	2
13	1.05830666849006	a7	a14
12	1.05832343944345	a7	a14	a33	3
13	1.05833966939834	a7	a14
12	1.05835644035172	a7	a14	a33	4
13	1.05837267030661	a7	a14
12	1.05838944126	a7	a14	a33	5
13	1.05840621221338	a7	a14
12	1.05842406516376	a7	a14	a33	6
13	1.05844029511865	a7	a14
12	1.05845652507354	a7	a14	a33	7
13	1.05847221402993	a7	a14
12	1.0585068379337	a7	a14	a33	8
13	1.05852414988558	a7	a14
12	1.05856688876679	a7	a14	a33	9
13	1.05858420071867	a7	a14
12	1.05864127606004	a7	a17	a33	10
12	1.05866670298936	a7	a15	a33	11
12	1.05868239194576	a7	a16	a33	12
13	1.05869429391267	a7	a17
12	1.05869456441192	a7	a14	a33	13
13	1.05870835987358	a7	a15
13	1.05871187636381	a7	a14
13	1.05872729482095	a7	a16
12	1.05877219769615	a7	a17	a33	14
13	1.05878788665254	a7	a17
12	1.05883333052623	a7	a17	a33	15
13	1.05884956048112	a7	a17
13	1.05908191933529	a6	a10
13	1.05916252811124	a8	a56
12	1.05973760951283	a8	a56	a50	0
12	1.06728183354404	a6	a10	a34	0
12	1.06735432734255	a7	a14	a35	0
12	1.06748389648242	a7	a16	a35	1
12	1.06752230737566	a7	a15	a35	2
12	1.06763645805838	a7	a17	a35	3
13	1.10993929447978	a7	a17
13	1.11094744517768	a7	a14
13	1.11178734534322	a7	a16
13	1.11342440679309	a7	a15
13	1.11360266579763	a6	a10
12	1.1136654216232	a6	a10	a36	0
12	1.11372060346983	a7	a14	a37	0
12	1.1139237484052	a7	a17	a37	1
12	1.11417044371952	a7	a16	a37	2
12	1.1149386615843	a7	a15	a37	3
13	1.11777457570202	a7	a15
13	1.11811675725094	a7	a14
13	1.11932237239999	a7	a17
13	1.12005434336552	a7	a16
13	1.1202115034287	a6	a10
12	1.13654316603567	a6	a10	a38	0
12	1.13661782382816	a7	a14	a39	0
12	1.13697677633047	a7	a17	a39	1
12	1.1370308761801	a7	a16	a39	2
12	1.13784886590654	a7	a15	a39	3
13	1.14127257489051	a7	a14
13	1.14206919517635	a7	a16
13	1.14212654101696	a7	a17
13	1.14389019611497	a7	a15
13	1.14400732228942	a6	a10
12	1.14415988386538	a6	a10	a40	0
12	1.14422534468344	a7	a14	a41	0
12	1.14445986753159	a7	a16	a41	1
12	1.14454264030153	a7	a17	a41	2
12	1.14532276013323	a7	a15	a41	3
13	1.14587755409121	a7	a14
13	1.14743590025986	a7	a17
13	1.14762579073207	a7	a16
13	1.14869318076531	a7	a15
13	1.14883897986007	a6	a10
12	1.14938863433234	a8	a57	a49	0
13	1.17902723695334	a8	a57
12	1.17914030563907	a8	a57	a54	0
12	1.18283478437045	a8	a58	a53	0
13	1.22004357895049	a8	a58
12	1.22008739982869	a8	a58	a52	0
13	1.23123954283187	a8	a58
12	1.23128444570706	a8	a58	a51	0
13	1.23789003734716	a8	a58
13	1.24325457843668	a8	a57
13	1.2434136319946	a8	a56
13	1.24360893245178	a8	a55
12	1.24490624684596	a8	a55	a46	0
12	1.24496954367003	a8	a56	a48	0
13	1.29844886802694	a8	a56
12	1.29874100721496	a6	a10	a20	0
12	1.29881079602098	a7	a14	a21	0
12	1.29920599542255	a7	a15	a21	2
12	1.2992568492812	a7	a16	a21	3
12	1.29927632522707	a7	a17	a21	1
13	1.30001127168432	a7	a14
13	1.30061367350998	a7	a16
13	1.30061367350998	a7	a17
13	1.30261266295389	a7	a15
13	1.30274818307721	a6	a10
12	1.30309658610885	a8	a56	a44	0
12	1.30311606205471	a8	a57	a43	0
12	1.30347799004875	a6	a10	a22	0
12	1.30354831985328	a7	a14	a23	0
12	1.30373469383526	a7	a17	a23	1
12	1.30396948718266	a7	a16	a23	2
12	1.3040084390744	a7	a15	a23	3
13	1.3046476287978	a7	a14
12	1.30470930262638	a7	a14	a23	4
13	1.30534362336332	a7	a16
12	1.30543397011221	a7	a16	a23	5
13	1.30560276164306	a7	a17
12	1.30567092745359	a7	a17	a23	6
13	1.30582348902956	a7	a15
13	1.30588218736641	a7	a14
12	1.30594737768522	a7	a15	a23	7
12	1.30595359916792	a7	a14	a23	8
13	1.30673344850037	a7	a16
12	1.30679782732143	a7	a16	a23	9
13	1.30708645001922	a7	a14
12	1.30715082884028	a7	a14	a23	10
13	1.30718085425683	a7	a17
12	1.30725334805534	a7	a17	a23	11
13	1.30770399980277	a7	a15
12	1.30777270661181	a7	a15	a23	12
13	1.30791931720431	a7	a16
12	1.30798802401334	a7	a16	a23	13
13	1.30824851478932	a7	a14
12	1.30832154958632	a7	a14	a23	14
13	1.30878545579692	a7	a17
12	1.308846588627	a7	a17	a23	15
13	1.30946278591432	a7	a15
13	1.30958640407072	a7	a14
13	1.31081420015813	a7	a17
13	1.3352348722821	a7	a16
13	1.33540014732273	a6	a10
12	1.33573340239646	a6	a10	a24	0
12	1.33585783205062	a7	a14	a25	0
13	1.3359335718401	a7	a14
12	1.33594980179499	a7	a14	a25	1
13	1.33601580361154	a7	a14
12	1.33603203356643	a7	a14	a25	2
13	1.33607639544313	a7	a14
12	1.33609208439952	a7	a14	a25	3
13	1.33613428228224	a7	a14
13	1.33655734310636	a6	a10
12	1.33662604991539	a6	a10	a26	0
12	1.33668880574097	a7	a14	a27	0
13	1.33678889046279	a7	a14
12	1.33680998940414	a7	a14	a27	1
13	1.33688464719664	a7	a14
12	1.33690141815002	a7	a14	a27	2
13	1.33697174795454	a7	a14
12	1.33698743691094	a7	a14	a27	3
13	1.33705830771396	a7	a14
13	1.33723359122676	a6	a10
12	1.3375376323817	a6	a10	a22	0
12	1.3375966012178	a7	a14	a23	0
12	1.33772562935917	a7	a16	a23	1
12	1.33795122573214	a7	a15	a23	2
12	1.33797016067951	a7	a17	a23	3
13	1.33859798943449	a7	a14
12	1.33865858126608	a7	a14	a23	4
13	1.33888931712476	a7	a16
12	1.33895802393379	a7	a16	a23	5
13	1.33967349444518	a7	a14
12	1.33974111925722	a7	a14	a23	6
13	1.33997997009334	a7	a15
12	1.34005408688734	a7	a15	a23	7
13	1.35635220758754	a7	a17
12	1.35642416038755	a7	a17	a23	8
13	1.35660485388532	a7	a16
12	1.35668438066428	a7	a16	a23	9
13	1.35680745782219	a7	a14
12	1.35687562363273	a7	a14	a23	10
13	1.35779288658324	a7	a16
12	1.3578583474013	a7	a16	a23	11
13	1.35791812773514	a7	a14
12	1.35798358855319	a7	a14	a23	12
13	1.35809963273066	a7	a17
12	1.35815968356375	a7	a17	a23	13
13	1.35879319280294	a7	a15
12	1.35886081761498	a7	a15	a23	14
13	1.35894034439394	a7	a16
12	1.35902311716388	a7	a16	a23	15
13	1.35906774953982	a7	a14
13	1.35935961822859	a7	a17
13	1.3601083601475	a7	a16
13	1.36078569026489	a7	a15
13	1.36097693323334	a6	a10
13	1.36110623187397	a8	a57
12	1.36115438074014	a6	a10	a28	0
12	1.36121605456872	a7	a14	a29	0
13	1.36135022219581	a7	a14
12	1.36136509965446	a7	a17	a29	1
12	1.36138971508604	a7	a14	a29	2
13	1.36146653687252	a7	a14
12	1.36148438982289	a7	a14	a29	3
13	1.36154525215373	a7	a17
13	1.36155580162441	a7	a14
12	1.36159204852366	a7	a14	a29	4
12	1.36161936894773	a7	a17	a29	5
13	1.36166454232217	a7	a14
12	1.36166589481841	a7	a16	a29	6
12	1.36171431418383	a7	a14	a29	7
13	1.36171945366955	a7	a17
12	1.36177625851166	a7	a17	a29	8
13	1.36181926789212	a7	a14
13	1.36182116138685	a7	a16
13	1.36186119527558	a7	a17
12	1.36187985972371	a7	a14	a29	9
12	1.36192232810567	a7	a16	a29	10
12	1.36194396804552	a7	a17	a29	11
13	1.36197778045154	a7	a14
13	1.36201700284252	a7	a17
13	1.36201862583801	a7	a16
12	1.36206947969667	a7	a17	a29	12
12	1.3620932836305	a7	a16	a29	13
12	1.36210707909216	a7	a14	a29	14
13	1.36214143249668	a7	a17
13	1.36218633537187	a7	a16
12	1.36220094233127	a7	a17	a29	15
13	1.362203917823	a7	a14
13	1.36228209210572	a7	a17
13	1.36242139921852	a6	a10
13	1.36245818711627	a8	a56
12	1.36306248243667	a8	a56	a42	0
12	1.36316148516149	a6	a10	a30	0
12	1.36321666700812	a7	a14	a31	0
13	1.36340114749536	a7	a14
12	1.36343766489386	a7	a15	a31	1
12	1.36346336232244	a7	a14	a31	2
12	1.36351665067433	a7	a17	a31	3
12	1.36361781739314	a7	a16	a31	4
13	1.36362944886081	a7	a14
12	1.36368084371796	a7	a14	a31	5
13	1.36370600014804	a7	a15
13	1.36373954205481	a7	a17
12	1.36379093691196	a7	a17	a31	6
12	1.36381582284279	a7	a15	a31	7
13	1.36384476626235	a7	a14
13	1.36384720075558	a7	a16
13	1.36393159652101	a7	a17
12	1.363932678518	a7	a16	a31	8
12	1.36395837594657	a7	a14	a31	9
13	1.36397271240673	a7	a15
12	1.36401599228643	a7	a17	a31	10
12	1.36405764917065	a7	a15	a31	11
13	1.36408578109246	a7	a16
13	1.36412824947442	a7	a14
13	1.36415719289397	a7	a17
12	1.36416584886991	a7	a16	a31	12
13	1.36420047277368	a7	a15
12	1.36422617020225	a7	a14	a31	13
12	1.36426593359173	a7	a17	a31	14
12	1.36429785250302	a7	a15	a31	15
13	1.36431786944738	a7	a16
13	1.36438738775416	a7	a14
13	1.36440172421431	a7	a17
13	1.36446339804289	a7	a15
13	1.36462596809104	a6	a10
13	1.36484344948656	a8	a56
12	1.3648959263407	a8	a56	a45	0
12	1.36494245221138	a6	a10	a32	0
12	1.364998716055	a7	a14	a33	0
13	1.36503820894523	a7	a14
12	1.36505552089712	a7	a14	a33	1
13	1.3650722918505	a7	a14
12	1.36512476870465	a7	a14	a33	2
13	1.36514099865953	a7	a14
12	1.36518481953774	a7	a14	a33	3
13	1.36520104949263	a7	a14
12	1.36522404192872	a7	a15	a33	4
12	1.36525136235278	a7	a14	a33	5
13	1.36526759230767	a7	a14
12	1.36527868277685	a7	a17	a33	6
13	1.36532142165806	a7	a15
13	1.36537822650017	a7	a17
12	1.36540067793777	a7	a14	a33	8
13	1.36541907188664	a7	a14
12	1.36542096538138	a7	a16	a33	7
12	1.3654474743077	a7	a15	a33	9
13	1.36545504828665	a7	a16
12	1.36545829427763	a7	a17	a33	10
13	1.36547398323402	a7	a17
13	1.36549400017838	a7	a15
12	1.36552862408215	a7	a16	a33	11
12	1.36554025554982	a7	a14	a33	12
13	1.36554701803102	a7	a16
12	1.36557514995283	a7	a17	a33	13
13	1.36557920744156	a7	a14
13	1.36559841288818	a7	a17
12	1.365624380816	a7	a15	a33	14
13	1.36567198868367	a7	a15
12	1.36568767764007	a7	a16	a33	15
13	1.36570390759496	a7	a16
13	1.36595628339349	a6	a10
13	1.36603526917396	a8	a56
12	1.36657410367629	a8	a56	a50	0
12	1.37361628110292	a6	a10	a34	0
12	1.3736779549315	a7	a14	a35	0
12	1.37402175947591	a7	a17	a35	1
12	1.37405530138268	a7	a15	a35	2
12	1.37408992528645	a7	a16	a35	3
13	1.41797545280884	a7	a14
13	1.42005532152795	a7	a16
13	1.42167074303797	a7	a15
13	1.42226475938693	a7	a17
13	1.42245437935989	a6	a10
12	1.42254310311328	a6	a10	a36	0
12	1.42261613791029	a7	a14	a37	0
12	1.42277383897197	a7	a15	a37	1
12	1.42291449858101	a7	a16	a37	2
12	1.42356153278261	a7	a17	a37	3
13	1.42568441088218	a7	a16
13	1.42821844783895	a7	a17
13	1.4283945428495	a7	a14
13	1.42979329446174	a7	a15
13	1.42994829053094	a6	a10
12	1.43534853752123	a6	a10	a38	0
12	1.43541562133477	a7	a14	a39	0
12	1.43572371997843	a7	a15	a39	1
12	1.43592659441455	a7	a17	a39	2
12	1.43594444736492	a7	a16	a39	3
13	1.43992538480011	a7	a14
13	1.44099142233711	a7	a17
13	1.44101847226193	a7	a15
13	1.44121160872512	a7	a16
13	1.44134766984694	a6	a10
12	1.44139257272214	a6	a10	a40	0
12	1.44146073853267	a7	a14	a41	0
12	1.44162871856578	a7	a17	a41	1
12	1.44170824534474	a7	a15	a41	2
12	1.4418461999613	a7	a16	a41	3
13	1.4428684166201	a7	a14
13	1.44495748231365	a7	a15
13	1.44509327293623	a7	a17
13	1.44522040758286	a7	a16
13	1.44535917369717	a6	a10
12	1.44575464359798	a8	a57	a49	0
13	1.46168867231015	a8	a57
12	1.46181797095077	a8	a57	a54	0
12	1.46545293984756	a8	a58	a53	0
13	1.49328352549385	a8	a58
12	1.49333870734048	a8	a58	a52	0
13	1.50966063197451	a8	a58
12	1.50972014180911	a8	a58	a51	0
13	1.54969397970384	a8	a58
13	1.55757795079074	a8	a57
13	1.55797071569907	a8	a56
13	1.55826501888107	a8	a55
12	1.56060429637917	a8	a55	a47	0
13	1.60192413853276	a8	a55
12	1.60213512794632	a8	a55	a46	0
12	1.60222547469521	a8	a56	a48	0
13	1.66713663827791	a8	a56
12	1.66767276778776	a6	a10	a20	0
12	1.66775932754717	a7	a14	a21	0
12	1.66782235387199	a7	a15	a21	1
12	1.66812531302993	a7	a16	a21	2
12	1.66819780682844	a7	a17	a21	3
13	1.66889001440449	a7	a14
13	1.66903581349924	a7	a15
13	1.66924626191431	a7	a17
13	1.66942803740908	a7	a16
13	1.66956518052789	a6	a10
12	1.66994117448284	a8	a56	a44	0
12	1.66995902743322	a8	a57	a43	0
12	1.67031770943628	a6	a10	a22	0
12	1.67037992426336	a7	a14	a23	0
12	1.67053870732203	a7	a16	a23	1
12	1.67057441322278	a7	a15	a23	2
12	1.67067666193859	a7	a17	a23	3
13	1.67149329916879	a7	a14
12	1.67155551399586	a7	a14	a23	4
13	1.67178083986958	a7	a15
13	1.67184413669365	a7	a16
12	1.67190472852524	a7	a15	a23	5
12	1.67190797451622	a7	a16	a23	6
13	1.67193069645306	a7	a17
12	1.67199074728615	a7	a17	a23	7
13	1.6726678069043	a7	a14
12	1.67276789162612	a7	a14	a23	8
13	1.67297428255247	a7	a15
12	1.67305976031489	a7	a15	a23	9
13	1.67313874609535	a7	a17
13	1.6731901409525	a7	a16
12	1.67319500993897	a7	a17	a23	10
12	1.67327074972845	a7	a16	a23	11
13	1.67396728529247	a7	a14
12	1.67403328710902	a7	a14	a23	12
13	1.67432948378575	a7	a15
13	1.67433868076019	a7	a16
13	1.6743527467211	a7	a17
12	1.67441820753915	a7	a17	a23	13
12	1.67444525746397	a7	a15	a23	14
12	1.67445337244141	a7	a16	a23	15
13	1.67522240180393	a7	a14
13	1.67546720362352	a7	a17
13	1.67557161633331	a7	a15
13	1.6756608810852	a7	a16
13	1.67579531921154	a6	a10
12	1.67609070439053	a6	a10	a24	0
12	1.67619295310634	a7	a14	a25	0
13	1.67627302088379	a7	a14
12	1.67631873525673	a7	a16	a25	1
12	1.67632712073342	a7	a14	a25	2
13	1.67638663056802	a7	a14
13	1.6764556078763	a7	a16
12	1.67647400182517	a7	a17	a25	3
13	1.67662169441467	a7	a17
13	1.67674368957559	a6	a10
12	1.6768156423756	a6	a10	a26	0
12	1.67687352921471	a7	a14	a27	0
13	1.67697415493502	a7	a14
12	1.67699038488991	a7	a14	a27	1
13	1.67706720667639	a7	a14
12	1.67710047808392	a7	a16	a27	2
12	1.67710940455911	a7	a14	a27	3
13	1.67719001333506	a7	a14
13	1.67726061363883	a7	a16
13	1.67751407143435	a6	a10
12	1.6778018826344	a6	a10	a22	0
12	1.67792631228855	a7	a14	a23	0
12	1.67831123271868	a7	a16	a23	1
12	1.67841835042096	a7	a17	a23	2
12	1.67844377735028	a7	a15	a23	3
13	1.67896719339548	a7	a14
12	1.67903590020451	a7	a14	a23	4
13	1.67938457373539	a7	a16
12	1.67946572350984	a7	a16	a23	5
13	1.67948736344969	a7	a15
13	1.6795008884121	a7	a17
12	1.67955552926023	a7	a15	a23	6
12	1.67957771019857	a7	a17	a23	7
13	1.68004215740767	a7	a14
12	1.68010220824076	a7	a14	a23	8
13	1.68056503245436	a7	a15
13	1.6805888363882	a7	a17
12	1.68063914924836	a7	a17	a23	9
12	1.68065754319723	a7	a15	a23	10
13	1.68066349418069	a7	a16
12	1.68073815197318	a7	a16	a23	11
13	1.6811106294379	a7	a14
12	1.68118041824393	a7	a14	a23	12
13	1.68166650539287	a7	a15
13	1.68166704639137	a7	a17
12	1.68173845819288	a7	a17	a23	13
13	1.68173845819288	a7	a16
12	1.68175685214176	a7	a15	a23	14
12	1.68181960796733	a7	a16	a23	15
13	1.68218775744408	a7	a14
13	1.68274038740807	a7	a17
13	1.6827517483765	a7	a15
13	1.68283073415696	a7	a16
13	1.68298464822916	a6	a10
13	1.68307391298106	a8	a57
12	1.68310907788332	a6	a10	a28	0
12	1.68317183370889	a7	a14	a29	0
13	1.68330546033748	a7	a14
12	1.68332114929387	a7	a14	a29	1
13	1.68339256109539	a7	a14
12	1.68344179195855	a7	a14	a29	2
13	1.68351103976608	a7	a14
12	1.68354106518263	a7	a17	a29	3
12	1.68356486911647	a7	a15	a29	4
12	1.68359543553151	a7	a14	a29	5
12	1.68362059196159	a7	a16	a29	6
13	1.6836852412819	a7	a14
13	1.6837222996789	a7	a17
13	1.68373798863529	a7	a15
13	1.68376395656311	a7	a16
12	1.68381183493004	a7	a14	a29	7
12	1.68384294234358	a7	a17	a29	8
12	1.6838537623135	a7	a16	a29	9
12	1.6838840582293	a7	a15	a29	10
13	1.68394167456916	a7	a14
13	1.68395222403983	a7	a16
13	1.68395330603683	a7	a17
12	1.68400767638571	a7	a14	a29	11
13	1.68401768485789	a7	a15
12	1.68404094779323	a7	a17	a29	12
12	1.68405176776316	a7	a16	a29	13
12	1.68411344159174	a7	a15	a29	14
13	1.68412182706843	a7	a14
13	1.6841637544519	a7	a17
12	1.68418133690303	a7	a14	a29	15
13	1.68419675536017	a7	a16
13	1.68422272328799	a7	a15
13	1.68429278259327	a7	a14
13	1.68441072026547	a6	a10
13	1.68444588516773	a8	a56
12	1.68488192995576	a8	a56	a42	0
12	1.68497065370916	a6	a10	a30	0
12	1.68502475355879	a7	a14	a31	0
13	1.68523249698138	a7	a14
12	1.68523871846409	a7	a17	a31	1
12	1.68526928487913	a7	a14	a31	2
12	1.68534637716486	a7	a16	a31	3
13	1.6854066984972	a7	a14
12	1.68541129698441	a7	a15	a31	4
12	1.6854651263348	a7	a14	a31	5
13	1.68551841468669	a7	a17
13	1.68553193964909	a7	a16
12	1.68557738352279	a7	a17	a31	6
12	1.68559956446113	a7	a16	a31	7
13	1.68563581136039	a7	a15
13	1.6856409508461	a7	a14
13	1.68571858413033	a7	a17
12	1.68572778110476	a7	a15	a31	8
12	1.6857442815589	a7	a14	a31	9
13	1.68574617505364	a7	a16
12	1.68579432391981	a7	a17	a31	10
12	1.68581866885215	a7	a16	a31	11
13	1.68590198262058	a7	a15
13	1.6859060401093	a7	a14
13	1.68593065554088	a7	a17
12	1.68597880440706	a7	a17	a31	12
13	1.68598529638901	a7	a16
12	1.68600423133638	a7	a15	a31	13
12	1.68601423980857	a7	a14	a31	14
12	1.68607023315293	a7	a16	a31	15
13	1.68612974298753	a7	a17
13	1.68616193239806	a7	a14
13	1.68619574480408	a7	a15
13	1.68624335267176	a7	a16
13	1.68645353058758	a6	a10
13	1.68670509488837	a8	a56
12	1.68675540774853	a8	a56	a45	0
12	1.68680085162222	a6	a10	a32	0
12	1.68686090245531	a7	a14	a33	0
13	1.68690093634404	a7	a14
12	1.68693988823577	a7	a14	a33	1
13	1.68695611819066	a7	a14
12	1.68697045465081	a7	a16	a33	2
12	1.68700156206435	a7	a14	a33	3
13	1.68701779201924	a7	a14
13	1.68703429247338	a7	a16
12	1.6871119257576	a7	a14	a33	4
12	1.6871349181937	a7	a16	a33	5
13	1.68714276267189	a7	a14
13	1.68715168914708	a7	a16
12	1.68722851093356	a7	a16	a33	6
12	1.68724636388394	a7	a17	a33	7
13	1.68724960987492	a7	a16
12	1.68726502833206	a7	a14	a33	8
13	1.68731236570049	a7	a17
13	1.68732183317418	a7	a14
12	1.68733021865087	a7	a16	a33	9
13	1.68734536660877	a7	a16
12	1.6873994664584	a7	a17	a33	10
13	1.68742543438622	a7	a17
12	1.68743354936367	a7	a15	a33	11
12	1.68744463983284	a7	a14	a33	12
12	1.68746114028698	a7	a16	a33	13
13	1.68746303378172	a7	a14
13	1.68747737024187	a7	a16
13	1.68748386222382	a7	a15
12	1.68755256903286	a7	a17	a33	14
13	1.68757961895767	a7	a17
12	1.68761045587196	a7	a15	a33	15
13	1.68763642379979	a7	a15
13	1.68784984770659	a6	a10
13	1.68792721049156	a8	a56
12	1.68847632396533	a8	a56	a50	0
12	1.6955991101679	a6	a10	a34	0
12	1.69599944905518	a7	a14	a35	0
12	1.69621774194845	a7	a16	a35	1
12	1.69627075980109	a7	a17	a35	2
12	1.69630700670034	a7	a15	a35	3
13	1.74099375299578	a7	a14
13	1.74127534271312	a7	a16
13	1.7433381699796	a7	a15
13	1.74375365682477	a7	a17
13	1.74407149344136	a6	a10
12	1.74413803625641	a6	a10	a36	0
12	1.74420403807296	a7	a14	a37	0
12	1.74446885683691	a7	a15	a37	1
12	1.74455703959181	a7	a16	a37	2
12	1.7446316973843	a7	a17	a37	3
13	1.74710081452152	a7	a16
13	1.74930430139704	a7	a17
13	1.75037087993253	a7	a14
13	1.75150670627556	a7	a15
13	1.7516552103628	a6	a10
12	1.75697701257112	a6	a10	a38	0
12	1.75710306522077	a7	a14	a39	0
12	1.75725373330199	a7	a17	a39	1
12	1.7573413750584	a7	a15	a39	2
12	1.75753829851106	a7	a16	a39	3
13	1.76142780720036	a7	a14
13	1.762033455017	a7	a15
13	1.76207943988918	a7	a17
13	1.76224823142004	a7	a16
13	1.76237130857795	a6	a10
12	1.76245516334488	a6	a10	a40	0
12	1.76250926319451	a7	a14	a41	0
12	1.76278977091485	a7	a17	a41	1
12	1.76281790283666	a7	a15	a41	2
12	1.76287578967577	a7	a16	a41	3
13	1.76388231737818	a7	a14
13	1.76593621816946	a7	a15
13	1.76594757913789	a7	a17
13	1.76600276098451	a7	a16
13	1.76619454495146	a6	a10
12	1.76663058973949	a8	a57	a49	0
13	1.7823979909148	a8	a57
12	1.78250348562158	a8	a57	a54	0
12	1.7859869749394	a8	a58	a53	0
13	1.80692037075608	a8	a58
12	1.80696365063579	a8	a58	a52	0
13	1.81770355278477	a8	a58
12	1.81773709469154	a8	a58	a51	0
13	1.82413602490604	a8	a58
13	1.82941076024518	a8	a57
13	1.82955845283467	a8	a56
13	1.82970398143018	a8	a55
12	1.83018006010695	a8	a55	a46	0
12	1.83019953605282	a8	a56	a48	0
13	1.88470242956478	a8	a56
12	1.88488528705653	a6	a10	a20	0
12	1.88496968282196	a7	a14	a21	0
12	1.88504136512272	a7	a16	a21	1
12	1.88517336875582	a7	a15	a21	2
12	1.88531456936336	a7	a17	a21	3
13	1.88574682716193	a7	a15
13	1.88606141778754	a7	a14
13	1.88739579057871	a7	a16
13	1.88759920601333	a7	a17
13	1.88773310314117	a6	a10
12	1.88798142145098	a8	a56	a44	0
12	1.88800360238933	a8	a57	a43	0
12	1.88829574157735	a6	a10	a22	0
12	1.88835741540593	a7	a14	a23	0
12	1.88846859059692	a7	a16	a23	1
12	1.88865848106913	a7	a17	a23	2
12	1.88878777970975	a7	a15	a23	3
13	1.88944211739105	a7	a14
12	1.88950054522866	a7	a14	a23	4
13	1.889781052949	a7	a16
13	1.88985192375202	a7	a17
12	1.88985354674751	a7	a16	a23	5
12	1.88992008956255	a7	a17	a23	6
13	1.89012350499717	a7	a15
12	1.89018680182124	a7	a15	a23	7
13	1.89055603329498	a7	a14
12	1.8906122971386	a7	a14	a23	8
13	1.8909274287627	a7	a17
13	1.89095718368	a7	a16
12	1.89098585660031	a7	a17	a23	9
12	1.89103346446798	a7	a16	a23	10
13	1.89134399760487	a7	a15
12	1.89144462332519	a7	a15	a23	11
13	1.89226991653133	a7	a14
12	1.89234295132833	a7	a14	a23	12
13	1.89243356857647	a7	a15
12	1.89252175133137	a7	a15	a23	13
13	1.89254880125618	a7	a17
12	1.89261804906371	a7	a17	a23	14
13	1.89282146449833	a7	a16
12	1.89289720428781	a7	a16	a23	15
13	1.89342819431195	a7	a14
13	1.89360374832401	a7	a15
13	1.89374332593606	a7	a17
13	1.893973250297	a7	a16
13	1.89410498343085	a6	a10
12	1.89426836497674	a6	a10	a24	0
12	1.89432300582487	a7	a14	a25	0
13	1.89437656467601	a7	a14
12	1.89439766361736	a7	a14	a25	1
13	1.89446312443542	a7	a14
12	1.89448314137978	a7	a14	a25	2
13	1.89452750325648	a7	a14
12	1.89454319221287	a7	a14	a25	3
13	1.89458809508807	a7	a14
13	1.89493487512421	a6	a10
12	1.89498843397535	a6	a10	a26	0
12	1.89504415682047	a7	a14	a27	0
13	1.89513450356935	a7	a14
12	1.89515452051372	a7	a14	a27	1
13	1.89522755531072	a7	a14
12	1.89526813019794	a7	a14	a27	2
13	1.89533900100096	a7	a14
12	1.89538255137992	a7	a16	a27	3
13	1.89554809691979	a7	a16
13	1.8956576491153	a6	a10
12	1.89591732839353	a6	a10	a22	0
12	1.89600767514242	a7	a14	a23	0
12	1.89616916319357	a7	a16	a23	1
12	1.89647807333497	a7	a17	a23	2
12	1.89649917227633	a7	a15	a23	3
13	1.89702258832152	a7	a14
12	1.89708480314859	a7	a14	a23	4
13	1.89747513356369	a7	a16
12	1.89756277532009	a7	a16	a23	5
13	1.89762228515469	a7	a17
13	1.89765366306748	a7	a15
12	1.89769045096523	a7	a17	a23	6
12	1.89771804188854	a7	a15	a23	7
13	1.89809755233371	a7	a14
12	1.89816139015627	a7	a14	a23	8
13	1.89857877049619	a7	a16
12	1.89866262526312	a7	a16	a23	9
13	1.89869183918192	a7	a17
13	1.89871347912177	a7	a15
12	1.898754054009	a7	a17	a23	10
12	1.89877677594584	a7	a15	a23	11
13	1.89916331937146	a7	a14
12	1.89921958321508	a7	a14	a23	12
13	1.8997538192302	a7	a16
13	1.89976518019862	a7	a15
13	1.89979114812644	a7	a17
12	1.89983010001818	a7	a16	a23	13
12	1.899857149943	a7	a17	a23	14
12	1.89987554389187	a7	a15	a23	15
13	1.90022475842125	a7	a14
13	1.9008709811251	a7	a17
13	1.9009153430018	a7	a16
13	1.90111821743792	a7	a15
13	1.90125265556426	a6	a10
13	1.90137654421992	a8	a57
12	1.90141225012067	a6	a10	a28	0
12	1.90149231789813	a7	a14	a29	0
13	1.90157509066807	a7	a14
12	1.90157536116731	a7	a16	a29	1
12	1.9016291905177	a7	a14	a29	2
13	1.90171953726658	a7	a14
13	1.90173008673726	a7	a16
12	1.90182340897788	a7	a14	a29	3
12	1.9018426144245	a7	a15	a29	4
12	1.90188859929668	a7	a16	a29	5
13	1.9019078047433	a7	a14
13	1.90195622410873	a7	a15
13	1.9019746180576	a7	a16
12	1.90200356147715	a7	a14	a29	6
12	1.90205252184107	a7	a17	a29	7
12	1.90207091578995	a7	a16	a29	8
12	1.90210445769672	a7	a15	a29	9
13	1.90213069612379	a7	a14
13	1.90215909854485	a7	a16
13	1.90216450852981	a7	a17
12	1.90221860837944	a7	a16	a29	10
13	1.9022251003614	a7	a15
12	1.9022397073208	a7	a17	a29	11
12	1.9022616177599	a7	a14	a29	12
13	1.90230787313133	a7	a16
12	1.90233492305615	a7	a15	a29	13
13	1.90233546405465	a7	a17
13	1.90239308039451	a7	a14
12	1.90239443289075	a7	a16	a29	14
12	1.90242364680955	a7	a17	a29	15
13	1.90245069673436	a7	a15
13	1.9024896486261	a7	a16
13	1.90250750157648	a7	a17
13	1.90273607344117	a6	a10
13	1.90274851640659	a8	a56
12	1.90302009765174	a8	a56	a42	0
12	1.90308177148032	a6	a10	a30	0
12	1.90315318328184	a7	a14	a31	0
12	1.90325353850291	a7	a15	a31	1
13	1.9033057448578	a7	a14
12	1.90336741868638	a7	a14	a31	2
13	1.90350077481572	a7	a15
13	1.90350916029242	a7	a14
12	1.90361790099018	a7	a14	a31	3
12	1.90366740235259	a7	a15	a31	4
12	1.90369769826839	a7	a16	a31	5
12	1.90372366619621	a7	a17	a31	6
13	1.90375801960073	a7	a14
13	1.90382212792254	a7	a15
12	1.90382348041878	a7	a14	a31	7
13	1.90387568677368	a7	a16
13	1.90390435969398	a7	a17
12	1.90391842565489	a7	a15	a31	8
12	1.90393465560977	a7	a16	a31	9
13	1.90395818904436	a7	a14
12	1.90398713246392	a7	a17	a31	10
12	1.90405124078573	a7	a14	a31	11
13	1.90409154517371	a7	a15
13	1.90410290614213	a7	a16
13	1.90412346408499	a7	a17
12	1.90417269494816	a7	a15	a31	12
13	1.9041886544038	a7	a14
12	1.90419162989553	a7	a16	a31	13
12	1.90421435183237	a7	a17	a31	14
12	1.90427088617524	a7	a14	a31	15
13	1.90432633852111	a7	a15
13	1.90435122445194	a7	a17
13	1.90435392944442	a7	a16
13	1.90441370977827	a7	a14
13	1.9046301091768	a6	a10
13	1.9047772607678	a8	a56
12	1.90480917967908	a8	a56	a45	0
12	1.90482757362795	a6	a10	a32	0
12	1.90495524927309	a7	a14	a33	0
13	1.90497147922798	a7	a14
12	1.90501800509866	a7	a14	a33	1
13	1.90503964503851	a7	a14
12	1.90508914640093	a7	a15	a33	2
12	1.90511295033476	a7	a17	a33	3
12	1.90512431130319	a7	a16	a33	4
13	1.90513945926108	a7	a15
12	1.90514622174229	a7	a14	a33	5
13	1.90515082022951	a7	a17
13	1.90517841115282	a7	a16
13	1.90518679662951	a7	a14
12	1.90521736304455	a7	a17	a33	6
13	1.90523305200095	a7	a17
12	1.90527254489118	a7	a16	a33	7
13	1.90528877484607	a7	a16
12	1.90530013581449	a7	a15	a33	8
13	1.90532448074683	a7	a15
12	1.90532637424156	a7	a14	a33	9
12	1.90535477666262	a7	a17	a33	10
13	1.90538128558894	a7	a17
13	1.90538426108067	a7	a14
12	1.90543484444008	a7	a16	a33	11
13	1.90546459935737	a7	a16
12	1.90547325533331	a7	a15	a33	12
12	1.90549110828369	a7	a17	a33	13
13	1.90550733823858	a7	a17
12	1.90552329769422	a7	a14	a33	14
13	1.90552356819347	a7	a15
13	1.90554060964611	a7	a14
12	1.90561391494236	a7	a16	a33	15
13	1.9056523258356	a7	a16
13	1.90587440571834	a6	a10
13	1.90591984959203	a8	a56
12	1.90639592826879	a8	a56	a50	0
12	1.91349004155106	a6	a10	a34	0
12	1.91359986424582	a7	a14	a35	0
12	1.91388199496165	a7	a15	a35	1
12	1.91395232476617	a7	a17	a35	2
12	1.91404483550904	a7	a16	a35	3
13	1.95512880231823	a7	a17
13	1.96514457797989	a7	a14
13	1.96951070634445	a7	a15
13	1.97078583980028	a7	a16
13	1.97098627974317	a6	a10
12	1.97104416658228	a6	a10	a36	0
12	1.97109826643191	a7	a14	a37	0
12	1.97139716810113	a7	a17	a37	1
12	1.9714745308861	a7	a15	a37	2
12	1.97215997598094	a7	a16	a37	3
13	1.97480004864299	a7	a15
13	1.97482331157834	a7	a16
13	1.97618148830335	a7	a14
13	1.97742713734113	a7	a17
13	1.97754480451408	a6	a10
12	1.9829401825179	a6	a10	a38	0
12	1.98300780732994	a7	a14	a39	0
12	1.98323259220516	a7	a17	a39	1
12	1.9833299719345	a7	a15	a39	2
12	1.98339326875857	a7	a16	a39	3
13	1.98757978562236	a7	a14
13	1.98825035325855	a7	a15
13	1.98825359924953	a7	a17
13	1.98847540863302	a7	a16
13	1.98861417474733	a6	a10
12	1.98865583163154	a6	a10	a40	0
12	1.98874022739697	a7	a14	a41	0
12	1.98898557021505	a7	a15	a41	1
12	1.98901045614588	a7	a17	a41	2
12	1.9891549027444	a7	a16	a41	3
13	1.99005539474153	a7	a14
13	1.99244633759602	a7	a17
13	1.99250368343663	a7	a15
13	1.9925231593825	a7	a16
13	1.99278960114194	a6	a10
12	1.99319643201118	a8	a57	a49	0
13	2.00884481351729	a8	a57
12	2.00890919233835	a8	a57	a54	0
12	2.01235697575541	a8	a58	a53	0
13	2.03403478550303	a8	a58
12	2.03408131137372	a8	a58	a52	0
13	2.04502030096935	a8	a58
12	2.04532758811526	a8	a58	a51	0
13	2.05198565660949	a8	a58
13	2.05734749270654	a8	a57
13	2.0574567744028	a8	a56
13	2.05762177894418	a8	a55
12	2.05810272660741	a8	a55	a46	0
12	2.05812328455027	a8	a56	a48	0
13	2.11363892724734	a8	a56
12	2.11380284979173	a6	a10	a20	0
12	2.11390888549701	a7	a14	a21	0
12	2.1140936364835	a7	a15	a21	1
12	2.11429110093466	a7	a16	a21	2
12	2.11438144768354	a7	a17	a21	3
13	2.11508826221899	a7	a14
13	2.11647240687183	a7	a15
13	2.11664931338013	a7	a16
13	2.11679213698315	a7	a17
13	2.11691521414107	a6	a10
12	2.11711051459824	a8	a56	a44	0
12	2.11712944954561	a8	a57	a43	0
12	2.117439441684	a6	a10	a22	0
12	2.1175287064359	a7	a14	a23	0
12	2.11770642444194	a7	a16	a23	1
12	2.11784329706151	a7	a17	a23	2
12	2.11800776060439	a7	a15	a23	3
13	2.11861881840599	a7	a14
12	2.11868482022254	a7	a14	a23	4
13	2.11904810071282	a7	a16
13	2.11913249647824	a7	a17
12	2.11913736546471	a7	a16	a23	5
12	2.11919525230382	a7	a17	a23	6
13	2.11936674882715	a7	a15
12	2.1194332916422	a7	a15	a23	7
13	2.11976303022571	a7	a14
12	2.11982470405429	a7	a14	a23	8
13	2.12023126442427	a7	a17
13	2.12027292130849	a7	a16
12	2.12029185625586	a7	a17	a23	9
12	2.12035461208144	a7	a16	a23	10
13	2.12056019151004	a7	a15
12	2.12063701329652	a7	a15	a23	11
13	2.12091752101686	a7	a14
12	2.12098298183491	a7	a14	a23	12
13	2.12145067503498	a7	a17
13	2.12146636399138	a7	a16
12	2.12153398880342	a7	a17	a23	13
12	2.12155292375079	a7	a16	a23	14
13	2.12172928926059	a7	a15
12	2.12182125900496	a7	a15	a23	15
13	2.12212935764862	a7	a14
13	2.12263005175697	a7	a16
13	2.12265547868629	a7	a17
13	2.12298981575702	a7	a15
13	2.12311451591042	a6	a10
12	2.12326707748638	a6	a10	a24	0
12	2.12332442332699	a7	a14	a25	0
13	2.12338014617212	a7	a14
12	2.1233969171255	a7	a14	a25	1
13	2.12343803301122	a7	a14
12	2.12345426296611	a7	a14	a25	2
13	2.12350511682477	a7	a14
12	2.12352134677966	a7	a14	a25	3
13	2.12356570865635	a7	a14
13	2.1239855234895	a6	a10
12	2.12401906539627	a6	a10	a26	0
12	2.12406883725793	a7	a14	a27	0
13	2.12414457704742	a7	a14
12	2.12416729898426	a7	a14	a27	1
13	2.12425169474969	a7	a14
12	2.12426792470458	a7	a14	a27	2
13	2.1243387955076	a7	a14
12	2.12435367296625	a7	a15	a27	3
13	2.12453057947454	a7	a15
13	2.12476293832871	a6	a10
12	2.13630892823722	a6	a10	a22	0
12	2.13639873398761	a7	a14	a23	0
12	2.13667599571697	a7	a16	a23	1
12	2.13671548860721	a7	a15	a23	2
12	2.13686696818618	a7	a17	a23	3
13	2.13759271766899	a7	a14
12	2.13766088347953	a7	a14	a23	4
13	2.13783535549459	a7	a16
13	2.1378927013352	a7	a15
12	2.13791650526904	a7	a16	a23	5
12	2.13798358908258	a7	a15	a23	6
13	2.1379965730465	a7	a17
12	2.13806041086906	a7	a17	a23	7
13	2.13871312555487	a7	a14
12	2.13877317638797	a7	a14	a23	8
13	2.13898010831281	a7	a16
12	2.13906342208124	a7	a16	a23	9
13	2.13907153705869	a7	a15
13	2.13913321088727	a7	a17
12	2.13917703176547	a7	a15	a23	10
12	2.13920029470081	a7	a17	a23	11
13	2.13983515643625	a7	a14
12	2.13989791226182	a7	a14	a23	12
13	2.14016435402126	a7	a16
12	2.14025578276714	a7	a16	a23	13
13	2.14025956975661	a7	a17
13	2.14028120969646	a7	a15
12	2.14033314555211	a7	a17	a23	14
12	2.14035153950099	a7	a15	a23	15
13	2.14095502332363	a7	a14
13	2.14132966478234	a7	a16
13	2.14142542151618	a7	a15
13	2.14143570048761	a7	a17
13	2.14161882847862	a6	a10
13	2.14205270927267	a8	a57
12	2.14209653015087	a6	a10	a28	0
12	2.14222582879149	a7	a14	a29	0
13	2.14234376646369	a7	a14
12	2.14236053741708	a7	a14	a29	1
12	2.14241815375694	a7	a16	a29	2
13	2.14243303121558	a7	a14
12	2.14248550806973	a7	a14	a29	3
13	2.14258126480358	a7	a14
13	2.14259560126373	a7	a16
12	2.14264807811787	a7	a15	a29	4
12	2.14266295557652	a7	a14	a29	5
13	2.1427392363645	a7	a14
12	2.14273950686375	a7	a16	a29	6
12	2.14275735981413	a7	a17	a29	7
13	2.14279522970887	a7	a15
12	2.14280307418707	a7	a14	a29	8
13	2.14284283757655	a7	a16
12	2.14290451140513	a7	a16	a29	9
13	2.14290613440062	a7	a17
13	2.14290856889385	a7	a14
12	2.1429385943104	a7	a15	a29	10
12	2.14296591473446	a7	a14	a29	11
12	2.14299269416003	a7	a17	a29	12
13	2.14307979491794	a7	a15
13	2.14310549234651	a7	a14
13	2.14314146874652	a7	a17
12	2.14315282971494	a7	a15	a29	13
12	2.14316392018412	a7	a14	a29	14
12	2.14321612653901	a7	a17	a29	15
13	2.14324777495105	a7	a14
13	2.14325399643375	a7	a16
13	2.14326427540518	a7	a15
13	2.14330809628339	a7	a17
13	2.14350583123379	a6	a10
13	2.14352855317064	a8	a56
12	2.1444747595407	a8	a56	a42	0
12	2.14459918919486	a6	a10	a30	0
12	2.14465599403697	a7	a14	a31	0
12	2.1448207280791	a7	a16	a31	1
13	2.14484209751971	a7	a14
12	2.14491918980543	a7	a17	a31	2
12	2.14493460826258	a7	a14	a31	3
12	2.144983027628	a7	a15	a31	4
13	2.14508067785658	a7	a14
13	2.14509501431674	a7	a16
13	2.14514695017238	a7	a17
12	2.14515371265359	a7	a14	a31	5
12	2.14519996802502	a7	a16	a31	6
13	2.14521024699645	a7	a15
12	2.1452178209754	a7	a17	a31	7
12	2.14529518376038	a7	a15	a31	8
13	2.14531330721	a7	a14
13	2.1453498246085	a7	a16
13	2.14535902158294	a7	a17
12	2.14537822702956	a7	a14	a31	9
13	2.14544017135739	a7	a15
12	2.14545477831679	a7	a17	a31	10
12	2.14549968119199	a7	a16	a31	11
13	2.14551834564011	a7	a14
12	2.14553971508071	a7	a15	a31	12
13	2.14559976591381	a7	a17
12	2.14561031538448	a7	a14	a31	13
12	2.14565602975742	a7	a17	a31	14
13	2.14566739072585	a7	a16
13	2.14569011266269	a7	a15
12	2.1457479995018	a7	a16	a31	15
13	2.14574989299653	a7	a14
13	2.14580047635594	a7	a17
13	2.14593680797701	a7	a16
13	2.14606745911388	a6	a10
13	2.14629413748383	a8	a56
12	2.14634769633497	a8	a56	a45	0
12	2.14639205821167	a6	a10	a32	0
12	2.14645048604927	a7	a14	a33	0
13	2.14648889694251	a7	a14
12	2.1465051268974	a7	a14	a33	1
13	2.14652189785079	a7	a14
12	2.14657626819967	a7	a16	a33	2
12	2.14658844066583	a7	a14	a33	3
13	2.14660467062072	a7	a14
13	2.14664768000118	a7	a16
12	2.1466674264463	a7	a14	a33	4
13	2.14668527939667	a7	a14
12	2.14675209271097	a7	a16	a33	5
13	2.14677481464782	a7	a16
12	2.14677779013955	a7	a14	a33	6
13	2.14679510209143	a7	a14
12	2.14690627728242	a7	a16	a33	7
13	2.14692358923431	a7	a16
12	2.1469544261486	a7	a15	a33	8
12	2.14698228757116	a7	a14	a33	9
13	2.14699905852454	a7	a14
13	2.14700582100575	a7	a15
12	2.14701934596815	a7	a17	a33	10
13	2.14706965882831	a7	a17
12	2.14707290481929	a7	a16	a33	11
12	2.14709833174862	a7	a15	a33	12
13	2.14710374173358	a7	a16
13	2.147116184699	a7	a15
12	2.14712889816366	a7	a14	a33	13
12	2.14717353053961	a7	a17	a33	14
13	2.1471965229757	a7	a14
13	2.14719895746893	a7	a17
12	2.14721681041931	a7	a16	a33	15
13	2.14730823916519	a7	a16
13	2.14746648122536	a6	a10
13	2.14755033599229	a8	a56
12	2.14874540167067	a8	a56	a50	0
12	2.15614463810487	a6	a10	a34	0
12	2.15622470588232	a7	a14	a35	0
12	2.15663829923276	a7	a16	a35	1
12	2.15669023508841	a7	a17	a35	2
12	2.15673080997563	a7	a15	a35	3
13	2.19962739224675	a7	a14
13	2.20175486883353	a7	a15
13	2.20414932817825	a7	a17
13	2.20437546554972	a7	a16
13	2.20472251608511	a6	a10
12	2.20480745284903	a6	a10	a36	0
12	2.20486588068663	a7	a14	a37	0
12	2.20506632062952	a7	a15	a37	1
12	2.20517452032878	a7	a16	a37	2
12	2.20529408099647	a7	a17	a37	3
13	2.20829337666008	a7	a16
13	2.20965020088886	a7	a17
13	2.2107254354003	a7	a14
13	2.21193105054935	a7	a15
13	2.21205088171628	a6	a10
12	2.21750414655921	a6	a10	a38	0
12	2.21757231236975	a7	a14	a39	0
12	2.2176899795427	a7	a16	a39	1
12	2.21795344581041	a7	a15	a39	2
12	2.21797238075778	a7	a17	a39	3
13	2.22181049458993	a7	a14
13	2.22258060594945	a7	a16
13	2.22265580474044	a7	a15
13	2.22266987070134	a7	a17
13	2.22287517963069	a6	a10
12	2.22293523046379	a6	a10	a40	0
12	2.22300339627432	a7	a14	a41	0
12	2.22335747979017	a7	a16	a41	1
12	2.22340887464732	a7	a17	a41	2
12	2.22344403954958	a7	a15	a41	3
13	2.23950168641816	a7	a14
13	2.24042435935364	a7	a16
13	2.24043680231905	a7	a17
13	2.24154098025004	a7	a15
13	2.24171058327864	a6	a10
12	2.24217151399751	a8	a57	a49	0
13	2.25782909247806	a8	a57
12	2.25790375027055	a8	a57	a54	0
12	2.26128931886053	a8	a58	a53	0
13	2.28227897852084	a8	a58
12	2.28232604539002	a8	a58	a52	0
13	2.2928744340713	a8	a58
12	2.2929182549495	a8	a58	a51	0
13	2.29923170740158	a8	a58
13	2.30447290083395	a8	a57
13	2.30461410144149	a8	a56
13	2.30475854804001	a8	a55
12	2.30539909025965	a8	a55	a46	0
12	2.30544940311981	a8	a56	a48	0
13	2.35714830142533	a8	a56
12	2.35741555468252	a6	a10	a20	0
12	2.35748047450208	a7	a14	a21	0
12	2.35772852231264	a7	a17	a21	1
12	2.35778640915175	a7	a16	a21	2
12	2.35786918192168	a7	a15	a21	3
13	2.35866147421955	a7	a14
13	2.36005968483329	a7	a17
13	2.36013488362428	a7	a16
13	2.36022901736264	a7	a15
13	2.36035696350702	a6	a10
12	2.360653430683	a8	a56	a44	0
12	2.36067182463188	a8	a57	a43	0
12	2.36100562070411	a6	a10	a22	0
12	2.3610802784966	a7	a14	a23	0
12	2.36120065066203	a7	a16	a23	1
12	2.36129803039137	a7	a15	a23	2
12	2.36151929877637	a7	a17	a23	3
13	2.36216335748624	a7	a14
12	2.36224721225317	a7	a14	a23	4
13	2.36262996868932	a7	a16
13	2.3626326736818	a7	a15
13	2.36271761044572	a7	a17
12	2.36271923344121	a7	a16	a23	5
12	2.36274520136903	a7	a15	a23	6
12	2.36278956324573	a7	a17	a23	7
13	2.36335409517664	a7	a14
12	2.36341360501124	a7	a14	a23	8
13	2.3637649835346	a7	a16
12	2.36384018232559	a7	a16	a23	9
13	2.36388075721281	a7	a15
12	2.36394838202485	a7	a15	a23	10
13	2.36396352998275	a7	a17
12	2.36401925282787	a7	a17	a23	11
13	2.36446909307756	a7	a14
12	2.36453076690614	a7	a14	a23	12
13	2.36496167220846	a7	a15
13	2.36496708219343	a7	a16
12	2.36504931396487	a7	a15	a23	13
12	2.36506608491825	a7	a16	a23	14
13	2.3650882658566	a7	a17
12	2.36515534967015	a7	a17	a23	15
13	2.36563115784766	a7	a14
13	2.3661334749515	a7	a15
13	2.36619298478609	a7	a16
13	2.36620055876504	a7	a17
13	2.36638098176357	a6	a10
12	2.36662334908992	a6	a10	a24	0
12	2.36667744893955	a7	a14	a25	0
13	2.36675264773054	a7	a14
12	2.36676265620272	a7	a15	a25	1
12	2.36679430461476	a7	a14	a25	2
13	2.36685543744484	a7	a14
13	2.36691521777868	a7	a15
12	2.36698500658471	a7	a16	a25	3
13	2.36709969826593	a7	a16
13	2.36726280931257	a6	a10
12	2.36733909010055	a6	a10	a26	0
12	2.36738994395921	a7	a14	a27	0
13	2.36749002868103	a7	a14
12	2.3675078816314	a7	a14	a27	1
13	2.36759011340284	a7	a14
12	2.36760499086149	a7	a17	a27	2
12	2.36763826226902	a7	a14	a27	3
13	2.36772374003144	a7	a14
13	2.36776296242242	a7	a17
13	2.36793094245553	a6	a10
12	2.36821063867813	a6	a10	a22	0
12	2.36829990343002	a7	a14	a23	0
12	2.36833750282551	a7	a17	a23	1
12	2.3686626429218	a7	a15	a23	2
12	2.36873513672031	a7	a16	a23	3
13	2.36930399663919	a7	a14
12	2.3693770314362	a7	a14	a23	4
13	2.36942436880462	a7	a17
12	2.36948333764072	a7	a17	a23	5
13	2.3696932450573	a7	a15
12	2.36976411586031	a7	a15	a23	6
13	2.36986311858514	a7	a16
12	2.36993128439568	a7	a16	a23	7
13	2.37037409166492	a7	a14
12	2.37044712646192	a7	a14	a23	8
13	2.37055018667547	a7	a17
12	2.37061294250104	a7	a17	a23	9
13	2.37077145506047	a7	a15
12	2.37085206383642	a7	a15	a23	10
13	2.370987854459	a7	a16
12	2.37106197125299	a7	a16	a23	11
13	2.37145338366508	a7	a14
12	2.37152100847712	a7	a14	a23	12
13	2.371648413623	a7	a17
12	2.37170575946361	a7	a17	a23	13
13	2.37185669804409	a7	a15
12	2.37191566688019	a7	a15	a23	14
13	2.37208716340352	a7	a16
12	2.37216128019752	a7	a16	a23	15
13	2.37252618368329	a7	a14
13	2.37271147566828	a7	a17
13	2.37294843300967	a7	a15
13	2.37324273619167	a7	a16
13	2.37335878036913	a6	a10
13	2.37345507810147	a8	a57
12	2.37347022605937	a6	a10	a28	0
12	2.37352973589396	a7	a14	a29	0
13	2.37362062364135	a7	a14
12	2.37363685359624	a7	a14	a29	1
13	2.37372124936166	a7	a14
12	2.3737382908143	a7	a17	a29	2
12	2.37375803725941	a7	a14	a29	3
13	2.37383053105792	a7	a14
12	2.37386407296469	a7	a14	a29	4
13	2.37388814739778	a7	a17
12	2.37390383635417	a7	a16	a29	5
13	2.37393710776169	a7	a14
12	2.37395577220982	a7	a17	a29	6
13	2.37405098794517	a7	a16
13	2.37405802092562	a7	a17
12	2.3740607259181	a7	a15	a29	8
12	2.37411266177375	a7	a16	a29	9
12	2.37413159672112	a7	a17	a29	10
13	2.37417595859782	a7	a15
13	2.37419597554218	a7	a16
13	2.3742224844685	a7	a17
12	2.37425494437828	a7	a16	a29	11
12	2.37429389627002	a7	a15	a29	12
12	2.37430688023393	a7	a17	a29	13
13	2.37434475012867	a7	a16
13	2.37437504604447	a7	a15
13	2.37438586601439	a7	a17
12	2.37443130988808	a7	a16	a29	14
12	2.37446755678734	a7	a17	a29	15
13	2.37451462365652	a7	a16
13	2.37456223152419	a7	a17
12	2.3868209869516	a7	a14	a29	7
13	2.38697517152305	a7	a14
13	2.38704063234111	a6	a10
13	2.38713909406744	a8	a56
12	2.38825138697588	a8	a56	a42	0
12	2.38841368652477	a6	a10	a30	0
12	2.38847536035336	a7	a14	a31	0
12	2.38854812465111	a7	a17	a31	1
13	2.38868634976692	a7	a14
12	2.38875803206768	a7	a15	a31	2
13	2.38878995097897	a7	a17
12	2.38884567382409	a7	a17	a31	3
12	2.38885838728875	a7	a14	a31	4
12	2.38892574160154	a7	a16	a31	5
13	2.38894034856094	a7	a15
13	2.38897984145118	a7	a17
13	2.38900932586923	a7	a14
12	2.38903610529479	a7	a15	a31	6
12	2.38904854826021	a7	a17	a31	7
12	2.38908885264818	a7	a14	a31	8
13	2.38910535310232	a7	a16
13	2.38917514190835	a7	a15
12	2.38918325688579	a7	a16	a31	9
13	2.38918704387527	a7	a17
13	2.38922680726475	a7	a14
12	2.38925412768881	a7	a17	a31	10
12	2.38929362057904	a7	a15	a31	11
12	2.38930362905122	a7	a14	a31	12
13	2.38933040847679	a7	a16
13	2.3893882953159	a7	a17
12	2.38943482118658	a7	a16	a31	13
13	2.38944266566478	a7	a14
12	2.38945646112644	a7	a17	a31	14
13	2.38948026506027	a7	a15
12	2.38952002844975	a7	a14	a31	15
13	2.38957764478961	a7	a16
13	2.38959116975202	a7	a17
13	2.38968178700015	a7	a14
13	2.38978403571596	a6	a10
13	2.39007617490397	a8	a56
12	2.39012486476864	a8	a56	a45	0
12	2.39017084964083	a6	a10	a32	0
12	2.39022494949046	a7	a14	a33	0
13	2.39026173738821	a7	a14
12	2.3902779673431	a7	a14	a33	1
13	2.39029419729799	a7	a14
12	2.39030988625438	a7	a14	a33	2
13	2.39032557521078	a7	a14
12	2.39034180516567	a7	a14	a33	3
13	2.39035803512056	a7	a14
12	2.39037480607394	a7	a14	a33	4
13	2.39039049503034	a7	a14
12	2.39040780698222	a7	a14	a33	5
13	2.39042403693711	a7	a14
12	2.39046569382132	a7	a14	a33	6
13	2.39048084177922	a7	a14
12	2.39050816220329	a7	a15	a33	7
12	2.39052466265742	a7	a14	a33	8
13	2.39054035161382	a7	a14
13	2.39056929503337	a7	a15
12	2.39063286235669	a7	a14	a33	9
13	2.39066640426346	a7	a14
12	2.39067478974015	a7	a15	a33	10
13	2.39068939669955	a7	a15
12	2.39069967567098	a7	a16	a33	11
12	2.39076838248002	a7	a17	a33	12
13	2.39077216946949	a7	a16
12	2.39078325993867	a7	a14	a33	13
13	2.39080841636874	a7	a17
12	2.39081599034769	a7	a15	a33	14
13	2.39082762181536	a7	a14
12	2.39085277824544	a7	a16	a33	15
13	2.39085981122589	a7	a15
13	2.39087874617327	a7	a16
13	2.39112571198684	a6	a10
13	2.39120686176129	a8	a56
12	2.39249768417351	a8	a56	a50	0
12	2.39969999715504	a6	a10	a34	0
12	2.39976167098362	a7	a14	a35	0
12	2.40003514572352	a7	a17	a35	1
12	2.40012170548293	a7	a16	a35	2
12	2.40021692121828	a7	a15	a35	3
13	2.44297500787434	a7	a14
13	2.4460324608763	a7	a16
13	2.4466946430358	a7	a15
13	2.44714962277121	a7	a17
13	2.44727215893062	a6	a10
12	2.44736466967349	a6	a10	a36	0
12	2.44746096740584	a7	a14	a37	0
12	2.44770198223595	a7	a15	a37	1
12	2.44781396892469	a7	a17	a37	2
12	2.44786698677733	a7	a16	a37	3
13	2.45067098198377	a7	a17
13	2.45277384313897	a7	a16
13	2.45423372758129	a7	a14
13	2.45527271519348	a7	a15
13	2.45538767737395	a6	a10
12	2.46051634311908	a6	a10	a38	0
12	2.46059262390706	a7	a14	a39	0
12	2.46074816097476	a7	a17	a39	1
12	2.46078224388002	a7	a16	a39	2
12	2.46088990258079	a7	a15	a39	3
13	2.4649709247378	a7	a14
13	2.4656247214206	a7	a17
13	2.46574157709581	a7	a15
13	2.46575131506874	a7	a16
13	2.46593498405824	a6	a10
12	2.46599936287931	a6	a10	a40	0
12	2.46606698769135	a7	a14	a41	0
12	2.46627121462371	a7	a17	a41	1
12	2.46639834927034	a7	a15	a41	2
12	2.46645677710795	a7	a16	a41	3
13	2.46744815685246	a7	a14
13	2.46923913237453	a7	a17
13	2.46958591241067	a7	a16
13	2.46968112814602	a7	a15
13	2.46983504221823	a6	a10
12	2.47027811998672	a8	a57	a49	0
13	2.48550830965517	a8	a57
12	2.48563382130632	a8	a57	a54	0
12	2.48894473210381	a8	a58	a53	0
13	2.5099657696769	a8	a58
12	2.51001337754457	a8	a58	a52	0
13	2.52067050692362	a8	a58
12	2.52071973778679	a8	a58	a51	0
13	2.52718466981783	a8	a58
13	2.53244425719908	a8	a57
13	2.53259898276903	a8	a56
13	2.53271421544874	a8	a55
12	2.53327144389995	a8	a55	a46	0
12	2.53332175676011	a8	a56	a48	0
13	2.60033469950102	a8	a56
12	2.60066579058077	a6	a10	a20	0
12	2.60075559633116	a7	a14	a21	0
12	2.6008597385417	a7	a17	a21	1
12	2.60095170828608	a7	a15	a21	2
12	2.60123519149815	a7	a16	a21	3
13	2.60150244475533	a7	a17
13	2.6019122511163	a7	a14
13	2.60289822087584	a7	a15
13	2.60361504388347	a7	a16
13	2.60376733496018	a6	a10
12	2.6041179019858	a8	a56	a44	0
12	2.60414603390761	a8	a57	a43	0
12	2.60447820698435	a6	a10	a22	0
12	2.60456314374827	a7	a14	a23	0
12	2.60473815676183	a7	a16	a23	1
12	2.60477548565808	a7	a17	a23	2
12	2.6048609634205	a7	a15	a23	3
13	2.60566840367626	a7	a14
12	2.60573007750484	a7	a14	a23	4
13	2.60604358613346	a7	a17
12	2.60610201397106	a7	a17	a23	5
13	2.6061252769064	a7	a16
13	2.60619290171844	a7	a15
12	2.60620534468386	a7	a16	a23	6
12	2.60630597040418	a7	a15	a23	7
13	2.60713856709001	a7	a17
12	2.60720781489754	a7	a17	a23	8
13	2.60729356315921	a7	a14
12	2.60735199099681	a7	a14	a23	9
13	2.60798685273225	a7	a16
13	2.60804095258188	a7	a15
12	2.60805501854278	a7	a16	a23	10
12	2.60814698828716	a7	a15	a23	11
13	2.60833417376689	a7	a17
12	2.60839638859396	a7	a17	a23	12
13	2.60851459676541	a7	a14
12	2.60857681159249	a7	a14	a23	13
13	2.60919003338807	a7	a16
13	2.60921221432642	a7	a15
12	2.60927767514447	a7	a16	a23	14
12	2.60930959405576	a7	a15	a23	15
13	2.60949299254601	a7	a17
13	2.60969451448589	a7	a14
13	2.6103623771296	a7	a15
13	2.61041160799276	a7	a16
13	2.6105893259988	a6	a10
12	2.61087064521689	a6	a10	a24	0
12	2.61093177804698	a7	a14	a25	0
13	2.61101455081691	a7	a14
12	2.61106161768609	a7	a14	a25	1
13	2.61111842252821	a7	a14
12	2.61113546398084	a7	a15	a25	2
12	2.61118063735529	a7	a14	a25	3
13	2.61123203221244	a7	a14
13	2.61133833841696	a7	a15
13	2.61147926852525	a6	a10
12	2.61155284432075	a6	a10	a26	0
12	2.61160964916287	a7	a14	a27	0
13	2.61171135688018	a7	a14
12	2.6117305623268	a7	a16	a27	1
12	2.61176058774334	a7	a14	a27	2
13	2.61186770544561	a7	a14
12	2.6118771729193	a7	a17	a27	3
13	2.61191017382757	a7	a16
13	2.61201512753586	a7	a17
13	2.61218581256145	a6	a10
12	2.61243304887427	a6	a10	a22	0
12	2.6125174446397	a7	a14	a23	0
12	2.61276927943973	a7	a15	a23	1
12	2.6127892963841	a7	a17	a23	2
12	2.61294943193901	a7	a16	a23	3
13	2.6135458827812	a7	a14
12	2.61361729458272	a7	a14	a23	4
13	2.61386858838426	a7	a17
12	2.61393026221284	a7	a17	a23	5
13	2.61393459020081	a7	a15
12	2.61399355903691	a7	a15	a23	6
13	2.61407957779783	a7	a16
12	2.61414882560536	a7	a16	a23	7
13	2.61465384770167	a7	a14
12	2.61472093151522	a7	a14	a23	8
13	2.61495545436337	a7	a17
12	2.6150252431694	a7	a17	a23	9
13	2.61509557297392	a7	a15
12	2.61516211578897	a7	a15	a23	10
13	2.61524921654687	a7	a16
12	2.61533144831832	a7	a16	a23	11
13	2.6157969775244	a7	a14
12	2.61587325831238	a7	a14	a23	12
13	2.61609155120565	a7	a17
12	2.61615052004175	a7	a17	a23	13
13	2.61627711368989	a7	a15
12	2.61636475544629	a7	a15	a23	14
13	2.61644698721773	a7	a16
12	2.61652867799068	a7	a16	a23	15
13	2.61694659932908	a7	a14
13	2.6171719252028	a7	a17
13	2.61744296544946	a7	a15
13	2.61761283897731	a7	a16
13	2.6177829830044	a6	a10
13	2.61790146167509	a8	a57
12	2.61792797060141	a6	a10	a28	0
12	2.61803779329617	a7	a14	a29	0
13	2.61813463202701	a7	a14
12	2.6181508619819	a7	a14	a29	1
13	2.61822119178642	a7	a14
12	2.61822308528116	a7	a17	a29	2
12	2.61826014367815	a7	a14	a29	3
12	2.61833020298343	a7	a16	a29	4
13	2.61833642446614	a7	a14
12	2.61839160631276	a7	a14	a29	5
13	2.61839620479998	a7	a17
12	2.61846166561803	a7	a17	a29	6
12	2.6184957485233	a7	a15	a29	7
13	2.61849953551278	a7	a16
13	2.61851928195789	a7	a14
13	2.61856120934136	a7	a17
12	2.61858663627069	a7	a16	a29	8
12	2.61862315366919	a7	a14	a29	9
13	2.61863911312483	a7	a15
12	2.61865047409325	a7	a17	a29	10
13	2.6186878029895	a7	a16
12	2.61874460783161	a7	a15	a29	11
13	2.61875055881507	a7	a17
12	2.61876732976846	a7	a16	a29	12
13	2.61877192825568	a7	a14
12	2.61881385563914	a7	a17	a29	13
12	2.61885361902862	a7	a14	a29	14
13	2.61887390647223	a7	a16
13	2.61888526744065	a7	a15
13	2.61890907137449	a7	a17
12	2.6189518102557	a7	a15	a29	15
13	2.61896127772939	a7	a14
13	2.61905676396399	a7	a15
13	2.61919336608431	a6	a10
13	2.61920580904973	a8	a56
12	2.61949145625578	a8	a56	a42	0
12	2.61956827804226	a6	a10	a30	0
12	2.61963914884528	a7	a14	a31	0
13	2.61981767834907	a7	a14
12	2.61983336730546	a7	a14	a31	1
12	2.61995644446337	a7	a16	a31	2
13	2.61997294491751	a7	a14
12	2.62006437366339	a7	a14	a31	3
12	2.62009223508595	a7	a17	a31	4
12	2.62015553191002	a7	a15	a31	5
13	2.62022748471003	a7	a16
13	2.62025642812958	a7	a14
13	2.62029835551305	a7	a17
12	2.62031025747997	a7	a16	a31	6
13	2.62036327533261	a7	a15
12	2.62036598032509	a7	a17	a31	7
12	2.62038464477321	a7	a14	a31	8
12	2.62046552404841	a7	a15	a31	9
13	2.62048608199127	a7	a16
13	2.62052503388301	a7	a17
13	2.62056425627399	a7	a14
12	2.62057264175068	a7	a16	a31	10
12	2.62058941270407	a7	a17	a31	11
13	2.62063593857475	a7	a15
12	2.6206508160334	a7	a14	a31	12
12	2.6207322363071	a7	a15	a31	13
13	2.62073602329657	a7	a16
13	2.62075928623191	a7	a17
12	2.62081879606651	a7	a17	a31	14
12	2.62083232102892	a7	a16	a31	15
13	2.62083908351012	a7	a14
13	2.62089128986502	a7	a15
13	2.62095566868608	a7	a17
13	2.62102383449662	a7	a16
13	2.62116746959739	a6	a10
13	2.62129947323049	a8	a56
12	2.62133409713426	a8	a56	a45	0
12	2.62134924509215	a6	a10	a32	0
12	2.62143959184104	a7	a14	a33	0
13	2.62147313374781	a7	a14
12	2.62151614312827	a7	a17	a33	1
12	2.62152831559444	a7	a14	a33	2
13	2.62155211952827	a7	a14
13	2.6215702429779	a7	a17
12	2.62159377641249	a7	a14	a33	3
13	2.62161162936287	a7	a14
12	2.62163083480949	a7	a15	a33	4
12	2.62167817217792	a7	a14	a33	5
13	2.62168655765461	a7	a15
13	2.6216949431313	a7	a14
12	2.62174173950124	a7	a17	a33	6
13	2.62176013345011	a7	a17
12	2.62178934736891	a7	a16	a33	7
12	2.62183506174185	a7	a14	a33	8
13	2.62184885720351	a7	a16
12	2.6218645461599	a7	a15	a33	9
13	2.6218723906381	a7	a14
13	2.62190512104712	a7	a15
12	2.62191702301404	a7	a17	a33	10
12	2.62193000697795	a7	a16	a33	11
13	2.62193433496593	a7	a17
12	2.62198708231932	a7	a14	a33	12
13	2.62199871378699	a7	a16
12	2.62202468171481	a7	a17	a33	13
13	2.62203090319752	a7	a14
13	2.6220403706712	a7	a17
12	2.62209663451482	a7	a16	a33	14
13	2.6221139464667	a7	a16
12	2.62212152044565	a7	a15	a33	15
13	2.62220537521258	a7	a15
13	2.62236848625922	a6	a10
13	2.62241501212991	a8	a56
12	2.6228726968578	a8	a56	a50	0
12	2.63015832360776	a6	a10	a34	0
12	2.63023027640777	a7	a14	a35	0
12	2.63045235629052	a7	a16	a35	1
12	2.63065685372213	a7	a17	a35	2
12	2.63067903466047	a7	a15	a35	3
13	2.67640882605683	a7	a14
13	2.67802668206008	a7	a16
13	2.67914600794897	a7	a15
13	2.67930506150689	a7	a17
13	2.67969214593101	a6	a10
12	2.67975544275508	a6	a10	a36	0
12	2.67982847755208	a7	a14	a37	0
12	2.67996994865887	a7	a16	a37	1
12	2.6801273792213	a7	a15	a37	2
12	2.68025451386793	a7	a17	a37	3
13	2.68444400622345	a7	a15
13	2.68566341683416	a7	a17
13	2.68712221927949	a7	a14
13	2.68816228888867	a7	a16
13	2.68829889100899	a6	a10
12	2.69362123421581	a6	a10	a38	0
12	2.69369859700078	a7	a14	a39	0
12	2.69385305207148	a7	a17	a39	1
12	2.69402563059181	a7	a15	a39	2
12	2.694144650261	a7	a16	a39	3
13	2.69820565547364	a7	a14
13	2.69882428725419	a7	a17
13	2.69897414383767	a7	a15
13	2.69917323128431	a7	a16
13	2.69931145640012	a6	a10
12	2.69936772024374	a6	a10	a40	0
12	2.69943047606932	a7	a14	a41	0
12	2.69962442403025	a7	a15	a41	1
12	2.69985056140171	a7	a16	a41	2
12	2.69991169423179	a7	a17	a41	3
13	2.70075538138681	a7	a14
13	2.7026172277119	a7	a17
13	2.70291748187736	a7	a15
13	2.70309384738716	a7	a16
13	2.70323531849395	a6	a10
12	2.70365837931807	a8	a57	a49	0
13	2.71946743737759	a8	a57
12	2.71957671907385	a8	a57	a54	0
12	2.7235411560549	a8	a58	a53	0
13	2.74532391951081	a8	a58
12	2.74535637942059	a8	a58	a52	0
13	2.75652853936813	a8	a58
12	2.75657831122979	a8	a58	a51	0
13	2.7634468281391	a8	a58
13	2.76876213836546	a8	a57
13	2.76891740493391	a8	a56
13	2.76905265455799	a8	a55
12	2.76914732929484	a8	a55	a50	0
12	2.78385870140533	a6	a10	a34	0
12	2.7839219982294	a7	a14	a35	0
12	2.78423280186553	a7	a17	a35	1
12	2.78429880368208	a7	a16	a35	2
12	2.78449572713475	a7	a15	a35	3
13	2.82682371998623	a7	a14
13	2.82986656602879	a7	a16
13	2.83153879238092	a7	a17
13	2.83222694246824	a7	a15
13	2.8324019554818	a6	a10
12	2.83248959723821	a6	a10	a36	0
12	2.83256804202017	a7	a14	a37	0
12	2.83269923415553	a7	a16	a37	1
12	2.83295188045331	a7	a17	a37	2
12	2.83364922751507	a7	a15	a37	3
13	2.83704399307949	a7	a17
13	2.8378297933954	a7	a14
13	2.83822607479396	a7	a15
13	2.83914955922718	a7	a16
13	2.8392861613475	a6	a10
12	2.844507878834	a6	a10	a38	0
12	2.84458361862349	a7	a14	a39	0
12	2.84480137051826	a7	a16	a39	1
12	2.84483761741751	a7	a17	a39	2
12	2.84487115932428	a7	a15	a39	3
13	2.84687150126443	a7	a14
13	2.84872739660606	a7	a16
13	2.84898328889482	a7	a17
13	2.85001497302731	a7	a15
13	2.85017375608598	a6	a10
12	2.85022623294012	a6	a10	a40	0
12	2.85036418755669	a7	a14	a41	0
12	2.85050295367099	a7	a17	a41	1
12	2.85077345291915	a7	a16	a41	2
12	2.85094657243798	a7	a15	a41	3
13	2.85169017487117	a7	a14
13	2.85350657732257	a7	a17
13	2.85423259730464	a7	a16
13	2.85456368838439	a7	a15
13	2.85506113650175	a6	a10
12	2.85544145844467	a8	a56	a49	0
13	2.87166762634485	a8	a56
12	2.8717347101584	a8	a56	a54	0
12	2.87493579826113	a8	a57	a53	0
13	2.90910309929485	a8	a57
12	2.90914746117155	a8	a57	a52	0
13	2.93626446980119	a8	a57
12	2.93630342169292	a8	a57	a51	0
13	2.94302316401574	a8	a57
13	2.94836336017293	a8	a56
13	2.94845262492483	a8	a55
