%EventDef PajeDefineContainerType 0 
%       Alias string 
%       Type string 
%       Name string 
%EndEventDef 
%EventDef PajeDefineVariableType 1 
%       Alias string 
%       Type string 
%       Name string 
%       Color color 
%EndEventDef 
%EventDef PajeDefineStateType 2 
%       Alias string 
%       Type string 
%       Name string 
%EndEventDef 
%EventDef PajeDefineEventType 3 
%       Alias string 
%       Type string 
%       Name string 
%       Color color 
%EndEventDef 
%EventDef PajeDefineLinkType 4 
%       Alias string 
%       Type string 
%       StartContainerType string 
%       EndContainerType string 
%       Name string 
%EndEventDef 
%EventDef PajeDefineEntityValue 5 
%       Alias string 
%       Type string 
%       Name string 
%       Color color 
%EndEventDef 
%EventDef PajeCreateContainer 6 
%       Time date 
%       Alias string 
%       Type string 
%       Container string 
%       Name string 
%EndEventDef 
%EventDef PajeDestroyContainer 7 
%       Time date 
%       Type string 
%       Name string 
%EndEventDef 
%EventDef PajeSetVariable 8 
%       Time date 
%       Type string 
%       Container string 
%       Value double 
%EndEventDef
%EventDef PajeAddVariable 9 
%       Time date 
%       Type string 
%       Container string 
%       Value double 
%EndEventDef
%EventDef PajeSubVariable 10 
%       Time date 
%       Type string 
%       Container string 
%       Value double 
%EndEventDef
%EventDef PajeSetState 11 
%       Time date 
%       Type string 
%       Container string 
%       Value string 
%EndEventDef
%EventDef PajePushState 12 
%       Time date 
%       Type string 
%       Container string 
%       Value string 
%       Id string 
%EndEventDef
%EventDef PajePopState 13 
%       Time date 
%       Type string 
%       Container string 
%EndEventDef
%EventDef PajeResetState 14 
%       Time date 
%       Type string 
%       Container string 
%EndEventDef
%EventDef PajeStartLink 15 
%       Time date 
%       Type string 
%       Container string 
%       Value string 
%       StartContainer string 
%       Key string 
%EndEventDef
%EventDef PajeEndLink 16 
%       Time date 
%       Type string 
%       Container string 
%       Value string 
%       EndContainer string 
%       Key string 
%EndEventDef
%EventDef PajeNewEvent 17 
%       Time date 
%       Type string 
%       Container string 
%       Value string 
%EndEventDef
0	a1	0	"Task Manager"
0	a2	a1	"Node"
0	a3	a1	"Thread"
0	a4	a1	"Jobs"
0	a5	a1	"Memory usage"
2	a6	a4	"Job"
2	a7	a3	"Task"
2	a8	a3	"Timer state"
6	0	a9	a1	0	"The task manager"
6	0	a10	a4	a9	"Jobs"
6	0	a11	a5	a9	"Memory"
1	a12	a1	"Memory [MB]"	"1.0 1.0 1.0"
6	0	a13	a2	a9	"Node 0"
6	0	a14	a3	a13	"Thread 0"
6	0	a15	a3	a13	"Thread 1"
6	0	a16	a3	a13	"Thread 2"
6	0	a17	a3	a13	"Thread 3"
5	a18	a6	"ngcore::ParallelFor<int,ngcore::EnterTaskManager()::{lambda(int)#1}>(ngcore::T_Range<int>,ngcore::EnterTaskManager()::{lambda(int)#1},int,ngcore::TotalCosts)::{lambda(ngcore::TaskInfo&)#1}"	"0.630615054310908 1 0"
5	a19	a7	"ngcore::ParallelFor<int,ngcore::EnterTaskManager()::{lambda(int)#1}>(ngcore::T_Range<int>,ngcore::EnterTaskManager()::{lambda(int)#1},int,ngcore::TotalCosts)::{lambda(ngcore::TaskInfo&)#1}"	"0.630615054310908 1 0"
5	a20	a6	"ngcore::ParallelForRange<netgen::ElementIndex,netgen::MeshOptimize3d::SwapImprove(netgen::Mesh&,netgen::OPTIMIZEGOAL,netgen::NgBitArray const*)::{lambda(auto:1)#1}>(ngcore::T_Range<netgen::ElementIndex>,netgen::MeshOptimize3d::SwapImprove(netgen::Mesh&,netgen::OPTIMIZEGOAL,netgen::NgBitArray const*)::{lambda(auto:1)#1},int,ngcore::TotalCosts)::{lambda(ngcore::TaskInfo&)#1}"	"0.708022642579866 0 1"
5	a21	a7	"ngcore::ParallelForRange<netgen::ElementIndex,netgen::MeshOptimize3d::SwapImprove(netgen::Mesh&,netgen::OPTIMIZEGOAL,netgen::NgBitArray const*)::{lambda(auto:1)#1}>(ngcore::T_Range<netgen::ElementIndex>,netgen::MeshOptimize3d::SwapImprove(netgen::Mesh&,netgen::OPTIMIZEGOAL,netgen::NgBitArray const*)::{lambda(auto:1)#1},int,ngcore::TotalCosts)::{lambda(ngcore::TaskInfo&)#1}"	"0.708022642579866 0 1"
5	a22	a6	"ngcore::ParallelForRange<netgen::ElementIndex,ngcore::CreateTable<netgen::ElementIndex,netgen::PointIndex,ngcore::T_Range<netgen::ElementIndex>,netgen::Mesh::CreatePoint2ElementTable(std::optional<ngcore::BitArray>)const::{lambda(auto:1&,netgen::ElementIndex)#1}>(ngcore::T_Range<netgen::ElementIndex>const&,netgen::Mesh::CreatePoint2ElementTable(std::optional<ngcore::BitArray>)const::{lambda(auto:1&,netgen::ElementIndex)#1}const&,std::optional<unsigned long>)::{lambda(auto:1)#1}>(ngcore::T_Range<netgen::ElementIndex>,ngcore::Table,int,ngcore::TotalCosts)::{lambda(ngcore::TaskInfo&)#1}"	"0 0.230008221284954 1"
5	a23	a7	"ngcore::ParallelForRange<netgen::ElementIndex,ngcore::CreateTable<netgen::ElementIndex,netgen::PointIndex,ngcore::T_Range<netgen::ElementIndex>,netgen::Mesh::CreatePoint2ElementTable(std::optional<ngcore::BitArray>)const::{lambda(auto:1&,netgen::ElementIndex)#1}>(ngcore::T_Range<netgen::ElementIndex>const&,netgen::Mesh::CreatePoint2ElementTable(std::optional<ngcore::BitArray>)const::{lambda(auto:1&,netgen::ElementIndex)#1}const&,std::optional<unsigned long>)::{lambda(auto:1)#1}>(ngcore::T_Range<netgen::ElementIndex>,ngcore::Table,int,ngcore::TotalCosts)::{lambda(ngcore::TaskInfo&)#1}"	"0 0.230008221284954 1"
5	a24	a6	"ngcore::TablePrefixSum2<unsigned int>(ngcore::FlatArray<unsigned int,unsigned long>)::{lambda(ngcore::TaskInfo)#1}"	"0 0.312895337658212 1"
5	a25	a7	"ngcore::TablePrefixSum2<unsigned int>(ngcore::FlatArray<unsigned int,unsigned long>)::{lambda(ngcore::TaskInfo)#1}"	"0 0.312895337658212 1"
5	a26	a6	"ngcore::TablePrefixSum2<unsigned int>(ngcore::FlatArray<unsigned int,unsigned long>)::{lambda(ngcore::TaskInfo)#2}"	"0 1 0.887517304832004"
5	a27	a7	"ngcore::TablePrefixSum2<unsigned int>(ngcore::FlatArray<unsigned int,unsigned long>)::{lambda(ngcore::TaskInfo)#2}"	"0 1 0.887517304832004"
5	a28	a6	"ngcore::ParallelForRange<netgen::PointIndex,ngcore::CreateSortedTable<netgen::ElementIndex,netgen::PointIndex,ngcore::T_Range<netgen::ElementIndex>,netgen::Mesh::CreatePoint2ElementTable(std::optional<ngcore::BitArray>)const::{lambda(auto:1&,netgen::ElementIndex)#1}>(ngcore::T_Range<netgen::ElementIndex>const&,netgen::Mesh::CreatePoint2ElementTable(std::optional<ngcore::BitArray>)const::{lambda(auto:1&,netgen::ElementIndex)#1}const&,std::optional<unsigned long>)::{lambda(auto:1)#1}>(ngcore::T_Range<netgen::PointIndex>,ngcore::Table,int,ngcore::TotalCosts)::{lambda(ngcore::TaskInfo&)#1}"	"0 0.170427812303051 1"
5	a29	a7	"ngcore::ParallelForRange<netgen::PointIndex,ngcore::CreateSortedTable<netgen::ElementIndex,netgen::PointIndex,ngcore::T_Range<netgen::ElementIndex>,netgen::Mesh::CreatePoint2ElementTable(std::optional<ngcore::BitArray>)const::{lambda(auto:1&,netgen::ElementIndex)#1}>(ngcore::T_Range<netgen::ElementIndex>const&,netgen::Mesh::CreatePoint2ElementTable(std::optional<ngcore::BitArray>)const::{lambda(auto:1&,netgen::ElementIndex)#1}const&,std::optional<unsigned long>)::{lambda(auto:1)#1}>(ngcore::T_Range<netgen::PointIndex>,ngcore::Table,int,ngcore::TotalCosts)::{lambda(ngcore::TaskInfo&)#1}"	"0 0.170427812303051 1"
5	a30	a6	"ngcore::ParallelFor<unsigned long,netgen::BuildEdgeList<netgen::ElementIndex>(netgen::Mesh const&,ngcore::Table<netgen::ElementIndex,netgen::PointIndex>const&,ngcore::Array<std::tuple<netgen::PointIndex,netgen::PointIndex>,unsigned long>&)::{lambda(int)#1}>(ngcore::T_Range<unsigned long>,netgen::BuildEdgeList<netgen::ElementIndex>(netgen::Mesh const&,ngcore::Table<netgen::ElementIndex,netgen::PointIndex>const&,ngcore::Array<std::tuple<netgen::PointIndex,netgen::PointIndex>,unsigned long>&)::{lambda(int)#1},int,ngcore::TotalCosts)::{lambda(ngcore::TaskInfo&)#1}"	"1 0.872005992306398 0"
5	a31	a7	"ngcore::ParallelFor<unsigned long,netgen::BuildEdgeList<netgen::ElementIndex>(netgen::Mesh const&,ngcore::Table<netgen::ElementIndex,netgen::PointIndex>const&,ngcore::Array<std::tuple<netgen::PointIndex,netgen::PointIndex>,unsigned long>&)::{lambda(int)#1}>(ngcore::T_Range<unsigned long>,netgen::BuildEdgeList<netgen::ElementIndex>(netgen::Mesh const&,ngcore::Table<netgen::ElementIndex,netgen::PointIndex>const&,ngcore::Array<std::tuple<netgen::PointIndex,netgen::PointIndex>,unsigned long>&)::{lambda(int)#1},int,ngcore::TotalCosts)::{lambda(ngcore::TaskInfo&)#1}"	"1 0.872005992306398 0"
5	a32	a6	"ngcore::ParallelForRange<unsigned long,netgen::MeshOptimize3d::SwapImprove(netgen::Mesh&,netgen::OPTIMIZEGOAL,netgen::NgBitArray const*)::{lambda(auto:1)#2}>(ngcore::T_Range<unsigned long>,netgen::MeshOptimize3d::SwapImprove(netgen::Mesh&,netgen::OPTIMIZEGOAL,netgen::NgBitArray const*)::{lambda(auto:1)#2},int,ngcore::TotalCosts)::{lambda(ngcore::TaskInfo&)#1}"	"1 0.408375991137786 0"
5	a33	a7	"ngcore::ParallelForRange<unsigned long,netgen::MeshOptimize3d::SwapImprove(netgen::Mesh&,netgen::OPTIMIZEGOAL,netgen::NgBitArray const*)::{lambda(auto:1)#2}>(ngcore::T_Range<unsigned long>,netgen::MeshOptimize3d::SwapImprove(netgen::Mesh&,netgen::OPTIMIZEGOAL,netgen::NgBitArray const*)::{lambda(auto:1)#2},int,ngcore::TotalCosts)::{lambda(ngcore::TaskInfo&)#1}"	"1 0.408375991137786 0"
5	a34	a6	"ngcore::ParallelForRange<netgen::ElementIndex,netgen::Mesh::Compress()::{lambda(auto:1)#1}>(ngcore::T_Range<netgen::ElementIndex>,netgen::Mesh::Compress()::{lambda(auto:1)#1},int,ngcore::TotalCosts)::{lambda(ngcore::TaskInfo&)#1}"	"1 0.0611641584106637 0"
5	a35	a7	"ngcore::ParallelForRange<netgen::ElementIndex,netgen::Mesh::Compress()::{lambda(auto:1)#1}>(ngcore::T_Range<netgen::ElementIndex>,netgen::Mesh::Compress()::{lambda(auto:1)#1},int,ngcore::TotalCosts)::{lambda(ngcore::TaskInfo&)#1}"	"1 0.0611641584106637 0"
5	a36	a6	"ngcore::ParallelForRange<netgen::SurfaceElementIndex,netgen::Mesh::Compress()::{lambda(auto:1)#2}>(ngcore::T_Range<netgen::SurfaceElementIndex>,netgen::Mesh::Compress()::{lambda(auto:1)#2},int,ngcore::TotalCosts)::{lambda(ngcore::TaskInfo&)#1}"	"1 0 -2.77631980257023"
5	a37	a7	"ngcore::ParallelForRange<netgen::SurfaceElementIndex,netgen::Mesh::Compress()::{lambda(auto:1)#2}>(ngcore::T_Range<netgen::SurfaceElementIndex>,netgen::Mesh::Compress()::{lambda(auto:1)#2},int,ngcore::TotalCosts)::{lambda(ngcore::TaskInfo&)#1}"	"1 0 -2.77631980257023"
5	a38	a6	"ngcore::ParallelForRange<netgen::ElementIndex,netgen::Mesh::Compress()::{lambda(auto:1)#3}>(ngcore::T_Range<netgen::ElementIndex>,netgen::Mesh::Compress()::{lambda(auto:1)#3},int,ngcore::TotalCosts)::{lambda(ngcore::TaskInfo&)#1}"	"0.688034037288286 1 0"
5	a39	a7	"ngcore::ParallelForRange<netgen::ElementIndex,netgen::Mesh::Compress()::{lambda(auto:1)#3}>(ngcore::T_Range<netgen::ElementIndex>,netgen::Mesh::Compress()::{lambda(auto:1)#3},int,ngcore::TotalCosts)::{lambda(ngcore::TaskInfo&)#1}"	"0.688034037288286 1 0"
5	a40	a6	"ngcore::ParallelForRange<netgen::SurfaceElementIndex,netgen::Mesh::Compress()::{lambda(auto:1)#4}>(ngcore::T_Range<netgen::SurfaceElementIndex>,netgen::Mesh::Compress()::{lambda(auto:1)#4},int,ngcore::TotalCosts)::{lambda(ngcore::TaskInfo&)#1}"	"0 0.666479625428673 1"
5	a41	a7	"ngcore::ParallelForRange<netgen::SurfaceElementIndex,netgen::Mesh::Compress()::{lambda(auto:1)#4}>(ngcore::T_Range<netgen::SurfaceElementIndex>,netgen::Mesh::Compress()::{lambda(auto:1)#4},int,ngcore::TotalCosts)::{lambda(ngcore::TaskInfo&)#1}"	"0 0.666479625428673 1"
5	a42	a8	"Build edges"	"0 0.0614795051658243 1"
5	a43	a8	"CreateTable"	"0.608616351291681 0 1"
5	a44	a8	"CreateSortedTable"	"0 0.0381698166109086 1"
5	a45	a8	"MeshOptimize3d::SwapImprove loop"	"0.154668690207104 1 0"
5	a46	a8	"MeshOptimize3d::SwapImprove"	"1 0 -2.43968480148811"
5	a47	a8	"FreeOpenElementsEnvironment"	"0.907015785320433 0 1"
5	a48	a8	"Mesh::BuildBoundaryEdges"	"1 0 -2.61861416630415"
5	a49	a8	"Mesh::LinkSurfaceElements"	"0 1 0.171518596860468"
5	a50	a8	"Mesh::Compress"	"1 0.648677515017027 0"
5	a51	a8	"Mesh::CalcSurfacesOfNode, pointloop"	"0 0.319536079261344 1"
5	a52	a8	"Mesh::CalcSurfacesOfNode - surfelementht"	"0.690162641156969 0 1"
5	a53	a8	"Mesh::CalcSurfacesOfNode - surf on node"	"0.000515674241007069 1 0"
5	a54	a8	"Mesh::CalcSurfacesOfNode"	"1 0 -2.35340285344361"
6	0	a55	a3	a9	"Timer level 0"
6	0	a56	a3	a9	"Timer level 1"
6	0	a57	a3	a9	"Timer level 2"
6	0	a58	a3	a9	"Timer level 3"
4	a59	a2	a3	a3	"links"
8	0	a12	a11	0
12	0.180815763431717	a6	a10	a18	0
12	0.180886093236239	a7	a14	a19	0
13	0.180988341952044	a7	a14
12	0.181006735900919	a7	a14	a19	1
13	0.18102999883626	a7	a14
12	0.181059753753558	a7	a14	a19	2
13	0.181065704737018	a7	a14
12	0.181101410637775	a7	a14	a19	3
13	0.181107361621234	a7	a14
13	0.181339449976157	a6	a10
12	0.184208365002152	a8	a55	a47	0
13	0.199807515645101	a8	a55
12	0.200250052415092	a8	a55	a46	0
12	0.200418843945945	a8	a56	a48	0
13	0.200480517774525	a8	a56
12	0.202512508126711	a6	a10	a20	0
12	0.202619625828982	a7	a14	a21	0
12	0.202734317510203	a7	a16	a21	1
12	0.202940978935798	a7	a17	a21	2
13	0.202994537786934	a7	a14
12	0.203039981660625	a7	a14	a21	3
13	0.203294791952392	a7	a14
13	0.204207997414184	a7	a16
13	0.204414117841283	a7	a17
13	0.204561810430778	a6	a10
12	0.205590248572287	a8	a56	a44	0
12	0.205697366274558	a8	a57	a43	0
12	0.205884010755789	a6	a10	a22	0
12	0.205948930575348	a7	a14	a23	0
12	0.206194543892678	a7	a16	a23	1
12	0.206214019838546	a7	a15	a23	2
12	0.206386057360376	a7	a17	a23	3
13	0.206548356909273	a7	a14
12	0.206587308801008	a7	a14	a23	4
13	0.207029845570999	a7	a14
12	0.207045534527393	a7	a14	a23	5
13	0.207170505180043	a7	a17
13	0.20718132514997	a7	a16
12	0.207236506996594	a7	a17	a23	6
13	0.207249490960506	a7	a15
12	0.207259769931936	a7	a16	a23	7
12	0.207321443760517	a7	a15	a23	8
13	0.207483202310917	a7	a14
12	0.207535138166564	a7	a14	a23	9
13	0.207809424404199	a7	a16
13	0.207848917294431	a7	a15
13	0.207865688247817	a7	a17
12	0.207872180229773	a7	a16	a23	10
12	0.207927362076398	a7	a15	a23	11
12	0.207945756025273	a7	a17	a23	12
13	0.207978756933548	a7	a14
12	0.20802257781175	a7	a14	a23	13
13	0.208429949679481	a7	a16
13	0.208442392644896	a7	a14
12	0.208480803538135	a7	a14	a23	14
12	0.208507312464455	a7	a16	a23	15
13	0.208565740302058	a7	a15
13	0.208619299153193	a7	a17
13	0.208888716404362	a7	a14
13	0.209144067694626	a7	a16
13	0.209303662251041	a6	a10
12	0.209719690094712	a6	a10	a24	0
12	0.209808413848109	a7	a14	a25	0
12	0.209877120657142	a7	a16	a25	1
13	0.209881989643609	a7	a14
12	0.209916613547374	a7	a14	a25	2
13	0.20995827043159	a7	a14
12	0.209975041384976	a7	a14	a25	3
13	0.210010747285734	a7	a14
13	0.210206047742906	a7	a16
13	0.210363478305336	a6	a10
12	0.21058636968582	a6	a10	a26	0
12	0.210642092530941	a7	a14	a27	0
13	0.210705930353507	a7	a14
12	0.210721619309901	a7	a14	a27	1
13	0.210772473168555	a7	a14
12	0.21081737604375	a7	a14	a27	2
12	0.210838474985106	a7	a16	a27	3
13	0.210853081944507	a7	a14
13	0.211315635658862	a7	a16
13	0.211458459261891	a6	a10
12	0.211648890732597	a6	a10	a22	0
12	0.211713269553659	a7	a14	a23	0
12	0.211941029920611	a7	a16	a23	1
12	0.211989719785279	a7	a15	a23	2
12	0.212015146714607	a7	a17	a23	3
13	0.212116313433419	a7	a14
12	0.212157970317636	a7	a14	a23	4
13	0.212439289535723	a7	a16
12	0.212479323424451	a7	a16	a23	5
13	0.212483110413925	a7	a15
13	0.212493389385355	a7	a17
12	0.212551276224462	a7	a17	a23	6
12	0.212568588176344	a7	a15	a23	7
13	0.212569670173337	a7	a14
12	0.212603753078605	a7	a14	a23	8
13	0.212931598167376	a7	a16
13	0.212977583039563	a7	a17
12	0.212992189998964	a7	a16	a23	9
13	0.213020862919269	a7	a14
13	0.213037092874159	a7	a15
12	0.213043043857618	a7	a17	a23	10
12	0.213099307701236	a7	a14	a23	11
12	0.213130144615526	a7	a15	a23	12
13	0.213470432669713	a7	a16
13	0.213486121626106	a7	a17
13	0.213538057481753	a7	a14
12	0.213542385469724	a7	a16	a23	13
12	0.213559697421606	a7	a17	a23	14
12	0.213582960356948	a7	a14	a23	15
13	0.213628945229135	a7	a15
13	0.213988168230693	a7	a14
13	0.214202944633733	a7	a17
13	0.214273274438255	a7	a16
13	0.214402032080379	a6	a10
13	0.214558380645816	a8	a57
12	0.21459895553304	a6	a10	a28	0
12	0.214655760375154	a7	a14	a29	0
12	0.214834289878941	a7	a17	a29	1
12	0.214889471725565	a7	a16	a29	2
13	0.214896504706018	a7	a14
12	0.214929505614293	a7	a14	a29	3
13	0.214985228459414	a7	a14
12	0.215026885343631	a7	a14	a29	4
12	0.215059886251907	a7	a15	a29	5
13	0.215067460230855	a7	a14
13	0.215077739202285	a7	a16
13	0.21509613315116	a7	a17
12	0.215111822107554	a7	a14	a29	6
12	0.215152396994778	a7	a16	a29	7
13	0.215165921957186	a7	a14
12	0.215169167948164	a7	a17	a29	8
12	0.21520649684441	a7	a14	a29	9
13	0.215224349794789	a7	a16
13	0.21525951469705	a7	a17
13	0.215275203653443	a7	a14
13	0.215275203653443	a7	a15
12	0.215284941626377	a7	a16	a29	10
12	0.215333631491046	a7	a14	a29	11
13	0.215363386408343	a7	a16
13	0.21539043633316	a7	a14
12	0.215408830282035	a7	a17	a29	12
12	0.215420732248954	a7	a15	a29	13
12	0.215434257211362	a7	a16	a29	14
12	0.215455897151215	a7	a14	a29	15
13	0.215472668104601	a7	a17
13	0.21547861908806	a7	a16
13	0.215500259027913	a7	a15
13	0.215544620904611	a7	a14
13	0.21570367446253	a6	a10
13	0.215737757367798	a8	a56
12	0.216665569788991	a8	a56	a42	0
12	0.216853837265711	a6	a10	a30	0
12	0.216907396116846	a7	a14	a31	0
12	0.217005316844681	a7	a15	a31	1
12	0.217075105650706	a7	a17	a31	2
12	0.21711135254996	a7	a16	a31	3
13	0.21721576525975	a7	a14
12	0.217254176152989	a7	a14	a31	4
13	0.21729366904322	a7	a15
13	0.21731584998157	a7	a17
13	0.217346145897364	a7	a14
13	0.217361293855261	a7	a16
12	0.217363457849246	a7	a15	a31	5
12	0.217385638787595	a7	a14	a31	6
12	0.217426754673316	a7	a17	a31	7
13	0.217448394613168	a7	a15
12	0.217453263599635	a7	a16	a31	8
13	0.217495461482348	a7	a14
13	0.21752467540115	a7	a17
12	0.217543069350025	a7	a14	a31	9
13	0.217566332285367	a7	a16
12	0.217586349229731	a7	a15	a31	10
13	0.217634498095903	a7	a14
12	0.217644777067333	a7	a17	a31	11
12	0.217668040002675	a7	a16	a31	12
12	0.217684269957565	a7	a14	a31	13
13	0.217703745903432	a7	a15
13	0.217745402787649	a7	a17
13	0.21776000974705	a7	a14
13	0.217769206721487	a7	a16
12	0.217773534709458	a7	a15	a31	14
12	0.217866586450825	a7	a17	a31	15
13	0.217877406420752	a7	a15
13	0.217966671172645	a7	a17
13	0.218107330781689	a6	a10
13	0.218437339864445	a8	a56
12	0.218602344405823	a8	a56	a45	0
12	0.219148211888612	a6	a10	a32	0
12	0.219210967714186	a7	a14	a33	0
12	0.219311052436005	a7	a15	a33	1
13	0.219400858186395	a7	a14
12	0.219451712045049	a7	a14	a33	2
12	0.219465778005953	a7	a17	a33	3
13	0.219476056977383	a7	a14
13	0.219479843966858	a7	a15
12	0.219515008869119	a7	a14	a33	4
13	0.219531238824008	a7	a14
12	0.219566944724765	a7	a15	a33	5
13	0.219576682697699	a7	a17
12	0.219584797675144	a7	a14	a33	6
13	0.219594535648078	a7	a15
13	0.219600486631537	a7	a14
12	0.219671898433052	a7	a17	a33	7
13	0.219696243365386	a7	a17
12	0.219718965302232	a7	a15	a33	8
12	0.219730867269151	a7	a14	a33	9
13	0.219736818252611	a7	a15
13	0.219747097224041	a7	a14
12	0.21977955713382	a7	a17	a33	10
12	0.219801197073673	a7	a15	a33	11
13	0.219802820069162	a7	a17
13	0.219816886030066	a7	a15
12	0.219826624003	a7	a14	a33	12
13	0.219845017951875	a7	a14
12	0.219846640947364	a7	a16	a33	13
12	0.219901281795492	a7	a17	a33	14
12	0.21992075774136	a7	a15	a33	15
13	0.219932659708279	a7	a17
13	0.219935905699257	a7	a15
13	0.220016514475209	a7	a16
13	0.220184765007565	a6	a10
13	0.220388180442182	a8	a56
12	0.221473423425804	a8	a56	a50	0
12	0.226113567528758	a6	a10	a34	0
12	0.226175241357339	a7	a14	a35	0
12	0.226247735155846	a7	a15	a35	1
12	0.226416526686698	a7	a17	a35	2
12	0.226610204148382	a7	a16	a35	3
13	0.226933721249182	a7	a14
13	0.242609693678608	a7	a17
13	0.242801207146306	a7	a15
13	0.243500177203554	a7	a16
13	0.243638672818613	a6	a10
12	0.243780955423146	a6	a10	a36	0
12	0.243843170250223	a7	a14	a37	0
12	0.244006010797615	a7	a17	a37	1
12	0.244047667681832	a7	a15	a37	2
12	0.244174261329972	a7	a16	a37	3
13	0.244492368445809	a7	a14
13	0.247536566984613	a7	a16
13	0.248120304362144	a7	a15
13	0.249191481384862	a7	a17
13	0.249328895002928	a6	a10
12	0.253251675099758	a6	a10	a38	0
12	0.253436696585501	a7	a14	a39	0
12	0.253758049692316	a7	a16	a39	1
12	0.253846232447216	a7	a17	a39	2
12	0.253921431238205	a7	a15	a39	3
13	0.254948246384224	a7	a14
13	0.255754334143744	a7	a16
13	0.255821958955784	a7	a17
13	0.25596965154528	a7	a15
13	0.256108688158835	a6	a10
12	0.256306152609992	a6	a10	a40	0
12	0.256437615244599	a7	a14	a41	0
12	0.256595045807028	a7	a15	a41	1
12	0.25680224823112	a7	a16	a41	2
12	0.256874201031131	a7	a17	a41	3
13	0.256956973801068	a7	a14
13	0.258142301506509	a7	a16
13	0.258185581386215	a7	a15
13	0.258326240995259	a7	a17
13	0.258467982601295	a6	a10
12	0.259008440099121	a8	a57	a49	0
13	0.266534270181456	a8	a57
12	0.2666749297905	a8	a57	a54	0
12	0.271391354681435	a8	a58	a53	0
13	0.284637702863879	a8	a58
12	0.284677195754111	a8	a58	a52	0
13	0.290578407351991	a8	a58
12	0.290613572254252	a8	a58	a51	0
13	0.293250398925326	a8	a58
13	0.296048984146799	a8	a57
13	0.296432552080692	a8	a56
13	0.296674378408547	a8	a55
12	0.297163441049223	a8	a55	a46	0
12	0.297182375996594	a8	a56	a48	0
13	0.344495399492434	a8	a56
12	0.344762652749617	a6	a10	a20	0
12	0.344891410391742	a7	a14	a21	0
12	0.345034233994771	a7	a17	a21	1
12	0.345290126283531	a7	a16	a21	2
12	0.345351800112112	a7	a15	a21	3
13	0.345368030067002	a7	a14
13	0.345864125688129	a7	a15
13	0.346227135679161	a7	a16
13	0.346525766849131	a7	a17
13	0.346664262464189	a6	a10
12	0.346889317838659	a8	a56	a44	0
12	0.346912580774001	a8	a57	a43	0
12	0.347055945375526	a6	a10	a22	0
12	0.347141964136442	a7	a14	a23	0
12	0.347359445531963	a7	a16	a23	1
12	0.347373511492867	a7	a17	a23	2
12	0.347414086380092	a7	a15	a23	3
13	0.347594779877863	a7	a14
12	0.34764076475005	a7	a14	a23	4
13	0.348007561730557	a7	a16
13	0.348072481550115	a7	a14
13	0.348076809538086	a7	a15
12	0.348082219523049	a7	a16	a23	5
12	0.348114138434332	a7	a14	a23	6
12	0.348177976256898	a7	a15	a23	7
13	0.348400867637383	a7	a17
12	0.348467951450927	a7	a17	a23	8
13	0.348535576262967	a7	a16
13	0.348569659168235	a7	a14
12	0.348597791090044	a7	a16	a23	9
12	0.348619972028393	a7	a14	a23	10
13	0.348652972936669	a7	a15
12	0.348722761742694	a7	a15	a23	11
13	0.349044655848006	a7	a16
13	0.349065213790866	a7	a14
13	0.349090099721697	a7	a17
12	0.34910146069012	a7	a14	a23	12
12	0.349135543595388	a7	a16	a23	13
12	0.349176659481109	a7	a17	a23	14
13	0.349239415306682	a7	a15
12	0.349307040118722	a7	a15	a23	15
13	0.349729018945853	a7	a15
13	0.349855071595496	a7	a14
13	0.349970845273709	a7	a16
13	0.350103389905308	a7	a17
13	0.35024134452187	a6	a10
12	0.350502105797098	a6	a10	a24	0
12	0.350628158446741	a7	a14	a25	0
13	0.350683881291862	a7	a14
12	0.350704439234722	a7	a14	a25	1
13	0.350743391126457	a7	a14
12	0.350796408979097	a7	a14	a25	2
12	0.350816966921957	a7	a15	a25	3
13	0.350831573881358	a7	a14
13	0.351004152401684	a7	a15
13	0.351344440455871	a6	a10
12	0.351403950290466	a6	a10	a26	0
12	0.351482395072433	a7	a14	a27	0
13	0.351546773893495	a7	a14
12	0.351590594771697	a7	a14	a27	1
12	0.351624136678469	a7	a16	a27	2
13	0.351632251655914	a7	a14
12	0.351667957556671	a7	a14	a27	3
13	0.351711237436377	a7	a14
13	0.351838372083013	a7	a16
13	0.351953604762729	a6	a10
12	0.35209913335824	a6	a10	a22	0
12	0.352173250152236	a7	a14	a23	0
12	0.352325270729703	a7	a15	a23	1
12	0.352447536389871	a7	a16	a23	2
13	0.352584950007937	a7	a14
12	0.352627688889147	a7	a14	a23	3
12	0.352676919752312	a7	a17	a23	4
13	0.352904139120767	a7	a15
12	0.352973927926793	a7	a15	a23	5
13	0.353011797821535	a7	a16
13	0.353048044720789	a7	a14
12	0.353100521574932	a7	a16	a23	6
12	0.353118915523807	a7	a14	a23	7
13	0.353454875590023	a7	a17
13	0.353505729448677	a7	a15
12	0.35352736938853	a7	a17	a23	8
13	0.353549009328383	a7	a16
13	0.353557124305828	a7	a14
12	0.353580928239666	a7	a15	a23	9
12	0.353622585123883	a7	a14	a23	10
12	0.353653422038173	a7	a16	a23	11
13	0.354043481954021	a7	a14
13	0.354067826886356	a7	a15
12	0.354079728853275	a7	a14	a23	12
13	0.354114893755536	a7	a16
12	0.354134369701403	a7	a15	a23	13
13	0.354159796630731	a7	a17
12	0.354213896480363	a7	a16	a23	14
12	0.354250684378113	a7	a17	a23	15
13	0.354483313731531	a7	a14
13	0.354573660480417	a7	a15
13	0.354665630224792	a7	a16
13	0.355047034164699	a7	a17
13	0.355229891656456	a6	a10
13	0.355287778495562	a8	a57
12	0.35532186140083	a6	a10	a28	0
12	0.355383535229411	a7	a14	a29	0
13	0.355429520101598	a7	a14
12	0.355450078044459	a7	a14	a29	1
13	0.355496062916646	a7	a14
12	0.355512292871536	a7	a14	a29	2
13	0.355549621767782	a7	a14
12	0.355565851722671	a7	a14	a29	3
13	0.355603721617414	a7	a14
12	0.355642132510653	a7	a14	a29	4
12	0.355657821467046	a7	a15	a29	5
13	0.355680543403892	a7	a14
12	0.355721118291116	a7	a14	a29	6
13	0.355760611181347	a7	a14
12	0.355762234176836	a7	a16	a29	7
13	0.35578820210466	a7	a15
12	0.355801186068572	a7	a14	a29	8
13	0.355841760955796	a7	a16
13	0.355849334934744	a7	a14
12	0.355858531909182	a7	a15	a29	9
12	0.35591912374077	a7	a14	a29	10
13	0.355956993635512	a7	a15
12	0.355964026615964	a7	a16	a29	11
13	0.355968895602431	a7	a14
12	0.355977010579876	a7	a17	a29	12
13	0.356012716480633	a7	a16
12	0.356024618447553	a7	a14	a29	13
12	0.356055455361843	a7	a15	a29	14
13	0.356077095301696	a7	a14
13	0.35610144023403	a7	a17
12	0.356113342200949	a7	a16	a29	15
13	0.356117129190424	a7	a15
13	0.356218836907732	a7	a16
13	0.356368693491213	a6	a10
13	0.356387087440088	a8	a56
12	0.35671926051683	a8	a56	a42	0
12	0.356805279277745	a6	a10	a30	0
12	0.356879937070238	a7	a14	a31	0
13	0.357040072625149	a7	a14
12	0.357056302580039	a7	a14	a31	1
13	0.357133665365013	a7	a14
12	0.357150436318399	a7	a14	a31	2
12	0.357209405154498	a7	a15	a31	3
13	0.357227799103373	a7	a14
12	0.357265127999619	a7	a14	a31	4
12	0.357313817864288	a7	a16	a31	5
13	0.357350064763541	a7	a14
12	0.357367376715424	a7	a17	a31	6
12	0.357393344643247	a7	a14	a31	7
13	0.357428509545508	a7	a15
13	0.357446903494383	a7	a16
13	0.357470166429725	a7	a14
12	0.357495052360556	a7	a15	a31	8
12	0.357520479289883	a7	a14	a31	9
12	0.35753995523575	a7	a16	a31	10
13	0.357591891091397	a7	a15
13	0.357597301076361	a7	a17
13	0.357623269004184	a7	a14
13	0.357641662953059	a7	a16
12	0.357662220895919	a7	a14	a31	11
12	0.35771361575307	a7	a17	a31	12
12	0.357735255692923	a7	a15	a31	13
12	0.357749321653827	a7	a16	a31	14
13	0.357772584589169	a7	a14
12	0.357839127404217	a7	a14	a31	15
13	0.357843455392187	a7	a15
13	0.357858062351588	a7	a17
13	0.357863472336551	a7	a16
13	0.35792244117265	a7	a14
13	0.358099347680947	a6	a10
13	0.358285992162178	a8	a56
12	0.358339551013314	a8	a56	a45	0
12	0.358385535885502	a6	a10	a32	0
12	0.358527818490034	a7	a14	a33	0
13	0.35854458944342	a7	a14
12	0.35856081939831	a7	a14	a33	1
13	0.358583541335156	a7	a14
12	0.358600312288542	a7	a14	a33	2
13	0.358617083241928	a7	a14
12	0.358663609112611	a7	a14	a33	3
13	0.358680380065997	a7	a14
12	0.358720413954725	a7	a14	a33	4
12	0.358733397918637	a7	a17	a33	5
13	0.358736102911118	a7	a14
12	0.358781546784809	a7	a14	a33	6
13	0.358799940733684	a7	a14
12	0.3588269906585	a7	a14	a33	7
13	0.35883294164196	a7	a17
13	0.35884322061339	a7	a14
12	0.358895156469037	a7	a14	a33	8
12	0.358919501401372	a7	a17	a33	9
13	0.358922206393853	a7	a14
13	0.358937895350247	a7	a17
12	0.358976847241982	a7	a14	a33	10
12	0.358994159193864	a7	a17	a33	11
13	0.358994159193864	a7	a14
13	0.359013094141235	a7	a17
12	0.359036357076577	a7	a14	a33	12
13	0.359054210026956	a7	a14
12	0.359061243007408	a7	a15	a33	13
12	0.359096948908165	a7	a14	a33	14
13	0.359104522887114	a7	a15
13	0.359113719861551	a7	a14
12	0.359120211843507	a7	a16	a33	15
13	0.359200279620963	a7	a16
13	0.359397203073624	a6	a10
13	0.359481057840554	a8	a56
12	0.359977153461681	a8	a56	a50	0
12	0.362796837624511	a6	a10	a34	0
12	0.362941825221526	a7	a14	a35	0
12	0.363044614935827	a7	a17	a35	1
12	0.363396804956932	a7	a15	a35	2
12	0.363418985895282	a7	a16	a35	3
13	0.377079197927412	a7	a14
13	0.38269692631322	a7	a17
13	0.383749709387062	a7	a15
13	0.384013716653268	a7	a16
13	0.384388087612722	a6	a10
12	0.384576355089442	a6	a10	a36	0
12	0.384650471883439	a7	a14	a37	0
12	0.384808984442861	a7	a15	a37	1
12	0.384956677032357	a7	a17	a37	2
12	0.384990218939129	a7	a16	a37	3
13	0.386228023498713	a7	a16
13	0.38922623716533	a7	a14
13	0.38983810646467	a7	a15
13	0.390187591493294	a7	a17
13	0.390365579998584	a6	a10
12	0.393948072041228	a6	a10	a38	0
12	0.394040041785603	a7	a14	a39	0
12	0.394214784299915	a7	a17	a39	1
12	0.394437134681904	a7	a15	a39	2
12	0.394472840582661	a7	a16	a39	3
13	0.396247856649093	a7	a15
13	0.396254348631049	a7	a16
13	0.396260299614509	a7	a14
13	0.396689852420588	a7	a17
13	0.396888939867235	a6	a10
12	0.396968466646194	a6	a10	a40	0
12	0.397080453334933	a7	a14	a41	0
12	0.397460775277847	a7	a15	a41	1
12	0.397482956216196	a7	a16	a41	2
12	0.397573843963578	a7	a17	a41	3
13	0.397991494802739	a7	a14
13	0.39894148816228	a7	a16
13	0.398991801022438	a7	a15
13	0.399252021299169	a7	a17
13	0.399442452769875	a6	a10
12	0.399893645515807	a8	a57	a49	0
13	0.408617787267496	a8	a57
12	0.408790906786319	a8	a57	a54	0
12	0.412297118040982	a8	a58	a53	0
13	0.423827418993093	a8	a58
12	0.423875026860769	a8	a58	a52	0
13	0.429119466284114	a8	a58
12	0.429160041171338	a8	a58	a51	0
13	0.43187801761686	a8	a58
13	0.434603027042834	a8	a57
13	0.434684717815779	a8	a56
13	0.434890297244381	a8	a55
12	0.435518937497107	a8	a55	a46	0
12	0.435549233412901	a8	a56	a48	0
13	0.462831246583923	a8	a56
12	0.463036826012526	a6	a10	a20	0
12	0.463121762776448	a7	a14	a21	0
12	0.463203994547889	a7	a15	a21	1
12	0.463405786987017	a7	a16	a21	2
12	0.46348477276748	a7	a17	a21	3
13	0.463596218457723	a7	a14
13	0.463963556436725	a7	a15
13	0.464425569152584	a7	a16
13	0.464823203047381	a7	a17
13	0.464968731642892	a6	a10
12	0.465164032100064	a8	a56	a44	0
12	0.465185672039917	a8	a57	a43	0
12	0.465324167654975	a6	a10	a22	0
12	0.46539557945649	a7	a14	a23	0
12	0.465549764027941	a7	a17	a23	1
12	0.465568698975313	a7	a16	a23	2
12	0.46562063483096	a7	a15	a23	3
13	0.465835411233999	a7	a14
12	0.465878150115209	a7	a14	a23	4
13	0.466261718049101	a7	a17
13	0.466294718957377	a7	a15
12	0.466329883859638	a7	a17	a23	5
13	0.466346113814527	a7	a14
13	0.466364507763402	a7	a16
12	0.466395885676189	a7	a15	a23	6
12	0.466426181591983	a7	a14	a23	7
12	0.466458641501762	a7	a16	a23	8
13	0.466839504443173	a7	a17
12	0.466915244232658	a7	a17	a23	9
13	0.466917408226643	a7	a15
13	0.46692227721311	a7	a14
13	0.466939048166496	a7	a16
12	0.466974754067254	a7	a14	a23	10
12	0.466998558001092	a7	a15	a23	11
12	0.46704291987779	a7	a16	a23	12
13	0.467365354981598	a7	a17
13	0.467417831835741	a7	a14
12	0.467450832744017	a7	a17	a23	13
12	0.467473013682366	a7	a14	a23	14
13	0.467491948629737	a7	a15
13	0.467514670566583	a7	a16
12	0.467568770416215	a7	a15	a23	15
13	0.467882549544082	a7	a17
13	0.467941518380181	a7	a14
13	0.468059456052379	a7	a15
13	0.468200115661423	a6	a10
12	0.468398662109573	a6	a10	a24	0
12	0.468472237905073	a7	a14	a25	0
13	0.468506320810341	a7	a14
12	0.468529042747187	a7	a14	a25	1
13	0.468567994638922	a7	a14
12	0.468615602506598	a7	a14	a25	2
12	0.468629668467503	a7	a17	a25	3
13	0.468643193429911	a7	a14
13	0.468873658789344	a7	a17
13	0.469101419156295	a6	a10
12	0.469151732016453	a6	a10	a26	0
12	0.469355688449567	a7	a14	a27	0
13	0.469413575288673	a7	a14
12	0.469439002218	a7	a14	a27	1
13	0.469480659102217	a7	a14
12	0.469508791024026	a7	a14	a27	2
13	0.469552070903732	a7	a14
12	0.469587776804489	a7	a14	a27	3
13	0.469630515685698	a7	a14
13	0.46975819133083	a6	a10
12	0.469898309941378	a6	a10	a22	0
12	0.469970803739885	a7	a14	a23	0
12	0.470337600720391	a7	a15	a23	1
12	0.470353830675281	a7	a17	a23	2
13	0.470377093610623	a7	a14
12	0.470410094518898	a7	a16	a23	3
12	0.470431193460255	a7	a14	a23	4
13	0.470829909352044	a7	a17
13	0.470851549291897	a7	a14
13	0.470854254284379	a7	a15
12	0.470894829171603	a7	a14	a23	5
12	0.470912141123485	a7	a17	a23	6
13	0.470939732046798	a7	a16
12	0.47096137198665	a7	a15	a23	7
12	0.471023586813727	a7	a16	a23	8
13	0.471350349905506	a7	a14
12	0.471389842795737	a7	a14	a23	9
13	0.47139687577619	a7	a17
13	0.471430958681458	a7	a16
13	0.471450975625822	a7	a15
12	0.47149100951455	a7	a17	a23	10
12	0.471529961406285	a7	a16	a23	11
12	0.471551060347641	a7	a15	a23	12
13	0.47182480558678	a7	a14
12	0.471865921472501	a7	a14	a23	13
13	0.471960055210861	a7	a17
13	0.472023893033427	a7	a16
12	0.472027680022901	a7	a17	a23	14
13	0.472068795908622	a7	a15
12	0.472123977755246	a7	a16	a23	15
13	0.472307917243996	a7	a14
13	0.472452363842514	a7	a17
13	0.47258977746058	a7	a16
13	0.472749913015491	a6	a10
13	0.472818619824524	a8	a57
12	0.472848915740318	a6	a10	a28	0
12	0.47291329456138	a7	a14	a29	0
13	0.47296631241402	a7	a14
12	0.472984165364398	a7	a14	a29	1
13	0.473021494260645	a7	a14
12	0.473042593202001	a7	a14	a29	2
13	0.473082627090729	a7	a14
12	0.473103185033589	a7	a17	a29	3
12	0.473130234958405	a7	a14	a29	4
13	0.47318108881706	a7	a14
12	0.473188662796008	a7	a15	a29	5
12	0.473222745701276	a7	a14	a29	6
13	0.473241139650151	a7	a17
13	0.473273058561434	a7	a14
13	0.473273599559931	a7	a15
12	0.473311469454673	a7	a14	a29	7
12	0.473337978380993	a7	a16	a29	8
12	0.473348257352423	a7	a17	a29	9
13	0.47336935629378	a7	a14
12	0.473380717262202	a7	a15	a29	10
13	0.473421833147923	a7	a17
12	0.473423456143412	a7	a14	a29	11
13	0.473428866128375	a7	a16
13	0.473456457051687	a7	a15
13	0.473462408035147	a7	a14
12	0.473513261893801	a7	a17	a29	12
12	0.473524081863728	a7	a14	a29	13
12	0.473543557809595	a7	a16	a29	14
12	0.473560869761478	a7	a15	a29	15
13	0.473586837689301	a7	a14
13	0.473603608642687	a7	a17
13	0.473613346615621	a7	a16
13	0.473636609550963	a7	a15
13	0.473844893972047	a6	a10
13	0.473872484895359	a8	a56
12	0.474225756913457	a8	a56	a42	0
12	0.474320431650314	a6	a10	a30	0
12	0.474382105478894	a7	a14	a31	0
13	0.474518437099968	a7	a14
12	0.474534667054857	a7	a14	a31	1
13	0.47461365283532	a7	a14
12	0.474629341791714	a7	a14	a31	2
12	0.474684523638338	a7	a17	a31	3
13	0.47470778657368	a7	a14
12	0.474754312444364	a7	a14	a31	4
12	0.474813281280463	a7	a16	a31	5
13	0.474832216227834	a7	a14
12	0.47486521713611	a7	a15	a31	6
12	0.474880365094007	a7	a14	a31	7
13	0.474887939072956	a7	a17
13	0.474933382946647	a7	a16
12	0.474957727878981	a7	a17	a31	8
13	0.47495935087447	a7	a14
13	0.474996679770716	a7	a15
12	0.475001548757183	a7	a14	a31	9
12	0.475025352691021	a7	a16	a31	10
13	0.475040500648918	a7	a17
12	0.475082698531631	a7	a15	a31	11
13	0.475084862525617	a7	a14
12	0.475125978411337	a7	a17	a31	12
13	0.475145454357205	a7	a16
12	0.475154651331642	a7	a14	a31	13
13	0.475193603223377	a7	a15
13	0.475207128185785	a7	a17
12	0.475222817142179	a7	a16	a31	14
13	0.47524770307301	a7	a14
12	0.475289359957226	a7	a14	a31	15
13	0.475337508823399	a7	a16
13	0.475371591728667	a7	a14
13	0.4755874501287	a6	a10
13	0.475767061629479	a8	a56
12	0.475819538483622	a8	a56	a45	0
12	0.475851457394905	a6	a10	a32	0
12	0.47598021503703	a7	a14	a33	0
13	0.476017543933276	a7	a14
12	0.476052708835537	a7	a14	a33	1
13	0.476069479788923	a7	a14
12	0.476106267686673	a7	a14	a33	2
13	0.476121956643066	a7	a14
12	0.476144137581415	a7	a16	a33	3
12	0.476170105509239	a7	a14	a33	4
13	0.476198237431047	a7	a14
12	0.47622582835436	a7	a14	a33	5
13	0.476229074345338	a7	a16
13	0.476243140306242	a7	a14
12	0.476292912167904	a7	a14	a33	6
12	0.476305896131815	a7	a16	a33	7
13	0.476314552107757	a7	a14
13	0.476322126086705	a7	a16
12	0.476351340005507	a7	a14	a33	8
13	0.476369733954381	a7	a14
12	0.476392996889723	a7	a16	a33	9
13	0.476409767843109	a7	a16
12	0.476436817767925	a7	a14	a33	10
13	0.476453047722815	a7	a14
12	0.476479015650638	a7	a17	a33	11
12	0.476526623518315	a7	a14	a33	12
13	0.476536361491249	a7	a17
13	0.476553132444635	a7	a14
12	0.476564493413057	a7	a16	a33	13
12	0.476595330327348	a7	a15	a33	14
13	0.476597494321333	a7	a16
12	0.476604527301785	a7	a14	a33	15
13	0.476621298255171	a7	a14
13	0.476623462249156	a7	a15
13	0.476849599620619	a6	a10
13	0.476919388426645	a8	a56
12	0.477303497359033	a8	a56	a50	0
12	0.479981439915827	a6	a10	a34	0
12	0.480092344607573	a7	a14	a35	0
12	0.480358515867764	a7	a16	a35	1
12	0.480455354598605	a7	a15	a35	2
12	0.480475912541465	a7	a17	a35	3
13	0.491873127863481	a7	a14
13	0.512966659235076	a7	a17
13	0.513889061671305	a7	a16
13	0.514425732179656	a7	a15
13	0.51455611281727	a6	a10
12	0.514652410549615	a6	a10	a36	0
12	0.514700559415788	a7	a14	a37	0
12	0.514814710098512	a7	a17	a37	1
12	0.515021912522603	a7	a16	a37	2
12	0.515105767289533	a7	a15	a37	3
13	0.51716102057706	a7	a15
13	0.51793032043883	a7	a14
13	0.519758895356399	a7	a17
13	0.519789732270689	a7	a16
13	0.519952572818082	a6	a10
12	0.52207382792216	a6	a10	a38	0
12	0.522147944716156	a7	a14	a39	0
12	0.522314031254527	a7	a15	a39	1
12	0.522333507200395	a7	a17	a39	2
12	0.522579120517725	a7	a16	a39	3
13	0.523793121143472	a7	a14
13	0.524144770166081	a7	a17
13	0.524342234617239	a7	a15
13	0.52436116956461	a7	a16
13	0.524577568963139	a6	a10
12	0.524624094833822	a6	a10	a40	0
12	0.524681440674432	a7	a14	a41	0
12	0.524763131447377	a7	a17	a41	1
12	0.524965464885002	a7	a15	a41	2
12	0.525059057624865	a7	a16	a41	3
13	0.525184569276012	a7	a14
13	0.526287124211516	a7	a17
13	0.526368273985964	a7	a16
13	0.526369896981453	a7	a15
13	0.526624166274725	a6	a10
12	0.526854631634158	a8	a57	a49	0
13	0.53435449378867	a8	a57
12	0.534424282594695	a8	a57	a54	0
12	0.536273415455124	a8	a58	a53	0
13	0.547369294614688	a8	a58
12	0.547423935462817	a8	a58	a52	0
13	0.552216641141733	a8	a58
12	0.552251806043994	a8	a58	a51	0
13	0.554870779764689	a8	a58
13	0.557538443350053	a8	a57
13	0.557595248192167	a8	a56
13	0.557782433671894	a8	a55
12	0.558199002514062	a8	a55	a46	0
12	0.558222265449404	a8	a56	a48	0
13	0.598827448589348	a8	a56
12	0.599051962965321	a6	a10	a20	0
12	0.599222918490159	a7	a14	a21	0
12	0.599317593227016	a7	a17	a21	1
13	0.599628126363904	a7	a14
12	0.599663291266165	a7	a14	a21	2
12	0.59969196418647	a7	a16	a21	3
13	0.599958676445157	a7	a16
13	0.600625727591122	a7	a14
13	0.60066576147985	a7	a17
13	0.600815618063331	a6	a10
12	0.600995770562606	a8	a56	a44	0
12	0.601028230472386	a8	a57	a43	0
12	0.601161857100977	a6	a10	a22	0
12	0.60125112185287	a7	a14	a23	0
12	0.601455078285984	a7	a16	a23	1
12	0.601553540012314	a7	a17	a23	2
12	0.601610885852925	a7	a15	a23	3
13	0.601708806580759	a7	a14
12	0.601753709455954	a7	a14	a23	4
13	0.602180557269552	a7	a14
13	0.602181098268048	a7	a16
12	0.602202197209404	a7	a14	a23	5
12	0.602243313095125	a7	a16	a23	6
13	0.602243313095125	a7	a15
12	0.602311478905662	a7	a15	a23	7
13	0.602389923687628	a7	a17
12	0.602459171495157	a7	a17	a23	8
13	0.602649061967366	a7	a14
12	0.60269558783805	a7	a14	a23	9
13	0.602724260758355	a7	a16
13	0.60276916363355	a7	a15
12	0.602788098580921	a7	a16	a23	10
12	0.602850854406495	a7	a15	a23	11
13	0.60303533489374	a7	a17
12	0.603103500704277	a7	a17	a23	12
13	0.603148403579472	a7	a14
12	0.603192224457674	a7	a14	a23	13
13	0.603283112205056	a7	a16
12	0.603351278015592	a7	a16	a23	14
13	0.603363720981008	a7	a15
12	0.603440542767485	a7	a15	a23	15
13	0.603799765769043	a7	a16
13	0.603911752457782	a7	a14
13	0.604094609949539	a7	a17
13	0.604148709799171	a7	a15
13	0.604341846262358	a6	a10
12	0.604552835675924	a6	a10	a24	0
12	0.604628034466912	a7	a14	a25	0
13	0.604664822364662	a7	a14
12	0.604683757312033	a7	a14	a25	1
13	0.604716758220309	a7	a14
12	0.604733529173695	a7	a14	a25	2
13	0.604760579098511	a7	a14
12	0.60477843204889	a7	a14	a25	3
13	0.604809809961677	a7	a14
13	0.605094375170742	a6	a10
12	0.605145229029396	a6	a10	a26	0
12	0.605245854749712	a7	a14	a27	0
13	0.605295085612877	a7	a14
12	0.605319971543708	a7	a14	a27	1
13	0.605362710424918	a7	a14
12	0.605393547339208	a7	a14	a27	2
13	0.605428712241469	a7	a14
12	0.605452516175307	a7	a14	a27	3
13	0.605487681077568	a7	a14
13	0.605717064440009	a6	a10
12	0.605832297119725	a6	a10	a22	0
12	0.60593454583553	a7	a14	a23	0
12	0.606266177913775	a7	a16	a23	1
12	0.606326228746867	a7	a15	a23	2
13	0.606334884722808	a7	a14
12	0.606350573679202	a7	a17	a23	3
12	0.606382492590485	a7	a14	a23	4
13	0.606773634503325	a7	a16
13	0.606789323459719	a7	a14
12	0.606829357348447	a7	a14	a23	5
12	0.606844505306344	a7	a16	a23	6
13	0.606869932235671	a7	a15
12	0.606938639044704	a7	a15	a23	7
13	0.617025556008627	a7	a14
12	0.617084524844726	a7	a14	a23	8
13	0.617529225608703	a7	a14
12	0.617546537560585	a7	a14	a23	9
13	0.617980959353132	a7	a14
12	0.617998812303511	a7	a14	a23	10
13	0.618406725169737	a7	a14
12	0.618423496123123	a7	a14	a23	11
13	0.618677765416395	a7	a15
13	0.6187210452961	a7	a16
13	0.618766489169791	a7	a17
12	0.61877406314874	a7	a15	a23	12
12	0.618830326992358	a7	a16	a23	13
13	0.618845474950255	a7	a14
12	0.61885791791567	a7	a17	a23	14
12	0.618928788718688	a7	a14	a23	15
13	0.619258256802948	a7	a15
13	0.619323717621003	a7	a16
13	0.619389719437554	a7	a17
13	0.619392965428532	a7	a14
13	0.619585019894727	a6	a10
13	0.619986440778998	a8	a57
12	0.620068131551942	a6	a10	a28	0
12	0.620130887377516	a7	a14	a29	0
13	0.620219070132416	a7	a14
12	0.620242874066254	a7	a14	a29	1
13	0.620294268923405	a7	a14
12	0.620309957879798	a7	a14	a29	2
13	0.620352696761008	a7	a14
12	0.620368385717401	a7	a14	a29	3
13	0.62040679661064	a7	a14
12	0.620463601452754	a7	a14	a29	4
13	0.620499848352007	a7	a14
12	0.620523652285845	a7	a15	a29	5
12	0.62056855516104	a7	a14	a29	6
12	0.620593441091871	a7	a16	a29	7
13	0.620616704027213	a7	a14
12	0.6206626888994	a7	a14	a29	8
13	0.620663770896393	a7	a15
12	0.620685410836246	a7	a17	a29	9
13	0.620701099792639	a7	a14
13	0.620709214770084	a7	a16
12	0.620738428688885	a7	a14	a29	10
12	0.62078333156408	a7	a15	a29	11
13	0.620795774529495	a7	a17
12	0.620798479521977	a7	a16	a29	12
13	0.620847169386646	a7	a16
13	0.620859612352061	a7	a15
12	0.620899105242293	a7	a17	a29	13
13	0.620910466210716	a7	a14
12	0.62096132006937	a7	a14	a29	14
13	0.620994320977646	a7	a17
12	0.621000812959601	a7	a16	a29	15
13	0.621022452899454	a7	a14
13	0.621044633837803	a7	a16
13	0.621234524310012	a6	a10
13	0.621257787245354	a8	a56
12	0.62220561661091	a8	a56	a42	0
12	0.622331128262057	a6	a10	a30	0
12	0.622392802090638	a7	a14	a31	0
13	0.622519395738777	a7	a14
12	0.622548068659082	a7	a17	a31	1
12	0.62256754460495	a7	a15	a31	2
12	0.622597299522248	a7	a14	a31	3
12	0.622662760340303	a7	a16	a31	4
13	0.622697384244067	a7	a14
12	0.622738500129788	a7	a14	a31	5
13	0.622785566998968	a7	a17
13	0.622794763973405	a7	a15
13	0.622828846878673	a7	a16
13	0.622832092869651	a7	a14
12	0.622854814806497	a7	a17	a31	6
12	0.622904045669662	a7	a14	a31	7
12	0.622948948544857	a7	a15	a31	8
13	0.622953276532827	a7	a17
12	0.622968424490724	a7	a16	a31	9
13	0.622992769423059	a7	a14
12	0.623018737350882	a7	a17	a31	10
12	0.623039836292239	a7	a14	a31	11
13	0.623058230241114	a7	a15
13	0.623093395143375	a7	a16
13	0.623136675023081	a7	a17
13	0.623136675023081	a7	a14
12	0.62320592283061	a7	a16	a31	12
12	0.623230267762944	a7	a15	a31	13
12	0.623251366704301	a7	a17	a31	14
12	0.623265973663702	a7	a14	a31	15
13	0.623284908611073	a7	a16
13	0.623335762469727	a7	a15
13	0.623344418445668	a7	a14
13	0.623366599384018	a7	a17
13	0.623549997874271	a6	a10
13	0.623777217242726	a8	a56
12	0.623831858090854	a8	a56	a45	0
12	0.623876760966049	a6	a10	a32	0
12	0.623934647805156	a7	a14	a33	0
13	0.623974140695387	a7	a14
12	0.624035814523968	a7	a14	a33	1
13	0.624051503480361	a7	a14
12	0.624054208472843	a7	a17	a33	2
12	0.624119669290898	a7	a14	a33	3
13	0.624125620274357	a7	a17
13	0.624135899245787	a7	a14
12	0.624141309230751	a7	a16	a33	4
12	0.624193786084894	a7	a15	a33	5
13	0.624199196069857	a7	a16
12	0.62421488502625	a7	a17	a33	6
12	0.624234360972118	a7	a14	a33	7
12	0.62427818185032	a7	a16	a33	8
13	0.624286296827765	a7	a14
13	0.624286296827765	a7	a17
13	0.624295493802202	a7	a16
13	0.624300903787166	a7	a15
12	0.624390709537555	a7	a14	a33	9
13	0.624406939492445	a7	a14
12	0.624422087450342	a7	a17	a33	10
12	0.624443186391698	a7	a16	a33	11
13	0.624449137375158	a7	a17
13	0.624460498343581	a7	a16
12	0.624470236316514	a7	a14	a33	12
13	0.624498909236819	a7	a14
12	0.624512434199227	a7	a15	a33	13
12	0.624539484124044	a7	a17	a33	14
13	0.62454002512254	a7	a15
13	0.624556796075926	a7	a17
12	0.624561124063896	a7	a14	a33	15
13	0.624578436015779	a7	a14
13	0.624754260527083	a6	a10
13	0.624824590331605	a8	a56
12	0.626108920761874	a8	a56	a50	0
12	0.62910280644052	a6	a10	a34	0
12	0.629205596154821	a7	a14	a35	0
12	0.629306762873633	a7	a17	a35	1
12	0.629576180124801	a7	a15	a35	2
12	0.62967193685865	a7	a16	a35	3
13	0.660661412724967	a7	a14
13	0.662609007311726	a7	a17
13	0.663792171023183	a7	a15
13	0.664299086614236	a7	a16
13	0.664441369218769	a6	a10
12	0.664569044863901	a6	a10	a36	0
12	0.664675621567676	a7	a14	a37	0
12	0.664864430042893	a7	a15	a37	1
12	0.664958563781253	a7	a16	a37	2
12	0.665039713555701	a7	a17	a37	3
13	0.66628725608822	a7	a17
13	0.667164755649254	a7	a14
13	0.669328749634542	a7	a15
13	0.66935255356838	a7	a16
13	0.6695408210451	a6	a10
12	0.687684828614747	a6	a10	a38	0
12	0.687835226196725	a7	a14	a39	0
12	0.68821987612761	a7	a17	a39	1
12	0.689001077956299	a7	a16	a39	2
13	0.689111982648045	a7	a14
12	0.689166623496173	a7	a14	a39	3
13	0.689806083718826	a7	a17
13	0.690526693715927	a7	a16
13	0.690620286455791	a7	a14
13	0.690702518227231	a6	a10
12	0.690816127911459	a6	a10	a40	0
12	0.690851833812216	a7	a14	a41	0
12	0.69099249342126	a7	a17	a41	1
12	0.691028740320514	a7	a15	a41	2
12	0.69116453094309	a7	a16	a41	3
13	0.691463703111557	a7	a14
13	0.692502961222991	a7	a15
13	0.692535962131267	a7	a16
13	0.692597635959847	a7	a17
13	0.692831347310259	a6	a10
12	0.693089944591501	a8	a57	a49	0
13	0.702155456394368	a8	a57
12	0.702243098150772	a8	a57	a54	0
12	0.704199889711969	a8	a58	a53	0
13	0.715312539824919	a8	a58
12	0.715362852685077	a8	a58	a52	0
13	0.720318939909883	a8	a58
12	0.720373039759515	a8	a58	a51	0
13	0.736354135340867	a8	a58
13	0.739055340833003	a8	a57
13	0.739175983497683	a8	a56
13	0.739393464893204	a8	a55
12	0.739907954463206	a8	a55	a46	0
12	0.739964218306824	a8	a56	a48	0
13	0.763709183308893	a8	a56
12	0.763989420529988	a6	a10	a20	0
12	0.764053258352554	a7	a14	a21	0
12	0.764171196024752	a7	a15	a21	1
12	0.764384349432303	a7	a17	a21	2
13	0.764443318268402	a7	a14
12	0.764504451098486	a7	a14	a21	3
13	0.764903166990275	a7	a15
13	0.76496429982036	a7	a14
13	0.765689237805431	a7	a17
13	0.765826110425001	a6	a10
12	0.766115003622037	a8	a56	a44	0
12	0.766136102563393	a8	a57	a43	0
12	0.76629245112883	a6	a10	a22	0
12	0.766358452945382	a7	a14	a23	0
12	0.766464488650661	a7	a15	a23	1
12	0.766498030557433	a7	a17	a23	2
12	0.766696577005583	a7	a16	a23	3
13	0.766818301667255	a7	a14
12	0.766882680488318	a7	a14	a23	4
13	0.767156425727457	a7	a15
12	0.767230001522956	a7	a15	a23	5
13	0.767284642371085	a7	a16
13	0.767327381252294	a7	a14
12	0.767364710148541	a7	a14	a23	6
12	0.767379858106438	a7	a16	a23	7
13	0.767416646004187	a7	a17
12	0.767495631784651	a7	a17	a23	8
13	0.767675784283926	a7	a15
12	0.767739622106492	a7	a15	a23	9
13	0.767817525889962	a7	a14
12	0.76785755977869	a7	a14	a23	10
13	0.767886773697491	a7	a16
12	0.767949529523065	a7	a16	a23	11
13	0.76808694314113	a7	a17
12	0.768148075971215	a7	a17	a23	12
13	0.768207044807314	a7	a15
13	0.768271964626873	a7	a14
12	0.768274669619354	a7	a15	a23	13
12	0.768314703508082	a7	a14	a23	14
13	0.76849593800435	a7	a16
12	0.768557611832931	a7	a16	a23	15
13	0.768736141336717	a7	a14
13	0.768843800037485	a7	a15
13	0.768895194894636	a7	a17
13	0.769108889300683	a7	a16
13	0.769234941950326	a6	a10
12	0.769481637264649	a6	a10	a24	0
12	0.769552508067667	a7	a14	a25	0
13	0.76961093590527	a7	a14
12	0.769627706858656	a7	a14	a25	1
13	0.769665035754902	a7	a14
12	0.76968288870528	a7	a14	a25	2
13	0.769714266618067	a7	a14
12	0.76977269445567	a7	a17	a25	3
13	0.770039406714357	a7	a17
13	0.770146524416628	a6	a10
12	0.770228756188069	a6	a10	a26	0
12	0.770319643935451	a7	a14	a27	0
12	0.770392137733959	a7	a16	a27	1
13	0.770393760729447	a7	a14
12	0.770438663604642	a7	a14	a27	2
12	0.770475992500888	a7	a15	a27	3
13	0.770486271472319	a7	a14
13	0.770528469355032	a7	a16
13	0.770578241216693	a7	a15
13	0.770756229721983	a6	a10
12	0.770923398257347	a6	a10	a22	0
12	0.770972088122016	a7	a14	a23	0
12	0.771204176476938	a7	a16	a23	1
12	0.77128478525289	a7	a15	a23	2
12	0.771299933210787	a7	a17	a23	3
13	0.771379459989746	a7	a14
12	0.771422739869452	a7	a14	a23	4
13	0.771707305078517	a7	a16
12	0.771766814913113	a7	a16	a23	5
13	0.771766814913113	a7	a17
13	0.771789536849958	a7	a15
13	0.771827947743197	a7	a14
12	0.771847423689065	a7	a17	a23	6
12	0.771869604627414	a7	a14	a23	7
12	0.771892326564259	a7	a15	a23	8
13	0.772282386480108	a7	a14
13	0.772288337463567	a7	a17
13	0.772335404332747	a7	a15
13	0.772339191322221	a7	a16
12	0.772348929295155	a7	a14	a23	9
12	0.772373815225986	a7	a17	a23	10
12	0.772421964092159	a7	a15	a23	11
12	0.77244089903953	a7	a16	a23	12
13	0.772774154113264	a7	a14
13	0.772802827033569	a7	a17
12	0.772815810997481	a7	a14	a23	13
12	0.772870992844106	a7	a17	a23	14
13	0.772920223707271	a7	a16
13	0.772927256687723	a7	a15
12	0.773002996477208	a7	a16	a23	15
13	0.773241576814086	a7	a14
13	0.773360596483277	a7	a17
13	0.773439041265244	a7	a16
13	0.773615947773541	a6	a10
13	0.773679785596107	a8	a57
12	0.773704130528442	a6	a10	a28	0
12	0.773771755340482	a7	a14	a29	0
13	0.773823150197633	a7	a14
12	0.773839921151019	a7	a14	a29	1
13	0.773890234011177	a7	a14
12	0.77390592296757	a7	a14	a29	2
13	0.773941628868327	a7	a14
12	0.773959481818706	a7	a14	a29	3
13	0.773996269716456	a7	a14
12	0.774043877584132	a7	a17	a29	4
12	0.774102305421735	a7	a15	a29	5
12	0.774117994378128	a7	a14	a29	6
12	0.774149913289411	a7	a16	a29	7
13	0.774166684242797	a7	a17
13	0.774173176224753	a7	a14
13	0.774189947178139	a7	a15
12	0.774220243093933	a7	a14	a29	8
13	0.774226735075889	a7	a16
12	0.774257571990179	a7	a17	a29	9
13	0.774270555954091	a7	a14
13	0.774319786817256	a7	a17
12	0.774327360796205	a7	a15	a29	10
12	0.77435008273305	a7	a16	a29	11
12	0.774382001644333	a7	a14	a29	12
12	0.774416084549602	a7	a17	a29	13
13	0.774427445518024	a7	a15
13	0.774431232507499	a7	a16
13	0.77446639740976	a7	a17
13	0.774485873355627	a7	a14
12	0.774503726306006	a7	a15	a29	14
12	0.77451779226691	a7	a16	a29	15
13	0.774565400134586	a7	a16
13	0.774572974113535	a7	a15
13	0.774758536597773	a6	a10
13	0.774770438564692	a8	a56
12	0.775009559900067	a8	a56	a42	0
12	0.775111267617375	a6	a10	a30	0
12	0.775188630402349	a7	a14	a31	0
12	0.775240566257996	a7	a16	a31	1
13	0.775298994095599	a7	a14
12	0.775336863990342	a7	a14	a31	2
13	0.775435325716672	a7	a16
13	0.7754753596054	a7	a14
12	0.775494835551268	a7	a16	a31	3
12	0.77551647549112	a7	a14	a31	4
12	0.775546230408418	a7	a17	a31	5
13	0.775570575340753	a7	a16
12	0.775621970197903	a7	a15	a31	6
13	0.775624134191889	a7	a14
12	0.775647938125727	a7	a16	a31	7
12	0.775662545085127	a7	a14	a31	8
13	0.775685808020469	a7	a17
13	0.775735038883635	a7	a16
13	0.77574153086559	a7	a14
13	0.775750727840028	a7	a15
12	0.775771826781384	a7	a17	a31	9
12	0.775790761728756	a7	a16	a31	10
12	0.775836205602447	a7	a14	a31	11
12	0.775849730564855	a7	a15	a31	12
13	0.775875157494182	a7	a17
13	0.775877321488167	a7	a16
13	0.775931962336296	a7	a14
13	0.775943323304719	a7	a15
12	0.775955225271638	a7	a17	a31	13
12	0.775974160219009	a7	a14	a31	14
12	0.776016358101722	a7	a16	a31	15
13	0.776050982005487	a7	a17
13	0.776070457951354	a7	a14
13	0.776103999858126	a7	a16
13	0.776273873385971	a6	a10
13	0.776386942071703	a8	a56
12	0.776423188970956	a8	a56	a45	0
12	0.776435090937875	a6	a10	a32	0
12	0.776504338745404	a7	a14	a33	0
13	0.77655789759654	a7	a14
12	0.776573586552934	a7	a14	a33	1
13	0.776589816507823	a7	a14
12	0.776605505464217	a7	a14	a33	2
13	0.776621735419106	a7	a14
12	0.776663933301819	a7	a14	a33	3
13	0.776686655238665	a7	a14
12	0.776732099112356	a7	a14	a33	4
13	0.776748329067246	a7	a14
12	0.77675211605672	a7	a16	a33	5
12	0.776770510005595	a7	a17	a33	6
12	0.776795936934922	a7	a14	a33	7
13	0.776806215906352	a7	a16
13	0.776813248886804	a7	a14
13	0.776841921807109	a7	a17
12	0.776869512730422	a7	a14	a33	8
13	0.776886824682304	a7	a14
12	0.776918743593587	a7	a16	a33	9
12	0.776928481566521	a7	a17	a33	10
13	0.776943629524418	a7	a17
13	0.776944711521411	a7	a16
12	0.776973925440212	a7	a14	a33	11
13	0.776991237392094	a7	a14
12	0.777041009253756	a7	a15	a33	12
12	0.777061567196616	a7	a14	a33	13
13	0.777078338150002	a7	a14
13	0.777080502143987	a7	a15
12	0.777081043142484	a7	a17	a33	14
12	0.777105929073315	a7	a16	a33	15
13	0.777107011070307	a7	a17
13	0.777137847984598	a7	a16
13	0.777339640423726	a6	a10
13	0.777381297307942	a8	a56
12	0.777750258282434	a8	a56	a50	0
12	0.780349215058765	a6	a10	a34	0
12	0.780416298872309	a7	a14	a35	0
12	0.780625124291889	a7	a15	a35	1
12	0.780744684959576	a7	a17	a35	2
12	0.78078093185883	a7	a16	a35	3
13	0.792183016167312	a7	a14
13	0.799248997527774	a7	a15
13	0.80000423142864	a7	a17
13	0.800725923422733	a7	a16
13	0.800872534015236	a6	a10
12	0.800942863819758	a6	a10	a36	0
12	0.801011029630295	a7	a14	a37	0
12	0.801249609967173	a7	a17	a37	1
12	0.801374039621327	a7	a15	a37	2
12	0.801429762466448	a7	a16	a37	3
13	0.802432232680133	a7	a14
13	0.80286503147719	a7	a16
13	0.804266217582664	a7	a15
13	0.804411205179679	a7	a17
13	0.804541585817292	a6	a10
12	0.806895470274789	a6	a10	a38	0
12	0.806963095086829	a7	a14	a39	0
12	0.807151903562046	a7	a16	a39	1
12	0.807219528374086	a7	a17	a39	2
12	0.807412664837273	a7	a15	a39	3
13	0.808609894509634	a7	a14
13	0.80912817106911	a7	a16
13	0.809193631887165	a7	a17
13	0.809370538395462	a7	a15
13	0.809504165024054	a6	a10
12	0.809533378942855	a6	a10	a40	0
12	0.809614528717304	a7	a14	a41	0
12	0.809848781066211	a7	a16	a41	1
12	0.80988124097599	a7	a17	a41	2
12	0.80999593265721	a7	a15	a41	3
13	0.810120903309861	a7	a14
13	0.811257541150633	a7	a15
13	0.811291083057405	a7	a17
13	0.811392249776218	a7	a16
13	0.811592960218353	a6	a10
12	0.811815851598838	a8	a57	a49	0
13	0.819065772448049	a8	a57
12	0.819184251118743	a8	a57	a54	0
12	0.820939250240812	a8	a58	a53	0
13	0.831673201406337	a8	a58
12	0.831720268275517	a8	a58	a52	0
13	0.836416135223592	a8	a58
12	0.836455628113823	a8	a58	a51	0
13	0.839074601834518	a8	a58
13	0.855146585163252	a8	a57
13	0.855328360658016	a8	a56
13	0.855590203930236	a8	a55
12	0.85689130531389	a8	a55	a47	0
13	0.868074285231363	a8	a55
12	0.868142992040395	a8	a55	a46	0
12	0.868217649832888	a8	a56	a48	0
13	0.892177391237997	a8	a56
12	0.892489547370374	a6	a10	a20	0
12	0.892577730125275	a7	a14	a21	0
13	0.892943986107285	a7	a14
12	0.893004577938873	a7	a14	a21	1
12	0.893022971887748	a7	a17	a21	2
12	0.893099252675729	a7	a16	a21	3
13	0.893569921367529	a7	a14
13	0.893713285969055	a7	a16
13	0.893732761914922	a7	a17
13	0.893850699587121	a6	a10
12	0.894163937716491	a8	a56	a44	0
12	0.894184495659351	a8	a57	a43	0
12	0.894331106251855	a6	a10	a22	0
12	0.894479880838343	a7	a14	a23	0
12	0.894894285686526	a7	a16	a23	1
13	0.894926204597809	a7	a14
12	0.894940270558713	a7	a17	a23	2
12	0.894977058456463	a7	a14	a23	3
12	0.895003026384286	a7	a15	a23	4
13	0.895394709295624	a7	a14
12	0.895430415196381	a7	a14	a23	5
13	0.89556728781595	a7	a17
13	0.895591091749788	a7	a16
12	0.895640322612954	a7	a17	a23	6
12	0.895678192507696	a7	a16	a23	7
13	0.895705783431009	a7	a15
12	0.895785851208464	a7	a15	a23	8
13	0.895833459076141	a7	a14
12	0.89587186996938	a7	a14	a23	9
13	0.896113696297235	a7	a17
12	0.896178075118298	a7	a17	a23	10
13	0.896253273909287	a7	a16
13	0.896312242745386	a7	a15
12	0.896328472700275	a7	a16	a23	11
13	0.896335505680728	a7	a14
12	0.896368506589003	a7	a14	a23	12
12	0.896419360447657	a7	a15	a23	13
13	0.896603840934903	a7	a17
12	0.89667633473341	a7	a17	a23	14
13	0.896830519304862	a7	a14
13	0.896862979214641	a7	a16
12	0.896872176189079	a7	a14	a23	15
13	0.896993359852255	a7	a15
13	0.897151872411677	a7	a17
13	0.897358533837272	a7	a14
13	0.897419666667357	a6	a10
12	0.89768096894108	a6	a10	a24	0
12	0.897741560772668	a7	a14	a25	0
13	0.897799988610271	a7	a14
12	0.897814054571176	a7	a17	a25	1
12	0.89783839950351	a7	a14	a25	2
13	0.897877892393741	a7	a14
12	0.897916844285477	a7	a14	a25	3
13	0.897919008279462	a7	a17
13	0.897950927190745	a7	a14
13	0.898247935365226	a6	a10
12	0.898325839148696	a6	a10	a26	0
12	0.898383184989306	a7	a14	a27	0
13	0.898460006775784	a7	a14
12	0.898474613735185	a7	a14	a27	1
13	0.898520057608876	a7	a14
12	0.898537369560758	a7	a14	a27	2
13	0.898571993464523	a7	a14
12	0.898619060333703	a7	a14	a27	3
13	0.898655307232956	a7	a14
13	0.898897674559308	a6	a10
12	0.89908431904054	a6	a10	a22	0
12	0.89914599286912	a7	a14	a23	0
12	0.899248241584925	a7	a17	a23	1
12	0.899337506336818	a7	a16	a23	2
12	0.899367261254116	a7	a15	a23	3
13	0.899599890607534	a7	a14
12	0.899642088490248	a7	a14	a23	4
13	0.899756239172972	a7	a17
12	0.899820076995538	a7	a17	a23	5
13	0.899829273969975	a7	a16
12	0.899914210733898	a7	a16	a23	6
13	0.899920161717357	a7	a15
12	0.900007262475265	a7	a15	a23	7
13	0.900083543263246	a7	a14
12	0.900117626168515	a7	a14	a23	8
13	0.900391371407654	a7	a17
13	0.900450881242249	a7	a16
12	0.900456291227212	a7	a17	a23	9
13	0.900491997127969	a7	a15
12	0.900553129958054	a7	a16	a23	10
13	0.900556375949032	a7	a14
12	0.900568277915951	a7	a15	a23	11
12	0.900599114830241	a7	a14	a23	12
13	0.900886385031788	a7	a17
12	0.900950222854354	a7	a17	a23	13
13	0.901027044640832	a7	a14
13	0.901036241615269	a7	a15
12	0.901066537531063	a7	a14	a23	14
12	0.901111440406258	a7	a15	a23	15
13	0.901179065218298	a7	a16
13	0.901389513633368	a7	a17
13	0.90149500834015	a7	a14
13	0.901586437086029	a7	a15
13	0.901724932701087	a6	a10
13	0.901808246469521	a8	a57
12	0.901839624382308	a6	a10	a28	0
12	0.901901298210888	a7	a14	a29	0
13	0.901982447985337	a7	a14
12	0.902000841934211	a7	a17	a29	1
12	0.902040875822939	a7	a14	a29	2
13	0.902090647684601	a7	a14
12	0.902113369621447	a7	a14	a29	3
13	0.902124730589869	a7	a17
13	0.90215556750416	a7	a14
12	0.902193978397398	a7	a14	a29	4
12	0.902225897308681	a7	a17	a29	5
13	0.902235635281615	a7	a14
13	0.902292981122225	a7	a17
12	0.902303801092152	a7	a16	a29	6
12	0.902318949050049	a7	a14	a29	7
13	0.902362769928251	a7	a14
12	0.902366556917725	a7	a15	a29	8
13	0.902376294890659	a7	a16
12	0.902380081880133	a7	a17	a29	9
12	0.902404967810964	a7	a14	a29	10
13	0.902422820761343	a7	a17
12	0.902450952683151	a7	a16	a29	11
13	0.90246880563353	a7	a14
13	0.90249531455985	a7	a15
13	0.902496937555339	a7	a16
12	0.902549955407978	a7	a17	a29	12
12	0.902578087329787	a7	a14	a29	13
12	0.902600268268136	a7	a16	a29	14
12	0.902613793230544	a7	a15	a29	15
13	0.90263651516739	a7	a14
13	0.902647335137316	a7	a16
13	0.902659778102732	a7	a17
13	0.902754993838084	a7	a15
13	0.902892948454647	a6	a10
13	0.902936769332849	a8	a56
12	0.903275975390042	a8	a56	a42	0
12	0.90337335511938	a6	a10	a30	0
12	0.903453422896836	a7	a14	a31	0
13	0.903575147558509	a7	a14
12	0.903592459510391	a7	a14	a31	1
13	0.903669822295365	a7	a14
12	0.903687134247247	a7	a14	a31	2
13	0.90376612002771	a7	a14
12	0.903809399907416	a7	a16	a31	3
12	0.903831580845765	a7	a14	a31	4
13	0.903909484629235	a7	a14
12	0.903925173585629	a7	a17	a31	5
12	0.903952764508941	a7	a15	a31	6
12	0.903967912466838	a7	a14	a31	7
13	0.904049062241287	a7	a17
13	0.904066915191665	a7	a16
13	0.904070161182643	a7	a14
13	0.904108031077386	a7	a15
12	0.904121556039794	a7	a14	a31	8
12	0.904143195979647	a7	a17	a31	9
12	0.904191344845819	a7	a16	a31	10
12	0.904209738794694	a7	a15	a31	11
13	0.904213525784168	a7	a14
13	0.904222722758606	a7	a17
13	0.904286019582676	a7	a16
12	0.904293593561624	a7	a14	a31	12
12	0.90431631549847	a7	a17	a31	13
13	0.904335791444337	a7	a15
12	0.904365546361635	a7	a16	a31	14
13	0.904381776316525	a7	a14
12	0.904423974199238	a7	a15	a31	15
13	0.90442505619623	a7	a17
13	0.904464008087966	a7	a16
13	0.904531091901509	a7	a15
13	0.904718277381237	a6	a10
13	0.904888150909082	a8	a56
12	0.904931430788788	a8	a56	a45	0
12	0.904972546674508	a6	a10	a32	0
12	0.905071549399335	a7	a14	a33	0
13	0.905129436238442	a7	a14
12	0.90514728918882	a7	a14	a33	1
13	0.905164060142206	a7	a14
12	0.905198143047474	a7	a14	a33	2
13	0.905213832003868	a7	a14
12	0.905260898873048	a7	a15	a33	3
12	0.90528416180839	a7	a14	a33	4
13	0.905299850764783	a7	a14
13	0.905312293730199	a7	a15
12	0.905334474668548	a7	a14	a33	5
13	0.905367475576823	a7	a14
12	0.905377213549757	a7	a16	a33	6
12	0.905390738512165	a7	a15	a33	7
13	0.905406968467055	a7	a15
12	0.90541941143247	a7	a14	a33	8
13	0.905502725200904	a7	a16
13	0.905507053188874	a7	a14
12	0.905508135185867	a7	a15	a33	9
12	0.905542759089632	a7	a14	a33	10
13	0.905558989044521	a7	a14
12	0.905563858030988	a7	a17	a33	11
13	0.90556656302347	a7	a15
12	0.905590366957308	a7	a16	a33	12
13	0.905643384809948	a7	a17
12	0.905648253796414	a7	a15	a33	13
13	0.905655286776867	a7	a16
13	0.9056650247498	a7	a15
12	0.90567692671672	a7	a14	a33	14
13	0.905695861664091	a7	a14
12	0.905749420515227	a7	a17	a33	15
13	0.905767273465605	a7	a17
13	0.90596960690323	a6	a10
13	0.906045887691211	a8	a56
12	0.906486801465714	a8	a56	a50	0
12	0.909328666566893	a6	a10	a34	0
12	0.909615395769944	a7	a14	a35	0
12	0.909755514380491	a7	a15	a35	1
12	0.90998219275045	a7	a17	a35	2
12	0.910024931631659	a7	a16	a35	3
13	0.925472602695638	a7	a14
13	0.928684510768301	a7	a15
13	0.929650193084236	a7	a17
13	0.930123025770022	a7	a16
13	0.930497396729477	a6	a10
12	0.930587743478362	a6	a10	a36	0
12	0.930653745294914	a7	a14	a37	0
12	0.93094696647992	a7	a17	a37	1
12	0.930974016404736	a7	a15	a37	2
12	0.931081675105504	a7	a16	a37	3
13	0.931891008856002	a7	a14
13	0.932398465445552	a7	a16
13	0.935333382288099	a7	a15
13	0.935396138113672	a7	a17
13	0.93554653569565	a6	a10
12	0.937590969013251	a6	a10	a38	0
12	0.937668331798225	a7	a14	a39	0
12	0.937866878246375	a7	a17	a39	1
12	0.937895010168184	a7	a16	a39	2
12	0.937969667960676	a7	a15	a39	3
13	0.939302147257117	a7	a14
13	0.939654878276719	a7	a17
13	0.939704650138381	a7	a15
13	0.939718716099285	a7	a16
13	0.939918885542924	a6	a10
12	0.939976231383534	a6	a10	a40	0
12	0.940050889176027	a7	a14	a41	0
12	0.940346815353515	a7	a17	a41	1
12	0.940461507034735	a7	a16	a41	2
12	0.940482605976092	a7	a15	a41	3
13	0.940544279804672	a7	a14
13	0.941635473771754	a7	a17
13	0.941790199341702	a7	a16
13	0.941826987239452	a7	a15
13	0.941979548815415	a6	a10
12	0.942231654114701	a8	a57	a49	0
13	0.949570839715805	a8	a57
12	0.94963630053386	a8	a57	a54	0
12	0.951469203439399	a8	a58	a53	0
13	0.962176645678604	a8	a58
12	0.962216138568835	a8	a58	a52	0
13	0.966963400374061	a8	a58
12	0.967000188271811	a8	a58	a51	0
13	0.969642424927848	a8	a58
13	0.972226233746281	a8	a57
13	0.972284120585388	a8	a56
13	0.972447502131277	a8	a55
12	0.972786708188471	a8	a55	a46	0
12	0.972830529066673	a8	a56	a48	0
13	0.995743438381399	a8	a56
12	0.995871655025027	a6	a10	a20	0
12	0.995962001773913	a7	a14	a21	0
13	0.996332585743893	a7	a14
12	0.996376947620592	a7	a14	a21	1
12	0.996402374549919	a7	a17	a21	2
12	0.996470540360456	a7	a15	a21	3
13	0.996792434465767	a7	a15
13	0.997345334929008	a7	a14
13	0.997497355506475	a7	a17
13	0.997627736144088	a6	a10
12	0.997791117689978	a8	a56	a44	0
12	0.997811134634341	a8	a57	a43	0
12	0.997941515271955	a6	a10	a22	0
12	0.998014009070462	a7	a14	a23	0
12	0.998152504685521	a7	a17	a23	1
12	0.99835700211713	a7	a15	a23	2
12	0.998378642056983	a7	a16	a23	3
13	0.998447348866016	a7	a14
12	0.99848359576527	a7	a14	a23	4
13	0.998797374893136	a7	a17
12	0.998866622700666	a7	a17	a23	5
13	0.998924509539772	a7	a14
12	0.998985642369857	a7	a14	a23	6
13	0.999028381251066	a7	a15
13	0.999039742219489	a7	a16
12	0.999105203037544	a7	a15	a23	7
12	0.999125219981908	a7	a16	a23	8
13	0.999333504402992	a7	a17
12	0.999405998201499	a7	a17	a23	9
13	0.999442786099249	a7	a14
12	0.999486065978954	a7	a14	a23	10
13	0.999606708643634	a7	a15
13	0.999606708643634	a7	a16
12	0.999671087464696	a7	a16	a23	11
12	0.999689481413571	a7	a15	a23	12
13	0.999852862959461	a7	a17
12	0.999926979753457	a7	a17	a23	13
13	0.999948078694813	a7	a14
12	0.999995145563993	a7	a14	a23	14
13	1.0001120012392	a7	a15
12	1.00018395403921	a7	a15	a23	15
13	1.0002147909535	a7	a16
13	1.00049502817459	a7	a17
13	1.00060593286634	a7	a15
13	1.00061891683025	a7	a14
13	1.00074118249042	a6	a10
12	1.00087805510999	a6	a10	a24	0
12	1.00093756494459	a7	a14	a25	0
13	1.00099004179873	a7	a14
12	1.00101005874309	a7	a14	a25	1
13	1.00104305965137	a7	a14
12	1.00105874860776	a7	a14	a25	2
13	1.00108579853258	a7	a14
12	1.00112799641529	a7	a14	a25	3
13	1.00117452228598	a7	a14
13	1.00125621305892	a6	a10
12	1.0013027389296	a6	a10	a26	0
12	1.00137577372661	a7	a14	a27	0
13	1.00142013560331	a7	a14
12	1.00143907055068	a7	a14	a27	1
13	1.00148072743489	a7	a14
12	1.00149966238226	a7	a14	a27	2
13	1.00153645028001	a7	a14
12	1.00155430323039	a7	a14	a27	3
13	1.00158946813265	a7	a14
13	1.00199305301091	a6	a10
12	1.00212559764251	a6	a10	a22	0
12	1.00218673047259	a7	a14	a23	0
12	1.00235444000645	a7	a16	a23	1
12	1.00247832866211	a7	a17	a23	2
12	1.00250646058392	a7	a15	a23	3
13	1.00261141429221	a7	a14
12	1.00265469417191	a7	a14	a23	4
13	1.00289868449375	a7	a16
12	1.00295819432835	a7	a16	a23	5
13	1.00300850718851	a7	a17
13	1.00305124606972	a7	a15
13	1.0030685580216	a7	a14
12	1.0030690990201	a7	a17	a23	6
12	1.00311887088176	a7	a14	a23	7
12	1.00314537980808	a7	a15	a23	8
13	1.00348458586527	a7	a17
13	1.00352840674347	a7	a14
12	1.0035538336728	a7	a17	a23	9
13	1.00357980160062	a7	a16
12	1.00358088359762	a7	a14	a23	10
12	1.0036420164277	a7	a16	a23	11
13	1.00364634441567	a7	a15
12	1.00370747724575	a7	a15	a23	12
13	1.00398176348339	a7	a17
13	1.00398555047286	a7	a14
12	1.00405263428641	a7	a14	a23	13
13	1.00405858526987	a7	a16
12	1.00406183126085	a7	a17	a23	14
13	1.00414622702627	a7	a15
12	1.00415001401575	a7	a16	a23	15
13	1.004480564097	a7	a14
13	1.00449300706241	a7	a17
13	1.00471048845794	a7	a16
13	1.00484195109254	a6	a10
13	1.00489118195571	a8	a57
12	1.00492093687301	a6	a10	a28	0
12	1.00498477469557	a7	a14	a29	0
13	1.0050399565422	a7	a14
12	1.00505997348656	a7	a14	a29	1
12	1.00508702341138	a7	a17	a29	2
13	1.00510866335123	a7	a14
12	1.00516114020537	a7	a14	a29	3
12	1.00519360011515	a7	a15	a29	4
13	1.00520604308057	a7	a17
13	1.00521740404899	a7	a14
12	1.00526284792268	a7	a14	a29	5
13	1.00526609391366	a7	a15
12	1.00528502886103	a7	a17	a29	6
13	1.00531099678885	a7	a14
13	1.00533047273472	a7	a17
12	1.0053775396039	a7	a15	a29	7
12	1.00541703249413	a7	a14	a29	8
12	1.00543163945353	a7	a16	a29	9
13	1.00544354142045	a7	a15
12	1.00544624641293	a7	a17	a29	10
13	1.0054808703167	a7	a14
13	1.00548682130016	a7	a17
13	1.00550737924302	a7	a16
12	1.00550900223851	a7	a15	a29	11
12	1.0055685120731	a7	a14	a29	12
13	1.00557825004604	a7	a15
12	1.00559177500844	a7	a16	a29	13
12	1.00560746396484	a7	a17	a29	14
13	1.00563343189266	a7	a14
13	1.00564803885206	a7	a17
13	1.00565453083402	a7	a16
12	1.00571187667463	a7	a14	a29	15
13	1.00577192750772	a7	a14
13	1.00597967093031	a6	a10
13	1.00599644188369	a8	a56
12	1.00622798924012	a8	a56	a42	0
12	1.00630102403712	a6	a10	a30	0
12	1.00650119348076	a7	a14	a31	0
12	1.00656124431385	a7	a17	a31	1
13	1.00658775324017	a7	a14
12	1.0066131801695	a7	a15	a31	2
12	1.00663590210635	a7	a14	a31	3
13	1.00672029787177	a7	a14
13	1.00674410180561	a7	a17
12	1.00675438077704	a7	a14	a31	4
13	1.00675762676802	a7	a15
12	1.00684094053645	a7	a17	a31	5
13	1.00687394144473	a7	a14
12	1.00687610543871	a7	a15	a31	6
12	1.00689504038608	a7	a16	a31	7
12	1.00691018834398	a7	a14	a31	8
13	1.00691884431992	a7	a17
13	1.00697456716504	a7	a15
12	1.00698646913196	a7	a17	a31	9
13	1.00698755112896	a7	a14
13	1.00701406005528	a7	a16
12	1.00703786398911	a7	a14	a31	10
13	1.0070692419019	a7	a17
12	1.00707086489739	a7	a15	a31	11
12	1.00708547185679	a7	a16	a31	12
13	1.0071276697395	a7	a14
12	1.00716121164627	a7	a17	a31	13
13	1.00716716262973	a7	a16
12	1.00718447458162	a7	a14	a31	14
13	1.00719367155605	a7	a15
12	1.00723695143576	a7	a16	a31	15
13	1.00724344341772	a7	a17
13	1.00726562435606	a7	a14
13	1.00735813509894	a7	a16
13	1.0074960897155	a6	a10
13	1.00763458533056	a8	a56
12	1.00766975023282	a8	a56	a45	0
12	1.00768219319823	a6	a10	a32	0
12	1.00774981801027	a7	a14	a33	0
13	1.00776550696667	a7	a14
12	1.00780608185389	a7	a14	a33	1
13	1.00782934478923	a7	a14
12	1.00784070575766	a7	a17	a33	2
12	1.0078926416133	a7	a14	a33	3
13	1.00789696960127	a7	a17
13	1.00791590454864	a7	a14
12	1.00795539743888	a7	a14	a33	4
13	1.00797216839226	a7	a14
12	1.00797811937572	a7	a15	a33	5
12	1.0080105792855	a7	a14	a33	6
13	1.00801544827197	a7	a15
13	1.00802735023889	a7	a14
12	1.00803384222084	a7	a16	a33	7
12	1.00808631907499	a7	a15	a33	8
13	1.00809064706296	a7	a16
12	1.00810741801634	a7	a17	a33	9
12	1.00812202497574	a7	a14	a33	10
13	1.00813068095168	a7	a15
13	1.00813933692762	a7	a14
13	1.00817341983289	a7	a17
12	1.00819451877425	a7	a16	a33	11
12	1.00821507671711	a7	a15	a33	12
13	1.00823888065095	a7	a16
13	1.00824212664193	a7	a15
12	1.00824970062087	a7	a14	a33	13
13	1.00826593057576	a7	a14
12	1.00826971756524	a7	a17	a33	14
12	1.00831245644645	a7	a14	a33	15
13	1.00832273541788	a7	a17
13	1.00833030939683	a7	a14
13	1.0085694307322	a6	a10
13	1.00860621862995	a8	a56
12	1.00898762256986	a8	a56	a50	0
12	1.01171533698831	a6	a10	a34	0
12	1.01179810975825	a7	a14	a35	0
12	1.01189116149962	a7	a15	a35	1
12	1.01198908222745	a7	a16	a35	2
12	1.01217085772222	a7	a17	a35	3
13	1.02567742618139	a7	a14
13	1.02954177844062	a7	a17
13	1.03074874608591	a7	a16
13	1.03146448709655	a7	a15
13	1.03160514670559	a6	a10
12	1.03166086955071	a6	a10	a36	0
12	1.03174580631464	a7	a14	a37	0
13	1.03220024505155	a7	a14
12	1.03222621297937	a7	a17	a37	1
12	1.03226083688313	a7	a14	a37	2
12	1.03228193582449	a7	a16	a37	3
13	1.03348078849234	a7	a16
13	1.03401745900069	a7	a14
13	1.03446973374362	a7	a17
13	1.03459795038724	a6	a10
12	1.03653580700107	a6	a10	a38	0
12	1.03662669474845	a7	a14	a39	0
12	1.03686581608383	a7	a17	a39	1
12	1.03691829293797	a7	a15	a39	2
12	1.03704001759964	a7	a16	a39	3
13	1.03795051806895	a7	a14
13	1.03858186331416	a7	a17
13	1.03861215922995	a7	a15
13	1.0387225229232	a7	a16
13	1.03885669055029	a6	a10
12	1.03891133139842	a6	a10	a40	0
12	1.03897841521196	a7	a14	a41	0
12	1.03930193231276	a7	a17	a41	1
12	1.03934629418946	a7	a15	a41	2
12	1.03937334411428	a7	a16	a41	3
13	1.03948316680903	a7	a14
13	1.04066254353101	a7	a16
13	1.04079508816261	a7	a17
13	1.04115647515816	a7	a15
13	1.0412976757657	a6	a10
12	1.04152705912814	a8	a57	a49	0
13	1.04888247468413	a8	a57
12	1.04900960933077	a8	a57	a54	0
12	1.05076514945133	a8	a58	a53	0
13	1.06157808639732	a8	a58
12	1.06161703828905	a8	a58	a52	0
13	1.06622742747471	a8	a58
12	1.06636700508676	a8	a58	a51	0
13	1.068978945827	a8	a58
13	1.07157465661236	a8	a57
13	1.07163416644695	a8	a56
13	1.07180079398382	a8	a55
12	1.07213945904252	a8	a55	a46	0
12	1.07216704996583	a8	a56	a48	0
13	1.095162191052	a8	a56
12	1.09529203069111	a6	a10	a20	0
12	1.09535640951218	a7	a14	a21	0
12	1.09544892025505	a7	a15	a21	1
12	1.09567018864004	a7	a17	a21	2
13	1.09575242041148	a7	a14
12	1.09581625823405	a7	a14	a21	3
13	1.09625987700103	a7	a15
13	1.09682954841766	a7	a14
13	1.09684199138308	a7	a17
13	1.09697886400265	a6	a10
12	1.09716875447485	a8	a56	a44	0
12	1.09718985341621	a8	a57	a43	0
12	1.09732131605082	a6	a10	a22	0
12	1.09739380984932	a7	a14	a23	0
12	1.0977065069802	a7	a17	a23	1
12	1.09775681984036	a7	a16	a23	2
12	1.09780767369901	a7	a15	a23	3
13	1.09782714964488	a7	a14
12	1.09786285554564	a7	a14	a23	4
13	1.09832865525097	a7	a14
12	1.09834704919984	a7	a14	a23	5
13	1.09844551092617	a7	a16
13	1.09845741289309	a7	a15
12	1.0985152997322	a7	a16	a23	6
12	1.09853693967205	a7	a15	a23	7
13	1.09854613664649	a7	a17
12	1.09862620442395	a7	a17	a23	8
13	1.09882312787661	a7	a14
12	1.09886532575932	a7	a14	a23	9
13	1.09903519928717	a7	a15
12	1.09909470912176	a7	a15	a23	10
13	1.09914177599094	a7	a16
12	1.09921859777742	a7	a16	a23	11
13	1.09923374573532	a7	a17
13	1.09928568159096	a7	a14
12	1.09929812455638	a7	a17	a23	12
12	1.09932896147067	a7	a14	a23	13
13	1.09953129490829	a7	a15
12	1.09959513273086	a7	a15	a23	14
13	1.0997065784211	a7	a16
13	1.09974931730231	a7	a14
12	1.09979151518502	a7	a16	a23	15
13	1.09995435573242	a7	a17
13	1.10005065346476	a7	a15
13	1.1002216089896	a7	a16
13	1.10035848160917	a6	a10
12	1.10049589522724	a6	a10	a24	0
12	1.10055486406333	a7	a14	a25	0
13	1.10058732397311	a7	a14
12	1.10061275090244	a7	a14	a25	1
13	1.10065386678816	a7	a14
12	1.10069714666787	a7	a14	a25	2
13	1.10072798358216	a7	a14
12	1.1007360985596	a7	a15	a25	3
13	1.10087892216263	a7	a15
13	1.10112453547996	a6	a10
12	1.1011634873717	a6	a10	a26	0
12	1.10125491611757	a7	a14	a27	0
13	1.10130685197322	a7	a14
12	1.10132903291157	a7	a14	a27	1
13	1.10136473881233	a7	a14
12	1.1013842147582	a7	a14	a27	2
13	1.10141883866196	a7	a14
12	1.10146049554618	a7	a14	a27	3
13	1.10149890643942	a7	a14
13	1.10170232187403	a6	a10
12	1.10182783352518	a6	a10	a22	0
12	1.10189113034925	a7	a14	a23	0
12	1.10213457967259	a7	a16	a23	1
12	1.10216866257786	a7	a15	a23	2
12	1.10229742021999	a7	a17	a23	3
13	1.10232988012977	a7	a14
12	1.10237965199143	a7	a14	a23	4
13	1.10265231523357	a7	a16
13	1.10267016818395	a7	a15
12	1.10273184201253	a7	a16	a23	5
13	1.10275780994036	a7	a17
12	1.10276105593134	a7	a15	a23	6
13	1.10278377786818	a7	a14
12	1.10284869768774	a7	a14	a23	7
12	1.10287087862609	a7	a17	a23	8
13	1.10320034671035	a7	a15
13	1.1032517415675	a7	a16
12	1.10326147954043	a7	a15	a23	9
13	1.10327879149232	a7	a14
13	1.10329015246074	a7	a17
12	1.10331179240059	a7	a14	a23	10
12	1.10335182628932	a7	a16	a23	11
12	1.10336102326376	a7	a17	a23	12
13	1.10369481933599	a7	a15
13	1.10373160723374	a7	a14
12	1.10376082115254	a7	a15	a23	13
13	1.10376082115254	a7	a17
13	1.10378624808187	a7	a16
12	1.10381600299916	a7	a14	a23	14
12	1.10385657788639	a7	a17	a23	15
13	1.10422932585035	a7	a14
13	1.10423365383832	a7	a15
13	1.10432183659322	a7	a17
13	1.10446033220828	a6	a10
13	1.10451226806393	a8	a57
12	1.10453012101431	a6	a10	a28	0
12	1.10459125384439	a7	a14	a29	0
13	1.10464805868651	a7	a14
12	1.1046637476429	a7	a14	a29	1
13	1.10470107653915	a7	a14
12	1.10471622449704	a7	a14	a29	2
13	1.1047524713963	a7	a14
12	1.10476870135119	a7	a14	a29	3
13	1.10480494825044	a7	a14
12	1.10483903115571	a7	a14	a29	4
13	1.10487636005195	a7	a14
12	1.10491152495422	a7	a14	a29	5
12	1.10494452586249	a7	a16	a29	6
13	1.10494939484896	a7	a14
12	1.10496075581738	a7	a15	a29	7
12	1.1050013307046	a7	a14	a29	8
12	1.10503324961589	a7	a17	a29	9
13	1.10503920059935	a7	a14
13	1.10506733252116	a7	a16
12	1.10508031648507	a7	a14	a29	10
13	1.10508139848206	a7	a15
13	1.10512089137229	a7	a14
13	1.10512521936026	a7	a17
12	1.10515172828658	a7	a16	a29	11
12	1.10520041815125	a7	a14	a29	12
12	1.10521664810614	a7	a17	a29	13
12	1.10523991104148	a7	a15	a29	14
13	1.10525992798585	a7	a16
13	1.10526804296329	a7	a14
13	1.10527994493021	a7	a17
13	1.10530266686706	a7	a15
12	1.10535243872872	a7	a16	a29	15
13	1.10541681754978	a7	a16
13	1.1056191509874	a6	a10
13	1.10563105295432	a8	a56
12	1.10586368230774	a8	a56	a42	0
12	1.10590966717993	a6	a10	a30	0
12	1.10603571982957	a7	a14	a31	0
13	1.10611741060252	a7	a14
12	1.10615149350779	a7	a14	a31	1
12	1.10618882240403	a7	a16	a31	2
13	1.10622777429577	a7	a14
12	1.10626456219352	a7	a14	a31	3
13	1.10634192497849	a7	a14
12	1.10635815493338	a7	a14	a31	4
13	1.10636735190782	a7	a16
12	1.10643064873189	a7	a16	a31	5
13	1.10643281272587	a7	a14
12	1.10645932165219	a7	a15	a31	6
12	1.10649232256047	a7	a14	a31	7
13	1.10651396250032	a7	a16
12	1.10652586446724	a7	a17	a31	8
13	1.10657455433191	a7	a14
12	1.10658645629883	a7	a16	a31	9
13	1.10662540819056	a7	a15
12	1.10663947415147	a7	a14	a31	10
13	1.10666327808531	a7	a17
13	1.10668600002215	a7	a16
12	1.10671359094546	a7	a15	a31	11
13	1.10672062392592	a7	a14
12	1.10673523088532	a7	a17	a31	12
12	1.10677851076502	a7	a14	a31	13
12	1.10680501969134	a7	a16	a31	14
13	1.10684938156804	a7	a15
13	1.10685316855751	a7	a17
13	1.10688130047932	a7	a14
13	1.1068991534297	a7	a16
12	1.10691754737858	a7	a14	a31	15
13	1.10699220517107	a7	a14
13	1.10715558671696	a6	a10
13	1.10728921334555	a8	a56
12	1.10731734526736	a8	a56	a45	0
12	1.10732978823277	a6	a10	a32	0
12	1.10738226508692	a7	a14	a33	0
13	1.10739795404331	a7	a14
12	1.1074147249967	a7	a14	a33	1
13	1.10744502091249	a7	a14
12	1.10752562968844	a7	a14	a33	2
13	1.10754240064183	a7	a14
12	1.10754456463581	a7	a16	a33	3
13	1.10759920548394	a7	a16
12	1.10761759943282	a7	a14	a33	4
12	1.10766250230801	a7	a15	a33	5
13	1.10767602727042	a7	a14
12	1.1076787322629	a7	a17	a33	6
12	1.1076938802208	a7	a16	a33	7
13	1.10771281516817	a7	a15
12	1.10771552016065	a7	a14	a33	8
13	1.10772038914712	a7	a16
13	1.10773175011554	a7	a14
13	1.10773283211253	a7	a17
12	1.10781885087345	a7	a17	a33	9
12	1.10783886781781	a7	a15	a33	10
13	1.1078410318118	a7	a17
12	1.10785834376368	a7	a14	a33	11
13	1.10787944270504	a7	a15
13	1.10788377069301	a7	a14
12	1.10789459066293	a7	a16	a33	12
12	1.10792705057271	a7	a14	a33	13
13	1.10795301850054	a7	a16
12	1.10796816645843	a7	a17	a33	14
13	1.10798547841032	a7	a17
13	1.10798926539979	a7	a14
12	1.10799900337272	a7	a15	a33	15
13	1.10807312016672	a7	a15
13	1.10826409263592	a6	a10
13	1.10830304452766	a8	a56
12	1.10868661246155	a8	a56	a50	0
12	1.11126176530404	a6	a10	a34	0
12	1.11133263610706	a7	a14	a35	0
12	1.11167562915373	a7	a17	a35	1
12	1.1117535329372	a7	a15	a35	2
12	1.1117686808951	a7	a16	a35	3
13	1.12001241598205	a7	a14
13	1.12812685242838	a7	a17
13	1.13003495412491	a7	a15
13	1.13049804883776	a7	a16
13	1.13062085549643	a6	a10
12	1.13068793930997	a6	a10	a36	0
12	1.13074690814607	a7	a14	a37	0
12	1.13098927547242	a7	a15	a37	1
12	1.13111154113259	a7	a16	a37	2
12	1.13120188788148	a7	a17	a37	3
13	1.13184838108458	a7	a14
13	1.13234988669067	a7	a17
13	1.13450955268799	a7	a16
13	1.13455661955717	a7	a15
13	1.13476382198126	a6	a10
12	1.13674712246878	a6	a10	a38	0
12	1.13681096029135	a7	a14	a39	0
12	1.13697325984024	a7	a16	a39	1
12	1.13702032670942	a7	a15	a39	2
12	1.13715016634854	a7	a17	a39	3
13	1.1383917578976	a7	a14
13	1.13885809860143	a7	a16
13	1.13888190253527	a7	a17
13	1.13893654338339	a7	a15
13	1.13911994187365	a6	a10
12	1.13915186078493	a6	a10	a40	0
12	1.13924869951577	a7	a14	a41	0
12	1.13958628257748	a7	a17	a41	1
13	1.13969718726922	a7	a14
12	1.13970259725419	a7	a15	a41	2
12	1.13974804112788	a7	a16	a41	3
13	1.14094472980174	a7	a15
13	1.14098692768446	a7	a16
13	1.14114381724839	a7	a17
13	1.14131531377172	a6	a10
12	1.1415246801898	a8	a57	a49	0
13	1.14878866699991	a8	a57
12	1.14887360376384	a8	a57	a54	0
12	1.15059830697011	a8	a58	a53	0
13	1.16141016191911	a8	a58
12	1.16145452379581	a8	a58	a52	0
13	1.16603191207319	a8	a58
12	1.16608709391981	a8	a58	a51	0
13	1.16868983768562	a8	a58
13	1.17125958054315	a8	a57
13	1.17132233636872	a8	a56
13	1.17148355392062	a8	a55
12	1.17188551580339	a8	a55	a46	0
12	1.17190931973723	a8	a56	a48	0
13	1.21817659313968	a8	a56
12	1.21834592566903	a6	a10	a20	0
12	1.21843194442994	a7	a14	a21	0
12	1.21870027968412	a7	a17	a21	1
12	1.21875600252924	a7	a15	a21	2
12	1.21878467544954	a7	a16	a21	3
13	1.21881767635782	a7	a14
13	1.21900107484807	a7	a15
13	1.21934028090527	a7	a16
13	1.21979039165421	a7	a17
13	1.21991265731438	a6	a10
12	1.22006684188583	a8	a56	a44	0
12	1.22008794082718	a8	a57	a43	0
12	1.22022697744074	a6	a10	a22	0
12	1.2202913562618	a7	a14	a23	0
12	1.22037088304076	a7	a16	a23	1
12	1.22051587063777	a7	a15	a23	2
12	1.22053101859567	a7	a17	a23	3
13	1.22072740104984	a7	a14
12	1.22077392692052	a7	a14	a23	4
13	1.22104442616868	a7	a16
12	1.22110501800027	a7	a16	a23	5
13	1.22112287095065	a7	a17
13	1.22117588880329	a7	a15
12	1.22120131573261	a7	a17	a23	6
13	1.22122511966645	a7	a14
12	1.22127110453864	a7	a14	a23	7
12	1.22128625249654	a7	a15	a23	8
13	1.2215421447853	a7	a16
12	1.22160165461989	a7	a16	a23	9
13	1.22164926248757	a7	a17
13	1.22169146037028	a7	a14
12	1.22172824826803	a7	a14	a23	10
12	1.22174123223194	a7	a17	a23	11
13	1.22175746218683	a7	a15
12	1.22188784282445	a7	a15	a23	12
13	1.22245589124559	a7	a16
13	1.22251161409071	a7	a14
12	1.22253487702605	a7	a16	a23	13
13	1.22254840198846	a7	a15
12	1.22255813996139	a7	a14	a23	14
13	1.22257004192831	a7	a17
12	1.22265660168772	a7	a15	a23	15
13	1.22301798868326	a7	a16
13	1.22303259564266	a7	a14
13	1.22322465010886	a7	a15
13	1.22336855570888	a6	a10
12	1.22353193725477	a6	a10	a24	0
12	1.22359361108335	a7	a14	a25	0
13	1.22362661199163	a7	a14
12	1.2236747608578	a7	a14	a25	1
13	1.22370884376307	a7	a14
12	1.22375266464127	a7	a16	a25	2
12	1.22377214058714	a7	a17	a25	3
13	1.22387114331196	a7	a17
13	1.22389278325182	a7	a16
13	1.22406427977515	a6	a10
12	1.22409782168192	a6	a10	a26	0
12	1.22417139747742	a7	a14	a27	0
13	1.22421467735713	a7	a14
12	1.22424551427142	a7	a14	a27	1
13	1.22428067917368	a7	a14
12	1.2243066471015	a7	a14	a27	2
13	1.22434613999173	a7	a14
12	1.22439212486392	a7	a14	a27	3
13	1.22442891276167	a7	a14
13	1.22450032456319	a6	a10
12	1.22463178719779	a6	a10	a22	0
12	1.22468534604893	a7	a14	a23	0
12	1.22504781504146	a7	a15	a23	1
12	1.2250716189753	a7	a16	a23	2
12	1.22509758690313	a7	a17	a23	3
13	1.22509758690313	a7	a14
12	1.22514627676779	a7	a14	a23	4
13	1.22556338660846	a7	a15
13	1.22556717359793	a7	a17
13	1.22557041958891	a7	a14
13	1.22559151853027	a7	a16
12	1.22563912639794	a7	a14	a23	5
12	1.22565752034682	a7	a15	a23	6
12	1.22567645529419	a7	a17	a23	7
12	1.22570296422051	a7	a16	a23	8
13	1.22608761415139	a7	a17
13	1.22609410613335	a7	a14
12	1.22614225499952	a7	a14	a23	9
12	1.22616659993186	a7	a17	a23	10
13	1.22619094486419	a7	a15
12	1.22625802867774	a7	a15	a23	11
13	1.22628237361007	a7	a16
12	1.22635865439805	a7	a16	a23	12
13	1.22658911975749	a7	a14
13	1.22660805470486	a7	a17
12	1.22662753065072	a7	a14	a23	13
12	1.22668000750487	a7	a17	a23	14
13	1.22671409041014	a7	a15
12	1.22679578118308	a7	a15	a23	15
13	1.22680497815752	a7	a16
13	1.22713336424479	a7	a14
13	1.22713336424479	a7	a17
13	1.22723020297563	a7	a15
13	1.22740927347791	a6	a10
13	1.22745579934859	a8	a57
12	1.2274990792283	a6	a10	a28	0
12	1.22754885108996	a7	a14	a29	0
13	1.22760349193809	a7	a14
12	1.22761972189298	a7	a14	a29	1
13	1.22766408376968	a7	a14
12	1.22768031372457	a7	a14	a29	2
13	1.22771818361931	a7	a14
12	1.22775767650954	a7	a14	a29	3
12	1.2277776934539	a7	a17	a29	4
13	1.22779500540579	a7	a14
12	1.22783936728249	a7	a14	a29	5
13	1.22787777817572	a7	a14
13	1.22791564807047	a7	a17
12	1.22792971403137	a7	a14	a29	6
13	1.22796596093062	a7	a14
12	1.22798327288251	a7	a15	a29	7
12	1.22801573279229	a7	a17	a29	8
12	1.22803737273214	a7	a14	a29	9
12	1.22806063566748	a7	a16	a29	10
13	1.22806712764944	a7	a15
13	1.22808443960132	a7	a14
13	1.2280866035953	a7	a17
13	1.22814124444343	a7	a16
12	1.22816883536675	a7	a17	a29	11
12	1.22821211524645	a7	a14	a29	12
12	1.2282337551863	a7	a15	a29	13
12	1.22825377213067	a7	a16	a29	14
13	1.22827270707804	a7	a14
13	1.22827757606451	a7	a17
13	1.22828569104195	a7	a15
12	1.2283073309818	a7	a14	a29	15
13	1.22833221691263	a7	a16
13	1.22838793975776	a7	a14
13	1.22858594520741	a6	a10
13	1.22861191313523	a8	a56
12	1.22885536245858	a8	a56	a42	0
12	1.22890892130971	a6	a10	a30	0
12	1.22907879483756	a7	a14	a31	0
13	1.22916697759246	a7	a14
12	1.22918374854585	a7	a14	a31	1
13	1.2292638163233	a7	a14
12	1.22928058727669	a7	a14	a31	2
12	1.22934550709625	a7	a17	a31	3
13	1.22937526201354	a7	a14
12	1.22941637789926	a7	a14	a31	4
13	1.22950077366469	a7	a14
12	1.22956136549628	a7	a14	a31	5
13	1.22956569348425	a7	a17
12	1.22960139938501	a7	a16	a31	6
12	1.2296176293399	a7	a15	a31	7
13	1.22963818728276	a7	a14
12	1.22965982722261	a7	a17	a31	8
12	1.22968471315344	a7	a14	a31	9
13	1.22972528804066	a7	a16
13	1.22975125596849	a7	a17
13	1.22976207593841	a7	a14
12	1.22982104477451	a7	a16	a31	10
12	1.22984863569783	a7	a14	a31	11
12	1.22987243963166	a7	a17	a31	12
13	1.22989786656099	a7	a15
13	1.22992708047979	a7	a14
13	1.22993140846776	a7	a16
12	1.22996765536702	a7	a15	a31	13
13	1.22997144235649	a7	a17
12	1.2300287881971	a7	a14	a31	14
12	1.23007152707831	a7	a17	a31	15
13	1.23008180604974	a7	a15
13	1.23012075794148	a7	a14
13	1.23015321785125	a7	a17
13	1.23035771528286	a6	a10
13	1.2304848499295	a8	a56
12	1.23052109682875	a8	a56	a45	0
12	1.23054165477161	a6	a10	a32	0
12	1.23060170560471	a7	a14	a33	0
13	1.2306179355596	a7	a14
12	1.23064931347238	a7	a14	a33	1
13	1.23066608442577	a7	a14
12	1.23070665931299	a7	a14	a33	2
13	1.23072938124984	a7	a14
12	1.23078348109947	a7	a14	a33	3
12	1.23079808805887	a7	a15	a33	4
13	1.23080079305135	a7	a14
12	1.2308224329912	a7	a16	a33	5
12	1.23084840091903	a7	a17	a33	6
13	1.23085489290098	a7	a15
13	1.23086949986038	a7	a16
12	1.23087436884685	a7	a14	a33	7
13	1.23089871377919	a7	a14
13	1.23090628775813	a7	a17
12	1.23096146960476	a7	a16	a33	8
13	1.23101178246492	a7	a16
12	1.23102314343334	a7	a17	a33	9
12	1.23104640636868	a7	a15	a33	10
12	1.2310583083356	a7	a14	a33	11
13	1.23107562028748	a7	a14
13	1.23107994827545	a7	a17
13	1.23108698125591	a7	a15
12	1.23110591620328	a7	a16	a33	12
13	1.23112485115065	a7	a16
12	1.23113404812509	a7	a14	a33	13
13	1.23115298307246	a7	a14
12	1.23119680395066	a7	a17	a33	14
13	1.23121411590254	a7	a17
12	1.23122547687096	a7	a14	a33	15
13	1.23124332982134	a7	a14
13	1.23149868111161	a6	a10
13	1.23154845297327	a8	a56
12	1.23193093891017	a8	a56	a50	0
12	1.2345439616474	a6	a10	a34	0
12	1.23463755438727	a7	a14	a35	0
12	1.23501408934071	a7	a15	a35	1
12	1.23503735227605	a7	a16	a35	2
12	1.2351038950911	a7	a17	a35	3
13	1.24328216936	a7	a14
13	1.2539463317195	a7	a15
13	1.25437534352708	a7	a17
13	1.25488009512415	a7	a16
13	1.25514193839637	a6	a10
12	1.25519982523547	a6	a10	a36	0
12	1.25525771207458	a7	a14	a37	0
12	1.2556082791002	a7	a17	a37	1
12	1.25567914990322	a7	a15	a37	2
13	1.25573595474533	a7	a14
12	1.25577166064609	a7	a16	a37	3
13	1.25704625310342	a7	a16
13	1.25852426099537	a7	a15
13	1.25861947673073	a7	a17
13	1.25876933331421	a6	a10
12	1.26078292971752	a6	a10	a38	0
12	1.26088085044535	a7	a14	a39	0
12	1.26093062230701	a7	a15	a39	1
12	1.26101069008447	a7	a16	a39	2
12	1.26107506890553	a7	a17	a39	3
13	1.26262773458998	a7	a14
13	1.26282303504715	a7	a15
13	1.26288633187122	a7	a16
13	1.26304538542914	a7	a17
13	1.26318983202765	a6	a10
12	1.26322229193743	a6	a10	a40	0
12	1.26328721175699	a7	a14	a41	0
12	1.26357231796455	a7	a15	a41	1
12	1.26362154882772	a7	a16	a41	2
12	1.26370053460818	a7	a17	a41	3
13	1.26380873430745	a7	a14
13	1.26491399423543	a7	a16
13	1.26501678394973	a7	a15
13	1.26514283659938	a7	a17
13	1.26528241421143	a6	a10
12	1.26549773161296	a8	a57	a49	0
13	1.28732161095459	a8	a57
12	1.28737571080423	a8	a57	a54	0
12	1.28916425183307	a8	a58	a53	0
13	1.29982679119708	a8	a58
12	1.29987331706776	a8	a58	a52	0
13	1.30445557433161	a8	a58
12	1.30450372319778	a8	a58	a51	0
13	1.30710105697862	a8	a58
13	1.3096491598963	a8	a57
13	1.30971029272638	a8	a56
13	1.30985960831137	a8	a55
12	1.31024263524676	a8	a55	a46	0
12	1.3102669801791	a8	a56	a48	0
13	1.33264700597495	a8	a56
12	1.33279848555392	a6	a10	a20	0
12	1.33289370128927	a7	a14	a21	0
13	1.33328213820963	a7	a14
12	1.33331081112993	a7	a16	a21	1
12	1.33335733700062	a7	a15	a21	2
12	1.33340007588183	a7	a14	a21	3
13	1.33434790524738	a7	a15
13	1.33437333217671	a7	a14
13	1.33439605411356	a7	a16
13	1.33457566561433	a6	a10
12	1.33472876818879	a8	a56	a44	0
12	1.33474878513316	a8	a57	a43	0
12	1.33487159179182	a6	a10	a22	0
12	1.33493867560537	a7	a14	a23	0
12	1.33506202326253	a7	a15	a23	1
12	1.33514858302194	a7	a16	a23	2
12	1.33516751796931	a7	a17	a23	3
13	1.33539149134679	a7	a14
12	1.33543477122649	a7	a14	a23	4
13	1.33568254853781	a7	a17
12	1.3357572063303	a7	a17	a23	5
13	1.33578533825211	a7	a16
13	1.33579020723858	a7	a15
12	1.3358605370431	a7	a16	a23	6
13	1.33586540602957	a7	a14
12	1.33588434097694	a7	a15	a23	7
12	1.33590165292882	a7	a14	a23	8
13	1.33622949801759	a7	a17
12	1.33629441783715	a7	a17	a23	9
13	1.33633391072738	a7	a15
13	1.33634797668829	a7	a14
12	1.33639125656799	a7	a14	a23	10
13	1.33639666655295	a7	a16
12	1.33641614249882	a7	a15	a23	11
12	1.3364788983244	a7	a16	a23	12
13	1.33673479061316	a7	a17
13	1.3368013334282	a7	a14
12	1.33680728441166	a7	a17	a23	13
12	1.33684731830039	a7	a14	a23	14
13	1.33692630408085	a7	a15
13	1.33696525597259	a7	a16
12	1.33699068290192	a7	a15	a23	15
13	1.33722114826135	a7	a17
13	1.33729526505535	a7	a14
13	1.33747163056515	a7	a15
13	1.33760958518171	a6	a10
12	1.33773834282383	a6	a10	a24	0
12	1.33781029562384	a7	a14	a25	0
13	1.33784113253813	a7	a14
12	1.33786331347648	a7	a14	a25	1
13	1.33790875735017	a7	a14
12	1.33793039729003	a7	a14	a25	2
13	1.3379633981983	a7	a14
12	1.33800992406899	a7	a14	a25	3
13	1.33804400697425	a7	a14
13	1.338227946463	a6	a10
12	1.33826798035173	a6	a10	a26	0
12	1.33833831015625	a7	a14	a27	0
13	1.33838267203295	a7	a14
12	1.3384053939698	a7	a14	a27	1
13	1.33844705085401	a7	a14
12	1.33846814979537	a7	a14	a27	2
13	1.33850493769312	a7	a14
12	1.33852441363899	a7	a14	a27	3
13	1.33856228353373	a7	a14
13	1.33870294314278	a6	a10
12	1.33883061878791	a6	a10	a22	0
12	1.3389047355819	a7	a14	a23	0
12	1.33924069564812	a7	a15	a23	1
12	1.33928668052031	a7	a16	a23	2
12	1.3393169764361	a7	a17	a23	3
13	1.33932455041505	a7	a14
12	1.33939704421356	a7	a14	a23	4
13	1.33973192228278	a7	a15
13	1.33974111925722	a7	a16
13	1.33974111925722	a7	a17
12	1.33980008809332	a7	a15	a23	5
12	1.3398325480031	a7	a17	a23	6
12	1.33984553196701	a7	a16	a23	7
13	1.33995860065274	a7	a14
12	1.33999592954898	a7	a14	a23	8
13	1.34030592168738	a7	a17
13	1.34033297161219	a7	a15
12	1.34036380852648	a7	a17	a23	9
12	1.34040276041822	a7	a15	a23	10
13	1.34044820429191	a7	a16
13	1.34049635315808	a7	a14
12	1.34051961609342	a7	a16	a23	11
12	1.34055802698666	a7	a14	a23	12
13	1.34089723304386	a7	a17
12	1.34095890687244	a7	a17	a23	13
13	1.34096864484537	a7	a15
12	1.34104654862884	a7	a15	a23	14
13	1.34104925362132	a7	a14
13	1.34107522154915	a7	a16
12	1.34108766451456	a7	a14	a23	15
13	1.34146365846951	a7	a17
13	1.3415675301808	a7	a14
13	1.34157402216276	a7	a15
13	1.34168654984999	a6	a10
13	1.34175038767256	a8	a57
12	1.34179583154625	a6	a10	a28	0
12	1.34186616135077	a7	a14	a29	0
13	1.3419061952395	a7	a14
12	1.34192134319739	a7	a14	a29	1
13	1.34195921309214	a7	a14
12	1.34197544304703	a7	a14	a29	2
13	1.34201277194327	a7	a14
12	1.34202846089967	a7	a14	a29	3
13	1.34206416680042	a7	a14
12	1.34214207058389	a7	a17	a29	4
12	1.34216425152224	a7	a14	a29	5
12	1.34219292444255	a7	a16	a29	6
13	1.34221348238541	a7	a14
12	1.3422151053809	a7	a15	a29	7
12	1.34224810628917	a7	a14	a29	8
13	1.34226974622903	a7	a17
13	1.34228543518542	a7	a16
13	1.34228705818091	a7	a14
13	1.34230220613881	a7	a15
12	1.3423330430531	a7	a14	a29	9
13	1.34239363488468	a7	a14
12	1.34239796287265	a7	a16	a29	11
12	1.34241581582303	a7	a17	a29	10
12	1.34242501279747	a7	a14	a29	12
12	1.34244827573281	a7	a15	a29	13
13	1.3424493577298	a7	a16
13	1.34247316166364	a7	a14
13	1.3424796536456	a7	a17
13	1.34250183458395	a7	a15
12	1.34254295046967	a7	a16	a29	14
12	1.34260246030426	a7	a15	a29	15
13	1.3426116572787	a7	a16
13	1.34269388905014	a7	a15
13	1.34286268058099	a6	a10
13	1.34287512354641	a8	a56
12	1.34311749087276	a8	a56	a42	0
12	1.34317645970886	a6	a10	a30	0
12	1.34324516651789	a7	a14	a31	0
12	1.34330034836452	a7	a15	a31	1
13	1.34336580918257	a7	a14
12	1.34341125305627	a7	a14	a31	2
13	1.34348969783823	a7	a14
13	1.34350159980515	a7	a15
12	1.34350538679463	a7	a14	a31	3
12	1.34356435563072	a7	a15	a31	4
13	1.34358112658411	a7	a14
12	1.34362061947434	a7	a14	a31	5
13	1.3436411774172	a7	a15
13	1.34369744126082	a7	a14
12	1.34370393324278	a7	a17	a31	6
12	1.3437450491285	a7	a14	a31	7
12	1.34377264005181	a7	a15	a31	8
12	1.34379049300219	a7	a16	a31	9
13	1.34382295291197	a7	a14
13	1.34382403490896	a7	a17
13	1.34386839678566	a7	a15
12	1.3438922007195	a7	a14	a31	10
13	1.34390897167288	a7	a16
12	1.34393439860221	a7	a17	a31	11
13	1.34396848150748	a7	a14
12	1.34398579345936	a7	a15	a31	12
12	1.3440085153962	a7	a16	a31	13
13	1.34401554837666	a7	a17
12	1.34402745034358	a7	a14	a31	14
13	1.3440826321902	a7	a15
12	1.34408533718268	a7	a17	a31	15
13	1.34410968211502	a7	a16
13	1.34414917500525	a7	a14
13	1.34416324096615	a7	a17
13	1.34432337652106	a6	a10
13	1.3444651181271	a8	a56
12	1.34450407001884	a8	a56	a45	0
12	1.34451975897523	a6	a10	a32	0
12	1.34458738378727	a7	a14	a33	0
13	1.34460361374216	a7	a14
12	1.34461984369705	a7	a14	a33	1
13	1.34463661465043	a7	a14
12	1.3446712385542	a7	a14	a33	2
13	1.34468800950759	a7	a14
12	1.34472263341135	a7	a14	a33	3
13	1.34473994536323	a7	a14
12	1.34475563431963	a7	a15	a33	4
13	1.34480973416926	a7	a15
12	1.34481135716475	a7	a14	a33	5
13	1.34482812811813	a7	a14
12	1.34486599801288	a7	a16	a33	6
12	1.3449065729001	a7	a14	a33	7
13	1.34490873689408	a7	a16
12	1.34492929483694	a7	a15	a33	8
13	1.34496175474672	a7	a14
13	1.34496662373319	a7	a15
12	1.34498772267455	a7	a14	a33	10
12	1.34498826367304	a7	a17	a33	9
13	1.34500665762192	a7	a17
12	1.34501044461139	a7	a16	a33	11
13	1.34501531359786	a7	a14
13	1.3450823974114	a7	a16
12	1.34508672539937	a7	a15	a33	12
12	1.34509970936329	a7	a17	a33	13
13	1.34510457834975	a7	a15
12	1.34513162827457	a7	a14	a33	14
13	1.34515056322194	a7	a14
13	1.3451711211648	a7	a17
12	1.34520628606706	a7	a15	a33	15
13	1.34523387699037	a7	a15
13	1.3454502763889	a6	a10
13	1.34549247427162	a8	a56
12	1.34585602526114	a8	a56	a50	0
12	1.34840088218784	a6	a10	a34	0
12	1.34855614875629	a7	a14	a35	0
12	1.34884395995633	a7	a17	a35	1
12	1.34896352062402	a7	a16	a35	2
12	1.3489959805338	a7	a15	a35	3
13	1.35895954984056	a7	a14
13	1.36719462895157	a7	a17
13	1.36752463803433	a7	a15
13	1.36810350642539	a7	a16
13	1.36826255998331	a6	a10
12	1.36831665983295	a6	a10	a36	0
12	1.36839131762544	a7	a14	a37	0
12	1.36871699872022	a7	a15	a37	1
12	1.36883114940295	a7	a17	a37	2
13	1.36883601838941	a7	a14
12	1.36887875727062	a7	a14	a37	3
13	1.36935970493385	a7	a14
13	1.37279991437197	a7	a15
13	1.37281452133137	a7	a17
13	1.37300982178854	a6	a10
12	1.37492657946101	a6	a10	a38	0
12	1.37499420427305	a7	a14	a39	0
12	1.37517435677232	a7	a17	a39	1
12	1.37523765359639	a7	a15	a39	2
12	1.37536803423401	a7	a16	a39	3
13	1.37638727540108	a7	a14
13	1.37692069991845	a7	a15
13	1.37693530687785	a7	a17
13	1.37708191747035	a7	a16
13	1.37722961005985	a6	a10
12	1.37728208691399	a6	a10	a40	0
12	1.37733564576513	a7	a14	a41	0
12	1.37765808086894	a7	a17	a41	1
12	1.37769432776819	a7	a15	a41	2
12	1.37773868964489	a7	a16	a41	3
13	1.37786095530506	a7	a14
13	1.37903762703456	a7	a15
13	1.37906251296539	a7	a17
13	1.37953805064366	a7	a16
13	1.37966193929931	a6	a10
12	1.37987996169333	a8	a57	a49	0
13	1.3873278879922	a8	a57
12	1.38740308678319	a8	a57	a54	0
12	1.38912941298495	a8	a58	a53	0
13	1.39990123404522	a8	a58
12	1.3999477599159	a8	a58	a52	0
13	1.40453488616621	a8	a58
12	1.40457762504742	a8	a58	a51	0
13	1.40715656487939	a8	a58
13	1.40975768564971	a8	a57
13	1.40984370441062	a8	a56
13	1.4099946429911	a8	a55
12	1.41005523482268	a8	a55	a50	0
12	1.41460665517224	a6	a10	a34	0
12	1.41466832900082	a7	a14	a35	0
12	1.41482738255874	a7	a15	a35	1
12	1.41484415351213	a7	a16	a35	2
12	1.4151124887663	a7	a17	a35	3
13	1.4273953186268	a7	a14
13	1.43158426998382	a7	a15
13	1.43211931749668	a7	a16
13	1.45197612630568	a7	a17
13	1.45214167184556	a6	a10
12	1.45219144370722	a6	a10	a36	0
12	1.45226447850422	a7	a14	a37	0
12	1.45234238228769	a7	a16	a37	1
12	1.45241217109372	a7	a15	a37	2
12	1.45324260378557	a7	a17	a37	3
13	1.45456480411058	a7	a17
13	1.45570198294985	a7	a14
13	1.45654918659509	a7	a15
13	1.45669742018308	a7	a16
13	1.45686783470943	a6	a10
12	1.46075112191603	a6	a10	a38	0
12	1.46080846775664	a7	a14	a39	0
12	1.46098212827396	a7	a15	a39	1
12	1.46118337971459	a7	a17	a39	2
12	1.46124451254467	a7	a16	a39	3
13	1.46169137730263	a7	a14
13	1.46261864872533	a7	a15
13	1.46264623964864	a7	a17
13	1.46282206415995	a7	a16
13	1.46294757581109	a6	a10
12	1.46299734767275	a6	a10	a40	0
12	1.46305252951938	a7	a14	a41	0
12	1.46328786386528	a7	a15	a41	1
12	1.46331978277656	a7	a17	a41	2
12	1.46342960547132	a7	a16	a41	3
13	1.46355133013299	a7	a14
13	1.46455217735118	a7	a15
13	1.46461222818428	a7	a16
13	1.46474747780836	a7	a17
13	1.46492492531515	a6	a10
12	1.46511643878285	a8	a56	a49	0
13	1.47242045948169	a8	a56
12	1.47252433119298	a8	a56	a54	0
12	1.47421711548798	a8	a57	a53	0
13	1.48485585091815	a8	a57
12	1.48488939282492	a8	a57	a52	0
13	1.48947002709328	a8	a57
12	1.48950627399253	a8	a57	a51	0
13	1.49214580565609	a8	a57
13	1.49476640237227	a8	a56
13	1.49482537120837	a8	a55
