%EventDef PajeDefineContainerType 0 
%       Alias string 
%       Type string 
%       Name string 
%EndEventDef 
%EventDef PajeDefineVariableType 1 
%       Alias string 
%       Type string 
%       Name string 
%       Color color 
%EndEventDef 
%EventDef PajeDefineStateType 2 
%       Alias string 
%       Type string 
%       Name string 
%EndEventDef 
%EventDef PajeDefineEventType 3 
%       Alias string 
%       Type string 
%       Name string 
%       Color color 
%EndEventDef 
%EventDef PajeDefineLinkType 4 
%       Alias string 
%       Type string 
%       StartContainerType string 
%       EndContainerType string 
%       Name string 
%EndEventDef 
%EventDef PajeDefineEntityValue 5 
%       Alias string 
%       Type string 
%       Name string 
%       Color color 
%EndEventDef 
%EventDef PajeCreateContainer 6 
%       Time date 
%       Alias string 
%       Type string 
%       Container string 
%       Name string 
%EndEventDef 
%EventDef PajeDestroyContainer 7 
%       Time date 
%       Type string 
%       Name string 
%EndEventDef 
%EventDef PajeSetVariable 8 
%       Time date 
%       Type string 
%       Container string 
%       Value double 
%EndEventDef
%EventDef PajeAddVariable 9 
%       Time date 
%       Type string 
%       Container string 
%       Value double 
%EndEventDef
%EventDef PajeSubVariable 10 
%       Time date 
%       Type string 
%       Container string 
%       Value double 
%EndEventDef
%EventDef PajeSetState 11 
%       Time date 
%       Type string 
%       Container string 
%       Value string 
%EndEventDef
%EventDef PajePushState 12 
%       Time date 
%       Type string 
%       Container string 
%       Value string 
%       Id string 
%EndEventDef
%EventDef PajePopState 13 
%       Time date 
%       Type string 
%       Container string 
%EndEventDef
%EventDef PajeResetState 14 
%       Time date 
%       Type string 
%       Container string 
%EndEventDef
%EventDef PajeStartLink 15 
%       Time date 
%       Type string 
%       Container string 
%       Value string 
%       StartContainer string 
%       Key string 
%EndEventDef
%EventDef PajeEndLink 16 
%       Time date 
%       Type string 
%       Container string 
%       Value string 
%       EndContainer string 
%       Key string 
%EndEventDef
%EventDef PajeNewEvent 17 
%       Time date 
%       Type string 
%       Container string 
%       Value string 
%EndEventDef
0	a1	0	"Task Manager"
0	a2	a1	"Node"
0	a3	a1	"Thread"
0	a4	a1	"Jobs"
0	a5	a1	"Memory usage"
2	a6	a4	"Job"
2	a7	a3	"Task"
2	a8	a3	"Timer state"
6	0	a9	a1	0	"The task manager"
6	0	a10	a4	a9	"Jobs"
6	0	a11	a5	a9	"Memory"
1	a12	a1	"Memory [MB]"	"1.0 1.0 1.0"
6	0	a13	a2	a9	"Node 0"
6	0	a14	a3	a13	"Thread 0"
6	0	a15	a3	a13	"Thread 1"
6	0	a16	a3	a13	"Thread 2"
6	0	a17	a3	a13	"Thread 3"
5	a18	a6	"ngcore::ParallelFor<int,ngcore::EnterTaskManager()::{lambda(int)#1}>(ngcore::T_Range<int>,ngcore::EnterTaskManager()::{lambda(int)#1},int,ngcore::TotalCosts)::{lambda(ngcore::TaskInfo&)#1}"	"0.630615054310908 1 0"
5	a19	a7	"ngcore::ParallelFor<int,ngcore::EnterTaskManager()::{lambda(int)#1}>(ngcore::T_Range<int>,ngcore::EnterTaskManager()::{lambda(int)#1},int,ngcore::TotalCosts)::{lambda(ngcore::TaskInfo&)#1}"	"0.630615054310908 1 0"
5	a20	a6	"ngcore::ParallelForRange<netgen::ElementIndex,netgen::MeshOptimize3d::SwapImprove(netgen::Mesh&,netgen::OPTIMIZEGOAL,netgen::NgBitArray const*)::{lambda(auto:1)#1}>(ngcore::T_Range<netgen::ElementIndex>,netgen::MeshOptimize3d::SwapImprove(netgen::Mesh&,netgen::OPTIMIZEGOAL,netgen::NgBitArray const*)::{lambda(auto:1)#1},int,ngcore::TotalCosts)::{lambda(ngcore::TaskInfo&)#1}"	"0.708022642579866 0 1"
5	a21	a7	"ngcore::ParallelForRange<netgen::ElementIndex,netgen::MeshOptimize3d::SwapImprove(netgen::Mesh&,netgen::OPTIMIZEGOAL,netgen::NgBitArray const*)::{lambda(auto:1)#1}>(ngcore::T_Range<netgen::ElementIndex>,netgen::MeshOptimize3d::SwapImprove(netgen::Mesh&,netgen::OPTIMIZEGOAL,netgen::NgBitArray const*)::{lambda(auto:1)#1},int,ngcore::TotalCosts)::{lambda(ngcore::TaskInfo&)#1}"	"0.708022642579866 0 1"
5	a22	a6	"ngcore::ParallelForRange<netgen::ElementIndex,ngcore::CreateTable<netgen::ElementIndex,netgen::PointIndex,ngcore::T_Range<netgen::ElementIndex>,netgen::Mesh::CreatePoint2ElementTable(std::optional<ngcore::BitArray>)const::{lambda(auto:1&,netgen::ElementIndex)#1}>(ngcore::T_Range<netgen::ElementIndex>const&,netgen::Mesh::CreatePoint2ElementTable(std::optional<ngcore::BitArray>)const::{lambda(auto:1&,netgen::ElementIndex)#1}const&,std::optional<unsigned long>)::{lambda(auto:1)#1}>(ngcore::T_Range<netgen::ElementIndex>,ngcore::Table,int,ngcore::TotalCosts)::{lambda(ngcore::TaskInfo&)#1}"	"0 0.230008221284954 1"
5	a23	a7	"ngcore::ParallelForRange<netgen::ElementIndex,ngcore::CreateTable<netgen::ElementIndex,netgen::PointIndex,ngcore::T_Range<netgen::ElementIndex>,netgen::Mesh::CreatePoint2ElementTable(std::optional<ngcore::BitArray>)const::{lambda(auto:1&,netgen::ElementIndex)#1}>(ngcore::T_Range<netgen::ElementIndex>const&,netgen::Mesh::CreatePoint2ElementTable(std::optional<ngcore::BitArray>)const::{lambda(auto:1&,netgen::ElementIndex)#1}const&,std::optional<unsigned long>)::{lambda(auto:1)#1}>(ngcore::T_Range<netgen::ElementIndex>,ngcore::Table,int,ngcore::TotalCosts)::{lambda(ngcore::TaskInfo&)#1}"	"0 0.230008221284954 1"
5	a24	a6	"ngcore::TablePrefixSum2<unsigned int>(ngcore::FlatArray<unsigned int,unsigned long>)::{lambda(ngcore::TaskInfo)#1}"	"0 0.312895337658212 1"
5	a25	a7	"ngcore::TablePrefixSum2<unsigned int>(ngcore::FlatArray<unsigned int,unsigned long>)::{lambda(ngcore::TaskInfo)#1}"	"0 0.312895337658212 1"
5	a26	a6	"ngcore::TablePrefixSum2<unsigned int>(ngcore::FlatArray<unsigned int,unsigned long>)::{lambda(ngcore::TaskInfo)#2}"	"0 1 0.887517304832004"
5	a27	a7	"ngcore::TablePrefixSum2<unsigned int>(ngcore::FlatArray<unsigned int,unsigned long>)::{lambda(ngcore::TaskInfo)#2}"	"0 1 0.887517304832004"
5	a28	a6	"ngcore::ParallelForRange<netgen::PointIndex,ngcore::CreateSortedTable<netgen::ElementIndex,netgen::PointIndex,ngcore::T_Range<netgen::ElementIndex>,netgen::Mesh::CreatePoint2ElementTable(std::optional<ngcore::BitArray>)const::{lambda(auto:1&,netgen::ElementIndex)#1}>(ngcore::T_Range<netgen::ElementIndex>const&,netgen::Mesh::CreatePoint2ElementTable(std::optional<ngcore::BitArray>)const::{lambda(auto:1&,netgen::ElementIndex)#1}const&,std::optional<unsigned long>)::{lambda(auto:1)#1}>(ngcore::T_Range<netgen::PointIndex>,ngcore::Table,int,ngcore::TotalCosts)::{lambda(ngcore::TaskInfo&)#1}"	"0 0.170427812303051 1"
5	a29	a7	"ngcore::ParallelForRange<netgen::PointIndex,ngcore::CreateSortedTable<netgen::ElementIndex,netgen::PointIndex,ngcore::T_Range<netgen::ElementIndex>,netgen::Mesh::CreatePoint2ElementTable(std::optional<ngcore::BitArray>)const::{lambda(auto:1&,netgen::ElementIndex)#1}>(ngcore::T_Range<netgen::ElementIndex>const&,netgen::Mesh::CreatePoint2ElementTable(std::optional<ngcore::BitArray>)const::{lambda(auto:1&,netgen::ElementIndex)#1}const&,std::optional<unsigned long>)::{lambda(auto:1)#1}>(ngcore::T_Range<netgen::PointIndex>,ngcore::Table,int,ngcore::TotalCosts)::{lambda(ngcore::TaskInfo&)#1}"	"0 0.170427812303051 1"
5	a30	a6	"ngcore::ParallelFor<unsigned long,netgen::BuildEdgeList<netgen::ElementIndex>(netgen::Mesh const&,ngcore::Table<netgen::ElementIndex,netgen::PointIndex>const&,ngcore::Array<std::tuple<netgen::PointIndex,netgen::PointIndex>,unsigned long>&)::{lambda(int)#1}>(ngcore::T_Range<unsigned long>,netgen::BuildEdgeList<netgen::ElementIndex>(netgen::Mesh const&,ngcore::Table<netgen::ElementIndex,netgen::PointIndex>const&,ngcore::Array<std::tuple<netgen::PointIndex,netgen::PointIndex>,unsigned long>&)::{lambda(int)#1},int,ngcore::TotalCosts)::{lambda(ngcore::TaskInfo&)#1}"	"1 0.872005992306398 0"
5	a31	a7	"ngcore::ParallelFor<unsigned long,netgen::BuildEdgeList<netgen::ElementIndex>(netgen::Mesh const&,ngcore::Table<netgen::ElementIndex,netgen::PointIndex>const&,ngcore::Array<std::tuple<netgen::PointIndex,netgen::PointIndex>,unsigned long>&)::{lambda(int)#1}>(ngcore::T_Range<unsigned long>,netgen::BuildEdgeList<netgen::ElementIndex>(netgen::Mesh const&,ngcore::Table<netgen::ElementIndex,netgen::PointIndex>const&,ngcore::Array<std::tuple<netgen::PointIndex,netgen::PointIndex>,unsigned long>&)::{lambda(int)#1},int,ngcore::TotalCosts)::{lambda(ngcore::TaskInfo&)#1}"	"1 0.872005992306398 0"
5	a32	a6	"ngcore::ParallelForRange<unsigned long,netgen::MeshOptimize3d::SwapImprove(netgen::Mesh&,netgen::OPTIMIZEGOAL,netgen::NgBitArray const*)::{lambda(auto:1)#2}>(ngcore::T_Range<unsigned long>,netgen::MeshOptimize3d::SwapImprove(netgen::Mesh&,netgen::OPTIMIZEGOAL,netgen::NgBitArray const*)::{lambda(auto:1)#2},int,ngcore::TotalCosts)::{lambda(ngcore::TaskInfo&)#1}"	"1 0.408375991137786 0"
5	a33	a7	"ngcore::ParallelForRange<unsigned long,netgen::MeshOptimize3d::SwapImprove(netgen::Mesh&,netgen::OPTIMIZEGOAL,netgen::NgBitArray const*)::{lambda(auto:1)#2}>(ngcore::T_Range<unsigned long>,netgen::MeshOptimize3d::SwapImprove(netgen::Mesh&,netgen::OPTIMIZEGOAL,netgen::NgBitArray const*)::{lambda(auto:1)#2},int,ngcore::TotalCosts)::{lambda(ngcore::TaskInfo&)#1}"	"1 0.408375991137786 0"
5	a34	a6	"ngcore::ParallelForRange<netgen::ElementIndex,netgen::Mesh::Compress()::{lambda(auto:1)#1}>(ngcore::T_Range<netgen::ElementIndex>,netgen::Mesh::Compress()::{lambda(auto:1)#1},int,ngcore::TotalCosts)::{lambda(ngcore::TaskInfo&)#1}"	"1 0.0611641584106637 0"
5	a35	a7	"ngcore::ParallelForRange<netgen::ElementIndex,netgen::Mesh::Compress()::{lambda(auto:1)#1}>(ngcore::T_Range<netgen::ElementIndex>,netgen::Mesh::Compress()::{lambda(auto:1)#1},int,ngcore::TotalCosts)::{lambda(ngcore::TaskInfo&)#1}"	"1 0.0611641584106637 0"
5	a36	a6	"ngcore::ParallelForRange<netgen::SurfaceElementIndex,netgen::Mesh::Compress()::{lambda(auto:1)#2}>(ngcore::T_Range<netgen::SurfaceElementIndex>,netgen::Mesh::Compress()::{lambda(auto:1)#2},int,ngcore::TotalCosts)::{lambda(ngcore::TaskInfo&)#1}"	"1 0 -2.77631980257023"
5	a37	a7	"ngcore::ParallelForRange<netgen::SurfaceElementIndex,netgen::Mesh::Compress()::{lambda(auto:1)#2}>(ngcore::T_Range<netgen::SurfaceElementIndex>,netgen::Mesh::Compress()::{lambda(auto:1)#2},int,ngcore::TotalCosts)::{lambda(ngcore::TaskInfo&)#1}"	"1 0 -2.77631980257023"
5	a38	a6	"ngcore::ParallelForRange<netgen::ElementIndex,netgen::Mesh::Compress()::{lambda(auto:1)#3}>(ngcore::T_Range<netgen::ElementIndex>,netgen::Mesh::Compress()::{lambda(auto:1)#3},int,ngcore::TotalCosts)::{lambda(ngcore::TaskInfo&)#1}"	"0.688034037288286 1 0"
5	a39	a7	"ngcore::ParallelForRange<netgen::ElementIndex,netgen::Mesh::Compress()::{lambda(auto:1)#3}>(ngcore::T_Range<netgen::ElementIndex>,netgen::Mesh::Compress()::{lambda(auto:1)#3},int,ngcore::TotalCosts)::{lambda(ngcore::TaskInfo&)#1}"	"0.688034037288286 1 0"
5	a40	a6	"ngcore::ParallelForRange<netgen::SurfaceElementIndex,netgen::Mesh::Compress()::{lambda(auto:1)#4}>(ngcore::T_Range<netgen::SurfaceElementIndex>,netgen::Mesh::Compress()::{lambda(auto:1)#4},int,ngcore::TotalCosts)::{lambda(ngcore::TaskInfo&)#1}"	"0 0.666479625428673 1"
5	a41	a7	"ngcore::ParallelForRange<netgen::SurfaceElementIndex,netgen::Mesh::Compress()::{lambda(auto:1)#4}>(ngcore::T_Range<netgen::SurfaceElementIndex>,netgen::Mesh::Compress()::{lambda(auto:1)#4},int,ngcore::TotalCosts)::{lambda(ngcore::TaskInfo&)#1}"	"0 0.666479625428673 1"
5	a42	a8	"Build edges"	"0 0.0614795051658243 1"
5	a43	a8	"CreateTable"	"0.608616351291681 0 1"
5	a44	a8	"CreateSortedTable"	"0 0.0381698166109086 1"
5	a45	a8	"MeshOptimize3d::SwapImprove loop"	"0.154668690207104 1 0"
5	a46	a8	"MeshOptimize3d::SwapImprove"	"1 0 -2.43968480148811"
5	a47	a8	"FreeOpenElementsEnvironment"	"0.907015785320433 0 1"
5	a48	a8	"Mesh::BuildBoundaryEdges"	"1 0 -2.61861416630415"
5	a49	a8	"Mesh::LinkSurfaceElements"	"0 1 0.171518596860468"
5	a50	a8	"Mesh::Compress"	"1 0.648677515017027 0"
5	a51	a8	"Mesh::CalcSurfacesOfNode, pointloop"	"0 0.319536079261344 1"
5	a52	a8	"Mesh::CalcSurfacesOfNode - surfelementht"	"0.690162641156969 0 1"
5	a53	a8	"Mesh::CalcSurfacesOfNode - surf on node"	"0.000515674241007069 1 0"
5	a54	a8	"Mesh::CalcSurfacesOfNode"	"1 0 -2.35340285344361"
6	0	a55	a3	a9	"Timer level 0"
6	0	a56	a3	a9	"Timer level 1"
6	0	a57	a3	a9	"Timer level 2"
6	0	a58	a3	a9	"Timer level 3"
4	a59	a2	a3	a3	"links"
8	0	a12	a11	0
12	0.14240270619887	a6	a10	a18	0
12	0.142481150980836	a7	a14	a19	0
13	0.142580694704159	a7	a14
12	0.142597465657545	a7	a14	a19	1
13	0.142610449621457	a7	a14
12	0.14262776157334	a7	a14	a19	2
13	0.142633171558303	a7	a14
12	0.14265264750417	a7	a14	a19	3
13	0.142658057489134	a7	a14
13	0.142929097735791	a6	a10
12	0.144890758283454	a8	a55	a47	0
13	0.17079106129487	a8	a55
12	0.171151907291917	a8	a55	a46	0
12	0.171256861000203	a8	a56	a48	0
13	0.171314206840814	a8	a56
12	0.173163339701242	a6	a10	a20	0
12	0.173245571472683	a7	a14	a21	0
12	0.173395157556916	a7	a17	a21	1
12	0.173435461944892	a7	a15	a21	2
12	0.173567465577995	a7	a16	a21	3
13	0.174632691617253	a7	a14
13	0.175912423560302	a7	a17
13	0.176645206023571	a7	a15
13	0.177104513746948	a7	a16
13	0.177264108303363	a6	a10
12	0.178132951888456	a8	a56	a44	0
12	0.178235741602757	a8	a57	a43	0
12	0.178858430872024	a6	a10	a22	0
12	0.178923891690079	a7	a14	a23	0
12	0.179040747365284	a7	a15	a23	1
12	0.179115946156273	a7	a16	a23	2
12	0.179193579440495	a7	a17	a23	3
13	0.180098399425594	a7	a14
12	0.180146548291767	a7	a14	a23	4
13	0.180921799136996	a7	a15
12	0.180987259955051	a7	a15	a23	5
13	0.181029728337012	a7	a17
12	0.181095189155067	a7	a17	a23	6
13	0.181222594300951	a7	a16
12	0.181295088099458	a7	a16	a23	7
13	0.18134918794909	a7	a14
12	0.181415189765642	a7	a14	a23	8
13	0.182247515952233	a7	a17
12	0.182309189780814	a7	a17	a23	9
13	0.182335969206382	a7	a15
12	0.182397102036466	a7	a15	a23	10
13	0.182647584340263	a7	a14
12	0.182707094174859	a7	a14	a23	11
13	0.182807178896678	a7	a16
12	0.182873180713229	a7	a16	a23	12
13	0.183558084809573	a7	a15
12	0.183619758638154	a7	a15	a23	13
13	0.183628144114847	a7	a17
12	0.183687653949442	a7	a17	a23	14
13	0.183839404027661	a7	a14
12	0.183896749868271	a7	a14	a23	15
13	0.184008736557009	a7	a16
13	0.184885695119547	a7	a15
13	0.185011206770694	a7	a14
13	0.185013100265431	a7	a17
13	0.185156194367708	a6	a10
12	0.185499728412873	a6	a10	a24	0
12	0.185558156250476	a7	a14	a25	0
13	0.18564579800688	a7	a14
12	0.185662027961769	a7	a14	a25	1
13	0.185722078794861	a7	a14
12	0.185738038250503	a7	a17	a25	2
12	0.18578699861442	a7	a14	a25	3
13	0.1858340654836	a7	a14
13	0.18590466578737	a7	a17
13	0.186206272449069	a6	a10
12	0.18629878319194	a6	a10	a26	0
12	0.186355047035558	a7	a14	a27	0
13	0.186455131757377	a7	a14
12	0.186470820713771	a7	a14	a27	1
13	0.186549806494234	a7	a14
12	0.186621218295748	a7	a15	a27	2
12	0.186643940232594	a7	a14	a27	3
13	0.186761877904792	a7	a14
13	0.187122182903342	a7	a15
13	0.187227677610125	a6	a10
12	0.187491143877834	a6	a10	a22	0
12	0.187555522698896	a7	a14	a23	0
12	0.187799783519986	a7	a17	a23	1
12	0.187844415895932	a7	a15	a23	2
12	0.187883908786164	a7	a16	a23	3
13	0.188586665832886	a7	a14
12	0.188658618632897	a7	a14	a23	4
13	0.189109811378829	a7	a15
13	0.189113327869056	a7	a17
13	0.189144435282594	a7	a16
12	0.189180411682599	a7	a17	a23	5
12	0.18921855207659	a7	a15	a23	6
12	0.189229372046517	a7	a16	a23	7
13	0.189676236804479	a7	a14
12	0.189733041646592	a7	a14	a23	8
13	0.190262408675243	a7	a17
13	0.190284860112841	a7	a16
12	0.190328410491795	a7	a17	a23	9
12	0.190371960870749	a7	a16	a23	10
13	0.190602426230182	a7	a15
12	0.19066301806177	a7	a15	a23	11
13	0.190743085839226	a7	a14
12	0.190805841664799	a7	a14	a23	12
13	0.191386603550601	a7	a17
12	0.191449359376174	a7	a17	a23	13
13	0.19171904712659	a7	a16
13	0.191781261953667	a7	a15
12	0.191786130940134	a7	a16	a23	14
12	0.19183968979127	a7	a15	a23	15
13	0.191963578446928	a7	a14
13	0.192633605084623	a7	a17
13	0.192870291926764	a7	a16
13	0.193083445334315	a7	a15
13	0.19321057998095	a6	a10
13	0.193371256534358	a8	a57
12	0.193424815385494	a6	a10	a28	0
12	0.193483243223097	a7	a14	a29	0
12	0.193661502227635	a7	a17	a29	1
13	0.193664477719364	a7	a14
12	0.193746709490805	a7	a15	a29	2
12	0.193766726435169	a7	a14	a29	3
13	0.193856532185559	a7	a14
12	0.193873844137441	a7	a14	a29	4
13	0.19394904292843	a7	a14
12	0.193964190886327	a7	a16	a29	5
13	0.193967166378057	a7	a17
13	0.193997191794602	a7	a15
12	0.194015044744981	a7	a14	a29	6
12	0.194051562143483	a7	a17	a29	7
12	0.19410485049537	a7	a15	a29	8
13	0.194107014489356	a7	a14
12	0.194140015397631	a7	a14	a29	9
13	0.194172204808163	a7	a17
13	0.194193574248767	a7	a15
12	0.194218730678846	a7	a17	a29	10
13	0.194260117063815	a7	a14
13	0.19427256002923	a7	a16
12	0.19427851101269	a7	a15	a29	11
13	0.194297716459309	a7	a17
12	0.194343430832248	a7	a14	a29	12
13	0.194355873797664	a7	a15
12	0.194421064116471	a7	a17	a29	13
13	0.194426203602186	a7	a14
12	0.194434318579631	a7	a16	a29	14
12	0.194498697400693	a7	a15	a29	15
13	0.194534944299946	a7	a16
13	0.194554690745062	a7	a17
13	0.194593372137549	a7	a15
13	0.194782180612766	a6	a10
13	0.194814099524049	a8	a56
12	0.195654811187333	a8	a56	a42	0
12	0.196089773978376	a6	a10	a30	0
12	0.196184989713729	a7	a14	a31	0
12	0.196333223301721	a7	a15	a31	1
12	0.196339715283677	a7	a16	a31	2
13	0.196470636919787	a7	a14
12	0.196529064757389	a7	a14	a31	3
13	0.196685413322826	a7	a14
12	0.19669812678749	a7	a17	a31	4
13	0.196734644185992	a7	a16
13	0.196735185184488	a7	a15
12	0.196740595169451	a7	a14	a31	5
12	0.196837433900293	a7	a15	a31	6
12	0.196848253870219	a7	a16	a31	7
13	0.196880713779999	a7	a14
12	0.196940223614594	a7	a14	a31	8
13	0.196998110453701	a7	a15
13	0.197000815446182	a7	a16
13	0.197015151906335	a7	a17
12	0.197066276264237	a7	a15	a31	9
13	0.197078719229653	a7	a14
12	0.197086834207097	a7	a16	a31	10
12	0.197108744646198	a7	a17	a31	11
12	0.197157705010116	a7	a14	a31	12
13	0.197231280805615	a7	a15
13	0.197243994270279	a7	a17
13	0.197256707734942	a7	a16
13	0.197297282622167	a7	a14
12	0.197301610610137	a7	a15	a31	13
12	0.197311889581567	a7	a16	a31	14
12	0.197349488977062	a7	a17	a31	15
13	0.197450926195122	a7	a16
13	0.197457959175574	a7	a15
13	0.19751449351844	a7	a17
13	0.197717638453809	a6	a10
13	0.198026548595209	a8	a56
12	0.198161257220793	a8	a56	a45	0
12	0.198271620914043	a6	a10	a32	0
12	0.198326261762171	a7	a14	a33	0
13	0.198556727121604	a7	a14
12	0.19858377704642	a7	a16	a33	1
12	0.198681697774255	a7	a14	a33	2
12	0.198697657229896	a7	a17	a33	3
13	0.198720108667493	a7	a14
13	0.198740125611857	a7	a16
12	0.198743371602835	a7	a15	a33	4
13	0.198802069939686	a7	a17
12	0.198836964342699	a7	a14	a33	5
13	0.198854276294581	a7	a14
13	0.198874834237442	a7	a15
12	0.198879162225412	a7	a16	a33	6
13	0.198925688096096	a7	a16
12	0.19897654195475	a7	a14	a33	7
12	0.198993312908136	a7	a15	a33	8
13	0.198994935903625	a7	a14
12	0.199006837870544	a7	a16	a33	9
13	0.199017657840471	a7	a15
13	0.199023067825434	a7	a16
12	0.199041732273557	a7	a17	a33	10
13	0.199081225163788	a7	a17
12	0.199087987644992	a7	a15	a33	11
13	0.199124775542742	a7	a15
12	0.199136136511165	a7	a16	a33	12
12	0.199156153455529	a7	a14	a33	13
13	0.199159940445003	a7	a16
12	0.199176440899141	a7	a17	a33	14
13	0.19918103938636	a7	a14
13	0.199191588857038	a7	a17
12	0.199235680234488	a7	a16	a33	15
13	0.199270845136749	a7	a16
13	0.199444505654069	a6	a10
13	0.199580837275142	a8	a56
12	0.200420466941434	a8	a56	a50	0
12	0.208637152103572	a6	a10	a34	0
12	0.208739941817873	a7	a14	a35	0
12	0.208987719129189	a7	a15	a35	1
12	0.209104845303642	a7	a17	a35	2
12	0.209184101583354	a7	a16	a35	3
13	0.242213682779301	a7	a14
13	0.249804432681195	a7	a16
13	0.250563453571534	a7	a15
13	0.251149084443803	a7	a17
13	0.251276489589687	a6	a10
12	0.251426887171664	a6	a10	a36	0
12	0.251496134979194	a7	a14	a37	0
12	0.251717944362686	a7	a16	a37	1
12	0.251818299583753	a7	a17	a37	2
12	0.251905670840909	a7	a15	a37	3
13	0.258101456120037	a7	a17
13	0.258645971106585	a7	a14
13	0.260066633157927	a7	a15
13	0.260684994439223	a7	a16
13	0.260813211082851	a6	a10
12	0.266987626921374	a6	a10	a38	0
12	0.267061202716874	a7	a14	a39	0
12	0.267201862325918	a7	a15	a39	1
12	0.267471279577086	a7	a16	a39	2
12	0.267502386990624	a7	a17	a39	3
13	0.270801125321948	a7	a14
13	0.271565556197251	a7	a15
13	0.271912606732641	a7	a17
13	0.271995650001827	a7	a16
13	0.272133604618389	a6	a10
12	0.272208262410881	a6	a10	a40	0
12	0.272285625195855	a7	a14	a41	0
12	0.272530427015441	a7	a17	a41	1
12	0.272724915974869	a7	a15	a41	2
12	0.272735194946299	a7	a16	a41	3
13	0.273709533238175	a7	a14
13	0.275418276988808	a7	a17
13	0.275640356871548	a7	a15
13	0.27570040770464	a7	a16
13	0.275891921172338	a6	a10
12	0.276360966868649	a8	a57	a49	0
13	0.291458070907011	a8	a57
12	0.291622534449893	a8	a57	a54	0
12	0.296435798071669	a8	a58	a53	0
13	0.318663803290052	a8	a58
12	0.318711411157728	a8	a58	a52	0
13	0.330926616206182	a8	a58
12	0.330978011063333	a8	a58	a51	0
13	0.337718852327505	a8	a58
13	0.342984390692207	a8	a57
13	0.343218102042618	a8	a56
13	0.343476158325364	a8	a55
12	0.344065305687858	a8	a55	a46	0
12	0.344089650620193	a8	a56	a48	0
13	0.402961106989953	a8	a56
12	0.403147210472688	a6	a10	a20	0
12	0.403234311230596	a7	a14	a21	0
12	0.403326551474218	a7	a17	a21	1
12	0.403743931814131	a7	a16	a21	2
12	0.403779096716392	a7	a15	a21	3
13	0.404402326984155	a7	a14
13	0.404704745143599	a7	a16
13	0.405879523378362	a7	a17
13	0.406158408103216	a7	a15
13	0.406280673763385	a6	a10
12	0.406498696157402	a8	a56	a44	0
12	0.406515467110788	a8	a57	a43	0
12	0.406828164241663	a6	a10	a22	0
12	0.406891461065732	a7	a14	a23	0
12	0.406996144274771	a7	a17	a23	1
12	0.40702562869282	a7	a16	a23	2
12	0.407220388151496	a7	a15	a23	3
13	0.407956146106494	a7	a14
12	0.408021065926053	a7	a14	a23	4
13	0.40844656124341	a7	a17
12	0.40850985806748	a7	a17	a23	5
13	0.408656198160735	a7	a16
13	0.408713544001345	a7	a15
12	0.408726527965256	a7	a16	a23	6
12	0.408786037799852	a7	a15	a23	7
13	0.409053832055531	a7	a14
12	0.409115505884112	a7	a14	a23	8
13	0.409641085923289	a7	a17
12	0.409704382747358	a7	a17	a23	9
13	0.409884264747386	a7	a15
12	0.409941069589499	a7	a15	a23	10
13	0.410069827231624	a7	a16
12	0.41013366505419	a7	a16	a23	11
13	0.410389016344454	a7	a14
12	0.410462051141457	a7	a14	a23	12
13	0.411127749791182	a7	a17
12	0.411189423619762	a7	a17	a23	13
13	0.411212957054352	a7	a16
12	0.41129572982429	a7	a16	a23	14
13	0.411574885048392	a7	a15
12	0.411630066895017	a7	a15	a23	15
13	0.411689035731116	a7	a14
13	0.41228115858534	a7	a17
13	0.412511353445525	a7	a16
13	0.412772114720752	a7	a15
13	0.41294902122905	a6	a10
12	0.41310482879599	a6	a10	a24	0
12	0.41316379763209	a7	a14	a25	0
13	0.413233045439619	a7	a14
12	0.413249275394508	a7	a14	a25	1
13	0.413296883262185	a7	a14
12	0.413342327135876	a7	a14	a25	2
13	0.413400213974982	a7	a14
12	0.413402648468216	a7	a17	a25	3
13	0.41356386602012	a7	a17
13	0.413669090227654	a6	a10
12	0.41376538796	a6	a10	a26	0
12	0.413814077824669	a7	a14	a27	0
13	0.413886030624679	a7	a14
12	0.413905506570547	a7	a14	a27	1
13	0.41398449235101	a7	a14
12	0.414027772230716	a7	a14	a27	2
13	0.414125151960054	a7	a14
12	0.414143004910432	a7	a15	a27	3
13	0.414298271478877	a7	a15
13	0.414416750149571	a6	a10
12	0.414645051515019	a6	a10	a22	0
12	0.414704561349615	a7	a14	a23	0
12	0.414824933515046	a7	a17	a23	1
12	0.414889582835357	a7	a16	a23	2
12	0.41493178071807	a7	a15	a23	3
13	0.41570540856781	a7	a14
12	0.415773033379851	a7	a14	a23	4
13	0.415945341400929	a7	a17
13	0.415989973776876	a7	a16
12	0.416010802218984	a7	a17	a23	5
13	0.416034335653574	a7	a15
12	0.416058139587412	a7	a16	a23	6
12	0.416110075443059	a7	a15	a23	7
13	0.416787405560454	a7	a14
12	0.416847456393546	a7	a14	a23	8
13	0.417067372282301	a7	a17
13	0.417110381662759	a7	a16
12	0.417130128107874	a7	a17	a23	9
13	0.417174760483821	a7	a15
12	0.417239680303379	a7	a15	a23	10
12	0.417248877277817	a7	a16	a23	11
13	0.417855336592194	a7	a14
12	0.417915928423782	a7	a14	a23	12
13	0.418180206189235	a7	a17
12	0.418240257022327	a7	a17	a23	13
13	0.418311398324593	a7	a16
13	0.418334120261439	a7	a15
12	0.418401204074983	a7	a15	a23	14
12	0.418425549007317	a7	a16	a23	15
13	0.418916234643481	a7	a14
13	0.419287630111206	a7	a17
13	0.419496726030035	a7	a15
13	0.419679583521792	a7	a16
13	0.41981807913685	a6	a10
13	0.419943049789501	a8	a57
12	0.419967394721835	a6	a10	a28	0
12	0.420122120291783	a7	a14	a29	0
13	0.420204352063224	a7	a14
12	0.420220041019617	a7	a14	a29	1
13	0.420297403804591	a7	a14
12	0.420375307588062	a7	a14	a29	2
12	0.420417505470775	a7	a16	a29	3
12	0.420446448890328	a7	a17	a29	4
13	0.420458080357999	a7	a14
12	0.420519213188083	a7	a15	a29	5
12	0.420548968105381	a7	a14	a29	6
13	0.420609559936969	a7	a16
13	0.420622002902385	a7	a14
13	0.420640126352011	a7	a17
13	0.420683135732469	a7	a15
12	0.420717218637737	a7	a16	a29	7
12	0.420752383539998	a7	a14	a29	8
12	0.420784572950529	a7	a17	a29	9
12	0.420791335431733	a7	a15	a29	10
13	0.420837861302417	a7	a16
13	0.420844353284373	a7	a14
13	0.420887092165582	a7	a15
12	0.42091251909491	a7	a16	a29	11
13	0.420919281576114	a7	a17
12	0.420939569019726	a7	a14	a29	12
13	0.420998537855825	a7	a16
12	0.421008275828759	a7	a15	a29	13
13	0.4210315387641	a7	a14
12	0.421032891260341	a7	a17	a29	14
12	0.421091048598696	a7	a16	a29	15
13	0.421102950565615	a7	a15
13	0.421167599885925	a7	a17
13	0.421194379311493	a7	a16
13	0.421344776893471	a6	a10
13	0.421390220767162	a8	a56
12	0.421756476749172	a8	a56	a42	0
12	0.421891185374756	a6	a10	a30	0
12	0.421949613212359	a7	a14	a31	0
12	0.422077288857491	a7	a15	a31	1
13	0.422114076755241	a7	a14
12	0.422182242565777	a7	a14	a31	2
13	0.422337509134222	a7	a14
13	0.422376461025957	a7	a15
12	0.422380518514679	a7	a17	a31	3
12	0.422425691889122	a7	a14	a31	4
12	0.422455987804916	a7	a16	a31	5
12	0.422488447714696	a7	a15	a31	6
13	0.422560671013955	a7	a17
13	0.422608008382383	a7	a14
12	0.422621803844039	a7	a17	a31	7
12	0.422667518216978	a7	a14	a31	8
13	0.422667518216978	a7	a15
13	0.422705929110217	a7	a16
12	0.422744881001952	a7	a15	a31	9
13	0.422774365420002	a7	a17
12	0.422784373892184	a7	a16	a31	10
13	0.422809259823014	a7	a14
12	0.422877155134303	a7	a17	a31	11
12	0.422892573591448	a7	a14	a31	12
13	0.422929361489198	a7	a16
13	0.422940722457621	a7	a15
12	0.423011052262143	a7	a15	a31	13
13	0.423015650749361	a7	a17
12	0.423019167239587	a7	a16	a31	14
13	0.423027282217032	a7	a14
12	0.423089497044109	a7	a14	a31	15
13	0.423160908845624	a7	a16
13	0.423162531841113	a7	a15
13	0.42325558358248	a7	a14
13	0.423375685248664	a6	a10
13	0.423521754842671	a8	a56
12	0.423567198716362	a8	a56	a45	0
12	0.423606691606593	a6	a10	a32	0
12	0.423657545465247	a7	a14	a33	0
13	0.423672693423144	a7	a14
12	0.423740318235185	a7	a15	a33	1
12	0.423752220202104	a7	a14	a33	2
13	0.423780352123912	a7	a14
13	0.423794418084817	a7	a15
12	0.423880977844228	a7	a14	a33	3
12	0.423897207799118	a7	a16	a33	4
13	0.423909109766037	a7	a14
12	0.423921011732956	a7	a15	a33	5
13	0.423937782686342	a7	a15
13	0.423968078602136	a7	a16
12	0.424042195396132	a7	a15	a33	7
12	0.424048146379592	a7	a14	a33	6
12	0.424052474367562	a7	a16	a33	8
13	0.424059507348015	a7	a15
13	0.424068704322452	a7	a16
13	0.424074655305912	a7	a14
12	0.424167166048783	a7	a16	a33	9
13	0.424182855005176	a7	a16
12	0.424194756972095	a7	a15	a33	10
12	0.424217478908941	a7	a14	a33	11
13	0.424227216881874	a7	a15
13	0.42423370886383	a7	a14
12	0.424251561814209	a7	a16	a33	12
13	0.424268332767595	a7	a16
12	0.424302686172111	a7	a17	a33	13
12	0.42434407255708	a7	a14	a33	14
13	0.424354622027758	a7	a17
12	0.424367876490918	a7	a15	a33	15
13	0.424383024448815	a7	a14
13	0.424386811438289	a7	a15
13	0.424650277705998	a6	a10
13	0.424718984515031	a8	a56
12	0.425251868033908	a8	a56	a50	0
12	0.433204545929842	a6	a10	a34	0
12	0.433270547746393	a7	a14	a35	0
12	0.433436093286268	a7	a15	a35	1
12	0.433616516284791	a7	a17	a35	2
12	0.433656820672767	a7	a16	a35	3
13	0.473849221960017	a7	a14
13	0.477371122171073	a7	a16
13	0.478107962123064	a7	a15
13	0.47874985683895	a7	a17
13	0.478861573028441	a6	a10
12	0.478911885888599	a6	a10	a36	0
12	0.4790292825623	a7	a14	a37	0
12	0.479197533094657	a7	a15	a37	1
12	0.479381743082654	a7	a17	a37	2
12	0.479451802387928	a7	a16	a37	3
13	0.482737015756843	a7	a17
13	0.484228278111955	a7	a16
13	0.485365456951224	a7	a14
13	0.486889449715363	a7	a15
13	0.487017666358991	a6	a10
12	0.492316205631969	a6	a10	a38	0
12	0.49239843740341	a7	a14	a39	0
12	0.492488784152295	a7	a16	a39	1
12	0.492738725457596	a7	a15	a39	2
12	0.492817440738811	a7	a17	a39	3
13	0.496075063184414	a7	a14
13	0.497062926438698	a7	a15
13	0.49710241932893	a7	a16
13	0.497123788769534	a7	a17
13	0.497371836580098	a6	a10
12	0.497419444447774	a6	a10	a40	0
12	0.497487610258311	a7	a14	a41	0
12	0.497865497707992	a7	a17	a41	1
12	0.497906343094464	a7	a15	a41	2
12	0.497941507996725	a7	a16	a41	3
13	0.498888796363785	a7	a14
13	0.50054425176253	a7	a16
13	0.500676525894881	a7	a17
13	0.500737929224213	a7	a15
13	0.500948377639283	a6	a10
12	0.501339519552123	a8	a57	a49	0
13	0.516373867764912	a8	a57
12	0.516451230549886	a8	a57	a54	0
12	0.519860062075211	a8	a58	a53	0
13	0.541278733543095	a8	a58
12	0.541332833392727	a8	a58	a52	0
13	0.552856101364386	a8	a58
12	0.552910742212514	a8	a58	a51	0
13	0.559598565624047	a8	a58
13	0.564848956030852	a8	a57
13	0.564962024716583	a8	a56
13	0.565157866172252	a8	a55
12	0.565602025937732	a8	a55	a46	0
12	0.565622583880592	a8	a56	a48	0
13	0.638558378159236	a8	a56
12	0.638881895260036	a6	a10	a20	0
12	0.638946815079595	a7	a14	a21	0
12	0.639242200258587	a7	a15	a21	1
12	0.639318481046568	a7	a16	a21	2
12	0.639362572424018	a7	a17	a21	3
13	0.640016098607575	a7	a17
13	0.640128896794058	a7	a14
13	0.640777553991148	a7	a15
13	0.64168048048151	a7	a16
13	0.641813025113109	a6	a10
12	0.64201427655374	a8	a56	a44	0
12	0.642032670502615	a8	a57	a43	0
12	0.642357269600409	a6	a10	a22	0
12	0.642431386394405	a7	a14	a23	0
12	0.642772756445584	a7	a16	a23	1
12	0.642879874147856	a7	a15	a23	2
12	0.642926670517788	a7	a17	a23	3
13	0.643492825444189	a7	a14
12	0.643556663266755	a7	a14	a23	4
13	0.644269699284907	a7	a15
12	0.644331373113488	a7	a15	a23	5
13	0.64441333438568	a7	a17
13	0.64441630987741	a7	a16
12	0.644496648154114	a7	a17	a23	6
12	0.644501246641333	a7	a16	a23	7
13	0.644663005191733	a7	a14
12	0.644724138021817	a7	a14	a23	8
13	0.645461518972304	a7	a15
12	0.645522651802389	a7	a15	a23	9
13	0.645808840006943	a7	a16
13	0.645838594924241	a7	a14
13	0.645871325333268	a7	a17
12	0.645886202791917	a7	a16	a23	10
12	0.645930023670119	a7	a14	a23	11
12	0.645956262097191	a7	a17	a23	12
13	0.64663440371233	a7	a15
12	0.646690126557452	a7	a15	a23	13
13	0.647008774671785	a7	a14
12	0.647069366503373	a7	a14	a23	14
13	0.647105613402627	a7	a16
13	0.64715511476504	a7	a17
12	0.647179189198127	a7	a16	a23	15
13	0.662652287191432	a7	a15
13	0.663207351648659	a7	a16
13	0.663982061495392	a7	a14
13	0.66407349024127	a6	a10
12	0.66428826664431	a6	a10	a24	0
12	0.664349399474394	a7	a14	a25	0
13	0.664407286313501	a7	a14
12	0.66445597617817	a7	a14	a25	1
12	0.664477886617271	a7	a17	a25	2
13	0.664515486012765	a7	a14
12	0.664536584954122	a7	a15	a25	3
13	0.664619628223307	a7	a17
13	0.664646948647371	a7	a15
13	0.664935300845911	a6	a10
12	0.664979121724113	a6	a10	a26	0
12	0.665077042451947	a7	a14	a27	0
13	0.665147372256469	a7	a14
12	0.665163061212863	a7	a14	a27	1
13	0.665234473014377	a7	a14
12	0.665267473922653	a7	a14	a27	2
12	0.665331852743715	a7	a15	a27	3
13	0.665389739582821	a7	a14
13	0.665491988298626	a7	a15
13	0.665692157742265	a6	a10
12	0.665932902073129	a6	a10	a22	0
12	0.66607680767315	a7	a14	a23	0
12	0.666267239143856	a7	a15	a23	1
12	0.666274813122804	a7	a16	a23	2
12	0.666469843080728	a7	a17	a23	3
13	0.667111737796614	a7	a14
12	0.667173411625195	a7	a14	a23	4
13	0.667532634626753	a7	a16
13	0.667533716623746	a7	a15
13	0.667585922978641	a7	a17
12	0.667602964431275	a7	a15	a23	5
12	0.667614325399698	a7	a16	a23	6
12	0.667671400741059	a7	a17	a23	7
13	0.668174799841887	a7	a14
12	0.668237014668964	a7	a14	a23	8
13	0.668686584419408	a7	a15
12	0.668746094254003	a7	a15	a23	9
13	0.668831031017926	a7	a16
12	0.668899737826959	a7	a16	a23	10
13	0.668914615285607	a7	a17
12	0.669002257042012	a7	a17	a23	11
13	0.669262206819494	a7	a14
12	0.669318470663112	a7	a14	a23	12
13	0.66998065282261	a7	a16
12	0.670047195637658	a7	a16	a23	13
13	0.67017622377903	a7	a17
12	0.670254668560997	a7	a17	a23	14
13	0.670529766296377	a7	a14
12	0.670585489141498	a7	a14	a23	15
13	0.671233064341595	a7	a16
13	0.671330173571685	a7	a17
13	0.671665322140157	a7	a14
13	0.709199256816481	a7	a15
13	0.709351277393947	a6	a10
13	0.709526019908259	a8	a57
12	0.709570922783454	a6	a10	a28	0
12	0.709641252587976	a7	a14	a29	0
13	0.709734304329343	a7	a14
12	0.709751075282729	a7	a14	a29	1
13	0.709836012046652	a7	a14
12	0.709877668930869	a7	a14	a29	2
13	0.709948539733887	a7	a14
12	0.709967474681258	a7	a16	a29	3
12	0.710019951535401	a7	a14	a29	4
12	0.710047812957962	a7	a17	a29	5
13	0.710124364245191	a7	a14
13	0.710156824154971	a7	a16
12	0.710158988148956	a7	a14	a29	6
13	0.710207407514377	a7	a17
12	0.710230940948967	a7	a16	a29	7
13	0.710237432930923	a7	a14
12	0.710282876804614	a7	a14	a29	8
12	0.710318312206123	a7	a17	a29	9
13	0.71033048467229	a7	a16
13	0.710368895565529	a7	a14
12	0.710410552449746	a7	a16	a29	10
13	0.710419478924935	a7	a17
12	0.710459242314415	a7	a15	a29	11
13	0.710493866218179	a7	a16
12	0.710495489213668	a7	a14	a29	12
12	0.710522268639236	a7	a17	a29	13
12	0.710587999956539	a7	a16	a29	14
13	0.710609098897896	a7	a14
13	0.710621000864815	a7	a15
13	0.710653731273842	a7	a17
12	0.71067023172798	a7	a14	a29	15
13	0.71068646168287	a7	a16
13	0.710753545496414	a7	a14
13	0.710948845953586	a6	a10
13	0.710966157905468	a8	a56
12	0.711293461995743	a8	a56	a42	0
12	0.711354053827331	a6	a10	a30	0
12	0.711467663511559	a7	a14	a31	0
13	0.711626176070981	a7	a14
12	0.711642406025871	a7	a14	a31	1
12	0.711757368206339	a7	a17	a31	2
13	0.711797131595819	a7	a14
12	0.7118588054244	a7	a14	a31	3
12	0.711995678043969	a7	a15	a31	4
13	0.711997842037954	a7	a14
12	0.712034629935704	a7	a16	a31	5
13	0.712043015412397	a7	a17
12	0.712088729785337	a7	a14	a31	6
12	0.712115509210904	a7	a17	a31	7
13	0.712236963373329	a7	a14
13	0.712238586368818	a7	a15
13	0.712280784251531	a7	a16
13	0.712282677746268	a7	a17
12	0.712291604221457	a7	a14	a31	8
12	0.712311080167325	a7	a15	a31	9
12	0.712377893481621	a7	a17	a31	10
12	0.712390606946284	a7	a16	a31	11
13	0.712467428732762	a7	a15
13	0.712474461713214	a7	a14
13	0.71252504507262	a7	a17
12	0.71253397154781	a7	a15	a31	12
13	0.712539381532773	a7	a16
12	0.712553447493677	a7	a14	a31	13
12	0.712631621776396	a7	a17	a31	14
12	0.712639466254592	a7	a16	a31	15
13	0.712695189099714	a7	a14
13	0.712715747042574	a7	a15
13	0.712784994850103	a7	a16
13	0.712804741295219	a7	a17
13	0.713001935247128	a6	a10
13	0.71313988986369	a8	a56
12	0.713187497731366	a8	a56	a45	0
12	0.713226990621598	a6	a10	a32	0
12	0.713282172468223	a7	a14	a33	0
13	0.713298402423112	a7	a14
12	0.713322206356951	a7	a14	a33	1
13	0.713338977310337	a7	a14
12	0.71337522420959	a7	a14	a33	2
13	0.713391995162976	a7	a14
12	0.713409848113355	a7	a14	a33	3
13	0.713426078068245	a7	a14
12	0.713510473833671	a7	a14	a33	4
12	0.713530761277283	a7	a17	a33	5
12	0.713581885635185	a7	a16	a33	6
13	0.713583508630674	a7	a14
13	0.713584861126915	a7	a17
13	0.713650592444218	a7	a16
12	0.713676289872793	a7	a17	a33	7
13	0.713691978829187	a7	a17
12	0.713710102278814	a7	a14	a33	8
12	0.713734988209644	a7	a16	a33	9
13	0.713752841160023	a7	a14
13	0.713772317105891	a7	a16
12	0.713786112567547	a7	a17	a33	10
13	0.713803424519429	a7	a17
12	0.713877270814177	a7	a14	a33	11
12	0.713894582766059	a7	a16	a33	12
13	0.713910812720949	a7	a16
13	0.713916222705912	a7	a14
12	0.713930018167569	a7	a17	a33	13
12	0.713942731632232	a7	a15	a33	14
13	0.713988987003668	a7	a17
12	0.713995208486375	a7	a16	a33	15
13	0.714011438441265	a7	a16
13	0.714024963403673	a7	a15
13	0.714277068702959	a6	a10
13	0.714341988522518	a8	a56
12	0.714846740119586	a8	a56	a50	0
12	0.736777196164991	a6	a10	a34	0
12	0.736830755016127	a7	a14	a35	0
12	0.736998194050739	a7	a17	a35	1
12	0.73718186304024	a7	a15	a35	2
12	0.737285193753037	a7	a16	a35	3
13	0.789783687836124	a7	a14
13	0.796849669196586	a7	a16
13	0.798103974210308	a7	a17
13	0.798584110375794	a7	a15
13	0.798775082844996	a6	a10
12	0.798849199638992	a6	a10	a36	0
12	0.798925480426973	a7	a14	a37	0
12	0.799055320066091	a7	a16	a37	1
12	0.799270907966875	a7	a17	a37	2
12	0.799344213263127	a7	a15	a37	3
13	0.801916661113138	a7	a15
13	0.802712740400476	a7	a17
13	0.805986051802472	a7	a14
13	0.806803500530414	a7	a16
13	0.806956603104873	a6	a10
12	0.812667383232049	a6	a10	a38	0
12	0.812776123929809	a7	a14	a39	0
12	0.812920029529831	a7	a15	a39	1
12	0.813156175373476	a7	a17	a39	2
12	0.81324084163815	a7	a16	a39	3
13	0.817311314324477	a7	a14
13	0.818044908285489	a7	a16
13	0.818066548225342	a7	a15
13	0.818184215398292	a7	a17
13	0.818334342481022	a6	a10
12	0.818388442330654	a6	a10	a40	0
12	0.818443083178782	a7	a14	a41	0
12	0.818834766090119	a7	a15	a41	1
12	0.818926735834494	a7	a16	a41	2
12	0.818981647181871	a7	a17	a41	3
13	0.819891336153436	a7	a14
13	0.821741010012361	a7	a15
13	0.822018812740222	a7	a17
13	0.822022870228945	a7	a16
13	0.822235482638	a6	a10
12	0.822651510481671	a8	a57	a49	0
13	0.838256071109583	a8	a57
12	0.838325859915608	a8	a57	a54	0
12	0.841915925937201	a8	a58	a53	0
13	0.877976180709544	a8	a58
12	0.878018378592257	a8	a58	a52	0
13	0.889302525228541	a8	a58
12	0.889342018118773	a8	a58	a51	0
13	0.896019562558875	a8	a58
13	0.901260755991243	a8	a57
13	0.901369496689004	a8	a56
13	0.901575617116102	a8	a55
12	0.90207171273723	a8	a55	a46	0
12	0.902094975672572	a8	a56	a48	0
13	1.00526988090313	a8	a56
12	1.00557825004604	a6	a10	a20	0
12	1.00566805579643	a7	a14	a21	0
12	1.00587228272879	a7	a17	a21	1
12	1.00597426094534	a7	a16	a21	2
12	1.00608083764912	a7	a15	a21	3
13	1.00685987548382	a7	a14
13	1.00758589546589	a7	a15
13	1.00824185614268	a7	a17
13	1.00838386824796	a7	a16
13	1.0085396758149	a6	a10
12	1.00873551727057	a8	a56	a44	0
12	1.00875932120441	a8	a57	a43	0
12	1.00909311727664	a6	a10	a22	0
12	1.00915425010672	a7	a14	a23	0
12	1.00931627915637	a7	a17	a23	1
12	1.0231455532186	a7	a15	a23	2
12	1.02318450511034	a7	a16	a23	3
13	1.02384749876758	a7	a17
12	1.02390538560669	a7	a17	a23	4
13	1.02440716171203	a7	a14
12	1.0244699175376	a7	a14	a23	5
13	1.0246170691286	a7	a15
13	1.02464574204891	a7	a16
12	1.02468415294214	a7	a15	a23	6
12	1.02470146489403	a7	a16	a23	7
13	1.02501605551964	a7	a17
12	1.02507556535423	a7	a17	a23	8
13	1.02557463646709	a7	a14
12	1.0256319823077	a7	a14	a23	9
13	1.02580726582051	a7	a15
13	1.02585487368818	a7	a16
12	1.02586623465661	a7	a15	a23	10
12	1.02593169547466	a7	a16	a23	11
13	1.02619921923109	a7	a17
12	1.02628199200103	a7	a17	a23	12
13	1.02670153633493	a7	a14
12	1.02675996417253	a7	a14	a23	13
13	1.02706075933649	a7	a16
13	1.02706995631092	a7	a15
12	1.02714082711394	a7	a15	a23	14
12	1.02714948308988	a7	a16	a23	15
13	1.02763773423281	a7	a17
13	1.02785386313209	a7	a14
13	1.02829531790509	a7	a15
13	1.02854742320438	a7	a16
13	1.02870268977282	a6	a10
12	1.02890556420894	a6	a10	a24	0
12	1.02896236905106	a7	a14	a25	0
13	1.0290148459052	a7	a14
12	1.0290305348616	a7	a14	a25	1
13	1.0290732737428	a7	a14
12	1.02912872608868	a7	a17	a25	2
12	1.02915009552928	a7	a14	a25	3
13	1.02921339235335	a7	a14
13	1.02928020566765	a7	a17
13	1.02948280960452	a6	a10
12	1.02955259841055	a6	a10	a26	0
12	1.02961481323762	a7	a14	a27	0
13	1.02968676603763	a7	a14
12	1.02973707889779	a7	a14	a27	1
12	1.02978901475344	a7	a16	a27	2
13	1.02983662262111	a7	a14
12	1.02989477995947	a7	a17	a27	3
13	1.0300522105219	a7	a17
13	1.03007195696701	a7	a16
13	1.03027807739411	a6	a10
12	1.03052531370693	a6	a10	a22	0
12	1.03059293851897	a7	a14	a23	0
12	1.03075307407388	a7	a16	a23	1
12	1.03090942263932	a7	a15	a23	2
12	1.03100112188445	a7	a17	a23	3
13	1.03160568770409	a7	a14
12	1.03167655850711	a7	a14	a23	4
13	1.03199953460941	a7	a15
13	1.03200764958686	a7	a16
12	1.03207094641092	a7	a15	a23	5
12	1.03208230737935	a7	a16	a23	6
13	1.03221295851621	a7	a17
12	1.0322730093493	a7	a17	a23	7
13	1.0327358335629	a7	a14
12	1.03280129438096	a7	a14	a23	8
13	1.03319946927425	a7	a15
12	1.03326709408629	a7	a15	a23	9
13	1.03328170104569	a7	a16
12	1.03334824386074	a7	a16	a23	10
13	1.03337285929232	a7	a17
12	1.03345076307579	a7	a17	a23	11
13	1.03388166837811	a7	a14
12	1.03394063721421	a7	a14	a23	12
13	1.03440643691955	a7	a15
13	1.03444971679925	a7	a16
12	1.03446486475715	a7	a15	a23	13
12	1.0345162596143	a7	a16	a23	14
13	1.03457928593912	a7	a17
12	1.03465989471507	a7	a17	a23	15
13	1.03499883027302	a7	a14
13	1.03559122362649	a7	a15
13	1.03579193406863	a7	a16
13	1.0358912072927	a7	a17
13	1.03604295737092	a6	a10
13	1.03617279701004	a8	a57
12	1.03618794496794	a6	a10	a28	0
12	1.03624204481757	a7	a14	a29	0
13	1.0363551135033	a7	a14
12	1.03637242545518	a7	a14	a29	1
12	1.03643734527474	a7	a16	a29	2
13	1.03645682122061	a7	a14
12	1.0365309380146	a7	a14	a29	3
12	1.03659017734995	a7	a17	a29	4
13	1.03661857977101	a7	a16
13	1.03667105662515	a7	a14
12	1.03668890957553	a7	a16	a29	5
12	1.03673435344922	a7	a15	a29	6
13	1.03673949293494	a7	a17
12	1.03674787841163	a7	a14	a29	7
13	1.03680468325374	a7	a16
12	1.03682497069735	a7	a17	a29	8
13	1.03683227417705	a7	a14
13	1.03686419308834	a7	a15
13	1.0369072024688	a7	a17
12	1.03692262092594	a7	a14	a29	9
12	1.03699132773497	a7	a15	a29	10
12	1.03700647569287	a7	a16	a29	11
13	1.03701296767483	a7	a14
12	1.03704191109438	a7	a17	a29	12
12	1.03708005148837	a7	a14	a29	13
13	1.03709195345529	a7	a15
13	1.03710223242672	a7	a16
13	1.03712143787334	a7	a17
13	1.03716174226131	a7	a14
12	1.0371644472538	a7	a15	a29	14
12	1.03720475164177	a7	a17	a29	15
13	1.03727481094705	a7	a15
13	1.03729834438164	a7	a17
13	1.05487511502789	a6	a10
13	1.05489945996022	a8	a56
12	1.05533550474826	a8	a56	a42	0
12	1.05539555558135	a6	a10	a30	0
12	1.05545506541595	a7	a14	a31	0
13	1.05561520097086	a7	a14
12	1.05562493894379	a7	a15	a31	1
12	1.05567173531372	a7	a17	a31	2
12	1.0557710085378	a7	a14	a31	3
12	1.05579427147314	a7	a16	a31	4
13	1.05588894621	a7	a15
13	1.05589083970473	a7	a17
13	1.05592194711827	a7	a14
12	1.05596576799647	a7	a15	a31	5
12	1.05598362094685	a7	a14	a31	6
12	1.05600174439648	a7	a17	a31	7
13	1.05614754349124	a7	a16
13	1.05614943698598	a7	a17
13	1.05614970748522	a7	a15
13	1.05616215045064	a7	a14
12	1.05623978373486	a7	a17	a31	8
12	1.05624925120855	a7	a14	a31	9
12	1.05627305514239	a7	a15	a31	10
12	1.05632174500705	a7	a16	a31	11
13	1.05639288630932	a7	a17
13	1.05639802579504	a7	a14
13	1.05643048570482	a7	a15
12	1.05645212564467	a7	a14	a31	12
12	1.05650162700708	a7	a17	a31	13
12	1.05652624243866	a7	a15	a31	14
13	1.05658683427025	a7	a16
13	1.0565944082492	a7	a14
13	1.05664336861312	a7	a17
12	1.05666203306124	a7	a16	a31	15
13	1.05668421399959	a7	a15
13	1.05689358041767	a7	a16
13	1.05705642096506	a6	a10
13	1.05723927845682	a8	a56
12	1.057286345326	a8	a56	a45	0
12	1.05730311627938	a6	a10	a32	0
12	1.05736046211999	a7	a14	a33	0
13	1.05739508602376	a7	a14
12	1.05743944790046	a7	a14	a33	1
13	1.05745675985234	a7	a14
12	1.05747407180422	a7	a14	a33	2
13	1.05749084275761	a7	a14
12	1.05750761371099	a7	a14	a33	3
13	1.05752546666137	a7	a14
12	1.05754169661626	a7	a14	a33	4
13	1.05755954956664	a7	a14
12	1.05757577952153	a7	a14	a33	5
13	1.05759255047492	a7	a14
12	1.0576093214283	a7	a14	a33	6
13	1.05762663338018	a7	a14
12	1.05764286333507	a7	a14	a33	7
13	1.05766017528696	a7	a14
12	1.05767694624034	a7	a14	a33	8
13	1.05769425819222	a7	a14
12	1.05770994714862	a7	a14	a33	9
13	1.0577272591005	a7	a14
12	1.05779921190051	a7	a14	a33	10
13	1.0578159828539	a7	a14
12	1.05793229753061	a7	a14	a33	11
12	1.05795231447497	a7	a15	a33	12
13	1.05795610146444	a7	a14
12	1.05799261886295	a7	a17	a33	13
13	1.05800749632159	a7	a15
13	1.05803211175318	a7	a17
12	1.0580356282434	a7	a14	a33	14
13	1.05805348119378	a7	a14
12	1.05805672718476	a7	a16	a33	15
13	1.05813463096823	a7	a16
13	1.0583158654645	a6	a10
13	1.05836401433067	a8	a56
12	1.05888337288714	a8	a56	a50	0
12	1.0756721792235	a6	a10	a34	0
12	1.07575116500396	a7	a14	a35	0
12	1.07594051447768	a7	a15	a35	1
12	1.07606278013784	a7	a16	a35	2
12	1.07616584035139	a7	a17	a35	3
13	1.13193710483798	a7	a14
13	1.13281352240202	a7	a16
13	1.13489528461587	a7	a15
13	1.13540301170467	a7	a17
13	1.13553961382499	a6	a10
12	1.13580578508518	a6	a10	a36	0
12	1.1358766558882	a7	a14	a37	0
12	1.13599946254686	a7	a15	a37	1
12	1.13614417964463	a7	a17	a37	2
12	1.13627050279352	a7	a16	a37	3
13	1.13980619846623	a7	a17
13	1.14072075642426	a7	a16
13	1.15738729710046	a7	a15
13	1.15818256489005	a7	a14
13	1.15826046867352	a6	a10
12	1.16400100371799	a6	a10	a38	0
12	1.16407079252402	a7	a14	a39	0
12	1.16435806272557	a7	a15	a39	1
12	1.16444435198573	a7	a17	a39	2
12	1.16445977044287	a7	a16	a39	3
13	1.16860273692771	a7	a14
13	1.16960574813989	a7	a16
13	1.16963442106019	a7	a15
13	1.16966715146922	a7	a17
13	1.16986650941512	a6	a10
12	1.16993738021813	a6	a10	a40	0
12	1.170030972958	a7	a14	a41	0
12	1.17040047493099	a7	a15	a41	1
12	1.170471345734	a7	a16	a41	2
12	1.17053329006183	a7	a17	a41	3
13	1.17152629280183	a7	a14
13	1.17320447013742	a7	a15
13	1.17358019359312	a7	a17
13	1.17361562899463	a7	a16
13	1.17379902748488	a6	a10
12	1.17433353399925	a8	a57	a49	0
13	1.18986884681963	a8	a57
12	1.18996839054295	a8	a57	a54	0
12	1.19373915006232	a8	a58	a53	0
13	1.24711784869892	a8	a58
12	1.24717303054554	a8	a58	a52	0
13	1.25868385555179	a8	a58
12	1.25872010245104	a8	a58	a51	0
13	1.26564055521599	a8	a58
13	1.27115387089201	a8	a57
13	1.27130102248301	a8	a56
13	1.27146981401386	a8	a55
12	1.27280391630579	a8	a55	a46	0
12	1.27286559013437	a8	a56	a48	0
13	1.35783697796069	a8	a56
12	1.35819133197578	a6	a10	a20	0
12	1.35828708870963	a7	a14	a21	0
12	1.35862115528111	a7	a17	a21	1
12	1.35863170475179	a7	a16	a21	2
12	1.35875938039692	a7	a15	a21	3
13	1.35950866331433	a7	a14
13	1.36102589359726	a7	a17
13	1.36106673898373	a7	a15
13	1.36156391660185	a7	a16
13	1.3617186421718	a6	a10
12	1.36205893022599	a8	a56	a44	0
12	1.36207786517336	a8	a57	a43	0
12	1.36242572720649	a6	a10	a22	0
12	1.36249768000651	a7	a14	a23	0
12	1.36262616714938	a7	a17	a23	1
12	1.36270596442759	a7	a15	a23	2
12	1.36290721586822	a7	a16	a23	3
13	1.363601316939	a7	a14
12	1.36367110574503	a7	a14	a23	4
13	1.3641831608218	a7	a17
12	1.36425944160978	a7	a17	a23	5
13	1.36478015266249	a7	a14
13	1.36478934963693	a7	a16
12	1.36485913844295	a7	a14	a23	6
12	1.36487482739934	a7	a16	a23	7
13	1.36537876749867	a7	a17
12	1.36543935933026	a7	a17	a23	8
13	1.36586431364912	a7	a15
12	1.36593572545063	a7	a15	a23	9
13	1.36598549731229	a7	a14
12	1.36604825313787	a7	a14	a23	10
13	1.36658573514396	a7	a17
13	1.36661359656652	a7	a16
12	1.366690418353	a7	a16	a23	12
12	1.3666982628312	a7	a17	a23	11
13	1.36715784105382	a7	a14
12	1.3672200558809	a7	a14	a23	13
13	1.3674699971862	a7	a15
12	1.36753762199824	a7	a15	a23	14
13	1.36785004862987	a7	a17
12	1.36791009946296	a7	a17	a23	15
13	1.36832585680738	a7	a14
13	1.36860555302998	a7	a16
13	1.36920227437142	a7	a15
13	1.36927557966768	a7	a17
13	1.36940514880754	a6	a10
12	1.36968538602864	a6	a10	a24	0
12	1.36974110887376	a7	a14	a25	0
13	1.36982009465422	a7	a14
12	1.36983632460911	a7	a14	a25	1
13	1.36989529344521	a7	a14
12	1.36993586833244	a7	a14	a25	2
13	1.36998293520162	a7	a14
12	1.37005461750238	a7	a17	a25	3
13	1.37021583505428	a7	a17
13	1.3703243052528	a6	a10
12	1.37040058604078	a6	a10	a26	0
12	1.37046442386334	a7	a14	a27	0
12	1.3705585576017	a7	a15	a27	1
13	1.37056504958366	a7	a14
12	1.37065215034157	a7	a14	a27	2
13	1.37072518513857	a7	a14
12	1.37078739996565	a7	a14	a27	3
13	1.3708241878634	a7	a15
13	1.37093942054311	a7	a14
13	1.37117583688601	a6	a10
12	1.37144687713266	a6	a10	a22	0
12	1.37154804385148	a7	a14	a23	0
12	1.37197705565906	a7	a15	a23	1
12	1.37201465505455	a7	a17	a23	2
13	1.37264572980051	a7	a14
12	1.37265168078397	a7	a16	a23	3
12	1.3727068626306	a7	a14	a23	4
13	1.37336661029686	a7	a17
12	1.37344721907281	a7	a17	a23	5
13	1.37374287475105	a7	a14
12	1.37379859759618	a7	a14	a23	6
13	1.37438828595717	a7	a16
12	1.37445536977071	a7	a16	a23	7
13	1.37455572499178	a7	a17
12	1.37463633376773	a7	a17	a23	8
13	1.37482703573768	a7	a14
12	1.37488979156326	a7	a14	a23	9
13	1.37491684148807	a7	a15
12	1.37498122030914	a7	a15	a23	10
13	1.37573672470925	a7	a17
12	1.37579569354535	a7	a17	a23	11
13	1.37597990353335	a7	a14
12	1.37603616737696	a7	a14	a23	12
13	1.37612326813487	a7	a16
12	1.37622118886271	a7	a16	a23	13
13	1.37675028539211	a7	a15
12	1.37682277919062	a7	a15	a23	14
13	1.37689933047785	a7	a17
12	1.37696208630342	a7	a17	a23	15
13	1.37708895045081	a7	a14
13	1.37755258616215	a7	a16
13	1.37805760825847	a7	a17
13	1.37856912233674	a7	a15
13	1.37870545395782	a6	a10
13	1.3788104076661	a8	a57
12	1.37885801553378	a6	a10	a28	0
12	1.3789429522977	a7	a14	a29	0
13	1.37905818497742	a7	a14
12	1.37907387393381	a7	a14	a29	1
13	1.37915989269473	a7	a14
12	1.37920560706767	a7	a17	a29	2
12	1.37923022249925	a7	a14	a29	3
12	1.37925456743158	a7	a16	a29	4
13	1.37933247121505	a7	a14
12	1.37934870116994	a7	a14	a29	5
13	1.37939008755491	a7	a17
13	1.37941199799401	a7	a16
13	1.3794282279489	a7	a14
12	1.37946068785868	a7	a14	a29	6
12	1.37949774625568	a7	a17	a29	7
12	1.37949909875192	a7	a16	a29	8
13	1.37957375654441	a7	a14
13	1.37959674898051	a7	a17
13	1.37960026547073	a7	a16
12	1.37960621645419	a7	a14	a29	9
12	1.37967465276398	a7	a17	a29	10
13	1.37968574323315	a7	a14
12	1.37976797500459	a7	a14	a29	11
13	1.37977311449031	a7	a17
12	1.37978582795497	a7	a16	a29	12
12	1.37982802583768	a7	a15	a29	13
12	1.37985101827378	a7	a17	a29	14
13	1.37987563370536	a7	a14
13	1.37987942069484	a7	a16
13	1.37994623400913	a7	a17
12	1.37995191449334	a7	a16	a29	15
13	1.37998004641515	a7	a15
13	1.38002927727832	a7	a16
13	1.3802088887791	a6	a10
13	1.38023647970241	a8	a56
12	1.38086890694461	a8	a56	a42	0
12	1.38097169665891	a6	a10	a30	0
12	1.38103932147095	a7	a14	a31	0
12	1.38121703947699	a7	a17	a31	1
12	1.38122650695068	a7	a16	a31	2
13	1.38123137593714	a7	a14
12	1.38132983766347	a7	a14	a31	3
13	1.38148023524545	a7	a16
12	1.38148239923944	a7	a15	a31	4
13	1.38150133418681	a7	a14
13	1.38151621164546	a7	a17
12	1.38157274598832	a7	a14	a31	5
12	1.38161791936277	a7	a17	a31	6
12	1.38163658381089	a7	a16	a31	7
13	1.38170474962143	a7	a15
13	1.38173937352519	a7	a14
13	1.38177318593121	a7	a17
12	1.38177994841241	a7	a14	a31	8
13	1.38179834236129	a7	a16
12	1.38180699833723	a7	a15	a31	9
12	1.38186840166656	a7	a17	a31	10
12	1.38189085310416	a7	a16	a31	11
13	1.38194819894477	a7	a15
13	1.38195360892973	a7	a14
12	1.38201420076132	a7	a14	a31	12
13	1.38201934024704	a7	a17
13	1.38203692269817	a7	a16
12	1.38203962769065	a7	a15	a31	13
12	1.38209805552825	a7	a16	a31	14
12	1.38214106490871	a7	a17	a31	15
13	1.38218028729969	a7	a15
13	1.38221761619594	a7	a14
13	1.38223655114331	a7	a16
13	1.38229579047866	a7	a17
13	1.38248973843959	a6	a10
13	1.38270397384413	a8	a56
12	1.38275428670429	a8	a56	a45	0
12	1.382797566584	a6	a10	a32	0
12	1.38286032240957	a7	a14	a33	0
13	1.38289819230431	a7	a14
12	1.38295229215394	a7	a14	a33	1
13	1.38296960410583	a7	a14
12	1.38303776991636	a7	a16	a33	2
12	1.38309430425923	a7	a17	a33	3
12	1.38310268973592	a7	a14	a33	4
13	1.3831205426863	a7	a14
12	1.38313785463818	a7	a14	a33	5
13	1.38314164162766	a7	a16
13	1.38314732211187	a7	a17
13	1.38315462559157	a7	a14
12	1.38326471878557	a7	a17	a33	6
12	1.38327472725775	a7	a14	a33	7
13	1.38329447370287	a7	a17
13	1.38329582619911	a7	a14
12	1.3833115151555	a7	a15	a33	8
12	1.38335966402167	a7	a16	a33	9
13	1.38338292695702	a7	a15
13	1.38339104193446	a7	a16
12	1.38339996840965	a7	a17	a33	10
13	1.38341619836454	a7	a17
12	1.38343215782018	a7	a14	a33	11
13	1.38347273270741	a7	a14
12	1.3835170945841	a7	a15	a33	12
12	1.3835327835405	a7	a16	a33	13
13	1.38354468550742	a7	a15
13	1.38355604647584	a7	a16
12	1.38359202287584	a7	a17	a33	14
12	1.38360257234652	a7	a14	a33	15
13	1.38362962227134	a7	a14
13	1.38365315570593	a7	a17
13	1.38411165193156	a6	a10
13	1.38419604769699	a8	a56
12	1.38475003015722	a8	a56	a50	0
12	1.40701374127636	a6	a10	a34	0
12	1.40708623507487	a7	a14	a35	0
12	1.40732265141776	a7	a16	a35	1
12	1.40734943084333	a7	a17	a35	2
12	1.40752931284336	a7	a15	a35	3
13	1.46481564361889	a7	a14
13	1.46737510750499	a7	a15
13	1.46872057076535	a7	a16
13	1.46922396986617	a7	a17
13	1.46935299800755	a6	a10
12	1.46942603280455	a6	a10	a36	0
12	1.46948337864516	a7	a14	a37	0
12	1.46974846790836	a7	a16	a37	1
12	1.46989778349334	a7	a15	a37	2
12	1.47022914507234	a7	a17	a37	3
13	1.47361173817059	a7	a15
13	1.4744199899241	a7	a14
13	1.47443324438726	a7	a17
13	1.47543544410169	a7	a16
13	1.47557339871826	a6	a10
12	1.48089628292357	a6	a10	a38	0
12	1.48096877672207	a7	a14	a39	0
12	1.48122088202136	a7	a15	a39	1
12	1.48132286023792	a7	a17	a39	2
12	1.48139562453567	a7	a16	a39	3
13	1.48524104184753	a7	a14
13	1.48593514291831	a7	a15
13	1.48620077318001	a7	a16
13	1.48626271750783	a7	a17
13	1.48638525366725	a6	a10
12	1.48644043551388	a6	a10	a40	0
12	1.48654538922216	a7	a14	a41	0
12	1.48687485730642	a7	a16	a41	1
12	1.48696276956207	a7	a17	a41	2
12	1.48702850087938	a7	a15	a41	3
13	1.48802934809757	a7	a14
13	1.48976351877753	a7	a17
13	1.49020849004076	a7	a16
13	1.49047249730696	a7	a15
13	1.49066130578218	a6	a10
12	1.49108003861833	a8	a57	a49	0
13	1.52126072173265	a8	a57
12	1.52134457649958	a8	a57	a54	0
12	1.52503797323397	a8	a58	a53	0
13	1.56319081019009	a8	a58
12	1.56324599203671	a8	a58	a52	0
13	1.57462535440835	a8	a58
12	1.57467188027903	a8	a58	a51	0
13	1.58157393909511	a8	a58
13	1.58699636702374	a8	a57
13	1.58711700968842	a8	a56
13	1.5872960801907	a8	a55
12	1.58781327475319	a8	a55	a47	0
13	1.63600163381608	a8	a55
12	1.63616501536197	a8	a55	a46	0
12	1.63624400114243	a8	a56	a48	0
13	1.70188821768765	a8	a56
12	1.70246113509525	a6	a10	a20	0
12	1.70252659591331	a7	a14	a21	0
12	1.70274867579605	a7	a17	a21	1
12	1.70277004523665	a7	a15	a21	2
12	1.70288365492088	a7	a16	a21	3
13	1.70378874540522	a7	a14
13	1.7038436567526	a7	a17
13	1.70387314117065	a7	a15
13	1.70403544071955	a7	a16
13	1.70417610032859	a6	a10
12	1.70455209428354	a8	a56	a44	0
12	1.70458888218128	a8	a57	a43	0
12	1.704925383246	a6	a10	a22	0
12	1.70500545102345	a7	a14	a23	0
12	1.70515043862047	a7	a16	a23	1
12	1.70540443741449	a7	a17	a23	2
12	1.70543500382953	a7	a15	a23	3
13	1.70607554604918	a7	a14
12	1.70613776087625	a7	a14	a23	4
13	1.70645262200111	a7	a16
12	1.70655054272895	a7	a16	a23	5
13	1.70678966406432	a7	a15
13	1.70684349341471	a7	a17
12	1.70684809190193	a7	a15	a23	6
12	1.70690949523126	a7	a17	a23	7
13	1.7073225475832	a7	a14
12	1.7073961233787	a7	a14	a23	8
13	1.70770611551709	a7	a16
12	1.70777211733364	a7	a16	a23	9
13	1.70802043564346	a7	a15
13	1.70803369010662	a7	a17
12	1.708087519457	a7	a15	a23	10
12	1.70810672490362	a7	a17	a23	11
13	1.70866638784806	a7	a14
12	1.70872427468717	a7	a14	a23	12
13	1.70890226319246	a7	a16
12	1.70897097000149	a7	a16	a23	13
13	1.70918628740303	a7	a15
12	1.70924201024815	a7	a15	a23	14
13	1.70944677817901	a7	a17
12	1.70951169799857	a7	a17	a23	15
13	1.70994909528284	a7	a14
13	1.71004701601068	a7	a16
13	1.71045709287089	a7	a15
13	1.71088583417922	a7	a17
13	1.71100133735819	a6	a10
12	1.71126047563793	a6	a10	a24	0
12	1.71131728048004	a7	a14	a25	0
13	1.71138977427855	a7	a14
12	1.7114119552169	a7	a14	a25	1
13	1.71146172707856	a7	a14
12	1.71147795703345	a7	a14	a25	2
13	1.71152718789661	a7	a14
12	1.71158994372219	a7	a14	a25	3
13	1.71163755158986	a7	a14
13	1.71183501604102	a6	a10
12	1.71191724781246	a6	a10	a26	0
12	1.71196215068766	a7	a14	a27	0
13	1.71206223540948	a7	a14
12	1.71207792436587	a7	a14	a27	1
13	1.71215907414032	a7	a14
12	1.7121758450937	a7	a14	a27	2
13	1.71224779789372	a7	a14
12	1.71227430682004	a7	a16	a27	3
13	1.71252316612834	a7	a16
13	1.7126773506998	a6	a10
12	1.71296678489533	a6	a10	a22	0
12	1.71302196674195	a7	a14	a23	0
12	1.71315397037505	a7	a16	a23	1
12	1.71349209443526	a7	a15	a23	2
12	1.71354754678113	a7	a17	a23	3
13	1.71404174890752	a7	a14
12	1.71410612772858	a7	a14	a23	4
13	1.71424191835116	a7	a16
12	1.71430737916921	a7	a16	a23	5
13	1.71459951835723	a7	a15
12	1.71467471714822	a7	a15	a23	6
13	1.71473503848056	a7	a17
12	1.71479400731665	a7	a17	a23	7
13	1.71510751594527	a7	a14
12	1.71516918977385	a7	a14	a23	8
13	1.71531958735583	a7	a16
12	1.71538667116938	a7	a16	a23	9
13	1.71567123637844	a7	a15
12	1.71572912321755	a7	a15	a23	10
13	1.71587870930178	a7	a17
12	1.71593930113337	a7	a17	a23	11
13	1.7161770699725	a7	a14
12	1.71623928479958	a7	a14	a23	12
13	1.71639238737404	a7	a16
12	1.71645784819209	a7	a16	a23	13
13	1.71674024940717	a7	a15
12	1.71679867724478	a7	a15	a23	14
13	1.71700939615909	a7	a17
12	1.7170813489591	a7	a17	a23	15
13	1.71723850902229	a7	a14
13	1.71747979435165	a7	a16
13	1.7178098034344	a7	a15
13	1.7181563129713	a7	a17
13	1.71826857015928	a6	a10
13	1.71839624580442	a8	a57
12	1.71844601766608	a6	a10	a28	0
12	1.7185304134315	a7	a14	a29	0
13	1.71864077712475	a7	a14
12	1.71866241706461	a7	a14	a29	1
12	1.71872706638492	a7	a17	a29	2
13	1.71874410783755	a7	a14
12	1.71880415867064	a7	a14	a29	3
12	1.71886799649321	a7	a15	a29	4
13	1.7188831444511	a7	a14
13	1.71888557894434	a7	a17
12	1.7189640237263	a7	a17	a29	5
13	1.71899242614736	a7	a15
12	1.71901893507368	a7	a14	a29	6
12	1.71906600194286	a7	a16	a29	7
13	1.71908845338046	a7	a17
13	1.71909846185264	a7	a14
12	1.7191044128361	a7	a15	a29	8
12	1.7191701441534	a7	a17	a29	9
13	1.71919475958499	a7	a16
12	1.71921207153687	a7	a14	a29	10
13	1.71924290845116	a7	a15
13	1.71926265489627	a7	a17
12	1.71927049937447	a7	a16	a29	11
13	1.71929051631884	a7	a14
12	1.71934191117599	a7	a15	a29	12
13	1.7193543541414	a7	a16
12	1.71938383855945	a7	a17	a29	13
12	1.71939601102562	a7	a14	a29	14
12	1.71945876685119	a7	a16	a29	15
13	1.71949501375045	a7	a15
13	1.71950475172338	a7	a14
13	1.71951205520308	a7	a17
13	1.71954099862263	a7	a16
13	1.71974874204522	a6	a10
13	1.71977579197004	a8	a56
12	1.72029190453553	a8	a56	a42	0
12	1.72038766126938	a6	a10	a30	0
12	1.72045312208743	a7	a14	a31	0
12	1.72060027367843	a7	a15	a31	1
13	1.72064571755212	a7	a14
12	1.72071550635815	a7	a14	a31	2
12	1.72077149970252	a7	a17	a31	3
12	1.72083019803937	a7	a16	a31	4
13	1.72085021498373	a7	a15
13	1.72089728185291	a7	a14
12	1.72090756082434	a7	a15	a31	5
13	1.72094570121833	a7	a17
12	1.7209730216424	a7	a14	a31	6
13	1.72101413752812	a7	a16
12	1.72102630999428	a7	a17	a31	7
13	1.72104767943489	a7	a15
12	1.72110123828602	a7	a15	a31	8
13	1.72111205825595	a7	a14
12	1.72111638624392	a7	a16	a31	9
13	1.72117778957325	a7	a17
12	1.7211791420695	a7	a14	a31	10
12	1.72125515235823	a7	a17	a31	11
13	1.72125542285748	a7	a15
13	1.72127111181387	a7	a16
13	1.72133170364546	a7	a14
12	1.72133332664095	a7	a15	a31	12
12	1.72134847459884	a7	a16	a31	13
13	1.7213920249778	a7	a17
12	1.72139608246652	a7	a14	a31	14
12	1.72146992876127	a7	a17	a31	15
13	1.72150049517631	a7	a16
13	1.72151834812669	a7	a15
13	1.72158110395226	a7	a14
13	1.72160788337783	a7	a17
13	1.7218104873147	a6	a10
13	1.72201606674331	a8	a56
12	1.72206637960346	a8	a56	a45	0
12	1.72210803648768	a6	a10	a32	0
12	1.72216213633731	a7	a14	a33	0
13	1.72220108822905	a7	a14
12	1.72222435116439	a7	a14	a33	1
13	1.72225031909221	a7	a14
12	1.7222743935253	a7	a17	a33	2
12	1.72228981198244	a7	a14	a33	3
13	1.72230495994034	a7	a14
12	1.72232118989523	a7	a14	a33	4
13	1.72232470638546	a7	a17
13	1.72233741985012	a7	a14
12	1.7223850277178	a7	a14	a33	5
12	1.72240206917043	a7	a17	a33	6
13	1.72240937265013	a7	a14
13	1.72241829912532	a7	a17
12	1.72246644799149	a7	a17	a33	7
13	1.72248267794638	a7	a17
12	1.72248457144112	a7	a14	a33	8
13	1.7225024243915	a7	a14
12	1.72254922076143	a7	a17	a33	9
13	1.72256490971782	a7	a17
12	1.7225906071464	a7	a14	a33	10
13	1.72263172303212	a7	a14
12	1.72266283044566	a7	a17	a33	11
13	1.72267797840356	a7	a17
12	1.7227080038201	a7	a15	a33	12
12	1.72273938173289	a7	a14	a33	13
12	1.72275642318552	a7	a17	a33	14
13	1.7227675136547	a7	a14
13	1.72276805465319	a7	a15
13	1.72277157114342	a7	a17
12	1.72279456357951	a7	a16	a33	15
13	1.72285407341411	a7	a16
13	1.72303368491489	a6	a10
13	1.72314783559761	a8	a56
12	1.72375916389846	a8	a56	a50	0
12	1.74782223601636	a6	a10	a34	0
12	1.74804458639835	a7	a14	a35	0
12	1.74818064752017	a7	a17	a35	1
12	1.74824962482846	a7	a15	a35	2
12	1.7483015606841	a7	a16	a35	3
13	1.79144727276277	a7	a16
13	1.79307730123219	a7	a14
13	1.79604603048076	a7	a17
13	1.79625025741312	a7	a15
13	1.79659054546731	a6	a10
12	1.79668413820717	a6	a10	a36	0
12	1.79674527103726	a7	a14	a37	0
12	1.79685184774103	a7	a16	a37	1
12	1.79700089282677	a7	a17	a37	2
12	1.79770500236973	a7	a15	a37	3
13	1.80037185445735	a7	a17
13	1.80050250559421	a7	a15
13	1.80355752410294	a7	a14
13	1.80462924212416	a7	a16
13	1.8047704427317	a6	a10
12	1.81023885553252	a6	a10	a38	0
12	1.810315677319	a7	a14	a39	0
12	1.81042550001375	a7	a16	a39	1
12	1.81046607490097	a7	a15	a39	2
12	1.81074117263635	a7	a17	a39	3
13	1.81488549161743	a7	a14
13	1.81537401325961	a7	a16
13	1.81538266923555	a7	a15
13	1.81545705652879	a7	a17
13	1.81562936454987	a6	a10
12	1.81570077635139	a6	a10	a40	0
12	1.81579869707922	a7	a14	a41	0
12	1.81619470797853	a7	a16	a41	1
12	1.81622554489282	a7	a15	a41	2
12	1.81628640722365	a7	a17	a41	3
13	1.81728860693809	a7	a14
13	1.81908120545565	a7	a17
13	1.81946720788278	a7	a15
13	1.81960083451137	a7	a16
13	1.81973824812944	a6	a10
12	1.82019809685131	a8	a57	a49	0
13	1.85089651552661	a8	a57
12	1.85100958421234	a8	a57	a54	0
12	1.8546039782219	a8	a58	a53	0
13	1.87606376557551	a8	a58
12	1.87611299643867	a8	a58	a52	0
13	1.90436718390758	a8	a58
12	1.9044082997933	a8	a58	a51	0
13	1.91138285240789	a8	a58
13	1.91688102012601	a8	a57
13	1.91702708972002	a8	a56
13	1.91720778321779	a8	a55
12	1.91776771666148	a8	a55	a46	0
12	1.91779260259231	a8	a56	a48	0
13	1.97169985675982	a8	a56
12	1.97191679715685	a6	a10	a20	0
12	1.97201038989671	a7	a14	a21	0
12	1.97219703437794	a7	a15	a21	1
12	1.97233228400202	a7	a16	a21	2
12	1.97247754209828	a7	a17	a21	3
13	1.97316731518109	a7	a17
13	1.97322493152095	a7	a14
13	1.97382219386089	a7	a16
13	1.97531697270623	a7	a15
13	1.9755128141619	a6	a10
12	1.97578060841758	a8	a56	a44	0
12	1.97579900236645	a8	a57	a43	0
12	1.9761295524477	a6	a10	a22	0
12	1.97619176727478	a7	a14	a23	0
12	1.97642547862519	a7	a15	a23	1
12	1.97644143808083	a7	a17	a23	2
12	1.97663592704026	a7	a16	a23	3
13	1.9772926992148	a7	a14
12	1.97736357001782	a7	a14	a23	4
13	1.97783775519984	a7	a17
13	1.97789374854421	a7	a16
12	1.9779032160179	a7	a17	a23	5
12	1.9779694883337	a7	a16	a23	6
13	1.97844719000595	a7	a14
12	1.9785131918225	a7	a14	a23	7
13	1.97867116338343	a7	a15
12	1.97874744417141	a7	a15	a23	8
13	1.97910342118199	a7	a16
12	1.97916725900455	a7	a16	a23	9
13	1.97917834947373	a7	a17
12	1.97924489228878	a7	a17	a23	10
13	1.97960005780161	a7	a14
12	1.97966173163019	a7	a14	a23	11
13	1.98024979699569	a7	a16
12	1.98032337279119	a7	a16	a23	12
13	1.98062254495966	a7	a15
13	1.98065419337169	a7	a17
12	1.98070153074012	a7	a15	a23	13
12	1.98071911319125	a7	a17	a23	14
13	1.98086166629503	a7	a14
12	1.98092334012361	a7	a14	a23	15
13	1.98166667205756	a7	a16
13	1.98182437311924	a7	a17
13	1.98246518583813	a7	a14
13	1.98295749446978	a7	a15
13	1.98311276103823	a6	a10
12	1.98330048751645	a6	a10	a24	0
12	1.98337081732097	a7	a14	a25	0
13	1.98342816316158	a7	a14
12	1.98344493411497	a7	a14	a25	1
13	1.98350227995558	a7	a14
12	1.98352229689995	a7	a14	a25	2
13	1.98356341278567	a7	a14
12	1.98357964274056	a7	a14	a25	3
13	1.98363049659921	a7	a14
13	1.98388638888797	a6	a10
12	1.98394752171805	a6	a10	a26	0
12	1.98404057345942	a7	a14	a27	0
12	1.98411847724289	a7	a15	a27	1
13	1.98412118223537	a7	a14
12	1.98418664305343	a7	a14	a27	2
13	1.98428780977224	a7	a14
13	1.98429862974217	a7	a15
12	1.98432513866849	a7	a16	a27	3
13	1.98446471628054	a7	a16
13	1.98464324578432	a6	a10
12	1.98490671205203	a6	a10	a22	0
12	1.98496568088813	a7	a14	a23	0
12	1.98509849601898	a7	a17	a23	1
12	1.98514907937839	a7	a16	a23	2
12	1.98525727907765	a7	a15	a23	3
13	1.98600277500558	a7	a14
12	1.98606607182965	a7	a14	a23	4
13	1.98625163431389	a7	a16
12	1.98633007909586	a7	a16	a23	5
13	1.98636605549586	a7	a17
12	1.98643205731241	a7	a17	a23	6
13	1.98709234597717	a7	a14
12	1.98715185581177	a7	a14	a23	7
13	1.98716970876215	a7	a15
12	1.98724382555614	a7	a15	a23	8
13	1.98740504310805	a7	a16
12	1.98747483191407	a7	a16	a23	9
13	1.98764930392914	a7	a17
12	1.98772720771261	a7	a17	a23	10
13	1.98818029395328	a7	a14
12	1.98824142678336	a7	a14	a23	11
13	1.98850435205257	a7	a16
12	1.98857143586612	a7	a16	a23	12
13	1.9888319266421	a7	a17
12	1.98891253541805	a7	a17	a23	13
13	1.98924497899404	a7	a15
13	1.98926715993239	a7	a14
12	1.98934885070533	a7	a14	a23	15
12	1.98938131061511	a7	a15	a23	14
13	1.98959608701815	a7	a16
13	1.99002699232047	a7	a17
13	1.99037891184233	a7	a14
13	1.99170381715982	a7	a15
13	1.99187044469669	a6	a10
13	1.99199812034182	a8	a57
12	1.99202246527416	a6	a10	a28	0
12	1.99209225408018	a7	a14	a29	0
13	1.9921928798005	a7	a14
12	1.99220910975539	a7	a14	a29	1
13	1.99228701353886	a7	a14
12	1.99230378449224	a7	a14	a29	2
13	1.99237573729225	a7	a14
12	1.99239250824564	a7	a14	a29	3
13	1.99246392004716	a7	a14
12	1.9925461518186	a7	a14	a29	4
12	1.99255534879303	a7	a16	a29	5
12	1.99261567012537	a7	a17	a29	6
13	1.9926478595359	a7	a14
12	1.99266895847726	a7	a15	a29	7
12	1.99272792731336	a7	a14	a29	8
13	1.99273225530133	a7	a16
13	1.99280177360811	a7	a17
12	1.99280258510585	a7	a16	a29	9
13	1.99281881506074	a7	a14
12	1.99286534093143	a7	a14	a29	10
12	1.99290456332241	a7	a17	a29	11
13	1.99290483382166	a7	a16
13	1.99296001566828	a7	a14
12	1.99296867164422	a7	a16	a29	12
13	1.99300194305175	a7	a17
12	1.99302493548784	a7	a14	a29	13
13	1.99308065833296	a7	a16
13	1.99308119933146	a7	a15
12	1.99309337179763	a7	a17	a29	14
13	1.99312285621568	a7	a14
12	1.99317479207132	a7	a15	a29	15
13	1.99317939055854	a7	a17
13	1.99333492762623	a7	a15
13	1.99348478420971	a6	a10
13	1.99350317815859	a8	a56
12	1.99383751522932	a8	a56	a42	0
12	1.99389269707594	a6	a10	a30	0
12	1.99398520781881	a7	a14	a31	0
13	1.99414155638425	a7	a14
12	1.99419782022787	a7	a15	a31	1
12	1.99422703414667	a7	a14	a31	2
12	1.99437553823391	a7	a17	a31	3
13	1.99437580873316	a7	a14
12	1.9943839237106	a7	a16	a31	4
12	1.99443910555723	a7	a14	a31	5
13	1.99456732220085	a7	a16
13	1.99457949466702	a7	a17
13	1.99457976516627	a7	a14
12	1.99463278301891	a7	a14	a31	6
13	1.99465929194523	a7	a15
12	1.99466821842042	a7	a17	a31	7
12	1.99467714489561	a7	a16	a31	8
12	1.99473935972269	a7	a15	a31	9
13	1.99477398362645	a7	a14
13	1.99482862447458	a7	a16
12	1.99483511645653	a7	a14	a31	10
13	1.99483971494375	a7	a17
12	1.99492005322046	a7	a16	a31	11
12	1.994951160634	a7	a17	a31	12
13	1.99498984202648	a7	a14
12	1.9950607128295	a7	a14	a31	13
13	1.99509100874529	a7	a16
12	1.9951635025438	a7	a16	a31	14
13	1.99517513401147	a7	a17
13	1.99521381540396	a7	a14
13	1.99522084838441	a7	a15
12	1.99526331676637	a7	a17	a31	15
13	1.9953111951333	a7	a16
13	1.99545699422806	a7	a17
13	1.99558223537996	a6	a10
13	1.99571153402058	a8	a56
12	1.9957521089078	a8	a56	a45	0
12	1.99577915883262	a6	a10	a32	0
12	1.99585922661007	a7	a14	a33	0
13	1.99590088349429	a7	a14
12	1.99593604839655	a7	a14	a33	1
13	1.99597932827626	a7	a14
12	1.99599880422212	a7	a16	a33	2
12	1.99605615006273	a7	a14	a33	3
13	1.99605939605371	a7	a16
13	1.99607238001762	a7	a14
12	1.99613107835447	a7	a17	a33	4
12	1.99614487381613	a7	a16	a33	5
13	1.99617219424019	a7	a17
13	1.99617516973192	a7	a16
12	1.9962076296417	a7	a14	a33	6
13	1.99622602359058	a7	a14
12	1.9962592949981	a7	a17	a33	7
13	1.99629283690487	a7	a17
12	1.99633476428834	a7	a16	a33	9
12	1.9963401742733	a7	a15	a33	8
12	1.9963547812327	a7	a14	a33	10
13	1.99636776519661	a7	a16
13	1.99637425717857	a7	a14
12	1.99641618456204	a7	a17	a33	11
13	1.99643944749738	a7	a17
12	1.99644134099211	a7	a14	a33	12
13	1.99645919394249	a7	a14
12	1.99651085929889	a7	a17	a33	13
13	1.99652708925378	a7	a17
13	1.99654250771093	a7	a15
12	1.9965468356989	a7	a16	a33	14
13	1.99657983660717	a7	a16
12	1.99658308259815	a7	a14	a33	15
13	1.9966193294974	a7	a14
13	1.9968844187606	a6	a10
13	1.99694068260422	a8	a56
12	1.99735616944939	a8	a56	a50	0
12	2.00526015748066	a6	a10	a34	0
12	2.00533102828368	a7	a14	a35	0
12	2.00558340408221	a7	a17	a35	1
12	2.00560964250928	a7	a15	a35	2
12	2.00568754629275	a7	a16	a35	3
13	2.08227399842458	a7	a15
13	2.08688384661174	a7	a14
13	2.08740050017572	a7	a16
13	2.08773943573367	a7	a17
13	2.08789875979084	a6	a10
12	2.08832073861797	a6	a10	a36	0
12	2.08839593740896	a7	a14	a37	0
12	2.08879248930676	a7	a15	a37	1
12	2.08880655526767	a7	a16	a37	2
12	2.08900158522559	a7	a17	a37	3
13	2.09146069389062	a7	a16
13	2.09217075441704	a7	a17
13	2.09287378196301	a7	a14
13	2.09396227093761	a7	a15
13	2.09409427457072	a6	a10
12	2.09982831763323	a6	a10	a38	0
12	2.09993327134152	a7	a14	a39	0
12	2.10004444653251	a7	a17	a39	1
12	2.10007014396109	a7	a16	a39	2
12	2.10040339903482	a7	a15	a39	3
13	2.10460317036177	a7	a14
13	2.10535948625963	a7	a16
13	2.10548202241905	a7	a17
13	2.10573277522209	a7	a15
13	2.105892910777	a6	a10
12	2.10596432257852	a6	a10	a40	0
12	2.10602491441011	a7	a14	a41	0
12	2.10618586146276	a7	a17	a41	1
12	2.10638846539963	a7	a15	a41	2
12	2.1065399449786	a7	a16	a41	3
13	2.10752510324041	a7	a14
13	2.10904395651883	a7	a17
13	2.10961173444072	a7	a16
13	2.10973075410991	a7	a15
13	2.10991685759265	a6	a10
12	2.11044649512055	a8	a57	a49	0
13	2.13944347352491	a8	a57
12	2.13954464024372	a8	a57	a54	0
12	2.14319151110743	a8	a58	a53	0
13	2.16411895594065	a8	a58
12	2.16416980979931	a8	a58	a52	0
13	2.17525162299797	a8	a58
12	2.1754972363153	a8	a58	a51	0
13	2.18225971751932	a8	a58
13	2.18752255089154	a8	a57
13	2.18767078447953	a8	a56
13	2.18791639779686	a8	a55
12	2.18919477724367	a8	a55	a46	0
12	2.18925536907526	a8	a56	a48	0
13	2.24237547043062	a8	a56
12	2.24267356060209	a6	a10	a20	0
12	2.24275849736602	a7	a14	a21	0
12	2.24297138027432	a7	a17	a21	1
12	2.24309283443674	a7	a16	a21	2
12	2.24311988436156	a7	a15	a21	3
13	2.24361625048194	a7	a17
13	2.24367873580826	a7	a16
13	2.24375014760978	a7	a15
13	2.24394274307447	a7	a14
13	2.24403092582937	a6	a10
12	2.24438798483694	a8	a56	a44	0
12	2.24440637878581	a8	a57	a43	0
12	2.24474071585654	a6	a10	a22	0
12	2.24480184868663	a7	a14	a23	0
12	2.24519731858744	a7	a16	a23	1
12	2.24522409801301	a7	a17	a23	2
12	2.24527738636489	a7	a15	a23	3
13	2.24587410770634	a7	a14
12	2.24593632253341	a7	a14	a23	4
13	2.24643295915304	a7	a16
12	2.24650707594703	a7	a16	a23	5
13	2.24660607867186	a7	a15
12	2.24666342451247	a7	a15	a23	6
13	2.24679191165535	a7	a17
12	2.24688117640724	a7	a17	a23	7
13	2.24740783844341	a7	a14
12	2.24750413617575	a7	a14	a23	8
13	2.24795505842244	a7	a17
12	2.24801510925553	a7	a17	a23	9
13	2.24814576039239	a7	a15
13	2.24820743422097	a7	a16
12	2.24825125509917	a7	a15	a23	10
12	2.24827289503903	a7	a16	a23	11
13	2.24898160306921	a7	a14
12	2.24910440972787	a7	a14	a23	12
13	2.24934190806776	a7	a16
12	2.24941223787228	a7	a16	a23	13
13	2.24975766541218	a7	a17
12	2.24982366722873	a7	a17	a23	14
13	2.24991482547536	a7	a15
12	2.25005927207388	a7	a15	a23	15
13	2.25041146209499	a7	a14
13	2.25090701671762	a7	a16
13	2.251070939262	a7	a15
13	2.25151158253726	a7	a17
13	2.25163195470269	a6	a10
12	2.25189379797491	a6	a10	a24	0
12	2.25194735682605	a7	a14	a25	0
13	2.25202093262155	a7	a14
12	2.25203770357493	a7	a14	a25	1
13	2.25209883640502	a7	a14
12	2.25212101734337	a7	a14	a25	2
13	2.25216537922006	a7	a14
12	2.25224544699752	a7	a15	a25	3
13	2.25241694352085	a7	a15
13	2.25254407816749	a6	a10
12	2.25261981795697	a6	a10	a26	0
12	2.25267175381262	a7	a14	a27	0
13	2.25277183853444	a7	a14
12	2.25279185547881	a7	a14	a27	1
13	2.2528811202307	a7	a14
12	2.25290681765927	a7	a17	a27	2
12	2.25297200797808	a7	a14	a27	3
13	2.25305964973448	a7	a14
13	2.25311888906983	a7	a17
13	2.25330309905783	a6	a10
12	2.25356710632403	a6	a10	a22	0
12	2.25362878015262	a7	a14	a23	0
12	2.25375699679624	a7	a15	a23	1
12	2.2538000061767	a7	a17	a23	2
12	2.25405508696772	a7	a16	a23	3
13	2.25465126731066	a7	a14
12	2.25471348213774	a7	a14	a23	4
13	2.2549031021107	a7	a17
13	2.25491852056785	a7	a15
12	2.25496748093176	a7	a17	a23	5
12	2.25499047336786	a7	a15	a23	6
13	2.25513383796938	a7	a16
12	2.25520092178293	a7	a16	a23	7
13	2.25572406732887	a7	a14
12	2.25578303616497	a7	a14	a23	8
13	2.25600214055598	a7	a15
12	2.25606219138907	a7	a15	a23	9
13	2.25607003586727	a7	a17
12	2.25613170969585	a7	a17	a23	10
13	2.2563667735425	a7	a16
12	2.25643331635755	a7	a16	a23	11
13	2.25678604737715	a7	a14
12	2.25684339321776	a7	a14	a23	12
13	2.2571176794554	a7	a15
12	2.2571755662945	a7	a15	a23	13
13	2.25736248127498	a7	a17
12	2.25742145011108	a7	a17	a23	14
13	2.25743686856823	a7	a16
12	2.25751855934117	a7	a16	a23	15
13	2.25784369943746	a7	a14
13	2.25819372546458	a7	a15
13	2.25849100413831	a7	a17
13	2.25881046375039	a7	a16
13	2.25895004136244	a6	a10
13	2.25907501201509	a8	a57
12	2.25910206193991	a6	a10	a28	0
12	2.25915562079104	a7	a14	a29	0
12	2.25926273849331	a7	a15	a29	1
13	2.25926706648128	a7	a14
12	2.25932765831287	a7	a14	a29	2
13	2.25940934908582	a7	a14
13	2.25944613698357	a7	a15
12	2.25945857994898	a7	a14	a29	3
12	2.25947480990387	a7	a16	a29	4
12	2.25955109069185	a7	a15	a29	5
13	2.25955758267381	a7	a14
12	2.25959355907381	a7	a17	a29	6
12	2.25962196149487	a7	a14	a29	7
13	2.2596316994678	a7	a16
13	2.25967119235804	a7	a15
12	2.25970852125428	a7	a16	a29	8
13	2.25973205468887	a7	a17
12	2.25974963714	a7	a15	a29	9
13	2.25975883411444	a7	a14
13	2.25980157299565	a7	a16
12	2.25981049947084	a7	a17	a29	10
13	2.25983457390392	a7	a15
12	2.25984863986483	a7	a14	a29	11
12	2.25986865680919	a7	a16	a29	12
13	2.25989489523626	a7	a17
12	2.25992113366334	a7	a15	a29	13
13	2.25997847950395	a7	a16
12	2.25998415998816	a7	a17	a29	14
13	2.26001202141072	a7	a15
13	2.26002500537463	a7	a14
12	2.26006666225885	a7	a15	a29	15
13	2.26011778661675	a7	a17
13	2.26017864894759	a7	a15
13	2.26034257149197	a6	a10
13	2.26038044138671	a8	a56
12	2.26092035788604	a8	a56	a42	0
12	2.26100529464997	a6	a10	a30	0
12	2.2610588535011	a7	a14	a31	0
12	2.26122980902594	a7	a16	a31	1
13	2.26124820297481	a7	a14
12	2.26129364684851	a7	a15	a31	2
12	2.26133692672821	a7	a14	a31	3
12	2.26139508406657	a7	a17	a31	4
13	2.26148245532372	a7	a14
13	2.26149598028613	a7	a16
13	2.2615300631914	a7	a15
12	2.2615890320275	a7	a14	a31	5
12	2.26160147499291	a7	a16	a31	6
13	2.26162013944104	a7	a17
12	2.26165070585608	a7	a15	a31	7
12	2.26172563414782	a7	a17	a31	8
13	2.26174700358842	a7	a16
13	2.26176052855083	a7	a14
12	2.26181733339294	a7	a14	a31	9
13	2.26181841538994	a7	a15
12	2.26184654731175	a7	a16	a31	10
13	2.26186629375686	a7	a17
12	2.26192445109522	a7	a15	a31	11
12	2.26194473853883	a7	a17	a31	12
13	2.26199802689072	a7	a16
13	2.26201046985613	a7	a14
12	2.26206565170276	a7	a14	a31	13
13	2.26206565170276	a7	a15
12	2.2620894556366	a7	a16	a31	14
13	2.26209838211178	a7	a17
12	2.26214409648472	a7	a15	a31	15
13	2.26223877122158	a7	a16
13	2.26226311615391	a7	a14
13	2.26229882205467	a7	a15
13	2.26247843355545	a6	a10
13	2.26270024293894	a8	a56
12	2.26274893280361	a8	a56	a45	0
12	2.26279058968783	a6	a10	a32	0
12	2.2628831004307	a7	a14	a33	0
13	2.26292205232243	a7	a14
12	2.26297452917658	a7	a14	a33	1
13	2.26299616911643	a7	a14
12	2.26302538303523	a7	a15	a33	2
13	2.26309138485178	a7	a15
12	2.26309381934502	a7	a17	a33	3
12	2.26310815580517	a7	a14	a33	4
13	2.26313574672848	a7	a14
13	2.2631408862142	a7	a17
12	2.2631627966533	a7	a15	a33	5
13	2.26317848560969	a7	a15
12	2.26323366745632	a7	a14	a33	6
13	2.26327153735106	a7	a14
12	2.26328154582324	a7	a17	a33	7
13	2.26329777577813	a7	a17
12	2.26330507925783	a7	a15	a33	8
13	2.26336188409994	a7	a15
12	2.26338704053002	a7	a17	a33	9
13	2.2634054344789	a7	a17
12	2.2634278859165	a7	a14	a33	10
13	2.26344573886687	a7	a14
12	2.26346359181725	a7	a16	a33	11
12	2.26349848622027	a7	a17	a33	12
12	2.26351444567591	a7	a14	a33	13
13	2.26351471617516	a7	a17
13	2.26353121662929	a7	a14
13	2.26353338062328	a7	a16
12	2.26362345687292	a7	a17	a33	14
12	2.2636334653451	a7	a16	a33	15
13	2.26365077729698	a7	a16
13	2.26368296670751	a7	a17
13	2.26385094674062	a6	a10
13	2.26393047351958	a8	a56
12	2.26444334009409	a8	a56	a50	0
12	2.27253938259155	a6	a10	a34	0
12	2.27262486035397	a7	a14	a35	0
12	2.2727901353946	a7	a17	a35	1
12	2.27279852087129	a7	a16	a35	2
12	2.27286452268784	a7	a15	a35	3
13	2.31604377667328	a7	a14
13	2.31779336581039	a7	a15
13	2.3178214977322	a7	a16
13	2.31859701907668	a7	a17
13	2.31870981726316	a6	a10
12	2.3187769010767	a6	a10	a36	0
12	2.3188364109113	a7	a14	a37	0
12	2.31893270864364	a7	a15	a37	1
12	2.31927353769633	a7	a16	a37	2
12	2.31931762907378	a7	a17	a37	3
13	2.3214616061147	a7	a17
13	2.32206779492983	a7	a16
13	2.32498107183252	a7	a14
13	2.32594675414846	a7	a15
13	2.32607118380261	a6	a10
12	2.3311625206515	a6	a10	a38	0
12	2.33124042443497	a7	a14	a39	0
12	2.33133672216731	a7	a16	a39	1
12	2.33141543744853	a7	a17	a39	2
12	2.33152769463652	a7	a15	a39	3
13	2.33507177578592	a7	a14
13	2.33553595249577	a7	a16
13	2.33574504841459	a7	a17
13	2.33589625749432	a7	a15
13	2.33602014614997	a6	a10
12	2.3360753279966	a6	a10	a40	0
12	2.33617919970789	a7	a14	a41	0
12	2.33636503269138	a7	a17	a41	1
12	2.33654058670344	a7	a15	a41	2
12	2.33662714646285	a7	a16	a41	3
13	2.33757335283291	a7	a14
13	2.33912304302563	a7	a17
13	2.33953555437907	a7	a15
13	2.33958532624074	a7	a16
13	2.33977575771144	a6	a10
12	2.34019016255962	a8	a57	a49	0
13	2.35886326665867	a8	a57
12	2.35892764547974	a8	a57	a54	0
12	2.36230347609679	a8	a58	a53	0
13	2.38321090398565	a8	a58
12	2.38325959385031	a8	a58	a52	0
13	2.39428893019483	a8	a58
12	2.39433383307003	a8	a58	a51	0
13	2.40107521533269	a8	a58
13	2.40633642570943	a8	a57
13	2.40644516640719	a8	a56
13	2.40660584296059	a8	a55
12	2.4070170018178	a8	a55	a46	0
12	2.40704513373961	a8	a56	a48	0
13	2.45849517273682	a8	a56
12	2.4587050801534	a6	a10	a20	0
12	2.45877973794589	a7	a14	a21	0
12	2.45895610345569	a7	a16	a21	1
12	2.45899235035494	a7	a15	a21	2
12	2.45904834369931	a7	a17	a21	3
13	2.45960584264977	a7	a16
13	2.45993422873704	a7	a14
13	2.4612937579583	a7	a15
13	2.4613443413177	a7	a17
13	2.46153233829517	a6	a10
12	2.46172655675535	a8	a56	a44	0
12	2.46174440970573	a8	a57	a43	0
12	2.46202302393134	a6	a10	a22	0
12	2.46208091077045	a7	a14	a23	0
12	2.46234870502612	a7	a16	a23	1
12	2.46241362484568	a7	a15	a23	2
12	2.46249991410585	a7	a17	a23	3
13	2.46310447992549	a7	a14
12	2.46317102274053	a7	a14	a23	4
13	2.46369308628949	a7	a16
13	2.46372771019325	a7	a15
12	2.46376612108649	a7	a16	a23	5
12	2.46379912199476	a7	a15	a23	6
13	2.46390488720079	a7	a17
12	2.4639919879587	a7	a17	a23	7
13	2.46451053501743	a7	a14
12	2.46457058585052	a7	a14	a23	8
13	2.46484000310169	a7	a16
12	2.46490816891222	a7	a16	a23	9
13	2.46543456044915	a7	a15
12	2.46551192323412	a7	a15	a23	10
13	2.46566042732136	a7	a17
13	2.46567800977249	a7	a14
12	2.46572156015144	a7	a17	a23	11
12	2.46574022459957	a7	a14	a23	12
13	2.46600964185074	a7	a16
12	2.46609241462067	a7	a16	a23	13
13	2.46659175623278	a7	a15
12	2.46666695502377	a7	a15	a23	14
13	2.46679327817266	a7	a17
13	2.4668086966298	a7	a14
12	2.46685711599522	a7	a17	a23	15
13	2.46714465669602	a7	a16
13	2.46770783613069	a7	a15
13	2.46805542766458	a7	a17
13	2.46818553780294	a6	a10
12	2.46833485338793	a6	a10	a24	0
12	2.46839274022703	a7	a14	a25	0
13	2.46844900407065	a7	a14
12	2.46846469302705	a7	a14	a25	1
13	2.46851771087968	a7	a14
12	2.46853339983608	a7	a14	a25	2
13	2.46857722071428	a7	a14
12	2.4686480915173	a7	a14	a25	3
13	2.46869461738798	a7	a14
13	2.46899487155344	a6	a10
12	2.46904788940608	a6	a10	a26	0
12	2.46909495627526	a7	a14	a27	0
13	2.46918313903016	a7	a14
12	2.46919882798655	a7	a14	a27	1
13	2.46927023978807	a7	a14
12	2.46929079773093	a7	a14	a27	2
13	2.46936383252793	a7	a14
12	2.46938601346628	a7	a16	a27	3
13	2.46957319894601	a7	a16
13	2.46970087459114	a6	a10
12	2.46993512694005	a6	a10	a22	0
12	2.46999084978517	a7	a14	a23	0
12	2.47014259986339	a7	a17	a23	1
12	2.4701623463085	a7	a15	a23	2
12	2.47021428216415	a7	a16	a23	3
13	2.47102523891014	a7	a14
12	2.47108420774624	a7	a14	a23	4
13	2.471192948444	a7	a15
12	2.47125354027558	a7	a15	a23	5
13	2.47128978717484	a7	a16
12	2.47136173997485	a7	a16	a23	6
13	2.47137012545154	a7	a17
12	2.47144153725306	a7	a17	a23	7
13	2.47208613696142	a7	a14
12	2.47214348280203	a7	a14	a23	8
13	2.47237773515094	a7	a16
12	2.47244427796599	a7	a16	a23	9
13	2.47251866525923	a7	a17
12	2.4725965690427	a7	a17	a23	10
13	2.4726931372743	a7	a15
12	2.47276346707882	a7	a15	a23	11
13	2.47314324802324	a7	a14
12	2.47320329885633	a7	a14	a23	12
13	2.47345269916313	a7	a16
12	2.47351761898269	a7	a16	a23	13
13	2.47369587798723	a7	a17
12	2.47377269977371	a7	a17	a23	14
13	2.47384762806545	a7	a15
12	2.47391849886847	a7	a15	a23	15
13	2.47421117905498	a7	a14
13	2.47453631915127	a7	a16
13	2.47494937150321	a7	a17
13	2.47498588890171	a7	a15
13	2.4752082392837	a6	a10
13	2.47532130796943	a8	a57
12	2.47537540781906	a6	a10	a28	0
12	2.47542247468824	a7	a14	a29	0
13	2.47551498543111	a7	a14
12	2.475532297383	a7	a14	a29	1
13	2.47561723414692	a7	a14
12	2.47570217091084	a7	a14	a29	2
12	2.47572299935295	a7	a17	a29	3
12	2.47573246682663	a7	a16	a29	4
12	2.47579305865822	a7	a15	a29	5
13	2.47582281357552	a7	a14
13	2.47588232341012	a7	a16
12	2.47589584837252	a7	a14	a29	6
13	2.47589882386425	a7	a17
13	2.47593101327478	a7	a15
13	2.47597537515148	a7	a14
12	2.47598511312442	a7	a16	a29	7
12	2.47606977938909	a7	a17	a29	8
12	2.47608195185526	a7	a14	a29	9
13	2.47608249285376	a7	a16
12	2.47610900178007	a7	a15	a29	10
12	2.47617175760565	a7	a16	a29	11
13	2.47618176607783	a7	a17
13	2.47621611948235	a7	a14
13	2.47623343143423	a7	a15
12	2.47624912039062	a7	a14	a29	12
12	2.47627211282672	a7	a17	a29	13
13	2.47628861328085	a7	a16
12	2.47632323718462	a7	a15	a29	14
12	2.4763703040538	a7	a16	a29	15
13	2.47637355004478	a7	a14
13	2.4763916734944	a7	a17
13	2.47645307682374	a7	a15
13	2.47646227379817	a7	a16
13	2.4766635252388	a6	a10
13	2.47668137818918	a8	a56
12	2.47697676336818	a8	a56	a42	0
12	2.4770319452148	a6	a10	a30	0
12	2.47712120996669	a7	a14	a31	0
12	2.47719586775919	a7	a15	a31	1
13	2.47732029741334	a7	a14
12	2.47738088924493	a7	a14	a31	2
13	2.47744743205998	a7	a15
12	2.47750667139532	a7	a17	a31	3
13	2.47751613886901	a7	a14
12	2.47752641784044	a7	a15	a31	4
12	2.47761189560286	a7	a14	a31	5
12	2.47763028955173	a7	a16	a31	6
13	2.47768033191264	a7	a17
13	2.47768168440888	a7	a15
12	2.4777520142134	a7	a15	a31	7
12	2.47776959666454	a7	a17	a31	8
13	2.47777365415326	a7	a14
13	2.47781368804199	a7	a16
12	2.47787265687808	a7	a14	a31	9
12	2.47788888683297	a7	a16	a31	10
13	2.47791972374726	a7	a15
13	2.47792432223448	a7	a17
12	2.47799600453525	a7	a15	a31	11
13	2.47800952949765	a7	a14
12	2.47801466898337	a7	a17	a31	12
13	2.47803116943751	a7	a16
12	2.47807174432473	a7	a14	a31	13
12	2.47811718819842	a7	a16	a31	14
13	2.47816290257136	a7	a17
13	2.47816587806309	a7	a15
13	2.4782091579428	a7	a14
12	2.47822214190671	a7	a15	a31	15
13	2.47826379879093	a7	a16
13	2.47836712950372	a7	a15
13	2.47849751014134	a6	a10
13	2.47864844872181	a8	a56
12	2.47868902360903	a8	a56	a45	0
12	2.47871228654438	a6	a10	a32	0
12	2.47880587928424	a7	a14	a33	0
13	2.47883455220455	a7	a14
12	2.47885646264365	a7	a17	a33	1
13	2.47890515250832	a7	a17
12	2.47892057096546	a7	a16	a33	2
12	2.47897899880306	a7	a14	a33	3
12	2.4789960402557	a7	a17	a33	4
13	2.47900117974141	a7	a16
13	2.47901037671585	a7	a14
13	2.47901281120908	a7	a17
12	2.4790174096963	a7	a15	a33	5
13	2.479061771573	a7	a15
12	2.47908341151285	a7	a16	a33	6
13	2.47910667444819	a7	a16
12	2.47911884691436	a7	a17	a33	7
13	2.47913399487226	a7	a17
12	2.47914183935046	a7	a14	a33	8
13	2.47916239729332	a7	a14
12	2.47918133224069	a7	a15	a33	9
12	2.47925490803619	a7	a14	a33	10
13	2.47926681000311	a7	a15
12	2.4792746544813	a7	a17	a33	11
13	2.4792898024392	a7	a17
12	2.47929061393694	a7	a16	a33	12
13	2.47929494192491	a7	a14
13	2.47931387687229	a7	a16
12	2.47935959124523	a7	a17	a33	13
13	2.47938285418057	a7	a17
12	2.47938745266779	a7	a15	a33	14
12	2.47940314162418	a7	a14	a33	15
13	2.47941233859862	a7	a15
13	2.47942315856854	a7	a14
13	2.4796357709776	a6	a10
13	2.47968067385279	a8	a56
12	2.48009453770248	a8	a56	a50	0
12	2.48741911634418	a6	a10	a34	0
12	2.48747808518028	a7	a14	a35	0
12	2.48765039320136	a7	a17	a35	1
12	2.48769340258182	a7	a16	a35	2
12	2.48775832240138	a7	a15	a35	3
13	2.53049233462435	a7	a14
13	2.53053777849804	a7	a15
13	2.53240801029982	a7	a16
13	2.53297524722322	a7	a17
13	2.53309670138564	a6	a10
12	2.5331767691631	a6	a10	a36	0
12	2.53329146084432	a7	a14	a37	0
12	2.53362823240828	a7	a17	a37	1
12	2.53379783543688	a7	a16	a37	2
12	2.53382975434816	a7	a15	a37	3
13	2.53609275105827	a7	a16
13	2.53845366849622	a7	a15
13	2.53858350813534	a7	a14
13	2.53984376413252	a7	a17
13	2.54000308818969	a6	a10
12	2.54517990280099	a6	a10	a38	0
12	2.54526051157695	a7	a14	a39	0
12	2.54558511067474	a7	a16	a39	1
12	2.54566220296046	a7	a17	a39	2
12	2.54572901627476	a7	a15	a39	3
13	2.5491654387234	a7	a14
13	2.55001264236864	a7	a16
13	2.55005808624233	a7	a15
13	2.550143834504	a7	a17
13	2.55029017459725	a6	a10
12	2.55033670046793	a6	a10	a40	0
12	2.55043137520479	a7	a14	a41	0
12	2.55082900909959	a7	a16	a41	1
12	2.55088202695223	a7	a15	a41	2
12	2.55092720032667	a7	a17	a41	3
13	2.55180929837492	a7	a14
13	2.55360243789098	a7	a17
13	2.55364544727144	a7	a15
13	2.55387699462787	a7	a16
13	2.55404470416173	a6	a10
12	2.55442664910013	a8	a57	a49	0
13	2.56906011742714	a8	a57
12	2.56912774223918	a8	a57	a54	0
12	2.57250194986074	a8	a58	a53	0
13	2.59334283493456	a8	a58
12	2.59337854083531	a8	a58	a52	0
13	2.60446305902645	a8	a58
12	2.6044998469242	a8	a58	a51	0
13	2.61120119529815	a8	a58
13	2.61640614183126	a8	a57
13	2.61649594758165	a8	a56
13	2.61666095212303	a8	a55
12	2.61702071612308	a8	a55	a46	0
12	2.61704830704639	a8	a56	a48	0
13	2.66793246161646	a8	a56
12	2.66814453302701	a6	a10	a20	0
12	2.66824678174282	a7	a14	a21	0
12	2.6683966383263	a7	a15	a21	1
12	2.66856245436542	a7	a17	a21	2
12	2.66865361261205	a7	a16	a21	3
13	2.66911535482866	a7	a17
13	2.66941966648284	a7	a14
13	2.67069858692815	a7	a15
13	2.67094906923195	a7	a16
13	2.67109243383347	a6	a10
12	2.67129584926809	a8	a56	a44	0
12	2.67131316121997	a8	a57	a43	0
12	2.67160584140648	a6	a10	a22	0
12	2.67167563021251	a7	a14	a23	0
12	2.67182575729524	a7	a17	a23	1
12	2.67184658573735	a7	a15	a23	2
12	2.67201700026369	a7	a16	a23	3
13	2.67272733128936	a7	a14
12	2.67278954611643	a7	a14	a23	4
13	2.67324182085936	a7	a16
13	2.6732656247932	a7	a15
13	2.67331891314509	a7	a17
12	2.67334352857667	a7	a15	a23	6
12	2.67334893856163	a7	a16	a23	5
12	2.67339952192104	a7	a17	a23	7
13	2.67388831406246	a7	a14
12	2.67394511890458	a7	a14	a23	8
13	2.67438657367758	a7	a15
13	2.67440009863998	a7	a16
12	2.67445203449563	a7	a15	a23	9
12	2.67446934644751	a7	a16	a23	10
13	2.67462055552724	a7	a17
12	2.67469467232123	a7	a17	a23	11
13	2.67568226507627	a7	a14
12	2.6757509718853	a7	a14	a23	12
13	2.67578207929884	a7	a17
12	2.67584213013193	a7	a17	a23	13
13	2.67612480184626	a7	a16
13	2.67617403270942	a7	a15
12	2.6762216405771	a7	a16	a23	14
12	2.67625301848989	a7	a15	a23	15
13	2.67691195465841	a7	a14
13	2.67712754255919	a7	a17
13	2.67731932652614	a7	a16
13	2.67734799944644	a7	a15
13	2.67754113590963	a6	a10
12	2.67770235346153	a6	a10	a24	0
12	2.67775483031568	a7	a14	a25	0
13	2.67780784816832	a7	a14
12	2.67782407812321	a7	a14	a25	1
13	2.67786627600592	a7	a14
12	2.67788683394878	a7	a14	a25	2
13	2.67793768780743	a7	a14
12	2.67799232865556	a7	a14	a25	3
13	2.6780599534676	a7	a14
13	2.67836128963005	a6	a10
12	2.67840511050826	a6	a10	a26	0
12	2.67846029235488	a7	a14	a27	0
13	2.67853224515489	a7	a14
12	2.67854793411129	a7	a14	a27	1
13	2.67862096890829	a7	a14
12	2.67865613381055	a7	a14	a27	2
12	2.67872484061958	a7	a16	a27	3
13	2.67879030143764	a7	a14
13	2.67889741913991	a7	a16
13	2.67905484970234	a6	a10
12	2.67928369206628	a6	a10	a22	0
12	2.67936105485126	a7	a14	a23	0
12	2.67959638919716	a7	a16	a23	1
12	2.67963020160318	a7	a17	a23	2
12	2.67978249267989	a7	a15	a23	3
13	2.68037488603336	a7	a14
12	2.68043493686646	a7	a14	a23	4
13	2.68070597711311	a7	a16
12	2.68077468392215	a7	a16	a23	5
13	2.68080687333268	a7	a17
12	2.68087233415073	a7	a17	a23	6
13	2.68092021251766	a7	a15
12	2.68099973929662	a7	a15	a23	7
13	2.68143470208766	a7	a14
12	2.68149637591624	a7	a14	a23	8
13	2.68179067909824	a7	a16
12	2.68185722191329	a7	a16	a23	9
13	2.68202006246068	a7	a15
13	2.68203331692384	a7	a17
12	2.68210337622911	a7	a15	a23	10
12	2.68212149967874	a7	a17	a23	11
13	2.68250912510136	a7	a14
12	2.68256647094197	a7	a14	a23	12
13	2.68287808607585	a7	a16
12	2.6829440878924	a7	a16	a23	13
13	2.68318510272251	a7	a17
13	2.68318861921274	a7	a15
12	2.68324163706538	a7	a15	a23	14
12	2.68327003948643	a7	a17	a23	15
13	2.68356244917369	a7	a14
13	2.68398983798579	a7	a16
13	2.68431335508659	a7	a15
13	2.68445807218436	a7	a17
13	2.68456978837385	a6	a10
13	2.68466392211221	a8	a57
12	2.68467852907161	a6	a10	a28	0
12	2.68475426886109	a7	a14	a29	0
13	2.68485489458141	a7	a14
12	2.6848711245363	a7	a14	a29	1
13	2.68494037234383	a7	a14
12	2.68494902831977	a7	a15	a29	2
12	2.68501340714083	a7	a14	a29	3
13	2.68508644193783	a7	a14
13	2.6851059178837	a7	a15
12	2.68514216478295	a7	a16	a29	4
12	2.68518869065364	a7	a14	a29	5
12	2.68522223256041	a7	a15	a29	6
12	2.68524468399801	a7	a17	a29	7
13	2.68524711849124	a7	a16
13	2.68528769337847	a7	a14
12	2.68529851334839	a7	a16	a29	8
13	2.68534612121607	a7	a15
12	2.68535369519502	a7	a14	a29	9
13	2.68538074511983	a7	a16
13	2.68539832757096	a7	a17
12	2.68542186100555	a7	a15	a29	10
13	2.68543268097548	a7	a14
12	2.6854816413394	a7	a17	a29	11
12	2.68549760079504	a7	a16	a29	12
13	2.68551166675594	a7	a15
12	2.68553871668076	a7	a14	a29	13
13	2.68556008612136	a7	a17
13	2.68558902954092	a7	a16
12	2.68559498052438	a7	a15	a29	14
13	2.68561986645521	a7	a14
12	2.68566233483717	a7	a17	a29	15
13	2.68568478627477	a7	a15
13	2.68576458355297	a7	a17
13	2.68596881048533	a6	a10
13	2.68598071245225	a8	a56
12	2.68625553968839	a8	a56	a42	0
12	2.68631342652749	a6	a10	a30	0
12	2.68637239536359	a7	a14	a31	0
12	2.68645273364029	a7	a17	a31	1
13	2.6865628268343	a7	a14
12	2.6866212546719	a7	a14	a31	2
13	2.68669672396214	a7	a17
12	2.68675893878921	a7	a17	a31	3
13	2.68677489824485	a7	a14
12	2.68684955603735	a7	a14	a31	4
13	2.68689472941179	a7	a17
12	2.68691122986593	a7	a15	a31	5
12	2.68692529582683	a7	a16	a31	6
12	2.68697263319526	a7	a17	a31	7
13	2.68701510157722	a7	a14
12	2.68707623440731	a7	a14	a31	8
13	2.68711085831107	a7	a16
13	2.68713601474115	a7	a17
13	2.68715467918927	a7	a15
12	2.68719850006747	a7	a16	a31	9
13	2.68721527102086	a7	a14
12	2.68722500899379	a7	a15	a31	10
12	2.68724800142989	a7	a17	a31	11
12	2.68728019084042	a7	a14	a31	12
13	2.68734943864795	a7	a16
13	2.68738676754419	a7	a15
13	2.68739785801337	a7	a17
12	2.68743978539683	a7	a15	a31	13
13	2.6874441133848	a7	a14
12	2.68744735937578	a7	a16	a31	14
12	2.68752499266	a7	a17	a31	15
13	2.68760262594423	a7	a15
13	2.68761398691265	a7	a16
13	2.6876726852495	a7	a17
13	2.68786230522246	a6	a10
13	2.68800621082248	a8	a56
12	2.68804191672324	a8	a56	a45	0
12	2.68805868767663	a6	a10	a32	0
12	2.68811873850972	a7	a14	a33	0
13	2.68813496846461	a7	a14
12	2.688150657421	a7	a14	a33	1
13	2.68816688737589	a7	a14
12	2.68818419932777	a7	a14	a33	2
13	2.68819988828417	a7	a14
12	2.68824966014583	a7	a14	a33	3
13	2.68827130008568	a7	a14
12	2.68829943200749	a7	a15	a33	4
12	2.68837246680449	a7	a14	a33	5
13	2.68839627073833	a7	a15
13	2.68839627073833	a7	a14
12	2.68842548465713	a7	a16	a33	6
13	2.68847796151128	a7	a16
12	2.68849175697293	a7	a17	a33	7
12	2.68852827437143	a7	a14	a33	8
13	2.68853124986316	a7	a17
13	2.68854937331279	a7	a14
12	2.68855261930377	a7	a15	a33	9
13	2.68858129222407	a7	a15
12	2.68858616121054	a7	a16	a33	10
12	2.68860807164964	a7	a17	a33	11
13	2.68860996514438	a7	a16
13	2.68862321960754	a7	a17
12	2.68864080205867	a7	a14	a33	12
13	2.68866839298198	a7	a14
12	2.68867813095492	a7	a15	a33	13
13	2.68869273791432	a7	a15
12	2.68870247588725	a7	a16	a33	14
13	2.68871924684064	a7	a16
12	2.6887325013038	a7	a17	a33	15
13	2.6887617152226	a7	a17
13	2.68894863020308	a6	a10
13	2.68899136908429	a8	a56
12	2.68939874095202	a8	a56	a50	0
12	2.69724430114568	a6	a10	a34	0
12	2.69730272898328	a7	a14	a35	0
12	2.69753373534121	a7	a15	a35	1
12	2.69761163912468	a7	a16	a35	2
12	2.69765464850514	a7	a17	a35	3
13	2.73845810759398	a7	a14
13	2.74303982385933	a7	a15
13	2.74332330707141	a7	a16
13	2.74404364656926	a7	a17
13	2.74416131374221	a6	a10
12	2.74423056154974	a6	a10	a36	0
12	2.74429385837381	a7	a14	a37	0
12	2.74459194854528	a7	a15	a37	1
12	2.74460276851521	a7	a16	a37	2
12	2.74473991163403	a7	a17	a37	3
13	2.74763831107807	a7	a16
13	2.74935084181818	a7	a17
13	2.74981258403479	a7	a14
13	2.7509589598485	a7	a15
13	2.75108122550867	a6	a10
12	2.75623585918162	a6	a10	a38	0
12	2.7563126809681	a7	a14	a39	0
12	2.75641465918466	a7	a17	a39	1
12	2.75653773634257	a7	a15	a39	2
12	2.75658642620724	a7	a16	a39	3
13	2.76020570614763	a7	a14
13	2.7609014302139	a7	a15
13	2.76093145563045	a7	a17
13	2.7609463330891	a7	a16
13	2.76116868347109	a6	a10
12	2.7612400952726	a6	a10	a40	0
12	2.76129581811772	a7	a14	a41	0
12	2.76169886199748	a7	a15	a41	1
12	2.7617618883223	a7	a17	a41	2
12	2.761770273799	a7	a16	a41	3
13	2.76264290437356	a7	a14
13	2.7646892311859	a7	a17
13	2.76479229139945	a7	a15
13	2.76503790471678	a7	a16
13	2.7652115652341	a6	a10
12	2.76561569111085	a8	a57	a49	0
13	2.78069115520936	a8	a57
12	2.7807582390229	a8	a57	a54	0
12	2.78415516858131	a8	a58	a53	0
13	2.80488731295736	a8	a58
12	2.80492085486413	a8	a58	a52	0
13	2.81581548258307	a8	a58
12	2.81585227048082	a8	a58	a51	0
13	2.8225763407916	a8	a58
13	2.82776505736983	a8	a57
13	2.82786460109315	a8	a56
13	2.82800255570971	a8	a55
12	2.82807937749619	a8	a55	a50	0
12	2.8424780524758	a6	a10	a34	0
12	2.84258841616905	a7	a14	a35	0
12	2.84266442645778	a7	a17	a35	1
12	2.84290327729391	a7	a16	a35	2
12	2.8429784760849	a7	a15	a35	3
13	2.88631732462676	a7	a16
13	2.88643526229896	a7	a14
13	2.88782725142999	a7	a15
13	2.88824300877442	a7	a17
13	2.88836500393534	a6	a10
12	2.88841315280151	a6	a10	a36	0
12	2.88848294160753	a7	a14	a37	0
12	2.88858573132184	a7	a15	a37	1
12	2.88889193647075	a7	a16	a37	2
12	2.88894143783317	a7	a17	a37	3
13	2.89199185785468	a7	a16
13	2.893525859091	a7	a17
13	2.89455348573476	a7	a14
13	2.89558084187928	a7	a15
13	2.89572204248682	a6	a10
12	2.90082960929059	a6	a10	a38	0
12	2.90094484197031	a7	a14	a39	0
12	2.90112986345605	a7	a15	a39	1
12	2.90119721776885	a7	a17	a39	2
12	2.9014019856997	a7	a16	a39	3
13	2.90323759359772	a7	a14
13	2.90512243235891	a7	a15
13	2.90519222116494	a7	a16
13	2.90521845959201	a7	a17
13	2.90536858667474	a6	a10
12	2.90542160452738	a6	a10	a40	0
12	2.90550275430182	a7	a14	a41	0
12	2.90579759848232	a7	a15	a41	1
12	2.90584628834699	a7	a16	a41	2
12	2.90592770862069	a7	a17	a41	3
13	2.90688987444639	a7	a14
13	2.90839033377594	a7	a17
13	2.90882232107526	a7	a16
13	2.90910688628432	a7	a15
13	2.9092864977851	a6	a10
12	2.90969441065133	a8	a56	a49	0
13	2.92538553103865	a8	a56
12	2.92545369684919	a8	a56	a54	0
12	2.92873701672337	a8	a57	a53	0
13	2.94961306669944	a8	a57
12	2.94965526458215	a8	a57	a52	0
13	2.96055963027402	a8	a57
12	2.96060723814169	a8	a57	a51	0
13	2.96730155353518	a8	a57
13	2.97242697328934	a8	a56
13	2.97258278085628	a8	a55
