%EventDef PajeDefineContainerType 0 
%       Alias string 
%       Type string 
%       Name string 
%EndEventDef 
%EventDef PajeDefineVariableType 1 
%       Alias string 
%       Type string 
%       Name string 
%       Color color 
%EndEventDef 
%EventDef PajeDefineStateType 2 
%       Alias string 
%       Type string 
%       Name string 
%EndEventDef 
%EventDef PajeDefineEventType 3 
%       Alias string 
%       Type string 
%       Name string 
%       Color color 
%EndEventDef 
%EventDef PajeDefineLinkType 4 
%       Alias string 
%       Type string 
%       StartContainerType string 
%       EndContainerType string 
%       Name string 
%EndEventDef 
%EventDef PajeDefineEntityValue 5 
%       Alias string 
%       Type string 
%       Name string 
%       Color color 
%EndEventDef 
%EventDef PajeCreateContainer 6 
%       Time date 
%       Alias string 
%       Type string 
%       Container string 
%       Name string 
%EndEventDef 
%EventDef PajeDestroyContainer 7 
%       Time date 
%       Type string 
%       Name string 
%EndEventDef 
%EventDef PajeSetVariable 8 
%       Time date 
%       Type string 
%       Container string 
%       Value double 
%EndEventDef
%EventDef PajeAddVariable 9 
%       Time date 
%       Type string 
%       Container string 
%       Value double 
%EndEventDef
%EventDef PajeSubVariable 10 
%       Time date 
%       Type string 
%       Container string 
%       Value double 
%EndEventDef
%EventDef PajeSetState 11 
%       Time date 
%       Type string 
%       Container string 
%       Value string 
%EndEventDef
%EventDef PajePushState 12 
%       Time date 
%       Type string 
%       Container string 
%       Value string 
%       Id string 
%EndEventDef
%EventDef PajePopState 13 
%       Time date 
%       Type string 
%       Container string 
%EndEventDef
%EventDef PajeResetState 14 
%       Time date 
%       Type string 
%       Container string 
%EndEventDef
%EventDef PajeStartLink 15 
%       Time date 
%       Type string 
%       Container string 
%       Value string 
%       StartContainer string 
%       Key string 
%EndEventDef
%EventDef PajeEndLink 16 
%       Time date 
%       Type string 
%       Container string 
%       Value string 
%       EndContainer string 
%       Key string 
%EndEventDef
%EventDef PajeNewEvent 17 
%       Time date 
%       Type string 
%       Container string 
%       Value string 
%EndEventDef
0	a1	0	"Task Manager"
0	a2	a1	"Node"
0	a3	a1	"Thread"
0	a4	a1	"Jobs"
0	a5	a1	"Memory usage"
2	a6	a4	"Job"
2	a7	a3	"Task"
2	a8	a3	"Timer state"
6	0	a9	a1	0	"The task manager"
6	0	a10	a4	a9	"Jobs"
6	0	a11	a5	a9	"Memory"
1	a12	a1	"Memory [MB]"	"1.0 1.0 1.0"
6	0	a13	a2	a9	"Node 0"
6	0	a14	a3	a13	"Thread 0"
6	0	a15	a3	a13	"Thread 1"
6	0	a16	a3	a13	"Thread 2"
6	0	a17	a3	a13	"Thread 3"
5	a18	a6	"ngcore::ParallelFor<int,ngcore::EnterTaskManager()::{lambda(int)#1}>(ngcore::T_Range<int>,ngcore::EnterTaskManager()::{lambda(int)#1},int,ngcore::TotalCosts)::{lambda(ngcore::TaskInfo&)#1}"	"0.630615054310908 1 0"
5	a19	a7	"ngcore::ParallelFor<int,ngcore::EnterTaskManager()::{lambda(int)#1}>(ngcore::T_Range<int>,ngcore::EnterTaskManager()::{lambda(int)#1},int,ngcore::TotalCosts)::{lambda(ngcore::TaskInfo&)#1}"	"0.630615054310908 1 0"
5	a20	a6	"ngcore::ParallelForRange<netgen::ElementIndex,netgen::MeshOptimize3d::SwapImprove(netgen::Mesh&,netgen::OPTIMIZEGOAL,netgen::NgBitArray const*)::{lambda(auto:1)#1}>(ngcore::T_Range<netgen::ElementIndex>,netgen::MeshOptimize3d::SwapImprove(netgen::Mesh&,netgen::OPTIMIZEGOAL,netgen::NgBitArray const*)::{lambda(auto:1)#1},int,ngcore::TotalCosts)::{lambda(ngcore::TaskInfo&)#1}"	"0.708022642579866 0 1"
5	a21	a7	"ngcore::ParallelForRange<netgen::ElementIndex,netgen::MeshOptimize3d::SwapImprove(netgen::Mesh&,netgen::OPTIMIZEGOAL,netgen::NgBitArray const*)::{lambda(auto:1)#1}>(ngcore::T_Range<netgen::ElementIndex>,netgen::MeshOptimize3d::SwapImprove(netgen::Mesh&,netgen::OPTIMIZEGOAL,netgen::NgBitArray const*)::{lambda(auto:1)#1},int,ngcore::TotalCosts)::{lambda(ngcore::TaskInfo&)#1}"	"0.708022642579866 0 1"
5	a22	a6	"ngcore::ParallelForRange<netgen::ElementIndex,ngcore::CreateTable<netgen::ElementIndex,netgen::PointIndex,ngcore::T_Range<netgen::ElementIndex>,netgen::Mesh::CreatePoint2ElementTable(std::optional<ngcore::BitArray>)const::{lambda(auto:1&,netgen::ElementIndex)#1}>(ngcore::T_Range<netgen::ElementIndex>const&,netgen::Mesh::CreatePoint2ElementTable(std::optional<ngcore::BitArray>)const::{lambda(auto:1&,netgen::ElementIndex)#1}const&,std::optional<unsigned long>)::{lambda(auto:1)#1}>(ngcore::T_Range<netgen::ElementIndex>,ngcore::Table,int,ngcore::TotalCosts)::{lambda(ngcore::TaskInfo&)#1}"	"0 0.230008221284954 1"
5	a23	a7	"ngcore::ParallelForRange<netgen::ElementIndex,ngcore::CreateTable<netgen::ElementIndex,netgen::PointIndex,ngcore::T_Range<netgen::ElementIndex>,netgen::Mesh::CreatePoint2ElementTable(std::optional<ngcore::BitArray>)const::{lambda(auto:1&,netgen::ElementIndex)#1}>(ngcore::T_Range<netgen::ElementIndex>const&,netgen::Mesh::CreatePoint2ElementTable(std::optional<ngcore::BitArray>)const::{lambda(auto:1&,netgen::ElementIndex)#1}const&,std::optional<unsigned long>)::{lambda(auto:1)#1}>(ngcore::T_Range<netgen::ElementIndex>,ngcore::Table,int,ngcore::TotalCosts)::{lambda(ngcore::TaskInfo&)#1}"	"0 0.230008221284954 1"
5	a24	a6	"ngcore::TablePrefixSum2<unsigned int>(ngcore::FlatArray<unsigned int,unsigned long>)::{lambda(ngcore::TaskInfo)#1}"	"0 0.312895337658212 1"
5	a25	a7	"ngcore::TablePrefixSum2<unsigned int>(ngcore::FlatArray<unsigned int,unsigned long>)::{lambda(ngcore::TaskInfo)#1}"	"0 0.312895337658212 1"
5	a26	a6	"ngcore::TablePrefixSum2<unsigned int>(ngcore::FlatArray<unsigned int,unsigned long>)::{lambda(ngcore::TaskInfo)#2}"	"0 1 0.887517304832004"
5	a27	a7	"ngcore::TablePrefixSum2<unsigned int>(ngcore::FlatArray<unsigned int,unsigned long>)::{lambda(ngcore::TaskInfo)#2}"	"0 1 0.887517304832004"
5	a28	a6	"ngcore::ParallelForRange<netgen::PointIndex,ngcore::CreateSortedTable<netgen::ElementIndex,netgen::PointIndex,ngcore::T_Range<netgen::ElementIndex>,netgen::Mesh::CreatePoint2ElementTable(std::optional<ngcore::BitArray>)const::{lambda(auto:1&,netgen::ElementIndex)#1}>(ngcore::T_Range<netgen::ElementIndex>const&,netgen::Mesh::CreatePoint2ElementTable(std::optional<ngcore::BitArray>)const::{lambda(auto:1&,netgen::ElementIndex)#1}const&,std::optional<unsigned long>)::{lambda(auto:1)#1}>(ngcore::T_Range<netgen::PointIndex>,ngcore::Table,int,ngcore::TotalCosts)::{lambda(ngcore::TaskInfo&)#1}"	"0 0.170427812303051 1"
5	a29	a7	"ngcore::ParallelForRange<netgen::PointIndex,ngcore::CreateSortedTable<netgen::ElementIndex,netgen::PointIndex,ngcore::T_Range<netgen::ElementIndex>,netgen::Mesh::CreatePoint2ElementTable(std::optional<ngcore::BitArray>)const::{lambda(auto:1&,netgen::ElementIndex)#1}>(ngcore::T_Range<netgen::ElementIndex>const&,netgen::Mesh::CreatePoint2ElementTable(std::optional<ngcore::BitArray>)const::{lambda(auto:1&,netgen::ElementIndex)#1}const&,std::optional<unsigned long>)::{lambda(auto:1)#1}>(ngcore::T_Range<netgen::PointIndex>,ngcore::Table,int,ngcore::TotalCosts)::{lambda(ngcore::TaskInfo&)#1}"	"0 0.170427812303051 1"
5	a30	a6	"ngcore::ParallelFor<unsigned long,netgen::BuildEdgeList<netgen::ElementIndex>(netgen::Mesh const&,ngcore::Table<netgen::ElementIndex,netgen::PointIndex>const&,ngcore::Array<std::tuple<netgen::PointIndex,netgen::PointIndex>,unsigned long>&)::{lambda(int)#1}>(ngcore::T_Range<unsigned long>,netgen::BuildEdgeList<netgen::ElementIndex>(netgen::Mesh const&,ngcore::Table<netgen::ElementIndex,netgen::PointIndex>const&,ngcore::Array<std::tuple<netgen::PointIndex,netgen::PointIndex>,unsigned long>&)::{lambda(int)#1},int,ngcore::TotalCosts)::{lambda(ngcore::TaskInfo&)#1}"	"1 0.872005992306398 0"
5	a31	a7	"ngcore::ParallelFor<unsigned long,netgen::BuildEdgeList<netgen::ElementIndex>(netgen::Mesh const&,ngcore::Table<netgen::ElementIndex,netgen::PointIndex>const&,ngcore::Array<std::tuple<netgen::PointIndex,netgen::PointIndex>,unsigned long>&)::{lambda(int)#1}>(ngcore::T_Range<unsigned long>,netgen::BuildEdgeList<netgen::ElementIndex>(netgen::Mesh const&,ngcore::Table<netgen::ElementIndex,netgen::PointIndex>const&,ngcore::Array<std::tuple<netgen::PointIndex,netgen::PointIndex>,unsigned long>&)::{lambda(int)#1},int,ngcore::TotalCosts)::{lambda(ngcore::TaskInfo&)#1}"	"1 0.872005992306398 0"
5	a32	a6	"ngcore::ParallelForRange<unsigned long,netgen::MeshOptimize3d::SwapImprove(netgen::Mesh&,netgen::OPTIMIZEGOAL,netgen::NgBitArray const*)::{lambda(auto:1)#2}>(ngcore::T_Range<unsigned long>,netgen::MeshOptimize3d::SwapImprove(netgen::Mesh&,netgen::OPTIMIZEGOAL,netgen::NgBitArray const*)::{lambda(auto:1)#2},int,ngcore::TotalCosts)::{lambda(ngcore::TaskInfo&)#1}"	"1 0.408375991137786 0"
5	a33	a7	"ngcore::ParallelForRange<unsigned long,netgen::MeshOptimize3d::SwapImprove(netgen::Mesh&,netgen::OPTIMIZEGOAL,netgen::NgBitArray const*)::{lambda(auto:1)#2}>(ngcore::T_Range<unsigned long>,netgen::MeshOptimize3d::SwapImprove(netgen::Mesh&,netgen::OPTIMIZEGOAL,netgen::NgBitArray const*)::{lambda(auto:1)#2},int,ngcore::TotalCosts)::{lambda(ngcore::TaskInfo&)#1}"	"1 0.408375991137786 0"
5	a34	a6	"ngcore::ParallelForRange<netgen::ElementIndex,netgen::Mesh::Compress()::{lambda(auto:1)#1}>(ngcore::T_Range<netgen::ElementIndex>,netgen::Mesh::Compress()::{lambda(auto:1)#1},int,ngcore::TotalCosts)::{lambda(ngcore::TaskInfo&)#1}"	"1 0.0611641584106637 0"
5	a35	a7	"ngcore::ParallelForRange<netgen::ElementIndex,netgen::Mesh::Compress()::{lambda(auto:1)#1}>(ngcore::T_Range<netgen::ElementIndex>,netgen::Mesh::Compress()::{lambda(auto:1)#1},int,ngcore::TotalCosts)::{lambda(ngcore::TaskInfo&)#1}"	"1 0.0611641584106637 0"
5	a36	a6	"ngcore::ParallelForRange<netgen::SurfaceElementIndex,netgen::Mesh::Compress()::{lambda(auto:1)#2}>(ngcore::T_Range<netgen::SurfaceElementIndex>,netgen::Mesh::Compress()::{lambda(auto:1)#2},int,ngcore::TotalCosts)::{lambda(ngcore::TaskInfo&)#1}"	"1 0 -2.77631980257023"
5	a37	a7	"ngcore::ParallelForRange<netgen::SurfaceElementIndex,netgen::Mesh::Compress()::{lambda(auto:1)#2}>(ngcore::T_Range<netgen::SurfaceElementIndex>,netgen::Mesh::Compress()::{lambda(auto:1)#2},int,ngcore::TotalCosts)::{lambda(ngcore::TaskInfo&)#1}"	"1 0 -2.77631980257023"
5	a38	a6	"ngcore::ParallelForRange<netgen::ElementIndex,netgen::Mesh::Compress()::{lambda(auto:1)#3}>(ngcore::T_Range<netgen::ElementIndex>,netgen::Mesh::Compress()::{lambda(auto:1)#3},int,ngcore::TotalCosts)::{lambda(ngcore::TaskInfo&)#1}"	"0.688034037288286 1 0"
5	a39	a7	"ngcore::ParallelForRange<netgen::ElementIndex,netgen::Mesh::Compress()::{lambda(auto:1)#3}>(ngcore::T_Range<netgen::ElementIndex>,netgen::Mesh::Compress()::{lambda(auto:1)#3},int,ngcore::TotalCosts)::{lambda(ngcore::TaskInfo&)#1}"	"0.688034037288286 1 0"
5	a40	a6	"ngcore::ParallelForRange<netgen::SurfaceElementIndex,netgen::Mesh::Compress()::{lambda(auto:1)#4}>(ngcore::T_Range<netgen::SurfaceElementIndex>,netgen::Mesh::Compress()::{lambda(auto:1)#4},int,ngcore::TotalCosts)::{lambda(ngcore::TaskInfo&)#1}"	"0 0.666479625428673 1"
5	a41	a7	"ngcore::ParallelForRange<netgen::SurfaceElementIndex,netgen::Mesh::Compress()::{lambda(auto:1)#4}>(ngcore::T_Range<netgen::SurfaceElementIndex>,netgen::Mesh::Compress()::{lambda(auto:1)#4},int,ngcore::TotalCosts)::{lambda(ngcore::TaskInfo&)#1}"	"0 0.666479625428673 1"
5	a42	a8	"Build edges"	"0 0.0614795051658243 1"
5	a43	a8	"CreateTable"	"0.608616351291681 0 1"
5	a44	a8	"CreateSortedTable"	"0 0.0381698166109086 1"
5	a45	a8	"MeshOptimize3d::SwapImprove loop"	"0.154668690207104 1 0"
5	a46	a8	"MeshOptimize3d::SwapImprove"	"1 0 -2.43968480148811"
5	a47	a8	"FreeOpenElementsEnvironment"	"0.907015785320433 0 1"
5	a48	a8	"Mesh::BuildBoundaryEdges"	"1 0 -2.61861416630415"
5	a49	a8	"Mesh::LinkSurfaceElements"	"0 1 0.171518596860468"
5	a50	a8	"Mesh::Compress"	"1 0.648677515017027 0"
5	a51	a8	"Mesh::CalcSurfacesOfNode, pointloop"	"0 0.319536079261344 1"
5	a52	a8	"Mesh::CalcSurfacesOfNode - surfelementht"	"0.690162641156969 0 1"
5	a53	a8	"Mesh::CalcSurfacesOfNode - surf on node"	"0.000515674241007069 1 0"
5	a54	a8	"Mesh::CalcSurfacesOfNode"	"1 0 -2.35340285344361"
6	0	a55	a3	a9	"Timer level 0"
6	0	a56	a3	a9	"Timer level 1"
6	0	a57	a3	a9	"Timer level 2"
6	0	a58	a3	a9	"Timer level 3"
4	a59	a2	a3	a3	"links"
8	0	a12	a11	0
12	0.146957913537901	a6	a10	a18	0
12	0.14702716134543	a7	a14	a19	0
13	0.147095868154463	a7	a14
12	0.147111557110856	a7	a14	a19	1
13	0.147116967095819	a7	a14
12	0.147134820046198	a7	a14	a19	2
13	0.147140230031161	a7	a14
12	0.14715808298154	a7	a14	a19	3
13	0.147164033964999	a7	a14
13	0.147463747131962	a6	a10
12	0.149702939908239	a8	a55	a47	0
13	0.159180151566807	a8	a55
12	0.159506914658586	a8	a55	a46	0
12	0.159603212390931	a8	a56	a48	0
13	0.159669214207483	a8	a56
12	0.16078313011141	a6	a10	a20	0
12	0.160861574893376	a7	a14	a21	0
12	0.161016300463324	a7	a16	a21	1
12	0.161047407876863	a7	a15	a21	2
12	0.161166427546054	a7	a17	a21	3
13	0.161197534959592	a7	a14
13	0.163613363744918	a7	a17
13	0.163706415486285	a7	a15
13	0.163785671765997	a7	a16
13	0.163907937426165	a6	a10
12	0.164689139254854	a8	a56	a44	0
12	0.16492068661128	a8	a57	a43	0
12	0.165115987068452	a6	a10	a22	0
12	0.165183070881996	a7	a14	a23	0
12	0.165257999173737	a7	a15	a23	1
12	0.165324271489536	a7	a16	a23	2
12	0.16563994411214	a7	a17	a23	3
13	0.165731102358771	a7	a14
12	0.165785743206899	a7	a14	a23	4
13	0.166208533531775	a7	a15
13	0.166236394954335	a7	a14
12	0.166269936861107	a7	a14	a23	5
12	0.166291306301712	a7	a15	a23	6
13	0.166315921733295	a7	a16
12	0.166392202521276	a7	a16	a23	7
13	0.166575330512281	a7	a17
12	0.166633758349884	a7	a17	a23	8
13	0.166678931724327	a7	a14
12	0.166728703585988	a7	a14	a23	9
13	0.166840960773975	a7	a15
13	0.16686233021458	a7	a16
12	0.166905339595037	a7	a15	a23	10
12	0.166924545041657	a7	a16	a23	11
13	0.1671387804462	a7	a14
12	0.167193962292825	a7	a14	a23	12
13	0.167220200719897	a7	a17
12	0.167275382566522	a7	a17	a23	13
13	0.167382500268793	a7	a15
12	0.167441469104893	a7	a15	a23	14
13	0.16747419951392	a7	a16
12	0.167535873342501	a7	a16	a23	15
13	0.167600793162059	a7	a14
13	0.167750379246292	a7	a17
13	0.167979221610237	a7	a15
13	0.16808174082529	a7	a16
13	0.168211580464407	a6	a10
12	0.168615165342663	a6	a10	a24	0
12	0.16867305218177	a7	a14	a25	0
13	0.168744463983284	a7	a14
12	0.168763939929152	a7	a16	a25	1
12	0.168819121775777	a7	a14	a25	2
12	0.168849688190819	a7	a17	a25	3
13	0.168875385619394	a7	a14
13	0.16895680589309	a7	a17
13	0.168970601354747	a7	a16
13	0.16922162465704	a6	a10
12	0.169363366263076	a6	a10	a26	0
12	0.169414220121731	a7	a14	a27	0
13	0.169487254918734	a7	a14
12	0.169502943875128	a7	a14	a27	1
12	0.16953351029017	a7	a17	a27	2
13	0.169558666720249	a7	a14
12	0.169606815586421	a7	a14	a27	3
13	0.169644685481164	a7	a14
13	0.169905176257143	a7	a17
13	0.170024466425582	a6	a10
12	0.170267915748927	a6	a10	a22	0
12	0.170339868548938	a7	a14	a23	0
12	0.17043373178805	a7	a17	a23	1
12	0.170656893667782	a7	a16	a23	2
12	0.170702067042225	a7	a15	a23	3
13	0.170740207436216	a7	a14
12	0.170821357210664	a7	a14	a23	4
13	0.171168407746055	a7	a17
13	0.171176252224251	a7	a16
13	0.171230352073884	a7	a14
12	0.171244418034788	a7	a16	a23	6
12	0.171249557520503	a7	a17	a23	5
12	0.171271467959604	a7	a14	a23	7
13	0.17136911818819	a7	a15
12	0.171429169021282	a7	a15	a23	8
13	0.171672888843875	a7	a16
13	0.171702102762676	a7	a14
12	0.171742677649901	a7	a14	a23	9
12	0.171750251628849	a7	a16	a23	10
13	0.171800293989759	a7	a17
13	0.171852229845406	a7	a15
12	0.171866836804806	a7	a17	a23	11
12	0.171916067667972	a7	a15	a23	12
13	0.17215167251312	a7	a14
12	0.172205772362752	a7	a14	a23	13
13	0.17229882410412	a7	a16
12	0.172354546949241	a7	a16	a23	14
13	0.172372670398868	a7	a17
13	0.172398638326691	a7	a15
12	0.172435426224441	a7	a17	a23	15
13	0.172623964200409	a7	a14
13	0.172845232585405	a7	a16
13	0.172881749983907	a7	a17
13	0.173062713980926	a6	a10
13	0.173201750594481	a8	a57
12	0.17324016148772	a6	a10	a28	0
12	0.173298589325323	a7	a14	a29	0
13	0.173452773896774	a7	a14
12	0.173456831385497	a7	a15	a29	1
12	0.173490643791517	a7	a14	a29	2
13	0.173553940615587	a7	a14
12	0.173601818982511	a7	a17	a29	3
12	0.173618319436649	a7	a14	a29	4
12	0.173641041373494	a7	a16	a29	5
13	0.173659976320866	a7	a14
13	0.173702444702827	a7	a15
12	0.173702715202075	a7	a14	a29	6
12	0.173759790543437	a7	a15	a29	7
13	0.173766282525393	a7	a17
13	0.173818488880288	a7	a14
13	0.173822546369011	a7	a15
12	0.173826333358485	a7	a17	a29	8
13	0.173846620802097	a7	a16
13	0.173889089184058	a7	a17
12	0.173896392663758	a7	a14	a29	9
12	0.173910188125415	a7	a15	a29	10
12	0.173924524585567	a7	a16	a29	11
12	0.173971861953995	a7	a17	a29	12
13	0.173984575418659	a7	a14
13	0.174002157869789	a7	a15
13	0.174014330335957	a7	a16
13	0.174031912787087	a7	a17
12	0.174053823226188	a7	a14	a29	13
12	0.174120636540484	a7	a17	a29	14
12	0.174137948492366	a7	a15	a29	15
13	0.174146333969059	a7	a14
13	0.174168785406657	a7	a17
13	0.174191507343502	a7	a15
13	0.174376258329996	a6	a10
13	0.174405472248797	a8	a56
12	0.175128246239884	a8	a56	a42	0
12	0.175384138528644	a6	a10	a30	0
12	0.175436615382787	a7	a14	a31	0
12	0.17564354730763	a7	a17	a31	1
12	0.17568331069711	a7	a16	a31	2
13	0.175709278624933	a7	a14
12	0.175795838384345	a7	a14	a31	3
12	0.17580097787006	a7	a15	a31	4
13	0.175875906161801	a7	a14
13	0.175912964558799	a7	a17
12	0.175931088008426	a7	a14	a31	5
13	0.175933252002411	a7	a16
12	0.175970851397905	a7	a17	a31	6
12	0.17599222083851	a7	a16	a31	7
13	0.176007909794903	a7	a14
13	0.176026574243026	a7	a15
12	0.176045238691149	a7	a14	a31	8
13	0.176064444137769	a7	a17
13	0.176090682564841	a7	a16
12	0.176096363049052	a7	a15	a31	9
13	0.17612314247462	a7	a14
12	0.176135314940787	a7	a17	a31	10
12	0.176171291340792	a7	a16	a31	11
13	0.176213759722754	a7	a15
12	0.176227014185914	a7	a14	a31	12
13	0.176265154579904	a7	a17
12	0.176275974549831	a7	a15	a31	13
13	0.176294097999458	a7	a16
12	0.176322500420514	a7	a17	a31	14
13	0.176330885897207	a7	a14
12	0.176374165776913	a7	a16	a31	15
13	0.176377682267139	a7	a15
13	0.176455045052113	a7	a17
13	0.176484529470163	a7	a16
13	0.176642501031089	a6	a10
13	0.176950870173992	a8	a56
12	0.177105054745444	a8	a56	a45	0
12	0.177206762462753	a6	a10	a32	0
12	0.177267895292837	a7	a14	a33	0
12	0.17736608651992	a7	a15	a33	1
13	0.177496196658285	a7	a14
13	0.177521353088364	a7	a15
12	0.17756165747634	a7	a14	a33	2
13	0.177586543407171	a7	a14
12	0.177587354904915	a7	a17	a33	3
12	0.177639831759059	a7	a15	a33	4
12	0.177674185163575	a7	a14	a33	5
13	0.177674455662823	a7	a15
13	0.177693931608691	a7	a17
13	0.177700694089895	a7	a14
12	0.177722334029748	a7	a16	a33	6
12	0.177768048402687	a7	a15	a33	7
12	0.177781032366599	a7	a17	a33	8
13	0.177832427223749	a7	a15
13	0.177832968222246	a7	a17
13	0.177835402715479	a7	a16
12	0.17784405869142	a7	a14	a33	9
13	0.177861370643302	a7	a14
12	0.177911954002709	a7	a17	a33	10
12	0.177942249918503	a7	a15	a33	11
12	0.177964160357604	a7	a14	a33	12
13	0.177970381840311	a7	a17
13	0.177972545834297	a7	a15
12	0.177973357332041	a7	a16	a33	13
13	0.17798093131099	a7	a14
13	0.177997702264376	a7	a16
12	0.178053695608745	a7	a17	a33	14
13	0.178070466562131	a7	a17
12	0.17807641754559	a7	a15	a33	15
13	0.178141337365149	a7	a15
13	0.178315809380213	a6	a10
13	0.178450518005797	a8	a56
12	0.179086191238975	a8	a56	a50	0
12	0.181925351347673	a6	a10	a34	0
12	0.181992435161217	a7	a14	a35	0
12	0.18213471776575	a7	a16	a35	1
12	0.182171235164252	a7	a17	a35	2
12	0.182223171019899	a7	a15	a35	3
13	0.19274586227261	a7	a14
13	0.200513518682801	a7	a16
13	0.201075345621231	a7	a17
13	0.201702362878468	a7	a15
13	0.201825440036382	a6	a10
12	0.201914163789779	a6	a10	a36	0
12	0.201978001612345	a7	a14	a37	0
12	0.202120284216877	a7	a16	a37	1
12	0.202234705398849	a7	a17	a37	2
12	0.20231260918232	a7	a15	a37	3
13	0.203497125390017	a7	a14
13	0.205144736310565	a7	a15
13	0.206230520292684	a7	a17
13	0.206726886413059	a7	a16
13	0.206855644055184	a6	a10
12	0.209462174810463	a6	a10	a38	0
12	0.209557390545816	a7	a14	a39	0
12	0.209923917027074	a7	a17	a39	1
12	0.209962868918809	a7	a15	a39	2
12	0.210022649252653	a7	a16	a39	3
13	0.210917460765569	a7	a14
13	0.211650784227334	a7	a15
13	0.211734368495016	a7	a16
13	0.211884495577745	a7	a17
13	0.211998916759717	a6	a10
12	0.212061131586794	a6	a10	a40	0
12	0.212134166383797	a7	a14	a41	0
12	0.212262112528178	a7	a15	a41	1
12	0.21234407380037	a7	a16	a41	2
12	0.212476888931217	a7	a17	a41	3
13	0.212655688934252	a7	a14
13	0.213569705893788	a7	a15
13	0.213779883809609	a7	a16
13	0.213820729196081	a7	a17
13	0.213984922239715	a6	a10
12	0.214248388507424	a8	a57	a49	0
13	0.221220777128022	a8	a57
12	0.221360895738569	a8	a57	a54	0
12	0.22353029970882	a8	a58	a53	0
13	0.235440381605349	a8	a58
12	0.235483120486559	a8	a58	a52	0
13	0.240699968986592	a8	a58
12	0.2407281009084	a8	a58	a51	0
13	0.243139872205004	a8	a58
13	0.245834044716687	a8	a57
13	0.24596604834979	a8	a56
13	0.246196513709223	a8	a55
12	0.246698019315314	a8	a55	a46	0
12	0.246717495261181	a8	a56	a48	0
13	0.285183570346668	a8	a56
12	0.285791652656534	a6	a10	a20	0
12	0.285851703489626	a7	a14	a21	0
12	0.285937992749789	a7	a17	a21	1
12	0.286060528909206	a7	a16	a21	2
12	0.28612030924305	a7	a15	a21	3
13	0.286283420289691	a7	a14
13	0.286338331637068	a7	a17
13	0.286872838151434	a7	a15
13	0.286899617577002	a7	a16
13	0.287049474160483	a6	a10
12	0.287520683850779	a8	a56	a44	0
12	0.287548815772588	a8	a57	a43	0
12	0.28773383725833	a6	a10	a22	0
12	0.28780146207037	a7	a14	a23	0
12	0.288027869941081	a7	a15	a23	1
12	0.288043288398226	a7	a16	a23	2
12	0.288126872665908	a7	a17	a23	3
13	0.288258064801266	a7	a14
12	0.288309459658417	a7	a14	a23	4
13	0.288738741965248	a7	a15
13	0.288780128350217	a7	a16
13	0.288805555279544	a7	a14
12	0.288843154675038	a7	a15	a23	5
12	0.28885911413068	a7	a14	a23	6
13	0.28887236859384	a7	a17
12	0.288893738034444	a7	a16	a23	7
12	0.288943780395354	a7	a17	a23	8
13	0.289444204004452	a7	a17
12	0.28946367995032	a7	a17	a23	9
13	0.289467196440546	a7	a14
12	0.289509394323259	a7	a14	a23	10
13	0.289513181312733	a7	a16
13	0.289576748636051	a7	a15
12	0.289582429120262	a7	a16	a23	11
12	0.289643291451099	a7	a15	a23	12
13	0.289977628521826	a7	a17
13	0.289980063015059	a7	a14
12	0.290033621866195	a7	a14	a23	13
13	0.290038490852662	a7	a16
12	0.290052827312814	a7	a17	a23	14
13	0.2900695982662	a7	a15
12	0.290107197661695	a7	a16	a23	15
13	0.290455600693326	a7	a14
13	0.290540807956497	a7	a17
13	0.290598424296355	a7	a16
13	0.290748821878333	a6	a10
12	0.291212998588177	a6	a10	a24	0
12	0.29128603338518	a7	a14	a25	0
13	0.291356904188199	a7	a14
12	0.291378544128051	a7	a14	a25	1
13	0.291411545036327	a7	a14
12	0.291432643977684	a7	a14	a25	2
13	0.291465103887463	a7	a14
12	0.291512441255891	a7	a15	a25	3
13	0.291677445797269	a7	a15
13	0.291842720837896	a6	a10
12	0.291912509643921	a6	a10	a26	0
12	0.291989331430399	a7	a14	a27	0
13	0.292063989222891	a7	a14
12	0.292079678179285	a7	a14	a27	1
13	0.292115925078538	a7	a14
12	0.292154335971777	a7	a14	a27	2
12	0.292173541418397	a7	a17	a27	3
13	0.292204107833439	a7	a14
13	0.292463516612425	a7	a17
13	0.292562248838004	a6	a10
12	0.292781894227511	a6	a10	a22	0
12	0.292903618889183	a7	a14	a23	0
12	0.292996400131302	a7	a17	a23	1
13	0.293309367761425	a7	a14
12	0.293356434630605	a7	a16	a23	2
12	0.293375640077224	a7	a15	a23	3
12	0.293408911484748	a7	a14	a23	4
13	0.293512512696794	a7	a17
12	0.293561202561463	a7	a17	a23	5
13	0.29378815143067	a7	a16
13	0.293825480326916	a7	a14
12	0.293847120266769	a7	a16	a23	6
12	0.293879039178052	a7	a14	a23	7
13	0.293904195608131	a7	a15
12	0.293988591373557	a7	a15	a23	8
13	0.293998870344987	a7	a17
12	0.294065413160035	a7	a17	a23	9
13	0.294304263996161	a7	a16
13	0.294334018913459	a7	a14
12	0.294369724814216	a7	a16	a23	10
12	0.294429234648811	a7	a14	a23	11
13	0.29446467005032	a7	a15
13	0.294482523000699	a7	a17
12	0.294542573833791	a7	a17	a23	12
12	0.294559344787177	a7	a15	a23	13
13	0.294812802582703	a7	a16
12	0.294884755382714	a7	a16	a23	14
13	0.2948869193767	a7	a14
12	0.294954003190244	a7	a14	a23	15
13	0.294999717563183	a7	a15
13	0.295004045551153	a7	a17
13	0.295332161139173	a7	a16
13	0.295397621957228	a7	a14
13	0.295515018630929	a6	a10
13	0.29559725040237	a8	a57
12	0.295635661295609	a6	a10	a28	0
12	0.295718975064043	a7	a14	a29	0
13	0.295800665836987	a7	a14
12	0.295816354793381	a7	a14	a29	1
13	0.295863962661057	a7	a14
12	0.29587965161745	a7	a14	a29	2
13	0.295919685506178	a7	a14
12	0.295964047382877	a7	a14	a29	3
12	0.295979195340774	a7	a16	a29	4
13	0.296001376279123	a7	a14
12	0.296070083088156	a7	a14	a29	5
13	0.296105247990417	a7	a14
13	0.296124723936284	a7	a16
12	0.296173684300201	a7	a17	a29	6
12	0.296199381728777	a7	a14	a29	7
12	0.29622832514833	a7	a15	a29	8
13	0.296242120609986	a7	a14
12	0.296249153590438	a7	a16	a29	9
12	0.296281072501721	a7	a14	a29	10
13	0.296307310928793	a7	a17
13	0.296320565391953	a7	a16
13	0.296349779310754	a7	a14
12	0.296368443758877	a7	a17	a29	11
13	0.296387378706249	a7	a15
12	0.296401174167905	a7	a16	a29	12
13	0.296431199584451	a7	a17
12	0.29644012605964	a7	a14	a29	13
12	0.296462577497237	a7	a15	a29	14
13	0.296468257981449	a7	a16
12	0.296502611385965	a7	a17	a29	15
13	0.296508832868673	a7	a14
13	0.296561039223568	a7	a15
13	0.296563203217553	a7	a17
13	0.296771758137885	a6	a10
13	0.296794480074731	a8	a56
12	0.297548090980107	a8	a56	a42	0
12	0.297653044688394	a6	a10	a30	0
12	0.29772283349442	a7	a14	a31	0
13	0.297853755130529	a7	a14
12	0.297877018065871	a7	a14	a31	1
12	0.297920297945577	a7	a16	a31	2
13	0.297956544844831	a7	a14
12	0.298017136676419	a7	a14	a31	3
12	0.298077999007255	a7	a17	a31	4
13	0.298096663455378	a7	a14
12	0.298125606874931	a7	a15	a31	5
13	0.298143730324558	a7	a16
12	0.29814643531704	a7	a14	a31	6
12	0.298207568147124	a7	a16	a31	7
13	0.298222175106525	a7	a14
13	0.298249495530589	a7	a17
13	0.298285471930594	a7	a16
13	0.298285742429843	a7	a15
12	0.298296832899017	a7	a14	a31	8
12	0.298325235320074	a7	a17	a31	9
12	0.298373384186247	a7	a15	a31	10
13	0.298375277680984	a7	a14
12	0.29839637662234	a7	a16	a31	11
12	0.298416934565201	a7	a14	a31	12
13	0.298450205972724	a7	a17
13	0.298491321858445	a7	a15
12	0.298509174808824	a7	a17	a31	13
13	0.298537036231384	a7	a16
13	0.298547856201311	a7	a14
12	0.298562733659959	a7	a15	a31	14
13	0.298597357563724	a7	a17
12	0.298613858017862	a7	a14	a31	15
13	0.298680671332158	a7	a15
13	0.298722598715623	a7	a14
13	0.298835126402858	a6	a10
13	0.299049902805897	a8	a56
12	0.29911428162696	a8	a56	a45	0
12	0.29915539751268	a6	a10	a32	0
12	0.299285778150294	a7	a14	a33	0
12	0.299307688589395	a7	a15	a33	1
13	0.299324730042029	a7	a14
12	0.299368009921735	a7	a14	a33	2
13	0.299402633825499	a7	a14
13	0.299403445323244	a7	a15
12	0.299469988138291	a7	a15	a33	3
13	0.299485677094685	a7	a15
12	0.299499472556341	a7	a14	a33	4
13	0.299536801452587	a7	a14
12	0.299544645930784	a7	a15	a33	5
13	0.299560875885673	a7	a15
12	0.299573048351841	a7	a14	a33	6
13	0.299631476189444	a7	a14
12	0.29965555062253	a7	a17	a33	7
12	0.299667993587945	a7	a15	a33	8
13	0.299683682544339	a7	a15
12	0.299694232015017	a7	a14	a33	9
13	0.29972019994284	a7	a14
13	0.299726962424044	a7	a17
12	0.299736970896226	a7	a16	a33	10
12	0.29979080024661	a7	a15	a33	11
13	0.299798103726311	a7	a16
12	0.299805407206011	a7	a17	a33	12
13	0.299820555163908	a7	a17
13	0.299840031109776	a7	a15
12	0.299864646541358	a7	a14	a33	13
12	0.299910901912794	a7	a17	a33	14
13	0.299913877404524	a7	a14
12	0.299930918857158	a7	a15	a33	15
13	0.29993795183761	a7	a17
13	0.29994823080904	a7	a15
13	0.300171933687269	a6	a10
13	0.300249296472243	a8	a56
12	0.301462215100997	a8	a56	a50	0
12	0.304065499865299	a6	a10	a34	0
12	0.304169912575089	a7	a14	a35	0
12	0.304409574908959	a7	a16	a35	1
12	0.304548341023266	a7	a17	a35	2
12	0.304579177937556	a7	a15	a35	3
13	0.317060283746953	a7	a14
13	0.323074564030565	a7	a16
13	0.323255528027584	a7	a17
13	0.323872807311888	a7	a15
13	0.323993720475816	a6	a10
12	0.324071624259286	a6	a10	a36	0
12	0.324133839086363	a7	a14	a37	0
12	0.3244446427225	a7	a17	a37	1
12	0.324517407020256	a7	a16	a37	2
12	0.324577187354099	a7	a15	a37	3
13	0.324623983724031	a7	a14
13	0.325871255757301	a7	a15
13	0.326031120812964	a7	a16
13	0.326800691173983	a7	a17
13	0.326919440343925	a6	a10
12	0.329304702714209	a6	a10	a38	0
12	0.329384770491665	a7	a14	a39	0
12	0.329523536605971	a7	a15	a39	1
12	0.32960901436839	a7	a17	a39	2
12	0.329662843718774	a7	a16	a39	3
13	0.330854122407675	a7	a14
13	0.331329389586694	a7	a17
13	0.331382136940085	a7	a16
13	0.331384030434823	a7	a15
13	0.331693752073967	a6	a10
12	0.33175650789954	a6	a10	a40	0
12	0.331827919701055	a7	a14	a41	0
12	0.332141157830425	a7	a16	a41	1
12	0.332160904275541	a7	a15	a41	2
12	0.332217709117655	a7	a17	a41	3
13	0.332338081283086	a7	a14
13	0.333435226233627	a7	a16
13	0.333561549382519	a7	a15
13	0.33358481231786	a7	a17
13	0.33377605528631	a6	a10
12	0.334030324579582	a8	a57	a49	0
13	0.341149864791179	a8	a57
12	0.341271048454355	a8	a57	a54	0
12	0.343357679654669	a8	a58	a53	0
13	0.354549315548082	a8	a58
12	0.354598005412751	a8	a58	a52	0
13	0.359451302923256	a8	a58
12	0.35948754982251	a8	a58	a51	0
13	0.361921502057462	a8	a58
13	0.364621084554109	a8	a57
13	0.364763367158642	a8	a56
13	0.364929453697013	a8	a55
12	0.365417434340695	a8	a55	a46	0
12	0.365469370196342	a8	a56	a48	0
13	0.391626647493511	a8	a56
12	0.391741339174731	a6	a10	a20	0
12	0.391802472004815	a7	a14	a21	0
12	0.391992091977776	a7	a17	a21	1
12	0.392094881692077	a7	a15	a21	2
12	0.39216656399284	a7	a16	a21	3
13	0.392248795764281	a7	a14
13	0.392452752197394	a7	a16
13	0.393037842071167	a7	a17
13	0.393113040862155	a7	a15
13	0.393263708943381	a6	a10
12	0.393413565526862	a8	a56	a44	0
12	0.393432500474234	a8	a57	a43	0
12	0.393573160083277	a6	a10	a22	0
12	0.393626718934413	a7	a14	a23	0
12	0.393733566137437	a7	a15	a23	1
12	0.393875037244225	a7	a16	a23	2
12	0.394046263268311	a7	a17	a23	3
13	0.394102797611177	a7	a14
12	0.394146618489379	a7	a14	a23	4
13	0.394372485361593	a7	a15
12	0.394441733169122	a7	a15	a23	5
13	0.394475004576646	a7	a16
12	0.394541006393197	a7	a16	a23	6
13	0.394566433322524	a7	a14
12	0.394621615169149	a7	a14	a23	7
13	0.394658132567651	a7	a17
12	0.394712232417283	a7	a17	a23	8
13	0.394869121981217	a7	a15
12	0.394929713812805	a7	a15	a23	9
13	0.39502303605342	a7	a16
13	0.395048462982747	a7	a14
12	0.395097152847416	a7	a16	a23	10
12	0.395131235752685	a7	a14	a23	11
13	0.395139080230881	a7	a17
12	0.395190475088032	a7	a17	a23	12
13	0.395384693548211	a7	a15
12	0.395446908375289	a7	a15	a23	13
13	0.395560788558764	a7	a14
13	0.395581346501625	a7	a16
12	0.395638151343738	a7	a14	a23	14
12	0.395664119271562	a7	a16	a23	15
13	0.395739047563302	a7	a17
13	0.39608068811373	a7	a16
13	0.396116664513735	a7	a15
13	0.396208363758862	a7	a14
13	0.396340367391964	a6	a10
12	0.396555143795004	a6	a10	a24	0
12	0.396612489635614	a7	a14	a25	0
13	0.396649277533364	a7	a14
12	0.396664966489758	a7	a14	a25	1
13	0.396705541376982	a7	a14
12	0.396721230333375	a7	a14	a25	2
13	0.396753690243154	a7	a14
12	0.396788855145415	a7	a14	a25	3
13	0.396819151061209	a7	a14
13	0.397086404318392	a6	a10
12	0.397123733214639	a6	a10	a26	0
12	0.397191358026679	a7	a14	a27	0
13	0.39724112988834	a7	a14
12	0.397260605834208	a7	a14	a27	1
13	0.397303344715417	a7	a14
12	0.397322279662789	a7	a14	a27	2
13	0.397358526562042	a7	a14
12	0.397389363476333	a7	a14	a27	3
13	0.397426692372579	a7	a14
13	0.397563564992148	a6	a10
12	0.397696650622244	a6	a10	a22	0
12	0.397750750471876	a7	a14	a23	0
12	0.398130801915542	a7	a17	a23	1
12	0.398151359858402	a7	a15	a23	2
13	0.398160827332088	a7	a14
12	0.398204107211794	a7	a14	a23	3
12	0.398219255169691	a7	a16	a23	4
13	0.398618512059976	a7	a14
13	0.398632848520129	a7	a17
12	0.398689112363746	a7	a17	a23	5
13	0.398713186796833	a7	a16
12	0.398714268793825	a7	a14	a23	6
13	0.398737261229919	a7	a15
12	0.398801369551733	a7	a16	a23	7
12	0.398828689975797	a7	a15	a23	8
13	0.399126780147271	a7	a17
13	0.399129755639001	a7	a14
12	0.3991960279548	a7	a17	a23	9
12	0.39921361040593	a7	a14	a23	10
13	0.399284481208949	a7	a16
13	0.399317211617976	a7	a15
12	0.399352106020989	a7	a16	a23	11
12	0.399376721452572	a7	a15	a23	12
13	0.399626392258624	a7	a14
13	0.399637482727799	a7	a17
12	0.399698074559387	a7	a17	a23	13
12	0.399716198009014	a7	a14	a23	14
13	0.399796265786469	a7	a16
13	0.399862538102269	a7	a15
12	0.399864431597006	a7	a16	a23	15
13	0.400116536896292	a7	a14
13	0.400179022222617	a7	a17
13	0.400275590454211	a7	a16
13	0.400421660048217	a6	a10
13	0.400479005888828	a8	a57
12	0.400502268824169	a6	a10	a28	0
12	0.400565565648239	a7	a14	a29	0
13	0.40062723947682	a7	a14
12	0.400642928433213	a7	a14	a29	1
13	0.400695946285853	a7	a14
12	0.400712176240742	a7	a14	a29	2
13	0.400753292126463	a7	a14
12	0.400803063988124	a7	a14	a29	3
12	0.400814695455795	a7	a17	a29	4
13	0.400843638875349	a7	a14
12	0.400880426773099	a7	a14	a29	5
13	0.400917214670848	a7	a14
13	0.400933715124986	a7	a17
12	0.400984298484392	a7	a14	a29	6
12	0.400995388953567	a7	a15	a29	7
13	0.401021627380639	a7	a14
12	0.401042996821243	a7	a17	a29	8
12	0.401061661269366	a7	a16	a29	9
12	0.40108167821373	a7	a14	a29	10
13	0.401095473675387	a7	a15
13	0.401106293645313	a7	a17
13	0.401129827079903	a7	a14
12	0.401156606505471	a7	a15	a29	11
13	0.401172024962616	a7	a16
12	0.401188254917506	a7	a14	a29	12
12	0.401201509380666	a7	a17	a29	13
12	0.401243436764131	a7	a16	a29	14
13	0.401270486688947	a7	a14
13	0.401277249170151	a7	a17
13	0.401286446144588	a7	a15
13	0.401340275494972	a7	a16
12	0.401350283967154	a7	a17	a29	15
13	0.401416285783705	a7	a17
13	0.401597790779221	a6	a10
13	0.401610233744637	a8	a56
12	0.401892093961221	a8	a56	a42	0
12	0.401968374749202	a6	a10	a30	0
12	0.402061426490569	a7	a14	a31	0
13	0.402161511212389	a7	a14
12	0.402177741167279	a7	a14	a31	1
13	0.402253480956764	a7	a14
12	0.402269710911653	a7	a14	a31	2
13	0.402345991699635	a7	a14
12	0.402362221654524	a7	a14	a31	3
13	0.402438502442506	a7	a14
12	0.402482864319204	a7	a16	a31	4
12	0.402528849191392	a7	a14	a31	5
12	0.402589711522228	a7	a15	a31	6
12	0.402608646469599	a7	a17	a31	7
13	0.402622441931255	a7	a14
13	0.402663557816976	a7	a16
12	0.402670049798932	a7	a14	a31	8
13	0.402709272189915	a7	a15
12	0.40272469064706	a7	a16	a31	9
13	0.402728748135783	a7	a17
13	0.402759314550825	a7	a14
12	0.402781224989926	a7	a15	a31	10
12	0.402814766896698	a7	a17	a31	11
12	0.402841005323769	a7	a14	a31	12
13	0.402849120301214	a7	a16
13	0.402869948743323	a7	a15
13	0.402916745113255	a7	a14
13	0.402922966595962	a7	a17
12	0.402930540574911	a7	a15	a31	13
12	0.40297625494785	a7	a16	a31	14
12	0.402995460394469	a7	a17	a31	15
13	0.40302629730876	a7	a15
13	0.403065519699743	a7	a16
13	0.403078774162903	a7	a17
13	0.403320329991511	a6	a10
13	0.403450169630628	a8	a56
12	0.403496695501312	a8	a56	a45	0
12	0.403511302460712	a6	a10	a32	0
12	0.403568648301323	a7	a14	a33	0
13	0.403604895200576	a7	a14
12	0.403620043158473	a7	a14	a33	1
13	0.403636273113363	a7	a14
12	0.40368820896901	a7	a14	a33	2
12	0.403700381435177	a7	a15	a33	3
13	0.403705520920892	a7	a14
12	0.403744472812627	a7	a14	a33	4
13	0.403749071299846	a7	a15
13	0.403760161769021	a7	a14
12	0.403825893086324	a7	a17	a33	5
12	0.403845098532943	a7	a14	a33	6
12	0.403861598987081	a7	a15	a33	7
13	0.403862410484825	a7	a14
13	0.403867008972044	a7	a17
12	0.403884591423175	a7	a16	a33	8
12	0.40391326434348	a7	a14	a33	9
13	0.403918403829195	a7	a15
13	0.403940855266792	a7	a16
12	0.403945994752507	a7	a17	a33	10
13	0.40395005224123	a7	a14
13	0.403961142710404	a7	a17
12	0.404017947552518	a7	a17	a33	11
13	0.404033636508911	a7	a17
12	0.404040398990115	a7	a16	a33	12
12	0.404059604436735	a7	a15	a33	13
13	0.404073399898391	a7	a16
13	0.404076916388617	a7	a15
12	0.404098285829222	a7	a14	a33	14
12	0.404116950277345	a7	a17	a33	15
13	0.404132639233738	a7	a17
13	0.404181058599159	a7	a14
13	0.404350932127004	a6	a10
13	0.404402867982651	a8	a56
12	0.404824846809782	a8	a56	a50	0
12	0.407354014780088	a6	a10	a34	0
12	0.407414065613179	a7	a14	a35	0
12	0.407653186948554	a7	a16	a35	1
12	0.407845511913996	a7	a15	a35	2
12	0.40788175881325	a7	a17	a35	3
13	0.417009214943946	a7	a14
13	0.425343837778283	a7	a16
13	0.426524025998009	a7	a15
13	0.426650078647653	a7	a17
13	0.42733146625377	a6	a10
12	0.427379615119943	a6	a10	a36	0
12	0.427433173971079	a7	a14	a37	0
12	0.427781847501958	a7	a17	a37	1
12	0.427825938879408	a7	a16	a37	2
12	0.427897080181675	a7	a15	a37	3
13	0.427922236611754	a7	a14
13	0.429809509866173	a7	a15
13	0.430099214560953	a7	a16
13	0.430470069030182	a7	a17
13	0.430588818200125	a6	a10
12	0.432724139265108	a6	a10	a38	0
12	0.432875077845582	a7	a14	a39	0
12	0.43290916075085	a7	a16	a39	1
12	0.432977056062138	a7	a15	a39	2
12	0.433242145325336	a7	a17	a39	3
13	0.434406644588669	a7	a14
13	0.434668758360137	a7	a15
13	0.434770736576694	a7	a16
13	0.43491545367446	a7	a17
13	0.435034202844403	a6	a10
12	0.435070449743656	a6	a10	a40	0
12	0.435133746567726	a7	a14	a41	0
12	0.435316333560235	a7	a15	a41	1
12	0.435379359885056	a7	a16	a41	2
12	0.435528945969289	a7	a17	a41	3
13	0.435608202249	a7	a14
13	0.436575237061176	a7	a15
13	0.436653952342391	a7	a16
13	0.436887393193554	a7	a17
13	0.437020749322897	a6	a10
12	0.437225787753003	a8	a57	a49	0
13	0.444440543699953	a8	a57
12	0.444495184548082	a8	a57	a54	0
12	0.446359465366407	a8	a58	a53	0
13	0.457449934541008	a8	a58
12	0.457495919413196	a8	a58	a52	0
13	0.4621728514139	a8	a58
12	0.462205311323679	a8	a58	a51	0
13	0.464633312575172	a8	a58
13	0.467238761333459	a8	a57
13	0.467295025177076	a8	a56
13	0.467468144695899	a8	a55
12	0.46778138282527	a8	a55	a46	0
12	0.467806268756101	a8	a56	a48	0
13	0.492862614113254	a8	a56
12	0.492976764795978	a6	a10	a20	0
12	0.493070898534338	a7	a14	a21	0
12	0.493108497929832	a7	a15	a21	1
12	0.493207500654659	a7	a17	a21	2
12	0.493294871911815	a7	a16	a21	3
13	0.493512353307337	a7	a14
13	0.494327367542046	a7	a17
13	0.49433710551498	a7	a15
13	0.494379573896941	a7	a16
13	0.494592186305995	a6	a10
12	0.494777748790234	a8	a56	a44	0
12	0.494796142739109	a8	a57	a43	0
12	0.494914080411307	a6	a10	a22	0
12	0.494976295238384	a7	a14	a23	0
12	0.495094232910582	a7	a16	a23	1
13	0.495411799027923	a7	a14
12	0.495464546381315	a7	a17	a23	2
12	0.495482669830941	a7	a14	a23	3
12	0.495500252282072	a7	a15	a23	4
13	0.495794284964823	a7	a16
12	0.495860286781374	a7	a16	a23	5
13	0.495892205692657	a7	a14
12	0.495951174528756	a7	a14	a23	6
13	0.496080202670129	a7	a17
12	0.496134302519761	a7	a17	a23	7
13	0.496137007512243	a7	a15
12	0.496198140342327	a7	a15	a23	8
13	0.496313643521292	a7	a16
13	0.49637423535288	a7	a14
12	0.496385596321303	a7	a16	a23	9
12	0.496429417199505	a7	a14	a23	10
13	0.496612004192014	a7	a17
13	0.496619578170962	a7	a15
12	0.49666989103112	a7	a17	a23	11
12	0.496685579987513	a7	a15	a23	12
13	0.496851937025132	a7	a16
13	0.496871953969496	a7	a14
12	0.496927676814617	a7	a16	a23	13
12	0.4969595957259	a7	a14	a23	14
13	0.497123788769534	a7	a15
12	0.49718329860413	a7	a15	a23	15
13	0.497192495578567	a7	a17
13	0.497407542480855	a7	a14
13	0.497413493464315	a7	a16
13	0.49764801631247	a7	a15
13	0.497783536435799	a6	a10
12	0.497994525849364	a6	a10	a24	0
12	0.498052412688471	a7	a14	a25	0
13	0.49811138152457	a7	a14
12	0.498131398468934	a7	a14	a25	1
13	0.498164940375706	a7	a14
12	0.498181170330596	a7	a14	a25	2
13	0.498216876231353	a7	a14
12	0.498248795142636	a7	a14	a25	3
13	0.498276386065948	a7	a14
13	0.498586378204341	a6	a10
12	0.498623707100587	a6	a10	a26	0
12	0.498677806950219	a7	a14	a27	0
13	0.498727578811881	a7	a14
12	0.498747054757748	a7	a14	a27	1
13	0.498782760658506	a7	a14
12	0.498802236604373	a7	a14	a27	2
13	0.498839024502123	a7	a14
12	0.498886632369799	a7	a14	a27	3
13	0.498923961266046	a7	a14
13	0.499037570950273	a6	a10
12	0.499149016640516	a6	a10	a22	0
12	0.499204739485637	a7	a14	a23	0
12	0.499632939795476	a7	a17	a23	1
13	0.499641325272169	a7	a14
12	0.499681359160896	a7	a14	a23	2
12	0.49970137610526	a7	a16	a23	3
12	0.49972058155188	a7	a15	a23	4
13	0.500111993963969	a7	a14
13	0.500145806369989	a7	a17
13	0.500157708336908	a7	a15
12	0.500189356748943	a7	a14	a23	5
12	0.500227497142934	a7	a17	a23	6
12	0.50024264510083	a7	a15	a23	7
13	0.500304048430163	a7	a16
12	0.500377083227167	a7	a16	a23	8
13	0.500620532550511	a7	a14
12	0.500673009404655	a7	a14	a23	9
13	0.500683558875333	a7	a15
13	0.500683558875333	a7	a17
12	0.500744691705417	a7	a17	a23	10
12	0.500758216667825	a7	a15	a23	11
13	0.500835849952048	a7	a16
12	0.500907802752058	a7	a16	a23	12
13	0.501084168261859	a7	a14
12	0.501138809109988	a7	a14	a23	13
13	0.50117532650849	a7	a17
13	0.501183441485935	a7	a15
12	0.501233213347596	a7	a17	a23	14
12	0.501249984300982	a7	a15	a23	15
13	0.501337355558138	a7	a16
13	0.501556459949149	a7	a14
13	0.501662766153676	a7	a15
13	0.501663848150668	a7	a17
13	0.501837779167236	a6	a10
13	0.501901075991306	a8	a57
12	0.501926502920633	a6	a10	a28	0
12	0.501983848761243	a7	a14	a29	0
13	0.502041735600349	a7	a14
12	0.502061752544713	a7	a14	a29	1
13	0.50210340942893	a7	a14
12	0.502119098385323	a7	a14	a29	2
13	0.502160214271044	a7	a14
12	0.502175362228941	a7	a14	a29	3
13	0.502216478114661	a7	a14
12	0.502232167071055	a7	a14	a29	4
13	0.502272741958279	a7	a14
12	0.502288430914672	a7	a14	a29	5
12	0.50231818583197	a7	a16	a29	6
12	0.502393655122207	a7	a15	a29	7
13	0.502398794607922	a7	a14
13	0.502436664502664	a7	a16
12	0.502468042415451	a7	a14	a29	9
12	0.502478050887633	a7	a17	a29	8
13	0.502494821841019	a7	a15
12	0.50251673228012	a7	a16	a29	10
13	0.502532421236513	a7	a14
13	0.502567856638023	a7	a17
12	0.502578135609453	a7	a15	a29	11
13	0.50261681700194	a7	a16
12	0.502633858454574	a7	a17	a29	12
12	0.502653063901193	a7	a14	a29	13
13	0.502675515338791	a7	a15
12	0.50269472078541	a7	a16	a29	14
13	0.502694991284658	a7	a17
13	0.502721770710226	a7	a14
12	0.502746386141809	a7	a15	a29	15
13	0.502775870559858	a7	a16
13	0.502829699910242	a7	a15
13	0.503010122908766	a6	a10
13	0.503021483877188	a8	a56
12	0.503254113230607	a8	a56	a42	0
12	0.503318492051669	a6	a10	a30	0
12	0.503376378890776	a7	a14	a31	0
12	0.503449684187027	a7	a15	a31	1
13	0.50347429961861	a7	a14
12	0.503518120496812	a7	a14	a31	2
13	0.503596565278779	a7	a14
12	0.503612795233668	a7	a14	a31	3
13	0.503642820650214	a7	a15
12	0.503702871483306	a7	a15	a31	4
13	0.503703682981051	a7	a14
12	0.503748044857749	a7	a14	a31	5
13	0.503814317173548	a7	a15
12	0.503819727158512	a7	a17	a31	6
13	0.503837309609642	a7	a14
12	0.503883835480326	a7	a16	a31	7
12	0.503909532908901	a7	a15	a31	8
12	0.503931443348002	a7	a14	a31	9
13	0.503932795844243	a7	a17
12	0.503990682683349	a7	a17	a31	10
13	0.504001232154028	a7	a16
13	0.504008535633728	a7	a15
13	0.504029905074333	a7	a14
13	0.504069127465316	a7	a17
12	0.504072643955542	a7	a16	a31	11
12	0.504098882382614	a7	a15	a31	12
12	0.504137563775101	a7	a14	a31	13
12	0.504150277239764	a7	a17	a31	14
13	0.504168941687888	a7	a16
13	0.504224123534512	a7	a14
13	0.504255230948051	a7	a17
12	0.504256042445795	a7	a16	a31	15
13	0.504266050917977	a7	a15
13	0.50435396317363	a7	a16
13	0.504504901754103	a6	a10
13	0.504640151378184	a8	a56
12	0.504682349260897	a8	a56	a45	0
12	0.50470398920075	a6	a10	a32	0
12	0.504753220063915	a7	a14	a33	0
13	0.504768909020309	a7	a14
12	0.504791089958658	a7	a14	a33	1
13	0.504813811895503	a7	a14
12	0.504830041850393	a7	a14	a33	2
13	0.504846812803779	a7	a14
12	0.504904158644389	a7	a14	a33	3
13	0.504931208569205	a7	a14
12	0.504931479068453	a7	a17	a33	4
12	0.504967455468459	a7	a14	a33	5
13	0.504983685423348	a7	a14
13	0.504985578918085	a7	a17
12	0.505029670295536	a7	a14	a33	6
13	0.505047523245914	a7	a14
12	0.505081065152686	a7	a14	a33	7
12	0.505094590115094	a7	a16	a33	8
13	0.505098377104569	a7	a14
12	0.505121369540662	a7	a17	a33	9
13	0.505136246999311	a7	a16
13	0.505139222491041	a7	a17
12	0.505141386485026	a7	a15	a33	10
12	0.505160050933149	a7	a14	a33	11
13	0.505176821886535	a7	a14
13	0.50518791235571	a7	a15
12	0.505204683309096	a7	a17	a33	12
13	0.50523497922489	a7	a17
12	0.505236331721131	a7	a16	a33	13
13	0.505266627636925	a7	a16
12	0.505281234596325	a7	a14	a33	14
13	0.505298546548208	a7	a14
12	0.505315047002346	a7	a15	a33	15
13	0.505374015838445	a7	a15
13	0.50556147181742	a6	a10
13	0.505604751697126	a8	a56
12	0.505972089676129	a8	a56	a50	0
12	0.508415238885519	a6	a10	a34	0
12	0.508478535709589	a7	a14	a35	0
12	0.5086386712645	a7	a16	a35	1
12	0.508664909691571	a7	a17	a35	2
12	0.508714140554737	a7	a15	a35	3
13	0.51966746661052	a7	a14
13	0.52722494510489	a7	a17
13	0.527924185661386	a7	a16
13	0.52827231819377	a7	a15
13	0.528410002311084	a6	a10
12	0.528465725156205	a6	a10	a36	0
12	0.528556612903587	a7	a14	a37	0
12	0.528820079171296	a7	a16	a37	1
12	0.528903122440481	a7	a15	a37	2
12	0.528985895210418	a7	a17	a37	3
13	0.529798204452646	a7	a14
13	0.530947014759586	a7	a17
13	0.531253219908504	a7	a15
13	0.531622451382244	a7	a16
13	0.531786373926629	a6	a10
12	0.533856775172054	a6	a10	a38	0
12	0.533922235990108	a7	a14	a39	0
12	0.534036657172081	a7	a15	a39	1
12	0.534095896507428	a7	a16	a39	2
12	0.534165414814205	a7	a17	a39	3
13	0.535352095015888	a7	a14
13	0.535904724979881	a7	a17
13	0.535909593966347	a7	a15
13	0.5359239304265	a7	a16
13	0.53616954374383	a6	a10
12	0.53620038065812	a6	a10	a40	0
12	0.536272874456628	a7	a14	a41	0
12	0.536568530134868	a7	a17	a41	1
12	0.536671049349921	a7	a16	a41	2
12	0.536708107746919	a7	a15	a41	3
13	0.536728395190531	a7	a14
13	0.537855024559121	a7	a17
13	0.537960789765152	a7	a16
13	0.538003258147113	a7	a15
13	0.538167992189244	a6	a10
12	0.538355177668971	a8	a57	a49	0
13	0.545287532400841	a8	a57
12	0.545331353279043	a8	a57	a54	0
12	0.547227553008652	a8	a58	a53	0
13	0.557992341088467	a8	a58
12	0.55818601855015	a8	a58	a52	0
13	0.5626649451012	a8	a58
12	0.562692536024513	a8	a58	a51	0
13	0.56512865225345	a8	a58
13	0.567787118864377	a8	a57
13	0.567857448668899	a8	a56
13	0.568028945192233	a8	a55
12	0.568320002383254	a8	a55	a46	0
12	0.568341642323107	a8	a56	a48	0
13	0.593466153490797	a8	a56
12	0.593588419150966	a6	a10	a20	0
12	0.593677683902859	a7	a14	a21	0
12	0.593872713860783	a7	a17	a21	1
12	0.593890025812665	a7	a15	a21	2
12	0.593960085117939	a7	a16	a21	3
13	0.594125630657813	a7	a14
13	0.59493956289553	a7	a17
13	0.594981760778243	a7	a15
13	0.594984736269973	a7	a16
13	0.595151904805336	a6	a10
12	0.595296892402351	a8	a56	a44	0
12	0.595315827349722	a8	a57	a43	0
12	0.595449453978313	a6	a10	a22	0
12	0.595557653677578	a7	a14	a23	0
12	0.595703723271585	a7	a16	a23	1
12	0.5957234697167	a7	a15	a23	2
12	0.595933377133273	a7	a17	a23	3
13	0.595999649449073	a7	a14
12	0.59604130633329	a7	a14	a23	4
13	0.596364011936346	a7	a15
13	0.596368069425068	a7	a16
12	0.596429472754401	a7	a15	a23	5
13	0.596444891211546	a7	a14
12	0.596458416173954	a7	a16	a23	6
12	0.596486007097266	a7	a14	a23	7
13	0.596553361410058	a7	a17
12	0.59660313327172	a7	a17	a23	8
13	0.596872009524392	a7	a15
13	0.596929084865754	a7	a16
12	0.596930437361995	a7	a15	a23	9
13	0.59694585581914	a7	a14
12	0.597030792583062	a7	a16	a23	10
13	0.597066227984572	a7	a17
12	0.597090843416154	a7	a14	a23	11
12	0.597117081843226	a7	a17	a23	12
13	0.597403811046276	a7	a15
13	0.597460345389142	a7	a16
12	0.597471976856813	a7	a15	a23	13
13	0.597531757190657	a7	a14
13	0.597543388658328	a7	a17
12	0.597551774135021	a7	a16	a23	14
12	0.597606685482397	a7	a17	a23	15
13	0.597919923611768	a7	a15
13	0.59804462376517	a7	a16
13	0.598046517259907	a7	a17
13	0.59821233329903	a6	a10
12	0.598354615903562	a6	a10	a24	0
12	0.598421699717106	a7	a14	a25	0
13	0.5984519956329	a7	a14
12	0.59847417657125	a7	a14	a25	1
13	0.598508259476518	a7	a14
12	0.598518808947196	a7	a15	a25	2
12	0.59855208035472	a7	a14	a25	3
13	0.598580753275025	a7	a14
13	0.598650812580299	a7	a15
13	0.598847465533712	a6	a10
12	0.598892909407403	a6	a10	a26	0
12	0.598986502147267	a7	a14	a27	0
13	0.599036815007424	a7	a14
12	0.599060618941263	a7	a14	a27	1
13	0.599097406839012	a7	a14
12	0.599116341786384	a7	a14	a27	2
13	0.599152047687141	a7	a14
12	0.599187753587898	a7	a14	a27	3
13	0.599223459488656	a7	a14
13	0.599615683398489	a6	a10
12	0.599742277046628	a6	a10	a22	0
12	0.599807196866187	a7	a14	a23	0
12	0.599983832875236	a7	a17	a23	1
12	0.600125303982024	a7	a16	a23	2
12	0.600148837416614	a7	a15	a23	3
13	0.6002318806858	a7	a14
12	0.600284357539943	a7	a14	a23	4
13	0.60059516117608	a7	a17
12	0.600660080995639	a7	a17	a23	5
13	0.600677122448273	a7	a16
13	0.600686860421207	a7	a14
13	0.600710934854293	a7	a15
12	0.600743124264824	a7	a14	a23	6
12	0.600750157245276	a7	a16	a23	7
12	0.600794248622726	a7	a15	a23	8
13	0.601095584785178	a7	a17
12	0.601145356646839	a7	a17	a23	9
13	0.601173759067896	a7	a14
12	0.60122623592204	a7	a14	a23	10
13	0.601243547873922	a7	a16
13	0.601262753320541	a7	a15
12	0.601320910658896	a7	a16	a23	11
12	0.601340116105515	a7	a15	a23	12
13	0.601598713386757	a7	a17
13	0.601636853780748	a7	a14
12	0.601650108243908	a7	a17	a23	13
12	0.601678510664965	a7	a14	a23	14
13	0.601768857413851	a7	a16
13	0.601777242890544	a7	a15
12	0.601844597203336	a7	a16	a23	15
13	0.602081554544725	a7	a14
13	0.602083989037958	a7	a17
13	0.602294166953779	a7	a16
13	0.602482434430499	a6	a10
13	0.602547354250058	a8	a57
12	0.602577109167356	a6	a10	a28	0
12	0.602665832920752	a7	a14	a29	0
12	0.602709924298203	a7	a17	a29	1
13	0.602717227777903	a7	a14
12	0.602756179669638	a7	a14	a29	2
13	0.602791344571899	a7	a14
12	0.602807033528292	a7	a14	a29	3
13	0.602824615979423	a7	a17
13	0.602844362424539	a7	a14
12	0.602888453801989	a7	a15	a29	4
12	0.602914151230564	a7	a14	a29	5
12	0.602931733681695	a7	a17	a29	6
13	0.602977177555386	a7	a15
13	0.602981235044108	a7	a14
12	0.602983399038094	a7	a16	a29	7
13	0.602989620520801	a7	a17
12	0.60301477695088	a7	a14	a29	8
12	0.60305454034036	a7	a17	a29	9
13	0.60306184382006	a7	a16
13	0.603069958797505	a7	a14
12	0.603078344274198	a7	a15	a29	10
13	0.603114050174955	a7	a17
12	0.603130550629093	a7	a16	a29	11
12	0.603156518556917	a7	a14	a29	12
13	0.603174101008047	a7	a15
13	0.603181404487747	a7	a16
12	0.603191412959929	a7	a17	a29	13
13	0.603231446848657	a7	a17
13	0.603239291326854	a7	a14
12	0.603257144277232	a7	a16	a29	14
12	0.603301506153931	a7	a14	a29	15
13	0.603322605095287	a7	a16
13	0.603378327940408	a7	a14
13	0.603508708578022	a6	a10
13	0.603520610544941	a8	a56
12	0.60375323989836	a8	a56	a42	0
12	0.603811667735962	a6	a10	a30	0
12	0.6039090474653	a7	a14	a31	0
13	0.604012919176594	a7	a14
12	0.604032124623214	a7	a15	a31	1
12	0.6040561990563	a7	a14	a31	2
12	0.604068642021715	a7	a16	a31	3
13	0.604135725835259	a7	a14
13	0.604203621146548	a7	a15
12	0.604210924626248	a7	a14	a31	4
13	0.604223367591664	a7	a16
13	0.604288287411222	a7	a14
12	0.604289910406711	a7	a16	a31	5
12	0.604301541874382	a7	a17	a31	6
12	0.604331026292432	a7	a14	a31	7
12	0.604350231739051	a7	a15	a31	8
13	0.604378093161612	a7	a16
13	0.604411905567632	a7	a17
13	0.604433816006733	a7	a14
12	0.604455726445834	a7	a17	a31	9
13	0.60447249739922	a7	a15
12	0.604479259880424	a7	a16	a31	10
12	0.604499276824788	a7	a14	a31	11
12	0.604551483179683	a7	a15	a31	12
13	0.604553647173668	a7	a17
13	0.604576098611265	a7	a14
13	0.604611804512023	a7	a16
12	0.604622894981197	a7	a17	a31	13
12	0.604655625390225	a7	a14	a31	14
13	0.604664551865414	a7	a15
12	0.604683216313537	a7	a16	a31	15
13	0.604714864725572	a7	a17
13	0.604737857161666	a7	a14
13	0.604761661095504	a7	a16
13	0.604955338557187	a6	a10
13	0.60509167017826	a8	a56
12	0.605132245065484	a8	a56	a45	0
12	0.605155508000826	a6	a10	a32	0
12	0.60521231284294	a7	a14	a33	0
13	0.605228001799333	a7	a14
12	0.605282101648966	a7	a14	a33	1
13	0.605305364584308	a7	a14
12	0.605314832057993	a7	a15	a33	2
12	0.605356759441458	a7	a14	a33	3
13	0.605365144918151	a7	a15
13	0.605383268367778	a7	a14
12	0.605412211787331	a7	a17	a33	4
13	0.605448999685081	a7	a17
12	0.605496066554261	a7	a15	a33	5
12	0.605504452030954	a7	a16	a33	6
13	0.605512837507647	a7	a15
13	0.605539075934719	a7	a16
12	0.605552600897127	a7	a14	a33	7
13	0.605579109823446	a7	a14
12	0.605579921321191	a7	a17	a33	8
13	0.605621037206911	a7	a17
12	0.605635103167816	a7	a15	a33	9
12	0.605653767615939	a7	a16	a33	10
13	0.60565512011218	a7	a15
13	0.605671079567821	a7	a16
12	0.605680817540755	a7	a14	a33	11
13	0.605748442352795	a7	a14
12	0.605770623291144	a7	a16	a33	13
12	0.605787664743779	a7	a17	a33	12
13	0.605787935243027	a7	a16
12	0.605801189706187	a7	a15	a33	14
13	0.605804976695661	a7	a17
13	0.605828780629499	a7	a15
12	0.605845822082133	a7	a14	a33	15
13	0.605921561871618	a7	a14
13	0.606110370346835	a6	a10
13	0.606151486232555	a8	a56
12	0.606519365210054	a8	a56	a50	0
12	0.608915988548761	a6	a10	a34	0
12	0.609088026070591	a7	a14	a35	0
12	0.609257629099188	a7	a15	a35	1
12	0.609372320780408	a7	a17	a35	2
12	0.609478626984935	a7	a16	a35	3
13	0.626158151625039	a7	a14
13	0.62899974622697	a7	a15
13	0.629967051538394	a7	a17
13	0.630456384678317	a7	a16
13	0.630851313580632	a6	a10
12	0.630905954428761	a6	a10	a36	0
12	0.630966546260349	a7	a14	a37	0
12	0.631181322663389	a7	a16	a37	1
12	0.631397451562669	a7	a15	a37	2
12	0.631601407995783	a7	a17	a37	3
13	0.633068866417056	a7	a14
13	0.633924455538989	a7	a17
13	0.634082427099915	a7	a15
13	0.634523611373666	a7	a16
13	0.634663188985717	a6	a10
12	0.636733049232645	a6	a10	a38	0
12	0.636806625028145	a7	a14	a39	0
12	0.636915365725906	a7	a16	a39	1
12	0.637069279798109	a7	a17	a39	2
12	0.637262416261296	a7	a15	a39	3
13	0.638173187229854	a7	a14
13	0.638668200853989	a7	a16
13	0.638807507966792	a7	a17
13	0.638865394805898	a7	a15
13	0.639010111903664	a6	a10
12	0.639042571813444	a6	a10	a40	0
12	0.639105868637513	a7	a14	a41	0
12	0.639271955175884	a7	a16	a41	1
12	0.639378802378908	a7	a17	a41	2
12	0.639535691942841	a7	a15	a41	3
13	0.639594390279692	a7	a14
13	0.640449167903881	a7	a16
13	0.640614983943004	a7	a17
13	0.640778906487389	a7	a15
13	0.640923623585155	a6	a10
12	0.641137317991203	a8	a57	a49	0
13	0.648039917805775	a8	a57
12	0.648092935658415	a8	a57	a54	0
12	0.649931789547413	a8	a58	a53	0
13	0.660663576718952	a8	a58
12	0.660709020592643	a8	a58	a52	0
13	0.66519281613016	a8	a58
12	0.665224194042947	a8	a58	a51	0
13	0.667649490301958	a8	a58
13	0.67026305403769	a8	a57
13	0.670323645869278	a8	a56
13	0.670493519397123	a8	a55
12	0.670808921520479	a8	a55	a47	0
13	0.681947539561253	a8	a55
12	0.681998934418403	a8	a55	a46	0
12	0.682017328367278	a8	a56	a48	0
13	0.705377102439966	a8	a56
12	0.705495040112164	a6	a10	a20	0
12	0.705572943895634	a7	a14	a21	0
12	0.705696562052044	a7	a17	a21	1
12	0.70584723013327	a7	a16	a21	2
12	0.705866435579889	a7	a15	a21	3
13	0.706012234674648	a7	a14
13	0.706342514256652	a7	a17
13	0.70646937840404	a7	a16
13	0.706535109721343	a7	a15
13	0.706696056773999	a6	a10
12	0.706846454355976	a8	a56	a44	0
12	0.706867553297333	a8	a57	a43	0
12	0.706998474933443	a6	a10	a22	0
12	0.707122904587597	a7	a14	a23	0
12	0.707174840443244	a7	a16	a23	1
12	0.707209734846257	a7	a15	a23	2
12	0.707300622593639	a7	a17	a23	3
13	0.707595196274886	a7	a14
12	0.707643886139555	a7	a14	a23	4
13	0.707852711559135	a7	a16
13	0.707861638034325	a7	a15
12	0.707932238338095	a7	a16	a23	5
13	0.707942787808773	a7	a17
12	0.707953066780203	a7	a15	a23	6
12	0.70799905165239	a7	a17	a23	7
13	0.708176769658432	a7	a14
12	0.708219508539642	a7	a14	a23	8
13	0.708464580858475	a7	a16
13	0.708497311267503	a7	a15
13	0.708501098256977	a7	a17
12	0.708533828666005	a7	a16	a23	9
12	0.708580625035937	a7	a17	a23	10
12	0.708599018984811	a7	a15	a23	11
13	0.708788638957772	a7	a14
12	0.70884490280139	a7	a14	a23	12
13	0.708965004467573	a7	a16
12	0.709033711276606	a7	a16	a23	13
13	0.709107016572858	a7	a15
12	0.70918762534881	a7	a15	a23	14
13	0.709189789342795	a7	a17
12	0.709243889192427	a7	a17	a23	15
13	0.70926255364055	a7	a14
13	0.709592021724811	a7	a16
13	0.709631244115794	a7	a15
13	0.709781100699275	a7	a17
13	0.709911751836137	a6	a10
12	0.710028607511342	a6	a10	a24	0
12	0.710090822338419	a7	a14	a25	0
13	0.710122741249702	a7	a14
12	0.710140053201585	a7	a14	a25	1
13	0.710171431114371	a7	a14
12	0.710208760010618	a7	a14	a25	2
13	0.710239596924908	a7	a14
12	0.710278007818147	a7	a14	a25	3
13	0.710308844732437	a7	a14
13	0.710487374236223	a6	a10
12	0.710544720076834	a6	a10	a26	0
12	0.710620459866319	a7	a14	a27	0
13	0.710664280744521	a7	a14
12	0.710684838687381	a7	a14	a27	1
13	0.710720544588138	a7	a14
12	0.710738938537013	a7	a14	a27	2
13	0.710773562440778	a7	a14
12	0.710810891337024	a7	a14	a27	3
13	0.710850384227255	a7	a14
13	0.711260461087468	a6	a10
12	0.711378939758162	a6	a10	a22	0
12	0.711441154585239	a7	a14	a23	0
12	0.711570182726612	a7	a17	a23	1
12	0.711674324937154	a7	a16	a23	2
12	0.711715170323626	a7	a15	a23	3
13	0.711839329478532	a7	a14
12	0.711897757316135	a7	a14	a23	4
13	0.712079803310147	a7	a17
12	0.712136608152261	a7	a17	a23	5
13	0.712155272600384	a7	a16
12	0.712215864431972	a7	a16	a23	6
13	0.712217216928213	a7	a15
13	0.712304588185369	a7	a14
12	0.712312973662062	a7	a15	a23	7
12	0.712378704979365	a7	a14	a23	8
13	0.71261485082301	a7	a17
12	0.712664622684671	a7	a17	a23	9
13	0.712701681081669	a7	a16
12	0.712760108919272	a7	a16	a23	10
13	0.712779043866643	a7	a14
13	0.712781478359877	a7	a15
12	0.712861275638084	a7	a14	a23	11
12	0.712873448104252	a7	a15	a23	12
13	0.713179923752418	a7	a16
13	0.713193719214074	a7	a17
12	0.713254852044159	a7	a17	a23	13
12	0.713257286537392	a7	a16	a23	14
13	0.713279467475741	a7	a14
13	0.713324640850184	a7	a15
12	0.71337089622162	a7	a14	a23	15
13	0.713700634805128	a7	a17
13	0.713774481099876	a7	a16
13	0.713801531024692	a7	a14
13	0.713982224522464	a6	a10
13	0.714030914387133	a8	a57
12	0.714047144342022	a6	a10	a28	0
12	0.714105572179625	a7	a14	a29	0
13	0.714146147066849	a7	a14
12	0.714161836023242	a7	a14	a29	1
13	0.714198082922496	a7	a14
12	0.714217558868364	a7	a14	a29	2
13	0.71425488776461	a7	a14
12	0.714297626645819	a7	a14	a29	3
12	0.714313586101461	a7	a17	a29	4
13	0.71433279154808	a7	a14
12	0.714366333454852	a7	a14	a29	5
12	0.714394735875909	a7	a15	a29	6
13	0.714403121352602	a7	a14
13	0.71442990077817	a7	a17
13	0.714468852669905	a7	a15
12	0.714487517118028	a7	a14	a29	7
12	0.714507263563144	a7	a17	a29	8
12	0.714528092005252	a7	a16	a29	9
12	0.714570019388717	a7	a15	a29	10
13	0.714572994880447	a7	a14
13	0.714574888375184	a7	a17
13	0.714615733761657	a7	a16
12	0.714641972188728	a7	a17	a29	11
13	0.714683088074449	a7	a17
12	0.714684981569186	a7	a14	a29	12
12	0.714693096546631	a7	a16	a29	13
13	0.714732589436862	a7	a14
13	0.714739622417314	a7	a16
13	0.714756663869949	a7	a15
12	0.714757204868445	a7	a17	a29	14
13	0.714797238757173	a7	a17
12	0.714821583689507	a7	a15	a29	15
13	0.714883798516584	a7	a15
13	0.71503879458578	a6	a10
13	0.715051237551196	a8	a56
12	0.715279538916644	a8	a56	a42	0
12	0.715353114712143	a6	a10	a30	0
12	0.715532726212922	a7	a14	a31	0
12	0.715562751629468	a7	a15	a31	1
13	0.715643630904668	a7	a14
12	0.715699894748286	a7	a14	a31	2
13	0.715770495052056	a7	a15
13	0.715778880528749	a7	a14
12	0.715820537412966	a7	a14	a31	3
12	0.715848398835526	a7	a15	a31	4
13	0.715915212149822	a7	a14
13	0.715934417596441	a7	a15
12	0.715938475085164	a7	a16	a31	5
12	0.715957951031031	a7	a14	a31	6
12	0.715978238474644	a7	a17	a31	7
12	0.716031256327283	a7	a15	a31	8
13	0.716038559806983	a7	a14
12	0.716094282652105	a7	a14	a31	9
13	0.716096717145338	a7	a17
13	0.716108889611505	a7	a16
13	0.716134587040081	a7	a15
12	0.716185440898735	a7	a17	a31	10
13	0.716191662381443	a7	a14
12	0.716206269340843	a7	a16	a31	11
12	0.716236835755885	a7	a15	a31	12
12	0.716274976149876	a7	a14	a31	13
13	0.716278492640102	a7	a17
13	0.716309059055144	a7	a16
12	0.716338543473194	a7	a17	a31	14
13	0.716353691431091	a7	a15
13	0.716354502928836	a7	a14
13	0.716417529253657	a7	a17
12	0.716421586742379	a7	a14	a31	15
13	0.716515179482243	a7	a14
13	0.716615805202559	a6	a10
13	0.716768366778522	a8	a56
12	0.71680244968379	a8	a56	a45	0
12	0.716834368595073	a6	a10	a32	0
12	0.716868451500341	a7	a14	a33	0
13	0.716908485389069	a7	a14
12	0.716925256342455	a7	a14	a33	1
13	0.716947978279301	a7	a14
12	0.716964749232687	a7	a14	a33	2
13	0.71698043818908	a7	a14
12	0.71699666814397	a7	a14	a33	3
13	0.717012898098859	a7	a14
12	0.717062669960521	a7	a14	a33	4
13	0.717078358916914	a7	a14
12	0.717078629416163	a7	a17	a33	5
12	0.71712163879662	a7	a14	a33	6
13	0.717130565271809	a7	a17
13	0.717140032745495	a7	a14
12	0.717179525635727	a7	a14	a33	7
13	0.717196296589113	a7	a14
12	0.717196567088361	a7	a15	a33	8
13	0.717230649993629	a7	a15
12	0.717253371930475	a7	a17	a33	9
13	0.717278798859802	a7	a17
12	0.717290971325969	a7	a16	a33	10
12	0.717314234261311	a7	a14	a33	11
12	0.717319373747026	a7	a15	a33	12
13	0.717328841220711	a7	a16
13	0.717332628210186	a7	a14
13	0.717346964670338	a7	a15
12	0.717382670571096	a7	a17	a33	13
12	0.717432171933509	a7	a14	a33	14
13	0.717434606426742	a7	a17
12	0.717455975867347	a7	a16	a33	15
13	0.717473828817726	a7	a16
13	0.717497091753068	a7	a14
13	0.717714573148589	a6	a10
13	0.717752984041828	a8	a56
12	0.718105174062934	a8	a56	a50	0
12	0.720612702093386	a6	a10	a34	0
12	0.720681408902419	a7	a14	a35	0
12	0.720776354138523	a7	a17	a35	1
12	0.720840462460338	a7	a16	a35	2
12	0.721064706337063	a7	a15	a35	3
13	0.736988185578557	a7	a14
13	0.740648581404671	a7	a16
13	0.740685098803173	a7	a17
13	0.74153717143488	a7	a15
13	0.741699200484529	a6	a10
12	0.74176953028905	a6	a10	a36	0
12	0.741821466144697	a7	a14	a37	0
13	0.74228293786206	a7	a14
12	0.742334062219962	a7	a15	a37	1
12	0.742354890662071	a7	a14	a37	2
12	0.742367333627486	a7	a16	a37	3
13	0.744656298265425	a7	a16
13	0.744832663775226	a7	a14
13	0.745194862268513	a7	a15
13	0.74536013730914	a6	a10
12	0.747385094680873	a6	a10	a38	0
12	0.747452719492913	a7	a14	a39	0
12	0.747575796650826	a7	a15	a39	1
12	0.747742694686942	a7	a16	a39	2
12	0.747915543706516	a7	a17	a39	3
13	0.748773296822435	a7	a14
13	0.749282646906722	a7	a15
13	0.749374887150345	a7	a16
13	0.749596967033085	a7	a17
13	0.749711929213554	a6	a10
12	0.749748176112807	a6	a10	a40	0
12	0.74980227596244	a7	a14	a41	0
12	0.749912910154937	a7	a15	a41	1
12	0.750008937388035	a7	a16	a41	2
12	0.75024941121965	a7	a17	a41	3
13	0.750335700479813	a7	a14
13	0.751108516831809	a7	a15
13	0.751605153451433	a7	a17
13	0.751750952546191	a7	a16
13	0.751892694152228	a6	a10
12	0.752090699601882	a8	a57	a49	0
13	0.759088515151807	a8	a57
12	0.759142615001439	a8	a57	a54	0
12	0.760969025925022	a8	a58	a53	0
13	0.771604515364216	a8	a58
12	0.771655910221367	a8	a58	a52	0
13	0.776144033746854	a8	a58
12	0.776181903641597	a8	a58	a51	0
13	0.778591510944215	a8	a58
13	0.781215894649873	a8	a57
13	0.781278650475446	a8	a56
13	0.78145609798224	a8	a55
12	0.781793681043945	a8	a55	a46	0
12	0.781813697988309	a8	a56	a48	0
13	0.805189702015886	a8	a56
12	0.80530385269861	a6	a10	a20	0
12	0.805388248464036	a7	a14	a21	0
12	0.805488874184352	a7	a16	a21	1
12	0.805555687498648	a7	a15	a21	2
12	0.805617902325725	a7	a17	a21	3
13	0.805843228199443	a7	a14
13	0.805910041513739	a7	a17
13	0.806562756199551	a7	a16
13	0.806594404611586	a7	a15
13	0.806801336536429	a6	a10
12	0.806952275116903	a8	a56	a44	0
12	0.806971210064274	a8	a57	a43	0
12	0.80709834471091	a6	a10	a22	0
12	0.807160559537987	a7	a14	a23	0
12	0.807264972247777	a7	a16	a23	1
12	0.807346392521474	a7	a15	a23	2
12	0.807366950464334	a7	a17	a23	3
13	0.807593899333541	a7	a14
12	0.807659901150092	a7	a14	a23	4
13	0.807886579520051	a7	a16
13	0.807912817947123	a7	a15
12	0.807974762274952	a7	a16	a23	5
13	0.80799559071706	a7	a17
12	0.808003164696008	a7	a15	a23	6
12	0.808053477556166	a7	a17	a23	7
13	0.808085125968201	a7	a14
12	0.808138684819337	a7	a14	a23	8
13	0.808490604341195	a7	a15
13	0.808507104795332	a7	a16
13	0.808531179228419	a7	a17
12	0.808569049123161	a7	a15	a23	9
13	0.808580139592336	a7	a14
12	0.808601779532189	a7	a16	a23	10
12	0.808626935962268	a7	a17	a23	11
12	0.808651010395354	a7	a14	a23	12
13	0.809027815848042	a7	a15
13	0.809046480296165	a7	a16
13	0.809100850645046	a7	a17
12	0.809111670614972	a7	a15	a23	13
13	0.809123843081139	a7	a14
12	0.809127630070614	a7	a16	a23	14
12	0.809171450948816	a7	a14	a23	15
13	0.809926955348929	a7	a15
13	0.809986194684277	a7	a14
13	0.810020277589545	a7	a16
13	0.810160396200092	a6	a10
12	0.810330810726434	a6	a10	a24	0
12	0.810394107550504	a7	a14	a25	0
13	0.810426567460283	a7	a14
12	0.810448748398632	a7	a14	a25	1
13	0.810483372302397	a7	a14
12	0.81049906125879	a7	a14	a25	2
13	0.810529357174584	a7	a14
12	0.810571014058801	a7	a14	a25	3
13	0.810602391971587	a7	a14
13	0.810925368073892	a6	a10
12	0.810971893944575	a6	a10	a26	0
12	0.811026534792704	a7	a14	a27	0
13	0.811077929649855	a7	a14
12	0.811099569589707	a7	a14	a27	1
13	0.811135275490465	a7	a14
12	0.811156374431821	a7	a14	a27	2
13	0.811192621331075	a7	a14
12	0.81124915567394	a7	a17	a27	3
13	0.811373585328095	a7	a17
13	0.811554008326618	a6	a10
12	0.811706028904084	a6	a10	a22	0
12	0.811773653716125	a7	a14	a23	0
12	0.811935682765773	a7	a15	a23	1
12	0.812105826792866	a7	a16	a23	2
12	0.812125032239486	a7	a17	a23	3
13	0.812187517565811	a7	a14
12	0.81225243738537	a7	a14	a23	4
13	0.812439893364345	a7	a15
12	0.812508600173378	a7	a15	a23	5
13	0.81256270002301	a7	a17
13	0.812583528465119	a7	a16
12	0.812621668859109	a7	a17	a23	6
12	0.812638710311744	a7	a16	a23	7
13	0.812656022263626	a7	a14
12	0.812732303051607	a7	a14	a23	8
13	0.812932742994494	a7	a15
12	0.813001449803527	a7	a15	a23	9
13	0.813078001090757	a7	a16
13	0.813128854949411	a7	a14
12	0.813148871893775	a7	a16	a23	10
13	0.813152929382498	a7	a17
12	0.813216496705815	a7	a14	a23	11
12	0.813229210170479	a7	a17	a23	12
13	0.813420182639681	a7	a15
12	0.813492135439691	a7	a15	a23	13
13	0.813557866756995	a7	a16
12	0.813630360555502	a7	a16	a23	14
13	0.813643344519413	a7	a14
13	0.813659303975055	a7	a17
12	0.813710969331454	a7	a14	a23	15
13	0.813904376293889	a7	a15
13	0.814038814420225	a7	a16
13	0.814116718203695	a7	a14
13	0.814182720020246	a6	a10
13	0.814237360868375	a8	a57
12	0.814266574787176	a6	a10	a28	0
12	0.814318510642823	a7	a14	a29	0
13	0.814359626528544	a7	a14
12	0.814375856483433	a7	a14	a29	1
13	0.814411021385694	a7	a14
12	0.814466203232319	a7	a14	a29	2
12	0.814482703686457	a7	a15	a29	3
13	0.814518139087966	a7	a14
12	0.814581976910532	a7	a14	a29	4
13	0.814603346351137	a7	a15
12	0.814611190829334	a7	a16	a29	5
13	0.814620387803771	a7	a14
12	0.814659339695506	a7	a14	a29	6
13	0.814686389620322	a7	a16
12	0.814693693100023	a7	a15	a29	7
13	0.81469558659476	a7	a14
12	0.814756448925596	a7	a17	a29	8
13	0.814762940907552	a7	a15
12	0.814778900363193	a7	a16	a29	9
12	0.814803786294024	a7	a14	a29	10
13	0.81483381171057	a7	a17
12	0.814840844691022	a7	a15	a29	11
13	0.814843820182752	a7	a16
13	0.814885477066969	a7	a14
12	0.814894403542158	a7	a17	a29	12
13	0.814913338489529	a7	a15
12	0.814919559972237	a7	a16	a29	13
13	0.814946880396301	a7	a17
12	0.814981233800818	a7	a14	a29	14
12	0.814993947265481	a7	a15	a29	15
13	0.815001791743678	a7	a16
13	0.815022349686538	a7	a14
13	0.815070769051959	a7	a15
13	0.815242536074541	a6	a10
13	0.815271749993343	a8	a56
12	0.815518445307665	a8	a56	a42	0
12	0.815568217169327	a6	a10	a30	0
12	0.815666137897161	a7	a14	a31	0
12	0.8157045487904	a7	a16	a31	1
13	0.815750533662588	a7	a14
12	0.815760001136273	a7	a15	a31	2
12	0.815808420501694	a7	a14	a31	3
13	0.815885783286668	a7	a16
13	0.815892545767872	a7	a15
13	0.815906341229528	a7	a14
12	0.815968015058109	a7	a16	a31	4
12	0.81598695000548	a7	a14	a31	5
12	0.816021844408493	a7	a15	a31	6
12	0.816048894333309	a7	a17	a31	7
13	0.816058361806995	a7	a16
13	0.816077296754366	a7	a14
13	0.816118142140838	a7	a15
12	0.816152495545355	a7	a16	a31	8
13	0.816159799025055	a7	a17
12	0.816191988435586	a7	a14	a31	9
12	0.816236079813037	a7	a15	a31	10
13	0.81623851430627	a7	a16
12	0.816259883746875	a7	a17	a31	11
13	0.816288827166428	a7	a14
13	0.816332377545382	a7	a15
12	0.816334271040119	a7	a16	a31	12
13	0.816344820510797	a7	a17
12	0.816383501903284	a7	a14	a31	13
12	0.816433003265698	a7	a17	a31	14
13	0.816433814763442	a7	a16
12	0.816454102207054	a7	a15	a31	15
13	0.816487373614578	a7	a14
13	0.81653416998451	a7	a17
13	0.816539579969473	a7	a15
13	0.816721084964989	a6	a10
13	0.816852006601099	a8	a56
12	0.816885007509375	a8	a56	a45	0
12	0.816897991473287	a6	a10	a32	0
12	0.817026208116915	a7	a14	a33	0
13	0.817068405999628	a7	a14
12	0.817096537921437	a7	a16	a33	1
12	0.81712845683272	a7	a14	a33	2
13	0.817151719768062	a7	a14
12	0.817173089208666	a7	a17	a33	3
13	0.817176605698892	a7	a16
12	0.817187155169571	a7	a15	a33	4
13	0.817212582098898	a7	a17
13	0.817225025064313	a7	a15
12	0.817251263491385	a7	a14	a33	5
12	0.817276690420712	a7	a16	a33	6
13	0.817277772417705	a7	a14
13	0.817292920375602	a7	a16
12	0.817307256835754	a7	a17	a33	7
13	0.817369471662831	a7	a17
12	0.817372176655313	a7	a15	a33	8
12	0.817391382101932	a7	a16	a33	9
13	0.817395439590655	a7	a15
13	0.817408694053815	a7	a16
12	0.817430874992164	a7	a14	a33	10
13	0.817459006913973	a7	a14
12	0.817463605401191	a7	a17	a33	11
12	0.817477671362096	a7	a15	a33	12
13	0.817492819319993	a7	a15
13	0.817500393298941	a7	a17
12	0.817574239593689	a7	a16	a33	13
12	0.817594527037301	a7	a17	a33	14
13	0.817606699503468	a7	a16
13	0.81761237998768	a7	a17
12	0.817618601470388	a7	a14	a33	15
13	0.817677570306487	a7	a14
13	0.817803081957633	a6	a10
13	0.817849607828317	a8	a56
12	0.818182321903555	a8	a56	a50	0
12	0.820606536165574	a6	a10	a34	0
12	0.820707702884386	a7	a14	a35	0
12	0.820816714081395	a7	a17	a35	1
12	0.820937356746075	a7	a15	a35	2
12	0.820954398198709	a7	a16	a35	3
13	0.836528662910827	a7	a14
13	0.840047046631657	a7	a17
13	0.841234267831836	a7	a16
13	0.841337328045385	a7	a15
13	0.841962451807885	a6	a10
12	0.842013305666539	a6	a10	a36	0
12	0.842093373443995	a7	a14	a37	0
12	0.842466932905705	a7	a17	a37	1
12	0.84249263033428	a7	a16	a37	2
12	0.842528606734286	a7	a15	a37	3
13	0.842547271182409	a7	a14
13	0.844006614626238	a7	a15
13	0.845768917228007	a7	a16
13	0.845994784100221	a7	a17
13	0.846111910274675	a6	a10
12	0.848158507586261	a6	a10	a38	0
12	0.848223968404316	a7	a14	a39	0
12	0.848356242536666	a7	a15	a39	1
12	0.848373013490052	a7	a17	a39	2
12	0.848506369619396	a7	a16	a39	3
13	0.849706845282734	a7	a14
13	0.8501458655625	a7	a15
13	0.850210785382058	a7	a17
13	0.850247843779056	a7	a16
13	0.85040906133096	a6	a10
12	0.850459374191118	a6	a10	a40	0
12	0.850524835009173	a7	a14	a41	0
12	0.85088270551449	a7	a15	a41	1
12	0.850905427451336	a7	a17	a41	2
12	0.850936534864874	a7	a16	a41	3
13	0.850984142732551	a7	a14
13	0.852125379060542	a7	a15
13	0.852182724901152	a7	a17
13	0.852217619304165	a7	a16
13	0.852389115827499	a6	a10
12	0.852586580278656	a8	a57	a49	0
13	0.859492967082703	a8	a57
12	0.859597920790989	a8	a57	a54	0
12	0.861395658794267	a8	a58	a53	0
13	0.872025738248498	a8	a58
12	0.872073887114671	a8	a58	a52	0
13	0.876533337719853	a8	a58
12	0.876562010640158	a8	a58	a51	0
13	0.878954846989391	a8	a58
13	0.881545688788277	a8	a57
13	0.881603575627383	a8	a56
13	0.881751268216879	a8	a55
12	0.882034210430455	a8	a55	a46	0
12	0.882055309371812	a8	a56	a48	0
13	0.904493763005263	a8	a56
12	0.904610077681973	a6	a10	a20	0
12	0.904670669513561	a7	a14	a21	0
12	0.904822690091027	a7	a16	a21	1
12	0.904895454388782	a7	a15	a21	2
13	0.905118616268515	a7	a14
12	0.905148100686565	a7	a17	a21	3
13	0.905891162121263	a7	a16
13	0.905936335495706	a7	a15
13	0.906143537919797	a7	a17
13	0.906268238073199	a6	a10
12	0.906425668635629	a8	a56	a44	0
12	0.906445144581497	a8	a57	a43	0
12	0.906570656232643	a6	a10	a22	0
12	0.9066799379289	a7	a14	a23	0
12	0.906764063195079	a7	a17	a23	1
12	0.906950978175558	a7	a16	a23	2
12	0.907092990280842	a7	a15	a23	3
13	0.907106785742499	a7	a14
12	0.907165213580101	a7	a14	a23	4
13	0.907389998455323	a7	a17
12	0.90744193431097	a7	a17	a23	5
13	0.907533633556097	a7	a16
12	0.907593684389188	a7	a16	a23	6
13	0.907602881363626	a7	a14
12	0.907659145207243	a7	a14	a23	7
13	0.907688629625293	a7	a15
12	0.907768697402749	a7	a15	a23	8
13	0.907913684999763	a7	a17
12	0.907962915862928	a7	a17	a23	9
13	0.908064894079485	a7	a16
13	0.908073550055426	a7	a14
12	0.908129813899043	a7	a14	a23	10
12	0.908133059890021	a7	a16	a23	11
13	0.908261547032898	a7	a15
12	0.908329712843434	a7	a15	a23	12
13	0.908395714659986	a7	a17
12	0.908444404524655	a7	a17	a23	13
13	0.90857451466302	a7	a14
13	0.908588039625428	a7	a16
12	0.908614007553252	a7	a14	a23	14
12	0.90865241844649	a7	a16	a23	15
13	0.908797135544257	a7	a15
13	0.908887482293142	a7	a17
13	0.909032740389405	a7	a14
13	0.909089545231519	a7	a16
13	0.909219925869132	a6	a10
12	0.909364913466147	a6	a10	a24	0
12	0.90949096611579	a7	a14	a25	0
13	0.909522344028576	a7	a14
12	0.909547229959407	a7	a14	a25	1
13	0.909579689869186	a7	a14
12	0.90959537882558	a7	a14	a25	2
13	0.909633248720322	a7	a14
12	0.909648937676716	a7	a14	a25	3
13	0.90967923359251	a7	a14
13	0.909813942218094	a6	a10
12	0.909844238133888	a6	a10	a26	0
12	0.909923223914351	a7	a14	a27	0
13	0.909973536774509	a7	a14
12	0.909991389724887	a7	a14	a27	1
13	0.910027095625645	a7	a14
12	0.910050899559483	a7	a14	a27	2
13	0.91008660546024	a7	a14
12	0.910120688365508	a7	a14	a27	3
13	0.910156935264762	a7	a14
13	0.910615160991147	a6	a10
12	0.910743377634775	a6	a10	a22	0
12	0.91080883845283	a7	a14	a23	0
12	0.910907841177657	a7	a16	a23	1
12	0.91102063936414	a7	a17	a23	2
12	0.911070411225802	a7	a15	a23	3
13	0.911210259337101	a7	a14
12	0.911270851168689	a7	a14	a23	4
13	0.911422330747659	a7	a16
13	0.911495095045414	a7	a15
12	0.911498611535641	a7	a16	a23	5
13	0.911508620007823	a7	a17
12	0.911561637860462	a7	a17	a23	6
12	0.911601130750694	a7	a15	a23	7
13	0.911673354049953	a7	a14
12	0.911731240889059	a7	a14	a23	8
13	0.911927082344728	a7	a16
12	0.911994166158271	a7	a16	a23	9
13	0.912015535598876	a7	a17
13	0.912037175538729	a7	a15
12	0.912065307460538	a7	a17	a23	10
12	0.912094521379339	a7	a15	a23	11
13	0.912139694753782	a7	a14
12	0.912194876600407	a7	a14	a23	12
13	0.912471326832027	a7	a16
13	0.912499188254588	a7	a17
13	0.912522992188426	a7	a15
12	0.912537599147827	a7	a17	a23	13
12	0.912561132582417	a7	a16	a23	14
12	0.912603600964378	a7	a15	a23	15
13	0.912611445442575	a7	a14
13	0.912946594011046	a7	a17
13	0.91300042336143	a7	a16
13	0.913084548627608	a7	a15
13	0.913216822759959	a6	a10
13	0.913273086603577	a8	a57
12	0.913294185544933	a6	a10	a28	0
12	0.913352613382536	a7	a14	a29	0
13	0.913392106272768	a7	a14
12	0.913407795229161	a7	a14	a29	1
13	0.913447288119392	a7	a14
12	0.913463518074282	a7	a14	a29	2
13	0.91350355196301	a7	a14
12	0.913519240919403	a7	a14	a29	3
13	0.913560356805124	a7	a14
12	0.913610128666785	a7	a14	a29	4
12	0.913629334113405	a7	a17	a29	5
12	0.913646916564535	a7	a16	a29	6
13	0.913646916564535	a7	a14
12	0.91370209841116	a7	a14	a29	7
12	0.913723467851765	a7	a15	a29	8
13	0.913750247277333	a7	a14
13	0.91375214077207	a7	a17
13	0.913761067247259	a7	a16
12	0.913813003102906	a7	a14	a29	9
13	0.913817601590125	a7	a15
12	0.913845192513437	a7	a17	a29	10
13	0.913856823981108	a7	a14
12	0.913880627914946	a7	a16	a29	11
13	0.913916604314952	a7	a17
12	0.913923096296908	a7	a15	a29	12
13	0.913972597659321	a7	a16
12	0.913973138657817	a7	a14	a29	13
13	0.913979901139021	a7	a15
12	0.91398747511797	a7	a17	a29	14
12	0.914045091457828	a7	a16	a29	15
13	0.914065108402192	a7	a14
13	0.914077821866856	a7	a17
13	0.914110011277387	a7	a16
13	0.91433452565336	a6	a10
13	0.914368067560132	a8	a56
12	0.914599614916558	a8	a56	a42	0
12	0.914671567716569	a6	a10	a30	0
12	0.914892295103068	a7	a14	a31	0
13	0.914974526874509	a7	a14
12	0.914994543818873	a7	a14	a31	1
13	0.915072447602344	a7	a14
12	0.915119514471524	a7	a14	a31	2
12	0.915148998889573	a7	a17	a31	3
13	0.915194172264016	a7	a14
12	0.915232042158759	a7	a14	a31	4
12	0.915278838528691	a7	a15	a31	5
12	0.915305076955762	a7	a16	a31	6
13	0.915307781948244	a7	a14
13	0.915343217349753	a7	a17
12	0.915352143824942	a7	a14	a31	7
13	0.915393530209911	a7	a15
12	0.915402727184348	a7	a17	a31	8
13	0.915440867578339	a7	a14
12	0.915477384976841	a7	a15	a31	9
13	0.915478737473082	a7	a16
13	0.915522287852035	a7	a17
12	0.915549067277603	a7	a14	a31	10
13	0.915575846703171	a7	a15
12	0.915577740197908	a7	a16	a31	11
12	0.915596945644528	a7	a17	a31	12
13	0.915643201015963	a7	a14
12	0.915694325373866	a7	a15	a31	13
13	0.91569513687161	a7	a16
12	0.915718940805448	a7	a14	a31	14
13	0.915732736267105	a7	a17
13	0.915780344134781	a7	a15
12	0.915789811608467	a7	a16	a31	15
13	0.915794680594934	a7	a14
13	0.915872043379908	a7	a16
13	0.91603055593933	a6	a10
13	0.916159854579951	a8	a56
12	0.916190150495745	a8	a56	a45	0
12	0.91620259346116	a6	a10	a32	0
12	0.916261021298763	a7	a14	a33	0
13	0.916277251253653	a7	a14
12	0.916297809196513	a7	a14	a33	1
13	0.916313498152906	a7	a14
12	0.916329728107796	a7	a14	a33	2
13	0.916346499061182	a7	a14
12	0.916362458516824	a7	a17	a33	3
12	0.916387073948406	a7	a14	a33	4
13	0.916402762904799	a7	a14
13	0.916416017367959	a7	a17
12	0.916436304811571	a7	a14	a33	5
13	0.916452534766461	a7	a14
12	0.9164982491394	a7	a15	a33	6
12	0.916519348080757	a7	a17	a33	7
13	0.916533955040158	a7	a15
13	0.916536660032639	a7	a17
12	0.91653801252888	a7	a14	a33	8
13	0.916569390441667	a7	a14
12	0.91660563734092	a7	a16	a33	9
13	0.916629982273255	a7	a16
12	0.916650810715363	a7	a15	a33	11
12	0.916668663665742	a7	a17	a33	10
13	0.916668663665742	a7	a15
12	0.916672180155968	a7	a14	a33	12
12	0.916699230080784	a7	a16	a33	13
13	0.91670274657101	a7	a17
13	0.916761985906357	a7	a16
13	0.916765772895831	a7	a14
12	0.916788224333429	a7	a15	a33	14
13	0.916850439160506	a7	a15
12	0.916850709659754	a7	a14	a33	15
13	0.916906973503372	a7	a14
13	0.917076847031217	a6	a10
13	0.917114175927463	a8	a56
12	0.917458250971124	a8	a56	a50	0
12	0.919831611374488	a6	a10	a34	0
12	0.919925204114352	a7	a14	a35	0
12	0.91999607491737	a7	a16	a35	1
12	0.920141874012129	a7	a15	a35	2
12	0.920164054950478	a7	a17	a35	3
13	0.933227275141917	a7	a14
13	0.938697851936725	a7	a16
13	0.939964058917367	a7	a15
13	0.940131768451227	a7	a17
13	0.940760138204705	a6	a10
12	0.940816402048322	a6	a10	a36	0
12	0.940888354848333	a7	a14	a37	0
12	0.941158854096494	a7	a16	a37	1
12	0.941327916126595	a7	a17	a37	2
12	0.941371737004797	a7	a15	a37	3
13	0.94204500963347	a7	a14
13	0.943307429624637	a7	a15
13	0.944531709221814	a7	a17
13	0.944669393339128	a7	a16
13	0.944795445988771	a6	a10
12	0.946813370380052	a6	a10	a38	0
12	0.94687829019961	a7	a14	a39	0
12	0.946997850867298	a7	a16	a39	1
12	0.947270243610196	a7	a15	a39	2
12	0.94732704845231	a7	a17	a39	3
13	0.948298952250952	a7	a14
13	0.94868468417883	a7	a16
13	0.948900272079614	a7	a15
13	0.949001979796922	a7	a17
13	0.949119105971376	a6	a10
12	0.949166713839052	a6	a10	a40	0
12	0.94923920763756	a7	a14	a41	0
12	0.949325767396971	a7	a16	a41	1
12	0.949484009457145	a7	a15	a41	2
12	0.949613849096263	a7	a17	a41	3
13	0.949713122320338	a7	a14
13	0.950509472106924	a7	a16
13	0.950698010082892	a7	a15
13	0.950898179526531	a7	a17
13	0.951020715685948	a6	a10
12	0.951210606158157	a8	a57	a49	0
13	0.958397230183298	a8	a57
12	0.958451330032931	a8	a57	a54	0
12	0.960250691031698	a8	a58	a53	0
13	0.97072604491598	a8	a58
12	0.970779603767116	a8	a58	a52	0
13	0.9751800855362	a8	a58
12	0.975218496429438	a8	a58	a51	0
13	0.977641628694465	a8	a58
13	0.98018702661966	a8	a57
13	0.980240044472299	a8	a56
13	0.980398557031722	a8	a55
12	0.980703680183647	a8	a55	a46	0
12	0.980723697128011	a8	a56	a48	0
13	1.0038778917721	a8	a56
12	1.00398825546535	a6	a10	a20	0
12	1.00407373322776	a7	a14	a21	0
12	1.00417354745034	a7	a15	a21	1
12	1.00452925396167	a7	a16	a21	2
13	1.00453790993761	a7	a14
12	1.00461581372108	a7	a14	a21	3
13	1.00538700707759	a7	a15
13	1.00546355836482	a7	a14
13	1.00560746396484	a7	a16
13	1.00574433658441	a6	a10
12	1.00591150511977	a8	a56	a44	0
12	1.00593855504459	a8	a57	a43	0
12	1.00606027970626	a6	a10	a22	0
12	1.0061284455168	a7	a14	a23	0
12	1.00625828515591	a7	a16	a23	1
12	1.00639705127022	a7	a17	a23	2
12	1.00643059317699	a7	a15	a23	3
13	1.00654988334543	a7	a14
12	1.00660398319506	a7	a14	a23	4
13	1.00687664643721	a7	a16
12	1.00694805823872	a7	a16	a23	5
13	1.00701406005528	a7	a14
13	1.00703110150791	a7	a15
12	1.00705030695453	a7	a14	a23	6
13	1.00709439833198	a7	a17
12	1.00709926731845	a7	a15	a23	7
12	1.00715444916507	a7	a17	a23	8
13	1.00741548093955	a7	a16
13	1.00746525280121	a7	a14
12	1.00747607277113	a7	a16	a23	9
12	1.00752151664483	a7	a14	a23	10
13	1.00757426399822	a7	a15
12	1.00764783979372	a7	a15	a23	11
13	1.00771113661779	a7	a17
12	1.00776090847945	a7	a17	a23	12
13	1.00793538049451	a7	a14
13	1.00793808548699	a7	a16
12	1.00797325038925	a7	a14	a23	13
12	1.00801544827197	a7	a16	a23	14
13	1.00808280258476	a7	a15
12	1.00815583738176	a7	a15	a23	15
13	1.00821751121034	a7	a17
13	1.00841254116827	a7	a14
13	1.00850775690362	a7	a16
13	1.00864544102093	a7	a15
13	1.0087760921578	a6	a10
12	1.00894921167662	a6	a10	a24	0
12	1.00902278747212	a7	a14	a25	0
13	1.00905091939393	a7	a14
12	1.00906714934882	a7	a14	a25	1
13	1.0090996092586	a7	a14
12	1.00913856115033	a7	a14	a25	2
12	1.00915316810973	a7	a16	a25	3
13	1.00916615207364	a7	a14
13	1.00930140169772	a7	a16
13	1.00949940714738	a6	a10
12	1.00954322802558	a6	a10	a26	0
12	1.00962600079552	a7	a14	a27	0
13	1.00967523165868	a7	a14
12	1.00969146161357	a7	a14	a27	1
13	1.00972662651583	a7	a14
12	1.0097753163805	a7	a14	a27	2
12	1.00981507976998	a7	a15	a27	3
13	1.00981589126773	a7	a14
13	1.01006177508431	a7	a15
13	1.0101880982332	a6	a10
12	1.01033362682871	a6	a10	a22	0
12	1.0104088256197	a7	a14	a23	0
12	1.01053406677159	a7	a17	a23	1
12	1.01063009400469	a7	a16	a23	2
12	1.01065470943627	a7	a15	a23	3
13	1.01080700051299	a7	a14
12	1.01086705134608	a7	a14	a23	4
13	1.01102637540325	a7	a17
12	1.01107506526792	a7	a17	a23	5
13	1.01109778720476	a7	a15
13	1.011099139701	a7	a16
12	1.01116757601079	a7	a15	a23	6
12	1.01118407646492	a7	a16	a23	7
13	1.01127117722283	a7	a14
12	1.01132690006795	a7	a14	a23	8
13	1.01155925892212	a7	a17
13	1.01161849825747	a7	a16
12	1.01162363774319	a7	a17	a23	9
13	1.01162850672965	a7	a15
12	1.011687746065	a7	a16	a23	10
12	1.01170803350861	a7	a15	a23	11
13	1.01177105983343	a7	a14
12	1.01182570068156	a7	a14	a23	12
13	1.01207158449814	a7	a17
12	1.0121213563598	a7	a17	a23	13
13	1.0121297418365	a7	a16
13	1.01214137330417	a7	a15
12	1.01219844864553	a7	a16	a23	14
12	1.01221819509064	a7	a15	a23	15
13	1.01226228646809	a7	a14
13	1.01256768011927	a7	a17
13	1.01261231249522	a7	a16
13	1.01263800992379	a7	a15
13	1.01286766378548	a6	a10
13	1.01293204260654	a8	a57
12	1.01295692853737	a6	a10	a28	0
12	1.01302779934039	a7	a14	a29	0
13	1.01306891522611	a7	a14
12	1.0130846041825	a7	a14	a29	1
13	1.01312085108176	a7	a14
12	1.01313599903965	a7	a14	a29	2
13	1.01317170494041	a7	a14
12	1.01321065683215	a7	a14	a29	3
12	1.01322932128027	a7	a17	a29	4
13	1.0132463627329	a7	a14
12	1.01328964261261	a7	a14	a29	5
12	1.01332129102464	a7	a15	a29	6
13	1.01332534851337	a7	a14
13	1.01336024291638	a7	a17
13	1.01339648981563	a7	a15
12	1.01340217029985	a7	a14	a29	7
12	1.01344166319008	a7	a16	a29	8
13	1.01344328618557	a7	a14
12	1.01349522204121	a7	a14	a29	10
12	1.01350793550588	a7	a17	a29	9
12	1.01351713248031	a7	a15	a29	11
13	1.01352822294949	a7	a16
13	1.01354391190588	a7	a14
13	1.01356203535551	a7	a17
12	1.01358989677807	a7	a16	a29	12
13	1.01359449526529	a7	a15
12	1.01364967711191	a7	a17	a29	14
12	1.01367591553898	a7	a14	a29	13
13	1.01368240752094	a7	a16
13	1.01370702295252	a7	a17
12	1.01373407287734	a7	a15	a29	15
13	1.01376355729539	a7	a14
13	1.01377789375554	a7	a15
13	1.01394479179166	a6	a10
13	1.01397725170144	a8	a56
12	1.01420230707591	a8	a56	a42	0
12	1.01427750586689	a6	a10	a30	0
12	1.01446090435715	a7	a14	a31	0
13	1.01454259513009	a7	a14
12	1.01455882508498	a7	a14	a31	1
13	1.01464267985191	a7	a14
12	1.0146594508053	a7	a14	a31	2
13	1.01473627259178	a7	a14
12	1.01473654309102	a7	a17	a31	3
12	1.01477576548201	a7	a14	a31	4
12	1.01482229135269	a7	a16	a31	5
13	1.0148504232745	a7	a14
12	1.0148947851512	a7	a14	a31	6
12	1.01491128560534	a7	a15	a31	7
13	1.01494022902489	a7	a16
13	1.01495077849557	a7	a17
13	1.01497268893467	a7	a14
12	1.01502164929859	a7	a17	a31	8
13	1.0150335512655	a7	a15
12	1.01504842872415	a7	a14	a31	9
12	1.01506249468506	a7	a16	a31	10
13	1.01511361904296	a7	a17
12	1.01513309498883	a7	a15	a31	11
13	1.01513336548808	a7	a14
13	1.01516041541289	a7	a16
12	1.01516907138883	a7	a14	a31	12
12	1.01518827683545	a7	a17	a31	13
13	1.01522073674523	a7	a15
12	1.01523777819787	a7	a16	a31	14
13	1.01527267260088	a7	a17
12	1.01528295157231	a7	a15	a31	15
13	1.01528809105802	a7	a14
13	1.0153362399242	a7	a16
13	1.01539169227007	a7	a15
13	1.01559916519341	a6	a10
13	1.01569924991523	a8	a56
12	1.0157322508235	a8	a56	a45	0
12	1.01574415279042	a6	a10	a32	0
12	1.01581881058292	a7	a14	a33	0
13	1.01583395854081	a7	a14
12	1.01585559848067	a7	a14	a33	1
13	1.01587236943405	a7	a14
12	1.01588805839044	a7	a14	a33	2
13	1.01590482934383	a7	a14
12	1.01592105929872	a7	a14	a33	3
13	1.01593783025211	a7	a14
12	1.01597570014685	a7	a14	a33	4
12	1.01599084810475	a7	a16	a33	5
13	1.01599247110023	a7	a14
13	1.01603791497393	a7	a16
12	1.01604711194836	a7	a14	a33	6
13	1.01606388290175	a7	a14
12	1.01606794039047	a7	a15	a33	7
13	1.01610364629123	a7	a15
12	1.01611690075439	a7	a14	a33	8
12	1.01613475370477	a7	a16	a33	9
13	1.01614340968071	a7	a14
13	1.01615152465815	a7	a16
12	1.01618804205666	a7	a15	a33	10
13	1.01621238698899	a7	a15
12	1.01623754341907	a7	a14	a33	11
13	1.01629705325366	a7	a14
12	1.01632058668825	a7	a17	a33	13
12	1.01632356217998	a7	a16	a33	12
12	1.01634466112134	a7	a14	a33	14
13	1.01634790711232	a7	a16
12	1.01636657156044	a7	a15	a33	15
13	1.01637144054691	a7	a17
13	1.01637225204465	a7	a14
13	1.01638388351232	a7	a15
13	1.01663680030935	a6	a10
13	1.01668332618004	a8	a56
12	1.01706310712446	a8	a56	a50	0
12	1.01943322153684	a6	a10	a34	0
12	1.01953330625866	a7	a14	a35	0
12	1.01982138795795	a7	a15	a35	1
12	1.01986629083315	a7	a17	a35	2
12	1.01997151504068	a7	a16	a35	3
13	1.03063080841372	a7	a14
13	1.03810443214116	a7	a17
13	1.03831325756074	a7	a15
13	1.03877608177434	a7	a16
13	1.03907308994882	a6	a10
12	1.0391055498586	a6	a10	a36	0
12	1.0391791256541	a7	a14	a37	0
12	1.03942825546166	a7	a17	a37	1
12	1.03964627785567	a7	a15	a37	2
12	1.03966169631282	a7	a16	a37	3
13	1.04001064034295	a7	a14
13	1.04129442977472	a7	a16
13	1.04335211755548	a7	a15
13	1.04350035114347	a7	a17
13	1.04361098533597	a6	a10
12	1.04558562984754	a6	a10	a38	0
12	1.04570194452425	a7	a14	a39	0
12	1.04579959475284	a7	a17	a39	1
12	1.04610228341153	a7	a16	a39	2
12	1.04615935875289	a7	a15	a39	3
13	1.04702089885829	a7	a14
13	1.04754377390498	a7	a17
13	1.04784051158021	a7	a16
13	1.04790732489451	a7	a15
13	1.04803797603137	a6	a10
12	1.04808504290055	a6	a10	a40	0
12	1.04818296362839	a7	a14	a41	0
12	1.04846861083444	a7	a16	a41	1
12	1.04854029313521	a7	a15	a41	2
12	1.04860467195627	a7	a17	a41	3
13	1.04866228829613	a7	a14
13	1.04978945866321	a7	a15
13	1.04978972916246	a7	a16
13	1.04996366017903	a7	a17
13	1.05013001721665	a6	a10
12	1.05031990768886	a8	a57	a49	0
13	1.05904567243604	a8	a57
12	1.05909598529619	a8	a57	a54	0
12	1.06094511815662	a8	a58	a53	0
13	1.07147024390257	a8	a58
12	1.07150865479581	a8	a58	a52	0
13	1.07581662582202	a8	a58
12	1.07584692173781	a8	a58	a51	0
13	1.07823975808704	a8	a58
13	1.08084899383481	a8	a57
13	1.08089822469797	a8	a56
13	1.08105024527544	a8	a55
12	1.0813494174439	a8	a55	a46	0
12	1.08136943438827	a8	a56	a48	0
13	1.10492504991662	a8	a56
12	1.10502621663544	a6	a10	a20	0
12	1.10512089137229	a7	a14	a21	0
12	1.10525424750164	a7	a17	a21	1
12	1.10530510136029	a7	a15	a21	2
12	1.10537678366105	a7	a16	a21	3
13	1.10557046112274	a7	a14
13	1.10562915945959	a7	a17
13	1.10636194192285	a7	a16
13	1.1063632944191	a7	a15
13	1.10652748746273	a6	a10
12	1.10668437702666	a8	a56	a44	0
12	1.10670601696652	a8	a57	a43	0
12	1.10683152861766	a6	a10	a22	0
12	1.10690726840715	a7	a14	a23	0
12	1.1069946396643	a7	a17	a23	1
12	1.10709093739665	a7	a15	a23	2
12	1.10713881576357	a7	a16	a23	3
13	1.10733141122826	a7	a14
12	1.10739038006436	a7	a14	a23	4
13	1.1076130009456	a7	a17
12	1.10766872379072	a7	a17	a23	5
13	1.10767413377568	a7	a15
12	1.10774338158321	a7	a15	a23	6
13	1.10775880004036	a7	a16
12	1.10784265480729	a7	a16	a23	7
13	1.10793191955918	a7	a14
12	1.10798710140581	a7	a14	a23	8
13	1.108069062678	a7	a17
12	1.10812532652162	a7	a17	a23	9
13	1.10843207266903	a7	a15
13	1.10843396616377	a7	a14
12	1.1084729180555	a7	a14	a23	10
12	1.10851592743596	a7	a15	a23	11
13	1.108546493851	a7	a16
13	1.10858517524349	a7	a17
12	1.10862412713522	a7	a17	a23	12
12	1.10863900459387	a7	a16	a23	13
13	1.10891870081647	a7	a14
12	1.10897496466009	a7	a14	a23	14
13	1.10900769506912	a7	a15
13	1.10907288538792	a7	a16
12	1.10907748387514	a7	a15	a23	15
13	1.10908127086462	a7	a17
13	1.10938612351729	a7	a14
13	1.10956492352033	a7	a15
13	1.10969286966471	a6	a10
12	1.10983298827526	a6	a10	a24	0
12	1.10990548207376	a7	a14	a25	0
13	1.10995363093994	a7	a14
12	1.10996986089483	a7	a14	a25	1
13	1.11000069780912	a7	a14
12	1.11001584576701	a7	a14	a25	2
13	1.1100466826813	a7	a14
12	1.1100623716377	a7	a14	a25	3
13	1.11009429054898	a7	a14
13	1.11046487451896	a6	a10
12	1.11051085939115	a6	a10	a26	0
12	1.11058281219116	a7	a14	a27	0
13	1.11062663306936	a7	a14
12	1.11064773201072	a7	a14	a27	1
13	1.11068992989343	a7	a14
12	1.11070561884982	a7	a14	a27	2
13	1.11074024275359	a7	a14
12	1.11077432565886	a7	a14	a27	3
13	1.1108116545551	a7	a14
13	1.11114653262433	a6	a10
12	1.11126555229352	a6	a10	a22	0
12	1.11133696409503	a7	a14	a23	0
12	1.11150791961987	a7	a16	a23	1
12	1.11154660101236	a7	a15	a23	2
12	1.11162991478079	a7	a17	a23	3
13	1.11174974594773	a7	a14
12	1.11180655078984	a7	a14	a23	4
13	1.11201510571017	a7	a15
13	1.11202890117183	a7	a16
12	1.11209246849515	a7	a15	a23	5
12	1.11211059194477	a7	a16	a23	6
13	1.11211573143049	a7	a17
12	1.1121730772711	a7	a17	a23	7
13	1.11221067666659	a7	a14
12	1.11225449754479	a7	a14	a23	8
13	1.11257476865462	a7	a16
13	1.11261994202906	a7	a17
12	1.11264618045613	a7	a16	a23	9
13	1.11264942644711	a7	a14
13	1.1126724188832	a7	a15
12	1.11269757531328	a7	a14	a23	10
12	1.11270974777945	a7	a17	a23	11
12	1.11274815867269	a7	a15	a23	12
13	1.11308060224868	a7	a16
13	1.11312496412538	a7	a14
12	1.11315796503365	a7	a16	a23	13
13	1.11317608848328	a7	a17
13	1.11318095746975	a7	a15
12	1.11319204793892	a7	a14	a23	14
12	1.11322964733441	a7	a17	a23	15
13	1.11357128788484	a7	a16
13	1.11360374779462	a7	a14
13	1.11373656292547	a7	a17
13	1.11386613206534	a6	a10
13	1.11393321587888	a8	a57
12	1.11395539681723	a6	a10	a28	0
12	1.11402572662175	a7	a14	a29	0
13	1.11408307246236	a7	a14
12	1.11409876141876	a7	a14	a29	1
13	1.11413879530748	a7	a14
12	1.11415448426388	a7	a14	a29	2
13	1.1141945181526	a7	a14
12	1.11425294599021	a7	a14	a29	3
12	1.11426322496164	a7	a16	a29	4
13	1.11429352087743	a7	a14
12	1.11430136535563	a7	a15	a29	5
12	1.11433680075714	a7	a14	a29	6
13	1.1143860316203	a7	a16
12	1.11438900711203	a7	a17	a29	7
13	1.11442498351204	a7	a14
13	1.1144371559782	a7	a15
13	1.11447502587295	a7	a17
12	1.11449531331656	a7	a16	a29	8
12	1.11453588820378	a7	a14	a29	9
12	1.11454751967145	a7	a15	a29	10
13	1.11456077413461	a7	a16
12	1.11456645461883	a7	a17	a29	11
13	1.11460784100379	a7	a14
13	1.11460811150304	a7	a15
13	1.11462163646545	a7	a17
12	1.11462893994515	a7	a16	a29	12
13	1.11468520378877	a7	a16
12	1.11469521226095	a7	a17	a29	13
12	1.11472956566547	a7	a14	a29	14
12	1.11475850908502	a7	a15	a29	15
13	1.1147685175572	a7	a14
13	1.11478231301886	a7	a17
13	1.1148196419151	a7	a15
13	1.11501358987604	a6	a10
13	1.11502549184295	a8	a56
12	1.11526190818585	a8	a56	a42	0
12	1.11532304101593	a6	a10	a30	0
12	1.1154160927573	a7	a14	a31	0
13	1.11550102952122	a7	a14
12	1.1155329484325	a7	a14	a31	1
12	1.11556135085356	a7	a15	a31	2
13	1.11561139321447	a7	a14
12	1.11566928005358	a7	a14	a31	3
13	1.11574988882953	a7	a14
13	1.1157615202972	a7	a15
12	1.11581399715134	a7	a17	a31	4
12	1.11584618656188	a7	a16	a31	5
12	1.11587431848368	a7	a14	a31	6
12	1.11588594995136	a7	a15	a31	7
13	1.11593896780399	a7	a17
13	1.11596520623107	a7	a16
13	1.11598603467317	a7	a15
12	1.11599090365964	a7	a17	a31	8
13	1.11599604314536	a7	a14
13	1.11606772544612	a7	a17
12	1.11608801288973	a7	a16	a31	9
12	1.11611506281455	a7	a14	a31	10
12	1.1161440062341	a7	a15	a31	11
12	1.11616294118147	a7	a17	a31	12
13	1.11617078565967	a7	a16
13	1.11619945857997	a7	a14
13	1.11623597597848	a7	a15
13	1.11624030396645	a7	a17
12	1.11624652544915	a7	a16	a31	13
12	1.11629575631232	a7	a14	a31	14
12	1.11632956871834	a7	a15	a31	15
13	1.11636554511834	a7	a16
13	1.11640882499805	a7	a14
13	1.11641991546722	a7	a15
13	1.11658951849582	a6	a10
13	1.11670529217403	a8	a56
12	1.11673504709133	a8	a56	a45	0
12	1.11675344104021	a6	a10	a32	0
12	1.11689031365978	a7	a14	a33	0
13	1.11691303559662	a7	a14
12	1.11692926555151	a7	a14	a33	1
13	1.11694495450791	a7	a14
12	1.1169611844628	a7	a14	a33	2
13	1.11697741441768	a7	a14
12	1.11699364437257	a7	a14	a33	3
13	1.11701041532596	a7	a14
12	1.11704287523574	a7	a14	a33	4
13	1.11705856419213	a7	a14
12	1.11710238507034	a7	a14	a33	5
13	1.11711861502522	a7	a14
12	1.11714972243876	a7	a15	a33	6
12	1.11716784588839	a7	a14	a33	7
13	1.11718353484478	a7	a14
12	1.11718515784027	a7	a16	a33	8
13	1.11720003529892	a7	a15
13	1.11723222470945	a7	a16
12	1.11728605405984	a7	a17	a33	9
12	1.1173133744839	a7	a14	a33	10
13	1.11732716994556	a7	a17
12	1.11734285890195	a7	a15	a33	11
12	1.11736044135308	a7	a16	a33	12
13	1.11736395784331	a7	a15
13	1.11737342531699	a7	a14
13	1.11737721230647	a7	a16
12	1.11741318870647	a7	a17	a33	13
13	1.11746133757264	a7	a17
12	1.11746891155159	a7	a15	a33	14
12	1.11749136298919	a7	a14	a33	15
13	1.11749487947942	a7	a15
13	1.11750813394258	a7	a14
13	1.11771209037569	a6	a10
13	1.11774996027043	a8	a56
12	1.11809511731109	a8	a56	a50	0
12	1.1205934483671	a6	a10	a34	0
12	1.12068758210546	a7	a14	a35	0
12	1.12075655941374	a7	a15	a35	1
12	1.12107953551605	a7	a17	a35	2
12	1.12111983990402	a7	a16	a35	3
13	1.13516794785802	a7	a14
13	1.13945563144062	a7	a15
13	1.14069830498667	a7	a17
13	1.14122604901983	a7	a16
13	1.14154632012965	a6	a10
12	1.1415977149868	a6	a10	a36	0
12	1.14165235583493	a7	a14	a37	0
12	1.14176028503495	a7	a15	a37	1
12	1.14193394555227	a7	a17	a37	2
12	1.14205107172672	a7	a16	a37	3
13	1.14372275708036	a7	a16
13	1.1443346263797	a7	a14
13	1.14603471415439	a7	a17
13	1.14622081763712	a7	a15
13	1.14633794381158	a6	a10
12	1.14839049210662	a6	a10	a38	0
12	1.14851979074724	a7	a14	a39	0
12	1.14871157471419	a7	a17	a39	1
12	1.14881842191721	a7	a16	a39	2
12	1.14895286004355	a7	a15	a39	3
13	1.14993504281362	a7	a14
13	1.1504449338964	a7	a17
13	1.150578560525	a7	a15
13	1.15058694600169	a7	a16
13	1.15075519653405	a6	a10
12	1.15078603344834	a6	a10	a40	0
12	1.1508942331476	a7	a14	a41	0
12	1.15103949124386	a7	a17	a41	1
12	1.15127861257924	a7	a15	a41	2
12	1.15133839291308	a7	a16	a41	3
13	1.15135624586346	a7	a14
13	1.15224970488013	a7	a17
13	1.15248774421852	a7	a15
13	1.15256159051326	a7	a16
13	1.15270495511479	a6	a10
12	1.15291378053437	a8	a57	a49	0
13	1.15989536612941	a8	a57
12	1.15994784298355	a8	a57	a54	0
12	1.16244996102904	a8	a58	a53	0
13	1.17293342989077	a8	a58
12	1.17298428374942	a8	a58	a52	0
13	1.17729117277864	a8	a58
12	1.17732200969293	a8	a58	a51	0
13	1.17975217493841	a8	a58
13	1.18238250962753	a8	a57
13	1.18244851144408	a8	a56
13	1.18258754805763	a8	a55
12	1.18264489389824	a8	a55	a50	0
12	1.18719090426284	a6	a10	a34	0
12	1.18724879110194	a7	a14	a35	0
12	1.18752388883732	a7	a17	a35	1
12	1.1875861036644	a7	a15	a35	2
12	1.18771459080728	a7	a16	a35	3
13	1.19790051049603	a7	a14
13	1.20556781168515	a7	a17
13	1.20691084045227	a7	a16
13	1.20707882048538	a7	a15
13	1.20769312427795	a6	a10
12	1.20772179719826	a6	a10	a36	0
12	1.20779483199526	a7	a14	a37	0
12	1.20787679326745	a7	a17	a37	1
12	1.20808588918628	a7	a16	a37	2
12	1.20819490038329	a7	a15	a37	3
13	1.20977461599255	a7	a15
13	1.21076383174307	a7	a14
13	1.21246473101551	a7	a16
13	1.21281935552985	a7	a17
13	1.2129370227028	a6	a10
12	1.21691877163573	a6	a10	a38	0
12	1.21703670930793	a7	a14	a39	0
12	1.21731992202075	a7	a17	a39	1
12	1.21740242429144	a7	a16	a39	2
12	1.2174600406313	a7	a15	a39	3
13	1.2179672267216	a7	a14
13	1.21830237529007	a7	a17
13	1.21886312023151	a7	a16
13	1.21887421070069	a7	a15
13	1.21906274867665	a6	a10
12	1.21913416047817	a6	a10	a40	0
12	1.2193949217534	a7	a14	a41	0
12	1.21952340889627	a7	a15	a41	1
12	1.21958643522109	a7	a16	a41	2
12	1.21975712024668	a7	a17	a41	3
13	1.21986667244219	a7	a14
13	1.22074309000623	a7	a16
13	1.22088402011452	a7	a15
13	1.2209456939431	a7	a17
13	1.22110231300779	a6	a10
12	1.22129599046947	a8	a56	a49	0
13	1.22826459210059	a8	a56
12	1.22832356093669	a8	a56	a54	0
12	1.23017052980314	a8	a57	a53	0
13	1.24040946734453	a8	a57
12	1.24046356719416	a8	a57	a52	0
13	1.24464223957975	a8	a57
12	1.24467253549554	a8	a57	a51	0
13	1.24707456881921	a8	a57
13	1.24973465842563	a8	a56
13	1.24979308626323	a8	a55
