%EventDef PajeDefineContainerType 0 
%       Alias string 
%       Type string 
%       Name string 
%EndEventDef 
%EventDef PajeDefineVariableType 1 
%       Alias string 
%       Type string 
%       Name string 
%       Color color 
%EndEventDef 
%EventDef PajeDefineStateType 2 
%       Alias string 
%       Type string 
%       Name string 
%EndEventDef 
%EventDef PajeDefineEventType 3 
%       Alias string 
%       Type string 
%       Name string 
%       Color color 
%EndEventDef 
%EventDef PajeDefineLinkType 4 
%       Alias string 
%       Type string 
%       StartContainerType string 
%       EndContainerType string 
%       Name string 
%EndEventDef 
%EventDef PajeDefineEntityValue 5 
%       Alias string 
%       Type string 
%       Name string 
%       Color color 
%EndEventDef 
%EventDef PajeCreateContainer 6 
%       Time date 
%       Alias string 
%       Type string 
%       Container string 
%       Name string 
%EndEventDef 
%EventDef PajeDestroyContainer 7 
%       Time date 
%       Type string 
%       Name string 
%EndEventDef 
%EventDef PajeSetVariable 8 
%       Time date 
%       Type string 
%       Container string 
%       Value double 
%EndEventDef
%EventDef PajeAddVariable 9 
%       Time date 
%       Type string 
%       Container string 
%       Value double 
%EndEventDef
%EventDef PajeSubVariable 10 
%       Time date 
%       Type string 
%       Container string 
%       Value double 
%EndEventDef
%EventDef PajeSetState 11 
%       Time date 
%       Type string 
%       Container string 
%       Value string 
%EndEventDef
%EventDef PajePushState 12 
%       Time date 
%       Type string 
%       Container string 
%       Value string 
%       Id string 
%EndEventDef
%EventDef PajePopState 13 
%       Time date 
%       Type string 
%       Container string 
%EndEventDef
%EventDef PajeResetState 14 
%       Time date 
%       Type string 
%       Container string 
%EndEventDef
%EventDef PajeStartLink 15 
%       Time date 
%       Type string 
%       Container string 
%       Value string 
%       StartContainer string 
%       Key string 
%EndEventDef
%EventDef PajeEndLink 16 
%       Time date 
%       Type string 
%       Container string 
%       Value string 
%       EndContainer string 
%       Key string 
%EndEventDef
%EventDef PajeNewEvent 17 
%       Time date 
%       Type string 
%       Container string 
%       Value string 
%EndEventDef
0	a1	0	"Task Manager"
0	a2	a1	"Node"
0	a3	a1	"Thread"
0	a4	a1	"Jobs"
0	a5	a1	"Memory usage"
2	a6	a4	"Job"
2	a7	a3	"Task"
2	a8	a3	"Timer state"
6	0	a9	a1	0	"The task manager"
6	0	a10	a4	a9	"Jobs"
6	0	a11	a5	a9	"Memory"
1	a12	a1	"Memory [MB]"	"1.0 1.0 1.0"
6	0	a13	a2	a9	"Node 0"
6	0	a14	a3	a13	"Thread 0"
6	0	a15	a3	a13	"Thread 1"
6	0	a16	a3	a13	"Thread 2"
6	0	a17	a3	a13	"Thread 3"
5	a18	a6	"ngcore::ParallelFor<int,ngcore::EnterTaskManager()::{lambda(int)#1}>(ngcore::T_Range<int>,ngcore::EnterTaskManager()::{lambda(int)#1},int,ngcore::TotalCosts)::{lambda(ngcore::TaskInfo&)#1}"	"0.630615054310908 1 0"
5	a19	a7	"ngcore::ParallelFor<int,ngcore::EnterTaskManager()::{lambda(int)#1}>(ngcore::T_Range<int>,ngcore::EnterTaskManager()::{lambda(int)#1},int,ngcore::TotalCosts)::{lambda(ngcore::TaskInfo&)#1}"	"0.630615054310908 1 0"
5	a20	a6	"ngcore::ParallelForRange<netgen::ElementIndex,netgen::MeshOptimize3d::SwapImprove(netgen::Mesh&,netgen::OPTIMIZEGOAL,netgen::NgBitArray const*)::{lambda(auto:1)#1}>(ngcore::T_Range<netgen::ElementIndex>,netgen::MeshOptimize3d::SwapImprove(netgen::Mesh&,netgen::OPTIMIZEGOAL,netgen::NgBitArray const*)::{lambda(auto:1)#1},int,ngcore::TotalCosts)::{lambda(ngcore::TaskInfo&)#1}"	"0.708022642579866 0 1"
5	a21	a7	"ngcore::ParallelForRange<netgen::ElementIndex,netgen::MeshOptimize3d::SwapImprove(netgen::Mesh&,netgen::OPTIMIZEGOAL,netgen::NgBitArray const*)::{lambda(auto:1)#1}>(ngcore::T_Range<netgen::ElementIndex>,netgen::MeshOptimize3d::SwapImprove(netgen::Mesh&,netgen::OPTIMIZEGOAL,netgen::NgBitArray const*)::{lambda(auto:1)#1},int,ngcore::TotalCosts)::{lambda(ngcore::TaskInfo&)#1}"	"0.708022642579866 0 1"
5	a22	a6	"ngcore::ParallelForRange<netgen::ElementIndex,ngcore::CreateTable<netgen::ElementIndex,netgen::PointIndex,ngcore::T_Range<netgen::ElementIndex>,netgen::Mesh::CreatePoint2ElementTable(std::optional<ngcore::BitArray>)const::{lambda(auto:1&,netgen::ElementIndex)#1}>(ngcore::T_Range<netgen::ElementIndex>const&,netgen::Mesh::CreatePoint2ElementTable(std::optional<ngcore::BitArray>)const::{lambda(auto:1&,netgen::ElementIndex)#1}const&,std::optional<unsigned long>)::{lambda(auto:1)#1}>(ngcore::T_Range<netgen::ElementIndex>,ngcore::Table,int,ngcore::TotalCosts)::{lambda(ngcore::TaskInfo&)#1}"	"0 0.230008221284954 1"
5	a23	a7	"ngcore::ParallelForRange<netgen::ElementIndex,ngcore::CreateTable<netgen::ElementIndex,netgen::PointIndex,ngcore::T_Range<netgen::ElementIndex>,netgen::Mesh::CreatePoint2ElementTable(std::optional<ngcore::BitArray>)const::{lambda(auto:1&,netgen::ElementIndex)#1}>(ngcore::T_Range<netgen::ElementIndex>const&,netgen::Mesh::CreatePoint2ElementTable(std::optional<ngcore::BitArray>)const::{lambda(auto:1&,netgen::ElementIndex)#1}const&,std::optional<unsigned long>)::{lambda(auto:1)#1}>(ngcore::T_Range<netgen::ElementIndex>,ngcore::Table,int,ngcore::TotalCosts)::{lambda(ngcore::TaskInfo&)#1}"	"0 0.230008221284954 1"
5	a24	a6	"ngcore::TablePrefixSum2<unsigned int>(ngcore::FlatArray<unsigned int,unsigned long>)::{lambda(ngcore::TaskInfo)#1}"	"0 0.312895337658212 1"
5	a25	a7	"ngcore::TablePrefixSum2<unsigned int>(ngcore::FlatArray<unsigned int,unsigned long>)::{lambda(ngcore::TaskInfo)#1}"	"0 0.312895337658212 1"
5	a26	a6	"ngcore::TablePrefixSum2<unsigned int>(ngcore::FlatArray<unsigned int,unsigned long>)::{lambda(ngcore::TaskInfo)#2}"	"0 1 0.887517304832004"
5	a27	a7	"ngcore::TablePrefixSum2<unsigned int>(ngcore::FlatArray<unsigned int,unsigned long>)::{lambda(ngcore::TaskInfo)#2}"	"0 1 0.887517304832004"
5	a28	a6	"ngcore::ParallelForRange<netgen::PointIndex,ngcore::CreateSortedTable<netgen::ElementIndex,netgen::PointIndex,ngcore::T_Range<netgen::ElementIndex>,netgen::Mesh::CreatePoint2ElementTable(std::optional<ngcore::BitArray>)const::{lambda(auto:1&,netgen::ElementIndex)#1}>(ngcore::T_Range<netgen::ElementIndex>const&,netgen::Mesh::CreatePoint2ElementTable(std::optional<ngcore::BitArray>)const::{lambda(auto:1&,netgen::ElementIndex)#1}const&,std::optional<unsigned long>)::{lambda(auto:1)#1}>(ngcore::T_Range<netgen::PointIndex>,ngcore::Table,int,ngcore::TotalCosts)::{lambda(ngcore::TaskInfo&)#1}"	"0 0.170427812303051 1"
5	a29	a7	"ngcore::ParallelForRange<netgen::PointIndex,ngcore::CreateSortedTable<netgen::ElementIndex,netgen::PointIndex,ngcore::T_Range<netgen::ElementIndex>,netgen::Mesh::CreatePoint2ElementTable(std::optional<ngcore::BitArray>)const::{lambda(auto:1&,netgen::ElementIndex)#1}>(ngcore::T_Range<netgen::ElementIndex>const&,netgen::Mesh::CreatePoint2ElementTable(std::optional<ngcore::BitArray>)const::{lambda(auto:1&,netgen::ElementIndex)#1}const&,std::optional<unsigned long>)::{lambda(auto:1)#1}>(ngcore::T_Range<netgen::PointIndex>,ngcore::Table,int,ngcore::TotalCosts)::{lambda(ngcore::TaskInfo&)#1}"	"0 0.170427812303051 1"
5	a30	a6	"ngcore::ParallelFor<unsigned long,netgen::BuildEdgeList<netgen::ElementIndex>(netgen::Mesh const&,ngcore::Table<netgen::ElementIndex,netgen::PointIndex>const&,ngcore::Array<std::tuple<netgen::PointIndex,netgen::PointIndex>,unsigned long>&)::{lambda(int)#1}>(ngcore::T_Range<unsigned long>,netgen::BuildEdgeList<netgen::ElementIndex>(netgen::Mesh const&,ngcore::Table<netgen::ElementIndex,netgen::PointIndex>const&,ngcore::Array<std::tuple<netgen::PointIndex,netgen::PointIndex>,unsigned long>&)::{lambda(int)#1},int,ngcore::TotalCosts)::{lambda(ngcore::TaskInfo&)#1}"	"1 0.872005992306398 0"
5	a31	a7	"ngcore::ParallelFor<unsigned long,netgen::BuildEdgeList<netgen::ElementIndex>(netgen::Mesh const&,ngcore::Table<netgen::ElementIndex,netgen::PointIndex>const&,ngcore::Array<std::tuple<netgen::PointIndex,netgen::PointIndex>,unsigned long>&)::{lambda(int)#1}>(ngcore::T_Range<unsigned long>,netgen::BuildEdgeList<netgen::ElementIndex>(netgen::Mesh const&,ngcore::Table<netgen::ElementIndex,netgen::PointIndex>const&,ngcore::Array<std::tuple<netgen::PointIndex,netgen::PointIndex>,unsigned long>&)::{lambda(int)#1},int,ngcore::TotalCosts)::{lambda(ngcore::TaskInfo&)#1}"	"1 0.872005992306398 0"
5	a32	a6	"ngcore::ParallelForRange<unsigned long,netgen::MeshOptimize3d::SwapImprove(netgen::Mesh&,netgen::OPTIMIZEGOAL,netgen::NgBitArray const*)::{lambda(auto:1)#2}>(ngcore::T_Range<unsigned long>,netgen::MeshOptimize3d::SwapImprove(netgen::Mesh&,netgen::OPTIMIZEGOAL,netgen::NgBitArray const*)::{lambda(auto:1)#2},int,ngcore::TotalCosts)::{lambda(ngcore::TaskInfo&)#1}"	"1 0.408375991137786 0"
5	a33	a7	"ngcore::ParallelForRange<unsigned long,netgen::MeshOptimize3d::SwapImprove(netgen::Mesh&,netgen::OPTIMIZEGOAL,netgen::NgBitArray const*)::{lambda(auto:1)#2}>(ngcore::T_Range<unsigned long>,netgen::MeshOptimize3d::SwapImprove(netgen::Mesh&,netgen::OPTIMIZEGOAL,netgen::NgBitArray const*)::{lambda(auto:1)#2},int,ngcore::TotalCosts)::{lambda(ngcore::TaskInfo&)#1}"	"1 0.408375991137786 0"
5	a34	a6	"ngcore::ParallelForRange<netgen::ElementIndex,netgen::Mesh::Compress()::{lambda(auto:1)#1}>(ngcore::T_Range<netgen::ElementIndex>,netgen::Mesh::Compress()::{lambda(auto:1)#1},int,ngcore::TotalCosts)::{lambda(ngcore::TaskInfo&)#1}"	"1 0.0611641584106637 0"
5	a35	a7	"ngcore::ParallelForRange<netgen::ElementIndex,netgen::Mesh::Compress()::{lambda(auto:1)#1}>(ngcore::T_Range<netgen::ElementIndex>,netgen::Mesh::Compress()::{lambda(auto:1)#1},int,ngcore::TotalCosts)::{lambda(ngcore::TaskInfo&)#1}"	"1 0.0611641584106637 0"
5	a36	a6	"ngcore::ParallelForRange<netgen::SurfaceElementIndex,netgen::Mesh::Compress()::{lambda(auto:1)#2}>(ngcore::T_Range<netgen::SurfaceElementIndex>,netgen::Mesh::Compress()::{lambda(auto:1)#2},int,ngcore::TotalCosts)::{lambda(ngcore::TaskInfo&)#1}"	"1 0 -2.77631980257023"
5	a37	a7	"ngcore::ParallelForRange<netgen::SurfaceElementIndex,netgen::Mesh::Compress()::{lambda(auto:1)#2}>(ngcore::T_Range<netgen::SurfaceElementIndex>,netgen::Mesh::Compress()::{lambda(auto:1)#2},int,ngcore::TotalCosts)::{lambda(ngcore::TaskInfo&)#1}"	"1 0 -2.77631980257023"
5	a38	a6	"ngcore::ParallelForRange<netgen::ElementIndex,netgen::Mesh::Compress()::{lambda(auto:1)#3}>(ngcore::T_Range<netgen::ElementIndex>,netgen::Mesh::Compress()::{lambda(auto:1)#3},int,ngcore::TotalCosts)::{lambda(ngcore::TaskInfo&)#1}"	"0.688034037288286 1 0"
5	a39	a7	"ngcore::ParallelForRange<netgen::ElementIndex,netgen::Mesh::Compress()::{lambda(auto:1)#3}>(ngcore::T_Range<netgen::ElementIndex>,netgen::Mesh::Compress()::{lambda(auto:1)#3},int,ngcore::TotalCosts)::{lambda(ngcore::TaskInfo&)#1}"	"0.688034037288286 1 0"
5	a40	a6	"ngcore::ParallelForRange<netgen::SurfaceElementIndex,netgen::Mesh::Compress()::{lambda(auto:1)#4}>(ngcore::T_Range<netgen::SurfaceElementIndex>,netgen::Mesh::Compress()::{lambda(auto:1)#4},int,ngcore::TotalCosts)::{lambda(ngcore::TaskInfo&)#1}"	"0 0.666479625428673 1"
5	a41	a7	"ngcore::ParallelForRange<netgen::SurfaceElementIndex,netgen::Mesh::Compress()::{lambda(auto:1)#4}>(ngcore::T_Range<netgen::SurfaceElementIndex>,netgen::Mesh::Compress()::{lambda(auto:1)#4},int,ngcore::TotalCosts)::{lambda(ngcore::TaskInfo&)#1}"	"0 0.666479625428673 1"
5	a42	a8	"Build edges"	"0 0.0614795051658243 1"
5	a43	a8	"CreateTable"	"0.608616351291681 0 1"
5	a44	a8	"CreateSortedTable"	"0 0.0381698166109086 1"
5	a45	a8	"MeshOptimize3d::SwapImprove loop"	"0.154668690207104 1 0"
5	a46	a8	"MeshOptimize3d::SwapImprove"	"1 0 -2.43968480148811"
5	a47	a8	"FreeOpenElementsEnvironment"	"0.907015785320433 0 1"
5	a48	a8	"Mesh::BuildBoundaryEdges"	"1 0 -2.61861416630415"
5	a49	a8	"Mesh::LinkSurfaceElements"	"0 1 0.171518596860468"
5	a50	a8	"Mesh::Compress"	"1 0.648677515017027 0"
5	a51	a8	"Mesh::CalcSurfacesOfNode, pointloop"	"0 0.319536079261344 1"
5	a52	a8	"Mesh::CalcSurfacesOfNode - surfelementht"	"0.690162641156969 0 1"
5	a53	a8	"Mesh::CalcSurfacesOfNode - surf on node"	"0.000515674241007069 1 0"
5	a54	a8	"Mesh::CalcSurfacesOfNode"	"1 0 -2.35340285344361"
6	0	a55	a3	a9	"Timer level 0"
6	0	a56	a3	a9	"Timer level 1"
6	0	a57	a3	a9	"Timer level 2"
6	0	a58	a3	a9	"Timer level 3"
4	a59	a2	a3	a3	"links"
8	0	a12	a11	0
12	0.13696621230933	a6	a10	a18	0
12	0.137036001115355	a7	a14	a19	0
13	0.137123101873263	a7	a14
12	0.137140413825145	a7	a14	a19	1
13	0.137153397789057	a7	a14
12	0.137170168742443	a7	a14	a19	2
13	0.137176119725903	a7	a14
12	0.13719559567177	a7	a14	a19	3
13	0.137201005656734	a7	a14
13	0.137446618974064	a6	a10
12	0.1396917627338	a8	a55	a47	0
13	0.163993956187081	a8	a55
12	0.164342359218712	a8	a55	a46	0
12	0.164443525937524	a8	a56	a48	0
13	0.164491674803697	a8	a56
12	0.1659621087167	a6	a10	a20	0
12	0.166104391321233	a7	a14	a21	0
12	0.166275887844567	a7	a17	a21	1
12	0.166322954713747	a7	a16	a21	2
12	0.166677308728838	a7	a15	a21	3
13	0.167467166533468	a7	a14
13	0.168726070034409	a7	a17
13	0.169292495460058	a7	a16
13	0.170439412272261	a7	a15
13	0.170588727857246	a6	a10
12	0.171441882485946	a8	a56	a44	0
12	0.171468391412265	a8	a57	a43	0
12	0.171920666155191	a6	a10	a22	0
12	0.17198991396272	a7	a14	a23	0
12	0.172115966612363	a7	a16	a23	1
12	0.172142475538683	a7	a15	a23	2
12	0.17244002471166	a7	a17	a23	3
13	0.17312979779447	a7	a14
12	0.173184979641095	a7	a14	a23	4
13	0.173784946973516	a7	a16
12	0.173854194781045	a7	a16	a23	5
13	0.174098726101383	a7	a17
12	0.174168514907408	a7	a17	a23	6
13	0.174171760898386	a7	a15
12	0.174247500687871	a7	a15	a23	7
13	0.174399521265338	a7	a14
12	0.17445957209843	a7	a14	a23	8
13	0.175237527936141	a7	a16
12	0.175310021734648	a7	a16	a23	9
13	0.175342481644427	a7	a17
12	0.175407942462482	a7	a17	a23	10
13	0.1757141476114	a7	a14
12	0.175769329458025	a7	a14	a23	11
13	0.176050648676113	a7	a15
12	0.176143159418984	a7	a15	a23	12
13	0.17646288953031	a7	a16
12	0.176524022360394	a7	a16	a23	13
13	0.176723650805537	a7	a17
12	0.176800472592015	a7	a17	a23	14
13	0.176938968207073	a7	a14
12	0.176991986059713	a7	a14	a23	15
13	0.177628200291388	a7	a15
13	0.177818090763597	a7	a16
13	0.178059376092956	a7	a17
13	0.178117262932063	a7	a14
13	0.178196248712526	a6	a10
12	0.178454845993768	a6	a10	a24	0
12	0.178520306811823	a7	a14	a25	0
13	0.178601456586271	a7	a14
12	0.178646359461466	a7	a14	a25	1
13	0.178700459311098	a7	a14
12	0.178729673229899	a7	a17	a25	2
12	0.178744821187796	a7	a16	a25	3
13	0.179056977320174	a7	a16
13	0.179070502282582	a7	a17
13	0.179220358866063	a6	a10
12	0.179310164616453	a6	a10	a26	0
12	0.179373461440522	a7	a14	a27	0
13	0.179485989127757	a7	a14
12	0.17949302210821	a7	a15	a27	1
12	0.179524400020996	a7	a14	a27	2
13	0.179596352821007	a7	a14
12	0.179624484742816	a7	a16	a27	3
13	0.180095153434616	a7	a15
13	0.18010489140755	a7	a16
13	0.180272059942913	a6	a10
12	0.180563117133934	a6	a10	a22	0
12	0.18065346388282	a7	a14	a23	0
12	0.180690792779066	a7	a17	a23	1
12	0.180753007606144	a7	a16	a23	2
12	0.181299416087429	a7	a15	a23	3
13	0.181678115034854	a7	a14
12	0.181746280845391	a7	a14	a23	4
13	0.182095765874015	a7	a16
13	0.182111995828904	a7	a17
12	0.18217583365147	a7	a16	a23	5
12	0.18220234257779	a7	a17	a23	6
13	0.182753079047046	a7	a14
12	0.182808801892167	a7	a14	a23	7
13	0.182987331395953	a7	a15
12	0.183064694180927	a7	a15	a23	8
13	0.183265404623063	a7	a17
13	0.183278929585471	a7	a16
12	0.183330865441118	a7	a17	a23	9
12	0.183346554397511	a7	a16	a23	10
13	0.183874568929921	a7	a14
12	0.183933537766021	a7	a14	a23	11
13	0.184443699348052	a7	a16
12	0.184500504190166	a7	a16	a23	12
13	0.184582194963111	a7	a15
12	0.184657934752596	a7	a15	a23	13
13	0.184660639745077	a7	a17
12	0.184730969549599	a7	a17	a23	14
13	0.184939253970683	a7	a14
12	0.184994976815804	a7	a14	a23	15
13	0.185804851564798	a7	a17
13	0.185893575318195	a7	a16
13	0.186008266999415	a7	a14
13	0.186245765339301	a7	a15
13	0.186481640683697	a6	a10
13	0.18668126912884	a8	a57
12	0.186714811035612	a6	a10	a28	0
12	0.18682246973638	a7	a14	a29	0
12	0.186979359300313	a7	a16	a29	1
13	0.187011278211596	a7	a14
12	0.187052935095813	a7	a14	a29	2
13	0.187133002873269	a7	a14
12	0.187148691829662	a7	a14	a29	3
13	0.187219021634184	a7	a14
12	0.187273662482313	a7	a14	a29	4
12	0.187292597429684	a7	a15	a29	5
13	0.187303958398107	a7	a16
12	0.187320729351493	a7	a17	a29	6
13	0.187343992286834	a7	a14
12	0.187367796220673	a7	a16	a29	7
12	0.187450027992114	a7	a14	a29	8
13	0.187506832834227	a7	a16
12	0.187567965664312	a7	a16	a29	9
13	0.18757553964326	a7	a15
13	0.187579326632735	a7	a17
13	0.187642623456804	a7	a16
12	0.187647492443271	a7	a17	a29	10
13	0.187655607420716	a7	a14
12	0.187721609237267	a7	a15	a29	11
13	0.187731347210201	a7	a17
12	0.187745954169602	a7	a14	a29	12
12	0.187768676106447	a7	a16	a29	13
13	0.187819529965101	a7	a14
12	0.187837923913976	a7	a17	a29	14
13	0.187857399859844	a7	a15
12	0.187890941766616	a7	a14	a29	15
13	0.187893105760601	a7	a16
13	0.187965599559108	a7	a14
13	0.187982370512494	a7	a17
13	0.188170637989214	a6	a10
13	0.18819335992606	a8	a56
12	0.189060580515664	a8	a56	a42	0
12	0.189296455860061	a6	a10	a30	0
12	0.18942737749617	a7	a14	a31	0
12	0.189460919402942	a7	a16	a31	1
12	0.189554512142806	a7	a17	a31	2
12	0.189735746639074	a7	a15	a31	3
13	0.189775780527802	a7	a14
13	0.189834208365405	a7	a16
12	0.189847733327813	a7	a14	a31	4
13	0.189878029243607	a7	a17
12	0.189898046187971	a7	a16	a31	5
12	0.18996134301204	a7	a17	a31	6
13	0.190007327884228	a7	a14
13	0.190042492786489	a7	a16
12	0.19006142773386	a7	a14	a31	7
13	0.190100920624091	a7	a15
13	0.190106330609055	a7	a17
12	0.190122019565448	a7	a16	a31	8
12	0.190208579324859	a7	a17	a31	9
13	0.190209661321852	a7	a14
12	0.190222645285764	a7	a15	a31	10
13	0.190258892185017	a7	a16
12	0.190308664046679	a7	a14	a31	11
12	0.190325435000065	a7	a16	a31	12
13	0.190374124864734	a7	a17
13	0.190418486741432	a7	a15
12	0.19044824165873	a7	a17	a31	13
13	0.190468258603094	a7	a16
13	0.19047907857302	a7	a14
12	0.190534801418142	a7	a16	a31	14
12	0.190558064353483	a7	a15	a31	15
13	0.190587819270781	a7	a17
13	0.19071441291892	a7	a16
13	0.190916205358049	a7	a15
13	0.191074717917471	a6	a10
13	0.191513467697988	a8	a56
12	0.191679013237863	a8	a56	a45	0
12	0.19179857390555	a6	a10	a32	0
12	0.191867821713079	a7	a14	a33	0
12	0.192049056209347	a7	a17	a33	1
13	0.192089631096571	a7	a14
12	0.192145353941692	a7	a16	a33	2
12	0.192190256816887	a7	a14	a33	3
12	0.19221622474471	a7	a15	a33	4
13	0.192218929737192	a7	a17
13	0.192227044714637	a7	a14
13	0.192251389646971	a7	a16
12	0.192307112492092	a7	a17	a33	5
12	0.192331998422923	a7	a14	a33	6
12	0.192345523385331	a7	a16	a33	7
13	0.19235309736428	a7	a17
13	0.192355261358265	a7	a15
13	0.19236337633571	a7	a14
13	0.192370409316162	a7	a16
12	0.192456428077077	a7	a17	a33	8
12	0.192472658031967	a7	a16	a33	9
13	0.192479150013923	a7	a17
13	0.192489969983849	a7	a16
12	0.192490510982346	a7	a15	a33	10
12	0.192535954856037	a7	a14	a33	11
13	0.192558676792882	a7	a14
13	0.192568955764312	a7	a15
12	0.192637662573345	a7	a17	a33	12
12	0.192668499487636	a7	a16	a33	13
13	0.192685811439518	a7	a17
13	0.192706369382378	a7	a16
12	0.192716648353808	a7	a14	a33	14
13	0.192737747295165	a7	a14
12	0.192756682242536	a7	a15	a33	15
13	0.192804831108709	a7	a15
13	0.193071002368899	a6	a10
13	0.19321057998095	a8	a56
12	0.194365611770598	a8	a56	a50	0
12	0.219171474823954	a6	a10	a34	0
12	0.219288871497656	a7	a14	a35	0
12	0.219720047299225	a7	a16	a35	1
12	0.219747638222537	a7	a17	a35	2
12	0.220367622499322	a7	a15	a35	3
13	0.267382014825193	a7	a14
13	0.267384178819178	a7	a15
13	0.267753680792166	a7	a16
13	0.26840179699076	a7	a17
13	0.268670132244935	a6	a10
12	0.269224114705169	a6	a10	a36	0
12	0.269344216371353	a7	a14	a37	0
12	0.269588206693194	a7	a15	a37	1
12	0.2697932451233	a7	a16	a37	2
12	0.269834902007517	a7	a17	a37	3
13	0.275301150814354	a7	a17
13	0.275711227674566	a7	a16
13	0.276102910585903	a7	a15
13	0.29995850978047	a7	a14
13	0.3002776988933	a6	a10
12	0.311892395610837	a6	a10	a38	0
12	0.311983824356716	a7	a14	a39	0
12	0.312073900606353	a7	a15	a39	1
12	0.312226462182316	a7	a17	a39	2
12	0.312231331168783	a7	a16	a39	3
13	0.316414602041593	a7	a14
13	0.316973723987542	a7	a16
13	0.31788584745234	a7	a15
13	0.317920471356105	a7	a17
13	0.318098730360643	a6	a10
12	0.318211799046374	a6	a10	a40	0
12	0.318266980892999	a7	a14	a41	0
12	0.318536668643416	a7	a16	a41	1
12	0.318937007530694	a7	a15	a41	2
12	0.319010583326194	a7	a17	a41	3
13	0.321985804556717	a7	a14
13	0.322551418484621	a7	a16
13	0.323118384908767	a7	a15
13	0.323462459952428	a7	a17
13	0.323663440893811	a6	a10
12	0.325179859679002	a8	a57	a49	0
13	0.3506268059505	a8	a57
12	0.350989274943036	a8	a57	a54	0
12	0.36164532232509	a8	a58	a53	0
13	0.384987243447399	a8	a58
12	0.385037556307557	a8	a58	a52	0
13	0.397136446679302	a8	a58
12	0.397184054546978	a8	a58	a51	0
13	0.403666298529909	a8	a58
13	0.409185024190889	a8	a57
13	0.409645954909756	a8	a56
13	0.410073884720346	a8	a55
12	0.413072639385459	a8	a55	a46	0
12	0.413186249069687	a8	a56	a48	0
13	0.476538795984482	a8	a56
12	0.477183125193602	a6	a10	a20	0
12	0.477245340020679	a7	a14	a21	0
12	0.477447402959055	a7	a17	a21	1
12	0.47753937270343	a7	a15	a21	2
12	0.477642703416227	a7	a16	a21	3
13	0.478319222035878	a7	a14
13	0.479070939446517	a7	a15
13	0.479346307681145	a7	a17
13	0.47983537032182	a7	a16
13	0.480083418132384	a6	a10
12	0.480680139473827	a8	a56	a44	0
12	0.48071205838511	a8	a57	a43	0
12	0.481210318000223	a6	a10	a22	0
12	0.481296877759634	a7	a14	a23	0
12	0.48146215280026	a7	a15	a23	1
12	0.481595779428852	a7	a16	a23	2
12	0.48163581331758	a7	a17	a23	3
13	0.482462188520712	a7	a14
12	0.482530354331248	a7	a14	a23	4
13	0.482824387013999	a7	a16
12	0.482905536788448	a7	a16	a23	5
13	0.48296396462605	a7	a15
12	0.483038081420046	a7	a15	a23	6
13	0.483266382785494	a7	a17
12	0.483355106538891	a7	a17	a23	7
13	0.483757338920907	a7	a14
12	0.483808192779561	a7	a14	a23	8
13	0.484011878713426	a7	a16
12	0.484072470545014	a7	a16	a23	9
13	0.484323493847307	a7	a15
12	0.484411676602208	a7	a15	a23	10
13	0.484955380091012	a7	a17
12	0.485033283874482	a7	a17	a23	11
13	0.485052489321101	a7	a14
12	0.485099015191785	a7	a14	a23	12
13	0.485327046057985	a7	a16
12	0.485393047874536	a7	a16	a23	13
13	0.485487722611392	a7	a15
12	0.485556429420425	a7	a15	a23	14
13	0.48636332867769	a7	a14
12	0.486427166500256	a7	a14	a23	15
13	0.486504258785982	a7	a16
13	0.48677367603715	a7	a17
13	0.486777463026624	a7	a15
13	0.487760727793689	a7	a14
13	0.487844041562123	a6	a10
12	0.488269266380232	a6	a10	a24	0
12	0.488334727198287	a7	a14	a25	0
13	0.488406138999802	a7	a14
12	0.488422368954691	a7	a14	a25	1
12	0.488476198305075	a7	a16	a25	2
13	0.488478632798309	a7	a14
12	0.488521912678014	a7	a14	a25	3
13	0.488587914494566	a7	a14
13	0.488633628867505	a7	a16
13	0.48876373900587	a6	a10
12	0.488881676678069	a6	a10	a26	0
12	0.488943891505146	a7	a14	a27	0
13	0.489071567150278	a7	a14
12	0.489088338103664	a7	a14	a27	1
13	0.489161372900667	a7	a14
12	0.489205734777365	a7	a14	a27	2
12	0.489234137198422	a7	a16	a27	3
13	0.48929337653377	a7	a14
13	0.489414289697698	a7	a16
13	0.489566580774412	a6	a10
12	0.48985222798047	a6	a10	a22	0
12	0.489909032822584	a7	a14	a23	0
12	0.490049962930876	a7	a16	a23	1
12	0.490206852494809	a7	a15	a23	2
13	0.490978045851316	a7	a14
12	0.491045670663357	a7	a14	a23	3
12	0.491201748729545	a7	a17	a23	4
13	0.491214732693457	a7	a16
12	0.491285062497979	a7	a16	a23	5
13	0.491364048278442	a7	a15
12	0.491433837084468	a7	a15	a23	6
13	0.492128208654497	a7	a14
12	0.492192587475559	a7	a14	a23	7
13	0.492329730594377	a7	a16
12	0.492404929385366	a7	a16	a23	8
13	0.492460652230487	a7	a15
12	0.492532064032001	a7	a15	a23	9
13	0.492782005337302	a7	a17
12	0.492857204128291	a7	a17	a23	10
13	0.493372505196037	a7	a14
12	0.493417408071232	a7	a14	a23	11
13	0.493473942414098	a7	a16
12	0.493541567226138	a7	a16	a23	12
13	0.49359566707577	a7	a15
12	0.49367519385473	a7	a15	a23	13
13	0.494562701887946	a7	a14
13	0.494604088272915	a7	a16
12	0.494624375716527	a7	a14	a23	14
12	0.494691189030822	a7	a16	a23	15
13	0.494859980561675	a7	a17
13	0.494916244405292	a7	a15
13	0.495757226567825	a7	a14
13	0.49577859600843	a7	a16
13	0.495938461064093	a6	a10
13	0.4960991376175	a8	a57
12	0.496132679524272	a6	a10	a28	0
12	0.496198140342327	a7	a14	a29	0
13	0.496335012961897	a7	a14
12	0.496351242916786	a7	a14	a29	1
12	0.496403990270178	a7	a15	a29	2
13	0.496439425671687	a7	a14
12	0.496509755476209	a7	a14	a29	3
12	0.496532206913806	a7	a17	a29	4
12	0.496560879834111	a7	a16	a29	5
13	0.496578191785993	a7	a15
13	0.496584413268701	a7	a14
13	0.496684768489769	a7	a17
12	0.496687202983002	a7	a14	a29	6
13	0.496717769398045	a7	a16
12	0.496735081349927	a7	a15	a29	7
13	0.496761860775495	a7	a14
12	0.496814608128886	a7	a16	a29	8
12	0.496834895572498	a7	a14	a29	9
13	0.496841117055206	a7	a15
12	0.49685518301611	a7	a17	a29	10
13	0.496910635361983	a7	a14
13	0.496926053819129	a7	a16
12	0.496962841716878	a7	a15	a29	11
13	0.496991514637183	a7	a17
12	0.497011802080796	a7	a14	a29	12
12	0.497026679539444	a7	a16	a29	13
13	0.497060762444713	a7	a15
12	0.497083484381558	a7	a17	a29	14
13	0.497129198754497	a7	a14
13	0.497139748225176	a7	a16
12	0.497201422053756	a7	a15	a29	15
13	0.49722738998158	a7	a17
13	0.497322064718436	a7	a15
13	0.497477601786129	a6	a10
13	0.497505192709441	a8	a56
12	0.499021070496135	a8	a56	a42	0
12	0.49916605809315	a6	a10	a30	0
12	0.499235305900679	a7	a14	a31	0
12	0.499319972165353	a7	a15	a31	1
13	0.49946901725109	a7	a14
12	0.499509321639066	a7	a16	a31	2
12	0.49953664206313	a7	a14	a31	3
12	0.499624554318783	a7	a17	a31	4
13	0.499682441157889	a7	a15
13	0.499691908631575	a7	a14
12	0.499750877467674	a7	a14	a31	5
13	0.499760344941359	a7	a16
12	0.499762508935345	a7	a15	a31	6
12	0.4998425767128	a7	a16	a31	7
13	0.499856101675208	a7	a17
12	0.499928054475219	a7	a17	a31	8
13	0.499956186397028	a7	a15
13	0.499956997894773	a7	a14
13	0.500025975203054	a7	a16
12	0.500038688667717	a7	a14	a31	9
12	0.500086567034642	a7	a15	a31	10
13	0.500090895022612	a7	a17
12	0.500108206974495	a7	a16	a31	11
13	0.500206939200073	a7	a14
12	0.500210455690299	a7	a17	a31	12
13	0.50024562059256	a7	a16
13	0.500248325585042	a7	a15
12	0.5003059419249	a7	a14	a31	13
12	0.500334885344453	a7	a16	a31	14
13	0.500351656297839	a7	a17
12	0.500376001230174	a7	a15	a31	15
13	0.500469864469286	a7	a14
13	0.500491774908387	a7	a16
13	0.500520447828692	a7	a15
13	0.500728461750528	a6	a10
13	0.501099045720508	a8	a56
12	0.501163965540067	a8	a56	a45	0
12	0.501209409413758	a6	a10	a32	0
12	0.501290559188206	a7	a14	a33	0
13	0.50136359398521	a7	a14
12	0.501406332866419	a7	a14	a33	1
12	0.501423374319053	a7	a17	a33	2
13	0.501430677798754	a7	a14
12	0.501480449660415	a7	a14	a33	3
13	0.50149586811756	a7	a17
13	0.501511827573202	a7	a14
12	0.501569984911557	a7	a17	a33	4
13	0.501587837861935	a7	a17
12	0.501590272355169	a7	a14	a33	5
13	0.501606502310058	a7	a14
12	0.501670069633376	a7	a16	a33	6
13	0.501718759498045	a7	a16
12	0.501724980980753	a7	a14	a33	7
12	0.501738776442409	a7	a15	a33	8
13	0.501757981889028	a7	a14
12	0.501764744370232	a7	a17	a33	9
12	0.501805860255953	a7	a16	a33	10
13	0.50181505723039	a7	a17
13	0.501821549212346	a7	a16
13	0.501822090210843	a7	a15
12	0.501847246640922	a7	a14	a33	11
12	0.50193569989507	a7	a15	a33	12
13	0.501953552845449	a7	a15
12	0.501961667822894	a7	a17	a33	13
13	0.50197546328455	a7	a14
12	0.501979520773272	a7	a16	a33	14
13	0.502003865705607	a7	a16
13	0.502030915630423	a7	a17
12	0.502057424556743	a7	a15	a33	15
13	0.502078523498099	a7	a15
13	0.502274635453016	a6	a10
13	0.502416918057549	a8	a56
12	0.503296581612568	a8	a56	a50	0
12	0.51020080442263	a6	a10	a34	0
12	0.510268970233166	a7	a14	a35	0
12	0.510472656167031	a7	a15	a35	1
12	0.510554346939976	a7	a17	a35	2
12	0.510623594747505	a7	a16	a35	3
13	0.553697624525415	a7	a14
13	0.556641467843151	a7	a15
13	0.558376450020856	a7	a16
13	0.558460845786282	a7	a17
13	0.558631530811871	a6	a10
12	0.558693745638948	a6	a10	a36	0
12	0.558757042463018	a7	a14	a37	0
12	0.559106256992394	a7	a15	a37	1
12	0.559199308733761	a7	a17	a37	2
12	0.559726782267675	a7	a16	a37	3
13	0.563800771444228	a7	a14
13	0.564077492175097	a7	a17
13	0.564398304283416	a7	a16
13	0.565550631080582	a7	a15
13	0.565707791143763	a6	a10
12	0.571357438440854	a6	a10	a38	0
12	0.571440211210791	a7	a14	a39	0
12	0.571597371273973	a7	a15	a39	1
12	0.571675816055939	a7	a17	a39	2
12	0.571761293818358	a7	a16	a39	3
13	0.575881267867098	a7	a14
13	0.576773103888285	a7	a15
13	0.576813137777013	a7	a17
13	0.576937567431167	a7	a16
13	0.577116908432698	a6	a10
12	0.577182910249249	a6	a10	a40	0
12	0.577247830068808	a7	a14	a41	0
12	0.577496959876364	a7	a15	a41	1
12	0.577600290589162	a7	a17	a41	2
12	0.577668997398194	a7	a16	a41	3
13	0.578657131151727	a7	a14
13	0.58068506401519	a7	a15
13	0.581069172947578	a7	a16
13	0.58112922378067	a7	a17
13	0.581352385660403	a6	a10
12	0.581790594442424	a8	a57	a49	0
13	0.59758125855307	a8	a57
12	0.597734902126026	a8	a57	a54	0
12	0.601281147269416	a8	a58	a53	0
13	0.623050385762917	a8	a58
12	0.623087173660667	a8	a58	a52	0
13	0.634151133908948	a8	a58
12	0.63420090577061	a8	a58	a51	0
13	0.640684231750533	a8	a58
13	0.646021722915246	a8	a57
13	0.646131545609999	a8	a56
13	0.646310075113785	a8	a55
12	0.646795350764986	a8	a55	a46	0
12	0.646824564683788	a8	a56	a48	0
13	0.703824166256274	a8	a56
12	0.703998908770585	a6	a10	a20	0
12	0.704100075489398	a7	a14	a21	0
12	0.704242628593179	a7	a17	a21	1
12	0.704332975342064	a7	a15	a21	2
12	0.704429814072906	a7	a16	a21	3
13	0.705184777474523	a7	a14
13	0.705308395630933	a7	a16
13	0.706521314259687	a7	a15
13	0.707414502777114	a7	a17
13	0.707555973883903	a6	a10
12	0.70792709885238	a8	a56	a44	0
12	0.707948738792232	a8	a57	a43	0
12	0.708292272837397	a6	a10	a22	0
12	0.708375045607334	a7	a14	a23	0
12	0.708514893718633	a7	a17	a23	1
12	0.708574403553229	a7	a16	a23	2
12	0.708605781466015	a7	a15	a23	3
13	0.709460829589452	a7	a14
12	0.709525749409011	a7	a14	a23	4
13	0.709814372106799	a7	a16
12	0.70987604593538	a7	a16	a23	5
13	0.709981540642162	a7	a15
12	0.710073510386537	a7	a15	a23	6
13	0.710257449875287	a7	a17
12	0.710326697682816	a7	a17	a23	7
13	0.710612074389626	a7	a14
12	0.710657518263317	a7	a14	a23	8
13	0.710973190885921	a7	a16
12	0.711041356696457	a7	a16	a23	9
13	0.711125752461883	a7	a15
12	0.711197164263398	a7	a15	a23	10
13	0.711804976074016	a7	a14
12	0.711873682883049	a7	a14	a23	11
13	0.711948611174789	a7	a17
12	0.712111451722182	a7	a17	a23	12
13	0.712134173659028	a7	a16
12	0.712209372450016	a7	a16	a23	13
13	0.712310539168829	a7	a15
12	0.712394934934255	a7	a15	a23	14
13	0.713026550678711	a7	a14
12	0.713086060513306	a7	a14	a23	15
13	0.713324911349432	a7	a16
13	0.713968699560055	a7	a15
13	0.714162918020235	a7	a17
13	0.714649546167677	a7	a14
13	0.714706892008287	a6	a10
12	0.714877847533125	a6	a10	a24	0
12	0.714938439364713	a7	a14	a25	0
13	0.715011474161716	a7	a14
12	0.715027704116606	a7	a14	a25	1
13	0.715072606991801	a7	a14
12	0.715122919851959	a7	a14	a25	2
12	0.715136174315118	a7	a15	a25	3
13	0.715171068718131	a7	a14
13	0.715300096859504	a7	a15
13	0.715539488694126	a6	a10
12	0.715602785518196	a6	a10	a26	0
12	0.7156904272746	a7	a14	a27	0
12	0.715759404582881	a7	a16	a27	1
13	0.715763462071604	a7	a14
12	0.715805659954317	a7	a14	a27	2
12	0.71588762122651	a7	a15	a27	3
13	0.715921974631026	a7	a14
13	0.715975262982914	a7	a16
13	0.716086708673156	a7	a15
13	0.716288771611532	a6	a10
12	0.716536548922848	a6	a10	a22	0
12	0.716604714733384	a7	a14	a23	0
12	0.716786760727397	a7	a15	a23	1
12	0.71683328659808	a7	a17	a23	2
12	0.717018849082319	a7	a16	a23	3
13	0.717662366793694	a7	a14
12	0.717727827611749	a7	a14	a23	4
13	0.718022401292996	a7	a15
12	0.718090026105036	a7	a15	a23	5
13	0.718170634880988	a7	a16
12	0.718239882688518	a7	a16	a23	6
13	0.71837783730508	a7	a17
12	0.718449790105091	a7	a17	a23	7
13	0.718750314769797	a7	a14
12	0.718801168628452	a7	a14	a23	8
13	0.719153629148806	a7	a15
12	0.719229368938291	a7	a15	a23	9
13	0.719342978622518	a7	a16
12	0.719424128396967	a7	a16	a23	10
13	0.719800663350407	a7	a17
13	0.719826901777478	a7	a14
12	0.719871804652673	a7	a14	a23	11
12	0.719898584078241	a7	a17	a23	12
13	0.720322185900861	a7	a15
12	0.720403335675309	a7	a15	a23	13
13	0.720568881215184	a7	a16
12	0.720637047025721	a7	a16	a23	14
13	0.720920259738545	a7	a14
12	0.720964080616747	a7	a14	a23	15
13	0.721708765046934	a7	a16
13	0.721733650977765	a7	a15
13	0.721993059756752	a7	a14
13	0.833109552414072	a7	a17
13	0.833257515502816	a6	a10
13	0.833458766943448	a8	a57
12	0.833500423827664	a6	a10	a28	0
12	0.833554523677297	a7	a14	a29	0
13	0.833660018384079	a7	a14
12	0.833677330335962	a7	a14	a29	1
12	0.833761996600636	a7	a15	a29	2
13	0.83376875908184	a7	a14
12	0.833809874967561	a7	a14	a29	3
12	0.833858835331478	a7	a17	a29	4
13	0.833888860748023	a7	a14
13	0.83391726316908	a7	a15
12	0.833939714606678	a7	a14	a29	5
12	0.834016265893907	a7	a16	a29	6
13	0.834039258330001	a7	a14
12	0.83406441476008	a7	a15	a29	7
13	0.834067119752562	a7	a17
12	0.834155032008214	a7	a14	a29	8
13	0.834176401448819	a7	a16
12	0.834176942447315	a7	a17	a29	9
13	0.83422617331048	a7	a15
13	0.834242132766122	a7	a14
13	0.834301372101469	a7	a17
12	0.834318143054855	a7	a16	a29	10
12	0.834335455006737	a7	a15	a29	11
12	0.834365480423283	a7	a14	a29	12
12	0.834412276793215	a7	a17	a29	13
13	0.834421473767653	a7	a15
13	0.834423096763142	a7	a16
13	0.834496402059393	a7	a14
12	0.834517771499998	a7	a16	a29	14
12	0.834548067415792	a7	a15	a29	15
13	0.834557264390229	a7	a17
13	0.834626512197759	a7	a16
13	0.834669792077464	a7	a15
13	0.834843723094032	a6	a10
13	0.834862117042907	a8	a56
12	0.835291669848987	a8	a56	a42	0
12	0.835431788459534	a6	a10	a30	0
12	0.83548967529864	a7	a14	a31	0
13	0.835661171821974	a7	a14
12	0.835679565770849	a7	a14	a31	1
12	0.835743133094167	a7	a17	a31	2
13	0.835839701325761	a7	a14
12	0.835884604200955	a7	a14	a31	3
12	0.835895153671634	a7	a15	a31	4
13	0.836033378787444	a7	a14
13	0.836086667139332	a7	a15
13	0.836115340059637	a7	a17
12	0.836130217518286	a7	a14	a31	5
12	0.836153209954379	a7	a16	a31	6
12	0.836218670772434	a7	a15	a31	7
12	0.836250589683717	a7	a17	a31	8
13	0.836352026901778	a7	a14
13	0.836383134315316	a7	a15
12	0.836409372742388	a7	a14	a31	9
12	0.836484842032625	a7	a15	a31	10
13	0.836508104967966	a7	a16
13	0.836539482880753	a7	a17
13	0.836548409355942	a7	a14
12	0.83662225565069	a7	a16	a31	11
13	0.836623878646179	a7	a15
12	0.836656068056711	a7	a14	a31	12
12	0.836696913443183	a7	a17	a31	13
12	0.836727209358977	a7	a15	a31	14
13	0.836797268664251	a7	a14
13	0.836846229028168	a7	a16
12	0.836863270480802	a7	a14	a31	15
13	0.836892754898851	a7	a15
13	0.836944149756002	a7	a17
13	0.837016373055261	a7	a14
13	0.837234395449279	a6	a10
13	0.837411301957576	a8	a56
12	0.837458368826756	a8	a56	a45	0
12	0.83747243478766	a6	a10	a32	0
12	0.837564945530532	a7	a14	a33	0
13	0.837581716483917	a7	a14
12	0.8375990284358	a7	a14	a33	1
13	0.837630947347083	a7	a14
12	0.837652587286936	a7	a14	a33	2
13	0.837670981235811	a7	a14
12	0.8376872111907	a7	a14	a33	3
13	0.837703982144086	a7	a14
12	0.837741311040332	a7	a14	a33	4
13	0.837759163990711	a7	a14
12	0.837814345837336	a7	a14	a33	5
12	0.837824354309518	a7	a16	a33	6
13	0.837831657789218	a7	a14
12	0.837897389106521	a7	a17	a33	7
13	0.837918488047878	a7	a16
12	0.8379225455366	a7	a14	a33	8
13	0.837940939485475	a7	a14
13	0.837955816944124	a7	a17
12	0.838014515280975	a7	a14	a33	9
13	0.838031286234361	a7	a14
12	0.838074566114067	a7	a14	a33	10
13	0.838092419064445	a7	a14
12	0.838116493497532	a7	a16	a33	11
12	0.838131100456933	a7	a15	a33	12
13	0.838152740396785	a7	a16
13	0.838172216342653	a7	a15
12	0.838181683816339	a7	a14	a33	13
12	0.838190610291528	a7	a17	a33	14
13	0.838217930715592	a7	a14
13	0.838247415133642	a7	a17
12	0.838262022093042	a7	a15	a33	15
13	0.838298268992296	a7	a15
13	0.838547398799852	a6	a10
13	0.838605826637455	a8	a56
12	0.839051068399928	a8	a56	a50	0
12	0.845494901489619	a6	a10	a34	0
12	0.845567936286623	a7	a14	a35	0
12	0.84574781828665	a7	a15	a35	1
12	0.845898215868627	a7	a16	a35	2
12	0.845926347790436	a7	a17	a35	3
13	0.890606602103926	a7	a14
13	0.894264022438311	a7	a15
13	0.894565358600762	a7	a16
13	0.894933237578261	a7	a17
13	0.895197515343714	a6	a10
12	0.895616789178364	a6	a10	a36	0
12	0.895684413990404	a7	a14	a37	0
12	0.896082859382945	a7	a15	a37	1
12	0.896350112640128	a7	a16	a37	2
12	0.896378244561937	a7	a17	a37	3
13	0.900830662186667	a7	a16
13	0.901797696998843	a7	a14
13	0.903685511251758	a7	a15
13	0.903690921236721	a7	a17
13	0.90392057509841	a6	a10
12	0.909620535255659	a6	a10	a38	0
12	0.909685996073714	a7	a14	a39	0
12	0.909903206969987	a7	a17	a39	1
12	0.909963798801575	a7	a16	a39	2
12	0.91004981756249	a7	a15	a39	3
13	0.913911194329988	a7	a14
13	0.914969657888043	a7	a17
13	0.915008068781281	a7	a16
13	0.91592019224608	a7	a15
13	0.916120632188968	a6	a10
12	0.91619528998146	a6	a10	a40	0
12	0.916285095731849	a7	a14	a41	0
12	0.916572095434148	a7	a16	a41	1
12	0.916653245208597	a7	a17	a41	2
12	0.917041682128956	a7	a15	a41	3
13	0.917690609825294	a7	a14
13	0.919617916968441	a7	a17
13	0.919772642538389	a7	a16
13	0.920600911236258	a7	a15
13	0.920753743311469	a6	a10
12	0.921331529705541	a8	a57	a49	0
13	0.940320035927947	a8	a57
12	0.940424448637737	a8	a57	a54	0
12	0.959269049260121	a8	a58	a53	0
13	0.980804035404715	a8	a58
12	0.980850561275399	a8	a58	a52	0
13	0.991852306696603	a8	a58
12	0.99190424255225	a8	a58	a51	0
13	0.998359436610364	a8	a58
13	1.00372884668636	a8	a57
13	1.0039587710473	a8	a56
13	1.00415677649695	a8	a55
12	1.00558393053025	a8	a55	a46	0
12	1.0056499323468	a8	a56	a48	0
13	1.06067488940771	a8	a56
12	1.06098001255964	a6	a10	a20	0
12	1.06104871936867	a7	a14	a21	0
12	1.0611247296574	a7	a16	a21	1
12	1.06137791695368	a7	a17	a21	2
12	1.06140713087248	a7	a15	a21	3
13	1.06212638837334	a7	a14
13	1.06282671092683	a7	a16
13	1.06312101410883	a7	a17
13	1.06330008461111	a7	a15
13	1.06350755753445	a6	a10
12	1.06388138749541	a8	a56	a44	0
12	1.06390410943226	a8	a57	a43	0
12	1.06428551337216	a6	a10	a22	0
12	1.06435043319172	a7	a14	a23	0
12	1.06464121988349	a7	a17	a23	1
12	1.06478620748051	a7	a16	a23	2
12	1.06497609795272	a7	a15	a23	3
13	1.06543838116782	a7	a14
12	1.06552385893024	a7	a14	a23	4
13	1.06597207618445	a7	a17
13	1.06598722414234	a7	a16
12	1.06604511098145	a7	a16	a23	5
12	1.06607216090627	a7	a17	a23	6
13	1.06655797755596	a7	a15
12	1.066626684365	a7	a15	a23	7
13	1.066662660765	a7	a14
12	1.06672649858757	a7	a14	a23	8
13	1.0671552398959	a7	a16
12	1.06723152068388	a7	a16	a23	9
13	1.06726073460269	a7	a17
12	1.06732890041322	a7	a17	a23	10
13	1.06780552008848	a7	a15
12	1.06787152190503	a7	a15	a23	11
13	1.06791074429602	a7	a14
12	1.06797674611257	a7	a14	a23	12
13	1.06842929135474	a7	a17
13	1.0684503902961	a7	a16
12	1.06851639211265	a7	a17	a23	13
12	1.06853316306603	a7	a16	a23	14
13	1.06905035762852	a7	a15
12	1.06912988440748	a7	a15	a23	15
13	1.06922320664809	a7	a14
13	1.0697303927384	a7	a16
13	1.0697731316196	a7	a17
13	1.070230275349	a7	a15
13	1.07038040243173	a6	a10
12	1.07065144267838	a6	a10	a24	0
12	1.07071690349644	a7	a14	a25	0
13	1.07079210228743	a7	a14
12	1.07081482422427	a7	a14	a25	1
13	1.07086513708443	a7	a14
12	1.07090841696414	a7	a14	a25	2
13	1.07095331983933	a7	a14
12	1.07096278731302	a7	a16	a25	3
13	1.07113807082583	a7	a16
13	1.07127629594164	a6	a10
12	1.07135311772811	a6	a10	a26	0
12	1.07141911954466	a7	a14	a27	0
13	1.07152569624844	a7	a14
12	1.07154192620333	a7	a14	a27	1
13	1.0716203709853	a7	a14
12	1.07167338883794	a7	a14	a27	2
12	1.07168934829358	a7	a17	a27	3
13	1.0717518336199	a7	a14
13	1.07186030381842	a7	a17
13	1.07198987295828	a6	a10
12	1.0722663231899	a6	a10	a22	0
12	1.07232745601999	a7	a14	a23	0
12	1.07244620518993	a7	a17	a23	1
12	1.07279406722307	a7	a16	a23	2
12	1.07281192017345	a7	a15	a23	3
13	1.07334994317804	a7	a14
12	1.07343217494948	a7	a14	a23	4
13	1.07355741610138	a7	a17
12	1.07362504091342	a7	a17	a23	5
13	1.07385171928338	a7	a16
13	1.07386957223376	a7	a15
12	1.07392259008639	a7	a16	a23	6
12	1.07394044303677	a7	a15	a23	7
13	1.07446169508798	a7	a14
12	1.07452715590603	a7	a14	a23	8
13	1.07478656468502	a7	a17
12	1.07486230447451	a7	a17	a23	9
13	1.07496293019482	a7	a15
13	1.07500783307002	a7	a16
12	1.07503434199634	a7	a15	a23	10
12	1.07506247391815	a7	a16	a23	11
13	1.07557561099191	a7	a14
12	1.07565513777087	a7	a14	a23	12
13	1.07593402249572	a7	a17
12	1.07600705729272	a7	a17	a23	13
13	1.07616611085064	a7	a16
12	1.07623535865817	a7	a16	a23	14
13	1.07629811448374	a7	a15
12	1.07637926425819	a7	a15	a23	15
13	1.07669060889283	a7	a14
13	1.07702792145528	a7	a17
13	1.07726271480269	a7	a16
13	1.07740662040271	a7	a15
13	1.07755945247792	a6	a10
13	1.0777087680629	a8	a57
12	1.07774176897118	a6	a10	a28	0
12	1.07780290180126	a7	a14	a29	0
12	1.07789027305842	a7	a16	a29	1
13	1.07791651148549	a7	a14
12	1.07796141436069	a7	a14	a29	2
13	1.07808476201785	a7	a14
13	1.07812073841785	a7	a16
12	1.07815049333515	a7	a17	a29	3
12	1.07817727276072	a7	a14	a29	4
12	1.07820729817727	a7	a15	a29	5
12	1.07822839711862	a7	a16	a29	6
13	1.07825625854118	a7	a14
13	1.07829926792164	a7	a17
13	1.07834092480586	a7	a16
12	1.07835472026751	a7	a14	a29	7
13	1.07836256474571	a7	a15
12	1.07836689273368	a7	a17	a29	8
12	1.07842802556376	a7	a15	a29	9
13	1.07846291996678	a7	a14
13	1.07847346943746	a7	a17
12	1.07848483040588	a7	a16	a29	10
12	1.07851701981641	a7	a14	a29	11
13	1.0785410942495	a7	a15
13	1.07857625915176	a7	a16
13	1.07861548154274	a7	a14
12	1.07868229485704	a7	a15	a29	12
12	1.07870772178636	a7	a17	a29	13
12	1.0787163777623	a7	a16	a29	14
12	1.07875289516081	a7	a14	a29	15
13	1.07878508457134	a7	a15
13	1.07880618351269	a7	a17
13	1.07882403646307	a7	a16
13	1.07888868578338	a7	a14
13	1.07903042738942	a6	a10
13	1.07905314932626	a8	a56
12	1.07960604978951	a8	a56	a42	0
12	1.07998096174746	a6	a10	a30	0
12	1.08003776658957	a7	a14	a31	0
13	1.08024010002719	a7	a14
12	1.08026228096554	a7	a14	a31	1
13	1.08042241652046	a7	a14
12	1.08044811394903	a7	a17	a31	2
12	1.0805187142528	a7	a14	a31	3
12	1.08052114874603	a7	a15	a31	4
12	1.08057687159116	a7	a16	a31	5
13	1.08071482620772	a7	a17
13	1.08072645767539	a7	a14
13	1.0807613520784	a7	a15
12	1.08078596750998	a7	a14	a31	6
13	1.08080950094457	a7	a16
12	1.08082735389495	a7	a17	a31	7
12	1.08083600987089	a7	a15	a31	8
12	1.08094745556114	a7	a16	a31	9
13	1.08097693997919	a7	a14
13	1.08099181743783	a7	a17
13	1.0810405073025	a7	a15
12	1.08105808975363	a7	a14	a31	10
12	1.08107729520025	a7	a17	a31	11
13	1.08110380412657	a7	a16
12	1.0811297720544	a7	a15	a31	12
12	1.08117467492959	a7	a16	a31	13
13	1.08123039777471	a7	a17
13	1.0812696201657	a7	a14
12	1.08131803953112	a7	a17	a31	14
13	1.0813202035251	a7	a15
13	1.08133318748901	a7	a16
12	1.08135022894165	a7	a14	a31	15
13	1.08146194513114	a7	a17
13	1.08154228340784	a7	a14
13	1.08161748219883	a6	a10
13	1.08184632456277	a8	a56
12	1.08189771941993	a8	a56	a45	0
12	1.08193829430715	a6	a10	a32	0
12	1.08199293515528	a7	a14	a33	0
13	1.08203188704701	a7	a14
12	1.08208165890868	a7	a14	a33	1
12	1.08209761836432	a7	a17	a33	2
13	1.08209788886356	a7	a14
12	1.08215739869816	a7	a14	a33	3
13	1.08217579264704	a7	a14
13	1.08219824408463	a7	a17
12	1.08227506587111	a7	a17	a33	4
13	1.08229237782299	a7	a17
12	1.0822991403042	a7	a14	a33	5
13	1.08232078024405	a7	a14
12	1.08235242865608	a7	a17	a33	6
13	1.08237839658391	a7	a17
12	1.08238461806662	a7	a14	a33	7
12	1.08239787252978	a7	a16	a33	8
12	1.08245089038241	a7	a17	a33	9
13	1.0824671203373	a7	a17
13	1.08247307132076	a7	a16
12	1.08252067918844	a7	a15	a33	10
12	1.08254286012679	a7	a16	a33	11
13	1.08256882805461	a7	a16
13	1.08257802502905	a7	a15
12	1.08260886194334	a7	a17	a33	12
12	1.08265051882756	a7	a15	a33	13
13	1.08265160082455	a7	a17
13	1.0826659372847	a7	a14
12	1.08267540475839	a7	a16	a33	14
13	1.08268622472831	a7	a15
12	1.08271408615088	a7	a14	a33	15
13	1.08272084863208	a7	a16
13	1.08273031610577	a7	a14
13	1.08303598025619	a6	a10
13	1.08311280204266	a8	a56
12	1.0835780607495	a8	a56	a50	0
12	1.0902707531475	a6	a10	a34	0
12	1.09034054195353	a7	a14	a35	0
12	1.09043711018512	a7	a16	a35	1
12	1.09068542849493	a7	a15	a35	2
12	1.09079957917766	a7	a17	a35	3
13	1.14859309604349	a7	a14
13	1.14878704400443	a7	a17
13	1.15023583797758	a7	a16
13	1.15025044493698	a7	a15
13	1.15078035296412	a6	a10
12	1.1509015366273	a6	a10	a36	0
12	1.15096591544836	a7	a14	a37	0
12	1.15123073421231	a7	a16	a37	1
12	1.15132162195969	a7	a15	a37	2
12	1.15144118262738	a7	a17	a37	3
13	1.1546455167211	a7	a15
13	1.15530769888059	a7	a17
13	1.15662097273042	a7	a14
13	1.15795750951558	a7	a16
13	1.15807842267951	a6	a10
12	1.16329851717052	a6	a10	a38	0
12	1.16338291293595	a7	a14	a39	0
12	1.16353845000364	a7	a17	a39	1
12	1.16375971838863	a7	a16	a39	2
12	1.1638230152127	a7	a15	a39	3
13	1.1673019060433	a7	a14
13	1.16811962527049	a7	a17
13	1.168192119069	a7	a15
13	1.16834900863293	a7	a16
13	1.16847424978483	a6	a10
12	1.16854241559537	a6	a10	a40	0
12	1.16860895841042	a7	a14	a41	0
12	1.16880723435932	a7	a17	a41	1
12	1.1688840561458	a7	a15	a41	2
12	1.16896358292475	a7	a16	a41	3
13	1.16996091365272	a7	a14
13	1.17197423955679	a7	a17
13	1.17203537238687	a7	a16
13	1.17219442594479	a7	a15
13	1.17237971792978	a6	a10
12	1.17282658268774	a8	a57	a49	0
13	1.18801132848251	a8	a57
12	1.18812061017876	a8	a57	a54	0
12	1.19141258602888	a8	a58	a53	0
13	1.21232921089218	a8	a58
12	1.21252992133432	a8	a58	a52	0
13	1.223092916975	a8	a58
12	1.22313457385922	a8	a58	a51	0
13	1.22954324204665	a8	a58
13	1.23473141762638	a8	a57
13	1.23482879735572	a8	a56
13	1.23499001490762	a8	a55
12	1.23548286453777	a8	a55	a46	0
12	1.2355077504686	a8	a56	a48	0
13	1.28850720915928	a8	a56
12	1.28869385364051	a6	a10	a20	0
12	1.28877229842248	a7	a14	a21	0
12	1.28890835954431	a7	a16	a21	1
12	1.28915775985111	a7	a15	a21	2
12	1.28924269661503	a7	a17	a21	3
13	1.28978775260008	a7	a14
13	1.29121139014315	a7	a16
13	1.29147593840785	a7	a15
13	1.29155384219132	a7	a17
13	1.2916963952951	a6	a10
12	1.29191874567709	a8	a56	a44	0
12	1.29193822162296	a8	a57	a43	0
12	1.29225741073579	a6	a10	a22	0
12	1.29232178955685	a7	a14	a23	0
12	1.29247191663958	a7	a15	a23	1
12	1.29265098714186	a7	a17	a23	2
12	1.29268507004713	a7	a16	a23	3
13	1.29335996567129	a7	a14
12	1.29342109850138	a7	a14	a23	4
13	1.29387743073302	a7	a15
13	1.29393423557514	a7	a17
13	1.29395100652852	a7	a16
12	1.29398454843529	a7	a17	a23	5
12	1.29400456537966	a7	a15	a23	6
12	1.29405596023681	a7	a16	a23	7
13	1.29445927461582	a7	a14
12	1.29451229246846	a7	a14	a23	8
13	1.29499513362642	a7	a17
12	1.29507303740989	a7	a17	a23	9
13	1.29512713725953	a7	a15
12	1.29519638506706	a7	a15	a23	10
13	1.29519963105803	a7	a16
12	1.29526887886556	a7	a16	a23	11
13	1.29556940353027	a7	a14
12	1.29562674937088	a7	a14	a23	12
13	1.29619290429728	a7	a17
13	1.29624105316345	a7	a15
12	1.29625728311834	a7	a17	a23	13
13	1.29631354696196	a7	a16
12	1.29631571095595	a7	a15	a23	14
12	1.29641417268228	a7	a16	a23	15
13	1.29670063138608	a7	a14
13	1.29735010008091	a7	a15
13	1.29737498601174	a7	a17
13	1.29755026952455	a7	a16
13	1.29768470765089	a6	a10
12	1.29783240024038	a6	a10	a24	0
12	1.29790218904641	a7	a14	a25	0
13	1.29796656786747	a7	a14
12	1.29798225682387	a7	a14	a25	1
13	1.29803094668854	a7	a14
12	1.29808450553967	a7	a14	a25	2
12	1.29812210493517	a7	a15	a25	3
13	1.29812778541938	a7	a14
13	1.29829035546752	a7	a15
13	1.29842371159686	a6	a10
12	1.29849079541041	a6	a10	a26	0
12	1.29854922324801	a7	a14	a27	0
13	1.29862117604802	a7	a14
12	1.29864173399088	a7	a14	a27	1
13	1.29871747378037	a7	a14
12	1.29875317968112	a7	a14	a27	2
13	1.29882188649016	a7	a14
12	1.29885732189167	a7	a17	a27	3
13	1.29901691644808	a7	a17
13	1.29913674761502	a6	a10
12	1.29936450798197	a6	a10	a22	0
12	1.29944565775642	a7	a14	a23	0
12	1.29952707803011	a7	a15	a23	1
12	1.29959740783464	a7	a17	a23	2
12	1.29987872705272	a7	a16	a23	3
13	1.30044596397612	a7	a14
12	1.30051250679116	a7	a14	a23	4
13	1.3006171900002	a7	a15
13	1.30062909196712	a7	a17
12	1.30070429075811	a7	a17	a23	5
12	1.30072647169646	a7	a15	a23	6
13	1.30094287109499	a7	a16
12	1.30100292192808	a7	a16	a23	7
13	1.30151119001537	a7	a14
12	1.3015658308635	a7	a14	a23	8
13	1.30171595794623	a7	a17
13	1.30173110590413	a7	a15
12	1.30180414070113	a7	a17	a23	9
12	1.30181712466504	a7	a15	a23	10
13	1.30200917913124	a7	a16
12	1.3020887059102	a7	a16	a23	11
13	1.30257425206065	a7	a14
12	1.30262835191028	a7	a14	a23	12
13	1.30280769291181	a7	a17
13	1.30282770985617	a7	a15
12	1.30287315372987	a7	a15	a23	13
12	1.30290669563664	a7	a17	a23	14
13	1.30309658610885	a7	a16
12	1.3031771948848	a7	a16	a23	15
13	1.30363785510442	a7	a14
13	1.30389455889092	a7	a15
13	1.30399247961876	a7	a17
13	1.30418778007593	a7	a16
13	1.30432654619023	a6	a10
13	1.30443528688799	a8	a57
12	1.30444827085191	a6	a10	a28	0
12	1.30454997856922	a7	a14	a29	0
12	1.30463139884291	a7	a17	a29	1
13	1.30465168628652	a7	a14
12	1.30470199914668	a7	a14	a29	2
13	1.30478531291512	a7	a14
12	1.30480100187151	a7	a14	a29	3
12	1.30484347025347	a7	a16	a29	4
13	1.30487214317378	a7	a17
13	1.304875659664	a7	a14
12	1.3049351694986	a7	a14	a29	5
12	1.30495221095123	a7	a17	a29	6
13	1.30498142487003	a7	a16
12	1.30502849173921	a7	a15	a29	7
13	1.30504553319185	a7	a14
13	1.30505175467455	a7	a17
12	1.30506257464448	a7	a16	a29	8
12	1.3051109940099	a7	a14	a29	9
13	1.30515562638585	a7	a15
12	1.30516915134826	a7	a17	a29	10
13	1.3051772663257	a7	a16
13	1.30519052078886	a7	a14
13	1.30524813712872	a7	a17
12	1.3052873595197	a7	a14	a29	11
12	1.30531089295429	a7	a15	a29	12
12	1.30533469688813	a7	a16	a29	13
12	1.30536012381746	a7	a17	a29	14
13	1.30538149325806	a7	a14
13	1.30542828962799	a7	a15
12	1.30543180611822	a7	a14	a29	15
13	1.30545317555882	a7	a17
13	1.30545479855431	a7	a16
13	1.30551133289718	a7	a14
13	1.30568228842202	a6	a10
13	1.30569527238593	a8	a56
12	1.30598362458447	a8	a56	a42	0
12	1.30606369236192	a6	a10	a30	0
12	1.3061556621063	a7	a14	a31	0
13	1.30633310961309	a7	a14
12	1.30635042156497	a7	a14	a31	1
12	1.30645835076499	a7	a16	a31	2
13	1.30650081914695	a7	a14
12	1.30651731960109	a7	a17	a31	3
12	1.30660685485223	a7	a14	a31	4
12	1.30661037134246	a7	a15	a31	5
13	1.30669693110187	a7	a16
13	1.30670342308383	a7	a17
13	1.3067583344312	a7	a14
12	1.30678186786579	a7	a16	a31	6
13	1.30679701582369	a7	a15
12	1.30680648329737	a7	a14	a31	7
12	1.30682568874399	a7	a17	a31	8
12	1.30690413352596	a7	a15	a31	9
13	1.30693551143875	a7	a16
13	1.30694606090943	a7	a14
13	1.30699610327034	a7	a17
12	1.30701179222673	a7	a16	a31	10
12	1.3070672445726	a7	a14	a31	11
13	1.30707022006433	a7	a15
12	1.30715299283427	a7	a17	a31	12
13	1.30716705879517	a7	a16
12	1.30717625576961	a7	a15	a31	13
13	1.30720898617864	a7	a14
12	1.30725578254857	a7	a16	a31	14
13	1.30731096439519	a7	a17
12	1.3073177268764	a7	a14	a31	15
13	1.30736181825385	a7	a15
13	1.30741537710498	a7	a16
13	1.30746974745387	a7	a14
13	1.30762230902983	a6	a10
13	1.30776296863887	a8	a56
12	1.3078024615291	a8	a56	a45	0
12	1.3078170684885	a6	a10	a32	0
12	1.30788523429904	a7	a14	a33	0
13	1.30790308724942	a7	a14
12	1.3079203992013	a7	a14	a33	1
13	1.30794312113815	a7	a14
12	1.30796043309003	a7	a14	a33	2
13	1.30797720404342	a7	a14
12	1.30799289299981	a7	a14	a33	3
13	1.30800966395319	a7	a14
12	1.30802589390808	a7	a14	a33	4
13	1.30804320585997	a7	a14
12	1.30805943581486	a7	a14	a33	5
13	1.30807566576975	a7	a14
12	1.30812138014268	a7	a16	a33	6
12	1.30816114353216	a7	a14	a33	7
13	1.30816952900886	a7	a16
12	1.30817710298781	a7	a15	a33	8
13	1.30818440646751	a7	a14
13	1.30824148180887	a7	a15
12	1.30824580979684	a7	a16	a33	9
13	1.30826312174872	a7	a16
12	1.30829314716527	a7	a14	a33	10
12	1.30835292749911	a7	a17	a33	11
13	1.30835644398934	a7	a14
13	1.30839187939085	a7	a17
12	1.30839783037431	a7	a15	a33	12
13	1.30843624126754	a7	a15
12	1.30845869270514	a7	a14	a33	13
12	1.30852875201042	a7	a15	a33	14
13	1.30853443249463	a7	a14
12	1.30855417893974	a7	a16	a33	15
13	1.30855688393222	a7	a15
13	1.30857149089162	a7	a16
13	1.30884496563152	a6	a10
13	1.30889365549618	a8	a56
12	1.30927938742406	a8	a56	a50	0
12	1.31552305107011	a6	a10	a34	0
12	1.31557931491373	a7	a14	a35	0
12	1.31572835999947	a7	a17	a35	1
12	1.31587551159047	a7	a16	a35	2
12	1.31590959449574	a7	a15	a35	3
13	1.36110433837923	a7	a14
13	1.36180898892069	a7	a15
13	1.36224611570572	a7	a17
13	1.36269676745315	a7	a16
13	1.36283282857498	a6	a10
12	1.36288638742611	a6	a10	a36	0
12	1.36295022524868	a7	a14	a37	0
12	1.36327671784121	a7	a17	a37	1
12	1.36338816353145	a7	a16	a37	2
12	1.36344172238259	a7	a15	a37	3
13	1.36659087462968	a7	a16
13	1.36742590580875	a7	a14
13	1.36790928796521	a7	a15
13	1.36885387133979	a7	a17
13	1.36902293336989	a6	a10
12	1.3741992069827	a6	a10	a38	0
12	1.37428360274813	a7	a14	a39	0
12	1.37465283422187	a7	a15	a39	1
12	1.37466852317826	a7	a16	a39	2
12	1.3747361479903	a7	a17	a39	3
13	1.37804624729005	a7	a14
13	1.37896080524808	a7	a17
13	1.37903600403907	a7	a15
13	1.37916746667368	a7	a16
13	1.37930136380152	a6	a10
12	1.37933544670678	a6	a10	a40	0
12	1.37941389148875	a7	a14	a41	0
12	1.37967492326323	a7	a17	a41	1
12	1.37973876108579	a7	a15	a41	2
12	1.37982207485422	a7	a16	a41	3
13	1.38075448576264	a7	a14
13	1.38274995871632	a7	a17
13	1.38296419412086	a7	a16
13	1.38304372089982	a7	a15
13	1.38327175176602	a6	a10
12	1.38366992665932	a8	a57	a49	0
13	1.3991170567248	a8	a57
12	1.39919928849624	a8	a57	a54	0
12	1.40237711366363	a8	a58	a53	0
13	1.42335270736303	a8	a58
12	1.42339274125176	a8	a58	a52	0
13	1.43387837410747	a8	a58
12	1.4339189489947	a8	a58	a51	0
13	1.44018046559113	a8	a58
13	1.44535349321296	a8	a57
13	1.4454497909453	a8	a56
13	1.44556881061449	a8	a55
12	1.44599674042508	a8	a55	a47	0
13	1.47865519665255	a8	a55
12	1.47871037849918	a8	a55	a46	0
12	1.47873851042099	a8	a56	a48	0
13	1.52793745467501	a8	a56
12	1.52809326224195	a6	a10	a20	0
12	1.52815493607053	a7	a14	a21	0
12	1.5282406843322	a7	a17	a21	1
12	1.52853661050968	a7	a15	a21	2
12	1.52856149644051	a7	a16	a21	3
13	1.52929698389626	a7	a14
13	1.52931510734589	a7	a17
13	1.5296808223294	a7	a15
13	1.52970246226926	a7	a16
13	1.52990831219711	a6	a10
12	1.53009441567984	a8	a56	a44	0
12	1.53012579359263	a8	a57	a43	0
12	1.53046716364381	a6	a10	a22	0
12	1.53052829647389	a7	a14	a23	0
12	1.53074334337618	a7	a15	a23	1
12	1.53081313218221	a7	a17	a23	2
12	1.53087426501229	a7	a16	a23	3
13	1.5315718825733	a7	a14
12	1.53163463839887	a7	a14	a23	4
13	1.53206987168916	a7	a17
13	1.53212505353579	a7	a16
13	1.53212559453428	a7	a15
12	1.53214398848316	a7	a17	a23	5
12	1.53221269529219	a7	a15	a23	6
12	1.53223704022453	a7	a16	a23	7
13	1.53287514795094	a7	a14
12	1.53293303479004	a7	a14	a23	8
13	1.53325141240513	a7	a17
12	1.53331146323822	a7	a17	a23	9
13	1.53342453192395	a7	a15
13	1.53346348381569	a7	a16
12	1.53351487867284	a7	a15	a23	10
12	1.53354896157811	a7	a16	a23	11
13	1.53415785538572	a7	a14
12	1.53421466022783	a7	a14	a23	12
13	1.53463528655872	a7	a15
13	1.53465746749707	a7	a17
12	1.53472563330761	a7	a17	a23	13
12	1.53472996129558	a7	a15	a23	14
13	1.53484681697078	a7	a16
12	1.53492363875726	a7	a16	a23	15
13	1.53543515283553	a7	a14
13	1.53592178098297	a7	a17
13	1.53597155284464	a7	a15
13	1.53599752077246	a7	a16
13	1.53619417372587	a6	a10
12	1.53635971926575	a6	a10	a24	0
12	1.53641868810185	a7	a14	a25	0
13	1.53647278795148	a7	a14
12	1.53648901790637	a7	a14	a25	1
12	1.53653310928382	a7	a17	a25	2
13	1.53653337978307	a7	a14
12	1.53659938159962	a7	a14	a25	3
13	1.53665835043572	a7	a14
13	1.53668026087482	a7	a17
13	1.53695157162072	a6	a10
12	1.53701595044179	a6	a10	a26	0
12	1.53709006723578	a7	a14	a27	0
13	1.53716580702527	a7	a14
12	1.53718636496813	a7	a14	a27	1
13	1.53725885876663	a7	a14
12	1.53729618766288	a7	a14	a27	2
12	1.53734785301928	a7	a17	a27	3
13	1.53738274742229	a7	a14
13	1.53749554560878	a7	a17
13	1.5377046415276	a6	a10
12	1.53793672988253	a6	a10	a22	0
12	1.53801517466449	a7	a14	a23	0
12	1.53807820098931	a7	a15	a23	1
12	1.53815880976527	a7	a17	a23	2
12	1.53845906393072	a7	a16	a23	3
13	1.53901277589171	a7	a14
12	1.53907985970525	a7	a14	a23	4
13	1.5391693949564	a7	a15
13	1.53919049389775	a7	a17
12	1.53926406969325	a7	a15	a23	5
12	1.53928787362709	a7	a17	a23	6
13	1.53949724004517	a7	a16
12	1.5395664878527	a7	a16	a23	7
13	1.54008016592495	a7	a14
12	1.54014021675805	a7	a14	a23	8
13	1.54034714868289	a7	a17
12	1.540403953525	a7	a17	a23	9
13	1.54047482432802	a7	a15
12	1.54055218711299	a7	a15	a23	10
13	1.54057058106187	a7	a16
12	1.54063658287842	a7	a16	a23	11
13	1.54114268697173	a7	a14
12	1.54118434385595	a7	a14	a23	12
13	1.54140804673418	a7	a17
12	1.54147350755223	a7	a17	a23	13
13	1.54155628032217	a7	a15
12	1.54162444613271	a7	a15	a23	14
13	1.54164392207857	a7	a16
12	1.54170613690565	a7	a16	a23	15
13	1.54219276505309	a7	a14
13	1.54247543676742	a7	a17
13	1.54269454115843	a7	a15
13	1.54271023011482	a7	a16
13	1.54291662104117	a6	a10
13	1.54301886975698	a8	a57
12	1.54305241166375	a6	a10	a28	0
12	1.54310813450887	a7	a14	a29	0
13	1.54320010425324	a7	a14
12	1.54321525221114	a7	a14	a29	1
13	1.54330343496604	a7	a14
12	1.54331912392243	a7	a14	a29	2
12	1.54340757717658	a7	a15	a29	3
12	1.54350441590742	a7	a16	a29	4
13	1.54352362135404	a7	a14
12	1.54353417082472	a7	a17	a29	5
12	1.54356527823826	a7	a14	a29	6
13	1.54356879472849	a7	a15
13	1.54361369760368	a7	a16
13	1.54366617445782	a7	a17
12	1.54367374843677	a7	a16	a29	7
12	1.54369051939016	a7	a15	a29	8
13	1.5436924128849	a7	a14
13	1.54376842317363	a7	a16
13	1.54377058716761	a7	a15
12	1.54379953058717	a7	a14	a29	9
12	1.54383388399168	a7	a17	a29	10
12	1.543861474915	a7	a15	a29	11
13	1.54389528732102	a7	a14
12	1.54392260774508	a7	a16	a29	12
13	1.54396155963682	a7	a17
12	1.54397373210298	a7	a14	a29	13
13	1.54397400260223	a7	a15
13	1.54402756145337	a7	a16
13	1.54406245585638	a7	a14
12	1.54407895631052	a7	a17	a29	14
12	1.54410654723383	a7	a15	a29	15
13	1.54419094299926	a7	a15
13	1.54420933694813	a7	a17
13	1.5443973339256	a6	a10
13	1.54440923589252	a8	a56
12	1.5446478162294	a8	a56	a42	0
12	1.54473112999783	a6	a10	a30	0
12	1.54479875480987	a7	a14	a31	0
12	1.54491912697531	a7	a15	a31	1
13	1.54495023438884	a7	a14
12	1.54495591487306	a7	a17	a31	2
12	1.54501082622043	a7	a14	a31	3
12	1.54510360746255	a7	a16	a31	4
13	1.54518097024753	a7	a15
13	1.54518259324301	a7	a17
13	1.54521748764603	a7	a14
12	1.54526698900844	a7	a17	a31	5
12	1.5452875469513	a7	a15	a31	6
13	1.5452880879498	a7	a16
12	1.54531865436484	a7	a14	a31	7
12	1.54536274574229	a7	a16	a31	8
13	1.54541630459343	a7	a17
13	1.54545146949569	a7	a15
13	1.54549069188667	a7	a14
12	1.54553532426262	a7	a17	a31	9
13	1.54554398023856	a7	a16
12	1.54555371821149	a7	a15	a31	10
12	1.54558266163105	a7	a14	a31	11
12	1.54562513001301	a7	a16	a31	12
13	1.54569004983256	a7	a17
13	1.54571168977242	a7	a15
12	1.54575496965212	a7	a17	a31	13
13	1.54576037963709	a7	a16
13	1.54576768311679	a7	a14
12	1.54577660959198	a7	a15	a31	14
12	1.5458317914386	a7	a16	a31	15
13	1.54589671125816	a7	a17
13	1.54595730308975	a7	a15
13	1.54600923894539	a7	a16
13	1.54615395604316	a6	a10
13	1.54627513970634	a8	a56
12	1.54631517359506	a8	a56	a45	0
12	1.54633519053943	a6	a10	a32	0
12	1.54643852125223	a7	a14	a33	0
13	1.54648017813644	a7	a14
12	1.54649749008833	a7	a14	a33	1
13	1.54651263804622	a7	a14
12	1.5465304909966	a7	a14	a33	2
13	1.5465456389545	a7	a14
12	1.54657809886428	a7	a14	a33	3
13	1.54659432881917	a7	a14
12	1.54663598570338	a7	a14	a33	4
12	1.54664815816955	a7	a16	a33	5
13	1.54665059266278	a7	a14
13	1.54669738903272	a7	a16
12	1.54674770189287	a7	a15	a33	7
12	1.54676366134852	a7	a14	a33	6
13	1.54678935877709	a7	a15
13	1.54679233426882	a7	a14
12	1.54679422776356	a7	a16	a33	8
13	1.54680991671995	a7	a16
12	1.54688051702372	a7	a14	a33	9
12	1.54690729644929	a7	a16	a33	10
13	1.54691189493651	a7	a14
13	1.54692731339365	a7	a16
12	1.54695274032298	a7	a15	a33	11
13	1.54699277421171	a7	a15
12	1.54700738117111	a7	a17	a33	12
13	1.54706472701172	a7	a17
12	1.54706580900871	a7	a16	a33	14
12	1.54707203049142	a7	a14	a33	13
12	1.54708744894856	a7	a15	a33	15
13	1.5470971869215	a7	a16
13	1.54710313790496	a7	a15
13	1.54717482020572	a7	a14
13	1.54739662958921	a6	a10
13	1.54743558148095	a8	a56
12	1.54780400145694	a8	a56	a50	0
12	1.55409581396917	a6	a10	a34	0
12	1.55417750474211	a7	a14	a35	0
12	1.5542459410519	a7	a17	a35	1
12	1.55432113984289	a7	a15	a35	2
12	1.55443961851358	a7	a16	a35	3
13	1.60108153337473	a7	a14
13	1.60164498330865	a7	a16
13	1.60200691130269	a7	a15
13	1.60208265109218	a7	a17
13	1.60269641388625	a6	a10
12	1.60275267772987	a6	a10	a36	0
12	1.60283220450883	a7	a14	a37	0
12	1.60309107228932	a7	a17	a37	1
12	1.60320955096002	a7	a15	a37	2
12	1.60326906079461	a7	a16	a37	3
13	1.60579011378747	a7	a15
13	1.60620397763716	a7	a16
13	1.60766386207948	a7	a14
13	1.60892844606464	a7	a17
13	1.60909155711128	a6	a10
12	1.6141477290579	a6	a10	a38	0
12	1.61420074691054	a7	a14	a39	0
12	1.61437305493162	a7	a17	a39	1
12	1.61440010485644	a7	a15	a39	2
12	1.61453589547901	a7	a16	a39	3
13	1.61796285045397	a7	a14
13	1.61872214184355	a7	a17
13	1.61877515969619	a7	a16
13	1.61899047709773	a7	a15
13	1.61912762021655	a6	a10
12	1.61917685107971	a6	a10	a40	0
12	1.61923960690529	a7	a14	a41	0
12	1.61945248981359	a7	a16	a41	1
12	1.61948278572938	a7	a17	a41	2
12	1.61964400328129	a7	a15	a41	3
13	1.6205910211491	a7	a14
13	1.62254429622007	a7	a17
13	1.62264438094189	a7	a16
13	1.62273743268326	a7	a15
13	1.62289134675546	a6	a10
12	1.62325652074048	a8	a57	a49	0
13	1.6380950274976	a8	a57
12	1.63818158725701	a8	a57	a54	0
12	1.64136374041237	a8	a58	a53	0
13	1.66223059341401	a8	a58
12	1.66226954530574	a8	a58	a52	0
13	1.6726599624261	a8	a58
12	1.67269999631483	a8	a58	a51	0
13	1.67894744695036	a8	a58
13	1.68411073659926	a8	a57
13	1.68420919832559	a8	a56
13	1.68433849696621	a8	a55
12	1.68474749182943	a8	a55	a46	0
12	1.68477400075575	a8	a56	a48	0
13	1.73830580196681	a8	a56
12	1.73849461044203	a6	a10	a20	0
12	1.73856926823452	a7	a14	a21	0
12	1.73894228669773	a7	a16	a21	1
12	1.73904074842406	a7	a17	a21	2
12	1.7390494044	a7	a15	a21	3
13	1.73958796840309	a7	a14
13	1.74123449732665	a7	a16
13	1.74132430307704	a7	a15
13	1.7413735339402	a7	a17
13	1.74155233394324	a6	a10
12	1.74173735542898	a8	a56	a44	0
12	1.74175683137485	a8	a57	a43	0
12	1.74209387343806	a6	a10	a22	0
12	1.74215121927867	a7	a14	a23	0
12	1.74229106738997	a7	a16	a23	1
12	1.74239980808773	a7	a15	a23	2
12	1.74249069583511	a7	a17	a23	3
13	1.74321644531792	a7	a14
12	1.74328623412395	a7	a14	a23	4
13	1.74354131491497	a7	a16
12	1.74361975969693	a7	a16	a23	5
13	1.7436533016037	a7	a15
12	1.74371984441875	a7	a15	a23	6
13	1.74376204230146	a7	a17
12	1.74382047013907	a7	a17	a23	7
13	1.74438770706246	a7	a14
12	1.74442719995269	a7	a14	a23	8
13	1.74474828256026	a7	a16
12	1.74481049738734	a7	a16	a23	9
13	1.74481915336328	a7	a15
13	1.74488840117081	a7	a17
12	1.74489218816028	a7	a15	a23	10
12	1.74496197696631	a7	a17	a23	11
13	1.74555518181752	a7	a14
12	1.74560928166716	a7	a14	a23	12
13	1.74593252826871	a7	a15
13	1.74594010224766	a7	a16
12	1.74601584203714	a7	a16	a23	13
12	1.74602449801308	a7	a15	a23	14
13	1.74609969680407	a7	a17
12	1.7461684036131	a7	a17	a23	15
13	1.74669993463574	a7	a14
13	1.74705618214557	a7	a16
13	1.7471541028734	a7	a15
13	1.74729584447944	a7	a17
13	1.74743623358924	a6	a10
12	1.74759582814565	a6	a10	a24	0
12	1.74766940394115	a7	a14	a25	0
13	1.74772188079529	a7	a14
12	1.74773919274718	a7	a14	a25	1
13	1.7477803086329	a7	a14
12	1.74783440848253	a7	a14	a25	2
12	1.74786822088855	a7	a15	a25	3
13	1.74788634433818	a7	a14
13	1.74801212648857	a7	a15
13	1.74823853435928	a6	a10
12	1.74830507717433	a6	a10	a26	0
12	1.7483683739984	a7	a14	a27	0
13	1.7484414087954	a7	a14
12	1.74847440970368	a7	a14	a27	1
12	1.74850335312323	a7	a17	a27	2
13	1.74854960849467	a7	a14
12	1.74861669230821	a7	a14	a27	3
13	1.74869270259694	a7	a17
13	1.74871623603153	a7	a14
13	1.74894886538495	a6	a10
12	1.74917554375491	a6	a10	a22	0
12	1.74936435223013	a7	a14	a23	0
12	1.74941547658803	a7	a17	a23	1
12	1.74968651683469	a7	a16	a23	2
12	1.74979796252493	a7	a15	a23	3
13	1.75037710141524	a7	a14
12	1.75044959521375	a7	a14	a23	4
13	1.75056455739422	a7	a17
12	1.75063975618521	a7	a17	a23	5
13	1.75080584272358	a7	a16
12	1.75087130354163	a7	a16	a23	6
13	1.75088428750554	a7	a15
12	1.75096597827849	a7	a15	a23	7
13	1.75144827843796	a7	a14
12	1.75150400128308	a7	a14	a23	8
13	1.75165304636882	a7	a17
12	1.75172770416131	a7	a17	a23	9
13	1.75189974168314	a7	a16
12	1.7519652025012	a7	a16	a23	10
13	1.75205176226061	a7	a15
12	1.75213237103656	a7	a15	a23	11
13	1.75251079948474	a7	a14
12	1.75257355531031	a7	a14	a23	12
13	1.7527593882938	a7	a17
12	1.75283458708478	a7	a17	a23	13
13	1.75305531447128	a7	a16
12	1.75311969329235	a7	a16	a23	14
13	1.75317866212845	a7	a15
12	1.75325981190289	a7	a15	a23	15
13	1.753574943527	a7	a14
13	1.75390360011352	a7	a17
13	1.75417464036017	a7	a16
13	1.75430718499177	a7	a15
13	1.75445677107601	a6	a10
13	1.75457633174369	a8	a57
12	1.7545898567061	a6	a10	a28	0
12	1.75466721949108	a7	a14	a29	0
13	1.75476784521139	a7	a14
12	1.75480003462192	a7	a16	a29	1
12	1.75482627304899	a7	a14	a29	2
13	1.75490471783096	a7	a14
13	1.7549791051242	a7	a16
12	1.75499804007158	a7	a17	a29	3
12	1.75502752448963	a7	a14	a29	4
12	1.75505430391519	a7	a15	a29	5
12	1.75507756685054	a7	a16	a29	6
13	1.75511002676031	a7	a17
13	1.75513247819791	a7	a14
13	1.75517332358438	a7	a15
13	1.75518252055882	a7	a16
12	1.75523418591522	a7	a14	a29	7
12	1.75524689937988	a7	a17	a29	8
12	1.75529558924455	a7	a16	a29	9
13	1.75532886065208	a7	a14
12	1.75533021314832	a7	a15	a29	10
13	1.75536537805058	a7	a17
13	1.75538106700697	a7	a16
12	1.75539810845961	a7	a14	a29	11
13	1.75541136292277	a7	a15
12	1.75544003584307	a7	a17	a29	12
12	1.75547033175887	a7	a16	a29	13
13	1.75550901315135	a7	a14
12	1.75551577563256	a7	a15	a29	14
13	1.75554120256188	a7	a17
13	1.7555677114882	a7	a16
12	1.7556053108837	a7	a14	a29	15
13	1.75564291027919	a7	a15
13	1.75572433055289	a7	a14
13	1.75582766126569	a6	a10
13	1.75583956323261	a8	a56
12	1.75607273358452	a8	a56	a42	0
12	1.75614360438754	a6	a10	a30	0
12	1.75620636021311	a7	a14	a31	0
13	1.75634810181915	a7	a14
12	1.75638786520863	a7	a15	a31	1
12	1.75641843162367	a7	a14	a31	2
12	1.75643763707029	a7	a17	a31	3
13	1.7565753211876	a7	a14
13	1.75659669062821	a7	a15
13	1.75662644554551	a7	a17
12	1.7566348310222	a7	a14	a31	4
12	1.75669948034251	a7	a16	a31	5
12	1.75674005522973	a7	a17	a31	6
12	1.75674330122071	a7	a15	a31	7
13	1.75677224464026	a7	a14
12	1.75686313238765	a7	a14	a31	8
13	1.75688233783427	a7	a15
13	1.75689369880269	a7	a16
13	1.75689910878765	a7	a17
12	1.75697430757864	a7	a16	a31	9
12	1.75699216052902	a7	a15	a31	10
13	1.75701028397865	a7	a14
12	1.75701921045384	a7	a17	a31	11
12	1.75708385977415	a7	a14	a31	12
13	1.75713768912453	a7	a16
13	1.75713985311851	a7	a15
12	1.75719503496514	a7	a16	a31	13
13	1.75719503496514	a7	a17
12	1.75721126492003	a7	a15	a31	14
13	1.75723263436063	a7	a14
12	1.75731865312155	a7	a14	a31	15
13	1.75734597354561	a7	a15
13	1.75738330244186	a7	a16
13	1.757472837693	a7	a14
13	1.75758157839076	a6	a10
13	1.75770113905845	a8	a56
12	1.75775415691109	a8	a56	a45	0
12	1.75776876387049	a6	a10	a32	0
12	1.75780717476373	a7	a14	a33	0
13	1.75784829064945	a7	a14
12	1.75785667612614	a7	a17	a33	1
12	1.75788399655021	a7	a14	a33	2
13	1.75790590698931	a7	a17
13	1.75790617748856	a7	a14
12	1.75801518868556	a7	a17	a33	3
13	1.75803087764196	a7	a17
12	1.7580468370976	a7	a14	a33	4
12	1.75805630457128	a7	a16	a33	5
13	1.75806793603896	a7	a14
13	1.75810283044197	a7	a16
12	1.75811662590362	a7	a14	a33	6
13	1.75813339685701	a7	a14
12	1.75813583135024	a7	a17	a33	7
13	1.75817802923296	a7	a17
12	1.75819047219837	a7	a16	a33	8
12	1.75821048914274	a7	a15	a33	9
13	1.7582158991277	a7	a16
12	1.75824213755477	a7	a14	a33	10
13	1.75825052303146	a7	a15
13	1.75825944950665	a7	a14
12	1.75830895086907	a7	a16	a33	11
13	1.75835385374426	a7	a16
12	1.75837684618036	a7	a14	a33	12
13	1.75839469913073	a7	a14
12	1.75839983861645	a7	a15	a33	13
12	1.75842526554578	a7	a17	a33	14
13	1.75844095450217	a7	a15
13	1.75849830034278	a7	a17
12	1.75850398082699	a7	a14	a33	15
13	1.7585321127488	a7	a14
13	1.75877448007515	a6	a10
13	1.75880748098343	a8	a56
12	1.75914885103461	a8	a56	a50	0
12	1.76528539697839	a6	a10	a34	0
12	1.76533895582952	a7	a14	a35	0
12	1.76565300545664	a7	a15	a35	1
12	1.76569520333935	a7	a16	a35	2
12	1.76577148412733	a7	a17	a35	3
13	1.8047328433362	a7	a14
13	1.81114556901236	a7	a15
13	1.81171037144252	a7	a17
13	1.81215561320499	a7	a16
13	1.81228572334335	a6	a10
12	1.81234090518998	a6	a10	a36	0
12	1.81239500503961	a7	a14	a37	0
12	1.81245857236293	a7	a15	a37	1
12	1.81283781230885	a7	a17	a37	2
12	1.81287027221863	a7	a16	a37	3
13	1.81727832796666	a7	a17
13	1.81785611436073	a7	a16
13	1.81914071529025	a7	a14
13	1.81994058156706	a7	a15
13	1.82007826568438	a6	a10
12	1.82515337257837	a6	a10	a38	0
12	1.82522748937237	a7	a14	a39	0
12	1.82536084550171	a7	a16	a39	1
12	1.82541710934533	a7	a15	a39	2
12	1.8255680479258	a7	a17	a39	3
13	1.82899716689474	a7	a14
13	1.82968612847981	a7	a15
13	1.82979541017606	a7	a16
13	1.82981813211291	a7	a17
13	1.83000883408286	a6	a10
12	1.83005968794152	a6	a10	a40	0
12	1.83011541078664	a7	a14	a41	0
12	1.83034181865735	a7	a15	a41	1
12	1.83045596934007	a7	a16	a41	2
12	1.83052251215512	a7	a17	a41	3
13	1.83143652911466	a7	a14
13	1.83341739510894	a7	a15
13	1.83364515547589	a7	a16
13	1.83368897635409	a7	a17
13	1.83388400631202	a6	a10
12	1.83426000026696	a8	a57	a49	0
13	1.84965844046777	a8	a57
12	1.84979152609787	a8	a57	a54	0
12	1.85298828621264	a8	a58	a53	0
13	1.87368201969545	a8	a58
12	1.87372800456764	a8	a58	a52	0
13	1.88412924165792	a8	a58
12	1.8841622425662	a8	a58	a51	0
13	1.89048543299121	a8	a58
13	1.89565683761755	a8	a57
13	1.89576395531982	a8	a56
13	1.89591272990631	a8	a55
12	1.89626005094095	a8	a55	a46	0
12	1.89628060888381	a8	a56	a48	0
13	1.95844836909166	a8	a56
12	1.9589287757564	a6	a10	a20	0
12	1.95906456637897	a7	a14	a21	0
12	1.95917790556395	a7	a16	a21	1
12	1.95939863295045	a7	a15	a21	2
12	1.95947761873091	a7	a17	a21	3
13	1.96008326654755	a7	a14
13	1.96010247199417	a7	a16
13	1.96028208349494	a7	a17
13	1.96043194007843	a7	a15
13	1.9605896411401	a6	a10
12	1.9611052127071	a8	a56	a44	0
12	1.96113550862289	a8	a57	a43	0
12	1.96157371740491	a6	a10	a22	0
12	1.96164458820793	a7	a14	a23	0
12	1.96178227232525	a7	a17	a23	1
12	1.96202031166363	a7	a15	a23	2
12	1.96204303360047	a7	a16	a23	3
13	1.96271955222012	a7	a14
12	1.96278284904419	a7	a14	a23	4
13	1.96298328898708	a7	a17
12	1.96307579972995	a7	a17	a23	5
13	1.9632597392187	a7	a16
13	1.9633327740157	a7	a15
12	1.96333980699616	a7	a16	a23	6
12	1.9634209567706	a7	a15	a23	7
13	1.96414670625342	a7	a14
12	1.96421324906847	a7	a14	a23	8
13	1.96436067115872	a7	a16
12	1.96443749294519	a7	a16	a23	9
13	1.96447590383843	a7	a17
12	1.96454136465649	a7	a17	a23	10
13	1.96478643697532	a7	a15
12	1.96487353773323	a7	a15	a23	11
13	1.96556358131529	a7	a14
12	1.96562633714086	a7	a14	a23	12
13	1.9657450863108	a7	a16
13	1.9657607752672	a7	a17
12	1.96582569508676	a7	a16	a23	13
12	1.96585436800706	a7	a17	a23	14
13	1.96588628691834	a7	a15
12	1.96596364970332	a7	a15	a23	15
13	1.96688334714707	a7	a17
13	1.96700858829896	a7	a14
13	1.96712950146289	a7	a16
13	1.96739621372158	a7	a15
13	1.96755120979078	a6	a10
12	1.96781088906901	a6	a10	a24	0
12	1.96787418589308	a7	a14	a25	0
13	1.96795425367054	a7	a14
12	1.9680040255322	a7	a14	a25	1
12	1.96801727999536	a7	a17	a25	2
12	1.96809572477732	a7	a15	a25	3
13	1.96814603763748	a7	a17
13	1.96815388211568	a7	a14
13	1.96818336653373	a7	a15
13	1.96844007032023	a6	a10
12	1.96852338408867	a6	a10	a26	0
12	1.96857423794732	a7	a14	a27	0
13	1.96867161767666	a7	a14
12	1.96868784763155	a7	a14	a27	1
13	1.96876953840449	a7	a14
12	1.96881606427518	a7	a14	a27	2
12	1.96883581072029	a7	a17	a27	3
13	1.96889234506316	a7	a14
13	1.96899865126768	a7	a17
13	1.96913687638349	a6	a10
12	1.96942901557151	a6	a10	a22	0
12	1.9695031323655	a7	a14	a23	0
12	1.96960781557454	a7	a15	a23	1
12	1.96965055445575	a7	a17	a23	2
12	1.96991618471745	a7	a16	a23	3
13	1.97051642254912	a7	a14
12	1.97057917837469	a7	a14	a23	4
13	1.97074174842283	a7	a17
13	1.9707471584078	a7	a15
12	1.9708196522063	a7	a17	a23	5
12	1.97082560318976	a7	a15	a23	6
13	1.97097167278377	a7	a16
12	1.97104957656724	a7	a16	a23	7
13	1.97159084556281	a7	a14
12	1.97165360138838	a7	a14	a23	8
13	1.9718502543418	a7	a17
12	1.97192220714181	a7	a17	a23	9
13	1.97207909670574	a7	a15
13	1.97207963770424	a7	a16
12	1.97215483649523	a7	a15	a23	10
12	1.97217106645012	a7	a16	a23	11
13	1.97266094058854	a7	a14
12	1.97272261441712	a7	a14	a23	12
13	1.97298418719009	a7	a17
12	1.9730420740292	a7	a17	a23	13
13	1.97321573454651	a7	a15
12	1.97328444135555	a7	a15	a23	14
13	1.97336180414052	a7	a16
12	1.97342618296158	a7	a16	a23	15
13	1.9737407735872	a7	a14
13	1.97407213516619	a7	a17
13	1.97446219508204	a7	a16
13	1.97451575393318	a7	a15
13	1.9747253908505	a6	a10
13	1.9749163633197	a8	a57
12	1.97494774123249	a6	a10	a28	0
12	1.97499967708814	a7	a14	a29	0
12	1.97508488435131	a7	a16	a29	1
13	1.97511707376184	a7	a14
12	1.97516900961749	a7	a14	a29	2
12	1.97523203594231	a7	a15	a29	3
13	1.97525232338592	a7	a14
12	1.97526665984607	a7	a17	a29	4
13	1.97532508768367	a7	a16
12	1.97533076816789	a7	a14	a29	5
12	1.97538513851677	a7	a16	a29	6
13	1.97538784350925	a7	a15
13	1.97540353246564	a7	a17
13	1.97543734487166	a7	a14
12	1.97546682928971	a7	a17	a29	7
13	1.97546737028821	a7	a16
12	1.97548684623407	a7	a15	a29	8
12	1.97553634759649	a7	a14	a29	9
13	1.97554094608371	a7	a17
12	1.97555284805063	a7	a16	a29	10
13	1.97558747195439	a7	a15
12	1.97562534184913	a7	a17	a29	11
13	1.97565049827921	a7	a14
12	1.97566158874839	a7	a15	a29	12
13	1.97570649162358	a7	a17
13	1.97572921356043	a7	a16
13	1.97574111552735	a7	a15
12	1.97581036333487	a7	a17	a29	13
12	1.97583173277548	a7	a14	a29	14
12	1.97585797120255	a7	a16	a29	15
13	1.9759099070582	a7	a17
13	1.97594182596948	a7	a16
13	1.9759610314161	a7	a14
13	1.97609465804469	a6	a10
13	1.97611737998154	a8	a56
12	1.97683961297413	a8	a56	a42	0
12	1.976932123717	a6	a10	a30	0
12	1.97711119421928	a7	a14	a31	0
12	1.97728891222532	a7	a15	a31	1
13	1.97730703567495	a7	a14
12	1.97735247954864	a7	a14	a31	2
12	1.97745499876369	a7	a16	a31	3
13	1.97752343507348	a7	a14
12	1.97752641056521	a7	a17	a31	4
13	1.97757726442386	a7	a15
12	1.97757807592161	a7	a14	a31	5
12	1.97767139816222	a7	a15	a31	6
13	1.97767572615019	a7	a16
13	1.97773496548554	a7	a14
12	1.97773902297426	a7	a16	a31	7
13	1.97774659695321	a7	a17
13	1.97780827078179	a7	a15
12	1.97781070527503	a7	a14	a31	8
12	1.97783207471563	a7	a17	a31	9
13	1.97788455156977	a7	a16
12	1.97788887955774	a7	a15	a31	10
13	1.97795190588257	a7	a14
12	1.97796678334121	a7	a16	a31	11
13	1.97797706231264	a7	a17
12	1.97802277668558	a7	a14	a31	12
13	1.97803765414423	a7	a15
13	1.97811772192169	a7	a16
12	1.97812475490214	a7	a17	a31	13
12	1.97813665686906	a7	a15	a31	14
13	1.97818561723298	a7	a14
12	1.97822862661343	a7	a16	a31	15
13	1.9782637915157	a7	a17
13	1.978292464436	a7	a15
13	1.97836712222849	a7	a16
13	1.97850426534731	a6	a10
13	1.97870984477591	a8	a56
12	1.97875853464058	a8	a56	a45	0
12	1.97880073252329	a6	a10	a32	0
12	1.97889865325113	a7	a14	a33	0
13	1.97893652314587	a7	a14
12	1.97897763903159	a7	a14	a33	1
13	1.97899386898648	a7	a14
12	1.97901740242107	a7	a16	a33	2
12	1.97903660786769	a7	a14	a33	3
13	1.97905229682408	a7	a14
12	1.97906122329927	a7	a15	a33	4
13	1.97908015824665	a7	a16
13	1.9791164051459	a7	a15
12	1.97913506959402	a7	a14	a33	5
13	1.97915075855042	a7	a14
12	1.97915860302861	a7	a16	a33	6
13	1.97920296490531	a7	a16
12	1.97924570378652	a7	a15	a33	7
12	1.97926680272788	a7	a16	a33	8
13	1.97927058971735	a7	a15
13	1.97928303268277	a7	a16
12	1.9793141400963	a7	a14	a33	9
12	1.97934200151886	a7	a16	a33	10
13	1.97935769047526	a7	a16
13	1.97936932194293	a7	a14
12	1.97939880636098	a7	a17	a33	11
12	1.97942098729933	a7	a15	a33	12
13	1.97946210318505	a7	a17
12	1.97946886566625	a7	a14	a33	13
12	1.97948212012941	a7	a16	a33	14
13	1.9794837431249	a7	a15
13	1.97948780061362	a7	a14
13	1.97949997307979	a7	a16
12	1.97960384479108	a7	a17	a33	15
13	1.97963414070688	a7	a17
13	1.97987082754902	a6	a10
13	1.97994548534151	a8	a56
12	1.98113405903793	a8	a56	a50	0
12	1.98742533055166	a6	a10	a34	0
12	1.98748862737573	a7	a14	a35	0
12	1.98768960831711	a7	a17	a35	1
12	1.98779131603442	a7	a16	a35	2
12	1.98784054689759	a7	a15	a35	3
13	2.03038061115963	a7	a14
13	2.03301716733145	a7	a15
13	2.03374264631502	a7	a16
13	2.0342755298339	a7	a17
13	2.0344148369467	a6	a10
12	2.03448354375573	a6	a10	a36	0
12	2.03455549655574	a7	a14	a37	0
12	2.03468939368358	a7	a15	a37	1
12	2.03478569141593	a7	a16	a37	2
12	2.03495502394528	a7	a17	a37	3
13	2.0385553689383	a7	a16
13	2.04071232994314	a7	a17
13	2.04122330302291	a7	a14
13	2.04232288246669	a7	a15
13	2.04245677959453	a6	a10
12	2.04758165835018	a6	a10	a38	0
12	2.04764225018177	a7	a14	a39	0
12	2.0478080662209	a7	a15	a39	1
12	2.04785296909609	a7	a17	a39	2
12	2.04799579269912	a7	a16	a39	3
13	2.05140597672069	a7	a14
13	2.05214146417643	a7	a16
13	2.0521755470817	a7	a17
13	2.05220692499449	a7	a15
13	2.0524187259058	a6	a10
12	2.05248635071784	a6	a10	a40	0
12	2.05254802454642	a7	a14	a41	0
12	2.05289399308482	a7	a16	a41	1
12	2.05292266600512	a7	a17	a41	2
12	2.05296919187581	a7	a15	a41	3
13	2.05383992895564	a7	a14
13	2.05583972989729	a7	a15
13	2.05604747331988	a7	a17
13	2.05609508118756	a7	a16
13	2.05633393202368	a6	a10
12	2.05676618982224	a8	a57	a49	0
13	2.07192713168317	a8	a57
12	2.07208131625462	a8	a57	a54	0
12	2.07539330904911	a8	a58	a53	0
13	2.09614060138306	a8	a58
12	2.09618604525675	a8	a58	a52	0
13	2.10652885450943	a8	a58
12	2.10657267538763	a8	a58	a51	0
13	2.11286989788482	a8	a58
13	2.1180797134044	a8	a57
13	2.11829827679691	a8	a56
13	2.11844380539243	a8	a55
12	2.11893936001506	a8	a55	a46	0
12	2.11898642688424	a8	a56	a48	0
13	2.16995227222724	a8	a56
12	2.17010916179118	a6	a10	a20	0
12	2.17020545952352	a7	a14	a21	0
12	2.17052383713861	a7	a17	a21	1
12	2.17058605196568	a7	a16	a21	2
12	2.17064934878975	a7	a15	a21	3
13	2.17122902867856	a7	a14
13	2.17284742568031	a7	a17
13	2.17289665654348	a7	a16
13	2.17291883748182	a7	a15
13	2.17312847439915	a6	a10
12	2.17333946381272	a8	a56	a44	0
12	2.17336813673302	a8	a57	a43	0
12	2.1736651449075	a6	a10	a22	0
12	2.1737235727451	a7	a14	a23	0
12	2.1739662105707	a7	a17	a23	1
12	2.17406683629102	a7	a16	a23	2
12	2.17411877214667	a7	a15	a23	3
13	2.17474714190015	a7	a14
12	2.17480989772572	a7	a14	a23	4
13	2.17517534220998	a7	a17
12	2.17525054100097	a7	a17	a23	5
13	2.17537118366565	a7	a16
12	2.17543664448371	a7	a16	a23	6
13	2.17546531740401	a7	a15
12	2.17553835220102	a7	a15	a23	7
13	2.17590541968077	a7	a14
12	2.17596655251086	a7	a14	a23	8
13	2.17632550501316	a7	a17
12	2.17638771984024	a7	a17	a23	9
13	2.17655813436658	a7	a16
13	2.17661169321772	a7	a15
12	2.17662413618313	a7	a16	a23	10
12	2.17670853194856	a7	a15	a23	11
13	2.17702690956365	a7	a14
12	2.17709074738621	a7	a14	a23	12
13	2.1774675528389	a7	a17
12	2.17752760367199	a7	a17	a23	13
13	2.17771424815322	a7	a16
12	2.17778565995474	a7	a16	a23	14
13	2.17782623484196	a7	a15
12	2.17790738461641	a7	a15	a23	15
13	2.17821331926608	a7	a14
13	2.1785706487729	a7	a17
13	2.17882816405715	a7	a16
13	2.17895854469476	a7	a15
13	2.17911029477298	a6	a10
12	2.17927043032789	a6	a10	a24	0
12	2.17933048116099	a7	a14	a25	0
13	2.17939377798506	a7	a14
12	2.17943976285724	a7	a14	a25	1
12	2.1794687062768	a7	a16	a25	2
13	2.17949223971139	a7	a14
12	2.17957338948583	a7	a14	a25	3
13	2.17963695680915	a7	a16
13	2.17963830930539	a7	a14
13	2.17988392262272	a6	a10
12	2.17993802247236	a6	a10	a26	0
12	2.18002079524229	a7	a14	a27	0
13	2.18009491203629	a7	a14
12	2.18011546997915	a7	a14	a27	1
13	2.18019283276412	a7	a14
12	2.1802258336724	a7	a14	a27	2
12	2.180247203113	a7	a15	a27	3
13	2.18030752444534	a7	a14
13	2.18040355167844	a7	a15
13	2.18059587664388	a6	a10
12	2.18083175198828	a6	a10	a22	0
12	2.18088044185295	a7	a14	a23	0
12	2.18106735683343	a7	a16	a23	1
12	2.18119665547405	a7	a15	a23	2
12	2.18122857438533	a7	a17	a23	3
13	2.18189535503205	a7	a14
12	2.18194837288469	a7	a14	a23	4
13	2.182233208593	a7	a16
13	2.18227432447872	a7	a17
12	2.18228947243662	a7	a16	a23	5
13	2.18231057137797	a7	a15
12	2.18238468817197	a7	a15	a23	6
12	2.18241660708325	a7	a17	a23	7
13	2.1829470561089	a7	a14
12	2.18299574597357	a7	a14	a23	8
13	2.18334604249994	a7	a16
12	2.18340879832551	a7	a16	a23	9
13	2.1834390942413	a7	a15
13	2.18346722616311	a7	a17
12	2.18350455505936	a7	a15	a23	10
12	2.1835424249541	a7	a17	a23	11
13	2.18400308517372	a7	a14
12	2.18405339803388	a7	a14	a23	12
13	2.18450269728507	a7	a16
12	2.18456978109862	a7	a16	a23	13
13	2.1845724860911	a7	a17
13	2.18459088003997	a7	a15
12	2.18464173389863	a7	a17	a23	14
12	2.1846601278475	a7	a15	a23	15
13	2.18505532724906	a7	a14
13	2.18559389125215	a7	a16
13	2.1856750410266	a7	a15
13	2.18571128792586	a7	a17
13	2.18587764496347	a6	a10
13	2.18598043467778	a8	a57
12	2.1860215505635	a6	a10	a28	0
12	2.18606861743268	a7	a14	a29	0
12	2.18616193967329	a7	a16	a29	1
13	2.18617086614848	a7	a14
12	2.18620873604322	a7	a14	a29	2
13	2.1862855578297	a7	a14
13	2.18633451819362	a7	a16
12	2.18636616660565	a7	a14	a29	3
13	2.18643974240115	a7	a14
12	2.18645029187183	a7	a17	a29	4
12	2.18646543982973	a7	a16	a29	5
12	2.18648329278011	a7	a15	a29	6
12	2.18650844921019	a7	a14	a29	7
13	2.1865584915711	a7	a17
13	2.18656985253952	a7	a16
13	2.18659527946885	a7	a15
13	2.18664315783577	a7	a14
12	2.18667318325232	a7	a16	a29	8
12	2.18670347916811	a7	a17	a29	9
12	2.18672782410044	a7	a15	a29	10
12	2.18677462047038	a7	a14	a29	11
13	2.18677975995609	a7	a16
13	2.18679003892752	a7	a17
13	2.18683548280121	a7	a15
12	2.18685820473806	a7	a16	a29	12
13	2.18686388522227	a7	a14
12	2.1869252885516	a7	a17	a29	13
12	2.18693935451251	a7	a15	a29	14
13	2.18695071548093	a7	a16
12	2.1869764129095	a7	a14	a29	15
13	2.18702212728244	a7	a15
13	2.18702645527041	a7	a17
13	2.18712789248847	a7	a14
13	2.18723338719526	a6	a10
13	2.18726638810353	a8	a56
12	2.18749685346297	a8	a56	a42	0
12	2.18757205225395	a6	a10	a30	0
12	2.18763156208855	a7	a14	a31	0
12	2.18775301625097	a7	a15	a31	1
12	2.18778926315023	a7	a17	a31	2
13	2.18780522260587	a7	a14
12	2.18786581443746	a7	a14	a31	3
12	2.18796562866003	a7	a16	a31	4
13	2.1879845636074	a7	a15
13	2.18799376058184	a7	a17
13	2.18803406496981	a7	a14
12	2.18810168978185	a7	a14	a31	5
12	2.18810628826907	a7	a15	a31	6
12	2.1881322561969	a7	a17	a31	7
13	2.18814794515329	a7	a16
12	2.18823775090368	a7	a16	a31	8
13	2.18824424288563	a7	a15
13	2.18826777632022	a7	a14
13	2.1882929327503	a7	a17
12	2.18833675362851	a7	a15	a31	9
12	2.18835839356836	a7	a17	a31	10
13	2.18837624651874	a7	a16
12	2.1883895009819	a7	a14	a31	11
12	2.18843683835033	a7	a16	a31	12
13	2.18848715121048	a7	a15
13	2.18849147919845	a7	a17
13	2.18855504652177	a7	a14
12	2.18856343199846	a7	a17	a31	13
12	2.18857912095486	a7	a15	a31	14
13	2.18859535090975	a7	a16
12	2.18862645832329	a7	a14	a31	15
13	2.1887203215624	a7	a15
13	2.18876630643459	a7	a17
13	2.18884231672332	a7	a14
13	2.18894131944815	a6	a10
13	2.18906088011583	a8	a56
12	2.18910037300606	a8	a56	a45	0
12	2.1891387838993	a6	a10	a32	0
12	2.18919450674442	a7	a14	a33	0
13	2.18921073669931	a7	a14
12	2.1892275076527	a7	a14	a33	1
13	2.18925022958955	a7	a14
12	2.18926645954444	a7	a14	a33	2
13	2.18928160750233	a7	a14
12	2.18929729645873	a7	a14	a33	3
13	2.18931460841061	a7	a14
12	2.189330297367	a7	a14	a33	4
13	2.18934706832039	a7	a14
12	2.18941252913844	a7	a14	a33	5
13	2.18942875909333	a7	a14
12	2.1894549975204	a7	a17	a33	6
12	2.18947420296702	a7	a14	a33	7
13	2.18949043292191	a7	a14
13	2.18950801537304	a7	a17
12	2.18951180236252	a7	a15	a33	8
13	2.18956049222719	a7	a15
12	2.18957699268132	a7	a14	a33	9
12	2.1896021491114	a7	a16	a33	10
13	2.18960241961065	a7	a14
12	2.18962865803772	a7	a17	a33	11
13	2.18963731401366	a7	a16
13	2.18965895395352	a7	a17
12	2.18968492188134	a7	a15	a33	12
13	2.18972766076255	a7	a15
12	2.18974280872045	a7	a16	a33	13
13	2.18977148164075	a7	a16
12	2.18979663807083	a7	a14	a33	14
13	2.18981719601369	a7	a14
12	2.18987373035656	a7	a17	a33	15
13	2.18993269919266	a7	a17
13	2.19013530312953	a6	a10
13	2.19017263202577	a8	a56
12	2.1905664789311	a8	a56	a50	0
12	2.19670086088089	a6	a10	a34	0
12	2.19676956768993	a7	a14	a35	0
12	2.19698245059823	a7	a15	a35	1
12	2.19702681247493	a7	a16	a35	2
12	2.19710633925389	a7	a17	a35	3
13	2.24009272727539	a7	a14
13	2.2419231956877	a7	a15
13	2.24264110069232	a7	a17
13	2.24302142263523	a7	a16
13	2.24315802475555	a6	a10
12	2.2432094196127	a6	a10	a36	0
12	2.24327001144429	a7	a14	a37	0
12	2.24358676606389	a7	a15	a37	1
12	2.24362084896915	a7	a17	a37	2
12	2.24367386682179	a7	a16	a37	3
13	2.2470702553817	a7	a17
13	2.24874410472932	a7	a16
13	2.24969166359563	a7	a14
13	2.25096165756575	a7	a15
13	2.25113450658532	a6	a10
12	2.25614361166277	a6	a10	a38	0
12	2.25624369638459	a7	a14	a39	0
12	2.25632728065227	a7	a16	a39	1
12	2.25636352755152	a7	a15	a39	2
12	2.25667406068841	a7	a17	a39	3
13	2.25998145499568	a7	a14
13	2.26068935152811	a7	a15
13	2.26076725531158	a7	a16
13	2.26083379812663	a7	a17
13	2.260963908265	a6	a10
12	2.26101854911313	a6	a10	a40	0
12	2.26107318996125	a7	a14	a41	0
12	2.26135153368761	a7	a15	a41	1
12	2.2614272734771	a7	a16	a41	2
12	2.26149868527861	a7	a17	a41	3
13	2.26242298120958	a7	a14
13	2.26453801483095	a7	a15
13	2.2645748027287	a7	a17
13	2.26457588472569	a7	a16
13	2.26485855644002	a6	a10
12	2.26524915735436	a8	a57	a49	0
13	2.2803944102589	a8	a57
12	2.28048313401229	a8	a57	a54	0
12	2.28361443330901	a8	a58	a53	0
13	2.3045462061302	a8	a58
12	2.30457974803697	a8	a58	a52	0
13	2.31479163565355	a8	a58
12	2.31483329253776	a8	a58	a51	0
13	2.32111320308307	a8	a58
13	2.32629867367032	a8	a57
13	2.32647990816658	a8	a56
13	2.32660217382675	a8	a55
12	2.32693272390801	a8	a55	a46	0
12	2.32697654478621	a8	a56	a48	0
13	2.3795767465866	a8	a56
12	2.379739587134	a6	a10	a20	0
12	2.379812621931	a7	a14	a21	0
12	2.38007365370547	a7	a17	a21	1
12	2.38021485431302	a7	a15	a21	2
12	2.38026841316415	a7	a16	a21	3
13	2.38078993571461	a7	a15
13	2.38081455114619	a7	a14
13	2.38238209428928	a7	a17
13	2.3825411478472	a7	a16
13	2.38267883196451	a6	a10
12	2.38287846040966	a8	a56	a44	0
12	2.38289955935101	a8	a57	a43	0
12	2.38320305950745	a6	a10	a22	0
12	2.38325770035558	a7	a14	a23	0
12	2.38341972940523	a7	a17	a23	1
12	2.38351873213005	a7	a15	a23	2
12	2.38361881685187	a7	a16	a23	3
13	2.38429479447303	a7	a14
12	2.38435214031364	a7	a14	a23	4
13	2.38472245378437	a7	a17
13	2.38474030673475	a7	a15
12	2.38479873457235	a7	a15	a23	5
12	2.38482362050318	a7	a17	a23	6
13	2.38490639327312	a7	a16
12	2.38497455908366	a7	a16	a23	7
13	2.38542926831981	a7	a14
12	2.38548120417546	a7	a14	a23	8
13	2.38593374941763	a7	a15
13	2.38595484835899	a7	a17
12	2.38602896515299	a7	a17	a23	9
13	2.38603112914697	a7	a16
12	2.38604086711991	a7	a15	a23	10
12	2.3861295908733	a7	a16	a23	11
13	2.38690565321628	a7	a14
12	2.3869613760614	a7	a14	a23	12
13	2.38706389527645	a7	a15
12	2.38714829104188	a7	a15	a23	13
13	2.38768604354722	a7	a17
12	2.38777206230814	a7	a17	a23	14
13	2.38780452221792	a7	a16
12	2.3878661960465	a7	a16	a23	15
13	2.38804391405254	a7	a14
13	2.38823678001648	a7	a15
13	2.38879454946619	a7	a17
13	2.38900121089178	a7	a16
13	2.38914538699105	a6	a10
12	2.38928442360461	a6	a10	a24	0
12	2.38934122844672	a7	a14	a25	0
13	2.3893882953159	a7	a14
12	2.38942995220012	a7	a14	a25	1
12	2.38945240363771	a7	a17	a25	2
13	2.38947052708734	a7	a14
12	2.38951597096103	a7	a14	a25	3
13	2.38957223480465	a7	a14
13	2.38958927625728	a7	a17
13	2.38982109411296	a6	a10
12	2.38987952195056	a6	a10	a26	0
12	2.38993632679267	a7	a14	a27	0
13	2.39001098458517	a7	a14
12	2.39002721454006	a7	a14	a27	1
13	2.39009808534307	a7	a14
12	2.3901240532709	a7	a14	a27	2
13	2.39020033405888	a7	a14
12	2.39024523693407	a7	a14	a27	3
13	2.39031664873559	a7	a14
13	2.39057686901232	a6	a10
12	2.39078731742739	a6	a10	a22	0
12	2.390843581271	a7	a14	a23	0
12	2.39088767264846	a7	a16	a23	1
12	2.39099046236276	a7	a15	a23	2
12	2.39123228869061	a7	a17	a23	3
13	2.39184983847416	a7	a14
12	2.39190123333131	a7	a14	a23	4
13	2.39202755648021	a7	a15
13	2.39204811442307	a7	a16
12	2.39211898522608	a7	a16	a23	5
12	2.39214008416744	a7	a15	a23	6
13	2.39231374468476	a7	a17
12	2.39237541851334	a7	a17	a23	7
13	2.3929042445435	a7	a14
12	2.39295401640516	a7	a14	a23	8
13	2.39316581731647	a7	a16
12	2.39321558917813	a7	a16	a23	9
13	2.39324534409543	a7	a15
12	2.39331242790897	a7	a15	a23	10
13	2.39344821853155	a7	a17
12	2.39350881036314	a7	a17	a23	11
13	2.39395973260982	a7	a14
12	2.39399814350306	a7	a14	a23	12
13	2.39431489812266	a7	a16
13	2.39432625909108	a7	a15
12	2.39436845697379	a7	a16	a23	13
12	2.39438630992417	a7	a15	a23	14
13	2.39459567634225	a7	a17
12	2.39465410417985	a7	a17	a23	15
13	2.39501251568366	a7	a14
13	2.3953974361138	a7	a16
13	2.39550779980705	a7	a15
13	2.39572528120257	a7	a17
13	2.3958602603274	a6	a10
13	2.39595006607779	a8	a57
12	2.39599172296201	a6	a10	a28	0
12	2.39604311781916	a7	a14	a29	0
13	2.39614536653496	a7	a14
12	2.39614780102819	a7	a15	a29	1
12	2.39618918741316	a7	a14	a29	2
13	2.39626925519062	a7	a14
13	2.39632037954852	a7	a15
12	2.39636176593349	a7	a14	a29	3
13	2.39643209573801	a7	a14
12	2.39644318620719	a7	a15	a29	4
12	2.39647591661621	a7	a14	a29	5
12	2.39649404006584	a7	a17	a29	6
12	2.39652000799366	a7	a16	a29	7
13	2.39653190996058	a7	a15
13	2.39656355837262	a7	a14
13	2.39660440375909	a7	a17
12	2.39660710875157	a7	a15	a29	8
13	2.3966325356809	a7	a16
12	2.39665877410797	a7	a14	a29	9
12	2.39667960255008	a7	a17	a29	10
13	2.3967066524749	a7	a15
12	2.39671584944933	a7	a16	a29	11
13	2.39673884188543	a7	a14
13	2.3968089011907	a7	a17
13	2.39682729513957	a7	a16
12	2.39682810663732	a7	a14	a29	12
12	2.39684406609296	a7	a15	a29	13
12	2.39690032993658	a7	a17	a29	14
13	2.39693089635162	a7	a14
13	2.39694631480877	a7	a15
12	2.39694956079974	a7	a16	a29	15
13	2.39702800558171	a7	a17
13	2.39706479347946	a7	a16
13	2.39722249454114	a6	a10
13	2.39723547850505	a8	a56
12	2.39752058471261	a8	a56	a42	0
12	2.39757793055322	a6	a10	a30	0
12	2.39762932541037	a7	a14	a31	0
12	2.39776322253821	a7	a16	a31	1
12	2.39778864946754	a7	a17	a31	2
13	2.39780514992168	a7	a14
12	2.3978457248089	a7	a14	a31	3
12	2.39798340892621	a7	a15	a31	4
13	2.39799855688411	a7	a17
13	2.39799909788261	a7	a16
13	2.39800261437283	a7	a14
12	2.39810324009315	a7	a14	a31	5
12	2.39812244553977	a7	a17	a31	6
12	2.39813542950368	a7	a16	a31	7
13	2.39815382345256	a7	a15
12	2.39823443222851	a7	a15	a31	8
13	2.39826662163904	a7	a14
13	2.39827608911272	a7	a17
13	2.3982944830616	a7	a16
12	2.39836400136838	a7	a14	a31	9
13	2.39836914085409	a7	a15
12	2.39837671483304	a7	a17	a31	10
12	2.39839240378943	a7	a16	a31	11
12	2.39847625855636	a7	a15	a31	12
13	2.39853062890524	a7	a14
13	2.39855470333833	a7	a16
13	2.3985736382857	a7	a17
12	2.39862205765112	a7	a14	a31	13
13	2.39863531211428	a7	a15
12	2.39864883707669	a7	a16	a31	14
12	2.39870510092031	a7	a17	a31	15
13	2.39876163526317	a7	a14
13	2.39880031665566	a7	a16
13	2.39885928549176	a7	a17
13	2.39899696960907	a6	a10
13	2.39912464525421	a8	a56
12	2.39915818716098	a8	a56	a45	0
12	2.39917279412038	a6	a10	a32	0
12	2.399229057964	a7	a14	a33	0
13	2.39924474692039	a7	a14
12	2.39926638686024	a7	a14	a33	1
13	2.39928261681513	a7	a14
12	2.39932535569634	a7	a14	a33	2
12	2.39934023315499	a7	a16	a33	3
13	2.39934104465273	a7	a14
13	2.39938946401816	a7	a16
12	2.3993981199941	a7	a17	a33	4
13	2.39943490789185	a7	a17
12	2.39943517839109	a7	a14	a33	5
13	2.39945194934448	a7	a14
12	2.39950469669787	a7	a16	a33	6
13	2.39952795963321	a7	a16
12	2.39953093512494	a7	a14	a33	7
13	2.39954932907382	a7	a14
12	2.39956907551893	a7	a17	a33	8
13	2.3996329133415	a7	a17
12	2.39963615933248	a7	a16	a33	9
13	2.39966483225278	a7	a16
12	2.39968376720015	a7	a15	a33	10
13	2.39972650608136	a7	a15
12	2.39972975207234	a7	a17	a33	11
12	2.39975328550693	a7	a14	a33	12
13	2.39977735994002	a7	a17
13	2.39980468036408	a7	a14
12	2.39983741077311	a7	a16	a33	13
12	2.399853640728	a7	a15	a33	14
13	2.39988988762725	a7	a16
13	2.39990882257462	a7	a15
12	2.3999126095641	a7	a17	a33	15
13	2.39992883951899	a7	a17
13	2.40012982046037	a6	a10
13	2.40017472333557	a8	a56
12	2.40052799535367	a8	a56	a50	0
12	2.40692584357117	a6	a10	a34	0
12	2.40705027322532	a7	a14	a35	0
12	2.40710193858172	a7	a15	a35	1
12	2.4074730635502	a7	a17	a35	2
12	2.40750768745396	a7	a16	a35	3
13	2.45153035809517	a7	a15
13	2.45303379291645	a7	a16
13	2.45364809670903	a7	a14
13	2.45385773362635	a7	a17
13	2.4541966691843	a6	a10
12	2.45424752304295	a6	a10	a36	0
12	2.45430432788506	a7	a14	a37	0
12	2.45459186858586	a7	a16	a37	1
12	2.4547325281949	a7	a15	a37	2
12	2.45477418507912	a7	a17	a37	3
13	2.45798717514878	a7	a15
13	2.4587629669925	a7	a17
13	2.46024503237318	a7	a14
13	2.46123695311618	a7	a16
13	2.46137571923049	a6	a10
12	2.46638374231094	a6	a10	a38	0
12	2.46643946515606	a7	a14	a39	0
12	2.46657173928841	a7	a16	a39	1
12	2.46665072506888	a7	a17	a39	2
12	2.46677461372453	a7	a15	a39	3
13	2.47004576113255	a7	a14
13	2.47088836629057	a7	a17
13	2.47093381016426	a7	a16
13	2.47096627007404	a7	a15
13	2.47116941500941	a6	a10
12	2.47120998989663	a6	a10	a40	0
12	2.47127436871769	a7	a14	a41	0
12	2.47159761531925	a7	a17	a41	1
12	2.47165442016136	a7	a16	a41	2
12	2.47168471607715	a7	a15	a41	3
13	2.47256681412541	a7	a14
13	2.47471214366257	a7	a17
13	2.4747667845107	a7	a16
13	2.47478626045657	a7	a15
13	2.47510409707316	a6	a10
12	2.47547792703411	a8	a57	a49	0
13	2.49069567373716	a8	a57
12	2.49077357752063	a8	a57	a54	0
12	2.49396709164442	a8	a58	a53	0
13	2.51484909260395	a8	a58
12	2.51488155251373	a8	a58	a52	0
13	2.52522977175138	a8	a58
12	2.52527629762206	a8	a58	a51	0
13	2.53155512617037	a8	a58
13	2.53669352988844	a8	a57
13	2.53680064759071	a8	a56
13	2.53690938828847	a8	a55
12	2.53698296408397	a8	a55	a50	0
12	2.55083090259432	a6	a10	a34	0
12	2.55090015040185	a7	a14	a35	0
12	2.55103783451917	a7	a16	a35	1
12	2.55109572135827	a7	a17	a35	2
12	2.55129318580943	a7	a15	a35	3
13	2.59451220318436	a7	a14
13	2.59451896566556	a7	a15
13	2.59639406645381	a7	a16
13	2.59687447311855	a7	a17
13	2.59700837024639	a6	a10
12	2.59707220806895	a6	a10	a36	0
12	2.59713334089904	a7	a14	a37	0
12	2.59738842169005	a7	a16	a37	1
12	2.59745225951262	a7	a15	a37	2
12	2.59756262320587	a7	a17	a37	3
13	2.60056083687248	a7	a15
13	2.60116621418987	a7	a17
13	2.60225551466221	a7	a14
13	2.60360882240076	a7	a16
13	2.60375191650304	a6	a10
12	2.60875452959853	a6	a10	a38	0
12	2.60882702339704	a7	a14	a39	0
12	2.60902962733391	a7	a15	a39	1
12	2.60909238315948	a7	a16	a39	2
12	2.60915405698806	a7	a17	a39	3
13	2.61092934355374	a7	a14
13	2.61279930485628	a7	a17
13	2.61306764011046	a7	a16
13	2.61309414903678	a7	a15
13	2.61331460592403	a6	a10
12	2.61335139382178	a6	a10	a40	0
12	2.61356508822782	a7	a14	a41	0
12	2.6137671511662	a7	a16	a41	1
12	2.61382341500982	a7	a15	a41	2
12	2.61388671183389	a7	a17	a41	3
13	2.61493435542202	a7	a14
13	2.61698933821029	a7	a17
13	2.61703748707647	a7	a16
13	2.6172533454765	a7	a15
13	2.61739968556975	a6	a10
12	2.61776215456229	a8	a56	a49	0
13	2.63291714543976	a8	a56
12	2.63300532819466	a8	a56	a54	0
12	2.63614041448084	a8	a57	a53	0
13	2.65657122269445	a8	a57
12	2.65660584659821	a8	a57	a52	0
13	2.66671873148996	a8	a57
12	2.66675497838921	a8	a57	a51	0
13	2.67304246291347	a8	a57
13	2.6782436224571	a8	a56
13	2.67837400309472	a8	a55
