%EventDef PajeDefineContainerType 0 
%       Alias string 
%       Type string 
%       Name string 
%EndEventDef 
%EventDef PajeDefineVariableType 1 
%       Alias string 
%       Type string 
%       Name string 
%       Color color 
%EndEventDef 
%EventDef PajeDefineStateType 2 
%       Alias string 
%       Type string 
%       Name string 
%EndEventDef 
%EventDef PajeDefineEventType 3 
%       Alias string 
%       Type string 
%       Name string 
%       Color color 
%EndEventDef 
%EventDef PajeDefineLinkType 4 
%       Alias string 
%       Type string 
%       StartContainerType string 
%       EndContainerType string 
%       Name string 
%EndEventDef 
%EventDef PajeDefineEntityValue 5 
%       Alias string 
%       Type string 
%       Name string 
%       Color color 
%EndEventDef 
%EventDef PajeCreateContainer 6 
%       Time date 
%       Alias string 
%       Type string 
%       Container string 
%       Name string 
%EndEventDef 
%EventDef PajeDestroyContainer 7 
%       Time date 
%       Type string 
%       Name string 
%EndEventDef 
%EventDef PajeSetVariable 8 
%       Time date 
%       Type string 
%       Container string 
%       Value double 
%EndEventDef
%EventDef PajeAddVariable 9 
%       Time date 
%       Type string 
%       Container string 
%       Value double 
%EndEventDef
%EventDef PajeSubVariable 10 
%       Time date 
%       Type string 
%       Container string 
%       Value double 
%EndEventDef
%EventDef PajeSetState 11 
%       Time date 
%       Type string 
%       Container string 
%       Value string 
%EndEventDef
%EventDef PajePushState 12 
%       Time date 
%       Type string 
%       Container string 
%       Value string 
%       Id string 
%EndEventDef
%EventDef PajePopState 13 
%       Time date 
%       Type string 
%       Container string 
%EndEventDef
%EventDef PajeResetState 14 
%       Time date 
%       Type string 
%       Container string 
%EndEventDef
%EventDef PajeStartLink 15 
%       Time date 
%       Type string 
%       Container string 
%       Value string 
%       StartContainer string 
%       Key string 
%EndEventDef
%EventDef PajeEndLink 16 
%       Time date 
%       Type string 
%       Container string 
%       Value string 
%       EndContainer string 
%       Key string 
%EndEventDef
%EventDef PajeNewEvent 17 
%       Time date 
%       Type string 
%       Container string 
%       Value string 
%EndEventDef
0	a1	0	"Task Manager"
0	a2	a1	"Node"
0	a3	a1	"Thread"
0	a4	a1	"Jobs"
0	a5	a1	"Memory usage"
2	a6	a4	"Job"
2	a7	a3	"Task"
2	a8	a3	"Timer state"
6	0	a9	a1	0	"The task manager"
6	0	a10	a4	a9	"Jobs"
6	0	a11	a5	a9	"Memory"
1	a12	a1	"Memory [MB]"	"1.0 1.0 1.0"
6	0	a13	a2	a9	"Node 0"
6	0	a14	a3	a13	"Thread 0"
6	0	a15	a3	a13	"Thread 1"
6	0	a16	a3	a13	"Thread 2"
6	0	a17	a3	a13	"Thread 3"
5	a18	a6	"ngcore::ParallelFor<int,ngcore::EnterTaskManager()::{lambda(int)#1}>(ngcore::T_Range<int>,ngcore::EnterTaskManager()::{lambda(int)#1},int,ngcore::TotalCosts)::{lambda(ngcore::TaskInfo&)#1}"	"0.630615054310908 1 0"
5	a19	a7	"ngcore::ParallelFor<int,ngcore::EnterTaskManager()::{lambda(int)#1}>(ngcore::T_Range<int>,ngcore::EnterTaskManager()::{lambda(int)#1},int,ngcore::TotalCosts)::{lambda(ngcore::TaskInfo&)#1}"	"0.630615054310908 1 0"
5	a20	a6	"ngcore::ParallelForRange<netgen::ElementIndex,netgen::MeshOptimize3d::SwapImprove(netgen::Mesh&,netgen::OPTIMIZEGOAL,netgen::NgBitArray const*)::{lambda(auto:1)#1}>(ngcore::T_Range<netgen::ElementIndex>,netgen::MeshOptimize3d::SwapImprove(netgen::Mesh&,netgen::OPTIMIZEGOAL,netgen::NgBitArray const*)::{lambda(auto:1)#1},int,ngcore::TotalCosts)::{lambda(ngcore::TaskInfo&)#1}"	"0.708022642579866 0 1"
5	a21	a7	"ngcore::ParallelForRange<netgen::ElementIndex,netgen::MeshOptimize3d::SwapImprove(netgen::Mesh&,netgen::OPTIMIZEGOAL,netgen::NgBitArray const*)::{lambda(auto:1)#1}>(ngcore::T_Range<netgen::ElementIndex>,netgen::MeshOptimize3d::SwapImprove(netgen::Mesh&,netgen::OPTIMIZEGOAL,netgen::NgBitArray const*)::{lambda(auto:1)#1},int,ngcore::TotalCosts)::{lambda(ngcore::TaskInfo&)#1}"	"0.708022642579866 0 1"
5	a22	a6	"ngcore::ParallelForRange<netgen::ElementIndex,ngcore::CreateTable<netgen::ElementIndex,netgen::PointIndex,ngcore::T_Range<netgen::ElementIndex>,netgen::Mesh::CreatePoint2ElementTable(std::optional<ngcore::BitArray>)const::{lambda(auto:1&,netgen::ElementIndex)#1}>(ngcore::T_Range<netgen::ElementIndex>const&,netgen::Mesh::CreatePoint2ElementTable(std::optional<ngcore::BitArray>)const::{lambda(auto:1&,netgen::ElementIndex)#1}const&,std::optional<unsigned long>)::{lambda(auto:1)#1}>(ngcore::T_Range<netgen::ElementIndex>,ngcore::Table,int,ngcore::TotalCosts)::{lambda(ngcore::TaskInfo&)#1}"	"0 0.230008221284954 1"
5	a23	a7	"ngcore::ParallelForRange<netgen::ElementIndex,ngcore::CreateTable<netgen::ElementIndex,netgen::PointIndex,ngcore::T_Range<netgen::ElementIndex>,netgen::Mesh::CreatePoint2ElementTable(std::optional<ngcore::BitArray>)const::{lambda(auto:1&,netgen::ElementIndex)#1}>(ngcore::T_Range<netgen::ElementIndex>const&,netgen::Mesh::CreatePoint2ElementTable(std::optional<ngcore::BitArray>)const::{lambda(auto:1&,netgen::ElementIndex)#1}const&,std::optional<unsigned long>)::{lambda(auto:1)#1}>(ngcore::T_Range<netgen::ElementIndex>,ngcore::Table,int,ngcore::TotalCosts)::{lambda(ngcore::TaskInfo&)#1}"	"0 0.230008221284954 1"
5	a24	a6	"ngcore::TablePrefixSum2<unsigned int>(ngcore::FlatArray<unsigned int,unsigned long>)::{lambda(ngcore::TaskInfo)#1}"	"0 0.312895337658212 1"
5	a25	a7	"ngcore::TablePrefixSum2<unsigned int>(ngcore::FlatArray<unsigned int,unsigned long>)::{lambda(ngcore::TaskInfo)#1}"	"0 0.312895337658212 1"
5	a26	a6	"ngcore::TablePrefixSum2<unsigned int>(ngcore::FlatArray<unsigned int,unsigned long>)::{lambda(ngcore::TaskInfo)#2}"	"0 1 0.887517304832004"
5	a27	a7	"ngcore::TablePrefixSum2<unsigned int>(ngcore::FlatArray<unsigned int,unsigned long>)::{lambda(ngcore::TaskInfo)#2}"	"0 1 0.887517304832004"
5	a28	a6	"ngcore::ParallelForRange<netgen::PointIndex,ngcore::CreateSortedTable<netgen::ElementIndex,netgen::PointIndex,ngcore::T_Range<netgen::ElementIndex>,netgen::Mesh::CreatePoint2ElementTable(std::optional<ngcore::BitArray>)const::{lambda(auto:1&,netgen::ElementIndex)#1}>(ngcore::T_Range<netgen::ElementIndex>const&,netgen::Mesh::CreatePoint2ElementTable(std::optional<ngcore::BitArray>)const::{lambda(auto:1&,netgen::ElementIndex)#1}const&,std::optional<unsigned long>)::{lambda(auto:1)#1}>(ngcore::T_Range<netgen::PointIndex>,ngcore::Table,int,ngcore::TotalCosts)::{lambda(ngcore::TaskInfo&)#1}"	"0 0.170427812303051 1"
5	a29	a7	"ngcore::ParallelForRange<netgen::PointIndex,ngcore::CreateSortedTable<netgen::ElementIndex,netgen::PointIndex,ngcore::T_Range<netgen::ElementIndex>,netgen::Mesh::CreatePoint2ElementTable(std::optional<ngcore::BitArray>)const::{lambda(auto:1&,netgen::ElementIndex)#1}>(ngcore::T_Range<netgen::ElementIndex>const&,netgen::Mesh::CreatePoint2ElementTable(std::optional<ngcore::BitArray>)const::{lambda(auto:1&,netgen::ElementIndex)#1}const&,std::optional<unsigned long>)::{lambda(auto:1)#1}>(ngcore::T_Range<netgen::PointIndex>,ngcore::Table,int,ngcore::TotalCosts)::{lambda(ngcore::TaskInfo&)#1}"	"0 0.170427812303051 1"
5	a30	a6	"ngcore::ParallelFor<unsigned long,netgen::BuildEdgeList<netgen::ElementIndex>(netgen::Mesh const&,ngcore::Table<netgen::ElementIndex,netgen::PointIndex>const&,ngcore::Array<std::tuple<netgen::PointIndex,netgen::PointIndex>,unsigned long>&)::{lambda(int)#1}>(ngcore::T_Range<unsigned long>,netgen::BuildEdgeList<netgen::ElementIndex>(netgen::Mesh const&,ngcore::Table<netgen::ElementIndex,netgen::PointIndex>const&,ngcore::Array<std::tuple<netgen::PointIndex,netgen::PointIndex>,unsigned long>&)::{lambda(int)#1},int,ngcore::TotalCosts)::{lambda(ngcore::TaskInfo&)#1}"	"1 0.872005992306398 0"
5	a31	a7	"ngcore::ParallelFor<unsigned long,netgen::BuildEdgeList<netgen::ElementIndex>(netgen::Mesh const&,ngcore::Table<netgen::ElementIndex,netgen::PointIndex>const&,ngcore::Array<std::tuple<netgen::PointIndex,netgen::PointIndex>,unsigned long>&)::{lambda(int)#1}>(ngcore::T_Range<unsigned long>,netgen::BuildEdgeList<netgen::ElementIndex>(netgen::Mesh const&,ngcore::Table<netgen::ElementIndex,netgen::PointIndex>const&,ngcore::Array<std::tuple<netgen::PointIndex,netgen::PointIndex>,unsigned long>&)::{lambda(int)#1},int,ngcore::TotalCosts)::{lambda(ngcore::TaskInfo&)#1}"	"1 0.872005992306398 0"
5	a32	a6	"ngcore::ParallelForRange<unsigned long,netgen::MeshOptimize3d::SwapImprove(netgen::Mesh&,netgen::OPTIMIZEGOAL,netgen::NgBitArray const*)::{lambda(auto:1)#2}>(ngcore::T_Range<unsigned long>,netgen::MeshOptimize3d::SwapImprove(netgen::Mesh&,netgen::OPTIMIZEGOAL,netgen::NgBitArray const*)::{lambda(auto:1)#2},int,ngcore::TotalCosts)::{lambda(ngcore::TaskInfo&)#1}"	"1 0.408375991137786 0"
5	a33	a7	"ngcore::ParallelForRange<unsigned long,netgen::MeshOptimize3d::SwapImprove(netgen::Mesh&,netgen::OPTIMIZEGOAL,netgen::NgBitArray const*)::{lambda(auto:1)#2}>(ngcore::T_Range<unsigned long>,netgen::MeshOptimize3d::SwapImprove(netgen::Mesh&,netgen::OPTIMIZEGOAL,netgen::NgBitArray const*)::{lambda(auto:1)#2},int,ngcore::TotalCosts)::{lambda(ngcore::TaskInfo&)#1}"	"1 0.408375991137786 0"
5	a34	a6	"ngcore::ParallelForRange<netgen::ElementIndex,netgen::Mesh::Compress()::{lambda(auto:1)#1}>(ngcore::T_Range<netgen::ElementIndex>,netgen::Mesh::Compress()::{lambda(auto:1)#1},int,ngcore::TotalCosts)::{lambda(ngcore::TaskInfo&)#1}"	"1 0.0611641584106637 0"
5	a35	a7	"ngcore::ParallelForRange<netgen::ElementIndex,netgen::Mesh::Compress()::{lambda(auto:1)#1}>(ngcore::T_Range<netgen::ElementIndex>,netgen::Mesh::Compress()::{lambda(auto:1)#1},int,ngcore::TotalCosts)::{lambda(ngcore::TaskInfo&)#1}"	"1 0.0611641584106637 0"
5	a36	a6	"ngcore::ParallelForRange<netgen::SurfaceElementIndex,netgen::Mesh::Compress()::{lambda(auto:1)#2}>(ngcore::T_Range<netgen::SurfaceElementIndex>,netgen::Mesh::Compress()::{lambda(auto:1)#2},int,ngcore::TotalCosts)::{lambda(ngcore::TaskInfo&)#1}"	"1 0 -2.77631980257023"
5	a37	a7	"ngcore::ParallelForRange<netgen::SurfaceElementIndex,netgen::Mesh::Compress()::{lambda(auto:1)#2}>(ngcore::T_Range<netgen::SurfaceElementIndex>,netgen::Mesh::Compress()::{lambda(auto:1)#2},int,ngcore::TotalCosts)::{lambda(ngcore::TaskInfo&)#1}"	"1 0 -2.77631980257023"
5	a38	a6	"ngcore::ParallelForRange<netgen::ElementIndex,netgen::Mesh::Compress()::{lambda(auto:1)#3}>(ngcore::T_Range<netgen::ElementIndex>,netgen::Mesh::Compress()::{lambda(auto:1)#3},int,ngcore::TotalCosts)::{lambda(ngcore::TaskInfo&)#1}"	"0.688034037288286 1 0"
5	a39	a7	"ngcore::ParallelForRange<netgen::ElementIndex,netgen::Mesh::Compress()::{lambda(auto:1)#3}>(ngcore::T_Range<netgen::ElementIndex>,netgen::Mesh::Compress()::{lambda(auto:1)#3},int,ngcore::TotalCosts)::{lambda(ngcore::TaskInfo&)#1}"	"0.688034037288286 1 0"
5	a40	a6	"ngcore::ParallelForRange<netgen::SurfaceElementIndex,netgen::Mesh::Compress()::{lambda(auto:1)#4}>(ngcore::T_Range<netgen::SurfaceElementIndex>,netgen::Mesh::Compress()::{lambda(auto:1)#4},int,ngcore::TotalCosts)::{lambda(ngcore::TaskInfo&)#1}"	"0 0.666479625428673 1"
5	a41	a7	"ngcore::ParallelForRange<netgen::SurfaceElementIndex,netgen::Mesh::Compress()::{lambda(auto:1)#4}>(ngcore::T_Range<netgen::SurfaceElementIndex>,netgen::Mesh::Compress()::{lambda(auto:1)#4},int,ngcore::TotalCosts)::{lambda(ngcore::TaskInfo&)#1}"	"0 0.666479625428673 1"
5	a42	a8	"Build edges"	"0 0.0614795051658243 1"
5	a43	a8	"CreateTable"	"0.608616351291681 0 1"
5	a44	a8	"CreateSortedTable"	"0 0.0381698166109086 1"
5	a45	a8	"MeshOptimize3d::SwapImprove loop"	"0.154668690207104 1 0"
5	a46	a8	"MeshOptimize3d::SwapImprove"	"1 0 -2.43968480148811"
5	a47	a8	"FreeOpenElementsEnvironment"	"0.907015785320433 0 1"
5	a48	a8	"Mesh::BuildBoundaryEdges"	"1 0 -2.61861416630415"
5	a49	a8	"Mesh::LinkSurfaceElements"	"0 1 0.171518596860468"
5	a50	a8	"Mesh::Compress"	"1 0.648677515017027 0"
5	a51	a8	"Mesh::CalcSurfacesOfNode, pointloop"	"0 0.319536079261344 1"
5	a52	a8	"Mesh::CalcSurfacesOfNode - surfelementht"	"0.690162641156969 0 1"
5	a53	a8	"Mesh::CalcSurfacesOfNode - surf on node"	"0.000515674241007069 1 0"
5	a54	a8	"Mesh::CalcSurfacesOfNode"	"1 0 -2.35340285344361"
6	0	a55	a3	a9	"Timer level 0"
6	0	a56	a3	a9	"Timer level 1"
6	0	a57	a3	a9	"Timer level 2"
6	0	a58	a3	a9	"Timer level 3"
4	a59	a2	a3	a3	"links"
8	0	a12	a11	0
12	0.147838118091417	a6	a10	a18	0
12	0.147908447895939	a7	a14	a19	0
13	0.148022057580166	a7	a14
12	0.148055599486938	a7	a14	a19	2
13	0.148061009471901	a7	a14
12	0.148081026416265	a7	a14	a19	3
13	0.148086436401228	a7	a14
12	0.148153790714021	a7	a16	a19	1
13	0.148418338978722	a7	a16
13	0.148569007059948	a6	a10
12	0.150587472449725	a8	a55	a47	0
13	0.164445148933013	a8	a55
12	0.16476325604885	a8	a55	a46	0
12	0.164869832752626	a8	a56	a48	0
13	0.164926096596243	a8	a56
12	0.165930730803913	a6	a10	a20	0
12	0.165996191621968	a7	a14	a21	0
12	0.166166876647558	a7	a15	a21	1
12	0.166361095107737	a7	a16	a21	2
12	0.166444949874667	a7	a17	a21	3
13	0.166544764097239	a7	a14
13	0.168955723896098	a7	a16
13	0.169073661568296	a7	a15
13	0.169285191980358	a7	a17
13	0.169458581998429	a6	a10
12	0.170107780194016	a8	a56	a44	0
12	0.170186765974479	a8	a57	a43	0
12	0.170504873090316	a6	a10	a22	0
12	0.170568710912882	a7	a14	a23	0
12	0.170874104564056	a7	a17	a23	1
12	0.170913597454287	a7	a16	a23	2
12	0.17098230426332	a7	a15	a23	3
13	0.171344502756608	a7	a14
12	0.171377503664883	a7	a14	a23	4
13	0.17198396297926	a7	a14
12	0.17200019293415	a7	a14	a23	5
13	0.17212813907853	a7	a16
12	0.172189812907111	a7	a16	a23	6
13	0.172193599896585	a7	a15
13	0.172254191728173	a7	a17
12	0.172263929701107	a7	a15	a23	7
12	0.172323439535702	a7	a17	a23	8
13	0.172615308224468	a7	a14
12	0.172655883111692	a7	a14	a23	9
13	0.172900143932782	a7	a15
13	0.172930980847072	a7	a16
12	0.172953702783917	a7	a15	a23	10
12	0.173020245598965	a7	a16	a23	11
13	0.173167397189965	a7	a17
12	0.173233940005012	a7	a17	a23	12
13	0.173246112471179	a7	a14
12	0.173299671322315	a7	a14	a23	13
13	0.173659705821618	a7	a16
13	0.17368134576147	a7	a15
12	0.173716510663731	a7	a16	a23	14
12	0.17377115151186	a7	a15	a23	15
13	0.173842563313374	a7	a17
13	0.173875293722402	a7	a14
13	0.174412775728498	a7	a16
13	0.174532877394681	a7	a15
13	0.17467434850147	a6	a10
12	0.174911846841355	a6	a10	a24	0
12	0.174963241698505	a7	a14	a25	0
13	0.175030866510546	a7	a14
12	0.175043038976713	a7	a16	a25	1
12	0.175069818402281	a7	a14	a25	2
13	0.175123918251913	a7	a14
12	0.175166657133123	a7	a14	a25	3
13	0.175203986029369	a7	a14
13	0.17521994548501	a7	a16
13	0.175434451388802	a6	a10
12	0.175523175142199	a6	a10	a26	0
12	0.175587012964765	a7	a14	a27	0
13	0.175680605704628	a7	a14
12	0.175697376658014	a7	a14	a27	1
13	0.175748230516669	a7	a14
12	0.175780690426448	a7	a14	a27	2
12	0.175814502832468	a7	a15	a27	3
13	0.175828298294124	a7	a14
13	0.176265695578401	a7	a15
13	0.176380657758869	a6	a10
12	0.176595434161909	a6	a10	a22	0
12	0.176649534011541	a7	a14	a23	0
12	0.176830498008561	a7	a15	a23	1
12	0.176923008751432	a7	a16	a23	2
12	0.176956550658204	a7	a17	a23	3
13	0.177223533416139	a7	a14
12	0.177269518288326	a7	a14	a23	4
13	0.177517025100393	a7	a16
12	0.177578157930478	a7	a16	a23	5
13	0.177682029641772	a7	a15
12	0.177746408462834	a7	a15	a23	6
13	0.177770753395168	a7	a17
13	0.177822959750064	a7	a14
12	0.177844870189165	a7	a17	a23	7
12	0.177885174577141	a7	a14	a23	8
13	0.178252783055391	a7	a16
12	0.178308505900513	a7	a16	a23	9
13	0.17833826081781	a7	a15
12	0.178416164601281	a7	a15	a23	10
13	0.178442403028352	a7	a14
12	0.178480272923095	a7	a14	a23	11
13	0.178582792138148	a7	a17
12	0.178643383969736	a7	a17	a23	12
13	0.178899276258496	a7	a16
12	0.178956622099106	a7	a16	a23	13
13	0.178983131025426	a7	a15
12	0.1790604938104	a7	a15	a23	14
13	0.17906346930213	a7	a14
12	0.17910025719988	a7	a14	a23	15
13	0.179212514387867	a7	a17
13	0.179586885347321	a7	a16
13	0.179656403654099	a7	a14
13	0.179734036938321	a7	a15
13	0.179866852069168	a6	a10
13	0.180036184598517	a8	a57
12	0.180082169470704	a6	a10	a28	0
12	0.18013140033387	a7	a14	a29	0
12	0.180195508655684	a7	a16	a29	1
12	0.180255018490279	a7	a17	a29	2
13	0.180271518944417	a7	a14
12	0.180309388839159	a7	a14	a29	3
12	0.180335627266231	a7	a15	a29	4
13	0.180372144664733	a7	a14
12	0.180411637554964	a7	a14	a29	5
13	0.180465466905348	a7	a16
13	0.180468442397078	a7	a14
12	0.180484131353471	a7	a14	a29	6
13	0.180501713804602	a7	a17
13	0.18051523876701	a7	a15
12	0.180528222730922	a7	a16	a29	7
13	0.18059314255048	a7	a16
12	0.180599634532436	a7	a17	a29	8
12	0.180607749509881	a7	a15	a29	9
13	0.180637774926427	a7	a14
12	0.180660767362521	a7	a16	a29	10
13	0.180660767362521	a7	a17
13	0.180687817287337	a7	a15
12	0.180730285669298	a7	a14	a29	11
12	0.180746786123436	a7	a17	a29	12
13	0.180780328030208	a7	a16
13	0.18079033650239	a7	a14
12	0.180794934989608	a7	a15	a29	13
13	0.180836050875329	a7	a17
12	0.180840108364051	a7	a14	a29	14
13	0.180857690815182	a7	a15
12	0.180877166761049	a7	a16	a29	15
13	0.18089907720015	a7	a14
13	0.180994022436255	a7	a16
13	0.181127378565598	a6	a10
13	0.181150100502444	a8	a56
12	0.181908039395791	a8	a56	a42	0
12	0.182120651804846	a6	a10	a30	0
12	0.182179079642448	a7	a14	a31	0
12	0.182381142580825	a7	a15	a31	1
12	0.182443357407902	a7	a17	a31	2
13	0.182498268755278	a7	a14
12	0.182509900222949	a7	a16	a31	3
12	0.182535597651524	a7	a14	a31	4
13	0.182663273296656	a7	a14
13	0.182664084794401	a7	a15
12	0.182680044250042	a7	a14	a31	5
13	0.182718184644033	a7	a17
12	0.182720348638018	a7	a15	a31	6
13	0.182747398562835	a7	a16
13	0.182780669970358	a7	a14
12	0.182797170424496	a7	a17	a31	7
12	0.182816105371867	a7	a16	a31	8
13	0.182830712331268	a7	a15
12	0.182880754692178	a7	a14	a31	9
12	0.182932420048577	a7	a15	a31	10
13	0.182932420048577	a7	a16
13	0.182953518989933	a7	a17
13	0.182998692364376	a7	a14
12	0.1830392672516	a7	a14	a31	11
13	0.183041160746337	a7	a15
12	0.183056849702731	a7	a17	a31	12
12	0.183081194635065	a7	a16	a31	13
12	0.183114736541837	a7	a15	a31	14
13	0.183153958932821	a7	a14
13	0.183179656361396	a7	a17
13	0.183229428223057	a7	a16
12	0.183235649705765	a7	a14	a31	15
13	0.18324078919148	a7	a15
13	0.183341144412548	a7	a14
13	0.183709564388543	a6	a10
13	0.184022802517914	a8	a56
12	0.184167790114928	a8	a56	a45	0
12	0.184269497832237	a6	a10	a32	0
12	0.184354434596159	a7	a14	a33	0
13	0.184539997080398	a7	a14
12	0.184593014933037	a7	a14	a33	1
12	0.184605728397701	a7	a17	a33	2
13	0.184617900863868	a7	a14
12	0.18465577075861	a7	a14	a33	3
13	0.184671459715004	a7	a14
12	0.184717985585687	a7	a14	a33	4
12	0.184727453059373	a7	a15	a33	5
13	0.184733133543584	a7	a14
13	0.184762617961634	a7	a17
12	0.184774790427801	a7	a14	a33	6
13	0.184792102379684	a7	a14
12	0.184831054271419	a7	a14	a33	7
13	0.184835111760141	a7	a15
12	0.184845390731571	a7	a16	a33	8
13	0.184848366223301	a7	a14
12	0.184870276662402	a7	a17	a33	9
12	0.184893810096992	a7	a14	a33	10
13	0.184910581050378	a7	a14
13	0.184921671519553	a7	a17
12	0.184932491489479	a7	a15	a33	11
13	0.184950344439858	a7	a16
12	0.184955483925573	a7	a14	a33	12
13	0.184972254878959	a7	a14
13	0.184978476361667	a7	a15
12	0.185000657300016	a7	a17	a33	13
13	0.185025543230846	a7	a17
12	0.185074503594764	a7	a14	a33	14
12	0.185084512066946	a7	a15	a33	15
13	0.185092356545142	a7	a14
13	0.185136988921089	a7	a15
13	0.185328231889539	a6	a10
13	0.185464563510612	a8	a56
12	0.186324210121267	a8	a56	a50	0
12	0.189975408972945	a6	a10	a34	0
12	0.190094969640632	a7	a14	a35	0
12	0.190468529102342	a7	a17	a35	1
12	0.190532907923404	a7	a16	a35	2
12	0.190605401721912	a7	a15	a35	3
13	0.204193931453279	a7	a14
13	0.213602165803567	a7	a17
13	0.215108305617328	a7	a16
13	0.215664993070043	a7	a15
13	0.215809710167809	a6	a10
12	0.215884367960302	a6	a10	a36	0
12	0.215957402757305	a7	a14	a37	0
12	0.216182187632527	a7	a17	a37	1
12	0.216203286573883	a7	a16	a37	2
12	0.216344487181423	a7	a15	a37	3
13	0.219553419762357	a7	a14
13	0.220021653960924	a7	a15
13	0.221013845203179	a7	a16
13	0.221463955952119	a7	a17
13	0.221661149904028	a6	a10
12	0.225225788996294	a6	a10	a38	0
12	0.225339398680521	a7	a14	a39	0
12	0.225444622888056	a7	a16	a39	1
12	0.225635054358761	a7	a17	a39	2
12	0.225849289763305	a7	a15	a39	3
13	0.227350831089846	a7	a14
13	0.228031136698971	a7	a16
13	0.228119860452368	a7	a17
13	0.228195059243357	a7	a15
13	0.228325169381722	a6	a10
12	0.228391171198274	a6	a10	a40	0
12	0.228453927023847	a7	a14	a41	0
12	0.228658153956208	a7	a16	a41	1
12	0.22890647226602	a7	a15	a41	2
12	0.228923784217903	a7	a17	a41	3
13	0.229039828395364	a7	a14
13	0.230174031742903	a7	a16
13	0.230506745818141	a7	a15
13	0.230569501643714	a7	a17
13	0.230716923733962	a6	a10
12	0.231040981833259	a8	a57	a49	0
13	0.239574151115746	a8	a57
12	0.239683432812003	a8	a57	a54	0
12	0.242192583837944	a8	a58	a53	0
13	0.256407319328805	a8	a58
12	0.256465747166407	a8	a58	a52	0
13	0.263042665886194	a8	a58
12	0.263074043798981	a8	a58	a51	0
13	0.265959729778362	a8	a58
13	0.269173801845011	a8	a57
13	0.269388037249555	a8	a56
13	0.269621748599966	a8	a55
12	0.270071318350409	a8	a55	a46	0
12	0.270090253297781	a8	a56	a48	0
13	0.305411504124148	a8	a56
12	0.305580295655	a6	a10	a20	0
12	0.305665773417419	a7	a14	a21	0
12	0.305929510184376	a7	a15	a21	1
12	0.305947904133251	a7	a16	a21	2
12	0.306019315934766	a7	a17	a21	3
13	0.306261953760366	a7	a14
13	0.307318253324435	a7	a16
13	0.307318253324435	a7	a17
13	0.307350713234214	a7	a15
13	0.307534923222212	a6	a10
12	0.307717239715472	a8	a56	a44	0
12	0.307739961652318	a8	a57	a43	0
12	0.308029936846346	a6	a10	a22	0
12	0.308090528677934	a7	a14	a23	0
12	0.308389971345649	a7	a16	a23	1
12	0.308538204933641	a7	a17	a23	2
12	0.308574451832894	a7	a15	a23	3
13	0.308666692076517	a7	a14
12	0.308705102969756	a7	a14	a23	4
13	0.30928992234428	a7	a14
12	0.309305070302177	a7	a14	a23	5
13	0.309363768639028	a7	a17
13	0.309379998593918	a7	a15
13	0.30939298255783	a7	a16
12	0.309425983466105	a7	a17	a23	6
12	0.309449246401447	a7	a15	a23	7
12	0.309525527189428	a7	a16	a23	8
13	0.309857429766922	a7	a14
12	0.309914234609036	a7	a14	a23	9
13	0.310076804657181	a7	a15
13	0.310109805565456	a7	a17
13	0.31011954353839	a7	a16
12	0.31017256139103	a7	a15	a23	10
12	0.310188250347423	a7	a17	a23	11
12	0.310208808290283	a7	a16	a23	12
13	0.31055639982417	a7	a14
12	0.310594269718913	a7	a14	a23	13
13	0.310772528723451	a7	a17
13	0.310826628573083	a7	a15
12	0.310833661553535	a7	a17	a23	14
12	0.310890466395649	a7	a15	a23	15
13	0.310922385306932	a7	a16
13	0.311159072149073	a7	a14
13	0.311469334786713	a7	a17
13	0.311481777752129	a7	a15
13	0.31167139772509	a6	a10
12	0.311805024353681	a6	a10	a24	0
12	0.311862370194291	a7	a14	a25	0
13	0.311914847048435	a7	a14
12	0.311949470952199	a7	a14	a25	1
12	0.311984365355212	a7	a16	a25	2
13	0.31199058683792	a7	a14
12	0.312025751740181	a7	a14	a25	3
13	0.312070113616879	a7	a14
13	0.312112041000344	a7	a16
13	0.312430418615429	a6	a10
12	0.31251265038687	a6	a10	a26	0
12	0.312561881250036	a7	a14	a27	0
13	0.312613276107186	a7	a14
12	0.312640867030499	a7	a14	a27	1
13	0.312694966880131	a7	a14
12	0.312720934807954	a7	a14	a27	2
13	0.312770706669616	a7	a14
12	0.312806412570373	a7	a14	a27	3
13	0.312860512420005	a7	a14
13	0.31310991272681	a6	a10
12	0.313268425286232	a6	a10	a22	0
12	0.313320902140375	a7	a14	a23	0
12	0.313533785048678	a7	a16	a23	1
12	0.313607901842674	a7	a17	a23	2
12	0.313656591707343	a7	a15	a23	3
13	0.313914377490841	a7	a14
12	0.313955493376561	a7	a14	a23	4
13	0.31423221410743	a7	a17
13	0.314241411081867	a7	a16
13	0.314300920916463	a7	a15
12	0.314307412898419	a7	a17	a23	5
12	0.314321478859323	a7	a16	a23	6
12	0.314391808663845	a7	a15	a23	7
13	0.314520295806721	a7	a14
12	0.314579805641317	a7	a14	a23	8
13	0.314923610185729	a7	a16
13	0.314959857084983	a7	a15
13	0.31497500504288	a7	a17
12	0.314986366011303	a7	a16	a23	9
12	0.315046957842891	a7	a17	a23	10
12	0.315066433788758	a7	a15	a23	11
13	0.31519275693765	a7	a14
12	0.315231167830888	a7	a14	a23	12
13	0.315582005355753	a7	a16
13	0.315629072224933	a7	a17
12	0.315644761181327	a7	a16	a23	13
12	0.315722123966301	a7	a17	a23	14
13	0.315756206871569	a7	a15
13	0.3157883962821	a7	a14
12	0.315822749686616	a7	a15	a23	15
13	0.316251220495704	a7	a16
13	0.316294500375409	a7	a17
13	0.316384847124295	a7	a15
13	0.316514416264164	a6	a10
13	0.316609091001021	a8	a57
12	0.316643714904785	a6	a10	a28	0
12	0.316703765737877	a7	a14	a29	0
13	0.316773013545406	a7	a14
12	0.316793571488266	a7	a14	a29	1
13	0.316841179355943	a7	a14
12	0.316881213244671	a7	a14	a29	2
12	0.316909074667231	a7	a17	a29	3
13	0.316922870128887	a7	a14
12	0.316960199025134	a7	a14	a29	4
13	0.317014839873262	a7	a14
12	0.317025930342437	a7	a16	a29	5
13	0.317034045319881	a7	a17
12	0.317067316727405	a7	a14	a29	6
12	0.31709896513944	a7	a15	a29	7
12	0.317116277091322	a7	a17	a29	8
13	0.317116818089819	a7	a16
13	0.317136564534934	a7	a14
13	0.317180655912385	a7	a17
12	0.317181737909377	a7	a16	a29	9
13	0.317196885867274	a7	a15
12	0.317217714309383	a7	a14	a29	10
12	0.317260182691344	a7	a15	a29	11
13	0.3172666746733	a7	a16
12	0.317286150619168	a7	a17	a29	12
13	0.317315905536465	a7	a15
13	0.317328078002632	a7	a14
13	0.317364595401134	a7	a17
12	0.317380284357528	a7	a15	a29	13
12	0.317441146688364	a7	a14	a29	14
12	0.317460352134983	a7	a17	a29	15
13	0.317470631106413	a7	a15
13	0.317493623542507	a7	a14
13	0.317525271954542	a7	a17
13	0.317698120974117	a6	a10
13	0.317715432925999	a8	a56
12	0.318115771813277	a8	a56	a42	0
12	0.318189888607273	a6	a10	a30	0
12	0.318255890423825	a7	a14	a31	0
13	0.318365713118578	a7	a14
12	0.318387894056927	a7	a14	a31	1
12	0.318467691335135	a7	a16	a31	2
13	0.318499880745666	a7	a14
12	0.31853315215319	a7	a15	a31	3
12	0.318542619626875	a7	a14	a31	4
12	0.318595907978763	a7	a17	a31	5
13	0.31864054035471	a7	a14
13	0.3186786807487	a7	a16
13	0.318687336724642	a7	a15
12	0.318706001172765	a7	a14	a31	6
13	0.318732780598333	a7	a17
12	0.318746846559237	a7	a15	a31	7
12	0.318775519479542	a7	a16	a31	8
12	0.31881555336827	a7	a17	a31	9
13	0.318885883172792	a7	a15
13	0.31888615367204	a7	a14
13	0.318912933097608	a7	a16
13	0.31893024504949	a7	a17
12	0.318931056547235	a7	a14	a31	10
12	0.319008689831457	a7	a15	a31	11
12	0.319013017819427	a7	a16	a31	12
12	0.319021132796872	a7	a17	a31	13
13	0.319096602087109	a7	a14
13	0.319114725536736	a7	a17
12	0.319135012980348	a7	a14	a31	14
13	0.319144480454034	a7	a16
13	0.319158005416442	a7	a15
12	0.319176399365317	a7	a17	a31	15
13	0.319229146718708	a7	a14
13	0.319273238096158	a7	a17
13	0.319428234165354	a6	a10
13	0.319605140673652	a8	a56
12	0.319654371536817	a8	a56	a45	0
12	0.319668437497721	a6	a10	a32	0
12	0.319818835079699	a7	a14	a33	0
13	0.319836147031581	a7	a14
12	0.319842368514289	a7	a17	a33	1
12	0.319875098923316	a7	a14	a33	2
13	0.319897820860162	a7	a14
13	0.319899173356403	a7	a17
12	0.319962199681224	a7	a14	a33	3
12	0.319970585157917	a7	a17	a33	4
13	0.319985733115814	a7	a17
13	0.319987626610551	a7	a14
12	0.320026578502287	a7	a14	a33	5
12	0.320040373963943	a7	a17	a33	6
13	0.320043890454169	a7	a14
13	0.32005552192184	a7	a17
12	0.320080678351919	a7	a14	a33	7
13	0.320097449305305	a7	a14
12	0.320117736748917	a7	a17	a33	8
13	0.320133966703807	a7	a17
12	0.320147762165463	a7	a14	a33	9
13	0.320165615115841	a7	a14
12	0.320272462318865	a7	a16	a33	10
12	0.320298700745937	a7	a14	a33	11
12	0.320314119203082	a7	a17	a33	12
13	0.320321152183534	a7	a16
13	0.320326832667745	a7	a14
13	0.320334677145942	a7	a17
12	0.320335218144438	a7	a15	a33	13
12	0.320392022986552	a7	a16	a33	14
12	0.320423671398587	a7	a14	a33	15
13	0.320428810884302	a7	a16
13	0.320440983350469	a7	a14
13	0.320445040839192	a7	a15
13	0.320697416637726	a6	a10
13	0.320753680481343	a8	a56
12	0.321178364300956	a8	a56	a50	0
12	0.324555276914998	a6	a10	a34	0
12	0.324725150442843	a7	a14	a35	0
12	0.324925049387234	a7	a17	a35	1
12	0.32508897193162	a7	a16	a35	2
12	0.325178777682009	a7	a15	a35	3
13	0.350160735745918	a7	a14
13	0.351721786907055	a7	a17
13	0.35306400417643	a7	a16
13	0.353547115833646	a7	a15
13	0.353681553959982	a6	a10
12	0.35374809677503	a6	a10	a36	0
12	0.353804901617143	a7	a14	a37	0
12	0.354016161529957	a7	a16	a37	1
12	0.354210920988633	a7	a15	a37	2
12	0.354298021746541	a7	a17	a37	3
13	0.380462061524914	a7	a14
13	0.381908962003327	a7	a17
13	0.382938482141828	a7	a16
13	0.384899601690995	a7	a15
13	0.385051351769213	a6	a10
12	0.402643540872612	a6	a10	a38	0
12	0.402705214701193	a7	a14	a39	0
12	0.402876981723775	a7	a15	a39	1
12	0.402896998668139	a7	a16	a39	2
12	0.403112316069675	a7	a17	a39	3
13	0.404913029564683	a7	a14
13	0.405540317321168	a7	a17
13	0.405541399318161	a7	a15
13	0.405598745158771	a7	a16
13	0.405773758172331	a6	a10
12	0.405866809913698	a6	a10	a40	0
12	0.405934975724235	a7	a14	a41	0
12	0.406177613549835	a7	a15	a41	1
12	0.406276075276166	a7	a17	a41	2
12	0.4063593890446	a7	a16	a41	3
13	0.406769195405563	a7	a14
13	0.40793910465386	a7	a17
13	0.408021336425301	a7	a16
13	0.408065157303503	a7	a15
13	0.408258564265938	a6	a10
12	0.40866864112615	a8	a57	a49	0
13	0.417515589536504	a8	a57
12	0.417596198312456	a8	a57	a54	0
12	0.419812669151887	a8	a58	a53	0
13	0.433657361671263	a8	a58
12	0.433705510537436	a8	a58	a52	0
13	0.439813924559408	a8	a58
12	0.439842056481216	a8	a58	a51	0
13	0.442745595410977	a8	a58
13	0.44597373343853	a8	a57
13	0.446142524969382	a8	a56
13	0.446357842370919	a8	a55
12	0.447709256614731	a8	a55	a46	0
12	0.447760651471881	a8	a56	a48	0
13	0.492862614113254	a8	a56
12	0.493344643773477	a6	a10	a20	0
12	0.493406317602058	a7	a14	a21	0
12	0.493764188107375	a7	a17	a21	1
12	0.493868059818668	a7	a16	a21	2
12	0.493914585689352	a7	a15	a21	3
13	0.494036039851776	a7	a14
13	0.494355499463855	a7	a16
13	0.49523570401737	a7	a17
13	0.495268704925646	a7	a15
13	0.495404766047471	a6	a10
12	0.495867319761826	a8	a56	a44	0
12	0.49589328768965	a8	a57	a43	0
12	0.496256838679178	a6	a10	a22	0
12	0.496323922492722	a7	a14	a23	0
12	0.496390735807018	a7	a15	a23	1
12	0.496563314327345	a7	a16	a23	2
12	0.496774844739407	a7	a17	a23	3
13	0.496914151852209	a7	a14
12	0.496974202685301	a7	a14	a23	4
13	0.497209807530449	a7	a15
12	0.497272563356023	a7	a15	a23	5
13	0.497312056246254	a7	a16
12	0.497389419031228	a7	a16	a23	6
13	0.497544956098921	a7	a14
13	0.497560915554562	a7	a17
12	0.497581743996671	a7	a14	a23	7
12	0.497620966387654	a7	a17	a23	8
13	0.497855759735058	a7	a15
12	0.497915269569653	a7	a15	a23	9
13	0.498047273202756	a7	a16
12	0.498125176986226	a7	a16	a23	10
13	0.498153038408787	a7	a14
12	0.498193072297515	a7	a14	a23	11
13	0.498473039019361	a7	a17
12	0.498533089852453	a7	a17	a23	12
13	0.498694307404357	a7	a16
12	0.498772211187827	a7	a16	a23	13
13	0.498967241145751	a7	a14
13	0.498975626622444	a7	a15
12	0.499008898029968	a7	a14	a23	14
12	0.499044333431477	a7	a15	a23	15
13	0.499151992132245	a7	a17
13	0.499402474436042	a7	a16
13	0.499608324363893	a7	a14
13	0.499701105606012	a7	a15
13	0.499831215744378	a6	a10
12	0.500074665067723	a6	a10	a24	0
12	0.500221275660226	a7	a14	a25	0
13	0.500287277476777	a7	a14
12	0.500306753422645	a7	a14	a25	1
12	0.500346516812124	a7	a15	a25	2
13	0.500350033302351	a7	a14
12	0.500393313182056	a7	a14	a25	3
13	0.500436052063266	a7	a14
13	0.500497996391094	a7	a15
13	0.500716830282857	a6	a10
12	0.500801767046779	a6	a10	a26	0
12	0.500918622721985	a7	a14	a27	0
13	0.500997067503952	a7	a14
12	0.50101492045433	a7	a14	a27	1
13	0.501063069320503	a7	a14
12	0.50110472620472	a7	a14	a27	2
12	0.501155850562622	a7	a15	a27	3
13	0.501157744057359	a7	a14
13	0.501299215164147	a7	a15
13	0.501462326210788	a6	a10
12	0.501683053597288	a6	a10	a22	0
12	0.50174310443038	a7	a14	a23	0
12	0.501828852692047	a7	a17	a23	1
12	0.501914871452962	a7	a15	a23	2
12	0.5019386753868	a7	a16	a23	3
13	0.502288971913168	a7	a14
12	0.502332251792874	a7	a14	a23	4
13	0.502585709588401	a7	a17
12	0.502645219422997	a7	a17	a23	5
13	0.50268146632225	a7	a15
13	0.502731238183912	a7	a16
12	0.502743140150831	a7	a15	a23	6
12	0.502800485991441	a7	a16	a23	7
13	0.502886775251604	a7	a14
12	0.502923563149354	a7	a14	a23	8
13	0.503265744698278	a7	a17
12	0.503326877528362	a7	a17	a23	9
13	0.503335533504303	a7	a15
12	0.503397207332884	a7	a15	a23	10
13	0.503426421251685	a7	a16
13	0.503482955594551	a7	a14
12	0.50348755408177	a7	a16	a23	11
12	0.503520825489294	a7	a14	a23	12
13	0.503963632758533	a7	a17
12	0.504025306587114	a7	a17	a23	13
13	0.504075619447272	a7	a16
13	0.504083463925469	a7	a14
13	0.504131342292393	a7	a15
12	0.50413918677059	a7	a14	a23	14
12	0.504153523230742	a7	a16	a23	15
13	0.50461283095412	a7	a17
13	0.504687218247364	a7	a14
13	0.504819492379715	a7	a16
13	0.504950684515073	a6	a10
13	0.505204412809848	a8	a57
12	0.505234167727145	a6	a10	a28	0
12	0.505351023402351	a7	a14	a29	0
13	0.505433796172288	a7	a14
12	0.505485732027935	a7	a14	a29	1
12	0.50550115048508	a7	a16	a29	2
13	0.505532798897115	a7	a14
12	0.505599882710659	a7	a14	a29	3
12	0.505627203134723	a7	a15	a29	4
13	0.505647761077584	a7	a16
13	0.505652359564802	a7	a14
12	0.505704295420449	a7	a14	a29	5
12	0.505720795874587	a7	a16	a29	6
13	0.505734861835491	a7	a15
13	0.505764346253541	a7	a14
13	0.505786256692642	a7	a16
12	0.505798429158809	a7	a14	a29	7
12	0.505855504500171	a7	a15	a29	8
12	0.505874980446039	a7	a16	a29	9
13	0.505887693910702	a7	a14
12	0.505925022806949	a7	a14	a29	11
13	0.505944769252064	a7	a15
12	0.505948015243042	a7	a17	a29	10
13	0.50597479466861	a7	a14
13	0.505975065167859	a7	a16
12	0.506025378028016	a7	a15	a29	12
12	0.506068387408474	a7	a14	a29	13
13	0.506069739904715	a7	a17
13	0.50610274081299	a7	a15
12	0.506128708740814	a7	a16	a29	14
13	0.506157111161871	a7	a14
13	0.506183349588942	a7	a16
12	0.506187136578417	a7	a15	a29	15
13	0.506265581360383	a7	a15
13	0.506415708443113	a6	a10
13	0.506442217369433	a8	a56
12	0.507167696353	a8	a56	a42	0
12	0.507263453086849	a6	a10	a30	0
12	0.507367865796639	a7	a14	a31	0
13	0.507515017387639	a7	a14
12	0.507531788341025	a7	a14	a31	1
13	0.507637283047808	a7	a14
12	0.507688677904958	a7	a14	a31	2
12	0.507726818298949	a7	a17	a31	3
13	0.507780106650837	a7	a14
12	0.507832854004228	a7	a15	a31	4
12	0.507861256425285	a7	a14	a31	5
12	0.50791941376364	a7	a16	a31	6
13	0.50796052964936	a7	a17
13	0.507964587138083	a7	a14
13	0.508016793492978	a7	a15
12	0.50805033539975	a7	a17	a31	7
12	0.508076573826821	a7	a14	a31	8
13	0.508102812253893	a7	a16
12	0.508118501210286	a7	a15	a31	9
12	0.508174224055407	a7	a16	a31	10
13	0.508179904539619	a7	a14
13	0.508180175038867	a7	a17
12	0.508216151438872	a7	a14	a31	11
13	0.508256996825345	a7	a15
12	0.508257537823841	a7	a17	a31	12
13	0.508302440699036	a7	a16
12	0.508318670653925	a7	a15	a31	13
13	0.508341122091523	a7	a14
13	0.50836357352912	a7	a17
12	0.508422812864467	a7	a14	a31	14
13	0.508434985330635	a7	a15
12	0.508436608326124	a7	a16	a31	15
13	0.508531553562228	a7	a14
13	0.508542644031403	a7	a16
13	0.508687902127665	a6	a10
13	0.508901055535216	a8	a56
12	0.508948663402892	a8	a56	a45	0
12	0.508991402284102	a6	a10	a32	0
12	0.509121241923219	a7	a14	a33	0
13	0.509169931787888	a7	a14
12	0.509186161742778	a7	a14	a33	1
13	0.509201850699171	a7	a14
12	0.509218080654061	a7	a14	a33	2
13	0.50923431060895	a7	a14
12	0.50925054056384	a7	a14	a33	3
13	0.50926677051873	a7	a14
12	0.509283000473619	a7	a14	a33	4
13	0.509299230428509	a7	a14
12	0.509319788371369	a7	a14	a33	5
13	0.509336559324755	a7	a14
12	0.509353330278141	a7	a14	a33	6
13	0.509370101231527	a7	a14
12	0.509386872184913	a7	a14	a33	7
13	0.509403102139803	a7	a14
12	0.509435562049582	a7	a14	a33	8
13	0.509451792004472	a7	a14
12	0.509492907890192	a7	a14	a33	9
12	0.50950508035636	a7	a15	a33	10
13	0.509509678843578	a7	a14
12	0.509569188678174	a7	a14	a33	11
13	0.50958595963156	a7	a14
13	0.509610575063142	a7	a15
12	0.509636813490214	a7	a14	a33	12
13	0.509664945412023	a7	a14
12	0.509673871887212	a7	a17	a33	13
12	0.509695511827065	a7	a16	a33	14
13	0.509727430738348	a7	a17
12	0.509729865231581	a7	a14	a33	15
13	0.50974771818196	a7	a14
13	0.509768546624068	a7	a16
13	0.509951133616577	a6	a10
13	0.510021463421099	a8	a56
12	0.511155937267886	a8	a56	a50	0
12	0.514622114633821	a6	a10	a34	0
12	0.514679460474431	a7	a14	a35	0
12	0.514807947617308	a7	a17	a35	1
12	0.51484581751205	a7	a16	a35	2
12	0.515045986955689	a7	a15	a35	3
13	0.540587878463292	a7	a14
13	0.542388050959803	a7	a16
13	0.542606073353821	a7	a17
13	0.543406210129881	a7	a15
13	0.543533615275765	a6	a10
12	0.543620175035177	a6	a10	a36	0
12	0.543676438878794	a7	a14	a37	0
12	0.543737842208127	a7	a16	a37	1
12	0.543883370803637	a7	a17	a37	2
12	0.544039178370578	a7	a15	a37	3
13	0.547480469805682	a7	a15
13	0.54801768131253	a7	a17
13	0.548811055607386	a7	a14
13	0.549584953956375	a7	a16
13	0.549702080130829	a6	a10
12	0.552639160967361	a6	a10	a38	0
12	0.552757639638055	a7	a14	a39	0
12	0.552787665054601	a7	a16	a39	1
12	0.552853125872656	a7	a15	a39	2
12	0.553065738281711	a7	a17	a39	3
13	0.554881599734615	a7	a14
13	0.555145336501572	a7	a16
13	0.555206469331657	a7	a15
13	0.55547372258884	a7	a17
13	0.555626013665555	a6	a10
12	0.555688228492632	a6	a10	a40	0
12	0.55575909929565	a7	a14	a41	0
12	0.555840519569346	a7	a15	a41	1
12	0.556152675701724	a7	a17	a41	2
12	0.556192709590452	a7	a16	a41	3
13	0.556361771620552	a7	a14
13	0.557250902649258	a7	a15
13	0.557528975876367	a7	a17
13	0.557611207647808	a7	a16
13	0.557771613701968	a6	a10
12	0.558091343813294	a8	a57	a49	0
13	0.56659962716495	a8	a57
12	0.566681858936391	a8	a57	a54	0
12	0.568799327050995	a8	a58	a53	0
13	0.581960197471021	a8	a58
12	0.582009428334186	a8	a58	a52	0
13	0.587766734332045	a8	a58
12	0.587797030247839	a8	a58	a51	0
13	0.590680552233235	a8	a58
13	0.593891919307402	a8	a57
13	0.594094793743523	a8	a56
13	0.594264126272872	a8	a55
12	0.594751024919562	a8	a55	a46	0
12	0.594802419776712	a8	a56	a48	0
13	0.625617694127213	a8	a56
12	0.625729680815952	a6	a10	a20	0
12	0.625815158578371	a7	a14	a21	0
12	0.625958252680648	a7	a16	a21	1
12	0.626019385510732	a7	a15	a21	2
12	0.626190882034066	a7	a17	a21	3
13	0.626349394593489	a7	a16
13	0.626359132566423	a7	a15
13	0.626400518951391	a7	a14
13	0.62654036706269	a7	a17
13	0.626675346187523	a6	a10
12	0.626836563739427	a8	a56	a44	0
12	0.626856039685294	a8	a57	a43	0
12	0.627074062079312	a6	a10	a22	0
12	0.627140063895863	a7	a14	a23	0
12	0.627432473583125	a7	a15	a23	1
12	0.627471425474861	a7	a16	a23	2
12	0.627569346202695	a7	a17	a23	3
13	0.627697833345571	a7	a14
12	0.627739490229788	a7	a14	a23	4
13	0.628209347423844	a7	a16
12	0.628270480253928	a7	a16	a23	5
13	0.628280218226862	a7	a15
12	0.628345679044917	a7	a15	a23	6
13	0.628352171026873	a7	a17
13	0.628369753478003	a7	a14
12	0.628416820347183	a7	a14	a23	7
12	0.628429533811847	a7	a17	a23	8
13	0.628830413697621	a7	a16
12	0.628902907496129	a7	a16	a23	9
13	0.629157717787896	a7	a15
13	0.629194235186398	a7	a14
12	0.62923372807663	a7	a14	a23	10
12	0.629243195550315	a7	a15	a23	11
13	0.629243736548811	a7	a17
12	0.629326509318749	a7	a17	a23	12
13	0.629840457890255	a7	a15
12	0.629916738678236	a7	a15	a23	13
13	0.629929181643652	a7	a17
13	0.629967863036138	a7	a14
13	0.629968133535387	a7	a16
12	0.630023856380508	a7	a17	a23	14
12	0.63006470176698	a7	a14	a23	15
13	0.630607052759543	a7	a17
13	0.630822911159575	a7	a15
13	0.630849690585143	a7	a14
13	0.630972497243808	a6	a10
12	0.631099090891948	a6	a10	a24	0
12	0.631207831589709	a7	a14	a25	0
13	0.631266259427311	a7	a14
12	0.631283030380697	a7	a14	a25	1
13	0.631323605267921	a7	a14
12	0.631344163210782	a7	a14	a25	2
13	0.631377705117554	a7	a14
12	0.631393935072443	a7	a14	a25	3
13	0.631428017977712	a7	a14
13	0.631782912991299	a6	a10
12	0.631822946880027	a6	a10	a26	0
12	0.631871636744696	a7	a14	a27	0
13	0.631936556564254	a7	a14
12	0.631952786519144	a7	a14	a27	1
13	0.632001476383813	a7	a14
12	0.63202095232968	a7	a14	a27	2
12	0.632075863677057	a7	a16	a27	3
13	0.632077216173298	a7	a14
13	0.632330132970328	a7	a16
13	0.632430488191396	a6	a10
12	0.632603607710219	a6	a10	a22	0
12	0.632661494549326	a7	a14	a23	0
12	0.632773210738816	a7	a17	a23	1
12	0.632891689409511	a7	a16	a23	2
12	0.633098891833602	a7	a15	a23	3
13	0.633200870050159	a7	a14
12	0.633245772925354	a7	a14	a23	4
13	0.633503558708851	a7	a17
13	0.633511673686296	a7	a16
12	0.633576052507358	a7	a17	a23	5
12	0.633595528453226	a7	a16	a23	6
13	0.633800025884835	a7	a15
13	0.633801919379573	a7	a14
12	0.633863322708905	a7	a15	a23	7
12	0.633887397141991	a7	a14	a23	8
13	0.634171691851809	a7	a16
12	0.634232824681893	a7	a16	a23	9
13	0.634310187466867	a7	a17
12	0.634378353277404	a7	a17	a23	10
13	0.634458691554107	a7	a14
12	0.634500348438324	a7	a14	a23	11
13	0.634513602901484	a7	a15
12	0.634575276730065	a7	a15	a23	12
13	0.634796545115061	a7	a16
12	0.634896088838384	a7	a16	a23	13
13	0.634992927569225	a7	a17
12	0.635063798372244	a7	a17	a23	14
13	0.63519228551512	a7	a14
12	0.635233401400841	a7	a14	a23	15
13	0.635353232567776	a7	a15
13	0.635507417139228	a7	a16
13	0.635645912754286	a7	a17
13	0.635774399897163	a7	a14
13	0.635829040745291	a6	a10
13	0.635922633485155	a8	a57
12	0.635956716390423	a6	a10	a28	0
12	0.636022177208478	a7	a14	a29	0
13	0.636073572065629	a7	a14
12	0.636112523957364	a7	a14	a29	1
12	0.636136057391954	a7	a16	a29	2
13	0.636167705803989	a7	a14
12	0.636208280691213	a7	a14	a29	3
13	0.6362615690431	a7	a16
13	0.636304037425062	a7	a14
12	0.636318373885214	a7	a17	a29	4
12	0.6363351448386	a7	a16	a29	5
12	0.636364088258153	a7	a14	a29	6
13	0.636396818667181	a7	a17
13	0.636397900664174	a7	a16
12	0.636403851647633	a7	a15	a29	7
13	0.636434418062675	a7	a14
12	0.636464984477718	a7	a16	a29	8
12	0.636480673434111	a7	a17	a29	9
13	0.636483919425089	a7	a15
12	0.636507452859679	a7	a14	a29	10
13	0.636541806264195	a7	a16
12	0.636548298246151	a7	a15	a29	11
13	0.636558036219085	a7	a17
12	0.63661754605368	a7	a16	a29	12
13	0.636627554525862	a7	a14
13	0.636643513981504	a7	a15
13	0.636678678883765	a7	a16
12	0.636703023816099	a7	a17	a29	13
12	0.636743328204075	a7	a14	a29	14
12	0.63675874666122	a7	a15	a29	15
13	0.63678525558754	a7	a17
13	0.636803920035663	a7	a14
13	0.63681176451386	a7	a15
13	0.6370338443966	a6	a10
13	0.637070091295854	a8	a56
12	0.637346000528978	a8	a56	a42	0
12	0.637403887368084	a6	a10	a30	0
12	0.637515874056823	a7	a14	a31	0
13	0.637676009611734	a7	a14
12	0.63769873154858	a7	a14	a31	1
13	0.637820456210252	a7	a14
12	0.63786644108244	a7	a14	a31	2
12	0.637878072550111	a7	a16	a31	3
12	0.637935959389217	a7	a17	a31	4
13	0.637960033822303	a7	a14
12	0.637972206288471	a7	a15	a31	5
12	0.638008182688476	a7	a14	a31	6
13	0.638054979058408	a7	a16
13	0.638066881025327	a7	a17
13	0.638100152432851	a7	a14
13	0.6381296368509	a7	a15
12	0.638131800844886	a7	a17	a31	7
12	0.638181572706547	a7	a16	a31	8
12	0.638199155157678	a7	a14	a31	9
12	0.638221065596779	a7	a15	a31	10
13	0.638258394493025	a7	a17
13	0.638300592375738	a7	a16
13	0.63831060084792	a7	a14
13	0.638356856219356	a7	a15
12	0.638367405690034	a7	a14	a31	11
12	0.638416907052447	a7	a16	a31	12
12	0.638428809019366	a7	a15	a31	13
13	0.63847235939832	a7	a14
12	0.638515639278026	a7	a14	a31	14
13	0.638528893741186	a7	a15
13	0.638543500700587	a7	a16
12	0.638600846541197	a7	a15	a31	15
13	0.638608691019393	a7	a14
13	0.638719325211891	a7	a15
13	0.638866206303643	a6	a10
13	0.638989012962308	a8	a56
12	0.639031210845021	a8	a56	a45	0
12	0.639057719771341	a6	a10	a32	0
12	0.639108573629995	a7	a14	a33	0
13	0.639124262586388	a7	a14
12	0.639155640499175	a7	a14	a33	1
13	0.639177821437524	a7	a14
12	0.639243823254075	a7	a14	a33	2
12	0.639263569699191	a7	a17	a33	3
13	0.639267627187914	a7	a14
12	0.639310366069123	a7	a14	a33	4
13	0.639313882559349	a7	a17
13	0.639327137022509	a7	a14
12	0.63932848951875	a7	a16	a33	5
13	0.639366900411989	a7	a16
12	0.639369875903719	a7	a14	a33	6
12	0.639383130366878	a7	a15	a33	7
13	0.639386646857105	a7	a14
12	0.639429385738314	a7	a14	a33	8
13	0.639437230216511	a7	a15
13	0.639445615693204	a7	a14
12	0.639464280141327	a7	a17	a33	9
13	0.639481592093209	a7	a17
12	0.639494846556369	a7	a14	a33	10
13	0.639539749431564	a7	a14
12	0.639558954878183	a7	a15	a33	11
12	0.639577889825554	a7	a16	a33	12
13	0.639586004802999	a7	a15
13	0.63959466077894	a7	a16
12	0.639596824772926	a7	a17	a33	13
13	0.639613595726312	a7	a17
12	0.639639293154887	a7	a14	a33	14
12	0.639654170613536	a7	a15	a33	15
13	0.639656064108273	a7	a14
13	0.6396741875579	a7	a15
13	0.639942252312827	a6	a10
13	0.639977958213584	a8	a56
12	0.640381543091841	a8	a56	a50	0
12	0.643824457522434	a6	a10	a34	0
12	0.643968904120952	a7	a14	a35	0
12	0.644215328936027	a7	a17	a35	1
12	0.644302429693934	a7	a15	a35	2
12	0.644379251480412	a7	a16	a35	3
13	0.666180679384444	a7	a14
13	0.671041821373146	a7	a17
13	0.672171426233466	a7	a16
13	0.672345086750785	a7	a15
13	0.672623971475639	a6	a10
12	0.672691596287679	a6	a10	a36	0
12	0.672756516107238	a7	a14	a37	0
12	0.673057040771945	a7	a17	a37	1
12	0.673110058624585	a7	a16	a37	2
12	0.67318579841407	a7	a15	a37	3
13	0.675906209352825	a7	a14
13	0.676675779713843	a7	a15
13	0.67699388682968	a7	a16
13	0.677389897728988	a7	a17
13	0.677527581846302	a6	a10
12	0.680303986129426	a6	a10	a38	0
12	0.680381889912897	a7	a14	a39	0
12	0.680674299600159	a7	a16	a39	1
12	0.680798729254313	a7	a17	a39	2
12	0.680853370102441	a7	a15	a39	3
13	0.682374387374851	a7	a14
13	0.682993560153891	a7	a16
13	0.683092021880222	a7	a17
13	0.683165597675722	a7	a15
13	0.683332495711837	a6	a10
12	0.683383890568988	a6	a10	a40	0
12	0.683448810388546	a7	a14	a41	0
12	0.683614085429173	a7	a16	a41	1
12	0.683762319017165	a7	a17	a41	2
12	0.68382777983522	a7	a15	a41	3
13	0.684037957751041	a7	a14
13	0.685169456106098	a7	a16
13	0.685284688785815	a7	a15
13	0.685304164731682	a7	a17
13	0.685529490605401	a6	a10
12	0.685803776843036	a8	a57	a49	0
13	0.694458670787195	a8	a57
12	0.694516016627805	a8	a57	a54	0
12	0.69640247838448	a8	a58	a53	0
13	0.709377245321771	a8	a58
12	0.709421066199973	a8	a58	a52	0
13	0.715121026357221	a8	a58
12	0.715150781274519	a8	a58	a51	0
13	0.718065681172702	a8	a58
13	0.721206177443851	a8	a57
13	0.721308967158152	a8	a56
13	0.721458282743137	a8	a55
12	0.721811554761235	a8	a55	a46	0
12	0.721831030707103	a8	a56	a48	0
13	0.75125106993559	a8	a56
12	0.751380909574707	a6	a10	a20	0
12	0.751483158290512	a7	a14	a21	0
12	0.751901620627417	a7	a16	a21	1
12	0.751980065409384	a7	a17	a21	2
12	0.752000082353748	a7	a15	a21	3
13	0.75206743666654	a7	a14
13	0.752301959514695	a7	a16
13	0.752329550438008	a7	a17
13	0.752332796428986	a7	a15
13	0.752590582212483	a6	a10
12	0.752734487812505	a8	a56	a44	0
12	0.752753422759876	a8	a57	a43	0
12	0.752996331084725	a6	a10	a22	0
12	0.75312941671482	a7	a14	a23	0
12	0.753366644555457	a7	a16	a23	1
12	0.753436974359979	a7	a15	a23	2
12	0.753511632152471	a7	a17	a23	3
13	0.75370449811641	a7	a14
12	0.753749941990101	a7	a14	a23	4
13	0.754154879364598	a7	a16
12	0.75421493019769	a7	a16	a23	5
13	0.754223586173631	a7	a15
12	0.754289587990182	a7	a15	a23	6
13	0.754320965902969	a7	a17
12	0.754390754708995	a7	a17	a23	7
13	0.754407255163132	a7	a14
12	0.75447379797818	a7	a14	a23	8
13	0.754777027635368	a7	a16
12	0.754839242462445	a7	a16	a23	9
13	0.755157349578283	a7	a15
13	0.755210908429419	a7	a17
12	0.755222269397841	a7	a15	a23	10
13	0.755226326886564	a7	a14
12	0.755303960170786	a7	a17	a23	11
12	0.755323706615902	a7	a14	a23	12
13	0.755876877578391	a7	a17
12	0.755940715400957	a7	a17	a23	13
13	0.755989675764874	a7	a14
13	0.7559931922551	a7	a16
12	0.756031332649091	a7	a14	a23	14
13	0.756064604056615	a7	a15
12	0.756066227052104	a7	a16	a23	15
13	0.756882323283806	a7	a14
13	0.756990793482318	a7	a17
13	0.7570670742703	a7	a16
13	0.757197725407161	a6	a10
12	0.757312417088381	a6	a10	a24	0
12	0.757387074880874	a7	a14	a25	0
13	0.757436305744039	a7	a14
12	0.757451994700433	a7	a14	a25	1
13	0.75749202858916	a7	a14
12	0.757493381085401	a7	a15	a25	2
12	0.757529898483903	a7	a14	a25	3
13	0.757575342357594	a7	a14
13	0.757617269741059	a7	a15
13	0.757810135704998	a6	a10
12	0.757853415584704	a6	a10	a26	0
12	0.757922122393736	a7	a14	a27	0
13	0.757971894255398	a7	a14
12	0.757993534195251	a7	a14	a27	1
13	0.75805250303135	a7	a14
12	0.758073601972707	a7	a14	a27	2
13	0.758128783819331	a7	a14
12	0.758144472775725	a7	a14	a27	3
13	0.758196408631372	a7	a14
13	0.758538319681047	a6	a10
12	0.758675733299113	a6	a10	a22	0
12	0.758741194117168	a7	a14	a23	0
12	0.758867517266059	a7	a15	a23	1
12	0.758997356905176	a7	a17	a23	2
12	0.759050374757816	a7	a16	a23	3
13	0.759288684595446	a7	a14
12	0.75932925948267	a7	a14	a23	4
13	0.759559995341351	a7	a15
12	0.75961463618948	a7	a15	a23	5
13	0.759627620153391	a7	a17
12	0.75970281894438	a7	a17	a23	6
13	0.759704982938366	a7	a16
12	0.759777476736873	a7	a16	a23	7
13	0.759876208962451	a7	a14
12	0.759918406845165	a7	a14	a23	8
13	0.760319016231691	a7	a17
13	0.760354181133952	a7	a15
12	0.760380149061775	a7	a17	a23	9
13	0.760383395052753	a7	a16
12	0.760442363888852	a7	a15	a23	10
13	0.760461028336976	a7	a14
12	0.760468872815172	a7	a16	a23	11
12	0.760514046189615	a7	a14	a23	12
13	0.760970378421263	a7	a17
12	0.761028806258865	a7	a17	a23	13
13	0.761029347257362	a7	a15
13	0.76107073364233	a7	a14
12	0.761091562084439	a7	a15	a23	14
12	0.761126997485948	a7	a14	a23	15
13	0.761280370559655	a7	a16
13	0.76161362563339	a7	a17
13	0.761680438947685	a7	a14
13	0.761682332442422	a7	a15
13	0.76183570551613	a6	a10
13	0.761916314292082	a8	a57
12	0.761933626243964	a6	a10	a28	0
12	0.76199151308307	a7	a14	a29	0
13	0.762060219892103	a7	a14
12	0.762080236836467	a7	a14	a29	1
13	0.762134877684596	a7	a14
12	0.76215489462896	a7	a14	a29	2
13	0.76221656845754	a7	a14
12	0.762260389335742	a7	a14	a29	3
12	0.762298529729733	a7	a17	a29	4
13	0.762303128216952	a7	a14
12	0.762385359988393	a7	a14	a29	5
12	0.762417008400428	a7	a15	a29	6
13	0.762428369368851	a7	a17
13	0.762438918839529	a7	a14
12	0.762441894331259	a7	a16	a29	7
12	0.762486526707205	a7	a14	a29	8
13	0.762500322168861	a7	a15
12	0.762512765134277	a7	a17	a29	9
13	0.762536298568867	a7	a14
13	0.762547389038041	a7	a16
13	0.762590127919251	a7	a17
12	0.762617448343315	a7	a14	a29	10
12	0.762652342746328	a7	a16	a29	11
12	0.762670195696706	a7	a15	a29	12
13	0.762671007194451	a7	a14
12	0.762689671642574	a7	a17	a29	13
13	0.762704278601975	a7	a16
12	0.76271374607566	a7	a14	a29	14
13	0.762743771492206	a7	a17
13	0.762751345471155	a7	a15
13	0.762823027771917	a7	a14
12	0.762829249254625	a7	a16	a29	15
13	0.762898497062154	a7	a16
13	0.76310218299602	a6	a10
13	0.763114084962939	a8	a56
12	0.763352665299817	a8	a56	a42	0
12	0.763422454105842	a6	a10	a30	0
12	0.763485209931416	a7	a14	a31	0
12	0.763571499191579	a7	a17	a31	1
13	0.763602065606621	a7	a14
12	0.763650214472794	a7	a14	a31	2
12	0.763660222944976	a7	a16	a31	3
12	0.763764635654766	a7	a15	a31	4
13	0.763768693143488	a7	a14
13	0.763779242614167	a7	a17
12	0.763807104036727	a7	a14	a31	5
13	0.763811161525449	a7	a16
12	0.763870130361549	a7	a17	a31	6
12	0.763883655323957	a7	a16	a31	7
13	0.763912869242758	a7	a15
13	0.763932615687874	a7	a14
12	0.763968862587127	a7	a14	a31	8
13	0.76397724806382	a7	a16
13	0.763986986036754	a7	a17
12	0.763988609032243	a7	a15	a31	9
12	0.764069217808195	a7	a17	a31	10
13	0.764084095266844	a7	a14
12	0.764098972725493	a7	a16	a31	11
13	0.764103300713463	a7	a15
12	0.764120342166098	a7	a14	a31	12
13	0.764171466524	a7	a17
12	0.764186614481897	a7	a15	a31	13
13	0.764194188460846	a7	a16
13	0.764240984830777	a7	a14
12	0.764260731275893	a7	a17	a31	14
12	0.764309962139058	a7	a16	a31	15
13	0.764314831125525	a7	a15
13	0.76439057091501	a7	a17
13	0.764404636875915	a7	a16
13	0.764589387862409	a6	a10
13	0.764719227501526	a8	a56
12	0.764754392403787	a8	a56	a45	0
12	0.764769540361684	a6	a10	a32	0
12	0.764851772133125	a7	a14	a33	0
13	0.764868543086511	a7	a14
12	0.764881797549671	a7	a15	a33	1
12	0.764908576975239	a7	a14	a33	2
13	0.764924806930128	a7	a14
13	0.764932110409829	a7	a15
12	0.764988644752694	a7	a14	a33	3
12	0.765015424178262	a7	a15	a33	4
13	0.765033277128641	a7	a15
13	0.765044367597816	a7	a14
12	0.765127410867001	a7	a15	a33	5
13	0.765142558824898	a7	a15
12	0.765156624785802	a7	a16	a33	6
12	0.765175830232422	a7	a14	a33	7
13	0.765192060187311	a7	a14
12	0.765216134620398	a7	a17	a33	8
13	0.76522911858431	a7	a16
12	0.765252381519651	a7	a15	a33	9
13	0.765256168509126	a7	a17
12	0.765295931898605	a7	a14	a33	10
13	0.765308645363269	a7	a15
13	0.765313243850488	a7	a14
12	0.765325957315151	a7	a17	a33	11
13	0.765342187270041	a7	a17
12	0.765354630235456	a7	a16	a33	12
12	0.765375458677565	a7	a14	a33	13
13	0.765391688632454	a7	a14
13	0.765397369116666	a7	a16
12	0.765408730085088	a7	a15	a33	14
13	0.765441730993364	a7	a15
12	0.7654952898445	a7	a17	a33	15
13	0.765512060797886	a7	a17
13	0.765737386671604	a6	a10
13	0.765782830545295	a8	a56
12	0.766129069582941	a8	a56	a50	0
12	0.76943294739998	a6	a10	a34	0
12	0.769507605192472	a7	a14	a35	0
12	0.769573877508271	a7	a15	a35	1
12	0.769679913213551	a7	a17	a35	2
12	0.769896853610576	a7	a16	a35	3
13	0.79729031247184	a7	a17
13	0.797515638345558	a7	a14
13	0.798680137608891	a7	a16
13	0.798995539732247	a7	a15
13	0.799505971813527	a6	a10
12	0.799538972721803	a6	a10	a36	0
12	0.799629860469185	a7	a14	a37	0
12	0.799834087401546	a7	a17	a37	1
12	0.800118111612115	a7	a16	a37	2
12	0.800134341567005	a7	a15	a37	3
13	0.802761430265145	a7	a15
13	0.803327044193049	a7	a14
13	0.803902396093888	a7	a16
13	0.804503445423301	a7	a17
13	0.804634096560163	a6	a10
12	0.807371548951552	a6	a10	a38	0
12	0.807460272704949	a7	a14	a39	0
12	0.807574152888425	a7	a15	a39	1
12	0.807768371348605	a7	a17	a39	2
12	0.80785871809749	a7	a16	a39	3
13	0.809348357457113	a7	a14
13	0.809845805574481	a7	a15
13	0.81007248394444	a7	a17
13	0.810181224642201	a7	a16
13	0.810314039773048	a6	a10
12	0.81034758167982	a6	a10	a40	0
12	0.81050501224225	a7	a14	a41	0
12	0.810714108161078	a7	a17	a41	1
12	0.810799044925001	a7	a16	a41	2
12	0.810932130555096	a7	a15	a41	3
13	0.811072519664891	a7	a14
13	0.812077965370306	a7	a17
13	0.812371727553809	a7	a16
13	0.812419876419981	a7	a15
13	0.812601381415497	a6	a10
12	0.812829682780945	a8	a57	a49	0
13	0.824237177074391	a8	a57
12	0.824284784942067	a8	a57	a54	0
12	0.826156639739341	a8	a58	a53	0
13	0.839067568854066	a8	a58
12	0.839102733756327	a8	a58	a52	0
13	0.844771316000789	a8	a58
12	0.844804857907561	a8	a58	a51	0
13	0.847717052813262	a8	a58
13	0.850819138191172	a8	a57
13	0.850933829872393	a8	a56
13	0.851070702491962	a8	a55
12	0.851393678594266	a8	a55	a47	0
13	0.868402130320134	a8	a55
12	0.868452443180292	a8	a55	a46	0
12	0.868475706115634	a8	a56	a48	0
13	0.895916231846078	a8	a56
12	0.896065006432566	a6	a10	a20	0
12	0.896158058173934	a7	a14	a21	0
12	0.896275184348388	a7	a16	a21	1
12	0.896291955301774	a7	a15	a21	2
12	0.896539732613089	a7	a17	a21	3
13	0.896790485416134	a7	a14
13	0.896924382543974	a7	a16
13	0.89692492354247	a7	a15
13	0.897252768631241	a7	a17
13	0.897392616742541	a6	a10
12	0.897520292387673	a8	a56	a44	0
12	0.89753976833354	a8	a57	a43	0
12	0.89780161160576	a6	a10	a22	0
12	0.897888712363668	a7	a14	a23	0
12	0.897966886646386	a7	a16	a23	1
12	0.898024773485493	a7	a15	a23	2
12	0.898314207681025	a7	a17	a23	3
13	0.898451350799843	a7	a14
12	0.898511401632935	a7	a14	a23	4
13	0.898770810411921	a7	a16
13	0.898782171380344	a7	a15
12	0.898841681214939	a7	a16	a23	5
12	0.898880092108178	a7	a15	a23	6
13	0.899119213443552	a7	a17
13	0.89917250179544	a7	a14
12	0.899187379254089	a7	a17	a23	7
12	0.899221732658605	a7	a14	a23	8
13	0.899567701197003	a7	a16
12	0.899628834027088	a7	a16	a23	9
13	0.899645063981977	a7	a15
12	0.899708360806047	a7	a15	a23	10
13	0.899869037359455	a7	a17
12	0.899939367163976	a7	a17	a23	11
13	0.899965064592552	a7	a14
12	0.900006180478272	a7	a14	a23	12
13	0.900328345082832	a7	a15
12	0.900386772920435	a7	a15	a23	13
13	0.900512284571582	a7	a16
12	0.90057720439114	a7	a16	a23	14
13	0.900667821639274	a7	a14
13	0.90068161710093	a7	a17
12	0.900706232532513	a7	a14	a23	15
13	0.90108033299272	a7	a15
13	0.901320536325087	a7	a16
13	0.90134352876118	a7	a14
13	0.901465794421349	a6	a10
12	0.901608077025882	a6	a10	a24	0
12	0.901734129675525	a7	a14	a25	0
13	0.901796344502602	a7	a14
12	0.901812574457491	a7	a14	a25	1
13	0.901849903353738	a7	a14
12	0.901866133308627	a7	a14	a25	2
13	0.901899675215399	a7	a14
12	0.901920774156756	a7	a14	a25	3
13	0.901956480057513	a7	a14
13	0.902083073705652	a6	a10
12	0.902144206535737	a6	a10	a26	0
12	0.902228061302667	a7	a14	a27	0
13	0.902296227113203	a7	a14
12	0.902312457068093	a7	a14	a27	1
13	0.902366015919229	a7	a14
12	0.902382245874119	a7	a14	a27	2
13	0.902436345723751	a7	a14
12	0.90245257567864	a7	a14	a27	3
13	0.902503970535791	a7	a14
13	0.90281450367268	a6	a10
12	0.902951376292249	a6	a10	a22	0
12	0.903015214114815	a7	a14	a23	0
12	0.903175620168975	a7	a16	a23	1
12	0.903194555116346	a7	a17	a23	2
12	0.903280032878765	a7	a15	a23	3
13	0.903566491582567	a7	a14
12	0.90361031246077	a7	a14	a23	4
13	0.903797768439745	a7	a16
13	0.90385295028637	a7	a17
12	0.903856737275844	a7	a16	a23	5
13	0.903929772072848	a7	a15
12	0.903937887050292	a7	a17	a23	6
12	0.904005511862333	a7	a15	a23	7
13	0.904153474951077	a7	a14
12	0.90421623077665	a7	a14	a23	8
13	0.904427490689464	a7	a16
12	0.904490787513534	a7	a16	a23	9
13	0.904553002340611	a7	a17
12	0.904624414142125	a7	a17	a23	10
13	0.904666612024838	a7	a15
12	0.904729908848908	a7	a15	a23	11
13	0.904756147275979	a7	a14
12	0.904794558169218	a7	a14	a23	12
13	0.905063163922642	a7	a16
12	0.905124296752727	a7	a16	a23	13
13	0.905330417179825	a7	a15
13	0.905338261658022	a7	a14
12	0.905386410524195	a7	a14	a23	14
12	0.905400746984347	a7	a15	a23	15
13	0.905402910978332	a7	a17
13	0.905734002058082	a7	a16
13	0.905951212954355	a7	a14
13	0.906040748205496	a7	a15
13	0.906170317345365	a6	a10
13	0.906259041098762	a8	a57
12	0.906287714019067	a6	a10	a28	0
12	0.906409979679236	a7	a14	a29	0
13	0.906471653507817	a7	a14
12	0.906488424461202	a7	a14	a29	1
13	0.906542524310835	a7	a14
12	0.906558213267228	a7	a14	a29	2
13	0.906600411149941	a7	a14
12	0.906616100106335	a7	a14	a29	3
13	0.906661002981529	a7	a14
12	0.906674798443185	a7	a15	a29	4
12	0.906701577868753	a7	a14	a29	5
13	0.906770284677786	a7	a14
13	0.906800851092828	a7	a15
12	0.906811941562003	a7	a14	a29	6
13	0.906854680443212	a7	a14
12	0.906859819928928	a7	a16	a29	7
12	0.906883623862766	a7	a15	a29	8
12	0.906915813273297	a7	a14	a29	9
12	0.906941510701872	a7	a17	a29	10
13	0.906957740656762	a7	a16
13	0.906960716148492	a7	a14
13	0.906972888614659	a7	a15
12	0.906998586043234	a7	a14	a29	11
13	0.907022660476321	a7	a17
12	0.907045923411662	a7	a16	a29	12
12	0.907080006316931	a7	a15	a29	13
12	0.907104351249265	a7	a17	a29	14
13	0.907116523715432	a7	a14
13	0.907133565168067	a7	a16
12	0.907153852611679	a7	a14	a29	15
13	0.907174140055291	a7	a17
13	0.907177927044765	a7	a15
13	0.907217690434245	a7	a14
13	0.907375661995171	a6	a10
13	0.907392973947053	a8	a56
12	0.907609914344078	a8	a56	a42	0
12	0.907686195132059	a6	a10	a30	0
12	0.907752196948611	a7	a14	a31	0
12	0.907853093168175	a7	a17	a31	1
13	0.907873380611787	a7	a14
12	0.907932349447886	a7	a14	a31	2
12	0.907972112837366	a7	a15	a31	3
12	0.907995375772707	a7	a16	a31	4
13	0.908052180614821	a7	a17
13	0.908061107090011	a7	a14
13	0.908113854443402	a7	a15
12	0.90811412494265	a7	a14	a31	5
13	0.908162544308071	a7	a16
12	0.908173364277997	a7	a17	a31	6
12	0.908177692265968	a7	a15	a31	7
13	0.908259653538161	a7	a14
12	0.908265334022372	a7	a16	a31	8
13	0.908277235989291	a7	a15
12	0.908296982434407	a7	a14	a31	9
13	0.908297252933655	a7	a17
13	0.908371369727651	a7	a16
12	0.908375697715622	a7	a15	a31	10
12	0.908387058684045	a7	a17	a31	11
13	0.908393280166752	a7	a14
12	0.908447650515633	a7	a16	a31	12
12	0.908483626915638	a7	a14	a31	13
13	0.908486061408871	a7	a15
13	0.908487143405864	a7	a17
13	0.908542866250985	a7	a16
12	0.908559096205875	a7	a17	a31	14
13	0.908588039625428	a7	a14
12	0.908595343105129	a7	a15	a31	15
13	0.908669459899125	a7	a17
13	0.908714903772816	a7	a15
13	0.90887747382096	a6	a10
13	0.908996493490151	a8	a56
12	0.909034363384894	a8	a56	a45	0
12	0.909048429345798	a6	a10	a32	0
12	0.909113349165357	a7	a14	a33	0
13	0.909172318001456	a7	a14
12	0.909188547956346	a7	a14	a33	1
13	0.909204236912739	a7	a14
12	0.909220466867629	a7	a14	a33	2
13	0.909236696822518	a7	a14
12	0.909279435703728	a7	a14	a33	3
13	0.909295665658617	a7	a14
12	0.909327043571404	a7	a14	a33	4
13	0.909342732527797	a7	a14
12	0.90935706898795	a7	a16	a33	5
12	0.909383848413518	a7	a14	a33	6
13	0.909409545842093	a7	a16
13	0.909410898338334	a7	a14
12	0.90944092375488	a7	a15	a33	7
12	0.909461211198492	a7	a14	a33	8
13	0.909477982151878	a7	a14
13	0.909482580639097	a7	a15
12	0.90949231861203	a7	a17	a33	9
13	0.909532352500758	a7	a17
12	0.909534245995495	a7	a14	a33	10
13	0.909551016948881	a7	a14
12	0.909553451442115	a7	a16	a33	11
13	0.90959835431731	a7	a16
12	0.909615666269192	a7	a15	a33	12
13	0.909635683213556	a7	a15
12	0.909637847207541	a7	a17	a33	13
13	0.909668684121831	a7	a17
12	0.909677610597021	a7	a14	a33	14
12	0.909716832988004	a7	a16	a33	15
13	0.909751186392521	a7	a14
13	0.909764981854177	a7	a16
13	0.909965421797064	a6	a10
13	0.910003832690303	a8	a56
12	0.910350071727949	a8	a56	a50	0
12	0.913664228516417	a6	a10	a34	0
12	0.913739427307406	a7	a14	a35	0
12	0.913820847581103	a7	a15	a35	1
12	0.913957179202176	a7	a16	a35	2
12	0.913971786161577	a7	a17	a35	3
13	0.934407192862396	a7	a14
13	0.940933528222776	a7	a16
13	0.940941102201725	a7	a15
13	0.941455050773231	a7	a17
13	0.94185079117329	a6	a10
12	0.941888661068033	a6	a10	a36	0
12	0.941989827786845	a7	a14	a37	0
12	0.942248695567335	a7	a16	a37	1
12	0.942360141257577	a7	a17	a37	2
12	0.942435881047062	a7	a15	a37	3
13	0.945031591832415	a7	a15
13	0.945576106818963	a7	a14
13	0.946431695940897	a7	a17
13	0.946799033919899	a7	a16
13	0.946914537098864	a6	a10
12	0.949660645466194	a6	a10	a38	0
12	0.949752074212073	a7	a14	a39	0
12	0.949977400085791	a7	a16	a39	1
12	0.95005692686475	a7	a17	a39	2
12	0.950155929589577	a7	a15	a39	3
13	0.951686143836424	a7	a14
13	0.952250675767336	a7	a16
13	0.952257708747788	a7	a17
13	0.952424877283152	a7	a15
13	0.952570135379414	a6	a10
12	0.952625317226039	a6	a10	a40	0
12	0.952688073051612	a7	a14	a41	0
12	0.953035123587003	a7	a16	a41	1
12	0.953073534480242	a7	a17	a41	2
12	0.953108158384006	a7	a15	a41	3
13	0.953255580474254	a7	a14
13	0.954555329361668	a7	a17
13	0.954587248272951	a7	a15
13	0.954621872176715	a7	a16
13	0.954860723012842	a6	a10
12	0.955095516360245	a8	a57	a49	0
13	0.963838052060809	a8	a57
12	0.96394679275857	a8	a57	a54	0
12	0.9658397464972	a8	a58	a53	0
13	0.978688460784848	a8	a58
12	0.978734986655531	a8	a58	a52	0
13	0.984313763149604	a8	a58
12	0.984341354072916	a8	a58	a51	0
13	0.987261663956062	a8	a58
13	0.990390258260293	a8	a57
13	0.990526589881366	a8	a56
13	0.990654265526498	a8	a55
12	0.990962093670905	a8	a55	a46	0
12	0.990983733610758	a8	a56	a48	0
13	1.02026798221667	a8	a56
12	1.02040701883022	a6	a10	a20	0
12	1.02047734863474	a7	a14	a21	0
12	1.02060367178364	a7	a15	a21	1
12	1.02066534561222	a7	a16	a21	2
12	1.02095423880925	a7	a17	a21	3
13	1.02107515197318	a7	a14
13	1.02192749510414	a7	a15
13	1.02195833201843	a7	a16
13	1.02219637135681	a7	a17
13	1.02233567846961	a6	a10
12	1.02250284700497	a8	a56	a44	0
12	1.02252178195235	a8	a57	a43	0
12	1.02278254322757	a6	a10	a22	0
12	1.02285720102006	a7	a14	a23	0
12	1.02304249300506	a7	a15	a23	1
12	1.02309551085769	a7	a16	a23	2
12	1.02326754837953	a7	a17	a23	3
13	1.0234111834803	a7	a14
12	1.02345825034948	a7	a14	a23	4
13	1.02381341586231	a7	a16
13	1.02384262978112	a7	a15
12	1.02387563068939	a7	a16	a23	5
12	1.0239037626112	a7	a15	a23	6
13	1.02403035625934	a7	a17
13	1.02407552963378	a7	a14
12	1.02409852206988	a7	a17	a23	7
12	1.02413503946838	a7	a14	a23	8
13	1.02443881012406	a7	a16
12	1.02449940195565	a7	a16	a23	9
13	1.02463194658725	a7	a15
12	1.0246984894023	a7	a15	a23	10
13	1.02471742434967	a7	a17
12	1.02478829515269	a7	a17	a23	11
13	1.02482102556171	a7	a14
12	1.02485997745345	a7	a14	a23	12
13	1.02510261527905	a7	a16
12	1.02516320711064	a7	a16	a23	13
13	1.02533362163698	a7	a15
13	1.02538014750766	a7	a17
12	1.02539800045804	a7	a15	a23	14
13	1.02545182980842	a7	a14
12	1.02546075628361	a7	a17	a23	15
13	1.02578427338441	a7	a16
13	1.0260071647649	a7	a15
13	1.02615648034988	a7	a17
13	1.02630119744765	a6	a10
12	1.02641264313789	a6	a10	a24	0
12	1.02648297294241	a7	a14	a25	0
13	1.02651543285219	a7	a14
12	1.02653815478904	a7	a14	a25	1
13	1.02658035267175	a7	a14
12	1.02661335358003	a7	a14	a25	2
12	1.02664121500259	a7	a15	a25	3
13	1.02665501046425	a7	a14
13	1.02675915267479	a7	a15
13	1.02704236538761	a6	a10
12	1.02708564526732	a6	a10	a26	0
12	1.02715489307485	a7	a14	a27	0
13	1.02720412393801	a7	a14
12	1.02722305888538	a7	a14	a27	1
13	1.02727066675306	a7	a14
12	1.02728689670795	a7	a14	a27	2
13	1.02733991456059	a7	a14
12	1.0273826534418	a7	a14	a27	3
13	1.02743621229293	a7	a14
13	1.02767425163132	a6	a10
12	1.02781328824487	a6	a10	a22	0
12	1.02787929006142	a7	a14	a23	0
12	1.02804672909603	a7	a15	a23	1
12	1.02810894392311	a7	a16	a23	2
12	1.02814843681334	a7	a17	a23	3
13	1.02841650156827	a7	a14
12	1.028456535457	a7	a14	a23	4
13	1.02876625709614	a7	a16
13	1.02876625709614	a7	a15
13	1.02881332396532	a7	a17
12	1.02883334090969	a7	a16	a23	5
12	1.02884470187811	a7	a15	a23	6
12	1.02889339174278	a7	a17	a23	7
13	1.02900456693377	a7	a14
12	1.02906461776686	a7	a14	a23	8
13	1.02941383229624	a7	a16
13	1.0294192422812	a7	a15
12	1.02948037511129	a7	a16	a23	9
13	1.02948686709324	a7	a17
12	1.0294933590752	a7	a15	a23	10
12	1.02958965680754	a7	a17	a23	11
13	1.02961481323762	a7	a14
12	1.02966025711131	a7	a14	a23	12
13	1.03006573548431	a7	a15
13	1.03007222746626	a7	a16
12	1.03013606528883	a7	a15	a23	13
12	1.03016311521365	a7	a16	a23	14
13	1.03017826317154	a7	a17
13	1.03020991158358	a7	a14
12	1.03024561748433	a7	a14	a23	15
13	1.03073386862726	a7	a15
13	1.03081880539119	a7	a16
13	1.03081961688893	a7	a14
13	1.0310003103867	a6	a10
13	1.03107226318671	a8	a57
12	1.03109552612206	a6	a10	a28	0
12	1.0311631509341	a7	a14	a29	0
13	1.03123456273561	a7	a14
12	1.03127946561081	a7	a14	a29	1
12	1.03130895002886	a7	a17	a29	2
13	1.03134600842585	a7	a14
12	1.03139659178526	a7	a15	a29	3
12	1.03143473217925	a7	a14	a29	4
13	1.03143878966797	a7	a17
13	1.03148044655219	a7	a15
13	1.03149478301234	a7	a14
12	1.03149721750558	a7	a16	a29	5
12	1.0315231854334	a7	a17	a29	6
12	1.03155537484393	a7	a14	a29	7
12	1.03157566228754	a7	a15	a29	8
13	1.03157890827852	a7	a16
13	1.03161001569206	a7	a14
13	1.03161028619131	a7	a17
13	1.03164220510259	a7	a15
12	1.031655730065	a7	a16	a29	9
12	1.03169008346951	a7	a14	a29	10
13	1.03170820691914	a7	a16
13	1.03174472431764	a7	a14
12	1.03175256879584	a7	a17	a29	11
12	1.03176122477178	a7	a15	a29	12
12	1.03178529920487	a7	a14	a29	13
13	1.03180125866051	a7	a17
12	1.03180937363795	a7	a16	a29	14
13	1.03183966955375	a7	a15
13	1.03184156304848	a7	a14
12	1.03186671947856	a7	a17	a29	15
13	1.03191649134022	a7	a16
13	1.03192677031166	a7	a17
13	1.0321180132801	a6	a10
13	1.0321483091959	a8	a56
12	1.03238743053127	a8	a56	a42	0
12	1.03244802236286	a6	a10	a30	0
12	1.03255784505761	a7	a14	a31	0
12	1.03257380451326	a7	a16	a31	1
12	1.03265711828169	a7	a17	a31	2
13	1.03266117577041	a7	a14
12	1.03269742266967	a7	a14	a31	3
13	1.03278262993284	a7	a16
13	1.03278912191479	a7	a17
13	1.03282022932833	a7	a14
12	1.03286864869375	a7	a16	a31	4
12	1.03288785414037	a7	a14	a31	5
12	1.03290489559301	a7	a15	a31	6
12	1.03292383054038	a7	a17	a31	7
13	1.03296602842309	a7	a16
13	1.03298252887723	a7	a14
13	1.03301958727423	a7	a17
12	1.03303311223663	a7	a16	a31	8
13	1.0330525881825	a7	a15
12	1.0330750396201	a7	a14	a31	9
12	1.0331110160201	a7	a17	a31	10
12	1.03313049196597	a7	a15	a31	11
13	1.03313860694342	a7	a16
13	1.03318323931936	a7	a14
12	1.03321840422162	a7	a14	a31	12
13	1.03323328168027	a7	a15
13	1.0332446426487	a7	a17
12	1.03325979060659	a7	a16	a31	13
12	1.03330956246825	a7	a15	a31	14
13	1.03333039091036	a7	a14
12	1.03336339181864	a7	a14	a31	15
13	1.03336474431488	a7	a16
13	1.03342046716	a7	a15
13	1.03347321451339	a7	a14
13	1.0336636459841	a6	a10
13	1.03377022268787	a8	a56
12	1.03379835460968	a8	a56	a45	0
12	1.0338107975751	a6	a10	a32	0
12	1.03387247140368	a7	a14	a33	0
13	1.03388924235706	a7	a14
12	1.03391845627586	a7	a14	a33	1
13	1.03393414523226	a7	a14
12	1.03398554008941	a7	a14	a33	2
12	1.03399879455257	a7	a16	a33	3
13	1.03400231104279	a7	a14
12	1.03403963993904	a7	a14	a33	4
13	1.03404910741273	a7	a16
13	1.03405532889543	a7	a14
12	1.03406587836611	a7	a15	a33	5
12	1.03409211679318	a7	a14	a33	6
13	1.03410888774657	a7	a14
12	1.0341489216353	a7	a14	a33	7
13	1.03416569258868	a7	a14
13	1.03416704508492	a7	a15
12	1.03420302148493	a7	a14	a33	8
13	1.03422033343681	a7	a14
12	1.03423629289245	a7	a16	a33	9
12	1.03425252284734	a7	a17	a33	10
13	1.03426767080524	a7	a16
13	1.03429201573757	a7	a17
12	1.03430148321126	a7	a14	a33	11
13	1.03431879516314	a7	a14
12	1.03431960666089	a7	a15	a33	12
13	1.03434990257668	a7	a15
12	1.03442618336466	a7	a17	a33	13
12	1.03442834735865	a7	a16	a33	14
13	1.03446080726843	a7	a17
13	1.03446297126241	a7	a16
12	1.03446973374362	a7	a14	a33	15
13	1.03455196551506	a7	a14
13	1.03470831408049	a6	a10
13	1.03474672497373	a8	a56
12	1.03509945599334	a8	a56	a50	0
12	1.03843362972617	a6	a10	a34	0
12	1.03849909054422	a7	a14	a35	0
12	1.03872820340742	a7	a16	a35	1
12	1.03879150023148	a7	a17	a35	2
12	1.03888563396984	a7	a15	a35	3
13	1.05941301041504	a7	a14
13	1.06469991822035	a7	a17
13	1.06515652095124	a7	a16
13	1.06582952308067	a7	a15
13	1.06596504320399	a6	a10
12	1.06599966710776	a6	a10	a36	0
12	1.0660813578807	a7	a14	a37	0
12	1.06627963382961	a7	a16	a37	1
12	1.06647818027776	a7	a15	a37	2
12	1.06657123201912	a7	a17	a37	3
13	1.06901113523754	a7	a17
13	1.06955078123762	a7	a14
13	1.07012126415199	a7	a15
13	1.07083916915661	a7	a16
13	1.07096441030851	a6	a10
12	1.07367751776756	a6	a10	a38	0
12	1.07376948751194	a7	a14	a39	0
12	1.07400942034505	a7	a15	a39	1
12	1.07407812715409	a7	a16	a39	2
12	1.07419606482629	a7	a17	a39	3
13	1.07575711598742	a7	a14
13	1.07637520676947	a7	a15
13	1.07644715956948	a7	a17
13	1.07645365155144	a7	a16
13	1.076628664565	a6	a10
12	1.07667627243267	a6	a10	a40	0
12	1.07673848725975	a7	a14	a41	0
12	1.07700979800566	a7	a15	a41	1
12	1.07715424460417	a7	a16	a41	2
12	1.07720401646584	a7	a17	a41	3
13	1.07728543673953	a7	a14
13	1.07858248063446	a7	a17
13	1.07872097624952	a7	a15
13	1.07877183010818	a7	a16
13	1.07893440015632	a6	a10
12	1.07917568548568	a8	a57	a49	0
13	1.08774942965539	a8	a57
12	1.08785276036819	a8	a57	a54	0
12	1.08973164814592	a8	a58	a53	0
13	1.10248081871024	a8	a58
12	1.10251706560949	a8	a58	a52	0
13	1.10806230019679	a8	a58
12	1.10824407569156	a8	a58	a51	0
13	1.11115843459125	a8	a58
13	1.11424807700374	a8	a57
13	1.11436601467594	a8	a56
13	1.11451965824889	a8	a55
12	1.11484804433616	a8	a55	a46	0
12	1.11486806128053	a8	a56	a48	0
13	1.14313469171485	a8	a56
12	1.14328184330585	a6	a10	a20	0
12	1.14336245208181	a7	a14	a21	0
12	1.14348336524573	a7	a17	a21	1
12	1.14367163272245	a7	a16	a21	2
12	1.14373547054502	a7	a15	a21	3
13	1.14396837039769	a7	a14
13	1.14410875950748	a7	a16
13	1.14483694348353	a7	a17
13	1.14500681701138	a7	a15
13	1.14513692714974	a6	a10
12	1.1452900297242	a8	a56	a44	0
12	1.14530950567007	a8	a57	a43	0
12	1.1455259050686	a6	a10	a22	0
12	1.14559028388966	a7	a14	a23	0
12	1.14565926119794	a7	a15	a23	1
12	1.14589784153482	a7	a17	a23	2
12	1.14593679342655	a7	a16	a23	3
13	1.14614480734839	a7	a14
12	1.14618916922509	a7	a14	a23	4
13	1.14645290599204	a7	a15
12	1.14651620281611	a7	a15	a23	5
13	1.14661628753793	a7	a17
12	1.14668607634396	a7	a17	a23	6
13	1.14674991416653	a7	a16
13	1.14678913655751	a7	a14
12	1.14682403096052	a7	a16	a23	7
12	1.14687353232293	a7	a14	a23	8
13	1.14709831719816	a7	a15
12	1.14716215502072	a7	a15	a23	9
13	1.1473866693967	a7	a17
12	1.1474591631952	a7	a17	a23	10
13	1.14746186818768	a7	a16
12	1.1475484279471	a7	a16	a23	11
13	1.14766014413659	a7	a14
12	1.14770126002231	a7	a14	a23	12
13	1.14814190329756	a7	a16
13	1.14816733022689	a7	a15
13	1.14819654414569	a7	a17
12	1.14819979013667	a7	a16	a23	13
12	1.14825875897277	a7	a15	a23	14
12	1.14828148090961	a7	a17	a23	15
13	1.1483347692615	a7	a14
13	1.14882247940593	a7	a16
13	1.14886792327963	a7	a17
13	1.14896205701799	a7	a15
13	1.14909703614282	a6	a10
12	1.14921659681051	a6	a10	a24	0
12	1.14927989363458	a7	a14	a25	0
13	1.14931722253082	a7	a14
12	1.14933723947519	a7	a14	a25	1
13	1.14937510936993	a7	a14
12	1.14939079832632	a7	a14	a25	2
13	1.14942434023309	a7	a14
12	1.14944543917445	a7	a14	a25	3
13	1.1494822270722	a7	a14
13	1.14977490725871	a6	a10
12	1.14983766308428	a6	a10	a26	0
12	1.14990366490083	a7	a14	a27	0
13	1.149952895764	a7	a14
12	1.14997345370686	a7	a14	a27	1
13	1.15002268457003	a7	a14
12	1.15003891452491	a7	a14	a27	2
13	1.15008868638658	a7	a14
12	1.15010437534297	a7	a14	a27	3
13	1.15015306520764	a7	a14
13	1.15029697080766	a6	a10
12	1.15043600742122	a6	a10	a22	0
12	1.15049443525882	a7	a14	a23	0
12	1.15085176476564	a7	a17	a23	1
12	1.15087178171	a7	a15	a23	2
12	1.15090045463031	a7	a16	a23	3
13	1.1510419257371	a7	a14
12	1.15108250062432	a7	a14	a23	4
13	1.15151340592664	a7	a16
13	1.15154532483792	a7	a17
13	1.15156480078379	a7	a15
12	1.15157021076875	a7	a16	a23	5
13	1.15163107309959	a7	a14
12	1.15163242559583	a7	a15	a23	6
12	1.15166488550561	a7	a17	a23	7
12	1.15167813996877	a7	a14	a23	8
13	1.15221670397186	a7	a16
13	1.15222049096133	a7	a15
13	1.15223699141547	a7	a14
12	1.15227540230871	a7	a14	a23	9
13	1.15228054179443	a7	a17
12	1.15229677174931	a7	a16	a23	10
12	1.15231678869368	a7	a15	a23	11
12	1.15236060957188	a7	a17	a23	12
13	1.15286076268173	a7	a14
12	1.15290079657046	a7	a14	a23	13
13	1.15291296903663	a7	a16
13	1.15296544589077	a7	a17
12	1.1529757248622	a7	a16	a23	14
12	1.15305957962913	a7	a17	a23	15
13	1.15306715360808	a7	a15
13	1.1534683039931	a7	a14
13	1.15359949612846	a7	a16
13	1.15364277600816	a7	a17
13	1.15380101806834	a6	a10
13	1.15387621685933	a8	a57
12	1.15389082381873	a6	a10	a28	0
12	1.15395195664881	a7	a14	a29	0
13	1.15401579447138	a7	a14
12	1.15403148342777	a7	a14	a29	1
13	1.15408396028191	a7	a14
12	1.15408693577364	a7	a15	a29	2
12	1.15412128917816	a7	a14	a29	3
13	1.15418512700073	a7	a14
12	1.15420027495862	a7	a14	a29	4
13	1.15421298842329	a7	a15
13	1.15424247284134	a7	a14
12	1.15427790824285	a7	a15	a29	5
12	1.15432795060376	a7	a14	a29	6
13	1.15434012306992	a7	a15
13	1.1543804274579	a7	a14
12	1.15438502594512	a7	a16	a29	7
12	1.15439746891053	a7	a17	a29	8
12	1.15442749432708	a7	a14	a29	9
12	1.15446725771656	a7	a15	a29	10
13	1.15447185620378	a7	a14
13	1.15448943865491	a7	a17
13	1.15449593063686	a7	a16
12	1.15451026709702	a7	a14	a29	11
13	1.15453650552409	a7	a15
12	1.15456571944289	a7	a17	a29	12
13	1.15457248192409	a7	a14
12	1.15461008131959	a7	a16	a29	13
12	1.15462414728049	a7	a15	a29	14
13	1.15463604924741	a7	a17
12	1.15465579569253	a7	a14	a29	15
13	1.15467391914215	a7	a15
13	1.15469069009554	a7	a16
13	1.15474722443841	a7	a14
13	1.15490465500083	a6	a10
13	1.15491655696775	a8	a56
12	1.15516758027005	a8	a56	a42	0
12	1.15521572913622	a6	a10	a30	0
12	1.15526766499187	a7	a14	a31	0
12	1.15533826529564	a7	a16	a31	1
13	1.15538343867008	a7	a14
12	1.15543537452573	a7	a14	a31	2
12	1.15544971098588	a7	a15	a31	3
13	1.15554898420995	a7	a14
13	1.15556277967161	a7	a16
13	1.15558658360545	a7	a15
12	1.15558739510319	a7	a14	a31	4
12	1.15563960145809	a7	a16	a31	5
12	1.15566070039944	a7	a15	a31	6
13	1.15568206984005	a7	a14
12	1.15575131764758	a7	a14	a31	7
13	1.1557559161348	a7	a15
12	1.15576781810172	a7	a17	a31	8
13	1.15580352400247	a7	a16
12	1.15583219692278	a7	a15	a31	9
13	1.15585194336789	a7	a14
13	1.1559019857288	a7	a17
12	1.15590793671226	a7	a16	a31	10
12	1.15593309314234	a7	a14	a31	11
13	1.15596906954235	a7	a15
12	1.15598584049573	a7	a17	a31	12
12	1.15603344836341	a7	a15	a31	13
13	1.1560491373198	a7	a16
13	1.15605211281153	a7	a14
13	1.15608754821304	a7	a17
12	1.15609052370477	a7	a14	a31	14
13	1.15616274700403	a7	a15
12	1.15616491099802	a7	a16	a31	15
13	1.1562035923905	a7	a14
13	1.15626120873036	a7	a16
13	1.15640808982211	a6	a10
13	1.15652169950634	a8	a56
12	1.15655524141311	a8	a56	a45	0
12	1.15657579935597	a6	a10	a32	0
12	1.15662232522666	a7	a14	a33	0
13	1.15663855518155	a7	a14
12	1.15666939209584	a7	a14	a33	1
13	1.15668454005373	a7	a14
12	1.15670077000862	a7	a14	a33	2
13	1.15671754096201	a7	a14
12	1.15676514882969	a7	a14	a33	3
13	1.15678191978307	a7	a14
12	1.15679463324774	a7	a15	a33	4
12	1.15682087167481	a7	a14	a33	5
13	1.15683764262819	a7	a14
13	1.15684170011692	a7	a15
12	1.15685522507932	a7	a17	a33	6
13	1.15689471796956	a7	a17
12	1.15690364444474	a7	a14	a33	7
13	1.15692798937708	a7	a14
12	1.15694232583723	a7	a16	a33	8
12	1.15697208075453	a7	a15	a33	9
13	1.15699372069438	a7	a16
13	1.15699480269138	a7	a15
12	1.15700805715453	a7	a14	a33	10
13	1.15702591010491	a7	a14
12	1.15709705140718	a7	a16	a33	12
12	1.15710029739816	a7	a17	a33	11
12	1.15711517485681	a7	a14	a33	13
13	1.15713005231546	a7	a17
13	1.15713248680869	a7	a14
12	1.15713546230042	a7	a15	a33	14
13	1.15714141328388	a7	a16
13	1.1571522332538	a7	a15
12	1.15723230103126	a7	a15	a33	15
13	1.15724744898916	a7	a15
13	1.15744842993054	a6	a10
13	1.15748467682979	a8	a56
12	1.15784876881782	a8	a56	a50	0
12	1.16118348354915	a6	a10	a34	0
12	1.16123866539577	a7	a14	a35	0
12	1.16142449837926	a7	a15	a35	1
12	1.16147968022588	a7	a16	a35	2
12	1.16167660367855	a7	a17	a35	3
13	1.18466768727599	a7	a14
13	1.18893751790821	a7	a16
13	1.18973224469931	a7	a15
13	1.19007902473545	a7	a17
13	1.1902112988678	a6	a10
12	1.1902708087024	a6	a10	a36	0
12	1.19032599054902	a7	a14	a37	0
12	1.19060974426034	a7	a15	a37	1
12	1.19076825681976	a7	a17	a37	2
12	1.19078935576112	a7	a16	a37	3
13	1.19264471010426	a7	a14
13	1.19382489832398	a7	a16
13	1.19439835673009	a7	a17
13	1.19444812859175	a7	a15
13	1.19458581270906	a6	a10
12	1.19725509928991	a6	a10	a38	0
12	1.19732597009293	a7	a14	a39	0
12	1.19772441548547	a7	a15	a39	1
12	1.1978526321291	a7	a16	a39	2
12	1.19790727297723	a7	a17	a39	3
13	1.19929682761503	a7	a14
13	1.20007288995801	a7	a15
13	1.20008749691741	a7	a17
13	1.20011671083621	a7	a16
13	1.20031985577158	a6	a10
12	1.20035177468286	a6	a10	a40	0
12	1.20045348240017	a7	a14	a41	0
12	1.20070477620171	a7	a15	a41	1
12	1.20079079496263	a7	a16	a41	2
12	1.20089304367843	a7	a17	a41	3
13	1.20102802280326	a7	a14
13	1.20208432236733	a7	a15
13	1.20236185459595	a7	a16
13	1.20243488939295	a7	a17
13	1.20260178742906	a6	a10
12	1.20283982676745	a8	a57	a49	0
13	1.21132484718376	a8	a57
12	1.21143250588453	a8	a57	a54	0
12	1.21323998186074	a8	a58	a53	0
13	1.22598644743258	a8	a58
12	1.22603080930928	a8	a58	a52	0
13	1.2314846151507	a8	a58
12	1.231514370068	a8	a58	a51	0
13	1.2343827440955	a8	a58
13	1.23745182856513	a8	a57
13	1.2375594872659	a8	a56
13	1.23768445791855	a8	a55
12	1.238059910875	a8	a55	a46	0
12	1.23808425580734	a8	a56	a48	0
13	1.26662625447629	a8	a56
12	1.26676961907782	a6	a10	a20	0
12	1.2668458998658	a7	a14	a21	0
12	1.26702145387785	a7	a17	a21	1
12	1.26708529170042	a7	a15	a21	2
12	1.26717780244329	a7	a16	a21	3
13	1.26743504722829	a7	a14
13	1.26832093226602	a7	a15
13	1.26834852318933	a7	a17
13	1.26845996887957	a7	a16
13	1.26863065390516	a6	a10
12	1.26881026540594	a8	a56	a44	0
12	1.2688459713067	a8	a57	a43	0
12	1.26905100973681	a6	a10	a22	0
12	1.26910835557742	a7	a14	a23	0
12	1.26938183031731	a7	a15	a23	1
12	1.26946081609777	a7	a17	a23	2
12	1.26953385089477	a7	a16	a23	3
13	1.26966342003464	a7	a14
12	1.26970669991435	a7	a14	a23	4
13	1.2701770981069	a7	a15
13	1.27019008207081	a7	a17
12	1.27023227995353	a7	a15	a23	5
12	1.27026149387233	a7	a17	a23	6
13	1.27030152776105	a7	a16
13	1.27031099523474	a7	a14
12	1.27035643910843	a7	a14	a23	7
12	1.27037185756558	a7	a16	a23	8
13	1.27081331233858	a7	a15
12	1.27088039615212	a7	a15	a23	9
13	1.27092205303634	a7	a17
13	1.2709493734604	a7	a14
12	1.27099130084387	a7	a17	a23	10
12	1.27103431022432	a7	a14	a23	11
13	1.27106595863636	a7	a16
12	1.27113682943938	a7	a16	a23	12
13	1.27155664427252	a7	a15
13	1.27160641613418	a7	a17
12	1.27161994109659	a7	a15	a23	13
13	1.27164401552968	a7	a14
12	1.27169838587856	a7	a17	a23	14
13	1.27172327180939	a7	a16
12	1.27172678829962	a7	a14	a23	15
13	1.27224966334631	a7	a15
13	1.27229077923203	a7	a17
13	1.27231918165309	a7	a14
13	1.27249067817642	a6	a10
12	1.27262051781554	a6	a10	a24	0
12	1.2726854376351	a7	a14	a25	0
13	1.27271897954187	a7	a14
12	1.27274007848323	a7	a14	a25	1
13	1.27278119436895	a7	a14
12	1.27280391630579	a7	a14	a25	2
13	1.27283799921106	a7	a14
12	1.27285477016445	a7	a14	a25	3
13	1.27288777107272	a7	a14
13	1.27319073023066	a6	a10
12	1.27323022312089	a6	a10	a26	0
12	1.27329027395399	a7	a14	a27	0
13	1.27334816079309	a7	a14
12	1.27336439074798	a7	a14	a27	1
13	1.27341686760212	a7	a14
12	1.27343309755701	a7	a14	a27	2
13	1.2734790824292	a7	a14
12	1.27352128031192	a7	a14	a27	3
13	1.27357375716606	a7	a14
13	1.27363218500366	a6	a10
12	1.27377068061872	a6	a10	a22	0
12	1.27382207547587	a7	a14	a23	0
12	1.27422430785789	a7	a17	a23	1
12	1.27424811179172	a7	a15	a23	2
12	1.27427570271504	a7	a16	a23	3
13	1.27436577896467	a7	a14
12	1.27440256686242	a7	a14	a23	4
13	1.27486376808054	a7	a16
13	1.27490271997227	a7	a17
12	1.27492598290762	a7	a16	a23	5
13	1.27495763131965	a7	a14
13	1.27495952481439	a7	a15
12	1.27497845976176	a7	a17	a23	6
12	1.27501714115425	a7	a14	a23	7
12	1.27504229758432	a7	a15	a23	8
13	1.27554109819793	a7	a16
13	1.27555029517237	a7	a17
13	1.27557707459794	a7	a14
12	1.27561061650471	a7	a14	a23	9
12	1.27562657596035	a7	a17	a23	10
12	1.27565037989419	a7	a16	a23	11
13	1.27565416688366	a7	a15
12	1.27574884162052	a7	a15	a23	12
13	1.27621410032736	a7	a17
13	1.27621815781608	a7	a14
13	1.27623898625819	a7	a16
12	1.2763036355785	a7	a14	a23	13
12	1.27631364405068	a7	a17	a23	14
12	1.27633582498903	a7	a16	a23	15
13	1.27637207188828	a7	a15
13	1.27687438899212	a7	a14
13	1.27689467643573	a7	a17
13	1.27692118536205	a7	a16
13	1.2770972803726	a6	a10
13	1.27716274119066	a8	a57
12	1.27718979111547	a6	a10	a28	0
12	1.27725525193353	a7	a14	a29	0
13	1.27731584376512	a7	a14
12	1.27736128763881	a7	a14	a29	1
12	1.27738698506738	a7	a15	a29	2
13	1.27740510851701	a7	a14
12	1.27744514240574	a7	a14	a29	3
13	1.27750248824635	a7	a14
13	1.27751087372304	a7	a15
12	1.27751871820124	a7	a14	a29	4
13	1.27756091608395	a7	a14
12	1.27758823650802	a7	a15	a29	5
12	1.27761934392155	a7	a14	a29	6
13	1.27765261532908	a7	a15
12	1.27766722228848	a7	a16	a29	7
13	1.27767885375615	a7	a14
12	1.27768940322683	a7	a17	a29	8
12	1.2777307896118	a7	a14	a29	9
12	1.27775107705541	a7	a15	a29	10
13	1.27777271699526	a7	a16
13	1.27777623348549	a7	a14
13	1.27778624195767	a7	a17
13	1.27783384982535	a7	a15
12	1.27783412032459	a7	a14	a29	11
12	1.27786144074866	a7	a17	a29	12
12	1.27788362168701	a7	a16	a29	13
13	1.27790553212611	a7	a14
12	1.27791662259528	a7	a15	a29	14
13	1.27792365557574	a7	a17
12	1.27794827100732	a7	a14	a29	15
13	1.27796098447198	a7	a16
13	1.2780313142765	a7	a15
13	1.27803374876974	a7	a14
13	1.27815601442991	a6	a10
13	1.27819226132916	a8	a56
12	1.27845735059236	a8	a56	a42	0
12	1.2785390413653	a6	a10	a30	0
12	1.27865535604201	a7	a14	a31	0
12	1.27873298932623	a7	a15	a31	1
13	1.27876247374428	a7	a14
12	1.27882252457737	a7	a14	a31	2
13	1.27892585529017	a7	a14
12	1.27894316724205	a7	a14	a31	3
13	1.27894506073679	a7	a15
12	1.27899429159996	a7	a17	a31	4
12	1.27900943955785	a7	a15	a31	5
13	1.27905190793981	a7	a14
12	1.27910005680599	a7	a14	a31	6
13	1.27910303229772	a7	a15
13	1.27915280415938	a7	a17
12	1.27916037813833	a7	a16	a31	7
12	1.27917011611126	a7	a15	a31	8
13	1.27919473154284	a7	a14
12	1.27926343835188	a7	a14	a31	10
13	1.27927344682406	a7	a15
12	1.27927669281504	a7	a17	a31	9
13	1.27932700567519	a7	a16
13	1.27935540809625	a7	a14
12	1.27935730159099	a7	a15	a31	11
13	1.27937623653836	a7	a17
12	1.27941302443611	a7	a16	a31	12
12	1.2794579273113	a7	a17	a31	13
13	1.27946225529928	a7	a15
12	1.27948254274289	a7	a14	a31	14
13	1.27952825711583	a7	a16
12	1.27955801203312	a7	a15	a31	15
13	1.27956612701057	a7	a17
13	1.2795831684632	a7	a14
13	1.27967378571134	a7	a15
13	1.27982391279407	a6	a10
13	1.27992994849935	a8	a56
12	1.27996403140461	a8	a56	a45	0
12	1.27997593337153	a6	a10	a32	0
12	1.28004464018057	a7	a14	a33	0
13	1.28006141113395	a7	a14
12	1.28009170704975	a7	a14	a33	1
13	1.28010685500764	a7	a14
12	1.28015554487231	a7	a14	a33	2
13	1.2801723158257	a7	a14
12	1.28021992369337	a7	a14	a33	3
12	1.28022614517608	a7	a16	a33	4
13	1.2802453506227	a7	a14
13	1.28027483504075	a7	a16
12	1.2802975569776	a7	a17	a33	5
12	1.28031595092647	a7	a15	a33	6
13	1.28033759086632	a7	a17
13	1.28035490281821	a7	a15
12	1.28035896030693	a7	a14	a33	7
13	1.28037573126031	a7	a14
12	1.28037870675204	a7	a16	a33	8
13	1.28039601870393	a7	a16
12	1.28046851250243	a7	a17	a33	9
12	1.28048934094454	a7	a14	a33	10
13	1.28050665289642	a7	a14
13	1.28050692339567	a7	a17
12	1.28050854639116	a7	a15	a33	11
13	1.28052477634605	a7	a15
12	1.28053018633101	a7	a16	a33	12
12	1.28055047377463	a7	a14	a33	13
13	1.2805615642438	a7	a16
13	1.28056724472801	a7	a14
12	1.28063730403329	a7	a17	a33	14
12	1.28065623898066	a7	a16	a33	15
13	1.28065840297464	a7	a17
13	1.28067192793705	a7	a16
13	1.28091402476416	a6	a10
13	1.28095838664085	a8	a56
12	1.28132788861384	a8	a56	a50	0
12	1.28452951771508	a6	a10	a34	0
12	1.28465286537224	a7	a14	a35	0
12	1.28481868141136	a7	a15	a35	1
12	1.28490524117077	a7	a16	a35	2
12	1.28493716008205	a7	a17	a35	3
13	1.30864777167961	a7	a14
13	1.31251293543658	a7	a17
13	1.31319567553894	a7	a15
13	1.31324057841413	a7	a16
13	1.31368879566833	a6	a10
12	1.31374397751496	a6	a10	a36	0
12	1.31387814514205	a7	a14	a37	0
12	1.31416352184886	a7	a15	a37	1
12	1.31420355573759	a7	a16	a37	2
12	1.31429823047444	a7	a17	a37	3
13	1.31612869888675	a7	a14
13	1.31699510797861	a7	a17
13	1.31764106018321	a7	a16
13	1.3178493446043	a7	a15
13	1.31796755277575	a6	a10
12	1.32063575735961	a6	a10	a38	0
12	1.32072123512202	a7	a14	a39	0
12	1.32083186931452	a7	a16	a39	1
12	1.32101580880327	a7	a17	a39	2
12	1.32116133739878	a7	a15	a39	3
13	1.32268614166067	a7	a14
13	1.32316681882465	a7	a16
13	1.32335508630137	a7	a17
13	1.32344164606078	a7	a15
13	1.32360042911945	a6	a10
12	1.32363126603374	a6	a10	a40	0
12	1.32373135075556	a7	a14	a41	0
12	1.32377598313151	a7	a16	a41	1
12	1.32397452957966	a7	a17	a41	2
12	1.32411140219923	a7	a15	a41	3
13	1.32430480916166	a7	a14
13	1.32524154805804	a7	a16
13	1.32544388149567	a7	a17
13	1.32563539496337	a7	a15
13	1.32576117711376	a6	a10
12	1.32600624943259	a8	a57	a49	0
13	1.33460866652261	a8	a57
12	1.33467088134969	a8	a57	a54	0
12	1.33650486625222	a8	a58	a53	0
13	1.34923888885865	a8	a58
12	1.34928541472933	a8	a58	a52	0
13	1.36329727578407	a8	a58
12	1.36334001466528	a8	a58	a51	0
13	1.36675642016955	a8	a58
13	1.37019933460015	a8	a57
13	1.3704124880077	a8	a56
13	1.37056829557464	a8	a55
12	1.37178446019437	a8	a55	a46	0
12	1.37184613402295	a8	a56	a48	0
13	1.40069487883932	a8	a56
12	1.40099080501681	a6	a10	a20	0
12	1.40105356084238	a7	a14	a21	0
12	1.4011760970018	a7	a16	a21	1
12	1.40124047582286	a7	a17	a21	2
12	1.40137897143792	a7	a15	a21	3
13	1.40162674874923	a7	a16
13	1.40163567522442	a7	a14
13	1.40174522741993	a7	a17
13	1.40186911607559	a7	a15
13	1.40200355420192	a6	a10
12	1.40232490730874	a8	a56	a44	0
12	1.40234384225611	a8	a57	a43	0
12	1.40258837357645	a6	a10	a22	0
12	1.40264842440954	a7	a14	a23	0
12	1.40274174665015	a7	a17	a23	1
12	1.40289214423213	a7	a15	a23	2
12	1.40305606677652	a7	a16	a23	3
13	1.4033154755555	a7	a14
12	1.4033749853901	a7	a14	a23	4
13	1.40356785135404	a7	a17
13	1.40361059023525	a7	a15
12	1.4036316891766	a7	a17	a23	5
12	1.40368633002473	a7	a15	a23	6
13	1.40382049765182	a7	a16
12	1.40388487647288	a7	a16	a23	7
13	1.40399172367591	a7	a14
12	1.40404636452404	a7	a14	a23	8
13	1.40443885893312	a7	a16
12	1.40450323775418	a7	a16	a23	9
13	1.40454273064441	a7	a17
13	1.4045584196008	a7	a15
12	1.40462171642487	a7	a17	a23	10
12	1.40465255333916	a7	a15	a23	11
13	1.4047723845061	a7	a14
12	1.40480971340235	a7	a14	a23	12
13	1.40520437180541	a7	a17
12	1.40526658663249	a7	a17	a23	13
13	1.40546621507763	a7	a15
13	1.40549948648516	a7	a14
13	1.40553438088817	a7	a16
12	1.40554898784757	a7	a15	a23	14
12	1.40560498119194	a7	a14	a23	15
13	1.40604237847622	a7	a17
13	1.40614516819052	a7	a15
13	1.40625309739053	a7	a14
13	1.40630449224768	a6	a10
12	1.40652359663869	a6	a10	a24	0
12	1.40657607349284	a7	a14	a25	0
13	1.40663828831991	a7	a14
12	1.40667453521917	a7	a14	a25	1
12	1.40668292069586	a7	a17	a25	2
13	1.40670591313195	a7	a14
12	1.4067427010297	a7	a14	a25	3
13	1.40678543991091	a7	a14
13	1.40693664899064	a7	a17
13	1.407140875923	a6	a10
12	1.40721715671098	a6	a10	a26	0
12	1.40727017456362	a7	a14	a27	0
13	1.40734753734859	a7	a14
12	1.40736593129747	a7	a14	a27	1
13	1.40741353916514	a7	a14
12	1.40742922812154	a7	a14	a27	2
13	1.40748062297869	a7	a14
12	1.40749793493057	a7	a14	a27	3
13	1.40764508652157	a7	a14
13	1.40773218727948	a6	a10
12	1.40791774976372	a6	a10	a22	0
12	1.40797725959831	a7	a14	a23	0
12	1.40818419152315	a7	a15	a23	1
12	1.40826425930061	a7	a16	a23	2
12	1.40831349016377	a7	a17	a23	3
13	1.40852475007659	a7	a14
12	1.40858696490367	a7	a14	a23	4
13	1.40885989864506	a7	a15
13	1.40891075250371	a7	a16
12	1.40892319546913	a7	a15	a23	5
13	1.40898865628718	a7	a17
12	1.40901029622704	a7	a16	a23	6
12	1.40906493707517	a7	a17	a23	7
13	1.40914365235638	a7	a14
12	1.40919288321955	a7	a14	a23	8
13	1.40954209774892	a7	a15
13	1.40958591862712	a7	a16
12	1.4096048535745	a7	a15	a23	9
12	1.4096627404136	a7	a16	a23	10
13	1.40973550471136	a7	a14
12	1.40977607959858	a7	a14	a23	11
13	1.40977689109633	a7	a17
12	1.40983531893393	a7	a17	a23	12
13	1.41030490562874	a7	a15
13	1.41034466901822	a7	a14
13	1.41035521848889	a7	a16
12	1.41036279246784	a7	a15	a23	13
12	1.41041337582725	a7	a14	a23	14
12	1.41043690926184	a7	a16	a23	15
13	1.41047748414906	a7	a17
13	1.41098331774312	a7	a15
13	1.41099332621531	a7	a14
13	1.41105959853111	a7	a16
13	1.41119620065143	a6	a10
13	1.41129033438979	a8	a57
12	1.41132495829355	a6	a10	a28	0
12	1.4113915011086	a7	a14	a29	0
13	1.41148292985448	a7	a14
12	1.41154081669358	a7	a14	a29	1
12	1.41157949808607	a7	a17	a29	2
13	1.41159545754171	a7	a14
12	1.41160600701239	a7	a15	a29	3
12	1.41163603242894	a7	a14	a29	4
13	1.41169446026654	a7	a14
12	1.41169905875376	a7	a16	a29	5
12	1.41173287115978	a7	a14	a29	6
13	1.41173422365602	a7	a17
13	1.41173530565301	a7	a15
13	1.41179183999588	a7	a14
13	1.41180725845302	a7	a16
12	1.41181375043498	a7	a17	a29	7
12	1.41183782486806	a7	a14	a29	8
12	1.4118554073192	a7	a15	a29	9
13	1.41187867025454	a7	a17
13	1.41189679370416	a7	a14
12	1.41190193318988	a7	a16	a29	10
13	1.41194034408312	a7	a15
13	1.41195549204101	a7	a16
12	1.4119863289553	a7	a17	a29	11
12	1.41203042033276	a7	a14	a29	12
12	1.41204746178539	a7	a16	a29	13
13	1.41204800278389	a7	a17
12	1.41206423273878	a7	a15	a29	14
13	1.41210345512976	a7	a14
13	1.41210588962299	a7	a16
12	1.4121632354636	a7	a17	a29	15
13	1.41222490929218	a7	a17
13	1.41223086027564	a7	a15
13	1.41238044635988	a6	a10
13	1.41240262729822	a8	a56
12	1.41296039674793	a8	a56	a42	0
12	1.41305182549381	a6	a10	a30	0
12	1.4131118763269	a7	a14	a31	0
13	1.41324928994497	a7	a14
12	1.41326497890136	a7	a14	a31	1
12	1.41333557920513	a7	a15	a31	2
13	1.41337426059762	a7	a14
12	1.41341943397206	a7	a17	a31	3
12	1.4134505413856	a7	a14	a31	4
12	1.41350112474501	a7	a16	a31	5
13	1.41354521612246	a7	a14
13	1.41355089660667	a7	a15
12	1.4135836270157	a7	a14	a31	6
13	1.4136049964563	a7	a17
12	1.4136201444142	a7	a15	a31	7
13	1.41367532626082	a7	a16
13	1.41367667875706	a7	a14
12	1.41370291718413	a7	a17	a31	8
13	1.4137229341285	a7	a15
12	1.41372753261572	a7	a14	a31	9
12	1.4137667550067	a7	a16	a31	10
12	1.41379813291949	a7	a15	a31	11
13	1.41380570689844	a7	a17
13	1.41385358526536	a7	a14
13	1.41387657770145	a7	a16
13	1.41392472656763	a7	a15
12	1.41393527603831	a7	a14	a31	13
12	1.41393608753605	a7	a17	a31	12
12	1.41395177649244	a7	a16	a31	14
12	1.41399613836914	a7	a15	a31	15
13	1.41402995077516	a7	a14
13	1.41405889419471	a7	a17
13	1.41409946908194	a7	a16
13	1.4141054200654	a7	a15
13	1.41430964699776	a6	a10
13	1.41450061946696	a8	a56
12	1.41454552234216	a8	a56	a45	0
12	1.41458663822788	a6	a10	a32	0
12	1.41464939405345	a7	a14	a33	0
13	1.4146861819512	a7	a14
12	1.41473378981888	a7	a14	a33	1
13	1.41474947877527	a7	a14
12	1.4147670612264	a7	a17	a33	2
12	1.41479816863994	a7	a14	a33	3
13	1.41482575956325	a7	a14
13	1.41483360404145	a7	a17
12	1.41486714594822	a7	a15	a33	4
12	1.41489608936777	a7	a14	a33	5
13	1.41491177832417	a7	a14
12	1.41491908180387	a7	a16	a33	6
13	1.41492178679635	a7	a15
13	1.41498454262192	a7	a16
12	1.41500131357531	a7	a17	a33	7
12	1.41500537106403	a7	a14	a33	8
12	1.41501267454373	a7	a15	a33	9
13	1.41501808452869	a7	a17
13	1.41505027393922	a7	a14
13	1.41507002038434	a7	a15
12	1.41512357923548	a7	a16	a33	10
12	1.4151417026851	a7	a14	a33	11
12	1.41515658014375	a7	a15	a33	12
13	1.41515901463699	a7	a14
13	1.41516307212571	a7	a16
13	1.41517226910015	a7	a15
12	1.41519634353323	a7	a14	a33	13
13	1.41521257348812	a7	a14
12	1.41527018982798	a7	a16	a33	14
13	1.41528750177986	a7	a16
12	1.41529237076633	a7	a15	a33	15
13	1.41531887969265	a7	a15
13	1.41560696139194	a6	a10
13	1.41568216018293	a8	a56
12	1.41614579589428	a8	a56	a50	0
12	1.41953515147373	a6	a10	a34	0
12	1.41963307220157	a7	a14	a35	0
12	1.41979564224971	a7	a15	a35	1
12	1.41995199081515	a7	a17	a35	2
12	1.42006776449336	a7	a16	a35	3
13	1.44362635551345	a7	a14
13	1.44644468718004	a7	a17
13	1.44750558523133	a7	a16
13	1.4479513679923	a7	a15
13	1.44809121610359	a6	a10
12	1.44816262790511	a6	a10	a36	0
12	1.44822700672617	a7	a14	a37	0
12	1.44845774258485	a7	a16	a37	1
12	1.44859353320743	a7	a17	a37	2
12	1.44862869810969	a7	a15	a37	3
13	1.45164963371315	a7	a15
13	1.45196855232673	a7	a14
13	1.4523778176892	a7	a17
13	1.45329589213746	a7	a16
13	1.45342221528635	a6	a10
12	1.45625055542512	a6	a10	a38	0
12	1.4563122292537	a7	a14	a39	0
12	1.45649265225223	a7	a16	a39	1
12	1.45660788493194	a7	a17	a39	2
12	1.45667388674849	a7	a15	a39	3
13	1.45826036483896	a7	a14
13	1.45885573368416	a7	a17
13	1.45893417846613	a7	a16
13	1.45898557332328	a7	a15
13	1.45915409435488	a6	a10
12	1.45921414518797	a6	a10	a40	0
12	1.45928772098347	a7	a14	a41	0
12	1.45949194791584	a7	a17	a41	1
12	1.45972079027978	a7	a15	a41	2
12	1.45974134822264	a7	a16	a41	3
13	1.45987795034296	a7	a14
13	1.4610565155672	a7	a17
13	1.46125560301385	a7	a15
13	1.46125668501084	a7	a16
13	1.46145387896275	a6	a10
12	1.461784429044	a8	a57	a49	0
13	1.47051398078065	a8	a57
12	1.47063083645586	a8	a57	a54	0
12	1.47254110214637	a8	a58	a53	0
13	1.48530704366408	a8	a58
12	1.48534058557085	a8	a58	a52	0
13	1.49073325858219	a8	a58
12	1.49076625949047	a8	a58	a51	0
13	1.49364761748188	a8	a58
13	1.49673184990941	a8	a57
13	1.4968362626192	a8	a56
13	1.49697529923275	a8	a55
12	1.49702453009592	a8	a55	a50	0
12	1.50474349664144	a6	a10	a34	0
12	1.50481328544747	a7	a14	a35	0
12	1.50497152750764	a7	a16	a35	1
12	1.50498775746253	a7	a17	a35	2
12	1.50509703915879	a7	a15	a35	3
13	1.52750546737569	a7	a14
13	1.53190567864553	a7	a17
13	1.53285404900958	a7	a15
13	1.53287190195996	a7	a16
13	1.53352137065479	a6	a10
12	1.53357384750894	a6	a10	a36	0
12	1.53364201331947	a7	a14	a37	0
12	1.53397716188795	a7	a15	a37	1
12	1.53401232679021	a7	a16	a37	2
12	1.53411349350902	a7	a17	a37	3
13	1.53567968415587	a7	a17
13	1.53579302334085	a7	a14
13	1.5373075486313	a7	a16
13	1.53743955226441	a7	a15
13	1.53758156436969	a6	a10
12	1.54065605882429	a6	a10	a38	0
12	1.54072206064084	a7	a14	a39	0
12	1.54090356563636	a7	a17	a39	1
12	1.5409414355311	a7	a16	a39	2
12	1.54109291511007	a7	a15	a39	3
13	1.54190143736282	a7	a14
13	1.54307567459909	a7	a17
13	1.54307621559759	a7	a15
13	1.54316169336	a7	a16
13	1.5433610513059	a6	a10
12	1.54338323224425	a6	a10	a40	0
12	1.54346113602772	a7	a14	a41	0
12	1.54379357960371	a7	a17	a41	1
12	1.54385471243379	a7	a15	a41	2
12	1.54389366432553	a7	a16	a41	3
13	1.54404703739923	a7	a14
13	1.54534624528815	a7	a17
13	1.54542469007012	a7	a15
13	1.54546147796787	a7	a16
13	1.54566895089121	a6	a10
12	1.54589725225666	a8	a56	a49	0
13	1.55445963545794	a8	a56
12	1.55450616132863	a8	a56	a54	0
12	1.55629199736499	a8	a57	a53	0
13	1.56893405022704	a8	a57
12	1.56897246112028	a8	a57	a52	0
13	1.57428182036318	a8	a57
12	1.57431319827597	a8	a57	a51	0
13	1.57718049030648	a8	a57
13	1.58024957477611	a8	a56
13	1.58035506948289	a8	a55
