%EventDef PajeDefineContainerType 0 
%       Alias string 
%       Type string 
%       Name string 
%EndEventDef 
%EventDef PajeDefineVariableType 1 
%       Alias string 
%       Type string 
%       Name string 
%       Color color 
%EndEventDef 
%EventDef PajeDefineStateType 2 
%       Alias string 
%       Type string 
%       Name string 
%EndEventDef 
%EventDef PajeDefineEventType 3 
%       Alias string 
%       Type string 
%       Name string 
%       Color color 
%EndEventDef 
%EventDef PajeDefineLinkType 4 
%       Alias string 
%       Type string 
%       StartContainerType string 
%       EndContainerType string 
%       Name string 
%EndEventDef 
%EventDef PajeDefineEntityValue 5 
%       Alias string 
%       Type string 
%       Name string 
%       Color color 
%EndEventDef 
%EventDef PajeCreateContainer 6 
%       Time date 
%       Alias string 
%       Type string 
%       Container string 
%       Name string 
%EndEventDef 
%EventDef PajeDestroyContainer 7 
%       Time date 
%       Type string 
%       Name string 
%EndEventDef 
%EventDef PajeSetVariable 8 
%       Time date 
%       Type string 
%       Container string 
%       Value double 
%EndEventDef
%EventDef PajeAddVariable 9 
%       Time date 
%       Type string 
%       Container string 
%       Value double 
%EndEventDef
%EventDef PajeSubVariable 10 
%       Time date 
%       Type string 
%       Container string 
%       Value double 
%EndEventDef
%EventDef PajeSetState 11 
%       Time date 
%       Type string 
%       Container string 
%       Value string 
%EndEventDef
%EventDef PajePushState 12 
%       Time date 
%       Type string 
%       Container string 
%       Value string 
%       Id string 
%EndEventDef
%EventDef PajePopState 13 
%       Time date 
%       Type string 
%       Container string 
%EndEventDef
%EventDef PajeResetState 14 
%       Time date 
%       Type string 
%       Container string 
%EndEventDef
%EventDef PajeStartLink 15 
%       Time date 
%       Type string 
%       Container string 
%       Value string 
%       StartContainer string 
%       Key string 
%EndEventDef
%EventDef PajeEndLink 16 
%       Time date 
%       Type string 
%       Container string 
%       Value string 
%       EndContainer string 
%       Key string 
%EndEventDef
%EventDef PajeNewEvent 17 
%       Time date 
%       Type string 
%       Container string 
%       Value string 
%EndEventDef
0	a1	0	"Task Manager"
0	a2	a1	"Node"
0	a3	a1	"Thread"
0	a4	a1	"Jobs"
0	a5	a1	"Memory usage"
2	a6	a4	"Job"
2	a7	a3	"Task"
2	a8	a3	"Timer state"
6	0	a9	a1	0	"The task manager"
6	0	a10	a4	a9	"Jobs"
6	0	a11	a5	a9	"Memory"
1	a12	a1	"Memory [MB]"	"1.0 1.0 1.0"
6	0	a13	a2	a9	"Node 0"
6	0	a14	a3	a13	"Thread 0"
6	0	a15	a3	a13	"Thread 1"
6	0	a16	a3	a13	"Thread 2"
6	0	a17	a3	a13	"Thread 3"
5	a18	a6	"ngcore::ParallelFor<int,ngcore::EnterTaskManager()::{lambda(int)#1}>(ngcore::T_Range<int>,ngcore::EnterTaskManager()::{lambda(int)#1},int,ngcore::TotalCosts)::{lambda(ngcore::TaskInfo&)#1}"	"0.630615054310908 1 0"
5	a19	a7	"ngcore::ParallelFor<int,ngcore::EnterTaskManager()::{lambda(int)#1}>(ngcore::T_Range<int>,ngcore::EnterTaskManager()::{lambda(int)#1},int,ngcore::TotalCosts)::{lambda(ngcore::TaskInfo&)#1}"	"0.630615054310908 1 0"
5	a20	a6	"ngcore::ParallelForRange<netgen::ElementIndex,netgen::MeshOptimize3d::SwapImprove(netgen::Mesh&,netgen::OPTIMIZEGOAL,netgen::NgBitArray const*)::{lambda(auto:1)#1}>(ngcore::T_Range<netgen::ElementIndex>,netgen::MeshOptimize3d::SwapImprove(netgen::Mesh&,netgen::OPTIMIZEGOAL,netgen::NgBitArray const*)::{lambda(auto:1)#1},int,ngcore::TotalCosts)::{lambda(ngcore::TaskInfo&)#1}"	"0.708022642579866 0 1"
5	a21	a7	"ngcore::ParallelForRange<netgen::ElementIndex,netgen::MeshOptimize3d::SwapImprove(netgen::Mesh&,netgen::OPTIMIZEGOAL,netgen::NgBitArray const*)::{lambda(auto:1)#1}>(ngcore::T_Range<netgen::ElementIndex>,netgen::MeshOptimize3d::SwapImprove(netgen::Mesh&,netgen::OPTIMIZEGOAL,netgen::NgBitArray const*)::{lambda(auto:1)#1},int,ngcore::TotalCosts)::{lambda(ngcore::TaskInfo&)#1}"	"0.708022642579866 0 1"
5	a22	a6	"ngcore::ParallelForRange<netgen::ElementIndex,ngcore::CreateTable<netgen::ElementIndex,netgen::PointIndex,ngcore::T_Range<netgen::ElementIndex>,netgen::Mesh::CreatePoint2ElementTable(std::optional<ngcore::BitArray>)const::{lambda(auto:1&,netgen::ElementIndex)#1}>(ngcore::T_Range<netgen::ElementIndex>const&,netgen::Mesh::CreatePoint2ElementTable(std::optional<ngcore::BitArray>)const::{lambda(auto:1&,netgen::ElementIndex)#1}const&,std::optional<unsigned long>)::{lambda(auto:1)#1}>(ngcore::T_Range<netgen::ElementIndex>,ngcore::Table,int,ngcore::TotalCosts)::{lambda(ngcore::TaskInfo&)#1}"	"0 0.230008221284954 1"
5	a23	a7	"ngcore::ParallelForRange<netgen::ElementIndex,ngcore::CreateTable<netgen::ElementIndex,netgen::PointIndex,ngcore::T_Range<netgen::ElementIndex>,netgen::Mesh::CreatePoint2ElementTable(std::optional<ngcore::BitArray>)const::{lambda(auto:1&,netgen::ElementIndex)#1}>(ngcore::T_Range<netgen::ElementIndex>const&,netgen::Mesh::CreatePoint2ElementTable(std::optional<ngcore::BitArray>)const::{lambda(auto:1&,netgen::ElementIndex)#1}const&,std::optional<unsigned long>)::{lambda(auto:1)#1}>(ngcore::T_Range<netgen::ElementIndex>,ngcore::Table,int,ngcore::TotalCosts)::{lambda(ngcore::TaskInfo&)#1}"	"0 0.230008221284954 1"
5	a24	a6	"ngcore::TablePrefixSum2<unsigned int>(ngcore::FlatArray<unsigned int,unsigned long>)::{lambda(ngcore::TaskInfo)#1}"	"0 0.312895337658212 1"
5	a25	a7	"ngcore::TablePrefixSum2<unsigned int>(ngcore::FlatArray<unsigned int,unsigned long>)::{lambda(ngcore::TaskInfo)#1}"	"0 0.312895337658212 1"
5	a26	a6	"ngcore::TablePrefixSum2<unsigned int>(ngcore::FlatArray<unsigned int,unsigned long>)::{lambda(ngcore::TaskInfo)#2}"	"0 1 0.887517304832004"
5	a27	a7	"ngcore::TablePrefixSum2<unsigned int>(ngcore::FlatArray<unsigned int,unsigned long>)::{lambda(ngcore::TaskInfo)#2}"	"0 1 0.887517304832004"
5	a28	a6	"ngcore::ParallelForRange<netgen::PointIndex,ngcore::CreateSortedTable<netgen::ElementIndex,netgen::PointIndex,ngcore::T_Range<netgen::ElementIndex>,netgen::Mesh::CreatePoint2ElementTable(std::optional<ngcore::BitArray>)const::{lambda(auto:1&,netgen::ElementIndex)#1}>(ngcore::T_Range<netgen::ElementIndex>const&,netgen::Mesh::CreatePoint2ElementTable(std::optional<ngcore::BitArray>)const::{lambda(auto:1&,netgen::ElementIndex)#1}const&,std::optional<unsigned long>)::{lambda(auto:1)#1}>(ngcore::T_Range<netgen::PointIndex>,ngcore::Table,int,ngcore::TotalCosts)::{lambda(ngcore::TaskInfo&)#1}"	"0 0.170427812303051 1"
5	a29	a7	"ngcore::ParallelForRange<netgen::PointIndex,ngcore::CreateSortedTable<netgen::ElementIndex,netgen::PointIndex,ngcore::T_Range<netgen::ElementIndex>,netgen::Mesh::CreatePoint2ElementTable(std::optional<ngcore::BitArray>)const::{lambda(auto:1&,netgen::ElementIndex)#1}>(ngcore::T_Range<netgen::ElementIndex>const&,netgen::Mesh::CreatePoint2ElementTable(std::optional<ngcore::BitArray>)const::{lambda(auto:1&,netgen::ElementIndex)#1}const&,std::optional<unsigned long>)::{lambda(auto:1)#1}>(ngcore::T_Range<netgen::PointIndex>,ngcore::Table,int,ngcore::TotalCosts)::{lambda(ngcore::TaskInfo&)#1}"	"0 0.170427812303051 1"
5	a30	a6	"ngcore::ParallelFor<unsigned long,netgen::BuildEdgeList<netgen::ElementIndex>(netgen::Mesh const&,ngcore::Table<netgen::ElementIndex,netgen::PointIndex>const&,ngcore::Array<std::tuple<netgen::PointIndex,netgen::PointIndex>,unsigned long>&)::{lambda(int)#1}>(ngcore::T_Range<unsigned long>,netgen::BuildEdgeList<netgen::ElementIndex>(netgen::Mesh const&,ngcore::Table<netgen::ElementIndex,netgen::PointIndex>const&,ngcore::Array<std::tuple<netgen::PointIndex,netgen::PointIndex>,unsigned long>&)::{lambda(int)#1},int,ngcore::TotalCosts)::{lambda(ngcore::TaskInfo&)#1}"	"1 0.872005992306398 0"
5	a31	a7	"ngcore::ParallelFor<unsigned long,netgen::BuildEdgeList<netgen::ElementIndex>(netgen::Mesh const&,ngcore::Table<netgen::ElementIndex,netgen::PointIndex>const&,ngcore::Array<std::tuple<netgen::PointIndex,netgen::PointIndex>,unsigned long>&)::{lambda(int)#1}>(ngcore::T_Range<unsigned long>,netgen::BuildEdgeList<netgen::ElementIndex>(netgen::Mesh const&,ngcore::Table<netgen::ElementIndex,netgen::PointIndex>const&,ngcore::Array<std::tuple<netgen::PointIndex,netgen::PointIndex>,unsigned long>&)::{lambda(int)#1},int,ngcore::TotalCosts)::{lambda(ngcore::TaskInfo&)#1}"	"1 0.872005992306398 0"
5	a32	a6	"ngcore::ParallelForRange<unsigned long,netgen::MeshOptimize3d::SwapImprove(netgen::Mesh&,netgen::OPTIMIZEGOAL,netgen::NgBitArray const*)::{lambda(auto:1)#2}>(ngcore::T_Range<unsigned long>,netgen::MeshOptimize3d::SwapImprove(netgen::Mesh&,netgen::OPTIMIZEGOAL,netgen::NgBitArray const*)::{lambda(auto:1)#2},int,ngcore::TotalCosts)::{lambda(ngcore::TaskInfo&)#1}"	"1 0.408375991137786 0"
5	a33	a7	"ngcore::ParallelForRange<unsigned long,netgen::MeshOptimize3d::SwapImprove(netgen::Mesh&,netgen::OPTIMIZEGOAL,netgen::NgBitArray const*)::{lambda(auto:1)#2}>(ngcore::T_Range<unsigned long>,netgen::MeshOptimize3d::SwapImprove(netgen::Mesh&,netgen::OPTIMIZEGOAL,netgen::NgBitArray const*)::{lambda(auto:1)#2},int,ngcore::TotalCosts)::{lambda(ngcore::TaskInfo&)#1}"	"1 0.408375991137786 0"
5	a34	a6	"ngcore::ParallelForRange<netgen::ElementIndex,netgen::Mesh::Compress()::{lambda(auto:1)#1}>(ngcore::T_Range<netgen::ElementIndex>,netgen::Mesh::Compress()::{lambda(auto:1)#1},int,ngcore::TotalCosts)::{lambda(ngcore::TaskInfo&)#1}"	"1 0.0611641584106637 0"
5	a35	a7	"ngcore::ParallelForRange<netgen::ElementIndex,netgen::Mesh::Compress()::{lambda(auto:1)#1}>(ngcore::T_Range<netgen::ElementIndex>,netgen::Mesh::Compress()::{lambda(auto:1)#1},int,ngcore::TotalCosts)::{lambda(ngcore::TaskInfo&)#1}"	"1 0.0611641584106637 0"
5	a36	a6	"ngcore::ParallelForRange<netgen::SurfaceElementIndex,netgen::Mesh::Compress()::{lambda(auto:1)#2}>(ngcore::T_Range<netgen::SurfaceElementIndex>,netgen::Mesh::Compress()::{lambda(auto:1)#2},int,ngcore::TotalCosts)::{lambda(ngcore::TaskInfo&)#1}"	"1 0 -2.77631980257023"
5	a37	a7	"ngcore::ParallelForRange<netgen::SurfaceElementIndex,netgen::Mesh::Compress()::{lambda(auto:1)#2}>(ngcore::T_Range<netgen::SurfaceElementIndex>,netgen::Mesh::Compress()::{lambda(auto:1)#2},int,ngcore::TotalCosts)::{lambda(ngcore::TaskInfo&)#1}"	"1 0 -2.77631980257023"
5	a38	a6	"ngcore::ParallelForRange<netgen::ElementIndex,netgen::Mesh::Compress()::{lambda(auto:1)#3}>(ngcore::T_Range<netgen::ElementIndex>,netgen::Mesh::Compress()::{lambda(auto:1)#3},int,ngcore::TotalCosts)::{lambda(ngcore::TaskInfo&)#1}"	"0.688034037288286 1 0"
5	a39	a7	"ngcore::ParallelForRange<netgen::ElementIndex,netgen::Mesh::Compress()::{lambda(auto:1)#3}>(ngcore::T_Range<netgen::ElementIndex>,netgen::Mesh::Compress()::{lambda(auto:1)#3},int,ngcore::TotalCosts)::{lambda(ngcore::TaskInfo&)#1}"	"0.688034037288286 1 0"
5	a40	a6	"ngcore::ParallelForRange<netgen::SurfaceElementIndex,netgen::Mesh::Compress()::{lambda(auto:1)#4}>(ngcore::T_Range<netgen::SurfaceElementIndex>,netgen::Mesh::Compress()::{lambda(auto:1)#4},int,ngcore::TotalCosts)::{lambda(ngcore::TaskInfo&)#1}"	"0 0.666479625428673 1"
5	a41	a7	"ngcore::ParallelForRange<netgen::SurfaceElementIndex,netgen::Mesh::Compress()::{lambda(auto:1)#4}>(ngcore::T_Range<netgen::SurfaceElementIndex>,netgen::Mesh::Compress()::{lambda(auto:1)#4},int,ngcore::TotalCosts)::{lambda(ngcore::TaskInfo&)#1}"	"0 0.666479625428673 1"
5	a42	a8	"Build edges"	"0 0.0614795051658243 1"
5	a43	a8	"CreateTable"	"0.608616351291681 0 1"
5	a44	a8	"CreateSortedTable"	"0 0.0381698166109086 1"
5	a45	a8	"MeshOptimize3d::SwapImprove loop"	"0.154668690207104 1 0"
5	a46	a8	"MeshOptimize3d::SwapImprove"	"1 0 -2.43968480148811"
5	a47	a8	"FreeOpenElementsEnvironment"	"0.907015785320433 0 1"
5	a48	a8	"Mesh::BuildBoundaryEdges"	"1 0 -2.61861416630415"
5	a49	a8	"Mesh::LinkSurfaceElements"	"0 1 0.171518596860468"
5	a50	a8	"Mesh::Compress"	"1 0.648677515017027 0"
5	a51	a8	"Mesh::CalcSurfacesOfNode, pointloop"	"0 0.319536079261344 1"
5	a52	a8	"Mesh::CalcSurfacesOfNode - surfelementht"	"0.690162641156969 0 1"
5	a53	a8	"Mesh::CalcSurfacesOfNode - surf on node"	"0.000515674241007069 1 0"
5	a54	a8	"Mesh::CalcSurfacesOfNode"	"1 0 -2.35340285344361"
6	0	a55	a3	a9	"Timer level 0"
6	0	a56	a3	a9	"Timer level 1"
6	0	a57	a3	a9	"Timer level 2"
6	0	a58	a3	a9	"Timer level 3"
4	a59	a2	a3	a3	"links"
8	0	a12	a11	0
12	0.235871557406918	a6	a10	a18	0
12	0.23595216618287	a7	a14	a19	0
13	0.236034938952807	a7	a14
12	0.236053332901682	a7	a14	a19	1
13	0.23606685786409	a7	a14
12	0.236084169815972	a7	a14	a19	2
13	0.236089579800936	a7	a14
12	0.236109055746803	a7	a14	a19	3
13	0.236115006730263	a7	a14
13	0.23640227693181	a6	a10
12	0.239359374712706	a8	a55	a47	0
13	0.247268772728933	a8	a55
12	0.247608519784624	a8	a55	a46	0
12	0.247705358515465	a8	a56	a48	0
13	0.247780557306454	a8	a56
12	0.248971294996859	a6	a10	a20	0
12	0.249038378810403	a7	a14	a21	0
12	0.249230433276597	a7	a16	a21	1
13	0.249265598178858	a7	a14
12	0.249333222990898	a7	a15	a21	2
12	0.249336468981876	a7	a14	a21	3
13	0.249560442359353	a7	a14
13	0.250735491093365	a7	a15
13	0.250799869914427	a7	a16
13	0.250943775514449	a6	a10
12	0.251688189445388	a8	a56	a44	0
12	0.251716321367197	a8	a57	a43	0
12	0.25198357462438	a6	a10	a22	0
12	0.252039838467997	a7	a14	a23	0
12	0.252339010636463	a7	a15	a23	1
12	0.25237038854925	a7	a16	a23	2
12	0.252450456326706	a7	a17	a23	3
13	0.252775055424499	a7	a14
12	0.252854582203458	a7	a14	a23	4
13	0.252950338937307	a7	a16
13	0.252958994913248	a7	a15
12	0.253037980693711	a7	a16	a23	5
12	0.253067194612513	a7	a15	a23	6
13	0.253106146504248	a7	a17
13	0.253127245445604	a7	a14
12	0.25318080429674	a7	a17	a23	7
12	0.253230576158402	a7	a14	a23	8
13	0.253334988868192	a7	a16
12	0.253396662696773	a7	a16	a23	9
13	0.25344859855242	a7	a15
13	0.25348971443814	a7	a17
13	0.253492419430622	a7	a14
12	0.253527043334386	a7	a15	a23	10
12	0.253588176164471	a7	a14	a23	11
12	0.253590881156952	a7	a17	a23	12
13	0.253680145908845	a7	a16
12	0.25373532775547	a7	a16	a23	13
13	0.253835953475786	a7	a15
13	0.253863544399099	a7	a14
12	0.25390898827279	a7	a15	a23	14
12	0.253937120194598	a7	a14	a23	15
13	0.253952268152495	a7	a17
13	0.254141076627712	a7	a16
13	0.254203832453285	a7	a14
13	0.254231423376598	a7	a15
13	0.254422395845799	a6	a10
12	0.254759437909008	a6	a10	a24	0
12	0.254854653644361	a7	a14	a25	0
12	0.254908753493993	a7	a15	a25	1
13	0.254916868471438	a7	a14
12	0.255016412194761	a7	a14	a25	2
12	0.255059692074467	a7	a17	a25	3
13	0.255069971045897	a7	a14
13	0.255166809776738	a7	a15
13	0.255231729596297	a7	a17
13	0.255408636104594	a6	a10
12	0.255505474835436	a6	a10	a26	0
12	0.25555632869409	a7	a14	a27	0
13	0.255611510540715	a7	a14
12	0.255629363491094	a7	a14	a27	1
13	0.25566669238734	a7	a14
12	0.255684004339222	a7	a14	a27	2
13	0.255719169241483	a7	a14
12	0.255786794053523	a7	a14	a27	3
13	0.255834942919696	a7	a14
13	0.256103819172368	a6	a10
12	0.256291545650592	a6	a10	a22	0
12	0.256354301476165	a7	a14	a23	0
12	0.256439779238584	a7	a15	a23	1
12	0.256543650949878	a7	a16	a23	2
13	0.256606947773947	a7	a14
12	0.256609652766429	a7	a17	a23	3
12	0.256675113584484	a7	a14	a23	4
13	0.256751935370962	a7	a15
13	0.256808740213076	a7	a16
12	0.256813068201046	a7	a15	a23	5
12	0.256873119034138	a7	a16	a23	6
13	0.256901250955947	a7	a17
13	0.25692721888377	a7	a14
12	0.256969416766483	a7	a17	a23	7
12	0.257028926601079	a7	a14	a23	8
13	0.257108453380038	a7	a15
13	0.257127929325906	a7	a16
12	0.257169586210122	a7	a15	a23	9
12	0.257187439160501	a7	a16	a23	10
13	0.257225309055244	a7	a17
13	0.257276703912394	a7	a14
12	0.257295097861269	a7	a17	a23	11
12	0.257355148694361	a7	a14	a23	12
13	0.257461725398136	a7	a15
13	0.257486611328967	a7	a16
12	0.257555318138	a7	a15	a23	13
12	0.257562892116948	a7	a16	a23	14
13	0.257606712995151	a7	a14
13	0.257611581981617	a7	a17
12	0.257679747792154	a7	a14	a23	15
13	0.257820948399694	a7	a16
13	0.257845834330525	a7	a15
13	0.257941050065878	a7	a14
13	0.258033019810252	a6	a10
13	0.258209385320053	a8	a57
12	0.258242927226825	a6	a10	a28	0
12	0.258302978059917	a7	a14	a29	0
13	0.258443096670464	a7	a14
12	0.258511262481001	a7	a16	a29	1
12	0.258547509380255	a7	a14	a29	2
12	0.258569149320107	a7	a15	a29	3
13	0.258584297278004	a7	a14
12	0.258618380183273	a7	a14	a29	4
13	0.258655709079519	a7	a14
12	0.258703316947195	a7	a17	a29	5
12	0.258756334799835	a7	a14	a29	6
13	0.258775810745702	a7	a16
13	0.258786089717133	a7	a14
13	0.258786630715629	a7	a15
12	0.258860747509625	a7	a16	a29	7
13	0.258882387449478	a7	a17
13	0.258904027389331	a7	a16
12	0.25890565038482	a7	a15	a29	9
12	0.258907814378805	a7	a14	a29	8
13	0.258946225272044	a7	a15
13	0.258948930264525	a7	a14
12	0.258958668237459	a7	a17	a29	10
12	0.258994374138216	a7	a16	a29	11
13	0.259003030114158	a7	a17
13	0.259037113019426	a7	a16
12	0.259039277013411	a7	a14	a29	12
12	0.259057670962286	a7	a15	a29	13
13	0.259089589873569	a7	a14
13	0.259094999858532	a7	a15
12	0.259145853717187	a7	a17	a29	14
12	0.259165870661551	a7	a16	a29	15
13	0.259189674595389	a7	a17
13	0.259208068544264	a7	a16
13	0.259407696989406	a6	a10
13	0.259434746914223	a8	a56
12	0.260559482788076	a8	a56	a42	0
12	0.260758029236226	a6	a10	a30	0
12	0.260926820767079	a7	a14	a31	0
12	0.261105350270865	a7	a16	a31	1
13	0.261185418048321	a7	a14
12	0.261190287034787	a7	a15	a31	2
12	0.261229779925019	a7	a17	a31	3
12	0.261280633783673	a7	a14	a31	4
13	0.261373144526544	a7	a14
13	0.261374226523537	a7	a16
12	0.261390456478427	a7	a14	a31	5
13	0.261411555419783	a7	a15
13	0.261449966313022	a7	a17
12	0.261456999293474	a7	a16	a31	6
13	0.26146349127543	a7	a14
12	0.261526247101003	a7	a15	a31	7
13	0.261536526072434	a7	a16
12	0.261546805043864	a7	a17	a31	8
12	0.261580346950636	a7	a14	a31	9
13	0.261601986890489	a7	a15
13	0.26162524982583	a7	a17
12	0.261648512761172	a7	a16	a31	10
13	0.261653381747639	a7	a14
12	0.261719924562687	a7	a17	a31	11
13	0.261732367528102	a7	a16
12	0.261749679479984	a7	a14	a31	12
12	0.261762663443896	a7	a15	a31	13
12	0.261823796273981	a7	a16	a31	14
13	0.261850846198797	a7	a15
13	0.261861666168723	a7	a14
13	0.261863289164212	a7	a17
13	0.261900077061962	a7	a16
12	0.261921176003318	a7	a15	a31	15
13	0.262010981753708	a7	a15
13	0.262180314283057	a6	a10
13	0.262438370565802	a8	a56
12	0.262568751203416	a8	a56	a45	0
12	0.262673163913206	a6	a10	a32	0
12	0.262731050752313	a7	a14	a33	0
13	0.262913908244069	a7	a14
12	0.262990730030547	a7	a14	a33	1
13	0.263036173904238	a7	a14
12	0.263038337898223	a7	a16	a33	2
12	0.263071879804995	a7	a14	a33	3
13	0.263087027762892	a7	a14
12	0.263186571486216	a7	a14	a33	4
13	0.263193063468172	a7	a16
12	0.263214703408024	a7	a17	a33	5
13	0.263224982379455	a7	a14
12	0.263252032304271	a7	a15	a33	6
12	0.263299099173451	a7	a14	a33	7
12	0.263317493122326	a7	a16	a33	8
13	0.263326690096763	a7	a14
13	0.263352658024587	a7	a16
13	0.263356986012557	a7	a17
13	0.263407298872715	a7	a15
12	0.263440299780991	a7	a16	a33	9
12	0.263467349705807	a7	a14	a33	10
13	0.26347275969077	a7	a16
12	0.263497104623104	a7	a17	a33	11
13	0.263518203564461	a7	a14
12	0.263539302505818	a7	a15	a33	12
13	0.263540925501307	a7	a17
13	0.263580418391538	a7	a15
12	0.263589615365976	a7	a14	a33	13
13	0.263606927317858	a7	a14
12	0.263642092220119	a7	a16	a33	14
13	0.263669683143431	a7	a16
12	0.263674011131402	a7	a15	a33	15
13	0.263697274066744	a7	a15
13	0.263930444418658	a6	a10
13	0.264085169988606	a8	a56
12	0.264860961832332	a8	a56	a50	0
12	0.267027660810102	a6	a10	a34	0
12	0.267108269586054	a7	a14	a35	0
12	0.267293291071796	a7	a16	a35	1
12	0.267485886536487	a7	a17	a35	2
12	0.267565954313942	a7	a15	a35	3
13	0.269606600642069	a7	a14
13	0.278288544511044	a7	a17
13	0.278454090050919	a7	a16
13	0.279449527284151	a7	a15
13	0.279674041660125	a6	a10
12	0.27974383046615	a6	a10	a36	0
12	0.279804963296235	a7	a14	a37	0
12	0.279947786899264	a7	a17	a37	1
12	0.280143087356436	a7	a16	a37	2
13	0.280175006267719	a7	a14
12	0.280188531230127	a7	a15	a37	3
13	0.282159388752228	a7	a15
13	0.283922502851742	a7	a16
13	0.284035571537473	a7	a17
13	0.284182723128472	a6	a10
12	0.286321290184433	a6	a10	a38	0
12	0.286387292000985	a7	a14	a39	0
12	0.286460867796484	a7	a17	a39	1
12	0.286513885649124	a7	a15	a39	2
12	0.286656168253657	a7	a16	a39	3
13	0.287454682034228	a7	a14
13	0.287656474473356	a7	a15
13	0.28769704936058	a7	a17
13	0.287769543159087	a7	a16
13	0.287956187640318	a6	a10
12	0.28802651744484	a6	a10	a40	0
12	0.288098470244851	a7	a14	a41	0
12	0.288442545288512	a7	a17	a41	1
13	0.288447414274979	a7	a14
12	0.288508006106567	a7	a15	a41	2
12	0.28851936707499	a7	a16	a41	3
13	0.289327618828495	a7	a17
13	0.289623545005983	a7	a16
13	0.289657627911251	a7	a15
13	0.289883224284217	a6	a10
12	0.290106115664702	a8	a57	a49	0
13	0.295140647671475	a8	a57
12	0.295274815298562	a8	a57	a54	0
12	0.296855071906319	a8	a58	a53	0
13	0.305220531654946	a8	a58
12	0.305259483546681	a8	a58	a52	0
13	0.309108687848012	a8	a58
12	0.309147639739748	a8	a58	a51	0
13	0.310751159282846	a8	a58
13	0.31260678412523	a8	a57
13	0.312788559619995	a8	a56
13	0.313047156901236	a8	a55
12	0.313432347830618	a8	a55	a46	0
12	0.313470758723857	a8	a56	a48	0
13	0.334406318534525	a8	a56
12	0.334549683136051	a6	a10	a20	0
12	0.334629750913506	a7	a14	a21	0
12	0.334690883743591	a7	a17	a21	1
12	0.334775279509017	a7	a16	a21	2
13	0.33482342837519	a7	a14
12	0.334898086167682	a7	a15	a21	3
13	0.334980858937619	a7	a17
13	0.335540251382816	a7	a16
13	0.335618155166287	a7	a15
13	0.335759355773827	a6	a10
12	0.335907589361819	a8	a56	a44	0
12	0.335930311298664	a8	a57	a43	0
12	0.336064478925752	a6	a10	a22	0
12	0.33616185865509	a7	a14	a23	0
12	0.33628845230323	a7	a15	a23	1
12	0.336409635966406	a7	a17	a23	2
13	0.336418291942347	a7	a14
12	0.336479965770928	a7	a14	a23	3
12	0.336556787557405	a7	a16	a23	4
13	0.336726120086754	a7	a15
13	0.336745055034125	a7	a14
12	0.33681646683564	a7	a15	a23	5
12	0.336839188772485	a7	a14	a23	6
13	0.336852172736397	a7	a17
12	0.336939273494305	a7	a17	a23	7
13	0.33720328076051	a7	a17
12	0.33722383870337	a7	a17	a23	8
13	0.337237363665778	a7	a16
13	0.337399122216179	a7	a15
12	0.337426172140995	a7	a16	a23	9
13	0.337433746119943	a7	a14
12	0.33746512403273	a7	a15	a23	10
12	0.337510567906421	a7	a14	a23	11
13	0.337540863822215	a7	a17
12	0.337624718589145	a7	a17	a23	12
13	0.337745361253825	a7	a15
13	0.337772952177137	a7	a16
13	0.337774575172626	a7	a14
12	0.337837871996696	a7	a15	a23	13
12	0.337848691966622	a7	a16	a23	14
12	0.337882774871891	a7	a14	a23	15
13	0.337969875629798	a7	a17
13	0.338109453241849	a7	a16
13	0.338161930095993	a7	a15
13	0.338201963984721	a7	a14
13	0.33837995249001	a6	a10
12	0.338566055972745	a6	a10	a24	0
12	0.338648828742682	a7	a14	a25	0
13	0.338693731617877	a7	a14
12	0.338713207563745	a7	a14	a25	1
13	0.338755946444954	a7	a14
12	0.338802472315638	a7	a14	a25	2
12	0.338829522240454	a7	a16	a25	3
13	0.338831145235943	a7	a14
13	0.339026986691612	a7	a16
13	0.339189286240508	a6	a10
12	0.339235271112696	a6	a10	a26	0
12	0.339299649933758	a7	a14	a27	0
13	0.3393375198285	a7	a14
12	0.339359159768353	a7	a14	a27	1
13	0.339401898649563	a7	a14
12	0.339418128604452	a7	a14	a27	2
13	0.339459244490173	a7	a14
12	0.339504147365368	a7	a14	a27	3
13	0.339539853266125	a7	a14
13	0.339610724069143	a6	a10
12	0.339721628760889	a6	a10	a22	0
12	0.339794122559396	a7	a14	a23	0
13	0.340042440869208	a7	a14
12	0.340051096845149	a7	a15	a23	1
12	0.340121426649671	a7	a14	a23	2
12	0.340189592460208	a7	a16	a23	3
12	0.340263168255707	a7	a17	a23	4
13	0.340381105927906	a7	a14
13	0.340409778848211	a7	a15
12	0.340423303810619	a7	a14	a23	5
12	0.340486059636192	a7	a15	a23	6
13	0.340633211227192	a7	a16
13	0.340645654192607	a7	a17
13	0.340684606084342	a7	a14
12	0.340699213043743	a7	a16	a23	7
12	0.340734377946004	a7	a17	a23	8
13	0.34074519791593	a7	a15
12	0.340761968869316	a7	a14	a23	9
12	0.340828511684364	a7	a15	a23	10
13	0.341004336195669	a7	a17
13	0.34103355011447	a7	a14
13	0.341042206090411	a7	a16
12	0.341074125001694	a7	a17	a23	11
13	0.341077911991168	a7	a15
12	0.341104420917488	a7	a14	a23	12
12	0.341119027876889	a7	a16	a23	13
12	0.341181242703966	a7	a15	a23	14
13	0.341367887185197	a7	a14
13	0.341407921073925	a7	a16
13	0.341409544069414	a7	a17
12	0.341427938018289	a7	a14	a23	15
13	0.341451741952127	a7	a15
13	0.341685994301034	a7	a14
13	0.341757406102549	a6	a10
13	0.341842342866471	a8	a57
12	0.34188075375971	a6	a10	a28	0
12	0.341936476604831	a7	a14	a29	0
13	0.341978674487544	a7	a14
12	0.342039266319133	a7	a14	a29	1
12	0.342051168286052	a7	a16	a29	2
13	0.342092284171772	a7	a14
12	0.342112301116136	a7	a14	a29	3
13	0.342145302024412	a7	a16
13	0.342160449982309	a7	a14
12	0.342206434854496	a7	a15	a29	4
12	0.34222645179886	a7	a16	a29	5
13	0.342275682662025	a7	a16
13	0.342292453615411	a7	a15
12	0.342305437579323	a7	a14	a29	6
13	0.342355750439481	a7	a14
12	0.342358455431962	a7	a17	a29	7
12	0.342399571317683	a7	a16	a29	8
12	0.342423375251521	a7	a15	a29	9
13	0.342434195221448	a7	a17
12	0.342442851197389	a7	a14	a29	10
13	0.342454212165811	a7	a16
13	0.342471524117694	a7	a14
13	0.342479098096642	a7	a15
12	0.342532656947778	a7	a17	a29	11
12	0.342560788869587	a7	a16	a29	12
13	0.342577018824477	a7	a17
12	0.342600281759818	a7	a14	a29	13
12	0.342612724725234	a7	a15	a29	14
13	0.342627872683131	a7	a16
13	0.342643561639524	a7	a15
13	0.342646266632006	a7	a14
12	0.342670070565844	a7	a17	a29	15
13	0.34271335044555	a7	a17
13	0.342897830932796	a6	a10
13	0.34292217586513	a8	a56
12	0.343245151967434	a8	a56	a42	0
12	0.343314399774963	a6	a10	a30	0
12	0.343370122620085	a7	a14	a31	0
13	0.343448567402051	a7	a14
12	0.343468043347919	a7	a14	a31	1
13	0.343542160141915	a7	a14
12	0.343560013092294	a7	a14	a31	2
13	0.343624932911852	a7	a14
12	0.343695262716374	a7	a14	a31	3
12	0.343753149555481	a7	a16	a31	4
13	0.343761805531422	a7	a14
12	0.343807249405113	a7	a14	a31	5
12	0.343881907197605	a7	a17	a31	6
12	0.343918154096859	a7	a15	a31	7
13	0.343938712039719	a7	a16
13	0.343966843961528	a7	a14
13	0.344006877850256	a7	a17
12	0.34402094381116	a7	a14	a31	8
13	0.344036632767553	a7	a15
12	0.344066928683347	a7	a16	a31	9
12	0.344113995552527	a7	a17	a31	10
13	0.344120487534483	a7	a14
12	0.344128061513432	a7	a15	a31	11
13	0.344154029441255	a7	a16
13	0.34420326030442	a7	a15
13	0.344211375281865	a7	a17
12	0.344213539275851	a7	a14	a31	12
12	0.344231392226229	a7	a16	a31	13
13	0.344286574072854	a7	a14
12	0.344290361062328	a7	a17	a31	14
13	0.344297935041277	a7	a16
12	0.344316869988648	a7	a15	a31	15
13	0.344355821880383	a7	a17
13	0.344400724755578	a7	a15
13	0.344571680280416	a6	a10
13	0.344735061826305	a8	a56
12	0.344775095715033	a8	a56	a45	0
12	0.344789702674434	a6	a10	a32	0
12	0.344853540497	a7	a14	a33	0
13	0.344869770451889	a7	a14
12	0.344887623402268	a7	a14	a33	1
13	0.34491088633761	a7	a14
12	0.344931985278966	a7	a14	a33	2
13	0.344949838229345	a7	a14
12	0.344967150181227	a7	a14	a33	3
13	0.344983921134613	a7	a14
12	0.345048840954172	a7	a17	a33	4
12	0.345100776809819	a7	a14	a33	5
13	0.345104563799293	a7	a17
13	0.345122957748168	a7	a14
12	0.345142433694035	a7	a15	a33	6
12	0.345236026433899	a7	a17	a33	7
13	0.345252797387285	a7	a15
13	0.345253338385781	a7	a17
12	0.345280388310598	a7	a14	a33	8
13	0.345315012214362	a7	a14
12	0.345329078175267	a7	a16	a33	9
13	0.345364784076024	a7	a16
12	0.345369112063994	a7	a15	a33	10
13	0.345405899961744	a7	a15
12	0.3454123919437	a7	a14	a33	11
12	0.34543890087002	a7	a17	a33	12
12	0.345458376815888	a7	a16	a33	13
13	0.345464327799347	a7	a14
13	0.345471360779799	a7	a17
13	0.345474065772281	a7	a16
12	0.345532493609884	a7	a16	a33	14
13	0.34554926456327	a7	a16
12	0.345584429465531	a7	a14	a33	15
13	0.345622840358769	a7	a14
13	0.345788385898644	a6	a10
13	0.345884142632493	a8	a56
12	0.3463391223679	a8	a56	a50	0
12	0.347858246145572	a6	a10	a34	0
12	0.347939936918517	a7	a14	a35	0
12	0.348055710596729	a7	a15	a35	1
12	0.3481336143802	a7	a17	a35	2
12	0.348248847059916	a7	a16	a35	3
13	0.355428979103102	a7	a14
13	0.360260636673754	a7	a17
13	0.360875210965576	a7	a15
13	0.3613128787491	a7	a16
13	0.3620042748274	a6	a10
12	0.362049177702594	a6	a10	a36	0
12	0.362104900547715	a7	a14	a37	0
13	0.362398662731218	a7	a14
12	0.362415433684604	a7	a14	a37	1
12	0.362518223398905	a7	a17	a37	2
12	0.362546355320714	a7	a15	a37	3
13	0.362997548066647	a7	a14
13	0.363642418274263	a7	a15
13	0.364716841287958	a7	a17
13	0.364855877901513	a6	a10
12	0.366568138142372	a6	a10	a38	0
12	0.366625483982982	a7	a14	a39	0
12	0.366890032247684	a7	a16	a39	1
12	0.366967936031154	a7	a15	a39	2
12	0.367062069769514	a7	a17	a39	3
13	0.367523541486877	a7	a14
13	0.367977980223787	a7	a15
13	0.368055343008761	a7	a16
13	0.36828202137872	a7	a17
13	0.368436746948668	a6	a10
12	0.368472452849425	a6	a10	a40	0
12	0.368556848614852	a7	a14	a41	0
12	0.368696967225399	a7	a16	a41	1
13	0.368868463748733	a7	a14
12	0.368971794461531	a7	a17	a41	2
12	0.369025353312667	a7	a14	a41	3
13	0.36972053638044	a7	a17
13	0.369971018684237	a7	a14
13	0.370007265583491	a7	a16
13	0.370211222016604	a6	a10
12	0.370372980567005	a8	a57	a49	0
13	0.374012818450259	a8	a57
12	0.374053934335979	a8	a57	a54	0
12	0.375297689879024	a8	a58	a53	0
13	0.383056149314778	a8	a58
12	0.383097265200498	a8	a58	a52	0
13	0.386645133339378	a8	a58
12	0.386692200208558	a8	a58	a51	0
13	0.388265964834358	a8	a58
13	0.390109146711328	a8	a57
13	0.39016757454893	a8	a56
13	0.390394793917386	a8	a55
12	0.390713983030215	a8	a55	a46	0
12	0.390735622970068	a8	a56	a48	0
13	0.409282133420979	a8	a56
12	0.409382759141295	a6	a10	a20	0
12	0.409487171851085	a7	a14	a21	0
12	0.409606191520276	a7	a17	a21	1
12	0.409671652338331	a7	a16	a21	2
13	0.409683013306754	a7	a14
12	0.409743605138342	a7	a14	a21	3
13	0.410341949475274	a7	a17
13	0.410596759767042	a7	a14
13	0.410785568242258	a7	a16
13	0.410926227851302	a6	a10
12	0.411063100470871	a8	a56	a44	0
12	0.41108095342125	a8	a57	a43	0
12	0.411189694119011	a6	a10	a22	0
12	0.411256236934058	a7	a14	a23	0
12	0.411493735273944	a7	a16	a23	1
13	0.411513752218307	a7	a14
12	0.411548376122072	a7	a17	a23	2
12	0.411580836031851	a7	a14	a23	3
12	0.411700937698035	a7	a15	a23	4
13	0.411849171286027	a7	a14
12	0.411918419093556	a7	a14	a23	5
13	0.412003355857479	a7	a16
13	0.41202824178831	a7	a17
12	0.412072603665008	a7	a16	a23	6
13	0.412081259640949	a7	a15
12	0.412145638462012	a7	a15	a23	7
12	0.412160786419909	a7	a17	a23	8
13	0.41220027931014	a7	a14
12	0.412285216074063	a7	a14	a23	9
13	0.412338774925198	a7	a16
12	0.412399366756787	a7	a16	a23	10
13	0.412474024549279	a7	a15
13	0.412487008513191	a7	a17
12	0.412550846335757	a7	a15	a23	11
13	0.412558961313202	a7	a14
12	0.412579519256062	a7	a17	a23	12
12	0.412654718047051	a7	a14	a23	13
13	0.412666079015473	a7	a16
12	0.412720719863602	a7	a16	a23	14
13	0.412850559502719	a7	a15
13	0.41287544543355	a7	a17
12	0.412923053301226	a7	a17	a23	15
13	0.412967415177925	a7	a14
13	0.412997711093719	a7	a16
13	0.413289850281733	a7	a17
13	0.413442411857695	a6	a10
12	0.413623646353963	a6	a10	a24	0
12	0.413701550137434	a7	a14	a25	0
13	0.413746453012628	a7	a14
12	0.413792978883312	a7	a14	a25	1
13	0.413823274799106	a7	a14
12	0.413842750744974	a7	a14	a25	2
13	0.413880620639716	a7	a14
12	0.413934179490852	a7	a14	a25	3
13	0.413965557403639	a7	a14
13	0.414239843641274	a6	a10
12	0.414291238498425	a6	a10	a26	0
12	0.414343715352568	a7	a14	a27	0
13	0.414381044248814	a7	a14
12	0.414409717169119	a7	a14	a27	1
13	0.41444488207138	a7	a14
12	0.414476259984167	a7	a14	a27	2
13	0.414516293872895	a7	a14
12	0.414602853632306	a7	a14	a27	3
13	0.41464342851953	a7	a14
13	0.414858745921066	a6	a10
12	0.414988585560184	a6	a10	a22	0
12	0.415043767406808	a7	a14	a23	0
13	0.415299118697072	a7	a14
12	0.415305069680532	a7	a17	a23	1
12	0.415366743509113	a7	a14	a23	2
12	0.415435991316642	a7	a15	a23	3
12	0.41550686211966	a7	a16	a23	4
13	0.415647521728704	a7	a14
12	0.415707031563299	a7	a14	a23	5
13	0.415710818552774	a7	a17
12	0.415779525361806	a7	a17	a23	6
13	0.415846068176854	a7	a15
13	0.415854724152795	a7	a16
12	0.415933709933258	a7	a15	a23	7
12	0.415945611900177	a7	a16	a23	8
13	0.415970497831008	a7	a14
12	0.416030007665603	a7	a14	a23	9
13	0.416064631569368	a7	a17
12	0.416132797379905	a7	a17	a23	10
13	0.41619825819796	a7	a15
13	0.416212324158864	a7	a16
12	0.416267506005489	a7	a16	a23	11
13	0.416281030967897	a7	a14
12	0.416292932934816	a7	a15	a23	12
12	0.416367590727308	a7	a14	a23	13
13	0.41641736258897	a7	a17
12	0.416494184375448	a7	a17	a23	14
13	0.416553153211547	a7	a16
13	0.416561809187488	a7	a15
13	0.416622942017572	a7	a14
12	0.416626729007047	a7	a16	a23	15
13	0.416802553518351	a7	a17
13	0.416910753217616	a7	a16
13	0.417050330829667	a6	a10
13	0.417123906625167	a8	a57
12	0.417136890589078	a6	a10	a28	0
12	0.417234270318416	a7	a14	a29	0
13	0.417275386204137	a7	a14
12	0.417331109049258	a7	a15	a29	1
12	0.4173543719846	a7	a14	a29	2
13	0.417396569867313	a7	a14
12	0.417460948688375	a7	a17	a29	3
12	0.417492326601162	a7	a14	a29	4
13	0.417492326601162	a7	a15
13	0.417524786510941	a7	a14
13	0.417569689386136	a7	a17
12	0.417585919341026	a7	a16	a29	5
12	0.417643265181636	a7	a15	a29	6
13	0.417655167148555	a7	a16
12	0.417664364122992	a7	a14	a29	7
12	0.417676807088408	a7	a17	a29	8
13	0.417701693019238	a7	a15
12	0.41771034899518	a7	a16	a29	9
13	0.41772495595458	a7	a17
13	0.417741726907966	a7	a16
13	0.417755251870374	a7	a14
12	0.417834237650837	a7	a15	a29	10
12	0.417848303611742	a7	a17	a29	11
12	0.417875353536558	a7	a14	a29	12
13	0.417877517530543	a7	a15
13	0.417894829482425	a7	a17
12	0.417908354444833	a7	a16	a29	13
13	0.417934322372657	a7	a14
13	0.417977061253866	a7	a16
12	0.417990586216274	a7	a15	a29	14
12	0.418021423130565	a7	a17	a29	15
13	0.418064162011774	a7	a17
13	0.418119884856895	a7	a15
13	0.41828543039677	a6	a10
13	0.418298414360682	a8	a56
12	0.418553224652449	a8	a56	a42	0
12	0.418604078511104	a6	a10	a30	0
12	0.418658719359232	a7	a14	a31	0
13	0.418743656123155	a7	a14
12	0.418828592887077	a7	a14	a31	1
12	0.418884856730695	a7	a15	a31	2
12	0.418891348712651	a7	a17	a31	3
13	0.418963301512661	a7	a14
12	0.419062304237488	a7	a14	a31	4
13	0.419062304237488	a7	a17
13	0.419072042210422	a7	a15
12	0.419101256129223	a7	a16	a31	5
13	0.419128847052536	a7	a14
12	0.419173749927731	a7	a15	a31	6
12	0.419204586842021	a7	a17	a31	7
13	0.419219193801422	a7	a16
12	0.419235964754808	a7	a14	a31	8
13	0.419258686691653	a7	a15
12	0.419274375648047	a7	a16	a31	9
13	0.419304130565344	a7	a17
13	0.419329557494671	a7	a14
12	0.419330098493168	a7	a15	a31	10
13	0.419376624363851	a7	a16
12	0.419393936315734	a7	a17	a31	11
13	0.419396100309719	a7	a15
12	0.419431806210476	a7	a14	a31	12
13	0.419458315136796	a7	a17
12	0.419475627088678	a7	a16	a31	13
12	0.419503218011991	a7	a15	a31	14
13	0.419515660977406	a7	a14
12	0.419549743882674	a7	a17	a31	15
13	0.41956218684809	a7	a16
13	0.419586531780424	a7	a15
13	0.419634139648101	a7	a17
13	0.419794275203012	a6	a10
13	0.419911671876714	a8	a56
12	0.41994900077296	a8	a56	a45	0
12	0.419963607732361	a6	a10	a32	0
12	0.420023117566956	a7	a14	a33	0
13	0.420066397446662	a7	a14
12	0.420149170216599	a7	a14	a33	1
13	0.420165400171489	a7	a14
12	0.420231942986536	a7	a16	a33	2
12	0.420262779900827	a7	a15	a33	3
13	0.420283337843687	a7	a16
12	0.42028441984068	a7	a14	a33	4
13	0.420300649795569	a7	a15
13	0.420309305771511	a7	a14
12	0.420387750553477	a7	a16	a33	5
12	0.420403439509871	a7	a17	a33	6
13	0.420403439509871	a7	a16
12	0.420450506379051	a7	a14	a33	7
13	0.420469441326422	a7	a17
13	0.420480261296348	a7	a14
12	0.420481884291837	a7	a15	a33	8
13	0.420499737242216	a7	a15
12	0.420521377182069	a7	a16	a33	9
12	0.420542476123425	a7	a17	a33	10
13	0.420550050102374	a7	a16
13	0.420558165079819	a7	a17
12	0.420624707894866	a7	a15	a33	11
13	0.420652839816675	a7	a15
12	0.420664200785098	a7	a14	a33	12
12	0.420691250709914	a7	a16	a33	13
13	0.420696119696381	a7	a14
12	0.420714513645256	a7	a17	a33	14
13	0.420723169621197	a7	a16
13	0.420730202601649	a7	a17
12	0.420795122421208	a7	a15	a33	15
13	0.420919552075362	a7	a15
13	0.421058588688916	a6	a10
13	0.421103491564111	a8	a56
12	0.421474616532588	a8	a56	a50	0
12	0.422986707329808	a6	a10	a34	0
12	0.423054873140345	a7	a14	a35	0
12	0.423199319738863	a7	a16	a35	1
12	0.423331864370462	a7	a15	a35	2
12	0.423365406277234	a7	a17	a35	3
13	0.430505504431691	a7	a14
13	0.435868963524228	a7	a17
13	0.435921981376867	a7	a15
13	0.436162184709234	a7	a16
13	0.437005060366504	a6	a10
12	0.437060242213129	a6	a10	a36	0
12	0.437119211049228	a7	a14	a37	0
12	0.437409727241753	a7	a15	a37	1
13	0.437429744186117	a7	a14
12	0.437586092751554	a7	a14	a37	2
12	0.43759096173802	a7	a16	a37	3
13	0.438596136944187	a7	a16
13	0.44147857693259	a7	a15
13	0.441542955753653	a7	a14
13	0.441671172397281	a6	a10
12	0.443271986947898	a6	a10	a38	0
12	0.443336906767456	a7	a14	a39	0
12	0.443497042322368	a7	a15	a39	1
12	0.443576028102831	a7	a16	a39	2
12	0.443714523717889	a7	a17	a39	3
13	0.4441689624548	a7	a14
13	0.444570924337567	a7	a15
13	0.444685075020291	a7	a17
13	0.444742420860901	a7	a16
13	0.444911212391753	a6	a10
12	0.444953410274467	a6	a10	a40	0
12	0.445015084103047	a7	a14	a41	0
12	0.445155743712091	a7	a15	a41	1
13	0.445329945227907	a7	a14
12	0.445426242960252	a7	a14	a41	2
12	0.445531196668539	a7	a16	a41	3
13	0.445950470503188	a7	a15
13	0.445952634497173	a7	a14
13	0.446306447513768	a7	a16
13	0.44651202694237	a6	a10
12	0.446655932542392	a8	a57	a49	0
13	0.450310377385047	a8	a57
12	0.450392068157992	a8	a57	a54	0
12	0.451596871809301	a8	a58	a53	0
13	0.458876006577313	a8	a58
12	0.458918204460026	a8	a58	a52	0
13	0.461864482270996	a8	a58
12	0.461899106174761	a8	a58	a51	0
13	0.46347016580808	a8	a58
13	0.465248968863986	a8	a57
13	0.465302527715122	a8	a56
13	0.465464827264019	a8	a55
12	0.465768868418952	a8	a55	a46	0
12	0.465788344364819	a8	a56	a48	0
13	0.491439788067927	a8	a56
12	0.491803339057455	a6	a10	a20	0
12	0.491931014702587	a7	a14	a21	0
12	0.491997557517635	a7	a16	a21	1
13	0.492176628019918	a7	a14
12	0.492251826810906	a7	a14	a21	2
12	0.492379502456038	a7	a17	a21	3
13	0.492625656771865	a7	a17
13	0.492743594444063	a7	a16
13	0.492934025914768	a7	a14
13	0.492980551785452	a6	a10
12	0.493436072519355	a8	a56	a44	0
12	0.493461499448682	a8	a57	a43	0
12	0.493609733036675	a6	a10	a22	0
12	0.493663291887811	a7	a14	a23	0
12	0.49387806829085	a7	a16	a23	1
12	0.493905118215666	a7	a15	a23	2
13	0.493958136068306	a7	a14
12	0.494024137884857	a7	a14	a23	3
12	0.494135042576603	a7	a17	a23	4
13	0.494297883123996	a7	a14
13	0.494320605060842	a7	a16
12	0.494336835015731	a7	a14	a23	5
13	0.494337917012724	a7	a15
12	0.494395803851831	a7	a16	a23	6
12	0.494437460736047	a7	a15	a23	7
13	0.494481281614249	a7	a17
12	0.494544037439823	a7	a17	a23	8
13	0.494614908242841	a7	a14
12	0.494671713084955	a7	a14	a23	9
13	0.494679287063903	a7	a16
13	0.494735550907521	a7	a15
12	0.494738796898499	a7	a16	a23	10
12	0.494826438654903	a7	a15	a23	11
13	0.49493572035116	a7	a14
13	0.494956819292516	a7	a17
12	0.494999558173726	a7	a14	a23	12
13	0.495031477085009	a7	a16
12	0.495099101897049	a7	a17	a23	13
13	0.495108298871487	a7	a15
12	0.495113167857954	a7	a16	a23	14
12	0.495246253488049	a7	a15	a23	15
13	0.495366355154232	a7	a17
13	0.49551080175275	a7	a14
13	0.495725037157294	a7	a16
13	0.49596686348515	a7	a15
13	0.496116720068631	a6	a10
12	0.496445106155898	a6	a10	a24	0
12	0.49650515698899	a7	a14	a25	0
12	0.496554928850652	a7	a15	a25	1
13	0.49655817484163	a7	a14
12	0.496633914631115	a7	a14	a25	2
13	0.496675571515331	a7	a14
13	0.496695047461199	a7	a15
12	0.49675672128978	a7	a14	a25	3
13	0.496788640201063	a7	a14
13	0.497038581506363	a6	a10
12	0.497119190282315	a6	a10	a26	0
12	0.497170585139466	a7	a14	a27	0
13	0.497236045957521	a7	a14
12	0.497262013885344	a7	a14	a27	1
13	0.49730096577708	a7	a14
12	0.497330179695881	a7	a14	a27	2
13	0.497369672586113	a7	a14
12	0.497397263509425	a7	a14	a27	3
13	0.49742593642973	a7	a14
13	0.497682910715483	a6	a10
12	0.497870637193707	a6	a10	a22	0
12	0.497946917981688	a7	a14	a23	0
12	0.498173596351647	a7	a16	a23	1
12	0.498229860195265	a7	a15	a23	2
13	0.49823202418925	a7	a14
12	0.498325075930617	a7	a14	a23	3
12	0.498329403918588	a7	a17	a23	4
13	0.498479260502069	a7	a16
13	0.498513884405834	a7	a15
12	0.498531196357716	a7	a16	a23	5
12	0.498591247190808	a7	a15	a23	6
13	0.498596116177275	a7	a17
13	0.49859828017126	a7	a14
12	0.498670232971271	a7	a14	a23	7
12	0.498675642956234	a7	a17	a23	8
13	0.498803318601366	a7	a16
12	0.498859582444983	a7	a16	a23	9
13	0.498918551281082	a7	a15
13	0.498957503172818	a7	a17
12	0.498985635094626	a7	a15	a23	10
13	0.49899537306756	a7	a14
12	0.499040816941251	a7	a17	a23	11
12	0.499078686835994	a7	a14	a23	12
13	0.499158754613449	a7	a16
12	0.499216641452556	a7	a16	a23	13
13	0.499270200303692	a7	a15
13	0.49933512012325	a7	a14
12	0.499347022090169	a7	a15	a23	14
13	0.499391924965364	a7	a17
12	0.499450352802967	a7	a14	a23	15
13	0.499618603335323	a7	a15
13	0.499620226330812	a7	a16
13	0.499785771870687	a7	a14
13	0.499863134655661	a6	a10
13	0.499941038439131	a8	a57
12	0.499971875353421	a6	a10	a28	0
12	0.500041123160951	a7	a14	a29	0
13	0.500106042980509	a7	a14
12	0.500122272935399	a7	a14	a29	1
13	0.500159060833149	a7	a14
12	0.500174749789542	a7	a14	a29	2
13	0.500206127702329	a7	a14
12	0.500222357657218	a7	a14	a29	3
13	0.500253194571509	a7	a14
12	0.500305130427156	a7	a16	a29	4
12	0.500331639353475	a7	a14	a29	5
13	0.500363017266262	a7	a14
12	0.500391690186567	a7	a15	a29	6
13	0.500430642078302	a7	a16
13	0.500454987010637	a7	a15
12	0.500508004863277	a7	a14	a29	7
12	0.500530185801626	a7	a17	a29	8
13	0.500541005771552	a7	a14
12	0.500556153729449	a7	a16	a29	9
12	0.500582121657273	a7	a15	a29	10
13	0.500598351612162	a7	a17
13	0.500622155546	a7	a16
12	0.500649746469313	a7	a14	a29	11
13	0.50065461545578	a7	a15
12	0.500713043293383	a7	a15	a29	12
13	0.50071628928436	a7	a14
12	0.500736847227221	a7	a16	a29	13
13	0.500768225140007	a7	a16
13	0.500769307137	a7	a15
12	0.500777422114445	a7	a17	a29	14
12	0.500840718938515	a7	a16	a29	15
13	0.500867227864834	a7	a17
13	0.500888326806191	a7	a16
13	0.501117169170135	a6	a10
13	0.50112961213555	a8	a56
12	0.50183723816874	a8	a56	a42	0
12	0.501934076899581	a6	a10	a30	0
12	0.501990340743199	a7	a14	a31	0
13	0.502104491425923	a7	a14
12	0.502128836358257	a7	a14	a31	1
13	0.502196461170297	a7	a14
12	0.502213232123683	a7	a14	a31	2
13	0.502292217904146	a7	a14
12	0.502308988857532	a7	a14	a31	3
12	0.502348481747764	a7	a15	a31	4
13	0.502374449675587	a7	a14
12	0.502435041507175	a7	a16	a31	5
12	0.502490764352297	a7	a14	a31	6
13	0.502534585230499	a7	a15
13	0.502539454216966	a7	a16
12	0.502568668135767	a7	a17	a31	7
13	0.502582193098175	a7	a14
12	0.502640079937281	a7	a16	a31	8
12	0.502662260875631	a7	a15	a31	9
13	0.502671998848565	a7	a17
13	0.502721770710226	a7	a16
13	0.502738000665116	a7	a15
12	0.502763968592939	a7	a17	a31	10
12	0.502810494463623	a7	a14	a31	11
12	0.502840790379417	a7	a16	a31	12
12	0.502875414283182	a7	a15	a31	13
13	0.502887857248597	a7	a17
13	0.502905169200479	a7	a14
13	0.502928973134317	a7	a16
12	0.502952236069659	a7	a14	a31	14
12	0.50296684302906	a7	a17	a31	15
13	0.502971171017031	a7	a15
13	0.503052861789975	a7	a17
13	0.503068009747872	a7	a14
13	0.50324924424414	a6	a10
13	0.503455364671239	a8	a56
12	0.503504054535908	a8	a56	a45	0
12	0.503544629423132	a6	a10	a32	0
12	0.503679338048716	a7	a14	a33	0
13	0.503718830938948	a7	a14
12	0.503735601892334	a7	a14	a33	1
13	0.503752372845719	a7	a14
12	0.503769684797602	a7	a14	a33	2
13	0.503784832755499	a7	a14
12	0.503802144707381	a7	a14	a33	3
13	0.503818374662271	a7	a14
12	0.503835145615657	a7	a14	a33	4
13	0.50385083457205	a7	a14
12	0.503873556508896	a7	a14	a33	5
13	0.503890868460778	a7	a14
12	0.50390818041266	a7	a14	a33	6
13	0.503923869369054	a7	a14
12	0.503941722319432	a7	a14	a33	7
13	0.503959034271314	a7	a14
12	0.504027200081851	a7	a14	a33	8
12	0.504036938054785	a7	a16	a33	9
13	0.504051004015689	a7	a14
13	0.504087791913439	a7	a16
12	0.504090496905921	a7	a14	a33	10
13	0.504107808857803	a7	a14
12	0.504167318692399	a7	a16	a33	11
13	0.504184089645784	a7	a16
12	0.504255501447299	a7	a15	a33	12
12	0.504271190403692	a7	a16	a33	13
13	0.504289043354071	a7	a16
13	0.504292830343545	a7	a15
12	0.504313929284902	a7	a14	a33	14
13	0.504365324142052	a7	a14
12	0.504370734127016	a7	a17	a33	15
13	0.504409686018751	a7	a17
13	0.504604445477427	a6	a10
13	0.504673693284956	a8	a56
12	0.505885529916717	a8	a56	a50	0
12	0.507616725104948	a6	a10	a34	0
12	0.507687595907966	a7	a14	a35	0
12	0.507757384713991	a7	a17	a35	1
12	0.507796336605726	a7	a15	a35	2
12	0.507904536304991	a7	a16	a35	3
13	0.517455323759059	a7	a14
13	0.521041602791178	a7	a15
13	0.521163868451347	a7	a17
13	0.521661587067963	a7	a16
13	0.522279948349259	a6	a10
12	0.522354065143255	a6	a10	a36	0
12	0.522416279970332	a7	a14	a37	0
13	0.522746289053089	a7	a14
12	0.522818782851596	a7	a15	a37	1
12	0.522829061823026	a7	a17	a37	2
12	0.522885325666643	a7	a14	a37	3
13	0.523348420379495	a7	a14
13	0.52708671998908	a7	a15
13	0.527915529685445	a7	a17
13	0.528064304271934	a6	a10
12	0.529740858612036	a6	a10	a38	0
12	0.529884764212057	a7	a14	a39	0
12	0.529893420187999	a7	a17	a39	1
12	0.529981061944403	a7	a16	a39	2
12	0.530199625336917	a7	a15	a39	3
13	0.530770378750537	a7	a14
13	0.531063599935543	a7	a16
13	0.531117158786679	a7	a17
13	0.531278376338583	a7	a15
13	0.531410920970182	a6	a10
12	0.531472053800266	a6	a10	a40	0
12	0.53153480962584	a7	a14	a41	0
12	0.531701978161203	a7	a16	a41	1
12	0.531772848964221	a7	a17	a41	2
13	0.53190106560785	a7	a14
12	0.531901606606346	a7	a15	a41	3
13	0.532541607827495	a7	a17
13	0.53278938513881	a7	a16
13	0.533068540362912	a7	a15
13	0.53320865897346	a6	a10
12	0.533403418432136	a8	a57	a49	0
13	0.538238321993765	a8	a57
12	0.538387096580254	a8	a57	a54	0
12	0.539686574968419	a8	a58	a53	0
13	0.547242159968052	a8	a58
12	0.547275160876328	a8	a58	a52	0
13	0.550209536720379	a8	a58
12	0.550245242621136	a8	a58	a51	0
13	0.55172433251008	a8	a58
13	0.553515578531402	a8	a57
13	0.55362323723217	a8	a56
13	0.5537806677946	a8	a55
12	0.554237811523992	a8	a55	a46	0
12	0.554291370375128	a8	a56	a48	0
13	0.579662035858645	a8	a56
12	0.580026668845166	a6	a10	a20	0
12	0.580089965669235	a7	a14	a21	0
13	0.58032908700461	a7	a14
12	0.580345316959499	a7	a14	a21	1
12	0.580481107582076	a7	a16	a21	2
12	0.580526551455767	a7	a17	a21	3
13	0.5807570168152	a7	a14
13	0.580780820749039	a7	a16
13	0.581058352977652	a7	a17
13	0.581200094583688	a6	a10
12	0.581654533320599	a8	a56	a44	0
12	0.581682124243911	a8	a57	a43	0
12	0.581853079768749	a6	a10	a22	0
12	0.581907720616877	a7	a14	a23	0
13	0.58221771275527	a7	a14
12	0.582218253753766	a7	a17	a23	1
12	0.582278845585354	a7	a16	a23	2
12	0.582330781441001	a7	a14	a23	3
12	0.582376766313188	a7	a15	a23	4
13	0.582598034698184	a7	a14
12	0.582668364502706	a7	a14	a23	5
13	0.582685676454588	a7	a16
13	0.582688922445566	a7	a17
12	0.58274572728768	a7	a16	a23	6
13	0.582748973278658	a7	a15
12	0.582794958150845	a7	a17	a23	7
12	0.582825254066639	a7	a15	a23	8
13	0.582939404749363	a7	a14
12	0.583004324568922	a7	a14	a23	9
13	0.583046522451635	a7	a16
12	0.583115229260668	a7	a16	a23	10
13	0.583146607173455	a7	a17
13	0.583173116099774	a7	a15
12	0.5832429049058	a7	a17	a23	11
12	0.583267249838134	a7	a15	a23	12
13	0.583339743636642	a7	a14
13	0.583376531534392	a7	a16
12	0.583429549387031	a7	a14	a23	13
12	0.583442533350943	a7	a16	a23	14
13	0.583577241976527	a7	a15
13	0.583587520947957	a7	a17
12	0.583640538800597	a7	a15	a23	15
13	0.583728721555497	a7	a16
13	0.583736295534446	a7	a14
13	0.583927268003647	a7	a15
13	0.584068468611187	a6	a10
12	0.584347623835289	a6	a10	a24	0
12	0.584422822626278	a7	a14	a25	0
13	0.584476381477414	a7	a14
12	0.584492611432304	a7	a14	a25	1
13	0.584524530343587	a7	a14
12	0.584545629284943	a7	a14	a25	2
13	0.584577548196226	a7	a14
12	0.584653287985711	a7	a14	a25	3
13	0.584739306746627	a7	a14
13	0.584964362121097	a6	a10
12	0.585046052894041	a6	a10	a26	0
12	0.585099611745177	a7	a14	a27	0
13	0.585166154560225	a7	a14
12	0.58518887649707	a7	a14	a27	1
13	0.585234320370761	a7	a14
12	0.585291125212875	a7	a14	a27	2
12	0.585326290115136	a7	a15	a27	3
13	0.585331159101603	a7	a14
13	0.585505360617419	a7	a15
13	0.585673070151278	a6	a10
12	0.585855927643035	a6	a10	a22	0
12	0.585909486494171	a7	a14	a23	0
12	0.586071786043068	a7	a17	a23	1
12	0.586141033850597	a7	a16	a23	2
13	0.586164296785939	a7	a14
12	0.586210822656622	a7	a15	a23	3
12	0.586242200569409	a7	a14	a23	4
13	0.586376909194993	a7	a17
13	0.586412074097254	a7	a16
12	0.586458599967938	a7	a17	a23	5
12	0.586486731889747	a7	a16	a23	6
13	0.586519732798022	a7	a14
12	0.586581947625099	a7	a14	a23	7
13	0.586591144599537	a7	a15
12	0.586654982422103	a7	a15	a23	8
13	0.5867437061755	a7	a17
13	0.586752362151441	a7	a16
12	0.586820527961977	a7	a16	a23	9
13	0.586844331895816	a7	a14
12	0.586900054740937	a7	a17	a23	10
13	0.586902218734922	a7	a15
12	0.586939006632672	a7	a14	a23	11
12	0.586998516467267	a7	a15	a23	12
13	0.58707317425976	a7	a16
12	0.587141340070296	a7	a16	a23	13
13	0.587186242945491	a7	a17
13	0.587201931901884	a7	a14
12	0.587263605730465	a7	a14	a23	14
12	0.587273343703399	a7	a17	a23	15
13	0.587320951571075	a7	a15
13	0.587424823282369	a7	a16
13	0.5875378919681	a7	a17
13	0.587539514963589	a7	a14
13	0.587691535541056	a6	a10
13	0.587792161261372	a8	a57
12	0.587839769129048	a6	a10	a28	0
12	0.587962034789217	a7	a14	a29	0
12	0.588026954608775	a7	a16	a29	1
13	0.588031823595242	a7	a14
12	0.588099989405779	a7	a14	a29	2
13	0.588138400299018	a7	a14
12	0.588181680178724	a7	a17	a29	3
13	0.588182762175716	a7	a16
12	0.588220632070459	a7	a14	a29	4
13	0.588254173977231	a7	a14
13	0.588296371859944	a7	a17
12	0.588301240846411	a7	a16	a29	5
13	0.588336405748672	a7	a16
12	0.588352635703561	a7	a14	a29	6
13	0.588385095613341	a7	a14
12	0.588472196371248	a7	a14	a29	8
12	0.588482475342679	a7	a17	a29	9
12	0.588490590320123	a7	a15	a29	7
12	0.588505197279524	a7	a16	a29	10
13	0.588519263240428	a7	a17
13	0.588529542211859	a7	a14
13	0.5885381981878	a7	a16
13	0.5885528051472	a7	a15
12	0.588612314981796	a7	a14	a29	11
12	0.588643151896086	a7	a16	a29	12
12	0.588671824816391	a7	a17	a29	13
12	0.588690218765266	a7	a15	a29	14
13	0.588690759763763	a7	a16
13	0.588703743727674	a7	a17
13	0.588705366723163	a7	a14
13	0.588745400611891	a7	a15
12	0.588781106512648	a7	a14	a29	15
13	0.588841698344236	a7	a14
13	0.58899263692471	a6	a10
13	0.589015899860052	a8	a56
12	0.589724066891738	a8	a56	a42	0
12	0.589813872642127	a6	a10	a30	0
12	0.589900973400035	a7	a14	a31	0
12	0.589951286260193	a7	a17	a31	1
13	0.590025944052685	a7	a14
12	0.590065436942917	a7	a14	a31	2
13	0.590130356762475	a7	a14
12	0.590155242693306	a7	a14	a31	3
13	0.590222867505346	a7	a14
13	0.590225572497828	a7	a17
12	0.59026939337603	a7	a14	a31	4
12	0.590283459336934	a7	a17	a31	5
13	0.590334313195589	a7	a14
12	0.590364609111383	a7	a16	a31	6
13	0.590366232106872	a7	a17
12	0.590410052985074	a7	a14	a31	7
12	0.590463070837713	a7	a15	a31	8
13	0.590476054801625	a7	a14
12	0.590477677797114	a7	a17	a31	9
13	0.590515547691857	a7	a16
12	0.590549089598629	a7	a14	a31	10
13	0.590564237556526	a7	a17
12	0.590599943457283	a7	a16	a31	11
13	0.590617796407662	a7	a15
13	0.590618337406158	a7	a14
12	0.590671896257294	a7	a14	a31	12
12	0.590685962218198	a7	a17	a31	13
13	0.590695159192635	a7	a16
12	0.590728160100911	a7	a15	a31	14
13	0.590763325003172	a7	a17
13	0.590775226970091	a7	a14
13	0.590821211842279	a7	a15
12	0.590827703824234	a7	a16	a31	15
13	0.590909394597179	a7	a16
13	0.591098744070892	a6	a10
13	0.591306487493479	a8	a56
12	0.591354095361156	a8	a56	a45	0
12	0.59139899823635	a6	a10	a32	0
12	0.591473115030347	a7	a14	a33	0
13	0.591512607920578	a7	a14
12	0.591576445743144	a7	a14	a33	1
13	0.59159916767999	a7	a14
12	0.591613233640894	a7	a15	a33	2
12	0.591659218513081	a7	a16	a33	3
13	0.591683563445416	a7	a15
12	0.591700334398802	a7	a14	a33	4
13	0.59170790837775	a7	a16
13	0.59171818734918	a7	a14
12	0.591792845141673	a7	a15	a33	5
12	0.591804206110096	a7	a16	a33	6
13	0.591811780089044	a7	a15
13	0.591820977063482	a7	a16
12	0.591835584022882	a7	a14	a33	7
13	0.591867502934165	a7	a14
12	0.591903749833419	a7	a15	a33	8
13	0.591919438789812	a7	a15
12	0.591934586747709	a7	a16	a33	9
13	0.591950275704103	a7	a16
12	0.591998965568772	a7	a16	a33	10
13	0.59201681851915	a7	a16
12	0.592026015493588	a7	a14	a33	11
12	0.59208011534322	a7	a17	a33	12
13	0.59208444333119	a7	a14
12	0.592095804299613	a7	a16	a33	13
13	0.592112034254503	a7	a16
12	0.592123395222926	a7	a15	a33	14
13	0.592135838188341	a7	a17
12	0.592182364059025	a7	a16	a33	15
13	0.59218452805301	a7	a15
13	0.5922007580079	a7	a16
13	0.592456109298164	a6	a10
13	0.59253455408013	a8	a56
12	0.593728537761513	a8	a56	a50	0
12	0.595322860330174	a6	a10	a34	0
12	0.595395895127177	a7	a14	a35	0
12	0.595562522664045	a7	a17	a35	1
12	0.595593359578335	a7	a15	a35	2
12	0.595619327506158	a7	a16	a35	3
13	0.601794284343178	a7	a14
13	0.607320583983107	a7	a17
13	0.608599504428412	a7	a16
13	0.608714737108129	a7	a15
13	0.609360689312737	a6	a10
12	0.609441839087186	a6	a10	a36	0
12	0.60949702093381	a7	a14	a37	0
12	0.609548415790961	a7	a17	a37	1
12	0.60977509416092	a7	a16	a37	2
12	0.609849751953412	a7	a15	a37	3
13	0.610867370124994	a7	a15
13	0.6117638046334	a7	a14
13	0.613684349295343	a7	a17
13	0.614559684862392	a7	a16
13	0.614703049463917	a6	a10
12	0.616393669764923	a6	a10	a38	0
12	0.616452097602526	a7	a14	a39	0
12	0.616796713644683	a7	a15	a39	1
12	0.616803205626639	a7	a17	a39	2
12	0.61688543739808	a7	a16	a39	3
13	0.617287399280847	a7	a14
13	0.617956614420797	a7	a17
13	0.617957155419294	a7	a15
13	0.617996107311029	a7	a16
13	0.618204932730609	a6	a10
12	0.618263360568212	a6	a10	a40	0
12	0.618327198390778	a7	a14	a41	0
13	0.618658289470527	a7	a14
12	0.618707520333692	a7	a16	a41	1
12	0.618762161181821	a7	a14	a41	2
12	0.61884168796078	a7	a15	a41	3
13	0.619692137596998	a7	a14
13	0.619718105524822	a7	a15
13	0.619727843497756	a7	a16
13	0.619953439870722	a6	a10
12	0.620159560297821	a8	a57	a49	0
13	0.623847547047248	a8	a57
12	0.623953041754031	a8	a57	a54	0
12	0.625220060232417	a8	a58	a53	0
13	0.632411553244025	a8	a58
12	0.632447259144782	a8	a58	a52	0
13	0.635331322128675	a8	a58
12	0.635367569027928	a8	a58	a51	0
13	0.636972711566516	a8	a58
13	0.638758006604378	a8	a57
13	0.638865665305146	a8	a56
13	0.639036620829984	a8	a55
12	0.639552192396979	a8	a55	a47	0
13	0.647518395255321	a8	a55
12	0.647576282094427	a8	a55	a46	0
12	0.64765526787489	a8	a56	a48	0
13	0.663603362547966	a8	a56
12	0.663718595227683	a6	a10	a20	0
12	0.663777564063782	a7	a14	a21	0
13	0.663956093567568	a7	a14
12	0.66397935650291	a7	a14	a21	1
13	0.664151935023237	a7	a14
12	0.664174115961586	a7	a17	a21	2
12	0.664258511727012	a7	a14	a21	3
13	0.664449484196214	a7	a14
13	0.664661014608276	a7	a17
13	0.664834134127099	a6	a10
12	0.665039172557205	a8	a56	a44	0
12	0.665058107504576	a8	a57	a43	0
12	0.665171176190307	a6	a10	a22	0
12	0.665245292984303	a7	a14	a23	0
12	0.665327524755744	a7	a17	a23	1
12	0.665389198584325	a7	a16	a23	2
12	0.665450872412906	a7	a15	a23	3
13	0.665537973170814	a7	a14
12	0.665629401916692	a7	a14	a23	4
13	0.66588854019643	a7	a17
13	0.665893950181394	a7	a14
12	0.665910180136283	a7	a14	a23	5
13	0.665941017050574	a7	a16
12	0.665964820984412	a7	a17	a23	6
13	0.666011346855095	a7	a15
12	0.666040019775401	a7	a16	a23	7
12	0.666074102680669	a7	a15	a23	8
13	0.666164449429555	a7	a14
12	0.666235861231069	a7	a14	a23	9
13	0.66630186304762	a7	a17
13	0.666360831883719	a7	a15
12	0.666372733850639	a7	a17	a23	10
13	0.666401406770944	a7	a16
12	0.666454424623583	a7	a15	a23	11
12	0.666476605561932	a7	a16	a23	12
13	0.666546935366454	a7	a14
12	0.666613478181502	a7	a14	a23	13
13	0.6666432330988	a7	a17
12	0.666711939907832	a7	a17	a23	14
13	0.666736825838663	a7	a15
12	0.666796335673259	a7	a15	a23	15
13	0.666798499667244	a7	a16
13	0.666869911468759	a7	a14
13	0.667043030987582	a7	a17
13	0.667242118434228	a7	a15
13	0.667421188936511	a6	a10
12	0.667540208605701	a6	a10	a24	0
12	0.6676581462779	a7	a14	a25	0
13	0.667684655204219	a7	a14
12	0.667700885159109	a7	a14	a25	1
13	0.667732263071896	a7	a14
12	0.667755526007238	a7	a14	a25	2
13	0.667781493935061	a7	a14
12	0.66785074174259	a7	a14	a25	3
13	0.667906464587711	a7	a14
13	0.6681288149697	a6	a10
12	0.668174799841887	a6	a10	a26	0
12	0.668295983505063	a7	a14	a27	0
13	0.668333853399806	a7	a14
12	0.668356575336651	a7	a14	a27	1
13	0.668399855216357	a7	a14
12	0.668413921177262	a7	a16	a27	2
12	0.668443135096063	a7	a14	a27	3
13	0.668497775944191	a7	a14
13	0.668581089712625	a7	a16
13	0.668891081851017	a6	a10
12	0.669036069448032	a6	a10	a22	0
12	0.669112891234509	a7	a14	a23	0
12	0.669192418013469	a7	a16	a23	1
12	0.669245976864605	a7	a15	a23	2
12	0.669333077622512	a7	a17	a23	3
13	0.66936283253981	a7	a14
12	0.669425588365384	a7	a14	a23	4
13	0.669516476112766	a7	a16
13	0.669535411060137	a7	a15
12	0.669596002891725	a7	a16	a23	5
12	0.669615478837593	a7	a15	a23	6
13	0.669633331787971	a7	a17
13	0.669693382621063	a7	a14
12	0.669731793514302	a7	a17	a23	7
12	0.669772909400022	a7	a14	a23	8
13	0.669930880960948	a7	a15
13	0.669961717875239	a7	a16
13	0.670012571733893	a7	a17
12	0.670014194729382	a7	a15	a23	9
12	0.670034752672242	a7	a16	a23	10
13	0.670039621658709	a7	a14
12	0.670100754488793	a7	a14	a23	11
12	0.670114820449698	a7	a17	a23	12
13	0.670288480967017	a7	a15
13	0.670311743902359	a7	a16
12	0.670380450711392	a7	a15	a23	13
13	0.670382073706881	a7	a14
12	0.670393434675304	a7	a16	a23	14
13	0.670405336642223	a7	a17
12	0.670458354494862	a7	a14	a23	15
13	0.670686114861814	a7	a15
13	0.670692065845273	a7	a16
13	0.670804052534012	a7	a14
13	0.670903596257335	a6	a10
13	0.670968516076894	a8	a57
12	0.670997188997199	a6	a10	a28	0
12	0.671074551782173	a7	a14	a29	0
13	0.671117831661879	a7	a14
12	0.671141635595717	a7	a14	a29	1
13	0.671185997472415	a7	a14
12	0.671203850422794	a7	a14	a29	2
13	0.671242802314529	a7	a14
12	0.671259032269419	a7	a14	a29	3
13	0.671291492179198	a7	a14
12	0.671363985977705	a7	a14	a29	4
12	0.671403478867937	a7	a16	a29	5
13	0.671419708822827	a7	a14
12	0.671447299746139	a7	a15	a29	6
12	0.671464611698021	a7	a14	a29	7
13	0.67151330156269	a7	a14
13	0.671532777508558	a7	a16
13	0.671546302470966	a7	a15
12	0.671610681292028	a7	a17	a29	8
12	0.671626370248422	a7	a16	a29	9
12	0.671658830158201	a7	a14	a29	10
13	0.671665322140157	a7	a16
12	0.671691831066476	a7	a15	a29	11
13	0.671709143018359	a7	a17
13	0.671716175998811	a7	a14
13	0.671735110946182	a7	a15
12	0.671755127890546	a7	a16	a29	12
13	0.671798948768748	a7	a16
12	0.67180165376123	a7	a14	a29	13
12	0.67181788371612	a7	a15	a29	14
12	0.671831949677024	a7	a17	a29	15
13	0.671846556636425	a7	a14
13	0.671887672522145	a7	a17
13	0.671889295517634	a7	a15
13	0.672060792040968	a6	a10
13	0.672094874946236	a8	a56
12	0.672325340305669	a8	a56	a42	0
12	0.672401080095155	a6	a10	a30	0
12	0.672474114892158	a7	a14	a31	0
12	0.672543362699687	a7	a15	a31	1
13	0.672582855589919	a7	a14
12	0.672647775409477	a7	a14	a31	2
13	0.672714318224525	a7	a14
12	0.672732171174904	a7	a14	a31	3
13	0.672756516107238	a7	a15
13	0.672798713989951	a7	a14
12	0.672819271932812	a7	a15	a31	4
12	0.672832255896723	a7	a16	a31	5
12	0.672887978741844	a7	a14	a31	6
13	0.672933422615535	a7	a16
12	0.672938291602002	a7	a17	a31	7
13	0.672938291602002	a7	a15
13	0.67299455544562	a7	a14
12	0.673018900377954	a7	a16	a31	8
12	0.673040540317807	a7	a15	a31	9
13	0.673061098260667	a7	a17
12	0.673067590242623	a7	a14	a31	10
13	0.673103296143381	a7	a16
13	0.673135215054664	a7	a14
12	0.673160641983991	a7	a17	a31	11
12	0.673188773905799	a7	a16	a31	12
13	0.673191478898281	a7	a15
12	0.673227725797535	a7	a14	a31	13
13	0.673246660744906	a7	a17
13	0.673274792666715	a7	a16
13	0.673305088582509	a7	a14
12	0.673308875571983	a7	a15	a31	14
12	0.673339712486273	a7	a17	a31	15
13	0.67340192731335	a7	a15
13	0.673408419295306	a7	a17
13	0.673622113701353	a6	a10
13	0.673751412341974	a8	a56
12	0.673783872251754	a8	a56	a45	0
12	0.673818496155518	a6	a10	a32	0
12	0.67387854698861	a7	a14	a33	0
13	0.673917498880345	a7	a14
12	0.674004599638253	a7	a14	a33	1
12	0.674012714615698	a7	a16	a33	2
13	0.674027321575098	a7	a14
13	0.674064650471345	a7	a16
12	0.67406681446533	a7	a15	a33	3
12	0.674119291319473	a7	a14	a33	4
12	0.674136062272859	a7	a17	a33	5
13	0.674143636251808	a7	a15
13	0.674148505238275	a7	a14
13	0.674179342152565	a7	a17
12	0.674180965148054	a7	a16	a33	6
13	0.67419773610144	a7	a16
12	0.674249130958591	a7	a15	a33	7
13	0.67426536091348	a7	a15
12	0.674298902820252	a7	a17	a33	8
13	0.674322165755594	a7	a17
12	0.674334067722513	a7	a16	a33	9
13	0.674350297677403	a7	a16
12	0.674376806603723	a7	a14	a33	10
12	0.674398987542072	a7	a15	a33	11
13	0.674398987542072	a7	a14
13	0.674415758495458	a7	a15
12	0.674423873472903	a7	a17	a33	12
13	0.674453087391704	a7	a17
12	0.674467153352608	a7	a16	a33	13
13	0.674494203277424	a7	a16
12	0.674529368179685	a7	a14	a33	14
12	0.674556959102998	a7	a17	a33	15
13	0.674591042008266	a7	a17
13	0.6746007799812	a7	a14
13	0.674820966369203	a6	a10
13	0.674865869244398	a8	a56
12	0.675257552155735	a8	a56	a50	0
12	0.676713379109337	a6	a10	a34	0
12	0.676778839927392	a7	a14	a35	0
12	0.676908679566509	a7	a16	a35	1
12	0.677063946134954	a7	a17	a35	2
12	0.677085586074807	a7	a15	a35	3
13	0.684327391946573	a7	a14
13	0.688877189300641	a7	a17
13	0.689593471309771	a7	a15
13	0.689597799297742	a7	a16
13	0.690175044693318	a6	a10
12	0.690211291592571	a6	a10	a36	0
12	0.690293523364012	a7	a14	a37	0
12	0.690538595682846	a7	a15	a37	1
13	0.690622450449776	a7	a14
12	0.690661943340007	a7	a16	a37	2
12	0.690718748182121	a7	a14	a37	3
13	0.691271648645362	a7	a14
13	0.694533869578184	a7	a15
13	0.69564345749414	a7	a16
13	0.695771133139272	a6	a10
12	0.697310814859805	a6	a10	a38	0
12	0.697368160700415	a7	a14	a39	0
12	0.697440654498922	a7	a17	a39	1
12	0.697509902306451	a7	a16	a39	2
12	0.697746318649344	a7	a15	a39	3
13	0.69817641245392	a7	a14
13	0.698499929554721	a7	a17
13	0.69857350535022	a7	a16
13	0.698728771918665	a7	a15
13	0.698866185536731	a6	a10
12	0.698904596429969	a6	a10	a40	0
12	0.698968975251032	a7	a14	a41	0
12	0.699165357705197	a7	a17	a41	1
12	0.699203768598435	a7	a16	a41	2
13	0.699282754378898	a7	a14
12	0.699396905061622	a7	a15	a41	3
13	0.700142400989554	a7	a17
13	0.700191631852719	a7	a16
13	0.700597380724961	a7	a15
13	0.700746155311449	a6	a10
12	0.700901421879894	a8	a57	a49	0
13	0.705791507288148	a8	a57
12	0.705870493068611	a8	a57	a54	0
12	0.707030934843222	a8	a58	a53	0
13	0.714008733448783	a8	a58
12	0.714040652360066	a8	a58	a52	0
13	0.716844106568007	a8	a58
12	0.716889550441698	a8	a58	a51	0
13	0.718446544114113	a8	a58
13	0.720184772282795	a8	a57
13	0.720301086959504	a8	a56
13	0.720460681515919	a8	a55
12	0.720740918737014	a8	a55	a46	0
12	0.720761476679875	a8	a56	a48	0
13	0.736070652128795	a8	a56
12	0.736171818847607	a6	a10	a20	0
12	0.736290297518301	a7	a14	a21	0
12	0.736357381331845	a7	a15	a21	1
13	0.736473155010058	a7	a14
12	0.736555927779995	a7	a14	a21	2
12	0.736775573169502	a7	a17	a21	3
13	0.73716130509738	a7	a15
13	0.737278701771081	a7	a14
13	0.737544332032776	a7	a17
13	0.737687155635805	a6	a10
12	0.737795896333565	a8	a56	a44	0
12	0.737815372279433	a8	a57	a43	0
12	0.737934391948624	a6	a10	a22	0
12	0.737993360784723	a7	a14	a23	0
12	0.738187579244903	a7	a17	a23	1
12	0.738244384087016	a7	a15	a23	2
13	0.738266024026869	a7	a14
12	0.738362321759214	a7	a16	a23	3
12	0.738390453681023	a7	a14	a23	4
13	0.738675559888585	a7	a14
12	0.738691789843475	a7	a14	a23	5
13	0.738746971690099	a7	a15
13	0.738775644610404	a7	a17
12	0.738841105428459	a7	a15	a23	6
12	0.738878434324706	a7	a17	a23	7
13	0.738913599226967	a7	a16
12	0.73897040406908	a7	a16	a23	8
13	0.738974732057051	a7	a14
12	0.739016388941268	a7	a14	a23	9
13	0.7391440645864	a7	a17
13	0.739190049458587	a7	a15
12	0.73920573841498	a7	a17	a23	10
12	0.73925875626762	a7	a15	a23	11
13	0.739269576237547	a7	a14
13	0.739276068219502	a7	a16
12	0.739351808008987	a7	a14	a23	12
12	0.739356135996958	a7	a16	a23	13
13	0.739476237663142	a7	a17
12	0.739537911491722	a7	a17	a23	14
13	0.73954710846616	a7	a15
12	0.739610946288726	a7	a15	a23	15
13	0.739623930252637	a7	a14
13	0.739652603172942	a7	a16
13	0.739843034643648	a7	a17
13	0.739873330559442	a7	a15
13	0.740038876099316	a6	a10
12	0.740137878824143	a6	a10	a24	0
12	0.740243373530926	a7	a14	a25	0
13	0.740274751443713	a7	a14
12	0.740290981398602	a7	a14	a25	1
13	0.740314785332441	a7	a14
12	0.74033101528733	a7	a14	a25	2
13	0.740361852201621	a7	a14
12	0.740378623155007	a7	a14	a25	3
13	0.74040459108283	a7	a14
13	0.740886079744557	a6	a10
12	0.740919080652832	a6	a10	a26	0
12	0.740981295479909	a7	a14	a27	0
13	0.741019706373148	a7	a14
12	0.741048379293453	a7	a14	a27	1
13	0.741083544195714	a7	a14
12	0.741114381110004	a7	a14	a27	2
13	0.741153874000236	a7	a14
12	0.741183087919037	a7	a14	a27	3
13	0.741218793819795	a7	a14
13	0.741546638908566	a6	a10
12	0.741643477639407	a6	a10	a22	0
12	0.741694872496558	a7	a14	a23	0
12	0.741931829837947	a7	a17	a23	1
13	0.741942108809377	a7	a14
12	0.742029209567285	a7	a15	a23	2
12	0.742049226511649	a7	a14	a23	3
12	0.742075194439472	a7	a16	a23	4
13	0.742285642854542	a7	a17
13	0.742300249813942	a7	a15
13	0.742314315774847	a7	a14
13	0.742380858589894	a7	a16
12	0.742381940586887	a7	a14	a23	5
12	0.742422515474111	a7	a15	a23	6
12	0.742436581435015	a7	a17	a23	7
12	0.742489599287655	a7	a16	a23	8
13	0.742646488851588	a7	a14
13	0.742693014722272	a7	a15
13	0.74270221169671	a7	a17
12	0.74270653968468	a7	a14	a23	9
12	0.74276983650875	a7	a17	a23	10
13	0.742770377507246	a7	a16
12	0.742834215329812	a7	a15	a23	11
12	0.742868839233577	a7	a16	a23	12
13	0.742970005952389	a7	a14
12	0.743030597783977	a7	a14	a23	13
13	0.743032220779466	a7	a17
13	0.743086861627595	a7	a15
12	0.74310363258098	a7	a17	a23	14
13	0.743146912460686	a7	a16
12	0.743158814427605	a7	a15	a23	15
13	0.743303261026123	a7	a14
13	0.743348704899814	a7	a17
13	0.743408755732906	a7	a15
13	0.743572137278795	a6	a10
13	0.743638680093843	a8	a57
12	0.743655992045725	a6	a10	a28	0
12	0.743718206872802	a7	a14	a29	0
13	0.743752289778071	a7	a14
12	0.743778257705894	a7	a14	a29	1
13	0.743813422608155	a7	a14
12	0.743829652563045	a7	a14	a29	2
13	0.743861030475831	a7	a14
12	0.743915130325464	a7	a14	a29	3
13	0.743948672232235	a7	a14
12	0.743966525182614	a7	a14	a29	4
13	0.744027658012698	a7	a14
12	0.744047674957062	a7	a17	a29	5
12	0.744101233808198	a7	a15	a29	6
12	0.744135857711963	a7	a14	a29	7
13	0.744159661645801	a7	a17
13	0.744167776623246	a7	a14
12	0.744186170572121	a7	a16	a29	8
13	0.744189957561595	a7	a15
12	0.744250549393183	a7	a17	a29	9
13	0.744261910361606	a7	a16
12	0.744277599317999	a7	a14	a29	10
13	0.744283009302962	a7	a17
12	0.744312223221764	a7	a15	a29	11
13	0.744341437140565	a7	a14
13	0.744346847125528	a7	a15
12	0.744369028063878	a7	a16	a29	12
12	0.744398241982679	a7	a17	a29	13
13	0.744437193874414	a7	a16
12	0.744441521862385	a7	a15	a29	14
13	0.744448013844341	a7	a17
13	0.744504818686454	a7	a15
12	0.744506441681943	a7	a14	a29	15
13	0.744540524587212	a7	a14
13	0.744735825044384	a6	a10
13	0.744748268009799	a8	a56
12	0.744963585411336	a8	a56	a42	0
12	0.745014980268486	a6	a10	a30	0
12	0.745080982085037	a7	a14	a31	0
12	0.745140491919633	a7	a17	a31	1
12	0.745177279817383	a7	a15	a31	2
13	0.745187558788813	a7	a14
12	0.745250314614386	a7	a14	a31	3
13	0.745322267414397	a7	a14
13	0.745322808412893	a7	a17
12	0.745340120364776	a7	a14	a31	4
13	0.745350940334702	a7	a15
13	0.745413155161779	a7	a14
12	0.745414237158772	a7	a17	a31	5
12	0.745458058036974	a7	a15	a31	6
13	0.74550133791668	a7	a17
12	0.745509452894124	a7	a14	a31	7
13	0.745528928839992	a7	a15
12	0.745604127630981	a7	a16	a31	8
12	0.74562035758587	a7	a17	a31	9
12	0.74565714548362	a7	a15	a31	10
13	0.745658768479109	a7	a14
13	0.745697179372348	a7	a17
13	0.745722065303179	a7	a16
13	0.745728557285135	a7	a15
12	0.745735590265587	a7	a14	a31	11
12	0.74579401810319	a7	a16	a31	12
12	0.745817281038532	a7	a17	a31	13
13	0.745818904034021	a7	a14
12	0.745835674987407	a7	a15	a31	14
13	0.745864888906208	a7	a16
13	0.745896266818995	a7	a17
13	0.745905463793432	a7	a15
12	0.745931431721256	a7	a14	a31	15
13	0.746047205399468	a7	a14
13	0.746136470151362	a6	a10
13	0.746249538837093	a8	a56
12	0.746283621742361	a8	a56	a45	0
12	0.746296605706273	a6	a10	a32	0
12	0.746338803588986	a7	a14	a33	0
13	0.746355574542372	a7	a14
12	0.746371804497262	a7	a14	a33	1
13	0.7463956084311	a7	a14
12	0.746413461381478	a7	a14	a33	2
13	0.746430773333361	a7	a14
12	0.74644700328825	a7	a14	a33	3
13	0.746463774241636	a7	a14
12	0.746529776058188	a7	a16	a33	4
13	0.746584957904813	a7	a16
12	0.746626073790533	a7	a14	a33	5
13	0.746643385742415	a7	a14
12	0.746669353670239	a7	a15	a33	6
12	0.746705600569492	a7	a16	a33	7
13	0.746721289525886	a7	a16
13	0.746726699510849	a7	a15
12	0.746733191492805	a7	a17	a33	8
12	0.746777553369503	a7	a14	a33	9
13	0.746787291342437	a7	a17
12	0.746814882265749	a7	a15	a33	10
13	0.746827325231165	a7	a14
12	0.746837604202595	a7	a16	a33	11
13	0.746841391192069	a7	a15
13	0.746859785140944	a7	a16
12	0.746893868046212	a7	a17	a33	12
12	0.746912802993584	a7	a16	a33	13
13	0.746942557910881	a7	a17
13	0.746947426897348	a7	a16
12	0.746988001784572	a7	a14	a33	14
12	0.747043183631197	a7	a16	a33	15
13	0.747058872587591	a7	a16
13	0.747071856551502	a7	a14
13	0.747315846873344	a6	a10
13	0.74736345474102	a8	a56
12	0.747732415715512	a8	a56	a50	0
12	0.749193111655581	a6	a10	a34	0
12	0.749257490476643	a7	a14	a35	0
12	0.749457118921786	a7	a15	a35	1
12	0.749519333748863	a7	a16	a35	2
12	0.749593991541356	a7	a17	a35	3
13	0.754277956522511	a7	a14
13	0.761390463753657	a7	a17
13	0.761868165425909	a7	a16
13	0.761989890087582	a7	a15
13	0.762706713095208	a6	a10
12	0.762738091007995	a6	a10	a36	0
12	0.762790567862138	a7	a14	a37	0
12	0.762969097365924	a7	a17	a37	1
13	0.763089199032108	a7	a14
12	0.763208759699795	a7	a14	a37	2
12	0.763226071651677	a7	a15	a37	3
13	0.764316183621766	a7	a15
13	0.765767682587398	a7	a17
13	0.766718216945436	a7	a14
13	0.766793956734921	a6	a10
12	0.768299014551689	a6	a10	a38	0
12	0.768357442389291	a7	a14	a39	0
12	0.768519200939692	a7	a17	a39	1
12	0.768629564632941	a7	a15	a39	2
12	0.768822701096128	a7	a16	a39	3
13	0.769158120163848	a7	a14
13	0.769567115027067	a7	a17
13	0.76961526389324	a7	a15
13	0.769833827285754	a7	a16
13	0.769962584927879	a6	a10
12	0.769993962840665	a6	a10	a40	0
12	0.770053472675261	a7	a14	a41	0
12	0.770338037884326	a7	a15	a41	1
12	0.770345611863275	a7	a17	a41	2
13	0.770370497794106	a7	a14
12	0.77044190959562	a7	a14	a41	3
13	0.771299933210787	a7	a14
13	0.771335098113048	a7	a15
13	0.771606138359705	a7	a17
13	0.771745715971756	a6	a10
12	0.771892867562756	a8	a57	a49	0
13	0.7755635423603	a8	a57
12	0.775640905145275	a8	a57	a54	0
12	0.776708836177014	a8	a58	a53	0
13	0.783701241741976	a8	a58
12	0.783735324647244	a8	a58	a52	0
13	0.786481433014575	a8	a58
12	0.786524171895784	a8	a58	a51	0
13	0.788086034554666	a8	a58
13	0.789818311739889	a8	a57
13	0.789871870591025	a8	a56
13	0.790047695102329	a8	a55
12	0.790345244275307	a8	a55	a46	0
12	0.790366343216663	a8	a56	a48	0
13	0.805726372524237	a8	a56
12	0.805775062388906	a6	a10	a20	0
12	0.805908148019001	a7	a14	a21	0
12	0.805966575856604	a7	a16	a21	1
13	0.806088300518277	a7	a14
12	0.806164040307762	a7	a14	a21	2
12	0.806203533197993	a7	a17	a21	3
13	0.806761302647701	a7	a16
13	0.806910618232686	a7	a14
13	0.807221692368071	a7	a17
13	0.807354777998167	a6	a10
12	0.807493814611721	a8	a56	a44	0
12	0.80751599555007	a8	a57	a43	0
12	0.807614998274897	a6	a10	a22	0
12	0.807675590106485	a7	a14	a23	0
12	0.807797314768158	a7	a15	a23	1
12	0.807948794347128	a7	a16	a23	2
13	0.807955286329084	a7	a14
12	0.807978008265929	a7	a17	a23	3
12	0.808031026118569	a7	a14	a23	4
13	0.808258245487024	a7	a15
13	0.808310722341168	a7	a14
12	0.808368609180274	a7	a15	a23	5
13	0.808371314172756	a7	a16
12	0.808391872115616	a7	a14	a23	6
12	0.808447053962241	a7	a16	a23	7
13	0.808474644885553	a7	a17
12	0.808559040650979	a7	a17	a23	8
13	0.808643436416406	a7	a15
12	0.80870456924649	a7	a15	a23	9
13	0.808707274238971	a7	a14
13	0.808763538082589	a7	a16
12	0.808781391032968	a7	a14	a23	10
12	0.808828998900644	a7	a16	a23	11
13	0.808831162894629	a7	a17
12	0.808917181655544	a7	a17	a23	12
13	0.809010774395408	a7	a15
13	0.809063792248048	a7	a14
12	0.809069743231507	a7	a15	a23	13
13	0.809109236121739	a7	a16
12	0.809161712975882	a7	a14	a23	14
12	0.809173073944305	a7	a16	a23	15
13	0.809217976819499	a7	a17
13	0.809353767442076	a7	a15
13	0.809461426142844	a7	a14
13	0.809503083027061	a7	a16
13	0.809637250654149	a6	a10
12	0.809746532350406	a6	a10	a24	0
12	0.809837420097788	a7	a14	a25	0
13	0.809863929024108	a7	a14
12	0.80988124097599	a7	a14	a25	1
13	0.809910995893288	a7	a14
12	0.809964013745928	a7	a14	a25	2
13	0.809996473655707	a7	a14
12	0.810047868512857	a7	a15	a25	3
13	0.810180954142953	a7	a15
13	0.810416829487349	a6	a10
12	0.81045199438961	a6	a10	a26	0
12	0.810523947189621	a7	a14	a27	0
13	0.810561276085867	a7	a14
12	0.810591572001661	a7	a14	a27	1
12	0.810646753848286	a7	a16	a27	2
13	0.81065054083776	a7	a14
12	0.810686787737014	a7	a14	a27	3
13	0.810735477601683	a7	a14
13	0.81077118350244	a7	a16
13	0.811025993794208	a6	a10
12	0.811133652494976	a6	a10	a22	0
12	0.811189916338593	a7	a14	a23	0
12	0.811374396825839	a7	a16	a23	1
13	0.811457169595776	a7	a14
12	0.811465284573221	a7	a15	a23	2
12	0.811529663394283	a7	a17	a23	3
12	0.811568074287522	a7	a14	a23	4
13	0.811695749932654	a7	a16
12	0.811753636771761	a7	a16	a23	5
13	0.811800162642444	a7	a15
13	0.811820720585305	a7	a17
13	0.811854803490573	a7	a14
12	0.811903493355242	a7	a15	a23	6
12	0.811909985337198	a7	a17	a23	7
12	0.811944609240962	a7	a14	a23	8
13	0.812014939045484	a7	a16
12	0.812070120892109	a7	a16	a23	9
13	0.812192927550774	a7	a15
13	0.812207534510175	a7	a17
13	0.812217272483109	a7	a14
12	0.812259470365822	a7	a15	a23	10
12	0.8122773233162	a7	a17	a23	11
12	0.812324931183877	a7	a14	a23	12
13	0.812373621048546	a7	a16
12	0.812437999869608	a7	a16	a23	13
13	0.812538084591428	a7	a17
13	0.812588938450082	a7	a14
13	0.812590020447075	a7	a15
12	0.812605168404972	a7	a17	a23	14
12	0.812676580206486	a7	a15	a23	15
13	0.812713368104236	a7	a16
13	0.812881077638096	a7	a17
13	0.813019032254658	a7	a15
13	0.813162396856183	a6	a10
13	0.813216496705815	a8	a57
12	0.813239759641157	a6	a10	a28	0
12	0.813305761457708	a7	a14	a29	0
13	0.813338762365984	a7	a14
12	0.813354451322377	a7	a14	a29	1
13	0.813387993229149	a7	a14
12	0.813404223184039	a7	a14	a29	2
13	0.813431273108855	a7	a14
12	0.813449126059234	a7	a14	a29	3
13	0.81347617598405	a7	a14
12	0.813521078859245	a7	a17	a29	4
12	0.81356003075098	a7	a14	a29	5
13	0.813591408663767	a7	a14
12	0.813616835593094	a7	a15	a29	6
13	0.813636852537458	a7	a17
12	0.813652000495355	a7	a14	a29	7
13	0.813681214414156	a7	a14
13	0.813689329391601	a7	a15
12	0.81373801925627	a7	a17	a29	8
12	0.813773184158531	a7	a14	a29	9
13	0.813781299135976	a7	a17
12	0.813807808062295	a7	a15	a29	10
13	0.813847841951023	a7	a15
12	0.813851087942001	a7	a16	a29	11
13	0.813863530907416	a7	a14
12	0.813903564796144	a7	a17	a29	12
13	0.81392033574953	a7	a16
13	0.813961451635251	a7	a17
12	0.81396307463074	a7	a14	a29	13
12	0.813978222588637	a7	a15	a29	14
13	0.814001485523979	a7	a14
12	0.814041519412706	a7	a16	a29	15
13	0.814072897325493	a7	a16
13	0.814091832272864	a7	a15
13	0.814303903683423	a6	a10
13	0.814315805650342	a8	a56
12	0.814534369042856	a8	a56	a42	0
12	0.81458522290151	a6	a10	a30	0
12	0.814718308531605	a7	a14	a31	0
12	0.8147632114068	a7	a15	a31	1
13	0.814794589319587	a7	a14
12	0.814858968140649	a7	a14	a31	2
13	0.814924428958704	a7	a14
12	0.81494119991209	a7	a14	a31	3
13	0.814944986901564	a7	a15
13	0.815007201728641	a7	a14
12	0.815015857704582	a7	a15	a31	4
13	0.815080236525645	a7	a15
12	0.815089974498578	a7	a14	a31	5
13	0.815156517313626	a7	a14
12	0.815209535166266	a7	a15	a31	6
12	0.81525443804146	a7	a14	a31	7
12	0.815256602035446	a7	a17	a31	8
12	0.815285815954247	a7	a16	a31	9
13	0.81529122593921	a7	a15
12	0.81535885075125	a7	a15	a31	10
13	0.815371834715162	a7	a17
13	0.815397261644489	a7	a14
13	0.815423770570809	a7	a15
13	0.815429721554269	a7	a16
12	0.815438918528706	a7	a17	a31	11
12	0.815488149391872	a7	a14	a31	12
13	0.815504920345257	a7	a17
13	0.815559561193386	a7	a14
12	0.815560102191882	a7	a15	a31	13
12	0.815592021103165	a7	a16	a31	14
12	0.815601759076099	a7	a17	a31	15
13	0.815624481012945	a7	a15
13	0.81567371187611	a7	a17
13	0.815720237746794	a7	a16
13	0.815872799322756	a6	a10
13	0.815987491003977	a8	a56
12	0.816022655906238	a8	a56	a45	0
12	0.816036180868646	a6	a10	a32	0
12	0.816094067707752	a7	a14	a33	0
13	0.816110838661138	a7	a14
12	0.816136265590465	a7	a14	a33	1
13	0.816152495545355	a7	a14
12	0.816228776333336	a7	a14	a33	2
13	0.816257990252138	a7	a14
12	0.816262859238605	a7	a15	a33	3
13	0.816331566047637	a7	a15
12	0.816373763930351	a7	a14	a33	4
12	0.816427322781486	a7	a17	a33	5
13	0.816428945776975	a7	a14
12	0.816459782691266	a7	a16	a33	6
13	0.816466274673222	a7	a17
12	0.81650035757849	a7	a15	a33	7
13	0.816542014462707	a7	a16
13	0.816545801452181	a7	a15
12	0.816558785416093	a7	a14	a33	8
12	0.816569605386019	a7	a17	a33	9
13	0.816587458336398	a7	a14
13	0.816592327322865	a7	a17
12	0.816628574222118	a7	a16	a33	10
13	0.816659411136409	a7	a16
12	0.81668267407175	a7	a15	a33	11
12	0.816722166961982	a7	a14	a33	12
13	0.816742724904842	a7	a15
12	0.816751380880783	a7	a17	a33	13
13	0.816804939731919	a7	a17
13	0.816808726721393	a7	a14
12	0.816816841698838	a7	a16	a33	14
13	0.816843891623654	a7	a16
12	0.816847678613129	a7	a15	a33	15
13	0.816863367569522	a7	a15
13	0.81711222687783	a6	a10
13	0.817158752748514	a8	a56
12	0.817523385735035	a8	a56	a50	0
12	0.819016541584884	a6	a10	a34	0
12	0.819123659287155	a7	a14	a35	0
12	0.819236727972887	a7	a17	a35	1
12	0.819291368821015	a7	a15	a35	2
12	0.819551589097746	a7	a16	a35	3
13	0.826711163198071	a7	a14
13	0.830748634976123	a7	a17
13	0.832577750892187	a7	a15
13	0.832796855283198	a7	a16
13	0.833298901887784	a6	a10
12	0.833334607788542	a6	a10	a36	0
12	0.833393035626144	a7	a14	a37	0
12	0.833494202344957	a7	a17	a37	1
12	0.83369815877807	a7	a15	a37	2
12	0.833800948492371	a7	a16	a37	3
13	0.833913476179606	a7	a14
13	0.834930012354195	a7	a16
13	0.837751860511011	a7	a17
13	0.838864694417945	a7	a15
13	0.838988042075107	a6	a10
12	0.840479574929466	a6	a10	a38	0
12	0.840535297774587	a7	a14	a39	0
12	0.840633218502422	a7	a17	a39	1
12	0.840670547398668	a7	a16	a39	2
12	0.840796059049815	a7	a15	a39	3
13	0.841462028198787	a7	a14
13	0.841828825179293	a7	a16
13	0.841874269052984	a7	a17
13	0.842014928662028	a7	a15
13	0.842146391296634	a6	a10
12	0.842188589179347	a6	a10	a40	0
12	0.842245394021461	a7	a14	a41	0
12	0.842429333510211	a7	a16	a41	1
12	0.842560255146321	a7	a17	a41	2
13	0.842565665131284	a7	a14
12	0.842637076932798	a7	a14	a41	3
13	0.843334423994557	a7	a16
13	0.843537298430678	a7	a14
13	0.843705548963034	a7	a17
13	0.843882455471332	a6	a10
12	0.844036640042783	a8	a57	a49	0
13	0.847819301529067	a8	a57
12	0.847892877324567	a8	a57	a54	0
12	0.848998678251049	a8	a58	a53	0
13	0.85596619788518	a8	a58
12	0.856008936766389	a8	a58	a52	0
13	0.85873881517883	a8	a58
12	0.858772898084098	a8	a58	a51	0
13	0.860281201891844	a8	a58
13	0.862012938078571	a8	a57
13	0.862066496929707	a8	a56
13	0.862214189519203	a8	a55
12	0.862467917813978	a8	a55	a46	0
12	0.862490639750823	a8	a56	a48	0
13	0.877123026080844	a8	a56
12	0.87722365180116	a6	a10	a20	0
12	0.877279374646281	a7	a14	a21	0
12	0.877381623362086	a7	a17	a21	1
12	0.877451412168112	a7	a16	a21	2
13	0.877457904150068	a7	a14
12	0.877517413984663	a7	a15	a21	3
13	0.877604514742571	a7	a17
13	0.877627777677913	a7	a16
13	0.877688910507997	a7	a15
13	0.877865276017798	a6	a10
12	0.877974557714055	a8	a56	a44	0
12	0.877994033659923	a8	a57	a43	0
12	0.878107102345654	a6	a10	a22	0
12	0.878219630032889	a7	a14	a23	0
12	0.878311058778767	a7	a17	a23	1
12	0.878349469672006	a7	a15	a23	2
13	0.878489588282554	a7	a14
12	0.878567492066024	a7	a14	a23	3
12	0.878626460902123	a7	a16	a23	4
13	0.878758464535226	a7	a17
13	0.878759005533722	a7	a15
13	0.878817433371325	a7	a14
12	0.878828794339748	a7	a17	a23	5
12	0.878876402207424	a7	a15	a23	6
12	0.878894796156299	a7	a14	a23	7
13	0.879077653648056	a7	a17
12	0.879136081485658	a7	a17	a23	8
13	0.879171246387919	a7	a16
12	0.879311905996963	a7	a16	a23	9
13	0.879387104787952	a7	a15
13	0.879446614622547	a7	a14
12	0.879462303578941	a7	a15	a23	10
12	0.879539666363915	a7	a14	a23	11
13	0.879556978315797	a7	a16
13	0.879563470297753	a7	a17
12	0.879607832174451	a7	a16	a23	12
12	0.87974632778951	a7	a17	a23	13
13	0.879874003434642	a7	a15
12	0.879941628246682	a7	a15	a23	14
13	0.879959481197061	a7	a16
13	0.879963809185031	a7	a14
12	0.880035761985042	a7	a16	a23	15
13	0.880220242472288	a7	a15
13	0.88023160344071	a7	a17
13	0.880575137485875	a7	a16
13	0.880723371073867	a6	a10
12	0.880838603753584	a6	a10	a24	0
12	0.880995493317517	a7	a14	a25	0
13	0.881021461245341	a7	a14
12	0.881041478189705	a7	a14	a25	1
13	0.881072315103995	a7	a14
12	0.881088545058885	a7	a14	a25	2
13	0.881122086965657	a7	a14
12	0.881138316920546	a7	a14	a25	3
13	0.881171858827318	a7	a14
13	0.881319010418318	a6	a10
12	0.881355257317571	a6	a10	a26	0
12	0.881443440072472	a7	a14	a27	0
13	0.881476440980748	a7	a14
12	0.881511064884512	a7	a14	a27	1
13	0.881548393780758	a7	a14
12	0.881564623735648	a7	a14	a27	2
13	0.881604657624376	a7	a14
12	0.881620346580769	a7	a14	a27	3
13	0.88165551148303	a7	a14
13	0.882070998328205	a6	a10
12	0.882165132066565	a6	a10	a22	0
12	0.882218149919205	a7	a14	a23	0
12	0.882322021630499	a7	a16	a23	1
13	0.88246159924255	a7	a14
12	0.882504338123759	a7	a14	a23	2
12	0.882553568986925	a7	a15	a23	3
12	0.882614701817009	a7	a17	a23	4
13	0.882640128746336	a7	a16
12	0.882693146598976	a7	a16	a23	5
13	0.882760771411016	a7	a14
12	0.882825150232078	a7	a14	a23	6
13	0.882899267026074	a7	a17
13	0.88291170999149	a7	a15
12	0.88298961377496	a7	a17	a23	7
13	0.883009089720828	a7	a16
12	0.883018827693761	a7	a15	a23	8
12	0.883070222550912	a7	a16	a23	9
13	0.883097813474224	a7	a14
12	0.88315732330882	a7	a14	a23	10
13	0.883286080950945	a7	a15
13	0.883291490935908	a7	a17
13	0.883337475808095	a7	a16
12	0.883356410755466	a7	a17	a23	11
12	0.883404018623143	a7	a15	a23	12
13	0.88341916658104	a7	a14
12	0.883440265522396	a7	a16	a23	13
12	0.883493824373532	a7	a14	a23	14
13	0.883655582923933	a7	a17
13	0.883680468854763	a7	a15
13	0.883709682773565	a7	a16
12	0.883759995633723	a7	a17	a23	15
13	0.883787586557035	a7	a14
13	0.884079725745049	a7	a17
13	0.884230123327026	a6	a10
13	0.884290715158614	a8	a57
12	0.884324257065386	a6	a10	a28	0
12	0.884465998671423	a7	a14	a29	0
13	0.88450170457218	a7	a14
12	0.88451793452707	a7	a14	a29	1
13	0.884550935435345	a7	a14
12	0.884568247387228	a7	a14	a29	2
13	0.884596920307533	a7	a14
12	0.884614232259415	a7	a14	a29	3
13	0.884644528175209	a7	a14
12	0.884660758130099	a7	a14	a29	4
13	0.884690513047396	a7	a14
12	0.884706743002286	a7	a14	a29	5
13	0.884735956921088	a7	a14
12	0.884771662821845	a7	a17	a29	6
12	0.884806827724106	a7	a14	a29	7
13	0.884837664638396	a7	a14
13	0.88489446948051	a7	a17
12	0.884922601402319	a7	a14	a29	8
13	0.884970750268491	a7	a14
12	0.884986439224885	a7	a15	a29	9
12	0.885014030148197	a7	a16	a29	10
12	0.885037293083539	a7	a17	a29	11
13	0.88508273695723	a7	a16
12	0.885083277955726	a7	a14	a29	12
13	0.885085441949712	a7	a15
13	0.885095720921142	a7	a17
13	0.885145492782803	a7	a14
12	0.885166050725663	a7	a16	a29	13
12	0.885209871603866	a7	a17	a29	14
13	0.885212576596347	a7	a16
12	0.885233134539207	a7	a15	a29	15
13	0.885280742406884	a7	a17
13	0.885291021378314	a7	a15
13	0.885469009883604	a6	a10
13	0.885481452849019	a8	a56
12	0.885700016241533	a8	a56	a42	0
12	0.885750870100188	a6	a10	a30	0
12	0.885829314882154	a7	a14	a31	0
13	0.885903972674647	a7	a14
12	0.885992696428044	a7	a14	a31	1
12	0.885993778425036	a7	a17	a31	2
12	0.886051665264143	a7	a15	a31	3
13	0.8860873711649	a7	a14
12	0.886149585991977	a7	a14	a31	4
13	0.886162569955889	a7	a17
13	0.886180963904764	a7	a15
13	0.886218833799506	a7	a14
12	0.88624480172733	a7	a16	a31	5
12	0.886292950593502	a7	a17	a31	6
12	0.886316213528844	a7	a15	a31	7
12	0.886339476464186	a7	a14	a31	8
13	0.886353001426594	a7	a16
13	0.886395199309307	a7	a17
13	0.886413593258182	a7	a15
13	0.886418462244649	a7	a14
12	0.886432528205553	a7	a16	a31	9
12	0.886508808993535	a7	a15	a31	10
13	0.886513677980002	a7	a16
12	0.886545596891285	a7	a14	a31	11
12	0.886575351808582	a7	a17	a31	12
13	0.886575351808582	a7	a15
12	0.886609975712347	a7	a16	a31	13
12	0.886662993564986	a7	a15	a31	14
13	0.886669485546942	a7	a14
13	0.886675436530402	a7	a16
13	0.886682469510854	a7	a17
13	0.886727372386049	a7	a15
12	0.886732782371012	a7	a14	a31	15
13	0.886841523068773	a7	a14
13	0.886964870725934	a6	a10
13	0.887075234419184	a8	a56
12	0.887097415357533	a8	a56	a45	0
12	0.887128252271823	a6	a10	a32	0
12	0.887163958172581	a7	a14	a33	0
13	0.88718018812747	a7	a14
12	0.887197500079353	a7	a14	a33	1
13	0.887214271032739	a7	a14
12	0.887231582984621	a7	a14	a33	2
13	0.887248894936503	a7	a14
12	0.887322470732003	a7	a14	a33	3
12	0.887332749703433	a7	a16	a33	4
13	0.887345192668848	a7	a14
13	0.887385767556073	a7	a16
12	0.887386308554569	a7	a14	a33	5
13	0.887404161504948	a7	a14
12	0.88750532822376	a7	a16	a33	6
13	0.887521017180153	a7	a16
12	0.887535624139554	a7	a14	a33	7
12	0.887545362112488	a7	a17	a33	8
13	0.887568084049333	a7	a14
12	0.887585936999712	a7	a15	a33	9
13	0.887587018996704	a7	a17
13	0.887643282840322	a7	a15
12	0.887649233823781	a7	a16	a33	10
13	0.887671414762131	a7	a16
12	0.887682234732057	a7	a17	a33	11
13	0.887702251676421	a7	a17
12	0.887717940632814	a7	a14	a33	12
12	0.887760679514024	a7	a15	a33	13
13	0.887776368470417	a7	a15
12	0.887780696458388	a7	a16	a33	14
13	0.887796385414781	a7	a16
13	0.887796926413277	a7	a14
12	0.887848862268924	a7	a17	a33	15
13	0.887872125204266	a7	a17
13	0.888118820518589	a6	a10
13	0.888164805390776	a8	a56
12	0.888540258347224	a8	a56	a50	0
12	0.890144318888819	a6	a10	a34	0
12	0.890215730690333	a7	a14	a35	0
12	0.890329881373057	a7	a16	a35	1
12	0.890401834173068	a7	a17	a35	2
12	0.890658267460325	a7	a15	a35	3
13	0.897808644586212	a7	a14
13	0.902994115173459	a7	a17
13	0.903418257994575	a7	a16
13	0.904071243179636	a7	a15
13	0.904245985693948	a6	a10
12	0.904275199612749	a6	a10	a36	0
12	0.904332545453359	a7	a14	a37	0
12	0.904402334259385	a7	a17	a37	1
12	0.904643619588745	a7	a16	a37	2
12	0.904722064370711	a7	a15	a37	3
13	0.905465937303154	a7	a14
13	0.905647712797918	a7	a15
13	0.908457117989318	a7	a17
13	0.909386553405999	a7	a16
13	0.90954236097294	a6	a10
12	0.91109123966791	a6	a10	a38	0
12	0.911153454494987	a7	a14	a39	0
12	0.911354164937123	a7	a16	a39	1
12	0.911456954651424	a7	a17	a39	2
12	0.911515382489027	a7	a15	a39	3
13	0.912001199138724	a7	a14
13	0.912424259962847	a7	a15
13	0.9124458999027	a7	a16
13	0.91246808084105	a7	a17
13	0.912687726230556	a6	a10
12	0.912719104143343	a6	a10	a40	0
12	0.912779695974931	a7	a14	a41	0
13	0.913076163150916	a7	a14
12	0.913140541971978	a7	a14	a41	1
12	0.913144328961452	a7	a16	a41	2
12	0.91320059280507	a7	a15	a41	3
13	0.914045632456325	a7	a14
13	0.914191702050332	a7	a16
13	0.914203604017251	a7	a15
13	0.914434069376684	a6	a10
12	0.914576892979713	a8	a57	a49	0
13	0.918339537521632	a8	a57
12	0.918427179278036	a8	a57	a54	0
12	0.919523242231585	a8	a58	a53	0
13	0.926471285919848	a8	a58
12	0.926507532819102	a8	a58	a52	0
13	0.929245526208987	a8	a58
12	0.929420268723299	a8	a58	a51	0
13	0.931009722305494	a8	a58
13	0.932768508417036	a8	a57
13	0.932822608266669	a8	a56
13	0.932969218859172	a8	a55
12	0.933218619165976	a8	a55	a46	0
12	0.933237554113348	a8	a56	a48	0
13	0.947769855721549	a8	a56
12	0.947865071456902	a6	a10	a20	0
12	0.947927286283979	a7	a14	a21	0
12	0.94807714286746	a7	a17	a21	1
13	0.948101487799794	a7	a14
12	0.948142603685515	a7	a16	a21	2
12	0.948177768587776	a7	a14	a21	3
13	0.948896755589388	a7	a17
13	0.948907034560818	a7	a14
13	0.949218108696203	a7	a16
13	0.949374998260136	a6	a10
12	0.949470213995489	a8	a56	a44	0
12	0.949490771938349	a8	a57	a43	0
12	0.949594102651147	a6	a10	a22	0
12	0.949715286314323	a7	a14	a23	0
12	0.949873257875249	a7	a16	a23	1
12	0.949971178603083	a7	a17	a23	2
13	0.949989031553462	a7	a14
12	0.950057197363999	a7	a14	a23	3
12	0.950156741087322	a7	a15	a23	4
13	0.950335811589604	a7	a14
13	0.950360697520435	a7	a16
13	0.950383419457281	a7	a17
12	0.950396403421192	a7	a14	a23	5
12	0.95045699525278	a7	a16	a23	6
12	0.950472143210677	a7	a17	a23	7
13	0.950492701153538	a7	a15
12	0.950553292985126	a7	a15	a23	8
13	0.950692329598681	a7	a14
13	0.950754544425758	a7	a16
12	0.950763741400195	a7	a14	a23	9
13	0.950799988299449	a7	a17
12	0.950823792233287	a7	a16	a23	10
13	0.950828661219754	a7	a15
12	0.950883843066379	a7	a17	a23	11
12	0.950913597983676	a7	a15	a23	12
13	0.951032076654371	a7	a14
12	0.951100783463404	a7	a14	a23	13
13	0.951105652449871	a7	a16
12	0.951163539288977	a7	a16	a23	14
13	0.951190589213793	a7	a15
13	0.951203573177705	a7	a17
12	0.951262001015308	a7	a17	a23	15
13	0.951361003740135	a7	a14
13	0.951427546555182	a7	a16
13	0.951579567132649	a7	a17
13	0.951738620690567	a6	a10
12	0.951852230374795	a6	a10	a24	0
12	0.951929593159769	a7	a14	a25	0
13	0.951960430074059	a7	a14
12	0.951976660028949	a7	a14	a25	1
13	0.952007496943239	a7	a14
12	0.952068088774827	a7	a14	a25	2
12	0.952077285749265	a7	a16	a25	3
13	0.952120024630474	a7	a14
13	0.952210912377856	a7	a16
13	0.95246626366812	a6	a10
12	0.952510084546322	a6	a10	a26	0
12	0.952580414350844	a7	a14	a27	0
13	0.95261341525912	a7	a14
12	0.952644793171907	a7	a14	a27	1
13	0.952681581069657	a7	a14
12	0.952712417983947	a7	a14	a27	2
13	0.952747582886208	a7	a14
12	0.95277517380952	a7	a14	a27	3
13	0.952811420708774	a7	a14
13	0.953157118747924	a6	a10
12	0.953269646435159	a6	a10	a22	0
12	0.953324287283287	a7	a14	a23	0
12	0.953488750826169	a7	a16	a23	1
13	0.953579097575055	a7	a14
12	0.953622918453257	a7	a14	a23	2
12	0.953728954158536	a7	a17	a23	3
12	0.953781972011175	a7	a15	a23	4
13	0.953857170802164	a7	a16
12	0.953925336612701	a7	a16	a23	5
13	0.95393128759616	a7	a14
12	0.953996207415719	a7	a14	a23	6
13	0.954084390170619	a7	a17
13	0.954087636161597	a7	a15
12	0.954156883969127	a7	a17	a23	7
12	0.954185556889432	a7	a15	a23	8
13	0.95426670666388	a7	a16
13	0.954276444636814	a7	a14
12	0.95432405250449	a7	a16	a23	9
12	0.954351643427803	a7	a14	a23	10
13	0.954429006212777	a7	a17
13	0.9544549741406	a7	a15
12	0.954489598044365	a7	a17	a23	11
12	0.954513942976699	a7	a15	a23	12
13	0.954596715746636	a7	a16
13	0.954620519680475	a7	a14
12	0.954654602585743	a7	a16	a23	13
12	0.954681652510559	a7	a14	a23	14
13	0.954758474297037	a7	a17
13	0.95477416325343	a7	a15
12	0.954851526038404	a7	a15	a23	15
13	0.954935380805334	a7	a14
13	0.954935380805334	a7	a16
13	0.955184240113642	a7	a15
13	0.955332473701634	a6	a10
13	0.95538603255277	a8	a57
12	0.955434181418943	a6	a10	a28	0
12	0.955538053130237	a7	a14	a29	0
13	0.955571595037009	a7	a14
12	0.955588365990395	a7	a14	a29	1
13	0.955628940877619	a7	a14
12	0.955645170832508	a7	a14	a29	2
13	0.955685745719733	a7	a14
12	0.955701975674622	a7	a14	a29	3
13	0.955733894585905	a7	a14
12	0.955750124540795	a7	a14	a29	4
13	0.955781502453582	a7	a14
12	0.955810716372383	a7	a15	a29	5
12	0.955845881274644	a7	a14	a29	6
13	0.955879423181416	a7	a14
13	0.955908096101721	a7	a15
12	0.955977884907746	a7	a14	a29	7
12	0.95600385283557	a7	a17	a29	8
13	0.956039017737831	a7	a14
12	0.956047132715276	a7	a15	a29	9
13	0.956075805635581	a7	a17
12	0.956087166604004	a7	a16	a29	10
12	0.956115839524309	a7	a14	a29	11
13	0.956120708510775	a7	a15
13	0.956148299434088	a7	a14
13	0.956160742399503	a7	a16
12	0.956188874321312	a7	a17	a29	12
12	0.956233777196507	a7	a14	a29	13
13	0.956234859193499	a7	a17
12	0.956246220161922	a7	a15	a29	14
12	0.956261909118316	a7	a16	a29	15
13	0.956285172053657	a7	a15
13	0.956285172053657	a7	a14
13	0.956316549966444	a7	a16
13	0.956533490363469	a6	a10
13	0.956545933328884	a8	a56
12	0.956766119716888	a8	a56	a42	0
12	0.956819137569527	a6	a10	a30	0
12	0.956888926375553	a7	a14	a31	0
12	0.956956010189097	a7	a16	a31	1
13	0.956957092186089	a7	a14
12	0.957027421990611	a7	a15	a31	2
12	0.957055012913924	a7	a14	a31	3
13	0.957122096727468	a7	a14
13	0.957158884625217	a7	a15
13	0.957159425623714	a7	a16
12	0.957187016547026	a7	a14	a31	4
12	0.957250313371096	a7	a16	a31	5
13	0.95725410036057	a7	a14
12	0.957273035307941	a7	a15	a31	6
12	0.957323889166596	a7	a14	a31	7
13	0.957342824113967	a7	a16
13	0.957387726989162	a7	a15
13	0.957413153918489	a7	a14
12	0.957418563903452	a7	a17	a31	8
12	0.957435334856838	a7	a16	a31	9
12	0.957499172679404	a7	a14	a31	10
13	0.957508910652338	a7	a16
12	0.957511615644819	a7	a15	a31	11
13	0.957524058610235	a7	a17
13	0.9575732894734	a7	a14
12	0.957585191440319	a7	a17	a31	12
13	0.957597093407238	a7	a15
12	0.957619274345587	a7	a16	a31	13
12	0.957672833196723	a7	a14	a31	14
13	0.957699883121539	a7	a16
12	0.957705293106503	a7	a15	a31	15
13	0.957706375103495	a7	a17
13	0.95776155695012	a7	a14
13	0.957812410808774	a7	a15
13	0.957997973293013	a6	a10
13	0.958106172992277	a8	a56
12	0.95813376391559	a8	a56	a45	0
12	0.958146747879501	a6	a10	a32	0
12	0.958276046520122	a7	a14	a33	0
13	0.958292276475012	a7	a14
12	0.958327441377273	a7	a16	a33	1
12	0.958368016264497	a7	a14	a33	2
13	0.958378836234423	a7	a16
12	0.958384246219387	a7	a17	a33	3
13	0.958385869214876	a7	a14
13	0.958439969064508	a7	a17
12	0.958456740017894	a7	a16	a33	4
13	0.958475674965265	a7	a16
12	0.958496773906622	a7	a14	a33	5
13	0.958515708853993	a7	a14
12	0.958528151819408	a7	a15	a33	6
12	0.958574677690092	a7	a16	a33	7
13	0.958593612637463	a7	a16
13	0.958595235632952	a7	a15
12	0.958617416571302	a7	a17	a33	8
13	0.958633105527695	a7	a17
12	0.958652581473562	a7	a14	a33	9
13	0.958670434423941	a7	a14
12	0.958725616270566	a7	a17	a33	10
13	0.958772683139746	a7	a17
12	0.958785667103658	a7	a16	a33	11
13	0.958803520054036	a7	a16
12	0.958820291007422	a7	a14	a33	12
13	0.958842471945771	a7	a14
12	0.958848422929231	a7	a15	a33	13
13	0.95886627587961	a7	a15
12	0.958883587831492	a7	a17	a33	14
13	0.958929572703679	a7	a17
12	0.958930113702176	a7	a14	a33	15
13	0.959031821419484	a7	a14
13	0.959175727019506	a6	a10
13	0.959222793888686	a8	a56
12	0.959587426875207	a8	a56	a50	0
12	0.961113583633331	a6	a10	a34	0
12	0.961210963362669	a7	a14	a35	0
12	0.961395443849915	a7	a15	a35	1
12	0.961467937648422	a7	a17	a35	2
12	0.961615630237918	a7	a16	a35	3
13	0.965701250882142	a7	a14
13	0.973276852826139	a7	a17
13	0.973382347532922	a7	a15
13	0.973925510023229	a7	a16
13	0.974543871304525	a6	a10
12	0.974579036206786	a6	a10	a36	0
12	0.974634759051907	a7	a14	a37	0
13	0.974923111250447	a7	a14
12	0.974941505199322	a7	a14	a37	1
12	0.975134100664012	a7	a17	a37	2
12	0.9751800855362	a7	a16	a37	3
13	0.975232021391846	a7	a14
13	0.976157128820557	a7	a16
13	0.976182555749884	a7	a17
13	0.976352429277729	a6	a10
12	0.977797977259902	a6	a10	a38	0
12	0.977854241103519	a7	a14	a39	0
12	0.978008425674971	a7	a16	a39	1
12	0.978201562138158	a7	a17	a39	2
12	0.978309220838926	a7	a15	a39	3
13	0.978690624778833	a7	a14
13	0.979126128568372	a7	a17
13	0.979129915557846	a7	a16
13	0.979268952171401	a7	a15
13	0.979433956712779	a6	a10
12	0.979476695593989	a6	a10	a40	0
12	0.979533500436103	a7	a14	a41	0
12	0.979739620863201	a7	a17	a41	1
12	0.979831590607576	a7	a16	a41	2
13	0.979905166403076	a7	a14
12	0.979978201200079	a7	a14	a41	3
13	0.98081945386186	a7	a16
13	0.98091358760022	a7	a14
13	0.980949293500977	a7	a17
13	0.981170561885973	a6	a10
12	0.981326369452914	a8	a57	a49	0
13	0.985023553176778	a8	a57
12	0.985101997958745	a8	a57	a54	0
12	0.986193732924323	a8	a58	a53	0
13	0.993118513677244	a8	a58
12	0.993160170561461	a8	a58	a52	0
13	0.995912229912251	a8	a58
12	0.995952804799475	a8	a58	a51	0
13	0.997533602405728	a8	a58
13	0.999240452661624	a8	a57
13	0.999294552511256	a8	a56
13	0.999442245100752	a8	a55
12	0.999487688974443	a8	a55	a50	0
12	1.00280238676141	a6	a10	a34	0
12	1.00288029054488	a7	a14	a35	0
12	1.00294304637045	a7	a15	a35	1
12	1.00306098404265	a7	a17	a35	2
12	1.00310047693288	a7	a16	a35	3
13	1.01026437902118	a7	a14
13	1.01516636639635	a7	a17
13	1.01604927594235	a7	a15
13	1.01615314765364	a7	a16
13	1.01690297156954	a6	a10
12	1.01695544842369	a6	a10	a36	0
12	1.01701495825828	a7	a14	a37	0
13	1.01729627747637	a7	a14
12	1.01731250743126	a7	a14	a37	1
12	1.01742936310647	a7	a15	a37	2
12	1.017497528917	a7	a17	a37	3
13	1.01757867869145	a7	a14
13	1.01889925602097	a7	a15
13	1.01898040579542	a7	a17
13	1.019116196418	a6	a10
12	1.02176979404246	a6	a10	a38	0
12	1.02183417286352	a7	a14	a39	0
12	1.02190558466503	a7	a16	a39	1
12	1.022057064244	a7	a15	a39	2
12	1.02227292264404	a7	a17	a39	3
13	1.02238761432526	a7	a14
13	1.02296756471331	a7	a16
13	1.02315096320357	a7	a15
13	1.02318721010282	a7	a17
13	1.02337223158856	a6	a10
12	1.0233960355224	a6	a10	a40	0
12	1.02345662735399	a7	a14	a41	0
12	1.02364705882469	a7	a16	a41	1
13	1.02376012751043	a7	a14
12	1.02384831026533	a7	a14	a41	2
12	1.02387319619616	a7	a15	a41	3
13	1.02469551391057	a7	a15
13	1.0248372555166	a7	a14
13	1.0249119133091	a7	a16
13	1.02505473691212	a6	a10
12	1.025220282452	a8	a56	a49	0
13	1.02902837086761	a8	a56
12	1.0290732737428	a8	a56	a54	0
12	1.03013687678657	a8	a57	a53	0
13	1.03694047387632	a8	a57
12	1.03696644180414	a8	a57	a52	0
13	1.03966548330229	a8	a57
12	1.03969577921809	a8	a57	a51	0
13	1.04126629785291	a8	a57
13	1.04297260711031	a8	a56
13	1.04303049394942	a8	a55
