%EventDef PajeDefineContainerType 0 
%       Alias string 
%       Type string 
%       Name string 
%EndEventDef 
%EventDef PajeDefineVariableType 1 
%       Alias string 
%       Type string 
%       Name string 
%       Color color 
%EndEventDef 
%EventDef PajeDefineStateType 2 
%       Alias string 
%       Type string 
%       Name string 
%EndEventDef 
%EventDef PajeDefineEventType 3 
%       Alias string 
%       Type string 
%       Name string 
%       Color color 
%EndEventDef 
%EventDef PajeDefineLinkType 4 
%       Alias string 
%       Type string 
%       StartContainerType string 
%       EndContainerType string 
%       Name string 
%EndEventDef 
%EventDef PajeDefineEntityValue 5 
%       Alias string 
%       Type string 
%       Name string 
%       Color color 
%EndEventDef 
%EventDef PajeCreateContainer 6 
%       Time date 
%       Alias string 
%       Type string 
%       Container string 
%       Name string 
%EndEventDef 
%EventDef PajeDestroyContainer 7 
%       Time date 
%       Type string 
%       Name string 
%EndEventDef 
%EventDef PajeSetVariable 8 
%       Time date 
%       Type string 
%       Container string 
%       Value double 
%EndEventDef
%EventDef PajeAddVariable 9 
%       Time date 
%       Type string 
%       Container string 
%       Value double 
%EndEventDef
%EventDef PajeSubVariable 10 
%       Time date 
%       Type string 
%       Container string 
%       Value double 
%EndEventDef
%EventDef PajeSetState 11 
%       Time date 
%       Type string 
%       Container string 
%       Value string 
%EndEventDef
%EventDef PajePushState 12 
%       Time date 
%       Type string 
%       Container string 
%       Value string 
%       Id string 
%EndEventDef
%EventDef PajePopState 13 
%       Time date 
%       Type string 
%       Container string 
%EndEventDef
%EventDef PajeResetState 14 
%       Time date 
%       Type string 
%       Container string 
%EndEventDef
%EventDef PajeStartLink 15 
%       Time date 
%       Type string 
%       Container string 
%       Value string 
%       StartContainer string 
%       Key string 
%EndEventDef
%EventDef PajeEndLink 16 
%       Time date 
%       Type string 
%       Container string 
%       Value string 
%       EndContainer string 
%       Key string 
%EndEventDef
%EventDef PajeNewEvent 17 
%       Time date 
%       Type string 
%       Container string 
%       Value string 
%EndEventDef
0	a1	0	"Task Manager"
0	a2	a1	"Node"
0	a3	a1	"Thread"
0	a4	a1	"Jobs"
0	a5	a1	"Memory usage"
2	a6	a4	"Job"
2	a7	a3	"Task"
2	a8	a3	"Timer state"
6	0	a9	a1	0	"The task manager"
6	0	a10	a4	a9	"Jobs"
6	0	a11	a5	a9	"Memory"
1	a12	a1	"Memory [MB]"	"1.0 1.0 1.0"
6	0	a13	a2	a9	"Node 0"
6	0	a14	a3	a13	"Thread 0"
6	0	a15	a3	a13	"Thread 1"
6	0	a16	a3	a13	"Thread 2"
6	0	a17	a3	a13	"Thread 3"
5	a18	a6	"ngcore::ParallelFor<int,ngcore::EnterTaskManager()::{lambda(int)#1}>(ngcore::T_Range<int>,ngcore::EnterTaskManager()::{lambda(int)#1},int,ngcore::TotalCosts)::{lambda(ngcore::TaskInfo&)#1}"	"0.630615054310908 1 0"
5	a19	a7	"ngcore::ParallelFor<int,ngcore::EnterTaskManager()::{lambda(int)#1}>(ngcore::T_Range<int>,ngcore::EnterTaskManager()::{lambda(int)#1},int,ngcore::TotalCosts)::{lambda(ngcore::TaskInfo&)#1}"	"0.630615054310908 1 0"
5	a20	a6	"ngcore::ParallelForRange<netgen::ElementIndex,netgen::MeshOptimize3d::SwapImprove(netgen::Mesh&,netgen::OPTIMIZEGOAL,netgen::NgBitArray const*)::{lambda(auto:1)#1}>(ngcore::T_Range<netgen::ElementIndex>,netgen::MeshOptimize3d::SwapImprove(netgen::Mesh&,netgen::OPTIMIZEGOAL,netgen::NgBitArray const*)::{lambda(auto:1)#1},int,ngcore::TotalCosts)::{lambda(ngcore::TaskInfo&)#1}"	"0.708022642579866 0 1"
5	a21	a7	"ngcore::ParallelForRange<netgen::ElementIndex,netgen::MeshOptimize3d::SwapImprove(netgen::Mesh&,netgen::OPTIMIZEGOAL,netgen::NgBitArray const*)::{lambda(auto:1)#1}>(ngcore::T_Range<netgen::ElementIndex>,netgen::MeshOptimize3d::SwapImprove(netgen::Mesh&,netgen::OPTIMIZEGOAL,netgen::NgBitArray const*)::{lambda(auto:1)#1},int,ngcore::TotalCosts)::{lambda(ngcore::TaskInfo&)#1}"	"0.708022642579866 0 1"
5	a22	a6	"ngcore::ParallelForRange<netgen::ElementIndex,ngcore::CreateTable<netgen::ElementIndex,netgen::PointIndex,ngcore::T_Range<netgen::ElementIndex>,netgen::Mesh::CreatePoint2ElementTable(std::optional<ngcore::BitArray>)const::{lambda(auto:1&,netgen::ElementIndex)#1}>(ngcore::T_Range<netgen::ElementIndex>const&,netgen::Mesh::CreatePoint2ElementTable(std::optional<ngcore::BitArray>)const::{lambda(auto:1&,netgen::ElementIndex)#1}const&,std::optional<unsigned long>)::{lambda(auto:1)#1}>(ngcore::T_Range<netgen::ElementIndex>,ngcore::Table,int,ngcore::TotalCosts)::{lambda(ngcore::TaskInfo&)#1}"	"0 0.230008221284954 1"
5	a23	a7	"ngcore::ParallelForRange<netgen::ElementIndex,ngcore::CreateTable<netgen::ElementIndex,netgen::PointIndex,ngcore::T_Range<netgen::ElementIndex>,netgen::Mesh::CreatePoint2ElementTable(std::optional<ngcore::BitArray>)const::{lambda(auto:1&,netgen::ElementIndex)#1}>(ngcore::T_Range<netgen::ElementIndex>const&,netgen::Mesh::CreatePoint2ElementTable(std::optional<ngcore::BitArray>)const::{lambda(auto:1&,netgen::ElementIndex)#1}const&,std::optional<unsigned long>)::{lambda(auto:1)#1}>(ngcore::T_Range<netgen::ElementIndex>,ngcore::Table,int,ngcore::TotalCosts)::{lambda(ngcore::TaskInfo&)#1}"	"0 0.230008221284954 1"
5	a24	a6	"ngcore::TablePrefixSum2<unsigned int>(ngcore::FlatArray<unsigned int,unsigned long>)::{lambda(ngcore::TaskInfo)#1}"	"0 0.312895337658212 1"
5	a25	a7	"ngcore::TablePrefixSum2<unsigned int>(ngcore::FlatArray<unsigned int,unsigned long>)::{lambda(ngcore::TaskInfo)#1}"	"0 0.312895337658212 1"
5	a26	a6	"ngcore::TablePrefixSum2<unsigned int>(ngcore::FlatArray<unsigned int,unsigned long>)::{lambda(ngcore::TaskInfo)#2}"	"0 1 0.887517304832004"
5	a27	a7	"ngcore::TablePrefixSum2<unsigned int>(ngcore::FlatArray<unsigned int,unsigned long>)::{lambda(ngcore::TaskInfo)#2}"	"0 1 0.887517304832004"
5	a28	a6	"ngcore::ParallelForRange<netgen::PointIndex,ngcore::CreateSortedTable<netgen::ElementIndex,netgen::PointIndex,ngcore::T_Range<netgen::ElementIndex>,netgen::Mesh::CreatePoint2ElementTable(std::optional<ngcore::BitArray>)const::{lambda(auto:1&,netgen::ElementIndex)#1}>(ngcore::T_Range<netgen::ElementIndex>const&,netgen::Mesh::CreatePoint2ElementTable(std::optional<ngcore::BitArray>)const::{lambda(auto:1&,netgen::ElementIndex)#1}const&,std::optional<unsigned long>)::{lambda(auto:1)#1}>(ngcore::T_Range<netgen::PointIndex>,ngcore::Table,int,ngcore::TotalCosts)::{lambda(ngcore::TaskInfo&)#1}"	"0 0.170427812303051 1"
5	a29	a7	"ngcore::ParallelForRange<netgen::PointIndex,ngcore::CreateSortedTable<netgen::ElementIndex,netgen::PointIndex,ngcore::T_Range<netgen::ElementIndex>,netgen::Mesh::CreatePoint2ElementTable(std::optional<ngcore::BitArray>)const::{lambda(auto:1&,netgen::ElementIndex)#1}>(ngcore::T_Range<netgen::ElementIndex>const&,netgen::Mesh::CreatePoint2ElementTable(std::optional<ngcore::BitArray>)const::{lambda(auto:1&,netgen::ElementIndex)#1}const&,std::optional<unsigned long>)::{lambda(auto:1)#1}>(ngcore::T_Range<netgen::PointIndex>,ngcore::Table,int,ngcore::TotalCosts)::{lambda(ngcore::TaskInfo&)#1}"	"0 0.170427812303051 1"
5	a30	a6	"ngcore::ParallelFor<unsigned long,netgen::BuildEdgeList<netgen::ElementIndex>(netgen::Mesh const&,ngcore::Table<netgen::ElementIndex,netgen::PointIndex>const&,ngcore::Array<std::tuple<netgen::PointIndex,netgen::PointIndex>,unsigned long>&)::{lambda(int)#1}>(ngcore::T_Range<unsigned long>,netgen::BuildEdgeList<netgen::ElementIndex>(netgen::Mesh const&,ngcore::Table<netgen::ElementIndex,netgen::PointIndex>const&,ngcore::Array<std::tuple<netgen::PointIndex,netgen::PointIndex>,unsigned long>&)::{lambda(int)#1},int,ngcore::TotalCosts)::{lambda(ngcore::TaskInfo&)#1}"	"1 0.872005992306398 0"
5	a31	a7	"ngcore::ParallelFor<unsigned long,netgen::BuildEdgeList<netgen::ElementIndex>(netgen::Mesh const&,ngcore::Table<netgen::ElementIndex,netgen::PointIndex>const&,ngcore::Array<std::tuple<netgen::PointIndex,netgen::PointIndex>,unsigned long>&)::{lambda(int)#1}>(ngcore::T_Range<unsigned long>,netgen::BuildEdgeList<netgen::ElementIndex>(netgen::Mesh const&,ngcore::Table<netgen::ElementIndex,netgen::PointIndex>const&,ngcore::Array<std::tuple<netgen::PointIndex,netgen::PointIndex>,unsigned long>&)::{lambda(int)#1},int,ngcore::TotalCosts)::{lambda(ngcore::TaskInfo&)#1}"	"1 0.872005992306398 0"
5	a32	a6	"ngcore::ParallelForRange<unsigned long,netgen::MeshOptimize3d::SwapImprove(netgen::Mesh&,netgen::OPTIMIZEGOAL,netgen::NgBitArray const*)::{lambda(auto:1)#2}>(ngcore::T_Range<unsigned long>,netgen::MeshOptimize3d::SwapImprove(netgen::Mesh&,netgen::OPTIMIZEGOAL,netgen::NgBitArray const*)::{lambda(auto:1)#2},int,ngcore::TotalCosts)::{lambda(ngcore::TaskInfo&)#1}"	"1 0.408375991137786 0"
5	a33	a7	"ngcore::ParallelForRange<unsigned long,netgen::MeshOptimize3d::SwapImprove(netgen::Mesh&,netgen::OPTIMIZEGOAL,netgen::NgBitArray const*)::{lambda(auto:1)#2}>(ngcore::T_Range<unsigned long>,netgen::MeshOptimize3d::SwapImprove(netgen::Mesh&,netgen::OPTIMIZEGOAL,netgen::NgBitArray const*)::{lambda(auto:1)#2},int,ngcore::TotalCosts)::{lambda(ngcore::TaskInfo&)#1}"	"1 0.408375991137786 0"
5	a34	a6	"ngcore::ParallelForRange<netgen::ElementIndex,netgen::Mesh::Compress()::{lambda(auto:1)#1}>(ngcore::T_Range<netgen::ElementIndex>,netgen::Mesh::Compress()::{lambda(auto:1)#1},int,ngcore::TotalCosts)::{lambda(ngcore::TaskInfo&)#1}"	"1 0.0611641584106637 0"
5	a35	a7	"ngcore::ParallelForRange<netgen::ElementIndex,netgen::Mesh::Compress()::{lambda(auto:1)#1}>(ngcore::T_Range<netgen::ElementIndex>,netgen::Mesh::Compress()::{lambda(auto:1)#1},int,ngcore::TotalCosts)::{lambda(ngcore::TaskInfo&)#1}"	"1 0.0611641584106637 0"
5	a36	a6	"ngcore::ParallelForRange<netgen::SurfaceElementIndex,netgen::Mesh::Compress()::{lambda(auto:1)#2}>(ngcore::T_Range<netgen::SurfaceElementIndex>,netgen::Mesh::Compress()::{lambda(auto:1)#2},int,ngcore::TotalCosts)::{lambda(ngcore::TaskInfo&)#1}"	"1 0 -2.77631980257023"
5	a37	a7	"ngcore::ParallelForRange<netgen::SurfaceElementIndex,netgen::Mesh::Compress()::{lambda(auto:1)#2}>(ngcore::T_Range<netgen::SurfaceElementIndex>,netgen::Mesh::Compress()::{lambda(auto:1)#2},int,ngcore::TotalCosts)::{lambda(ngcore::TaskInfo&)#1}"	"1 0 -2.77631980257023"
5	a38	a6	"ngcore::ParallelForRange<netgen::ElementIndex,netgen::Mesh::Compress()::{lambda(auto:1)#3}>(ngcore::T_Range<netgen::ElementIndex>,netgen::Mesh::Compress()::{lambda(auto:1)#3},int,ngcore::TotalCosts)::{lambda(ngcore::TaskInfo&)#1}"	"0.688034037288286 1 0"
5	a39	a7	"ngcore::ParallelForRange<netgen::ElementIndex,netgen::Mesh::Compress()::{lambda(auto:1)#3}>(ngcore::T_Range<netgen::ElementIndex>,netgen::Mesh::Compress()::{lambda(auto:1)#3},int,ngcore::TotalCosts)::{lambda(ngcore::TaskInfo&)#1}"	"0.688034037288286 1 0"
5	a40	a6	"ngcore::ParallelForRange<netgen::SurfaceElementIndex,netgen::Mesh::Compress()::{lambda(auto:1)#4}>(ngcore::T_Range<netgen::SurfaceElementIndex>,netgen::Mesh::Compress()::{lambda(auto:1)#4},int,ngcore::TotalCosts)::{lambda(ngcore::TaskInfo&)#1}"	"0 0.666479625428673 1"
5	a41	a7	"ngcore::ParallelForRange<netgen::SurfaceElementIndex,netgen::Mesh::Compress()::{lambda(auto:1)#4}>(ngcore::T_Range<netgen::SurfaceElementIndex>,netgen::Mesh::Compress()::{lambda(auto:1)#4},int,ngcore::TotalCosts)::{lambda(ngcore::TaskInfo&)#1}"	"0 0.666479625428673 1"
5	a42	a8	"Build edges"	"0 0.0614795051658243 1"
5	a43	a8	"CreateTable"	"0.608616351291681 0 1"
5	a44	a8	"CreateSortedTable"	"0 0.0381698166109086 1"
5	a45	a8	"MeshOptimize3d::SwapImprove loop"	"0.154668690207104 1 0"
5	a46	a8	"MeshOptimize3d::SwapImprove"	"1 0 -2.43968480148811"
5	a47	a8	"FreeOpenElementsEnvironment"	"0.907015785320433 0 1"
5	a48	a8	"Mesh::BuildBoundaryEdges"	"1 0 -2.61861416630415"
5	a49	a8	"Mesh::LinkSurfaceElements"	"0 1 0.171518596860468"
5	a50	a8	"Mesh::Compress"	"1 0.648677515017027 0"
5	a51	a8	"Mesh::CalcSurfacesOfNode, pointloop"	"0 0.319536079261344 1"
5	a52	a8	"Mesh::CalcSurfacesOfNode - surfelementht"	"0.690162641156969 0 1"
5	a53	a8	"Mesh::CalcSurfacesOfNode - surf on node"	"0.000515674241007069 1 0"
5	a54	a8	"Mesh::CalcSurfacesOfNode"	"1 0 -2.35340285344361"
6	0	a55	a3	a9	"Timer level 0"
6	0	a56	a3	a9	"Timer level 1"
6	0	a57	a3	a9	"Timer level 2"
6	0	a58	a3	a9	"Timer level 3"
4	a59	a2	a3	a3	"links"
8	0	a12	a11	0
12	0.132186490594325	a6	a10	a18	0
12	0.146270304449076	a7	a14	a19	0
13	0.146287075402462	a7	a14
12	0.146304387354344	a7	a14	a19	1
13	0.146309256340811	a7	a14
12	0.146334683270138	a7	a14	a19	2
13	0.146340634253597	a7	a14
12	0.146360651197961	a7	a14	a19	3
13	0.146466145904744	a7	a14
13	0.146623035468677	a6	a10
12	0.14858036802837	a8	a55	a47	0
13	0.187254727534941	a8	a55
12	0.187546325724459	a8	a55	a46	0
12	0.187649656437256	a8	a56	a48	0
13	0.187710789267341	a8	a56
12	0.189156878248009	a6	a10	a20	0
12	0.189222880064561	a7	a14	a21	0
12	0.18958048007063	a7	a15	a21	1
12	0.189612939980409	a7	a16	a21	2
12	0.189744673114263	a7	a17	a21	3
13	0.191095816858828	a7	a14
13	0.193649329761467	a7	a16
13	0.193851122200595	a7	a15
13	0.195653999689589	a7	a17
13	0.195786814820436	a6	a10
12	0.197008930423627	a8	a56	a44	0
12	0.197035980348443	a8	a57	a43	0
12	0.197477435121442	a6	a10	a22	0
12	0.197538567951526	a7	a14	a23	0
12	0.197719261449298	a7	a16	a23	1
12	0.197840445112474	a7	a15	a23	2
12	0.198026819094457	a7	a17	a23	3
13	0.19913397251718	a7	a14
12	0.199175629401397	a7	a14	a23	4
13	0.200116425786501	a7	a16
12	0.200174312625607	a7	a16	a23	5
13	0.200683933209142	a7	a15
12	0.200747230033212	a7	a15	a23	6
13	0.200868413696388	a7	a14
12	0.200934956511436	a7	a14	a23	7
13	0.20130202399119	a7	a17
12	0.201371271798719	a7	a17	a23	8
13	0.201986116589789	a7	a16
12	0.202052118406341	a7	a16	a23	9
13	0.202401603434965	a7	a15
12	0.202464359260538	a7	a15	a23	10
13	0.202585001925218	a7	a14
12	0.202657495723725	a7	a14	a23	11
13	0.20354960224416	a7	a16
12	0.203617768054697	a7	a16	a23	12
13	0.203952916623168	a7	a17
12	0.204020541435208	a7	a17	a23	13
13	0.204296721167581	a7	a14
12	0.204356772000672	a7	a14	a23	14
13	0.204578040385668	a7	a15
12	0.204641337209738	a7	a15	a23	15
13	0.205210467627868	a7	a16
13	0.205992210455054	a7	a14
13	0.206637351161918	a7	a17
13	0.206680360542375	a7	a15
13	0.20687674299654	a6	a10
12	0.207234343002609	a6	a10	a24	0
12	0.20730034481916	a7	a14	a25	0
12	0.207409085516921	a7	a15	a25	1
13	0.207427479465796	a7	a14
12	0.207508629240244	a7	a14	a25	2
12	0.207539195655287	a7	a17	a25	3
13	0.207575713053788	a7	a14
13	0.207681748759067	a7	a15
13	0.207862171757591	a7	a17
13	0.208021495814758	a6	a10
12	0.208116170551614	a6	a10	a26	0
12	0.208172975393728	a7	a14	a27	0
12	0.208279552097503	a7	a15	a27	1
13	0.208289290070437	a7	a14
12	0.208359078876463	a7	a14	a27	2
13	0.208461327592267	a7	a14
12	0.208477557547157	a7	a14	a27	3
13	0.208582511255444	a7	a14
13	0.208729121847947	a7	a15
13	0.208882224422406	a6	a10
12	0.209266333354795	a6	a10	a22	0
12	0.209323679195405	a7	a14	a23	0
12	0.209495175718739	a7	a16	a23	1
12	0.209814364831569	a7	a15	a23	2
12	0.209888752124813	a7	a17	a23	3
13	0.210754620218176	a7	a14
12	0.210798982094875	a7	a14	a23	4
13	0.211064612356569	a7	a16
12	0.211125745186653	a7	a16	a23	5
13	0.211416261379178	a7	a15
12	0.211481722197233	a7	a15	a23	6
13	0.212228841120654	a7	a14
13	0.212255079547725	a7	a17
12	0.212315400880065	a7	a14	a23	7
12	0.212333524329692	a7	a17	a23	8
13	0.212568588176344	a7	a16
12	0.212631344001917	a7	a16	a23	9
13	0.213034928880174	a7	a15
12	0.213093897716273	a7	a15	a23	10
13	0.213749046895319	a7	a14
12	0.213817212705855	a7	a14	a23	11
13	0.214074727990104	a7	a16
12	0.214137483815678	a7	a16	a23	12
13	0.214608152507478	a7	a15
13	0.214642505911994	a7	a17
12	0.21466820334057	a7	a15	a23	13
12	0.214720409695465	a7	a17	a23	14
13	0.215256809704568	a7	a14
12	0.215316319539163	a7	a14	a23	15
13	0.21556842483845	a7	a16
13	0.216657454811546	a7	a15
13	0.216793245434123	a7	a14
13	0.216917945587525	a7	a17
13	0.217092958601085	a6	a10
13	0.217348309891349	a8	a57
12	0.217380228802632	a6	a10	a28	0
12	0.217455968592117	a7	a14	a29	0
13	0.217664794011697	a7	a14
12	0.217681564965083	a7	a14	a29	1
12	0.21778651867337	a7	a15	a29	2
13	0.217789764664348	a7	a14
12	0.217863881458344	a7	a16	a29	3
12	0.217904456345568	a7	a14	a29	4
12	0.217952334712492	a7	a17	a29	5
13	0.218022394017766	a7	a14
12	0.218080821855369	a7	a14	a29	6
13	0.218084067846347	a7	a15
12	0.218156020646358	a7	a15	a29	7
13	0.218160348634328	a7	a16
12	0.218223104459902	a7	a16	a29	8
13	0.218253941374192	a7	a15
12	0.218315074204276	a7	a15	a29	9
13	0.218323189181721	a7	a16
12	0.218385945007294	a7	a16	a29	10
13	0.21840866694414	a7	a14
13	0.218409207942636	a7	a15
13	0.218456545311065	a7	a17
12	0.218463307792269	a7	a14	a29	11
12	0.218493062709566	a7	a15	a29	12
13	0.218506046673478	a7	a16
12	0.218576376478	a7	a16	a29	13
12	0.21857935196973	a7	a17	a29	14
13	0.218582868459956	a7	a14
12	0.218641296297558	a7	a14	a29	15
13	0.218655903256959	a7	a15
13	0.218694855148694	a7	a16
13	0.218736512032911	a7	a14
13	0.218863917178795	a7	a17
13	0.219002683293102	a6	a10
13	0.21903081521491	a8	a56
12	0.219961332628584	a8	a56	a42	0
12	0.220167994054179	a6	a10	a30	0
12	0.220311358655705	a7	a14	a31	0
12	0.220442009792566	a7	a17	a31	1
12	0.220633793759512	a7	a15	a31	2
13	0.220648400718913	a7	a14
12	0.220727386499376	a7	a16	a31	3
12	0.220745239449755	a7	a14	a31	4
13	0.220924850950534	a7	a14
12	0.220942162902416	a7	a14	a31	5
13	0.220975163810692	a7	a15
12	0.221041165627243	a7	a15	a31	6
13	0.22106361706484	a7	a17
13	0.221101757458831	a7	a16
13	0.221118528412217	a7	a14
12	0.221156398306959	a7	a16	a31	7
12	0.221176144752075	a7	a17	a31	8
12	0.221202924177643	a7	a14	a31	9
13	0.221217531137044	a7	a15
12	0.221305713891944	a7	a15	a31	10
13	0.221341960791198	a7	a16
13	0.221386322667896	a7	a14
12	0.221418782577676	a7	a16	a31	11
13	0.221459627964148	a7	a17
12	0.221465849446856	a7	a14	a31	12
13	0.221488030385205	a7	a15
12	0.22151967879724	a7	a17	a31	13
12	0.221546458222808	a7	a15	a31	14
13	0.221587033110032	a7	a16
13	0.221634640977708	a7	a14
12	0.221648165940116	a7	a16	a31	15
13	0.221714167756667	a7	a15
13	0.221818850965706	a7	a17
13	0.221820203461947	a7	a16
13	0.222126949609361	a6	a10
13	0.222472106650015	a8	a56
12	0.222629537212444	a8	a56	a45	0
12	0.222740982902687	a6	a10	a32	0
12	0.222854051588418	a7	a14	a33	0
13	0.223095877916274	a7	a14
12	0.223146731774928	a7	a14	a33	1
13	0.223186765663656	a7	a14
12	0.223212733591479	a7	a15	a33	2
12	0.22327007943209	a7	a14	a33	3
13	0.223287932382468	a7	a14
12	0.223341220734356	a7	a17	a33	4
13	0.223383148117821	a7	a15
12	0.223383689116317	a7	a16	a33	5
12	0.223393427089251	a7	a14	a33	6
13	0.22341128003963	a7	a14
12	0.223461051901291	a7	a15	a33	7
13	0.223464027393021	a7	a17
12	0.223488101826107	a7	a14	a33	8
13	0.223488101826107	a7	a16
13	0.223504872779493	a7	a14
13	0.22351569274942	a7	a15
12	0.223560054626118	a7	a16	a33	9
12	0.223577637077249	a7	a17	a33	10
13	0.223596842523868	a7	a16
12	0.223600629513342	a7	a14	a33	11
13	0.223609014990035	a7	a17
13	0.223635794415603	a7	a14
12	0.223642286397559	a7	a15	a33	12
12	0.223688271269746	a7	a16	a33	13
12	0.223698279741928	a7	a17	a33	14
13	0.223709911209599	a7	a16
13	0.223724247669752	a7	a17
12	0.223780782012617	a7	a14	a33	15
13	0.223799175961492	a7	a14
13	0.224130808039738	a7	a15
13	0.224249827708929	a6	a10
13	0.224387782325491	a8	a56
12	0.225193870085011	a8	a56	a50	0
12	0.237357680276314	a6	a10	a34	0
12	0.237453437010163	a7	a14	a35	0
12	0.237709329298924	a7	a16	a35	1
12	0.23780697952751	a7	a17	a35	2
12	0.23789380978617	a7	a15	a35	3
13	0.314682054357122	a7	a14
13	0.315728345449008	a7	a16
13	0.31699157693792	a7	a15
13	0.317639963635762	a7	a17
13	0.317968079223781	a6	a10
12	0.318493929762206	a6	a10	a36	0
12	0.318559931578758	a7	a14	a37	0
12	0.319039256246499	a7	a15	a37	1
12	0.319058732192367	a7	a16	a37	2
12	0.319385765783393	a7	a17	a37	3
13	0.3387786683818	a7	a16
13	0.340215560388031	a7	a14
13	0.340228273852695	a7	a17
13	0.342325995522183	a7	a15
13	0.342432572225959	a6	a10
12	0.366266801979921	a6	a10	a38	0
12	0.366371755688207	a7	a14	a39	0
12	0.366770471579996	a7	a16	a39	1
12	0.366808882473235	a7	a15	a39	2
12	0.36688759775445	a7	a17	a39	3
13	0.372314083171808	a7	a14
13	0.373300323430603	a7	a16
13	0.37412588713599	a7	a15
13	0.376773263277742	a7	a17
13	0.376938538318368	a6	a10
12	0.377066754961997	a6	a10	a40	0
12	0.377128969789074	a7	a14	a41	0
12	0.377548243623723	a7	a15	a41	1
12	0.377576375545532	a7	a16	a41	2
12	0.378526098405825	a7	a17	a41	3
13	0.379230748947285	a7	a14
13	0.380970600111456	a7	a15
13	0.381479138697999	a7	a16
13	0.382322825853013	a7	a17
13	0.382520560803419	a6	a10
12	0.383196267925325	a8	a57	a49	0
13	0.417099020694336	a8	a57
12	0.41720289240563	a8	a57	a54	0
12	0.448299485974218	a8	a58	a53	0
13	0.477657851374124	a8	a58
12	0.477697885262852	a8	a58	a52	0
13	0.500443626042214	a8	a58
12	0.500547497753508	a8	a58	a51	0
13	0.530247774203089	a8	a58
13	0.537484711088389	a8	a57
13	0.537879639990704	a8	a56
13	0.538342193705059	a8	a55
12	0.540303854252723	a8	a55	a46	0
12	0.540418004935447	a8	a56	a48	0
13	0.612850129614014	a8	a56
12	0.613298076368969	a6	a10	a20	0
12	0.613393292104321	a7	a14	a21	0
12	0.613489589836667	a7	a15	a21	1
12	0.613546665178029	a7	a17	a21	2
12	0.613616724483302	a7	a16	a21	3
13	0.615329525722658	a7	a14
13	0.616306028008519	a7	a15
13	0.616557051310812	a7	a16
13	0.616676882477748	a7	a17
13	0.616824304567996	a6	a10
12	0.617237627419186	a8	a56	a44	0
12	0.617269005331972	a8	a57	a43	0
12	0.617713706095949	a6	a10	a22	0
12	0.617853283708	a7	a14	a23	0
12	0.618038305193742	a7	a16	a23	1
12	0.618181940294516	a7	a17	a23	2
12	0.618263360568212	a7	a15	a23	3
13	0.619404326396955	a7	a14
12	0.619464377230047	a7	a14	a23	4
13	0.619797091305285	a7	a16
12	0.619871749097777	a7	a16	a23	5
13	0.620020253185018	a7	a17
12	0.620082468012095	a7	a17	a23	6
13	0.620634556977591	a7	a15
12	0.620691361819705	a7	a15	a23	7
13	0.621165276502483	a7	a14
12	0.621232360316027	a7	a14	a23	8
13	0.621367609940108	a7	a16
12	0.621442808731096	a7	a16	a23	9
13	0.6217584813537	a7	a17
12	0.621820696180777	a7	a17	a23	10
13	0.622343571227473	a7	a15
12	0.622404704057557	a7	a15	a23	11
13	0.622782862006486	a7	a14
12	0.622854273808001	a7	a14	a23	12
13	0.622945702553879	a7	a16
12	0.623009540376445	a7	a16	a23	13
13	0.62332791799153	a7	a17
12	0.623389050821615	a7	a17	a23	14
13	0.624149965206692	a7	a15
12	0.624208393044295	a7	a15	a23	15
13	0.624481597284937	a7	a16
13	0.624583305002246	a7	a14
13	0.624974717414335	a7	a17
13	0.625966638157341	a7	a15
13	0.626094854800969	a6	a10
12	0.626415125910792	a6	a10	a24	0
12	0.626490324701781	a7	a14	a25	0
13	0.626574720467207	a7	a14
12	0.626590950422097	a7	a14	a25	1
13	0.626645050271729	a7	a14
12	0.62670510110482	a7	a15	a25	2
12	0.626727823041666	a7	a14	a25	3
13	0.626780840894306	a7	a14
13	0.626877138626651	a7	a15
13	0.627137899901878	a6	a10
12	0.627223918662793	a6	a10	a26	0
12	0.627274772521448	a7	a14	a27	0
13	0.627390005201164	a7	a14
12	0.627483868440276	a7	a17	a27	1
12	0.627515516852311	a7	a16	a27	2
12	0.627533910801186	a7	a14	a27	3
13	0.627635077519998	a7	a14
13	0.627899355285451	a7	a17
13	0.627922888720041	a7	a16
13	0.628362720497551	a6	a10
12	0.62868948358933	a6	a10	a22	0
12	0.628748993423925	a7	a14	a23	0
12	0.628876398569809	a7	a17	a23	1
12	0.629001098723211	a7	a16	a23	2
12	0.629024902657049	a7	a15	a23	3
13	0.630208066368505	a7	a14
12	0.630287593147465	a7	a14	a23	4
13	0.630611110248265	a7	a16
12	0.630674407072335	a7	a16	a23	5
13	0.63069875200467	a7	a15
12	0.630758261839265	a7	a15	a23	6
13	0.631280054888968	a7	a17
12	0.631350384693489	a7	a17	a23	7
13	0.63173422312663	a7	a14
12	0.631795355956714	a7	a14	a23	8
13	0.632095069123677	a7	a16
12	0.63217838289211	a7	a16	a23	9
13	0.632381257328231	a7	a15
12	0.632439144167337	a7	a15	a23	10
13	0.633228460973471	a7	a14
12	0.633277691836637	a7	a14	a23	11
13	0.633613110904356	a7	a16
12	0.633675866729929	a7	a16	a23	12
13	0.633716712116402	a7	a17
12	0.633786500922427	a7	a17	a23	13
13	0.634154109400678	a7	a15
12	0.634210914242792	a7	a15	a23	14
13	0.634863899427853	a7	a14
12	0.634939098218841	a7	a14	a23	15
13	0.635118168721124	a7	a16
13	0.635866369641537	a7	a15
13	0.636133352399472	a7	a17
13	0.636472828955914	a7	a14
13	0.636554519728859	a6	a10
13	0.636757935163476	a8	a57
12	0.636786067085285	a6	a10	a28	0
12	0.636819608992057	a7	a14	a29	0
13	0.636961891596589	a7	a14
12	0.637014368450733	a7	a15	a29	1
12	0.637109043187589	a7	a16	a29	2
12	0.637122027151501	a7	a14	a29	3
12	0.637162331539477	a7	a17	a29	4
13	0.637239423825202	a7	a14
12	0.637255112781596	a7	a14	a29	5
13	0.637267555747011	a7	a16
13	0.637350328516949	a7	a14
13	0.63736628797259	a7	a17
13	0.661107736484433	a7	a15
12	0.661120720448345	a7	a16	a29	6
12	0.661179148285947	a7	a15	a29	8
12	0.661181312279933	a7	a14	a29	7
13	0.661325758878451	a7	a15
13	0.661328463870932	a7	a16
12	0.661391760695002	a7	a16	a29	9
12	0.661414482631847	a7	a15	a29	10
13	0.661456139516064	a7	a14
13	0.661495632406296	a7	a16
13	0.661535125296527	a7	a15
12	0.661550273254424	a7	a14	a29	11
12	0.661567585206307	a7	a16	a29	12
12	0.661627095040902	a7	a15	a29	13
13	0.661666587931133	a7	a16
12	0.661727720761218	a7	a16	a29	14
13	0.66174070472513	a7	a14
13	0.6617450327131	a7	a15
12	0.661819690505593	a7	a14	a29	15
13	0.661821854499578	a7	a16
13	0.662029597922166	a7	a14
13	0.662631188250076	a6	a10
13	0.662722616995954	a8	a56
12	0.664737836394753	a8	a56	a42	0
12	0.665991329910732	a6	a10	a30	0
12	0.666144432485191	a7	a14	a31	0
12	0.666322420990481	a7	a15	a31	1
12	0.66647985155291	a7	a16	a31	2
12	0.666533139904798	a7	a17	a31	3
13	0.666625380148421	a7	a15
13	0.666649184082259	a7	a14
12	0.666714644900314	a7	a15	a31	4
12	0.666739530831145	a7	a14	a31	5
13	0.66674764580859	a7	a16
13	0.666810672133411	a7	a17
12	0.66682554959206	a7	a16	a31	6
12	0.666877755946955	a7	a17	a31	7
13	0.666947274253732	a7	a15
13	0.666979734163512	a7	a14
13	0.666999751107876	a7	a16
12	0.667018686055247	a7	a15	a31	8
13	0.667056826449238	a7	a17
12	0.667070080912398	a7	a14	a31	9
12	0.667146091201131	a7	a17	a31	11
12	0.667146902698875	a7	a16	a31	10
13	0.667205871534974	a7	a15
12	0.667263217375585	a7	a15	a31	12
13	0.66732570270191	a7	a17
13	0.667351400130485	a7	a16
13	0.667377909056805	a7	a14
12	0.667417942945533	a7	a16	a31	13
12	0.667437148392152	a7	a17	a31	14
13	0.667441746879371	a7	a15
12	0.667466632810202	a7	a14	a31	15
13	0.667592144461348	a7	a16
13	0.667631366852332	a7	a17
13	0.667737132058363	a7	a14
13	0.667854528732065	a6	a10
13	0.668332230404317	a8	a56
12	0.6684377251111	a8	a56	a45	0
12	0.668532399847956	a6	a10	a32	0
12	0.66862004160436	a7	a14	a33	0
13	0.668669813466022	a7	a14
12	0.668714716341216	a7	a14	a33	1
13	0.668742307264529	a7	a14
12	0.668745282756259	a7	a17	a33	2
12	0.668775849171301	a7	a14	a33	3
13	0.668809391078073	a7	a14
12	0.668825080034466	a7	a14	a33	4
13	0.668847260972815	a7	a14
12	0.668863490927705	a7	a14	a33	5
13	0.668886212864551	a7	a14
12	0.66890244281944	a7	a14	a33	6
13	0.668924623757789	a7	a14
13	0.668928681246512	a7	a17
12	0.669004691535245	a7	a14	a33	7
12	0.66906420136984	a7	a15	a33	8
12	0.669092603790897	a7	a17	a33	9
13	0.669096120281124	a7	a14
13	0.669117489721728	a7	a17
13	0.669135613171355	a7	a15
12	0.669215680948811	a7	a14	a33	10
12	0.6692319109037	a7	a16	a33	11
13	0.669251927848064	a7	a14
12	0.669276002281151	a7	a17	a33	12
13	0.669297912720252	a7	a16
13	0.6692981832195	a7	a17
12	0.669302240708222	a7	a15	a33	13
12	0.669319011661608	a7	a14	a33	14
13	0.66933632361349	a7	a15
13	0.669337946608979	a7	a14
12	0.669386095475152	a7	a16	a33	15
13	0.669412604401472	a7	a16
13	0.669647938747372	a6	a10
13	0.669792926344386	a8	a56
12	0.671632862230377	a8	a56	a50	0
12	0.686666128446173	a6	a10	a34	0
12	0.686760803183029	a7	a14	a35	0
12	0.686894970810117	a7	a16	a35	1
12	0.68701967096352	a7	a17	a35	2
12	0.687136797137973	a7	a15	a35	3
13	0.746305261682214	a7	a14
13	0.747894715264408	a7	a15
13	0.748440582747197	a7	a16
13	0.748904488957793	a7	a17
13	0.749056239036011	a6	a10
12	0.749300770356349	a6	a10	a36	0
12	0.749362985183426	a7	a14	a37	0
12	0.749444134957874	a7	a16	a37	1
12	0.749644033902265	a7	a17	a37	2
12	0.749676764311293	a7	a15	a37	3
13	0.755534425530219	a7	a17
13	0.756152516312267	a7	a15
13	0.757044622832702	a7	a14
13	0.771367017024331	a7	a16
13	0.772395455165839	a6	a10
12	0.779632933049635	a6	a10	a38	0
12	0.779747083732359	a7	a14	a39	0
12	0.779897210815088	a7	a17	a39	1
12	0.780114421711361	a7	a15	a39	2
12	0.780211801440699	a7	a16	a39	3
13	0.785542800623456	a7	a14
13	0.786718390355964	a7	a16
13	0.786957782190586	a7	a17
13	0.787193928034231	a7	a15
13	0.78732647266583	a6	a10
12	0.787407081441782	a6	a10	a40	0
12	0.787470919264348	a7	a14	a41	0
12	0.787611308374143	a7	a17	a41	1
12	0.787789567378681	a7	a16	a41	2
12	0.787866930163655	a7	a15	a41	3
13	0.789519680569919	a7	a14
13	0.791475931132619	a7	a15
13	0.791969321761265	a7	a16
13	0.792095644910156	a7	a17
13	0.792253886970331	a6	a10
12	0.79289821617945	a8	a57	a49	0
13	0.812322226191395	a8	a57
12	0.812428802895171	a8	a57	a54	0
12	0.81653119449278	a8	a58	a53	0
13	0.844048542009702	a8	a58
12	0.844103182857831	a8	a58	a52	0
13	0.858647386432952	a8	a58
12	0.858711224255518	a8	a58	a51	0
13	0.86747594089443	a8	a58
13	0.874240045093944	a8	a57
13	0.874408295626301	a8	a56
13	0.874607383072947	a8	a55
12	0.875919845425024	a8	a55	a46	0
12	0.875972863277664	a8	a56	a48	0
13	0.94569133949868	a8	a56
12	0.946005118626547	a6	a10	a20	0
12	0.946089514391973	a7	a14	a21	0
12	0.946179861140859	a7	a16	a21	1
12	0.946251543441621	a7	a17	a21	2
12	0.946520690193542	a7	a15	a21	3
13	0.947724411847858	a7	a14
13	0.948947068449546	a7	a16
13	0.949364989787954	a7	a17
13	0.949558937748886	a7	a15
13	0.949693105375974	a6	a10
12	0.950037180419635	a8	a56	a44	0
12	0.950054492371517	a8	a57	a43	0
12	0.950488373165567	a6	a10	a22	0
12	0.950559243968585	a7	a14	a23	0
12	0.95064093474153	a7	a15	a23	1
12	0.950931991932551	a7	a16	a23	2
12	0.950938213415259	a7	a17	a23	3
13	0.952092433707162	a7	a14
12	0.952134090591379	a7	a14	a23	4
13	0.952651014654614	a7	a17
13	0.952686450056123	a7	a16
12	0.952747041887711	a7	a16	a23	5
12	0.952749476380945	a7	a17	a23	6
13	0.952999147186998	a7	a15
12	0.953061903012571	a7	a15	a23	7
13	0.953684592281837	a7	a14
12	0.953755463084856	a7	a14	a23	8
13	0.954258591686435	a7	a16
13	0.954302683063885	a7	a17
12	0.954331626483439	a7	a16	a23	9
12	0.954389783821793	a7	a17	a23	10
13	0.95488885493465	a7	a15
12	0.954953233755713	a7	a15	a23	11
13	0.9553081287693	a7	a14
12	0.955383327560289	a7	a14	a23	12
13	0.955868062212993	a7	a16
13	0.955895923635554	a7	a17
12	0.955973556919776	a7	a16	a23	13
12	0.955978696405491	a7	a17	a23	14
13	0.956646018050704	a7	a15
12	0.95669957690184	a7	a15	a23	15
13	0.957000372065795	a7	a14
13	0.957465089774136	a7	a16
13	0.957537313073395	a7	a17
13	0.958349622315622	a7	a15
13	0.958480002953236	a6	a10
12	0.958765109160797	a6	a10	a24	0
12	0.958824077996897	a7	a14	a25	0
13	0.958913883747286	a7	a14
12	0.958929572703679	a7	a14	a25	1
13	0.958993410526245	a7	a14
12	0.959064551828512	a7	a17	a25	2
12	0.959111348198443	a7	a14	a25	3
13	0.95922955636989	a7	a17
13	0.959238482845079	a7	a14
13	0.959360748505248	a6	a10
12	0.959417553347362	a6	a10	a26	0
12	0.959466784210527	a7	a14	a27	0
13	0.959607443819571	a7	a14
12	0.959627460763935	a7	a14	a27	1
13	0.959735660463199	a7	a14
12	0.959764874382	a7	a16	a27	2
12	0.959779481341401	a7	a15	a27	3
13	0.959949895867743	a7	a16
13	0.959987765762485	a7	a15
13	0.960123556385062	a6	a10
12	0.960479533395642	a6	a10	a22	0
12	0.96057096214152	a7	a14	a23	0
12	0.960827665928025	a7	a17	a23	1
12	0.960935595128041	a7	a16	a23	2
12	0.96101079391903	a7	a15	a23	3
13	0.962007313149255	a7	a14
12	0.962060331001895	a7	a14	a23	4
13	0.962367347648557	a7	a17
12	0.962430103474131	a7	a17	a23	5
13	0.962452554911728	a7	a16
12	0.962515851735798	a7	a16	a23	6
13	0.962726841149363	a7	a15
12	0.962790678971929	a7	a15	a23	7
13	0.963507501979556	a7	a14
12	0.963579454779567	a7	a14	a23	8
13	0.96390107838563	a7	a17
12	0.963963293212707	a7	a17	a23	9
13	0.964013876572113	a7	a16
12	0.964075009402198	a7	a16	a23	10
13	0.964324409709002	a7	a15
12	0.964393657516531	a7	a15	a23	11
13	0.96500877280685	a7	a14
12	0.965075315621897	a7	a14	a23	12
13	0.96544562909263	a7	a17
12	0.965504056930232	a7	a17	a23	13
13	0.965552476295653	a7	a16
12	0.965628216085138	a7	a16	a23	14
13	0.965931716241575	a7	a15
12	0.966000423050608	a7	a15	a23	15
13	0.96652086360407	a7	a14
13	0.966990179799629	a7	a17
13	0.967099190996638	a7	a16
13	0.967536317781666	a7	a15
13	0.96768130537868	a6	a10
13	0.967808981023812	a8	a57
12	0.967840899935095	a6	a10	a28	0
12	0.967889589799764	a7	a14	a29	0
13	0.968025380422341	a7	a14
12	0.96810057921333	a7	a14	a29	1
12	0.968176048503567	a7	a17	a29	2
12	0.968258550774256	a7	a16	a29	3
12	0.968276944723131	a7	a15	a29	4
13	0.968278026720123	a7	a14
12	0.968354848506601	a7	a14	a29	5
13	0.968369184966754	a7	a17
13	0.968418145330671	a7	a15
13	0.968428424302101	a7	a16
12	0.968447088750224	a7	a17	a29	6
13	0.968458179219399	a7	a14
12	0.968481983153237	a7	a15	a29	7
12	0.968519853047979	a7	a16	a29	8
13	0.968549337466029	a7	a17
12	0.968565837920167	a7	a14	a29	9
13	0.968597215832953	a7	a15
12	0.968616962278069	a7	a17	a29	10
13	0.968654561673564	a7	a16
13	0.968678365607402	a7	a14
12	0.968678906605898	a7	a15	a29	11
13	0.968724620978837	a7	a17
12	0.968760597378843	a7	a14	a29	12
12	0.968784401312681	a7	a16	a29	13
13	0.968793057288622	a7	a15
12	0.968808475745767	a7	a17	a29	14
12	0.968865010088633	a7	a15	a29	15
13	0.968865010088633	a7	a14
13	0.968900174990894	a7	a16
13	0.96892424942398	a7	a17
13	0.968968881799927	a7	a15
13	0.969153903285669	a6	a10
13	0.969180412211989	a8	a56
12	0.969733853673726	a8	a56	a42	0
12	0.969845840362465	a6	a10	a30	0
12	0.969934564115861	a7	a14	a31	0
12	0.970024099367003	a7	a17	a31	1
12	0.970123913589574	a7	a15	a31	2
13	0.970160160488828	a7	a14
12	0.970229408296357	a7	a14	a31	3
13	0.97031569755652	a7	a17
13	0.970340853986599	a7	a15
12	0.970408208299391	a7	a17	a31	4
13	0.970421462762551	a7	a14
12	0.970438774714434	a7	a16	a31	5
12	0.970482054594139	a7	a15	a31	6
12	0.970505317529481	a7	a14	a31	7
13	0.970581868816711	a7	a17
12	0.970653821616722	a7	a17	a31	8
13	0.970655174112962	a7	a15
13	0.970659502100933	a7	a16
13	0.970702240982142	a7	a14
12	0.97072604491598	a7	a15	a31	9
12	0.970777439773131	a7	a16	a31	10
12	0.970803407700955	a7	a14	a31	11
13	0.970822072149078	a7	a17
12	0.970908090909993	a7	a17	a31	12
13	0.970914853391197	a7	a15
13	0.970955428278421	a7	a16
12	0.970969494239325	a7	a15	a31	13
13	0.970999249156623	a7	a14
12	0.971038742046855	a7	a16	a31	14
12	0.971074988946108	a7	a14	a31	15
13	0.971082833424305	a7	a17
13	0.971159925710031	a7	a15
13	0.971206992579211	a7	a16
13	0.97124973146042	a7	a14
13	0.971380112098034	a6	a10
13	0.971610036458971	a8	a56
12	0.971669546293566	a8	a56	a45	0
12	0.971712285174775	a6	a10	a32	0
12	0.971765303027415	a7	a14	a33	0
13	0.971802631923661	a7	a14
12	0.971818861878551	a7	a14	a33	1
13	0.971834550834944	a7	a14
12	0.971925979580823	a7	a14	a33	2
13	0.971943832531201	a7	a14
12	0.971982784422937	a7	a15	a33	3
12	0.972033097283094	a7	a16	a33	4
12	0.972046081247006	a7	a14	a33	5
13	0.972062852200392	a7	a15
13	0.972065016194377	a7	a14
13	0.972088279129719	a7	a16
12	0.972135075499651	a7	a17	a33	6
12	0.972174838889131	a7	a16	a33	7
12	0.972181330871087	a7	a15	a33	8
13	0.972181601370335	a7	a17
13	0.972195396831991	a7	a16
13	0.97219701982748	a7	a15
12	0.972211085788384	a7	a14	a33	9
13	0.97225003768012	a7	a14
12	0.972258423156813	a7	a17	a33	10
13	0.972276276107191	a7	a17
12	0.972316580495167	a7	a16	a33	11
13	0.972345253415472	a7	a16
12	0.972347958407954	a7	a14	a33	12
13	0.972382041313222	a7	a14
12	0.972382582311718	a7	a15	a33	13
13	0.97240151725909	a7	a15
12	0.972433706669621	a7	a17	a33	14
13	0.972460215595941	a7	a17
12	0.972474552056093	a7	a16	a33	15
13	0.972490782010983	a7	a16
13	0.972695820441089	a6	a10
13	0.972771019232078	a8	a56
12	0.973381265535929	a8	a56	a50	0
12	0.984093576761601	a6	a10	a34	0
12	0.984184464508983	a7	a14	a35	0
12	0.984381117462396	a7	a17	a35	1
12	0.984501489627828	a7	a16	a35	2
12	0.984651346211309	a7	a15	a35	3
13	1.03612897613184	a7	a14
13	1.04239914870421	a7	a15
13	1.04351522860212	a7	a16
13	1.04373730848486	a7	a17
13	1.04402647218114	a6	a10
12	1.0440913920007	a6	a10	a36	0
12	1.04414873784131	a7	a14	a37	0
12	1.04445710698422	a7	a16	a37	1
12	1.04458667612409	a7	a17	a37	2
12	1.04461994753161	a7	a15	a37	3
13	1.04971939935794	a7	a15
13	1.05075243598667	a7	a17
13	1.05193046021241	a7	a14
13	1.05323372559005	a7	a16
13	1.05338033618255	a6	a10
12	1.05991505701963	a6	a10	a38	0
12	1.05998592782264	a7	a14	a39	0
12	1.06024100861366	a7	a17	a39	1
12	1.06033595384976	a7	a15	a39	2
12	1.06043171058361	a7	a16	a39	3
13	1.06538509281594	a7	a14
13	1.06638837452737	a7	a17
13	1.0664194819409	a7	a16
13	1.06666617725523	a7	a15
13	1.06680142687931	a6	a10
12	1.06686742869586	a6	a10	a40	0
12	1.06690421659361	a7	a14	a41	0
12	1.06701809677709	a7	a17	a41	1
12	1.06710492703574	a7	a16	a41	2
12	1.06732457242525	a7	a15	a41	3
13	1.06894540392023	a7	a14
13	1.07078696280171	a7	a15
13	1.0709503443476	a7	a16
13	1.07118216220328	a7	a17
13	1.07138638913564	a6	a10
12	1.07191602666354	a8	a57	a49	0
13	1.09125185392058	a8	a57
12	1.09138223455819	a8	a57	a54	0
12	1.09493388968655	a8	a58	a53	0
13	1.12177120209359	a8	a58
12	1.12181069498383	a8	a58	a52	0
13	1.13639330945218	a8	a58
12	1.13645281928678	a8	a58	a51	0
13	1.14518020702945	a8	a58
13	1.15186694844399	a8	a57
13	1.15200273906656	a8	a56
13	1.1521585466335	a8	a55
12	1.15256483650424	a8	a55	a46	0
12	1.15260649338846	a8	a56	a48	0
13	1.24470012641886	a8	a56
12	1.24498685562191	a6	a10	a20	0
12	1.24506908739335	a7	a14	a21	0
12	1.24515456515577	a7	a16	a21	1
12	1.24537475154377	a7	a15	a21	2
12	1.24549241871672	a7	a17	a21	3
13	1.24678513462368	a7	a14
13	1.24709945475004	a7	a15
13	1.24863886597133	a7	a17
13	1.24873759819691	a7	a16
13	1.24889070077137	a6	a10
12	1.24915416703908	a8	a56	a44	0
12	1.24917364298494	a8	a57	a43	0
12	1.24963078671434	a6	a10	a22	0
12	1.24969787052788	a7	a14	a23	0
12	1.24992860638656	a7	a17	a23	1
12	1.2499597138001	a7	a15	a23	2
12	1.25034111774001	a7	a16	a23	3
13	1.25176448478383	a7	a14
12	1.2518272406094	a7	a14	a23	4
13	1.25205445997786	a7	a15
12	1.25212857677185	a7	a15	a23	5
13	1.25255677708169	a7	a17
12	1.25263792685614	a7	a17	a23	6
13	1.25396580766536	a7	a15
12	1.25402585849846	a7	a15	a23	7
13	1.25404317045034	a7	a16
12	1.25410971326539	a7	a16	a23	8
13	1.25421899496164	a7	a14
12	1.25428175078722	a7	a14	a23	9
13	1.25490308756024	a7	a17
13	1.25587445036039	a7	a15
12	1.25593341919649	a7	a15	a23	11
12	1.25603161042357	a7	a17	a23	10
13	1.25674870393044	a7	a16
12	1.256814705747	a7	a16	a23	12
13	1.25751746279372	a7	a15
12	1.25757589063132	a7	a15	a23	13
13	1.25798001650807	a7	a14
12	1.25805467430057	a7	a14	a23	14
13	1.25867330608111	a7	a17
12	1.25873660290518	a7	a17	a23	15
13	1.25907066947666	a7	a16
13	1.25954350216244	a7	a15
13	1.26028899809038	a7	a14
13	1.26111050430704	a7	a17
13	1.26124061444541	a6	a10
12	1.2620353412365	a6	a10	a24	0
12	1.26210404804554	a7	a14	a25	0
13	1.26223334668616	a7	a14
12	1.26225065863804	a7	a14	a25	1
13	1.26233451340497	a7	a14
12	1.26237995727866	a7	a14	a25	2
12	1.26245948405762	a7	a15	a25	3
13	1.26249032097191	a7	a14
13	1.26265748950727	a7	a15
13	1.26285765895091	a6	a10
12	1.26295557967875	a6	a10	a26	0
12	1.2630058925389	a7	a14	a27	0
13	1.2631687330863	a7	a14
12	1.26320173399457	a7	a16	a27	1
12	1.26323148891187	a7	a14	a27	2
12	1.26334807408783	a7	a17	a27	3
13	1.26339216546528	a7	a14
13	1.2635944989029	a7	a16
13	1.26368673914653	a7	a17
13	1.26382009527587	a6	a10
12	1.26454503326094	a6	a10	a22	0
12	1.26461969105343	a7	a14	a23	0
12	1.26478794158579	a7	a16	a23	1
12	1.2648160735076	a7	a15	a23	2
12	1.26491210074069	a7	a17	a23	3
13	1.26663653344772	a7	a14
12	1.26670469925826	a7	a14	a23	4
13	1.26673715916804	a7	a15
12	1.26680911196805	a7	a15	a23	5
13	1.26708664419666	a7	a16
12	1.2671548100072	a7	a16	a23	6
13	1.26730277309594	a7	a17
12	1.26737905388392	a7	a17	a23	7
13	1.26843859943897	a7	a15
12	1.26850135526454	a7	a15	a23	8
13	1.26870152470818	a7	a14
12	1.26877726449767	a7	a14	a23	9
13	1.26938318281355	a7	a16
12	1.26946162759551	a7	a16	a23	10
13	1.27016276164675	a7	a15
12	1.27023633744225	a7	a15	a23	11
13	1.27073351506037	a7	a14
12	1.27081304183933	a7	a14	a23	12
13	1.2709280040198	a7	a17
12	1.27100266181229	a7	a17	a23	13
13	1.27187177589663	a7	a15
13	1.27191126878686	a7	a16
12	1.27193885971017	a7	a15	a23	14
12	1.27200973051319	a7	a16	a23	15
13	1.27296729785168	a7	a14
13	1.27352912479011	a7	a17
13	1.27362244703073	a7	a15
13	1.27447830665191	a7	a16
13	1.27466116414367	a6	a10
13	1.274979812258	a8	a57
12	1.27504527307605	a6	a10	a28	0
12	1.27516212875126	a7	a14	a29	0
13	1.27537528215881	a7	a14
12	1.27539854509415	a7	a14	a29	1
12	1.2755235157468	a7	a16	a29	2
13	1.27554136869718	a7	a14
12	1.27560304252576	a7	a15	a29	3
12	1.27567337233028	a7	a14	a29	4
12	1.27572882467616	a7	a17	a29	5
13	1.27578319502504	a7	a15
12	1.27584486885362	a7	a15	a29	6
13	1.27585622982204	a7	a14
13	1.27586650879347	a7	a16
13	1.27590627218295	a7	a17
12	1.27594495357544	a7	a14	a29	7
13	1.27594603557243	a7	a15
12	1.27599147944612	a7	a16	a29	8
12	1.27602799684462	a7	a17	a29	9
12	1.27606992422809	a7	a15	a29	10
13	1.27610887611982	a7	a14
13	1.27615080350329	a7	a17
12	1.27617920592435	a7	a14	a29	11
13	1.27619110789126	a7	a15
13	1.27625061772586	a7	a16
12	1.27628740562361	a7	a15	a29	12
13	1.27631716054091	a7	a14
12	1.27632202952737	a7	a16	a29	13
12	1.27638749034543	a7	a14	a29	14
13	1.27640101530784	a7	a15
12	1.27645159866724	a7	a17	a29	15
13	1.27653193694395	a7	a14
13	1.2765608803635	a7	a17
13	1.27659306977403	a7	a16
13	1.28745794257567	a6	a10
13	1.28751637041327	a8	a56
12	1.2888645386661	a8	a56	a42	0
12	1.28905821612779	a6	a10	a30	0
12	1.28912800493381	a7	a14	a31	0
12	1.28940716015791	a7	a16	a31	1
12	1.28942609510529	a7	a15	a31	2
12	1.28947235047672	a7	a17	a31	3
13	1.28954890176395	a7	a14
12	1.28962355955644	a7	a14	a31	4
13	1.28974555471736	a7	a17
12	1.28981588452189	a7	a17	a31	5
13	1.28986863187528	a7	a15
12	1.28995086364672	a7	a15	a31	6
13	1.28998170056101	a7	a16
13	1.28999170903319	a7	a17
13	1.29003904640162	a7	a14
12	1.29005365336102	a7	a16	a31	7
12	1.2900642028317	a7	a17	a31	8
12	1.29012236017005	a7	a14	a31	9
13	1.2902327238633	a7	a15
13	1.29026112628436	a7	a17
12	1.29030981614903	a7	a17	a31	10
12	1.29033497257911	a7	a15	a31	11
13	1.29037825245881	a7	a16
12	1.29044154928288	a7	a16	a31	12
13	1.29048618165883	a7	a17
13	1.29049997712048	a7	a14
12	1.29057274141824	a7	a17	a31	14
13	1.29061629179719	a7	a15
12	1.29068229361375	a7	a15	a31	15
12	1.2907190815115	a7	a14	a31	13
13	1.29075018892503	a7	a17
13	1.29077209936413	a7	a16
13	1.29094521888296	a7	a15
13	1.29101554868748	a7	a14
13	1.29118271722284	a6	a10
13	1.2916160570184	a8	a56
12	1.29167718984848	a8	a56	a45	0
12	1.2917334536921	a6	a10	a32	0
12	1.29179945550865	a7	a14	a33	0
13	1.29184435838384	a7	a14
12	1.29190224522295	a7	a14	a33	1
13	1.29194011511769	a7	a14
12	1.29200936292522	a7	a14	a33	2
12	1.2920575117914	a7	a15	a33	3
13	1.29207806973426	a7	a14
13	1.29212730059742	a7	a15
12	1.29212784159592	a7	a16	a33	4
13	1.29219167941848	a7	a16
12	1.29222413932826	a7	a15	a33	5
12	1.29224523826962	a7	a14	a33	6
13	1.29227066519895	a7	a14
13	1.29228310816436	a7	a15
12	1.29228797715083	a7	a16	a33	7
12	1.29229149364106	a7	a17	a33	8
13	1.29231124008617	a7	a16
13	1.29237156141851	a7	a17
12	1.29238427488317	a7	a16	a33	9
13	1.29240158683506	a7	a16
12	1.29240537382453	a7	a15	a33	10
12	1.29245081769822	a7	a14	a33	11
13	1.2924535226907	a7	a15
12	1.29247353963507	a7	a16	a33	12
12	1.29248354810725	a7	a17	a33	13
13	1.29249085158695	a7	a16
13	1.29250897503658	a7	a17
13	1.29252168850124	a7	a14
12	1.29257416535538	a7	a15	a33	14
12	1.29261203525013	a7	a14	a33	15
13	1.29267641407119	a7	a15
13	1.29272564493435	a7	a14
13	1.29290904342461	a6	a10
13	1.29303401407726	a8	a56
12	1.29535706162046	a8	a56	a50	0
12	1.31539456392724	a6	a10	a34	0
12	1.31554604350621	a7	a14	a35	0
12	1.31580274729271	a7	a17	a35	1
12	1.31585170765663	a7	a16	a35	2
12	1.31604376212282	a7	a15	a35	3
13	1.37565909142503	a7	a14
13	1.37718741217714	a7	a16
13	1.37758450507344	a7	a15
13	1.37850663701042	a7	a17
13	1.37869950297436	a6	a10
12	1.37953426365418	a6	a10	a36	0
12	1.37959593748276	a7	a14	a37	0
12	1.37973605609331	a7	a15	a37	1
12	1.37995651298056	a7	a17	a37	2
12	1.38127790180783	a7	a16	a37	3
13	1.38535378447912	a7	a15
13	1.3860917064281	a7	a14
13	1.38633542625069	a7	a17
13	1.38758540327645	a7	a16
13	1.38771416091857	a6	a10
12	1.39831232146152	a6	a10	a38	0
12	1.39843783311267	a7	a14	a39	0
12	1.39881761405708	a7	a16	a39	1
12	1.39894961769019	a7	a15	a39	2
12	1.39901264401501	a7	a17	a39	3
13	1.40660691040713	a7	a16
13	1.40671511010639	a7	a14
13	1.40807355733066	a7	a15
13	1.40814578062992	a7	a17
13	1.40829266172167	a6	a10
12	1.40863890075931	a6	a10	a40	0
12	1.40872113253075	a7	a14	a41	0
12	1.40910956945111	a7	a16	a41	1
12	1.40938331469025	a7	a15	a41	2
12	1.4094420130271	a7	a17	a41	3
13	1.412362052411	a7	a14
13	1.41394339101575	a7	a15
13	1.41403752475411	a7	a16
13	1.41443488814966	a7	a17
13	1.4145985401948	a6	a10
12	1.41629889846874	a8	a57	a49	0
13	1.43787500049905	a8	a57
12	1.43830347130814	a8	a57	a54	0
12	1.44670680095151	a8	a58	a53	0
13	1.47920944961204	a8	a58
12	1.47927166443911	a8	a58	a52	0
13	1.49445154124741	a8	a58
12	1.49450672309404	a8	a58	a51	0
13	1.50363553172097	a8	a58
13	1.51098499629351	a8	a57
13	1.51123115060933	a8	a56
13	1.51143889403192	a8	a55
12	1.51342922749989	a8	a55	a46	0
12	1.51350496728938	a8	a56	a48	0
13	1.58863018248263	a8	a56
12	1.58935512046771	a6	a10	a20	0
12	1.58943897523464	a7	a14	a21	0
12	1.58970622849182	a7	a16	a21	1
12	1.58986879853996	a7	a17	a21	2
12	1.58990802093095	a7	a15	a21	3
13	1.59166680704249	a7	a16
13	1.59204253049819	a7	a17
13	1.59233656318094	a7	a14
13	1.59303012325322	a7	a15
13	1.59321243974648	a6	a10
12	1.59398769059171	a8	a56	a44	0
12	1.59403205246841	a8	a57	a43	0
12	1.59460388787902	a6	a10	a22	0
12	1.5946661027061	a7	a14	a23	0
12	1.5949677093678	a7	a17	a23	1
12	1.59502586670615	a7	a16	a23	2
12	1.59503830967157	a7	a15	a23	3
13	1.59625934327777	a7	a14
12	1.59631236113041	a7	a14	a23	4
13	1.59681873572296	a7	a16
13	1.59682712119966	a7	a17
12	1.59690096749441	a7	a16	a23	5
12	1.59694181288088	a7	a17	a23	6
13	1.59775087613213	a7	a15
12	1.59782553392462	a7	a15	a23	7
13	1.59804734330811	a7	a14
12	1.59811767311263	a7	a14	a23	8
13	1.59859185829466	a7	a17
13	1.59863270368113	a7	a16
12	1.59865136812926	a7	a17	a23	9
12	1.59871493545257	a7	a16	a23	10
13	1.60019294334452	a7	a14
12	1.6002551581716	a7	a14	a23	11
13	1.60033225045733	a7	a17
12	1.60040690824982	a7	a17	a23	12
13	1.60040717874907	a7	a16
12	1.60050185348592	a7	a16	a23	13
13	1.60063710311001	a7	a15
12	1.60071825288445	a7	a15	a23	14
13	1.60208779057789	a7	a17
13	1.60213188195534	a7	a14
12	1.60214297242452	a7	a17	a23	15
13	1.6023434123674	a7	a16
13	1.60292552674945	a7	a15
13	1.60375136095408	a7	a17
13	1.6038890450714	a6	a10
12	1.604168741294	a6	a10	a24	0
12	1.60423420211205	a7	a14	a25	0
13	1.60437107473162	a7	a14
12	1.6044478965181	a7	a14	a25	2
12	1.6044625034775	a7	a15	a25	1
12	1.60447954493013	a7	a17	a25	3
13	1.60450524235871	a7	a14
13	1.60459829410007	a7	a15
13	1.60466618941136	a7	a17
13	1.60491261422644	a6	a10
12	1.60499917398585	a6	a10	a26	0
12	1.60505219183849	a7	a14	a27	0
13	1.60520908140242	a7	a14
12	1.6052269343528	a7	a14	a27	1
13	1.60533297005808	a7	a14
12	1.60540492285809	a7	a14	a27	2
12	1.60550067959194	a7	a15	a27	3
13	1.60557912437391	a7	a14
13	1.60586044359199	a7	a15
13	1.60600434919202	a6	a10
12	1.60641659004621	a6	a10	a22	0
12	1.60646744390487	a7	a14	a23	0
12	1.60655346266578	a7	a15	a23	1
12	1.60667572832595	a7	a16	a23	2
12	1.60667816281918	a7	a17	a23	3
13	1.60794436979983	a7	a14
12	1.60798927267502	a7	a14	a23	4
13	1.60819322910813	a7	a16
13	1.60824435346604	a7	a17
12	1.60827600187807	a7	a16	a23	5
12	1.60833956920139	a7	a17	a23	6
13	1.60899390688269	a7	a15
12	1.60907072866917	a7	a15	a23	7
13	1.60946944456096	a7	a14
12	1.60954139736097	a7	a14	a23	8
13	1.60977619070837	a7	a16
13	1.60981595409785	a7	a17
12	1.60986220946929	a7	a16	a23	9
12	1.6098830379114	a7	a17	a23	10
13	1.61100317529803	a7	a14
12	1.61105348815819	a7	a14	a23	11
13	1.61138863672666	a7	a17
12	1.6114421955778	a7	a17	a23	12
13	1.61150035291615	a7	a16
13	1.61151063188758	a7	a15
12	1.61158637167707	a7	a16	a23	13
12	1.61160260163196	a7	a15	a23	14
13	1.61252933205616	a7	a14
12	1.61257585792684	a7	a14	a23	15
13	1.61294346640509	a7	a17
13	1.61306059257954	a7	a16
13	1.61403006188495	a7	a15
13	1.61409389970752	a7	a14
13	1.61423942830303	a6	a10
13	1.6144942385948	a8	a57
12	1.61454725644744	a6	a10	a28	0
12	1.61464734116926	a7	a14	a29	0
13	1.61478962377379	a7	a14
12	1.61480801772266	a7	a14	a29	1
13	1.61490485645351	a7	a14
12	1.61495949730163	a7	a14	a29	2
12	1.61496896477532	a7	a17	a29	3
12	1.61499844919337	a7	a15	a29	4
13	1.61508987793925	a7	a14
12	1.61511476387008	a7	a16	a29	5
12	1.61513640380993	a7	a14	a29	6
13	1.61518320017986	a7	a17
13	1.61523107854679	a7	a14
12	1.61526678444754	a7	a14	a29	7
12	1.61527949791221	a7	a17	a29	8
13	1.61529978535582	a7	a16
13	1.61530681833627	a7	a15
13	1.61539662408666	a7	a14
12	1.61540473906411	a7	a16	a29	9
13	1.61543097749118	a7	a17
12	1.61544801894381	a7	a15	a29	10
12	1.6154642488987	a7	a14	a29	11
12	1.61550509428517	a7	a17	a29	12
13	1.61551023377089	a7	a16
13	1.61556595661601	a7	a14
12	1.61560761350023	a7	a16	a29	13
13	1.61560950699496	a7	a17
13	1.61562546645061	a7	a15
12	1.61563574542204	a7	a14	a29	14
12	1.61568741077844	a7	a17	a29	15
13	1.61571040321453	a7	a16
13	1.61573907613483	a7	a14
13	1.61578965949424	a7	a17
13	1.61601282137397	a6	a10
13	1.61604582228225	a8	a56
12	1.61707588341925	a8	a56	a42	0
12	1.61717596814107	a6	a10	a30	0
12	1.61724846193957	a7	a14	a31	0
12	1.61738831005087	a7	a17	a31	1
13	1.61750327223134	a7	a14
12	1.61756332306443	a7	a14	a31	2
12	1.61762283289903	a7	a15	a31	3
13	1.61771236815017	a7	a17
12	1.61773698358175	a7	a16	a31	4
13	1.61774347556371	a7	a14
12	1.6177805339607	a7	a17	a31	5
12	1.61780947738026	a7	a14	a31	6
13	1.61795879296524	a7	a15
13	1.61796880143742	a7	a17
13	1.61798259689908	a7	a14
13	1.61799017087803	a7	a16
12	1.61802533578029	a7	a14	a31	7
12	1.61807402564496	a7	a15	a31	8
12	1.61813164198482	a7	a17	a31	10
12	1.61813732246903	a7	a16	a31	9
13	1.61821630824949	a7	a14
12	1.61828339206304	a7	a14	a31	11
13	1.61831287648109	a7	a17
13	1.61833478692019	a7	a16
13	1.61834993487808	a7	a15
12	1.61840241173223	a7	a16	a31	12
12	1.61842053518185	a7	a17	a31	13
13	1.61845813457735	a7	a14
12	1.61847057754276	a7	a15	a31	14
12	1.6185392843518	a7	a14	a31	15
13	1.61860149917887	a7	a16
13	1.61864180356685	a7	a17
13	1.61871673185859	a7	a14
13	1.61873079781949	a7	a15
13	1.61887849040899	a6	a10
13	1.61910787377143	a8	a56
12	1.61915548163911	a8	a56	a45	0
12	1.6192003845143	a6	a10	a32	0
12	1.61926746832785	a7	a14	a33	0
13	1.6193329291459	a7	a14
12	1.61935024109778	a7	a14	a33	1
13	1.61936647105267	a7	a14
12	1.61938324200606	a7	a14	a33	2
13	1.61940001295944	a7	a14
12	1.61941678391283	a7	a14	a33	3
13	1.61943301386772	a7	a14
12	1.61944978482111	a7	a14	a33	4
13	1.619466014776	a7	a14
12	1.61948278572938	a7	a14	a33	5
13	1.61949847468578	a7	a14
12	1.61951578663766	a7	a14	a33	6
13	1.61953255759104	a7	a14
12	1.61954932854443	a7	a14	a33	7
13	1.61956609949782	a7	a14
12	1.6195834114497	a7	a14	a33	8
13	1.61959964140459	a7	a14
12	1.61969107015047	a7	a14	a33	9
13	1.61971757907679	a7	a14
12	1.61974381750386	a7	a17	a33	10
12	1.61977708891138	a7	a15	a33	11
12	1.61980684382868	a7	a16	a33	12
13	1.61981036031891	a7	a17
12	1.61984254972944	a7	a14	a33	13
13	1.61985553369335	a7	a15
13	1.61985877968433	a7	a16
13	1.61986094367831	a7	a14
12	1.61991747802118	a7	a17	a33	14
12	1.6199512904272	a7	a16	a33	15
13	1.61995156092644	a7	a17
13	1.61997130737156	a7	a16
13	1.62018446077911	a6	a10
13	1.62027047954003	a8	a56
12	1.62155048198232	a8	a56	a50	0
12	1.63314894874497	a6	a10	a34	0
12	1.63320737658257	a7	a14	a35	0
12	1.63357579655857	a7	a16	a35	1
12	1.63364179837512	a7	a15	a35	2
12	1.6336810207661	a7	a17	a35	3
13	1.6970998399967	a7	a14
13	1.69965822188581	a7	a16
13	1.70357667399467	a7	a15
13	1.7039172325481	a7	a17
13	1.70406573663534	a6	a10
12	1.70450773240684	a6	a10	a36	0
12	1.70458455419331	a7	a14	a37	0
12	1.70504764890617	a7	a16	a37	1
12	1.70529786071071	a7	a17	a37	2
12	1.70573093000702	a7	a15	a37	3
13	1.71080955339124	a7	a17
13	1.71102351829654	a7	a14
13	1.71165810953272	a7	a15
13	1.71241983541555	a7	a16
13	1.71254210107571	a6	a10
12	1.72020642677311	a6	a10	a38	0
12	1.72027459258364	a7	a14	a39	0
12	1.72042120317615	a7	a16	a39	1
12	1.7205821502288	a7	a17	a39	2
12	1.72077826218372	a7	a15	a39	3
13	1.72643764745375	a7	a14
13	1.72752830042233	a7	a16
13	1.72808904536377	a7	a17
13	1.72955758578203	a7	a15
13	1.72970690136702	a6	a10
12	1.72978805114147	a6	a10	a40	0
12	1.72990923480464	a7	a14	a41	0
12	1.7300409679385	a7	a17	a41	1
12	1.73029009774605	a7	a16	a41	2
12	1.73039288746036	a7	a15	a41	3
13	1.73205970382752	a7	a14
13	1.73410657163836	a7	a17
13	1.73417879493762	a7	a16
13	1.73499407967157	a7	a15
13	1.73513906726859	a6	a10
12	1.73580882340703	a8	a57	a49	0
13	1.75595723040556	a8	a57
12	1.75606921709429	a8	a57	a54	0
12	1.76091494062585	a8	a58	a53	0
13	1.79350631303978	a8	a58
12	1.79357123285933	a8	a58	a52	0
13	1.8167427394553	a8	a58
12	1.81679305231546	a8	a58	a51	0
13	1.82658025611242	a8	a58
13	1.83372955124132	a8	a57
13	1.83394973762932	a8	a56
13	1.83414666108198	a8	a55
12	1.83572313070026	a8	a55	a47	0
13	1.96382778763984	a8	a55
12	1.96392083938121	a8	a55	a46	0
12	1.96403769505641	a8	a56	a48	0
13	2.05649650207183	a8	a56
12	2.05690549693505	a6	a10	a20	0
12	2.05697203975009	a7	a14	a21	0
12	2.05727770390052	a7	a16	a21	1
12	2.0573309922524	a7	a17	a21	2
13	2.0588912319158	a7	a17
12	2.05891719984362	a7	a17	a21	3
13	2.05907868789477	a7	a14
13	2.05944007489031	a7	a16
13	2.06042983163934	a7	a17
13	2.06056210577169	a6	a10
12	2.06096190366047	a8	a56	a44	0
12	2.06098029760934	a8	a57	a43	0
12	2.0614125554079	a6	a10	a22	0
12	2.06147314723949	a7	a14	a23	0
12	2.06158702742297	a7	a17	a23	1
12	2.06173607250871	a7	a16	a23	2
13	2.06298902502619	a7	a14
12	2.0630312229089	a7	a14	a23	3
13	2.06322841686081	a7	a17
12	2.06328684469841	a7	a17	a23	4
13	2.06343047979919	a7	a16
12	2.06349269462626	a7	a16	a23	5
13	2.0784166791458	a7	a16
12	2.07844805705859	a7	a16	a23	6
13	2.07882351001504	a7	a14
12	2.07888247885113	a7	a14	a23	7
13	2.07926685828277	a7	a17
12	2.07933340109782	a7	a17	a23	8
13	2.07993796691746	a7	a16
12	2.080005050731	a7	a16	a23	9
13	2.08054821322131	a7	a14
12	2.08060447706493	a7	a14	a23	10
13	2.08087362381685	a7	a17
12	2.08095260959731	a7	a17	a23	11
13	2.08166321112223	a7	a16
12	2.08172813094179	a7	a16	a23	12
13	2.08233134426519	a7	a14
12	2.08238598511332	a7	a14	a23	13
13	2.08250419328476	a7	a17
12	2.08256586711334	a7	a17	a23	14
13	2.08359836274357	a7	a16
12	2.08366598755561	a7	a16	a23	15
13	2.0840354895286	a7	a14
13	2.08410338483989	a7	a17
13	2.08525381814232	a7	a16
13	2.08540151073182	a6	a10
12	2.08574071678901	a6	a10	a24	0
12	2.08581158759203	a7	a14	a25	0
13	2.08589977034693	a7	a14
12	2.08591600030182	a7	a14	a25	1
13	2.08597064114995	a7	a14
12	2.0860209540101	a7	a14	a25	2
13	2.08607505385974	a7	a14
12	2.0860950708041	a7	a16	a25	3
13	2.08626873132142	a7	a16
13	2.08636665204925	a6	a10
12	2.08644617882821	a6	a10	a26	0
12	2.08650136067484	a7	a14	a27	0
13	2.08664851226584	a7	a14
12	2.08665311075306	a7	a17	a27	1
12	2.08668475916509	a7	a14	a27	2
13	2.08677997490044	a7	a14
12	2.08683623874406	a7	a14	a27	3
13	2.08687329714106	a7	a17
13	2.08697040637115	a7	a14
13	2.0870807700644	a6	a10
12	2.08745730501784	a6	a10	a22	0
12	2.08751356886146	a7	a14	a23	0
12	2.08759877612463	a7	a17	a23	1
12	2.08785547991113	a7	a16	a23	2
13	2.08898237977897	a7	a14
12	2.08905325058199	a7	a14	a23	3
13	2.08915468780005	a7	a17
12	2.08921744362562	a7	a17	a23	4
13	2.08939678462715	a7	a16
12	2.08946440943919	a7	a16	a23	5
13	2.09053450446492	a7	a14
12	2.09060158827846	a7	a14	a23	6
13	2.09068517254614	a7	a17
12	2.09075442035367	a7	a17	a23	7
13	2.09096459826949	a7	a16
12	2.09103060008605	a7	a16	a23	8
13	2.09222512476592	a7	a14
12	2.0922878805915	a7	a14	a23	9
13	2.09229247907872	a7	a17
12	2.09235739889828	a7	a17	a23	10
13	2.09265684156599	a7	a16
12	2.09272013839006	a7	a16	a23	11
13	2.09379510240225	a7	a14
12	2.09385407123835	a7	a14	a23	12
13	2.09392845853159	a7	a17
12	2.09399283735266	a7	a17	a23	13
13	2.09428146005044	a7	a16
12	2.09434962586098	a7	a16	a23	14
13	2.09535263707316	a7	a14
12	2.09541268790625	a7	a14	a23	15
13	2.09554333904312	a7	a17
13	2.09602455720559	a7	a16
13	2.09698158354559	a7	a14
13	2.09708924224636	a6	a10
13	2.0973029366524	a8	a57
12	2.09734242954263	a6	a10	a28	0
12	2.0973916604058	a7	a14	a29	0
13	2.09752528703439	a7	a14
12	2.09752663953063	a7	a17	a29	1
12	2.09759832183139	a7	a16	a29	2
12	2.09762104376824	a7	a14	a29	3
13	2.09773952243893	a7	a14
13	2.09774303892916	a7	a17
12	2.09775575239382	a7	a14	a29	4
13	2.09777739233368	a7	a16
12	2.09781228673669	a7	a17	a29	5
13	2.0978482631367	a7	a14
12	2.09785150912767	a7	a16	a29	6
12	2.09789316601189	a7	a14	a29	7
13	2.09792373242693	a7	a17
13	2.09796620080889	a7	a16
12	2.09797837327506	a7	a17	a29	8
13	2.09798621775326	a7	a14
12	2.09803220262544	a7	a14	a29	9
13	2.09807413000891	a7	a17
12	2.09808467947959	a7	a16	a29	10
12	2.09813201684802	a7	a17	a29	11
13	2.09814959929915	a7	a14
12	2.0981853051999	a7	a14	a29	12
13	2.09819396117585	a7	a16
13	2.09824724952773	a7	a17
12	2.09827511095029	a7	a16	a29	13
13	2.09829350489917	a7	a14
12	2.09833894877286	a7	a14	a29	14
12	2.098355449227	a7	a17	a29	15
13	2.09837627766911	a7	a16
13	2.09847014090822	a7	a17
13	2.09888643925114	a7	a14
13	2.09890916118798	a6	a10
13	2.09894324409325	a8	a56
12	2.09943176573543	a8	a56	a42	0
12	2.09952968646326	a6	a10	a30	0
12	2.09958649130538	a7	a14	a31	0
13	2.09981587466782	a7	a14
12	2.09984076059865	a7	a16	a31	1
12	2.09988458147685	a7	a14	a31	2
12	2.09994003382272	a7	a17	a31	3
13	2.10006635697162	a7	a14
12	2.10010152187388	a7	a14	a31	4
13	2.100156162722	a7	a16
13	2.10020512308592	a7	a17
12	2.10023623049946	a7	a16	a31	5
13	2.1002746413927	a7	a14
12	2.10030142081827	a7	a17	a31	6
12	2.10035470917016	a7	a14	a31	7
13	2.10041584200024	a7	a16
13	2.10047508133559	a7	a17
12	2.1004959097777	a7	a16	a31	8
13	2.10052999268296	a7	a14
12	2.10057597755515	a7	a14	a31	9
12	2.10059193701079	a7	a17	a31	10
13	2.10066957029501	a7	a16
12	2.1007312441236	a7	a16	a31	11
13	2.10076884351909	a7	a17
13	2.10077722899578	a7	a14
12	2.10083457483639	a7	a14	a31	12
12	2.10086351825595	a7	a17	a31	13
13	2.10090274064693	a7	a16
12	2.10096387347701	a7	a16	a31	14
13	2.10101148134469	a7	a14
13	2.10103663777477	a7	a17
12	2.10105151523342	a7	a14	a31	15
13	2.10113537000035	a7	a16
13	2.10123815971465	a7	a14
13	2.10130632552519	a6	a10
13	2.10153192189815	a8	a56
12	2.10157790677034	a8	a56	a45	0
12	2.10162335064403	a6	a10	a32	0
12	2.10168340147712	a7	a14	a33	0
13	2.10173263234029	a7	a14
12	2.10174886229518	a7	a14	a33	1
13	2.10176401025307	a7	a14
12	2.10178186320345	a7	a14	a33	2
13	2.10179755215985	a7	a14
12	2.10181486411173	a7	a14	a33	3
13	2.10183163506511	a7	a14
12	2.10184786502	a7	a14	a33	4
13	2.10186409497489	a7	a14
12	2.10188140692678	a7	a14	a33	5
13	2.10189817788016	a7	a14
12	2.10191440783505	a7	a14	a33	6
13	2.10193171978693	a7	a14
12	2.10194849074032	a7	a14	a33	7
13	2.1019658026922	a7	a14
12	2.10198203264709	a7	a14	a33	8
13	2.10199988559747	a7	a14
12	2.10206047742906	a7	a14	a33	9
13	2.10207670738395	a7	a14
12	2.10211214278546	a7	a17	a33	10
12	2.10214974218095	a7	a14	a33	11
13	2.10216759513133	a7	a14
13	2.10221276850577	a7	a17
12	2.102216284996	a7	a16	a33	12
12	2.10227092584413	a7	a14	a33	13
12	2.10228147531481	a7	a17	a33	14
13	2.10228769679751	a7	a16
13	2.10230554974789	a7	a14
13	2.10231555822007	a7	a17
12	2.10236451858399	a7	a16	a33	15
13	2.10238561752535	a7	a16
13	2.10256522902613	a6	a10
13	2.10264746079757	a8	a56
12	2.10329611799466	a8	a56	a50	0
12	2.11454023074221	a6	a10	a34	0
12	2.11461001954824	a7	a14	a35	0
12	2.11471686675126	a7	a17	a35	1
12	2.11487835480242	a7	a16	a35	2
13	2.15932949625271	a7	a14
12	2.16003982727838	a7	a14	a35	3
13	2.16646012693348	a7	a17
13	2.16699111695762	a7	a16
13	2.16965878054299	a7	a14
13	2.16975129128586	a6	a10
12	2.1698486710152	a6	a10	a36	0
12	2.16990547585731	a7	a14	a37	0
12	2.17009969431749	a7	a16	a37	1
12	2.17027200233857	a7	a17	a37	2
13	2.17223555638097	a7	a14
12	2.17233185411332	a7	a14	a37	3
13	2.1743127201076	a7	a17
13	2.17518129319344	a7	a14
13	2.18951721234748	a7	a16
13	2.19011176969494	a6	a10
12	2.19714258615314	a6	a10	a38	0
12	2.19720480098022	a7	a14	a39	0
12	2.19741741338927	a7	a16	a39	1
12	2.19746853774717	a7	a17	a39	2
13	2.21618789721766	a7	a14
12	2.21625876802068	a7	a14	a39	3
13	2.21712707060727	a7	a16
13	2.21817579619239	a7	a17
13	2.22123270819586	a7	a14
13	2.22132630093573	a6	a10
12	2.22146966553725	a6	a10	a40	0
12	2.22153404435831	a7	a14	a41	0
12	2.22176234572376	a7	a16	a41	1
12	2.22189948884258	a7	a17	a41	2
13	2.22375484318571	a7	a14
12	2.22389279780228	a7	a14	a41	3
13	2.22571947922511	a7	a17
13	2.22590855819957	a7	a16
13	2.22642629376055	a7	a14
13	2.2265079845335	a6	a10
12	2.22710037788697	a8	a57	a49	0
13	2.25680173633354	a8	a57
12	2.25690614904333	a8	a57	a54	0
12	2.26099555667703	a8	a58	a53	0
13	2.31701865596366	a8	a58
12	2.31706247684186	a8	a58	a52	0
13	2.33144438086808	a8	a58
12	2.33148062776734	a8	a58	a51	0
13	2.3402383114258	a8	a58
13	2.34706084346291	a8	a57
13	2.3471663381697	a8	a56
13	2.34736109762837	a8	a55
12	2.34789885013372	a8	a55	a46	0
12	2.34792265406755	a8	a56	a48	0
13	2.41498212267915	a8	a56
12	2.41522016201753	a6	a10	a20	0
12	2.41529644280551	a7	a14	a21	0
12	2.4153930110371	a7	a17	a21	1
12	2.41575250453791	a7	a15	a21	2
12	2.41577252148227	a7	a16	a21	3
13	2.41693512725087	a7	a14
13	2.41745719079982	a7	a16
13	2.41802983770818	a7	a17
13	2.42051004531457	a7	a15
13	2.42066422988602	a6	a10
12	2.42091308919433	a8	a56	a44	0
12	2.42094879509508	a8	a57	a43	0
12	2.42133452702296	a6	a10	a22	0
12	2.42147194064103	a7	a14	a23	0
12	2.42164587165759	a7	a17	a23	1
12	2.42178301477641	a7	a15	a23	2
12	2.42186957453582	a7	a16	a23	3
13	2.42301216336006	a7	a14
12	2.42306139422322	a7	a14	a23	4
13	2.4234987915075	a7	a17
12	2.42358426926992	a7	a17	a23	5
13	2.42366298455113	a7	a16
12	2.42372790437069	a7	a16	a23	6
13	2.42471684962197	a7	a14
13	2.42474606354077	a7	a15
12	2.42479367140844	a7	a14	a23	7
12	2.42485480423853	a7	a15	a23	8
13	2.42510285204909	a7	a17
12	2.42515641090023	a7	a17	a23	9
13	2.42528976702957	a7	a16
12	2.42536117883109	a7	a16	a23	10
13	2.42636256704778	a7	a14
12	2.42642099488538	a7	a14	a23	11
13	2.4268367522298	a7	a17
12	2.42689896705688	a7	a17	a23	12
13	2.42702258521329	a7	a16
13	2.42706802908698	a7	a15
12	2.42710048899676	a7	a16	a23	13
12	2.42714863786293	a7	a15	a23	14
13	2.42804831836232	a7	a14
12	2.42811810716834	a7	a14	a23	15
13	2.42858715286465	a7	a16
13	2.42863503123158	a7	a17
13	2.42976544758964	a7	a14
13	2.42977789055506	a7	a15
13	2.42992612414305	a6	a10
12	2.43009870266338	a6	a10	a24	0
12	2.43015821249797	a7	a14	a25	0
13	2.43024801824836	a7	a14
12	2.43026424820325	a7	a14	a25	1
13	2.43031239706942	a7	a14
12	2.43032808602582	a7	a14	a25	2
13	2.43038002188147	a7	a14
12	2.43040112082282	a7	a14	a25	3
13	2.43045143368298	a7	a14
13	2.43075331084393	a6	a10
12	2.43080632869657	a6	a10	a26	0
12	2.43086151054319	a7	a14	a27	0
13	2.43096159526501	a7	a14
12	2.4309783662184	a7	a14	a27	1
13	2.43108981190864	a7	a14
12	2.43112876380037	a7	a14	a27	2
13	2.43122127454325	a7	a14
12	2.43124940646505	a7	a16	a27	3
13	2.43149501978238	a7	a16
13	2.43160538347563	a6	a10
12	2.43189752266365	a6	a10	a22	0
12	2.43198137743058	a7	a14	a23	0
12	2.4320517072351	a7	a15	a23	1
12	2.43211284006518	a7	a16	a23	2
12	2.43232788696747	a7	a17	a23	3
13	2.4334637133105	a7	a14
12	2.43353079712404	a7	a14	a23	4
13	2.43370986762633	a7	a16
12	2.43378614841431	a7	a16	a23	5
13	2.43387135567748	a7	a17
12	2.43393411150305	a7	a17	a23	6
13	2.43465120500993	a7	a15
12	2.43470909184903	a7	a15	a23	7
13	2.43498662407765	a7	a14
12	2.43506019987315	a7	a14	a23	8
13	2.43535937204161	a7	a16
12	2.43542699685365	a7	a16	a23	9
13	2.43543375933486	a7	a17
12	2.43549597416193	a7	a17	a23	10
13	2.43671240928091	a7	a14
12	2.43676867312453	a7	a14	a23	11
13	2.43695639960276	a7	a16
13	2.43698804801479	a7	a17
12	2.43702456541329	a7	a16	a23	12
12	2.43706324680578	a7	a17	a23	13
13	2.43713709310053	a7	a15
12	2.43721012789753	a7	a15	a23	14
13	2.43823261505558	a7	a14
12	2.43830132186461	a7	a14	a23	15
13	2.43853395121803	a7	a16
13	2.4387522441113	a7	a17
13	2.43941145077906	a7	a15
13	2.43975011583776	a7	a14
13	2.43984100358514	a6	a10
13	2.43997408921524	a8	a57
12	2.44001791009344	a6	a10	a28	0
12	2.44007092794608	a7	a14	a29	0
12	2.4401423397476	a7	a15	a29	1
12	2.440192923107	a7	a17	a29	2
13	2.44020509557317	a7	a14
12	2.44027055639122	a7	a14	a29	3
13	2.44037523960026	a7	a17
13	2.44037821509199	a7	a14
12	2.44042041297471	a7	a14	a29	4
12	2.44044989739275	a7	a17	a29	5
13	2.44051184172058	a7	a14
12	2.44051238271908	a7	a16	a29	6
12	2.4405675645657	a7	a14	a29	7
13	2.4405759500424	a7	a17
13	2.44063248438526	a7	a15
12	2.44065060783489	a7	a17	a29	8
13	2.44066873128452	a7	a14
13	2.44069037122437	a7	a16
12	2.44071309316122	a7	a15	a29	9
13	2.44074744656573	a7	a17
12	2.44076286502288	a7	a14	a29	10
12	2.440818587868	a7	a16	a29	11
12	2.44082805534168	a7	a17	a29	12
13	2.44089595065297	a7	a14
13	2.44090568862591	a7	a15
13	2.4409354435432	a7	a16
13	2.44094166502591	a7	a17
12	2.44096141147103	a7	a14	a29	13
12	2.44101037183494	a7	a17	a29	14
12	2.44103985625299	a7	a16	a29	15
13	2.44110396457481	a7	a17
13	2.44115562993121	a7	a16
13	2.44115562993121	a7	a14
13	2.44135742237033	a6	a10
13	2.44138176730267	a8	a56
12	2.44167552948617	a8	a56	a42	0
12	2.44173395732378	a6	a10	a30	0
12	2.44186596095688	a7	a14	a31	0
13	2.44205476943209	a7	a14
12	2.44207045838849	a7	a14	a31	1
13	2.44224790589528	a7	a14
12	2.44237287654793	a7	a14	a31	2
12	2.44239343449079	a7	a15	a31	3
12	2.44239803297801	a7	a17	a31	4
12	2.44243833736599	a7	a16	a31	5
13	2.44257250499307	a7	a14
12	2.44263796581113	a7	a14	a31	6
13	2.4426636632397	a7	a17
13	2.44270991861114	a7	a16
12	2.44272533706829	a7	a17	a31	7
12	2.44276834644874	a7	a16	a31	8
13	2.44280675734198	a7	a14
12	2.44286680817507	a7	a14	a31	9
13	2.44290224357658	a7	a17
13	2.44293010499914	a7	a15
13	2.44295985991644	a7	a16
12	2.44296175341118	a7	a17	a31	10
12	2.44300692678562	a7	a15	a31	11
13	2.44303776369991	a7	a14
12	2.4430388456969	a7	a16	a31	12
12	2.44310322451797	a7	a14	a31	13
13	2.44313920091797	a7	a17
13	2.44320980122174	a7	a16
12	2.44321169471648	a7	a17	a31	14
13	2.44326660606386	a7	a15
13	2.44327255704731	a7	a14
12	2.44330988594356	a7	a16	a31	15
13	2.44338048624733	a7	a17
13	2.4434808414684	a7	a16
13	2.44361068110752	a6	a10
13	2.44375458670754	a8	a56
12	2.4438038175707	a8	a56	a45	0
12	2.4438195065271	a6	a10	a32	0
12	2.44398667506246	a7	a14	a33	0
13	2.44400290501735	a7	a14
12	2.4440542998745	a7	a14	a33	1
13	2.44408567778729	a7	a14
12	2.44411435070759	a7	a16	a33	2
12	2.44413382665346	a7	a14	a33	3
13	2.44415005660835	a7	a14
12	2.44416682756173	a7	a14	a33	4
13	2.44417872952865	a7	a16
13	2.44418305751662	a7	a14
12	2.44424635434069	a7	a16	a33	5
12	2.44425663331212	a7	a14	a33	6
13	2.44426258429558	a7	a16
13	2.44427286326701	a7	a14
12	2.44431668414522	a7	a14	a33	7
13	2.44433291410011	a7	a14
12	2.44434373407003	a7	a16	a33	8
13	2.44435996402492	a7	a16
12	2.44437511198282	a7	a14	a33	9
13	2.44439134193771	a7	a14
12	2.44443489231666	a7	a17	a33	10
12	2.44445842575125	a7	a16	a33	11
13	2.44447303271065	a7	a16
13	2.44448087718885	a7	a17
12	2.44455580548059	a7	a16	a33	12
13	2.44458015041292	a7	a16
12	2.44459962635879	a7	a14	a33	13
12	2.44461179882496	a7	a17	a33	14
13	2.44462856977835	a7	a17
13	2.44463316826556	a7	a14
12	2.44466454617835	a7	a15	a33	15
13	2.44477707386559	a7	a15
13	2.44493829141749	a6	a10
13	2.44499726025359	a8	a56
12	2.44547983091231	a8	a56	a50	0
12	2.45629601384927	a6	a10	a34	0
12	2.45636958964477	a7	a14	a35	0
12	2.45645587890494	a7	a17	a35	1
12	2.45655948011698	a7	a15	a35	2
12	2.45678507648995	a7	a16	a35	3
13	2.51157578120195	a7	a14
13	2.51454423995127	a7	a15
13	2.51502789260698	a7	a16
13	2.51624811471544	a7	a17
13	2.51638147084478	a6	a10
12	2.51644206267637	a6	a10	a36	0
12	2.5164956215275	a7	a14	a37	0
12	2.51661572319369	a7	a16	a37	1
12	2.51691597735915	a7	a15	a37	2
12	2.51746914832164	a7	a17	a37	3
13	2.52130699165454	a7	a17
13	2.52328569365484	a7	a15
13	2.52403389457526	a7	a14
13	2.52489949216937	a7	a16
13	2.52502013483405	a6	a10
12	2.53148182087412	a6	a10	a38	0
12	2.53153862571623	a7	a14	a39	0
12	2.53160760302452	a7	a17	a39	1
12	2.53187566777944	a7	a15	a39	2
12	2.53200063843209	a7	a16	a39	3
13	2.53712605818625	a7	a14
13	2.53767868815024	a7	a17
13	2.53796731084803	a7	a16
13	2.53960653629188	a7	a15
13	2.53975585187687	a6	a10
12	2.53980724673402	a6	a10	a40	0
12	2.53986405157613	a7	a14	a41	0
12	2.54010885339572	a7	a17	a41	1
12	2.54027737442732	a7	a16	a41	2
12	2.54045806792509	a7	a15	a41	3
13	2.54190632089975	a7	a14
13	2.54404218296323	a7	a16
13	2.54417770308656	a7	a17
13	2.54494781444607	a7	a15
13	2.54509388404008	a6	a10
12	2.54561648858753	a8	a57	a49	0
13	2.565183863201	a8	a57
12	2.5653012598747	a8	a57	a54	0
12	2.56873984631732	a8	a58	a53	0
13	2.5955430758191	a8	a58
12	2.59558148671234	a8	a58	a52	0
13	2.60970208846484	a8	a58
12	2.60995473476262	a8	a58	a51	0
13	2.61861774368422	a8	a58
13	2.62530178010628	a8	a57
13	2.62539050385968	a8	a56
13	2.62555442640406	a8	a55
12	2.62599155318909	a8	a55	a46	0
12	2.62601860311391	a8	a56	a48	0
13	2.7039045336339	a8	a56
12	2.70441685920991	a6	a10	a20	0
12	2.70447907403699	a7	a14	a21	0
12	2.70472603985056	a7	a17	a21	1
12	2.70479826314982	a7	a16	a21	2
12	2.70502385952279	a7	a15	a21	3
13	2.70610098752896	a7	a14
13	2.70623272066282	a7	a17
13	2.70645642354105	a7	a16
13	2.70917385898807	a7	a15
13	2.70929774764373	a6	a10
12	2.70989717397766	a8	a56	a44	0
12	2.70993396187541	a8	a57	a43	0
12	2.71046197640782	a6	a10	a22	0
12	2.7105528641552	a7	a14	a23	0
12	2.71062292346047	a7	a17	a23	1
12	2.71093048110563	a7	a16	a23	2
12	2.71102948383046	a7	a15	a23	3
13	2.7121553017013	a7	a14
12	2.71220345056748	a7	a14	a23	4
13	2.71235249565321	a7	a17
12	2.71242174346074	a7	a17	a23	5
13	2.7128916006548	a7	a16
12	2.71295814346985	a7	a16	a23	6
13	2.71373447631207	a7	a15
12	2.71379452714516	a7	a15	a23	7
13	2.7138699964354	a7	a17
12	2.71394844121736	a7	a17	a23	8
13	2.71398604061286	a7	a14
12	2.71403959946399	a7	a14	a23	9
13	2.71470448661597	a7	a16
12	2.71476345545207	a7	a16	a23	10
13	2.71553681280257	a7	a17
12	2.71559469964167	a7	a17	a23	11
13	2.71570425183718	a7	a14
12	2.71576376167177	a7	a14	a23	12
13	2.71625769329891	a7	a16
12	2.71632477711246	a7	a16	a23	13
13	2.71657850540723	a7	a15
12	2.71664775321476	a7	a15	a23	14
13	2.71714303733815	a7	a17
12	2.71719876018327	a7	a17	a23	15
13	2.71744193900736	a7	a14
13	2.71793857562699	a7	a16
13	2.71873573691132	a7	a17
13	2.71888153600608	a7	a15
13	2.71904491755197	a6	a10
12	2.71937168064374	a6	a10	a24	0
12	2.71943064947984	a7	a14	a25	0
13	2.71951450424677	a7	a14
12	2.71953181619866	a7	a14	a25	1
13	2.71958753904378	a7	a14
12	2.7196427208904	a7	a14	a25	2
12	2.71969952573251	a7	a15	a25	3
13	2.71970547671597	a7	a14
13	2.72003548579873	a7	a15
13	2.72024431121831	a6	a10
12	2.72032167400329	a6	a10	a26	0
12	2.72037685584991	a7	a14	a27	0
13	2.72049479352211	a7	a14
12	2.72051210547399	a7	a14	a27	1
13	2.72061110819882	a7	a14
12	2.72062950214769	a7	a14	a27	2
13	2.72072147189207	a7	a14
12	2.72075934178681	a7	a14	a27	3
13	2.72086700048758	a7	a14
13	2.72111964678536	a6	a10
12	2.72144208188917	a6	a10	a22	0
12	2.72156326555234	a7	a14	a23	0
12	2.72161574240649	a7	a15	a23	1
12	2.72191004558849	a7	a16	a23	2
12	2.72196225194338	a7	a17	a23	3
13	2.7230255844879	a7	a14
12	2.7230694053661	a7	a14	a23	4
13	2.72339941444886	a7	a16
12	2.72346325227143	a7	a16	a23	5
13	2.72348786770301	a7	a17
12	2.72355657451204	a7	a17	a23	6
13	2.7241730422986	a7	a15
12	2.72423742111966	a7	a15	a23	7
13	2.7245414622746	a7	a14
12	2.72461557906859	a7	a14	a23	8
13	2.72502700842505	a7	a17
12	2.72508381326716	a7	a17	a23	9
13	2.72513764261754	a7	a16
12	2.72520526742958	a7	a16	a23	10
13	2.72614227682521	a7	a14
12	2.72618068771845	a7	a14	a23	11
13	2.72656019816362	a7	a17
13	2.72659942055461	a7	a15
12	2.72661483901175	a7	a17	a23	12
13	2.72663079846739	a7	a16
12	2.7266740783471	a7	a15	a23	13
12	2.72673791616966	a7	a16	a23	14
13	2.7277474193638	a7	a14
12	2.7278069291984	a7	a14	a23	15
13	2.72809446989919	a7	a17
13	2.72843178246165	a7	a16
13	2.72895601000458	a7	a15
13	2.72930441303622	a7	a14
13	2.72938989079863	a6	a10
13	2.72959330623325	a8	a57
12	2.72965606205883	a6	a10	a28	0
12	2.72971016190846	a7	a14	a29	0
13	2.72986001849194	a7	a14
12	2.72993251229045	a7	a14	a29	1
12	2.72999256312354	a7	a16	a29	2
13	2.73003313801076	a7	a14
12	2.73007073740626	a7	a17	a29	3
12	2.73010779580325	a7	a14	a29	4
13	2.73020192954161	a7	a14
13	2.73023006146342	a7	a16
12	2.73025007840779	a7	a15	a29	5
13	2.73026333287095	a7	a17
12	2.73029930927095	a7	a14	a29	6
12	2.73036801607998	a7	a16	a29	7
12	2.73038072954465	a7	a17	a29	8
13	2.73042211592962	a7	a14
12	2.73043780488601	a7	a14	a29	9
13	2.73048054376722	a7	a15
13	2.73048974074166	a7	a16
13	2.73050624119579	a7	a17
13	2.73053518461535	a7	a14
12	2.73057738249806	a7	a16	a29	10
12	2.7305944239507	a7	a17	a29	11
12	2.73062174437476	a7	a15	a29	12
12	2.73064717130409	a7	a14	a29	13
13	2.73069153318079	a7	a16
13	2.73070695163793	a7	a17
13	2.73074455103342	a7	a14
12	2.7307477970244	a7	a16	a29	14
12	2.73078647841689	a7	a17	a29	15
13	2.7308662756951	a7	a16
13	2.73087925965901	a7	a15
13	2.7309033340921	a7	a17
13	2.73115246389965	a6	a10
13	2.73118492380943	a8	a56
12	2.73194340370127	a8	a56	a42	0
12	2.73206025937648	a6	a10	a30	0
12	2.73213654016446	a7	a14	a31	0
12	2.73224095287425	a7	a15	a31	1
13	2.73236808752089	a7	a14
12	2.73243192534345	a7	a16	a31	2
12	2.7324546472803	a7	a14	a31	3
12	2.73253444455851	a7	a17	a31	4
13	2.73265535772243	a7	a14
13	2.73267862065778	a7	a16
12	2.7326899816262	a7	a14	a31	5
13	2.73269755560515	a7	a15
12	2.73276680341268	a7	a16	a31	6
13	2.73278059887433	a7	a17
12	2.73278790235403	a7	a15	a31	7
12	2.73285201067585	a7	a17	a31	8
13	2.73286093715104	a7	a14
12	2.73292910296157	a7	a14	a31	9
13	2.73294208692549	a7	a16
13	2.73302188420369	a7	a17
12	2.73302215470294	a7	a16	a31	10
12	2.73309545999919	a7	a17	a31	11
13	2.7331016814819	a7	a14
13	2.7331022224804	a7	a15
12	2.73315740432702	a7	a14	a31	12
13	2.73319365122627	a7	a16
12	2.73321042217966	a7	a15	a31	13
12	2.73326181703681	a7	a16	a31	14
13	2.73326425153004	a7	a17
12	2.73331835137968	a7	a17	a31	15
13	2.73336514774961	a7	a14
13	2.73343493655563	a7	a16
13	2.7334914708985	a7	a17
13	2.7334987743782	a7	a15
13	2.73367351689251	a6	a10
13	2.73387909632111	a8	a56
12	2.73393319617075	a8	a56	a45	0
12	2.73397431205647	a6	a10	a32	0
12	2.73406303580986	a7	a14	a33	0
13	2.73411334867002	a7	a14
12	2.73411524216476	a7	a17	a33	1
12	2.73417069451063	a7	a14	a33	2
13	2.73417475199935	a7	a17
13	2.73418692446552	a7	a14
12	2.73420261342192	a7	a14	a33	3
13	2.73421830237831	a7	a14
12	2.73423967181891	a7	a17	a33	4
13	2.73426401675125	a7	a17
12	2.73426699224298	a7	a14	a33	5
13	2.73428268119937	a7	a14
12	2.73433272356028	a7	a17	a33	6
12	2.73435625699487	a7	a14	a33	7
13	2.73435652749412	a7	a17
13	2.73437248694976	a7	a14
12	2.73444957923549	a7	a17	a33	8
13	2.73447500616481	a7	a17
12	2.73451476955429	a7	a14	a33	9
12	2.73454181947911	a7	a16	a33	10
13	2.73454452447159	a7	a14
13	2.73459267333776	a7	a16
12	2.73460024731671	a7	a15	a33	11
12	2.73461404277837	a7	a17	a33	12
13	2.73463135473025	a7	a17
12	2.73467815110018	a7	a14	a33	13
13	2.7347046600265	a7	a14
12	2.73470493052575	a7	a17	a33	15
12	2.73470682402049	a7	a16	a33	14
13	2.73472061948214	a7	a17
13	2.73472629996635	a7	a16
13	2.7347490219032	a7	a15
13	2.73504657107618	a6	a10
13	2.73512339286266	a8	a56
12	2.73631467155156	a8	a56	a50	0
12	2.74746410956226	a6	a10	a34	0
12	2.74753822635625	a7	a14	a35	0
12	2.74765913952018	a7	a17	a35	1
12	2.74768754194124	a7	a15	a35	2
12	2.74781359459088	a7	a16	a35	3
13	2.80433495349262	a7	a14
13	2.808692155382	a7	a16
13	2.81008495601078	a7	a17
13	2.81015122832658	a7	a15
13	2.81044931849805	a6	a10
12	2.81052018930107	a6	a10	a36	0
12	2.81058132213115	a7	a14	a37	0
12	2.81085019838382	a7	a16	a37	1
12	2.81098355451317	a7	a17	a37	2
12	2.81104982682897	a7	a15	a37	3
13	2.81720882421034	a7	a17
13	2.81744280606	a7	a14
13	2.81778742210216	a7	a15
13	2.81894948687226	a7	a16
13	2.81915885329034	a6	a10
12	2.82571846005824	a6	a10	a38	0
12	2.82579041285825	a7	a14	a39	0
12	2.82597570484324	a7	a17	a39	1
12	2.82602358321017	a7	a16	a39	2
12	2.82617452179064	a7	a15	a39	3
13	2.8312398907117	a7	a14
13	2.83199999359904	a7	a16
13	2.83209006984867	a7	a17
13	2.8337409267602	a7	a15
13	2.83388158636924	a6	a10
12	2.83397517910911	a6	a10	a40	0
12	2.83403414794521	a7	a14	a41	0
12	2.83429599121743	a7	a16	a41	1
12	2.83444287230918	a7	a17	a41	2
12	2.83452753857385	a7	a15	a41	3
13	2.83605748232145	a7	a14
13	2.83820930384057	a7	a17
13	2.83827395316088	a7	a16
13	2.83903243305273	a7	a15
13	2.8391682236753	a6	a10
12	2.83973681309494	a8	a57	a49	0
13	2.85913918316703	a8	a57
12	2.85930959769337	a8	a57	a54	0
12	2.86285476083977	a8	a58	a53	0
13	2.88966123633252	a8	a58
12	2.88971046719569	a8	a58	a52	0
13	2.90400364746852	a8	a58
12	2.90405341933018	a8	a58	a51	0
13	2.91283815291345	a8	a58
13	2.91959089614455	a8	a57
13	2.91976455666186	a8	a56
13	2.91991928223181	a8	a55
12	2.92046028072813	a8	a55	a46	0
12	2.92050734759732	a8	a56	a48	0
13	2.98666226672306	a8	a56
12	2.98685323919226	a6	a10	a20	0
12	2.98697334085844	a7	a14	a21	0
12	2.98703420318928	a7	a17	a21	1
12	2.98729144797428	a7	a16	a21	2
12	2.98756465221492	a7	a15	a21	3
13	2.98807833028718	a7	a17
13	2.98824576932179	a7	a16
13	2.98862609126471	a7	a14
13	2.99053148796875	a7	a15
13	2.99067755756276	a6	a10
12	2.99089990794475	a8	a56	a44	0
12	2.99092858086505	a8	a57	a43	0
12	2.99127968888917	a6	a10	a22	0
12	2.99139383957189	a7	a14	a23	0
12	2.99155424562605	a7	a17	a23	1
12	2.99188506620655	a7	a16	a23	2
12	2.99189642717497	a7	a15	a23	3
13	2.99287888044429	a7	a14
12	2.99295407923528	a7	a14	a23	4
13	2.99327570284135	a7	a17
12	2.99337524656467	a7	a17	a23	5
13	2.99382292282038	a7	a16
12	2.99388297365347	a7	a16	a23	6
13	2.99432226443248	a7	a15
12	2.994392594237	a7	a15	a23	7
13	2.99481646655887	a7	a17
12	2.99489815733182	a7	a17	a23	8
13	2.99491519878445	a7	a14
12	2.99499039757544	a7	a14	a23	9
13	2.99596581786431	a7	a16
12	2.99604372164778	a7	a16	a23	10
13	2.99670346931404	a7	a17
12	2.99677488111556	a7	a17	a23	11
13	2.99683141545842	a7	a14
12	2.99689200729001	a7	a14	a23	12
13	2.99735564300136	a7	a15
12	2.99742002182242	a7	a15	a23	13
13	2.99748494164198	a7	a16
12	2.99756014043297	a7	a16	a23	14
13	2.99848227236995	a7	a17
12	2.99854070020755	a7	a17	a23	15
13	2.99863023545869	a7	a14
13	2.99931784454752	a7	a16
13	2.99943632321821	a7	a15
13	3.00013989176268	a7	a17
13	3.00030246181082	a6	a10
12	3.00047233533867	a6	a10	a24	0
12	3.00053022217778	a7	a14	a25	0
13	3.00060596196726	a7	a14
12	3.00062219192215	a7	a14	a25	1
13	3.0006741277778	a7	a14
12	3.00069576771765	a7	a14	a25	2
13	3.0007471625748	a7	a14
12	3.0008061314109	a7	a14	a25	3
13	3.00087213322745	a7	a14
13	3.00112532052373	a6	a10
12	3.00116697740795	a6	a10	a26	0
12	3.00122215925457	a7	a14	a27	0
13	3.00131358800045	a7	a14
12	3.00132981795534	a7	a14	a27	1
13	3.00142503369069	a7	a14
12	3.00146236258694	a7	a14	a27	2
12	3.00155379133282	a7	a16	a27	3
13	3.00155433233131	a7	a14
13	3.00177181372684	a7	a16
13	3.00192545729979	a6	a10
12	3.00224085942315	a6	a10	a22	0
12	3.00229982825925	a7	a14	a23	0
12	3.00247267727882	a7	a17	a23	1
12	3.00252326063823	a7	a15	a23	2
12	3.00255896653898	a7	a16	a23	3
13	3.00375457321586	a7	a14
12	3.00383355899632	a7	a14	a23	4
13	3.00399342405198	a7	a17
12	3.0040491468971	a7	a17	a23	5
13	3.00412245219335	a7	a16
12	3.0041889950084	a7	a16	a23	6
13	3.0047916673333	a7	a15
12	3.00486307913482	a7	a15	a23	7
13	3.00529100894541	a7	a14
12	3.00536350274392	a7	a14	a23	8
13	3.00550010486424	a7	a17
12	3.00556123769432	a7	a17	a23	9
13	3.00564969094847	a7	a16
12	3.00571515176653	a7	a16	a23	10
13	3.00676468884939	a7	a15
12	3.00682365768549	a7	a15	a23	11
13	3.00690156146896	a7	a14
12	3.00698108824792	a7	a14	a23	12
13	3.00703924558627	a7	a17
12	3.00710146041335	a7	a17	a23	13
13	3.00714176480133	a7	a16
12	3.00720560262389	a7	a16	a23	14
13	3.00844124318949	a7	a14
12	3.00850399901507	a7	a14	a23	15
13	3.00865060960757	a7	a16
13	3.00872175090984	a7	a17
13	3.00897629070236	a7	a15
13	3.01000797483484	a7	a14
13	3.01008479662132	a6	a10
13	3.01022653822736	a8	a57
12	3.01028063807699	a6	a10	a28	0
12	3.01033257393263	a7	a14	a29	0
13	3.01043752764092	a7	a14
12	3.01045375759581	a7	a14	a29	1
13	3.01056574428455	a7	a14
12	3.01057385926199	a7	a16	a29	2
12	3.01062687711463	a7	a14	a29	3
12	3.01066934549659	a7	a17	a29	4
13	3.01077294670864	a7	a16
13	3.01081135760188	a7	a14
13	3.01081162810113	a7	a17
12	3.01083353854023	a7	a15	a29	5
12	3.01085626047707	a7	a16	a29	6
12	3.01090116335227	a7	a14	a29	7
13	3.01095418120491	a7	a16
12	3.01102505200793	a7	a16	a29	8
13	3.01103154398988	a7	a14
12	3.01108077485305	a7	a14	a29	9
12	3.01109835730418	a7	a17	a29	10
13	3.01111215276583	a7	a15
13	3.0111175627508	a7	a16
12	3.01118464656434	a7	a15	a29	11
13	3.01120953249517	a7	a14
12	3.01121169648916	a7	a16	a29	12
13	3.0112276559448	a7	a17
12	3.01127337031774	a7	a14	a29	13
12	3.01131151071173	a7	a17	a29	14
13	3.01132638817038	a7	a16
13	3.01137561903354	a7	a15
13	3.01139076699144	a7	a14
12	3.01139293098543	a7	a16	a29	15
13	3.01141971041099	a7	a17
13	3.01150383567717	a7	a16
13	3.01171915307871	a6	a10
13	3.01174295701255	a8	a56
12	3.01207513008929	a8	a56	a42	0
12	3.01216006685321	a6	a10	a30	0
12	3.01227367653744	a7	a14	a31	0
13	3.01247817396905	a7	a14
12	3.01249386292544	a7	a14	a31	1
12	3.01260449711794	a7	a17	a31	2
13	3.01266968743675	a7	a14
12	3.01272541028187	a7	a15	a31	3
12	3.01275895218864	a7	a16	a31	4
12	3.01278113312699	a7	a14	a31	5
13	3.01287607836309	a7	a17
12	3.01293071921122	a7	a17	a31	6
13	3.01295479364431	a7	a14
13	3.01296344962025	a7	a16
12	3.01302404145184	a7	a14	a31	7
12	3.01304568139169	a7	a16	a31	8
13	3.01310275673305	a7	a17
12	3.01315847957817	a7	a17	a31	9
13	3.01316091407141	a7	a15
13	3.01320906293758	a7	a14
13	3.01321717791502	a7	a16
12	3.01322799788495	a7	a15	a31	10
12	3.01329291770451	a7	a14	a31	11
13	3.01333268109399	a7	a17
12	3.0133378205797	a7	a16	a31	12
12	3.01339273192708	a7	a17	a31	13
13	3.01350877610454	a7	a15
13	3.01351256309402	a7	a16
13	3.0135141860895	a7	a14
13	3.01356476944891	a7	a17
12	3.01359208987297	a7	a15	a31	14
12	3.01361859879929	a7	a16	a31	15
13	3.01379280031511	a7	a16
13	3.01386096612565	a7	a15
13	3.01400487172567	a6	a10
13	3.01415689230313	a8	a56
12	3.01419909018585	a8	a56	a45	0
12	3.01423263209262	a6	a10	a32	0
12	3.01434353678437	a7	a14	a33	0
13	3.01435868474226	a7	a14
12	3.0143819476776	a7	a14	a33	1
13	3.01440466961445	a7	a14
12	3.01442089956934	a7	a14	a33	2
13	3.01443767052273	a7	a14
12	3.01445444147611	a7	a14	a33	3
13	3.014470671431	a7	a14
12	3.01448852438138	a7	a14	a33	4
13	3.01450529533477	a7	a14
12	3.01455506719643	a7	a14	a33	5
13	3.01458428111523	a7	a14
12	3.01460483905809	a7	a15	a33	6
12	3.01469626780397	a7	a14	a33	7
13	3.01470925176788	a7	a15
13	3.01471412075435	a7	a14
12	3.01472737521751	a7	a17	a33	8
13	3.01475983512729	a7	a17
12	3.01486073134685	a7	a15	a33	9
12	3.01487804329873	a7	a14	a33	10
13	3.01490076523558	a7	a14
13	3.01491861818596	a7	a15
12	3.01492700366265	a7	a17	a33	11
13	3.01494323361754	a7	a17
12	3.014986242998	a7	a16	a33	12
12	3.01501275192432	a7	a15	a33	13
12	3.01502167839951	a7	a17	a33	14
13	3.01502303089575	a7	a16
13	3.01504494133485	a7	a17
12	3.01504953982207	a7	a14	a33	15
13	3.01506468777996	a7	a15
13	3.01509173770478	a7	a14
13	3.01527513619503	a6	a10
13	3.01532653105218	a8	a56
12	3.01572957493194	a8	a56	a50	0
12	3.02702724653064	a6	a10	a34	0
12	3.02708621536673	a7	a14	a35	0
12	3.02743624139385	a7	a16	a35	1
12	3.02744814336077	a7	a15	a35	2
12	3.02752739964048	a7	a17	a35	3
13	3.08008351006343	a7	a14
13	3.08682651532159	a7	a15
13	3.08764612804352	a7	a16
13	3.08788497887964	a7	a17
13	3.08801076103004	a6	a10
12	3.08808595982103	a6	a10	a36	0
12	3.08815304363457	a7	a14	a37	0
12	3.08852849659102	a7	a16	a37	1
12	3.08859206391433	a7	a17	a37	2
12	3.08864481126773	a7	a15	a37	3
13	3.09447623405958	a7	a15
13	3.09466206704307	a7	a17
13	3.09558365798155	a7	a14
13	3.09705084590358	a7	a16
13	3.09717202956675	a6	a10
12	3.10361207566697	a6	a10	a38	0
12	3.1036813234745	a7	a14	a39	0
12	3.10380926961888	a7	a17	a39	1
12	3.10401457854823	a7	a15	a39	2
12	3.10410654829261	a7	a16	a39	3
13	3.10923034505127	a7	a14
13	3.10975213810098	a7	a17
13	3.10989685519874	a7	a16
13	3.11184931877197	a7	a15
13	3.11200296234492	a6	a10
12	3.11205327520508	a6	a10	a40	0
12	3.11213280198404	a7	a14	a41	0
12	3.11225777263669	a7	a16	a41	1
12	3.1124993284653	a7	a17	a41	2
12	3.11264783255254	a7	a15	a41	3
13	3.11407498658584	a7	a14
13	3.11617730674255	a7	a16
13	3.11645889645988	a7	a17
13	3.11721926984646	a7	a15
13	3.11735127347956	a6	a10
12	3.11785386108265	a8	a57	a49	0
13	3.13732980695024	a8	a57
12	3.13740554673972	a8	a57	a54	0
12	3.14085333015678	a8	a58	a53	0
13	3.16793571488266	a8	a58
12	3.16798494574583	a8	a58	a52	0
13	3.18230355294798	a8	a58
12	3.1823603577901	a8	a58	a51	0
13	3.19110830347562	a8	a58
13	3.19783670177438	a8	a57
13	3.19796491841801	a8	a56
13	3.19813641494134	a8	a55
12	3.1984956379429	a8	a55	a46	0
12	3.19854108181659	a8	a56	a48	0
13	3.26555240156201	a8	a56
12	3.26575040701167	a6	a10	a20	0
12	3.26587267267184	a7	a14	a21	0
12	3.26593353500267	a7	a17	a21	1
12	3.26632007842829	a7	a16	a21	2
12	3.266437475102	a7	a15	a21	3
13	3.26697603910508	a7	a17
13	3.26751406210968	a7	a14
13	3.26805343761051	a7	a16
13	3.27053391571615	a7	a15
13	3.2706870182906	a6	a10
12	3.27089800770417	a8	a56	a44	0
12	3.27093100861245	a8	a57	a43	0
12	3.27129239560799	a6	a10	a22	0
12	3.27135623343055	a7	a14	a23	0
12	3.27143711270576	a7	a17	a23	1
12	3.27163863464563	a7	a16	a23	2
12	3.27185070605619	a7	a15	a23	3
13	3.27284722528642	a7	a14
12	3.2728937511571	a7	a14	a23	4
13	3.27326731061881	a7	a17
12	3.2733284434489	a7	a17	a23	5
13	3.27341960169553	a7	a16
12	3.27350075146998	a7	a16	a23	6
13	3.27462494634533	a7	a15
12	3.2747039321258	a7	a15	a23	7
13	3.27471637509121	a7	a14
13	3.27478102441152	a7	a17
12	3.27478508190024	a7	a14	a23	8
12	3.27484215724161	a7	a17	a23	9
13	3.27539370520861	a7	a16
12	3.27547593698005	a7	a16	a23	10
13	3.27647732519674	a7	a14
12	3.27653791702833	a7	a14	a23	11
13	3.27660310734713	a7	a17
12	3.27666099418624	a7	a17	a23	12
13	3.27699397876073	a7	a16
12	3.27706268556976	a7	a16	a23	13
13	3.27773622869768	a7	a15
12	3.27780926349468	a7	a15	a23	14
13	3.27825261176242	a7	a17
13	3.27826153823761	a7	a14
12	3.27831753158198	a7	a17	a23	15
13	3.2786889270497	a7	a16
13	3.27994215006643	a7	a17
13	3.28035898940785	a7	a15
13	3.28051155098381	a6	a10
12	3.28066952254474	a6	a10	a24	0
12	3.2807339013658	a7	a14	a25	0
13	3.28079828018686	a7	a14
12	3.28081451014175	a7	a14	a25	1
13	3.28087023298687	a7	a14
12	3.28089728291169	a7	a16	a25	2
12	3.28091188987109	a7	a14	a25	3
13	3.28096220273125	a7	a14
13	3.28106932043352	a7	a16
13	3.28122620999745	a6	a10
12	3.28128517883355	a6	a10	a26	0
12	3.28134252467416	a7	a14	a27	0
13	3.28143016643057	a7	a14
12	3.28144639638546	a7	a14	a27	1
13	3.2815432351163	a7	a14
12	3.28155892407269	a7	a14	a27	2
12	3.28161924540503	a7	a17	a27	3
13	3.28165468080654	a7	a14
13	3.2818156278592	a7	a17
13	3.28199388686373	a6	a10
12	3.28229197703521	a6	a10	a22	0
12	3.2823525688668	a7	a14	a23	0
12	3.28249403997358	a7	a17	a23	1
12	3.28252244239464	a7	a15	a23	2
12	3.28265282303225	a7	a16	a23	3
13	3.28379054287002	a7	a14
12	3.28385708568507	a7	a14	a23	4
13	3.28402506571818	a7	a17
12	3.28408728054525	a7	a17	a23	5
13	3.2842347026355	a7	a16
12	3.28430178644904	a7	a16	a23	6
13	3.28515872806722	a7	a15
12	3.28522743487625	a7	a15	a23	7
13	3.28531940462063	a7	a14
12	3.28539081642214	a7	a14	a23	8
13	3.28554148450337	a7	a17
12	3.28560369933044	a7	a17	a23	9
13	3.28573705545979	a7	a16
12	3.28580089328235	a7	a16	a23	10
13	3.28681742945694	a7	a14
12	3.286881808278	a7	a14	a23	11
13	3.28706764126149	a7	a17
12	3.28713147908406	a7	a17	a23	12
13	3.28722534232317	a7	a16
12	3.28728809814874	a7	a16	a23	13
13	3.28765219013677	a7	a15
12	3.28771115897287	a7	a15	a23	14
13	3.28832627426318	a7	a14
12	3.28840147305417	a7	a14	a23	15
13	3.28856837109029	a7	a17
13	3.28872174416399	a7	a16
13	3.28989625189951	a7	a14
13	3.29034257565898	a7	a15
13	3.29049784222742	a6	a10
13	3.29063525584549	a8	a57
12	3.29067366673872	a6	a10	a28	0
12	3.29072289760189	a7	a14	a29	0
13	3.29082676931318	a7	a14
12	3.29084299926807	a7	a14	a29	1
12	3.29092820653124	a7	a17	a29	2
13	3.29094903497335	a7	a14
12	3.29102856175231	a7	a14	a29	3
12	3.29105182468765	a7	a16	a29	4
13	3.29112242499142	a7	a17
13	3.29115948338842	a7	a14
13	3.29121628823054	a7	a16
12	3.29122494420648	a7	a14	a29	5
12	3.29123657567415	a7	a17	a29	6
12	3.29128174904859	a7	a15	a29	7
12	3.2913239469313	a7	a16	a29	8
13	3.29133747189371	a7	a14
13	3.2913458573704	a7	a17
12	3.29140699020049	a7	a17	a29	9
13	3.29143268762906	a7	a16
12	3.29143755661553	a7	a14	a29	10
13	3.29150599292532	a7	a17
12	3.29151437840201	a7	a16	a29	11
13	3.29154846130728	a7	a14
13	3.29156847825164	a7	a15
12	3.29160310215541	a7	a14	a29	12
13	3.29161446312383	a7	a16
12	3.29162447159601	a7	a17	a29	13
12	3.29171779383663	a7	a15	a29	14
13	3.29172374482009	a7	a14
13	3.29173808128024	a7	a17
12	3.29174646675693	a7	a16	a29	15
13	3.29186224043514	a7	a16
13	3.29187306040507	a7	a15
13	3.29204131093743	a6	a10
13	3.29206457387277	a8	a56
12	3.29232912213747	a8	a56	a42	0
12	3.29240215693447	a6	a10	a30	0
12	3.29247573272997	a7	a14	a31	0
12	3.29259583439616	a7	a16	a31	1
12	3.2926634592082	a7	a15	a31	2
13	3.29266616420068	a7	a14
12	3.29274920746986	a7	a17	a31	3
12	3.2927803148834	a7	a14	a31	4
13	3.29289500656462	a7	a16
13	3.29295235240523	a7	a14
13	3.29296073788193	a7	a17
12	3.29297561534057	a7	a16	a31	5
12	3.29301754272404	a7	a17	a31	6
12	3.29304810913908	a7	a14	a31	7
13	3.29312114393609	a7	a15
13	3.29314765286241	a7	a16
13	3.29318741625188	a7	a17
12	3.2931925557376	a7	a15	a31	8
12	3.29322880263685	a7	a16	a31	9
13	3.2932363766158	a7	a14
12	3.29328695997521	a7	a17	a31	10
12	3.29331482139777	a7	a14	a31	11
13	3.29339651217071	a7	a16
13	3.29346116149102	a7	a17
12	3.29347766194516	a7	a16	a31	12
13	3.29349876088652	a7	a15
13	3.2935009248805	a7	a14
12	3.29354690975269	a7	a14	a31	13
12	3.29356232820984	a7	a17	a31	14
12	3.29359289462488	a7	a15	a31	15
13	3.2936491584685	a7	a16
13	3.29373111974069	a7	a17
13	3.29377845710912	a7	a14
13	3.29390829674823	a7	a15
13	3.29404462836931	a6	a10
13	3.29418095999038	a8	a56
12	3.2942220758761	a8	a56	a45	0
12	3.29425561778287	a6	a10	a32	0
12	3.29433081657386	a7	a14	a33	0
13	3.29434596453176	a7	a14
12	3.29437085046259	a7	a14	a33	1
13	3.29438653941898	a7	a14
12	3.29440331037237	a7	a14	a33	2
13	3.29442603230921	a7	a14
12	3.2944422622641	a7	a14	a33	3
13	3.29445903321749	a7	a14
12	3.29447526317238	a7	a14	a33	4
13	3.29449203412577	a7	a14
12	3.29450880507915	a7	a14	a33	5
13	3.29452503503404	a7	a14
12	3.29456290492878	a7	a14	a33	6
13	3.29457913488367	a7	a14
12	3.29467380962053	a7	a14	a33	7
13	3.2946922035694	a7	a14
12	3.29471167951527	a7	a15	a33	8
12	3.29475333639949	a7	a16	a33	9
12	3.29478796030325	a7	a14	a33	10
13	3.29478958329874	a7	a16
13	3.29480202626416	a7	a15
13	3.294825830198	a7	a14
12	3.29487560205966	a7	a15	a33	11
12	3.29491536544914	a7	a17	a33	12
13	3.29494430886869	a7	a15
12	3.29494755485967	a7	a16	a33	13
13	3.2949499893529	a7	a17
13	3.29496486681155	a7	a16
12	3.294971899792	a7	a14	a33	14
12	3.29502113065517	a7	a15	a33	15
13	3.29504493458901	a7	a15
13	3.29506495153337	a7	a14
13	3.29530299087175	a6	a10
13	3.29534843474544	a8	a56
12	3.29578339753649	a8	a56	a50	0
12	3.3064600028614	a6	a10	a34	0
12	3.30651680770351	a7	a14	a35	0
12	3.30684113630206	a7	a17	a35	1
12	3.30698152541185	a7	a16	a35	2
12	3.3070188543081	a7	a15	a35	3
13	3.3606036733718	a7	a14
13	3.36453402744758	a7	a15
13	3.36759391494278	a7	a16
13	3.36805024717443	a7	a17
13	3.36818306230527	a6	a10
12	3.36824040814588	a6	a10	a36	0
12	3.36829775398649	a7	a14	a37	0
12	3.36865968198053	a7	a15	a37	1
12	3.36868673190535	a7	a16	a37	2
12	3.36873190527979	a7	a17	a37	3
13	3.37383649659184	a7	a16
13	3.37432934622199	a7	a14
13	3.3759228572929	a7	a17
13	3.37693749997276	a7	a15
13	3.37708411056526	a6	a10
12	3.38354850159781	a6	a10	a38	0
12	3.38361125742338	a7	a14	a39	0
12	3.38379113942341	a7	a17	a39	1
12	3.3839472174896	a7	a16	a39	2
12	3.38407056514676	a7	a15	a39	3
13	3.38898499548735	a7	a14
13	3.38962526720775	a7	a17
13	3.38988359398974	a7	a16
13	3.39131183002003	a7	a15
13	3.39146926058246	a6	a10
12	3.3915228194336	a6	a10	a40	0
12	3.39158719825466	a7	a14	a41	0
12	3.39180900763815	a7	a16	a41	1
12	3.39202243154495	a7	a17	a41	2
12	3.39210547481414	a7	a15	a41	3
13	3.39362784458279	a7	a14
13	3.39571988576806	a7	a16
13	3.39602690241473	a7	a17
13	3.39668069909753	a7	a15
13	3.39682027670958	a6	a10
12	3.39734234025853	a8	a57	a49	0
13	3.41703576752165	a8	a57
12	3.41710826132015	a8	a57	a54	0
12	3.42053440479736	a8	a58	a53	0
13	3.44726189450965	a8	a58
12	3.44729705941191	a8	a58	a52	0
13	3.46150530292082	a8	a58
12	3.46154371381406	a8	a58	a51	0
13	3.47028624951462	a8	a58
13	3.47697353192766	a8	a57
13	3.47706766566602	a8	a56
13	3.47720670227957	a8	a55
12	3.47728568806004	a8	a55	a50	0
12	3.49534746385824	a6	a10	a34	0
12	3.49540589169584	a7	a14	a35	0
12	3.49549813193947	a7	a17	a35	1
12	3.49573427778311	a7	a15	a35	2
12	3.49578513164177	a7	a16	a35	3
13	3.55454784731377	a7	a14
13	3.55668127488401	a7	a17
13	3.55690822375322	a7	a15
13	3.55725608578635	a7	a16
13	3.55741946733224	a6	a10
12	3.55747194418639	a6	a10	a36	0
12	3.55758176688114	a7	a14	a37	0
12	3.55806920652633	a7	a16	a37	1
12	3.5580802969955	a7	a17	a37	2
12	3.55834944374742	a7	a15	a37	3
13	3.56344592008202	a7	a17
13	3.56358468619633	a7	a15
13	3.56389359633773	a7	a14
13	3.56522661663267	a7	a16
13	3.56534130831389	a6	a10
12	3.57188847211637	a6	a10	a38	0
12	3.57195501493142	a7	a14	a39	0
12	3.57211974897355	a7	a17	a39	1
12	3.57224499012545	a7	a15	a39	2
12	3.57238997772247	a7	a16	a39	3
13	3.57535464948231	a7	a14
13	3.577753436815	a7	a16
13	3.57785216904058	a7	a17
13	3.57976378722733	a7	a15
13	3.57992284078525	a6	a10
12	3.57996774366045	a6	a10	a40	0
12	3.5800488934349	a7	a14	a41	0
12	3.58019793852063	a7	a17	a41	1
12	3.58048602021992	a7	a16	a41	2
12	3.5806515657598	a7	a15	a41	3
13	3.58211388469536	a7	a14
13	3.58370901876176	a7	a17
13	3.59753342383753	a7	a16
13	3.59843148134142	a7	a15
13	3.59868304564221	a6	a10
12	3.59924027409342	a8	a56	a49	0
13	3.61904568804527	a8	a56
12	3.61912467382574	a8	a56	a54	0
12	3.62255460429242	a8	a57	a53	0
13	3.68802840631129	a8	a57
12	3.68809170313536	a8	a57	a52	0
13	3.70255692093002	a8	a57
12	3.70259424982627	a8	a57	a51	0
13	3.71163974468477	a8	a57
13	3.7186954470738	a8	a56
13	3.71890427249338	a8	a55
