%EventDef PajeDefineContainerType 0 
%       Alias string 
%       Type string 
%       Name string 
%EndEventDef 
%EventDef PajeDefineVariableType 1 
%       Alias string 
%       Type string 
%       Name string 
%       Color color 
%EndEventDef 
%EventDef PajeDefineStateType 2 
%       Alias string 
%       Type string 
%       Name string 
%EndEventDef 
%EventDef PajeDefineEventType 3 
%       Alias string 
%       Type string 
%       Name string 
%       Color color 
%EndEventDef 
%EventDef PajeDefineLinkType 4 
%       Alias string 
%       Type string 
%       StartContainerType string 
%       EndContainerType string 
%       Name string 
%EndEventDef 
%EventDef PajeDefineEntityValue 5 
%       Alias string 
%       Type string 
%       Name string 
%       Color color 
%EndEventDef 
%EventDef PajeCreateContainer 6 
%       Time date 
%       Alias string 
%       Type string 
%       Container string 
%       Name string 
%EndEventDef 
%EventDef PajeDestroyContainer 7 
%       Time date 
%       Type string 
%       Name string 
%EndEventDef 
%EventDef PajeSetVariable 8 
%       Time date 
%       Type string 
%       Container string 
%       Value double 
%EndEventDef
%EventDef PajeAddVariable 9 
%       Time date 
%       Type string 
%       Container string 
%       Value double 
%EndEventDef
%EventDef PajeSubVariable 10 
%       Time date 
%       Type string 
%       Container string 
%       Value double 
%EndEventDef
%EventDef PajeSetState 11 
%       Time date 
%       Type string 
%       Container string 
%       Value string 
%EndEventDef
%EventDef PajePushState 12 
%       Time date 
%       Type string 
%       Container string 
%       Value string 
%       Id string 
%EndEventDef
%EventDef PajePopState 13 
%       Time date 
%       Type string 
%       Container string 
%EndEventDef
%EventDef PajeResetState 14 
%       Time date 
%       Type string 
%       Container string 
%EndEventDef
%EventDef PajeStartLink 15 
%       Time date 
%       Type string 
%       Container string 
%       Value string 
%       StartContainer string 
%       Key string 
%EndEventDef
%EventDef PajeEndLink 16 
%       Time date 
%       Type string 
%       Container string 
%       Value string 
%       EndContainer string 
%       Key string 
%EndEventDef
%EventDef PajeNewEvent 17 
%       Time date 
%       Type string 
%       Container string 
%       Value string 
%EndEventDef
0	a1	0	"Task Manager"
0	a2	a1	"Node"
0	a3	a1	"Thread"
0	a4	a1	"Jobs"
0	a5	a1	"Memory usage"
2	a6	a4	"Job"
2	a7	a3	"Task"
2	a8	a3	"Timer state"
6	0	a9	a1	0	"The task manager"
6	0	a10	a4	a9	"Jobs"
6	0	a11	a5	a9	"Memory"
1	a12	a1	"Memory [MB]"	"1.0 1.0 1.0"
6	0	a13	a2	a9	"Node 0"
6	0	a14	a3	a13	"Thread 0"
6	0	a15	a3	a13	"Thread 1"
6	0	a16	a3	a13	"Thread 2"
6	0	a17	a3	a13	"Thread 3"
5	a18	a6	"ngcore::ParallelFor<int,ngcore::EnterTaskManager()::{lambda(int)#1}>(ngcore::T_Range<int>,ngcore::EnterTaskManager()::{lambda(int)#1},int,ngcore::TotalCosts)::{lambda(ngcore::TaskInfo&)#1}"	"0.630615054310908 1 0"
5	a19	a7	"ngcore::ParallelFor<int,ngcore::EnterTaskManager()::{lambda(int)#1}>(ngcore::T_Range<int>,ngcore::EnterTaskManager()::{lambda(int)#1},int,ngcore::TotalCosts)::{lambda(ngcore::TaskInfo&)#1}"	"0.630615054310908 1 0"
5	a20	a6	"ngcore::ParallelForRange<netgen::ElementIndex,netgen::MeshOptimize3d::SwapImprove(netgen::Mesh&,netgen::OPTIMIZEGOAL,netgen::NgBitArray const*)::{lambda(auto:1)#1}>(ngcore::T_Range<netgen::ElementIndex>,netgen::MeshOptimize3d::SwapImprove(netgen::Mesh&,netgen::OPTIMIZEGOAL,netgen::NgBitArray const*)::{lambda(auto:1)#1},int,ngcore::TotalCosts)::{lambda(ngcore::TaskInfo&)#1}"	"0.708022642579866 0 1"
5	a21	a7	"ngcore::ParallelForRange<netgen::ElementIndex,netgen::MeshOptimize3d::SwapImprove(netgen::Mesh&,netgen::OPTIMIZEGOAL,netgen::NgBitArray const*)::{lambda(auto:1)#1}>(ngcore::T_Range<netgen::ElementIndex>,netgen::MeshOptimize3d::SwapImprove(netgen::Mesh&,netgen::OPTIMIZEGOAL,netgen::NgBitArray const*)::{lambda(auto:1)#1},int,ngcore::TotalCosts)::{lambda(ngcore::TaskInfo&)#1}"	"0.708022642579866 0 1"
5	a22	a6	"ngcore::ParallelForRange<netgen::ElementIndex,ngcore::CreateTable<netgen::ElementIndex,netgen::PointIndex,ngcore::T_Range<netgen::ElementIndex>,netgen::Mesh::CreatePoint2ElementTable(std::optional<ngcore::BitArray>)const::{lambda(auto:1&,netgen::ElementIndex)#1}>(ngcore::T_Range<netgen::ElementIndex>const&,netgen::Mesh::CreatePoint2ElementTable(std::optional<ngcore::BitArray>)const::{lambda(auto:1&,netgen::ElementIndex)#1}const&,std::optional<unsigned long>)::{lambda(auto:1)#1}>(ngcore::T_Range<netgen::ElementIndex>,ngcore::Table,int,ngcore::TotalCosts)::{lambda(ngcore::TaskInfo&)#1}"	"0 0.230008221284954 1"
5	a23	a7	"ngcore::ParallelForRange<netgen::ElementIndex,ngcore::CreateTable<netgen::ElementIndex,netgen::PointIndex,ngcore::T_Range<netgen::ElementIndex>,netgen::Mesh::CreatePoint2ElementTable(std::optional<ngcore::BitArray>)const::{lambda(auto:1&,netgen::ElementIndex)#1}>(ngcore::T_Range<netgen::ElementIndex>const&,netgen::Mesh::CreatePoint2ElementTable(std::optional<ngcore::BitArray>)const::{lambda(auto:1&,netgen::ElementIndex)#1}const&,std::optional<unsigned long>)::{lambda(auto:1)#1}>(ngcore::T_Range<netgen::ElementIndex>,ngcore::Table,int,ngcore::TotalCosts)::{lambda(ngcore::TaskInfo&)#1}"	"0 0.230008221284954 1"
5	a24	a6	"ngcore::TablePrefixSum2<unsigned int>(ngcore::FlatArray<unsigned int,unsigned long>)::{lambda(ngcore::TaskInfo)#1}"	"0 0.312895337658212 1"
5	a25	a7	"ngcore::TablePrefixSum2<unsigned int>(ngcore::FlatArray<unsigned int,unsigned long>)::{lambda(ngcore::TaskInfo)#1}"	"0 0.312895337658212 1"
5	a26	a6	"ngcore::TablePrefixSum2<unsigned int>(ngcore::FlatArray<unsigned int,unsigned long>)::{lambda(ngcore::TaskInfo)#2}"	"0 1 0.887517304832004"
5	a27	a7	"ngcore::TablePrefixSum2<unsigned int>(ngcore::FlatArray<unsigned int,unsigned long>)::{lambda(ngcore::TaskInfo)#2}"	"0 1 0.887517304832004"
5	a28	a6	"ngcore::ParallelForRange<netgen::PointIndex,ngcore::CreateSortedTable<netgen::ElementIndex,netgen::PointIndex,ngcore::T_Range<netgen::ElementIndex>,netgen::Mesh::CreatePoint2ElementTable(std::optional<ngcore::BitArray>)const::{lambda(auto:1&,netgen::ElementIndex)#1}>(ngcore::T_Range<netgen::ElementIndex>const&,netgen::Mesh::CreatePoint2ElementTable(std::optional<ngcore::BitArray>)const::{lambda(auto:1&,netgen::ElementIndex)#1}const&,std::optional<unsigned long>)::{lambda(auto:1)#1}>(ngcore::T_Range<netgen::PointIndex>,ngcore::Table,int,ngcore::TotalCosts)::{lambda(ngcore::TaskInfo&)#1}"	"0 0.170427812303051 1"
5	a29	a7	"ngcore::ParallelForRange<netgen::PointIndex,ngcore::CreateSortedTable<netgen::ElementIndex,netgen::PointIndex,ngcore::T_Range<netgen::ElementIndex>,netgen::Mesh::CreatePoint2ElementTable(std::optional<ngcore::BitArray>)const::{lambda(auto:1&,netgen::ElementIndex)#1}>(ngcore::T_Range<netgen::ElementIndex>const&,netgen::Mesh::CreatePoint2ElementTable(std::optional<ngcore::BitArray>)const::{lambda(auto:1&,netgen::ElementIndex)#1}const&,std::optional<unsigned long>)::{lambda(auto:1)#1}>(ngcore::T_Range<netgen::PointIndex>,ngcore::Table,int,ngcore::TotalCosts)::{lambda(ngcore::TaskInfo&)#1}"	"0 0.170427812303051 1"
5	a30	a6	"ngcore::ParallelFor<unsigned long,netgen::BuildEdgeList<netgen::ElementIndex>(netgen::Mesh const&,ngcore::Table<netgen::ElementIndex,netgen::PointIndex>const&,ngcore::Array<std::tuple<netgen::PointIndex,netgen::PointIndex>,unsigned long>&)::{lambda(int)#1}>(ngcore::T_Range<unsigned long>,netgen::BuildEdgeList<netgen::ElementIndex>(netgen::Mesh const&,ngcore::Table<netgen::ElementIndex,netgen::PointIndex>const&,ngcore::Array<std::tuple<netgen::PointIndex,netgen::PointIndex>,unsigned long>&)::{lambda(int)#1},int,ngcore::TotalCosts)::{lambda(ngcore::TaskInfo&)#1}"	"1 0.872005992306398 0"
5	a31	a7	"ngcore::ParallelFor<unsigned long,netgen::BuildEdgeList<netgen::ElementIndex>(netgen::Mesh const&,ngcore::Table<netgen::ElementIndex,netgen::PointIndex>const&,ngcore::Array<std::tuple<netgen::PointIndex,netgen::PointIndex>,unsigned long>&)::{lambda(int)#1}>(ngcore::T_Range<unsigned long>,netgen::BuildEdgeList<netgen::ElementIndex>(netgen::Mesh const&,ngcore::Table<netgen::ElementIndex,netgen::PointIndex>const&,ngcore::Array<std::tuple<netgen::PointIndex,netgen::PointIndex>,unsigned long>&)::{lambda(int)#1},int,ngcore::TotalCosts)::{lambda(ngcore::TaskInfo&)#1}"	"1 0.872005992306398 0"
5	a32	a6	"ngcore::ParallelForRange<unsigned long,netgen::MeshOptimize3d::SwapImprove(netgen::Mesh&,netgen::OPTIMIZEGOAL,netgen::NgBitArray const*)::{lambda(auto:1)#2}>(ngcore::T_Range<unsigned long>,netgen::MeshOptimize3d::SwapImprove(netgen::Mesh&,netgen::OPTIMIZEGOAL,netgen::NgBitArray const*)::{lambda(auto:1)#2},int,ngcore::TotalCosts)::{lambda(ngcore::TaskInfo&)#1}"	"1 0.408375991137786 0"
5	a33	a7	"ngcore::ParallelForRange<unsigned long,netgen::MeshOptimize3d::SwapImprove(netgen::Mesh&,netgen::OPTIMIZEGOAL,netgen::NgBitArray const*)::{lambda(auto:1)#2}>(ngcore::T_Range<unsigned long>,netgen::MeshOptimize3d::SwapImprove(netgen::Mesh&,netgen::OPTIMIZEGOAL,netgen::NgBitArray const*)::{lambda(auto:1)#2},int,ngcore::TotalCosts)::{lambda(ngcore::TaskInfo&)#1}"	"1 0.408375991137786 0"
5	a34	a6	"ngcore::ParallelForRange<netgen::ElementIndex,netgen::Mesh::Compress()::{lambda(auto:1)#1}>(ngcore::T_Range<netgen::ElementIndex>,netgen::Mesh::Compress()::{lambda(auto:1)#1},int,ngcore::TotalCosts)::{lambda(ngcore::TaskInfo&)#1}"	"1 0.0611641584106637 0"
5	a35	a7	"ngcore::ParallelForRange<netgen::ElementIndex,netgen::Mesh::Compress()::{lambda(auto:1)#1}>(ngcore::T_Range<netgen::ElementIndex>,netgen::Mesh::Compress()::{lambda(auto:1)#1},int,ngcore::TotalCosts)::{lambda(ngcore::TaskInfo&)#1}"	"1 0.0611641584106637 0"
5	a36	a6	"ngcore::ParallelForRange<netgen::SurfaceElementIndex,netgen::Mesh::Compress()::{lambda(auto:1)#2}>(ngcore::T_Range<netgen::SurfaceElementIndex>,netgen::Mesh::Compress()::{lambda(auto:1)#2},int,ngcore::TotalCosts)::{lambda(ngcore::TaskInfo&)#1}"	"1 0 -2.77631980257023"
5	a37	a7	"ngcore::ParallelForRange<netgen::SurfaceElementIndex,netgen::Mesh::Compress()::{lambda(auto:1)#2}>(ngcore::T_Range<netgen::SurfaceElementIndex>,netgen::Mesh::Compress()::{lambda(auto:1)#2},int,ngcore::TotalCosts)::{lambda(ngcore::TaskInfo&)#1}"	"1 0 -2.77631980257023"
5	a38	a6	"ngcore::ParallelForRange<netgen::ElementIndex,netgen::Mesh::Compress()::{lambda(auto:1)#3}>(ngcore::T_Range<netgen::ElementIndex>,netgen::Mesh::Compress()::{lambda(auto:1)#3},int,ngcore::TotalCosts)::{lambda(ngcore::TaskInfo&)#1}"	"0.688034037288286 1 0"
5	a39	a7	"ngcore::ParallelForRange<netgen::ElementIndex,netgen::Mesh::Compress()::{lambda(auto:1)#3}>(ngcore::T_Range<netgen::ElementIndex>,netgen::Mesh::Compress()::{lambda(auto:1)#3},int,ngcore::TotalCosts)::{lambda(ngcore::TaskInfo&)#1}"	"0.688034037288286 1 0"
5	a40	a6	"ngcore::ParallelForRange<netgen::SurfaceElementIndex,netgen::Mesh::Compress()::{lambda(auto:1)#4}>(ngcore::T_Range<netgen::SurfaceElementIndex>,netgen::Mesh::Compress()::{lambda(auto:1)#4},int,ngcore::TotalCosts)::{lambda(ngcore::TaskInfo&)#1}"	"0 0.666479625428673 1"
5	a41	a7	"ngcore::ParallelForRange<netgen::SurfaceElementIndex,netgen::Mesh::Compress()::{lambda(auto:1)#4}>(ngcore::T_Range<netgen::SurfaceElementIndex>,netgen::Mesh::Compress()::{lambda(auto:1)#4},int,ngcore::TotalCosts)::{lambda(ngcore::TaskInfo&)#1}"	"0 0.666479625428673 1"
5	a42	a8	"Build edges"	"0 0.0614795051658243 1"
5	a43	a8	"CreateTable"	"0.608616351291681 0 1"
5	a44	a8	"CreateSortedTable"	"0 0.0381698166109086 1"
5	a45	a8	"MeshOptimize3d::SwapImprove loop"	"0.154668690207104 1 0"
5	a46	a8	"MeshOptimize3d::SwapImprove"	"1 0 -2.43968480148811"
5	a47	a8	"FreeOpenElementsEnvironment"	"0.907015785320433 0 1"
5	a48	a8	"Mesh::BuildBoundaryEdges"	"1 0 -2.61861416630415"
5	a49	a8	"Mesh::LinkSurfaceElements"	"0 1 0.171518596860468"
5	a50	a8	"Mesh::Compress"	"1 0.648677515017027 0"
5	a51	a8	"Mesh::CalcSurfacesOfNode, pointloop"	"0 0.319536079261344 1"
5	a52	a8	"Mesh::CalcSurfacesOfNode - surfelementht"	"0.690162641156969 0 1"
5	a53	a8	"Mesh::CalcSurfacesOfNode - surf on node"	"0.000515674241007069 1 0"
5	a54	a8	"Mesh::CalcSurfacesOfNode"	"1 0 -2.35340285344361"
6	0	a55	a3	a9	"Timer level 0"
6	0	a56	a3	a9	"Timer level 1"
6	0	a57	a3	a9	"Timer level 2"
6	0	a58	a3	a9	"Timer level 3"
4	a59	a2	a3	a3	"links"
8	0	a12	a11	0
12	0.203045391645588	a6	a10	a18	0
12	0.203327251862172	a7	a14	a19	0
13	0.203435451561436	a7	a14
12	0.203531749293781	a7	a14	a19	1
13	0.203560963212583	a7	a14
12	0.2036026200968	a7	a14	a19	3
13	0.203618850051689	a7	a14
12	0.203658883940417	a7	a16	a19	2
13	0.204050566851754	a7	a16
13	0.204310246129989	a6	a10
12	0.209093213835971	a8	a55	a47	0
13	0.225681309730197	a8	a55
12	0.226072451643037	a8	a55	a46	0
12	0.226291015035552	a8	a56	a48	0
13	0.226337540906235	a8	a56
12	0.228411188142637	a6	a10	a20	0
12	0.228494501911071	a7	a14	a21	0
12	0.228805846545704	a7	a15	a21	1
13	0.228909988756246	a7	a14
12	0.228958137622419	a7	a14	a21	2
12	0.229055517351757	a7	a17	a21	3
13	0.229374706464587	a7	a14
13	0.230304953379013	a7	a15
13	0.230392324636169	a7	a17
13	0.230550296197095	a6	a10
12	0.232070501971759	a8	a56	a44	0
12	0.232181406663506	a8	a57	a43	0
12	0.232630976413949	a6	a10	a22	0
12	0.232700765219975	a7	a14	a23	0
12	0.233076759174918	a7	a16	a23	1
12	0.233078111671159	a7	a15	a23	2
12	0.233256370675697	a7	a17	a23	3
13	0.233480344053175	a7	a14
12	0.233532820907318	a7	a14	a23	4
13	0.233887445421657	a7	a15
13	0.233899076889328	a7	a14
13	0.233910978856247	a7	a16
12	0.233938028781063	a7	a14	a23	5
12	0.233987530143477	a7	a15	a23	6
12	0.234025129538971	a7	a16	a23	7
13	0.234137657226206	a7	a17
12	0.234210151024713	a7	a17	a23	8
13	0.234370016080376	a7	a15
13	0.234377319560076	a7	a14
12	0.234436288396176	a7	a14	a23	9
12	0.234482543767611	a7	a15	a23	10
13	0.234602915933043	a7	a16
12	0.234700295662381	a7	a16	a23	11
13	0.234752772516524	a7	a17
12	0.23483716828195	a7	a17	a23	12
13	0.234913990068428	a7	a14
12	0.234969712913549	a7	a14	a23	13
13	0.23508142910304	a7	a15
12	0.235140938937635	a7	a15	a23	14
13	0.235226146200806	a7	a16
12	0.235293771012846	a7	a16	a23	15
13	0.235306213978261	a7	a14
13	0.235324607927136	a7	a17
13	0.235574819731685	a7	a15
13	0.23583747450165	a7	a16
13	0.235991659073101	a6	a10
12	0.237142362874778	a6	a10	a24	0
12	0.237197544721403	a7	a14	a25	0
12	0.23734658980714	a7	a15	a25	1
13	0.237391222183086	a7	a14
12	0.237443158038733	a7	a14	a25	2
13	0.237502667873329	a7	a14
12	0.237525930808671	a7	a14	a25	3
13	0.237559472715443	a7	a14
13	0.237683631870348	a7	a15
13	0.237903547759103	a6	a10
12	0.23812319314861	a6	a10	a26	0
12	0.238202719927569	a7	a14	a27	0
12	0.23836583097421	a7	a15	a27	1
13	0.238398561383238	a7	a14
12	0.238441300264447	a7	a14	a27	2
13	0.23850567908551	a7	a14
12	0.238519204047918	a7	a16	a27	3
13	0.238677446108092	a7	a15
13	0.238751833401336	a7	a16
13	0.238939018881064	a6	a10
12	0.239734286670657	a6	a10	a22	0
12	0.239791091512771	a7	a14	a23	0
12	0.23986331481203	a7	a15	a23	1
12	0.240025884860175	a7	a16	a23	2
13	0.240157347494781	a7	a14
12	0.24021036534742	a7	a14	a23	3
12	0.240275826165475	a7	a17	a23	4
13	0.240477889103852	a7	a15
12	0.240544972917395	a7	a15	a23	5
13	0.240560932373037	a7	a14
12	0.240618819212143	a7	a14	a23	6
13	0.240661017094857	a7	a16
12	0.240729723903889	a7	a16	a23	7
13	0.240794643723448	a7	a17
12	0.240864432529474	a7	a17	a23	8
13	0.240906359912939	a7	a15
13	0.240962894255804	a7	a14
12	0.240975066721971	a7	a15	a23	9
12	0.241040798039275	a7	a14	a23	10
13	0.241191195621252	a7	a16
12	0.241267476409233	a7	a16	a23	11
13	0.241344298195711	a7	a17
13	0.241375135110002	a7	a14
12	0.241423283976174	a7	a14	a23	12
13	0.241433833446853	a7	a15
12	0.241459530875428	a7	a17	a23	13
12	0.241533377170176	a7	a15	a23	14
13	0.241762490033368	a7	a16
12	0.241830114845408	a7	a16	a23	15
13	0.241927765073994	a7	a15
13	0.241936150550687	a7	a17
13	0.242032448283033	a7	a14
13	0.242315931495106	a7	a16
13	0.242452263116179	a6	a10
13	0.242688679459071	a8	a57
12	0.242799043152321	a6	a10	a28	0
12	0.242864503970376	a7	a14	a29	0
12	0.243124183248611	a7	a16	a29	1
13	0.24313608521553	a7	a14
12	0.243189644066666	a7	a14	a29	2
13	0.243245907910283	a7	a14
12	0.243285941799011	a7	a14	a29	3
12	0.243330303675709	a7	a17	a29	4
13	0.243338418653154	a7	a14
12	0.243376288547897	a7	a14	a29	6
13	0.243377370544889	a7	a16
12	0.243397116990005	a7	a15	a29	5
13	0.243439585371966	a7	a14
12	0.243518571152429	a7	a16	a29	7
12	0.243523981137393	a7	a14	a29	8
13	0.243566179020106	a7	a14
13	0.243576457991536	a7	a16
13	0.243585113967477	a7	a17
13	0.243611893393045	a7	a15
12	0.243668968734407	a7	a16	a29	9
12	0.243675460716363	a7	a14	a29	10
13	0.243726314575017	a7	a14
12	0.243736593546447	a7	a17	a29	11
13	0.243737134544943	a7	a16
12	0.243799078872772	a7	a15	a29	12
12	0.243817202322399	a7	a14	a29	13
13	0.243826940295333	a7	a17
12	0.243850203230675	a7	a16	a29	14
13	0.243862375696842	a7	a15
13	0.243865892187068	a7	a14
12	0.243901057089329	a7	a17	a29	15
13	0.243995190827689	a7	a17
13	0.244006551796112	a7	a16
13	0.244227279182611	a6	a10
13	0.244255952102916	a8	a56
12	0.245547856512133	a8	a56	a42	0
12	0.246054772103187	a6	a10	a30	0
12	0.246145659850569	a7	a14	a31	0
12	0.246460520975428	a7	a17	a31	1
12	0.246521653805513	a7	a16	a31	2
13	0.246666641402527	a7	a14
12	0.246741299195019	a7	a14	a31	3
12	0.246767537622091	a7	a15	a31	4
13	0.246789448061192	a7	a17
13	0.246815415989016	a7	a16
12	0.246862482858196	a7	a17	a31	5
13	0.246873302828122	a7	a14
12	0.246890073781508	a7	a16	a31	6
12	0.246925238683769	a7	a14	a31	7
13	0.247012339441677	a7	a16
13	0.24703397938153	a7	a14
12	0.247069685282287	a7	a14	a31	8
13	0.24707509526725	a7	a17
12	0.247099440199585	a7	a16	a31	9
13	0.24716922900561	a7	a14
13	0.247215754876294	a7	a16
12	0.247220082864264	a7	a14	a31	10
12	0.247291494665779	a7	a17	a31	11
13	0.247311511610143	a7	a14
13	0.247323143077814	a7	a15
12	0.247362365468797	a7	a16	a31	12
12	0.247366152458271	a7	a14	a31	13
13	0.247425662292867	a7	a17
12	0.247436211763545	a7	a15	a31	14
13	0.247457040205654	a7	a14
13	0.247479762142499	a7	a16
12	0.2474943691019	a7	a14	a31	15
13	0.247540624473335	a7	a15
13	0.247648012674855	a7	a14
13	0.247757294371112	a6	a10
13	0.248260963971188	a8	a56
12	0.248426509511063	a8	a56	a45	0
12	0.248706746732157	a6	a10	a32	0
12	0.248785191514124	a7	a14	a33	0
12	0.248860931303609	a7	a17	a33	1
13	0.249095183652517	a7	a14
13	0.249111413607406	a7	a17
12	0.249206088344263	a7	a14	a33	2
12	0.249234761264568	a7	a16	a33	3
13	0.249247745228479	a7	a14
12	0.249249909222465	a7	a17	a33	4
13	0.249305632067586	a7	a17
12	0.249341608467591	a7	a15	a33	5
12	0.249347288951803	a7	a14	a33	6
13	0.249382453854063	a7	a14
12	0.249401388801435	a7	a17	a33	7
13	0.24940950377888	a7	a16
12	0.249420864747302	a7	a14	a33	8
13	0.249438176699185	a7	a17
13	0.249451701661593	a7	a14
13	0.24948010408265	a7	a15
12	0.249496063538291	a7	a17	a33	9
13	0.249521490467618	a7	a17
12	0.2495241954601	a7	a14	a33	10
13	0.249569639333791	a7	a14
12	0.249587221784921	a7	a15	a33	11
12	0.249619411195453	a7	a14	a33	12
13	0.249639157640568	a7	a15
13	0.249649707111247	a7	a14
12	0.249658363087188	a7	a16	a33	13
12	0.249673511045085	a7	a17	a33	14
13	0.249703806960879	a7	a17
12	0.249720848413513	a7	a15	a33	15
13	0.249812277159391	a7	a15
13	0.249834187598492	a7	a16
13	0.250103604849661	a6	a10
13	0.250410891995572	a8	a56
12	0.252725283562837	a8	a56	a50	0
12	0.260591401699359	a6	a10	a34	0
12	0.260659567509896	a7	a14	a35	0
12	0.261044758439277	a7	a17	a35	1
12	0.261146466156585	a7	a16	a35	2
12	0.261159179621249	a7	a15	a35	3
13	0.26729707806127	a7	a14
13	0.2729851362516	a7	a17
13	0.273351933232106	a7	a16
13	0.273704934750956	a7	a15
13	0.273939457599112	a6	a10
12	0.274341960480375	a6	a10	a36	0
12	0.274406880299934	a7	a14	a37	0
12	0.274669535069898	a7	a15	a37	1
12	0.274736348384194	a7	a16	a37	2
12	0.274778546266907	a7	a17	a37	3
13	0.276933884276254	a7	a17
13	0.278535780823863	a7	a16
13	0.278711064336672	a7	a14
13	0.279383254968352	a7	a15
13	0.27957774392778	a6	a10
12	0.28611138276786	a6	a10	a38	0
12	0.286179007579901	a7	a14	a39	0
12	0.286397841471663	a7	a15	a39	1
12	0.286479261745359	a7	a16	a39	2
12	0.286503065679198	a7	a17	a39	3
13	0.287587226665827	a7	a14
13	0.287845553447821	a7	a15
13	0.287856102918499	a7	a17
13	0.288528023050931	a7	a16
13	0.288686535610353	a6	a10
12	0.289152335315686	a6	a10	a40	0
12	0.289284879947285	a7	a14	a41	0
12	0.289624356503727	a7	a15	a41	1
12	0.289666283887192	a7	a17	a41	2
12	0.289822632452629	a7	a16	a41	3
13	0.290135329583503	a7	a14
13	0.290857562576093	a7	a17
13	0.290889751986624	a7	a15
13	0.291039338070858	a7	a16
13	0.291200014624265	a6	a10
12	0.292030988314616	a8	a57	a49	0
13	0.299305254096161	a8	a57
12	0.299758069837583	a8	a57	a54	0
12	0.307990443956115	a8	a58	a53	0
13	0.323719975236677	a8	a58
12	0.323759468126908	a8	a58	a52	0
13	0.330315828903835	a8	a58
12	0.33037101075046	a8	a58	a51	0
13	0.333225318817054	a8	a58
13	0.335865391479106	a8	a57
13	0.336524868646122	a8	a56
13	0.336969569410099	a8	a55
12	0.338573088953197	a8	a55	a46	0
12	0.338673714673513	a8	a56	a48	0
13	0.367405603814678	a8	a56
12	0.36786869852753	a6	a10	a20	0
12	0.367932536350096	a7	a14	a21	0
12	0.368248749971196	a7	a15	a21	1
12	0.368280939381727	a7	a16	a21	2
12	0.368312317294514	a7	a17	a21	3
13	0.36840699203137	a7	a14
13	0.368888751192345	a7	a15
13	0.368920940602876	a7	a17
13	0.369030222299133	a7	a16
13	0.369154110954791	a6	a10
12	0.369542006876654	a8	a56	a44	0
12	0.369570138798463	a8	a57	a43	0
12	0.369782751207517	a6	a10	a22	0
12	0.369841720043616	a7	a14	a23	0
12	0.37018390159254	a7	a15	a23	1
12	0.37031184773692	a7	a16	a23	2
12	0.370335651670758	a7	a17	a23	3
13	0.370342143652714	a7	a14
12	0.370389751520391	a7	a14	a23	4
13	0.370872863177606	a7	a14
13	0.370891527625729	a7	a15
12	0.37089288012197	a7	a14	a23	5
13	0.370930750016713	a7	a16
12	0.370974841394163	a7	a15	a23	6
12	0.371024883755073	a7	a16	a23	7
13	0.371090344573128	a7	a17
12	0.371179068326524	a7	a17	a23	8
13	0.371447674079948	a7	a15
12	0.371520708876952	a7	a15	a23	9
13	0.371564800254402	a7	a14
13	0.371567505246884	a7	a16
12	0.371638917048398	a7	a16	a23	10
12	0.371660556988251	a7	a14	a23	11
13	0.371834758504067	a7	a17
12	0.371915908278515	a7	a17	a23	12
13	0.372040067433421	a7	a15
13	0.37206955185147	a7	a16
12	0.372106069249972	a7	a15	a23	13
12	0.372172341565772	a7	a16	a23	14
13	0.372244835364279	a7	a14
12	0.37230488619737	a7	a14	a23	15
13	0.372371429012418	a7	a17
13	0.372624345809449	a7	a15
13	0.372719832044049	a7	a16
13	0.372908640519266	a7	a14
13	0.373010889235071	a6	a10
12	0.373412310119342	a6	a10	a24	0
12	0.373473442949426	a7	a14	a25	0
13	0.373536198774999	a7	a14
12	0.373552428729889	a7	a14	a25	1
13	0.373594085614106	a7	a14
12	0.373610856567492	a7	a14	a25	2
13	0.373642234480278	a7	a14
12	0.373677399382539	a7	a14	a25	3
13	0.373721220260741	a7	a14
13	0.373767746131425	a6	a10
12	0.373877568826179	a6	a10	a26	0
12	0.37396412858559	a7	a14	a27	0
12	0.374049065349513	a7	a16	a27	1
13	0.374049065349513	a7	a14
12	0.374105870191626	a7	a14	a27	2
13	0.374167544020207	a7	a14
12	0.374184314973593	a7	a14	a27	3
13	0.374216233884876	a7	a16
13	0.374233004838262	a7	a14
13	0.374425059304456	a6	a10
12	0.374659311653364	a6	a10	a22	0
12	0.374713952501492	a7	a14	a23	0
12	0.375178670209833	a7	a17	a23	1
12	0.375208966125627	a7	a16	a23	2
13	0.37522032709405	a7	a14
12	0.375276049939171	a7	a14	a23	4
12	0.375288222405338	a7	a15	a23	3
13	0.375741849644504	a7	a14
13	0.375779719539247	a7	a16
13	0.375791621506166	a7	a17
13	0.375812449948274	a7	a15
12	0.375821376423463	a7	a14	a23	5
12	0.375876017271592	a7	a16	a23	6
12	0.375920920146787	a7	a17	a23	7
12	0.375930387620472	a7	a15	a23	8
13	0.376237404267135	a7	a14
12	0.376315849049102	a7	a14	a23	9
13	0.376387801849113	a7	a16
13	0.376458402152883	a7	a15
12	0.376468410625065	a7	a16	a23	10
13	0.376471115617546	a7	a17
12	0.376546855407031	a7	a17	a23	11
12	0.37657796282057	a7	a15	a23	12
13	0.37676920578902	a7	a14
12	0.37682655162963	a7	a14	a23	13
13	0.376935833325887	a7	a16
12	0.377015360104846	a7	a16	a23	14
13	0.37708541941012	a7	a15
13	0.377088935900346	a7	a17
12	0.377184151635699	a7	a17	a23	15
13	0.377235005494353	a7	a14
13	0.377462765861304	a7	a16
13	0.377687280237278	a7	a17
13	0.377839300814745	a6	a10
13	0.377950205506491	a8	a57
12	0.378005928351612	a6	a10	a28	0
12	0.378058405205755	a7	a14	a29	0
13	0.378156325933589	a7	a14
12	0.378196359822317	a7	a14	a29	1
12	0.378236934709541	a7	a16	a29	2
13	0.378249377674957	a7	a14
12	0.378288870565188	a7	a14	a29	3
13	0.378348380399784	a7	a14
12	0.378357306874973	a7	a15	a29	4
13	0.378377053320089	a7	a16
12	0.378390037284	a7	a14	a29	5
13	0.378436022156188	a7	a14
12	0.378467400068974	a7	a16	a29	6
13	0.378488228511083	a7	a15
12	0.37850040097725	a7	a14	a29	7
13	0.378545303852445	a7	a16
12	0.378545844850941	a7	a17	a29	8
13	0.378590747726136	a7	a14
12	0.37865485604795	a7	a15	a29	9
12	0.378664864520132	a7	a14	a29	10
13	0.378674061494569	a7	a17
12	0.378699488423897	a7	a16	a29	11
13	0.378725997350216	a7	a14
13	0.378741415807361	a7	a15
12	0.378752506276536	a7	a17	a29	12
13	0.378777933205863	a7	a16
12	0.378780097199849	a7	a14	a29	13
13	0.378828246066021	a7	a14
13	0.37883582004497	a7	a17
12	0.378868279954749	a7	a16	a29	14
12	0.378904797353251	a7	a15	a29	15
13	0.378937527762278	a7	a16
13	0.379011374057026	a7	a15
13	0.379163124135244	a6	a10
13	0.37919179705555	a8	a56
12	0.379993556827099	a8	a56	a42	0
12	0.380135298433135	a6	a10	a30	0
12	0.380206169236153	a7	a14	a31	0
12	0.380293540493309	a7	a15	a31	1
13	0.380358730812116	a7	a14
12	0.380397141705355	a7	a14	a31	2
13	0.380493980436197	a7	a14
12	0.380511292388079	a7	a14	a31	3
13	0.38055376077004	a7	a15
12	0.38062138558208	a7	a15	a31	4
13	0.380651410998626	a7	a14
12	0.380723363798637	a7	a14	a31	5
13	0.380735536264804	a7	a15
12	0.380809382559552	a7	a17	a31	6
13	0.380829399503916	a7	a14
12	0.380849957446776	a7	a16	a31	7
12	0.380886745344526	a7	a14	a31	8
12	0.380940033696414	a7	a15	a31	9
13	0.380994945043791	a7	a17
13	0.381004683016725	a7	a14
13	0.381025240959585	a7	a16
12	0.381048503894927	a7	a14	a31	10
13	0.381075283320495	a7	a15
12	0.381087996785158	a7	a17	a31	11
12	0.381153457603213	a7	a16	a31	12
13	0.381153998601709	a7	a14
12	0.381182942021263	a7	a15	a31	13
12	0.381201065470889	a7	a14	a31	14
13	0.381206475455853	a7	a17
13	0.381288166228797	a7	a16
13	0.3813392905867	a7	a15
12	0.381342807076926	a7	a17	a31	15
13	0.381405021904003	a7	a14
13	0.381439104809271	a7	a17
13	0.3816555042078	a6	a10
13	0.382004989236424	a8	a56
12	0.382072614048464	a8	a56	a45	0
12	0.382143484851482	a6	a10	a32	0
12	0.382227880616909	a7	a14	a33	0
13	0.382268996502629	a7	a14
12	0.382285767456015	a7	a14	a33	1
13	0.382303620406394	a7	a14
12	0.38232039135978	a7	a14	a33	2
13	0.382339326307151	a7	a14
12	0.382356638259033	a7	a14	a33	3
13	0.382383147185353	a7	a14
12	0.382400459137235	a7	a14	a33	4
13	0.382419394084607	a7	a14
12	0.382435624039496	a7	a14	a33	5
13	0.382455099985364	a7	a14
12	0.38249837986507	a7	a14	a33	6
13	0.382522183798908	a7	a14
12	0.382547610728235	a7	a16	a33	7
12	0.382559512695154	a7	a14	a33	8
13	0.382583857627488	a7	a14
12	0.38263958047261	a7	a14	a33	9
13	0.382640121471106	a7	a16
13	0.382676909368856	a7	a14
12	0.382716943257584	a7	a16	a33	11
12	0.382724246737284	a7	a15	a33	10
12	0.382735337206459	a7	a14	a33	12
13	0.382735878204955	a7	a16
13	0.382773748099697	a7	a14
13	0.382801068523762	a7	a15
12	0.382807831004966	a7	a16	a33	13
13	0.382830011943315	a7	a16
12	0.382831093940308	a7	a14	a33	14
12	0.382868152337306	a7	a15	a33	15
13	0.382890062776407	a7	a14
13	0.382890874274151	a7	a15
13	0.383195726926829	a6	a10
13	0.383305549621582	a8	a56
12	0.384154917260808	a8	a56	a50	0
12	0.387401990235732	a6	a10	a34	0
12	0.387465287059802	a7	a14	a35	0
12	0.388104476783206	a7	a15	a35	1
12	0.388140453183212	a7	a16	a35	2
12	0.388188061050888	a7	a17	a35	3
13	0.388966557887095	a7	a14
13	0.398509230363719	a7	a17
13	0.399223618878112	a7	a15
13	0.399369958971368	a7	a16
13	0.399847119645123	a6	a10
12	0.400024567151917	a6	a10	a36	0
12	0.400094355957943	a7	a14	a37	0
12	0.400467644920405	a7	a16	a37	1
12	0.40048901436101	a7	a15	a37	2
12	0.400600189552004	a7	a17	a37	3
13	0.401683809540137	a7	a14
13	0.402167462195849	a7	a17
13	0.403231335738866	a7	a15
13	0.403358199886253	a7	a16
13	0.403508597468231	a6	a10
12	0.406189245017506	a6	a10	a38	0
12	0.406283919754363	a7	a14	a39	0
12	0.406440538819048	a7	a15	a39	1
12	0.406723751531872	a7	a16	a39	2
12	0.406915805998067	a7	a17	a39	3
13	0.407403245643253	a7	a14
13	0.407811970007224	a7	a15
13	0.408110871676442	a7	a16
13	0.408267761240375	a7	a17
13	0.40840679785393	a6	a10
12	0.408538801487033	a6	a10	a40	0
12	0.408603180308095	a7	a14	a41	0
12	0.40886285958633	a7	a16	a41	1
12	0.409046258076583	a7	a17	a41	2
12	0.409081152479596	a7	a15	a41	3
13	0.409408727069119	a7	a14
13	0.409974070497775	a7	a16
13	0.41021454432939	a7	a15
13	0.410464215135443	a7	a17
13	0.41062489168885	a6	a10
12	0.411036050546055	a8	a57	a49	0
13	0.417320289079331	a8	a57
12	0.417464735677849	a8	a57	a54	0
12	0.420151875209081	a8	a58	a53	0
13	0.433771512353987	a8	a58
12	0.433814792233693	a8	a58	a52	0
13	0.439200973263075	a8	a58
12	0.439258319103685	a8	a58	a51	0
13	0.441995230496578	a8	a58
13	0.444581744307493	a8	a57
13	0.444713747940596	a8	a56
13	0.445027527068463	a8	a55
12	0.445828745841516	a8	a55	a46	0
12	0.445870943724229	a8	a56	a48	0
13	0.4753521157828	a8	a56
12	0.475655615939236	a6	a10	a20	0
12	0.475721076757291	a7	a14	a21	0
12	0.475970477064096	a7	a17	a21	1
12	0.476163884026531	a7	a15	a21	2
12	0.47619931942804	a7	a16	a21	3
13	0.476222582363382	a7	a14
13	0.476837427154452	a7	a15
13	0.47693183139206	a7	a16
13	0.476932372390556	a7	a17
13	0.477181772697361	a6	a10
12	0.477524765744029	a8	a56	a44	0
12	0.477550733671852	a8	a57	a43	0
12	0.477775789046322	a6	a10	a22	0
12	0.477841249864377	a7	a14	a23	0
12	0.478077395708022	a7	a15	a23	1
12	0.478300557587755	a7	a17	a23	2
12	0.478352493443402	a7	a16	a23	3
13	0.478414708270479	a7	a14
12	0.47847475910357	a7	a14	a23	4
13	0.478781234751737	a7	a15
12	0.478864007521674	a7	a15	a23	5
13	0.478938935813415	a7	a14
12	0.478987084679587	a7	a14	a23	6
13	0.479007101623951	a7	a17
13	0.479062824469072	a7	a16
12	0.479073103440503	a7	a17	a23	7
12	0.479140187254046	a7	a16	a23	8
13	0.479303839299184	a7	a15
12	0.479372546108217	a7	a15	a23	9
13	0.479481016306729	a7	a14
12	0.479537280150347	a7	a14	a23	10
13	0.479601658971409	a7	a17
13	0.479633036884196	a7	a16
12	0.479674693768413	a7	a17	a23	11
12	0.479717432649622	a7	a16	a23	12
13	0.479761524027072	a7	a15
12	0.479835099822572	a7	a15	a23	13
13	0.480058261702305	a7	a14
12	0.48011344354893	a7	a14	a23	14
13	0.480168084397058	a7	a16
13	0.480172682884277	a7	a15
12	0.480251398165492	a7	a16	a23	15
13	0.480261677136922	a7	a17
13	0.480573292270803	a7	a14
13	0.480723148854285	a7	a16
13	0.480854070490395	a6	a10
12	0.481297689257379	a6	a10	a24	0
12	0.481361527079945	a7	a14	a25	0
13	0.481450250833341	a7	a14
12	0.481488120728084	a7	a16	a25	1
12	0.481500563693499	a7	a14	a25	2
13	0.481544925570198	a7	a14
12	0.481594967931108	a7	a15	a25	3
13	0.48163581331758	a7	a16
13	0.48169613464992	a7	a15
13	0.481881967633406	a6	a10
12	0.48200206929959	a6	a10	a26	0
12	0.482056169149222	a7	a14	a27	0
13	0.482123252962766	a7	a14
12	0.482147056896604	a7	a14	a27	1
13	0.482192500770295	a7	a14
12	0.482209812722177	a7	a14	a27	2
13	0.482261207579328	a7	a14
12	0.482281765522188	a7	a14	a27	3
13	0.482335324373324	a7	a14
13	0.482549018779371	a6	a10
12	0.482745942232033	a6	a10	a22	0
12	0.482801665077154	a7	a14	a23	0
12	0.483103271738853	a7	a15	a23	1
12	0.483216610923833	a7	a17	a23	2
12	0.483247988836619	a7	a16	a23	3
13	0.483343745570468	a7	a14
12	0.48339946841559	a7	a14	a23	4
13	0.48370973105323	a7	a15
12	0.483786552839708	a7	a15	a23	5
13	0.483793856319408	a7	a16
13	0.483794938316401	a7	a17
12	0.483899892024687	a7	a16	a23	6
12	0.483909088999125	a7	a17	a23	7
13	0.483929646941985	a7	a14
12	0.483988074779588	a7	a14	a23	8
13	0.484177694752549	a7	a15
12	0.484246942560078	a7	a15	a23	9
13	0.484390577660851	a7	a16
13	0.484394905648822	a7	a17
12	0.484496072367634	a7	a16	a23	10
12	0.484497695363123	a7	a17	a23	11
13	0.484592911098476	a7	a14
12	0.484651338936079	a7	a14	a23	12
13	0.484658642415779	a7	a15
12	0.484722480238345	a7	a15	a23	13
13	0.484996495976732	a7	a17
13	0.485047890833883	a7	a16
12	0.485080891742158	a7	a17	a23	14
13	0.4850968511978	a7	a15
12	0.485117679639908	a7	a16	a23	15
13	0.485218305360224	a7	a14
13	0.485485558617407	a7	a17
13	0.485656514142245	a7	a16
13	0.485802042737756	a6	a10
13	0.485944325342288	a8	a57
12	0.485970834268608	a6	a10	a28	0
12	0.486029803104707	a7	a14	a29	0
13	0.486102837901711	a7	a14
12	0.486120149853593	a7	a14	a29	1
13	0.486182905679166	a7	a14
12	0.486203463622026	a7	a14	a29	2
13	0.486265137450607	a7	a14
12	0.486329516271669	a7	a14	a29	3
13	0.486383075122805	a7	a14
12	0.48642365001003	a7	a14	a29	4
12	0.486450970434094	a7	a15	a29	5
13	0.486479913853647	a7	a14
12	0.4865015537935	a7	a17	a29	6
12	0.486533472704783	a7	a16	a29	7
12	0.486534554701776	a7	a14	a29	8
13	0.486592171041634	a7	a15
13	0.486596228530356	a7	a14
13	0.48664275440104	a7	a17
13	0.486656820361944	a7	a16
12	0.48670010024165	a7	a14	a29	9
12	0.486720387685262	a7	a15	a29	10
13	0.486755282088275	a7	a14
12	0.486762315068727	a7	a16	a29	11
12	0.486808840939411	a7	a14	a29	12
12	0.486841841847686	a7	a17	a29	13
13	0.486850768322876	a7	a15
13	0.486851038822124	a7	a16
13	0.486868891772503	a7	a14
12	0.48693841007928	a7	a15	a29	14
12	0.486958697522892	a7	a14	a29	15
13	0.486972763483796	a7	a17
13	0.487003870897335	a7	a15
13	0.48709286514998	a7	a14
13	0.487287083610159	a6	a10
13	0.487326035501895	a8	a56
12	0.487857837023779	a8	a56	a42	0
12	0.487980643682444	a6	a10	a30	0
12	0.488037448524558	a7	a14	a31	0
13	0.488187305108039	a7	a14
12	0.488205158058418	a7	a14	a31	1
13	0.488329046714076	a7	a14
12	0.488410196488524	a7	a14	a31	2
12	0.488461320846426	a7	a15	a31	3
13	0.488542741120123	a7	a14
12	0.488549774100575	a7	a16	a31	4
12	0.488591971983288	a7	a17	a31	5
12	0.488600086960733	a7	a14	a31	6
13	0.488707475162253	a7	a15
13	0.488730467598347	a7	a16
13	0.488754271532185	a7	a14
13	0.488758058521659	a7	a17
12	0.488796469414898	a7	a14	a31	7
12	0.488852192260019	a7	a16	a31	8
12	0.488858954741223	a7	a15	a31	9
12	0.488908997102133	a7	a17	a31	10
13	0.488910079099125	a7	a14
12	0.488964719947254	a7	a14	a31	11
13	0.488970400431465	a7	a15
13	0.488972293926202	a7	a16
13	0.489042082732228	a7	a17
12	0.489054525697643	a7	a16	a31	12
12	0.489069944154789	a7	a15	a31	13
13	0.489108084548779	a7	a14
12	0.489135675472092	a7	a17	a31	14
12	0.489164348392397	a7	a14	a31	15
13	0.489197890299169	a7	a16
13	0.489212767757818	a7	a15
13	0.489282286064595	a7	a14
13	0.489283909060084	a7	a17
13	0.489470553541315	a6	a10
13	0.48975079076241	a8	a56
12	0.489820038569939	a8	a56	a45	0
12	0.489880089403031	a6	a10	a32	0
12	0.489939599237626	a7	a14	a33	0
12	0.490014257030119	a7	a17	a33	1
13	0.490038060963957	a7	a14
12	0.490093242810582	a7	a14	a33	2
13	0.490112177757953	a7	a17
13	0.490118128741412	a7	a14
12	0.49019495052789	a7	a14	a33	3
12	0.490214426473758	a7	a17	a33	4
13	0.490238230407596	a7	a17
13	0.490239312404589	a7	a14
12	0.490259870347449	a7	a17	a33	5
12	0.490278264296324	a7	a14	a33	6
13	0.490294494251213	a7	a17
13	0.490300986233169	a7	a14
12	0.490342643117386	a7	a14	a33	7
13	0.490363201060246	a7	a14
12	0.490372398034684	a7	a17	a33	8
13	0.490402152951982	a7	a17
12	0.490403234948974	a7	a14	a33	9
13	0.490431907869279	a7	a14
12	0.490470859761014	a7	a16	a33	10
12	0.490493040699364	a7	a17	a33	11
12	0.490518467628691	a7	a14	a33	12
13	0.490534156585084	a7	a17
13	0.49053469758358	a7	a16
13	0.490543894558018	a7	a14
12	0.490593395920431	a7	a15	a33	13
12	0.490629913318933	a7	a17	a33	14
12	0.490659127237734	a7	a16	a33	15
13	0.490660479733975	a7	a15
13	0.490684013168565	a7	a16
13	0.490686177162551	a7	a17
13	0.490954512416726	a6	a10
13	0.491026465216737	a8	a56
12	0.491894226804838	a8	a56	a50	0
12	0.495048789036891	a6	a10	a34	0
12	0.495102347888027	a7	a14	a35	0
12	0.495240302504589	a7	a17	a35	1
12	0.495304681325651	a7	a16	a35	2
12	0.495545155157267	a7	a15	a35	3
13	0.503964444256278	a7	a14
13	0.508073327835843	a7	a17
13	0.508513700611849	a7	a16
13	0.508848849180321	a7	a15
13	0.509017370211925	a6	a10
12	0.509100142981862	a6	a10	a36	0
12	0.509196440714208	a7	a14	a37	0
12	0.5095800086481	a7	a16	a37	1
12	0.509614362052617	a7	a15	a37	2
12	0.509733111222559	a7	a17	a37	3
13	0.511041786585162	a7	a14
13	0.511615244991263	a7	a17
13	0.512475703099664	a7	a15
13	0.512593370272614	a7	a16
13	0.512737816871132	a6	a10
12	0.515394119488073	a6	a10	a38	0
12	0.515490417220418	a7	a14	a39	0
12	0.515779580916702	a7	a15	a39	1
12	0.515947019951314	a7	a16	a39	2
12	0.516036284703207	a7	a17	a39	3
13	0.516817486531896	a7	a14
13	0.517260834799632	a7	a15
13	0.517392567933486	a7	a16
13	0.517522407572603	a7	a17
13	0.517662526183151	a6	a10
12	0.517743675957599	a6	a10	a40	0
12	0.517809136775654	a7	a14	a41	0
12	0.517931672935071	a7	a15	a41	1
12	0.518106144950135	a7	a16	a41	2
12	0.518321462351671	a7	a17	a41	3
13	0.518530828769748	a7	a14
13	0.519211675377369	a7	a15
13	0.519508413052601	a7	a16
13	0.519547905942833	a7	a17
13	0.51972048446316	a6	a10
12	0.519985032727861	a8	a57	a49	0
13	0.52583052148062	a8	a57
12	0.525895441300179	a8	a57	a54	0
12	0.528133011080967	a8	a58	a53	0
13	0.540903821585144	a8	a58
12	0.540952511449813	a8	a58	a52	0
13	0.54638359535439	a8	a58
12	0.54643499021154	a8	a58	a51	0
13	0.5491767705909	a8	a58
13	0.55178167835069	a8	a57
13	0.551939649911616	a8	a56
13	0.552199329189851	a8	a55
12	0.55297025204711	a8	a55	a46	0
12	0.553004334952378	a8	a56	a48	0
13	0.598584540264499	a8	a56
12	0.599479351777416	a6	a10	a20	0
12	0.59956104255036	a7	a14	a21	0
12	0.599651118799998	a7	a15	a21	1
12	0.599760670995503	a7	a16	a21	2
12	0.599854263735367	a7	a17	a21	3
13	0.600122598989543	a7	a14
13	0.60017155935346	a7	a15
13	0.600331424409123	a7	a16
13	0.600349818357998	a7	a17
13	0.600507248920428	a6	a10
12	0.601237055891966	a8	a56	a44	0
12	0.601280876770168	a8	a57	a43	0
12	0.601501063158171	a6	a10	a22	0
12	0.601563277985248	a7	a14	a23	0
12	0.601769398412347	a7	a16	a23	1
12	0.601799694328141	a7	a17	a23	2
13	0.601966862863504	a7	a14
12	0.602029618689078	a7	a14	a23	3
12	0.602054775119157	a7	a15	a23	4
13	0.602468368469595	a7	a14
13	0.602468638968843	a7	a15
13	0.602471614460573	a7	a16
12	0.602532747290657	a7	a14	a23	5
13	0.602548977245547	a7	a17
12	0.602561961209459	a7	a16	a23	6
12	0.602575215672619	a7	a15	a23	7
12	0.602683144872635	a7	a17	a23	8
13	0.603013424454639	a7	a15
12	0.603090787239613	a7	a15	a23	9
13	0.603094303729839	a7	a17
13	0.603131091627589	a7	a14
13	0.603138665606538	a7	a16
12	0.603201421432111	a7	a14	a23	10
12	0.603238750328357	a7	a17	a23	11
12	0.603262013263699	a7	a16	a23	12
13	0.603477601164484	a7	a15
12	0.603557668941939	a7	a15	a23	13
13	0.603725648975047	a7	a17
12	0.60379435578408	a7	a17	a23	14
13	0.603797601775058	a7	a14
13	0.60380463475551	a7	a16
12	0.603866308584091	a7	a14	a23	15
13	0.604034829615695	a7	a15
13	0.604201727651811	a7	a17
13	0.60439594611199	a7	a14
13	0.60449007985035	a6	a10
12	0.605023504367724	a6	a10	a24	0
12	0.605088424187282	a7	a14	a25	0
13	0.605158753991804	a7	a14
12	0.605178770936168	a7	a14	a25	1
13	0.605229624794822	a7	a14
12	0.605233682283545	a7	a15	a25	2
12	0.605271281679039	a7	a14	a25	3
13	0.605315643555738	a7	a14
13	0.605415457778309	a7	a15
13	0.605546649913667	a6	a10
12	0.605682440536244	a6	a10	a26	0
12	0.605751147345277	a7	a14	a27	0
13	0.605845281083637	a7	a14
12	0.605865839026497	a7	a14	a27	1
13	0.605922643868611	a7	a14
12	0.605942119814478	a7	a14	a27	2
13	0.6059978426596	a7	a14
12	0.606015695609978	a7	a14	a27	3
13	0.60606546747164	a7	a14
13	0.606497184271705	a6	a10
12	0.606748207573998	a6	a10	a22	0
12	0.606806635411601	a7	a14	a23	0
12	0.606906720133421	a7	a16	a23	1
12	0.607094176112396	a7	a15	a23	2
12	0.607232401228206	a7	a17	a23	3
13	0.607303813029721	a7	a14
12	0.607358994876346	a7	a14	a23	4
13	0.607538606377125	a7	a16
12	0.607618133156084	a7	a16	a23	5
13	0.607714160389181	a7	a15
12	0.607780162205732	a7	a15	a23	6
13	0.607816679604234	a7	a14
12	0.607874566443341	a7	a14	a23	7
13	0.607883222419282	a7	a17
12	0.607951929228315	a7	a17	a23	8
13	0.608119097763678	a7	a16
12	0.608201870533616	a7	a16	a23	9
13	0.608261109868963	a7	a15
12	0.608344964635893	a7	a15	a23	10
13	0.608374990052439	a7	a17
13	0.608436663881019	a7	a14
12	0.608460467814857	a7	a17	a23	11
12	0.608506452687045	a7	a14	a23	12
13	0.608717983099107	a7	a16
12	0.608802378864533	a7	a16	a23	13
13	0.608827264795364	a7	a17
13	0.608869733177325	a7	a15
12	0.608893266611915	a7	a17	a23	14
13	0.608920316536731	a7	a14
12	0.60894547296681	a7	a15	a23	15
13	0.609218406708204	a7	a16
13	0.609286572518741	a7	a17
13	0.609433994608989	a7	a15
13	0.609584121691718	a6	a10
13	0.609750208230089	a8	a57
12	0.609796193102276	a6	a10	a28	0
12	0.609880047869206	a7	a14	a29	0
12	0.609922245751919	a7	a16	a29	1
13	0.609975804603055	a7	a14
12	0.610033691442162	a7	a14	a29	2
13	0.610099693258713	a7	a14
12	0.610118628206084	a7	a14	a29	3
13	0.610144055135411	a7	a16
13	0.610170564061731	a7	a14
12	0.6102192539264	a7	a16	a29	4
12	0.610253877830165	a7	a14	a29	5
13	0.610287960735433	a7	a16
13	0.610307436681301	a7	a14
12	0.610356397045218	a7	a15	a29	6
12	0.610375061493341	a7	a17	a29	7
12	0.61040752140312	a7	a16	a29	8
12	0.610422669361017	a7	a14	a29	9
13	0.610490294173058	a7	a14
13	0.610495163159524	a7	a16
12	0.610559541980587	a7	a16	a29	10
13	0.610560082979083	a7	a17
12	0.610569279953521	a7	a14	a29	11
13	0.610597141376081	a7	a15
13	0.610627166792627	a7	a16
13	0.610635822768568	a7	a14
12	0.610649347730976	a7	a17	a29	12
12	0.610691004615193	a7	a14	a29	13
13	0.610702906582112	a7	a17
13	0.61073266149941	a7	a14
12	0.610745645463322	a7	a16	a29	14
12	0.610769178897911	a7	a15	a29	15
13	0.610849787673863	a7	a15
13	0.610853845162586	a7	a16
13	0.611116770431798	a6	a10
13	0.611157886317519	a8	a56
12	0.612391903887629	a8	a56	a42	0
12	0.612533104495169	a6	a10	a30	0
12	0.612589368338787	a7	a14	a31	0
13	0.612796029764382	a7	a14
12	0.612844719629051	a7	a17	a31	1
12	0.612878261535823	a7	a16	a31	2
12	0.612882048525297	a7	a14	a31	3
12	0.612909368949361	a7	a15	a31	4
13	0.613022167135844	a7	a14
12	0.613079512976455	a7	a14	a31	5
13	0.613093578937359	a7	a17
13	0.613106021902774	a7	a16
13	0.613149572281728	a7	a15
12	0.613188794672712	a7	a17	a31	6
13	0.613213680603543	a7	a14
12	0.613236402540388	a7	a16	a31	7
12	0.613272378940393	a7	a15	a31	8
12	0.613276977427612	a7	a14	a31	9
13	0.613307273343406	a7	a17
12	0.613379226143417	a7	a17	a31	10
13	0.613383554131388	a7	a16
13	0.613412768050189	a7	a14
13	0.613454154435158	a7	a15
12	0.613490130835163	a7	a16	a31	11
13	0.61351122977652	a7	a17
12	0.613524754738928	a7	a14	a31	12
12	0.613543960185547	a7	a15	a31	13
13	0.613601576525405	a7	a16
12	0.613603740519391	a7	a17	a31	14
13	0.613661356859249	a7	a15
13	0.613669742335942	a7	a14
12	0.613681644302861	a7	a16	a31	15
13	0.613734662155501	a7	a17
13	0.613817434925438	a7	a16
13	0.61398189846832	a6	a10
13	0.614283234630771	a8	a56
12	0.614364384405219	a8	a56	a45	0
12	0.61443200921726	a6	a10	a32	0
12	0.614547782895473	a7	a14	a33	0
13	0.614637588645862	a7	a14
12	0.614654900597744	a7	a14	a33	1
13	0.614692770492487	a7	a14
12	0.614710623442865	a7	a14	a33	2
13	0.614738755364674	a7	a14
12	0.614756067316557	a7	a14	a33	3
13	0.614783658239869	a7	a14
12	0.614802052188744	a7	a14	a33	4
13	0.6148231511301	a7	a14
12	0.614841545078975	a7	a14	a33	5
13	0.614866431009806	a7	a14
12	0.614905923900038	a7	a14	a33	6
12	0.614958130254933	a7	a15	a33	7
12	0.615009795611332	a7	a16	a33	8
13	0.615043337518103	a7	a14
12	0.615101765355706	a7	a17	a33	9
13	0.615104740847436	a7	a15
13	0.615146127232405	a7	a16
12	0.615148832224886	a7	a14	a33	10
13	0.615169931166243	a7	a14
12	0.615237555978283	a7	a16	a33	12
13	0.615237555978283	a7	a17
12	0.615241072468509	a7	a15	a33	11
12	0.615252162937684	a7	a14	a33	13
13	0.615280294859493	a7	a16
13	0.615315459761754	a7	a14
12	0.615350624664014	a7	a17	a33	14
13	0.61536604312116	a7	a15
12	0.615379838582816	a7	a14	a33	15
13	0.615435020429441	a7	a17
13	0.615470726330198	a7	a14
13	0.615602188964804	a6	a10
13	0.615720126637002	a8	a56
12	0.617468092778619	a8	a56	a50	0
12	0.620596146084353	a6	a10	a34	0
12	0.620667557885867	a7	a14	a35	0
12	0.620781708568591	a7	a17	a35	1
12	0.621220458349108	a7	a16	a35	2
12	0.621221269846853	a7	a15	a35	3
13	0.631706632203317	a7	a14
13	0.634417034669891	a7	a17
13	0.635213654955725	a7	a15
13	0.635439521827939	a7	a16
13	0.635705152089633	a6	a10
12	0.635839319716721	a6	a10	a36	0
12	0.635900452546806	a7	a14	a37	0
12	0.636315939391981	a7	a17	a37	1
12	0.636381670709284	a7	a15	a37	2
12	0.636415483115304	a7	a16	a37	3
13	0.636711409292792	a7	a14
13	0.637714420504973	a7	a16
13	0.638390939124624	a7	a15
13	0.638578395103599	a7	a17
13	0.638710398736702	a6	a10
12	0.641247140685956	a6	a10	a38	0
12	0.641302863531077	a7	a14	a39	0
12	0.641485450523586	a7	a15	a39	1
12	0.641560378815326	a7	a16	a39	2
12	0.641867124962741	a7	a17	a39	3
13	0.642805216355363	a7	a14
13	0.642821716809501	a7	a15
13	0.642917203044102	a7	a16
13	0.643247212126858	a7	a17
13	0.643379756758457	a6	a10
12	0.643456578544935	a6	a10	a40	0
12	0.643510678394567	a7	a14	a41	0
12	0.643625911074284	a7	a16	a41	1
12	0.644026790960058	a7	a17	a41	2
12	0.64405302938713	a7	a15	a41	3
13	0.644216681432267	a7	a14
13	0.644795008824836	a7	a16
13	0.645155584322634	a7	a15
13	0.645307334400853	a7	a17
13	0.645432846051999	a6	a10
12	0.645789905059572	a8	a57	a49	0
13	0.651300515743108	a8	a57
12	0.651410338437861	a8	a57	a54	0
12	0.653901095514927	a8	a58	a53	0
13	0.666984062151482	a8	a58
12	0.667031129020662	a8	a58	a52	0
13	0.672258256492126	a8	a58
12	0.672302618368824	a8	a58	a51	0
13	0.674792834447394	a8	a58
13	0.677222999692873	a8	a57
13	0.727374101300418	a8	a56
13	0.727963248662913	a8	a55
12	0.730619551279854	a8	a55	a46	0
12	0.730722881992652	a8	a56	a48	0
13	0.757097640685342	a8	a56
12	0.757658656126028	a6	a10	a20	0
12	0.757792823753115	a7	a14	a21	0
12	0.757965402273442	a7	a16	a21	1
12	0.75800543616217	a7	a17	a21	2
12	0.758149071262944	a7	a15	a21	3
13	0.758338691235904	a7	a14
13	0.758623797443466	a7	a16
13	0.758719013178819	a7	a17
13	0.759007635876606	a7	a15
13	0.759215108799946	a6	a10
12	0.75967928550979	a8	a56	a44	0
12	0.75970579443611	a8	a57	a43	0
12	0.759912455861705	a6	a10	a22	0
12	0.759975752685775	a7	a14	a23	0
12	0.760540555115935	a7	a16	a23	1
12	0.760542448610672	a7	a15	a23	2
12	0.760581671001655	a7	a17	a23	3
13	0.760630901864821	a7	a14
12	0.760693657690394	a7	a14	a23	4
13	0.761180556337084	a7	a14
12	0.761197868288966	a7	a14	a23	5
13	0.761246287654387	a7	a15
13	0.761274690075444	a7	a16
13	0.761323920938609	a7	a17
12	0.761336093404776	a7	a15	a23	6
12	0.761391545750649	a7	a16	a23	7
12	0.761402906719072	a7	a17	a23	8
13	0.76170911186799	a7	a14
12	0.761764293714615	a7	a14	a23	9
13	0.761809467089058	a7	a15
12	0.761883583883054	a7	a15	a23	10
13	0.761932003248475	a7	a17
13	0.761941741221409	a7	a16
12	0.762027218983828	a7	a17	a23	11
12	0.76205048191917	a7	a16	a23	12
13	0.762351547582373	a7	a15
12	0.762417008400428	a7	a15	a23	13
13	0.762417819898172	a7	a14
12	0.762463263771863	a7	a14	a23	14
13	0.76252115061097	a7	a17
13	0.762546577540297	a7	a16
12	0.762601759386922	a7	a17	a23	15
13	0.762894169074184	a7	a15
13	0.76294475243359	a7	a14
13	0.763169266809563	a7	a17
13	0.763314254406578	a6	a10
12	0.763714593293856	a6	a10	a24	0
12	0.763810891026201	a7	a14	a25	0
13	0.763872564854782	a7	a14
12	0.763890958803657	a7	a14	a25	1
13	0.763918549726969	a7	a14
12	0.763935320680355	a7	a14	a25	2
13	0.763971567579609	a7	a14
12	0.764012142466833	a7	a14	a25	3
13	0.764040274388642	a7	a14
13	0.7641641630443	a6	a10
12	0.764260460776645	a6	a10	a26	0
12	0.764327003591693	a7	a14	a27	0
13	0.764398415393207	a7	a14
12	0.764428711309001	a7	a14	a27	1
13	0.764475778178181	a7	a14
12	0.764499041113523	a7	a14	a27	2
13	0.76455097696917	a7	a14
12	0.764575862900001	a7	a14	a27	3
13	0.764619683778203	a7	a14
13	0.764936708897047	a6	a10
12	0.765174748235429	a6	a10	a22	0
12	0.765222897101602	a7	a14	a23	0
12	0.765463100433969	a7	a17	a23	1
12	0.765512060797886	a7	a15	a23	2
12	0.765559398166314	a7	a16	a23	3
13	0.765697352782876	a7	a14
12	0.765759026611457	a7	a14	a23	4
13	0.765947564587425	a7	a15
12	0.766020058385932	a7	a15	a23	5
13	0.766077133727294	a7	a17
13	0.766141512548356	a7	a16
12	0.766144758539335	a7	a17	a23	6
13	0.766211842352878	a7	a14
12	0.766225908313783	a7	a16	a23	7
12	0.766255663231081	a7	a14	a23	8
13	0.76652048199503	a7	a15
12	0.76658810680707	a7	a15	a23	9
13	0.766659248109337	a7	a17
13	0.766674396067234	a7	a14
13	0.766720921937917	a7	a16
12	0.766744725871756	a7	a17	a23	10
12	0.766777726780031	a7	a14	a23	11
12	0.766834531622145	a7	a16	a23	12
13	0.766940837826672	a7	a15
12	0.767012249628187	a7	a15	a23	13
13	0.767243526485364	a7	a17
13	0.767293298347026	a7	a16
12	0.767326840253798	a7	a17	a23	14
13	0.767375530118467	a7	a14
13	0.767378505610197	a7	a15
12	0.767386350088394	a7	a16	a23	15
13	0.767730425132054	a7	a17
13	0.768015531339616	a7	a16
13	0.768184863868965	a6	a10
13	0.768316326503571	a8	a57
12	0.768374213342677	a6	a10	a28	0
12	0.768488905023898	a7	a14	a29	0
13	0.768567349805864	a7	a14
12	0.768584661757747	a7	a14	a29	1
13	0.768627400638956	a7	a14
12	0.768643630593846	a7	a14	a29	2
13	0.768691779460018	a7	a14
12	0.76871504239536	a7	a14	a29	3
13	0.768756158281081	a7	a14
12	0.768802143153268	a7	a14	a29	4
13	0.768843800037485	a7	a14
12	0.768860029992375	a7	a16	a29	5
12	0.768891948903658	a7	a14	a29	6
13	0.768944966756297	a7	a14
12	0.768991492626981	a7	a14	a29	7
13	0.76901367356533	a7	a16
13	0.76902990352022	a7	a14
12	0.769115922281135	a7	a16	a29	8
12	0.769165694142797	a7	a17	a29	9
12	0.769171374627008	a7	a15	a29	10
13	0.769180301102197	a7	a16
12	0.769190580073627	a7	a14	a29	11
13	0.769234941950326	a7	a14
12	0.769241433932282	a7	a16	a29	12
13	0.769277410332287	a7	a15
12	0.769279303827024	a7	a14	a29	13
13	0.769286336807476	a7	a16
13	0.769290664795447	a7	a17
13	0.769334485673649	a7	a14
12	0.769387503526289	a7	a14	a29	15
12	0.769418069941331	a7	a15	a29	14
13	0.769425914419527	a7	a14
13	0.769493809730816	a7	a15
13	0.769647723803019	a6	a10
13	0.769688298690244	a8	a56
12	0.770820608543046	a8	a56	a42	0
12	0.770925021252836	a6	a10	a30	0
12	0.770987236079913	a7	a14	a31	0
12	0.771121944705497	a7	a17	a31	1
13	0.771151158624298	a7	a14
12	0.771227980410776	a7	a14	a31	2
12	0.771250431848373	a7	a15	a31	3
12	0.771335098113048	a7	a16	a31	4
13	0.771340508098011	a7	a14
12	0.771382164982228	a7	a14	a31	5
13	0.771410837902533	a7	a17
13	0.771423551367196	a7	a15
13	0.771473593728106	a7	a14
12	0.771488200687507	a7	a17	a31	6
13	0.771494692669463	a7	a16
12	0.771498209159689	a7	a15	a31	7
12	0.771517414606308	a7	a14	a31	8
12	0.771601269373238	a7	a16	a31	9
13	0.77161425333715	a7	a17
13	0.771622368314595	a7	a14
12	0.771657533216856	a7	a14	a31	10
13	0.771657803716104	a7	a15
13	0.771716502052955	a7	a16
12	0.771726781024385	a7	a17	a31	11
13	0.771752748952208	a7	a14
12	0.771757347439427	a7	a15	a31	12
12	0.771798192825899	a7	a16	a31	13
12	0.771871768621399	a7	a14	a31	14
13	0.771877719604859	a7	a17
13	0.771908286019901	a7	a15
13	0.771916671496594	a7	a16
12	0.77194372142141	a7	a17	a31	15
13	0.771962115370285	a7	a14
13	0.772071397066542	a7	a17
13	0.772207728687615	a6	a10
13	0.772443063033515	a8	a56
12	0.772491752898184	a8	a56	a45	0
12	0.77254531174932	a6	a10	a32	0
12	0.772623756531287	a7	a14	a33	0
13	0.772695709331298	a7	a14
12	0.772737366215514	a7	a14	a33	1
13	0.772762252146345	a7	a14
12	0.772797958047102	a7	a17	a33	2
12	0.772828253962896	a7	a16	a33	3
12	0.772840155929816	a7	a14	a33	4
13	0.772872615839595	a7	a14
13	0.772882353812529	a7	a17
13	0.772896419773433	a7	a16
12	0.772938617656146	a7	a14	a33	5
12	0.772969995568933	a7	a17	a33	6
13	0.772970536567429	a7	a14
12	0.772991635508786	a7	a16	a33	7
13	0.773004619472697	a7	a17
13	0.773018685433602	a7	a16
12	0.773019767430594	a7	a14	a33	8
13	0.773071703286241	a7	a14
12	0.77309983520805	a7	a16	a33	9
12	0.773118229156925	a7	a17	a33	10
13	0.773136082107304	a7	a16
13	0.773144197084749	a7	a17
12	0.773148525072719	a7	a14	a33	11
13	0.773180443984002	a7	a14
12	0.773235625830627	a7	a16	a33	12
12	0.773256995271232	a7	a15	a33	13
12	0.773285397692289	a7	a17	a33	14
13	0.773285397692289	a7	a16
12	0.773303250642667	a7	a14	a33	15
13	0.77332191509079	a7	a15
13	0.773330300567483	a7	a14
13	0.77333516955395	a7	a17
13	0.773607832796096	a6	a10
13	0.77369709754799	a8	a56
12	0.774554039166164	a8	a56	a50	0
12	0.777950968724569	a6	a10	a34	0
12	0.778027790511047	a7	a14	a35	0
12	0.778209295506563	a7	a15	a35	1
12	0.778277190817852	a7	a17	a35	2
12	0.778573657993836	a7	a16	a35	3
13	0.787930767986221	a7	a14
13	0.790492666365554	a7	a15
13	0.791251957755142	a7	a16
13	0.791488915096531	a7	a17
13	0.791802694224398	a6	a10
12	0.791895204967269	a6	a10	a36	0
12	0.791957960792842	a7	a14	a37	0
12	0.792238468513185	a7	a15	a37	1
12	0.792430252480132	a7	a16	a37	2
12	0.79249517229969	a7	a17	a37	3
13	0.794559622561655	a7	a14
13	0.79457206552707	a7	a17
13	0.796028974477665	a7	a16
13	0.796102820772413	a7	a15
13	0.796256193846121	a6	a10
12	0.79992470464968	a6	a10	a38	0
12	0.800010723410595	a7	a14	a39	0
12	0.800132718571516	a7	a15	a39	1
12	0.800248762748977	a7	a16	a39	2
12	0.800484638093373	a7	a17	a39	3
13	0.801358350664933	a7	a14
13	0.801450590908556	a7	a15
13	0.801632636902569	a7	a16
13	0.80189718516727	a7	a17
13	0.802068140692108	a6	a10
12	0.80223260423499	a6	a10	a40	0
12	0.802343508926736	a7	a14	a41	0
12	0.802688665967389	a7	a17	a41	1
12	0.80270624841852	a7	a15	a41	2
12	0.80289749138697	a7	a16	a41	3
13	0.802983510147885	a7	a14
13	0.803918085050281	a7	a15
13	0.803986521360066	a7	a17
13	0.804117442996176	a7	a16
13	0.804238626659352	a6	a10
12	0.804667097468439	a8	a57	a49	0
13	0.812148024675579	a8	a57
12	0.812529969613983	a8	a57	a54	0
12	0.815711581770852	a8	a58	a53	0
13	0.840781452090414	a8	a58
12	0.840835551940046	a8	a58	a52	0
13	0.846128681228061	a8	a58
12	0.84617142010927	a8	a58	a51	0
13	0.84870437506905	a8	a58
13	0.851322266792752	a8	a57
13	0.851573831093542	a8	a56
13	0.85189464320186	a8	a55
12	0.853552803593087	a8	a55	a47	0
13	0.866154822566412	a8	a55
12	0.866237054337853	a8	a55	a46	0
12	0.866321450103279	a8	a56	a48	0
13	0.891764609385303	a8	a56
12	0.892230409090636	a6	a10	a20	0
12	0.892311558865085	a7	a14	a21	0
12	0.892611272032047	a7	a17	a21	1
12	0.892633993968892	a7	a16	a21	2
12	0.892647789430549	a7	a15	a21	3
13	0.892795211520796	a7	a14
13	0.893096547683248	a7	a16
13	0.893138475066713	a7	a15
13	0.893273995190041	a7	a17
13	0.893413572802092	a6	a10
12	0.893757106847257	a8	a56	a44	0
12	0.893780369782599	a8	a57	a43	0
12	0.893975129241275	a6	a10	a22	0
12	0.894075754961591	a7	a14	a23	0
12	0.894416584014273	a7	a16	a23	1
12	0.894428215481944	a7	a15	a23	2
13	0.894589703533096	a7	a14
12	0.894607556483475	a7	a17	a23	3
12	0.894649213367692	a7	a14	a23	4
13	0.894961639999318	a7	a15
12	0.895028723812862	a7	a15	a23	5
13	0.895054421241437	a7	a16
12	0.895125833042952	a7	a16	a23	6
13	0.895166948928672	a7	a14
12	0.895223753770786	a7	a14	a23	7
13	0.895276230624929	a7	a17
12	0.895359544393363	a7	a17	a23	8
13	0.895504261491129	a7	a15
12	0.895588116258059	a7	a15	a23	9
13	0.895666290540777	a7	a16
12	0.895740407334773	a7	a16	a23	10
13	0.895852935022008	a7	a14
13	0.89585996800246	a7	a17
12	0.895935707791946	a7	a17	a23	11
12	0.895955724736309	a7	a14	a23	12
13	0.896085834874675	a7	a15
12	0.896154541683708	a7	a15	a23	13
13	0.896277618841621	a7	a16
12	0.89636309660404	a7	a16	a23	14
13	0.896513494186017	a7	a14
13	0.896539191614593	a7	a15
13	0.896555151070234	a7	a17
12	0.896593020964977	a7	a14	a23	15
13	0.896861897217649	a7	a16
13	0.897069640640237	a7	a14
13	0.897128068477839	a6	a10
12	0.89750893141925	a6	a10	a24	0
12	0.897603606156106	a7	a14	a25	0
13	0.897667443978672	a7	a14
12	0.897684214932058	a7	a14	a25	1
13	0.897712346853867	a7	a14
12	0.897729117807253	a7	a14	a25	2
13	0.897759954721543	a7	a14
12	0.897776184676433	a7	a14	a25	3
13	0.897804316598242	a7	a14
13	0.898056962896024	a6	a10
12	0.898135407677991	a6	a10	a26	0
12	0.898185720538149	a7	a14	a27	0
13	0.898253886348685	a7	a14
12	0.898274985290042	a7	a14	a27	1
13	0.898464334763755	a7	a14
12	0.898493548682556	a7	a14	a27	2
13	0.898537369560758	a7	a14
12	0.898599854887083	a7	a15	a27	3
13	0.898910388023972	a7	a15
13	0.899056728117227	a6	a10
12	0.899268258529289	a6	a10	a22	0
12	0.899321276381929	a7	a14	a23	0
12	0.899413246126303	a7	a17	a23	1
12	0.899563914207529	a7	a15	a23	2
13	0.899811421019596	a7	a14
12	0.899835765951931	a7	a16	a23	3
12	0.899867143864718	a7	a14	a23	4
13	0.899916645227131	a7	a15
13	0.899943965651195	a7	a17
12	0.900006991976017	a7	a15	a23	5
12	0.900042968376022	a7	a17	a23	6
13	0.900309139636213	a7	a14
12	0.900354583509904	a7	a14	a23	7
13	0.900391100908405	a7	a15
13	0.900448176249767	a7	a16
12	0.900457102724957	a7	a15	a23	8
13	0.90049632511594	a7	a17
12	0.900570441909936	a7	a16	a23	9
12	0.90063319773551	a7	a17	a23	10
13	0.900765201368612	a7	a14
12	0.900823088207719	a7	a14	a23	11
13	0.900898557497955	a7	a15
12	0.900968346303981	a7	a15	a23	12
13	0.901023257651358	a7	a16
12	0.901090882463398	a7	a16	a23	13
13	0.901210984129581	a7	a17
12	0.901295920893504	a7	a17	a23	14
13	0.901340553269451	a7	a15
13	0.901347315750655	a7	a14
12	0.901404120592768	a7	a14	a23	15
13	0.901567502138658	a7	a16
13	0.901782278541697	a7	a17
13	0.901867756304116	a7	a14
13	0.901965677031951	a6	a10
13	0.902087401693623	a8	a57
12	0.902099303660542	a6	a10	a28	0
12	0.902153403510174	a7	a14	a29	0
13	0.902232930289134	a7	a14
12	0.902275669170343	a7	a14	a29	1
13	0.902325982030501	a7	a14
12	0.902334097007946	a7	a16	a29	2
12	0.902377376887652	a7	a14	a29	3
13	0.902431476737284	a7	a14
12	0.902447706692173	a7	a14	a29	4
13	0.902471510626012	a7	a16
13	0.902500724544813	a7	a14
12	0.902533725453089	a7	a16	a29	5
12	0.902543463426022	a7	a14	a29	6
13	0.902579710325276	a7	a16
13	0.902597022277158	a7	a14
12	0.902638138162879	a7	a17	a29	7
12	0.902689533020029	a7	a16	a29	8
12	0.902698729994467	a7	a14	a29	9
12	0.902717935441086	a7	a15	a29	10
13	0.902731189904246	a7	a17
13	0.902744714866654	a7	a14
13	0.902749583853121	a7	a16
12	0.90280422470125	a7	a17	a29	11
12	0.902836143612533	a7	a16	a29	12
12	0.902841012599	a7	a14	a29	13
13	0.902872931510283	a7	a17
13	0.902886997471187	a7	a14
13	0.902907284914799	a7	a15
12	0.902924867365929	a7	a14	a29	14
13	0.902924867365929	a7	a16
13	0.902967606247139	a7	a14
12	0.902968688244132	a7	a17	a29	15
13	0.90304983801858	a7	a17
13	0.903223498535899	a6	a10
13	0.903256499444175	a8	a56
12	0.903748267077332	a8	a56	a42	0
12	0.903867286746522	a6	a10	a30	0
12	0.903952223510445	a7	a14	a31	0
13	0.90410153909543	a7	a14
12	0.904118310048816	a7	a14	a31	1
12	0.904187828355593	a7	a15	a31	2
13	0.90421623077665	a7	a14
12	0.904252477675904	a7	a14	a31	3
13	0.904348775408249	a7	a14
12	0.904392596286451	a7	a14	a31	4
13	0.904426408692471	a7	a15
13	0.904488894018796	a7	a14
12	0.90450458297519	a7	a17	a31	5
12	0.904519460433839	a7	a15	a31	6
12	0.904544075865421	a7	a14	a31	7
12	0.90458248675866	a7	a16	a31	8
13	0.904652275564686	a7	a14
13	0.904668505519575	a7	a17
13	0.904685005973713	a7	a15
12	0.904725851360185	a7	a14	a31	9
13	0.904735589333119	a7	a16
12	0.904754794779739	a7	a15	a31	10
12	0.904784279197788	a7	a17	a31	11
13	0.904817280106064	a7	a14
12	0.904832969062457	a7	a16	a31	12
12	0.904871379955696	a7	a14	a31	13
13	0.904908438352694	a7	a15
13	0.904948201742174	a7	a17
13	0.904977415660975	a7	a16
13	0.904993645615865	a7	a14
12	0.905022589035418	a7	a15	a31	14
12	0.905072631396328	a7	a14	a31	15
13	0.905168929128673	a7	a14
13	0.90517677360687	a7	a15
13	0.905364770584342	a6	a10
13	0.905580628984374	a8	a56
12	0.905632023841525	a8	a56	a45	0
12	0.905683959697172	a6	a10	a32	0
12	0.905792159396436	a7	a14	a33	0
13	0.90583868526712	a7	a14
12	0.905877096160359	a7	a14	a33	1
13	0.905896572106226	a7	a14
12	0.905939310987436	a7	a14	a33	2
13	0.9059593279318	a7	a14
12	0.905990976343834	a7	a15	a33	3
12	0.906005853802483	a7	a14	a33	4
13	0.906027493742336	a7	a14
12	0.906066986632568	a7	a17	a33	5
12	0.90607401961302	a7	a14	a33	6
13	0.906078618100239	a7	a15
13	0.906094036557384	a7	a14
13	0.906124332473178	a7	a17
12	0.906137857435586	a7	a14	a33	7
13	0.906158415378446	a7	a14
12	0.906190604788977	a7	a15	a33	8
13	0.906216572716801	a7	a15
12	0.906227663185975	a7	a17	a33	9
12	0.906239565152894	a7	a14	a33	10
13	0.906258500100266	a7	a14
13	0.906267697074703	a7	a17
12	0.906345871357422	a7	a15	a33	11
12	0.906359666819078	a7	a14	a33	12
13	0.906383470752916	a7	a14
13	0.906389692235624	a7	a15
12	0.906421881646155	a7	a16	a33	13
12	0.906438111601045	a7	a17	a33	14
12	0.906473817501802	a7	a14	a33	15
13	0.906494916443158	a7	a14
13	0.906496539438647	a7	a17
13	0.906505736413085	a7	a16
13	0.906771907673275	a6	a10
13	0.906866041411635	a8	a56
12	0.907640751258368	a8	a56	a50	0
12	0.91087646326487	a6	a10	a34	0
12	0.910943006079918	a7	a14	a35	0
12	0.911438290203301	a7	a15	a35	1
12	0.911494824546166	a7	a17	a35	2
12	0.911521333472486	a7	a16	a35	3
13	0.914470316275937	a7	a14
13	0.922758142740342	a7	a15
13	0.922991583591505	a7	a16
13	0.923323215669751	a7	a17
13	0.923529336096849	a6	a10
12	0.923757637462297	a6	a10	a36	0
12	0.923833918250278	a7	a14	a37	0
12	0.924172583308976	a7	a17	a37	1
12	0.924253192084928	a7	a16	a37	2
12	0.924446599047363	a7	a15	a37	3
13	0.926306551877718	a7	a15
13	0.926865132825171	a7	a14
13	0.926933839634204	a7	a16
13	0.927785912265911	a7	a17
13	0.928403191550214	a6	a10
12	0.931209891749133	a6	a10	a38	0
12	0.931265614594254	a7	a14	a39	0
12	0.931434947123603	a7	a17	a39	1
12	0.931475792510075	a7	a15	a39	2
12	0.931755218233425	a7	a16	a39	3
13	0.932419564386909	a7	a14
13	0.932746056979439	a7	a15
13	0.932974628844135	a7	a17
13	0.933552956236703	a7	a16
13	0.93385050540968	a6	a10
12	0.933949508134507	a6	a10	a40	0
12	0.934023083930007	a7	a14	a41	0
12	0.934274648230797	a7	a17	a41	1
12	0.934361207990208	a7	a16	a41	2
12	0.934409086357133	a7	a15	a41	3
13	0.934661462155667	a7	a14
13	0.935587381082122	a7	a15
13	0.935617947497164	a7	a17
13	0.935657440387396	a7	a16
13	0.93585977382502	a6	a10
12	0.936319081548398	a8	a57	a49	0
13	0.942013090722187	a8	a57
12	0.942145635353786	a8	a57	a54	0
12	0.944935564599318	a8	a58	a53	0
13	0.960315610851256	a8	a58
12	0.960369169702392	a8	a58	a52	0
13	0.965010936800835	a8	a58
12	0.965064495651971	a8	a58	a51	0
13	0.967739733216283	a8	a58
13	0.970075764723401	a8	a57
13	0.97030839407682	a8	a56
13	0.970608107243782	a8	a55
12	0.972343089421487	a8	a55	a46	0
12	0.972418288212476	a8	a56	a48	0
13	0.999837174003067	a8	a56
12	1.00033813861066	a6	a10	a20	0
12	1.00041441939864	a7	a14	a21	0
12	1.00071088657463	a7	a16	a21	1
12	1.00078635586486	a7	a15	a21	3
12	1.00079744633404	a7	a17	a21	2
13	1.00080880730246	a7	a14
13	1.00127217251456	a7	a15
13	1.00140715163939	a7	a17
13	1.00143961154917	a7	a16
13	1.00162301003943	a6	a10
12	1.00217915649365	a8	a56	a44	0
12	1.00221919038237	a8	a57	a43	0
12	1.00246913168767	a6	a10	a22	0
12	1.00253675649971	a7	a14	a23	0
12	1.00271204001252	a7	a16	a23	1
12	1.00295224334489	a7	a17	a23	2
13	1.00296793230128	a7	a14
12	1.00296874379903	a7	a15	a23	3
12	1.00302257314941	a7	a14	a23	4
13	1.00335095923668	a7	a16
13	1.00342399403368	a7	a14
12	1.00342994501714	a7	a16	a23	5
12	1.00346456892091	a7	a14	a23	6
13	1.00366717285778	a7	a15
12	1.00374561763975	a7	a15	a23	7
13	1.00377564305629	a7	a16
12	1.00385192384427	a7	a16	a23	8
13	1.00420357286688	a7	a16
13	1.00421980282177	a7	a14
13	1.00422115531801	a7	a15
12	1.00429391961577	a7	a16	a23	9
12	1.00430636258118	a7	a14	a23	10
12	1.00434558497217	a7	a15	a23	11
13	1.00463258467447	a7	a16
12	1.004700750485	a7	a16	a23	12
13	1.00479109723389	a7	a17
12	1.00487549299931	a7	a17	a23	13
13	1.00489686243992	a7	a15
13	1.00496421675271	a7	a14
12	1.00498504519482	a7	a15	a23	14
12	1.00502048059633	a7	a14	a23	15
13	1.0051129913392	a7	a16
13	1.00523147000989	a7	a17
13	1.00544868090617	a7	a15
13	1.00556580708062	a7	a14
13	1.00566967879191	a6	a10
12	1.00609328061453	a6	a10	a24	0
12	1.00613060951078	a7	a14	a25	0
13	1.00619931631981	a7	a14
12	1.0062604491499	a7	a17	a25	1
12	1.00627722010328	a7	a14	a25	2
13	1.00631184400705	a7	a14
12	1.00633537744164	a7	a15	a25	3
13	1.00646088909279	a7	a15
13	1.00654122736949	a7	a17
13	1.00680307064171	a6	a10
12	1.00691018834398	a6	a10	a26	0
12	1.00695833721015	a7	a14	a27	0
13	1.00703407699964	a7	a14
12	1.00706383191694	a7	a14	a27	1
13	1.00711035778762	a7	a14
12	1.00715363766733	a7	a14	a27	2
12	1.00717284311395	a7	a15	a27	3
13	1.00721531149591	a7	a14
13	1.00732215869893	a7	a15
13	1.00763242133657	a6	a10
12	1.00791644554714	a6	a10	a22	0
12	1.00798407035918	a7	a14	a23	0
12	1.00819397777575	a7	a17	a23	1
12	1.00845419805248	a7	a16	a23	2
13	1.00849801893069	a7	a14
12	1.00856726673822	a7	a14	a23	3
12	1.00858430819085	a7	a15	a23	4
13	1.00870413935778	a7	a17
12	1.00877987914727	a7	a17	a23	5
13	1.00907526432626	a7	a14
13	1.0091058307413	a7	a15
12	1.0091574960977	a7	a14	a23	6
12	1.00918806251274	a7	a15	a23	7
13	1.00923702287666	a7	a16
12	1.00932087764359	a7	a16	a23	8
13	1.0094961611564	a7	a17
13	1.00950968611881	a7	a14
12	1.00957839292784	a7	a17	a23	9
12	1.00958272091581	a7	a14	a23	10
13	1.00967442016094	a7	a15
13	1.00973636448877	a7	a16
12	1.00974042197749	a7	a15	a23	11
12	1.00982562924066	a7	a16	a23	12
13	1.00995438688279	a7	a14
13	1.00995763287376	a7	a17
12	1.0100117327234	a7	a14	a23	13
12	1.0100696195625	a7	a17	a23	14
13	1.01022191063922	a7	a15
13	1.0102313781129	a7	a16
12	1.01032551185126	a7	a16	a23	15
13	1.01038123469638	a7	a14
13	1.0105256812949	a7	a17
13	1.01067716087387	a7	a16
13	1.01083675543029	a6	a10
13	1.01120950339425	a8	a57
12	1.01124575029351	a6	a10	a28	0
12	1.01150380657625	a7	a14	a29	0
13	1.01158603834769	a7	a14
12	1.01160443229657	a7	a14	a29	1
13	1.01164879417327	a7	a14
12	1.011687746065	a7	a14	a29	2
12	1.01172128797177	a7	a16	a29	3
13	1.0117326489402	a7	a14
12	1.01177376482592	a7	a14	a29	4
13	1.01181758570412	a7	a14
12	1.011834897656	a7	a14	a29	5
13	1.01185924258833	a7	a16
13	1.01187060355676	a7	a14
12	1.01190901445	a7	a14	a29	6
12	1.01194417935226	a7	a16	a29	7
13	1.01194526134925	a7	a14
13	1.01199882020039	a7	a16
12	1.01204696906656	a7	a14	a29	8
13	1.01209024894626	a7	a14
12	1.01211134788762	a7	a16	a29	9
12	1.01211648737334	a7	a15	a29	10
12	1.01214597179139	a7	a14	a29	11
13	1.0121584147568	a7	a16
12	1.01218275968914	a7	a17	a29	12
13	1.01218600568011	a7	a14
13	1.01221765409215	a7	a15
12	1.0122909593884	a7	a16	a29	13
12	1.01231205832976	a7	a14	a29	14
13	1.01234127224856	a7	a16
13	1.01235912519894	a7	a17
13	1.01236291218841	a7	a14
12	1.01239888858842	a7	a15	a29	15
13	1.01252007225159	a7	a15
13	1.01267019933432	a6	a10
13	1.01270969222455	a8	a56
12	1.01375760631193	a8	a56	a42	0
12	1.01389339693451	a6	a10	a30	0
12	1.01397833369843	a7	a14	a31	0
12	1.01401944958415	a7	a17	a31	1
12	1.01416606017665	a7	a16	a31	2
12	1.01422043052553	a7	a15	a31	3
13	1.01424937394509	a7	a14
12	1.01430239179772	a7	a14	a31	4
13	1.01435216365939	a7	a17
13	1.01438408257067	a7	a16
13	1.01438597606541	a7	a15
12	1.01444792039324	a7	a17	a31	5
13	1.01445657636918	a7	a14
12	1.01448173279926	a7	a15	a31	7
12	1.01448416729249	a7	a16	a31	6
12	1.01454908711205	a7	a14	a31	8
13	1.01460264596318	a7	a17
13	1.0146156299271	a7	a16
13	1.0146223924083	a7	a15
12	1.01468595973162	a7	a17	a31	9
12	1.01471382115418	a7	a15	a31	10
13	1.01471463265192	a7	a14
12	1.01474655156321	a7	a16	a31	11
12	1.0147773884775	a7	a14	a31	12
13	1.01484339029405	a7	a17
13	1.01486638273014	a7	a15
13	1.01489045716323	a7	a16
12	1.01494131102188	a7	a17	a31	13
12	1.01496890194519	a7	a16	a31	14
12	1.0149902713858	a7	a15	a31	15
13	1.01501867380686	a7	a14
13	1.01510847955724	a7	a16
13	1.01512308651665	a7	a17
13	1.01515257093469	a7	a15
13	1.01532812494675	a6	a10
13	1.01564136307612	a8	a56
12	1.01573657881147	a8	a56	a45	0
12	1.01581394159645	a6	a10	a32	0
12	1.01589022238443	a7	a14	a33	0
13	1.01593242026714	a7	a14
12	1.01594107624308	a7	a17	a33	1
12	1.01597299515437	a7	a14	a33	2
13	1.01600166807467	a7	a14
13	1.01604061996641	a7	a17
12	1.01608822783408	a7	a14	a33	3
13	1.01611690075439	a7	a14
12	1.01613096671529	a7	a16	a33	4
12	1.01615314765364	a7	a17	a33	5
12	1.01615855763861	a7	a14	a33	6
13	1.01618290257094	a7	a17
12	1.01624890438749	a7	a17	a33	7
13	1.01627974130178	a7	a17
13	1.01628839727772	a7	a16
12	1.01636494856495	a7	a15	a33	8
13	1.01641904841458	a7	a15
12	1.01645313131985	a7	a15	a33	9
13	1.01647747625219	a7	a15
12	1.01649911619204	a7	a15	a33	10
13	1.01652562511836	a7	a15
12	1.01654834705521	a7	a15	a33	11
13	1.01657539698002	a7	a15
12	1.01659920091386	a7	a15	a33	12
13	1.01662679183717	a7	a15
12	1.01663842330484	a7	a16	a33	13
13	1.01668765416801	a7	a16
12	1.01673823752741	a7	a15	a33	14
12	1.01677042693795	a7	a16	a33	15
13	1.01677881241464	a7	a15
13	1.01681532981314	a7	a16
13	1.01726435856509	a7	a14
13	1.01734604933803	a6	a10
13	1.01754784177716	a8	a56
12	1.01935910474285	a8	a56	a50	0
12	1.02270301644861	a6	a10	a34	0
12	1.02281338014186	a7	a14	a35	0
12	1.0229994836246	a7	a17	a35	1
12	1.02312256078251	a7	a15	a35	2
12	1.02344472538707	a7	a16	a35	3
13	1.03200981358084	a7	a14
13	1.03582926296487	a7	a17
13	1.03605512983709	a7	a15
13	1.03645195223414	a7	a16
13	1.03664292470334	a6	a10
12	1.03677276434246	a6	a10	a36	0
12	1.03683281517555	a7	a14	a37	0
12	1.03717499672447	a7	a15	a37	1
12	1.03725695799667	a7	a17	a37	2
12	1.03736732168992	a7	a16	a37	3
13	1.03848664757881	a7	a14
13	1.03906551596987	a7	a16
13	1.03974338708576	a7	a17
13	1.03984049631585	a7	a15
13	1.03997818043317	a6	a10
12	1.04248679046061	a6	a10	a38	0
12	1.04254521829821	a7	a14	a39	0
12	1.04270481285463	a7	a16	a39	1
12	1.04271265733283	a7	a15	a39	2
12	1.04281896353735	a7	a17	a39	3
13	1.04399455326986	a7	a14
13	1.04405595659919	a7	a15
13	1.04416767278868	a7	a16
13	1.0442244776308	a7	a17
13	1.04440733512256	a6	a10
12	1.04448794389851	a6	a10	a40	0
12	1.04454258474664	a7	a14	a41	0
12	1.04472679473463	a7	a15	a41	1
12	1.04509386221439	a7	a17	a41	2
12	1.04517555298733	a7	a16	a41	3
13	1.0451798809753	a7	a14
13	1.045849907613	a7	a15
13	1.04625105799802	a7	a17
13	1.04634627373337	a7	a16
13	1.04649126133039	a6	a10
12	1.04681856542066	a8	a57	a49	0
13	1.05255693647115	a8	a57
12	1.05263970924109	a8	a57	a54	0
12	1.05484860610157	a8	a58	a53	0
13	1.06744683808542	a8	a58
12	1.06750147893355	a8	a58	a52	0
13	1.07242348325309	a8	a58
12	1.07247217311776	a8	a58	a51	0
13	1.0746421180865	a8	a58
13	1.07940939683609	a8	a57
13	1.07963769820154	a8	a56
13	1.08003208610536	a8	a55
12	1.0809972274228	a8	a55	a46	0
12	1.08109893514011	a8	a56	a48	0
13	1.1088997658691	a8	a56
12	1.10941858342707	a6	a10	a20	0
12	1.10949486421506	a7	a14	a21	0
12	1.10964661429327	a7	a15	a21	1
12	1.10982054530984	a7	a16	a21	2
13	1.10999041883769	a7	a14
12	1.11004614168281	a7	a14	a21	3
13	1.11034774834451	a7	a15
13	1.1103848067415	a7	a16
13	1.11058605818214	a7	a14
13	1.11065909297914	a6	a10
12	1.11130125819427	a8	a56	a44	0
12	1.11134021008601	a8	a57	a43	0
12	1.1115923153853	a6	a10	a22	0
12	1.1116502022244	a7	a14	a23	0
12	1.11172675351163	a7	a15	a23	1
12	1.11209544398688	a7	a16	a23	2
12	1.1121652327929	a7	a17	a23	3
13	1.11222203763501	a7	a14
12	1.11226153052525	a7	a14	a23	4
13	1.11238298468767	a7	a15
12	1.11246305246513	a7	a15	a23	5
13	1.11258180163507	a7	a16
12	1.11265375443508	a7	a16	a23	6
13	1.11273274021554	a7	a17
12	1.11280577501255	a7	a17	a23	7
13	1.11281497198698	a7	a14
13	1.11282930844714	a7	a15
12	1.11289341676895	a7	a14	a23	8
12	1.11292073719301	a7	a15	a23	9
13	1.11304976533439	a7	a16
12	1.11312280013139	a7	a16	a23	10
13	1.1133340600442	a7	a15
13	1.11333541254045	a7	a17
12	1.11341385732241	a7	a17	a23	11
12	1.11344658773144	a7	a15	a23	12
13	1.11345118621866	a7	a14
13	1.11347553115099	a7	a16
12	1.11354099196905	a7	a14	a23	13
12	1.11358048485928	a7	a16	a23	14
13	1.11392726489542	a7	a17
13	1.11393700286836	a7	a16
12	1.11401003766536	a7	a16	a23	15
13	1.11407658048041	a7	a14
13	1.11435465370752	a7	a16
13	1.11436520317819	a7	a15
13	1.11454238018574	a6	a10
12	1.11500547489859	a6	a10	a24	0
12	1.11507850969559	a7	a14	a25	0
13	1.11513801953019	a7	a14
12	1.11515424948508	a7	a14	a25	1
13	1.1151953653708	a7	a14
12	1.11523864525051	a7	a14	a25	2
13	1.11528625311818	a7	a14
12	1.11530627006255	a7	a17	a25	3
13	1.11549237354528	a7	a17
13	1.11561085221598	a6	a10
12	1.11574826583404	a6	a10	a26	0
12	1.11582400562353	a7	a14	a27	0
13	1.11590299140399	a7	a14
12	1.11593274632129	a7	a14	a27	1
13	1.11598360017994	a7	a14
12	1.11603824102807	a7	a14	a27	2
12	1.11607638142206	a7	a15	a27	3
13	1.11608855388823	a7	a14
13	1.11621650003261	a7	a15
13	1.11645102288076	a6	a10
12	1.11677670397555	a6	a10	a22	0
12	1.11688003468835	a7	a14	a23	0
12	1.11701366131694	a7	a16	a23	1
12	1.11706235118161	a7	a17	a23	2
13	1.11728145557262	a7	a14
12	1.11733609642075	a7	a14	a23	3
12	1.1173947947576	a7	a15	a23	4
13	1.1174161641982	a7	a16
12	1.11769099143433	a7	a16	a23	5
13	1.11774455028547	a7	a17
13	1.11777809219224	a7	a14
12	1.11784571700428	a7	a17	a23	6
12	1.11786032396368	a7	a14	a23	7
13	1.11793092426745	a7	a15
12	1.11799909007799	a7	a15	a23	8
13	1.11824389189757	a7	a16
13	1.11830069673969	a7	a17
13	1.11831205770811	a7	a14
12	1.11833045165699	a7	a16	a23	9
12	1.11835641958481	a7	a14	a23	10
12	1.11841160143143	a7	a17	a23	11
13	1.11845244681791	a7	a15
12	1.11853846557882	a7	a15	a23	12
13	1.11879571036382	a7	a16
13	1.11882113729315	a7	a14
13	1.11884007224052	a7	a17
12	1.11886225317887	a7	a14	a23	13
12	1.11891905802098	a7	a16	a23	14
12	1.1189461079458	a7	a17	a23	15
13	1.11899290431573	a7	a15
13	1.11926475606013	a7	a16
13	1.11930316695337	a7	a14
13	1.11937674274887	a7	a17
13	1.11956122323612	a6	a10
13	1.11973434275494	a8	a57
12	1.11980521355796	a6	a10	a28	0
12	1.11991882324219	a7	a14	a29	0
13	1.12000916999107	a7	a14
12	1.12002918693544	a7	a14	a29	1
13	1.12008545077905	a7	a14
12	1.12012007468282	a7	a17	a29	2
12	1.1201373866347	a7	a14	a29	3
12	1.12017715002418	a7	a15	a29	4
13	1.12019094548584	a7	a14
12	1.12024883232494	a7	a14	a29	5
13	1.12027452975352	a7	a15
13	1.12031104715202	a7	a17
13	1.12032349011744	a7	a14
12	1.12037677846932	a7	a15	a29	6
12	1.1204019348994	a7	a14	a29	7
12	1.12043818179866	a7	a17	a29	8
13	1.12044521477911	a7	a14
13	1.12046225623174	a7	a15
12	1.12051662658062	a7	a14	a29	9
13	1.12055233248138	a7	a17
12	1.12055368497762	a7	a15	a29	10
12	1.12058749738364	a7	a16	a29	11
13	1.12063212975959	a7	a15
13	1.12063997423778	a7	a14
12	1.12064430222576	a7	a17	a29	12
13	1.12069136909494	a7	a16
12	1.12073627197013	a7	a14	a29	13
13	1.12073681296863	a7	a17
12	1.12077116637314	a7	a15	a29	14
13	1.12079740480021	a7	a14
12	1.12081958573856	a7	a16	a29	15
13	1.12082851221375	a7	a15
13	1.12088612855361	a7	a16
13	1.12113552886042	a6	a10
13	1.12116852976869	a8	a56
12	1.12223105081547	a8	a56	a42	0
12	1.12241174431324	a6	a10	a30	0
12	1.1224912710922	a7	a14	a31	0
13	1.1226524886441	a7	a14
12	1.12276447533284	a7	a14	a31	1
12	1.12283534613586	a7	a17	a31	2
12	1.12287727351932	a7	a15	a31	3
13	1.12288674099301	a7	a14
12	1.12291162692384	a7	a16	a31	4
12	1.12293705385317	a7	a14	a31	5
13	1.1230714919795	a7	a15
13	1.12307230347725	a7	a17
13	1.12308041845469	a7	a14
13	1.12309340241861	a7	a16
12	1.12319835612689	a7	a16	a31	6
12	1.12323784901712	a7	a17	a31	8
12	1.12324515249682	a7	a15	a31	9
13	1.12330276883668	a7	a16
13	1.12337255764271	a7	a17
13	1.12337607413293	a7	a15
12	1.12337634463218	a7	a16	a31	10
12	1.12346777337806	a7	a17	a31	11
13	1.12347859334799	a7	a16
12	1.12347994584423	a7	a15	a31	12
12	1.12357489108033	a7	a16	a31	13
13	1.12359788351643	a7	a15
13	1.12361654796455	a7	a17
13	1.12366577882771	a7	a16
12	1.12371473919163	a7	a15	a31	14
12	1.12374368261118	a7	a16	a31	15
13	1.12383727535105	a7	a16
13	1.12386351377812	a7	a15
12	1.12424248322479	a7	a14	a31	7
13	1.12445293163986	a7	a14
13	1.12451244147446	a6	a10
13	1.12504207900236	a8	a56
12	1.12523251047306	a8	a56	a45	0
12	1.12529905328811	a6	a10	a32	0
12	1.12539102303248	a7	a14	a33	0
13	1.12543646690618	a7	a14
12	1.12545431985655	a7	a14	a33	1
13	1.12547974678588	a7	a14
12	1.12549651773927	a7	a14	a33	2
13	1.12552194466859	a7	a14
12	1.12556089656033	a7	a14	a33	3
13	1.12558578249116	a7	a14
12	1.12562852137237	a7	a14	a33	4
12	1.12565205480696	a7	a15	a33	5
13	1.12565232530621	a7	a14
12	1.12569235919494	a7	a14	a33	6
13	1.12571508113178	a7	a14
12	1.12573834406712	a7	a16	a33	7
13	1.12574023756186	a7	a15
12	1.12576268899946	a7	a14	a33	8
13	1.12578324694232	a7	a14
13	1.12579731290322	a7	a16
12	1.12580650987766	a7	a17	a33	9
12	1.1258443797724	a7	a14	a33	10
13	1.12586818370624	a7	a14
12	1.12587927417542	a7	a15	a33	11
13	1.12589631562805	a7	a17
12	1.12591525057542	a7	a14	a33	12
13	1.12594608748971	a7	a14
12	1.1259477104852	a7	a16	a33	13
13	1.12597881789874	a7	a15
13	1.12599423635588	a7	a16
12	1.12600126933634	a7	a14	a33	14
12	1.1260358932401	a7	a17	a33	15
13	1.1260358932401	a7	a14
13	1.12612083000402	a7	a17
13	1.12629611351683	a6	a10
13	1.12638050928226	a8	a56
12	1.12816147633215	a8	a56	a50	0
12	1.13126626670254	a6	a10	a34	0
12	1.13136310543338	a7	a14	a35	0
12	1.13156219288003	a7	a16	a35	1
12	1.13160060377327	a7	a17	a35	2
12	1.13162197321387	a7	a15	a35	3
13	1.14090199092053	a7	a14
13	1.14466111897223	a7	a15
13	1.14503684242792	a7	a16
13	1.14511691020538	a7	a17
13	1.1455843329062	a6	a10
12	1.14612479040403	a6	a10	a36	0
12	1.14622920311382	a7	a14	a37	0
12	1.14639231416046	a7	a15	a37	1
12	1.146643607962	a7	a17	a37	2
12	1.1469525181034	a7	a16	a37	3
13	1.14916682494884	a7	a14
13	1.14927881163758	a7	a17
13	1.15001456959258	a7	a16
13	1.15032916021819	a7	a15
13	1.15052473117461	a6	a10
12	1.15503233064597	a6	a10	a38	0
12	1.15509346347605	a7	a14	a39	0
12	1.15522817210164	a7	a16	a39	1
12	1.15558604260695	a7	a15	a39	2
12	1.1556458229408	a7	a17	a39	3
13	1.15630097211984	a7	a14
13	1.15645191070032	a7	a16
13	1.15690689043572	a7	a17
13	1.15774462660728	a7	a15
13	1.15795047653513	a6	a10
12	1.15813982600884	a6	a10	a40	0
12	1.15819987684193	a7	a14	a41	0
12	1.15836163539233	a7	a16	a41	1
12	1.15859372374725	a7	a17	a41	2
13	1.15880309016533	a7	a14
12	1.15882337760894	a7	a15	a41	3
13	1.15958050500455	a7	a16
13	1.15967680273689	a7	a17
13	1.16039876523023	a7	a15
13	1.16059271319116	a6	a10
12	1.1611899755311	a8	a57	a49	0
13	1.16757159379372	a8	a57
12	1.16768574447644	a8	a57	a54	0
12	1.1704870346904	a8	a58	a53	0
13	1.1822386040275	a8	a58
12	1.18229216287864	a8	a58	a52	0
13	1.18718549427787	a8	a58
12	1.18723634813653	a8	a58	a51	0
13	1.18966164439554	a8	a58
13	1.19281837062158	a8	a57
13	1.19299473613138	a8	a56
13	1.19328254733142	a8	a55
12	1.19477949017074	a8	a55	a46	0
12	1.19485577095873	a8	a56	a48	0
13	1.22061974234907	a8	a56
12	1.22108121406643	a6	a10	a20	0
12	1.22116182284238	a7	a14	a21	0
12	1.22141122314919	a7	a17	a21	1
13	1.221586506662	a7	a14
12	1.22167198442441	a7	a14	a21	2
12	1.22176043767856	a7	a15	a21	3
13	1.2219392376816	a7	a17
13	1.22233687157639	a7	a14
13	1.22233714207564	a7	a15
13	1.2224980891283	a6	a10
12	1.22289410002761	a8	a56	a44	0
12	1.22291952695693	a8	a57	a43	0
12	1.22312240139305	a6	a10	a22	0
12	1.22319273119758	a7	a14	a23	0
12	1.22333744829534	a7	a15	a23	1
12	1.22337558868933	a7	a16	a23	2
13	1.22358225011493	a7	a14
12	1.22362661199163	a7	a14	a23	3
13	1.22393416963678	a7	a15
12	1.22399530246687	a7	a15	a23	4
13	1.22405400080372	a7	a14
12	1.22409944467741	a7	a14	a23	5
13	1.22416652849096	a7	a16
12	1.22424605526991	a7	a16	a23	6
12	1.22442187978122	a7	a17	a23	7
13	1.22448707010003	a7	a15
12	1.22457362985944	a7	a15	a23	8
13	1.22463449219027	a7	a14
13	1.22468642804592	a7	a16
12	1.22469075603389	a7	a14	a23	9
12	1.2247632498324	a7	a16	a23	10
13	1.22500345316477	a7	a14
13	1.22505187253019	a7	a15
12	1.22506350399786	a7	a14	a23	11
13	1.22508297994372	a7	a17
12	1.22514167828058	a7	a15	a23	12
12	1.22516575271366	a7	a17	a23	13
13	1.22522255755578	a7	a16
12	1.22528747737533	a7	a16	a23	14
13	1.22546600687912	a7	a14
12	1.22552227072274	a7	a14	a23	15
13	1.22555905862049	a7	a17
13	1.2255793460641	a7	a15
13	1.22566671732126	a7	a16
13	1.2259685944822	a7	a14
13	1.22603946528522	a6	a10
12	1.22641924622964	a6	a10	a24	0
12	1.22645928011837	a7	a14	a25	0
13	1.22651554396199	a7	a14
12	1.22653177391688	a7	a14	a25	1
13	1.22655990583868	a7	a14
12	1.22657775878906	a7	a14	a25	2
13	1.22661508768531	a7	a14
12	1.22663239963719	a7	a14	a25	3
13	1.22665836756501	a7	a14
13	1.22686394699362	a6	a10
12	1.22696078572446	a6	a10	a26	0
12	1.22703219752597	a7	a14	a27	0
13	1.22712200327636	a7	a14
12	1.22714688920719	a7	a14	a27	1
13	1.22723723595608	a7	a14
12	1.2272637448824	a7	a14	a27	2
13	1.22732379571549	a7	a14
12	1.22734814064783	a7	a14	a27	3
13	1.22738709253956	a7	a14
13	1.22770249466292	a6	a10
12	1.22797299391108	a6	a10	a22	0
12	1.22803412674116	a7	a14	a23	0
13	1.22836413582392	a7	a14
12	1.22837874278332	a7	a16	a23	1
12	1.22839930072618	a7	a17	a23	2
12	1.22841715367656	a7	a14	a23	3
13	1.22876609770668	a7	a14
12	1.22876799120142	a7	a15	a23	4
12	1.22881154158038	a7	a14	a23	5
13	1.22883480451572	a7	a16
12	1.22892352826911	a7	a16	a23	6
13	1.22898357910221	a7	a17
12	1.22907013886162	a7	a17	a23	7
13	1.22913018969471	a7	a14
12	1.22918861753231	a7	a14	a23	8
13	1.22929032524962	a7	a16
12	1.22936931103008	a7	a16	a23	9
13	1.22945289529777	a7	a15
13	1.22952079060905	a7	a14
12	1.22952322510229	a7	a15	a23	10
13	1.22952565959552	a7	a17
12	1.22960518637448	a7	a14	a23	11
12	1.22964467926471	a7	a17	a23	12
13	1.22970797608878	a7	a16
12	1.22979615884368	a7	a16	a23	13
13	1.22995737639559	a7	a14
12	1.23002337821214	a7	a14	a23	14
13	1.23007017458207	a7	a15
12	1.2301534883505	a7	a15	a23	15
13	1.23015592284374	a7	a17
13	1.23028576248285	a7	a16
13	1.23034635431444	a7	a14
13	1.23052677731296	a7	a15
13	1.23071531528893	a6	a10
13	1.23082026899722	a8	a57
12	1.23086949986038	a6	a10	a28	0
12	1.23096309260025	a7	a14	a29	0
13	1.23104857036267	a7	a14
12	1.2310880632529	a7	a14	a29	1
13	1.23113891711155	a7	a14
12	1.23114162210403	a7	a16	a29	2
12	1.23117895100028	a7	a14	a29	3
13	1.2312352148439	a7	a14
12	1.23125198579728	a7	a14	a29	4
13	1.23129526567699	a7	a14
13	1.23130338065444	a7	a16
12	1.23134341454316	a7	a14	a29	5
12	1.23137695644993	a7	a16	a29	6
13	1.23139156340934	a7	a14
13	1.23142726931009	a7	a16
12	1.23146676220032	a7	a14	a29	7
13	1.23150517309356	a7	a14
12	1.2315441249853	a7	a14	a29	8
12	1.23157496189959	a7	a16	a29	9
13	1.23158524087102	a7	a14
13	1.23161391379132	a7	a16
12	1.2316171597823	a7	a17	a29	10
12	1.23166179215825	a7	a15	a29	11
12	1.23167450562291	a7	a14	a29	12
12	1.23171832650111	a7	a16	a29	13
13	1.2317210314936	a7	a14
13	1.23175890138834	a7	a17
13	1.23177621334022	a7	a16
13	1.23178243482293	a7	a15
12	1.23180705025451	a7	a14	a29	14
12	1.2318530351267	a7	a16	a29	15
13	1.23186439609512	a7	a14
13	1.23189090502144	a7	a16
13	1.23210838641696	a6	a10
13	1.23214084632674	a8	a56
12	1.23284793136143	a8	a56	a42	0
12	1.23297290201408	a6	a10	a30	0
12	1.2331032826517	a7	a14	a31	0
12	1.23323799127728	a7	a17	a31	1
13	1.23326666419759	a7	a14
12	1.23330318159609	a7	a15	a31	2
12	1.23333050202015	a7	a16	a31	3
12	1.23334078099158	a7	a14	a31	4
13	1.23344302970739	a7	a14
12	1.23347711261266	a7	a14	a31	5
13	1.2335009165465	a7	a17
13	1.23353662244725	a7	a16
13	1.23355420489838	a7	a15
13	1.23356529536756	a7	a14
12	1.23360532925629	a7	a17	a31	6
12	1.23364833863674	a7	a15	a31	7
12	1.23368377403825	a7	a16	a31	8
12	1.23369026602021	a7	a14	a31	9
13	1.23376384181571	a7	a17
13	1.23377385028789	a7	a15
13	1.23378764574955	a7	a14
13	1.23382551564429	a7	a16
12	1.23385148357211	a7	a17	a31	10
12	1.23386717252851	a7	a14	a31	11
12	1.23392208387588	a7	a15	a31	12
13	1.23396563425484	a7	a17
12	1.23397699522326	a7	a16	a31	13
13	1.23397970021574	a7	a14
12	1.23403758705485	a7	a14	a31	14
13	1.23404056254658	a7	a15
13	1.23406463697966	a7	a16
12	1.23407166996011	a7	a17	a31	15
13	1.23413713077817	a7	a14
13	1.23418095165637	a7	a17
13	1.23436110415565	a6	a10
13	1.23467488328351	a8	a56
12	1.23475819705195	a8	a56	a45	0
12	1.23481283790008	a6	a10	a32	0
12	1.23490480764445	a7	a14	a33	0
13	1.23494916952115	a7	a14
12	1.23496594047454	a7	a14	a33	1
13	1.23498325242642	a7	a14
12	1.23504654925049	a7	a14	a33	2
13	1.23506818919034	a7	a14
12	1.23508496014373	a7	a14	a33	3
13	1.2351038950911	a7	a14
12	1.23512120704298	a7	a14	a33	4
13	1.23513851899486	a7	a14
12	1.23515583094674	a7	a14	a33	5
13	1.23517368389712	a7	a14
12	1.23519261884449	a7	a14	a33	6
13	1.23521425878435	a7	a14
12	1.23526132565353	a7	a14	a33	7
13	1.23528188359639	a7	a14
12	1.23529081007158	a7	a15	a33	8
12	1.23532137648662	a7	a14	a33	9
13	1.23534085243249	a7	a14
12	1.23539008329565	a7	a14	a33	10
13	1.23539468178287	a7	a15
12	1.23542362520242	a7	a17	a33	11
13	1.23543660916634	a7	a14
12	1.23547096257085	a7	a15	a33	12
12	1.23548746302499	a7	a14	a33	13
13	1.23549774199642	a7	a17
13	1.23550964396334	a7	a14
13	1.23554562036334	a7	a15
12	1.23556753080245	a7	a14	a33	14
12	1.23560107270922	a7	a16	a33	15
13	1.23560648269418	a7	a14
13	1.23568925546412	a7	a16
13	1.23589267089873	a6	a10
13	1.23598464064311	a8	a56
12	1.23729656199669	a8	a56	a50	0
12	1.24077788732052	a6	a10	a34	0
12	1.24084713512805	a7	a14	a35	0
12	1.24111519988298	a7	a15	a35	1
12	1.2411933741657	a7	a17	a35	2
12	1.24124260502886	a7	a16	a35	3
13	1.24843788502995	a7	a14
13	1.25355518980666	a7	a16
13	1.25357412475403	a7	a17
13	1.25383894351798	a7	a15
13	1.25423414291954	a6	a10
12	1.25454738104891	a6	a10	a36	0
12	1.2546079728805	a7	a14	a37	0
12	1.25492824399032	a7	a17	a37	1
12	1.25499099981589	a7	a16	a37	2
12	1.25505132114823	a7	a15	a37	3
13	1.25678251633646	a7	a15
13	1.25745200197566	a7	a16
13	1.25800652543439	a7	a14
13	1.25868656054427	a7	a17
13	1.25885210608414	a6	a10
12	1.26182813881241	a6	a10	a38	0
12	1.26189143563648	a7	a14	a39	0
12	1.2623520958561	a7	a15	a39	1
12	1.26241945016889	a7	a17	a39	2
12	1.26245191007867	a7	a16	a39	3
13	1.2630805503314	a7	a14
13	1.26378574187135	a7	a15
13	1.26387040813603	a7	a16
13	1.26389096607889	a7	a17
13	1.26409221751952	a6	a10
12	1.2641538913481	a6	a10	a40	0
12	1.26421123718871	a7	a14	a41	0
12	1.26466594642487	a7	a15	a41	1
12	1.26479281057226	a7	a16	a41	2
12	1.26481499151061	a7	a17	a41	3
13	1.2649042562625	a7	a14
13	1.26595406384461	a7	a15
13	1.26600248321003	a7	a16
13	1.26613448684313	a7	a17
13	1.26629462239805	a6	a10
12	1.26666087838006	a8	a57	a49	0
13	1.27228672174331	a8	a57
12	1.27241439738844	a8	a57	a54	0
12	1.27460544129854	a8	a58	a53	0
13	1.2861297912672	a8	a58
12	1.28616982515592	a8	a58	a52	0
13	1.29100526971605	a8	a58
12	1.29104638560177	a8	a58	a51	0
13	1.29362262044126	a8	a58
13	1.29594404498897	a8	a57
13	1.29611932850178	a8	a56
13	1.29637251579806	a8	a55
12	1.29777478390053	a8	a55	a46	0
12	1.29783970372009	a8	a56	a48	0
13	1.32234639460498	a8	a56
12	1.32264556677344	a6	a10	a20	0
12	1.32274402849977	a7	a14	a21	0
12	1.3228435722231	a7	a17	a21	1
12	1.3229969452968	a7	a15	a21	2
13	1.32322659915849	a7	a14
12	1.32328556799459	a7	a14	a21	3
13	1.32356959220516	a7	a17
13	1.32367048842472	a7	a15
13	1.32394396316461	a7	a14
13	1.32404080189546	a6	a10
12	1.32444222277973	a8	a56	a44	0
12	1.32448009267447	a8	a57	a43	0
12	1.32464672021134	a6	a10	a22	0
12	1.32470731204292	a7	a14	a23	0
12	1.32492749843093	a7	a17	a23	1
12	1.32497889328808	a7	a16	a23	2
12	1.32505760856929	a7	a15	a23	3
13	1.32520665365503	a7	a14
12	1.32526508149263	a7	a14	a23	4
13	1.3255193507859	a7	a16
12	1.32559725456937	a7	a16	a23	5
13	1.32562051750472	a7	a17
13	1.32570437227165	a7	a14
12	1.32570815926112	a7	a17	a23	6
13	1.32573439768819	a7	a15
12	1.32575739012429	a7	a14	a23	7
12	1.325835564407	a7	a15	a23	8
13	1.32598785548372	a7	a16
12	1.32605656229275	a7	a16	a23	9
13	1.32619343491232	a7	a17
12	1.32626105972436	a7	a17	a23	10
13	1.32634085700257	a7	a15
13	1.3263876533725	a7	a14
12	1.32643390874394	a7	a15	a23	11
13	1.32648557410034	a7	a16
12	1.32648719709582	a7	a14	a23	12
12	1.32655265791388	a7	a16	a23	13
13	1.32666302160713	a7	a17
12	1.32673064641917	a7	a17	a23	14
13	1.32696598076507	a7	a14
13	1.32697707123424	a7	a15
12	1.32704658954102	a7	a14	a23	15
13	1.32713477229592	a7	a16
13	1.32715424824179	a7	a17
13	1.32752591420876	a7	a14
13	1.32760706398321	a6	a10
12	1.32796899197725	a6	a10	a24	0
12	1.32802417382387	a7	a14	a25	0
13	1.328079896669	a7	a14
12	1.32809558562539	a7	a14	a25	1
13	1.32812209455171	a7	a14
12	1.32813940650359	a7	a14	a25	2
13	1.32817132541487	a7	a14
12	1.32818917836525	a7	a14	a25	3
13	1.32821676928857	a7	a14
13	1.32853325340891	a6	a10
12	1.32861332118637	a6	a10	a26	0
12	1.32867066702698	a7	a14	a27	0
13	1.32874153783	a7	a14
12	1.32876480076534	a7	a14	a27	1
13	1.32880808064505	a7	a14
12	1.32883729456385	a7	a14	a27	2
13	1.32888003344506	a7	a14
12	1.32890600137288	a7	a14	a27	3
13	1.32894982225108	a7	a14
13	1.32922951847368	a6	a10
12	1.32943726189627	a6	a10	a22	0
12	1.32954383860004	a7	a14	a23	0
12	1.32985734722866	a7	a15	a23	1
12	1.32992848853093	a7	a17	a23	2
13	1.33002965524974	a7	a14
12	1.33005724617305	a7	a16	a23	3
12	1.33008591909336	a7	a14	a23	4
13	1.33042755964379	a7	a15
13	1.33045001108138	a7	a17
13	1.33045974905432	a7	a16
12	1.33052791486485	a7	a16	a23	5
13	1.33053440684681	a7	a14
12	1.33054225132501	a7	a15	a23	6
12	1.33057065374606	a7	a17	a23	7
12	1.33061609761975	a7	a14	a23	8
13	1.33092554875965	a7	a16
12	1.33100453454011	a7	a16	a23	9
13	1.3310875778093	a7	a15
13	1.33109163529802	a7	a17
13	1.33113599717472	a7	a14
12	1.33120037599578	a7	a17	a23	10
12	1.33120524498225	a7	a14	a23	11
12	1.33123148340932	a7	a15	a23	12
13	1.33133724861535	a7	a16
12	1.33140487342739	a7	a16	a23	13
13	1.33169106163195	a7	a17
13	1.33173163651917	a7	a16
13	1.33175219446203	a7	a14
13	1.33180061382745	a7	a15
12	1.33181386829061	a7	a17	a23	14
12	1.33183442623347	a7	a14	a23	15
13	1.33230563592377	a7	a17
13	1.33230671792076	a7	a14
13	1.33250580536741	a6	a10
13	1.33261454606517	a8	a57
12	1.33267243290427	a6	a10	a28	0
12	1.33273789372233	a7	a14	a29	0
13	1.3328157975058	a7	a14
12	1.33283581445016	a7	a14	a29	1
13	1.33290019327123	a7	a14
12	1.33291750522311	a7	a14	a29	2
13	1.33297268706973	a7	a14
12	1.33298999902161	a7	a14	a29	3
13	1.33303219690433	a7	a14
12	1.33310631369832	a7	a14	a29	4
13	1.33316149554495	a7	a14
12	1.33319990643819	a7	a16	a29	5
12	1.33323507134045	a7	a17	a29	6
12	1.33326212126526	a7	a14	a29	7
12	1.33330242565324	a7	a15	a29	8
13	1.33331892610738	a7	a14
13	1.3333595009946	a7	a17
12	1.33336220598708	a7	a14	a29	9
13	1.33337681294648	a7	a16
13	1.33340548586679	a7	a14
13	1.33340575636604	a7	a15
12	1.33345309373447	a7	a17	a29	10
12	1.33346012671492	a7	a14	a29	11
13	1.33350340659462	a7	a14
12	1.33351801355402	a7	a16	a29	12
13	1.33351801355402	a7	a17
12	1.33355074396305	a7	a15	a29	13
13	1.33357427739764	a7	a16
12	1.33358726136155	a7	a14	a29	14
12	1.33361539328336	a7	a17	a29	15
13	1.33364136121119	a7	a14
13	1.33366435364728	a7	a15
13	1.33368572308788	a7	a17
13	1.33387236756912	a6	a10
13	1.33390049949092	a8	a56
12	1.33448585986394	a8	a56	a42	0
12	1.33459622355719	a6	a10	a30	0
12	1.33467520933766	a7	a14	a31	0
12	1.33478070404444	a7	a16	a31	1
13	1.33481857393918	a7	a14
12	1.33485860782791	a7	a14	a31	2
13	1.33495382356326	a7	a14
12	1.33499764444147	a7	a14	a31	3
13	1.33500251342793	a7	a16
12	1.33507067923847	a7	a17	a31	4
12	1.33508501569862	a7	a15	a31	5
13	1.33509123718133	a7	a14
12	1.33511774610765	a7	a16	a31	6
12	1.33514641902795	a7	a14	a31	7
13	1.33520592886255	a7	a16
13	1.33524974974075	a7	a14
12	1.33526976668512	a7	a16	a31	8
13	1.3352719306791	a7	a17
13	1.33528518514226	a7	a15
12	1.33528870163249	a7	a14	a31	9
12	1.33536606441746	a7	a17	a31	10
13	1.33537417939491	a7	a16
12	1.33537553189115	a7	a15	a31	11
13	1.33538067137686	a7	a14
12	1.33542557425206	a7	a14	a31	12
12	1.33548616608364	a7	a16	a31	13
13	1.33551186351222	a7	a15
13	1.33551808499493	a7	a17
13	1.33553810193929	a7	a14
12	1.3355959887784	a7	a14	a31	14
13	1.33560248076035	a7	a16
12	1.33563115368066	a7	a17	a31	15
13	1.33569174551225	a7	a14
13	1.33576261631526	a7	a17
13	1.33592599786115	a6	a10
13	1.33613103629126	a8	a56
12	1.33621651405368	a8	a56	a45	0
12	1.33626844990933	a6	a10	a32	0
12	1.33633715671836	a7	a14	a33	0
13	1.33637827260408	a7	a14
12	1.33641830649281	a7	a14	a33	1
13	1.33643778243867	a7	a14
12	1.3364778163274	a7	a14	a33	2
13	1.33649729227327	a7	a14
12	1.33650432525372	a7	a17	a33	3
12	1.336537326162	a7	a14	a33	4
13	1.33655626110937	a7	a14
12	1.33657411405975	a7	a14	a33	5
13	1.33658763902216	a7	a17
13	1.3365957539996	a7	a14
12	1.33664173887179	a7	a14	a33	6
13	1.33666283781314	a7	a14
12	1.3366687887966	a7	a17	a33	7
13	1.33670287170187	a7	a17
12	1.33670341270037	a7	a14	a33	8
13	1.33672397064323	a7	a14
12	1.33676184053797	a7	a14	a33	9
13	1.33678185748234	a7	a14
12	1.33681323539512	a7	a17	a33	10
12	1.33682892435152	a7	a14	a33	11
13	1.33683703932896	a7	a17
13	1.33684785929889	a7	a14
12	1.33689709016205	a7	a16	a33	12
12	1.33693901754552	a7	a15	a33	13
13	1.3369641739756	a7	a16
12	1.33698419091996	a7	a14	a33	14
13	1.33700231436959	a7	a15
12	1.33701286384026	a7	a17	a33	15
13	1.33701394583726	a7	a14
13	1.33708373464328	a7	a17
13	1.3372584771576	a6	a10
13	1.33733421694708	a8	a56
12	1.33806564691411	a8	a56	a50	0
12	1.3412288651221	a6	a10	a34	0
12	1.34130189991911	a7	a14	a35	0
12	1.34158403063494	a7	a15	a35	1
12	1.34170548479736	a7	a17	a35	2
12	1.34173740370865	a7	a16	a35	3
13	1.34837112727055	a7	a14
13	1.35349627652545	a7	a15
13	1.35423663296767	a7	a17
13	1.35442165445341	a7	a16
13	1.35455906807148	a6	a10
12	1.35491125809258	a6	a10	a36	0
12	1.35500593282944	a7	a14	a37	0
12	1.35518689682646	a7	a15	a37	1
12	1.35526831710015	a7	a16	a37	2
12	1.35555288230922	a7	a17	a37	3
13	1.35709743301622	a7	a17
13	1.35842179733522	a7	a16
13	1.35872096950368	a7	a14
13	1.35940884909176	a7	a15
13	1.35958386210532	a6	a10
12	1.36204540526358	a6	a10	a38	0
12	1.36211681706509	a7	a14	a39	0
12	1.36226586215083	a7	a15	a39	1
12	1.36243276018695	a7	a17	a39	2
12	1.36246792508921	a7	a16	a39	3
13	1.36342278743522	a7	a14
13	1.36376875597361	a7	a15
13	1.36386911119468	a7	a17
13	1.3638961611195	a7	a16
13	1.3641011995496	a6	a10
12	1.36421751422631	a6	a10	a40	0
12	1.36427486006692	a7	a14	a41	0
12	1.36452831786245	a7	a15	a41	1
12	1.36475093874369	a7	a16	a41	2
12	1.36478285765497	a7	a17	a41	3
13	1.36490891030461	a7	a14
13	1.36571472756488	a7	a15
13	1.36597684133635	a7	a16
13	1.36601579322809	a7	a17
13	1.36618728975142	a6	a10
12	1.36657139868381	a8	a57	a49	0
13	1.37213827321096	a8	a57
12	1.37227298183655	a8	a57	a54	0
12	1.37580516101903	a8	a58	a53	0
13	1.38939558424514	a8	a58
12	1.38943940512334	a8	a58	a52	0
13	1.3937105882518	a8	a58
12	1.39376198310895	a8	a58	a51	0
13	1.39607096469126	a8	a58
13	1.40099405100779	a8	a57
13	1.40123425434015	a8	a56
13	1.4015810343763	a8	a55
12	1.40171412000639	a8	a55	a50	0
12	1.40493847104447	a6	a10	a34	0
12	1.40505045773321	a7	a14	a35	0
12	1.40556873429269	a7	a17	a35	1
12	1.40565258905962	a7	a16	a35	2
12	1.40567612249421	a7	a15	a35	3
13	1.40679030889738	a7	a14
13	1.41533592114528	a7	a16
13	1.41639844219206	a7	a17
13	1.41674765672143	a7	a15
13	1.4169372766944	a6	a10
12	1.41715962707638	a6	a10	a36	0
12	1.41722292390045	a7	a14	a37	0
12	1.41744311028846	a7	a16	a37	1
12	1.41755807246893	a7	a15	a37	2
12	1.41777149637572	a7	a17	a37	3
13	1.41917430547669	a7	a14
13	1.42005180503772	a7	a17
13	1.42022303106181	a7	a15
13	1.42058306556111	a7	a16
13	1.42075023409647	a6	a10
12	1.42542500210319	a6	a10	a38	0
12	1.42551967684005	a7	a14	a39	0
12	1.42569198486113	a7	a15	a39	1
12	1.42575609318294	a7	a17	a39	2
12	1.42605039636494	a7	a16	a39	3
13	1.42630196066573	a7	a14
13	1.42703312013351	a7	a15
13	1.42739856461777	a7	a16
13	1.42743643451252	a7	a17
13	1.42764580093059	a6	a10
12	1.4277767225667	a6	a10	a40	0
12	1.42804559881938	a7	a14	a41	0
12	1.428173815463	a7	a16	a41	1
12	1.42828580215174	a7	a17	a41	2
12	1.42835045147205	a7	a15	a41	3
13	1.42862609020593	a7	a14
13	1.42938240610379	a7	a16
13	1.42960123999555	a7	a15
13	1.42967887327977	a7	a17
13	1.42997750444974	a6	a10
12	1.43028749658813	a8	a56	a49	0
13	1.43560929879645	a8	a56
12	1.43570343253481	a8	a56	a54	0
12	1.43789555844191	a8	a57	a53	0
13	1.45333457352995	a8	a57
12	1.45338867337958	a8	a57	a52	0
13	1.45804721143141	a8	a57
12	1.4580926553051	a8	a57	a51	0
13	1.46059152735961	a8	a57
13	1.46561578039495	a8	a56
13	1.46576347298445	a8	a55
