%EventDef PajeDefineContainerType 0 
%       Alias string 
%       Type string 
%       Name string 
%EndEventDef 
%EventDef PajeDefineVariableType 1 
%       Alias string 
%       Type string 
%       Name string 
%       Color color 
%EndEventDef 
%EventDef PajeDefineStateType 2 
%       Alias string 
%       Type string 
%       Name string 
%EndEventDef 
%EventDef PajeDefineEventType 3 
%       Alias string 
%       Type string 
%       Name string 
%       Color color 
%EndEventDef 
%EventDef PajeDefineLinkType 4 
%       Alias string 
%       Type string 
%       StartContainerType string 
%       EndContainerType string 
%       Name string 
%EndEventDef 
%EventDef PajeDefineEntityValue 5 
%       Alias string 
%       Type string 
%       Name string 
%       Color color 
%EndEventDef 
%EventDef PajeCreateContainer 6 
%       Time date 
%       Alias string 
%       Type string 
%       Container string 
%       Name string 
%EndEventDef 
%EventDef PajeDestroyContainer 7 
%       Time date 
%       Type string 
%       Name string 
%EndEventDef 
%EventDef PajeSetVariable 8 
%       Time date 
%       Type string 
%       Container string 
%       Value double 
%EndEventDef
%EventDef PajeAddVariable 9 
%       Time date 
%       Type string 
%       Container string 
%       Value double 
%EndEventDef
%EventDef PajeSubVariable 10 
%       Time date 
%       Type string 
%       Container string 
%       Value double 
%EndEventDef
%EventDef PajeSetState 11 
%       Time date 
%       Type string 
%       Container string 
%       Value string 
%EndEventDef
%EventDef PajePushState 12 
%       Time date 
%       Type string 
%       Container string 
%       Value string 
%       Id string 
%EndEventDef
%EventDef PajePopState 13 
%       Time date 
%       Type string 
%       Container string 
%EndEventDef
%EventDef PajeResetState 14 
%       Time date 
%       Type string 
%       Container string 
%EndEventDef
%EventDef PajeStartLink 15 
%       Time date 
%       Type string 
%       Container string 
%       Value string 
%       StartContainer string 
%       Key string 
%EndEventDef
%EventDef PajeEndLink 16 
%       Time date 
%       Type string 
%       Container string 
%       Value string 
%       EndContainer string 
%       Key string 
%EndEventDef
%EventDef PajeNewEvent 17 
%       Time date 
%       Type string 
%       Container string 
%       Value string 
%EndEventDef
0	a1	0	"Task Manager"
0	a2	a1	"Node"
0	a3	a1	"Thread"
0	a4	a1	"Jobs"
0	a5	a1	"Memory usage"
2	a6	a4	"Job"
2	a7	a3	"Task"
2	a8	a3	"Timer state"
6	0	a9	a1	0	"The task manager"
6	0	a10	a4	a9	"Jobs"
6	0	a11	a5	a9	"Memory"
1	a12	a1	"Memory [MB]"	"1.0 1.0 1.0"
6	0	a13	a2	a9	"Node 0"
6	0	a14	a3	a13	"Thread 0"
6	0	a15	a3	a13	"Thread 1"
6	0	a16	a3	a13	"Thread 2"
6	0	a17	a3	a13	"Thread 3"
5	a18	a6	"ngcore::ParallelFor<int,ngcore::EnterTaskManager()::{lambda(int)#1}>(ngcore::T_Range<int>,ngcore::EnterTaskManager()::{lambda(int)#1},int,ngcore::TotalCosts)::{lambda(ngcore::TaskInfo&)#1}"	"0.630615054310908 1 0"
5	a19	a7	"ngcore::ParallelFor<int,ngcore::EnterTaskManager()::{lambda(int)#1}>(ngcore::T_Range<int>,ngcore::EnterTaskManager()::{lambda(int)#1},int,ngcore::TotalCosts)::{lambda(ngcore::TaskInfo&)#1}"	"0.630615054310908 1 0"
5	a20	a6	"ngcore::ParallelForRange<netgen::ElementIndex,netgen::MeshOptimize3d::SwapImprove(netgen::Mesh&,netgen::OPTIMIZEGOAL,netgen::NgBitArray const*)::{lambda(auto:1)#1}>(ngcore::T_Range<netgen::ElementIndex>,netgen::MeshOptimize3d::SwapImprove(netgen::Mesh&,netgen::OPTIMIZEGOAL,netgen::NgBitArray const*)::{lambda(auto:1)#1},int,ngcore::TotalCosts)::{lambda(ngcore::TaskInfo&)#1}"	"0.708022642579866 0 1"
5	a21	a7	"ngcore::ParallelForRange<netgen::ElementIndex,netgen::MeshOptimize3d::SwapImprove(netgen::Mesh&,netgen::OPTIMIZEGOAL,netgen::NgBitArray const*)::{lambda(auto:1)#1}>(ngcore::T_Range<netgen::ElementIndex>,netgen::MeshOptimize3d::SwapImprove(netgen::Mesh&,netgen::OPTIMIZEGOAL,netgen::NgBitArray const*)::{lambda(auto:1)#1},int,ngcore::TotalCosts)::{lambda(ngcore::TaskInfo&)#1}"	"0.708022642579866 0 1"
5	a22	a6	"ngcore::ParallelForRange<netgen::ElementIndex,ngcore::CreateTable<netgen::ElementIndex,netgen::PointIndex,ngcore::T_Range<netgen::ElementIndex>,netgen::Mesh::CreatePoint2ElementTable(std::optional<ngcore::BitArray>)const::{lambda(auto:1&,netgen::ElementIndex)#1}>(ngcore::T_Range<netgen::ElementIndex>const&,netgen::Mesh::CreatePoint2ElementTable(std::optional<ngcore::BitArray>)const::{lambda(auto:1&,netgen::ElementIndex)#1}const&,std::optional<unsigned long>)::{lambda(auto:1)#1}>(ngcore::T_Range<netgen::ElementIndex>,ngcore::Table,int,ngcore::TotalCosts)::{lambda(ngcore::TaskInfo&)#1}"	"0 0.230008221284954 1"
5	a23	a7	"ngcore::ParallelForRange<netgen::ElementIndex,ngcore::CreateTable<netgen::ElementIndex,netgen::PointIndex,ngcore::T_Range<netgen::ElementIndex>,netgen::Mesh::CreatePoint2ElementTable(std::optional<ngcore::BitArray>)const::{lambda(auto:1&,netgen::ElementIndex)#1}>(ngcore::T_Range<netgen::ElementIndex>const&,netgen::Mesh::CreatePoint2ElementTable(std::optional<ngcore::BitArray>)const::{lambda(auto:1&,netgen::ElementIndex)#1}const&,std::optional<unsigned long>)::{lambda(auto:1)#1}>(ngcore::T_Range<netgen::ElementIndex>,ngcore::Table,int,ngcore::TotalCosts)::{lambda(ngcore::TaskInfo&)#1}"	"0 0.230008221284954 1"
5	a24	a6	"ngcore::TablePrefixSum2<unsigned int>(ngcore::FlatArray<unsigned int,unsigned long>)::{lambda(ngcore::TaskInfo)#1}"	"0 0.312895337658212 1"
5	a25	a7	"ngcore::TablePrefixSum2<unsigned int>(ngcore::FlatArray<unsigned int,unsigned long>)::{lambda(ngcore::TaskInfo)#1}"	"0 0.312895337658212 1"
5	a26	a6	"ngcore::TablePrefixSum2<unsigned int>(ngcore::FlatArray<unsigned int,unsigned long>)::{lambda(ngcore::TaskInfo)#2}"	"0 1 0.887517304832004"
5	a27	a7	"ngcore::TablePrefixSum2<unsigned int>(ngcore::FlatArray<unsigned int,unsigned long>)::{lambda(ngcore::TaskInfo)#2}"	"0 1 0.887517304832004"
5	a28	a6	"ngcore::ParallelForRange<netgen::PointIndex,ngcore::CreateSortedTable<netgen::ElementIndex,netgen::PointIndex,ngcore::T_Range<netgen::ElementIndex>,netgen::Mesh::CreatePoint2ElementTable(std::optional<ngcore::BitArray>)const::{lambda(auto:1&,netgen::ElementIndex)#1}>(ngcore::T_Range<netgen::ElementIndex>const&,netgen::Mesh::CreatePoint2ElementTable(std::optional<ngcore::BitArray>)const::{lambda(auto:1&,netgen::ElementIndex)#1}const&,std::optional<unsigned long>)::{lambda(auto:1)#1}>(ngcore::T_Range<netgen::PointIndex>,ngcore::Table,int,ngcore::TotalCosts)::{lambda(ngcore::TaskInfo&)#1}"	"0 0.170427812303051 1"
5	a29	a7	"ngcore::ParallelForRange<netgen::PointIndex,ngcore::CreateSortedTable<netgen::ElementIndex,netgen::PointIndex,ngcore::T_Range<netgen::ElementIndex>,netgen::Mesh::CreatePoint2ElementTable(std::optional<ngcore::BitArray>)const::{lambda(auto:1&,netgen::ElementIndex)#1}>(ngcore::T_Range<netgen::ElementIndex>const&,netgen::Mesh::CreatePoint2ElementTable(std::optional<ngcore::BitArray>)const::{lambda(auto:1&,netgen::ElementIndex)#1}const&,std::optional<unsigned long>)::{lambda(auto:1)#1}>(ngcore::T_Range<netgen::PointIndex>,ngcore::Table,int,ngcore::TotalCosts)::{lambda(ngcore::TaskInfo&)#1}"	"0 0.170427812303051 1"
5	a30	a6	"ngcore::ParallelFor<unsigned long,netgen::BuildEdgeList<netgen::ElementIndex>(netgen::Mesh const&,ngcore::Table<netgen::ElementIndex,netgen::PointIndex>const&,ngcore::Array<std::tuple<netgen::PointIndex,netgen::PointIndex>,unsigned long>&)::{lambda(int)#1}>(ngcore::T_Range<unsigned long>,netgen::BuildEdgeList<netgen::ElementIndex>(netgen::Mesh const&,ngcore::Table<netgen::ElementIndex,netgen::PointIndex>const&,ngcore::Array<std::tuple<netgen::PointIndex,netgen::PointIndex>,unsigned long>&)::{lambda(int)#1},int,ngcore::TotalCosts)::{lambda(ngcore::TaskInfo&)#1}"	"1 0.872005992306398 0"
5	a31	a7	"ngcore::ParallelFor<unsigned long,netgen::BuildEdgeList<netgen::ElementIndex>(netgen::Mesh const&,ngcore::Table<netgen::ElementIndex,netgen::PointIndex>const&,ngcore::Array<std::tuple<netgen::PointIndex,netgen::PointIndex>,unsigned long>&)::{lambda(int)#1}>(ngcore::T_Range<unsigned long>,netgen::BuildEdgeList<netgen::ElementIndex>(netgen::Mesh const&,ngcore::Table<netgen::ElementIndex,netgen::PointIndex>const&,ngcore::Array<std::tuple<netgen::PointIndex,netgen::PointIndex>,unsigned long>&)::{lambda(int)#1},int,ngcore::TotalCosts)::{lambda(ngcore::TaskInfo&)#1}"	"1 0.872005992306398 0"
5	a32	a6	"ngcore::ParallelForRange<unsigned long,netgen::MeshOptimize3d::SwapImprove(netgen::Mesh&,netgen::OPTIMIZEGOAL,netgen::NgBitArray const*)::{lambda(auto:1)#2}>(ngcore::T_Range<unsigned long>,netgen::MeshOptimize3d::SwapImprove(netgen::Mesh&,netgen::OPTIMIZEGOAL,netgen::NgBitArray const*)::{lambda(auto:1)#2},int,ngcore::TotalCosts)::{lambda(ngcore::TaskInfo&)#1}"	"1 0.408375991137786 0"
5	a33	a7	"ngcore::ParallelForRange<unsigned long,netgen::MeshOptimize3d::SwapImprove(netgen::Mesh&,netgen::OPTIMIZEGOAL,netgen::NgBitArray const*)::{lambda(auto:1)#2}>(ngcore::T_Range<unsigned long>,netgen::MeshOptimize3d::SwapImprove(netgen::Mesh&,netgen::OPTIMIZEGOAL,netgen::NgBitArray const*)::{lambda(auto:1)#2},int,ngcore::TotalCosts)::{lambda(ngcore::TaskInfo&)#1}"	"1 0.408375991137786 0"
5	a34	a6	"ngcore::ParallelForRange<netgen::ElementIndex,netgen::Mesh::Compress()::{lambda(auto:1)#1}>(ngcore::T_Range<netgen::ElementIndex>,netgen::Mesh::Compress()::{lambda(auto:1)#1},int,ngcore::TotalCosts)::{lambda(ngcore::TaskInfo&)#1}"	"1 0.0611641584106637 0"
5	a35	a7	"ngcore::ParallelForRange<netgen::ElementIndex,netgen::Mesh::Compress()::{lambda(auto:1)#1}>(ngcore::T_Range<netgen::ElementIndex>,netgen::Mesh::Compress()::{lambda(auto:1)#1},int,ngcore::TotalCosts)::{lambda(ngcore::TaskInfo&)#1}"	"1 0.0611641584106637 0"
5	a36	a6	"ngcore::ParallelForRange<netgen::SurfaceElementIndex,netgen::Mesh::Compress()::{lambda(auto:1)#2}>(ngcore::T_Range<netgen::SurfaceElementIndex>,netgen::Mesh::Compress()::{lambda(auto:1)#2},int,ngcore::TotalCosts)::{lambda(ngcore::TaskInfo&)#1}"	"1 0 -2.77631980257023"
5	a37	a7	"ngcore::ParallelForRange<netgen::SurfaceElementIndex,netgen::Mesh::Compress()::{lambda(auto:1)#2}>(ngcore::T_Range<netgen::SurfaceElementIndex>,netgen::Mesh::Compress()::{lambda(auto:1)#2},int,ngcore::TotalCosts)::{lambda(ngcore::TaskInfo&)#1}"	"1 0 -2.77631980257023"
5	a38	a6	"ngcore::ParallelForRange<netgen::ElementIndex,netgen::Mesh::Compress()::{lambda(auto:1)#3}>(ngcore::T_Range<netgen::ElementIndex>,netgen::Mesh::Compress()::{lambda(auto:1)#3},int,ngcore::TotalCosts)::{lambda(ngcore::TaskInfo&)#1}"	"0.688034037288286 1 0"
5	a39	a7	"ngcore::ParallelForRange<netgen::ElementIndex,netgen::Mesh::Compress()::{lambda(auto:1)#3}>(ngcore::T_Range<netgen::ElementIndex>,netgen::Mesh::Compress()::{lambda(auto:1)#3},int,ngcore::TotalCosts)::{lambda(ngcore::TaskInfo&)#1}"	"0.688034037288286 1 0"
5	a40	a6	"ngcore::ParallelForRange<netgen::SurfaceElementIndex,netgen::Mesh::Compress()::{lambda(auto:1)#4}>(ngcore::T_Range<netgen::SurfaceElementIndex>,netgen::Mesh::Compress()::{lambda(auto:1)#4},int,ngcore::TotalCosts)::{lambda(ngcore::TaskInfo&)#1}"	"0 0.666479625428673 1"
5	a41	a7	"ngcore::ParallelForRange<netgen::SurfaceElementIndex,netgen::Mesh::Compress()::{lambda(auto:1)#4}>(ngcore::T_Range<netgen::SurfaceElementIndex>,netgen::Mesh::Compress()::{lambda(auto:1)#4},int,ngcore::TotalCosts)::{lambda(ngcore::TaskInfo&)#1}"	"0 0.666479625428673 1"
5	a42	a8	"Build edges"	"0 0.0614795051658243 1"
5	a43	a8	"CreateTable"	"0.608616351291681 0 1"
5	a44	a8	"CreateSortedTable"	"0 0.0381698166109086 1"
5	a45	a8	"MeshOptimize3d::SwapImprove loop"	"0.154668690207104 1 0"
5	a46	a8	"MeshOptimize3d::SwapImprove"	"1 0 -2.43968480148811"
5	a47	a8	"FreeOpenElementsEnvironment"	"0.907015785320433 0 1"
5	a48	a8	"Mesh::BuildBoundaryEdges"	"1 0 -2.61861416630415"
5	a49	a8	"Mesh::LinkSurfaceElements"	"0 1 0.171518596860468"
5	a50	a8	"Mesh::Compress"	"1 0.648677515017027 0"
5	a51	a8	"Mesh::CalcSurfacesOfNode, pointloop"	"0 0.319536079261344 1"
5	a52	a8	"Mesh::CalcSurfacesOfNode - surfelementht"	"0.690162641156969 0 1"
5	a53	a8	"Mesh::CalcSurfacesOfNode - surf on node"	"0.000515674241007069 1 0"
5	a54	a8	"Mesh::CalcSurfacesOfNode"	"1 0 -2.35340285344361"
6	0	a55	a3	a9	"Timer level 0"
6	0	a56	a3	a9	"Timer level 1"
6	0	a57	a3	a9	"Timer level 2"
6	0	a58	a3	a9	"Timer level 3"
4	a59	a2	a3	a3	"links"
8	0	a12	a11	0
12	0.155062071012804	a6	a10	a18	0
12	0.155134564811312	a7	a14	a19	0
13	0.155228157551175	a7	a14
12	0.155247633497043	a7	a14	a19	1
13	0.155260617460955	a7	a14
12	0.155323914285024	a7	a15	a19	2
12	0.155333652257958	a7	a14	a19	3
13	0.155339062242921	a7	a14
13	0.155736696137718	a7	a15
13	0.155820550904648	a6	a10
12	0.158099236571156	a8	a55	a47	0
13	0.180610184003115	a8	a55
12	0.180937488093389	a8	a55	a46	0
12	0.181042441801676	a8	a56	a48	0
13	0.181116558595672	a8	a56
12	0.182482038800389	a6	a10	a20	0
12	0.182616747425973	a7	a14	a21	0
12	0.182897525645564	a7	a15	a21	1
12	0.18310256407567	a7	a17	a21	2
12	0.183158827919287	a7	a16	a21	3
13	0.183541313856187	a7	a14
13	0.185539221303104	a7	a15
13	0.186428081832561	a7	a17
13	0.186608234331837	a7	a16
13	0.186771615877726	a6	a10
12	0.187848202885407	a8	a56	a44	0
12	0.187892564762105	a8	a57	a43	0
12	0.188326445556155	a6	a10	a22	0
12	0.188380545405787	a7	a14	a23	0
12	0.1884817121246	a7	a15	a23	1
12	0.188620748738154	a7	a16	a23	2
12	0.188849591102099	a7	a17	a23	3
13	0.189371113652553	a7	a14
12	0.189424672503689	a7	a14	a23	4
13	0.189951605039106	a7	a16
13	0.189991097929338	a7	a15
12	0.190058722741378	a7	a16	a23	5
12	0.190072788702283	a7	a15	a23	6
13	0.19028648310833	a7	a17
12	0.190357353911348	a7	a17	a23	7
13	0.1903643868918	a7	a14
12	0.19043201170384	a7	a14	a23	8
13	0.190973010200162	a7	a15
13	0.191022241063328	a7	a16
12	0.191036307024232	a7	a15	a23	9
12	0.191095275860331	a7	a16	a23	10
13	0.19138957904233	a7	a14
13	0.191398235018272	a7	a17
12	0.191460449845349	a7	a14	a23	11
12	0.191491827758135	a7	a17	a23	12
13	0.192006858326634	a7	a16
12	0.192068532155214	a7	a16	a23	13
13	0.192076647132659	a7	a15
12	0.192139943956729	a7	a15	a23	14
13	0.192337408407886	a7	a14
12	0.192398541237971	a7	a14	a23	15
13	0.192462920059033	a7	a17
13	0.192925473773389	a7	a16
13	0.193117528239583	a7	a15
13	0.193256564853138	a7	a14
13	0.193362600558417	a6	a10
12	0.193736971517872	a6	a10	a24	0
12	0.193794858356978	a7	a14	a25	0
13	0.193927402988577	a7	a14
12	0.193944714940459	a7	a14	a25	1
13	0.193993404805128	a7	a14
12	0.19406968559311	a7	a17	a25	2
12	0.194109178483341	a7	a14	a25	3
13	0.194165983325455	a7	a14
13	0.194322331890892	a7	a17
13	0.194563617220252	a6	a10
12	0.194666947933049	a6	a10	a26	0
12	0.194747556709001	a7	a14	a27	0
13	0.194846018435332	a7	a14
12	0.194862789388718	a7	a14	a27	1
13	0.194937988179706	a7	a14
12	0.194965038104522	a7	a15	a27	2
12	0.195007776985732	a7	a14	a27	3
13	0.195091090754165	a7	a14
13	0.195318851121117	a7	a15
13	0.195442739776775	a6	a10
12	0.195679697118164	a6	a10	a22	0
12	0.195785191824947	a7	a14	a23	0
12	0.19593613040542	a7	a15	a23	1
12	0.19603621512724	a7	a17	a23	2
12	0.196141709834023	a7	a16	a23	3
13	0.196590197587474	a7	a14
12	0.196654576408536	a7	a14	a23	4
13	0.196917501677749	a7	a15
12	0.196979716504826	a7	a15	a23	5
13	0.197105769154469	a7	a17
13	0.197107392149958	a7	a16
12	0.197191246916887	a7	a17	a23	6
12	0.197206935873281	a7	a16	a23	7
13	0.197466615151515	a7	a14
12	0.197531534971074	a7	a14	a23	8
13	0.197836658123	a7	a15
12	0.197899413948573	a7	a15	a23	9
13	0.198079025449352	a7	a16
12	0.198146650261392	a7	a16	a23	10
13	0.198255931957649	a7	a17
12	0.19833816372909	a7	a17	a23	11
13	0.198339245726083	a7	a14
12	0.198404165545641	a7	a14	a23	12
13	0.198737420619376	a7	a15
12	0.198799094447956	a7	a15	a23	13
13	0.198941377052489	a7	a16
12	0.199001427885581	a7	a16	a23	14
13	0.199234598237496	a7	a14
13	0.199265976150282	a7	a17
12	0.199274632126224	a7	a14	a23	15
13	0.199758825780432	a7	a15
13	0.199808056643597	a7	a16
13	0.200080719885743	a7	a14
13	0.200156459675228	a6	a10
13	0.20035338312789	a8	a57
12	0.200396663007595	a6	a10	a28	0
12	0.200452385852717	a7	a14	a29	0
12	0.200545437594084	a7	a16	a29	1
12	0.200580061497848	a7	a15	a29	2
13	0.200627128367029	a7	a14
12	0.20071368812644	a7	a14	a29	3
12	0.200778607945999	a7	a17	a29	4
13	0.200792132908407	a7	a14
13	0.200802952878333	a7	a15
13	0.200831625798638	a7	a16
12	0.200878692667818	a7	a14	a29	5
12	0.200907365588123	a7	a15	a29	6
13	0.200952268463318	a7	a14
12	0.200967957419711	a7	a16	a29	7
13	0.201006909311447	a7	a17
12	0.201014483290395	a7	a14	a29	8
13	0.201023680264833	a7	a15
13	0.201065878147546	a7	a16
12	0.201086436090406	a7	a17	a29	9
13	0.201086436090406	a7	a14
12	0.201116191007704	a7	a15	a29	10
12	0.201159470887409	a7	a14	a29	11
13	0.201187602809218	a7	a15
12	0.201200045774634	a7	a16	a29	12
13	0.201202209768619	a7	a17
13	0.201239538664865	a7	a14
12	0.201250358634791	a7	a15	a29	13
12	0.201310409467883	a7	a14	a29	14
13	0.201312573461868	a7	a16
13	0.201314196457357	a7	a15
12	0.201329885413751	a7	a17	a29	15
13	0.201383985263383	a7	a14
13	0.201402920210754	a7	a17
13	0.201642582544625	a6	a10
13	0.201682616433353	a8	a56
12	0.202668856692148	a8	a56	a42	0
12	0.203059998604989	a6	a10	a30	0
12	0.20312004943808	a7	a14	a31	0
13	0.203444648535873	a7	a14
12	0.203447353528355	a7	a15	a31	1
12	0.203458173498282	a7	a16	a31	2
12	0.203513896343403	a7	a14	a31	3
12	0.203579898159954	a7	a17	a31	4
13	0.203665916920869	a7	a14
12	0.203703245817115	a7	a14	a31	5
13	0.203823347483299	a7	a14
12	0.203839577438189	a7	a14	a31	6
13	0.203861758376538	a7	a15
13	0.203867168361501	a7	a16
13	0.203897464277295	a7	a17
12	0.203935334172038	a7	a15	a31	7
13	0.203965630087832	a7	a14
12	0.20397915505024	a7	a16	a31	8
12	0.20400404098107	a7	a17	a31	9
12	0.204049484854761	a7	a14	a31	10
13	0.204076534779578	a7	a15
13	0.204133339621691	a7	a16
12	0.204138208608158	a7	a15	a31	11
13	0.204166881528463	a7	a14
13	0.204171209516434	a7	a17
12	0.204201505432228	a7	a16	a31	12
12	0.204244244313437	a7	a14	a31	13
13	0.204296721167581	a7	a15
13	0.204317279110441	a7	a16
12	0.20435569000368	a7	a15	a31	14
13	0.204378952939022	a7	a14
12	0.204382739928496	a7	a16	a31	15
13	0.20452339953754	a7	a15
13	0.204550990460852	a7	a16
13	0.204700306045837	a6	a10
13	0.205046545083483	a8	a56
12	0.205185581697038	a8	a56	a45	0
12	0.205664365366283	a6	a10	a32	0
12	0.205727662190352	a7	a14	a33	0
12	0.205854796836988	a7	a17	a33	1
13	0.205972734509186	a7	a14
13	0.205995456446032	a7	a17
12	0.206007899411447	a7	a14	a33	2
13	0.206032785342278	a7	a14
12	0.20610744313477	a7	a17	a33	3
13	0.206142608037031	a7	a17
12	0.206155051002447	a7	a14	a33	4
13	0.206176149943803	a7	a14
12	0.206234577781406	a7	a15	a33	5
12	0.206251348734792	a7	a14	a33	6
13	0.206270283682163	a7	a14
12	0.206335744500218	a7	a17	a33	7
13	0.206356843441575	a7	a17
13	0.206362794425034	a7	a15
12	0.206368745408494	a7	a16	a33	8
12	0.206381729372406	a7	a14	a33	9
13	0.206400123321281	a7	a14
12	0.206457469161891	a7	a15	a33	10
12	0.206475322112269	a7	a17	a33	11
12	0.206487765077685	a7	a14	a33	12
13	0.206489388073174	a7	a16
13	0.206498585047611	a7	a17
13	0.206509405017538	a7	a14
13	0.206519142990471	a7	a15
12	0.206605161751387	a7	a14	a33	13
13	0.206627342689736	a7	a14
12	0.206635457667181	a7	a16	a33	14
12	0.206665753582975	a7	a17	a33	15
13	0.206668999573953	a7	a16
13	0.20673121440103	a7	a17
13	0.206910284903312	a6	a10
13	0.207078535435668	a8	a56
12	0.207888951183159	a8	a56	a50	0
12	0.214973867490992	a6	a10	a34	0
12	0.215049607280477	a7	a14	a35	0
12	0.215157265981245	a7	a17	a35	1
12	0.215344992459469	a7	a15	a35	2
12	0.215397469313612	a7	a16	a35	3
13	0.244898658316547	a7	a14
13	0.252919502023017	a7	a15
13	0.253470238492273	a7	a16
13	0.2534956654216	a7	a17
13	0.254052893872811	a6	a10
12	0.254218439412686	a6	a10	a36	0
12	0.254275785253296	a7	a14	a37	0
12	0.254460806739038	a7	a15	a37	1
12	0.254592269373644	a7	a16	a37	2
12	0.254632844260869	a7	a17	a37	3
13	0.259258922402918	a7	a14
13	0.26001469730228	a7	a17
13	0.260672551473807	a7	a16
13	0.26180918931458	a7	a15
13	0.261937946956704	a6	a10
12	0.267163451432679	a6	a10	a38	0
12	0.267244060208631	a7	a14	a39	0
12	0.267410146747002	a7	a16	a39	1
12	0.267483722542501	a7	a15	a39	2
12	0.267537822392134	a7	a17	a39	3
13	0.270522511096342	a7	a14
13	0.271266925027281	a7	a16
13	0.271296679944579	a7	a15
13	0.271419486603244	a7	a17
13	0.271604508088986	a6	a10
12	0.271663476925085	a6	a10	a40	0
12	0.271721363764192	a7	a14	a41	0
12	0.271919910212342	a7	a15	a41	1
12	0.272003223980775	a7	a16	a41	2
12	0.272116292666507	a7	a17	a41	3
13	0.27288505152978	a7	a14
13	0.274149906014181	a7	a15
13	0.274437717214224	a7	a17
13	0.27451183400822	a7	a16
13	0.274772054284951	a6	a10
12	0.275623044919666	a8	a57	a49	0
13	0.287555307754544	a8	a57
12	0.287755477198183	a8	a57	a54	0
12	0.291299017349092	a8	a58	a53	0
13	0.309475484828519	a8	a58
12	0.309512272726269	a8	a58	a52	0
13	0.319065224174322	a8	a58
12	0.319106340060043	a8	a58	a51	0
13	0.323891471760011	a8	a58
13	0.3280998990629	a8	a57
13	0.328390415255425	a8	a56
13	0.328645766545689	a8	a55
12	0.329206781986375	a8	a55	a46	0
12	0.329247356873599	a8	a56	a48	0
13	0.409266444464586	a8	a56
12	0.409977857487249	a6	a10	a20	0
12	0.410131501060205	a7	a14	a21	0
12	0.410222929806083	a7	a15	a21	1
12	0.410306243574517	a7	a17	a21	2
12	0.410470166118902	a7	a16	a21	3
13	0.411129102287422	a7	a14
13	0.412233821216912	a7	a15
13	0.412283593078574	a7	a17
13	0.41236203786054	a7	a16
13	0.412495123490636	a6	a10
12	0.41302692501252	a8	a56	a44	0
12	0.413054515935832	a8	a57	a43	0
12	0.413471084778	a6	a10	a22	0
12	0.413546283568989	a7	a14	a23	0
12	0.413906047569043	a7	a15	a23	1
12	0.413934720489348	a7	a17	a23	2
12	0.41399477132244	a7	a16	a23	3
13	0.414437849090928	a7	a14
12	0.414506014901464	a7	a14	a23	4
13	0.41507730931358	a7	a16
13	0.415152508104569	a7	a15
12	0.415153590101562	a7	a16	a23	5
13	0.415212017939165	a7	a17
12	0.415212558937661	a7	a15	a23	6
12	0.415274773764738	a7	a17	a23	7
13	0.415421925355738	a7	a14
12	0.415491173163267	a7	a14	a23	8
13	0.415959136862585	a7	a16
12	0.416030007665603	a7	a16	a23	9
13	0.416130092387423	a7	a15
13	0.416178782252092	a7	a17
12	0.416197176200967	a7	a15	a23	10
12	0.416256145037066	a7	a17	a23	11
13	0.416373000712272	a7	a14
12	0.416439002528823	a7	a14	a23	12
13	0.416986493007101	a7	a16
12	0.417055199816134	a7	a16	a23	13
13	0.41707629875749	a7	a15
12	0.417134726595093	a7	a15	a23	14
13	0.417225614342475	a7	a17
12	0.417287829169552	a7	a17	a23	15
13	0.417318125085346	a7	a14
13	0.417914305428293	a7	a16
13	0.418123130847873	a7	a15
13	0.418153426763667	a7	a17
13	0.418367662168211	a6	a10
12	0.418645194396824	a6	a10	a24	0
12	0.418703622234427	a7	a14	a25	0
13	0.418777739028423	a7	a14
12	0.418793968983313	a7	a14	a25	1
13	0.418842658847982	a7	a14
12	0.418942743569801	a7	a15	a25	2
12	0.41895031754875	a7	a14	a25	3
13	0.419019565356279	a7	a14
13	0.419100715130727	a7	a15
13	0.419214324814955	a6	a10
12	0.419303048568352	a6	a10	a26	0
12	0.419364722396932	a7	a14	a27	0
13	0.419459397133789	a7	a14
12	0.419476168087175	a7	a14	a27	1
13	0.419544874896208	a7	a14
12	0.419595728754862	a7	a14	a27	2
12	0.419668763551865	a7	a17	a27	3
13	0.419677419527806	a7	a14
13	0.419910048881225	a7	a17
13	0.42002690455643	a6	a10
12	0.420311469765496	a6	a10	a22	0
12	0.420380717573025	a7	a14	a23	0
12	0.420527328165528	a7	a17	a23	1
12	0.420561411070797	a7	a16	a23	2
12	0.420738317579094	a7	a15	a23	3
13	0.421187346331041	a7	a14
12	0.421254971143081	a7	a14	a23	4
13	0.421589849212305	a7	a17
12	0.42165963801833	a7	a17	a23	5
13	0.421776493693536	a7	a15
12	0.421838708520613	a7	a15	a23	6
13	0.421913366313105	a7	a16
12	0.421977745134168	a7	a16	a23	7
13	0.42206863288155	a7	a14
12	0.422129224713138	a7	a14	a23	8
13	0.422586909441026	a7	a17
12	0.422653452256074	a7	a17	a23	9
13	0.422668600213971	a7	a15
12	0.422725946054581	a7	a15	a23	10
13	0.42293206648168	a7	a14
12	0.422990494319282	a7	a14	a23	11
13	0.423165777832091	a7	a16
12	0.423250714596013	a7	a16	a23	12
13	0.423529328821619	a7	a17
13	0.423569903708843	a7	a15
12	0.423613183588549	a7	a15	a23	13
12	0.423629413543439	a7	a17	a23	14
13	0.423823091005122	a7	a14
12	0.423879895847236	a7	a14	a23	15
13	0.424472830199205	a7	a17
13	0.424483650169131	a7	a16
13	0.424537750018763	a7	a15
13	0.424800134289479	a7	a14
13	0.424874251083476	a6	a10
13	0.425087945489523	a8	a57
12	0.425119864400806	a6	a10	a28	0
12	0.42518694821435	a7	a14	a29	0
13	0.425290278927147	a7	a14
12	0.425310836870007	a7	a15	a29	1
12	0.425356280743698	a7	a14	a29	2
13	0.425443922500103	a7	a14
13	0.425449873483562	a7	a15
12	0.425486120382816	a7	a16	a29	3
12	0.425522908280566	a7	a14	a29	4
12	0.425564024166286	a7	a15	a29	5
13	0.425610009038473	a7	a14
13	0.425632730975319	a7	a16
13	0.42566789587758	a7	a15
12	0.425695486800892	a7	a14	a29	6
12	0.425721454728716	a7	a17	a29	7
13	0.425770685591881	a7	a14
12	0.425782046560304	a7	a16	a29	8
12	0.425848048376855	a7	a15	a29	9
13	0.425862655336256	a7	a17
12	0.425863737333249	a7	a14	a29	10
13	0.425925411161829	a7	a14
12	0.425926493158822	a7	a17	a29	11
13	0.425935690133259	a7	a16
13	0.425965445050557	a7	a15
12	0.425980052009958	a7	a14	a29	12
13	0.426002773946803	a7	a17
13	0.426048217820494	a7	a14
12	0.426106104659601	a7	a15	a29	13
12	0.426127203600957	a7	a16	a29	14
12	0.426167237489685	a7	a17	a29	15
13	0.426186713435553	a7	a15
13	0.426224583330295	a7	a16
13	0.426260289231053	a7	a17
13	0.426476688629581	a6	a10
13	0.426511312533346	a8	a56
12	0.42735797518009	a8	a56	a42	0
12	0.427461846891384	a6	a10	a30	0
12	0.427516487739512	a7	a14	a31	0
13	0.427698263234276	a7	a14
12	0.427762642055339	a7	a16	a31	1
12	0.42778752798617	a7	a15	a31	2
12	0.427801052948578	a7	a14	a31	3
12	0.427897891679419	a7	a17	a31	4
13	0.427935761574162	a7	a14
12	0.42799635340575	a7	a14	a31	5
13	0.428018534344099	a7	a15
13	0.428061273225308	a7	a16
13	0.428081290169672	a7	a17
12	0.428083995162154	a7	a15	a31	6
13	0.428115914073437	a7	a14
12	0.42814783298472	a7	a17	a31	7
12	0.428195440852396	a7	a14	a31	9
13	0.428199768840367	a7	a15
12	0.428204637826834	a7	a16	a31	8
12	0.428274426632859	a7	a15	a31	10
13	0.42829931256369	a7	a17
13	0.428316624515572	a7	a14
12	0.428377216347161	a7	a14	a31	11
13	0.428387495318591	a7	a15
12	0.428395610296035	a7	a17	a31	12
13	0.42840372527348	a7	a16
12	0.428481629056951	a7	a15	a31	13
12	0.428492990025373	a7	a16	a31	14
13	0.428504350993796	a7	a14
13	0.428516252960715	a7	a17
12	0.428574139799822	a7	a14	a31	15
13	0.428599566729149	a7	a15
13	0.428692618470516	a7	a14
13	0.428730488365259	a7	a16
13	0.428873311968288	a6	a10
13	0.429138942229982	a8	a56
12	0.429209813033	a8	a56	a45	0
12	0.429252010915713	a6	a10	a32	0
12	0.429340193670614	a7	a14	a33	0
13	0.429378604563853	a7	a14
12	0.429415392461602	a7	a14	a33	1
13	0.42944081939093	a7	a14
12	0.429458672341308	a7	a16	a33	2
12	0.429483017273643	a7	a14	a33	3
13	0.429500329225525	a7	a14
13	0.429527920148837	a7	a16
12	0.429546855096209	a7	a14	a33	4
13	0.429566331042076	a7	a14
12	0.42964964481051	a7	a14	a33	5
13	0.42967020275337	a7	a14
12	0.429694006687208	a7	a16	a33	6
13	0.429709695643602	a7	a16
12	0.429768664479701	a7	a17	a33	7
12	0.429791386416546	a7	a15	a33	8
12	0.429804911378954	a7	a14	a33	9
13	0.429822223330837	a7	a14
13	0.429824387324822	a7	a17
13	0.429835207294748	a7	a15
12	0.429907701093255	a7	a15	a33	10
12	0.429926636040627	a7	a16	a33	11
12	0.429943947992509	a7	a14	a33	12
13	0.429957472954917	a7	a16
13	0.429960177947399	a7	a15
13	0.429961259944391	a7	a14
12	0.430016441791016	a7	a17	a33	13
13	0.430046196708314	a7	a17
12	0.430056475679744	a7	a15	a33	14
13	0.430097050566968	a7	a15
12	0.430102460551931	a7	a14	a33	15
13	0.430124100491784	a7	a14
13	0.43034536887678	a6	a10
13	0.430448699589577	a8	a56
12	0.431879640612349	a8	a56	a50	0
12	0.43816171515164	a6	a10	a34	0
12	0.438221224986236	a7	a14	a35	0
12	0.438330506682493	a7	a16	a35	1
12	0.438417066441904	a7	a15	a35	2
12	0.438664302754723	a7	a17	a35	3
13	0.471021963818239	a7	a14
13	0.477227216571052	a7	a15
13	0.477327301292871	a7	a16
13	0.477524765744029	a7	a17
13	0.478063600246366	a6	a10
12	0.478170176950141	a6	a10	a36	0
12	0.478227522790751	a7	a14	a37	0
12	0.478387658345663	a7	a15	a37	1
12	0.478608926730658	a7	a16	a37	2
12	0.478660321587809	a7	a17	a37	3
13	0.481811096830388	a7	a17
13	0.482156794869538	a7	a16
13	0.483183069017061	a7	a14
13	0.48420393317962	a7	a15
13	0.484327280836782	a6	a10
12	0.488933883032964	a6	a10	a38	0
12	0.488998261854026	a7	a14	a39	0
12	0.489437011634543	a7	a17	a39	1
12	0.489464602557856	a7	a15	a39	2
12	0.489483537505227	a7	a16	a39	3
13	0.492642427725251	a7	a14
13	0.493265657993014	a7	a16
13	0.493372775695286	a7	a15
13	0.493495041355454	a7	a17
13	0.493613520026149	a6	a10
12	0.493673029860744	a6	a10	a40	0
12	0.493746605656244	a7	a14	a41	0
12	0.493936496128453	a7	a16	a41	1
12	0.494009530925457	a7	a15	a41	2
12	0.49413991156307	a7	a17	a41	3
13	0.494946540321086	a7	a14
13	0.49618596787616	a7	a17
13	0.496422925217549	a7	a15
13	0.496505697987486	a7	a16
13	0.496673407521346	a6	a10
12	0.497051565470275	a8	a57	a49	0
13	0.509033600166815	a8	a57
12	0.509171554783377	a8	a57	a54	0
12	0.511516242266437	a8	a58	a53	0
13	0.52881358718934	a8	a58
12	0.528859572061527	a8	a58	a52	0
13	0.537964576754627	a8	a58
12	0.537999200658391	a8	a58	a51	0
13	0.542776758379411	a8	a58
13	0.546993841658241	a8	a57
13	0.547176158151501	a8	a56
13	0.54733521170942	a8	a55
12	0.54795303199222	a8	a55	a46	0
12	0.548004967847866	a8	a56	a48	0
13	0.599093619849538	a8	a56
12	0.599327331199949	a6	a10	a20	0
12	0.599506401702232	a7	a14	a21	0
12	0.599605404427059	a7	a16	a21	1
12	0.599820721828595	a7	a15	a21	2
12	0.599898084613569	a7	a17	a21	3
13	0.600374163290332	a7	a15
13	0.600447198087336	a7	a14
13	0.601619541828866	a7	a16
13	0.601798071332652	a7	a17
13	0.601945763922148	a6	a10
12	0.602213558177827	a8	a56	a44	0
12	0.602235739116176	a8	a57	a43	0
12	0.602520845323738	a6	a10	a22	0
12	0.602590634129764	a7	a14	a23	0
12	0.602719932770385	a7	a16	a23	1
12	0.602889265299733	a7	a17	a23	2
12	0.603045072866674	a7	a15	a23	3
13	0.603436214779515	a7	a14
12	0.603503298593059	a7	a14	a23	4
13	0.60393555639162	a7	a16
12	0.604008591188624	a7	a16	a23	5
13	0.604044838087877	a7	a17
12	0.604127610857815	a7	a17	a23	6
13	0.604145463808193	a7	a15
12	0.604206596638277	a7	a15	a23	7
13	0.604366191194692	a7	a14
12	0.604425701029288	a7	a14	a23	8
13	0.604843351868449	a7	a16
12	0.604910435681992	a7	a16	a23	9
13	0.604967240524106	a7	a17
12	0.605073817227882	a7	a17	a23	10
13	0.60515496700233	a7	a15
12	0.605212853841436	a7	a15	a23	11
13	0.605444401197862	a7	a14
12	0.605521763982836	a7	a14	a23	12
13	0.60606546747164	a7	a15
12	0.606126600301724	a7	a15	a23	13
13	0.606249947958886	a7	a16
12	0.606352196674691	a7	a16	a23	14
13	0.606369508626573	a7	a14
13	0.606390066569433	a7	a17
12	0.606438215435606	a7	a14	a23	15
13	0.60705982270788	a7	a15
13	0.607186957354515	a7	a16
13	0.607288124073328	a7	a14
13	0.607376847826724	a6	a10
12	0.607518589432761	a6	a10	a24	0
12	0.607573771279386	a7	a14	a25	0
13	0.607628412127514	a7	a14
12	0.607648970070374	a7	a14	a25	1
13	0.607704151916999	a7	a14
12	0.607798285655359	a7	a15	a25	2
12	0.607811269619271	a7	a14	a25	3
13	0.607871861450859	a7	a14
13	0.607941650256885	a7	a15
13	0.608121261757663	a6	a10
12	0.608175361607296	a6	a10	a26	0
12	0.608248396404299	a7	a14	a27	0
13	0.60832034920431	a7	a14
12	0.608339825150178	a7	a14	a27	1
13	0.608407990960714	a7	a14
12	0.6084247619141	a7	a14	a27	2
13	0.608487517739673	a7	a14
12	0.608518354653964	a7	a16	a27	3
13	0.608773705944228	a7	a16
13	0.608944661469066	a6	a10
12	0.609180536813462	a6	a10	a22	0
12	0.609244915634524	a7	a14	a23	0
12	0.609411002172895	a7	a17	a23	1
12	0.609450495063127	a7	a16	a23	2
12	0.609702600362413	a7	a15	a23	3
13	0.610048298401562	a7	a14
12	0.610112677222625	a7	a14	a23	4
13	0.610348011568525	a7	a16
13	0.610385340464771	a7	a17
12	0.610427538347484	a7	a16	a23	5
12	0.610475687213657	a7	a17	a23	6
13	0.610581722918936	a7	a15
12	0.610645019743006	a7	a15	a23	7
13	0.610920387977633	a7	a14
12	0.6109842258002	a7	a14	a23	8
13	0.611223347135574	a7	a16
12	0.611290971947614	a7	a16	a23	9
13	0.611306660904007	a7	a17
12	0.61137103972507	a7	a17	a23	10
13	0.611476534431853	a7	a15
12	0.61153874925893	a7	a15	a23	11
13	0.611782739580771	a7	a14
12	0.611844413409351	a7	a14	a23	12
13	0.612093813716156	a7	a16
12	0.612178750480079	a7	a16	a23	13
13	0.612201472416924	a7	a17
12	0.612284786185358	a7	a17	a23	14
13	0.612369181950784	a7	a15
12	0.612428691785379	a7	a15	a23	15
13	0.612652665162857	a7	a14
13	0.612984297241102	a7	a16
13	0.613174728711807	a7	a17
13	0.613408440062218	a7	a15
13	0.613530705722387	a6	a10
13	0.613683808296846	a8	a57
12	0.613726547178056	a6	a10	a28	0
12	0.613789303003629	a7	a14	a29	0
13	0.613883436741989	a7	a14
12	0.613899125698382	a7	a14	a29	1
13	0.613971078498393	a7	a14
12	0.613987308453283	a7	a14	a29	2
13	0.614046277289382	a7	a14
12	0.614141493024735	a7	a14	a29	3
12	0.614168542949551	a7	a16	a29	4
12	0.614189100892411	a7	a15	a29	5
13	0.614213445824746	a7	a14
12	0.614260512693926	a7	a14	a29	6
12	0.614321104525514	a7	a17	a29	7
13	0.614328678504462	a7	a15
13	0.61433192449544	a7	a16
13	0.614354105433789	a7	a14
12	0.614422812242822	a7	a16	a29	8
12	0.61444228818869	a7	a15	a29	9
12	0.614453649157113	a7	a14	a29	10
13	0.614454190155609	a7	a17
13	0.614521814967649	a7	a16
12	0.614538585921035	a7	a17	a29	11
13	0.614543454907502	a7	a15
13	0.614568340838333	a7	a14
12	0.614598095755631	a7	a16	a29	12
12	0.614615407707513	a7	a15	a29	13
13	0.614626227677439	a7	a17
12	0.61465111360827	a7	a14	a29	14
13	0.614693311490983	a7	a16
13	0.614727394396251	a7	a15
12	0.614764723292498	a7	a17	a29	15
13	0.614809085169196	a7	a14
13	0.614846955063939	a7	a17
13	0.615047124507578	a6	a10
13	0.615085535400817	a8	a56
12	0.615423118462522	a8	a56	a42	0
12	0.615484251292606	a6	a10	a30	0
12	0.615578385030966	a7	a14	a31	0
13	0.615705519677602	a7	a14
12	0.615722831629484	a7	a14	a31	1
12	0.61587052421898	a7	a16	a31	2
13	0.615878098197928	a7	a14
12	0.615970608940799	a7	a14	a31	3
12	0.616062037686678	a7	a15	a31	4
13	0.61608962860999	a7	a14
13	0.616107481560369	a7	a16
12	0.616112350546836	a7	a17	a31	5
12	0.616169696387446	a7	a14	a31	6
12	0.616197828309255	a7	a16	a31	7
13	0.616232993211516	a7	a15
12	0.616296831034082	a7	a15	a31	8
13	0.616298454029571	a7	a14
13	0.616301700020548	a7	a17
13	0.616337946919802	a7	a16
12	0.61636175085364	a7	a14	a31	9
12	0.616405571731842	a7	a17	a31	10
13	0.616413686709287	a7	a15
12	0.616448851611548	a7	a16	a31	11
13	0.616491049494261	a7	a14
12	0.616495377482232	a7	a15	a31	12
12	0.616552723322842	a7	a14	a31	13
13	0.616553264321338	a7	a17
13	0.616594380207059	a7	a16
13	0.616616020146912	a7	a15
12	0.616644693067217	a7	a17	a31	14
13	0.616673906986018	a7	a14
12	0.616682021963463	a7	a16	a31	15
13	0.616803205626639	a7	a16
13	0.616813484598069	a7	a17
13	0.616991473103359	a6	a10
13	0.617165674619175	a8	a56
12	0.61721490548234	a8	a56	a45	0
12	0.617231676435726	a6	a10	a32	0
12	0.617322564183108	a7	a14	a33	0
13	0.617363139070332	a7	a14
12	0.617379910023718	a7	a14	a33	1
13	0.617395598980112	a7	a14
12	0.617413992928986	a7	a14	a33	2
13	0.61742968188538	a7	a14
12	0.617543832568104	a7	a14	a33	3
12	0.617568177500438	a7	a17	a33	4
13	0.617568177500438	a7	a14
12	0.617616326366611	a7	a16	a33	5
13	0.6176179493621	a7	a17
12	0.61762227735007	a7	a14	a33	6
13	0.617639589301953	a7	a14
13	0.617674754204214	a7	a16
12	0.61769585314557	a7	a17	a33	7
13	0.617723985067379	a7	a17
12	0.617739674023772	a7	a14	a33	8
13	0.617793232874908	a7	a14
12	0.617794855870397	a7	a16	a33	9
13	0.617817577807243	a7	a16
12	0.617834889759125	a7	a15	a33	10
12	0.617856529698978	a7	a17	a33	11
12	0.617894940592217	a7	a14	a33	12
13	0.617909006553121	a7	a17
13	0.617917121530566	a7	a14
13	0.61793713847493	a7	a15
12	0.618028026222312	a7	a16	a33	13
12	0.618036682198253	a7	a17	a33	14
13	0.618052371154646	a7	a17
13	0.618055076147128	a7	a16
12	0.618068601109536	a7	a15	a33	15
13	0.618122159960672	a7	a15
13	0.618317460417844	a6	a10
13	0.618363986288528	a8	a56
12	0.618811933043483	a8	a56	a50	0
12	0.625098335570744	a6	a10	a34	0
12	0.625201666283542	a7	a14	a35	0
12	0.625342866891082	a7	a17	a35	1
12	0.625492182476067	a7	a15	a35	2
12	0.625602546169316	a7	a16	a35	3
13	0.657242843226708	a7	a14
13	0.662463478716216	a7	a16
13	0.663289583420099	a7	a15
13	0.663753219131447	a7	a17
13	0.664019931390134	a6	a10
12	0.664080523221722	a6	a10	a36	0
12	0.66414706603677	a7	a14	a37	0
12	0.664356432454846	a7	a16	a37	1
12	0.664465173152607	a7	a15	a37	2
12	0.664547945922544	a7	a17	a37	3
13	0.667123098765037	a7	a17
13	0.667743083041822	a7	a15
13	0.668446381087041	a7	a14
13	0.669622511818045	a7	a16
13	0.669745859475206	a6	a10
12	0.673610211734434	a6	a10	a38	0
12	0.673704886471291	a7	a14	a39	0
12	0.673788200239724	a7	a17	a39	1
12	0.673856366050261	a7	a16	a39	2
12	0.67397268072697	a7	a15	a39	3
13	0.677277640541001	a7	a14
13	0.677737489262875	a7	a16
13	0.677860836920036	a7	a15
13	0.677919805756135	a7	a17
13	0.678068039344128	a6	a10
12	0.678123762189249	a6	a10	a40	0
12	0.678203829966704	a7	a14	a41	0
12	0.67841914736824	a7	a16	a41	1
12	0.678618775813383	a7	a15	a41	2
12	0.678689646616402	a7	a17	a41	3
13	0.679221989136782	a7	a14
13	0.680795212764087	a7	a15
13	0.680982398243814	a7	a16
13	0.680986185233288	a7	a17
13	0.68121394560024	a6	a10
12	0.681554233654426	a8	a57	a49	0
13	0.693816505572061	a8	a57
12	0.693867359430715	a8	a57	a54	0
12	0.695969679587423	a8	a58	a53	0
13	0.713102560967444	a8	a58
12	0.713155037821587	a8	a58	a52	0
13	0.721982510286073	a8	a58
12	0.722016052192845	a8	a58	a51	0
13	0.726780084951457	a8	a58
13	0.73101880817014	a8	a57
13	0.731137286840834	a8	a56
13	0.73130553737319	a8	a55
12	0.73169830228152	a8	a55	a46	0
12	0.731746992146189	a8	a56	a48	0
13	0.802790373684698	a8	a56
12	0.803330831182523	a6	a10	a20	0
12	0.803467703802093	a7	a14	a21	0
12	0.803569952517898	a7	a16	a21	1
12	0.803915109558551	a7	a17	a21	2
12	0.803970832403672	a7	a15	a21	3
13	0.804576750719553	a7	a14
13	0.804744460253413	a7	a15
13	0.804808298075979	a7	a16
13	0.805201603982805	a7	a17
13	0.805352542563279	a6	a10
12	0.805893000061105	a8	a56	a44	0
12	0.805940607928781	a8	a57	a43	0
12	0.806355012776963	a6	a10	a22	0
12	0.806441572536375	a7	a14	a23	0
12	0.80671585877401	a7	a17	a23	1
12	0.806893306280804	a7	a15	a23	2
12	0.806911700229679	a7	a16	a23	3
13	0.807330433065832	a7	a14
12	0.807387778906442	a7	a14	a23	4
13	0.80795149933961	a7	a17
13	0.807983959249389	a7	a16
12	0.808023452139621	a7	a17	a23	5
12	0.808052125059926	a7	a16	a23	6
13	0.808216588602807	a7	a15
12	0.808277180434396	a7	a15	a23	7
13	0.808306935351693	a7	a14
12	0.808365363189296	a7	a14	a23	8
13	0.808911230672085	a7	a16
12	0.80897669149014	a7	a16	a23	9
13	0.809029709342779	a7	a17
12	0.809103285138279	a7	a17	a23	10
13	0.809241239754841	a7	a14
13	0.809267207682665	a7	a15
12	0.809313733553348	a7	a14	a23	11
12	0.809355931436062	a7	a15	a23	12
13	0.809866093018093	a7	a16
12	0.809924520855696	a7	a16	a23	13
13	0.809967259736905	a7	a17
12	0.810049491508346	a7	a17	a23	14
13	0.810236676988074	a7	a15
12	0.810296186822669	a7	a15	a23	15
13	0.810299973812143	a7	a14
13	0.810831775334028	a7	a16
13	0.811148800452873	a7	a15
13	0.811181801361148	a7	a17
13	0.811360871863431	a6	a10
12	0.811636781096555	a6	a10	a24	0
12	0.811700077920625	a7	a14	a25	0
13	0.811772030720636	a7	a14
12	0.811788260675525	a7	a14	a25	1
13	0.811835868543202	a7	a14
12	0.811913772326672	a7	a14	a25	2
13	0.811957593204874	a7	a14
12	0.811977069150742	a7	a15	a25	3
13	0.812155057656032	a7	a15
13	0.812270290335748	a6	a10
12	0.812351981108693	a6	a10	a26	0
12	0.812405539959829	a7	a14	a27	0
13	0.812496968705707	a7	a14
12	0.812513198660597	a7	a14	a27	1
13	0.812580823472637	a7	a14
12	0.812632218329788	a7	a14	a27	2
13	0.812714450101229	a7	a14
12	0.812763139965898	a7	a17	a27	3
13	0.812941128471187	a7	a17
13	0.813060689138875	a6	a10
12	0.813324155406583	a6	a10	a22	0
12	0.813429650113366	a7	a14	a23	0
12	0.813558407755491	a7	a17	a23	1
12	0.81375857719913	a7	a16	a23	2
12	0.813894367821707	a7	a15	a23	3
13	0.814240065860857	a7	a14
12	0.814307149674401	a7	a14	a23	4
13	0.814455383262393	a7	a17
12	0.814526795063907	a7	a17	a23	5
13	0.8146160598158	a7	a16
12	0.814695045596263	a7	a16	a23	6
13	0.814851935160197	a7	a15
12	0.814926592952689	a7	a15	a23	7
13	0.815103499460987	a7	a14
12	0.815171124273027	a7	a14	a23	8
13	0.81534857177982	a7	a17
12	0.815421065578327	a7	a17	a23	9
13	0.815490854384353	a7	a16
12	0.815576332146772	a7	a16	a23	10
13	0.815754861650558	a7	a15
12	0.815815994480643	a7	a15	a23	11
13	0.815967474059613	a7	a14
12	0.816031311882179	a7	a14	a23	12
13	0.816354287984483	a7	a17
12	0.816435437758931	a7	a17	a23	13
13	0.81654742444767	a7	a16
12	0.816633984207081	a7	a16	a23	14
13	0.816737855918375	a7	a15
12	0.816797365752971	a7	a15	a23	15
13	0.816918549416147	a7	a14
13	0.817336200255307	a7	a17
13	0.817464957897432	a7	a16
13	0.817632667431292	a7	a15
13	0.817753851094468	a6	a10
13	0.818139583022346	a8	a57
12	0.818179616911073	a6	a10	a28	0
12	0.818299177578761	a7	a14	a29	0
13	0.818407377278025	a7	a14
12	0.818469051106606	a7	a14	a29	1
12	0.818514494980297	a7	a17	a29	2
13	0.818542085903609	a7	a14
12	0.818586988778804	a7	a14	a29	3
12	0.818620530685576	a7	a16	a29	4
13	0.818675712532201	a7	a17
13	0.818678417524682	a7	a14
13	0.818773092261539	a7	a16
12	0.818784453229961	a7	a14	a29	5
12	0.818806634168311	a7	a15	a29	6
13	0.818862898011928	a7	a14
12	0.81887588197584	a7	a16	a29	7
12	0.818926735834494	a7	a17	a29	8
12	0.818937014805924	a7	a14	a29	9
13	0.818938096802917	a7	a15
13	0.818955949753296	a7	a16
13	0.81899652464052	a7	a14
12	0.819025738559321	a7	a15	a29	10
13	0.819030607545788	a7	a17
12	0.819069559437523	a7	a16	a29	11
12	0.819103101344295	a7	a14	a29	12
13	0.81912744627663	a7	a15
12	0.81914800421949	a7	a17	a29	13
13	0.819163152177387	a7	a16
13	0.819187497109721	a7	a14
12	0.819213465037545	a7	a15	a29	14
12	0.819233481981909	a7	a16	a29	15
13	0.819235645975894	a7	a17
13	0.819294073813497	a7	a15
13	0.819309221771394	a7	a16
13	0.819521293181952	a6	a10
13	0.819548884105264	a8	a56
12	0.820291134042218	a8	a56	a42	0
12	0.82040853071592	a6	a10	a30	0
12	0.820465335558034	a7	a14	a31	0
13	0.82062763510693	a7	a14
12	0.82064386506182	a7	a14	a31	1
13	0.820782901675375	a7	a14
12	0.820841329512978	a7	a14	a31	2
12	0.820920856291937	a7	a17	a31	4
12	0.820935463251338	a7	a15	a31	3
13	0.820985235112999	a7	a14
12	0.82098956310097	a7	a16	a31	5
12	0.821030137988194	a7	a14	a31	6
13	0.8211469936634	a7	a14
13	0.821193519534083	a7	a17
13	0.821200011516039	a7	a16
12	0.821203257507017	a7	a14	a31	7
13	0.821236258415293	a7	a15
12	0.82129847324237	a7	a17	a31	8
13	0.821323359173201	a7	a14
12	0.821340671125083	a7	a16	a31	9
12	0.82136609805441	a7	a15	a31	10
12	0.821381246012307	a7	a14	a31	11
13	0.82143372286645	a7	a17
13	0.82149106870706	a7	a16
12	0.821496478692024	a7	a17	a31	12
13	0.821503511672476	a7	a14
13	0.821548414547671	a7	a15
12	0.821551119540152	a7	a14	a31	13
13	0.821619285350689	a7	a17
12	0.821626318331141	a7	a16	a31	14
13	0.821671762204832	a7	a14
12	0.821673385200321	a7	a15	a31	15
13	0.821757780965747	a7	a16
13	0.821792404869512	a7	a15
13	0.821963360394349	a6	a10
13	0.822193284755286	a8	a56
12	0.822243597615444	a8	a56	a45	0
12	0.822287959492143	a6	a10	a32	0
12	0.82234422333576	a7	a14	a33	0
13	0.822384798222984	a7	a14
12	0.82240752015983	a7	a14	a33	1
13	0.822429701098179	a7	a14
12	0.822523834836539	a7	a14	a33	2
13	0.822542228785414	a7	a14
12	0.822547097771881	a7	a15	a33	3
12	0.822568737711734	a7	a14	a33	4
13	0.822584426668127	a7	a14
13	0.822618509573395	a7	a15
12	0.822678560406487	a7	a14	a33	5
12	0.822703987335814	a7	a15	a33	6
13	0.822714266307244	a7	a14
13	0.8227207582892	a7	a15
12	0.822824089001998	a7	a17	a33	7
12	0.822858171907266	a7	a14	a33	8
13	0.822879811847119	a7	a14
12	0.822884680833586	a7	a16	a33	9
13	0.822886844827571	a7	a17
12	0.822902533783964	a7	a15	a33	10
13	0.822937157687729	a7	a15
12	0.822967453603523	a7	a17	a33	11
12	0.822978814571946	a7	a14	a33	12
13	0.822986929549391	a7	a16
13	0.82300911048774	a7	a14
13	0.823016143468192	a7	a17
12	0.82311947418099	a7	a15	a33	13
12	0.823145442108813	a7	a17	a33	14
13	0.823161672063703	a7	a17
12	0.823173574030622	a7	a16	a33	15
13	0.823182230006563	a7	a15
13	0.823207115937394	a7	a16
13	0.823407826379529	a6	a10
13	0.823489517152474	a8	a56
12	0.824633187973699	a8	a56	a50	0
12	0.831215516678448	a6	a10	a34	0
12	0.831323175379216	a7	a14	a35	0
12	0.831426506092014	a7	a16	a35	1
12	0.83157852666948	a7	a17	a35	2
12	0.831787352089061	a7	a15	a35	3
13	0.8661418386025	a7	a14
13	0.870040814765493	a7	a16
13	0.870251804179059	a7	a15
13	0.871043825977674	a7	a17
13	0.871163927643858	a6	a10
12	0.87125914337921	a6	a10	a36	0
12	0.87132244020328	a7	a14	a37	0
12	0.871560479541661	a7	a15	a37	1
12	0.871764976973271	a7	a17	a37	2
12	0.871786616913124	a7	a16	a37	3
13	0.875200858423412	a7	a16
13	0.876063751025046	a7	a14
13	0.876765426074775	a7	a17
13	0.877205798850782	a7	a15
13	0.87732806451095	a6	a10
12	0.881286009510042	a6	a10	a38	0
12	0.881410439164196	a7	a14	a39	0
12	0.881924928734198	a7	a16	a39	1
12	0.881977946586838	a7	a15	a39	2
12	0.882006078508647	a7	a17	a39	3
13	0.884605576283474	a7	a14
13	0.885685409282133	a7	a15
13	0.885753034094173	a7	a16
13	0.88578441200696	a7	a17
13	0.885954826533301	a6	a10
12	0.88602407434083	a6	a10	a40	0
12	0.886086289167907	a7	a14	a41	0
12	0.886335689474712	a7	a15	a41	1
12	0.88643739719202	a7	a16	a41	2
12	0.886532071928877	a7	a17	a41	3
13	0.887146105222202	a7	a14
13	0.888283284061471	a7	a15
13	0.888769100711168	a7	a17
13	0.88903797696384	a7	a16
13	0.889186751550329	a6	a10
12	0.889562204506776	a8	a57	a49	0
13	0.904280068599216	a8	a57
12	0.904422892202245	a8	a57	a54	0
12	0.906742152755977	a8	a58	a53	0
13	0.923965380884885	a8	a58
12	0.924002709781131	a8	a58	a52	0
13	0.932910250023073	a8	a58
12	0.932944332928341	a8	a58	a51	0
13	0.93769105373507	a8	a58
13	0.941959531871051	a8	a57
13	0.942113716442503	a8	a56
13	0.942304147913208	a8	a55
12	0.9428494743975	a8	a55	a46	0
12	0.942901410253147	a8	a56	a48	0
13	0.990936125743081	a8	a56
12	0.991092474308519	a6	a10	a20	0
12	0.991169296094996	a7	a14	a21	0
12	0.991391105478488	a7	a15	a21	1
12	0.991477124239403	a7	a17	a21	2
12	0.991498764179256	a7	a16	a21	3
13	0.992092780528218	a7	a14
13	0.993389012925405	a7	a17
13	0.993392258916383	a7	a16
13	0.9934339158006	a7	a15
13	0.993661676167552	a6	a10
12	0.993854271632242	a8	a56	a44	0
12	0.993875911572095	a8	a57	a43	0
12	0.994173460745072	a6	a10	a22	0
12	0.994243790549594	a7	a14	a23	0
12	0.994677130345148	a7	a16	a23	1
12	0.994702557274475	a7	a15	a23	2
12	0.994719869226358	a7	a17	a23	3
13	0.995104519157243	a7	a14
12	0.995169979975297	a7	a14	a23	4
13	0.995798079229527	a7	a16
13	0.995863540047582	a7	a17
12	0.995874901016005	a7	a16	a23	5
13	0.995919262892703	a7	a15
12	0.995933869852104	a7	a17	a23	6
12	0.995984723710758	a7	a15	a23	7
13	0.996005822652115	a7	a14
12	0.996070201473177	a7	a14	a23	8
13	0.996698841725903	a7	a16
12	0.996773499518396	a7	a16	a23	9
13	0.996895765178565	a7	a15
13	0.996943373046241	a7	a17
13	0.996950947025189	a7	a14
12	0.996956357010153	a7	a15	a23	10
12	0.997012079855274	a7	a17	a23	11
12	0.997044539765053	a7	a14	a23	12
13	0.997654786068904	a7	a16
12	0.997735935843353	a7	a16	a23	13
13	0.99782898758472	a7	a15
13	0.99785982449901	a7	a14
12	0.997885792426834	a7	a15	a23	14
13	0.997925826315562	a7	a17
12	0.997937187283985	a7	a14	a23	15
13	0.998589631470549	a7	a16
13	0.998811981852537	a7	a14
13	0.998824965816449	a7	a15
13	0.998949395470603	a6	a10
12	0.999120891993937	a6	a10	a24	0
12	0.999179860830036	a7	a14	a25	0
13	0.999225845702224	a7	a14
12	0.999248026640573	a7	a14	a25	1
13	0.999381112270668	a7	a14
12	0.999385981257135	a7	a17	a25	2
12	0.99940437520601	a7	a14	a25	3
13	0.999451983073686	a7	a14
13	0.999532050851142	a7	a17
13	0.999797681112836	a6	a10
12	0.99984420698352	a6	a10	a26	0
12	0.999921569768494	a7	a14	a27	0
13	0.999983243597074	a7	a14
12	1.00000488353693	a7	a14	a27	1
13	1.00007467234295	a7	a14
12	1.00009090229784	a7	a14	a27	2
13	1.00015798611139	a7	a14
12	1.00022182393395	a7	a15	a27	3
13	1.0003765495039	a7	a15
13	1.00056319398513	a6	a10
12	1.00079311834607	a6	a10	a22	0
12	1.00085695616863	a7	a14	a23	0
12	1.00095217190399	a7	a16	a23	1
12	1.00113340640025	a7	a15	a23	2
12	1.00114963635514	a7	a17	a23	3
13	1.00166142093267	a7	a14
12	1.00172363575974	a7	a14	a23	4
13	1.00180099854472	a7	a16
12	1.00186700036127	a7	a16	a23	5
13	1.00200657797332	a7	a15
13	1.00202605391919	a7	a17
12	1.00207312078837	a7	a15	a23	6
12	1.00211910566055	a7	a17	a23	7
13	1.00252593652979	a7	a14
12	1.0025827413719	a7	a14	a23	8
13	1.0026557761689	a7	a16
12	1.00273584394636	a7	a16	a23	9
13	1.00294845635542	a7	a15
12	1.00300742519151	a7	a15	a23	10
13	1.00303014712836	a7	a17
12	1.00309073895995	a7	a17	a23	11
13	1.00338558314044	a7	a14
12	1.00344509297504	a7	a14	a23	12
13	1.0035397677119	a7	a16
12	1.00360631052694	a7	a16	a23	13
13	1.00384434986532	a7	a15
12	1.00389953171195	a7	a15	a23	14
13	1.00391467966985	a7	a17
12	1.00399799343828	a7	a17	a23	15
13	1.00424847574208	a7	a14
13	1.00439562733308	a7	a16
13	1.0047456533602	a7	a15
13	1.0048635910324	a7	a17
13	1.00504807151964	a6	a10
13	1.00519197711966	a8	a57
12	1.00522065003997	a6	a10	a28	0
12	1.00525527394373	a7	a14	a29	0
13	1.00532939073773	a7	a14
12	1.00537970359789	a7	a14	a29	1
12	1.00542893446105	a7	a15	a29	2
13	1.00546193536933	a7	a14
12	1.00555985609716	a7	a14	a29	3
13	1.00558907001596	a7	a15
12	1.00563830087913	a7	a16	a29	4
13	1.00566210481297	a7	a14
12	1.00569726971523	a7	a17	a29	5
12	1.00573459861147	a7	a15	a29	6
13	1.00574163159193	a7	a16
12	1.00574812357388	a7	a14	a29	7
13	1.00579843643404	a7	a17
13	1.00582061737239	a7	a14
13	1.00582332236487	a7	a15
12	1.00585361828066	a7	a16	a29	8
12	1.00590339014233	a7	a14	a29	9
13	1.00593801404609	a7	a16
12	1.00595857198895	a7	a15	a29	10
12	1.00597480194384	a7	a17	a29	11
13	1.00600509785963	a7	a14
13	1.00603863976641	a7	a15
12	1.00604459074987	a7	a16	a29	12
12	1.00607596866265	a7	a14	a29	13
13	1.00609490361002	a7	a17
13	1.00612303553183	a7	a16
13	1.00613764249123	a7	a14
12	1.00616090542658	a7	a15	a29	14
12	1.00620472630478	a7	a14	a29	15
13	1.00625666216042	a7	a15
13	1.00634754990781	a7	a14
13	1.00650443947174	a6	a10
13	1.00654122736949	a8	a56
12	1.00685446549886	a8	a56	a42	0
12	1.00692750029586	a6	a10	a30	0
12	1.00698484613647	a7	a14	a31	0
13	1.00710981678912	a7	a14
12	1.00713307972447	a7	a14	a31	1
13	1.00728023131547	a7	a14
12	1.00729754326735	a7	a14	a31	2
13	1.00741656293654	a7	a14
12	1.0075112376734	a7	a14	a31	3
12	1.00753828759821	a7	a15	a31	4
12	1.00758048548092	a7	a17	a31	5
12	1.00759401044333	a7	a16	a31	6
13	1.00763945431702	a7	a14
12	1.00769571816064	a7	a14	a31	7
13	1.0077903928975	a7	a17
13	1.00779147489449	a7	a15
13	1.00779201589299	a7	a16
13	1.00781149183885	a7	a14
12	1.00785855870803	a7	a14	a31	8
12	1.00788669062984	a7	a17	a31	9
12	1.0079072485727	a7	a16	a31	10
12	1.00792672451857	a7	a15	a31	11
13	1.00799759532159	a7	a14
13	1.0080251862449	a7	a16
13	1.00804790818175	a7	a17
12	1.00805656415769	a7	a14	a31	12
13	1.00807279411258	a7	a15
12	1.0081279759592	a7	a17	a31	13
12	1.008157189878	a7	a16	a31	14
12	1.00818856779079	a7	a15	a31	15
13	1.0082172407111	a7	a14
13	1.00825673360133	a7	a17
13	1.00827675054569	a7	a16
13	1.00830596446449	a7	a15
13	1.00848828095775	a6	a10
13	1.00861757959837	a8	a56
12	1.00865653149011	a8	a56	a45	0
12	1.00867330244349	a6	a10	a32	0
12	1.00875066522847	a7	a14	a33	0
13	1.00876743618185	a7	a14
12	1.00878528913223	a7	a14	a33	1
13	1.00880909306607	a7	a14
12	1.00882586401946	a7	a14	a33	2
13	1.00884263497284	a7	a14
12	1.00885940592623	a7	a14	a33	3
13	1.00887617687962	a7	a14
12	1.00891891576082	a7	a14	a33	4
13	1.00894326069316	a7	a14
12	1.00901575449167	a7	a14	a33	5
13	1.00904605040746	a7	a14
12	1.00907959231423	a7	a15	a33	6
12	1.00912016720146	a7	a14	a33	7
12	1.00915262711124	a7	a16	a33	8
13	1.0091580370962	a7	a14
13	1.0091721030571	a7	a15
12	1.00917805404056	a7	a17	a33	9
13	1.00918833301199	a7	a16
13	1.00923053089471	a7	a17
12	1.00923918687065	a7	a14	a33	10
12	1.00929166372479	a7	a16	a33	11
13	1.00931276266615	a7	a14
13	1.00932141864209	a7	a16
12	1.0093338616075	a7	a17	a33	12
13	1.00935063256089	a7	a17
12	1.00938525646465	a7	a14	a33	14
13	1.00940256841654	a7	a14
12	1.00940473241052	a7	a15	a33	13
12	1.00944260230526	a7	a16	a33	15
13	1.00945937325865	a7	a15
13	1.00947019322858	a7	a16
13	1.00975043044967	a6	a10
13	1.00980128430833	a8	a56
12	1.01029413393848	a8	a56	a50	0
12	1.01651128865821	a6	a10	a34	0
12	1.01657242148829	a7	a14	a35	0
12	1.01672606506125	a7	a15	a35	1
12	1.01673634403268	a7	a17	a35	2
12	1.01685860969285	a7	a16	a35	3
13	1.0488575887533	a7	a14
13	1.05466899460079	a7	a17
13	1.05525760096479	a7	a16
13	1.05559897101597	a7	a15
13	1.05585378130774	a6	a10
12	1.05590950415286	a6	a10	a36	0
12	1.05600255589422	a7	a14	a37	0
12	1.05626656316043	a7	a17	a37	1
12	1.05633959795743	a7	a16	a37	2
12	1.05640235378301	a7	a15	a37	3
13	1.06025534507381	a7	a16
13	1.06030295294149	a7	a14
13	1.06037869273097	a7	a15
13	1.06218616870719	a7	a17
13	1.06232899231021	a6	a10
12	1.06605755394687	a6	a10	a38	0
12	1.06611814577845	a7	a14	a39	0
12	1.06626800236193	a7	a17	a39	1
12	1.06633887316495	a7	a15	a39	2
12	1.0664930577364	a7	a16	a39	3
13	1.06947720544212	a7	a14
13	1.07025462028133	a7	a15
13	1.07026057126479	a7	a16
13	1.07028762118961	a7	a17
13	1.07053215250994	a6	a10
12	1.07056731741221	a6	a10	a40	0
12	1.07062790924379	a7	a14	a41	0
12	1.07106557702732	a7	a16	a41	1
12	1.07113157884387	a7	a15	a41	2
12	1.07117215373109	a7	a17	a41	3
13	1.0716130675056	a7	a14
13	1.07308837040507	a7	a15
13	1.07340810051639	a7	a17
13	1.07345841337655	a7	a16
13	1.07368130475704	a6	a10
12	1.07401942881724	a8	a57	a49	0
13	1.08603825141153	a8	a57
12	1.08610966321304	a8	a57	a54	0
12	1.08807943873815	a8	a58	a53	0
13	1.10493208289708	a8	a58
12	1.10500295370009	a8	a58	a52	0
13	1.11365784764425	a8	a58
12	1.11369193054952	a8	a58	a51	0
13	1.11844135634873	a8	a58
13	1.12258269983808	a8	a57
13	1.12267088259298	a8	a56
13	1.12283696913135	a8	a55
12	1.12323514402464	a8	a55	a47	0
13	1.14699309299062	a8	a55
12	1.14708668573049	a8	a55	a46	0
12	1.14714457256959	a8	a56	a48	0
13	1.19247808256739	a8	a56
12	1.19265120208621	a6	a10	a20	0
12	1.1927123349163	a7	a14	a21	0
12	1.19284325655241	a7	a15	a21	1
12	1.19305478696447	a7	a16	a21	2
12	1.19308562387876	a7	a17	a21	3
13	1.19374726503976	a7	a14
13	1.19380190588789	a7	a15
13	1.19401560029394	a7	a16
13	1.19427203358119	a7	a17
13	1.19445543207145	a6	a10
12	1.19464045355719	a8	a56	a44	0
12	1.19466155249855	a8	a57	a43	0
12	1.19493042875122	a6	a10	a22	0
12	1.19500941453168	a7	a14	a23	0
12	1.19510679426102	a7	a16	a23	1
12	1.19525069986104	a7	a15	a23	2
12	1.1953296856415	a7	a17	a23	3
13	1.19584363421301	a7	a14
12	1.19590530804159	a7	a14	a23	4
13	1.19627318701909	a7	a16
12	1.1963445988206	a7	a16	a23	5
13	1.19638355071234	a7	a15
12	1.19645063452588	a7	a15	a23	6
13	1.1967714466342	a7	a17
13	1.19678821758759	a7	a14
12	1.19684610442669	a7	a17	a23	7
12	1.19685908839061	a7	a14	a23	8
13	1.19724644331397	a7	a16
12	1.19733246207489	a7	a16	a23	9
13	1.19736654498016	a7	a15
12	1.19744282576814	a7	a15	a23	10
13	1.19777337584939	a7	a14
12	1.19782801669752	a7	a14	a23	11
13	1.19818778069757	a7	a16
12	1.1982575695036	a7	a16	a23	12
13	1.19832519431564	a7	a17
12	1.19839985210813	a7	a17	a23	13
13	1.1984636899307	a7	a15
12	1.1985215767698	a7	a15	a23	14
13	1.19866710536531	a7	a14
12	1.19872120521495	a7	a14	a23	15
13	1.19916049599396	a7	a16
13	1.1995072760301	a7	a15
13	1.19966470659253	a7	a14
13	1.19966578858952	a7	a17
13	1.19983025213241	a6	a10
12	1.19997037074295	a6	a10	a24	0
12	1.20002825758206	a7	a14	a25	0
13	1.20007261945876	a7	a14
12	1.20009047240914	a7	a14	a25	1
13	1.20013321129035	a7	a14
12	1.20023167301668	a7	a15	a25	2
12	1.20025006696555	a7	a16	a25	3
13	1.20037990660467	a7	a15
13	1.2004193994949	a7	a16
13	1.20058765002726	a6	a10
12	1.20065906182877	a6	a10	a26	0
12	1.20072181765435	a7	a14	a27	0
13	1.20080459042428	a7	a14
12	1.20082082037917	a7	a14	a27	1
13	1.20088303520625	a7	a14
12	1.20089926516114	a7	a14	a27	2
13	1.20096039799122	a7	a14
12	1.20099123490551	a7	a14	a27	3
13	1.20106102371154	a7	a14
13	1.20142241070708	a6	a10
12	1.20162041615674	a6	a10	a22	0
12	1.20171779588607	a7	a14	a23	0
12	1.20183302856579	a7	a15	a23	1
12	1.20193690027708	a7	a17	a23	2
12	1.20215329967561	a7	a16	a23	3
13	1.20255580255688	a7	a14
12	1.20262667335989	a7	a14	a23	4
13	1.20279167790127	a7	a15
12	1.20285443372685	a7	a15	a23	5
13	1.20301132329078	a7	a16
12	1.20306866913139	a7	a16	a23	6
13	1.20329426550436	a7	a17
12	1.20337433328181	a7	a17	a23	7
13	1.20342843313144	a7	a14
12	1.20349551694499	a7	a14	a23	8
13	1.20370542436156	a7	a15
12	1.20376547519465	a7	a15	a23	9
13	1.20397754660521	a7	a16
12	1.20404679441274	a7	a16	a23	10
13	1.20429889971203	a7	a14
12	1.20435949154361	a7	a14	a23	11
13	1.20482691424444	a7	a15
13	1.20486640713467	a7	a16
12	1.20488696507753	a7	a15	a23	12
12	1.20496108187152	a7	a16	a23	13
13	1.20513852937832	a7	a17
13	1.2051563823287	a7	a14
12	1.20520615419036	a7	a14	a23	14
12	1.20522833512871	a7	a17	a23	15
13	1.2057888095709	a7	a15
13	1.2058034165303	a7	a16
13	1.20601440594386	a7	a14
13	1.2064201548161	a7	a17
13	1.20654566646725	a6	a10
13	1.20664466919208	a8	a57
12	1.2066852440793	a6	a10	a28	0
12	1.20672798296051	a7	a14	a29	0
13	1.20681400172143	a7	a14
12	1.20683023167632	a7	a14	a29	1
13	1.20690488946881	a7	a14
12	1.20696872729138	a7	a15	a29	2
12	1.20699361322221	a7	a14	a29	3
12	1.20705095906282	a7	a16	a29	4
13	1.20705745104477	a7	a14
12	1.20709586193801	a7	a14	a29	5
13	1.20712074786884	a7	a15
13	1.20715807676509	a7	a14
12	1.20720568463276	a7	a14	a29	6
13	1.20720784862675	a7	a16
12	1.20723976753803	a7	a15	a29	7
13	1.20726465346886	a7	a14
12	1.20731496632902	a7	a16	a29	8
12	1.20732849129143	a7	a14	a29	9
13	1.20734093425684	a7	a15
12	1.20735878720722	a7	a17	a29	10
13	1.20739719810046	a7	a14
13	1.20741234605836	a7	a16
12	1.20742749401626	a7	a15	a29	11
12	1.207465363911	a7	a14	a29	12
13	1.20749890581777	a7	a15
13	1.20751351277717	a7	a17
12	1.20751675876815	a7	a16	a29	13
13	1.20757031761929	a7	a14
13	1.20758817056966	a7	a16
12	1.20759520355012	a7	a15	a29	14
12	1.20763631943584	a7	a17	a29	15
13	1.20766228736366	a7	a15
13	1.20773910915014	a7	a17
13	1.20787489977271	a6	a10
13	1.20789275272309	a8	a56
12	1.20819571188103	a8	a56	a42	0
12	1.20826766468104	a6	a10	a30	0
12	1.20839479932768	a7	a14	a31	0
12	1.20852193397432	a7	a17	a31	1
13	1.20853491793823	a7	a14
12	1.20859929675929	a7	a14	a31	2
13	1.20874212036232	a7	a14
12	1.20878377724654	a7	a14	a31	3
12	1.20886330402549	a7	a16	a31	4
13	1.20887628798941	a7	a17
12	1.20888764895783	a7	a15	a31	5
13	1.20892335485859	a7	a14
12	1.2089655527413	a7	a17	a31	6
12	1.20901099661499	a7	a14	a31	7
13	1.20906293247064	a7	a15
13	1.20906942445259	a7	a16
12	1.20912460629922	a7	a15	a31	8
13	1.20913001628418	a7	a14
13	1.20913975425712	a7	a17
12	1.20915544321351	a7	a16	a31	9
12	1.20924741295788	a7	a14	a31	10
13	1.20925011795037	a7	a15
12	1.20928582385112	a7	a17	a31	11
13	1.20929069283759	a7	a16
12	1.20932585773985	a7	a15	a31	12
12	1.20937887559249	a7	a16	a31	13
13	1.20944595940603	a7	a15
13	1.2094508283925	a7	a17
13	1.20949843626018	a7	a16
12	1.20951574821206	a7	a15	a31	14
13	1.209524404188	a7	a14
12	1.20953251916545	a7	a17	a31	15
13	1.20964937484065	a7	a15
13	1.20973160661209	a7	a17
13	1.20986036425422	a6	a10
13	1.20999669587529	a8	a56
12	1.210038893758	a8	a56	a45	0
12	1.21005295971891	a6	a10	a32	0
12	1.21012978150538	a7	a14	a33	0
13	1.21017252038659	a7	a14
12	1.21022012825427	a7	a14	a33	1
13	1.21024014519863	a7	a14
12	1.21030073703022	a7	a15	a33	2
12	1.21030939300616	a7	a14	a33	3
13	1.21032670495805	a7	a14
13	1.21034131191745	a7	a15
12	1.2104067727355	a7	a14	a33	4
13	1.21043274066333	a7	a14
12	1.21044410163175	a7	a15	a33	5
13	1.21046141358363	a7	a15
12	1.21053498937913	a7	a14	a33	6
13	1.210554465325	a7	a14
12	1.2105836792438	a7	a15	a33	7
12	1.21061830314756	a7	a14	a33	8
13	1.21063561509945	a7	a14
12	1.21064481207388	a7	a16	a33	9
13	1.21065941903328	a7	a15
13	1.21072217485886	a7	a16
12	1.21079196366488	a7	a17	a33	10
12	1.2108184725912	a7	a15	a33	11
12	1.21083794853707	a7	a16	a33	12
13	1.21083957153256	a7	a17
12	1.21084714551151	a7	a14	a33	13
13	1.21085958847692	a7	a16
13	1.21086770345437	a7	a14
13	1.21086878545136	a7	a15
12	1.21093316427242	a7	a17	a33	14
12	1.21095750920476	a7	a15	a33	15
13	1.21097211616416	a7	a17
13	1.21103541298823	a7	a15
13	1.21129184627548	a6	a10
13	1.21134107713865	a8	a56
12	1.21179551587556	a8	a56	a50	0
12	1.21739214532001	a6	a10	a34	0
12	1.21746139312754	a7	a14	a35	0
12	1.21758744577718	a7	a17	a35	1
12	1.21780871416218	a7	a15	a35	2
12	1.21788553594866	a7	a16	a35	3
13	1.2526814772351	a7	a14
13	1.25769761529299	a7	a15
13	1.25845014420138	a7	a17
13	1.25864382166306	a7	a16
13	1.25883154814128	a6	a10
12	1.25888618898941	a6	a10	a36	0
12	1.2589916836962	a7	a14	a37	0
12	1.25936713665264	a7	a16	a37	1
12	1.25942718748573	a7	a15	a37	2
12	1.25988379021663	a7	a17	a37	3
13	1.26265478451479	a7	a17
13	1.26302212249379	a7	a15
13	1.26314547015096	a7	a14
13	1.26449472040078	a7	a16
13	1.26462293704441	a6	a10
12	1.26845699338784	a6	a10	a38	0
12	1.26852894618786	a7	a14	a39	0
12	1.26861983393524	a7	a17	a39	1
12	1.26869286873224	a7	a16	a39	2
12	1.2688454303082	a7	a15	a39	3
13	1.27197240161695	a7	a14
13	1.27260266486516	a7	a16
13	1.27261618982757	a7	a15
13	1.27335302977956	a7	a17
13	1.27347421344274	a6	a10
12	1.27354075625778	a6	a10	a40	0
12	1.27360567607734	a7	a14	a41	0
12	1.27374958167736	a7	a16	a41	1
12	1.27379502555105	a7	a15	a41	2
12	1.27418779045938	a7	a17	a41	3
13	1.27464763918126	a7	a14
13	1.27561548549118	a7	a15
13	1.27603151333485	a7	a16
13	1.27690143891693	a7	a17
13	1.27709511637862	a6	a10
12	1.27744676540123	a8	a57	a49	0
13	1.28960246061509	a8	a57
12	1.28965547846773	a8	a57	a54	0
12	1.29179079953271	a8	a58	a53	0
13	1.3084567992104	a8	a58
12	1.30849899709312	a8	a58	a52	0
13	1.31772789044187	a8	a58
12	1.31777171132008	a8	a58	a51	0
13	1.32470352505345	a8	a58
13	1.33017626584224	a8	a57
13	1.33039158324378	a8	a56
13	1.33060311365584	a8	a55
12	1.33123391790255	a8	a55	a46	0
12	1.33126854180632	a8	a56	a48	0
13	1.40510563957983	a8	a56
12	1.4059344492762	a6	a10	a20	0
12	1.40600207408824	a7	a14	a21	0
12	1.40632288619656	a7	a15	a21	1
12	1.40649059573042	a7	a17	a21	2
12	1.40651223567027	a7	a16	a21	3
13	1.40700454430192	a7	a14
13	1.40736593129747	a7	a15
13	1.40794317669304	a7	a17
13	1.40851555310215	a7	a16
13	1.40867406566157	a6	a10
12	1.40920803117744	a8	a56	a44	0
12	1.40926537701805	a8	a57	a43	0
12	1.40967924086774	a6	a10	a22	0
12	1.40974037369782	a7	a14	a23	0
12	1.40992269019108	a7	a15	a23	1
12	1.40997462604673	a7	a16	a23	2
12	1.41003521787832	a7	a17	a23	3
13	1.41059569232051	a7	a14
12	1.410670350113	a7	a14	a23	4
13	1.41107447598975	a7	a15
13	1.41110909989352	a7	a17
12	1.41114426479578	a7	a15	a23	5
12	1.4112005286394	a7	a17	a23	6
13	1.41154352168607	a7	a16
13	1.41158680156577	a7	a14
12	1.41165226238383	a7	a16	a23	7
12	1.41168688628759	a7	a14	a23	8
13	1.41197415648914	a7	a15
12	1.41203366632373	a7	a15	a23	9
13	1.41221490082	a7	a17
12	1.41228360762903	a7	a17	a23	10
13	1.41255464787569	a7	a14
12	1.41261794469976	a7	a14	a23	11
13	1.41296093774643	a7	a16
13	1.41302531656749	a7	a15
12	1.41303343154494	a7	a16	a23	12
12	1.4130832034066	a7	a15	a23	13
13	1.41311890930736	a7	a17
12	1.41320222307579	a7	a17	a23	14
13	1.41353764214351	a7	a14
12	1.41359336498863	a7	a14	a23	15
13	1.41390498012251	a7	a15
13	1.41412137952104	a7	a17
13	1.41416357740375	a7	a16
13	1.41452225940681	a7	a14
13	1.41460557317525	a6	a10
12	1.41483820252867	a6	a10	a24	0
12	1.41489392537379	a7	a14	a25	0
13	1.41496100918733	a7	a14
12	1.41501781402945	a7	a14	a25	1
13	1.41506650389411	a7	a14
12	1.41507245487757	a7	a15	a25	2
12	1.41516388362345	a7	a14	a25	3
13	1.41523421342797	a7	a15
13	1.41525693536482	a7	a14
13	1.41549659769869	a6	a10
12	1.41557558347915	a6	a10	a26	0
12	1.41563130632427	a7	a14	a27	0
13	1.41572489906414	a7	a14
12	1.4157449160085	a7	a14	a27	1
13	1.41581740980701	a7	a14
12	1.4158336397619	a7	a14	a27	2
13	1.41589801858296	a7	a14
12	1.41600080829726	a7	a16	a27	3
13	1.41619394476045	a7	a16
13	1.41635732630634	a6	a10
12	1.41664080951841	a6	a10	a22	0
12	1.41668841738609	a7	a14	a23	0
12	1.41694268667936	a7	a16	a23	1
12	1.41708172329291	a7	a17	a23	2
12	1.41710985521472	a7	a15	a23	3
13	1.41747665219523	a7	a14
12	1.41754752299825	a7	a14	a23	4
13	1.41795056687801	a7	a17
13	1.41796355084192	a7	a15
12	1.41804415961787	a7	a15	a23	5
12	1.41805876657727	a7	a17	a23	6
13	1.41820483617128	a7	a16
12	1.4182746249773	a7	a16	a23	7
13	1.41835144676378	a7	a14
12	1.41840284162093	a7	a14	a23	8
13	1.41885078837589	a7	a15
13	1.41888433028266	a7	a17
12	1.41891300320296	a7	a15	a23	9
12	1.41896818504959	a7	a17	a23	10
13	1.41920081440301	a7	a14
12	1.41925166826166	a7	a14	a23	11
13	1.41936798293837	a7	a16
12	1.4194523787038	a7	a16	a23	12
13	1.41970935298955	a7	a15
13	1.41975371486625	a7	a17
12	1.41978833877001	a7	a15	a23	13
12	1.41980889671287	a7	a17	a23	14
13	1.42004531305577	a7	a14
12	1.42010049490239	a7	a14	a23	15
13	1.42050894876711	a7	a16
13	1.42057549158216	a7	a15
13	1.42061823046337	a7	a17
13	1.42090550066492	a7	a14
13	1.42098340444839	a6	a10
13	1.42117113092661	a8	a57
12	1.42121873879429	a6	a10	a28	0
12	1.42125498569354	a7	a14	a29	0
13	1.42137346436424	a7	a14
12	1.42140159628604	a7	a17	a29	1
12	1.42142810521236	a7	a15	a29	2
12	1.42150330400335	a7	a14	a29	3
12	1.42153522291464	a7	a16	a29	4
13	1.42155199386802	a7	a15
13	1.42156281383795	a7	a17
13	1.42159743774171	a7	a14
12	1.42163206164548	a7	a15	a29	5
12	1.42167696452067	a7	a17	a29	6
13	1.42168129250864	a7	a16
13	1.42170726043647	a7	a15
12	1.42172565438534	a7	a14	a29	7
13	1.42177434425001	a7	a17
12	1.42178408222294	a7	a16	a29	8
13	1.42180031217783	a7	a14
12	1.42181491913723	a7	a15	a29	9
12	1.42185982201243	a7	a17	a29	10
13	1.42187605196732	a7	a15
12	1.42188687193725	a7	a14	a29	11
13	1.42191229886657	a7	a16
13	1.42194746376883	a7	a17
13	1.4219674807132	a7	a14
12	1.42198371066809	a7	a15	a29	12
12	1.42201508858087	a7	a14	a29	13
13	1.42206594243953	a7	a15
12	1.42208379538991	a7	a16	a29	14
12	1.42210110734179	a7	a17	a29	15
13	1.42213140325758	a7	a14
13	1.42219632307714	a7	a17
13	1.42220552005158	a7	a16
13	1.42243869040349	a6	a10
13	1.42246195333884	a8	a56
12	1.42339517574499	a8	a56	a42	0
12	1.42349850645779	a6	a10	a30	0
12	1.42356504927284	a7	a14	a31	0
13	1.42374357877662	a7	a14
12	1.42378956364881	a7	a14	a31	1
12	1.42385448346837	a7	a17	a31	2
12	1.42393022325785	a7	a16	a31	3
13	1.42395132219921	a7	a14
12	1.42399622507441	a7	a14	a31	4
12	1.42406493188344	a7	a15	a31	5
13	1.42411308074961	a7	a14
13	1.42413472068946	a7	a17
13	1.42417800056917	a7	a16
12	1.42418232855714	a7	a14	a31	6
12	1.42420450949549	a7	a17	a31	7
13	1.42423155942031	a7	a15
12	1.42430838120678	a7	a15	a31	8
13	1.42431379119175	a7	a14
13	1.42434192311356	a7	a17
12	1.42435761206995	a7	a16	a31	9
12	1.42439061297822	a7	a14	a31	10
13	1.42443064686695	a7	a15
12	1.42444904081583	a7	a17	a31	11
12	1.424497189682	a7	a15	a31	12
13	1.42451071464441	a7	a14
13	1.42455832251208	a7	a16
12	1.42457184747449	a7	a14	a31	13
13	1.42459619240683	a7	a17
13	1.4246145863557	a7	a15
12	1.42466598121285	a7	a16	a31	14
12	1.42468491616022	a7	a15	a31	15
13	1.4246887031497	a7	a14
13	1.42483152675273	a7	a15
13	1.42489915156477	a7	a16
13	1.4250414341693	a6	a10
13	1.42526648954377	a8	a56
12	1.42531626140543	a8	a56	a45	0
12	1.42535791828965	a6	a10	a32	0
12	1.42544718304154	a7	a14	a33	0
13	1.42548775792877	a7	a14
12	1.42550561087914	a7	a14	a33	1
13	1.42552238183253	a7	a14
12	1.42553861178742	a7	a14	a33	2
13	1.42555484174231	a7	a14
12	1.42557269469269	a7	a14	a33	3
13	1.42558946564607	a7	a14
12	1.42560731859645	a7	a14	a33	4
13	1.42562300755285	a7	a14
12	1.42563977850623	a7	a14	a33	5
13	1.42565654945962	a7	a14
12	1.42567277941451	a7	a14	a33	6
13	1.42570469832579	a7	a14
12	1.42581776701152	a7	a14	a33	7
13	1.42583994794987	a7	a14
12	1.42587186686115	a7	a17	a33	8
12	1.42589621179349	a7	a16	a33	9
12	1.4259389506747	a7	a14	a33	10
13	1.42594219666568	a7	a17
13	1.42596383660553	a7	a14
13	1.42596491860252	a7	a16
12	1.42600982147772	a7	a15	a33	11
12	1.42602983842208	a7	a14	a33	12
12	1.42605201936043	a7	a17	a33	13
13	1.42605472435291	a7	a14
13	1.42606554432284	a7	a15
13	1.42606824931532	a7	a17
12	1.42610611921006	a7	a16	a33	14
12	1.42616292405217	a7	a14	a33	15
13	1.42617915400706	a7	a16
13	1.42618131800105	a7	a14
13	1.42640204538755	a6	a10
13	1.42647886717403	a8	a56
12	1.42788384026898	a8	a56	a50	0
12	1.43429900043836	a6	a10	a34	0
12	1.43435742827596	a7	a14	a35	0
12	1.43462738652563	a7	a16	a35	2
12	1.43463441950608	a7	a17	a35	1
12	1.43475181617978	a7	a15	a35	3
13	1.47836495095928	a7	a14
13	1.48507225031668	a7	a15
13	1.48629707091235	a7	a16
13	1.48647235442516	a7	a17
13	1.48664817893646	a6	a10
12	1.48676611660866	a6	a10	a36	0
12	1.48682129845529	a7	a14	a37	0
12	1.48725085126137	a7	a15	a37	1
12	1.48737690391101	a7	a17	a37	2
12	1.48766958409752	a7	a16	a37	3
13	1.49087986917469	a7	a16
13	1.49093559201982	a7	a14
13	1.49105677568299	a7	a17
13	1.4927614619449	a7	a15
13	1.49293241746974	a6	a10
12	1.49757364356969	a6	a10	a38	0
12	1.49765912133211	a7	a14	a39	0
12	1.49797668744945	a7	a16	a39	1
12	1.4980275413081	a7	a15	a39	2
12	1.49810490409307	a7	a17	a39	3
13	1.50083802849649	a7	a14
13	1.50167874015978	a7	a17
13	1.50222839463204	a7	a15
13	1.50235607027717	a7	a16
13	1.50252107481855	a6	a10
12	1.50258815863209	a6	a10	a40	0
12	1.50268607935993	a7	a14	a41	0
12	1.50294305364568	a7	a15	a41	1
12	1.50310318920059	a7	a17	a41	2
12	1.50334880251792	a7	a16	a41	3
13	1.5036912545661	a7	a14
13	1.50546951662351	a7	a17
13	1.50559178228367	a7	a15
13	1.50605109000705	a7	a16
13	1.50620148758903	a6	a10
12	1.50657748154397	a8	a57	a49	0
13	1.53470237037227	a8	a57
12	1.5347856841407	a8	a57	a54	0
12	1.53724668630047	a8	a58	a53	0
13	1.5539959997466	a8	a58
12	1.55405118159322	a8	a58	a52	0
13	1.56270066555242	a8	a58
12	1.56273420745919	a8	a58	a51	0
13	1.56750581419675	a8	a58
13	1.57182514619138	a8	a57
13	1.57198582274479	a8	a56
13	1.57215623727113	a8	a55
12	1.57282437041409	a8	a55	a46	0
12	1.57288009325921	a8	a56	a48	0
13	1.61953742657751	a8	a56
12	1.61970297211739	a6	a10	a20	0
12	1.61978195789785	a7	a14	a21	0
12	1.62004217817458	a7	a16	a21	1
12	1.62011358997609	a7	a15	a21	2
12	1.62020610071896	a7	a17	a21	3
13	1.62074601721829	a7	a14
13	1.6210976662409	a7	a16
13	1.6212740317507	a7	a15
13	1.62146284022592	a7	a17
13	1.62160674582594	a6	a10
12	1.62186913009666	a8	a56	a44	0
12	1.62190213100493	a8	a57	a43	0
12	1.622186696214	a6	a10	a22	0
12	1.62226243600348	a7	a14	a23	0
12	1.62244258850276	a7	a17	a23	1
12	1.62260651104715	a7	a15	a23	2
12	1.62269144781107	a7	a16	a23	3
13	1.62312911559459	a7	a14
12	1.62320431438558	a7	a14	a23	4
13	1.62374477188341	a7	a16
12	1.62381401969094	a7	a16	a23	5
13	1.62399092619923	a7	a15
12	1.62406828898421	a7	a15	a23	6
13	1.62407586296316	a7	a14
12	1.62414024178422	a7	a14	a23	7
13	1.62431336130304	a7	a17
12	1.62439505207599	a7	a17	a23	8
13	1.6246287634264	a7	a16
12	1.62471207719483	a7	a16	a23	9
13	1.62503829928811	a7	a14
12	1.62510754709564	a7	a14	a23	10
13	1.62545108114081	a7	a15
12	1.62551978794984	a7	a15	a23	11
13	1.62568262849723	a7	a16
12	1.62574484332431	a7	a16	a23	12
13	1.62580814014838	a7	a17
12	1.62588063394689	a7	a17	a23	13
13	1.62600073561307	a7	a14
12	1.62606727842812	a7	a14	a23	14
13	1.62667536073798	a7	a16
13	1.62671431262972	a7	a15
12	1.62675380551995	a7	a16	a23	15
13	1.62695613895757	a7	a14
13	1.62728560704183	a7	a17
13	1.62762319010354	a7	a16
13	1.62776060372161	a6	a10
12	1.62792777225697	a6	a10	a24	0
12	1.62801054502691	a7	a14	a25	0
13	1.62805436590511	a7	a14
12	1.62811982672316	a7	a17	a25	1
12	1.6281441716555	a7	a14	a25	2
13	1.62819232052167	a7	a14
12	1.62820963247355	a7	a14	a25	3
13	1.62825561734574	a7	a14
13	1.62830160221793	a7	a17
13	1.6285266575924	a6	a10
12	1.62857210146609	a6	a10	a26	0
12	1.62865487423603	a7	a14	a27	0
12	1.62900003127668	a7	a16	a27	1
13	1.62903140918947	a7	a14
12	1.62904763914436	a7	a14	a27	2
13	1.6291152639564	a7	a14
12	1.62921859466919	a7	a14	a27	3
13	1.62926944852785	a7	a16
13	1.62931867939101	a7	a14
13	1.62946853597449	a6	a10
12	1.62965788544821	a6	a10	a22	0
12	1.6297173952828	a7	a14	a23	0
12	1.63006471631744	a7	a15	a23	1
12	1.63008202826932	a7	a16	a23	2
12	1.63025460678965	a7	a17	a23	3
13	1.63051861405585	a7	a14
12	1.63058677986639	a7	a14	a23	4
13	1.63094816686193	a7	a16
12	1.63103148063037	a7	a16	a23	5
13	1.63139124463042	a7	a14
12	1.63145562345148	a7	a14	a23	6
13	1.63158870908158	a7	a15
12	1.63165795688911	a7	a15	a23	7
13	1.6317185487207	a7	a17
12	1.63178671453123	a7	a17	a23	8
13	1.63182242043199	a7	a16
12	1.63190789819441	a7	a16	a23	9
13	1.63232338503958	a7	a14
12	1.63238127187869	a7	a14	a23	10
13	1.632703165984	a7	a16
12	1.6327778237765	a7	a16	a23	11
13	1.63300558414345	a7	a15
12	1.63306833996902	a7	a15	a23	12
13	1.63318573664272	a7	a14
13	1.63319655661265	a7	a17
12	1.63325173845927	a7	a14	a23	13
12	1.63328582136454	a7	a17	a23	14
13	1.6336742582849	a7	a16
12	1.633733227121	a7	a16	a23	15
13	1.63412815602331	a7	a14
13	1.63451929793616	a7	a15
13	1.63453336389706	a7	a16
13	1.63468592547302	a7	a17
13	1.63488609491666	a6	a10
13	1.63500511458585	a8	a57
12	1.63503378750616	a6	a10	a28	0
12	1.63507436239338	a7	a14	a29	0
13	1.63514090520843	a7	a14
12	1.63515713516332	a7	a14	a29	1
12	1.63523936693476	a7	a16	a29	2
13	1.63523936693476	a7	a14
12	1.63530212276033	a7	a14	a29	3
13	1.63536812457688	a7	a14
12	1.63538597752726	a7	a15	a29	4
12	1.63542817540998	a7	a14	a29	5
13	1.63543574938893	a7	a16
12	1.63550229220397	a7	a16	a29	6
13	1.63550770218894	a7	a14
13	1.63557749099496	a7	a16
13	1.63558019598744	a7	a15
12	1.63558073698594	a7	a14	a29	7
13	1.63566567374986	a7	a14
12	1.63566675574685	a7	a16	a29	8
12	1.63569055968069	a7	a15	a29	9
12	1.63574087254085	a7	a14	a29	10
13	1.63576684046867	a7	a16
13	1.63582418630928	a7	a15
13	1.63583825227019	a7	a14
12	1.63583987526568	a7	a16	a29	11
12	1.63593130401156	a7	a17	a29	12
13	1.63593455000253	a7	a16
12	1.63596755091081	a7	a15	a29	13
12	1.63600217481457	a7	a14	a29	14
12	1.6360427497018	a7	a16	a29	15
13	1.63605465166872	a7	a15
13	1.63609901354542	a7	a17
13	1.63610225953639	a7	a14
13	1.63612011248677	a7	a16
13	1.63637059479057	a6	a10
13	1.63639277572892	a8	a56
12	1.63664379903121	a8	a56	a42	0
12	1.63670817785227	a6	a10	a30	0
12	1.63678283564477	a7	a14	a31	0
12	1.63688670735606	a7	a16	a31	1
13	1.63692187225832	a7	a14
12	1.63698949707036	a7	a15	a31	2
12	1.6369992350433	a7	a14	a31	3
12	1.63705928587639	a7	a17	a31	4
13	1.63715071462227	a7	a14
13	1.63716748557565	a7	a16
12	1.63723511038769	a7	a14	a31	5
12	1.63725837332303	a7	a16	a31	6
13	1.63730976818018	a7	a15
13	1.63735845804485	a7	a14
13	1.63737468799974	a7	a17
13	1.63737576999674	a7	a16
12	1.63737793399072	a7	a15	a31	7
12	1.6374552967757	a7	a16	a31	8
12	1.63747747771404	a7	a17	a31	9
12	1.63748775668547	a7	a14	a31	10
13	1.63755429950052	a7	a15
13	1.63758621841181	a7	a16
13	1.63760407136218	a7	a14
12	1.63762408830655	a7	a15	a31	11
12	1.63765330222535	a7	a16	a31	12
13	1.63767386016821	a7	a17
12	1.63769928709754	a7	a14	a31	13
12	1.63777719088101	a7	a17	a31	14
13	1.63778692885394	a7	a16
13	1.63781938876372	a7	a14
13	1.63783615971711	a7	a15
12	1.63787565260734	a7	a16	a31	15
13	1.63795734338028	a7	a17
13	1.63799250828254	a7	a16
13	1.63814020087204	a6	a10
13	1.63826949951266	a8	a56
12	1.63834469830365	a8	a56	a45	0
12	1.63835984626155	a6	a10	a32	0
12	1.63848589891119	a7	a14	a33	0
13	1.63850266986457	a7	a14
12	1.63852106381345	a7	a14	a33	1
13	1.6385437857503	a7	a14
12	1.63856055670368	a7	a14	a33	2
13	1.63857732765707	a7	a14
12	1.63862493552474	a7	a14	a33	3
13	1.6386465754646	a7	a14
12	1.63869634732626	a7	a16	a33	4
12	1.63874179119995	a7	a14	a33	5
13	1.63876451313679	a7	a14
13	1.63876613613228	a7	a16
12	1.63880562902252	a7	a17	a33	6
12	1.63883430194282	a7	a14	a33	7
13	1.63885972887215	a7	a14
13	1.63886081086914	a7	a17
12	1.6388662208541	a7	a16	a33	8
13	1.63888731979546	a7	a16
12	1.63895764959998	a7	a17	a33	9
12	1.63897983053833	a7	a14	a33	10
13	1.6389987654857	a7	a17
13	1.63900309347367	a7	a14
12	1.63910696518497	a7	a14	a33	11
13	1.63912914612332	a7	a14
12	1.63913942509475	a7	a15	a33	12
12	1.63915781904362	a7	a17	a33	13
12	1.63918108197896	a7	a16	a33	14
13	1.63919839393084	a7	a16
13	1.63920326291731	a7	a17
13	1.63920380391581	a7	a15
12	1.63921678787972	a7	a14	a33	15
13	1.63924491980153	a7	a14
13	1.63942723629479	a6	a10
13	1.63947268016848	a8	a56
12	1.63993090589486	a8	a56	a50	0
12	1.64585970841606	a6	a10	a34	0
12	1.64593003822058	a7	a14	a35	0
12	1.64612371568226	a7	a16	a35	1
12	1.64645751175449	a7	a15	a35	2
12	1.64647806969735	a7	a17	a35	3
13	1.6774626765772	a7	a14
13	1.68625173814845	a7	a15
13	1.68634911787779	a7	a17
13	1.68674134178762	a7	a16
13	1.68700210306285	a6	a10
12	1.68705782590797	a6	a10	a36	0
12	1.68711895873805	a7	a14	a37	0
12	1.68761938234715	a7	a16	a37	1
12	1.68764751426896	a7	a17	a37	2
12	1.68790016056674	a7	a15	a37	3
13	1.69092867014915	a7	a14
13	1.69099737695819	a7	a15
13	1.69180075972523	a7	a17
13	1.69248404082608	a7	a16
13	1.69261496246219	a6	a10
12	1.69651718461616	a6	a10	a38	0
12	1.69660969535903	a7	a14	a39	0
12	1.69676983091394	a7	a15	a39	1
12	1.69711877494407	a7	a16	a39	2
12	1.69713987388543	a7	a17	a39	3
13	1.69982809541365	a7	a14
13	1.70046052265585	a7	a16
13	1.70134180920636	a7	a15
13	1.70180869090869	a7	a17
13	1.70200290936887	a6	a10
12	1.70205971421098	a6	a10	a40	0
12	1.70211922404557	a7	a14	a41	0
12	1.70237295234035	a7	a16	a41	1
12	1.70253633388624	a7	a15	a41	2
12	1.70280412814192	a7	a17	a41	3
13	1.70313143223219	a7	a14
13	1.70456345525196	a7	a16
13	1.70531598416034	a7	a15
13	1.70566871517994	a7	a17
13	1.70583317872283	a6	a10
12	1.70619727071085	a8	a57	a49	0
13	1.71822961826755	a8	a57
12	1.71829021009914	a8	a57	a54	0
12	1.72052291089346	a8	a58	a53	0
13	1.74056311819271	a8	a58
12	1.74061884103783	a8	a58	a52	0
13	1.76419934249702	a8	a58
12	1.76426913130305	a8	a58	a51	0
13	1.77344121980969	a8	a58
13	1.77863913336235	a8	a57
13	1.77884904077892	a8	a56
13	1.77904812822557	a8	a55
12	1.78046446228894	a8	a55	a46	0
12	1.78054561206339	a8	a56	a48	0
13	1.83159314817934	a8	a56
12	1.83232836513584	a6	a10	a20	0
12	1.83240518692232	a7	a14	a21	0
12	1.83254530553287	a7	a15	a21	1
12	1.83264160326521	a7	a17	a21	2
12	1.83303112218257	a7	a16	a21	3
13	1.83363920449243	a7	a15
13	1.83367707438717	a7	a14
13	1.8343354695572	a7	a17
13	1.83458649285949	a7	a16
13	1.8347179554941	a6	a10
12	1.835394744613	a8	a56	a44	0
12	1.83545479544609	a8	a57	a43	0
12	1.83604231981309	a6	a10	a22	0
12	1.83609912465521	a7	a14	a23	0
12	1.83652164448083	a7	a16	a23	1
12	1.83654761240866	a7	a15	a23	2
12	1.83675535583125	a7	a17	a23	3
13	1.8372471234644	a7	a14
12	1.83730987928998	a7	a14	a23	4
13	1.83806673618633	a7	a15
12	1.83812895101341	a7	a15	a23	5
13	1.83814031198183	a7	a16
12	1.8382187567638	a7	a16	a23	6
13	1.83856283180746	a7	a14
12	1.8386304566195	a7	a14	a23	7
13	1.83865371955484	a7	a17
12	1.83874027931425	a7	a17	a23	8
13	1.83937595254743	a7	a15
12	1.83943762637601	a7	a15	a23	9
13	1.83983255527833	a7	a16
13	1.83987908114901	a7	a14
12	1.83994129597609	a7	a14	a23	11
12	1.83996185391895	a7	a16	a23	10
13	1.84028537101975	a7	a17
12	1.84037679976563	a7	a17	a23	12
13	1.84072628479425	a7	a15
12	1.8407917456123	a7	a15	a23	13
13	1.84125970931162	a7	a14
12	1.8413224651372	a7	a14	a23	14
13	1.84179151083351	a7	a16
12	1.84187049661397	a7	a16	a23	15
13	1.84205281310723	a7	a17
13	1.84215343882755	a7	a15
13	1.84259435260205	a7	a14
13	1.84327709270441	a7	a16
13	1.8434258672909	a6	a10
12	1.84378509029245	a6	a10	a24	0
12	1.84384189513457	a7	a14	a25	0
13	1.84393115988646	a7	a14
12	1.84394955383534	a7	a14	a25	1
13	1.8440279986173	a7	a14
12	1.84406857350453	a7	a14	a25	2
13	1.84411509937521	a7	a14
12	1.84413998530604	a7	a15	a25	3
13	1.84461498198581	a7	a15
13	1.84474644462042	a6	a10
12	1.84485572631668	a6	a10	a26	0
12	1.84494120407909	a7	a14	a27	0
13	1.84504994477685	a7	a14
12	1.84510404462649	a7	a14	a27	1
12	1.84516247246409	a7	a17	a27	2
13	1.84519493237387	a7	a14
12	1.84528473812426	a7	a14	a27	3
13	1.84537995385961	a7	a14
13	1.84538536384457	a7	a17
13	1.84556822133633	a6	a10
12	1.84597342921008	a6	a10	a22	0
12	1.84602482406723	a7	a14	a23	0
12	1.84637917808232	a7	a16	a23	1
12	1.84644680289436	a7	a17	a23	2
12	1.84652741167031	a7	a15	a23	3
13	1.8472491036644	a7	a14
12	1.8473232204584	a7	a14	a23	4
13	1.84789451487052	a7	a15
12	1.84797025466	a7	a15	a23	5
13	1.84800109157429	a7	a16
12	1.84807520836829	a7	a16	a23	6
13	1.84813796419386	a7	a17
12	1.84821099899086	a7	a17	a23	7
13	1.84869843863605	a7	a14
12	1.84876660444659	a7	a14	a23	8
13	1.84919778024816	a7	a15
12	1.84926378206471	a7	a15	a23	9
13	1.84947260748429	a7	a16
12	1.84954618327979	a7	a16	a23	10
13	1.85001144198662	a7	a17
13	1.85001685197159	a7	a14
12	1.85007744380318	a7	a14	a23	11
12	1.85010882171596	a7	a17	a23	12
13	1.85047399570098	a7	a15
12	1.85053566952956	a7	a15	a23	13
13	1.85116322778529	a7	a16
12	1.8512351805853	a7	a16	a23	14
13	1.85136177423344	a7	a17
12	1.85146077695827	a7	a17	a23	15
13	1.85151433580941	a7	a14
13	1.85175562113877	a7	a15
13	1.85285114309382	a7	a16
13	1.85341648652247	a7	a17
13	1.85357878607137	a6	a10
13	1.85386767926841	a8	a57
12	1.85391691013157	a6	a10	a28	0
12	1.85397371497369	a7	a14	a29	0
13	1.8541187025707	a7	a14
12	1.85413763751807	a7	a14	a29	1
13	1.85423934523538	a7	a14
12	1.85433780696171	a7	a16	a29	2
12	1.85440597277225	a7	a17	a29	3
12	1.85441787473917	a7	a14	a29	4
12	1.8544871225467	a7	a15	a29	5
13	1.85451850045948	a7	a14
12	1.85456989531663	a7	a14	a29	6
13	1.85461371619484	a7	a16
13	1.85466673404747	a7	a17
12	1.85468296400236	a7	a16	a29	7
13	1.85468837398733	a7	a14
13	1.85470135795124	a7	a15
12	1.85472678488057	a7	a14	a29	8
12	1.85479278669712	a7	a15	a29	9
13	1.85485662451968	a7	a14
13	1.85485878851367	a7	a16
13	1.85489070742495	a7	a15
12	1.85489124842345	a7	a17	a29	10
12	1.85494480727458	a7	a14	a29	11
12	1.85496698821293	a7	a15	a29	12
13	1.85499836612572	a7	a17
12	1.85504976098287	a7	a16	a29	13
13	1.85505030198137	a7	a15
13	1.85505138397836	a7	a14
12	1.85506599093776	a7	a17	a29	14
12	1.85512441877536	a7	a14	a29	15
13	1.855177436628	a7	a17
13	1.85523478246861	a7	a14
13	1.85545821484759	a7	a16
13	1.85564702332281	a6	a10
13	1.8556773192386	a8	a56
12	1.85688266388841	a8	a56	a42	0
12	1.85707850534408	a6	a10	a30	0
12	1.85713909717567	a7	a14	a31	0
12	1.85737605451706	a7	a17	a31	1
13	1.85745666329301	a7	a14
12	1.85752753409603	a7	a16	a31	2
12	1.85755620701633	a7	a15	a31	3
12	1.85756432199378	a7	a14	a31	4
13	1.85781264030359	a7	a16
13	1.85784131322389	a7	a17
13	1.85785700218029	a7	a14
12	1.85786511715773	a7	a16	a31	5
13	1.85788783909458	a7	a15
12	1.85796466088105	a7	a14	a31	6
12	1.85799766178933	a7	a15	a31	8
12	1.85800902275775	a7	a17	a31	7
13	1.8580609586134	a7	a16
12	1.85813074741942	a7	a16	a31	9
13	1.85822001217132	a7	a15
12	1.85828276799689	a7	a15	a31	10
13	1.8582957519608	a7	a14
13	1.85831360491118	a7	a16
12	1.85837744273375	a7	a14	a31	11
12	1.85839637768112	a7	a16	a31	12
13	1.85840773864954	a7	a17
13	1.85847860945256	a7	a15
12	1.85848672443	a7	a17	a31	13
12	1.8585467752631	a7	a15	a31	14
13	1.85855759523302	a7	a14
13	1.85860249810822	a7	a16
12	1.85861385907664	a7	a14	a31	15
13	1.85869230385861	a7	a17
13	1.85873125575034	a7	a15
13	1.85879779856539	a7	a14
13	1.8589292612	a6	a10
13	1.85934474804517	a8	a56
12	1.85945673473391	a8	a56	a45	0
12	1.8595606064452	a6	a10	a32	0
12	1.85962606726326	a7	a14	a33	0
13	1.85967313413244	a7	a14
12	1.85968990508582	a7	a14	a33	1
13	1.85971641401214	a7	a14
12	1.85973318496553	a7	a14	a33	2
13	1.85976077588884	a7	a14
12	1.8598262367069	a7	a16	a33	3
12	1.85984625365126	a7	a14	a33	4
13	1.85991333746481	a7	a14
13	1.85996906030993	a7	a16
12	1.86000097922121	a7	a15	a33	5
13	1.86005562006934	a7	a15
12	1.86006211205129	a7	a14	a33	6
12	1.86006644003926	a7	a16	a33	7
13	1.86009565395807	a7	a16
13	1.86010160494153	a7	a14
12	1.86013244185582	a7	a15	a33	8
13	1.86017409874003	a7	a15
12	1.86024496954305	a7	a16	a33	9
13	1.86027364246336	a7	a16
12	1.86027472446035	a7	a17	a33	10
12	1.86030015138968	a7	a15	a33	11
13	1.86032503732051	a7	a15
12	1.86033964427991	a7	a14	a33	12
13	1.86035154624683	a7	a17
12	1.86038346515811	a7	a16	a33	13
13	1.86039212113405	a7	a14
13	1.86042187605135	a7	a16
12	1.86045758195211	a7	a17	a33	14
12	1.86047705789797	a7	a15	a33	15
13	1.86049869783783	a7	a17
13	1.86050410782279	a7	a15
13	1.86068047333259	a6	a10
13	1.86084331387998	a8	a56
12	1.86367490000973	a8	a56	a50	0
12	1.87178338547261	a6	a10	a34	0
12	1.87186778123803	a7	a14	a35	0
12	1.87205983570423	a7	a16	a35	1
12	1.87209067261852	a7	a17	a35	2
12	1.87218480635688	a7	a15	a35	3
13	1.90504289102949	a7	a14
13	1.91071201427245	a7	a15
13	1.91307130871491	a7	a17
13	1.91338400584578	a7	a16
13	1.91353656742175	a6	a10
12	1.91363827513905	a6	a10	a36	0
12	1.91370698194809	a7	a14	a37	0
12	1.91386062552104	a7	a15	a37	1
12	1.91411273082033	a7	a17	a37	2
12	1.91421011054967	a7	a16	a37	3
13	1.91784129245698	a7	a14
13	1.91825948429464	a7	a16
13	1.91945292697752	a7	a17
13	1.92004153334152	a7	a15
13	1.92020004590094	a6	a10
12	1.92496624265354	a6	a10	a38	0
12	1.9250311624731	a7	a14	a39	0
12	1.92513828017537	a7	a16	a39	1
12	1.9253687455348	a7	a15	a39	2
12	1.92559109591679	a7	a17	a39	3
13	1.92813757583898	a7	a14
13	1.92964750264221	a7	a15
13	1.92996615075655	a7	a16
13	1.93044547542429	a7	a17
13	1.93058775802882	a6	a10
12	1.93065538284086	a6	a10	a40	0
12	1.93071867966493	a7	a14	a41	0
12	1.93085879827548	a7	a15	a41	1
12	1.93117041340936	a7	a16	a41	2
12	1.93149014352069	a7	a17	a41	3
13	1.93177903671772	a7	a14
13	1.9332386506608	a7	a15
13	1.93392409575564	a7	a16
13	1.9345035051452	a7	a17
13	1.93465985371064	a6	a10
12	1.93508994751521	a8	a57	a49	0
13	1.94623343454245	a8	a57
12	1.94635029021766	a8	a57	a54	0
12	1.94936743883165	a8	a58	a53	0
13	1.96588736891534	a8	a58
12	1.96593064879504	a8	a58	a52	0
13	1.97442919417376	a8	a58
12	1.97446327707903	a8	a58	a51	0
13	1.97921757186471	a8	a58
13	1.98349145998565	a8	a57
13	1.98365213653906	a8	a56
13	1.9838382400218	a8	a55
12	1.98520967120997	a8	a55	a46	0
12	1.98526864004607	a8	a56	a48	0
13	2.03242423297948	a8	a56
12	2.03270879818855	a6	a10	a20	0
12	2.03279319395397	a7	a14	a21	0
12	2.03286947474196	a7	a16	a21	1
12	2.03293764055249	a7	a17	a21	2
12	2.03320056582171	a7	a15	a21	3
13	2.0336133476744	a7	a16
13	2.03372100637517	a7	a14
13	2.03395363572859	a7	a17
13	2.03518224331373	a7	a15
13	2.03534237886864	a6	a10
12	2.03566697796644	a8	a56	a44	0
12	2.03568807690779	a8	a57	a43	0
12	2.03596777313039	a6	a10	a22	0
12	2.03605000490183	a7	a14	a23	0
12	2.03633673410488	a7	a17	a23	1
12	2.03653041156657	a7	a15	a23	2
12	2.03657910143124	a7	a16	a23	3
13	2.03696050537114	a7	a14
12	2.03702326119672	a7	a14	a23	4
13	2.0374960938825	a7	a17
12	2.03756588268853	a7	a17	a23	5
13	2.03762701551861	a7	a16
12	2.03769788632163	a7	a16	a23	6
13	2.03797595954874	a7	a14
12	2.03804142036679	a7	a14	a23	7
13	2.03829623065856	a7	a15
12	2.03836818345857	a7	a15	a23	8
13	2.03850830206912	a7	a16
13	2.03862353474884	a7	a17
12	2.03863164972628	a7	a16	a23	9
12	2.03873768543156	a7	a17	a23	10
13	2.03899141372634	a7	a14
12	2.0390406445895	a7	a14	a23	11
13	2.03957190511289	a7	a16
13	2.03958326608131	a7	a17
12	2.03966333385877	a7	a16	a23	12
12	2.03968389180163	a7	a17	a23	13
13	2.03992193114001	a7	a14
13	2.03994573507385	a7	a15
12	2.03999009695055	a7	a14	a23	14
12	2.0400404098107	a7	a15	a23	15
13	2.04052298046942	a7	a16
13	2.04056301435815	a7	a17
13	2.04083892359128	a7	a14
13	2.0415265326801	a7	a15
13	2.04166719228914	a6	a10
12	2.0419084776185	a6	a10	a24	0
12	2.04198800439746	a7	a14	a25	0
13	2.04205887520048	a7	a14
12	2.04213245099598	a7	a16	a25	1
12	2.04216599290275	a7	a14	a25	2
12	2.04221360077043	a7	a17	a25	3
13	2.04221576476442	a7	a14
13	2.04232396446368	a7	a16
13	2.04234939139301	a7	a17
13	2.04256633179003	a6	a10
12	2.04265126855395	a6	a10	a26	0
12	2.04274161530284	a7	a14	a27	0
13	2.04283412604571	a7	a14
12	2.0428503560006	a7	a14	a27	1
13	2.04292663678858	a7	a14
12	2.04294448973896	a7	a14	a27	2
13	2.04300778656303	a7	a14
12	2.04312788822921	a7	a15	a27	3
13	2.04332372968488	a7	a15
13	2.04345032333302	a6	a10
12	2.04370567462329	a6	a10	a22	0
12	2.04381657931503	a7	a14	a23	0
12	2.04402053574815	a7	a15	a23	1
12	2.04428508401285	a7	a16	a23	2
12	2.04429644498127	a7	a17	a23	3
13	2.0446150930956	a7	a14
12	2.04467676692418	a7	a14	a23	4
13	2.04517340354381	a7	a16
13	2.04518043652426	a7	a17
12	2.04523507737239	a7	a16	a23	5
12	2.04526375029269	a7	a17	a23	6
13	2.04547528070476	a7	a14
12	2.04551747858747	a7	a14	a23	7
13	2.04562135029876	a7	a15
12	2.0457035820702	a7	a15	a23	8
13	2.04606010007928	a7	a16
12	2.04614449584471	a7	a16	a23	9
13	2.04631545136954	a7	a14
13	2.04632789433496	a7	a17
12	2.04638469917707	a7	a14	a23	10
12	2.04640796211241	a7	a17	a23	11
13	2.04693597664482	a7	a16
12	2.04699656847641	a7	a16	a23	12
13	2.04712478512004	a7	a15
12	2.04719619692156	a7	a15	a23	13
13	2.04722595183885	a7	a17
12	2.0472919536554	a7	a17	a23	14
13	2.04734551250654	a7	a14
12	2.04740556333963	a7	a14	a23	15
13	2.04778155729458	a7	a16
13	2.04813428831418	a7	a17
13	2.04827116093375	a7	a14
13	2.0486309249338	a7	a15
13	2.04881378242556	a6	a10
13	2.04895281903911	a8	a57
12	2.04898257395641	a6	a10	a28	0
12	2.04902098484965	a7	a14	a29	0
13	2.04911890557748	a7	a14
12	2.04913513553237	a7	a14	a29	1
13	2.04920384234141	a7	a14
12	2.04925794219104	a7	a14	a29	2
12	2.04930879604969	a7	a17	a29	3
13	2.04933097698804	a7	a14
12	2.04937263387226	a7	a14	a29	4
12	2.04943538969783	a7	a16	a29	5
13	2.0494402586843	a7	a14
12	2.04946622661212	a7	a15	a29	6
13	2.04947866957754	a7	a17
12	2.04950734249784	a7	a14	a29	7
13	2.04957767230237	a7	a16
12	2.04957821330086	a7	a17	a29	8
13	2.04962636216703	a7	a14
13	2.04963447714448	a7	a15
12	2.04967072404373	a7	a14	a29	9
12	2.04969615097306	a7	a16	a29	10
13	2.04970156095802	a7	a17
13	2.04975187381818	a7	a14
12	2.04978054673849	a7	a15	a29	11
12	2.04981030165578	a7	a14	a29	12
13	2.04981949863022	a7	a16
12	2.04982869560466	a7	a17	a29	13
12	2.04990281239865	a7	a16	a29	14
13	2.04993419031144	a7	a14
13	2.04994825627235	a7	a15
13	2.0499693552137	a7	a17
12	2.05000127412498	a7	a14	a29	15
13	2.05000127412498	a7	a16
13	2.05018142662426	a7	a14
13	2.05027015037766	a6	a10
13	2.05030261028744	a8	a56
12	2.05087444569805	a8	a56	a42	0
12	2.05099130137325	a6	a10	a30	0
12	2.05105568019432	a7	a14	a31	0
13	2.05121581574923	a7	a14
12	2.0513369994124	a7	a14	a31	1
12	2.05135918035075	a7	a16	a31	2
12	2.05140408322595	a7	a17	a31	3
12	2.05148252800791	a7	a15	a31	4
13	2.05149497097333	a7	a14
12	2.0515577267989	a7	a14	a31	5
13	2.05162156462147	a7	a17
13	2.05163833557486	a7	a16
13	2.05168810743652	a7	a14
12	2.05169676341246	a7	a17	a31	6
12	2.05174869926811	a7	a16	a31	7
12	2.0517643882245	a7	a14	a31	8
13	2.05177737218841	a7	a15
12	2.05184499700045	a7	a15	a31	9
13	2.05184932498842	a7	a17
13	2.05188394889219	a7	a14
13	2.05189963784858	a7	a16
12	2.0519407537343	a7	a14	a31	10
12	2.05196672166212	a7	a16	a31	11
13	2.05205490441702	a7	a14
13	2.05206193739748	a7	a15
13	2.05209493830575	a7	a16
12	2.05213767718696	a7	a17	a31	12
12	2.05217176009223	a7	a16	a31	13
12	2.05218853104561	a7	a14	a31	14
12	2.05221071198396	a7	a15	a31	15
13	2.0522934847539	a7	a16
13	2.05230592771932	a7	a17
13	2.05234217461857	a7	a14
13	2.05242494738851	a7	a15
13	2.0525877879359	a6	a10
13	2.05280148234195	a8	a56
12	2.05284909020962	a8	a56	a45	0
12	2.05289453408332	a6	a10	a32	0
12	2.05298758582468	a7	a14	a33	0
13	2.05302599671792	a7	a14
12	2.05304222667281	a7	a14	a33	1
13	2.0530589976262	a7	a14
12	2.05307685057658	a7	a14	a33	2
13	2.05309253953297	a7	a14
12	2.05316665632697	a7	a15	a33	3
12	2.05318450927734	a7	a14	a33	4
13	2.05320236222772	a7	a14
13	2.05326349505781	a7	a15
12	2.0532786430157	a7	a14	a33	5
13	2.05329811896157	a7	a14
12	2.05335708779767	a7	a15	a33	6
12	2.05340740065783	a7	a14	a33	7
13	2.05343931956911	a7	a14
12	2.05345176253453	a7	a16	a33	8
13	2.05345825451648	a7	a15
13	2.05350261639318	a7	a16
12	2.05350964937363	a7	a14	a33	9
12	2.05353832229394	a7	a17	a33	10
13	2.05355401125033	a7	a14
12	2.05357132320221	a7	a15	a33	11
13	2.05359566813455	a7	a17
12	2.05361298008643	a7	a16	a33	12
13	2.05363732501877	a7	a16
12	2.0536465219932	a7	a14	a33	13
13	2.05364868598719	a7	a15
13	2.05366437494358	a7	a14
12	2.05373740974058	a7	a17	a33	14
12	2.05375255769848	a7	a14	a33	15
13	2.05376878765337	a7	a17
13	2.05378123061879	a7	a14
13	2.05404090989702	a6	a10
13	2.05412314166846	a8	a56
12	2.05460949931666	a8	a56	a50	0
12	2.06064704253561	a6	a10	a34	0
12	2.0607222413266	a7	a14	a35	0
12	2.06096514965145	a7	a16	a35	1
12	2.06112528520636	a7	a17	a35	2
12	2.06119777900487	a7	a15	a35	3
13	2.092948980754	a7	a14
13	2.09945719266476	a7	a15
13	2.1017742892245	a7	a16
13	2.1020978063253	a7	a17
13	2.10228715579902	a6	a10
12	2.10235207561858	a6	a10	a36	0
12	2.10240942145919	a7	a14	a37	0
12	2.10272861057202	a7	a16	a37	1
12	2.10275782449082	a7	a15	a37	2
12	2.10376840968195	a7	a17	a37	3
13	2.1062164278778	a7	a15
13	2.1066140617726	a7	a14
13	2.10788757223294	a7	a17
13	2.10813264455178	a7	a16
13	2.10828141913827	a6	a10
12	2.11214036141253	a6	a10	a38	0
12	2.11223665914488	a7	a14	a39	0
12	2.11250499439905	a7	a15	a39	1
12	2.1126148170938	a7	a16	a39	2
12	2.11271977080209	a7	a17	a39	3
13	2.11556866888372	a7	a14
13	2.11616971821314	a7	a16
13	2.11642723349739	a7	a17
13	2.11708454667042	a7	a15
13	2.11727119115165	a6	a10
12	2.11732420900429	a6	a10	a40	0
12	2.11739021082084	a7	a14	a41	0
12	2.11752708344041	a7	a17	a41	1
12	2.11767423503141	a7	a16	a41	2
12	2.11791876635175	a7	a15	a41	3
13	2.11844191189769	a7	a14
13	2.11995183870092	a7	a16
13	2.11998213461672	a7	a17
13	2.12078064839729	a7	a15
13	2.1209267179913	a6	a10
12	2.12128215400338	a8	a57	a49	0
13	2.13359257478719	a8	a57
12	2.13372511941879	a8	a57	a54	0
12	2.13585232550632	a8	a58	a53	0
13	2.15236359961407	a8	a58
12	2.15241553546972	a8	a58	a52	0
13	2.16091678584092	a8	a58
12	2.16095681972965	a8	a58	a51	0
13	2.16573545944766	a8	a58
13	2.16990006587235	a8	a57
13	2.17003856148741	a8	a56
13	2.17021330400172	a8	a55
12	2.17026253486488	a8	a55	a50	0
12	2.18166516017186	a6	a10	a34	0
12	2.1817333259824	a7	a14	a35	0
12	2.18184314867715	a7	a16	a35	1
12	2.18196000435236	a7	a17	a35	2
12	2.18209795896892	a7	a15	a35	3
13	2.21567070265517	a7	a14
13	2.22119267430713	a7	a15
13	2.22197495813282	a7	a16
13	2.22226926131481	a7	a17
13	2.22242074089378	a6	a10
12	2.22248620171184	a6	a10	a36	0
12	2.22257654846073	a7	a14	a37	0
12	2.22308725104125	a7	a16	a37	1
12	2.2231532528578	a7	a15	a37	2
12	2.22388468282483	a7	a17	a37	3
13	2.22615958150187	a7	a14
13	2.22642088377559	a7	a17
13	2.22706358998922	a7	a15
13	2.2277869049788	a7	a16
13	2.22794000755326	a6	a10
12	2.23204835013433	a6	a10	a38	0
12	2.23210353198096	a7	a14	a39	0
12	2.23222092865466	a7	a17	a39	1
12	2.23243408206221	a7	a16	a39	2
12	2.2325817746517	a7	a15	a39	3
13	2.2337438394218	a7	a14
13	2.23533112901001	a7	a17
13	2.23534898196039	a7	a16
13	2.23645694688086	a7	a15
13	2.23657975353952	a6	a10
12	2.23668957623428	a6	a10	a40	0
12	2.23693248455913	a7	a14	a41	0
12	2.23720568879977	a7	a15	a41	1
12	2.23731388849903	a7	a17	a41	2
12	2.23741343222236	a7	a16	a41	3
13	2.23793170878183	a7	a14
13	2.23972998778361	a7	a17
13	2.23984630246032	a7	a16
13	2.2400691938408	a7	a15
13	2.24019037750398	a6	a10
12	2.24053661654162	a8	a56	a49	0
13	2.25251432325019	a8	a56
12	2.2526306379269	a8	a56	a54	0
12	2.25487091270017	a8	a57	a53	0
13	2.27141031872973	a8	a57
12	2.27144872962297	a8	a57	a52	0
13	2.27958751100163	a8	a57
12	2.27962646289337	a8	a57	a51	0
13	2.28439969262642	a8	a57
13	2.28852967514734	a8	a56
13	2.28863030086766	a8	a55
