%EventDef PajeDefineContainerType 0 
%       Alias string 
%       Type string 
%       Name string 
%EndEventDef 
%EventDef PajeDefineVariableType 1 
%       Alias string 
%       Type string 
%       Name string 
%       Color color 
%EndEventDef 
%EventDef PajeDefineStateType 2 
%       Alias string 
%       Type string 
%       Name string 
%EndEventDef 
%EventDef PajeDefineEventType 3 
%       Alias string 
%       Type string 
%       Name string 
%       Color color 
%EndEventDef 
%EventDef PajeDefineLinkType 4 
%       Alias string 
%       Type string 
%       StartContainerType string 
%       EndContainerType string 
%       Name string 
%EndEventDef 
%EventDef PajeDefineEntityValue 5 
%       Alias string 
%       Type string 
%       Name string 
%       Color color 
%EndEventDef 
%EventDef PajeCreateContainer 6 
%       Time date 
%       Alias string 
%       Type string 
%       Container string 
%       Name string 
%EndEventDef 
%EventDef PajeDestroyContainer 7 
%       Time date 
%       Type string 
%       Name string 
%EndEventDef 
%EventDef PajeSetVariable 8 
%       Time date 
%       Type string 
%       Container string 
%       Value double 
%EndEventDef
%EventDef PajeAddVariable 9 
%       Time date 
%       Type string 
%       Container string 
%       Value double 
%EndEventDef
%EventDef PajeSubVariable 10 
%       Time date 
%       Type string 
%       Container string 
%       Value double 
%EndEventDef
%EventDef PajeSetState 11 
%       Time date 
%       Type string 
%       Container string 
%       Value string 
%EndEventDef
%EventDef PajePushState 12 
%       Time date 
%       Type string 
%       Container string 
%       Value string 
%       Id string 
%EndEventDef
%EventDef PajePopState 13 
%       Time date 
%       Type string 
%       Container string 
%EndEventDef
%EventDef PajeResetState 14 
%       Time date 
%       Type string 
%       Container string 
%EndEventDef
%EventDef PajeStartLink 15 
%       Time date 
%       Type string 
%       Container string 
%       Value string 
%       StartContainer string 
%       Key string 
%EndEventDef
%EventDef PajeEndLink 16 
%       Time date 
%       Type string 
%       Container string 
%       Value string 
%       EndContainer string 
%       Key string 
%EndEventDef
%EventDef PajeNewEvent 17 
%       Time date 
%       Type string 
%       Container string 
%       Value string 
%EndEventDef
0	a1	0	"Task Manager"
0	a2	a1	"Node"
0	a3	a1	"Thread"
0	a4	a1	"Jobs"
0	a5	a1	"Memory usage"
2	a6	a4	"Job"
2	a7	a3	"Task"
2	a8	a3	"Timer state"
6	0	a9	a1	0	"The task manager"
6	0	a10	a4	a9	"Jobs"
6	0	a11	a5	a9	"Memory"
1	a12	a1	"Memory [MB]"	"1.0 1.0 1.0"
6	0	a13	a2	a9	"Node 0"
6	0	a14	a3	a13	"Thread 0"
6	0	a15	a3	a13	"Thread 1"
6	0	a16	a3	a13	"Thread 2"
6	0	a17	a3	a13	"Thread 3"
5	a18	a6	"ngcore::ParallelFor<int,ngcore::EnterTaskManager()::{lambda(int)#1}>(ngcore::T_Range<int>,ngcore::EnterTaskManager()::{lambda(int)#1},int,ngcore::TotalCosts)::{lambda(ngcore::TaskInfo&)#1}"	"0.630615054310908 1 0"
5	a19	a7	"ngcore::ParallelFor<int,ngcore::EnterTaskManager()::{lambda(int)#1}>(ngcore::T_Range<int>,ngcore::EnterTaskManager()::{lambda(int)#1},int,ngcore::TotalCosts)::{lambda(ngcore::TaskInfo&)#1}"	"0.630615054310908 1 0"
5	a20	a6	"ngcore::ParallelForRange<netgen::ElementIndex,netgen::MeshOptimize3d::SwapImprove(netgen::Mesh&,netgen::OPTIMIZEGOAL,netgen::NgBitArray const*)::{lambda(auto:1)#1}>(ngcore::T_Range<netgen::ElementIndex>,netgen::MeshOptimize3d::SwapImprove(netgen::Mesh&,netgen::OPTIMIZEGOAL,netgen::NgBitArray const*)::{lambda(auto:1)#1},int,ngcore::TotalCosts)::{lambda(ngcore::TaskInfo&)#1}"	"0.708022642579866 0 1"
5	a21	a7	"ngcore::ParallelForRange<netgen::ElementIndex,netgen::MeshOptimize3d::SwapImprove(netgen::Mesh&,netgen::OPTIMIZEGOAL,netgen::NgBitArray const*)::{lambda(auto:1)#1}>(ngcore::T_Range<netgen::ElementIndex>,netgen::MeshOptimize3d::SwapImprove(netgen::Mesh&,netgen::OPTIMIZEGOAL,netgen::NgBitArray const*)::{lambda(auto:1)#1},int,ngcore::TotalCosts)::{lambda(ngcore::TaskInfo&)#1}"	"0.708022642579866 0 1"
5	a22	a6	"ngcore::ParallelForRange<netgen::ElementIndex,ngcore::CreateTable<netgen::ElementIndex,netgen::PointIndex,ngcore::T_Range<netgen::ElementIndex>,netgen::Mesh::CreatePoint2ElementTable(std::optional<ngcore::BitArray>)const::{lambda(auto:1&,netgen::ElementIndex)#1}>(ngcore::T_Range<netgen::ElementIndex>const&,netgen::Mesh::CreatePoint2ElementTable(std::optional<ngcore::BitArray>)const::{lambda(auto:1&,netgen::ElementIndex)#1}const&,std::optional<unsigned long>)::{lambda(auto:1)#1}>(ngcore::T_Range<netgen::ElementIndex>,ngcore::Table,int,ngcore::TotalCosts)::{lambda(ngcore::TaskInfo&)#1}"	"0 0.230008221284954 1"
5	a23	a7	"ngcore::ParallelForRange<netgen::ElementIndex,ngcore::CreateTable<netgen::ElementIndex,netgen::PointIndex,ngcore::T_Range<netgen::ElementIndex>,netgen::Mesh::CreatePoint2ElementTable(std::optional<ngcore::BitArray>)const::{lambda(auto:1&,netgen::ElementIndex)#1}>(ngcore::T_Range<netgen::ElementIndex>const&,netgen::Mesh::CreatePoint2ElementTable(std::optional<ngcore::BitArray>)const::{lambda(auto:1&,netgen::ElementIndex)#1}const&,std::optional<unsigned long>)::{lambda(auto:1)#1}>(ngcore::T_Range<netgen::ElementIndex>,ngcore::Table,int,ngcore::TotalCosts)::{lambda(ngcore::TaskInfo&)#1}"	"0 0.230008221284954 1"
5	a24	a6	"ngcore::TablePrefixSum2<unsigned int>(ngcore::FlatArray<unsigned int,unsigned long>)::{lambda(ngcore::TaskInfo)#1}"	"0 0.312895337658212 1"
5	a25	a7	"ngcore::TablePrefixSum2<unsigned int>(ngcore::FlatArray<unsigned int,unsigned long>)::{lambda(ngcore::TaskInfo)#1}"	"0 0.312895337658212 1"
5	a26	a6	"ngcore::TablePrefixSum2<unsigned int>(ngcore::FlatArray<unsigned int,unsigned long>)::{lambda(ngcore::TaskInfo)#2}"	"0 1 0.887517304832004"
5	a27	a7	"ngcore::TablePrefixSum2<unsigned int>(ngcore::FlatArray<unsigned int,unsigned long>)::{lambda(ngcore::TaskInfo)#2}"	"0 1 0.887517304832004"
5	a28	a6	"ngcore::ParallelForRange<netgen::PointIndex,ngcore::CreateSortedTable<netgen::ElementIndex,netgen::PointIndex,ngcore::T_Range<netgen::ElementIndex>,netgen::Mesh::CreatePoint2ElementTable(std::optional<ngcore::BitArray>)const::{lambda(auto:1&,netgen::ElementIndex)#1}>(ngcore::T_Range<netgen::ElementIndex>const&,netgen::Mesh::CreatePoint2ElementTable(std::optional<ngcore::BitArray>)const::{lambda(auto:1&,netgen::ElementIndex)#1}const&,std::optional<unsigned long>)::{lambda(auto:1)#1}>(ngcore::T_Range<netgen::PointIndex>,ngcore::Table,int,ngcore::TotalCosts)::{lambda(ngcore::TaskInfo&)#1}"	"0 0.170427812303051 1"
5	a29	a7	"ngcore::ParallelForRange<netgen::PointIndex,ngcore::CreateSortedTable<netgen::ElementIndex,netgen::PointIndex,ngcore::T_Range<netgen::ElementIndex>,netgen::Mesh::CreatePoint2ElementTable(std::optional<ngcore::BitArray>)const::{lambda(auto:1&,netgen::ElementIndex)#1}>(ngcore::T_Range<netgen::ElementIndex>const&,netgen::Mesh::CreatePoint2ElementTable(std::optional<ngcore::BitArray>)const::{lambda(auto:1&,netgen::ElementIndex)#1}const&,std::optional<unsigned long>)::{lambda(auto:1)#1}>(ngcore::T_Range<netgen::PointIndex>,ngcore::Table,int,ngcore::TotalCosts)::{lambda(ngcore::TaskInfo&)#1}"	"0 0.170427812303051 1"
5	a30	a6	"ngcore::ParallelFor<unsigned long,netgen::BuildEdgeList<netgen::ElementIndex>(netgen::Mesh const&,ngcore::Table<netgen::ElementIndex,netgen::PointIndex>const&,ngcore::Array<std::tuple<netgen::PointIndex,netgen::PointIndex>,unsigned long>&)::{lambda(int)#1}>(ngcore::T_Range<unsigned long>,netgen::BuildEdgeList<netgen::ElementIndex>(netgen::Mesh const&,ngcore::Table<netgen::ElementIndex,netgen::PointIndex>const&,ngcore::Array<std::tuple<netgen::PointIndex,netgen::PointIndex>,unsigned long>&)::{lambda(int)#1},int,ngcore::TotalCosts)::{lambda(ngcore::TaskInfo&)#1}"	"1 0.872005992306398 0"
5	a31	a7	"ngcore::ParallelFor<unsigned long,netgen::BuildEdgeList<netgen::ElementIndex>(netgen::Mesh const&,ngcore::Table<netgen::ElementIndex,netgen::PointIndex>const&,ngcore::Array<std::tuple<netgen::PointIndex,netgen::PointIndex>,unsigned long>&)::{lambda(int)#1}>(ngcore::T_Range<unsigned long>,netgen::BuildEdgeList<netgen::ElementIndex>(netgen::Mesh const&,ngcore::Table<netgen::ElementIndex,netgen::PointIndex>const&,ngcore::Array<std::tuple<netgen::PointIndex,netgen::PointIndex>,unsigned long>&)::{lambda(int)#1},int,ngcore::TotalCosts)::{lambda(ngcore::TaskInfo&)#1}"	"1 0.872005992306398 0"
5	a32	a6	"ngcore::ParallelForRange<unsigned long,netgen::MeshOptimize3d::SwapImprove(netgen::Mesh&,netgen::OPTIMIZEGOAL,netgen::NgBitArray const*)::{lambda(auto:1)#2}>(ngcore::T_Range<unsigned long>,netgen::MeshOptimize3d::SwapImprove(netgen::Mesh&,netgen::OPTIMIZEGOAL,netgen::NgBitArray const*)::{lambda(auto:1)#2},int,ngcore::TotalCosts)::{lambda(ngcore::TaskInfo&)#1}"	"1 0.408375991137786 0"
5	a33	a7	"ngcore::ParallelForRange<unsigned long,netgen::MeshOptimize3d::SwapImprove(netgen::Mesh&,netgen::OPTIMIZEGOAL,netgen::NgBitArray const*)::{lambda(auto:1)#2}>(ngcore::T_Range<unsigned long>,netgen::MeshOptimize3d::SwapImprove(netgen::Mesh&,netgen::OPTIMIZEGOAL,netgen::NgBitArray const*)::{lambda(auto:1)#2},int,ngcore::TotalCosts)::{lambda(ngcore::TaskInfo&)#1}"	"1 0.408375991137786 0"
5	a34	a6	"ngcore::ParallelForRange<netgen::ElementIndex,netgen::Mesh::Compress()::{lambda(auto:1)#1}>(ngcore::T_Range<netgen::ElementIndex>,netgen::Mesh::Compress()::{lambda(auto:1)#1},int,ngcore::TotalCosts)::{lambda(ngcore::TaskInfo&)#1}"	"1 0.0611641584106637 0"
5	a35	a7	"ngcore::ParallelForRange<netgen::ElementIndex,netgen::Mesh::Compress()::{lambda(auto:1)#1}>(ngcore::T_Range<netgen::ElementIndex>,netgen::Mesh::Compress()::{lambda(auto:1)#1},int,ngcore::TotalCosts)::{lambda(ngcore::TaskInfo&)#1}"	"1 0.0611641584106637 0"
5	a36	a6	"ngcore::ParallelForRange<netgen::SurfaceElementIndex,netgen::Mesh::Compress()::{lambda(auto:1)#2}>(ngcore::T_Range<netgen::SurfaceElementIndex>,netgen::Mesh::Compress()::{lambda(auto:1)#2},int,ngcore::TotalCosts)::{lambda(ngcore::TaskInfo&)#1}"	"1 0 -2.77631980257023"
5	a37	a7	"ngcore::ParallelForRange<netgen::SurfaceElementIndex,netgen::Mesh::Compress()::{lambda(auto:1)#2}>(ngcore::T_Range<netgen::SurfaceElementIndex>,netgen::Mesh::Compress()::{lambda(auto:1)#2},int,ngcore::TotalCosts)::{lambda(ngcore::TaskInfo&)#1}"	"1 0 -2.77631980257023"
5	a38	a6	"ngcore::ParallelForRange<netgen::ElementIndex,netgen::Mesh::Compress()::{lambda(auto:1)#3}>(ngcore::T_Range<netgen::ElementIndex>,netgen::Mesh::Compress()::{lambda(auto:1)#3},int,ngcore::TotalCosts)::{lambda(ngcore::TaskInfo&)#1}"	"0.688034037288286 1 0"
5	a39	a7	"ngcore::ParallelForRange<netgen::ElementIndex,netgen::Mesh::Compress()::{lambda(auto:1)#3}>(ngcore::T_Range<netgen::ElementIndex>,netgen::Mesh::Compress()::{lambda(auto:1)#3},int,ngcore::TotalCosts)::{lambda(ngcore::TaskInfo&)#1}"	"0.688034037288286 1 0"
5	a40	a6	"ngcore::ParallelForRange<netgen::SurfaceElementIndex,netgen::Mesh::Compress()::{lambda(auto:1)#4}>(ngcore::T_Range<netgen::SurfaceElementIndex>,netgen::Mesh::Compress()::{lambda(auto:1)#4},int,ngcore::TotalCosts)::{lambda(ngcore::TaskInfo&)#1}"	"0 0.666479625428673 1"
5	a41	a7	"ngcore::ParallelForRange<netgen::SurfaceElementIndex,netgen::Mesh::Compress()::{lambda(auto:1)#4}>(ngcore::T_Range<netgen::SurfaceElementIndex>,netgen::Mesh::Compress()::{lambda(auto:1)#4},int,ngcore::TotalCosts)::{lambda(ngcore::TaskInfo&)#1}"	"0 0.666479625428673 1"
5	a42	a8	"Build edges"	"0 0.0614795051658243 1"
5	a43	a8	"CreateTable"	"0.608616351291681 0 1"
5	a44	a8	"CreateSortedTable"	"0 0.0381698166109086 1"
5	a45	a8	"MeshOptimize3d::SwapImprove loop"	"0.154668690207104 1 0"
5	a46	a8	"MeshOptimize3d::SwapImprove"	"1 0 -2.43968480148811"
5	a47	a8	"FreeOpenElementsEnvironment"	"0.907015785320433 0 1"
5	a48	a8	"Mesh::BuildBoundaryEdges"	"1 0 -2.61861416630415"
5	a49	a8	"Mesh::LinkSurfaceElements"	"0 1 0.171518596860468"
5	a50	a8	"Mesh::Compress"	"1 0.648677515017027 0"
5	a51	a8	"Mesh::CalcSurfacesOfNode, pointloop"	"0 0.319536079261344 1"
5	a52	a8	"Mesh::CalcSurfacesOfNode - surfelementht"	"0.690162641156969 0 1"
5	a53	a8	"Mesh::CalcSurfacesOfNode - surf on node"	"0.000515674241007069 1 0"
5	a54	a8	"Mesh::CalcSurfacesOfNode"	"1 0 -2.35340285344361"
6	0	a55	a3	a9	"Timer level 0"
6	0	a56	a3	a9	"Timer level 1"
6	0	a57	a3	a9	"Timer level 2"
6	0	a58	a3	a9	"Timer level 3"
4	a59	a2	a3	a3	"links"
8	0	a12	a11	0
12	0.157745423554561	a6	a10	a18	0
12	0.157820081347054	a7	a14	a19	0
13	0.157946674995193	a7	a14
12	0.157966150941061	a7	a14	a19	1
13	0.157971560926024	a7	a14
12	0.15799428286287	a7	a14	a19	2
13	0.158000233846329	a7	a14
12	0.1580191687937	a7	a14	a19	3
13	0.15802511977716	a7	a14
13	0.15851634641182	a6	a10
12	0.160596485630178	a8	a55	a47	0
13	0.178957974595347	a8	a55
12	0.179430807281133	a8	a55	a46	0
12	0.179542252971375	a8	a56	a48	0
13	0.179609877783415	a8	a56
12	0.181493634547608	a6	a10	a20	0
12	0.181560718361152	a7	a14	a21	0
12	0.181683795519066	a7	a15	a21	1
12	0.181879366475486	a7	a17	a21	2
13	0.182055731985287	a7	a14
12	0.182110102334167	a7	a16	a21	3
13	0.184284104791637	a7	a17
13	0.185173776818839	a7	a15
13	0.185233286653434	a7	a16
13	0.185387741724134	a6	a10
12	0.186328538109238	a8	a56	a44	0
12	0.186355588034054	a8	a57	a43	0
12	0.18676512389577	a6	a10	a22	0
12	0.186835994698788	a7	a14	a23	0
12	0.187043467622128	a7	a15	a23	1
12	0.18706077957401	a7	a16	a23	2
12	0.187160052798085	a7	a17	a23	3
13	0.187531718765058	a7	a14
12	0.187597720581609	a7	a14	a23	4
13	0.188172260984703	a7	a14
12	0.188189572936586	a7	a14	a23	5
13	0.188217704858394	a7	a17
12	0.188284788671938	a7	a17	a23	6
13	0.188597756302061	a7	a15
12	0.188678365078013	a7	a15	a23	7
13	0.188790622265999	a7	a14
12	0.188859329075032	a7	a14	a23	8
13	0.188928035884065	a7	a17
12	0.18898916871415	a7	a17	a23	9
13	0.189438738464593	a7	a14
12	0.189507986272122	a7	a14	a23	10
13	0.189566955108222	a7	a17
12	0.189625923944321	a7	a17	a23	11
13	0.190066296720327	a7	a14
12	0.190104166615069	a7	a14	a23	12
13	0.19023346525569	a7	a17
12	0.190293516088782	a7	a17	a23	13
13	0.190656255580566	a7	a15
13	0.190713330921928	a7	a14
12	0.190783119727953	a7	a14	a23	15
12	0.190786636218179	a7	a15	a23	14
13	0.191352250146084	a7	a17
13	0.191377677075411	a7	a14
13	0.191703628669445	a7	a15
13	0.20538818563391	a7	a16
13	0.205526951748217	a6	a10
12	0.205833697895631	a6	a10	a24	0
12	0.205901322707672	a7	a14	a25	0
13	0.205970570515201	a7	a14
12	0.206042523315212	a7	a14	a25	1
13	0.20608255720394	a7	a14
12	0.206093647673114	a7	a15	a25	2
12	0.206204281865612	a7	a14	a25	3
13	0.206260004710733	a7	a14
13	0.206433394728804	a7	a15
13	0.206585685805519	a6	a10
12	0.206687934521324	a6	a10	a26	0
12	0.206813987170967	a7	a14	a27	0
12	0.206875931498796	a7	a16	a27	1
13	0.206897300939401	a7	a14
12	0.206938957823617	a7	a14	a27	2
13	0.20699738566122	a7	a14
12	0.20701361561611	a7	a14	a27	3
13	0.207062305480779	a7	a14
13	0.207456963883846	a7	a16
13	0.20760925496056	a6	a10
12	0.207870557234284	a6	a10	a22	0
12	0.20793872304482	a7	a14	a23	0
12	0.208043947252355	a7	a15	a23	1
12	0.208240870705016	a7	a16	a23	2
13	0.208480803538135	a7	a14
12	0.208501902479492	a7	a17	a23	3
12	0.208541936368219	a7	a14	a23	4
13	0.209066434410404	a7	a15
13	0.209096459826949	a7	a14
12	0.209141362702144	a7	a14	a23	5
12	0.209151371174326	a7	a15	a23	6
13	0.209315293718712	a7	a16
12	0.209377508545789	a7	a16	a23	7
13	0.209528717625511	a7	a17
12	0.209609326401463	a7	a17	a23	8
13	0.209697509156363	a7	a14
12	0.209767297962389	a7	a14	a23	9
13	0.209993164834603	a7	a15
12	0.210068363625592	a7	a15	a23	10
13	0.210333182389542	a7	a14
12	0.210398643207596	a7	a14	a23	11
13	0.210489801454227	a7	a16
13	0.210532810834684	a7	a17
12	0.21057311522266	a7	a16	a23	12
12	0.210607468627177	a7	a17	a23	13
13	0.210894468329476	a7	a15
12	0.210963175138508	a7	a15	a23	14
13	0.21099536454904	a7	a14
12	0.211066776350554	a7	a14	a23	15
13	0.211614807827328	a7	a14
13	0.211615619325073	a7	a16
13	0.211667284681472	a7	a17
13	0.211842838693528	a7	a15
13	0.211997293764228	a6	a10
13	0.212191512224408	a8	a57
12	0.212226677126669	a6	a10	a28	0
12	0.212339204813904	a7	a14	a29	0
12	0.212482028416933	a7	a17	a29	1
13	0.212507996344756	a7	a14
12	0.212550735225965	a7	a14	a29	2
13	0.21261186805605	a7	a14
12	0.212667590901171	a7	a14	a29	3
13	0.21271628076584	a7	a14
12	0.212723043247044	a7	a15	a29	4
12	0.212796348543296	a7	a14	a29	5
13	0.21281636548766	a7	a17
13	0.212845038407965	a7	a14
12	0.212893187274137	a7	a17	a29	7
12	0.212896162765867	a7	a16	a29	6
12	0.212937008152339	a7	a14	a29	8
13	0.212964058077155	a7	a17
13	0.212993271995957	a7	a14
13	0.21299570648919	a7	a15
12	0.213032764886188	a7	a17	a29	9
13	0.213085241740332	a7	a17
12	0.213091192723791	a7	a14	a29	10
13	0.213123382134322	a7	a16
12	0.213131497111767	a7	a15	a29	11
13	0.213154489547861	a7	a14
12	0.213182621469669	a7	a17	a29	12
12	0.21323996731028	a7	a14	a29	13
13	0.213247000290732	a7	a17
12	0.213249434783965	a7	a16	a29	14
13	0.213281353695248	a7	a15
13	0.213285411183971	a7	a14
12	0.213322740080217	a7	a14	a29	15
13	0.213355470489244	a7	a16
13	0.213367642955412	a7	a14
13	0.213673307105834	a6	a10
13	0.213700898029146	a8	a56
12	0.2150019994128	a8	a56	a42	0
12	0.215305499569237	a6	a10	a30	0
12	0.215370419388796	a7	a14	a31	0
12	0.215440749193318	a7	a17	a31	1
13	0.215673919545232	a7	a14
12	0.215733970378324	a7	a14	a31	2
12	0.21574343785201	a7	a15	a31	3
13	0.215770758276074	a7	a17
13	0.215857318035485	a7	a14
12	0.215862728020449	a7	a17	a31	4
12	0.215912229382862	a7	a16	a31	5
12	0.215945500790386	a7	a14	a31	6
13	0.215979583695654	a7	a17
12	0.216044503515213	a7	a17	a31	7
13	0.216050995497169	a7	a14
12	0.216091570384393	a7	a14	a31	8
13	0.216095627873115	a7	a15
13	0.216140260249062	a7	a17
12	0.216163793683652	a7	a15	a31	9
13	0.216188409115235	a7	a14
12	0.216232770991933	a7	a17	a31	10
13	0.216273616378405	a7	a16
12	0.216274968874646	a7	a14	a31	11
13	0.216328257226534	a7	a15
13	0.216329068724278	a7	a17
12	0.216343405184431	a7	a16	a31	12
13	0.216371807605488	a7	a14
12	0.21643023544309	a7	a17	a31	13
12	0.21645971986114	a7	a15	a31	14
12	0.216485958288212	a7	a14	a31	15
13	0.216504081737838	a7	a16
13	0.216527074173932	a7	a17
13	0.216605518955899	a7	a14
13	0.216624183404022	a7	a15
13	0.216798114420589	a6	a10
13	0.217396999756018	a8	a56
12	0.217537118366565	a8	a56	a45	0
12	0.217664794011697	a6	a10	a32	0
12	0.217721057855315	a7	a14	a33	0
13	0.217925014288428	a7	a14
12	0.217991016104979	a7	a14	a33	1
13	0.218016984032803	a7	a14
12	0.218046197951604	a7	a14	a33	2
13	0.218067837891457	a7	a14
12	0.218077846363639	a7	a15	a33	3
12	0.218133298709512	a7	a17	a33	4
12	0.218178742583203	a7	a14	a33	5
13	0.218196595533582	a7	a14
12	0.21821742397569	a7	a16	a33	6
12	0.218266925338104	a7	a14	a33	7
13	0.218284778288482	a7	a14
12	0.218303172237357	a7	a14	a33	8
13	0.218319943190743	a7	a14
12	0.218336173145633	a7	a14	a33	9
13	0.2183410421321	a7	a17
13	0.218351050604282	a7	a15
13	0.218353485097515	a7	a14
13	0.218422462405796	a7	a16
12	0.218476832754677	a7	a17	a33	10
13	0.218499013693026	a7	a17
12	0.218509292664456	a7	a14	a33	11
13	0.218527145614835	a7	a14
12	0.218545269064461	a7	a15	a33	13
12	0.218597475419356	a7	a17	a33	14
13	0.21861316437575	a7	a17
13	0.218641566796807	a7	a15
12	0.218644271789288	a7	a16	a33	12
12	0.218646165284025	a7	a14	a33	15
13	0.218690256661476	a7	a16
13	0.2187381350284	a7	a14
13	0.218912336544216	a6	a10
13	0.219052455154763	a8	a56
12	0.219865034896239	a8	a56	a50	0
12	0.224643674614251	a6	a10	a34	0
12	0.224725906385692	a7	a14	a35	0
12	0.224933920307528	a7	a15	a35	1
12	0.225128950265452	a7	a17	a35	2
12	0.225174664638391	a7	a16	a35	3
13	0.24982715461804	a7	a14
13	0.25465610719621	a7	a17
13	0.255573911145221	a7	a15
13	0.256026726886642	a7	a16
13	0.256457091190466	a6	a10
12	0.256682146564936	a6	a10	a36	0
12	0.25674923037848	a7	a14	a37	0
12	0.256984023725884	a7	a17	a37	1
12	0.257164987722904	a7	a15	a37	2
13	0.262468395982348	a7	a15
12	0.262493281913179	a7	a15	a37	3
13	0.262909039257602	a7	a14
13	0.263919083450236	a7	a17
13	0.265163650491024	a7	a15
13	0.265305121597813	a6	a10
12	0.271508210356641	a6	a10	a38	0
12	0.271585573141615	a7	a14	a39	0
12	0.271831997956689	a7	a15	a39	1
12	0.271939386158209	a7	a17	a39	2
12	0.272721940483139	a7	a16	a39	3
13	0.273982196480321	a7	a14
13	0.274359813430754	a7	a17
13	0.274974658221824	a7	a15
13	0.275634676387337	a7	a16
13	0.275777229491118	a6	a10
12	0.275872986224967	a6	a10	a40	0
12	0.275949267012948	a7	a14	a41	0
12	0.276392885779932	a7	a17	a41	1
12	0.276429403178434	a7	a15	a41	2
13	0.276962016198063	a7	a14
12	0.277039919981533	a7	a14	a41	3
13	0.278023455247846	a7	a17
13	0.278587446180262	a7	a15
13	0.27895397266152	a7	a14
13	0.279074074327704	a6	a10
12	0.279671336667643	a8	a57	a49	0
13	0.287610489601169	a8	a57
12	0.288104421228311	a8	a57	a54	0
12	0.294428693650315	a8	a58	a53	0
13	0.315273906712098	a8	a58
12	0.315322596576767	a8	a58	a52	0
13	0.32558317405801	a8	a58
12	0.325655126858021	a8	a58	a51	0
13	0.33061662406779	a8	a58
13	0.335378492832416	a8	a57
13	0.335852407515194	a8	a56
13	0.336127234751326	a8	a55
12	0.338085108309515	a8	a55	a46	0
12	0.338167340080956	a8	a56	a48	0
13	0.385128714554187	a8	a56
12	0.38548577356176	a6	a10	a20	0
12	0.38561074421441	a7	a14	a21	0
12	0.385746805336235	a7	a15	a21	1
12	0.385837963582865	a7	a17	a21	2
12	0.386113602316741	a7	a16	a21	3
13	0.386533417149887	a7	a15
13	0.387079014133428	a7	a14
13	0.387138523968023	a7	a17
13	0.387274044091352	a7	a16
13	0.387433909147015	a6	a10
12	0.388034958476429	a8	a56	a44	0
12	0.388093927312528	a8	a57	a43	0
12	0.388489938211836	a6	a10	a22	0
12	0.388552694037409	a7	a14	a23	0
12	0.38894681144198	a7	a15	a23	1
12	0.389002263787853	a7	a17	a23	2
12	0.3890615031232	a7	a16	a23	3
13	0.389347420828506	a7	a14
12	0.389415586639043	a7	a14	a23	4
13	0.389702586341342	a7	a15
12	0.389775080139849	a7	a15	a23	5
13	0.390109146711328	a7	a17
12	0.390202739451191	a7	a17	a23	6
13	0.390300930678274	a7	a16
13	0.390301742176018	a7	a14
13	0.390330144597075	a7	a15
12	0.390375317971518	a7	a14	a23	7
12	0.390394523418137	a7	a16	a23	8
12	0.390457279243711	a7	a15	a23	9
13	0.39115895429344	a7	a15
12	0.391176266245323	a7	a15	a23	10
13	0.391388067156633	a7	a14
13	0.391403756113026	a7	a17
12	0.39146488894311	a7	a17	a23	11
13	0.391466782437848	a7	a16
12	0.39149734885289	a7	a14	a23	12
12	0.391551178203274	a7	a16	a23	13
13	0.391850891370236	a7	a15
12	0.391921221174758	a7	a15	a23	14
13	0.392425702272578	a7	a14
13	0.392453563695139	a7	a16
12	0.392497655072589	a7	a14	a23	15
13	0.392569337373352	a7	a15
13	0.393460632396042	a7	a17
13	0.393614816967494	a7	a14
13	0.39369488474495	a6	a10
12	0.394035713797633	a6	a10	a24	0
12	0.394095764630724	a7	a14	a25	0
13	0.394168258429231	a7	a14
12	0.394184488384121	a7	a14	a25	1
13	0.394247244209694	a7	a14
12	0.394266179157066	a7	a14	a25	2
13	0.394312164029253	a7	a14
12	0.394328934982639	a7	a14	a25	3
13	0.394544252384175	a7	a14
13	0.394609172203734	a6	a10
12	0.394725486880443	a6	a10	a26	0
12	0.3947611927812	a7	a14	a27	0
13	0.394868851481968	a7	a14
12	0.394892655415807	a7	a14	a27	1
13	0.395001396113567	a7	a14
12	0.395054143466959	a7	a16	a27	2
12	0.395112571304562	a7	a15	a27	3
13	0.395404710492575	a7	a15
13	0.395420940447465	a7	a16
13	0.395643020330205	a6	a10
12	0.3959968333468	a6	a10	a22	0
12	0.396060130170869	a7	a14	a23	0
12	0.396277882065639	a7	a16	a23	1
12	0.396338744396475	a7	a17	a23	2
12	0.396486707485219	a7	a15	a23	3
13	0.396834299019106	a7	a14
12	0.396910579807088	a7	a14	a23	4
13	0.397188382534949	a7	a15
12	0.397267909313908	a7	a15	a23	5
13	0.397307672703388	a7	a17
12	0.397381248498888	a7	a17	a23	6
13	0.397405322931974	a7	a16
12	0.397476734733489	a7	a16	a23	7
13	0.39775453746135	a7	a14
13	0.397820809777149	a7	a15
12	0.397830277250835	a7	a14	a23	8
12	0.39789276257716	a7	a15	a23	9
13	0.398227911145632	a7	a17
12	0.39830906092008	a7	a17	a23	10
13	0.398346119317078	a7	a16
12	0.398429974084008	a7	a16	a23	11
13	0.398451614023861	a7	a15
12	0.398538173783272	a7	a15	a23	12
13	0.39859741311862	a7	a14
12	0.398663955933667	a7	a14	a23	13
13	0.399157617061561	a7	a15
13	0.399158428559306	a7	a17
12	0.399233356851046	a7	a15	a23	14
12	0.399243365323228	a7	a17	a23	15
13	0.399506020093192	a7	a16
13	0.39957553839997	a7	a14
13	0.399797077284214	a7	a15
13	0.400118700890277	a7	a17
13	0.400273426460225	a6	a10
13	0.400556909672298	a8	a57
12	0.400616419506893	a6	a10	a28	0
12	0.400680257329459	a7	a14	a29	0
13	0.400839851885874	a7	a14
12	0.400915050676863	a7	a14	a29	1
13	0.400988085473867	a7	a14
12	0.400994306956574	a7	a15	a29	2
12	0.401038939332521	a7	a14	a29	3
12	0.401041644325002	a7	a17	a29	4
13	0.401134155067874	a7	a14
13	0.401187984418258	a7	a15
13	0.401193123903973	a7	a17
12	0.40122882980473	a7	a14	a29	5
12	0.401270757188195	a7	a16	a29	6
12	0.401294290622785	a7	a17	a29	7
13	0.401298618610755	a7	a14
12	0.40131998805136	a7	a15	a29	8
13	0.401368948415277	a7	a17
13	0.401382743876934	a7	a15
12	0.401395998340093	a7	a14	a29	9
13	0.401435220731077	a7	a16
12	0.401453073681455	a7	a15	a29	10
12	0.401477148114542	a7	a17	a29	11
13	0.401484181094994	a7	a14
12	0.401562355377712	a7	a16	a29	12
13	0.40156560136869	a7	a15
13	0.40158480681531	a7	a17
12	0.401594544788244	a7	a14	a29	13
12	0.401648915137124	a7	a15	a29	14
13	0.401663251597276	a7	a14
12	0.401671366574721	a7	a17	a29	15
13	0.401673801067955	a7	a16
13	0.401703555985252	a7	a15
13	0.402219398051495	a7	a17
13	0.402422813486113	a6	a10
13	0.402451486406418	a8	a56
12	0.403878099441219	a8	a56	a42	0
12	0.404022546039737	a6	a10	a30	0
12	0.404080973877339	a7	a14	a31	0
13	0.404267077360074	a7	a14
12	0.404287635302934	a7	a14	a31	1
12	0.404405302475885	a7	a16	a31	2
13	0.404433704896941	a7	a14
12	0.404513772674397	a7	a14	a31	3
12	0.404598168439823	a7	a17	a31	4
12	0.404625488863888	a7	a15	a31	5
13	0.40469284317668	a7	a14
12	0.404758303994735	a7	a14	a31	6
13	0.404781296430828	a7	a15
13	0.404845945751139	a7	a17
12	0.404851085236854	a7	a15	a31	7
12	0.404921144542128	a7	a17	a31	8
13	0.404950628960177	a7	a15
12	0.405021499763195	a7	a15	a31	9
13	0.405069919128616	a7	a14
13	0.40511942049103	a7	a15
12	0.405133215952686	a7	a14	a31	10
13	0.405195971778259	a7	a17
12	0.405205980250441	a7	a15	a31	11
12	0.405264678587292	a7	a17	a31	12
13	0.405286318527145	a7	a14
13	0.405302818981283	a7	a15
12	0.405370173294075	a7	a14	a31	13
12	0.405386673748213	a7	a15	a31	14
13	0.40539884621438	a7	a17
12	0.40547674999785	a7	a17	a31	15
13	0.405484594476047	a7	a15
13	0.405549243796357	a7	a14
13	0.405605507639975	a7	a17
13	0.419744232842102	a7	a16
13	0.419918704857166	a6	a10
13	0.42044617839108	a8	a56
12	0.420578723022679	a8	a56	a45	0
12	0.420616592917421	a6	a10	a32	0
12	0.420682594733973	a7	a14	a33	0
13	0.420729120604656	a7	a14
12	0.420747514553531	a7	a14	a33	1
13	0.420771318487369	a7	a14
12	0.420790794433237	a7	a14	a33	2
13	0.420817844358053	a7	a14
12	0.420834615311439	a7	a14	a33	3
13	0.420860583239263	a7	a14
12	0.420876813194152	a7	a14	a33	4
13	0.420894666144531	a7	a14
12	0.420932536039273	a7	a14	a33	5
13	0.420952552983637	a7	a14
12	0.420993668869358	a7	a14	a33	6
12	0.420996644361088	a7	a15	a33	7
13	0.421028833771619	a7	a14
13	0.421059941185157	a7	a15
12	0.421101327570126	a7	a14	a33	8
13	0.421125131503964	a7	a14
12	0.42113459897765	a7	a16	a33	9
13	0.421198436800216	a7	a16
12	0.421209797768638	a7	a15	a33	10
13	0.421268766604738	a7	a15
12	0.421288513049853	a7	a14	a33	11
12	0.421314751476925	a7	a16	a33	12
13	0.421344235894974	a7	a14
13	0.421350457377682	a7	a16
12	0.421404016228818	a7	a15	a33	13
13	0.421428361161153	a7	a15
12	0.421438910631831	a7	a17	a33	14
12	0.421454329088976	a7	a16	a33	15
13	0.421485166003266	a7	a16
13	0.421518978409287	a7	a17
13	0.421753230758194	a6	a10
13	0.421838167522117	a8	a56
12	0.423969701597625	a8	a56	a50	0
12	0.430434633628673	a6	a10	a34	0
12	0.430548243312901	a7	a14	a35	0
12	0.430650762527954	a7	a15	a35	1
12	0.430762749216692	a7	a16	a35	2
12	0.431011338025752	a7	a17	a35	3
13	0.458173790529087	a7	a14
13	0.46102404110696	a7	a15
13	0.462144178493594	a7	a17
13	0.462196925846986	a7	a16
13	0.462706816929769	a6	a10
12	0.462848017537309	a6	a10	a36	0
12	0.462908068370401	a7	a14	a37	0
12	0.463264856878725	a7	a15	a37	1
12	0.463370622084756	a7	a17	a37	2
12	0.46375554251489	a7	a16	a37	3
13	0.466501921381468	a7	a14
13	0.467808432750086	a7	a17
13	0.468086776476443	a7	a16
13	0.468641299935174	a7	a15
13	0.468799541995348	a6	a10
12	0.474426467355593	a6	a10	a38	0
12	0.474489764179663	a7	a14	a39	0
12	0.474741869478949	a7	a17	a39	1
12	0.474881717590248	a7	a15	a39	2
12	0.475092166005317	a7	a16	a39	3
13	0.477184477689842	a7	a14
13	0.477902382694462	a7	a17
13	0.478090379671934	a7	a16
13	0.478103904634342	a7	a15
13	0.47835573943438	a6	a10
12	0.478456365154695	a6	a10	a40	0
12	0.478513710995306	a7	a14	a41	0
12	0.47871009344947	a7	a17	a41	1
12	0.478871581500623	a7	a16	a41	2
12	0.479014946102148	a7	a15	a41	3
13	0.479698497702251	a7	a14
13	0.480829184559564	a7	a17
13	0.481131873218256	a7	a15
13	0.481309861723546	a7	a16
13	0.481559532529598	a6	a10
12	0.482108646003365	a8	a57	a49	0
13	0.492752250420004	a8	a57
12	0.492877762071151	a8	a57	a54	0
12	0.496656095569464	a8	a58	a53	0
13	0.516186682285184	a8	a58
12	0.516208322225037	a8	a58	a52	0
13	0.524890807092509	a8	a58
12	0.524970874869965	a8	a58	a51	0
13	0.529913437132362	a8	a58
13	0.534153242348038	a8	a57
13	0.534447004531541	a8	a56
13	0.534670436910522	a8	a55
12	0.535724842979853	a8	a55	a46	0
12	0.53578705780693	a8	a56	a48	0
13	0.595599851560291	a8	a56
12	0.59659582979202	a6	a10	a20	0
12	0.596931248859739	a7	a14	a21	0
12	0.597008341145465	a7	a16	a21	1
12	0.597140344778568	a7	a15	a21	2
12	0.597229880029709	a7	a17	a21	3
13	0.598083575656905	a7	a14
13	0.598193668850907	a7	a15
13	0.59855208035472	a7	a17
13	0.598571826799836	a7	a16
13	0.59875657778633	a6	a10
12	0.599753638015051	a8	a56	a44	0
12	0.599776900950393	a8	a57	a43	0
12	0.600302210490322	a6	a10	a22	0
12	0.600438001112898	a7	a14	a23	0
12	0.600610579633225	a7	a17	a23	1
12	0.600655753007668	a7	a15	a23	2
12	0.601042566932538	a7	a16	a23	3
13	0.6013203696604	a7	a14
12	0.601392863458907	a7	a14	a23	4
13	0.601430192355153	a7	a17
13	0.601496464670952	a7	a15
12	0.601499440162682	a7	a17	a23	5
12	0.601581401434875	a7	a15	a23	6
13	0.602130244409394	a7	a17
13	0.602182450764289	a7	a16
12	0.6021881312485	a7	a17	a23	7
13	0.602257108556781	a7	a15
12	0.602260354547759	a7	a16	a23	8
13	0.60229254395829	a7	a14
12	0.602345832310178	a7	a15	a23	9
12	0.602385054701161	a7	a14	a23	10
13	0.602853559398976	a7	a17
12	0.602919561215527	a7	a17	a23	11
13	0.602946340641095	a7	a15
12	0.603032900400507	a7	a15	a23	12
13	0.603348843522359	a7	a16
13	0.603373458953942	a7	a14
12	0.603416468334399	a7	a16	a23	13
12	0.603482199651702	a7	a14	a23	14
13	0.603581202376529	a7	a17
12	0.603647745191577	a7	a17	a23	15
13	0.603672901621656	a7	a15
13	0.604224449588656	a7	a17
13	0.604323993311979	a7	a14
13	0.604449775462374	a7	a16
13	0.604600984542096	a6	a10
12	0.605139819044433	a6	a10	a24	0
12	0.60521231284294	a7	a14	a25	0
13	0.605298872602352	a7	a14
12	0.605339988488072	a7	a14	a25	1
12	0.605377317384318	a7	a17	a25	2
13	0.605388137354245	a7	a14
12	0.605451434178314	a7	a14	a25	3
13	0.60550499302945	a7	a14
13	0.605660800596391	a7	a17
13	0.605836625107696	a6	a10
12	0.60594049681899	a6	a10	a26	0
12	0.605997301661103	a7	a14	a27	0
13	0.606086566412996	a7	a14
12	0.606107665354353	a7	a14	a27	1
12	0.606175019667145	a7	a15	a27	2
13	0.606176913161882	a7	a14
12	0.606226685023544	a7	a14	a27	3
13	0.60637437761304	a7	a14
13	0.606378435101762	a7	a15
13	0.60655236611833	a6	a10
12	0.606898064157479	a6	a10	a22	0
12	0.60695540999809	a7	a14	a23	0
12	0.607069831180062	a7	a15	a23	1
12	0.607257557658285	a7	a16	a23	2
12	0.607375224831235	a7	a17	a23	3
13	0.607716053883918	a7	a14
12	0.607784219694455	a7	a14	a23	4
13	0.607809376124534	a7	a15
12	0.607878623932063	a7	a15	a23	5
13	0.608077440879461	a7	a17
12	0.60814236069902	a7	a17	a23	6
13	0.608381752533643	a7	a16
12	0.608456410326135	a7	a16	a23	7
13	0.608466148299069	a7	a15
13	0.608569749511114	a7	a14
12	0.608635210329169	a7	a14	a23	8
13	0.608739082040463	a7	a17
12	0.608739893538208	a7	a15	a23	9
12	0.608804542858518	a7	a17	a23	10
13	0.609294957995434	a7	a15
13	0.609346352852585	a7	a16
12	0.609358254819504	a7	a15	a23	11
13	0.609395854214998	a7	a17
12	0.609417223655603	a7	a16	a23	12
13	0.609439134094704	a7	a14
12	0.609481331977417	a7	a17	a23	13
12	0.609541382810509	a7	a14	a23	14
13	0.609931172227109	a7	a15
12	0.609998797039149	a7	a15	a23	15
13	0.610063987357956	a7	a17
13	0.610320691144461	a7	a16
13	0.61047081822719	a7	a14
13	0.610721030031739	a7	a15
13	0.610864124134016	a6	a10
13	0.611161673306993	a8	a57
12	0.61122388813407	a6	a10	a28	0
12	0.611292594943103	a7	a14	a29	0
12	0.611405393129586	a7	a15	a29	1
13	0.611433254552147	a7	a14
12	0.611482485415312	a7	a14	a29	2
13	0.61155930720179	a7	a14
13	0.61157256166495	a7	a15
12	0.611609079063451	a7	a14	a29	3
12	0.611630719003304	a7	a17	a29	4
12	0.611679138368725	a7	a16	a29	5
13	0.61168427785444	a7	a14
12	0.611709434284519	a7	a15	a29	6
13	0.61176082914167	a7	a15
13	0.611762722636407	a7	a17
12	0.611764886630392	a7	a14	a29	7
13	0.611816010988295	a7	a16
12	0.611818715980776	a7	a15	a29	8
13	0.611848200398826	a7	a14
12	0.611876332320635	a7	a17	a29	9
13	0.611883094801839	a7	a15
12	0.611906898735677	a7	a16	a29	10
13	0.611938006149215	a7	a17
12	0.611963433078542	a7	a14	a29	11
12	0.61197560554471	a7	a15	a29	12
13	0.611984261520651	a7	a16
13	0.612028623397349	a7	a15
12	0.612043500855998	a7	a17	a29	13
13	0.612051615833443	a7	a14
12	0.612094084215404	a7	a15	a29	14
13	0.612104092687586	a7	a17
12	0.612118970146235	a7	a16	a29	15
13	0.612183889965794	a7	a15
13	0.612230415836477	a7	a16
13	0.612404346853045	a6	a10
13	0.612442216747787	a8	a56
12	0.614065212236753	a8	a56	a42	0
12	0.614195051875871	a6	a10	a30	0
12	0.6142642996834	a7	a14	a31	0
13	0.614504503015767	a7	a14
12	0.614547782895473	a7	a17	a31	2
12	0.614554274877428	a7	a14	a31	1
12	0.614687631006772	a7	a16	a31	3
12	0.614724418904522	a7	a15	a31	4
13	0.614728476393244	a7	a14
13	0.614772297271446	a7	a17
12	0.614816659148145	a7	a14	a31	5
12	0.614850742053413	a7	a17	a31	6
13	0.614918637364701	a7	a15
13	0.614933244324102	a7	a16
13	0.614947580784254	a7	a17
13	0.614950826775232	a7	a14
12	0.614992754158697	a7	a15	a31	7
12	0.615010336609828	a7	a17	a31	8
12	0.61504820650457	a7	a14	a31	9
12	0.615049018002315	a7	a16	a31	10
13	0.615125569289544	a7	a17
13	0.615130167776763	a7	a15
12	0.615198063088052	a7	a17	a31	11
12	0.61522484251362	a7	a15	a31	12
13	0.615242695463998	a7	a16
13	0.615260818913625	a7	a14
13	0.615291114829419	a7	a17
12	0.615315730261002	a7	a16	a31	13
13	0.615324386236943	a7	a15
12	0.615347919671533	a7	a14	a31	14
12	0.61541013449861	a7	a17	a31	15
13	0.615477488811402	a7	a16
13	0.61549831725351	a7	a14
13	0.615509678221933	a7	a17
13	0.616070693662619	a6	a10
13	0.616354717873188	a8	a56
12	0.616443982625081	a8	a56	a45	0
12	0.616496459479224	a6	a10	a32	0
12	0.616564625289761	a7	a14	a33	0
13	0.616654972038647	a7	a14
12	0.616672824989025	a7	a14	a33	1
13	0.616702038907827	a7	a14
12	0.616718268862716	a7	a14	a33	2
13	0.616737744808584	a7	a14
12	0.616756138757459	a7	a14	a33	3
13	0.61677507370483	a7	a14
12	0.616792385656712	a7	a14	a33	4
13	0.616811320604084	a7	a14
12	0.616882732405598	a7	a14	a33	5
13	0.616902208351466	a7	a14
12	0.616938725749968	a7	a15	a33	6
12	0.616984440122907	a7	a14	a33	7
13	0.617042056462765	a7	a15
13	0.617058015918407	a7	a14
12	0.61706342590337	a7	a17	a33	8
13	0.61711482076052	a7	a17
12	0.617141600186088	a7	a15	a33	9
13	0.617176224089853	a7	a15
12	0.617192724543991	a7	a14	a33	10
12	0.617195429536472	a7	a17	a33	11
13	0.617211659491362	a7	a17
12	0.617263324847761	a7	a15	a33	12
12	0.617270628327461	a7	a17	a33	13
13	0.617281448297388	a7	a14
13	0.617287399280847	a7	a17
13	0.617309850718444	a7	a15
12	0.617333654652283	a7	a16	a33	14
12	0.617355565091384	a7	a17	a33	15
13	0.617373418041762	a7	a17
13	0.617397492474849	a7	a16
13	0.617641212297442	a6	a10
13	0.617775920923026	a8	a56
12	0.619688350607524	a8	a56	a50	0
12	0.625440787618916	a6	a10	a34	0
12	0.625506789435467	a7	a14	a35	0
12	0.625756189742272	a7	a17	a35	1
12	0.62587115192274	a7	a16	a35	2
12	0.625912808806957	a7	a15	a35	3
13	0.653403376898311	a7	a14
13	0.655975013250578	a7	a16
13	0.656391852591994	a7	a17
13	0.656787051993557	a7	a15
13	0.657166562438727	a6	a10
12	0.657573934306457	a6	a10	a36	0
12	0.657656166077898	a7	a14	a37	0
12	0.657790063205738	a7	a16	a37	1
12	0.657849843539582	a7	a17	a37	2
12	0.657885278941091	a7	a15	a37	3
13	0.660467464764036	a7	a15
13	0.662289818198896	a7	a14
13	0.662789700809498	a7	a17
13	0.663428890532902	a7	a16
13	0.663575771624654	a6	a10
12	0.667739837050844	a6	a10	a38	0
12	0.667822068822285	a7	a14	a39	0
12	0.668143151429852	a7	a16	a39	1
12	0.668220243715578	a7	a17	a39	2
12	0.668264335093028	a7	a15	a39	3
13	0.669915733003051	a7	a14
13	0.67087059534906	a7	a17
13	0.670975278558098	a7	a15
13	0.671463800200277	a7	a16
13	0.671599320323605	a6	a10
12	0.671681552095046	a6	a10	a40	0
12	0.671735110946182	a7	a14	a41	0
12	0.671941772371777	a7	a17	a41	1
12	0.672026438636452	a7	a15	a41	2
12	0.672186033192867	a7	a16	a41	3
13	0.672435163000423	a7	a14
13	0.673910465899893	a7	a17
13	0.673925343358542	a7	a15
13	0.674374372110489	a7	a16
13	0.674524499193218	a6	a10
12	0.675057382712096	a8	a57	a49	0
13	0.684349572884922	a8	a57
12	0.68462061313158	a8	a57	a54	0
12	0.687281784734988	a8	a58	a53	0
13	0.700837584057328	a8	a58
12	0.700884650926508	a8	a58	a52	0
13	0.707210005345505	a8	a58
12	0.707240842259795	a8	a58	a51	0
13	0.710448422344488	a8	a58
13	0.71369441332242	a8	a57
13	0.713887008787111	a8	a56
13	0.714042816354052	a8	a55
12	0.715274669930177	a8	a55	a46	0
12	0.715329851776802	a8	a56	a48	0
13	0.748246364287017	a8	a56
12	0.748530388497586	a6	a10	a20	0
12	0.748616407258502	a7	a14	a21	0
12	0.74879764175477	a7	a17	a21	1
12	0.748891504993881	a7	a15	a21	2
12	0.749159299249561	a7	a16	a21	3
13	0.749222866572879	a7	a14
13	0.749669731330841	a7	a17
13	0.750191524380543	a7	a15
13	0.750819623634773	a7	a16
13	0.750992472654348	a6	a10
12	0.751279742855895	a8	a56	a44	0
12	0.751299218801762	a8	a57	a43	0
12	0.751555652089019	a6	a10	a22	0
12	0.751635719866475	a7	a14	a23	0
12	0.751739862077017	a7	a15	a23	1
12	0.751960318964268	a7	a17	a23	2
12	0.752118020025946	a7	a16	a23	3
13	0.752269770104164	a7	a14
12	0.752340099908686	a7	a14	a23	4
13	0.752473997036526	a7	a15
12	0.752576245752331	a7	a15	a23	5
13	0.752716634862126	a7	a17
12	0.752791292654619	a7	a17	a23	6
13	0.752960625183967	a7	a14
12	0.753029331993	a7	a14	a23	7
13	0.75324708388777	a7	a15
12	0.753314167701314	a7	a15	a23	8
13	0.753359882074253	a7	a17
13	0.753406137445689	a7	a16
12	0.753438867854716	a7	a17	a23	9
12	0.753469975268255	a7	a16	a23	10
13	0.753653103259259	a7	a14
12	0.753719646074307	a7	a14	a23	11
13	0.753923332008172	a7	a15
12	0.753994743809687	a7	a15	a23	12
13	0.754011244263825	a7	a17
12	0.754072918092405	a7	a17	a23	13
13	0.754298514465372	a7	a14
12	0.754363975283427	a7	a14	a23	14
13	0.754418886630803	a7	a16
12	0.754498954408259	a7	a16	a23	15
13	0.75456495622481	a7	a15
13	0.754657737466929	a7	a17
13	0.754948794657951	a7	a14
13	0.755470587707653	a7	a16
13	0.755630452763316	a6	a10
12	0.755914476973885	a6	a10	a24	0
12	0.755986970772393	a7	a14	a25	0
13	0.756055677581425	a7	a14
12	0.756060276068644	a7	a15	a25	1
12	0.756101121455117	a7	a14	a25	2
13	0.756146565328808	a7	a14
13	0.756193361698739	a7	a15
12	0.756244486056642	a7	a17	a25	3
13	0.756333209810039	a7	a17
13	0.756526346273226	a6	a10
12	0.756609660041659	a6	a10	a26	0
12	0.756677284853699	a7	a14	a27	0
13	0.756756811632659	a7	a14
12	0.756773041587548	a7	a14	a27	1
13	0.756830387428159	a7	a14
12	0.756847158381545	a7	a14	a27	2
13	0.756895307247717	a7	a14
12	0.756912078201103	a7	a14	a27	3
13	0.756993768974048	a7	a14
13	0.757199889401147	a6	a10
12	0.757409796817719	a6	a10	a22	0
12	0.757462273671863	a7	a14	a23	0
12	0.757718977458367	a7	a15	a23	1
12	0.757721411951601	a7	a17	a23	2
12	0.757782815280933	a7	a16	a23	3
13	0.758031404089993	a7	a14
12	0.758104979885493	a7	a14	a23	4
13	0.758322461281015	a7	a17
13	0.758337338739664	a7	a15
12	0.758403611055463	a7	a17	a23	5
12	0.758441210450957	a7	a15	a23	6
13	0.758664913329187	a7	a14
12	0.758731456144234	a7	a14	a23	7
13	0.75877771151567	a7	a16
12	0.758847500321695	a7	a16	a23	8
13	0.758967872487127	a7	a17
12	0.759049563260071	a7	a17	a23	9
13	0.759136393518731	a7	a15
12	0.759217002294683	a7	a15	a23	10
13	0.759286520601461	a7	a14
12	0.759351981419515	a7	a14	a23	11
13	0.759603545720305	a7	a17
12	0.75966467855039	a7	a17	a23	12
13	0.759769902757924	a7	a15
13	0.759836986571468	a7	a16
12	0.759840773560942	a7	a15	a23	13
13	0.759905963879749	a7	a14
12	0.759909480369975	a7	a16	a23	14
12	0.759975752685775	a7	a14	a23	15
13	0.760271137864767	a7	a17
13	0.76038826403922	a7	a15
13	0.760557867067817	a7	a14
13	0.76082214483327	a7	a16
13	0.760973353912992	a6	a10
13	0.761079930616768	a8	a57
12	0.76111780051151	a6	a10	a28	0
12	0.76117676934761	a7	a14	a29	0
13	0.761260083116043	a7	a14
12	0.761277395067925	a7	a14	a29	1
12	0.761327707928083	a7	a17	a29	2
13	0.761330953919061	a7	a14
12	0.761367741816811	a7	a14	a29	3
13	0.761412644692006	a7	a14
12	0.761428874646896	a7	a14	a29	4
13	0.761467285540134	a7	a17
13	0.761472154526601	a7	a14
12	0.76155763228902	a7	a17	a29	6
12	0.761561960276991	a7	a14	a29	5
12	0.761610379642412	a7	a15	a29	7
13	0.761623634105572	a7	a17
13	0.761638782063469	a7	a14
13	0.761720743335661	a7	a15
12	0.761731563305588	a7	a16	a29	9
12	0.761734538797318	a7	a14	a29	8
12	0.761763752716119	a7	a17	a29	10
13	0.761814606574773	a7	a14
13	0.761830836529663	a7	a17
12	0.761845713988312	a7	a15	a29	11
13	0.761875468905609	a7	a16
13	0.761898190842455	a7	a15
12	0.761905494322155	a7	a14	a29	12
12	0.761942282219905	a7	a17	a29	13
12	0.761989619588333	a7	a15	a29	14
13	0.761996923068034	a7	a17
13	0.76200341504999	a7	a14
12	0.762006931540216	a7	a16	a29	15
13	0.762064818379322	a7	a15
13	0.762116754234969	a7	a16
13	0.762346949095154	a6	a10
13	0.76237399901997	a8	a56
12	0.762889029588469	a8	a56	a42	0
12	0.763000475278711	a6	a10	a30	0
12	0.763064313101277	a7	a14	a31	0
12	0.763170078307308	a7	a15	a31	1
13	0.763215792680247	a7	a14
12	0.763272597522361	a7	a17	a31	2
12	0.76331533640357	a7	a14	a31	3
13	0.763387018704333	a7	a15
13	0.76343165108028	a7	a17
12	0.763468709477278	a7	a15	a31	4
13	0.763477094953971	a7	a14
12	0.763484398433671	a7	a16	a31	5
12	0.763531735802099	a7	a17	a31	6
12	0.763576638677294	a7	a14	a31	7
13	0.763609910084818	a7	a15
13	0.763630738526926	a7	a17
13	0.763706478316411	a7	a14
12	0.763723519769045	a7	a15	a31	8
12	0.763727036259271	a7	a17	a31	9
13	0.763765717651758	a7	a16
12	0.763795743068304	a7	a14	a31	10
13	0.763828202978084	a7	a17
12	0.76383171946831	a7	a16	a31	11
13	0.76384199843974	a7	a15
12	0.763918549726969	a7	a17	a31	12
13	0.763926123705918	a7	a14
12	0.763948034145019	a7	a15	a31	13
13	0.763989150030739	a7	a16
12	0.7640170114533	a7	a14	a31	14
13	0.764025126430745	a7	a17
13	0.764055692845787	a7	a15
12	0.764096267733011	a7	a16	a31	15
13	0.764119801167601	a7	a14
13	0.764259108280404	a7	a16
13	0.764418432337571	a6	a10
13	0.764622929769181	a8	a56
12	0.764677570617309	a8	a56	a45	0
12	0.764720850497015	a6	a10	a32	0
12	0.764777114340632	a7	a14	a33	0
13	0.764814984235375	a7	a14
12	0.76483337818425	a7	a14	a33	1
13	0.764849067140643	a7	a14
12	0.764866920091022	a7	a14	a33	2
13	0.764883691044408	a7	a14
12	0.764901543994786	a7	a14	a33	3
13	0.764918314948173	a7	a14
12	0.764935626900055	a7	a14	a33	4
13	0.764952397853441	a7	a14
12	0.764969709805323	a7	a14	a33	5
13	0.764986480758709	a7	a14
12	0.765003251712095	a7	a14	a33	6
13	0.765020022665481	a7	a14
12	0.765036252620371	a7	a14	a33	7
13	0.765054105570749	a7	a14
12	0.765100360942185	a7	a16	a33	8
12	0.765142829324146	a7	a14	a33	9
13	0.765161223273021	a7	a14
13	0.765183133712122	a7	a16
12	0.765235881065514	a7	a14	a33	10
13	0.765264012987322	a7	a14
12	0.765297284394846	a7	a16	a33	11
13	0.765320006331692	a7	a16
12	0.765349490749741	a7	a17	a33	12
12	0.765377352172302	a7	a15	a33	13
13	0.765396016620425	a7	a17
12	0.765406295591855	a7	a14	a33	14
13	0.765413058073059	a7	a15
13	0.765424148542234	a7	a14
12	0.765435239011408	a7	a16	a33	15
13	0.765483928876077	a7	a16
13	0.765688696806935	a6	a10
13	0.765773092572361	a8	a56
12	0.766311927074698	a8	a56	a50	0
12	0.77004481669932	a6	a10	a34	0
12	0.77010216253993	a7	a14	a35	0
12	0.770503853923449	a7	a16	a35	1
12	0.770589872684364	a7	a15	a35	2
12	0.770599881156546	a7	a17	a35	3
13	0.785074295925641	a7	a14
13	0.796823971768011	a7	a16
13	0.797927608700507	a7	a15
13	0.798117228673468	a7	a17
13	0.798579782387824	a6	a10
12	0.798641456216404	a6	a10	a36	0
12	0.79871124502243	a7	a14	a37	0
12	0.798911684965317	a7	a16	a37	1
12	0.799161626270618	a7	a15	a37	2
12	0.799205176649572	a7	a17	a37	3
13	0.802245588198902	a7	a14
13	0.80232078698989	a7	a17
13	0.803715751612657	a7	a15
13	0.804045219696917	a7	a16
13	0.804195887778142	a6	a10
12	0.807251447285369	a6	a10	a38	0
12	0.807310957119964	a7	a14	a39	0
12	0.807557111435791	a7	a17	a39	1
12	0.807825717189215	a7	a15	a39	2
12	0.807842488142601	a7	a16	a39	3
13	0.809587478792487	a7	a14
13	0.810125231297832	a7	a17
13	0.810194749604609	a7	a15
13	0.810937540540059	a7	a16
13	0.811101733583693	a6	a10
12	0.811145554461895	a6	a10	a40	0
12	0.811227786233336	a7	a14	a41	0
12	0.811316780485981	a7	a15	a41	1
12	0.811668700007838	a7	a17	a41	2
12	0.811721988359726	a7	a16	a41	3
13	0.811820179586808	a7	a14
13	0.81313345343663	a7	a15
13	0.813386370233661	a7	a17
13	0.81383512848636	a7	a16
13	0.813976599593148	a6	a10
12	0.814222212910478	a8	a57	a49	0
13	0.823329922596059	a8	a57
12	0.82339592441261	a8	a57	a54	0
12	0.825320797062524	a8	a58	a53	0
13	0.83878895462846	a8	a58
12	0.838818168547261	a8	a58	a52	0
13	0.844945517516604	a8	a58
12	0.844974190436909	a8	a58	a51	0
13	0.848159589583253	a8	a58
13	0.851379071634866	a8	a57
13	0.851499714299545	a8	a56
13	0.85162847194167	a8	a55
12	0.85200500689511	a8	a55	a46	0
12	0.852049368771809	a8	a56	a48	0
13	0.883543596235194	a8	a56
12	0.883689124830704	a6	a10	a20	0
12	0.883762159627708	a7	a14	a21	0
12	0.883985862505937	a7	a15	a21	1
12	0.883996411976615	a7	a17	a21	2
12	0.884176293976642	a7	a16	a21	3
13	0.884326421059372	a7	a14
13	0.884934773868486	a7	a16
13	0.885356482196369	a7	a17
13	0.885369736659529	a7	a15
13	0.885549618659556	a6	a10
12	0.885727066166349	a8	a56	a44	0
12	0.885747083110713	a8	a57	a43	0
12	0.885973220482176	a6	a10	a22	0
12	0.886137143026562	a7	a14	a23	0
12	0.886287811107787	a7	a16	a23	1
12	0.886548572383014	a7	a15	a23	2
12	0.886593204758961	a7	a17	a23	3
13	0.886702486455218	a7	a14
12	0.886761996289813	a7	a14	a23	4
13	0.887231312485373	a7	a15
12	0.887300560292902	a7	a15	a23	5
13	0.887365209613212	a7	a17
13	0.887366291610205	a7	a14
12	0.887438785408712	a7	a17	a23	7
12	0.887441490401194	a7	a14	a23	6
13	0.887476925802703	a7	a16
12	0.8875656495561	a7	a16	a23	8
13	0.887939479517058	a7	a15
13	0.888014407808799	a7	a17
12	0.888019006296018	a7	a15	a23	9
13	0.888024145781733	a7	a14
12	0.888103131562196	a7	a17	a23	11
12	0.888107459550166	a7	a14	a23	10
13	0.888507527938196	a7	a16
12	0.888569201766777	a7	a16	a23	12
13	0.888577857742718	a7	a15
12	0.888652515535211	a7	a15	a23	13
13	0.888672261980326	a7	a14
13	0.888698770906646	a7	a17
12	0.888738804795374	a7	a14	a23	14
12	0.888805888608918	a7	a17	a23	15
13	0.889486194218043	a7	a16
13	0.889512162145866	a7	a15
13	0.889540023568427	a7	a14
13	0.889772111923349	a7	a17
13	0.889917099520363	a6	a10
12	0.890057218130911	a6	a10	a24	0
12	0.890123760945958	a7	a14	a25	0
13	0.890169204819649	a7	a14
12	0.890220058678304	a7	a14	a25	1
12	0.890241969117405	a7	a15	a25	2
13	0.890262256561017	a7	a14
12	0.890350709815165	a7	a16	a25	3
13	0.890390202705397	a7	a15
13	0.890461073508415	a7	a16
13	0.890729138263343	a6	a10
12	0.890772959141545	a6	a10	a26	0
12	0.890854108915993	a7	a14	a27	0
13	0.890905503773144	a7	a14
12	0.890928766708485	a7	a14	a27	1
13	0.890986112549096	a7	a14
12	0.891022900446846	a7	a14	a27	2
13	0.891077000296478	a7	a14
12	0.891126231159643	a7	a17	a27	3
13	0.891343712555164	a7	a17
13	0.891481667171726	a6	a10
12	0.891658032681528	a6	a10	a22	0
12	0.891724575496575	a7	a14	a23	0
12	0.891824930717643	a7	a15	a23	1
12	0.891939892898111	a7	a17	a23	2
12	0.892067298043995	a7	a16	a23	3
13	0.892269360982371	a7	a14
12	0.892341854780878	a7	a14	a23	4
13	0.892463849941799	a7	a15
12	0.892531474753839	a7	a15	a23	5
13	0.892571779141815	a7	a17
12	0.892638321956863	a7	a17	a23	6
13	0.892892050251638	a7	a14
12	0.89296670804413	a7	a14	a23	7
13	0.893082752221592	a7	a15
12	0.893152000029121	a7	a15	a23	8
13	0.893200960393038	a7	a17
13	0.893220706838154	a7	a16
12	0.893259388230641	a7	a17	a23	9
12	0.893302397611098	a7	a16	a23	10
13	0.893534756465268	a7	a14
12	0.893586692320915	a7	a14	a23	11
13	0.893715179463792	a7	a15
12	0.893786591265306	a7	a15	a23	12
13	0.893885864489381	a7	a17
12	0.8939567352924	a7	a17	a23	13
13	0.894152576748068	a7	a14
13	0.894184766158599	a7	a16
12	0.894214250576649	a7	a14	a23	14
12	0.894258882952595	a7	a16	a23	15
13	0.894486102321051	a7	a15
13	0.89454209566542	a7	a17
13	0.894789331978239	a7	a14
13	0.895153153467016	a7	a16
13	0.895301657554256	a6	a10
13	0.895369823364793	a8	a57
12	0.895400119280587	a6	a10	a28	0
12	0.895457465121197	a7	a14	a29	0
13	0.895513187966318	a7	a14
12	0.895553221855046	a7	a14	a29	1
13	0.895611108694152	a7	a14
12	0.895632478134757	a7	a15	a29	2
12	0.895681438498674	a7	a17	a29	3
12	0.895720931388906	a7	a14	a29	4
13	0.895769891752823	a7	a15
13	0.895775572237034	a7	a17
13	0.895848607034038	a7	a14
12	0.895852123524264	a7	a15	a29	5
12	0.89585564001449	a7	a17	a29	6
13	0.895900542889685	a7	a17
13	0.895908928366378	a7	a15
12	0.895924346823523	a7	a14	a29	7
12	0.895983045160374	a7	a16	a29	8
12	0.89600711959346	a7	a17	a29	9
13	0.896020103557372	a7	a14
12	0.896040391000984	a7	a15	a29	10
13	0.896066088429559	a7	a17
13	0.896089080865653	a7	a16
13	0.896095572847609	a7	a15
12	0.896118565283702	a7	a14	a29	11
12	0.896149943196489	a7	a17	a29	12
13	0.896174288128824	a7	a14
12	0.896183755602509	a7	a15	a29	13
13	0.896206748038603	a7	a17
12	0.896211887524318	a7	a16	a29	14
13	0.896240560444623	a7	a15
12	0.896264093879213	a7	a14	a29	15
13	0.896333341686742	a7	a14
13	0.896338481172457	a7	a16
13	0.896618447894304	a6	a10
13	0.896636841843179	a8	a56
12	0.896907882089836	a8	a56	a42	0
12	0.896989572862781	a6	a10	a30	0
12	0.897044754709406	a7	a14	a31	0
13	0.89717946333499	a7	a14
12	0.897195152291383	a7	a14	a31	1
12	0.897284146544028	a7	a16	a31	2
13	0.897301187996662	a7	a14
12	0.89738828875457	a7	a14	a31	3
12	0.897433732628261	a7	a17	a31	4
12	0.897478906002704	a7	a15	a31	5
13	0.897522456381658	a7	a14
13	0.897568441253845	a7	a17
12	0.897587917199713	a7	a14	a31	6
13	0.897603876655354	a7	a16
13	0.897632008577163	a7	a15
12	0.897636066065886	a7	a17	a31	7
13	0.897686378926044	a7	a14
12	0.897692059410255	a7	a16	a31	8
12	0.897719109335071	a7	a15	a31	9
13	0.897743724766654	a7	a17
12	0.897771856688462	a7	a14	a31	10
12	0.897810267581701	a7	a17	a31	11
13	0.897859227945618	a7	a16
13	0.897861391939604	a7	a15
13	0.897876810396749	a7	a14
13	0.897917926282469	a7	a17
12	0.897938213726081	a7	a15	a31	12
12	0.897988797085488	a7	a14	a31	13
12	0.897995559566692	a7	a16	a31	14
12	0.898013142017822	a7	a17	a31	15
13	0.898068594363695	a7	a15
13	0.89811052174716	a7	a14
13	0.898127292700546	a7	a17
13	0.898164351097544	a7	a16
13	0.898364791040431	a6	a10
13	0.898490302691578	a8	a56
12	0.898528713584817	a8	a56	a45	0
12	0.89854440254121	a6	a10	a32	0
12	0.898608781362273	a7	a14	a33	0
13	0.898630421302125	a7	a14
12	0.898647733254008	a7	a14	a33	1
13	0.898671537187846	a7	a14
12	0.898687767142736	a7	a14	a33	2
13	0.898704538096122	a7	a14
12	0.898720768051011	a7	a14	a33	3
13	0.898747817975827	a7	a14
12	0.898771080911169	a7	a17	a33	4
13	0.898821393771327	a7	a17
12	0.89885033719088	a7	a15	a33	5
12	0.89890633053525	a7	a14	a33	6
13	0.898926076980365	a7	a15
13	0.898935544454051	a7	a14
12	0.898970709356312	a7	a17	a33	7
13	0.898989103305187	a7	a17
12	0.898993701792406	a7	a16	a33	8
13	0.899059162610461	a7	a16
12	0.899068359584898	a7	a15	a33	9
13	0.899086212535277	a7	a15
12	0.899095139010466	a7	a14	a33	10
12	0.899098385001444	a7	a17	a33	11
13	0.899124352929267	a7	a17
13	0.899134631900698	a7	a14
12	0.899153837347317	a7	a16	a33	12
13	0.899191166243563	a7	a16
12	0.899213347181912	a7	a15	a33	13
12	0.899224978649583	a7	a17	a33	14
13	0.899233905124773	a7	a15
13	0.899249323581918	a7	a17
12	0.899260143551844	a7	a14	a33	15
13	0.899278537500719	a7	a14
13	0.899493854902255	a6	a10
13	0.899553364736851	a8	a56
12	0.899962900598567	a8	a56	a50	0
12	0.903392831065248	a6	a10	a34	0
12	0.903454504893829	a7	a14	a35	0
12	0.903596246499865	a7	a17	a35	1
12	0.903735012614172	a7	a16	a35	2
12	0.903854573281859	a7	a15	a35	3
13	0.929549026365424	a7	a14
13	0.933208069695298	a7	a16
13	0.933750420687861	a7	a17
13	0.934372839457879	a7	a15
13	0.934519720549631	a6	a10
12	0.934579230384226	a6	a10	a36	0
12	0.934637658221829	a7	a14	a37	0
12	0.934710422519584	a7	a16	a37	1
12	0.934826466697045	a7	a17	a37	2
12	0.935018250663991	a7	a15	a37	3
13	0.938298324547192	a7	a15
13	0.939296737272154	a7	a14
13	0.939915639551946	a7	a17
13	0.94052399236106	a7	a16
13	0.940703874361087	a6	a10
12	0.943638250205138	a6	a10	a38	0
12	0.943709662006652	a7	a14	a39	0
12	0.943807312235239	a7	a16	a39	1
12	0.944031285612716	a7	a15	a39	2
12	0.94416301874657	a7	a17	a39	3
13	0.945843360076146	a7	a14
13	0.946623479907843	a7	a17
13	0.946624291405587	a7	a15
13	0.947014351321435	a7	a16
13	0.947167183396646	a6	a10
12	0.947198020310937	a6	a10	a40	0
12	0.947325154957572	a7	a14	a41	0
12	0.947401706244802	a7	a15	a41	1
12	0.947790684163657	a7	a16	a41	2
12	0.94783152955013	a7	a17	a41	3
13	0.947929450277964	a7	a14
13	0.949096113535282	a7	a15
13	0.949580577688739	a7	a17
13	0.949862167406074	a7	a16
13	0.950056115367006	a6	a10
12	0.950303351679825	a8	a57	a49	0
13	0.961446297708569	a8	a57
12	0.961551251416856	a8	a57	a54	0
12	0.963380908331417	a8	a58	a53	0
13	0.976751686168015	a8	a58
12	0.976791179058246	a8	a58	a52	0
13	0.982811951323814	a8	a58
12	0.982845493230586	a8	a58	a51	0
13	0.986015744419033	a8	a58
13	0.98919032359545	a8	a57
13	0.989268768377417	a8	a56
13	0.989424575944358	a8	a55
12	0.989794077917346	a8	a55	a47	0
13	1.00823022467501	a8	a55
12	1.00827620954719	a8	a55	a46	0
12	1.00830380047051	a8	a56	a48	0
13	1.03683930715751	a8	a56
12	1.03698862274249	a6	a10	a20	0
12	1.03707247750942	a7	a14	a21	0
12	1.03744603697113	a7	a16	a21	1
12	1.03756722063431	a7	a15	a21	2
12	1.03760427903131	a7	a17	a21	3
13	1.03763836193657	a7	a14
13	1.03840306331113	a7	a15
13	1.03842010476376	a7	a17
13	1.03866815257432	a7	a16
13	1.03882206664653	a6	a10
12	1.03898274319993	a8	a56	a44	0
12	1.03900330114279	a8	a57	a43	0
12	1.03920238858944	a6	a10	a22	0
12	1.03927596438494	a7	a14	a23	0
12	1.03943312444812	a7	a16	a23	1
12	1.03952942218047	a7	a15	a23	2
12	1.03960489147071	a7	a17	a23	3
13	1.03990081764819	a7	a14
12	1.0399738524452	a7	a14	a23	4
13	1.04035173989488	a7	a15
12	1.04042964367835	a7	a15	a23	5
13	1.04045750510091	a7	a17
12	1.04052404791596	a7	a17	a23	6
13	1.04060465669191	a7	a14
13	1.04062169814454	a7	a16
12	1.04067336350094	a7	a14	a23	7
12	1.04068228997613	a7	a16	a23	8
13	1.0411140067762	a7	a15
13	1.04117270511305	a7	a17
12	1.04118271358523	a7	a15	a23	9
12	1.0412381659311	a7	a17	a23	10
13	1.04135015261984	a7	a14
12	1.04141561343789	a7	a14	a23	11
13	1.04159495443943	a7	a16
12	1.04167069422891	a7	a16	a23	12
13	1.04176266397329	a7	a15
12	1.04183515777179	a7	a15	a23	13
13	1.04189061011767	a7	a17
12	1.04197067789512	a7	a17	a23	14
13	1.04201449877332	a7	a14
12	1.04207076261694	a7	a14	a23	15
13	1.04248219197339	a7	a15
13	1.04253872631626	a7	a17
13	1.04273700226516	a7	a16
13	1.04274646973885	a7	a14
13	1.04291742526368	a6	a10
12	1.04308783979003	a6	a10	a24	0
12	1.04317331755244	a7	a14	a25	0
13	1.04321767942914	a7	a14
12	1.04323390938403	a7	a14	a25	1
13	1.04326961528479	a7	a14
12	1.04329666520961	a7	a14	a25	2
13	1.04333940409082	a7	a14
12	1.04336050303217	a7	a14	a25	3
13	1.04339620893293	a7	a14
13	1.04380195780517	a6	a10
12	1.04384523768488	a6	a10	a26	0
12	1.0439155674894	a7	a14	a27	0
13	1.04396750334505	a7	a14
12	1.04399076628039	a7	a14	a27	1
13	1.04403945614506	a7	a14
12	1.04405514510145	a7	a14	a27	2
13	1.04410383496612	a7	a14
12	1.04416280380222	a7	a14	a27	3
13	1.04421798564884	a7	a14
13	1.04449659987445	a6	a10
12	1.04463401349251	a6	a10	a22	0
12	1.04468865434064	a7	a14	a23	0
12	1.04507357477078	a7	a16	a23	1
12	1.04509873120085	a7	a17	a23	2
12	1.04514660956778	a7	a15	a23	3
13	1.04524047280689	a7	a14
12	1.04531567159788	a7	a14	a23	4
13	1.04576578234682	a7	a17
13	1.04576713484306	a7	a15
12	1.04583151366412	a7	a15	a23	5
12	1.0458426041333	a7	a17	a23	6
13	1.04587073605511	a7	a14
12	1.04595675481602	a7	a14	a23	7
13	1.04604574906867	a7	a16
12	1.04612148885815	a7	a16	a23	8
13	1.04639658659353	a7	a17
13	1.04641525104165	a7	a15
12	1.04650235179956	a7	a15	a23	9
13	1.04650857328227	a7	a14
12	1.04661190399507	a7	a17	a23	11
12	1.04661569098454	a7	a14	a23	10
13	1.04703577631694	a7	a16
13	1.04706282624175	a7	a15
12	1.04712612306582	a7	a16	a23	12
12	1.04716182896658	a7	a15	a23	13
13	1.04718806739365	a7	a14
13	1.0472107893305	a7	a17
12	1.04725569220569	a7	a14	a23	14
12	1.04729518509592	a7	a17	a23	15
13	1.04772609039824	a7	a15
13	1.04787892247345	a7	a17
13	1.04789515242834	a7	a14
13	1.04792247285241	a7	a16
13	1.04815320871109	a6	a10
13	1.04823381748704	a8	a57
12	1.04826465440133	a6	a10	a28	0
12	1.04833606620285	a7	a14	a29	0
13	1.04838205107503	a7	a14
12	1.04839828102992	a7	a14	a29	1
13	1.04844426590211	a7	a14
12	1.0484599548585	a7	a14	a29	2
12	1.04850648072919	a7	a17	a29	3
13	1.04851621870212	a7	a14
12	1.04857897452769	a7	a14	a29	4
13	1.04863469737282	a7	a14
13	1.0486374023653	a7	a17
12	1.04865092732771	a7	a14	a29	5
13	1.04869420720741	a7	a14
12	1.04870178118636	a7	a17	a29	6
12	1.04874289707208	a7	a14	a29	7
13	1.04874830705704	a7	a17
13	1.04879537392622	a7	a14
12	1.04888815516834	a7	a15	a29	8
12	1.04889113066007	a7	a17	a29	9
13	1.04893657453376	a7	a17
12	1.04893765653076	a7	a14	a29	10
13	1.04897200993527	a7	a15
12	1.04898607589618	a7	a16	a29	11
13	1.04899337937588	a7	a14
12	1.04900203535182	a7	a17	a29	12
13	1.04904802022401	a7	a17
12	1.04906533217589	a7	a14	a29	13
13	1.04909752158642	a7	a16
12	1.04912078452176	a7	a15	a29	14
12	1.04912754700296	a7	a17	a29	15
13	1.04915405592928	a7	a14
13	1.04917299087666	a7	a17
13	1.0491884093338	a7	a15
13	1.04945593309023	a6	a10
13	1.04947378604061	a8	a56
12	1.04968477545418	a8	a56	a42	0
12	1.04974644928276	a6	a10	a30	0
12	1.04992281479256	a7	a14	a31	0
12	1.04999449709332	a7	a15	a31	1
13	1.05005860541513	a7	a14
12	1.05012623022718	a7	a14	a31	2
13	1.05022496245275	a7	a15
13	1.05023767591742	a7	a14
12	1.05028852977607	a7	a14	a31	3
12	1.0503358671445	a7	a15	a31	4
13	1.05041891041369	a7	a14
12	1.05042107440767	a7	a17	a31	5
13	1.05045272281971	a7	a15
12	1.05048193673851	a7	a16	a31	6
12	1.05055253704228	a7	a14	a31	7
13	1.05055686503025	a7	a17
12	1.05057228348739	a7	a15	a31	8
12	1.05064558878364	a7	a17	a31	9
13	1.0506520807656	a7	a14
13	1.05068427017613	a7	a16
13	1.05069941813403	a7	a15
12	1.05071808258215	a7	a14	a31	10
13	1.05074459150847	a7	a17
12	1.05078056790848	a7	a15	a31	11
12	1.05078976488291	a7	a16	a31	12
13	1.05081221632051	a7	a14
12	1.05084629922578	a7	a17	a31	13
13	1.05089201359872	a7	a15
12	1.05091392403782	a7	a14	a31	14
13	1.05095774491602	a7	a17
13	1.05097749136114	a7	a16
12	1.05097857335813	a7	a15	a31	15
13	1.05101292676265	a7	a14
13	1.05108298606792	a7	a15
13	1.05125962207697	a6	a10
13	1.05141380664842	a8	a56
12	1.05144356156572	a8	a56	a45	0
12	1.05145600453113	a6	a10	a32	0
12	1.05151389137024	a7	a14	a33	0
13	1.05155554825446	a7	a14
12	1.05163182904244	a7	a14	a33	1
12	1.05163669802891	a7	a17	a33	2
13	1.05165779697026	a7	a14
13	1.05168755188756	a7	a17
12	1.05172920877178	a7	a14	a33	3
13	1.05175247170712	a7	a14
12	1.05177357064848	a7	a17	a33	4
13	1.05178925960487	a7	a17
12	1.0518725733733	a7	a14	a33	5
13	1.05189042632368	a7	a14
12	1.05190746777632	a7	a15	a33	6
12	1.05192613222444	a7	a17	a33	7
13	1.05194398517482	a7	a17
13	1.05194858366204	a7	a15
12	1.05195074765602	a7	a16	a33	8
13	1.05201674947257	a7	a16
12	1.05203054493423	a7	a14	a33	9
12	1.0520421764019	a7	a15	a33	10
13	1.05205867685604	a7	a14
13	1.05205948835378	a7	a15
12	1.05208085779439	a7	a17	a33	11
13	1.0521089897162	a7	a17
12	1.05211250620642	a7	a16	a33	12
13	1.05213576914176	a7	a16
12	1.0521674175538	a7	a14	a33	13
12	1.05218013101846	a7	a15	a33	14
13	1.05218635250117	a7	a14
13	1.05219690197185	a7	a15
12	1.05224423934028	a7	a17	a33	15
13	1.05227345325908	a7	a17
13	1.05251365659144	a6	a10
13	1.05255369048017	a8	a56
12	1.05290425750579	a8	a56	a50	0
12	1.05642886270933	a6	a10	a34	0
12	1.05649973351234	a7	a14	a35	0
12	1.05668232050485	a7	a16	a35	1
12	1.05678024123269	a7	a15	a35	2
12	1.05689087542519	a7	a17	a35	3
13	1.0807462041205	a7	a14
13	1.08530384595277	a7	a16
13	1.08656653644318	a7	a15
13	1.08693739091241	a7	a17
13	1.0871602822929	a6	a10
12	1.08719869318614	a6	a10	a36	0
12	1.08730472889142	a7	a14	a37	0
12	1.08759605658169	a7	a15	a37	1
12	1.08772454372456	a7	a17	a37	2
13	1.09020556282869	a7	a14
12	1.09079903817916	a7	a14	a37	3
13	1.09247072353279	a7	a17
13	1.09250859342754	a7	a14
13	1.09270578737945	a7	a15
13	1.09285050447721	a6	a10
12	1.09582761920247	a6	a10	a38	0
12	1.09589362101902	a7	a14	a39	0
12	1.09600046822205	a7	a15	a39	1
12	1.09625609001156	a7	a17	a39	2
13	1.09785744556067	a7	a14
12	1.09793372634865	a7	a14	a39	3
13	1.09838194360286	a7	a15
13	1.09850988974724	a7	a17
13	1.09980504014743	a7	a14
13	1.09988456692639	a6	a10
12	1.09992892880309	a6	a10	a40	0
12	1.09997707766926	a7	a14	a41	0
12	1.10013234423771	a7	a17	a41	1
12	1.10032683319713	a7	a15	a41	2
13	1.10074908252351	a7	a14
12	1.1008394292724	a7	a14	a41	3
13	1.10177697966653	a7	a17
13	1.10207588133574	a7	a15
13	1.10207885682747	a7	a14
13	1.10233474911623	a6	a10
12	1.10258685441552	a8	a57	a49	0
13	1.10905232744506	a8	a57
12	1.10912319824808	a8	a57	a54	0
12	1.11110000675364	a8	a58	a53	0
13	1.12397090197964	a8	a58
12	1.12400931287288	a8	a58	a52	0
13	1.13007066002567	a8	a58
12	1.13010041494297	a8	a58	a51	0
13	1.13332422498255	a8	a58
13	1.13653667405371	a8	a57
13	1.13663946376801	a8	a56
13	1.13676443442066	a8	a55
12	1.13718046226433	a8	a55	a46	0
12	1.13720426619817	a8	a56	a48	0
13	1.16760567669899	a8	a56
12	1.16775715627796	a6	a10	a20	0
12	1.16784371603737	a7	a14	a21	0
12	1.16801818805243	a7	a16	a21	1
12	1.16803198351409	a7	a17	a21	2
12	1.16819617655772	a7	a15	a21	3
13	1.16838687852768	a7	a17
13	1.16842150243144	a7	a14
13	1.16888919563151	a7	a15
13	1.16968716841359	a7	a16
13	1.16985027946023	a6	a10
12	1.17001907099108	a8	a56	a44	0
12	1.17003962893394	a8	a57	a43	0
12	1.17025765132796	a6	a10	a22	0
12	1.17032852213098	a7	a14	a23	0
12	1.17053112606785	a7	a16	a23	1
12	1.17055465950244	a7	a17	a23	2
12	1.17060199687087	a7	a15	a23	3
13	1.17092632546941	a7	a14
12	1.17099611427544	a7	a14	a23	4
13	1.17139374817023	a7	a17
13	1.17142323258828	a7	a15
12	1.17145920898829	a7	a17	a23	5
12	1.17150005437476	a7	a15	a23	6
13	1.17159905709959	a7	a16
13	1.17160149159282	a7	a14
12	1.17166803440787	a7	a14	a23	7
12	1.17167750188155	a7	a16	a23	8
13	1.17204402836281	a7	a17
13	1.17205457783349	a7	a15
12	1.17213356361395	a7	a15	a23	9
12	1.17213924409816	a7	a17	a23	10
13	1.17225447677788	a7	a14
12	1.17232318358691	a7	a14	a23	11
13	1.17268943956892	a7	a17
12	1.17278952429074	a7	a17	a23	12
13	1.17282279569827	a7	a16
12	1.17291909343061	a7	a16	a23	13
13	1.17306624502161	a7	a15
12	1.17315118178554	a7	a15	a23	14
13	1.17317471522013	a7	a14
12	1.17324342202916	a7	a14	a23	15
13	1.17344575546678	a7	a17
13	1.17376305108488	a7	a15
13	1.17395835154205	a7	a16
13	1.17395970403829	a7	a14
13	1.1741198395932	a6	a10
12	1.17430540207744	a6	a10	a24	0
12	1.17437248589098	a7	a14	a25	0
13	1.17441684776768	a7	a14
12	1.17449853854063	a7	a14	a25	1
12	1.17450340752709	a7	a17	a25	2
13	1.17454452341281	a7	a14
12	1.17458022931357	a7	a14	a25	3
13	1.17461377122034	a7	a14
13	1.17462783718125	a7	a17
13	1.17476038181284	a6	a10
12	1.17481502266097	a6	a10	a26	0
12	1.1748696635091	a7	a14	a27	0
13	1.17492214036325	a7	a14
12	1.17493891131663	a7	a14	a27	1
13	1.17498651918431	a7	a14
12	1.17501356910912	a7	a14	a27	2
13	1.17506820995725	a7	a14
12	1.17508389891365	a7	a14	a27	3
13	1.17513691676629	a7	a14
13	1.17545718787611	a6	a10
12	1.17560055247763	a6	a10	a22	0
12	1.17565952131373	a7	a14	a23	0
12	1.17604065475439	a7	a15	a23	1
12	1.17604417124462	a7	a17	a23	2
12	1.17612288652583	a7	a16	a23	3
13	1.17624325869126	a7	a14
12	1.17631737548526	a7	a14	a23	4
13	1.17674801028833	a7	a17
12	1.17682158608383	a7	a17	a23	5
13	1.17682997156052	a7	a15
13	1.17686757095602	a7	a14
12	1.17692410529888	a7	a15	a23	6
12	1.17695250771994	a7	a14	a23	7
13	1.17733039516962	a7	a16
13	1.17737394554858	a7	a17
12	1.17741046294708	a7	a16	a23	8
12	1.17745293132904	a7	a17	a23	9
13	1.17749864570198	a7	a15
13	1.17750594918168	a7	a14
12	1.17757790198169	a7	a14	a23	10
12	1.17759710742831	a7	a15	a23	11
13	1.17800420879679	a7	a17
12	1.17806425962988	a7	a17	a23	12
13	1.17818192680283	a7	a15
12	1.1782452236269	a7	a15	a23	13
13	1.17829256099533	a7	a14
12	1.1783558578194	a7	a14	a23	14
13	1.17839562120888	a7	a16
12	1.17847136099837	a7	a16	a23	15
13	1.17861878308861	a7	a17
13	1.17881435404503	a7	a15
13	1.17901154799694	a7	a14
13	1.17946030624964	a7	a16
13	1.17960772833989	a6	a10
13	1.1797094360572	a8	a57
12	1.1797381089775	a6	a10	a28	0
12	1.17979870080909	a7	a14	a29	0
13	1.17985225966023	a7	a14
12	1.17987092410835	a7	a15	a29	1
12	1.17989445754294	a7	a14	a29	2
13	1.17994855739257	a7	a14
12	1.18002646117604	a7	a14	a29	3
13	1.18002835467078	a7	a15
13	1.1800773150347	a7	a14
12	1.18016685028584	a7	a15	a29	4
12	1.18020823667081	a7	a14	a29	5
12	1.18021175316103	a7	a16	a29	6
13	1.18022581912194	a7	a15
12	1.18025259854751	a7	a17	a29	7
13	1.18029046844225	a7	a14
12	1.18032319885128	a7	a15	a29	8
12	1.18034456829188	a7	a14	a29	9
13	1.18034781428286	a7	a17
13	1.18039082366332	a7	a15
13	1.18039434015354	a7	a14
13	1.18043139855054	a7	a16
12	1.1804598009716	a7	a14	a29	10
12	1.1805333767671	a7	a17	a29	11
12	1.18054663123026	a7	a16	a29	12
13	1.180547442728	a7	a14
12	1.1805850421235	a7	a15	a29	13
13	1.18059667359117	a7	a17
12	1.1806069525626	a7	a14	a29	14
13	1.18062074802425	a7	a16
13	1.18064942094456	a7	a15
13	1.18065672442426	a7	a14
12	1.1807018977987	a7	a16	a29	15
13	1.18077330960022	a7	a16
13	1.18099484848446	a6	a10
13	1.18101216043634	a8	a56
12	1.18126426573563	a8	a56	a42	0
12	1.18132648056271	a6	a10	a30	0
12	1.1814011383552	a7	a14	a31	0
13	1.18151528903792	a7	a14
12	1.18157479887252	a7	a14	a31	1
12	1.1815842663462	a7	a16	a31	2
13	1.18169922852667	a7	a14
12	1.18173385243044	a7	a14	a31	3
13	1.18183123215977	a7	a14
12	1.18184042913421	a7	a17	a31	4
12	1.1818937174861	a7	a15	a31	5
13	1.18190291446054	a7	a16
12	1.18197676075528	a7	a14	a31	6
12	1.18197919524852	a7	a16	a31	7
13	1.18198812172371	a7	a17
13	1.18203275409965	a7	a15
12	1.18207468148312	a7	a17	a31	8
13	1.18207900947109	a7	a14
13	1.18211606786809	a7	a16
12	1.18213121582598	a7	a15	a31	9
12	1.18216124124253	a7	a14	a31	10
13	1.18217530720343	a7	a17
12	1.18224482551021	a7	a16	a31	11
12	1.18225862097187	a7	a17	a31	12
13	1.18226024396736	a7	a14
13	1.18229567936887	a7	a15
12	1.18232624578391	a7	a14	a31	13
13	1.18235491870421	a7	a17
12	1.18238819011174	a7	a15	a31	14
13	1.18241469903806	a7	a16
13	1.18242362551325	a7	a14
12	1.18243174049069	a7	a17	a31	15
13	1.18248611083957	a7	a15
13	1.1825329072095	a7	a17
13	1.18274119163059	a6	a10
13	1.1828715722682	a8	a56
12	1.18291322915242	a8	a56	a45	0
12	1.18292837711031	a6	a10	a32	0
12	1.18298139496295	a7	a14	a33	0
13	1.18302196985018	a7	a14
12	1.18303819980507	a7	a14	a33	1
13	1.18305388876146	a7	a14
12	1.18317155593441	a7	a16	a33	3
12	1.18317453142614	a7	a14	a33	2
13	1.18319779436148	a7	a14
12	1.18327786213894	a7	a14	a33	4
12	1.18327840313743	a7	a17	a33	5
13	1.18329571508932	a7	a14
13	1.18331275654195	a7	a16
13	1.18331519103518	a7	a17
12	1.18335387242767	a7	a15	a33	6
13	1.18339282431941	a7	a15
12	1.18339471781414	a7	a14	a33	7
12	1.18342203823821	a7	a16	a33	8
13	1.18342284973595	a7	a14
13	1.18345503914648	a7	a16
12	1.18351238498709	a7	a15	a33	9
12	1.18352401645477	a7	a17	a33	10
13	1.18353240193146	a7	a15
13	1.18354673839161	a7	a17
12	1.18355674686379	a7	a16	a33	11
12	1.18359759225026	a7	a14	a33	12
13	1.18359786274951	a7	a16
12	1.18363465064726	a7	a15	a33	13
13	1.18365033960366	a7	a15
13	1.18365710208486	a7	a14
12	1.18369388998261	a7	a17	a33	14
13	1.18371120193449	a7	a17
12	1.18373365337209	a7	a16	a33	15
13	1.1837769332518	a7	a16
13	1.18399252115258	a6	a10
13	1.18402498106236	a8	a56
12	1.18440692600076	a8	a56	a50	0
12	1.18802945193213	a6	a10	a34	0
12	1.18808896176673	a7	a14	a35	0
12	1.18835648552316	a7	a15	a35	1
12	1.18850823560138	a7	a17	a35	2
12	1.18856314694876	a7	a16	a35	3
13	1.20823358177578	a7	a14
13	1.21679975196654	a7	a17
13	1.2175341574253	a7	a16
13	1.21784685455617	a7	a15
13	1.21800347362086	a6	a10
12	1.21806568844793	a6	a10	a36	0
12	1.21811762430358	a7	a14	a37	0
12	1.21825936590962	a7	a17	a37	1
12	1.21852147968108	a7	a15	a37	2
12	1.21868323823148	a7	a16	a37	3
13	1.22144178956423	a7	a16
13	1.22309967945621	a7	a14
13	1.2236523094202	a7	a15
13	1.22413136358869	a7	a17
13	1.22431584407594	a6	a10
12	1.2273367796794	a6	a10	a38	0
12	1.22739683051249	a7	a14	a39	0
12	1.22751395668695	a7	a15	a39	1
12	1.22773035608548	a7	a16	a39	2
12	1.22787074519527	a7	a17	a39	3
13	1.22975396096097	a7	a14
13	1.23022003116555	a7	a15
13	1.23042804508739	a7	a17
13	1.23088113132806	a7	a16
13	1.23105235735214	a6	a10
12	1.23108211226944	a6	a10	a40	0
12	1.2311621800469	a7	a14	a41	0
12	1.23132150410406	a7	a15	a41	1
12	1.23157874888906	a7	a17	a41	2
12	1.23166990713569	a7	a16	a41	3
13	1.23176214737932	a7	a14
13	1.23306514225771	a7	a15
13	1.23366105210141	a7	a17
13	1.23372029143675	a7	a16
13	1.23389530445031	a6	a10
12	1.23413713077817	a8	a57	a49	0
13	1.24338550007279	a8	a57
12	1.24349748676153	a8	a57	a54	0
12	1.2454586063107	a8	a58	a53	0
13	1.2586086567608	a8	a58
12	1.258652477639	a8	a58	a52	0
13	1.26456126321583	a8	a58
12	1.26459751011508	a8	a58	a51	0
13	1.26779318823286	a8	a58
13	1.27100509630552	a8	a57
13	1.27108408208598	a8	a56
13	1.27120093776119	a8	a55
12	1.27149956893116	a8	a55	a46	0
12	1.27152012687402	a8	a56	a48	0
13	1.30155690438831	a8	a56
12	1.30170189198533	a6	a10	a20	0
12	1.3017949437267	a7	a14	a21	0
12	1.30196725174777	a7	a15	a21	1
12	1.30200403964552	a7	a16	a21	2
12	1.30206544297486	a7	a17	a21	3
13	1.30258588352832	a7	a14
13	1.3026689267975	a7	a15
13	1.3027059851945	a7	a17
13	1.30281878338098	a7	a16
13	1.30301164934492	a6	a10
12	1.30318747385623	a8	a56	a44	0
12	1.30320857279758	a8	a57	a43	0
12	1.30342551319461	a6	a10	a22	0
12	1.30353100790139	a7	a14	a23	0
12	1.30374821879767	a7	a16	a23	1
12	1.30398761063229	a7	a17	a23	2
13	1.30410825329697	a7	a14
12	1.30417831260224	a7	a15	a23	3
12	1.3042072560218	a7	a14	a23	4
13	1.3046768427166	a7	a17
12	1.30475691049406	a7	a17	a23	5
13	1.30480424786249	a7	a16
13	1.30485104423242	a7	a14
12	1.30490108659333	a7	a16	a23	6
12	1.30494571896927	a7	a14	a23	7
13	1.30530629446707	a7	a15
12	1.30537283728212	a7	a15	a23	8
13	1.30556299825358	a7	a17
12	1.30564685302051	a7	a17	a23	9
13	1.30584431747167	a7	a14
12	1.3059124832822	a7	a14	a23	10
13	1.30599985453936	a7	a16
12	1.30606206936644	a7	a16	a23	11
13	1.30630903518001	a7	a17
12	1.30639018495445	a7	a17	a23	12
13	1.30654409902666	a7	a15
12	1.30663174078306	a7	a15	a23	13
13	1.30663255228081	a7	a14
12	1.30671586604924	a7	a14	a23	14
13	1.30687843609739	a7	a16
12	1.30695850387484	a7	a16	a23	15
13	1.30697284033499	a7	a17
13	1.30734667029595	a7	a14
13	1.30751951931553	a7	a15
13	1.30793121917123	a7	a16
13	1.30808134625396	a6	a10
12	1.30823985881338	a6	a10	a24	0
12	1.30834156653069	a7	a14	a25	0
13	1.30839242038934	a7	a14
12	1.30840865034423	a7	a14	a25	1
13	1.30845030722845	a7	a14
12	1.30847086517131	a7	a14	a25	2
13	1.30851035806154	a7	a14
12	1.30855850692771	a7	a14	a25	3
13	1.3086044917999	a7	a14
13	1.30872729845857	a6	a10
12	1.30876733234729	a6	a10	a26	0
12	1.30883820315031	a7	a14	a27	0
13	1.30888905700897	a7	a14
12	1.30891177894581	a7	a14	a27	1
13	1.30899617471124	a7	a14
12	1.30901240466613	a7	a14	a27	2
13	1.30906650451576	a7	a14
12	1.30908219347215	a7	a14	a27	3
13	1.3091335883293	a7	a14
13	1.30940949756243	a6	a10
12	1.30956963311734	a6	a10	a22	0
12	1.30963888092487	a7	a14	a23	0
12	1.30980226247076	a7	a17	a23	1
12	1.30994427457604	a7	a15	a23	2
12	1.3100384083144	a7	a16	a23	3
13	1.3101928633851	a7	a14
12	1.31027022617008	a7	a14	a23	4
13	1.31043306671747	a7	a17
12	1.31050556051598	a7	a17	a23	5
13	1.31082799561978	a7	a14
13	1.31083205310851	a7	a15
12	1.31090481740626	a7	a14	a23	6
12	1.31093484282281	a7	a15	a23	7
13	1.31094295780025	a7	a16
12	1.31101220560778	a7	a16	a23	8
13	1.31105737898222	a7	a17
12	1.31112500379426	a7	a17	a23	9
13	1.3115026207447	a7	a14
12	1.31155888458831	a7	a14	a23	10
13	1.31168439623946	a7	a17
12	1.31174444707255	a7	a17	a23	11
13	1.31182749034174	a7	a15
13	1.3118485892831	a7	a16
12	1.31191242710566	a7	a15	a23	12
12	1.31192487007108	a7	a16	a23	13
13	1.31217075388766	a7	a14
12	1.31222809972827	a7	a14	a23	14
13	1.31237633331626	a7	a17
12	1.3124439581283	a7	a17	a23	15
13	1.31276990972233	a7	a16
13	1.31278478718098	a7	a14
13	1.31286404346069	a7	a15
13	1.31302444951485	a7	a17
13	1.31317592909382	a6	a10
13	1.3132814238006	a8	a57
12	1.31329386676602	a6	a10	a28	0
12	1.31336744256152	a7	a14	a29	0
13	1.31341559142769	a7	a14
12	1.31343182138258	a7	a14	a29	1
13	1.31348105224575	a7	a14
12	1.31349728220064	a7	a14	a29	2
12	1.31353217660365	a7	a16	a29	3
13	1.31354759506079	a7	a14
12	1.31358762894952	a7	a14	a29	4
13	1.31363253182472	a7	a14
12	1.31368284468488	a7	a17	a29	5
12	1.31372017358112	a7	a14	a29	6
12	1.31373342804428	a7	a15	a29	7
13	1.3137666994518	a7	a14
13	1.31379050338564	a7	a17
12	1.31381484831798	a7	a14	a29	8
13	1.31384000474806	a7	a15
12	1.31385325921122	a7	a17	a29	9
13	1.31389058810746	a7	a14
13	1.31391331004431	a7	a17
12	1.31393657297965	a7	a14	a29	10
12	1.3139509094398	a7	a15	a29	11
13	1.31398336934958	a7	a16
12	1.31400798478116	a7	a17	a29	12
13	1.31401609975861	a7	a14
13	1.31403692820072	a7	a15
13	1.31406316662779	a7	a17
12	1.31406722411651	a7	a16	a29	13
12	1.31412538145487	a7	a14	a29	14
13	1.31413106193908	a7	a16
12	1.314142963906	a7	a15	a29	15
13	1.31418110429999	a7	a14
13	1.31431067343986	a7	a15
13	1.31446350551507	a6	a10
13	1.31447594848048	a8	a56
12	1.31474807072413	a8	a56	a42	0
12	1.31480000657978	a6	a10	a30	0
12	1.3148708773828	a7	a14	a31	0
12	1.3149366087001	a7	a16	a31	1
13	1.31498611006251	a7	a14
12	1.31505643986704	a7	a14	a31	2
12	1.31510702322644	a7	a15	a31	3
13	1.31517383654074	a7	a14
13	1.31522820688962	a7	a16
12	1.31525606831218	a7	a14	a31	4
12	1.31525769130767	a7	a17	a31	5
12	1.31533099660392	a7	a16	a31	6
13	1.31533586559039	a7	a15
13	1.31538320295882	a7	a14
13	1.31541944985807	a7	a17
12	1.31542350734679	a7	a15	a31	7
12	1.31547517270319	a7	a14	a31	8
12	1.3155027636265	a7	a17	a31	9
13	1.31552792005658	a7	a16
13	1.31558742989118	a7	a15
12	1.31559121688065	a7	a16	a31	10
13	1.31559473337088	a7	a14
13	1.31560068435434	a7	a17
12	1.3156645221769	a7	a14	a31	11
12	1.31569400659495	a7	a15	a31	12
12	1.31572835999947	a7	a17	a31	13
13	1.31573241748819	a7	a16
13	1.31576460689872	a7	a14
12	1.3158189772476	a7	a16	a31	14
13	1.31582519873031	a7	a17
12	1.31586415062205	a7	a14	a31	15
13	1.31587470009272	a7	a15
13	1.31596071885364	a7	a16
13	1.31596423534386	a7	a14
13	1.31613140387923	a6	a10
13	1.3162525875424	a8	a56
12	1.31629153943414	a8	a56	a45	0
12	1.316312097377	a6	a10	a32	0
12	1.31639432914844	a7	a14	a33	0
12	1.31639487014694	a7	a17	a33	1
13	1.31641867408078	a7	a14
13	1.3164587079695	a7	a17
12	1.31646087196349	a7	a14	a33	2
13	1.31647710191838	a7	a14
12	1.31649387287176	a7	a14	a33	3
13	1.31651010282665	a7	a14
12	1.31653552975598	a7	a17	a33	4
13	1.31655175971087	a7	a17
12	1.31657231765373	a7	a14	a33	5
13	1.31658854760862	a7	a14
12	1.31662425350938	a7	a17	a33	6
13	1.31664048346427	a7	a17
12	1.3167170347515	a7	a16	a33	7
12	1.31676842960865	a7	a15	a33	8
13	1.31677059360263	a7	a16
12	1.31679088104624	a7	a17	a33	9
13	1.31681522597858	a7	a17
12	1.31682442295302	a7	a14	a33	10
13	1.31683280842971	a7	a15
13	1.3168422759034	a7	a14
12	1.31686094035152	a7	a16	a33	11
13	1.31689935124476	a7	a16
12	1.31693451614702	a7	a15	a33	12
12	1.31694236062522	a7	a17	a33	13
13	1.3169591315786	a7	a17
12	1.31698347651094	a7	a14	a33	14
13	1.3169961899756	a7	a15
13	1.31700024746432	a7	a14
12	1.3170332483726	a7	a17	a33	15
13	1.31705056032448	a7	a17
13	1.31729400964782	a6	a10
13	1.31734269951249	a8	a56
12	1.31772085746142	a8	a56	a50	0
12	1.32116052590104	a6	a10	a34	0
12	1.32122165873112	a7	a14	a35	0
12	1.32135041637325	a7	a17	a35	1
12	1.32172235283947	a7	a15	a35	2
12	1.32178619066203	a7	a16	a35	3
13	1.34195218011168	a7	a14
13	1.35027165498812	a7	a17
13	1.35075936513256	a7	a15
13	1.35128792066347	a7	a16
13	1.3514526547056	a6	a10
12	1.3515110825432	a6	a10	a36	0
12	1.35164795516277	a7	a14	a37	0
12	1.35169123504247	a7	a17	a37	1
12	1.35208751644103	a7	a15	a37	2
12	1.35218651916586	a7	a16	a37	3
13	1.35515281392119	a7	a16
13	1.35650071167478	a7	a14
13	1.35716424633052	a7	a15
13	1.3574382620689	a7	a17
13	1.35758920064938	a6	a10
12	1.36041104880619	a6	a10	a38	0
12	1.36063448118517	a7	a14	a39	0
12	1.36075566484835	a7	a17	a39	1
12	1.36095664578973	a7	a15	a39	2
12	1.36109135441532	a7	a16	a39	3
13	1.36270975141706	a7	a14
13	1.36375063252399	a7	a17
13	1.36413663495111	a7	a15
13	1.3642123747406	a7	a16
13	1.3644696195256	a6	a10
12	1.36450153843688	a6	a10	a40	0
12	1.36458377020832	a7	a14	a41	0
12	1.36503306945952	a7	a15	a41	1
12	1.36508230032268	a7	a16	a41	2
12	1.36515776961292	a7	a17	a41	3
13	1.3651610156039	a7	a14
13	1.36709427373051	a7	a15
13	1.36710644619667	a7	a17
13	1.36729823016362	a7	a16
13	1.36746242320725	a6	a10
12	1.36771344650955	a8	a57	a49	0
13	1.37707217949742	a8	a57
12	1.37715008328089	a8	a57	a54	0
12	1.37914744972931	a8	a58	a53	0
13	1.39232455010423	a8	a58
12	1.39236782998393	a8	a58	a52	0
13	1.39836588031265	a8	a58
12	1.39839834022243	a8	a58	a51	0
13	1.40321863682466	a8	a58
13	1.40738594824183	a8	a57
13	1.40752390285839	a8	a56
13	1.4076845794118	a8	a55
12	1.4082585788164	a8	a55	a46	0
12	1.40828562874121	a8	a56	a48	0
13	1.43990807284823	a8	a56
12	1.44013150522721	a6	a10	a20	0
12	1.44021644199113	a7	a14	a21	0
12	1.44036954456559	a7	a17	a21	1
12	1.44038171703176	a7	a16	a21	2
12	1.44052616363028	a7	a15	a21	3
13	1.440897559098	a7	a14
13	1.44103226772358	a7	a17
13	1.44184998695078	a7	a15
13	1.44196846562147	a7	a16
13	1.44211480571473	a6	a10
12	1.44231281116438	a8	a56	a44	0
12	1.44233228711025	a8	a57	a43	0
12	1.4425595064787	a6	a10	a22	0
12	1.44262983628322	a7	a14	a23	0
12	1.44297796881561	a7	a16	a23	1
12	1.44299230527576	a7	a17	a23	2
12	1.44307210255397	a7	a15	a23	3
13	1.44319788470436	a7	a14
12	1.44326388652091	a7	a14	a23	4
13	1.44373726020519	a7	a17
12	1.44379893403378	a7	a17	a23	5
13	1.44391633070748	a7	a14
12	1.44395311860523	a7	a14	a23	6
13	1.44405942480975	a7	a16
13	1.44413191860826	a7	a15
12	1.44413786959172	a7	a16	a23	7
12	1.44420874039474	a7	a15	a23	8
13	1.44435940847597	a7	a17
12	1.4444427222444	a7	a17	a23	9
13	1.44456228291209	a7	a14
12	1.44464072769405	a7	a14	a23	10
13	1.44507244449412	a7	a17
12	1.44513087233172	a7	a17	a23	11
13	1.44516468473774	a7	a15
12	1.44523663753775	a7	a15	a23	12
13	1.44526720395279	a7	a14
12	1.44533428776634	a7	a14	a23	13
13	1.44537783814529	a7	a16
12	1.44544708595282	a7	a16	a23	14
13	1.44576329957392	a7	a17
12	1.44584336735138	a7	a17	a23	15
13	1.44596238702057	a7	a14
13	1.44604813528223	a7	a15
13	1.44651799247629	a7	a17
13	1.44656911683419	a7	a16
13	1.44677929475001	a6	a10
12	1.44695511926132	a6	a10	a24	0
12	1.44705412198615	a7	a14	a25	0
13	1.44709956585984	a7	a14
12	1.44711579581473	a7	a14	a25	1
13	1.44715366570947	a7	a14
12	1.44717043666285	a7	a14	a25	2
13	1.44720397856963	a7	a14
12	1.44726943938768	a7	a14	a25	3
13	1.44730244029596	a7	a14
13	1.44774605906294	a6	a10
12	1.44780232290656	a6	a10	a26	0
12	1.44787157071409	a7	a14	a27	0
13	1.44792404756823	a7	a14
12	1.44795217949004	a7	a14	a27	1
13	1.44800086935471	a7	a14
12	1.44807877313818	a7	a14	a27	2
12	1.4480974375863	a7	a15	a27	3
13	1.44815234893368	a7	a14
13	1.44826622911715	a7	a15
13	1.44843096315928	a6	a10
12	1.44865331354127	a6	a10	a22	0
12	1.44876097224204	a7	a14	a23	0
12	1.44899820008268	a7	a16	a23	1
12	1.44902741400148	a7	a15	a23	2
12	1.44912181823909	a7	a17	a23	3
13	1.44931874169175	a7	a14
12	1.44939123549026	a7	a14	a23	4
13	1.44972557256098	a7	a17
12	1.44978778738806	a7	a17	a23	5
13	1.44994684094598	a7	a14
12	1.450017711749	a7	a14	a23	6
13	1.45002285123471	a7	a15
12	1.45009588603172	a7	a15	a23	7
13	1.45029389148137	a7	a16
13	1.4503412288498	a7	a17
12	1.45036854927386	a7	a16	a23	8
12	1.45042021463026	a7	a17	a23	9
13	1.45057385820322	a7	a14
12	1.45065176198669	a7	a14	a23	10
13	1.45097852507847	a7	a17
13	1.4509804185732	a7	a15
12	1.45104912538224	a7	a15	a23	11
12	1.45105913385442	a7	a17	a23	12
13	1.45113243915067	a7	a16
13	1.45120682644391	a7	a14
12	1.45120871993865	a7	a16	a23	13
12	1.45125984429655	a7	a14	a23	14
13	1.45167046215526	a7	a17
12	1.45173429997783	a7	a17	a23	15
13	1.45184682766506	a7	a14
13	1.45197531480794	a7	a15
13	1.45223283009219	a7	a16
13	1.45228936443505	a7	a17
13	1.45245274598094	a6	a10
13	1.45253768274487	a8	a57
12	1.45256797866066	a6	a10	a28	0
12	1.45264804643811	a7	a14	a29	0
13	1.45270160528925	a7	a14
12	1.4527232452291	a7	a14	a29	1
13	1.45277464008625	a7	a14
12	1.45279032904265	a7	a14	a29	2
13	1.45284064190281	a7	a14
12	1.45285687185769	a7	a14	a29	3
13	1.45290177473289	a7	a14
12	1.45291800468778	a7	a14	a29	4
12	1.45295587458252	a7	a17	a29	5
13	1.45296128456749	a7	a14
12	1.45302836838103	a7	a14	a29	6
13	1.45307489425171	a7	a14
12	1.45309058320811	a7	a14	a29	7
13	1.45309545219457	a7	a17
13	1.45313440408631	a7	a14
12	1.45316956898857	a7	a14	a29	8
12	1.45320311089534	a7	a17	a29	9
13	1.45321338986677	a7	a14
12	1.453252882757	a7	a14	a29	10
13	1.45329021165325	a7	a17
13	1.45331672057957	a7	a14
12	1.45332510605626	a7	a15	a29	11
12	1.45332997504273	a7	a16	a29	12
12	1.45338488639011	a7	a17	a29	13
12	1.45342437928034	a7	a14	a29	14
13	1.453437092745	a7	a15
13	1.45344656021869	a7	a17
13	1.45347983162621	a7	a16
13	1.45348551211042	a7	a14
12	1.45350011906982	a7	a17	a29	15
13	1.45354610394201	a7	a17
13	1.45379658624581	a6	a10
13	1.45380957020972	a8	a56
12	1.45408818443532	a8	a56	a42	0
12	1.45415472725037	a6	a10	a30	0
12	1.45425102498272	a7	a14	a31	0
12	1.45434651121732	a7	a15	a31	1
13	1.45435976568048	a7	a14
12	1.45443712846545	a7	a14	a31	2
12	1.45447580985794	a7	a16	a31	3
13	1.45457183709104	a7	a14
12	1.45461187097976	a7	a17	a31	4
13	1.45464676538278	a7	a15
12	1.45465731485345	a7	a14	a31	5
12	1.45472034117828	a7	a15	a31	6
13	1.45475794057377	a7	a14
13	1.45477146553618	a7	a17
12	1.45482989337378	a7	a17	a31	7
13	1.45486641077228	a7	a15
13	1.45487019776176	a7	a16
12	1.4548710092595	a7	a14	a31	8
13	1.45492510910913	a7	a17
12	1.45494972454072	a7	a16	a31	9
13	1.45498407794523	a7	a14
12	1.45500057839937	a7	a15	a31	10
12	1.45503547280238	a7	a17	a31	11
12	1.45507171970164	a7	a14	a31	12
13	1.45510012212269	a7	a16
13	1.45514096750917	a7	a17
13	1.45517802590616	a7	a15
13	1.45520426433324	a7	a14
12	1.45524267522647	a7	a17	a31	13
12	1.45530299655881	a7	a15	a31	14
12	1.45533139897987	a7	a14	a31	15
13	1.45533789096183	a7	a17
13	1.45543148370169	a7	a14
13	1.4554809850641	a7	a15
13	1.45564193211676	a6	a10
13	1.45578854270926	a8	a56
12	1.45582478960852	a8	a56	a45	0
12	1.45585075753634	a6	a10	a32	0
12	1.45596599021606	a7	a14	a33	0
13	1.45598113817395	a7	a14
12	1.45599790912734	a7	a14	a33	1
13	1.45602550005065	a7	a14
12	1.45606012395442	a7	a17	a33	2
12	1.45609041987021	a7	a14	a33	3
13	1.45610773182209	a7	a14
13	1.45612558477247	a7	a17
12	1.45615371669428	a7	a14	a33	4
13	1.45618184861609	a7	a14
12	1.45621998901008	a7	a15	a33	5
12	1.45623540746723	a7	a17	a33	6
13	1.45625163742212	a7	a17
12	1.45630086828528	a7	a14	a33	7
13	1.4563195327334	a7	a15
12	1.45632413122062	a7	a17	a33	8
13	1.45635929612288	a7	a17
13	1.4563722800868	a7	a14
12	1.45638878054093	a7	a15	a33	9
13	1.45640717448981	a7	a15
12	1.45647101231237	a7	a16	a33	10
13	1.4565267351575	a7	a16
12	1.45652700565674	a7	a14	a33	11
12	1.4565402601199	a7	a15	a33	12
13	1.45655621957554	a7	a14
13	1.45656460505224	a7	a15
12	1.45662411488683	a7	a16	a33	13
12	1.45664440233045	a7	a17	a33	14
13	1.45666171428233	a7	a17
13	1.45666468977406	a7	a16
12	1.45667686224022	a7	a14	a33	15
13	1.45670607615903	a7	a14
13	1.45692680354553	a6	a10
13	1.45698847737411	a8	a56
12	1.45743263713959	a8	a56	a50	0
12	1.4610778850078	a6	a10	a34	0
12	1.46114983780781	a7	a14	a35	0
12	1.4613794916695	a7	a15	a35	1
12	1.46143656701087	a7	a17	a35	2
12	1.46164187594022	a7	a16	a35	3
13	1.48261882213586	a7	a14
13	1.48981410213694	a7	a17
13	1.49008433088585	a7	a15
13	1.49059449246788	a7	a16
13	1.49075327552655	a6	a10
12	1.49081224436265	a6	a10	a36	0
12	1.49087554118672	a7	a14	a37	0
12	1.49116740987549	a7	a15	a37	1
12	1.49117850034466	a7	a17	a37	2
12	1.49136974331311	a7	a16	a37	3
13	1.49319858872993	a7	a14
13	1.4950490740866	a7	a16
13	1.49512508437533	a7	a17
13	1.49565499240248	a7	a15
13	1.49579754550626	a6	a10
12	1.49874220032174	a6	a10	a38	0
12	1.49882335009619	a7	a14	a39	0
12	1.49892100032478	a7	a15	a39	1
12	1.49912874374736	a7	a16	a39	2
12	1.49923667294738	a7	a17	a39	3
13	1.50101980399126	a7	a14
13	1.50156891746502	a7	a17
13	1.50208584152826	a7	a15
13	1.50224543608467	a7	a16
13	1.50241449811478	a6	a10
12	1.50248861490877	a6	a10	a40	0
12	1.50254109176291	a7	a14	a41	0
12	1.50264820946519	a7	a17	a41	1
12	1.50277994259904	a7	a15	a41	2
13	1.50313294411789	a7	a14
12	1.50320029843068	a7	a16	a41	3
13	1.50433558377521	a7	a17
13	1.50479408000085	a7	a15
13	1.50552550996788	a7	a16
13	1.50570052298144	a6	a10
12	1.50595966126117	a8	a57	a49	0
13	1.51501218910013	a8	a57
12	1.51513283176481	a8	a57	a54	0
12	1.51697168565381	a8	a58	a53	0
13	1.53004816030841	a8	a58
12	1.53009793217007	a8	a58	a52	0
13	1.53597479883561	a8	a58
12	1.53600347175592	a8	a58	a51	0
13	1.53917967392783	a8	a58
13	1.54236723706816	a8	a57
13	1.54245379682757	a8	a56
13	1.54258417746518	a8	a55
12	1.54295908942313	a8	a55	a46	0
12	1.54297964736599	a8	a56	a48	0
13	1.58424484867145	a8	a56
12	1.58474419028355	a6	a10	a20	0
12	1.58480586411213	a7	a14	a21	0
12	1.5849870986084	a7	a17	a21	1
12	1.58504904293623	a7	a15	a21	2
12	1.58529844324304	a7	a16	a21	3
13	1.58539284748064	a7	a14
13	1.5859435839499	a7	a17
13	1.58632742238304	a7	a15
13	1.58685760090944	a7	a16
13	1.58699690802224	a6	a10
12	1.58747082270502	a8	a56	a44	0
12	1.58750003662382	a8	a57	a43	0
12	1.58784789865695	a6	a10	a22	0
12	1.58790362150207	a7	a14	a23	0
12	1.58805969956826	a7	a15	a23	1
12	1.58814355433519	a7	a16	a23	2
12	1.58827312347506	a7	a17	a23	3
13	1.58851116281344	a7	a14
12	1.58858636160443	a7	a14	a23	4
13	1.58898453649773	a7	a17
12	1.58904999731578	a7	a17	a23	5
13	1.58920093589625	a7	a14
13	1.58924448627521	a7	a15
12	1.58926531471732	a7	a14	a23	6
13	1.5893196850662	a7	a16
12	1.58932455405266	a7	a15	a23	7
12	1.58939380186019	a7	a16	a23	8
13	1.58964563666023	a7	a17
12	1.58971217947528	a7	a17	a23	9
13	1.58984039611891	a7	a14
12	1.58989720096102	a7	a14	a23	10
13	1.59029240036258	a7	a16
13	1.59034406571898	a7	a17
12	1.59036814015207	a7	a16	a23	11
13	1.59040601004681	a7	a15
12	1.59041872351148	a7	a17	a23	12
12	1.59047850384532	a7	a15	a23	13
13	1.59058264605586	a7	a14
12	1.5906508118664	a7	a14	a23	14
13	1.59105169175217	a7	a17
12	1.59112851353865	a7	a17	a23	15
13	1.59121101580934	a7	a16
13	1.59127891112063	a7	a14
13	1.59146961309058	a7	a15
13	1.59174903881393	a7	a17
13	1.59189348541245	a6	a10
12	1.59218346060648	a6	a10	a24	0
12	1.59224621643205	a7	a14	a25	0
13	1.59232195622154	a7	a14
12	1.59233926817342	a7	a14	a25	1
13	1.59237767906666	a7	a14
12	1.59244313988471	a7	a14	a25	2
12	1.592473976799	a7	a17	a25	3
13	1.59250102672382	a7	a14
13	1.59262924336745	a7	a17
13	1.59289162763816	a6	a10
12	1.59297223641412	a6	a10	a26	0
12	1.59302525426675	a7	a14	a27	0
13	1.5931064040412	a7	a14
12	1.59312263399609	a7	a14	a27	1
13	1.59317294685625	a7	a14
12	1.59318917681114	a7	a14	a27	2
13	1.59324273566228	a7	a14
12	1.59329413051943	a7	a14	a27	3
13	1.59336229632996	a7	a14
13	1.59366363249241	a6	a10
12	1.59391898378268	a6	a10	a22	0
12	1.59399418257367	a7	a14	a23	0
12	1.59427306729852	a7	a15	a23	1
12	1.59441534990305	a7	a16	a23	2
12	1.59445673628802	a7	a17	a23	3
13	1.59456601798428	a7	a14
12	1.59462011783391	a7	a14	a23	4
13	1.59504426065503	a7	a17
12	1.59510322949113	a7	a17	a23	5
13	1.59518275627009	a7	a14
12	1.59524551209566	a7	a14	a23	6
13	1.59531503040244	a7	a15
12	1.5953934751844	a7	a15	a23	7
13	1.59542052510922	a7	a16
12	1.59549301890773	a7	a16	a23	8
13	1.59565667095286	a7	a17
12	1.5957399847213	a7	a17	a23	9
13	1.59580382254386	a7	a14
12	1.59586279137996	a7	a14	a23	10
13	1.59625636778604	a7	a15
13	1.59629504917852	a7	a17
13	1.59632615659206	a7	a16
12	1.59636700197854	a7	a17	a23	12
12	1.59636727247778	a7	a15	a23	11
13	1.59641136385523	a7	a14
12	1.59642894630636	a7	a16	a23	13
12	1.59648223465825	a7	a14	a23	14
13	1.59692747642073	a7	a17
12	1.59700213421322	a7	a17	a23	15
13	1.59703729911548	a7	a14
13	1.59732429881778	a7	a15
13	1.59744007249599	a7	a16
13	1.59756098565992	a7	a17
13	1.5977108422434	a6	a10
13	1.59788017477275	a8	a57
12	1.59791425767802	a6	a10	a28	0
12	1.59801704739232	a7	a14	a29	0
13	1.59810577114571	a7	a14
12	1.5981230830976	a7	a14	a29	1
13	1.59817339595775	a7	a14
12	1.59817447795475	a7	a17	a29	2
12	1.5982404797713	a7	a14	a29	3
13	1.59828971063446	a7	a14
12	1.59833353151267	a7	a14	a29	5
13	1.59834002349462	a7	a17
13	1.59839033635478	a7	a14
12	1.59840115632471	a7	a17	a29	6
12	1.59844173121193	a7	a14	a29	7
13	1.59846553514577	a7	a17
12	1.59846580564502	a7	a16	a29	4
13	1.59849583106156	a7	a14
12	1.59855479989766	a7	a17	a29	8
12	1.59858996479992	a7	a14	a29	9
13	1.59860971124504	a7	a16
13	1.59861539172925	a7	a17
12	1.59863405617737	a7	a15	a29	10
13	1.59864406464955	a7	a14
12	1.59871250095934	a7	a16	a29	11
12	1.59873819838791	a7	a14	a29	12
12	1.59874360837288	a7	a17	a29	13
13	1.59877417478792	a7	a15
13	1.59879121624055	a7	a17
13	1.59881529067364	a7	a16
13	1.59882097115785	a7	a14
12	1.59886154604508	a7	a14	a29	14
12	1.59886749702854	a7	a17	a29	15
13	1.59890590792177	a7	a14
13	1.59894323681802	a7	a17
13	1.59913583228271	a6	a10
13	1.59915909521805	a8	a56
12	1.59987862321816	a8	a56	a42	0
12	1.59997221595803	a6	a10	a30	0
12	1.6000355127821	a7	a14	a31	0
12	1.60007527617157	a7	a16	a31	1
12	1.60010367859263	a7	a17	a31	2
13	1.60018645136257	a7	a14
12	1.60025542867085	a7	a15	a31	3
12	1.60028220809642	a7	a14	a31	4
13	1.60030060204529	a7	a17
12	1.60035307889944	a7	a17	a31	5
13	1.60038175181974	a7	a14
13	1.60039717027689	a7	a16
13	1.60045370461975	a7	a17
12	1.60047804955209	a7	a14	a31	6
12	1.60047994304682	a7	a16	a31	7
13	1.60051564894758	a7	a15
12	1.60056298631601	a7	a17	a31	8
13	1.6005943642288	a7	a14
12	1.60060274970549	a7	a15	a31	9
13	1.60064224259572	a7	a16
13	1.60066090704384	a7	a17
12	1.60067821899573	a7	a14	a31	10
13	1.60074124532055	a7	a15
12	1.60075855727243	a7	a16	a31	11
12	1.60077613972356	a7	a17	a31	12
13	1.600785336698	a7	a14
12	1.60084674002733	a7	a15	a31	13
12	1.60087189645741	a7	a14	a31	14
13	1.60088271642734	a7	a17
13	1.60093654577772	a7	a16
12	1.60094817724539	a7	a17	a31	15
13	1.60096819418975	a7	a14
13	1.60103771249653	a7	a15
13	1.60107368889654	a7	a17
13	1.60128251431612	a6	a10
13	1.60148809374472	a8	a56
12	1.60154002960037	a8	a56	a45	0
12	1.60157735849661	a6	a10	a32	0
12	1.60163199934474	a7	a14	a33	0
13	1.60166878724249	a7	a14
12	1.60173262506506	a7	a14	a33	1
13	1.6017558880004	a7	a14
12	1.60177157695679	a7	a17	a33	2
12	1.6018289227974	a7	a14	a33	3
13	1.60183703777485	a7	a17
13	1.60184623474928	a7	a14
12	1.60189708860794	a7	a14	a33	4
13	1.60192359753426	a7	a14
12	1.60195443444855	a7	a17	a33	5
13	1.60197012340494	a7	a17
12	1.60203693671924	a7	a15	a33	6
12	1.60204045320946	a7	a17	a33	7
13	1.60205668316435	a7	a17
12	1.60210483203053	a7	a14	a33	8
13	1.60212809496587	a7	a14
12	1.60213620994331	a7	a17	a33	9
13	1.60215406289369	a7	a17
13	1.60217272734182	a7	a15
12	1.60224332764559	a7	a17	a33	10
13	1.60226172159446	a7	a17
12	1.60232664141402	a7	a14	a33	11
12	1.60233232189823	a7	a16	a33	12
13	1.60236505230726	a7	a14
12	1.6023810117629	a7	a15	a33	13
13	1.60239291372982	a7	a16
12	1.60241049618095	a7	a17	a33	14
13	1.60243619360952	a7	a15
13	1.60245053006968	a7	a17
12	1.60248082598547	a7	a14	a33	15
13	1.60251112190126	a7	a14
13	1.60268586441558	a6	a10
13	1.60276701419002	a8	a56
12	1.60391555399772	a8	a56	a50	0
12	1.60764573862986	a6	a10	a34	0
12	1.60770578946295	a7	a14	a35	0
12	1.6079560012675	a7	a16	a35	1
12	1.60812181730662	a7	a17	a35	2
12	1.60818646662693	a7	a15	a35	3
13	1.62719850628393	a7	a14
13	1.63625698510634	a7	a17
13	1.63704332642075	a7	a16
13	1.63748045320577	a7	a15
13	1.63763544927497	a6	a10
12	1.63773986198476	a6	a10	a36	0
12	1.63779774882387	a7	a14	a37	0
12	1.63818807923896	a7	a16	a37	1
12	1.6382494825683	a7	a17	a37	2
12	1.63829465594274	a7	a15	a37	3
13	1.63855406472173	a7	a14
13	1.64112326658076	a7	a17
13	1.64136536340786	a7	a15
13	1.64166453557633	a7	a16
13	1.64185686054177	a6	a10
12	1.64477446543244	a6	a10	a38	0
12	1.6448967310926	a7	a14	a39	0
12	1.64508959705654	a7	a15	a39	1
12	1.64531870991974	a7	a17	a39	2
12	1.64541581914983	a7	a16	a39	3
13	1.64691519648238	a7	a14
13	1.64762985549602	a7	a17
13	1.64810404067805	a7	a15
13	1.64836858894275	a7	a16
13	1.64852520800744	a6	a10
12	1.64858471784203	a6	a10	a40	0
12	1.6486474736676	a7	a14	a41	0
12	1.64882194568267	a7	a15	a41	1
12	1.64907107549022	a7	a17	a41	2
12	1.64920064463009	a7	a16	a41	3
13	1.64927557292183	a7	a14
13	1.65074708883183	a7	a17
13	1.65093670880479	a7	a15
13	1.6513175717462	a7	a16
13	1.65144876388156	a6	a10
12	1.65175334603499	a8	a57	a49	0
13	1.6606652142649	a8	a57
12	1.66076475798822	a8	a57	a54	0
12	1.66268151566069	a8	a58	a53	0
13	1.67569415249273	a8	a58
12	1.67574067836341	a8	a58	a52	0
13	1.68163161098986	a8	a58
12	1.68166028391017	a8	a58	a51	0
13	1.68488409394975	a8	a58
13	1.68815280686453	a8	a57
13	1.68832430338786	a8	a56
13	1.68844440505404	a8	a55
12	1.68852934181797	a8	a55	a50	0
12	1.69618501153942	a6	a10	a34	0
12	1.69624181638153	a7	a14	a35	0
12	1.69648688870037	a7	a17	a35	1
12	1.69655153802068	a7	a16	a35	2
12	1.69661537584324	a7	a15	a35	3
13	1.71683167815305	a7	a14
13	1.7237375239586	a7	a17
13	1.72520498237988	a7	a15
13	1.72537160991674	a7	a16
13	1.72578520326718	a6	a10
12	1.72585932006118	a6	a10	a36	0
12	1.72592856786871	a7	a14	a37	0
12	1.72634351371539	a7	a17	a37	1
12	1.72646713187179	a7	a16	a37	2
13	1.72651392824173	a7	a14
12	1.72652177271992	a7	a15	a37	3
13	1.72946426354142	a7	a15
13	1.7298426919896	a7	a17
13	1.7303796329972	a7	a16
13	1.73056817097316	a6	a10
12	1.73352256376158	a6	a10	a38	0
12	1.73365510839318	a7	a14	a39	0
12	1.73403272534361	a7	a17	a39	1
12	1.73413794955114	a7	a15	a39	2
12	1.73420070537672	a7	a16	a39	3
13	1.73478579525049	a7	a14
13	1.73620645730183	a7	a17
13	1.73670282342221	a7	a15
13	1.73713345822528	a7	a16
13	1.73727168334109	a6	a10
12	1.73731171722982	a6	a10	a40	0
12	1.73739232600577	a7	a14	a41	0
12	1.73769853115469	a7	a17	a41	1
12	1.73789734810209	a7	a15	a41	2
13	1.73798471935924	a7	a14
12	1.73815540438483	a7	a16	a41	3
13	1.73934695357298	a7	a17
13	1.73990661651743	a7	a15
13	1.74051794481827	a7	a16
13	1.74069079383784	a6	a10
12	1.74094289913713	a8	a56	a49	0
13	1.75008793771896	a8	a56
12	1.75015826752348	a8	a56	a54	0
12	1.75621258169582	a8	a57	a53	0
13	1.76898122820601	a8	a57
12	1.7690266720797	a8	a57	a52	0
13	1.77473204222191	a8	a57
12	1.77476937111816	a8	a57	a51	0
13	1.77798019719383	a8	a57
13	1.78119913824695	a8	a56
13	1.78132464989809	a8	a55
