%EventDef PajeDefineContainerType 0 
%       Alias string 
%       Type string 
%       Name string 
%EndEventDef 
%EventDef PajeDefineVariableType 1 
%       Alias string 
%       Type string 
%       Name string 
%       Color color 
%EndEventDef 
%EventDef PajeDefineStateType 2 
%       Alias string 
%       Type string 
%       Name string 
%EndEventDef 
%EventDef PajeDefineEventType 3 
%       Alias string 
%       Type string 
%       Name string 
%       Color color 
%EndEventDef 
%EventDef PajeDefineLinkType 4 
%       Alias string 
%       Type string 
%       StartContainerType string 
%       EndContainerType string 
%       Name string 
%EndEventDef 
%EventDef PajeDefineEntityValue 5 
%       Alias string 
%       Type string 
%       Name string 
%       Color color 
%EndEventDef 
%EventDef PajeCreateContainer 6 
%       Time date 
%       Alias string 
%       Type string 
%       Container string 
%       Name string 
%EndEventDef 
%EventDef PajeDestroyContainer 7 
%       Time date 
%       Type string 
%       Name string 
%EndEventDef 
%EventDef PajeSetVariable 8 
%       Time date 
%       Type string 
%       Container string 
%       Value double 
%EndEventDef
%EventDef PajeAddVariable 9 
%       Time date 
%       Type string 
%       Container string 
%       Value double 
%EndEventDef
%EventDef PajeSubVariable 10 
%       Time date 
%       Type string 
%       Container string 
%       Value double 
%EndEventDef
%EventDef PajeSetState 11 
%       Time date 
%       Type string 
%       Container string 
%       Value string 
%EndEventDef
%EventDef PajePushState 12 
%       Time date 
%       Type string 
%       Container string 
%       Value string 
%       Id string 
%EndEventDef
%EventDef PajePopState 13 
%       Time date 
%       Type string 
%       Container string 
%EndEventDef
%EventDef PajeResetState 14 
%       Time date 
%       Type string 
%       Container string 
%EndEventDef
%EventDef PajeStartLink 15 
%       Time date 
%       Type string 
%       Container string 
%       Value string 
%       StartContainer string 
%       Key string 
%EndEventDef
%EventDef PajeEndLink 16 
%       Time date 
%       Type string 
%       Container string 
%       Value string 
%       EndContainer string 
%       Key string 
%EndEventDef
%EventDef PajeNewEvent 17 
%       Time date 
%       Type string 
%       Container string 
%       Value string 
%EndEventDef
0	a1	0	"Task Manager"
0	a2	a1	"Node"
0	a3	a1	"Thread"
0	a4	a1	"Jobs"
0	a5	a1	"Memory usage"
2	a6	a4	"Job"
2	a7	a3	"Task"
2	a8	a3	"Timer state"
6	0	a9	a1	0	"The task manager"
6	0	a10	a4	a9	"Jobs"
6	0	a11	a5	a9	"Memory"
1	a12	a1	"Memory [MB]"	"1.0 1.0 1.0"
6	0	a13	a2	a9	"Node 0"
6	0	a14	a3	a13	"Thread 0"
6	0	a15	a3	a13	"Thread 1"
6	0	a16	a3	a13	"Thread 2"
6	0	a17	a3	a13	"Thread 3"
5	a18	a6	"ngcore::ParallelFor<int,ngcore::EnterTaskManager()::{lambda(int)#1}>(ngcore::T_Range<int>,ngcore::EnterTaskManager()::{lambda(int)#1},int,ngcore::TotalCosts)::{lambda(ngcore::TaskInfo&)#1}"	"0.630615054310908 1 0"
5	a19	a7	"ngcore::ParallelFor<int,ngcore::EnterTaskManager()::{lambda(int)#1}>(ngcore::T_Range<int>,ngcore::EnterTaskManager()::{lambda(int)#1},int,ngcore::TotalCosts)::{lambda(ngcore::TaskInfo&)#1}"	"0.630615054310908 1 0"
5	a20	a6	"ngcore::ParallelForRange<netgen::ElementIndex,netgen::MeshOptimize3d::SwapImprove(netgen::Mesh&,netgen::OPTIMIZEGOAL,netgen::NgBitArray const*)::{lambda(auto:1)#1}>(ngcore::T_Range<netgen::ElementIndex>,netgen::MeshOptimize3d::SwapImprove(netgen::Mesh&,netgen::OPTIMIZEGOAL,netgen::NgBitArray const*)::{lambda(auto:1)#1},int,ngcore::TotalCosts)::{lambda(ngcore::TaskInfo&)#1}"	"0.708022642579866 0 1"
5	a21	a7	"ngcore::ParallelForRange<netgen::ElementIndex,netgen::MeshOptimize3d::SwapImprove(netgen::Mesh&,netgen::OPTIMIZEGOAL,netgen::NgBitArray const*)::{lambda(auto:1)#1}>(ngcore::T_Range<netgen::ElementIndex>,netgen::MeshOptimize3d::SwapImprove(netgen::Mesh&,netgen::OPTIMIZEGOAL,netgen::NgBitArray const*)::{lambda(auto:1)#1},int,ngcore::TotalCosts)::{lambda(ngcore::TaskInfo&)#1}"	"0.708022642579866 0 1"
5	a22	a6	"ngcore::ParallelForRange<netgen::ElementIndex,ngcore::CreateTable<netgen::ElementIndex,netgen::PointIndex,ngcore::T_Range<netgen::ElementIndex>,netgen::Mesh::CreatePoint2ElementTable(std::optional<ngcore::BitArray>)const::{lambda(auto:1&,netgen::ElementIndex)#1}>(ngcore::T_Range<netgen::ElementIndex>const&,netgen::Mesh::CreatePoint2ElementTable(std::optional<ngcore::BitArray>)const::{lambda(auto:1&,netgen::ElementIndex)#1}const&,std::optional<unsigned long>)::{lambda(auto:1)#1}>(ngcore::T_Range<netgen::ElementIndex>,ngcore::Table,int,ngcore::TotalCosts)::{lambda(ngcore::TaskInfo&)#1}"	"0 0.230008221284954 1"
5	a23	a7	"ngcore::ParallelForRange<netgen::ElementIndex,ngcore::CreateTable<netgen::ElementIndex,netgen::PointIndex,ngcore::T_Range<netgen::ElementIndex>,netgen::Mesh::CreatePoint2ElementTable(std::optional<ngcore::BitArray>)const::{lambda(auto:1&,netgen::ElementIndex)#1}>(ngcore::T_Range<netgen::ElementIndex>const&,netgen::Mesh::CreatePoint2ElementTable(std::optional<ngcore::BitArray>)const::{lambda(auto:1&,netgen::ElementIndex)#1}const&,std::optional<unsigned long>)::{lambda(auto:1)#1}>(ngcore::T_Range<netgen::ElementIndex>,ngcore::Table,int,ngcore::TotalCosts)::{lambda(ngcore::TaskInfo&)#1}"	"0 0.230008221284954 1"
5	a24	a6	"ngcore::TablePrefixSum2<unsigned int>(ngcore::FlatArray<unsigned int,unsigned long>)::{lambda(ngcore::TaskInfo)#1}"	"0 0.312895337658212 1"
5	a25	a7	"ngcore::TablePrefixSum2<unsigned int>(ngcore::FlatArray<unsigned int,unsigned long>)::{lambda(ngcore::TaskInfo)#1}"	"0 0.312895337658212 1"
5	a26	a6	"ngcore::TablePrefixSum2<unsigned int>(ngcore::FlatArray<unsigned int,unsigned long>)::{lambda(ngcore::TaskInfo)#2}"	"0 1 0.887517304832004"
5	a27	a7	"ngcore::TablePrefixSum2<unsigned int>(ngcore::FlatArray<unsigned int,unsigned long>)::{lambda(ngcore::TaskInfo)#2}"	"0 1 0.887517304832004"
5	a28	a6	"ngcore::ParallelForRange<netgen::PointIndex,ngcore::CreateSortedTable<netgen::ElementIndex,netgen::PointIndex,ngcore::T_Range<netgen::ElementIndex>,netgen::Mesh::CreatePoint2ElementTable(std::optional<ngcore::BitArray>)const::{lambda(auto:1&,netgen::ElementIndex)#1}>(ngcore::T_Range<netgen::ElementIndex>const&,netgen::Mesh::CreatePoint2ElementTable(std::optional<ngcore::BitArray>)const::{lambda(auto:1&,netgen::ElementIndex)#1}const&,std::optional<unsigned long>)::{lambda(auto:1)#1}>(ngcore::T_Range<netgen::PointIndex>,ngcore::Table,int,ngcore::TotalCosts)::{lambda(ngcore::TaskInfo&)#1}"	"0 0.170427812303051 1"
5	a29	a7	"ngcore::ParallelForRange<netgen::PointIndex,ngcore::CreateSortedTable<netgen::ElementIndex,netgen::PointIndex,ngcore::T_Range<netgen::ElementIndex>,netgen::Mesh::CreatePoint2ElementTable(std::optional<ngcore::BitArray>)const::{lambda(auto:1&,netgen::ElementIndex)#1}>(ngcore::T_Range<netgen::ElementIndex>const&,netgen::Mesh::CreatePoint2ElementTable(std::optional<ngcore::BitArray>)const::{lambda(auto:1&,netgen::ElementIndex)#1}const&,std::optional<unsigned long>)::{lambda(auto:1)#1}>(ngcore::T_Range<netgen::PointIndex>,ngcore::Table,int,ngcore::TotalCosts)::{lambda(ngcore::TaskInfo&)#1}"	"0 0.170427812303051 1"
5	a30	a6	"ngcore::ParallelFor<unsigned long,netgen::BuildEdgeList<netgen::ElementIndex>(netgen::Mesh const&,ngcore::Table<netgen::ElementIndex,netgen::PointIndex>const&,ngcore::Array<std::tuple<netgen::PointIndex,netgen::PointIndex>,unsigned long>&)::{lambda(int)#1}>(ngcore::T_Range<unsigned long>,netgen::BuildEdgeList<netgen::ElementIndex>(netgen::Mesh const&,ngcore::Table<netgen::ElementIndex,netgen::PointIndex>const&,ngcore::Array<std::tuple<netgen::PointIndex,netgen::PointIndex>,unsigned long>&)::{lambda(int)#1},int,ngcore::TotalCosts)::{lambda(ngcore::TaskInfo&)#1}"	"1 0.872005992306398 0"
5	a31	a7	"ngcore::ParallelFor<unsigned long,netgen::BuildEdgeList<netgen::ElementIndex>(netgen::Mesh const&,ngcore::Table<netgen::ElementIndex,netgen::PointIndex>const&,ngcore::Array<std::tuple<netgen::PointIndex,netgen::PointIndex>,unsigned long>&)::{lambda(int)#1}>(ngcore::T_Range<unsigned long>,netgen::BuildEdgeList<netgen::ElementIndex>(netgen::Mesh const&,ngcore::Table<netgen::ElementIndex,netgen::PointIndex>const&,ngcore::Array<std::tuple<netgen::PointIndex,netgen::PointIndex>,unsigned long>&)::{lambda(int)#1},int,ngcore::TotalCosts)::{lambda(ngcore::TaskInfo&)#1}"	"1 0.872005992306398 0"
5	a32	a6	"ngcore::ParallelForRange<unsigned long,netgen::MeshOptimize3d::SwapImprove(netgen::Mesh&,netgen::OPTIMIZEGOAL,netgen::NgBitArray const*)::{lambda(auto:1)#2}>(ngcore::T_Range<unsigned long>,netgen::MeshOptimize3d::SwapImprove(netgen::Mesh&,netgen::OPTIMIZEGOAL,netgen::NgBitArray const*)::{lambda(auto:1)#2},int,ngcore::TotalCosts)::{lambda(ngcore::TaskInfo&)#1}"	"1 0.408375991137786 0"
5	a33	a7	"ngcore::ParallelForRange<unsigned long,netgen::MeshOptimize3d::SwapImprove(netgen::Mesh&,netgen::OPTIMIZEGOAL,netgen::NgBitArray const*)::{lambda(auto:1)#2}>(ngcore::T_Range<unsigned long>,netgen::MeshOptimize3d::SwapImprove(netgen::Mesh&,netgen::OPTIMIZEGOAL,netgen::NgBitArray const*)::{lambda(auto:1)#2},int,ngcore::TotalCosts)::{lambda(ngcore::TaskInfo&)#1}"	"1 0.408375991137786 0"
5	a34	a6	"ngcore::ParallelForRange<netgen::ElementIndex,netgen::Mesh::Compress()::{lambda(auto:1)#1}>(ngcore::T_Range<netgen::ElementIndex>,netgen::Mesh::Compress()::{lambda(auto:1)#1},int,ngcore::TotalCosts)::{lambda(ngcore::TaskInfo&)#1}"	"1 0.0611641584106637 0"
5	a35	a7	"ngcore::ParallelForRange<netgen::ElementIndex,netgen::Mesh::Compress()::{lambda(auto:1)#1}>(ngcore::T_Range<netgen::ElementIndex>,netgen::Mesh::Compress()::{lambda(auto:1)#1},int,ngcore::TotalCosts)::{lambda(ngcore::TaskInfo&)#1}"	"1 0.0611641584106637 0"
5	a36	a6	"ngcore::ParallelForRange<netgen::SurfaceElementIndex,netgen::Mesh::Compress()::{lambda(auto:1)#2}>(ngcore::T_Range<netgen::SurfaceElementIndex>,netgen::Mesh::Compress()::{lambda(auto:1)#2},int,ngcore::TotalCosts)::{lambda(ngcore::TaskInfo&)#1}"	"1 0 -2.77631980257023"
5	a37	a7	"ngcore::ParallelForRange<netgen::SurfaceElementIndex,netgen::Mesh::Compress()::{lambda(auto:1)#2}>(ngcore::T_Range<netgen::SurfaceElementIndex>,netgen::Mesh::Compress()::{lambda(auto:1)#2},int,ngcore::TotalCosts)::{lambda(ngcore::TaskInfo&)#1}"	"1 0 -2.77631980257023"
5	a38	a6	"ngcore::ParallelForRange<netgen::ElementIndex,netgen::Mesh::Compress()::{lambda(auto:1)#3}>(ngcore::T_Range<netgen::ElementIndex>,netgen::Mesh::Compress()::{lambda(auto:1)#3},int,ngcore::TotalCosts)::{lambda(ngcore::TaskInfo&)#1}"	"0.688034037288286 1 0"
5	a39	a7	"ngcore::ParallelForRange<netgen::ElementIndex,netgen::Mesh::Compress()::{lambda(auto:1)#3}>(ngcore::T_Range<netgen::ElementIndex>,netgen::Mesh::Compress()::{lambda(auto:1)#3},int,ngcore::TotalCosts)::{lambda(ngcore::TaskInfo&)#1}"	"0.688034037288286 1 0"
5	a40	a6	"ngcore::ParallelForRange<netgen::SurfaceElementIndex,netgen::Mesh::Compress()::{lambda(auto:1)#4}>(ngcore::T_Range<netgen::SurfaceElementIndex>,netgen::Mesh::Compress()::{lambda(auto:1)#4},int,ngcore::TotalCosts)::{lambda(ngcore::TaskInfo&)#1}"	"0 0.666479625428673 1"
5	a41	a7	"ngcore::ParallelForRange<netgen::SurfaceElementIndex,netgen::Mesh::Compress()::{lambda(auto:1)#4}>(ngcore::T_Range<netgen::SurfaceElementIndex>,netgen::Mesh::Compress()::{lambda(auto:1)#4},int,ngcore::TotalCosts)::{lambda(ngcore::TaskInfo&)#1}"	"0 0.666479625428673 1"
5	a42	a8	"Build edges"	"0 0.0614795051658243 1"
5	a43	a8	"CreateTable"	"0.608616351291681 0 1"
5	a44	a8	"CreateSortedTable"	"0 0.0381698166109086 1"
5	a45	a8	"MeshOptimize3d::SwapImprove loop"	"0.154668690207104 1 0"
5	a46	a8	"MeshOptimize3d::SwapImprove"	"1 0 -2.43968480148811"
5	a47	a8	"FreeOpenElementsEnvironment"	"0.907015785320433 0 1"
5	a48	a8	"Mesh::BuildBoundaryEdges"	"1 0 -2.61861416630415"
5	a49	a8	"Mesh::LinkSurfaceElements"	"0 1 0.171518596860468"
5	a50	a8	"Mesh::Compress"	"1 0.648677515017027 0"
5	a51	a8	"Mesh::CalcSurfacesOfNode, pointloop"	"0 0.319536079261344 1"
5	a52	a8	"Mesh::CalcSurfacesOfNode - surfelementht"	"0.690162641156969 0 1"
5	a53	a8	"Mesh::CalcSurfacesOfNode - surf on node"	"0.000515674241007069 1 0"
5	a54	a8	"Mesh::CalcSurfacesOfNode"	"1 0 -2.35340285344361"
6	0	a55	a3	a9	"Timer level 0"
6	0	a56	a3	a9	"Timer level 1"
6	0	a57	a3	a9	"Timer level 2"
6	0	a58	a3	a9	"Timer level 3"
4	a59	a2	a3	a3	"links"
8	0	a12	a11	0
12	0.180883388243757	a6	a10	a18	0
12	0.181086803678374	a7	a14	a19	0
12	0.181118452090409	a7	a17	a19	1
13	0.18117715042726	a7	a14
12	0.181219348309973	a7	a14	a19	2
13	0.181225299293433	a7	a14
12	0.181249644225767	a7	a14	a19	3
13	0.18125505421073	a7	a14
13	0.181484708072419	a7	a17
13	0.181802544689008	a6	a10
12	0.185270886048929	a8	a55	a47	0
13	0.254892523539103	a8	a55
12	0.25501803519025	a8	a55	a46	0
12	0.255182498733132	a8	a56	a48	0
13	0.255243631563216	a8	a56
12	0.257374624640228	a6	a10	a20	0
12	0.257523940225213	a7	a14	a21	0
12	0.257563162616197	a7	a17	a21	1
12	0.257830956871876	a7	a16	a21	2
13	0.259706328159376	a7	a14
12	0.25974257505863	a7	a14	a21	3
13	0.260305483994053	a7	a17
13	0.260996339073856	a7	a16
13	0.261220041952085	a7	a14
13	0.261303896719015	a6	a10
12	0.262619064063574	a8	a56	a44	0
12	0.262733755744794	a8	a57	a43	0
12	0.263367264983987	a6	a10	a22	0
12	0.263428938812568	a7	a14	a23	0
12	0.26355363896597	a7	a17	a23	1
12	0.263916648957002	a7	a16	a23	2
13	0.265154183017339	a7	a14
12	0.265196380900052	a7	a14	a23	3
13	0.265834488626464	a7	a16
12	0.265895080458052	a7	a16	a23	4
13	0.266034658070103	a7	a17
12	0.266108233865603	a7	a17	a23	5
13	0.266741472605548	a7	a14
12	0.266773932515327	a7	a14	a23	6
13	0.267592192741014	a7	a16
12	0.267656571562076	a7	a16	a23	7
13	0.267752869294421	a7	a17
12	0.267821035104958	a7	a17	a23	8
13	0.268484028762201	a7	a14
12	0.268517570668973	a7	a14	a23	9
13	0.26934610986609	a7	a16
12	0.269402914708204	a7	a16	a23	10
13	0.269812991568416	a7	a17
12	0.269882780374441	a7	a17	a23	11
13	0.270240650879758	a7	a14
12	0.27027419278653	a7	a14	a23	12
13	0.270917169499409	a7	a16
12	0.270986958305434	a7	a16	a23	13
13	0.271793857562699	a7	a14
12	0.271827399469471	a7	a14	a23	14
13	0.271923967701064	a7	a17
12	0.271988346522126	a7	a17	a23	15
13	0.272860436098197	a7	a16
13	0.273338949268194	a7	a14
13	0.274512104507469	a7	a17
13	0.274644378639819	a6	a10
12	0.275604650970791	a6	a10	a24	0
12	0.275667947794861	a7	a14	a25	0
13	0.275816181382853	a7	a14
12	0.275833493334735	a7	a14	a25	1
13	0.27589895415279	a7	a14
12	0.275934119055051	a7	a14	a25	2
13	0.275986595909194	a7	a14
12	0.276019055818974	a7	a14	a25	3
13	0.27606666368665	a7	a14
13	0.27620191331073	a6	a10
12	0.276351769894212	a6	a10	a26	0
12	0.276417771710763	a7	a14	a27	0
13	0.276633089112299	a7	a14
12	0.276703418916821	a7	a14	a27	1
12	0.276725870354418	a7	a16	a27	2
12	0.276769150234124	a7	a17	a27	3
13	0.276827848570975	a7	a14
13	0.277263081861266	a7	a16
13	0.277290672784578	a7	a17
13	0.277414290940988	a6	a10
12	0.277764857966605	a6	a10	a22	0
12	0.278051046171159	a7	a14	a23	0
12	0.278254732105024	a7	a16	a23	1
12	0.278351570835866	a7	a17	a23	2
13	0.279569087951838	a7	a14
12	0.279622105804478	a7	a14	a23	3
13	0.279937237428586	a7	a16
12	0.280002698246641	a7	a16	a23	4
13	0.280256426541416	a7	a17
12	0.280324051353456	a7	a17	a23	5
13	0.281129327615231	a7	a14
12	0.28117368949193	a7	a14	a23	6
13	0.281470427167162	a7	a16
12	0.28153696998221	a7	a16	a23	7
13	0.2819502928334	a7	a17
12	0.282015753651455	a7	a17	a23	8
13	0.282671173329749	a7	a14
12	0.282711748216973	a7	a14	a23	9
13	0.283047437783941	a7	a16
12	0.283118849585455	a7	a16	a23	10
13	0.283620896190042	a7	a17
12	0.283686898006593	a7	a17	a23	11
13	0.284200576078851	a7	a14
12	0.284242232963068	a7	a14	a23	12
13	0.284611464436808	a7	a16
12	0.28467584325787	a7	a16	a23	13
13	0.285280138578262	a7	a17
12	0.285348304388798	a7	a17	a23	14
13	0.285797062641497	a7	a14
12	0.285841424518196	a7	a14	a23	15
13	0.286191721044564	a7	a16
13	0.287407074166552	a7	a14
13	0.287584792172593	a7	a17
13	0.287706246335018	a6	a10
13	0.28797945057566	a8	a57
12	0.288096847249362	a6	a10	a28	0
12	0.28815311109298	a7	a14	a29	0
12	0.288320009129095	a7	a17	a29	1
13	0.288403593396777	a7	a14
12	0.288439299297534	a7	a14	a29	2
12	0.288513686590778	a7	a16	a29	3
13	0.288542089011835	a7	a14
12	0.288578876909585	a7	a14	a29	4
13	0.288680043628397	a7	a14
12	0.288695732584791	a7	a14	a29	5
13	0.288711692040432	a7	a17
12	0.288776611859991	a7	a17	a29	6
13	0.288790136822399	a7	a16
13	0.28879581730661	a7	a14
12	0.288839638184812	a7	a14	a29	7
12	0.288868581604366	a7	a16	a29	8
13	0.288894008533693	a7	a17
13	0.288938640909639	a7	a14
12	0.288968936825433	a7	a14	a29	9
13	0.288980568293104	a7	a16
12	0.288987601273556	a7	a17	a29	10
12	0.289053603090108	a7	a16	a29	11
13	0.289080923514172	a7	a14
13	0.289102833953273	a7	a17
12	0.289122039399892	a7	a14	a29	12
13	0.289150982819446	a7	a16
12	0.289164507781854	a7	a17	a29	13
13	0.289233485090135	a7	a14
12	0.289241870566828	a7	a16	a29	14
13	0.289266215499162	a7	a17
12	0.289272977980366	a7	a14	a29	15
13	0.289344119282633	a7	a16
13	0.28937684969166	a7	a14
13	0.289505607333785	a6	a10
13	0.289531575261608	a8	a56
12	0.290923023394148	a8	a56	a42	0
12	0.29158466455515	a6	a10	a30	0
12	0.291640928398768	a7	a14	a31	0
12	0.291799170458942	a7	a16	a31	1
12	0.291951191036408	a7	a15	a31	2
12	0.292019897845441	a7	a17	a31	3
13	0.292096449132671	a7	a14
12	0.292134319027413	a7	a14	a31	4
13	0.292315283024433	a7	a16
13	0.292316635520674	a7	a14
12	0.292367489379328	a7	a14	a31	5
12	0.292389940816925	a7	a16	a31	6
13	0.292390481815422	a7	a17
12	0.292466221604907	a7	a17	a31	7
13	0.292564953830486	a7	a14
13	0.292572257310186	a7	a16
12	0.292618512681621	a7	a14	a31	8
13	0.292638800125234	a7	a17
12	0.292658276071101	a7	a16	a31	9
12	0.292739966844046	a7	a17	a31	10
13	0.292796501186911	a7	a14
13	0.292810296648568	a7	a15
12	0.292831666089172	a7	a14	a31	11
13	0.292832477586917	a7	a16
12	0.292888741430534	a7	a16	a31	12
12	0.292903889388431	a7	a15	a31	13
13	0.292916873352343	a7	a17
12	0.292979629177916	a7	a17	a31	14
13	0.293010736591455	a7	a14
13	0.29306294294635	a7	a16
12	0.293070787424547	a7	a14	a31	15
13	0.293152748696739	a7	a17
13	0.293207389544868	a7	a15
13	0.293245529938859	a7	a14
13	0.293412698474222	a6	a10
13	0.293841710281806	a8	a56
12	0.294005632826191	a8	a56	a45	0
12	0.294190654311933	a6	a10	a32	0
12	0.294246377157054	a7	a14	a33	0
12	0.294428423151067	a7	a15	a33	1
12	0.294496588961603	a7	a16	a33	2
13	0.294527155376645	a7	a14
13	0.294585853713496	a7	a16
12	0.294612633139064	a7	a14	a33	3
13	0.294637519069895	a7	a14
12	0.294643199554107	a7	a17	a33	4
13	0.29464860953907	a7	a15
12	0.294670519978171	a7	a14	a33	5
13	0.29468674993306	a7	a14
12	0.294698381400731	a7	a16	a33	6
13	0.294724349328555	a7	a16
12	0.294747882763145	a7	a14	a33	7
12	0.294769793202246	a7	a16	a33	8
13	0.294770875199239	a7	a17
13	0.29477655568345	a7	a14
12	0.29477953117518	a7	a15	a33	9
13	0.294786023157136	a7	a16
13	0.294805499103003	a7	a15
12	0.294828491539097	a7	a14	a33	10
12	0.294843909996242	a7	a17	a33	11
13	0.294856082462409	a7	a14
12	0.294889894868429	a7	a16	a33	12
13	0.294897468847378	a7	a17
12	0.294897739346626	a7	a14	a33	13
13	0.294907747818808	a7	a16
13	0.294915051298508	a7	a14
12	0.294922354778209	a7	a15	a33	14
12	0.294954003190244	a7	a14	a33	15
13	0.294966716654907	a7	a15
13	0.294970774143629	a7	a14
13	0.295198534510581	a6	a10
13	0.295348391094062	a8	a56
12	0.296503963882206	a8	a56	a50	0
12	0.319944887729342	a6	a10	a34	0
12	0.320009807548901	a7	a14	a35	0
12	0.320126392724858	a7	a16	a35	1
12	0.320211870487277	a7	a15	a35	2
12	0.320257314360968	a7	a17	a35	3
13	0.367781056771126	a7	a14
13	0.370039454994022	a7	a16
13	0.370793065899399	a7	a17
13	0.379305677239025	a7	a15
13	0.379444443353332	a6	a10
12	0.37961972686614	a6	a10	a36	0
12	0.379676531708254	a7	a14	a37	0
12	0.379870479669185	a7	a16	a37	1
12	0.380102568024108	a7	a17	a37	2
12	0.380953017660326	a7	a15	a37	3
13	0.385928851330247	a7	a14
13	0.388788298882557	a7	a17
13	0.389753981198492	a7	a16
13	0.45317523492232	a7	a15
13	0.453344837950917	a6	a10
12	0.464144249934497	a6	a10	a38	0
12	0.464218907726989	a7	a14	a39	0
12	0.46440852769995	a7	a16	a39	1
12	0.464420970665366	a7	a17	a39	2
12	0.464762881715041	a7	a15	a39	3
13	0.469867473027087	a7	a14
13	0.470498547773047	a7	a16
13	0.472113969283064	a7	a17
13	0.473296050997528	a7	a15
13	0.473447801075746	a6	a10
12	0.473570066735915	a6	a10	a40	0
12	0.473728579295337	a7	a14	a41	0
12	0.474148123629235	a7	a16	a41	1
12	0.474164894582621	a7	a17	a41	2
12	0.474294193223242	a7	a15	a41	3
13	0.476565034411554	a7	a14
13	0.476796852267228	a7	a16
13	0.477670564838788	a7	a17
13	0.480015252321847	a7	a15
13	0.480163756409088	a6	a10
12	0.481046124956589	a8	a57	a49	0
13	0.501677643612325	a8	a57
12	0.501939486884544	a8	a57	a54	0
12	0.513611529442692	a8	a58	a53	0
13	0.542681001645562	a8	a58
12	0.542716166547823	a8	a58	a52	0
13	0.559382166225518	a8	a58
12	0.559441676060114	a8	a58	a51	0
13	0.569074154287127	a8	a58
13	0.575994607052078	a8	a57
13	0.576425782853646	a8	a56
13	0.576702233085267	a8	a55
12	0.577263248525953	a8	a55	a46	0
12	0.5773151843816	a8	a56	a48	0
13	0.65565988162647	a8	a56
12	0.655888723990415	a6	a10	a20	0
12	0.655977988742308	a7	a14	a21	0
12	0.656145427776919	a7	a17	a21	1
12	0.656159493737824	a7	a15	a21	2
12	0.656200068625048	a7	a16	a21	3
13	0.658457384850951	a7	a14
13	0.658727613599864	a7	a17
13	0.658903438111169	a7	a15
13	0.659060327675102	a7	a16
13	0.659195847798431	a6	a10
12	0.659489609981934	a8	a56	a44	0
12	0.659508003930809	a8	a57	a43	0
12	0.659879128899286	a6	a10	a22	0
12	0.6599505407008	a7	a14	a23	0
12	0.660036829960963	a7	a15	a23	1
12	0.660232130418136	a7	a16	a23	2
12	0.660284607272279	a7	a17	a23	3
13	0.661574618186759	a7	a14
12	0.661639538006317	a7	a14	a23	4
13	0.662105067212402	a7	a15
13	0.662111559194358	a7	a16
12	0.662181348000384	a7	a16	a23	5
12	0.66218783998234	a7	a15	a23	6
13	0.662352844523718	a7	a17
12	0.662413436355306	a7	a17	a23	7
13	0.663648265423161	a7	a14
12	0.663710480250238	a7	a14	a23	8
13	0.663932019134482	a7	a17
13	0.663934724126963	a7	a16
13	0.663963397047268	a7	a15
12	0.663992069967574	a7	a16	a23	9
12	0.664040218833746	a7	a17	a23	10
12	0.664051038803673	a7	a15	a23	11
13	0.665467643366292	a7	a14
12	0.665532563185851	a7	a14	a23	12
13	0.665665919315194	a7	a15
13	0.66571352718287	a7	a16
12	0.665764381041524	a7	a15	a23	13
12	0.665797922948296	a7	a16	a23	14
13	0.665915319621998	a7	a17
12	0.665987813420505	a7	a17	a23	15
13	0.667220478494375	a7	a14
13	0.667331653685369	a7	a16
13	0.667460411327494	a7	a15
13	0.6677536325125	a7	a17
13	0.667907546584704	a6	a10
12	0.668112044016314	a6	a10	a24	0
12	0.668205095757681	a7	a14	a25	0
13	0.668278130554685	a7	a14
12	0.668294360509574	a7	a14	a25	1
13	0.668361985321615	a7	a14
12	0.668397150223875	a7	a14	a25	2
13	0.668452873068997	a7	a14
12	0.66848614447652	a7	a17	a25	3
13	0.668665755977299	a7	a17
13	0.668782882151753	a6	a10
12	0.66924218987513	a6	a10	a26	0
12	0.669299535715741	a7	a14	a27	0
13	0.669428834356362	a7	a14
12	0.66944668730674	a7	a14	a27	1
13	0.669544067036078	a7	a14
12	0.669590051908265	a7	a14	a27	2
12	0.669663898203013	a7	a16	a27	3
13	0.669681480654144	a7	a14
13	0.670052335123373	a7	a16
13	0.670172707288804	a6	a10
12	0.670452944509899	a6	a10	a22	0
12	0.670515700335472	a7	a14	a23	0
12	0.67065879443775	a7	a16	a23	1
12	0.670788634076867	a7	a15	a23	2
12	0.670828667965595	a7	a17	a23	3
13	0.672093792949244	a7	a14
12	0.672158712768802	a7	a14	a23	4
13	0.672291527899649	a7	a16
12	0.672360775707179	a7	a16	a23	5
13	0.672434351502678	a7	a17
13	0.672460319430502	a7	a15
12	0.672522534257579	a7	a17	a23	6
12	0.672566355135781	a7	a15	a23	7
13	0.673639425653236	a7	a14
12	0.673729231403625	a7	a14	a23	8
13	0.673870702510413	a7	a16
12	0.673933999334483	a7	a16	a23	9
13	0.674045986023222	a7	a17
12	0.674110364844284	a7	a17	a23	10
13	0.674270500399195	a7	a15
12	0.674337584212739	a7	a15	a23	11
13	0.67539658876929	a7	a14
13	0.675408761235457	a7	a16
12	0.675474222053512	a7	a16	a23	12
12	0.675483689527197	a7	a14	a23	13
13	0.675584585746761	a7	a17
12	0.67564950556632	a7	a17	a23	14
13	0.675828576068603	a7	a15
12	0.675895659882147	a7	a15	a23	15
13	0.676998755816147	a7	a16
13	0.677092619055259	a7	a14
13	0.677362847804172	a7	a17
13	0.677429931617716	a7	a15
13	0.677563828745555	a6	a10
13	0.677717472318511	a8	a57
12	0.677748850231298	a6	a10	a28	0
12	0.677808901064389	a7	a14	a29	0
13	0.677932248721551	a7	a14
12	0.677932519220799	a7	a17	a29	1
12	0.677972282610279	a7	a14	a29	2
12	0.678050997891493	a7	a15	a29	3
13	0.678071826333602	a7	a14
12	0.67812646718173	a7	a14	a29	4
13	0.678168935563692	a7	a17
12	0.678179214535122	a7	a16	a29	5
12	0.678237642372725	a7	a17	a29	6
13	0.678262257804307	a7	a14
12	0.678299586700553	a7	a14	a29	7
13	0.678304726186268	a7	a15
13	0.678368564008834	a7	a17
13	0.678373973993798	a7	a16
12	0.678381547972746	a7	a15	a29	8
13	0.678400212420869	a7	a14
12	0.678435106823882	a7	a17	a29	9
12	0.678459992754713	a7	a16	a29	10
12	0.678473247217873	a7	a14	a29	11
13	0.678489747672011	a7	a15
12	0.67855899547954	a7	a15	a29	12
13	0.678561159473525	a7	a17
13	0.678580635419393	a7	a16
13	0.6785868569021	a7	a14
12	0.678623915299098	a7	a17	a29	13
12	0.678647989732185	a7	a14	a29	14
13	0.678663949187826	a7	a15
12	0.678689376117153	a7	a16	a29	15
13	0.678741582472048	a7	a14
13	0.678768361897616	a7	a17
13	0.678791083834462	a7	a16
13	0.678979080811934	a6	a10
13	0.678996933762312	a8	a56
12	0.679353451771389	a8	a56	a42	0
12	0.679428109563881	a6	a10	a30	0
12	0.679489242393965	a7	a14	a31	0
12	0.679658304424066	a7	a15	a31	1
13	0.679737019705281	a7	a14
12	0.679797070538373	a7	a14	a31	2
12	0.679843866908305	a7	a16	a31	3
12	0.679915819708315	a7	a17	a31	4
13	0.679970731055692	a7	a14
12	0.680005895957953	a7	a14	a31	5
13	0.68010192319105	a7	a16
13	0.680115989151954	a7	a15
13	0.680171170998579	a7	a17
13	0.680181179470761	a7	a14
12	0.680201466914373	a7	a16	a31	6
12	0.680240418806109	a7	a15	a31	7
12	0.680259624252728	a7	a14	a31	8
12	0.680288567672281	a7	a17	a31	9
13	0.680375668430189	a7	a16
13	0.680430579777566	a7	a14
12	0.680453031215163	a7	a16	a31	10
13	0.680473048159527	a7	a17
12	0.680490089612161	a7	a14	a31	11
13	0.680495229097876	a7	a15
12	0.680573673879843	a7	a17	a31	12
12	0.680585575846762	a7	a15	a31	13
13	0.680627773729475	a7	a16
13	0.680663750129481	a7	a14
12	0.680692152550537	a7	a16	a31	14
12	0.680725964956558	a7	a14	a31	15
13	0.680758154367089	a7	a17
13	0.680764646349045	a7	a15
13	0.680869059058835	a7	a16
13	0.680901789467862	a7	a14
13	0.681053269046832	a6	a10
13	0.681236126538589	a8	a56
12	0.681301587356644	a8	a56	a45	0
12	0.681345408234846	a6	a10	a32	0
12	0.681401672078464	a7	a14	a33	0
13	0.68141844303185	a7	a14
12	0.681435213985236	a7	a14	a33	1
13	0.681463886905541	a7	a14
12	0.681506084788254	a7	a14	a33	2
13	0.681523396740136	a7	a14
12	0.681528536225851	a7	a16	a33	3
12	0.681559102640893	a7	a14	a33	4
13	0.681575332595783	a7	a14
12	0.681592103549169	a7	a14	a33	5
13	0.681593997043906	a7	a16
13	0.681609415501051	a7	a14
12	0.681641334412334	a7	a14	a33	6
13	0.681657564367224	a7	a14
12	0.681667572839406	a7	a16	a33	7
13	0.681683261795799	a7	a16
12	0.68169489326347	a7	a14	a33	8
13	0.681711664216856	a7	a14
12	0.681749263612351	a7	a16	a33	9
12	0.681763600072503	a7	a14	a33	10
13	0.68176549356724	a7	a16
13	0.681780371025889	a7	a14
12	0.681814453931157	a7	a14	a33	11
13	0.681831224884543	a7	a14
12	0.681853135323644	a7	a16	a33	12
13	0.681868824280038	a7	a16
12	0.681926981618392	a7	a14	a33	13
13	0.681943752571778	a7	a14
12	0.681954302042457	a7	a17	a33	14
12	0.681981622466521	a7	a14	a33	15
13	0.681998934418403	a7	a14
13	0.682007319895096	a7	a17
13	0.682233727765807	a6	a10
13	0.682311090550781	a8	a56
12	0.682871023994474	a8	a56	a50	0
12	0.693859785451767	a6	a10	a34	0
12	0.693924164272829	a7	a14	a35	0
12	0.694072127361573	a7	a15	a35	1
12	0.694110538254812	a7	a17	a35	2
12	0.694262558832278	a7	a16	a35	3
13	0.755561745954283	a7	a14
13	0.759531863419542	a7	a15
13	0.760131830751964	a7	a16
13	0.760693928189642	a7	a17
13	0.760825661323497	a6	a10
12	0.760922500054338	a6	a10	a36	0
12	0.760979304896452	a7	a14	a37	0
12	0.761172711858887	a7	a15	a37	1
12	0.761287944538604	a7	a16	a37	2
12	0.76140912820178	a7	a17	a37	3
13	0.765670573357308	a7	a17
13	0.767562986097443	a7	a16
13	0.768111829071961	a7	a14
13	0.769677749219565	a7	a15
13	0.769848434245155	a6	a10
12	0.776766182017624	a6	a10	a38	0
12	0.7768727587214	a7	a14	a39	0
12	0.777146233461291	a7	a16	a39	1
12	0.777160299422195	a7	a15	a39	2
12	0.777285811073342	a7	a17	a39	3
13	0.783390167606591	a7	a14
13	0.784023947345032	a7	a17
13	0.78421113282476	a7	a16
13	0.785395919531705	a7	a15
13	0.78556281756782	a6	a10
12	0.78563044237986	a6	a10	a40	0
12	0.785693198205434	a7	a14	a41	0
12	0.786027805775409	a7	a17	a41	1
12	0.7861468254446	a7	a16	a41	2
12	0.786905305336443	a7	a15	a41	3
13	0.787818781297483	a7	a14
13	0.789939765902313	a7	a16
13	0.79046237044976	a7	a17
13	0.791361509950647	a7	a15
13	0.791574933857446	a6	a10
12	0.79209807940339	a8	a57	a49	0
13	0.814258459809732	a8	a57
12	0.814350429554106	a8	a57	a54	0
12	0.81872440239687	a8	a58	a53	0
13	0.846827651285309	a8	a58
12	0.84686281618757	a8	a58	a52	0
13	0.861816555624406	a8	a58
12	0.861864704490579	a8	a58	a51	0
13	0.870906953358105	a8	a58
13	0.877744633353118	a8	a57
13	0.877861489028324	a8	a56
13	0.878068691452415	a8	a55
12	0.878570197058506	a8	a55	a46	0
12	0.878593459993848	a8	a56	a48	0
13	0.950783758344559	a8	a56
12	0.950981222795716	a6	a10	a20	0
12	0.95104830660926	a7	a14	a21	0
12	0.95127200948749	a7	a16	a21	1
12	0.951327191334114	a7	a17	a21	2
12	0.951361274239383	a7	a15	a21	3
13	0.95295911329827	a7	a14
13	0.953243408008087	a7	a16
13	0.953674583809656	a7	a17
13	0.954537476411289	a7	a15
13	0.964321704716521	a6	a10
12	0.965894928343825	a8	a56	a44	0
12	0.965938749222027	a8	a57	a43	0
12	0.966610128355963	a6	a10	a22	0
12	0.966679376163492	a7	a14	a23	0
12	0.966855471174045	a7	a16	a23	1
12	0.966928505971048	a7	a17	a23	2
12	0.967132462404162	a7	a15	a23	3
13	0.968289387688546	a7	a14
12	0.96835214351412	a7	a14	a23	4
13	0.968880428545778	a7	a16
13	0.968886920527734	a7	a17
13	0.968900445490142	a7	a15
12	0.968977808275116	a7	a16	a23	5
12	0.968990792239028	a7	a17	a23	6
12	0.969025416142792	a7	a15	a23	7
13	0.970260786209144	a7	a14
12	0.970330034016673	a7	a14	a23	8
13	0.970504506031737	a7	a16
12	0.970572671842273	a7	a16	a23	9
13	0.9708334331175	a7	a17
13	0.970869680016754	a7	a15
12	0.970924320864882	a7	a17	a23	10
12	0.970950829791202	a7	a15	a23	11
13	0.972055278221444	a7	a14
12	0.972114788056039	a7	a14	a23	12
13	0.97225734115982	a7	a16
12	0.972376360829011	a7	a16	a23	13
13	0.972464543583911	a7	a17
12	0.972535414386929	a7	a17	a23	14
13	0.9727015009253	a7	a15
12	0.972779404708771	a7	a15	a23	15
13	0.973818933319453	a7	a14
13	0.974023160251815	a7	a16
13	0.974240641647336	a7	a17
13	0.974355874327053	a7	a15
13	0.974489771454893	a6	a10
12	0.974884159358711	a6	a10	a24	0
12	0.974970178119627	a7	a14	a25	0
13	0.975070803839942	a7	a14
12	0.975146273130179	a7	a16	a25	1
12	0.975160068591836	a7	a14	a25	2
12	0.975194421996352	a7	a15	a25	3
13	0.975226611406883	a7	a14
13	0.975312900667047	a7	a16
13	0.975411903391873	a7	a15
13	0.975630737283636	a6	a10
12	0.975685378131764	a6	a10	a26	0
12	0.975764363912227	a7	a14	a27	0
13	0.975899072537811	a7	a14
12	0.975968320345341	a7	a14	a27	1
12	0.976019444703243	a7	a16	a27	2
12	0.976041084643096	a7	a17	a27	3
13	0.976072192056635	a7	a14
13	0.976215827157408	a7	a16
13	0.976260730032603	a7	a17
13	0.976460087978497	a6	a10
12	0.976822015972537	a6	a10	a22	0
12	0.976941576640224	a7	a14	a23	0
12	0.977151754556045	a7	a15	a23	1
12	0.977363284968107	a7	a17	a23	2
12	0.977394662880894	a7	a16	a23	3
13	0.978434191491576	a7	a14
12	0.978502898300609	a7	a14	a23	4
13	0.978813701936746	a7	a15
12	0.978899720697661	a7	a15	a23	5
13	0.978926770622478	a7	a17
12	0.979002510411963	a7	a17	a23	6
13	0.979107464120249	a7	a16
12	0.979174547933793	a7	a16	a23	7
13	0.979990103166998	a7	a14
12	0.980052858992572	a7	a14	a23	8
13	0.980466993341506	a7	a17
12	0.980536782147532	a7	a17	a23	9
13	0.980603324962579	a7	a15
12	0.980671490773116	a7	a15	a23	10
13	0.980711524661844	a7	a16
12	0.980790510442307	a7	a16	a23	11
13	0.98153140788302	a7	a14
12	0.981594163708593	a7	a14	a23	12
13	0.982089447831976	a7	a17
12	0.982160318634994	a7	a17	a23	13
13	0.982321536186898	a7	a15
13	0.982371849047056	a7	a16
12	0.982409177943302	a7	a15	a23	14
12	0.982441637853082	a7	a16	a23	15
13	0.983091106547916	a7	a14
13	0.98367890141417	a7	a17
13	0.983957515639776	a7	a15
13	0.984118192193183	a7	a16
13	0.984246138337564	a6	a10
13	0.984444143787217	a8	a57
12	0.984503112623317	a6	a10	a28	0
12	0.98459670536318	a7	a14	a29	0
13	0.984733036984253	a7	a14
12	0.984750348936136	a7	a14	a29	1
13	0.984869368605327	a7	a14
12	0.984869639104575	a7	a17	a29	2
12	0.984900476018865	a7	a16	a29	3
12	0.984907779498565	a7	a14	a29	4
13	0.985006241224896	a7	a14
12	0.985047898109113	a7	a14	a29	5
13	0.985052496596332	a7	a17
13	0.985084956506111	a7	a16
12	0.985106596445964	a7	a15	a29	6
13	0.985141490848977	a7	a14
12	0.985168811273041	a7	a17	a29	7
12	0.985193697203872	a7	a16	a29	8
12	0.985203164677557	a7	a14	a29	9
13	0.985274305979824	a7	a15
13	0.985297568915165	a7	a17
13	0.985315692364792	a7	a14
13	0.9853219138475	a7	a16
12	0.985365734725702	a7	a17	a29	10
12	0.985403063621948	a7	a15	a29	11
12	0.985426597056538	a7	a14	a29	12
12	0.98545716347158	a7	a16	a29	13
13	0.985503689342264	a7	a17
13	0.985525329282117	a7	a15
13	0.985545075727233	a7	a14
13	0.985566986166334	a7	a16
12	0.985577265137764	a7	a15	a29	14
12	0.985607020055062	a7	a17	a29	15
13	0.985673021871613	a7	a15
13	0.985712514761844	a7	a17
13	0.985876707805478	a6	a10
13	0.98590429872879	a8	a56
12	0.986711468485303	a8	a56	a42	0
12	0.986827783162012	a6	a10	a30	0
12	0.986919752906387	a7	a14	a31	0
12	0.987110995874837	a7	a16	a31	1
13	0.98715616924928	a7	a14
12	0.98720323611846	a7	a14	a31	2
12	0.987259770461325	a7	a17	a31	3
12	0.987337133246299	a7	a15	a31	4
13	0.987386634608713	a7	a14
13	0.987421529011726	a7	a16
12	0.98745317742376	a7	a14	a31	5
13	0.987468595880906	a7	a17
12	0.987510252765122	a7	a16	a31	6
12	0.987554073643324	a7	a17	a31	7
13	0.987578959574155	a7	a15
13	0.987635493917021	a7	a14
12	0.987644961390707	a7	a15	a31	8
13	0.987687700271916	a7	a16
13	0.987729357156133	a7	a17
12	0.987735037640344	a7	a14	a31	9
12	0.987761276067416	a7	a16	a31	10
13	0.987860819790739	a7	a15
13	0.987934125086991	a7	a14
12	0.987951707538121	a7	a17	a31	11
12	0.987958199520077	a7	a15	a31	12
13	0.987983626449404	a7	a16
12	0.988036914801292	a7	a14	a31	13
12	0.988057202244904	a7	a16	a31	14
13	0.98812536805544	a7	a17
13	0.988133483032885	a7	a15
12	0.988200566846429	a7	a15	a31	15
13	0.988212739312596	a7	a14
13	0.988230321763727	a7	a16
13	0.98837693235623	a7	a15
13	0.988517862464522	a6	a10
13	0.98873588485854	a8	a56
12	0.988800804678098	a8	a56	a45	0
12	0.988847330548782	a6	a10	a32	0
12	0.988916578356311	a7	a14	a33	0
13	0.988961481231506	a7	a14
12	0.988993400142789	a7	a14	a33	1
13	0.989009630097679	a7	a14
12	0.989026130551817	a7	a15	a33	2
12	0.989051827980392	a7	a14	a33	3
13	0.989068598933778	a7	a14
12	0.989134600750329	a7	a14	a33	4
13	0.989152453700708	a7	a14
12	0.989169224654094	a7	a14	a33	5
13	0.989186536605976	a7	a14
12	0.989226570494704	a7	a14	a33	6
13	0.989243882446586	a7	a14
12	0.98928012934584	a7	a14	a33	7
13	0.989287973824036	a7	a15
13	0.989297441297722	a7	a14
12	0.989351811646602	a7	a17	a33	8
13	0.989389140542849	a7	a17
12	0.989406452494731	a7	a16	a33	9
12	0.989418895460146	a7	a15	a33	10
13	0.989455683357896	a7	a15
12	0.989460822843611	a7	a14	a33	11
13	0.989462175339852	a7	a16
12	0.989473536308275	a7	a17	a33	12
13	0.98948895476542	a7	a14
13	0.989489766263165	a7	a17
12	0.989540079123323	a7	a15	a33	13
13	0.989571998034605	a7	a15
12	0.989573621030094	a7	a16	a33	14
12	0.98957876051581	a7	a14	a33	15
13	0.989596072467692	a7	a14
13	0.989598506960925	a7	a16
13	0.989837357797052	a6	a10
13	0.989995870356474	a8	a56
12	1.00090077704684	a8	a56	a50	0
12	1.01273836514486	a6	a10	a34	0
12	1.01282925289224	a7	a14	a35	0
12	1.01295882203211	a7	a17	a35	1
12	1.01317143444116	a7	a15	a35	2
12	1.01330560206825	a7	a16	a35	3
13	1.07597135139197	a7	a14
13	1.07809936897725	a7	a15
13	1.07915972603004	a7	a17
13	1.07987384404518	a7	a16
13	1.08005156205123	a6	a10
12	1.08013866280913	a6	a10	a36	0
12	1.08020358262869	a7	a14	a37	0
12	1.08059986402725	a7	a17	a37	1
12	1.08063448793101	a7	a15	a37	2
12	1.08129937508299	a7	a16	a37	3
13	1.08595574914084	a7	a16
13	1.08733286081322	a7	a14
13	1.08760471255763	a7	a15
13	1.08796664055167	a7	a17
13	1.08809350469905	a6	a10
12	1.09493713567753	a6	a10	a38	0
12	1.09500908847754	a7	a14	a39	0
12	1.09533936805954	a7	a17	a39	1
12	1.09536371299188	a7	a16	a39	2
12	1.09541132085955	a7	a15	a39	3
13	1.10138096876722	a7	a14
13	1.10238479147714	a7	a16
13	1.10260119087567	a7	a17
13	1.10363179301117	a7	a15
13	1.10378029709841	a6	a10
12	1.10384846290894	a6	a10	a40	0
12	1.10390959573903	a7	a14	a41	0
12	1.10413600360974	a7	a17	a41	1
12	1.10434969801578	a7	a16	a41	2
12	1.10454553947145	a7	a15	a41	3
13	1.10605519577544	a7	a14
13	1.10797384694265	a7	a17
13	1.10818483635621	a7	a16
13	1.10935177011278	a7	a15
13	1.10950189719551	a6	a10
12	1.11007806059409	a8	a57	a49	0
13	1.12978879980909	a8	a57
12	1.12990132749632	a8	a57	a54	0
12	1.13404591697664	a8	a58	a53	0
13	1.16148914769957	a8	a58
12	1.16154487054469	a8	a58	a52	0
13	1.17649319999656	a8	a58
12	1.17653972586725	a8	a58	a51	0
13	1.18565446853328	a8	a58
13	1.19268907198096	a8	a57
13	1.19285353552384	a8	a56
13	1.1930055561013	a8	a55
12	1.19415247291351	a8	a55	a46	0
12	1.19420440876915	a8	a56	a48	0
13	1.26621834161006	a8	a56
12	1.26652725175146	a6	a10	a20	0
12	1.26663058246426	a7	a14	a21	0
12	1.26688404025979	a7	a15	a21	1
12	1.26692461514701	a7	a17	a21	2
12	1.26704525781169	a7	a16	a21	3
13	1.26864688386005	a7	a14
13	1.26934179642858	a7	a17
13	1.27002832352041	a7	a16
13	1.27032587269339	a7	a15
13	1.27047599977612	a6	a10
12	1.27098291536717	a8	a56	a44	0
12	1.27100239131304	a8	a57	a43	0
12	1.27138217225746	a6	a10	a22	0
12	1.27144492808303	a7	a14	a23	0
12	1.27169027090111	a7	a17	a23	1
12	1.27186068542745	a7	a16	a23	2
12	1.271927769241	a7	a15	a23	3
13	1.27302951267876	a7	a14
12	1.27310741646223	a7	a14	a23	4
13	1.27367303039013	a7	a17
12	1.2737520161706	a7	a17	a23	5
13	1.27395651360221	a7	a15
12	1.27402413841425	a7	a15	a23	6
13	1.27423079983984	a7	a16
12	1.27430329363835	a7	a16	a23	7
13	1.27472337897074	a7	a14
12	1.27478018381286	a7	a14	a23	8
13	1.27542532451972	a7	a17
12	1.2755021463062	a7	a17	a23	9
13	1.27565416688366	a7	a15
12	1.27571908670322	a7	a15	a23	10
13	1.27634529246272	a7	a14
12	1.27641183527776	a7	a14	a23	11
13	1.27660902922967	a7	a16
12	1.27667990003269	a7	a16	a23	12
13	1.27705102500117	a7	a17
12	1.2771197318102	a7	a17	a23	13
13	1.27750329974409	a7	a15
12	1.27757146555463	a7	a15	a23	14
13	1.27844328463145	a7	a14
12	1.27851307343748	a7	a14	a23	15
13	1.27855283682696	a7	a16
13	1.27889041988866	a7	a17
13	1.27927723381353	a7	a15
13	1.28017610281517	a7	a14
13	1.28027618753699	a6	a10
12	1.28071169132653	a6	a10	a24	0
12	1.28078148013256	a7	a14	a25	0
12	1.28086776939272	a7	a17	a25	1
13	1.28087344987693	a7	a14
12	1.28091077877318	a7	a14	a25	2
13	1.28097948558221	a7	a14
12	1.28101627347996	a7	a14	a25	3
13	1.28103980691455	a7	a17
13	1.28107145532658	a7	a14
13	1.28123375487548	a6	a10
12	1.28130570767549	a6	a10	a26	0
12	1.28136197151911	a7	a14	a27	0
13	1.28150317212665	a7	a14
12	1.28152427106801	a7	a14	a27	1
13	1.28163192976877	a7	a14
12	1.28171903052668	a7	a14	a27	2
12	1.28176095791015	a7	a17	a27	3
13	1.28180883627707	a7	a14
13	1.28197627531168	a7	a17
13	1.28212586139592	a6	a10
12	1.28246182146213	a6	a10	a22	0
12	1.2826138420396	a7	a14	a23	0
12	1.28278506806368	a7	a15	a23	1
12	1.28301445142613	a7	a17	a23	2
12	1.28320271890285	a7	a16	a23	3
13	1.2841870656669	a7	a14
12	1.28424982149248	a7	a14	a23	4
13	1.28455683813914	a7	a15
12	1.28463852891208	a7	a15	a23	5
13	1.28465205387449	a7	a17
12	1.28471426870157	a7	a17	a23	6
13	1.28526067718285	a7	a16
12	1.28532884299339	a7	a16	a23	7
13	1.28572945237992	a7	a14
12	1.28578896221451	a7	a14	a23	8
13	1.28622094951383	a7	a15
13	1.28627991834992	a7	a17
12	1.28628857432587	a7	a15	a23	9
12	1.28634862515896	a7	a17	a23	10
13	1.28727075709594	a7	a14
12	1.28732918493354	a7	a14	a23	11
13	1.28777686118925	a7	a16
12	1.28784935498775	a7	a16	a23	12
13	1.2879012908434	a7	a17
12	1.28797053865093	a7	a17	a23	13
13	1.28800732654868	a7	a15
12	1.28808685332764	a7	a15	a23	14
13	1.28880881582098	a7	a14
12	1.28887589963453	a7	a14	a23	15
13	1.28943880856995	a7	a17
13	1.2895632382241	a7	a15
13	1.29039989239867	a7	a14
13	1.2905197235656	a7	a16
13	1.29067634263029	a6	a10
13	1.29077588635361	a8	a57
12	1.29082349422129	a6	a10	a28	0
12	1.29090734898822	a7	a14	a29	0
13	1.29104963159275	a7	a14
12	1.29106586154764	a7	a14	a29	1
12	1.29114187183637	a7	a15	a29	2
13	1.29117081525592	a7	a14
12	1.29122545610405	a7	a14	a29	3
13	1.2913212128379	a7	a14
13	1.29134799226347	a7	a15
12	1.29136232872362	a7	a14	a29	4
12	1.29143942100935	a7	a16	a29	5
12	1.29145781495822	a7	a15	a29	6
13	1.29145916745446	a7	a14
12	1.29147945489808	a7	a17	a29	7
12	1.29151975928605	a7	a14	a29	8
13	1.29158440860636	a7	a15
13	1.2916160570184	a7	a14
13	1.29163472146652	a7	a17
13	1.2916671813763	a7	a16
12	1.29166907487104	a7	a14	a29	9
12	1.29170613326803	a7	a15	a29	10
12	1.29173913417631	a7	a17	a29	11
12	1.29176239711165	a7	a16	a29	12
13	1.29178376655226	a7	a14
12	1.29184327638685	a7	a14	a29	13
13	1.291857612847	a7	a15
13	1.29187762979137	a7	a17
13	1.2919176636801	a7	a16
12	1.29193605762897	a7	a17	a29	14
13	1.29194390210717	a7	a14
12	1.29196959953574	a7	a15	a29	15
13	1.29203722434778	a7	a17
13	1.29207238925004	a7	a15
13	1.29225984522902	a6	a10
13	1.29229338713579	a8	a56
12	1.29297017625469	a8	a56	a42	0
12	1.29306430999305	a6	a10	a30	0
12	1.29313193480509	a7	a14	a31	0
12	1.29327935689534	a7	a15	a31	1
13	1.29336672815249	a7	a14
12	1.29342894297957	a7	a14	a31	2
13	1.29360395599313	a7	a15
13	1.29361342346682	a7	a14
12	1.29366617082021	a7	a17	a31	3
12	1.29368591726533	a7	a14	a31	4
12	1.2936970077345	a7	a15	a31	5
12	1.29376084555707	a7	a16	a31	6
13	1.29388635720821	a7	a15
13	1.29388825070295	a7	a14
12	1.29394343254957	a7	a14	a31	7
13	1.29395614601424	a7	a17
12	1.29396317899469	a7	a15	a31	8
12	1.2940199838368	a7	a17	a31	9
13	1.29409301863381	a7	a16
13	1.29413521651652	a7	a15
13	1.29415496296164	a7	a14
12	1.29416064344585	a7	a16	a31	10
13	1.29419202135863	a7	a17
12	1.29419337385487	a7	a14	a31	11
12	1.29424936719924	a7	a15	a31	12
12	1.2942704661406	a7	a17	a31	13
13	1.29440490426694	a7	a14
13	1.29442302771656	a7	a16
13	1.29444358565942	a7	a17
13	1.2944468316504	a7	a15
12	1.29446657809552	a7	a14	a31	14
12	1.29453176841432	a7	a16	a31	15
13	1.29464077961133	a7	a14
13	1.29480930064294	a7	a16
13	1.29493400079634	a6	a10
13	1.29513525223697	a8	a56
12	1.29518718809262	a8	a56	a45	0
12	1.29523209096781	a6	a10	a32	0
12	1.29529592879038	a7	a14	a33	0
13	1.29533433968362	a7	a14
12	1.295351110637	a7	a14	a33	1
13	1.2953667995934	a7	a14
12	1.29538411154528	a7	a14	a33	2
13	1.29540034150017	a7	a14
12	1.29541711245356	a7	a14	a33	3
13	1.29543334240844	a7	a14
12	1.29545011336183	a7	a14	a33	4
13	1.29546688431522	a7	a14
12	1.29551070519342	a7	a14	a33	5
13	1.29552693514831	a7	a14
12	1.29554559959643	a7	a16	a33	6
12	1.29556642803854	a7	a14	a33	7
13	1.29558265799343	a7	a14
13	1.29564730731374	a7	a16
12	1.2956611027754	a7	a14	a33	8
13	1.29567679173179	a7	a14
12	1.29568680020397	a7	a17	a33	9
12	1.29571303863104	a7	a14	a33	10
13	1.29572980958443	a7	a14
12	1.29573549006864	a7	a15	a33	11
13	1.2957414410521	a7	a17
12	1.29577200746714	a7	a14	a33	12
13	1.29578877842053	a7	a14
13	1.29579283590925	a7	a15
12	1.29582529581903	a7	a16	a33	13
12	1.29584071427618	a7	a14	a33	14
13	1.29586776420099	a7	a14
13	1.29586857569874	a7	a16
12	1.29588264165964	a7	a17	a33	15
13	1.29591131457995	a7	a17
13	1.29609552456794	a6	a10
13	1.29616855936495	a8	a56
12	1.29666519598457	a8	a56	a50	0
12	1.30781842098474	a6	a10	a34	0
12	1.30789145578175	a7	a14	a35	0
12	1.30811678165547	a7	a17	a35	1
12	1.30816493052164	a7	a16	a35	2
12	1.30816979950811	a7	a15	a35	3
13	1.36838644863897	a7	a14
13	1.37115338544841	a7	a17
13	1.37247720876891	a7	a15
13	1.37297655038101	a7	a16
13	1.3731191034848	a6	a10
12	1.37318294130736	a6	a10	a36	0
12	1.37324028714797	a7	a14	a37	0
12	1.37341151317206	a7	a15	a37	1
12	1.37352187686531	a7	a17	a37	2
12	1.37431065267294	a7	a16	a37	3
13	1.37887072899844	a7	a17
13	1.37910011236088	a7	a16
13	1.38032899044528	a7	a14
13	1.38198904433124	a7	a15
13	1.3821353844245	a6	a10
12	1.38915375791728	a6	a10	a38	0
12	1.38923436669323	a7	a14	a39	0
12	1.38936177183912	a7	a17	a39	1
12	1.38942452766469	a7	a16	a39	2
12	1.38962199211585	a7	a15	a39	3
13	1.39560678798141	a7	a14
13	1.39611072808074	a7	a17
13	1.39637635834243	a7	a15
13	1.39820980224647	a7	a16
13	1.39839347123597	a6	a10
12	1.39845406306755	a6	a10	a40	0
12	1.39851573689614	a7	a14	a41	0
12	1.39883032752175	a7	a15	a41	1
12	1.39893528123003	a7	a17	a41	2
12	1.39942326187372	a7	a16	a41	3
13	1.40062563103179	a7	a14
13	1.40304632880358	a7	a15
13	1.40329951609986	a7	a17
13	1.40390272942326	a7	a16
13	1.40403229856313	a6	a10
12	1.40457221506246	a8	a57	a49	0
13	1.42979518795648	a8	a57
12	1.42990555164973	a8	a57	a54	0
12	1.43428331148197	a8	a58	a53	0
13	1.46157776761841	a8	a58
12	1.46161130952518	a8	a58	a52	0
13	1.47621177694392	a8	a58
12	1.47624910584016	a8	a58	a51	0
13	1.48523400886708	a8	a58
13	1.49205004892224	a8	a57
13	1.49217610157188	a8	a56
13	1.49233731912379	a8	a55
12	1.49282313577348	a8	a55	a46	0
12	1.49284639870882	a8	a56	a48	0
13	1.56252321804562	a8	a56
12	1.56270012455392	a6	a10	a20	0
12	1.56277045435844	a7	a14	a21	0
12	1.5628729735735	a7	a15	a21	1
12	1.5630049772066	a7	a17	a21	2
12	1.56307152002165	a7	a16	a21	3
13	1.56443618872862	a7	a14
13	1.56467828555572	a7	a17
13	1.5660048138687	a7	a15
13	1.56622445925821	a7	a16
13	1.56641948921613	a6	a10
12	1.566660233547	a8	a56	a44	0
12	1.56667916849437	a8	a57	a43	0
12	1.56703352250946	a6	a10	a22	0
12	1.56711521328241	a7	a14	a23	0
12	1.56723774944182	a7	a16	a23	1
12	1.56733837516214	a7	a17	a23	2
12	1.56755802055164	a7	a15	a23	3
13	1.5686749119473	a7	a14
12	1.56874037276536	a7	a14	a23	4
13	1.56914152315038	a7	a17
12	1.5692123939534	a7	a17	a23	5
13	1.56949371317148	a7	a15
12	1.56956350197751	a7	a15	a23	6
13	1.5701531903385	a7	a16
12	1.57022406114152	a7	a16	a23	7
13	1.57036120426034	a7	a14
12	1.57042233709042	a7	a14	a23	8
13	1.57074450169498	a7	a17
12	1.57081429050101	a7	a17	a23	9
13	1.57115566055219	a7	a15
12	1.57122058037174	a7	a15	a23	10
13	1.57213838432075	a7	a14
12	1.57220330414031	a7	a14	a23	11
13	1.57234585724409	a7	a17
12	1.57240915406816	a7	a17	a23	12
13	1.57272293319603	a7	a16
12	1.57280191897649	a7	a16	a23	13
13	1.57295880854043	a7	a15
12	1.57302805634796	a7	a15	a23	14
13	1.57385767754207	a7	a14
12	1.57392476135561	a7	a14	a23	15
13	1.57403106756014	a7	a17
13	1.57472949661889	a7	a15
13	1.57504057075427	a7	a16
13	1.57551637893179	a7	a14
13	1.57559428271526	a6	a10
12	1.57578471418597	a6	a10	a24	0
12	1.57586532296192	a7	a14	a25	0
13	1.57595458771381	a7	a14
12	1.57596189119351	a7	a17	a25	1
12	1.57598812962058	a7	a14	a25	2
13	1.5760438524657	a7	a14
12	1.57606711540105	a7	a14	a25	3
13	1.57612121525068	a7	a14
13	1.57612851873038	a7	a17
13	1.57627215383115	a6	a10
12	1.57632733567778	a6	a10	a26	0
12	1.57638143552741	a7	a14	a27	0
13	1.57647286427329	a7	a14
12	1.57648855322968	a7	a14	a27	1
12	1.57655536654398	a7	a16	a27	2
13	1.57659567093195	a7	a14
12	1.57663624581918	a7	a14	a27	3
13	1.57673254355152	a7	a14
13	1.57710123402676	a7	a16
13	1.57724162313656	a6	a10
12	1.57752023736217	a6	a10	a22	0
12	1.5775743372118	a7	a14	a23	0
12	1.57765629848399	a7	a17	a23	1
12	1.57774448123889	a7	a15	a23	2
12	1.5778467299547	a7	a16	a23	3
13	1.57906370607217	a7	a14
12	1.57912754389474	a7	a14	a23	4
13	1.57923385009927	a7	a17
12	1.57930039291431	a7	a17	a23	5
13	1.57941400259854	a7	a15
12	1.57950326735043	a7	a15	a23	6
13	1.58062610972955	a7	a14
13	1.58066857811151	a7	a16
12	1.58071916147092	a7	a14	a23	7
12	1.58073944891453	a7	a16	a23	8
13	1.58079300776567	a7	a17
12	1.58086496056568	a7	a17	a23	9
13	1.58097153726945	a7	a15
12	1.58104132607548	a7	a15	a23	10
13	1.582251810211	a7	a14
12	1.58232105801853	a7	a14	a23	11
13	1.58233755847267	a7	a17
12	1.58240247829222	a7	a17	a23	12
13	1.58251879296893	a7	a15
12	1.58258695877947	a7	a15	a23	13
13	1.5832442719525	a7	a16
12	1.58331514275552	a7	a16	a23	14
13	1.58382232884582	a7	a14
13	1.58385938724282	a7	a17
12	1.58390131462628	a7	a14	a23	15
13	1.58438253278876	a7	a15
13	1.58536417456034	a7	a14
13	1.58585296670177	a7	a16
13	1.58599335581156	a6	a10
13	1.5861491633785	a8	a57
12	1.58619027926422	a6	a10	a28	0
12	1.58624546111085	a7	a14	a29	0
12	1.58637016126425	a7	a15	a29	1
13	1.58637530074996	a7	a14
12	1.58641803963117	a7	a14	a29	2
13	1.58651920634999	a7	a14
12	1.5865760111921	a7	a14	a29	3
13	1.58659521663872	a7	a15
13	1.58668907987783	a7	a14
12	1.58670828532445	a7	a15	a29	4
12	1.58674128623273	a7	a16	a29	5
12	1.58676400816957	a7	a17	a29	6
12	1.5867826726177	a7	a14	a29	7
13	1.58682405900266	a7	a15
13	1.58688113434403	a7	a14
13	1.58689925779365	a7	a17
12	1.58690088078914	a7	a15	a29	8
13	1.58694037367937	a7	a16
12	1.58695714463276	a7	a17	a29	9
12	1.58699690802224	a7	a14	a29	10
13	1.58701124448239	a7	a15
12	1.5870388354057	a7	a16	a29	11
13	1.58705885235007	a7	a17
12	1.58710970620872	a7	a15	a29	12
13	1.58711592769143	a7	a14
12	1.58714757610346	a7	a17	a29	13
12	1.587179765514	a7	a14	a29	14
13	1.5871870689937	a7	a16
13	1.58722385689145	a7	a15
13	1.58724982481927	a7	a17
12	1.5872601037907	a7	a16	a29	15
13	1.58728634221777	a7	a14
13	1.58739589441328	a7	a16
13	1.58748110167645	a6	a10
13	1.58752059456668	a8	a56
12	1.58782301272612	a8	a56	a42	0
12	1.58788955554117	a6	a10	a30	0
12	1.58799342725246	a7	a14	a31	0
13	1.58819089170362	a7	a14
12	1.58822605660588	a7	a14	a31	1
12	1.58825391802844	a7	a16	a31	2
12	1.58837564269012	a7	a15	a31	3
13	1.58841540607959	a7	a14
12	1.58847248142096	a7	a17	a31	4
12	1.58849493285855	a7	a14	a31	5
13	1.58861963301196	a7	a15
13	1.5886423549488	a7	a16
13	1.58867562635633	a7	a14
13	1.58869266780896	a7	a17
12	1.58871484874731	a7	a16	a31	6
12	1.58873919367964	a7	a15	a31	7
12	1.58877138309017	a7	a14	a31	8
12	1.58879870351424	a7	a17	a31	9
13	1.58894233861501	a7	a14
13	1.58896154406163	a7	a15
13	1.58897344602855	a7	a16
13	1.58899779096089	a7	a17
12	1.58902592288269	a7	a15	a31	10
12	1.58907569474436	a7	a16	a31	11
12	1.58908570321654	a7	a14	a31	12
12	1.58910382666616	a7	a17	a31	13
13	1.58922609232633	a7	a15
13	1.58928073317446	a7	a17
13	1.58928424966469	a7	a14
12	1.5892904711474	a7	a15	a31	14
12	1.58934727598951	a7	a17	a31	15
13	1.58935268597447	a7	a16
13	1.58946359066622	a7	a15
13	1.58952147750533	a7	a17
13	1.58971813045874	a6	a10
13	1.58985067509034	a8	a56
12	1.58989503696704	a8	a56	a45	0
12	1.58993723484975	a6	a10	a32	0
12	1.59002163061517	a7	a14	a33	0
13	1.59003840156856	a7	a14
12	1.59005895951142	a7	a14	a33	1
13	1.59008168144827	a7	a14
12	1.59012171533699	a7	a14	a33	2
13	1.59013740429339	a7	a14
12	1.59017689718362	a7	a14	a33	3
13	1.590194750134	a7	a14
12	1.59021990656408	a7	a15	a33	4
12	1.5902380300137	a7	a14	a33	5
13	1.59025750595957	a7	a14
12	1.59028644937912	a7	a17	a33	6
12	1.59029862184529	a7	a14	a33	7
13	1.59030917131597	a7	a15
13	1.59031647479567	a7	a14
13	1.59032540127086	a7	a17
12	1.59040060006185	a7	a17	a33	8
13	1.59041628901824	a7	a17
12	1.59043874045584	a7	a14	a33	9
12	1.59044820792952	a7	a15	a33	10
13	1.59046497888291	a7	a15
13	1.59046957737013	a7	a14
12	1.59052989870247	a7	a17	a33	11
13	1.59054666965586	a7	a17
12	1.59056803909646	a7	a14	a33	12
12	1.59059427752353	a7	a15	a33	13
13	1.59059508902128	a7	a14
13	1.59061050747842	a7	a15
12	1.59068841126189	a7	a17	a33	14
13	1.59071005120174	a7	a17
12	1.59071383819122	a7	a16	a33	15
13	1.59076685604386	a7	a16
13	1.5909591810093	a6	a10
13	1.59101057586645	a8	a56
12	1.59143255469358	a8	a56	a50	0
12	1.60250030193134	a6	a10	a34	0
12	1.60255656577496	a7	a14	a35	0
12	1.60293391222614	a7	a15	a35	1
12	1.60298476608479	a7	a16	a35	2
12	1.60303129195548	a7	a17	a35	3
13	1.66236719553433	a7	a14
13	1.66344729903224	a7	a15
13	1.66714177776362	a7	a17
13	1.66779584494567	a7	a16
13	1.6679470540254	a6	a10
12	1.66801467883744	a6	a10	a36	0
12	1.66809474661489	a7	a14	a37	0
12	1.66839418928261	a7	a15	a37	1
12	1.66852997990518	a7	a17	a37	2
12	1.6690276985218	a7	a16	a37	3
13	1.67428999089552	a7	a17
13	1.67485695731967	a7	a16
13	1.67563301966264	a7	a14
13	1.67723302271551	a7	a15
13	1.67738260879975	a6	a10
12	1.68410397411805	a6	a10	a38	0
12	1.68419215687295	a7	a14	a39	0
12	1.68437690785945	a7	a17	a39	1
12	1.68442451572712	a7	a16	a39	2
12	1.68450458350458	a7	a15	a39	3
13	1.69054888920474	a7	a14
13	1.69114588104543	a7	a17
13	1.69140718331915	a7	a15
13	1.69276184355394	a7	a16
13	1.69293252857953	a6	a10
12	1.69298933342164	a6	a10	a40	0
12	1.69308076216752	a7	a14	a41	0
12	1.69341266474502	a7	a15	a41	1
12	1.69352843842323	a7	a17	a41	2
12	1.69372482087739	a7	a16	a41	3
13	1.69513547445655	a7	a14
13	1.69752208932308	a7	a15
13	1.69756861519376	a7	a17
13	1.69842068782547	a7	a16
13	1.69855837194278	a6	a10
12	1.69905230356993	a8	a57	a49	0
13	1.71926076140154	a8	a57
12	1.71936571510982	a8	a57	a54	0
12	1.72327064225628	a8	a58	a53	0
13	1.75058457433858	a8	a58
12	1.75063542819724	a8	a58	a52	0
13	1.76524346959492	a8	a58
12	1.76528837247012	a8	a58	a51	0
13	1.77428842345493	a8	a58
13	1.78111257848754	a8	a57
13	1.78124295912515	a8	a56
13	1.78141066865901	a8	a55
12	1.78184076246359	a8	a55	a47	0
13	1.82755188941182	a8	a55
12	1.82764007216672	a8	a55	a46	0
12	1.82767036808251	a8	a56	a48	0
13	1.90938602695796	a8	a56
12	1.91036956222428	a6	a10	a20	0
12	1.91060543756867	a7	a14	a21	0
12	1.91064736495214	a7	a17	a21	1
12	1.91100280096422	a7	a15	a21	2
12	1.91135390898833	a7	a16	a21	3
13	1.91221842458546	a7	a17
13	1.91257791808626	a7	a14
13	1.91266312534943	a7	a15
13	1.91384628906089	a7	a16
13	1.91396882522031	a6	a10
12	1.91480953688359	a8	a56	a44	0
12	1.91484253779187	a8	a57	a43	0
12	1.91535378137089	a6	a10	a22	0
12	1.91544521011677	a7	a14	a23	0
12	1.91588423039654	a7	a17	a23	1
12	1.91593724824917	a7	a16	a23	2
12	1.91594374023113	a7	a15	a23	3
13	1.91706874660423	a7	a14
12	1.91713583041778	a7	a14	a23	4
13	1.91769549336222	a7	a17
12	1.91777015115471	a7	a17	a23	5
13	1.91792595872165	a7	a15
12	1.91800440350362	a7	a15	a23	6
13	1.91882753271577	a7	a14
12	1.91888866554586	a7	a14	a23	7
13	1.91933634180157	a7	a17
12	1.91940288461661	a7	a17	a23	8
13	1.91978807554599	a7	a15
12	1.91985948734751	a7	a15	a23	9
13	1.92066368161229	a7	a14
12	1.92072860143185	a7	a14	a23	10
13	1.9210816029507	a7	a17
12	1.92113462080334	a7	a17	a23	11
13	1.92141107103496	a7	a15
12	1.92148410583196	a7	a15	a23	12
13	1.92246466560655	a7	a14
12	1.92253174942009	a7	a14	a23	13
13	1.92283119208781	a7	a17
12	1.92289719390436	a7	a17	a23	14
13	1.92328617182321	a7	a15
12	1.92335704262623	a7	a15	a23	15
13	1.92417097486395	a7	a14
13	1.92452992736626	a7	a17
13	1.92515694462349	a7	a15
13	1.93126914563494	a7	a16
13	1.93142846969211	a6	a10
12	1.93192077832376	a6	a10	a24	0
12	1.93199868210723	a7	a14	a25	0
13	1.93208415986965	a7	a14
12	1.93211932477191	a7	a14	a25	1
12	1.932142317208	a7	a17	a25	2
13	1.93218316259448	a7	a14
12	1.9322231964832	a7	a14	a25	3
13	1.93226566486517	a7	a17
13	1.93233734716593	a7	a14
13	1.93244662886218	a6	a10
12	1.93249748272084	a6	a10	a26	0
12	1.93255320556596	a7	a14	a27	0
13	1.93271550511486	a7	a14
12	1.93273173506975	a7	a14	a27	1
13	1.93283398378555	a7	a14
12	1.93285021374044	a7	a14	a27	2
13	1.93296761041414	a7	a14
12	1.93299222584573	a7	a17	a27	3
13	1.93318536230891	a7	a17
13	1.9333122264563	a6	a10
12	1.93366928546387	a6	a10	a22	0
12	1.93372663130448	a7	a14	a23	0
12	1.93386161042932	a7	a17	a23	1
12	1.93388866035413	a7	a16	a23	2
12	1.93398766307896	a7	a15	a23	3
13	1.93522898412877	a7	a14
12	1.93529498594532	a7	a14	a23	4
13	1.9354959668867	a7	a17
13	1.93552680380099	a7	a15
12	1.93559767460401	a7	a15	a23	5
12	1.93564203648071	a7	a17	a23	6
13	1.93609214722965	a7	a16
12	1.93616247703417	a7	a16	a23	7
13	1.93678651879968	a7	a14
12	1.93684494663728	a7	a14	a23	8
13	1.93712220836665	a7	a17
12	1.9371876691847	a7	a17	a23	9
13	1.93741651154865	a7	a15
12	1.93748521835768	a7	a15	a23	10
13	1.93834080747961	a7	a14
13	1.93839680082398	a7	a16
12	1.93840248130819	a7	a14	a23	11
12	1.93846658963001	a7	a16	a23	12
13	1.93884528857743	a7	a17
12	1.93891615938045	a7	a17	a23	13
13	1.93911145983762	a7	a15
12	1.93918178964215	a7	a15	a23	14
13	1.93992485107684	a7	a14
12	1.93999409888437	a7	a14	a23	15
13	1.9404677430679	a7	a17
13	1.94064140358522	a7	a16
13	1.94078747317923	a7	a15
13	1.94157219149814	a7	a14
13	1.94165875125756	a6	a10
13	1.94186974067112	a8	a57
12	1.94192438151925	a6	a10	a28	0
12	1.94198064536287	a7	a14	a29	0
13	1.94211535398845	a7	a14
12	1.94213158394334	a7	a14	a29	1
13	1.94223437365764	a7	a14
12	1.94225060361253	a7	a14	a29	2
13	1.94234744234337	a7	a14
12	1.94235582782007	a7	a15	a29	3
12	1.94238909922759	a7	a14	a29	4
12	1.94245591254189	a7	a17	a29	5
13	1.9424908069449	a7	a14
13	1.94253598031934	a7	a15
12	1.94255734975995	a7	a14	a29	6
13	1.94261929408778	a7	a17
12	1.94263498304417	a7	a16	a29	7
12	1.94265229499605	a7	a15	a29	8
13	1.94269368138102	a7	a14
12	1.94270531284869	a7	a17	a29	9
12	1.94275156822013	a7	a14	a29	10
13	1.94277185566374	a7	a15
13	1.94281405354645	a7	a17
12	1.94286328440962	a7	a15	a29	11
13	1.94287166988631	a7	a14
12	1.94288708834346	a7	a17	a29	12
12	1.94292793372993	a7	a14	a29	13
13	1.94296661512241	a7	a15
13	1.94298879606076	a7	a17
13	1.94302855945024	a7	a14
12	1.94304614190137	a7	a17	a29	14
12	1.94308725778709	a7	a15	a29	15
13	1.94316516157056	a7	a17
13	1.94319924447583	a7	a15
13	1.9435725334383	a7	a16
13	1.94370751256313	a6	a10
13	1.9437405134714	a8	a56
12	1.94484090441292	a8	a56	a42	0
12	1.94496371107159	a6	a10	a30	0
12	1.94501943391671	a7	a14	a31	0
12	1.94518524995583	a7	a17	a31	1
12	1.94520310290621	a7	a15	a31	2
13	1.94525368626562	a7	a14
12	1.94531157310472	a7	a14	a31	3
13	1.94548009413633	a7	a17
13	1.94548604511979	a7	a15
13	1.94549226660249	a7	a14
12	1.94552959549874	a7	a14	a31	4
12	1.94555529292732	a7	a17	a31	5
12	1.94557422787469	a7	a15	a31	6
13	1.94571569898147	a7	a14
12	1.94572354345967	a7	a16	a31	7
13	1.94574518339952	a7	a17
13	1.94577656131231	a7	a15
12	1.94579089777246	a7	a14	a31	8
12	1.94581010321908	a7	a17	a31	9
12	1.94588259701759	a7	a15	a31	10
13	1.94597105027174	a7	a14
13	1.94598268173941	a7	a17
12	1.94604895405521	a7	a14	a31	11
13	1.9460573395319	a7	a15
12	1.94606924149882	a7	a17	a31	12
12	1.94612496434394	a7	a15	a31	13
13	1.94622261457253	a7	a14
13	1.94624993499659	a7	a17
12	1.94629700186577	a7	a17	a31	14
13	1.94629700186577	a7	a15
13	1.94630187085224	a7	a16
12	1.94631296132141	a7	a14	a31	15
13	1.94646741639211	a7	a17
13	1.94649311382069	a7	a14
13	1.94664513439816	a6	a10
13	1.94687668175458	a8	a56
12	1.94694160157414	a8	a56	a45	0
12	1.94698163546287	a6	a10	a32	0
12	1.94704817827792	a7	a14	a33	0
13	1.94708713016965	a7	a14
12	1.94713636103282	a7	a14	a33	1
13	1.9471531319862	a7	a14
12	1.94717666542079	a7	a17	a33	2
12	1.94721534681328	a7	a14	a33	3
13	1.94722373228997	a7	a17
13	1.94723265876516	a7	a14
12	1.94724645422682	a7	a16	a33	4
12	1.94727647964336	a7	a14	a33	5
13	1.94729325059675	a7	a14
12	1.94729839008246	a7	a17	a33	6
13	1.94731353804036	a7	a17
12	1.94733923546894	a7	a14	a33	7
13	1.94735600642232	a7	a14
12	1.94739198282233	a7	a17	a33	8
12	1.9474030732915	a7	a14	a33	9
13	1.94741362276218	a7	a17
13	1.94742038524339	a7	a14
12	1.94745203365542	a7	a15	a33	10
13	1.94746501761933	a7	a16
12	1.94747123910204	a7	a14	a33	11
13	1.94748801005543	a7	a14
13	1.94749098554716	a7	a15
12	1.94752290445844	a7	a17	a33	12
13	1.94756023335468	a7	a17
12	1.94760838222086	a7	a15	a33	13
13	1.94762461217575	a7	a15
12	1.94764462912011	a7	a16	a33	14
12	1.94765680158628	a7	a14	a33	15
13	1.94768493350809	a7	a14
13	1.94769710597425	a7	a16
13	1.94787049599233	a6	a10
13	1.94794244879234	a8	a56
12	1.94943235865121	a8	a56	a50	0
12	1.96064509348598	a6	a10	a34	0
12	1.96073706323035	a7	a14	a35	0
12	1.96109980272214	a7	a16	a35	1
12	1.96110899969657	a7	a15	a35	2
12	1.96120367443343	a7	a17	a35	3
13	2.02984853913849	a7	a14
13	2.03287731922015	a7	a15
13	2.03515870987914	a7	a17
13	2.03564939551531	a7	a16
13	2.03584009748526	a6	a10
12	2.03628804424021	a6	a10	a36	0
12	2.03636703002068	a7	a14	a37	0
12	2.03678441036059	a7	a17	a37	1
12	2.03680009931698	a7	a15	a37	2
12	2.0380032799728	a7	a16	a37	3
13	2.0421072945659	a7	a16
13	2.04252278141108	a7	a15
13	2.04273187732991	a7	a14
13	2.04417931880682	a7	a17
13	2.04429644498127	a6	a10
12	2.05212307022756	a6	a10	a38	0
12	2.05221017098547	a7	a14	a39	0
12	2.05233703513286	a7	a16	a39	1
12	2.05239708596595	a7	a15	a39	2
12	2.05259887840508	a7	a17	a39	3
13	2.05796423099235	a7	a14
13	2.0591844531008	a7	a15
13	2.05922719198201	a7	a17
13	2.06027456507089	a7	a16
13	2.06040792120023	a6	a10
12	2.06050313693559	a6	a10	a40	0
12	2.06056372876718	a7	a14	a41	0
12	2.06070519987396	a7	a17	a41	1
12	2.06076416871006	a7	a15	a41	2
12	2.06116937658381	a7	a16	a41	3
13	2.06287379234647	a7	a14
13	2.06494338209415	a7	a15
13	2.06496339903851	a7	a17
13	2.06564018815741	a7	a16
13	2.06584333309278	a6	a10
12	2.0665612380974	a8	a57	a49	0
13	2.08676103995307	a8	a57
12	2.08696661938167	a8	a57	a54	0
12	2.09202549632078	a8	a58	a53	0
13	2.1192929025324	a8	a58
12	2.11932914943166	a8	a58	a52	0
13	2.13402429158725	a8	a58
12	2.13407352245042	a8	a58	a51	0
13	2.14312280429839	a8	a58
13	2.14997292725882	a8	a57
13	2.15016930971299	a8	a56
13	2.15034513422429	a8	a55
12	2.15167112153878	a8	a55	a46	0
12	2.15173495936134	a8	a56	a48	0
13	2.22154486432824	a8	a56
12	2.22192518627115	a6	a10	a20	0
12	2.2220512389208	a7	a14	a21	0
12	2.22254868703816	a7	a17	a21	1
12	2.22258114694794	a7	a15	a21	2
12	2.22292197600063	a7	a16	a21	3
13	2.22379812306542	a7	a14
13	2.22387196936017	a7	a15
13	2.2244995276159	a7	a17
13	2.22723698000729	a7	a16
13	2.22737358212761	a6	a10
12	2.22779556095474	a8	a56	a44	0
12	2.22781449590211	a8	a57	a43	0
12	2.22824242571271	a6	a10	a22	0
12	2.22830950952625	a7	a14	a23	0
12	2.22850508048267	a7	a15	a23	1
12	2.22862734614284	a7	a16	a23	2
12	2.22864952708119	a7	a17	a23	3
13	2.22988922513551	a7	a14
12	2.2299498169671	a7	a14	a23	4
13	2.23038018127092	a7	a17
12	2.23043806811003	a7	a17	a23	5
13	2.23045375706642	a7	a15
12	2.23052787386042	a7	a15	a23	6
13	2.23153223756884	a7	a14
13	2.2315449510335	a7	a16
12	2.23160743635983	a7	a14	a23	7
12	2.23163529778239	a7	a16	a23	8
13	2.2320010127659	a7	a17
12	2.23207621155689	a7	a17	a23	9
13	2.23230451292234	a7	a15
12	2.23237700672085	a7	a15	a23	10
13	2.23329210567737	a7	a14
12	2.23337974743378	a7	a14	a23	11
13	2.23387773654964	a7	a15
12	2.23394644335868	a7	a15	a23	12
13	2.23404869207448	a7	a17
12	2.23412497286246	a7	a17	a23	13
13	2.23479418800241	a7	a16
12	2.23486884579491	a7	a16	a23	14
13	2.23527270117241	a7	a14
12	2.23533383400249	a7	a14	a23	15
13	2.23565491661006	a7	a17
13	2.23566140859202	a7	a15
13	2.23690759862829	a7	a14
13	2.23739206278175	a7	a16
13	2.23753461588553	a6	a10
12	2.23784569002092	a6	a10	a24	0
12	2.23791331483296	a7	a14	a25	0
13	2.23799933359387	a7	a14
12	2.23801664554576	a7	a14	a25	1
13	2.23807020439689	a7	a14
12	2.23811132028261	a7	a14	a25	2
12	2.23813052572923	a7	a17	a25	3
13	2.23816433813525	a7	a14
13	2.23829877626159	a7	a17
13	2.23852193814132	a6	a10
12	2.23857279199997	a6	a10	a26	0
12	2.23864366280299	a7	a14	a27	0
13	2.23876214147369	a7	a14
12	2.23877837142858	a7	a14	a27	1
13	2.2388779151519	a7	a14
12	2.23891686704363	a7	a14	a27	2
12	2.23893985947973	a7	a17	a27	3
13	2.23900883678801	a7	a14
13	2.23915193089029	a7	a17
13	2.23932423891137	a6	a10
12	2.2396721009445	a6	a10	a22	0
12	2.23975379171744	a7	a14	a23	0
12	2.23987795087235	a7	a15	a23	1
12	2.23990500079717	a7	a17	a23	2
12	2.24027504376865	a7	a16	a23	3
13	2.24125019355827	a7	a14
12	2.24132160535979	a7	a14	a23	4
13	2.24141925558837	a7	a15
12	2.24149229038538	a7	a15	a23	5
13	2.24149391338086	a7	a17
12	2.24155450521245	a7	a17	a23	6
13	2.24280231824422	a7	a14
12	2.2428634510743	a7	a14	a23	7
13	2.24297949525176	a7	a16
12	2.24304008708335	a7	a16	a23	8
13	2.24307308799163	a7	a17
12	2.24314233579916	a7	a17	a23	9
13	2.2432678474503	a7	a15
12	2.24333709525783	a7	a15	a23	10
13	2.24432631100836	a7	a14
12	2.24438960783243	a7	a14	a23	11
13	2.24462304868359	a7	a17
12	2.24467606653623	a7	a17	a23	12
13	2.24481131616031	a7	a15
12	2.24488543295431	a7	a15	a23	13
13	2.24552110618749	a7	a16
12	2.24560550195291	a7	a16	a23	14
13	2.24589520664769	a7	a14
12	2.24595742147477	a7	a14	a23	15
13	2.2461659763951	a7	a17
13	2.2464900344944	a7	a15
13	2.24743326537274	a7	a14
13	2.24833321637137	a7	a16
13	2.24847576947515	a6	a10
13	2.24859695313832	a8	a57
12	2.24864834799547	a6	a10	a28	0
12	2.24871002182406	a7	a14	a29	0
13	2.24884202545716	a7	a14
12	2.24885825541205	a7	a14	a29	1
13	2.24896212712334	a7	a14
12	2.24897862757748	a7	a15	a29	2
12	2.2490056775023	a7	a17	a29	3
12	2.24902380095192	a7	a14	a29	4
13	2.24913470564367	a7	a14
12	2.24915147659705	a7	a14	a29	5
13	2.24919123998653	a7	a15
13	2.24919989596248	a7	a17
13	2.24924506933692	a7	a14
12	2.24926265178805	a7	a17	a29	6
12	2.24928807871738	a7	a15	a29	7
12	2.24932567811287	a7	a14	a29	8
12	2.24935462153242	a7	a16	a29	9
13	2.24937950746325	a7	a17
13	2.24942143484672	a7	a14
13	2.24942278734296	a7	a15
12	2.24947688719259	a7	a17	a29	10
12	2.24950393711741	a7	a15	a29	11
12	2.24952801155049	a7	a14	a29	12
13	2.24962403878359	a7	a17
13	2.24962782577307	a7	a15
13	2.2496443262272	a7	a14
12	2.24968408961668	a7	a17	a29	13
12	2.24969815557759	a7	a15	a29	14
13	2.24970843454902	a7	a16
12	2.24971627902721	a7	a14	a29	15
13	2.2497852563355	a7	a17
13	2.24980689627535	a7	a15
13	2.24984449567084	a7	a14
13	2.25000300823027	a6	a10
13	2.25003925512952	a8	a56
12	2.25064246845292	a8	a56	a42	0
12	2.25075553713865	a6	a10	a30	0
12	2.2508220799537	a7	a14	a31	0
12	2.25095489508454	a7	a17	a31	1
12	2.2510208969011	a7	a15	a31	2
13	2.25106174228757	a7	a14
12	2.25107445575223	a7	a16	a31	3
12	2.25113477708457	a7	a14	a31	4
13	2.25127516619437	a7	a17
13	2.25128328117181	a7	a15
13	2.25131979857031	a7	a14
12	2.25136470144551	a7	a14	a31	5
12	2.25137470991769	a7	a17	a31	6
12	2.25139093987258	a7	a15	a31	7
13	2.25154837043501	a7	a17
13	2.25155405091922	a7	a14
13	2.25157487936133	a7	a15
13	2.25160409328013	a7	a16
12	2.25161329025457	a7	a17	a31	8
12	2.25162897921096	a7	a15	a31	9
12	2.25166928359894	a7	a14	a31	10
12	2.25170309600496	a7	a16	a31	11
13	2.25178911476587	a7	a17
13	2.25182752565911	a7	a15
13	2.2518656660531	a7	a14
12	2.25187837951777	a7	a17	a31	12
12	2.25192869237792	a7	a15	a31	13
12	2.25195006181853	a7	a14	a31	14
13	2.25205853201704	a7	a17
13	2.25207692596592	a7	a16
13	2.2521302143178	a7	a14
13	2.25213156681404	a7	a15
12	2.25214130478698	a7	a17	a31	15
13	2.2523885410998	a7	a17
13	2.25254083217651	a6	a10
13	2.25275344458557	a8	a56
12	2.25281295442016	a8	a56	a45	0
12	2.25285677529836	a6	a10	a32	0
12	2.25291358014048	a7	a14	a33	0
13	2.25295253203221	a7	a14
12	2.25299202492244	a7	a14	a33	1
13	2.25300879587583	a7	a14
12	2.25302691932546	a7	a17	a33	2
12	2.25304504277508	a7	a14	a33	3
13	2.25306181372847	a7	a14
12	2.25307858468186	a7	a14	a33	4
13	2.25309481463675	a7	a14
12	2.25311483158111	a7	a14	a33	5
13	2.25311888906983	a7	a17
13	2.253131061536	a7	a14
12	2.25316784943375	a7	a14	a33	6
13	2.25318462038714	a7	a14
12	2.25318543188488	a7	a17	a33	7
13	2.25320274383676	a7	a17
12	2.2532197852894	a7	a14	a33	8
13	2.25323655624278	a7	a14
12	2.25326008967737	a7	a17	a33	9
13	2.25327686063076	a7	a17
12	2.25330093506384	a7	a14	a33	10
13	2.25331824701573	a7	a14
12	2.2533439444443	a7	a15	a33	11
12	2.25336369088942	a7	a14	a33	12
13	2.2533804618428	a7	a14
12	2.25338127334055	a7	a17	a33	13
13	2.25339750329544	a7	a17
12	2.25341562674506	a7	a14	a33	14
13	2.25343239769845	a7	a14
13	2.2534467341586	a7	a15
12	2.25346512810748	a7	a17	a33	15
13	2.25348352205635	a7	a17
13	2.25369369997217	a6	a10
13	2.25376619377068	a8	a56
12	2.25430394627603	a8	a56	a50	0
12	2.26504276642802	a6	a10	a34	0
12	2.26510011226863	a7	a14	a35	0
12	2.26520804146864	a7	a15	a35	1
12	2.26523509139346	a7	a17	a35	2
12	2.26541091590476	a7	a16	a35	3
13	2.32690269849146	a7	a14
13	2.32773989366452	a7	a15
13	2.33225398511783	a7	a16
13	2.33256397725622	a7	a17
13	2.33269571039008	a6	a10
12	2.33275305623069	a6	a10	a36	0
12	2.3328104020713	a7	a14	a37	0
12	2.3329783821044	a7	a15	a37	1
12	2.33327539027888	a7	a16	a37	2
12	2.33330785018866	a7	a17	a37	3
13	2.33644239547635	a7	a17
13	2.33847736132027	a7	a14
13	2.33888608568424	a7	a15
13	2.33911709204217	a7	a16
13	2.33924179219557	a6	a10
12	2.34623365676204	a6	a10	a38	0
12	2.34635051243724	a7	a14	a39	0
12	2.34673435087038	a7	a15	a39	1
12	2.34680197568242	a7	a17	a39	2
12	2.34683389459371	a7	a16	a39	3
13	2.35272185172843	a7	a14
13	2.35380898820679	a7	a17
13	2.35405460152412	a7	a15
13	2.35522207627918	a7	a16
13	2.35541386024613	a6	a10
12	2.35546417310628	a6	a10	a40	0
12	2.35556588082359	a7	a14	a41	0
12	2.35562566115744	a7	a15	a41	1
12	2.35576253377701	a7	a17	a41	2
12	2.35619370957857	a7	a16	a41	3
13	2.35763357707653	a7	a14
13	2.35956088421968	a7	a15
13	2.3598373344513	a7	a17
13	2.36082573870408	a7	a16
13	2.36099101374471	a6	a10
12	2.3615065853117	a8	a57	a49	0
13	2.38149810274629	a8	a57
12	2.38157762952525	a8	a57	a54	0
12	2.38541168586868	a8	a58	a53	0
13	2.41276402884423	a8	a58
12	2.41281704669687	a8	a58	a52	0
13	2.42738775919831	a8	a58
12	2.42743103907801	a8	a58	a51	0
13	2.43642405708237	a8	a58
13	2.44323576914956	a8	a57
13	2.44334126385635	a8	a56
13	2.44349761242178	a8	a55
12	2.44390336129403	a8	a55	a46	0
12	2.44392500123388	a8	a56	a48	0
13	2.51210325473587	a8	a56
12	2.51228773522311	a6	a10	a20	0
12	2.51235806502763	a7	a14	a21	0
12	2.51256878394195	a7	a17	a21	1
12	2.5127089025525	a7	a15	a21	2
12	2.51275596942168	a7	a16	a21	3
13	2.51401947140984	a7	a14
13	2.51510931288068	a7	a16
13	2.51570332922964	a7	a17
13	2.51573741213491	a7	a15
13	2.51596598399961	a6	a10
12	2.51626461516958	a8	a56	a44	0
12	2.5162900420989	a8	a57	a43	0
12	2.51664223212001	a6	a10	a22	0
12	2.51671039793054	a7	a14	a23	0
12	2.51682914710049	a7	a17	a23	1
12	2.51692382183734	a7	a15	a23	2
12	2.51709044937421	a7	a16	a23	3
13	2.51826035862251	a7	a14
12	2.51832473744357	a7	a14	a23	4
13	2.51869613291129	a7	a17
12	2.51875672474288	a7	a17	a23	5
13	2.51878485666469	a7	a15
12	2.51886005545568	a7	a15	a23	6
13	2.51982465577462	a7	a16
12	2.51988146061674	a7	a16	a23	7
13	2.51990283005734	a7	a14
12	2.51996558588291	a7	a14	a23	8
13	2.52032345638823	a7	a17
13	2.52038945820478	a7	a15
12	2.52039703218373	a7	a17	a23	9
12	2.5204608700063	a7	a15	a23	10
13	2.52160643432226	a7	a14
12	2.52167946911926	a7	a14	a23	11
13	2.52195673084863	a7	a17
13	2.52198864975991	a7	a15
12	2.52203571662909	a7	a17	a23	12
12	2.52206060255992	a7	a15	a23	13
13	2.52244038350434	a7	a16
12	2.52251450029834	a7	a16	a23	14
13	2.52331382557665	a7	a14
12	2.52337604040373	a7	a14	a23	15
13	2.52380424071357	a7	a17
13	2.52390378443689	a7	a15
13	2.52479318596484	a7	a16
13	2.52500606887315	a7	a14
13	2.52508884164308	a6	a10
12	2.52528143710777	a6	a10	a24	0
12	2.52534527493034	a7	a14	a25	0
13	2.52541722773035	a7	a14
12	2.52543345768524	a7	a14	a25	1
12	2.52548458204314	a7	a15	a25	2
13	2.52550324649127	a7	a14
12	2.52556329732436	a7	a14	a25	3
13	2.52562767614542	a7	a14
13	2.52566419354392	a7	a15
13	2.52591494634697	a6	a10
12	2.52594848825374	a6	a10	a26	0
12	2.52602152305074	a7	a14	a27	0
13	2.52611403379361	a7	a14
12	2.5261302637485	a7	a14	a27	1
13	2.52622439748686	a7	a14
12	2.5262774153395	a7	a14	a27	2
12	2.52632150671695	a7	a17	a27	3
13	2.52637479506884	a7	a14
13	2.52651302018465	a7	a17
13	2.52663717933956	a6	a10
12	2.52692228554712	a6	a10	a22	0
12	2.52699261535164	a7	a14	a23	0
12	2.52712056149602	a7	a17	a23	1
12	2.52716871036219	a7	a16	a23	2
12	2.52742352065396	a7	a15	a23	3
13	2.52848090221502	a7	a14
12	2.52854419903909	a7	a14	a23	4
13	2.52866457120452	a7	a17
12	2.52872191704513	a7	a17	a23	5
13	2.52906977907827	a7	a15
12	2.5291384858873	a7	a15	a23	6
13	2.52965135246182	a7	a16
12	2.52972168226634	a7	a16	a23	7
13	2.53003573189345	a7	a14
12	2.53009686472354	a7	a14	a23	8
13	2.53022372887092	a7	a17
12	2.53028323870552	a7	a17	a23	9
13	2.53060134582136	a7	a15
12	2.5306684296349	a7	a15	a23	10
13	2.53158244659444	a7	a14
12	2.53164953040798	a7	a14	a23	11
13	2.53175259062153	a7	a17
12	2.53181751044109	a7	a17	a23	12
13	2.53185754432982	a7	a16
12	2.53192733313584	a7	a16	a23	13
13	2.53214643752685	a7	a15
12	2.53221460333739	a7	a15	a23	14
13	2.53312699730144	a7	a14
12	2.53319678610746	a7	a14	a23	15
13	2.53328578036011	a7	a17
13	2.53394688052261	a7	a15
13	2.53424713468807	a7	a16
13	2.53466722002046	a7	a14
13	2.53474674679942	a6	a10
13	2.53489011140095	a8	a57
12	2.53493285028216	a6	a10	a28	0
12	2.53496909718141	a7	a14	a29	0
12	2.53507161639647	a7	a16	a29	1
12	2.53509758432429	a7	a15	a29	2
13	2.53511462577692	a7	a14
12	2.53518657857693	a7	a14	a29	3
12	2.53522255497694	a7	a17	a29	4
13	2.53526853984913	a7	a15
13	2.53529586027319	a7	a14
12	2.53533156617395	a7	a14	a29	5
13	2.53535455861004	a7	a17
12	2.53536321458598	a7	a15	a29	6
12	2.53541839643261	a7	a17	a29	7
13	2.53542326541907	a7	a16
13	2.53547330777998	a7	a14
13	2.53548385725066	a7	a15
12	2.53548980823412	a7	a16	a29	8
13	2.53551956315142	a7	a17
12	2.53555364605669	a7	a15	a29	9
12	2.53559286844767	a7	a14	a29	10
12	2.53560504091384	a7	a17	a29	11
13	2.53563804182211	a7	a16
13	2.53566292775294	a7	a15
13	2.53572297858604	a7	a17
12	2.53572351958453	a7	a16	a29	12
13	2.535765446968	a7	a14
12	2.53576842245973	a7	a15	a29	13
12	2.53580575135597	a7	a17	a29	14
12	2.53585092473042	a7	a14	a29	15
13	2.5358906881199	a7	a15
13	2.53591341005674	a7	a17
13	2.53594749296201	a7	a16
13	2.53596453441464	a7	a14
13	2.53617335983422	a6	a10
13	2.5361922947816	a8	a56
12	2.53650499191247	a8	a56	a42	0
12	2.53655746876661	a6	a10	a30	0
12	2.53661427360873	a7	a14	a31	0
13	2.53680632807492	a7	a14
12	2.53682201703131	a7	a14	a31	1
12	2.53694238919675	a7	a16	a31	2
13	2.53700325152758	a7	a14
12	2.53703679343435	a7	a14	a31	3
12	2.53709495077271	a7	a15	a31	4
12	2.53711659071256	a7	a17	a31	5
13	2.53720828995769	a7	a14
12	2.53726888178928	a7	a14	a31	6
13	2.5373173011547	a7	a15
13	2.53732974412011	a7	a17
12	2.5374049429111	a7	a15	a31	7
13	2.53741305788855	a7	a16
13	2.53744037831261	a7	a14
12	2.53749150267051	a7	a17	a31	8
12	2.53750313413818	a7	a14	a31	9
12	2.53752720857127	a7	a16	a31	10
13	2.53757860342842	a7	a15
12	2.53765326122091	a7	a15	a31	11
13	2.53768220464047	a7	a14
13	2.53770844306754	a7	a17
12	2.53777011689612	a7	a17	a31	12
12	2.53777850237281	a7	a14	a31	13
13	2.53779987181342	a7	a16
13	2.53782800373523	a7	a15
12	2.53792267847208	a7	a15	a31	15
12	2.53792267847208	a7	a16	a31	14
13	2.53795513838186	a7	a17
13	2.5379564908781	a7	a14
13	2.53809742098639	a7	a15
13	2.53819858770521	a7	a16
13	2.53834330480297	a6	a10
13	2.5384855874075	a8	a56
12	2.53853535926917	a8	a56	a45	0
12	2.53857106516992	a6	a10	a32	0
12	2.53862841101053	a7	a14	a33	0
13	2.53864464096542	a7	a14
12	2.53866465790979	a7	a14	a33	1
13	2.53868792084513	a7	a14
12	2.53870469179852	a7	a14	a33	2
13	2.53872038075491	a7	a14
12	2.53873715170829	a7	a14	a33	3
13	2.53875392266168	a7	a14
12	2.53877069361507	a7	a14	a33	4
13	2.53878746456845	a7	a14
12	2.53880369452334	a7	a14	a33	5
13	2.53882046547673	a7	a14
12	2.53883669543162	a7	a14	a33	6
13	2.5388540073835	a7	a14
12	2.53887131933538	a7	a14	a33	7
13	2.53888754929027	a7	a14
12	2.53890432024366	a7	a14	a33	8
13	2.53892109119704	a7	a14
12	2.53895517410231	a7	a14	a33	9
13	2.5389719450557	a7	a14
12	2.53904173386172	a7	a14	a33	10
13	2.53905904581361	a7	a14
12	2.5390814972512	a7	a16	a33	11
12	2.53913153961211	a7	a14	a33	12
13	2.539148851564	a7	a14
12	2.53915777803918	a7	a17	a33	13
12	2.53918672145874	a7	a14	a33	14
13	2.53919564793393	a7	a17
13	2.53920349241212	a7	a14
12	2.53920917289634	a7	a15	a33	15
13	2.53924920678506	a7	a15
13	2.53935145550087	a7	a16
13	2.53947345066179	a6	a10
13	2.53952159952796	a8	a56
12	2.53994466035209	a8	a56	a50	0
12	2.55022958276566	a6	a10	a34	0
12	2.55030424055816	a7	a14	a35	0
12	2.55050143451006	a7	a16	a35	1
12	2.55061017520783	a7	a17	a35	2
12	2.55073730985446	a7	a15	a35	3
13	2.60536598551682	a7	a14
13	2.61276116446229	a7	a15
13	2.61446044073924	a7	a16
13	2.61467088915431	a7	a17
13	2.61481993424004	a6	a10
12	2.61487782107915	a6	a10	a36	0
12	2.61493624891675	a7	a14	a37	0
12	2.61514696783107	a7	a15	a37	1
12	2.61539095815291	a7	a17	a37	2
12	2.6166422876749	a7	a16	a37	3
13	2.61955231858662	a7	a17
13	2.62086829742892	a7	a14
13	2.62147340424706	a7	a15
13	2.62238660970885	a7	a16
13	2.62251347385624	a6	a10
12	2.62892268304216	a6	a10	a38	0
12	2.62927216807079	a7	a14	a39	0
12	2.62964356353851	a7	a17	a39	1
12	2.62967277745732	a7	a16	a39	2
12	2.6297344512859	a7	a15	a39	3
13	2.6352572344356	a7	a14
13	2.63623076122973	a7	a17
13	2.63653804837564	a7	a15
13	2.63827465354884	a7	a16
13	2.63841341966314	a6	a10
12	2.63847184750074	a6	a10	a40	0
12	2.63852811134436	a7	a14	a41	0
12	2.63862089258648	a7	a17	a41	1
12	2.63899201755496	a7	a15	a41	2
12	2.63916784206626	a7	a16	a41	3
13	2.64057579065294	a7	a14
13	2.64240301307427	a7	a17
13	2.64325400370898	a7	a15
13	2.64360565273159	a7	a16
13	2.64374928783237	a6	a10
12	2.64425133443695	a8	a57	a49	0
13	2.66476924340846	a8	a57
12	2.66485418017238	a8	a57	a54	0
12	2.66991630310247	a8	a58	a53	0
13	2.69725944910357	a8	a58
12	2.69732004093516	a8	a58	a52	0
13	2.71163702514183	a8	a58
12	2.71167219004409	a8	a58	a51	0
13	2.72060840320634	a8	a58
13	2.72744500120436	a8	a57
13	2.72759810377882	a8	a56
13	2.72775932133072	a8	a55
12	2.72815208623905	a8	a55	a46	0
12	2.7281737261789	a8	a56	a48	0
13	2.79650670525084	a8	a56
12	2.79669064473959	a6	a10	a20	0
12	2.79675772855313	a7	a14	a21	0
12	2.79692246259526	a7	a17	a21	1
12	2.79708476214416	a7	a15	a21	2
12	2.79731144051412	a7	a16	a21	3
13	2.79786217698337	a7	a17
13	2.79839803599398	a7	a14
13	2.79886627019255	a7	a15
13	2.80137001123352	a7	a16
13	2.8014984983764	a6	a10
12	2.80174194769975	a8	a56	a44	0
12	2.80175980065012	a8	a57	a43	0
12	2.80211415466522	a6	a10	a22	0
12	2.80221045239756	a7	a14	a23	0
12	2.80239087539608	a7	a17	a23	1
12	2.8025212560337	a7	a15	a23	2
12	2.80272358947132	a7	a16	a23	3
13	2.80373715015418	a7	a14
12	2.80379720098727	a7	a14	a23	4
13	2.80429140311366	a7	a17
12	2.80435253594375	a7	a17	a23	5
13	2.80438824184451	a7	a15
12	2.80445803065053	a7	a15	a23	6
13	2.80575615654246	a7	a14
12	2.8058226993575	a7	a14	a23	7
13	2.80582296985675	a7	a17
13	2.80583974081014	a7	a16
12	2.80592034958609	a7	a17	a23	8
12	2.80601502432295	a7	a16	a23	9
13	2.80657982675311	a7	a15
12	2.80664528757116	a7	a15	a23	10
13	2.80771430059989	a7	a17
13	2.80777137594125	a7	a14
12	2.80777759742396	a7	a17	a23	11
12	2.80783088577585	a7	a14	a23	12
13	2.80817901830823	a7	a15
12	2.80824718411877	a7	a15	a23	13
13	2.80892289124068	a7	a16
12	2.80900512301212	a7	a16	a23	14
13	2.80944522528888	a7	a14
12	2.80950527612197	a7	a14	a23	15
13	2.80956397445882	a7	a17
13	2.80986585161977	a7	a15
13	2.81117587947861	a7	a14
13	2.81159001382754	a7	a16
13	2.81172553395087	a6	a10
12	2.81188025952082	a6	a10	a24	0
12	2.81193706436293	a7	a14	a25	0
13	2.81199711519603	a7	a14
12	2.8120149681464	a7	a14	a25	1
13	2.81206744500055	a7	a14
12	2.81208313395694	a7	a14	a25	2
13	2.8121480537765	a7	a14
12	2.81216428373139	a7	a14	a25	3
13	2.81221730158403	a7	a14
13	2.81240394606526	a6	a10
12	2.81244776694346	a6	a10	a26	0
12	2.81250240779159	a7	a14	a27	0
13	2.81259167254348	a7	a14
12	2.81260790249837	a7	a14	a27	1
13	2.8127074462217	a7	a14
12	2.81272421717508	a7	a14	a27	2
13	2.81281348192698	a7	a14
12	2.81283620386382	a7	a14	a27	3
13	2.81293196059767	a7	a14
13	2.81310508011649	a6	a10
12	2.81336475939473	a6	a10	a22	0
12	2.81341777724737	a7	a14	a23	0
12	2.81367772702485	a7	a17	a23	1
12	2.81369341598124	a7	a15	a23	2
12	2.81373615486245	a7	a16	a23	3
13	2.8149277040506	a7	a14
12	2.81498775488369	a7	a14	a23	4
13	2.81521199876042	a7	a17
13	2.8152293107123	a7	a15
12	2.81526988559953	a7	a17	a23	5
12	2.81529531252885	a7	a15	a23	6
13	2.816523920114	a7	a16
13	2.81656855248995	a7	a14
12	2.81660561088695	a7	a16	a23	7
12	2.81662968532003	a7	a14	a23	8
13	2.81676087745539	a7	a15
13	2.8167738614193	a7	a17
12	2.81685338819826	a7	a15	a23	9
12	2.81688097912157	a7	a17	a23	10
13	2.81822454888719	a7	a14
12	2.81828568171727	a7	a14	a23	11
13	2.8183633150015	a7	a15
12	2.81843526780151	a7	a15	a23	12
13	2.81870739004516	a7	a17
12	2.81877068686923	a7	a17	a23	13
13	2.819391753143	a7	a16
12	2.81946100095053	a7	a16	a23	14
13	2.81985079036713	a7	a14
12	2.81991030020173	a7	a14	a23	15
13	2.81999767145888	a7	a15
13	2.82035743545894	a7	a17
13	2.82144781792827	a7	a14
13	2.82211730356747	a7	a16
13	2.82226364366073	a6	a10
13	2.82241999222617	a8	a57
12	2.82245245213595	a6	a10	a28	0
12	2.82251033897505	a7	a14	a29	0
13	2.8226201616698	a7	a14
12	2.82263639162469	a7	a14	a29	1
13	2.82272782037057	a7	a14
12	2.82272863186832	a7	a17	a29	2
12	2.82276352627133	a7	a14	a29	3
13	2.8228565780127	a7	a14
12	2.82290418588037	a7	a14	a29	4
13	2.82291419435256	a7	a17
12	2.82295855622925	a7	a15	a29	5
13	2.82299994261422	a7	a14
12	2.8230110330834	a7	a17	a29	6
12	2.82305945244882	a7	a14	a29	7
13	2.82310787181424	a7	a15
12	2.82311165880371	a7	a16	a29	8
13	2.82312626576311	a7	a17
13	2.82316278316162	a7	a14
12	2.82319984155861	a7	a17	a29	9
12	2.82323392446388	a7	a15	a29	10
12	2.82325204791351	a7	a14	a29	11
13	2.82331832022931	a7	a17
13	2.82336863308947	a7	a15
12	2.82336971508646	a7	a17	a29	12
13	2.8233710675827	a7	a14
13	2.82339027302932	a7	a16
12	2.82345411085189	a7	a15	a29	13
13	2.82347196380226	a7	a17
12	2.8234743982955	a7	a14	a29	14
12	2.82349739073159	a7	a16	a29	15
13	2.82356663853912	a7	a15
13	2.8235771880098	a7	a14
13	2.82383335079781	a7	a16
13	2.82400728181437	a6	a10
13	2.82402838075573	a8	a56
12	2.82431781495126	a8	a56	a42	0
12	2.82439517773624	a6	a10	a30	0
12	2.82445306457534	a7	a14	a31	0
12	2.8246145526265	a7	a16	a31	1
12	2.82463565156785	a7	a17	a31	2
13	2.82465485701447	a7	a14
12	2.82466053749868	a7	a15	a31	3
12	2.82469272690921	a7	a14	a31	4
13	2.82486530542954	a7	a14
13	2.82489154385661	a7	a17
13	2.82490344582353	a7	a15
12	2.82494347971226	a7	a17	a31	5
12	2.82496539015136	a7	a14	a31	6
12	2.82498080860851	a7	a15	a31	7
13	2.82510091027469	a7	a16
13	2.82512633720402	a7	a17
13	2.82515284613034	a7	a15
13	2.8251801665544	a7	a14
12	2.82518855203109	a7	a17	a31	8
12	2.82524211088223	a7	a16	a31	9
12	2.82525103735742	a7	a14	a31	10
12	2.82526699681306	a7	a15	a31	11
13	2.8253643765424	a7	a17
12	2.82543146035594	a7	a17	a31	12
13	2.82543957533339	a7	a15
13	2.82546960074993	a7	a14
12	2.82550909364016	a7	a14	a31	13
12	2.82553100407927	a7	a15	a31	14
13	2.82555102102363	a7	a16
13	2.82560566187176	a7	a17
12	2.82561107185672	a7	a16	a31	15
13	2.8257030416011	a7	a15
13	2.8257238700432	a7	a14
13	2.82594973691542	a7	a16
13	2.82608850302973	a6	a10
13	2.82623403162524	a8	a56
12	2.82627893450043	a8	a56	a45	0
12	2.82632113238314	a6	a10	a32	0
12	2.82637360923729	a7	a14	a33	0
13	2.82638983919218	a7	a14
12	2.82640931513804	a7	a14	a33	1
13	2.82642608609143	a7	a14
12	2.82644339804331	a7	a14	a33	2
13	2.82646070999519	a7	a14
12	2.82647693995008	a7	a14	a33	3
13	2.82649371090347	a7	a14
12	2.82650994085836	a7	a14	a33	4
13	2.82652671181175	a7	a14
12	2.82654294176664	a7	a14	a33	5
13	2.82656025371852	a7	a14
12	2.8265770246719	a7	a14	a33	6
13	2.82659433662379	a7	a14
12	2.82666791241929	a7	a14	a33	7
13	2.82668522437117	a7	a14
12	2.82670010182982	a7	a17	a33	8
12	2.82673526673208	a7	a16	a33	9
13	2.826747168699	a7	a17
12	2.82675663617268	a7	a14	a33	10
13	2.82677286612757	a7	a14
12	2.82683210546292	a7	a15	a33	11
12	2.82685645039525	a7	a17	a33	12
12	2.82686591786894	a7	a14	a33	13
13	2.82687538534263	a7	a15
13	2.82688268882233	a7	a14
13	2.82688295932157	a7	a17
13	2.82688350032007	a7	a16
12	2.82697682256069	a7	a14	a33	14
13	2.82700603647949	a7	a14
12	2.82700684797723	a7	a16	a33	15
13	2.82704255387799	a7	a16
13	2.82723433784494	a6	a10
13	2.82728573270209	a8	a56
12	2.82771312151418	a8	a56	a50	0
12	2.83922394652042	a6	a10	a34	0
12	2.83929535832194	a7	a14	a35	0
12	2.83939571354301	a7	a17	a35	1
12	2.83950661823475	a7	a16	a35	2
12	2.83973978858667	a7	a15	a35	3
13	2.90068597418982	a7	a15
13	2.90268631612997	a7	a14
13	2.90609866414552	a7	a17
13	2.9067489443381	a7	a16
13	2.90695479426595	a6	a10
12	2.90701214010656	a6	a10	a36	0
12	2.90708625690056	a7	a14	a37	0
12	2.9071903991111	a7	a15	a37	1
12	2.90753934314123	a7	a17	a37	2
12	2.90806898066913	a7	a16	a37	3
13	2.91111696619741	a7	a17
13	2.91326364823081	a7	a16
13	2.91414574627906	a7	a14
13	2.91477357503405	a7	a15
13	2.91492965310024	a6	a10
12	2.9212739424666	a6	a10	a38	0
12	2.92137510918542	a7	a14	a39	0
12	2.92146518543505	a7	a17	a39	1
12	2.9217378486772	a7	a15	a39	2
12	2.92208571071033	a7	a16	a39	3
13	2.92723304090359	a7	a14
13	2.928018300221	a7	a17
13	2.92816761580599	a7	a15
13	2.93038462764391	a7	a16
13	2.93053854171612	a6	a10
12	2.93059318256425	a6	a10	a40	0
12	2.93067216834471	a7	a14	a41	0
12	2.93083473839285	a7	a17	a41	1
12	2.93109982765605	a7	a15	a41	2
12	2.93138439286512	a7	a16	a41	3
13	2.93269604371945	a7	a14
13	2.93480837234834	a7	a17
13	2.93504532968973	a7	a15
13	2.93588441835752	a7	a16
13	2.93602318447183	a6	a10
12	2.93654687101627	a8	a57	a49	0
13	2.95666931008697	a8	a57
12	2.95675965683585	a8	a57	a54	0
12	2.96042167565746	a8	a58	a53	0
13	2.99821528961201	a8	a58
12	2.99826993046014	a8	a58	a52	0
13	3.01270755733149	a8	a58
12	3.01275949318714	a8	a58	a51	0
13	3.02178443010278	a8	a58
13	3.02877034368578	a8	a57
13	3.02899161207078	a8	a56
13	3.02916364959261	a8	a55
12	3.0304890959086	a8	a55	a46	0
12	3.03055022873868	a8	a56	a48	0
13	3.09808415303155	a8	a56
12	3.09860080659554	a6	a10	a20	0
12	3.0986651854166	a7	a14	a21	0
12	3.09888456030686	a7	a16	a21	1
12	3.09896841507379	a7	a17	a21	2
12	3.09909338572644	a7	a15	a21	3
13	3.10032875579279	a7	a14
13	3.10087218878235	a7	a15
13	3.10124385474932	a7	a17
13	3.10268669773901	a7	a16
13	3.1028135618864	a6	a10
12	3.10321335977518	a8	a56	a44	0
12	3.10323175372406	a8	a57	a43	0
12	3.10361423966096	a6	a10	a22	0
12	3.10367861848202	a7	a14	a23	0
12	3.10378708868053	a7	a15	a23	1
12	3.10404730895726	a7	a17	a23	2
12	3.10408139186253	a7	a16	a23	3
13	3.10525076011233	a7	a14
12	3.1053135159379	a7	a14	a23	4
13	3.10576984816955	a7	a15
12	3.10583909597708	a7	a15	a23	5
13	3.10600193652447	a7	a17
12	3.10606847933952	a7	a17	a23	6
13	3.10681451626595	a7	a16
12	3.10689350204641	a7	a16	a23	7
13	3.1069467903983	a7	a14
12	3.10700684123139	a7	a14	a23	8
13	3.10761844003148	a7	a15
12	3.10769201582698	a7	a15	a23	9
13	3.10777587059391	a7	a17
12	3.10784511840144	a7	a17	a23	10
13	3.1086682476136	a7	a14
12	3.10873046244067	a7	a14	a23	11
13	3.10940265307235	a7	a17
13	3.10941293204378	a7	a16
13	3.10941996502424	a7	a15
12	3.10950057380019	a7	a17	a23	12
12	3.10952545973102	a7	a15	a23	13
12	3.10956278862726	a7	a16	a23	14
13	3.11037617986648	a7	a14
12	3.11043785369506	a7	a14	a23	15
13	3.11107812541546	a7	a15
13	3.111366477614	a7	a17
13	3.1120949320893	a7	a14
13	3.11274331878714	a7	a16
13	3.11288587189092	a6	a10
12	3.11316178112405	a6	a10	a24	0
12	3.11323102893158	a7	a14	a25	0
13	3.11331704769249	a7	a14
12	3.11335708158122	a7	a14	a25	1
12	3.11338007401731	a7	a17	a25	2
13	3.11342254239927	a7	a14
12	3.11346041229402	a7	a14	a25	3
13	3.11353020110004	a7	a14
13	3.11355319353614	a7	a17
13	3.11378447039331	a6	a10
12	3.11386291517528	a6	a10	a26	0
12	3.1139186380204	a7	a14	a27	0
13	3.11403928068508	a7	a14
12	3.11404171517831	a7	a15	a27	1
12	3.11407823257682	a7	a14	a27	2
12	3.11412881593622	a7	a17	a27	3
13	3.11417723530164	a7	a14
13	3.11426622955429	a7	a15
13	3.11432195239941	a7	a17
13	3.11460408311524	a6	a10
12	3.1149486991574	a6	a10	a22	0
12	3.11500929098899	a7	a14	a23	0
12	3.1151761890251	a7	a16	a23	1
12	3.11539583441461	a7	a15	a23	2
12	3.11547157420409	a7	a17	a23	3
13	3.11650677482681	a7	a14
12	3.11657007165087	a7	a14	a23	4
13	3.11695391008402	a7	a15
12	3.11702748587952	a7	a15	a23	5
13	3.11707130675772	a7	a17
12	3.11714596455021	a7	a17	a23	6
13	3.11796936426161	a7	a16
12	3.11804835004207	a7	a16	a23	7
13	3.11806971948268	a7	a14
12	3.11813085231276	a7	a14	a23	8
13	3.11853146169929	a7	a15
12	3.1186039554978	a7	a15	a23	9
13	3.11860936548276	a7	a17
12	3.11867861329029	a7	a17	a23	10
13	3.11961372919118	a7	a14
12	3.11967594401826	a7	a14	a23	11
13	3.12010306233111	a7	a15
13	3.12014904720329	a7	a17
12	3.12019665507097	a7	a15	a23	12
12	3.12021991800631	a7	a17	a23	13
13	3.1206045679372	a7	a16
12	3.12067056975375	a7	a16	a23	14
13	3.12116693587412	a7	a14
12	3.12123618368165	a7	a14	a23	15
13	3.12172605782007	a7	a15
13	3.12204470593441	a7	a17
13	3.12270986358563	a7	a14
13	3.12309857100524	a7	a16
13	3.12324274710451	a6	a10
13	3.12339314468649	a8	a57
12	3.12342398160078	a6	a10	a28	0
12	3.12347754045191	a7	a14	a29	0
12	3.1235605837211	a7	a17	a29	1
13	3.12361062608201	a7	a14
12	3.12364579098427	a7	a14	a29	2
13	3.1237437117121	a7	a14
12	3.12374668720383	a7	a15	a29	3
13	3.12379050808204	a7	a17
12	3.12384325543543	a7	a14	a29	4
12	3.12386191988355	a7	a17	a29	5
13	3.12391223274371	a7	a15
12	3.12397823456026	a7	a15	a29	6
13	3.12399257102041	a7	a14
13	3.12400420248808	a7	a17
12	3.12407777828358	a7	a16	a29	7
13	3.12408264727005	a7	a15
12	3.12409725422945	a7	a17	a29	8
12	3.12411050869261	a7	a14	a29	9
12	3.12419138796781	a7	a15	a29	10
13	3.12422492987458	a7	a17
13	3.12422682336932	a7	a14
12	3.1242806527197	a7	a17	a29	11
12	3.12430094016332	a7	a14	a29	12
13	3.12430553865053	a7	a15
12	3.12437370446107	a7	a15	a29	13
13	3.124384524431	a7	a17
13	3.12440427087611	a7	a14
12	3.12444132927311	a7	a17	a29	14
12	3.12446378071071	a7	a14	a29	15
13	3.12447649417537	a7	a15
13	3.1244867731468	a7	a16
13	3.12454195499343	a7	a17
13	3.12457360340546	a7	a14
13	3.12476728086715	a6	a10
13	3.12479595378745	a8	a56
12	3.12540728208829	a8	a56	a42	0
12	3.12552738375448	a6	a10	a30	0
12	3.12560204154697	a7	a14	a31	0
12	3.12567426484623	a7	a15	a31	1
12	3.12576136560414	a7	a17	a31	2
13	3.12584494987182	a7	a14
12	3.12593475562221	a7	a14	a31	3
12	3.12596424004026	a7	a16	a31	4
13	3.12597830600116	a7	a15
13	3.1260172578929	a7	a17
12	3.12607189874103	a7	a15	a31	5
12	3.12610003066284	a7	a17	a31	6
13	3.12612140010344	a7	a14
12	3.12618036893954	a7	a14	a31	7
13	3.12625313323729	a7	a15
13	3.12627315018166	a7	a17
12	3.12632887302678	a7	a17	a31	8
12	3.12634347998618	a7	a15	a31	9
13	3.12635673444934	a7	a14
12	3.12641408028995	a7	a14	a31	10
13	3.12647386062379	a7	a16
13	3.1265025335441	a7	a17
13	3.126517681502	a7	a15
12	3.1265463544223	a7	a16	a31	11
12	3.12658909330351	a7	a15	a31	12
13	3.12660180676817	a7	a14
12	3.12661397923434	a7	a17	a31	13
12	3.12665969360728	a7	a14	a31	14
13	3.12676113082534	a7	a15
13	3.12679088574264	a7	a17
13	3.12682956713513	a7	a14
12	3.12684877258174	a7	a15	a31	15
13	3.12687419951107	a7	a16
13	3.12702838408252	a7	a15
13	3.12717526517427	a6	a10
13	3.12740410753822	a8	a56
12	3.12746253537582	a8	a56	a45	0
12	3.12750527425703	a6	a10	a32	0
12	3.12765296684653	a7	a14	a33	0
13	3.12769300073526	a7	a14
12	3.12771788666609	a7	a14	a33	1
13	3.12773357562248	a7	a14
12	3.12775305156835	a7	a14	a33	2
13	3.12776928152324	a7	a14
12	3.12778713447362	a7	a14	a33	3
13	3.1278033644285	a7	a14
12	3.12782067638039	a7	a14	a33	4
13	3.12783690633528	a7	a14
12	3.12785367728866	a7	a14	a33	5
13	3.12786990724355	a7	a14
12	3.12791210512627	a7	a14	a33	6
13	3.12792779408266	a7	a14
12	3.12796187698793	a7	a14	a33	7
13	3.12797864794131	a7	a14
12	3.1280032633729	a7	a17	a33	8
12	3.128025173812	a7	a14	a33	9
13	3.12804086276839	a7	a14
13	3.12806764219396	a7	a17
12	3.12807602767065	a7	a14	a33	10
13	3.12809279862404	a7	a14
12	3.12813770149923	a7	a14	a33	11
13	3.12815501345111	a7	a14
12	3.12815636594735	a7	a15	a33	12
12	3.12817800588721	a7	a17	a33	13
13	3.1281942358421	a7	a17
12	3.12819937532781	a7	a14	a33	14
13	3.12821208879248	a7	a15
13	3.1282161462812	a7	a14
12	3.12831731300001	a7	a14	a33	15
13	3.12834490392332	a7	a14
13	3.12860728819404	a6	a10
13	3.12868789696999	a8	a56
12	3.12924458442271	a8	a56	a50	0
12	3.14047787720034	a6	a10	a34	0
12	3.14056389596125	a7	a14	a35	0
12	3.14065126721841	a7	a15	a35	1
12	3.14087578159438	a7	a17	a35	2
12	3.14090012652672	a7	a16	a35	3
13	3.20315823348345	a7	a15
13	3.20523377421459	a7	a14
13	3.20845352676545	a7	a16
13	3.20847083871733	a7	a17
13	3.20867777064218	a6	a10
12	3.20876811739106	a6	a10	a36	0
12	3.20883303721062	a7	a14	a37	0
12	3.20913897186029	a7	a17	a37	1
12	3.20921308865429	a7	a15	a37	2
12	3.21032051257626	a7	a16	a37	3
13	3.21492440977996	a7	a15
13	3.21541752990936	a7	a14
13	3.21610162250796	a7	a16
13	3.21715278258631	a7	a17
13	3.217308319654	a6	a10
12	3.22380625259333	a6	a10	a38	0
12	3.22387009041589	a7	a14	a39	0
12	3.22399857755877	a7	a17	a39	1
12	3.22422633792572	a7	a15	a39	2
12	3.22436970252724	a7	a16	a39	3
13	3.22974100609798	a7	a14
13	3.23057549627855	a7	a17
13	3.23078161670565	a7	a15
13	3.23273949026384	a7	a16
13	3.23291396227891	a6	a10
12	3.23298266908794	a6	a10	a40	0
12	3.23303785093456	a7	a14	a41	0
12	3.2332307168985	a7	a15	a41	1
12	3.23340167242334	a7	a17	a41	2
12	3.23364999073315	a7	a16	a41	3
13	3.23522510785519	a7	a14
13	3.23712644707052	a7	a15
13	3.23731579654423	a7	a17
13	3.23813973725413	a7	a16
13	3.238269306394	a6	a10
12	3.23885196177454	a8	a57	a49	0
13	3.25872445953993	a8	a57
12	3.25882833125123	a8	a57	a54	0
12	3.26253146595855	a8	a58	a53	0
13	3.28949158502426	a8	a58
12	3.28952566792953	a8	a58	a52	0
13	3.30376312535724	a8	a58
12	3.3037972082625	a8	a58	a51	0
13	3.31278265228792	a8	a58
13	3.31962033228293	a8	a57
13	3.31972528599122	a8	a56
13	3.31989515951906	a8	a55
12	3.31999091625291	a8	a55	a50	0
12	3.33871487421061	a6	a10	a34	0
12	3.33877222005122	a7	a14	a35	0
12	3.33913225455053	a7	a15	a35	1
12	3.3391652554588	a7	a16	a35	2
12	3.33921665031595	a7	a17	a35	3
13	3.39448208120848	a7	a14
13	3.39842298475494	a7	a15
13	3.40261193611196	a7	a16
13	3.40305825987142	a7	a17
13	3.40320351796769	a6	a10
12	3.40326789678875	a6	a10	a36	0
12	3.40333984958876	a7	a14	a37	0
12	3.4034288438414	a7	a15	a37	1
12	3.40377508287905	a7	a17	a37	2
12	3.40410509196181	a7	a16	a37	3
13	3.40821072955039	a7	a16
13	3.409004915343	a7	a17
13	3.41123572264258	a7	a14
13	3.41169205487423	a7	a15
13	3.41184650994493	a6	a10
12	3.41824381716393	a6	a10	a38	0
12	3.41832063895041	a7	a14	a39	0
12	3.41854434182864	a7	a15	a39	1
12	3.4185951956873	a7	a16	a39	2
12	3.41872341233092	a7	a17	a39	3
13	3.4217792423374	a7	a14
13	3.42430759880996	a7	a15
13	3.42432166477086	a7	a17
13	3.42591165935155	a7	a16
13	3.42607747539068	a6	a10
12	3.42613590322828	a6	a10	a40	0
12	3.4261764781155	a7	a14	a41	0
12	3.42645157585088	a7	a17	a41	1
12	3.42646726480728	a7	a15	a41	2
12	3.42680755286146	a7	a16	a41	3
13	3.42822415742408	a7	a14
13	3.43033865004696	a7	a17
13	3.4304208818184	a7	a15
13	3.43115393478091	a7	a16
13	3.43128891390575	a6	a10
12	3.43179366550281	a8	a56	a49	0
13	3.45222393271792	a8	a56
12	3.45233267341568	a8	a56	a54	0
12	3.45585673762072	a8	a57	a53	0
13	3.48252255350443	a8	a57
12	3.4825571774082	a8	a57	a52	0
13	3.49685306267351	a8	a57
12	3.49688985057126	a8	a57	a51	0
13	3.50586772061772	a8	a57
13	3.51293478397517	a8	a56
13	3.51302999971053	a8	a55
