%EventDef PajeDefineContainerType 0 
%       Alias string 
%       Type string 
%       Name string 
%EndEventDef 
%EventDef PajeDefineVariableType 1 
%       Alias string 
%       Type string 
%       Name string 
%       Color color 
%EndEventDef 
%EventDef PajeDefineStateType 2 
%       Alias string 
%       Type string 
%       Name string 
%EndEventDef 
%EventDef PajeDefineEventType 3 
%       Alias string 
%       Type string 
%       Name string 
%       Color color 
%EndEventDef 
%EventDef PajeDefineLinkType 4 
%       Alias string 
%       Type string 
%       StartContainerType string 
%       EndContainerType string 
%       Name string 
%EndEventDef 
%EventDef PajeDefineEntityValue 5 
%       Alias string 
%       Type string 
%       Name string 
%       Color color 
%EndEventDef 
%EventDef PajeCreateContainer 6 
%       Time date 
%       Alias string 
%       Type string 
%       Container string 
%       Name string 
%EndEventDef 
%EventDef PajeDestroyContainer 7 
%       Time date 
%       Type string 
%       Name string 
%EndEventDef 
%EventDef PajeSetVariable 8 
%       Time date 
%       Type string 
%       Container string 
%       Value double 
%EndEventDef
%EventDef PajeAddVariable 9 
%       Time date 
%       Type string 
%       Container string 
%       Value double 
%EndEventDef
%EventDef PajeSubVariable 10 
%       Time date 
%       Type string 
%       Container string 
%       Value double 
%EndEventDef
%EventDef PajeSetState 11 
%       Time date 
%       Type string 
%       Container string 
%       Value string 
%EndEventDef
%EventDef PajePushState 12 
%       Time date 
%       Type string 
%       Container string 
%       Value string 
%       Id string 
%EndEventDef
%EventDef PajePopState 13 
%       Time date 
%       Type string 
%       Container string 
%EndEventDef
%EventDef PajeResetState 14 
%       Time date 
%       Type string 
%       Container string 
%EndEventDef
%EventDef PajeStartLink 15 
%       Time date 
%       Type string 
%       Container string 
%       Value string 
%       StartContainer string 
%       Key string 
%EndEventDef
%EventDef PajeEndLink 16 
%       Time date 
%       Type string 
%       Container string 
%       Value string 
%       EndContainer string 
%       Key string 
%EndEventDef
%EventDef PajeNewEvent 17 
%       Time date 
%       Type string 
%       Container string 
%       Value string 
%EndEventDef
0	a1	0	"Task Manager"
0	a2	a1	"Node"
0	a3	a1	"Thread"
0	a4	a1	"Jobs"
0	a5	a1	"Memory usage"
2	a6	a4	"Job"
2	a7	a3	"Task"
2	a8	a3	"Timer state"
6	0	a9	a1	0	"The task manager"
6	0	a10	a4	a9	"Jobs"
6	0	a11	a5	a9	"Memory"
1	a12	a1	"Memory [MB]"	"1.0 1.0 1.0"
6	0	a13	a2	a9	"Node 0"
6	0	a14	a3	a13	"Thread 0"
6	0	a15	a3	a13	"Thread 1"
6	0	a16	a3	a13	"Thread 2"
6	0	a17	a3	a13	"Thread 3"
5	a18	a6	"ngcore::ParallelFor<int,ngcore::EnterTaskManager()::{lambda(int)#1}>(ngcore::T_Range<int>,ngcore::EnterTaskManager()::{lambda(int)#1},int,ngcore::TotalCosts)::{lambda(ngcore::TaskInfo&)#1}"	"0.630615054310908 1 0"
5	a19	a7	"ngcore::ParallelFor<int,ngcore::EnterTaskManager()::{lambda(int)#1}>(ngcore::T_Range<int>,ngcore::EnterTaskManager()::{lambda(int)#1},int,ngcore::TotalCosts)::{lambda(ngcore::TaskInfo&)#1}"	"0.630615054310908 1 0"
5	a20	a6	"ngcore::ParallelForRange<netgen::ElementIndex,netgen::MeshOptimize3d::SwapImprove(netgen::Mesh&,netgen::OPTIMIZEGOAL,netgen::NgBitArray const*)::{lambda(auto:1)#1}>(ngcore::T_Range<netgen::ElementIndex>,netgen::MeshOptimize3d::SwapImprove(netgen::Mesh&,netgen::OPTIMIZEGOAL,netgen::NgBitArray const*)::{lambda(auto:1)#1},int,ngcore::TotalCosts)::{lambda(ngcore::TaskInfo&)#1}"	"0.708022642579866 0 1"
5	a21	a7	"ngcore::ParallelForRange<netgen::ElementIndex,netgen::MeshOptimize3d::SwapImprove(netgen::Mesh&,netgen::OPTIMIZEGOAL,netgen::NgBitArray const*)::{lambda(auto:1)#1}>(ngcore::T_Range<netgen::ElementIndex>,netgen::MeshOptimize3d::SwapImprove(netgen::Mesh&,netgen::OPTIMIZEGOAL,netgen::NgBitArray const*)::{lambda(auto:1)#1},int,ngcore::TotalCosts)::{lambda(ngcore::TaskInfo&)#1}"	"0.708022642579866 0 1"
5	a22	a6	"ngcore::ParallelForRange<netgen::ElementIndex,ngcore::CreateTable<netgen::ElementIndex,netgen::PointIndex,ngcore::T_Range<netgen::ElementIndex>,netgen::Mesh::CreatePoint2ElementTable(std::optional<ngcore::BitArray>)const::{lambda(auto:1&,netgen::ElementIndex)#1}>(ngcore::T_Range<netgen::ElementIndex>const&,netgen::Mesh::CreatePoint2ElementTable(std::optional<ngcore::BitArray>)const::{lambda(auto:1&,netgen::ElementIndex)#1}const&,std::optional<unsigned long>)::{lambda(auto:1)#1}>(ngcore::T_Range<netgen::ElementIndex>,ngcore::Table,int,ngcore::TotalCosts)::{lambda(ngcore::TaskInfo&)#1}"	"0 0.230008221284954 1"
5	a23	a7	"ngcore::ParallelForRange<netgen::ElementIndex,ngcore::CreateTable<netgen::ElementIndex,netgen::PointIndex,ngcore::T_Range<netgen::ElementIndex>,netgen::Mesh::CreatePoint2ElementTable(std::optional<ngcore::BitArray>)const::{lambda(auto:1&,netgen::ElementIndex)#1}>(ngcore::T_Range<netgen::ElementIndex>const&,netgen::Mesh::CreatePoint2ElementTable(std::optional<ngcore::BitArray>)const::{lambda(auto:1&,netgen::ElementIndex)#1}const&,std::optional<unsigned long>)::{lambda(auto:1)#1}>(ngcore::T_Range<netgen::ElementIndex>,ngcore::Table,int,ngcore::TotalCosts)::{lambda(ngcore::TaskInfo&)#1}"	"0 0.230008221284954 1"
5	a24	a6	"ngcore::TablePrefixSum2<unsigned int>(ngcore::FlatArray<unsigned int,unsigned long>)::{lambda(ngcore::TaskInfo)#1}"	"0 0.312895337658212 1"
5	a25	a7	"ngcore::TablePrefixSum2<unsigned int>(ngcore::FlatArray<unsigned int,unsigned long>)::{lambda(ngcore::TaskInfo)#1}"	"0 0.312895337658212 1"
5	a26	a6	"ngcore::TablePrefixSum2<unsigned int>(ngcore::FlatArray<unsigned int,unsigned long>)::{lambda(ngcore::TaskInfo)#2}"	"0 1 0.887517304832004"
5	a27	a7	"ngcore::TablePrefixSum2<unsigned int>(ngcore::FlatArray<unsigned int,unsigned long>)::{lambda(ngcore::TaskInfo)#2}"	"0 1 0.887517304832004"
5	a28	a6	"ngcore::ParallelForRange<netgen::PointIndex,ngcore::CreateSortedTable<netgen::ElementIndex,netgen::PointIndex,ngcore::T_Range<netgen::ElementIndex>,netgen::Mesh::CreatePoint2ElementTable(std::optional<ngcore::BitArray>)const::{lambda(auto:1&,netgen::ElementIndex)#1}>(ngcore::T_Range<netgen::ElementIndex>const&,netgen::Mesh::CreatePoint2ElementTable(std::optional<ngcore::BitArray>)const::{lambda(auto:1&,netgen::ElementIndex)#1}const&,std::optional<unsigned long>)::{lambda(auto:1)#1}>(ngcore::T_Range<netgen::PointIndex>,ngcore::Table,int,ngcore::TotalCosts)::{lambda(ngcore::TaskInfo&)#1}"	"0 0.170427812303051 1"
5	a29	a7	"ngcore::ParallelForRange<netgen::PointIndex,ngcore::CreateSortedTable<netgen::ElementIndex,netgen::PointIndex,ngcore::T_Range<netgen::ElementIndex>,netgen::Mesh::CreatePoint2ElementTable(std::optional<ngcore::BitArray>)const::{lambda(auto:1&,netgen::ElementIndex)#1}>(ngcore::T_Range<netgen::ElementIndex>const&,netgen::Mesh::CreatePoint2ElementTable(std::optional<ngcore::BitArray>)const::{lambda(auto:1&,netgen::ElementIndex)#1}const&,std::optional<unsigned long>)::{lambda(auto:1)#1}>(ngcore::T_Range<netgen::PointIndex>,ngcore::Table,int,ngcore::TotalCosts)::{lambda(ngcore::TaskInfo&)#1}"	"0 0.170427812303051 1"
5	a30	a6	"ngcore::ParallelFor<unsigned long,netgen::BuildEdgeList<netgen::ElementIndex>(netgen::Mesh const&,ngcore::Table<netgen::ElementIndex,netgen::PointIndex>const&,ngcore::Array<std::tuple<netgen::PointIndex,netgen::PointIndex>,unsigned long>&)::{lambda(int)#1}>(ngcore::T_Range<unsigned long>,netgen::BuildEdgeList<netgen::ElementIndex>(netgen::Mesh const&,ngcore::Table<netgen::ElementIndex,netgen::PointIndex>const&,ngcore::Array<std::tuple<netgen::PointIndex,netgen::PointIndex>,unsigned long>&)::{lambda(int)#1},int,ngcore::TotalCosts)::{lambda(ngcore::TaskInfo&)#1}"	"1 0.872005992306398 0"
5	a31	a7	"ngcore::ParallelFor<unsigned long,netgen::BuildEdgeList<netgen::ElementIndex>(netgen::Mesh const&,ngcore::Table<netgen::ElementIndex,netgen::PointIndex>const&,ngcore::Array<std::tuple<netgen::PointIndex,netgen::PointIndex>,unsigned long>&)::{lambda(int)#1}>(ngcore::T_Range<unsigned long>,netgen::BuildEdgeList<netgen::ElementIndex>(netgen::Mesh const&,ngcore::Table<netgen::ElementIndex,netgen::PointIndex>const&,ngcore::Array<std::tuple<netgen::PointIndex,netgen::PointIndex>,unsigned long>&)::{lambda(int)#1},int,ngcore::TotalCosts)::{lambda(ngcore::TaskInfo&)#1}"	"1 0.872005992306398 0"
5	a32	a6	"ngcore::ParallelForRange<unsigned long,netgen::MeshOptimize3d::SwapImprove(netgen::Mesh&,netgen::OPTIMIZEGOAL,netgen::NgBitArray const*)::{lambda(auto:1)#2}>(ngcore::T_Range<unsigned long>,netgen::MeshOptimize3d::SwapImprove(netgen::Mesh&,netgen::OPTIMIZEGOAL,netgen::NgBitArray const*)::{lambda(auto:1)#2},int,ngcore::TotalCosts)::{lambda(ngcore::TaskInfo&)#1}"	"1 0.408375991137786 0"
5	a33	a7	"ngcore::ParallelForRange<unsigned long,netgen::MeshOptimize3d::SwapImprove(netgen::Mesh&,netgen::OPTIMIZEGOAL,netgen::NgBitArray const*)::{lambda(auto:1)#2}>(ngcore::T_Range<unsigned long>,netgen::MeshOptimize3d::SwapImprove(netgen::Mesh&,netgen::OPTIMIZEGOAL,netgen::NgBitArray const*)::{lambda(auto:1)#2},int,ngcore::TotalCosts)::{lambda(ngcore::TaskInfo&)#1}"	"1 0.408375991137786 0"
5	a34	a6	"ngcore::ParallelForRange<netgen::ElementIndex,netgen::Mesh::Compress()::{lambda(auto:1)#1}>(ngcore::T_Range<netgen::ElementIndex>,netgen::Mesh::Compress()::{lambda(auto:1)#1},int,ngcore::TotalCosts)::{lambda(ngcore::TaskInfo&)#1}"	"1 0.0611641584106637 0"
5	a35	a7	"ngcore::ParallelForRange<netgen::ElementIndex,netgen::Mesh::Compress()::{lambda(auto:1)#1}>(ngcore::T_Range<netgen::ElementIndex>,netgen::Mesh::Compress()::{lambda(auto:1)#1},int,ngcore::TotalCosts)::{lambda(ngcore::TaskInfo&)#1}"	"1 0.0611641584106637 0"
5	a36	a6	"ngcore::ParallelForRange<netgen::SurfaceElementIndex,netgen::Mesh::Compress()::{lambda(auto:1)#2}>(ngcore::T_Range<netgen::SurfaceElementIndex>,netgen::Mesh::Compress()::{lambda(auto:1)#2},int,ngcore::TotalCosts)::{lambda(ngcore::TaskInfo&)#1}"	"1 0 -2.77631980257023"
5	a37	a7	"ngcore::ParallelForRange<netgen::SurfaceElementIndex,netgen::Mesh::Compress()::{lambda(auto:1)#2}>(ngcore::T_Range<netgen::SurfaceElementIndex>,netgen::Mesh::Compress()::{lambda(auto:1)#2},int,ngcore::TotalCosts)::{lambda(ngcore::TaskInfo&)#1}"	"1 0 -2.77631980257023"
5	a38	a6	"ngcore::ParallelForRange<netgen::ElementIndex,netgen::Mesh::Compress()::{lambda(auto:1)#3}>(ngcore::T_Range<netgen::ElementIndex>,netgen::Mesh::Compress()::{lambda(auto:1)#3},int,ngcore::TotalCosts)::{lambda(ngcore::TaskInfo&)#1}"	"0.688034037288286 1 0"
5	a39	a7	"ngcore::ParallelForRange<netgen::ElementIndex,netgen::Mesh::Compress()::{lambda(auto:1)#3}>(ngcore::T_Range<netgen::ElementIndex>,netgen::Mesh::Compress()::{lambda(auto:1)#3},int,ngcore::TotalCosts)::{lambda(ngcore::TaskInfo&)#1}"	"0.688034037288286 1 0"
5	a40	a6	"ngcore::ParallelForRange<netgen::SurfaceElementIndex,netgen::Mesh::Compress()::{lambda(auto:1)#4}>(ngcore::T_Range<netgen::SurfaceElementIndex>,netgen::Mesh::Compress()::{lambda(auto:1)#4},int,ngcore::TotalCosts)::{lambda(ngcore::TaskInfo&)#1}"	"0 0.666479625428673 1"
5	a41	a7	"ngcore::ParallelForRange<netgen::SurfaceElementIndex,netgen::Mesh::Compress()::{lambda(auto:1)#4}>(ngcore::T_Range<netgen::SurfaceElementIndex>,netgen::Mesh::Compress()::{lambda(auto:1)#4},int,ngcore::TotalCosts)::{lambda(ngcore::TaskInfo&)#1}"	"0 0.666479625428673 1"
5	a42	a8	"Build edges"	"0 0.0614795051658243 1"
5	a43	a8	"CreateTable"	"0.608616351291681 0 1"
5	a44	a8	"CreateSortedTable"	"0 0.0381698166109086 1"
5	a45	a8	"MeshOptimize3d::SwapImprove loop"	"0.154668690207104 1 0"
5	a46	a8	"MeshOptimize3d::SwapImprove"	"1 0 -2.43968480148811"
5	a47	a8	"FreeOpenElementsEnvironment"	"0.907015785320433 0 1"
5	a48	a8	"Mesh::BuildBoundaryEdges"	"1 0 -2.61861416630415"
5	a49	a8	"Mesh::LinkSurfaceElements"	"0 1 0.171518596860468"
5	a50	a8	"Mesh::Compress"	"1 0.648677515017027 0"
5	a51	a8	"Mesh::CalcSurfacesOfNode, pointloop"	"0 0.319536079261344 1"
5	a52	a8	"Mesh::CalcSurfacesOfNode - surfelementht"	"0.690162641156969 0 1"
5	a53	a8	"Mesh::CalcSurfacesOfNode - surf on node"	"0.000515674241007069 1 0"
5	a54	a8	"Mesh::CalcSurfacesOfNode"	"1 0 -2.35340285344361"
6	0	a55	a3	a9	"Timer level 0"
6	0	a56	a3	a9	"Timer level 1"
6	0	a57	a3	a9	"Timer level 2"
6	0	a58	a3	a9	"Timer level 3"
4	a59	a2	a3	a3	"links"
8	0	a12	a11	0
12	0.24441284166685	a6	a10	a18	0
12	0.244537271321004	a7	a14	a19	0
13	0.244610847116503	a7	a14
12	0.244629241065378	a7	a14	a19	1
13	0.244646012018764	a7	a14
12	0.244662241973654	a7	a14	a19	2
13	0.244668192957114	a7	a14
12	0.244686045907492	a7	a14	a19	3
13	0.244691996890952	a7	a14
13	0.245117221709061	a6	a10
12	0.24783411615759	a8	a55	a47	0
13	0.261527329097996	a8	a55
12	0.262131624418388	a8	a55	a46	0
12	0.262265251046979	a8	a56	a48	0
13	0.262367499762784	a8	a56
12	0.265046524316571	a6	a10	a20	0
12	0.265113608130115	a7	a14	a21	0
12	0.265341909495563	a7	a16	a21	1
13	0.265542078939202	a7	a14
12	0.265556685898602	a7	a15	a21	2
12	0.265582653826426	a7	a14	a21	3
13	0.265949450806932	a7	a14
13	0.266262688936303	a7	a16
13	0.266811802410069	a7	a15
13	0.267001151883782	a6	a10
12	0.268289269303525	a8	a56	a44	0
12	0.268381780046396	a8	a57	a43	0
12	0.268791856906608	a6	a10	a22	0
12	0.269108882025453	a7	a14	a23	0
12	0.269142423932225	a7	a16	a23	1
12	0.269285247535254	a7	a17	a23	2
12	0.269414546175875	a7	a15	a23	3
13	0.269775933171418	a7	a16
13	0.269805147090219	a7	a14
12	0.269856000948873	a7	a16	a23	4
12	0.269894411842112	a7	a14	a23	5
13	0.270154091120347	a7	a17
13	0.270163288094784	a7	a16
12	0.270224420924869	a7	a17	a23	6
13	0.270237945887277	a7	a15
12	0.27031098068428	a7	a16	a23	7
12	0.270312062681273	a7	a15	a23	8
13	0.270352096570001	a7	a14
12	0.270422967373019	a7	a14	a23	9
13	0.270629087800117	a7	a17
13	0.270660465712904	a7	a16
13	0.270665875697867	a7	a15
12	0.270717270555018	a7	a17	a23	10
12	0.270772993400139	a7	a15	a23	11
12	0.270797338332474	a7	a16	a23	12
13	0.271173332287417	a7	a17
13	0.271196054224263	a7	a15
13	0.271232301123516	a7	a16
12	0.271247449081413	a7	a17	a23	13
12	0.271282613983674	a7	a15	a23	14
12	0.27132156587541	a7	a16	a23	15
13	0.271729478741636	a7	a17
13	0.271790611571721	a7	a16
13	0.271860941376243	a7	a15
13	0.272165523529672	a7	a14
13	0.27226290325901	a6	a10
12	0.273005153195964	a6	a10	a24	0
12	0.273065745027552	a7	a14	a25	0
13	0.273189633683209	a7	a14
12	0.273207486633588	a7	a14	a25	1
13	0.287341613348497	a7	a14
12	0.287398959189107	a7	a14	a25	2
13	0.287439534076331	a7	a14
12	0.287464961005658	a7	a14	a25	3
13	0.287502289901904	a7	a14
13	0.288651911706589	a6	a10
12	0.288962985841974	a6	a10	a26	0
12	0.289021413679576	a7	a14	a27	0
13	0.28914746632922	a7	a14
12	0.28915774530065	a7	a16	a27	1
12	0.289185877222458	a7	a14	a27	2
12	0.28924160006758	a7	a17	a27	3
13	0.289245387057054	a7	a14
13	0.289592708091693	a7	a16
13	0.289644102948843	a7	a17
13	0.289808025493229	a6	a10
12	0.290257054245176	a6	a10	a22	0
12	0.290352810979025	a7	a14	a23	0
12	0.290423140783547	a7	a15	a23	1
13	0.290640622179068	a7	a14
12	0.290740706900888	a7	a14	a23	2
12	0.290762346840741	a7	a16	a23	3
13	0.29098307422724	a7	a15
13	0.291004714167093	a7	a14
12	0.29108315894906	a7	a15	a23	4
12	0.291112913866357	a7	a14	a23	5
12	0.291132930810721	a7	a17	a23	6
13	0.291185948663361	a7	a16
12	0.291256819466379	a7	a16	a23	7
13	0.29138016712354	a7	a14
12	0.29144346394761	a7	a14	a23	8
13	0.291489448819797	a7	a15
13	0.291511629758147	a7	a16
12	0.29156843460026	a7	a15	a23	9
12	0.291599271514551	a7	a16	a23	10
13	0.291713422197275	a7	a14
12	0.291779965012322	a7	a14	a23	11
13	0.291917378630388	a7	a16
13	0.291950379538664	a7	a15
12	0.291981216452954	a7	a16	a23	12
12	0.292020709343186	a7	a15	a23	13
13	0.29208779315673	a7	a14
12	0.292150007983807	a7	a14	a23	14
13	0.29227010964999	a7	a16
12	0.292335029469549	a7	a16	a23	15
13	0.292409146263545	a7	a15
13	0.292410228260537	a7	a14
13	0.292591462756805	a7	a16
13	0.292719679400434	a7	a17
13	0.292866289992937	a6	a10
13	0.293108116320793	a8	a57
12	0.293141117229068	a6	a10	a28	0
12	0.293196299075693	a7	a14	a29	0
12	0.293274202859164	a7	a15	a29	1
13	0.29333208969827	a7	a14
12	0.293375369577976	a7	a14	a29	2
13	0.293425682438134	a7	a14
12	0.293445158384001	a7	a14	a29	3
13	0.29347924128927	a7	a14
12	0.293494930245663	a7	a14	a29	4
13	0.293520898173487	a7	a15
13	0.29353658712988	a7	a14
12	0.29361449091335	a7	a14	a29	5
12	0.293644786829144	a7	a15	a29	6
13	0.293655606799071	a7	a14
12	0.293661016784034	a7	a16	a29	7
12	0.293696181686295	a7	a14	a29	8
13	0.293721608615622	a7	a15
13	0.293795725409618	a7	a14
12	0.2937984304021	a7	a17	a29	9
13	0.293815742353982	a7	a16
12	0.293830349313383	a7	a15	a29	10
12	0.293840087286316	a7	a14	a29	11
13	0.293875252188577	a7	a14
12	0.29389689212843	a7	a16	a29	12
13	0.29389689212843	a7	a15
12	0.293984533884834	a7	a14	a29	13
13	0.293985615881827	a7	a16
13	0.293999681842732	a7	a17
12	0.294054863689356	a7	a15	a29	14
12	0.29406027367432	a7	a17	a29	15
13	0.294097602570566	a7	a14
13	0.294103553554025	a7	a15
13	0.294115996519441	a7	a17
13	0.294285870047286	a6	a10
13	0.294315624964584	a8	a56
12	0.2956075293738	a8	a56	a42	0
12	0.295987310318219	a6	a10	a30	0
12	0.296041410167851	a7	a14	a31	0
12	0.296230759641563	a7	a15	a31	1
13	0.296324893379923	a7	a14
12	0.296370878252111	a7	a16	a31	2
12	0.296386567208504	a7	a14	a31	3
12	0.29642984708821	a7	a17	a31	4
13	0.296582949662669	a7	a15
13	0.2966078355935	a7	a16
12	0.296678706396518	a7	a15	a31	5
12	0.296690067364941	a7	a16	a31	6
13	0.296692772357422	a7	a17
12	0.29675931517247	a7	a17	a31	7
13	0.296772840134878	a7	a16
13	0.296831267972481	a7	a15
13	0.29687400685369	a7	a17
12	0.296895646793543	a7	a15	a31	8
12	0.29690646676347	a7	a16	a31	9
12	0.29695786162062	a7	a17	a31	10
13	0.296997895509348	a7	a16
13	0.296998977506341	a7	a15
12	0.297069307310863	a7	a15	a31	11
13	0.297075258294322	a7	a17
12	0.297088242258234	a7	a16	a31	12
12	0.297136391124406	a7	a17	a31	13
13	0.297173720020653	a7	a16
13	0.297206720928928	a7	a15
13	0.297221868886825	a7	a17
12	0.297237016844722	a7	a16	a31	14
12	0.297286788706384	a7	a17	a31	15
13	0.297334937572557	a7	a16
13	0.29741392335302	a7	a17
13	0.31316725856742	a7	a14
13	0.313377706982489	a6	a10
13	0.313729356005099	a8	a56
12	0.313863523632186	a8	a56	a45	0
12	0.314013380215668	a6	a10	a32	0
12	0.314076677039737	a7	a14	a33	0
13	0.314254665545027	a7	a14
12	0.314270895499917	a7	a14	a33	1
13	0.314296322429244	a7	a14
12	0.314312552384134	a7	a14	a33	2
13	0.31432932333752	a7	a14
12	0.314345553292409	a7	a14	a33	3
13	0.314362324245795	a7	a14
12	0.31439694814956	a7	a14	a33	4
13	0.314412637105953	a7	a14
12	0.314426162068361	a7	a17	a33	5
12	0.314449425003703	a7	a14	a33	6
13	0.314466736955585	a7	a14
12	0.314482966910475	a7	a14	a33	7
13	0.314500819860854	a7	a14
12	0.314537607758604	a7	a14	a33	8
13	0.31455437871199	a7	a14
12	0.314578723644324	a7	a15	a33	9
12	0.314593871602221	a7	a14	a33	10
13	0.314611183554103	a7	a14
13	0.314633905490949	a7	a17
12	0.314646348456364	a7	a14	a33	11
13	0.314662578411254	a7	a14
13	0.314700448305997	a7	a15
12	0.314706940287952	a7	a17	a33	12
13	0.314733449214272	a7	a17
12	0.314752384161643	a7	a14	a33	13
13	0.314779975084956	a7	a14
12	0.314785926068415	a7	a15	a33	14
12	0.314800533027816	a7	a17	a33	15
13	0.314811893996239	a7	a15
13	0.314825959957143	a7	a17
13	0.315006653454915	a6	a10
13	0.315212773882013	a8	a56
12	0.316827654393535	a8	a56	a50	0
12	0.320238108914349	a6	a10	a34	0
12	0.320293290760973	a7	a14	a35	0
12	0.320581101961017	a7	a17	a35	1
12	0.320838617245266	a7	a15	a35	2
13	0.320838617245266	a7	a14
12	0.320855929197148	a7	a16	a35	3
13	0.330247122094802	a7	a17
13	0.33057388518658	a7	a16
13	0.330796776567065	a7	a15
13	0.331276642233303	a6	a10
12	0.331366988982188	a6	a10	a36	0
12	0.331425957818287	a7	a14	a37	0
12	0.331760835887511	a7	a17	a37	1
12	0.331780311833378	a7	a16	a37	2
13	0.331900954498058	a7	a14
12	0.331970202305587	a7	a14	a37	3
13	0.333349207472712	a7	a14
13	0.334326791755566	a7	a16
13	0.334623799930047	a7	a17
13	0.334787722474432	a6	a10
12	0.337458632050774	a6	a10	a38	0
12	0.337574405728987	a7	a14	a39	0
12	0.337891971846328	a7	a16	a39	1
12	0.338063468369662	a7	a17	a39	2
12	0.338139208159147	a7	a15	a39	3
13	0.338444872309569	a7	a14
13	0.339028068688604	a7	a16
13	0.339121120429972	a7	a17
13	0.339382963702191	a7	a15
13	0.339516049332287	a6	a10
12	0.33965670894133	a6	a10	a40	0
12	0.339718382769911	a7	a14	a41	0
13	0.340093835726359	a7	a14
12	0.340163083533888	a7	a14	a41	1
12	0.340200412430134	a7	a16	a41	2
12	0.340213937392542	a7	a17	a41	3
13	0.340918317434753	a7	a14
13	0.341037337103944	a7	a16
13	0.341569679624325	a7	a17
13	0.341738471155177	a6	a10
12	0.341999773428901	a8	a57	a49	0
13	0.345866830680611	a8	a57
12	0.345943652467088	a8	a57	a54	0
12	0.34861456204343	a8	a58	a53	0
13	0.357185060222163	a8	a58
12	0.357229422098862	a8	a58	a52	0
13	0.361054281467858	a8	a58
12	0.361095938352075	a8	a58	a51	0
13	0.362764377714732	a8	a58
13	0.378452252111077	a8	a57
13	0.378670274505095	a8	a56
13	0.378941314751752	a8	a55
12	0.379485559239052	a8	a55	a46	0
12	0.379565086018012	a8	a56	a48	0
13	0.417191531437207	a8	a56
12	0.417471768658302	a6	a10	a20	0
12	0.417556164423728	a7	a14	a21	0
13	0.41779853175008	a7	a14
12	0.417843434625275	a7	a14	a21	1
12	0.417933240375664	a7	a15	a21	2
12	0.41794568334108	a7	a16	a21	3
13	0.418594881536666	a7	a16
13	0.418710655214879	a7	a14
13	0.418871331768287	a7	a15
13	0.41900766338936	a6	a10
12	0.419314409536774	a8	a56	a44	0
12	0.419343082457079	a8	a57	a43	0
12	0.419488070054094	a6	a10	a22	0
12	0.419556776863127	a7	a14	a23	0
12	0.419717453416534	a7	a16	a23	1
12	0.419778045248122	a7	a15	a23	2
13	0.419867850998512	a7	a14
12	0.419897605915809	a7	a17	a23	3
12	0.419933852815063	a7	a14	a23	4
13	0.420233565982025	a7	a14
12	0.420251418932404	a7	a14	a23	5
13	0.420357454637683	a7	a16
13	0.420375307588062	a7	a17
13	0.420438604412131	a7	a15
12	0.420445637392584	a7	a17	a23	6
12	0.420497032249734	a7	a16	a23	7
13	0.420515967197106	a7	a14
12	0.420529492159514	a7	a15	a23	8
12	0.420587919997116	a7	a14	a23	9
13	0.420703152676833	a7	a17
12	0.420761039515939	a7	a17	a23	10
13	0.420860583239263	a7	a14
12	0.42089628914002	a7	a14	a23	11
13	0.420902781121976	a7	a15
13	0.420909273103932	a7	a16
12	0.421003406842292	a7	a15	a23	12
12	0.421018013801692	a7	a16	a23	13
13	0.421018013801692	a7	a17
12	0.421075359642302	a7	a17	a23	14
13	0.421186805332545	a7	a14
12	0.421249020159622	a7	a14	a23	15
13	0.421314480977677	a7	a16
13	0.421377777801746	a7	a17
13	0.421379400797235	a7	a15
13	0.421547110331095	a7	a14
13	0.421621227125091	a6	a10
12	0.421871168430392	a6	a10	a24	0
12	0.421926891275513	a7	a14	a25	0
13	0.421976663137175	a7	a14
12	0.422014533031917	a7	a14	a25	1
12	0.422049156935682	a7	a17	a25	2
13	0.422066468887564	a7	a14
12	0.422102715786818	a7	a14	a25	3
13	0.422134634698101	a7	a14
13	0.422214702475557	a7	a17
13	0.422345624111667	a6	a10
12	0.422428396881604	a6	a10	a26	0
12	0.42248628372071	a7	a14	a27	0
13	0.422524153615453	a7	a14
12	0.422572302481625	a7	a14	a27	1
13	0.422618828352309	a7	a14
12	0.422645878277125	a7	a14	a27	2
13	0.422681584177882	a7	a14
12	0.422711880093676	a7	a14	a27	3
13	0.422747585994434	a7	a14
13	0.423000232292216	a6	a10
12	0.423136563913289	a6	a10	a22	0
12	0.423189040767433	a7	a14	a23	0
12	0.423340520346403	a7	a15	a23	1
13	0.423462786006571	a7	a14
12	0.423551509759968	a7	a17	a23	2
12	0.423578559684784	a7	a14	a23	3
12	0.423588838656214	a7	a16	a23	4
13	0.423856632911894	a7	a14
13	0.423906404773556	a7	a17
13	0.423917765741978	a7	a15
12	0.423948061657772	a7	a14	a23	5
12	0.423985390554019	a7	a17	a23	6
13	0.424002161507404	a7	a16
12	0.424042195396132	a7	a15	a23	7
12	0.424079524292379	a7	a16	a23	8
13	0.424232626866838	a7	a17
13	0.424256971799172	a7	a14
12	0.42430295667136	a7	a17	a23	9
12	0.424328383600687	a7	a14	a23	10
13	0.424438747293936	a7	a16
12	0.42452206106237	a7	a16	a23	11
13	0.424531799035304	a7	a15
13	0.424555602969142	a7	a17
13	0.424580488899973	a7	a14
12	0.424602128839826	a7	a15	a23	12
12	0.424615112803737	a7	a17	a23	13
12	0.424670294650362	a7	a14	a23	14
13	0.424838004184222	a7	a16
13	0.424886153050395	a7	a17
12	0.424908333988744	a7	a16	a23	15
13	0.424920235955663	a7	a15
13	0.42493538391356	a7	a14
13	0.425203719167736	a7	a16
13	0.425340591787305	a6	a10
13	0.425428233543709	a8	a57
12	0.42545311947454	a6	a10	a28	0
12	0.425503973333194	a7	a14	a29	0
13	0.425538597236959	a7	a14
12	0.425545630217411	a7	a17	a29	1
12	0.425575926133205	a7	a14	a29	2
13	0.425619206012911	a7	a14
12	0.425635435967801	a7	a14	a29	3
13	0.425673846861039	a7	a14
12	0.4257090117633	a7	a14	a29	4
13	0.42572524171819	a7	a17
13	0.425742012671576	a7	a14
12	0.425779341567822	a7	a15	a29	5
12	0.425794489525719	a7	a14	a29	6
12	0.425815588467076	a7	a17	a29	7
13	0.425825867438506	a7	a14
13	0.425870229315204	a7	a15
12	0.425871852310693	a7	a14	a29	8
13	0.425877803294153	a7	a17
12	0.42596057606409	a7	a16	a29	9
12	0.425962199059579	a7	a17	a29	10
13	0.425978970012965	a7	a14
12	0.425995740966351	a7	a15	a29	11
13	0.42599736396184	a7	a17
13	0.42603847984756	a7	a16
12	0.426057414794932	a7	a14	a29	12
12	0.426068234764858	a7	a17	a29	13
13	0.426099612677645	a7	a14
13	0.426115842632535	a7	a17
13	0.426119629622009	a7	a15
12	0.426149384539307	a7	a16	a29	14
13	0.426194287414501	a7	a16
12	0.426200779396457	a7	a14	a29	15
13	0.426264076220527	a7	a14
13	0.426477229628078	a6	a10
13	0.426495082578456	a8	a56
12	0.426821845670235	a8	a56	a42	0
12	0.426883519498815	a6	a10	a30	0
12	0.426972784250709	a7	a14	a31	0
13	0.427082606945462	a7	a14
12	0.427104246885315	a7	a14	a31	1
13	0.427177822680815	a7	a14
12	0.427194052635704	a7	a14	a31	2
13	0.427256267462781	a7	a14
12	0.42727412041316	a7	a14	a31	3
13	0.427337958235726	a7	a14
12	0.427354729189112	a7	a14	a31	4
13	0.427420190007167	a7	a14
12	0.427466715877851	a7	a15	a31	5
12	0.4274888968162	a7	a14	a31	6
12	0.427547865652299	a7	a16	a31	7
12	0.427561390614707	a7	a17	a31	8
13	0.427572210584633	a7	a14
12	0.427619277453813	a7	a14	a31	9
13	0.427679869285401	a7	a15
13	0.427700968226758	a7	a16
13	0.427709624202699	a7	a14
13	0.427722608166611	a7	a17
12	0.427760478061353	a7	a14	a31	10
12	0.427784281995192	a7	a16	a31	11
12	0.427828102873394	a7	a15	a31	12
12	0.427845955823772	a7	a17	a31	13
13	0.427860562783173	a7	a14
13	0.427909252647842	a7	a16
13	0.427931433586191	a7	a17
12	0.427960647504993	a7	a14	a31	14
13	0.427966598488452	a7	a15
12	0.428018534344099	a7	a17	a31	15
13	0.428025567324551	a7	a14
13	0.428099684118547	a7	a17
13	0.428273885634363	a6	a10
13	0.428436726181756	a8	a56
12	0.428473514079506	a8	a56	a45	0
12	0.428510842975752	a6	a10	a32	0
12	0.428627698650958	a7	a14	a33	0
13	0.428647174596825	a7	a14
12	0.428653666578781	a7	a16	a33	1
12	0.428685044491568	a7	a14	a33	2
13	0.428708848425406	a7	a14
12	0.428715340407362	a7	a17	a33	3
13	0.428760784281053	a7	a17
12	0.428812179138203	a7	a14	a33	4
13	0.428817589123167	a7	a16
13	0.428834901075049	a7	a14
12	0.428892787914155	a7	a17	a33	5
13	0.428907935872052	a7	a17
12	0.428910640864534	a7	a14	a33	6
13	0.428928493814913	a7	a14
12	0.428967445706648	a7	a16	a33	7
12	0.428988003649508	a7	a17	a33	8
13	0.429003692605901	a7	a17
12	0.429010725586354	a7	a14	a33	9
13	0.42901126658485	a7	a16
13	0.42902749653974	a7	a14
12	0.42906861242546	a7	a17	a33	10
12	0.429093498356291	a7	a16	a33	11
13	0.429093498356291	a7	a17
12	0.429129204257048	a7	a14	a33	12
13	0.429138942229982	a7	a16
13	0.42914651620893	a7	a14
12	0.429177353123221	a7	a17	a33	13
13	0.42919358307811	a7	a17
12	0.429239026951801	a7	a14	a33	14
13	0.42925687990218	a7	a14
12	0.429266617875114	a7	a17	a33	15
13	0.4292833888285	a7	a17
13	0.429520887168385	a6	a10
13	0.429598790951856	a8	a56
12	0.430125182488777	a8	a56	a50	0
12	0.431786588870982	a6	a10	a34	0
12	0.431856377677007	a7	a14	a35	0
12	0.432242650603381	a7	a15	a35	1
12	0.43228701248008	a7	a16	a35	2
12	0.432320554386852	a7	a17	a35	3
13	0.432368703253024	a7	a14
13	0.441392017173179	a7	a17
13	0.441572169672454	a7	a16
13	0.442234351831952	a7	a15
13	0.442372847447011	a6	a10
12	0.442424242304161	a6	a10	a36	0
12	0.442482670141764	a7	a14	a37	0
12	0.442737480433532	a7	a16	a37	1
12	0.442776432325267	a7	a17	a37	2
13	0.442786170298201	a7	a14
12	0.442869484066634	a7	a14	a37	3
13	0.443922808138973	a7	a14
13	0.445358077149715	a7	a17
13	0.445599903477571	a7	a16
13	0.445737317095637	a6	a10
12	0.447430642389125	a6	a10	a38	0
12	0.447502595189136	a7	a14	a39	0
12	0.447621614858327	a7	a16	a39	1
12	0.447758487477896	a7	a17	a39	2
12	0.448086332566667	a7	a15	a39	3
13	0.448301108969707	a7	a14
13	0.448724710792327	a7	a17
13	0.448743104741202	a7	a16
13	0.449312235159333	a7	a15
13	0.44945235376988	a6	a10
12	0.449492928657104	a6	a10	a40	0
12	0.449559471472152	a7	a14	a41	0
12	0.449857561643626	a7	a16	a41	1
12	0.449882988572953	a7	a17	a41	2
13	0.449900841523331	a7	a14
12	0.449972253324846	a7	a14	a41	3
13	0.45060413956855	a7	a16
13	0.45065120643773	a7	a14
13	0.450772931099402	a7	a17
13	0.450921164687395	a6	a10
12	0.451079677246817	a8	a57	a49	0
13	0.454553969590197	a8	a57
12	0.454638906354119	a8	a57	a54	0
12	0.456031977482149	a8	a58	a53	0
13	0.476892879500325	a8	a58
12	0.476934536384542	a8	a58	a52	0
13	0.480396385762506	a8	a58
12	0.480431550664767	a8	a58	a51	0
13	0.482035070207865	a8	a58
13	0.483801430298357	a8	a57
13	0.483869055110397	a8	a56
13	0.484056781588621	a8	a55
12	0.484436562533039	a8	a55	a46	0
12	0.484463071459359	a8	a56	a48	0
13	0.504260370433766	a8	a56
12	0.504383177092431	a6	a10	a20	0
12	0.504468113856353	a7	a14	a21	0
13	0.504702907203757	a7	a14
12	0.50475105606993	a7	a14	a21	1
12	0.50476728602482	a7	a16	a21	2
12	0.504785679973695	a7	a17	a21	3
13	0.505341285429417	a7	a17
13	0.505499256990343	a7	a16
13	0.505563635811406	a7	a14
13	0.505670753513677	a6	a10
12	0.505851988009945	a8	a56	a44	0
12	0.505872545952805	a8	a57	a43	0
12	0.505973712671618	a6	a10	a22	0
12	0.506157652160367	a7	a14	a23	0
12	0.50621607999797	a7	a16	a23	1
12	0.506245834915268	a7	a15	a23	2
13	0.506465480304774	a7	a14
12	0.506558532046142	a7	a14	a23	3
12	0.506607762909307	a7	a17	a23	4
13	0.506719208599549	a7	a16
12	0.506783587420612	a7	a16	a23	5
13	0.506798194380012	a7	a15
13	0.506809014349939	a7	a14
12	0.506866901189045	a7	a15	a23	6
13	0.506904230085292	a7	a17
12	0.506913427059729	a7	a14	a23	7
12	0.506966985910865	a7	a17	a23	8
13	0.507124957471791	a7	a16
12	0.507205566247743	a7	a16	a23	9
13	0.507218009213158	a7	a14
13	0.507258584100382	a7	a17
12	0.507273732058279	a7	a14	a23	10
13	0.507285634025199	a7	a15
12	0.507318093934978	a7	a17	a23	11
12	0.507353799835735	a7	a15	a23	12
13	0.50752962434704	a7	a16
13	0.507545854301929	a7	a14
13	0.507594003168102	a7	a17
12	0.507602118145547	a7	a16	a23	13
12	0.50765026701172	a7	a14	a23	14
12	0.507661086981646	a7	a17	a23	15
13	0.507747646741058	a7	a15
13	0.507920766259881	a7	a16
13	0.507924012250858	a7	a14
13	0.507929963234318	a7	a17
13	0.508127968683972	a6	a10
12	0.508314072166707	a6	a10	a24	0
12	0.508376286993784	a7	a14	a25	0
13	0.508417943878	a7	a14
12	0.508433091835897	a7	a14	a25	1
13	0.50846501074718	a7	a14
12	0.508486650687033	a7	a14	a25	2
13	0.508528848569746	a7	a14
12	0.50854453752614	a7	a14	a25	3
13	0.508576997435919	a7	a14
13	0.509001140257036	a6	a10
12	0.509050912118697	a6	a10	a26	0
12	0.509116372936752	a7	a14	a27	0
13	0.509153701832998	a7	a14
12	0.509175341772851	a7	a14	a27	1
13	0.509209965676616	a7	a14
12	0.509232687613461	a7	a14	a27	2
13	0.509279213484145	a7	a14
12	0.509305181411969	a7	a14	a27	3
13	0.509333313333777	a7	a14
13	0.50951671182403	a6	a10
12	0.509611927559383	a6	a10	a22	0
12	0.509668191403001	a7	a14	a23	0
13	0.509922460696272	a7	a14
12	0.509978183541393	a7	a14	a23	1
12	0.510026873406062	a7	a16	a23	2
12	0.510086924239154	a7	a17	a23	3
12	0.510118843150437	a7	a15	a23	4
13	0.510240026813613	a7	a14
12	0.510301700642194	a7	a14	a23	5
13	0.510379063427168	a7	a16
13	0.510390965394087	a7	a17
12	0.510466164185076	a7	a17	a23	6
12	0.510492132112899	a7	a16	a23	7
13	0.510567330903888	a7	a14
13	0.510616561767053	a7	a15
12	0.510654972660292	a7	a14	a23	8
12	0.510704203523457	a7	a15	a23	9
13	0.510732335445266	a7	a17
12	0.510792386278358	a7	a17	a23	10
13	0.510818354206181	a7	a16
12	0.510894093995666	a7	a16	a23	11
13	0.51093034089492	a7	a14
12	0.511002834693427	a7	a14	a23	12
13	0.511073164497949	a7	a17
12	0.511131051337055	a7	a17	a23	13
13	0.511164052245331	a7	a15
13	0.511201922140073	a7	a16
12	0.511250071006246	a7	a15	a23	14
13	0.511264677965647	a7	a14
12	0.51127008795061	a7	a16	a23	15
13	0.511380992642356	a7	a17
13	0.511616867986752	a7	a16
13	0.511645540907057	a7	a15
13	0.511784036522116	a6	a10
13	0.511837595373252	a8	a57
12	0.51187167827852	a6	a10	a28	0
12	0.511966894013873	a7	a14	a29	0
13	0.511994484937185	a7	a14
12	0.512017206874031	a7	a14	a29	1
13	0.512051289779299	a7	a14
12	0.512066978735692	a7	a14	a29	2
13	0.512095110657501	a7	a14
12	0.512110799613894	a7	a14	a29	3
13	0.512138390537207	a7	a14
12	0.512155702489089	a7	a14	a29	4
13	0.512184375409394	a7	a14
12	0.512200064365788	a7	a14	a29	5
13	0.5122276552891	a7	a14
12	0.512358035926714	a7	a16	a29	6
12	0.512377511872581	a7	a14	a29	7
13	0.512406184792886	a7	a14
12	0.512411053779353	a7	a15	a29	8
12	0.512464071631993	a7	a17	a29	9
13	0.512485711571846	a7	a16
12	0.512486793568838	a7	a14	a29	10
13	0.512514384492151	a7	a14
13	0.512542516413959	a7	a15
13	0.512553336383886	a7	a17
12	0.512589583283139	a7	a16	a29	11
12	0.512630158170364	a7	a15	a29	12
12	0.512642060137283	a7	a17	a29	13
13	0.512649093117735	a7	a16
12	0.51267181505458	a7	a14	a29	14
13	0.512681553027514	a7	a17
13	0.512714012937293	a7	a14
13	0.512719422922257	a7	a15
12	0.512775686765874	a7	a16	a29	15
13	0.512892001442583	a7	a16
13	0.513030497057642	a6	a10
13	0.51306457996291	a8	a56
12	0.513333456215582	a8	a56	a42	0
12	0.513403245021608	a6	a10	a30	0
12	0.513505493737412	a7	a14	a31	0
13	0.513583397520883	a7	a14
12	0.513600168474269	a7	a14	a31	1
13	0.51367644926225	a7	a14
12	0.51369267921714	a7	a14	a31	2
13	0.513772205996099	a7	a14
12	0.513787894952493	a7	a14	a31	3
13	0.513876618705889	a7	a14
12	0.513949112504397	a7	a14	a31	4
12	0.513986982399139	a7	a17	a31	5
13	0.514010786332977	a7	a14
12	0.51401186832997	a7	a16	a31	6
12	0.514051902218698	a7	a14	a31	7
12	0.514097887090885	a7	a15	a31	8
13	0.514121691024723	a7	a14
13	0.514162806910444	a7	a16
13	0.514166593899918	a7	a17
12	0.514177954868341	a7	a14	a31	9
12	0.514238546699929	a7	a17	a31	10
12	0.51426776061873	a7	a16	a31	11
13	0.514268842615723	a7	a15
13	0.514277498591664	a7	a14
13	0.51431049949994	a7	a17
13	0.514346746399193	a7	a16
12	0.514366222345061	a7	a17	a31	12
12	0.51441491220973	a7	a15	a31	13
12	0.514420322194693	a7	a16	a31	14
13	0.514428437172138	a7	a17
12	0.514450618110487	a7	a14	a31	15
13	0.514510127945082	a7	a16
13	0.514546374844336	a7	a15
13	0.514563686796218	a7	a14
13	0.514742757298501	a6	a10
13	0.514902351854916	a8	a56
12	0.514929401779732	a8	a56	a45	0
12	0.514960779692519	a6	a10	a32	0
12	0.515014879542151	a7	a14	a33	0
13	0.515030568498544	a7	a14
12	0.515047880450427	a7	a14	a33	1
13	0.51506356940682	a7	a14
12	0.515084668348176	a7	a14	a33	2
13	0.515107931283518	a7	a14
12	0.515160949136158	a7	a14	a33	3
13	0.515177179091048	a7	a14
12	0.515180966080522	a7	a16	a33	4
12	0.515213425990301	a7	a14	a33	5
13	0.515230196943687	a7	a14
13	0.515250213888051	a7	a16
12	0.515316215704602	a7	a14	a33	6
12	0.515330822664003	a7	a16	a33	7
13	0.515333527656485	a7	a14
13	0.5153459706219	a7	a16
12	0.515441727355749	a7	a15	a33	8
12	0.515483925238462	a7	a14	a33	9
13	0.51549745020087	a7	a15
12	0.515505024179819	a7	a17	a33	10
13	0.515512057160271	a7	a14
12	0.515525041124183	a7	a16	a33	11
13	0.515561288023436	a7	a17
13	0.515568321003888	a7	a16
12	0.515585632955771	a7	a15	a33	12
12	0.515606190898631	a7	a14	a33	13
13	0.515623502850513	a7	a14
13	0.51562404384901	a7	a15
12	0.515699242639998	a7	a17	a33	14
13	0.515713849599399	a7	a17
12	0.515723046573836	a7	a16	a33	15
13	0.515750096498653	a7	a16
13	0.515940527969358	a6	a10
13	0.515980020859589	a8	a56
12	0.516376031758897	a8	a56	a50	0
12	0.517938976414771	a6	a10	a34	0
12	0.518012552210271	a7	a14	a35	0
12	0.518184048733605	a7	a16	a35	1
12	0.518269526496024	a7	a17	a35	2
12	0.51841721908552	a7	a15	a35	3
13	0.524243772890908	a7	a14
13	0.541907373795821	a7	a15
13	0.544032415889374	a7	a16
13	0.54437432693905	a7	a17
13	0.544689729062405	a6	a10
12	0.544768714842868	a6	a10	a36	0
12	0.544833093663931	a7	a14	a37	0
12	0.545020279143658	a7	a15	a37	1
13	0.545187988677518	a7	a14
12	0.545255613489558	a7	a14	a37	2
12	0.545301598361745	a7	a16	a37	3
13	0.546764999294296	a7	a14
13	0.547349818668821	a7	a16
13	0.54750724923125	a7	a15
13	0.547643039853827	a6	a10
12	0.549175147595411	a6	a10	a38	0
12	0.549244936401437	a7	a14	a39	0
12	0.549319594193929	a7	a17	a39	1
12	0.549572240491711	a7	a15	a39	2
12	0.549751310993994	a7	a16	a39	3
13	0.550061303132386	a7	a14
13	0.550396722200106	a7	a17
13	0.550686156395638	a7	a16
13	0.550805717063325	a7	a15
13	0.550933933706954	a6	a10
12	0.550988574555082	a6	a10	a40	0
12	0.551040510410729	a7	a14	a41	0
12	0.551313714651372	a7	a16	a41	1
13	0.551366191505515	a7	a14
12	0.551443013291993	a7	a14	a41	2
12	0.551514425093507	a7	a17	a41	3
13	0.551948305887558	a7	a14
13	0.552151180323678	a7	a16
13	0.552434122537255	a7	a17
13	0.552597504083144	a6	a10
12	0.552744655674144	a8	a57	a49	0
13	0.556395313527324	a8	a57
12	0.556447249382971	a8	a57	a54	0
12	0.557612019145553	a8	a58	a53	0
13	0.565188703086542	a8	a58
12	0.565229818972263	a8	a58	a52	0
13	0.568452547014853	a8	a58
12	0.568492039905084	a8	a58	a51	0
13	0.57012531436548	a8	a58
13	0.571903576422891	a8	a57
13	0.57196254525899	a8	a56
13	0.572111319845478	a8	a55
12	0.572467296856058	a8	a55	a46	0
12	0.572490018792904	a8	a56	a48	0
13	0.591104154055855	a8	a56
12	0.591255092636329	a6	a10	a20	0
12	0.59132704543634	a7	a14	a21	0
13	0.591582396726604	a7	a14
12	0.591600249676982	a7	a17	a21	1
12	0.591629463595784	a7	a14	a21	2
12	0.591699252401809	a7	a15	a21	3
13	0.591951898699592	a7	a17
13	0.592130428203378	a7	a14
13	0.592791528365883	a7	a15
13	0.592930564979438	a6	a10
12	0.593066355602015	a8	a56	a44	0
12	0.593088536540364	a8	a57	a43	0
12	0.593200523229103	a6	a10	a22	0
12	0.593262197057683	a7	a14	a23	0
12	0.593501318393058	a7	a17	a23	1
13	0.593547303265245	a7	a14
12	0.593614387078789	a7	a16	a23	2
12	0.593651715975035	a7	a14	a23	3
12	0.59372312777655	a7	a15	a23	4
13	0.593969823090873	a7	a14
13	0.594010397978097	a7	a17
12	0.594055300853292	a7	a14	a23	5
12	0.594075858796152	a7	a17	a23	6
13	0.594253847301442	a7	a16
13	0.594279815229265	a7	a15
13	0.594337161069875	a7	a17
12	0.594367997984166	a7	a15	a23	7
13	0.594390178922515	a7	a14
12	0.59439829389996	a7	a16	a23	8
12	0.594414523854849	a7	a17	a23	9
12	0.594454016745081	a7	a14	a23	10
13	0.594684482104514	a7	a17
12	0.594740745948131	a7	a17	a23	11
13	0.594745614934598	a7	a14
13	0.594771582862422	a7	a16
12	0.594789976811297	a7	a14	a23	12
13	0.594847863650403	a7	a15
12	0.594865175602285	a7	a16	a23	13
12	0.594947407373726	a7	a15	a23	14
13	0.595045328101561	a7	a17
13	0.595045328101561	a7	a14
12	0.595112952913601	a7	a17	a23	15
13	0.595279039451972	a7	a16
13	0.595364517214391	a7	a15
13	0.595396436125674	a7	a17
13	0.595606884540743	a6	a10
12	0.595782168053551	a6	a10	a24	0
12	0.59585736684454	a7	a14	a25	0
13	0.595897941731764	a7	a14
12	0.595914171686654	a7	a14	a25	1
13	0.595939057617485	a7	a14
12	0.595955287572374	a7	a14	a25	2
13	0.595990452474635	a7	a14
12	0.596006682429525	a7	a14	a25	3
13	0.596038601340808	a7	a14
13	0.596234983794973	a6	a10
12	0.596283673659642	a6	a10	a26	0
12	0.596336691512281	a7	a14	a27	0
13	0.596374020408528	a7	a14
12	0.596395119349884	a7	a14	a27	1
13	0.596432989244627	a7	a14
12	0.596460580167939	a7	a14	a27	2
13	0.596500614056667	a7	a14
12	0.596529286976972	a7	a14	a27	3
13	0.596560123891262	a7	a14
13	0.596823049160475	a6	a10
12	0.596926379873272	a6	a10	a22	0
12	0.596982102718393	a7	a14	a23	0
13	0.597231503025198	a7	a14
12	0.597252060968058	a7	a14	a23	1
12	0.597336997731981	a7	a17	a23	2
12	0.597430590471844	a7	a15	a23	3
12	0.597480903332002	a7	a16	a23	4
13	0.597509576252307	a7	a14
12	0.597571250080888	a7	a14	a23	5
13	0.597665383819248	a7	a17
12	0.597727598646325	a7	a17	a23	6
13	0.597854192294465	a7	a14
12	0.597890439193718	a7	a14	a23	7
13	0.597937506062898	a7	a15
13	0.597969965972677	a7	a16
13	0.597979162947115	a7	a17
12	0.598037590784718	a7	a15	a23	8
12	0.598068968697504	a7	a17	a23	9
12	0.598091149635854	a7	a16	a23	10
13	0.598177709395265	a7	a14
12	0.598246416204298	a7	a14	a23	11
13	0.598317828005813	a7	a17
12	0.598380583831386	a7	a17	a23	12
13	0.598414125738158	a7	a15
12	0.598477963560724	a7	a15	a23	13
13	0.598514210459977	a7	a14
13	0.598523948432911	a7	a16
12	0.598609967193826	a7	a14	a23	14
12	0.598628902141198	a7	a16	a23	15
13	0.598647296090073	a7	a17
13	0.598840973551756	a7	a15
13	0.598881007440484	a7	a14
13	0.599007601088623	a7	a16
13	0.59917422862549	a6	a10
13	0.599239689443545	a8	a57
12	0.599275936342799	a6	a10	a28	0
12	0.599331118189424	a7	a14	a29	0
13	0.599358709112736	a7	a14
12	0.599377644060107	a7	a14	a29	1
13	0.599412808962368	a7	a14
12	0.599429038917258	a7	a14	a29	2
13	0.599466908812	a7	a14
12	0.599486925756364	a7	a14	a29	3
13	0.599521008661633	a7	a14
12	0.599537238616522	a7	a14	a29	4
13	0.599568616529309	a7	a14
12	0.599611896409015	a7	a14	a29	5
12	0.599642192324809	a7	a15	a29	6
13	0.599644356318794	a7	a14
12	0.599678439224062	a7	a14	a29	7
13	0.59970819414136	a7	a14
12	0.599717391115798	a7	a17	a29	8
12	0.599757966003022	a7	a14	a29	9
13	0.599817475837617	a7	a15
13	0.599817475837617	a7	a14
13	0.599853722736871	a7	a17
12	0.599907822586503	a7	a14	a29	10
12	0.599940823494779	a7	a15	a29	11
13	0.599941364493275	a7	a14
12	0.599955430454179	a7	a17	a29	12
13	0.599990054357944	a7	a17
12	0.599996005341403	a7	a16	a29	13
13	0.60000682531133	a7	a15
12	0.600021973269227	a7	a14	a29	14
12	0.600057679169984	a7	a17	a29	15
13	0.600089598081267	a7	a17
13	0.600097172060216	a7	a14
13	0.600110697022624	a7	a16
13	0.600334129401605	a6	a10
13	0.60034657236702	a8	a56
12	0.600632760571574	a8	a56	a42	0
12	0.600697680391133	a6	a10	a30	0
12	0.600801552102427	a7	a14	a31	0
13	0.600878373888905	a7	a14
12	0.60090109582575	a7	a14	a31	1
13	0.60096872063779	a7	a14
12	0.601019033497948	a7	a14	a31	2
12	0.601067723362617	a7	a16	a31	3
13	0.601084494316003	a7	a14
12	0.601154824120525	a7	a14	a31	4
13	0.601217038947602	a7	a14
12	0.601253826845352	a7	a14	a31	5
12	0.601274925786709	a7	a17	a31	6
13	0.601317664667918	a7	a14
12	0.601323074652881	a7	a15	a31	7
13	0.6013349766198	a7	a16
12	0.601360944547624	a7	a14	a31	8
13	0.601395568451388	a7	a17
12	0.601422618376204	a7	a16	a31	9
12	0.601460488270947	a7	a17	a31	10
13	0.601469144246888	a7	a14
13	0.60147617722734	a7	a15
13	0.601527031085995	a7	a17
12	0.601544343037877	a7	a14	a31	11
13	0.601564900980737	a7	a16
12	0.601605475867961	a7	a15	a31	12
12	0.601613590845406	a7	a17	a31	13
13	0.601622787819844	a7	a14
12	0.601665526701053	a7	a14	a31	14
13	0.601678510664965	a7	a17
13	0.601695281618351	a7	a15
13	0.601730446520612	a7	a14
12	0.601734233510086	a7	a17	a31	15
13	0.601799153329645	a7	a17
13	0.602830296463634	a6	a10
13	0.602982858039597	a8	a56
12	0.603025596920807	a8	a56	a45	0
12	0.60306184382006	a6	a10	a32	0
12	0.603124599645633	a7	a14	a33	0
13	0.603140288602027	a7	a14
12	0.603163551537369	a7	a14	a33	1
13	0.603179240493762	a7	a14
12	0.603218192385497	a7	a14	a33	2
13	0.603241996319335	a7	a14
12	0.603256603278736	a7	a17	a33	3
12	0.603280407212574	a7	a14	a33	4
13	0.60329717816596	a7	a14
13	0.603310162129872	a7	a17
12	0.603316113113331	a7	a14	a33	5
13	0.603332343068221	a7	a14
12	0.603366966971986	a7	a14	a33	6
13	0.603383737925372	a7	a14
12	0.603389688908831	a7	a17	a33	7
13	0.603405918863721	a7	a17
12	0.603429181799063	a7	a14	a33	8
13	0.603446493750945	a7	a14
12	0.603451903735908	a7	a17	a33	9
13	0.603467592692302	a7	a17
12	0.60349139662614	a7	a14	a33	10
13	0.603507085582533	a7	a14
12	0.603550906460735	a7	a15	a33	11
12	0.603556316445698	a7	a17	a33	12
13	0.603572546400588	a7	a17
12	0.603588776355478	a7	a14	a33	13
13	0.603600678322397	a7	a15
13	0.603607170304353	a7	a14
12	0.603633679230672	a7	a17	a33	14
13	0.603649368187066	a7	a17
12	0.603682910093838	a7	a15	a33	15
13	0.603724566978055	a7	a15
13	0.603846291639727	a6	a10
13	0.603890112517929	a8	a56
12	0.604243925534524	a8	a56	a50	0
12	0.605869085017475	a6	a10	a34	0
12	0.605954021781398	a7	a14	a35	0
12	0.606393853558907	a7	a17	a35	1
12	0.606426854467183	a7	a16	a35	2
13	0.606461478370948	a7	a14
12	0.606506381246142	a7	a14	a35	3
13	0.614709541445873	a7	a17
13	0.615950591996435	a7	a14
13	0.616176188369402	a7	a16
13	0.616368783834092	a6	a10
12	0.616402325740864	a6	a10	a36	0
12	0.616463458570949	a7	a14	a37	0
12	0.616667956002558	a7	a15	a37	1
12	0.61677074571686	a7	a17	a37	2
13	0.616800500634157	a7	a14
12	0.616863797458227	a7	a14	a37	3
13	0.618227654667455	a7	a14
13	0.619225796893169	a7	a17
13	0.619503329121782	a7	a15
13	0.619651562709774	a6	a10
12	0.62117014548895	a6	a10	a38	0
12	0.621241557290465	a7	a14	a39	0
12	0.621362199955144	a7	a15	a39	1
12	0.621520712514567	a7	a16	a39	2
12	0.621659749128121	a7	a17	a39	3
13	0.62208064595826	a7	a14
13	0.622599463516233	a7	a17
13	0.622869962764394	a7	a15
13	0.622902422674173	a7	a16
13	0.623174544917823	a6	a10
12	0.623206463829106	a6	a10	a40	0
12	0.623280039624606	a7	a14	a41	0
13	0.623590572761495	a7	a14
12	0.623647377603609	a7	a14	a41	1
12	0.623697690463767	a7	a15	a41	2
12	0.623716084412641	a7	a17	a41	3
13	0.624498909236819	a7	a14
13	0.624920347065454	a7	a17
13	0.625069662650439	a7	a15
13	0.625221683227906	a6	a10
12	0.625368834818905	a8	a57	a49	0
13	0.629014082687123	a8	a57
12	0.629057362566829	a8	a57	a54	0
12	0.630168032479778	a8	a58	a53	0
13	0.637451495235761	a8	a58
12	0.637491529124489	a8	a58	a52	0
13	0.640668813293388	a8	a58
12	0.640711011176101	a8	a58	a51	0
13	0.642377827543269	a8	a58
13	0.657237433241745	a8	a57
13	0.657311550035741	a8	a56
13	0.657606935214733	a8	a55
12	0.657928288321548	a8	a55	a46	0
12	0.657949928261401	a8	a56	a48	0
13	0.697729006697462	a8	a56
12	0.698299760111081	a6	a10	a20	0
12	0.698367384923122	a7	a14	a21	0
12	0.698485863593816	a7	a16	a21	1
12	0.698555111401345	a7	a15	a21	2
13	0.698661147106625	a7	a14
12	0.69874716586754	a7	a14	a21	3
13	0.699034977067583	a7	a16
13	0.699403938042075	a7	a15
13	0.699416922005986	a7	a14
13	0.699558122613526	a6	a10
12	0.700021217326378	a8	a56	a44	0
12	0.700052054240668	a8	a57	a43	0
12	0.700215976785054	a6	a10	a22	0
12	0.700280355606116	a7	a14	a23	0
12	0.700544903870818	a7	a16	a23	1
13	0.700583855762553	a7	a14
12	0.700641201603163	a7	a17	a23	2
12	0.700680694493395	a7	a14	a23	3
12	0.700731548352049	a7	a15	a23	4
13	0.700944160761103	a7	a14
12	0.701008539582166	a7	a14	a23	5
13	0.701057229446835	a7	a17
13	0.70109023035511	a7	a16
12	0.701115116285941	a7	a17	a23	6
12	0.701166511143092	a7	a16	a23	7
13	0.701240627937088	a7	a15
13	0.701276874836341	a7	a14
12	0.701334761675448	a7	a15	a23	8
12	0.701353155624323	a7	a14	a23	9
13	0.701396435504029	a7	a17
12	0.701455404340128	a7	a17	a23	10
13	0.701470552298025	a7	a16
12	0.701539259107058	a7	a16	a23	11
13	0.701618785886017	a7	a14
12	0.701690197687531	a7	a14	a23	12
13	0.701722116598814	a7	a17
12	0.701778921440928	a7	a17	a23	13
13	0.701800020382285	a7	a15
13	0.701807053362737	a7	a16
12	0.70190226909809	a7	a15	a23	14
12	0.701915794060498	a7	a16	a23	15
13	0.701952581958248	a7	a14
13	0.702048338692096	a7	a17
13	0.702206310253023	a7	a16
13	0.70240972568764	a7	a15
13	0.702550385296683	a6	a10
12	0.70289500133884	a6	a10	a24	0
12	0.702959921158399	a7	a14	a25	0
13	0.703013480009535	a7	a14
12	0.703030250962921	a7	a14	a25	1
13	0.703055136893752	a7	a14
12	0.703102203762932	a7	a14	a25	2
12	0.70313033568474	a7	a17	a25	3
13	0.703137368665193	a7	a14
13	0.703278569272733	a7	a17
13	0.703490099684795	a6	a10
12	0.703568003468265	a6	a10	a26	0
12	0.703625890307371	a7	a14	a27	0
13	0.703689187131441	a7	a14
12	0.703721647041221	a7	a14	a27	1
13	0.703751401958518	a7	a14
12	0.70378061587732	a7	a14	a27	2
13	0.703816321778077	a7	a14
12	0.70383201073447	a7	a14	a27	3
13	0.703867716635227	a7	a14
13	0.704215578668362	a6	a10
12	0.704389780184178	a6	a10	a22	0
12	0.70447038896013	a7	a14	a23	0
12	0.704689493351141	a7	a17	a23	1
12	0.70472195326092	a7	a16	a23	2
13	0.704723576256409	a7	a14
12	0.704768479131604	a7	a14	a23	3
12	0.704812841008302	a7	a15	a23	4
13	0.705032486397809	a7	a17
13	0.705049798349691	a7	a16
13	0.705058454325632	a7	a14
12	0.705103898199323	a7	a17	a23	5
12	0.705140686097073	a7	a14	a23	6
12	0.705174228003845	a7	a16	a23	7
13	0.705328953573793	a7	a15
13	0.705379266433951	a7	a17
12	0.705396578385833	a7	a15	a23	8
13	0.705404693363278	a7	a14
13	0.70543823527005	a7	a16
12	0.705450137236969	a7	a17	a23	9
12	0.705486925134719	a7	a14	a23	10
12	0.705541565982848	a7	a16	a23	11
13	0.705803950253564	a7	a17
13	0.705806114247549	a7	a14
13	0.705826131191913	a7	a16
12	0.705882936034027	a7	a14	a23	12
12	0.705892133008464	a7	a17	a23	13
12	0.705916477940799	a7	a16	a23	14
13	0.705920264930273	a7	a15
12	0.706021972647582	a7	a15	a23	15
13	0.706156681273166	a7	a14
13	0.70617074723407	a7	a17
13	0.706188600184449	a7	a16
13	0.706493182337878	a7	a15
13	0.706632218951433	a6	a10
13	0.706751238620624	a8	a57
12	0.706783157531907	a6	a10	a28	0
12	0.706925981134936	a7	a14	a29	0
13	0.706997933934946	a7	a14
12	0.707014163889836	a7	a14	a29	1
13	0.70705041078909	a7	a14
12	0.707067181742476	a7	a14	a29	2
13	0.707099100653759	a7	a14
12	0.707115871607145	a7	a14	a29	3
13	0.707146167522939	a7	a14
12	0.707161856479332	a7	a14	a29	4
13	0.70719161139663	a7	a14
12	0.707207841351519	a7	a14	a29	5
13	0.707236514271825	a7	a14
12	0.70728574513499	a7	a14	a29	6
13	0.707313877056799	a7	a14
12	0.707387452852298	a7	a14	a29	7
13	0.707415584774107	a7	a14
12	0.707430732732004	a7	a15	a29	8
12	0.707435601718471	a7	a17	a29	9
12	0.707470225622236	a7	a14	a29	10
12	0.707495111553066	a7	a16	a29	11
13	0.707497816545548	a7	a14
13	0.707534063444802	a7	a17
13	0.70756219536661	a7	a15
12	0.707623869195191	a7	a14	a29	12
13	0.707629279180154	a7	a16
12	0.707643886139555	a7	a17	a29	13
13	0.70768878901475	a7	a14
13	0.707689330013246	a7	a17
12	0.707700149983172	a7	a15	a29	14
12	0.707751544840323	a7	a17	a29	15
13	0.707798070711007	a7	a17
13	0.707817005658378	a7	a15
13	0.708003109141113	a6	a10
13	0.708041520034352	a8	a56
12	0.708759966037467	a8	a56	a42	0
12	0.708866542741243	a6	a10	a30	0
12	0.708938495541254	a7	a14	a31	0
13	0.70908023714729	a7	a14
12	0.709098090097669	a7	a14	a31	1
12	0.709169501899183	a7	a15	a31	2
13	0.709177075878132	a7	a14
12	0.709221978753326	a7	a14	a31	3
12	0.709279324593936	a7	a16	a31	4
13	0.709301505532286	a7	a14
12	0.7093729173338	a7	a17	a31	5
12	0.709397262266135	a7	a14	a31	6
13	0.709408082236061	a7	a15
13	0.709429722175914	a7	a16
13	0.709464346079679	a7	a14
13	0.709496264990962	a7	a17
12	0.709500592978932	a7	a15	a31	7
12	0.709528183902244	a7	a16	a31	8
12	0.709578496762402	a7	a14	a31	9
12	0.709589857730825	a7	a17	a31	10
13	0.70961853065113	a7	a16
13	0.709627727625568	a7	a15
13	0.709653695553391	a7	a17
13	0.709669384509785	a7	a14
12	0.709694811439112	a7	a17	a31	11
12	0.709725648353402	a7	a16	a31	12
12	0.70974945228724	a7	a14	a31	13
13	0.709761895252656	a7	a17
12	0.709772174224086	a7	a15	a31	14
12	0.709820323090258	a7	a17	a31	15
13	0.709836012046652	a7	a16
13	0.709860897977483	a7	a14
13	0.709874422939891	a7	a15
13	0.709883078915832	a7	a17
13	0.71009515032639	a6	a10
13	0.71027746681965	a8	a56
12	0.710327779679808	a8	a56	a45	0
12	0.710371059559514	a6	a10	a32	0
12	0.71043056939411	a7	a14	a33	0
13	0.710468439288852	a7	a14
12	0.710507391180587	a7	a14	a33	1
13	0.710524162133973	a7	a14
12	0.710580425977591	a7	a16	a33	2
12	0.710597737929473	a7	a14	a33	3
13	0.710615049881355	a7	a14
13	0.710650214783616	a7	a16
12	0.710708101622723	a7	a14	a33	4
12	0.710723790579116	a7	a16	a33	5
13	0.710739479535509	a7	a16
13	0.710749217508443	a7	a14
12	0.710757873484384	a7	a15	a33	6
12	0.710766529460326	a7	a17	a33	7
13	0.710806022350557	a7	a17
13	0.710815760323491	a7	a15
12	0.710832531276877	a7	a16	a33	8
13	0.710853089219737	a7	a16
12	0.710910976058844	a7	a17	a33	9
13	0.710926665015237	a7	a17
12	0.710951009947571	a7	a14	a33	10
12	0.710964534909979	a7	a16	a33	11
13	0.710974813881409	a7	a14
13	0.710980764864869	a7	a16
12	0.711047848678413	a7	a15	a33	12
12	0.711053799661873	a7	a17	a33	13
13	0.711070029616762	a7	a17
13	0.711087341568645	a7	a15
12	0.711097079541578	a7	a16	a33	14
13	0.71113062144835	a7	a16
12	0.711133326440832	a7	a14	a33	15
13	0.711171737334071	a7	a14
13	0.711464417520581	a6	a10
13	0.711540698308562	a8	a56
12	0.712762272913257	a8	a56	a50	0
12	0.714606536787219	a6	a10	a34	0
12	0.714664964624822	a7	a14	a35	0
12	0.71484619912109	a7	a17	a35	1
12	0.714895429984255	a7	a15	a35	2
12	0.71500795767149	a7	a16	a35	3
13	0.72041199165125	a7	a14
13	0.725695923964828	a7	a17
13	0.739434039780428	a7	a15
13	0.740401345091852	a7	a16
13	0.740549037681348	a6	a10
12	0.74067076234302	a6	a10	a36	0
12	0.740740551149046	a7	a14	a37	0
12	0.74082819290545	a7	a17	a37	1
12	0.741151710006251	a7	a16	a37	2
12	0.741621296701058	a7	a15	a37	3
13	0.743417411708847	a7	a15
13	0.743701435919416	a7	a14
13	0.744419340924036	a7	a16
13	0.744966290403817	a7	a17
13	0.745111818999328	a6	a10
12	0.746806226289808	a6	a10	a38	0
12	0.74690306502065	a7	a14	a39	0
12	0.747193040214678	a7	a16	a39	1
12	0.747340191805678	a7	a17	a39	2
12	0.747363995739516	a7	a15	a39	3
13	0.74766208591099	a7	a14
13	0.748185231456933	a7	a16
13	0.748245282290025	a7	a17
13	0.748567176395336	a7	a15
13	0.748692688046483	a6	a10
12	0.748759230861531	a6	a10	a40	0
12	0.748840380635979	a7	a14	a41	0
12	0.748913415432982	a7	a17	a41	1
13	0.749203390627011	a7	a14
12	0.749243965514235	a7	a14	a41	2
12	0.749304557345823	a7	a16	a41	3
13	0.74968596128573	a7	a17
13	0.750065742230148	a7	a14
13	0.750196122867762	a7	a16
13	0.750362750404629	a6	a10
12	0.750565083842254	a8	a57	a49	0
13	0.754262808564614	a8	a57
12	0.754336925358611	a8	a57	a54	0
12	0.755524417058037	a8	a58	a53	0
13	0.762712664078668	a8	a58
12	0.762751615970403	a8	a58	a52	0
13	0.765796896506199	a8	a58
12	0.76583801239192	a8	a58	a51	0
13	0.767409072025239	a8	a58
13	0.769198154052576	a8	a57
13	0.769345846642072	a8	a56
13	0.769548721078192	a8	a55
12	0.770094588560981	a8	a55	a47	0
13	0.777613385662865	a8	a55
12	0.777688043455357	a8	a55	a46	0
12	0.777772439220783	a8	a56	a48	0
13	0.793682123000621	a8	a56
12	0.793790863698381	a6	a10	a20	0
12	0.793843881551021	a7	a14	a21	0
12	0.793917457346521	a7	a17	a21	1
13	0.794042968997667	a7	a14
12	0.794088412871358	a7	a14	a21	2
12	0.794260991391685	a7	a15	a21	3
13	0.794271270363115	a7	a14
13	0.794458455842843	a7	a17
13	0.79478251394214	a7	a15
13	0.794926960540658	a6	a10
12	0.795061669166242	a8	a56	a44	0
12	0.795082227109102	a8	a57	a43	0
12	0.795205033767767	a6	a10	a22	0
12	0.795261297611385	a7	a14	a23	0
12	0.795486893984351	a7	a17	a23	1
12	0.795538829839998	a7	a15	a23	2
13	0.795614028630987	a7	a14
12	0.795614569629483	a7	a16	a23	3
12	0.79570762137085	a7	a14	a23	4
13	0.795992186579916	a7	a17
13	0.796001924552849	a7	a14
12	0.796032220468643	a7	a14	a23	5
13	0.796056024402482	a7	a16
12	0.796057106399474	a7	a17	a23	6
12	0.79612094422204	a7	a16	a23	7
13	0.796250783861157	a7	a15
12	0.796347081593503	a7	a15	a23	8
13	0.796375213515311	a7	a14
13	0.796392525467194	a7	a17
12	0.796448248312315	a7	a17	a23	9
12	0.796465560264197	a7	a14	a23	10
13	0.796531562080749	a7	a16
12	0.796588907921359	a7	a16	a23	11
13	0.796742551494314	a7	a14
12	0.796813963295829	a7	a14	a23	12
13	0.796845341208615	a7	a17
12	0.796912966020656	a7	a17	a23	13
13	0.796960573888332	a7	a15
12	0.797024411710898	a7	a15	a23	14
13	0.797068773587596	a7	a16
13	0.797139103392118	a7	a14
12	0.797146677371067	a7	a16	a23	15
13	0.797306271927482	a7	a17
13	0.79755513123579	a7	a16
13	0.797565951205716	a7	a15
13	0.797725004763635	a6	a10
12	0.797880271332079	a6	a10	a24	0
12	0.797938699169682	a7	a14	a25	0
13	0.797974405070439	a7	a14
12	0.798011192968189	a7	a14	a25	1
13	0.79805230885391	a7	a14
12	0.798067456811807	a7	a14	a25	2
13	0.798100457720082	a7	a14
12	0.798116687674972	a7	a14	a25	3
13	0.798145901593773	a7	a14
13	0.798296840174247	a6	a10
12	0.798359055001324	a6	a10	a26	0
12	0.798437499783291	a7	a14	a27	0
13	0.798468336697581	a7	a14
12	0.798500796607361	a7	a14	a27	1
13	0.798535961509622	a7	a14
12	0.798570585413386	a7	a14	a27	2
13	0.798609537305121	a7	a14
12	0.798637128228434	a7	a14	a27	3
13	0.798671211133702	a7	a14
13	0.798994187236006	a6	a10
12	0.799091566965344	a6	a10	a22	0
12	0.799142420823999	a7	a14	a23	0
12	0.799378837166891	a7	a16	a23	1
13	0.799381542159373	a7	a14
12	0.799444297984946	a7	a14	a23	2
12	0.799472970905251	a7	a17	a23	3
12	0.799536808727817	a7	a15	a23	4
13	0.799703977263181	a7	a14
12	0.799764028096273	a7	a14	a23	5
13	0.79976727408725	a7	a16
13	0.799784586039133	a7	a17
12	0.799840308884254	a7	a16	a23	6
12	0.799860866827114	a7	a17	a23	7
13	0.80000423142864	a7	a14
12	0.800069692246694	a7	a14	a23	8
13	0.800109726135422	a7	a16
13	0.800116218117378	a7	a15
12	0.800183842929418	a7	a16	a23	9
13	0.800183842929418	a7	a17
12	0.80024389376251	a7	a15	a23	10
12	0.800248221750481	a7	a17	a23	11
13	0.800346142478315	a7	a14
12	0.800412144294866	a7	a14	a23	12
13	0.800478146111418	a7	a16
13	0.800544147927969	a7	a17
12	0.800550639909925	a7	a16	a23	13
12	0.800602034767075	a7	a17	a23	14
13	0.800653970622722	a7	a14
12	0.800715644451303	a7	a14	a23	15
13	0.800795171230262	a7	a15
13	0.800809778189663	a7	a16
13	0.800897419946067	a7	a17
13	0.800983438706982	a7	a14
13	0.801060801491956	a6	a10
13	0.801136000282945	a8	a57
12	0.801164132204754	a6	a10	a28	0
12	0.801199297107015	a7	a14	a29	0
13	0.801251773961158	a7	a14
12	0.801267462917551	a7	a14	a29	1
13	0.801302086821316	a7	a14
12	0.801318316776206	a7	a14	a29	2
13	0.801349694688992	a7	a14
12	0.801365924643882	a7	a14	a29	3
13	0.801397302556669	a7	a14
12	0.801412991513062	a7	a14	a29	4
13	0.801443828427352	a7	a14
12	0.801482239320591	a7	a14	a29	5
13	0.801513617233378	a7	a14
12	0.801571504072484	a7	a14	a29	6
12	0.801596390003315	a7	a16	a29	7
13	0.80160450498076	a7	a14
12	0.801626685919109	a7	a17	a29	8
12	0.801655899837911	a7	a14	a29	9
12	0.801679703771749	a7	a15	a29	10
13	0.801715409672506	a7	a14
13	0.801720278658973	a7	a16
13	0.801735967615366	a7	a17
13	0.801774919507101	a7	a15
12	0.801824150370267	a7	a14	a29	11
12	0.801838216331171	a7	a17	a29	12
13	0.80187662722441	a7	a17
13	0.801877168222906	a7	a14
12	0.801884742201855	a7	a15	a29	13
12	0.80189718516727	a7	a16	a29	14
12	0.801930186075546	a7	a14	a29	15
13	0.80196480997931	a7	a14
13	0.801978334941718	a7	a15
13	0.802025401810899	a7	a16
13	0.802212587290626	a6	a10
13	0.802224489257545	a8	a56
12	0.802454413618482	a8	a56	a42	0
12	0.802520415435033	a6	a10	a30	0
12	0.802576679278651	a7	a14	a31	0
13	0.802651337071143	a7	a14
12	0.802674059007989	a7	a16	a31	1
12	0.802715715892205	a7	a14	a31	2
12	0.802764405756874	a7	a15	a31	3
13	0.802832030568915	a7	a14
13	0.802873146454635	a7	a16
12	0.802938066274194	a7	a16	a31	4
13	0.802939689269683	a7	a15
12	0.802987838135855	a7	a14	a31	5
12	0.802998117107285	a7	a17	a31	6
13	0.803008396078716	a7	a16
12	0.80302679002759	a7	a15	a31	7
12	0.803092791844142	a7	a16	a31	8
13	0.803098742827601	a7	a14
13	0.803105234809557	a7	a17
13	0.803128497744899	a7	a15
13	0.803160416656182	a7	a16
12	0.803175564614079	a7	a17	a31	9
12	0.803198827549421	a7	a14	a31	10
13	0.803237779441156	a7	a17
12	0.803238861438149	a7	a15	a31	11
12	0.80324751741409	a7	a16	a31	12
13	0.803277813329884	a7	a14
12	0.803301617263722	a7	a17	a31	13
13	0.803350307128391	a7	a16
12	0.803350848126887	a7	a14	a31	14
13	0.803364373089295	a7	a17
13	0.803370324072755	a7	a15
13	0.803416308944942	a7	a14
12	0.803427128914869	a7	a17	a31	15
13	0.803490425738938	a7	a17
13	0.80367111923671	a6	a10
13	0.803796630887857	a8	a56
12	0.803829631796132	a8	a56	a45	0
12	0.803841533763051	a6	a10	a32	0
12	0.803899961600654	a7	a14	a33	0
13	0.803939995489382	a7	a14
12	0.803955684445775	a7	a14	a33	1
13	0.803978406382621	a7	a14
12	0.803994636337511	a7	a14	a33	2
13	0.804010325293904	a7	a14
12	0.804033047230749	a7	a14	a33	3
13	0.804050900181128	a7	a14
12	0.80410500003076	a7	a14	a33	4
13	0.804121770984146	a7	a14
12	0.804171001847312	a7	a14	a33	5
13	0.80418885479769	a7	a14
12	0.804204002755587	a7	a15	a33	6
12	0.80425647960973	a7	a16	a33	7
12	0.804288398521013	a7	a14	a33	8
13	0.804297595495451	a7	a16
13	0.804305710472896	a7	a14
12	0.804316530442822	a7	a17	a33	9
13	0.804318694436807	a7	a15
13	0.804353859339068	a7	a17
12	0.804386319248848	a7	a16	a33	10
13	0.804407418190204	a7	a16
12	0.804475043002244	a7	a17	a33	11
13	0.804491272957134	a7	a17
12	0.804499928933075	a7	a14	a33	12
12	0.804523191868417	a7	a15	a33	13
13	0.804529683850373	a7	a14
13	0.804553487784211	a7	a15
12	0.80456106176316	a7	a16	a33	14
12	0.804573504728575	a7	a17	a33	15
13	0.804589193684969	a7	a17
13	0.804618948602266	a7	a16
13	0.804829938015832	a6	a10
13	0.804875381889523	a8	a56
12	0.8052611138174	a8	a56	a50	0
12	0.806857600380047	a6	a10	a34	0
12	0.806913323225168	a7	a14	a35	0
12	0.807095639718428	a7	a16	a35	1
12	0.807116738659785	a7	a17	a35	2
12	0.807269841234244	a7	a15	a35	3
13	0.809044857300676	a7	a14
13	0.817266411449282	a7	a16
13	0.817276149422216	a7	a15
13	0.817754392092964	a7	a17
13	0.818115779088507	a6	a10
12	0.818174747924607	a6	a10	a36	0
12	0.818225601783261	a7	a14	a37	0
12	0.818359769410349	a7	a15	a37	1
12	0.81868761449912	a7	a16	a37	2
12	0.818711418432958	a7	a17	a37	3
13	0.820428006661788	a7	a17
13	0.820523763395637	a7	a14
13	0.82203098520639	a7	a16
13	0.822302025453047	a7	a15
13	0.822475685970366	a6	a10
12	0.823922315949531	a6	a10	a38	0
12	0.823991022758564	a7	a14	a39	0
12	0.824073254530005	a7	a15	a39	1
12	0.824342671781174	a7	a16	a39	2
12	0.824388115654865	a7	a17	a39	3
13	0.824822537447411	a7	a14
13	0.825326207047487	a7	a15
13	0.82533756801591	a7	a16
13	0.825431160755773	a7	a17
13	0.825635117188887	a6	a10
12	0.825688676040023	a6	a10	a40	0
12	0.825747103877626	a7	a14	a41	0
13	0.826040325062632	a7	a14
12	0.82610091689422	a7	a15	a41	1
12	0.826152311751371	a7	a16	a41	2
12	0.826197214626565	a7	a14	a41	3
13	0.827110420088357	a7	a14
13	0.827187782873331	a7	a16
13	0.82725703068086	a7	a15
13	0.827452331138033	a6	a10
12	0.827605433712492	a8	a57	a49	0
13	0.831307486422823	a8	a57
12	0.831348061310047	a8	a57	a54	0
12	0.832433845292165	a8	a58	a53	0
13	0.839367823019525	a8	a58
12	0.839410561900734	a8	a58	a52	0
13	0.842311936836509	a8	a58
12	0.842342232752303	a8	a58	a51	0
13	0.843987950178114	a8	a58
13	0.84572726034379	a8	a57
13	0.845781360193422	a8	a56
13	0.845940413751341	a8	a55
12	0.8462552748762	a8	a55	a46	0
12	0.846294767766431	a8	a56	a48	0
13	0.861484382547664	a8	a56
12	0.861559040340157	a6	a10	a20	0
12	0.861613140189789	a7	a14	a21	0
12	0.861850097531178	a7	a17	a21	1
13	0.861870114475542	a7	a14
12	0.861945854265027	a7	a14	a21	2
12	0.861972904189843	a7	a16	a21	3
13	0.862333209188394	a7	a17
13	0.86259559345911	a7	a14
13	0.862976997399017	a7	a16
13	0.863114952015579	a6	a10
12	0.863224774710332	a8	a56	a44	0
12	0.863245873651689	a8	a57	a43	0
12	0.863354073350953	a6	a10	a22	0
12	0.863412501188556	a7	a14	a23	0
12	0.863622408605129	a7	a16	a23	1
13	0.863689492418673	a7	a14
12	0.863752789242742	a7	a17	a23	2
12	0.863776593176581	a7	a14	a23	3
12	0.863910760803668	a7	a15	a23	4
13	0.864031944466845	a7	a14
13	0.864051420412712	a7	a16
12	0.86411796322776	a7	a14	a23	5
13	0.864126619203701	a7	a17
12	0.864140685164605	a7	a16	a23	6
12	0.864190457026267	a7	a17	a23	7
13	0.864389003474417	a7	a14
13	0.864423627378182	a7	a16
12	0.86442687336916	a7	a14	a23	8
13	0.864448513309013	a7	a17
13	0.864493416184207	a7	a15
12	0.864504236154134	a7	a17	a23	9
12	0.864544270042861	a7	a16	a23	10
12	0.864574024960159	a7	a15	a23	11
13	0.864691962632357	a7	a14
12	0.864754177459434	a7	a14	a23	12
13	0.86478717836771	a7	a17
12	0.864843442211328	a7	a17	a23	13
13	0.864853721182758	a7	a16
12	0.86491810000382	a7	a16	a23	14
13	0.864988970806838	a7	a15
13	0.865014397736165	a7	a14
12	0.86506525159482	a7	a15	a23	15
13	0.865132335408364	a7	a17
13	0.865215649176797	a7	a16
13	0.865487771420447	a7	a15
13	0.865631677020469	a6	a10
12	0.865780451606957	a6	a10	a24	0
12	0.865838338446064	a7	a14	a25	0
13	0.865864847372383	a7	a14
12	0.865881077327273	a7	a14	a25	1
13	0.865905963258104	a7	a14
12	0.865923275209986	a7	a14	a25	2
13	0.865953030127284	a7	a14
12	0.865974129068641	a7	a14	a25	3
13	0.866003342987442	a7	a14
13	0.866379877940882	a6	a10
12	0.866424780816077	a6	a10	a26	0
12	0.866512963570977	a7	a14	a27	0
13	0.866550292467223	a7	a14
12	0.866582752377003	a7	a14	a27	1
13	0.866615212286782	a7	a14
12	0.866651459186036	a7	a14	a27	2
13	0.866693116070252	a7	a14
12	0.866721247992061	a7	a14	a27	3
13	0.86674937991387	a7	a14
13	0.867090749965049	a6	a10
12	0.867182178710928	a6	a10	a22	0
12	0.867247098530486	a7	a14	a23	0
13	0.867490006855335	a7	a14
12	0.867523548762107	a7	a17	a23	1
12	0.867541401712485	a7	a14	a23	2
12	0.86758630458768	a7	a16	a23	3
12	0.867761588100488	a7	a15	a23	4
13	0.867823261929069	a7	a14
13	0.86786437781479	a7	a17
13	0.867891427739606	a7	a16
12	0.867911985682466	a7	a14	a23	5
12	0.867956347559164	a7	a17	a23	6
12	0.868000709435863	a7	a16	a23	7
13	0.868127844082498	a7	a15
13	0.868153812010322	a7	a14
13	0.868211157850932	a7	a17
12	0.868227387805822	a7	a15	a23	8
12	0.8682452407562	a7	a14	a23	9
12	0.868285815643424	a7	a17	a23	10
13	0.868325849532152	a7	a16
12	0.868388605357726	a7	a16	a23	11
13	0.868493018067516	a7	a14
12	0.868563888870534	a7	a14	a23	12
13	0.868599053772795	a7	a17
13	0.86861149673821	a7	a15
13	0.868665055589346	a7	a16
12	0.868668301580324	a7	a17	a23	13
12	0.868702384485592	a7	a15	a23	14
12	0.868751074350261	a7	a16	a23	15
13	0.868808961189368	a7	a14
13	0.868924734867581	a7	a17
13	0.869017786608948	a7	a16
13	0.86904700052775	a7	a15
13	0.869248251968381	a6	a10
13	0.86930289281651	a8	a57
12	0.869318581772903	a6	a10	a28	0
12	0.869372681622535	a7	a14	a29	0
13	0.869405682530811	a7	a14
12	0.869421371487204	a7	a14	a29	1
13	0.869463028371421	a7	a14
12	0.869479258326311	a7	a14	a29	2
13	0.869506849249623	a7	a14
12	0.869541473153388	a7	a14	a29	3
12	0.869562572094744	a7	a17	a29	4
13	0.869568523078204	a7	a14
12	0.869606392972947	a7	a14	a29	5
12	0.869633983896259	a7	a16	a29	6
13	0.869635065893252	a7	a14
13	0.869689165742884	a7	a17
12	0.869693493730854	a7	a14	a29	7
13	0.869703772702284	a7	a16
13	0.869722707649656	a7	a14
12	0.86975733155342	a7	a17	a29	8
12	0.869777348497784	a7	a14	a29	9
13	0.869804939421097	a7	a17
13	0.86982657936095	a7	a14
12	0.869830366350424	a7	a15	a29	10
12	0.869872564233137	a7	a16	a29	11
12	0.869889876185019	a7	a17	a29	12
12	0.869909352130887	a7	a14	a29	13
13	0.86992504108728	a7	a17
13	0.869936402055703	a7	a14
13	0.869953173009089	a7	a16
13	0.86995587800157	a7	a15
12	0.870009977851203	a7	a17	a29	14
12	0.870023502813611	a7	a16	a29	15
13	0.870058126717375	a7	a17
13	0.870074356672265	a7	a16
13	0.870257755162518	a6	a10
13	0.870271821123422	a8	a56
12	0.870489302518944	a8	a56	a42	0
12	0.870539615379102	a6	a10	a30	0
12	0.870603994200164	a7	a14	a31	0
13	0.870677028997168	a7	a14
12	0.870712193899429	a7	a16	a31	1
12	0.870734915836274	a7	a14	a31	2
12	0.870789015685906	a7	a17	a31	3
13	0.870802540648314	a7	a14
12	0.870838246549072	a7	a14	a31	4
13	0.870890723403215	a7	a17
13	0.870902084371638	a7	a14
13	0.870920478320513	a7	a16
12	0.87093995426638	a7	a14	a31	5
12	0.870958348215255	a7	a17	a31	6
13	0.871002710091954	a7	a14
12	0.871021104040828	a7	a15	a31	7
13	0.871023268034814	a7	a17
12	0.871039497989703	a7	a16	a31	8
12	0.871092515842343	a7	a14	a31	9
12	0.871106581803247	a7	a17	a31	10
13	0.871120106765655	a7	a16
13	0.871170419625813	a7	a17
13	0.871183403589725	a7	a14
13	0.871189354573185	a7	a15
12	0.871193682561155	a7	a16	a31	11
12	0.871233716449883	a7	a17	a31	12
13	0.871261848371692	a7	a16
12	0.871291062290493	a7	a14	a31	13
13	0.871298636269442	a7	a17
12	0.871332178176214	a7	a15	a31	14
12	0.8713489491296	a7	a16	a31	15
13	0.871378163048401	a7	a14
13	0.871462558813827	a7	a15
13	0.871464722807813	a7	a16
13	0.871680040209349	a6	a10
13	0.87179310889508	a8	a56
12	0.871820158819896	a8	a56	a45	0
12	0.871831519788319	a6	a10	a32	0
12	0.871888324630433	a7	a14	a33	0
13	0.871920243541716	a7	a14
12	0.871937555493598	a7	a14	a33	1
13	0.871953244449991	a7	a14
12	0.871995983331201	a7	a14	a33	2
13	0.872018705268046	a7	a14
12	0.872026279246995	a7	a16	a33	3
12	0.872056575162789	a7	a14	a33	4
13	0.872073346116175	a7	a14
12	0.872099855042495	a7	a14	a33	5
13	0.872111757009414	a7	a16
13	0.872115543998888	a7	a14
12	0.872202103758299	a7	a14	a33	6
12	0.872219956708678	a7	a16	a33	7
13	0.872231317677101	a7	a14
13	0.872235645665071	a7	a16
12	0.872314631445534	a7	a16	a33	8
13	0.872341140371854	a7	a16
12	0.872357370326744	a7	a14	a33	9
13	0.872376305274115	a7	a14
12	0.872414716167354	a7	a17	a33	10
12	0.872439061099688	a7	a16	a33	11
13	0.872449340071119	a7	a17
12	0.872455832053074	a7	a14	a33	12
13	0.872458537045556	a7	a16
13	0.872472062007964	a7	a14
12	0.872511554898196	a7	a15	a33	13
12	0.872538604823012	a7	a17	a33	14
13	0.872555916774894	a7	a17
12	0.872560244762865	a7	a16	a33	15
13	0.872589458681666	a7	a16
13	0.872596491662118	a7	a15
13	0.872805858080195	a6	a10
13	0.872848055962908	a8	a56
12	0.873179688041153	a8	a56	a50	0
12	0.874839471427869	a6	a10	a34	0
12	0.87490114525645	a7	a14	a35	0
12	0.875033689888049	a7	a16	a35	1
12	0.875414552829459	a7	a17	a35	2
12	0.875473521665559	a7	a15	a35	3
13	0.881092873046855	a7	a14
13	0.885699475243037	a7	a16
13	0.886157159970925	a7	a17
13	0.886948640771045	a7	a15
13	0.887104989336482	a6	a10
12	0.887149892211676	a6	a10	a36	0
12	0.88720236906582	a7	a14	a37	0
13	0.887475032307966	a7	a14
12	0.887480983291425	a7	a17	a37	1
12	0.887510197210227	a7	a14	a37	2
12	0.887615150918513	a7	a16	a37	3
13	0.88867767196529	a7	a14
13	0.889225703442064	a7	a16
13	0.889279803291696	a7	a17
13	0.889489710708269	a6	a10
12	0.890908749764121	a6	a10	a38	0
12	0.890975292579169	a7	a14	a39	0
12	0.891201429950632	a7	a16	a39	1
12	0.891317203628845	a7	a17	a39	2
12	0.891348581541631	a7	a15	a39	3
13	0.891825742215387	a7	a14
13	0.892303984886136	a7	a16
13	0.892307230877114	a7	a17
13	0.892630206979418	a7	a15
13	0.892765997601995	a6	a10
12	0.892806572489219	a6	a10	a40	0
12	0.892870951310281	a7	a14	a41	0
12	0.892986183989998	a7	a17	a41	1
12	0.893026217878726	a7	a16	a41	2
13	0.89321394435695	a7	a14
12	0.893307537096813	a7	a14	a41	3
13	0.893838797620201	a7	a17
13	0.894117411845807	a7	a14
13	0.894166101710476	a7	a16
13	0.894331647250351	a6	a10
12	0.894483667827817	a8	a57	a49	0
13	0.898186802535141	a8	a57
12	0.89825767333816	a8	a57	a54	0
12	0.899326145368396	a8	a58	a53	0
13	0.906150300401001	a8	a58
12	0.906193039282211	a8	a58	a52	0
13	0.909024084413464	a8	a58
12	0.909063036305199	a8	a58	a51	0
13	0.910613537995658	a8	a58
13	0.912347979174866	a8	a57
13	0.912403161021491	a8	a56
13	0.912550853610987	a8	a55
12	0.912858140756898	a8	a55	a46	0
12	0.91288140369224	a8	a56	a48	0
13	0.927712877468907	a8	a56
12	0.927779420283955	a6	a10	a20	0
12	0.927831897138098	a7	a14	a21	0
12	0.928067231483998	a7	a16	a21	1
13	0.928072641468961	a7	a14
12	0.928141889276491	a7	a14	a21	2
12	0.92820518610056	a7	a17	a21	3
13	0.928306352819372	a7	a16
13	0.928705609709658	a7	a17
13	0.928874401240511	a7	a14
13	0.928934452073602	a6	a10
12	0.929047520759334	a8	a56	a44	0
12	0.929069160699186	a8	a57	a43	0
12	0.929182770383414	a6	a10	a22	0
12	0.929235788236054	a7	a14	a23	0
12	0.929306118040576	a7	a17	a23	1
12	0.929474909571428	a7	a16	a23	2
13	0.929490598527821	a7	a14
12	0.929563092326328	a7	a14	a23	3
12	0.929659390058674	a7	a15	a23	4
13	0.92969076797146	a7	a17
12	0.929753523797034	a7	a17	a23	5
13	0.929835755568475	a7	a14
13	0.929863346491787	a7	a16
12	0.929925561318864	a7	a14	a23	6
12	0.929941791273754	a7	a16	a23	7
13	0.930077581896331	a7	a17
12	0.930164141655742	a7	a17	a23	8
13	0.930198224561011	a7	a16
12	0.930278833336962	a7	a16	a23	9
13	0.930385951039234	a7	a14
12	0.930452493854282	a7	a14	a23	10
13	0.930480084777594	a7	a17
13	0.930488199755039	a7	a15
13	0.930534725625723	a7	a16
12	0.930538512615197	a7	a17	a23	11
12	0.930593153463325	a7	a15	a23	12
12	0.930611547412201	a7	a16	a23	13
13	0.930724616097932	a7	a14
12	0.930787371923505	a7	a14	a23	14
13	0.930823077824262	a7	a17
13	0.930880423664873	a7	a16
12	0.930880964663369	a7	a17	a23	15
13	0.931037313228806	a7	a15
13	0.931062199159637	a7	a14
13	0.931158496891982	a7	a17
13	0.931246138648386	a6	a10
12	0.931379765276978	a6	a10	a24	0
12	0.931489587971731	a7	a14	a25	0
13	0.931516096898051	a7	a14
12	0.931531244855948	a7	a14	a25	1
13	0.931555589788282	a7	a14
12	0.931571819743172	a7	a14	a25	2
13	0.931595082678514	a7	a14
12	0.93161618161987	a7	a14	a25	3
13	0.931644854540176	a7	a14
13	0.931948895695109	a6	a10
12	0.931984601595866	a6	a10	a26	0
12	0.932107949253027	a7	a14	a27	0
13	0.932144737150777	a7	a14
12	0.932165836092134	a7	a14	a27	1
13	0.932203705986876	a7	a14
12	0.932224263929736	a7	a14	a27	2
13	0.932265379815457	a7	a14
12	0.93228106877185	a7	a14	a27	3
13	0.932316774672607	a7	a14
13	0.932701965601989	a6	a10
12	0.93279880433283	a6	a10	a22	0
12	0.932866970143367	a7	a14	a23	0
13	0.933110960465208	a7	a14
12	0.933147748362958	a7	a14	a23	1
12	0.933160191328373	a7	a17	a23	2
12	0.93322240615545	a7	a16	a23	3
12	0.93330626092238	a7	a15	a23	4
13	0.933400935659237	a7	a14
12	0.933468019472781	a7	a14	a23	5
13	0.933471806462255	a7	a17
13	0.933532939292339	a7	a16
12	0.933540513271288	a7	a17	a23	6
12	0.933598941108891	a7	a16	a23	7
13	0.933722829764548	a7	a14
13	0.933787749584107	a7	a17
12	0.933790454576589	a7	a14	a23	8
12	0.933847259418702	a7	a17	a23	9
13	0.933848341415695	a7	a16
13	0.933880801325474	a7	a15
12	0.933917589223224	a7	a16	a23	10
12	0.933957623111952	a7	a15	a23	11
13	0.934059871827757	a7	a14
13	0.934097741722499	a7	a17
12	0.934141021602205	a7	a14	a23	12
12	0.934166989530029	a7	a17	a23	13
13	0.934195662450334	a7	a16
12	0.934264910257863	a7	a16	a23	14
13	0.93439042190901	a7	a14
13	0.934412602847359	a7	a17
13	0.934441275767664	a7	a15
12	0.934474817674436	a7	a17	a23	15
13	0.934532704513542	a7	a16
13	0.934720430991766	a7	a17
13	0.934847565638402	a6	a10
13	0.934904370480516	a8	a57
12	0.934918977439916	a6	a10	a28	0
12	0.934976323280526	a7	a14	a29	0
13	0.935010947184291	a7	a14
12	0.935027177139181	a7	a14	a29	1
13	0.935061801042945	a7	a14
12	0.935077489999339	a7	a14	a29	2
13	0.935107785915133	a7	a14
12	0.935151065794838	a7	a14	a29	3
12	0.935185689698603	a7	a16	a29	4
13	0.93519055868507	a7	a14
12	0.935234379563272	a7	a14	a29	5
13	0.935284151424934	a7	a14
13	0.935307414360275	a7	a16
12	0.935332841289603	a7	a14	a29	6
13	0.935364219202389	a7	a14
12	0.935390187130213	a7	a17	a29	7
12	0.935418860050518	a7	a16	a29	8
12	0.935445368976838	a7	a15	a29	9
12	0.935448073969319	a7	a14	a29	10
13	0.935458352940749	a7	a17
13	0.93547891088361	a7	a14
13	0.935491894847521	a7	a16
13	0.935535715725723	a7	a15
12	0.935538961716701	a7	a17	a29	11
12	0.935566552640014	a7	a14	a29	12
13	0.935573585620466	a7	a17
12	0.935609291521223	a7	a16	a29	13
13	0.935623357482128	a7	a14
12	0.935629308465587	a7	a17	a29	14
13	0.935654194396418	a7	a16
13	0.935659063382885	a7	a17
12	0.935720737211465	a7	a15	a29	15
13	0.935793772008469	a7	a15
13	0.935989613464137	a6	a10
13	0.936002056429553	a8	a56
12	0.936234685782971	a8	a56	a42	0
12	0.936281211653655	a6	a10	a30	0
12	0.936342344483739	a7	a14	a31	0
13	0.936415379280743	a7	a14
12	0.936435396225107	a7	a14	a31	1
13	0.936501939040154	a7	a14
12	0.936519250992037	a7	a14	a31	2
13	0.936580383822121	a7	a14
12	0.9365982367725	a7	a14	a31	3
13	0.936660992598073	a7	a14
12	0.936679386546948	a7	a15	a31	4
12	0.936695616501838	a7	a14	a31	5
12	0.936735650390565	a7	a16	a31	6
13	0.936758913325907	a7	a14
12	0.936819505157495	a7	a17	a31	7
12	0.936887129969536	a7	a14	a31	8
13	0.936893080952995	a7	a16
13	0.936916343888337	a7	a17
13	0.936931491846234	a7	a15
13	0.936963410757517	a7	a14
12	0.936980181710903	a7	a16	a31	9
12	0.937030494571061	a7	a15	a31	10
12	0.937035904556024	a7	a17	a31	11
12	0.937059708489862	a7	a14	a31	12
13	0.937077020441745	a7	a16
13	0.937100824375583	a7	a17
12	0.937139235268822	a7	a16	a31	13
13	0.937150596237245	a7	a15
13	0.937153842228222	a7	a14
12	0.937161957205667	a7	a17	a31	14
13	0.937217680050788	a7	a16
13	0.937228500020715	a7	a17
12	0.937285845861325	a7	a15	a31	15
13	0.937395668556078	a7	a15
13	0.937493589283913	a6	a10
13	0.937618559936563	a8	a56
12	0.937656429831306	a8	a56	a45	0
12	0.937669413795217	a6	a10	a32	0
12	0.93772351364485	a7	a14	a33	0
13	0.937739202601243	a7	a14
12	0.937761383539592	a7	a14	a33	1
13	0.937778154492978	a7	a14
12	0.937794384447868	a7	a14	a33	2
13	0.937810614402757	a7	a14
12	0.937826844357647	a7	a14	a33	3
13	0.937843074312537	a7	a14
12	0.937908535130592	a7	a14	a33	4
13	0.937925306083978	a7	a14
12	0.937950733013305	a7	a17	a33	5
12	0.937972913951654	a7	a16	a33	6
13	0.938001586871959	a7	a17
12	0.938002127870455	a7	a14	a33	7
13	0.938008078853915	a7	a16
13	0.938031882787753	a7	a14
12	0.938075703665955	a7	a17	a33	8
13	0.938091392622348	a7	a17
12	0.938103835587764	a7	a16	a33	9
13	0.938131426511076	a7	a16
12	0.938139541488521	a7	a14	a33	10
13	0.938156312441907	a7	a14
12	0.938164968417848	a7	a17	a33	11
12	0.938194723335146	a7	a14	a33	12
13	0.938195264333642	a7	a17
13	0.938210412291539	a7	a14
12	0.93821906826748	a7	a16	a33	13
13	0.93824124920583	a7	a16
12	0.938253692171245	a7	a14	a33	14
12	0.938269922126135	a7	a17	a33	15
13	0.938273168117113	a7	a14
13	0.938286152081024	a7	a17
13	0.938564225308134	a6	a10
13	0.93861183317581	a8	a56
12	0.938948875239019	a8	a56	a50	0
12	0.940561591756555	a6	a10	a34	0
12	0.940747154240793	a7	a14	a35	0
12	0.94108149131152	a7	a16	a35	1
12	0.941150198120553	a7	a15	a35	2
12	0.941178871040858	a7	a17	a35	3
13	0.941872431113143	a7	a14
13	0.950791332323507	a7	a16
13	0.950916843974654	a7	a17
13	0.95129554292208	a7	a15
13	0.951966381057519	a6	a10
12	0.952030218880085	a6	a10	a36	0
12	0.952094056702651	a7	a14	a37	0
12	0.95236185095833	a7	a16	a37	1
13	0.952375375920738	a7	a14
12	0.952444082729771	a7	a14	a37	2
12	0.952458148690675	a7	a17	a37	3
13	0.95403570030595	a7	a17
13	0.954922937839919	a7	a14
13	0.955144747223411	a7	a16
13	0.955278914850498	a6	a10
12	0.956675231969506	a6	a10	a38	0
12	0.95679966162366	a7	a14	a39	0
12	0.956911648312398	a7	a15	a39	1
12	0.957093964805659	a7	a16	a39	2
12	0.957281150285386	a7	a17	a39	3
13	0.957559223512496	a7	a14
13	0.958105090995285	a7	a16
13	0.958289030484034	a7	a17
13	0.958310670423887	a7	a15
13	0.95852057784046	a6	a10
12	0.95855141475475	a6	a10	a40	0
12	0.958619580565287	a7	a14	a41	0
12	0.958727780264551	a7	a16	a41	1
13	0.958971770586392	a7	a14
12	0.9590442643849	a7	a14	a41	2
12	0.959087003266109	a7	a17	a41	3
13	0.959436488294733	a7	a16
13	0.959527917040611	a7	a14
13	0.959766497377489	a7	a17
13	0.959931501918868	a6	a10
12	0.960082981497838	a8	a57	a49	0
13	0.978626245957771	a8	a57
12	0.978665738848002	a8	a57	a54	0
12	0.979802917687271	a8	a58	a53	0
13	0.986737436413126	a8	a58
12	0.986775306307869	a8	a58	a52	0
13	0.989577678518817	a8	a58
12	0.989606892437618	a8	a58	a51	0
13	0.991200133009287	a8	a58
13	0.992965411102785	a8	a57
13	0.993022215944899	a8	a56
13	0.993185056492292	a8	a55
12	0.993502081611137	a8	a55	a46	0
12	0.993536705514901	a8	a56	a48	0
13	1.00867005645252	a8	a56
12	1.00880909306607	a6	a10	a20	0
12	1.00887130789315	a7	a14	a21	0
12	1.00901413149618	a7	a15	a21	1
12	1.00915533210372	a7	a16	a21	2
13	1.00919915298192	a7	a14
12	1.00927651576689	a7	a14	a21	3
13	1.00933818959547	a7	a16
13	1.00940960139699	a7	a15
13	1.00996250186023	a7	a14
13	1.01004419263317	a6	a10
12	1.01016916328582	a8	a56	a44	0
12	1.01018972122869	a8	a57	a43	0
12	1.01029251094299	a6	a10	a22	0
12	1.01036879173097	a7	a14	a23	0
12	1.01048781140016	a7	a16	a23	1
13	1.0106436189671	a7	a14
12	1.01075344166185	a7	a14	a23	2
12	1.01082106647389	a7	a15	a23	3
12	1.01082593546036	a7	a17	a23	4
13	1.01092439718669	a7	a16
12	1.0109968909852	a7	a16	a23	5
13	1.01101907192355	a7	a14
12	1.01108940172807	a7	a14	a23	6
13	1.01115756753861	a7	a17
12	1.01122032336418	a7	a17	a23	7
13	1.01132960506044	a7	a16
12	1.01141400082586	a7	a16	a23	8
13	1.01146052669655	a7	a14
13	1.01147351066046	a7	a15
12	1.01155357843791	a7	a14	a23	9
12	1.01158062836273	a7	a15	a23	10
13	1.01159036633566	a7	a17
12	1.01165474515673	a7	a17	a23	11
13	1.01171209099734	a7	a16
12	1.01178999478081	a7	a16	a23	12
13	1.01206049402897	a7	a14
13	1.01208592095829	a7	a16
12	1.01214813578537	a7	a16	a23	13
12	1.01217843170116	a7	a14	a23	14
13	1.01222820356283	a7	a17
13	1.01225363049215	a7	a15
12	1.01228663140043	a7	a17	a23	15
13	1.0124386519779	a7	a16
13	1.01247868586662	a7	a14
13	1.01261772248018	a7	a17
13	1.01274161113584	a6	a10
12	1.01286063080503	a6	a10	a24	0
12	1.01291581265165	a7	a14	a25	0
13	1.01294394457346	a7	a14
12	1.01296017452835	a7	a14	a25	1
13	1.01298506045918	a7	a14
12	1.01304294729829	a7	a15	a25	2
12	1.01305971825167	a7	a14	a25	3
13	1.01309488315393	a7	a14
13	1.01338539934646	a7	a15
13	1.01351523898558	a6	a10
12	1.01356176485626	a6	a10	a26	0
12	1.01363155366229	a7	a14	a27	0
13	1.01366455457056	a7	a14
12	1.01371919541869	a7	a14	a27	1
12	1.01375544231794	a7	a17	a27	2
13	1.01375544231794	a7	a14
12	1.0137911482187	a7	a14	a27	3
13	1.01383172310592	a7	a14
13	1.01388582295556	a7	a17
13	1.01398861266986	a6	a10
12	1.01414333823981	a6	a10	a22	0
12	1.0142028480744	a7	a14	a23	0
13	1.01444954338872	a7	a14
12	1.01449120027294	a7	a14	a23	1
12	1.01454043113611	a7	a17	a23	2
12	1.01460859694664	a7	a16	a23	3
12	1.01467243476921	a7	a15	a23	4
13	1.01474655156321	a7	a14
12	1.01480714339479	a7	a14	a23	5
13	1.01489965413766	a7	a16
13	1.01493373704293	a7	a17
12	1.01498080391211	a7	a16	a23	6
12	1.01500893583392	a7	a17	a23	7
13	1.01506628167453	a7	a14
12	1.01513607048056	a7	a14	a23	8
13	1.01518259635124	a7	a15
12	1.01525617214674	a7	a15	a23	9
13	1.0152626641287	a7	a17
13	1.01526861511216	a7	a16
12	1.01534164990916	a7	a17	a23	10
12	1.01537465081744	a7	a16	a23	11
13	1.01541468470616	a7	a14
12	1.01548771950317	a7	a14	a23	12
13	1.01560782116935	a7	a17
12	1.01566787200244	a7	a17	a23	13
13	1.01567003599643	a7	a16
13	1.0157181848626	a7	a15
12	1.01573441481749	a7	a16	a23	14
13	1.01574577578591	a7	a14
12	1.01585505748217	a7	a15	a23	15
13	1.01596109318745	a7	a17
13	1.01601843902806	a7	a16
13	1.01632464417698	a7	a15
13	1.016468549777	a6	a10
13	1.01652481362062	a8	a57
12	1.01654915855295	a6	a10	a28	0
12	1.01664058729883	a7	a14	a29	0
13	1.01666871922064	a7	a14
12	1.01670172012891	a7	a14	a29	1
12	1.01673472103719	a7	a16	a29	2
13	1.01673796702817	a7	a14
12	1.01678070590938	a7	a14	a29	3
13	1.01681154282367	a7	a14
13	1.01686293768082	a7	a16
12	1.01687105265826	a7	a14	a29	4
13	1.01690459456503	a7	a14
12	1.01696194040564	a7	a16	a29	5
12	1.01700467928685	a7	a14	a29	6
13	1.01700900727482	a7	a16
12	1.01708745205679	a7	a17	a29	7
13	1.01709394403875	a7	a14
12	1.01713992891093	a7	a16	a29	8
13	1.01716373284477	a7	a17
12	1.01717022482673	a7	a14	a29	9
13	1.01718645478162	a7	a16
12	1.01721350470643	a7	a15	a29	10
13	1.0172178326944	a7	a14
12	1.01724434162072	a7	a17	a29	11
13	1.01729032649291	a7	a17
12	1.0172924904869	a7	a14	a29	12
13	1.0173357703666	a7	a15
12	1.01734009835457	a7	a16	a29	13
13	1.01735200032149	a7	a14
12	1.01736282029142	a7	a17	a29	14
13	1.0173952802012	a7	a17
12	1.01740123118466	a7	a14	a29	15
13	1.01740664116962	a7	a16
13	1.0174385600809	a7	a14
13	1.01766307445688	a6	a10
13	1.01768038640876	a8	a56
12	1.01791572075466	a8	a56	a42	0
12	1.01796495161782	a6	a10	a30	0
12	1.01809100426747	a7	a14	a31	0
12	1.01814023513063	a7	a15	a31	1
13	1.01818838399681	a7	a14
12	1.01819108898929	a7	a16	a31	2
12	1.018233286872	a7	a14	a31	3
13	1.01834689655623	a7	a14
13	1.01834743755472	a7	a16
12	1.01836799549758	a7	a14	a31	4
13	1.01843075132316	a7	a15
12	1.01844265329008	a7	a16	a31	5
13	1.01848755616527	a7	a14
13	1.01850865510663	a7	a16
12	1.01854814799686	a7	a15	a31	6
12	1.01859034587957	a7	a14	a31	7
12	1.01860982182544	a7	a17	a31	8
12	1.01862929777131	a7	a16	a31	9
13	1.01867149565402	a7	a14
13	1.01869692258335	a7	a15
13	1.01872018551869	a7	a17
13	1.0187483174405	a7	a16
12	1.01876130140441	a7	a14	a31	10
12	1.01881269626156	a7	a15	a31	11
12	1.01881972924201	a7	a16	a31	12
12	1.01884677916683	a7	a17	a31	13
13	1.01887437009014	a7	a14
13	1.01893009293526	a7	a17
13	1.01893550292023	a7	a16
12	1.01898256978941	a7	a14	a31	14
13	1.01900096373828	a7	a15
12	1.01903071865558	a7	a16	a31	15
13	1.0190572275819	a7	a14
13	1.01913350836988	a7	a16
13	1.01930933288119	a6	a10
13	1.01943754952481	a8	a56
12	1.01947541941956	a8	a56	a45	0
12	1.01949705935941	a6	a10	a32	0
12	1.01954629022257	a7	a14	a33	0
13	1.01956197917897	a7	a14
12	1.01958578311281	a7	a14	a33	1
13	1.0196020130677	a7	a14
12	1.01961878402108	a7	a14	a33	2
13	1.01963555497447	a7	a14
12	1.01966963787974	a7	a14	a33	3
13	1.01968586783463	a7	a14
12	1.01973293470381	a7	a14	a33	4
13	1.0197486236602	a7	a14
12	1.01981354347976	a7	a14	a33	5
13	1.01983085543164	a7	a14
12	1.01983842941059	a7	a15	a33	6
12	1.01984329839705	a7	a17	a33	7
12	1.01988603727826	a7	a14	a33	8
13	1.01989848024368	a7	a17
13	1.01990280823165	a7	a14
12	1.01993580913993	a7	a16	a33	9
13	1.01995041609933	a7	a15
12	1.01995203909482	a7	a14	a33	10
13	1.0199688100482	a7	a14
13	1.01998612200008	a7	a16
12	1.02002507389182	a7	a17	a33	11
13	1.02004076284821	a7	a17
12	1.02006023879408	a7	a15	a33	12
12	1.02007755074596	a7	a14	a33	13
13	1.02009864968732	a7	a14
13	1.02011379764522	a7	a15
12	1.02011866663168	a7	a16	a33	14
12	1.02014950354597	a7	a17	a33	15
13	1.02016573350086	a7	a17
13	1.02019494741966	a7	a16
13	1.0204102648212	a6	a10
13	1.02046328267384	a8	a56
12	1.02081547269495	a8	a56	a50	0
12	1.02245145214782	a6	a10	a34	0
12	1.02258291478243	a7	a14	a35	0
12	1.02297405669527	a7	a15	a35	1
13	1.02308225639453	a7	a14
12	1.02310497833138	a7	a16	a35	2
12	1.02313040526071	a7	a17	a35	3
13	1.03232846169517	a7	a15
13	1.03268606170124	a7	a17
13	1.03283537728623	a7	a16
13	1.03320217426673	a6	a10
12	1.03325032313291	a6	a10	a36	0
12	1.03330929196901	a7	a14	a37	0
12	1.03340234371037	a7	a15	a37	1
12	1.03362794008334	a7	a17	a37	2
12	1.03371233584877	a7	a16	a37	3
13	1.03385894644127	a7	a14
13	1.03533424934074	a7	a16
13	1.036546626971	a7	a17
13	1.03691937493496	a7	a15
13	1.03704434558761	a6	a10
12	1.0386051262495	a6	a10	a38	0
12	1.03868735802094	a7	a14	a39	0
12	1.03895731627061	a7	a15	a39	1
12	1.03903305606009	a7	a16	a39	2
12	1.03909527088717	a7	a17	a39	3
13	1.03944042792782	a7	a14
13	1.03972228814441	a7	a16
13	1.03981047089931	a7	a17
13	1.04014643096552	a7	a15
13	1.04030764851743	a6	a10
12	1.04033902643021	a6	a10	a40	0
12	1.04041152022872	a7	a14	a41	0
12	1.0407534312784	a7	a16	a41	1
12	1.04085784398819	a7	a17	a41	2
13	1.04086217197616	a7	a14
12	1.04097956864986	a7	a14	a41	3
13	1.04183596926954	a7	a17
13	1.04195390694173	a7	a16
13	1.04207238561243	a7	a14
13	1.04227201405757	a6	a10
12	1.04242565763053	a8	a57	a49	0
13	1.04655780414544	a8	a57
12	1.04661785497853	a8	a57	a54	0
12	1.04835878813969	a8	a58	a53	0
13	1.06305068430431	a8	a58
12	1.0630955871795	a8	a58	a52	0
13	1.06656122354694	a8	a58
12	1.06660666742063	a8	a58	a51	0
13	1.06832596064194	a8	a58
13	1.07035362300616	a8	a57
13	1.07053756249491	a8	a56
13	1.07072366597764	a8	a55
12	1.07196309353272	a8	a55	a46	0
12	1.0720393743207	a8	a56	a48	0
13	1.12739704545685	a8	a56
12	1.12789422307497	a6	a10	a20	0
12	1.12798781581483	a7	a14	a21	0
12	1.12806030961334	a7	a17	a21	1
13	1.12829510296074	a7	a14
12	1.12846173049761	a7	a14	a21	2
12	1.12848769842543	a7	a16	a21	3
13	1.12850987936378	a7	a17
13	1.12890264427211	a7	a16
13	1.12893997316836	a7	a14
13	1.12914501159846	a6	a10
12	1.12964759920155	a8	a56	a44	0
12	1.1296697801399	a8	a57	a43	0
12	1.1298456046512	a6	a10	a22	0
12	1.12990186849482	a7	a14	a23	0
12	1.13001385518356	a7	a16	a23	1
13	1.13023836955953	a7	a14
12	1.13030815836556	a7	a14	a23	2
12	1.13038227515955	a7	a17	a23	3
13	1.13046180193851	a7	a16
12	1.13059759256109	a7	a16	a23	4
13	1.13059975655507	a7	a14
12	1.13067008635959	a7	a14	a23	5
12	1.13069767728291	a7	a15	a23	6
13	1.13077774506036	a7	a17
12	1.13083887789045	a7	a17	a23	7
13	1.13087620678669	a7	a16
12	1.13096222554761	a7	a16	a23	8
13	1.13096925852806	a7	a14
12	1.13101632539724	a7	a14	a23	9
13	1.13113426306944	a7	a17
12	1.13119269090704	a7	a17	a23	10
13	1.13123975777622	a7	a16
13	1.13128357865442	a7	a14
13	1.13130900558375	a7	a15
12	1.13132523553864	a7	a16	a23	11
12	1.13138258137925	a7	a14	a23	12
12	1.13141720528302	a7	a15	a23	13
13	1.13148104310558	a7	a17
12	1.13154055294018	a7	a17	a23	14
13	1.13161845672365	a7	a16
13	1.13169095052215	a7	a14
12	1.1316990654996	a7	a16	a23	15
13	1.13181483917781	a7	a17
13	1.13183593811917	a7	a15
13	1.13198254871167	a7	a16
13	1.13213348729215	a6	a10
12	1.13247485734332	a6	a10	a24	0
12	1.1325376131689	a7	a14	a25	0
13	1.13259225401703	a7	a14
12	1.13260794297342	a7	a16	a25	1
12	1.13263066491027	a7	a14	a25	2
13	1.13267989577343	a7	a14
12	1.13275401256743	a7	a15	a25	3
13	1.13275401256743	a7	a16
13	1.13287249123812	a7	a15
13	1.13306021771635	a6	a10
12	1.13314407248328	a6	a10	a26	0
12	1.1331992543299	a7	a14	a27	0
13	1.13326742014044	a7	a14
12	1.1333166510036	a7	a14	a27	1
12	1.13334207793293	a7	a16	a27	2
13	1.13336534086827	a7	a14
12	1.13340916174647	a7	a14	a27	3
13	1.13344540864573	a7	a14
13	1.13347732755701	a7	a16
13	1.13365261106982	a6	a10
12	1.13385115751797	a6	a10	a22	0
12	1.13390309337361	a7	a14	a23	0
12	1.13409893482928	a7	a16	a23	1
13	1.13414978868794	a7	a14
12	1.13415898566238	a7	a17	a23	2
12	1.13418982257667	a7	a14	a23	3
12	1.1343472531391	a7	a15	a23	4
13	1.13442569792106	a7	a16
13	1.13448033876919	a7	a17
13	1.13448953574363	a7	a14
12	1.13450576569852	a7	a16	a23	5
12	1.1345820464865	a7	a17	a23	6
12	1.13460693241733	a7	a14	a23	7
13	1.13476814996923	a7	a16
12	1.13483523378278	a7	a16	a23	8
13	1.13483523378278	a7	a17
13	1.13490015360234	a7	a15
12	1.13490448159031	a7	a17	a23	9
13	1.1349347775061	a7	a14
12	1.1349650734219	a7	a15	a23	10
12	1.13502458325649	a7	a14	a23	11
13	1.1350819290971	a7	a16
12	1.13514847191215	a7	a16	a23	12
13	1.13516361987005	a7	a17
12	1.13522691669411	a7	a17	a23	13
13	1.13530968946405	a7	a14
13	1.13536595330767	a7	a15
12	1.13537893727158	a7	a14	a23	14
13	1.13540382320241	a7	a16
13	1.13549146495882	a7	a17
12	1.1354941699513	a7	a15	a23	15
13	1.13564510853177	a7	a14
13	1.13588422986715	a7	a15
13	1.13602110248672	a6	a10
13	1.1362153209469	a8	a57
12	1.13625156784615	a6	a10	a28	0
12	1.13630566769578	a7	a14	a29	0
13	1.13637545650181	a7	a14
12	1.13639276845369	a7	a14	a29	1
13	1.13642522836347	a7	a14
12	1.13644308131385	a7	a14	a29	2
13	1.13647229523265	a7	a14
12	1.13648960718453	a7	a14	a29	3
13	1.13651719810784	a7	a14
12	1.13653342806273	a7	a14	a29	4
13	1.13656210098304	a7	a14
12	1.13657833093793	a7	a14	a29	5
13	1.13660700385823	a7	a14
12	1.13664379175598	a7	a14	a29	6
13	1.13667138267929	a7	a14
12	1.13671087556953	a7	a14	a29	7
12	1.13673413850487	a7	a16	a29	8
13	1.13673900749133	a7	a14
12	1.13677958237856	a7	a14	a29	9
13	1.13681096029135	a7	a14
12	1.13682664924774	a7	a17	a29	10
12	1.13685802716053	a7	a15	a29	11
13	1.1368612731515	a7	a16
12	1.13691158601166	a7	a14	a29	12
13	1.13692294698008	a7	a17
12	1.13693052095903	a7	a16	a29	13
13	1.13696676785829	a7	a14
12	1.13698732580115	a7	a17	a29	14
13	1.1369948997801	a7	a16
13	1.13699922776807	a7	a15
12	1.13701275273047	a7	a14	a29	15
13	1.13701816271544	a7	a17
13	1.13704304864627	a7	a14
13	1.13729298995157	a6	a10
13	1.13731571188841	a8	a56
12	1.13803415789153	a8	a56	a42	0
12	1.13812234064643	a6	a10	a30	0
12	1.13818022748554	a7	a14	a31	0
13	1.13829491916676	a7	a14
12	1.138332248063	a7	a15	a31	1
12	1.13834252703443	a7	a16	a31	2
12	1.13836092098331	a7	a14	a31	3
13	1.13845451372317	a7	a14
12	1.13847182567505	a7	a14	a31	4
12	1.13853782749161	a7	a17	a31	5
13	1.13854431947356	a7	a16
13	1.13857136939838	a7	a14
13	1.13859246833973	a7	a15
12	1.13865197817433	a7	a14	a31	6
13	1.13868389708561	a7	a17
12	1.13868443808411	a7	a16	a31	7
12	1.1387152749984	a7	a15	a31	8
13	1.13873529194276	a7	a14
12	1.13875584988562	a7	a17	a31	9
13	1.13875747288111	a7	a16
13	1.13882888468263	a7	a17
12	1.13883104867661	a7	a14	a31	10
12	1.13885106562098	a7	a16	a31	11
13	1.13885918059842	a7	a15
12	1.13889434550068	a7	a17	a31	12
13	1.13892464141648	a7	a16
12	1.13894195336836	a7	a15	a31	13
13	1.13894790435182	a7	a14
13	1.13896088831573	a7	a17
12	1.13901931615333	a7	a16	a31	14
13	1.13904149709168	a7	a15
12	1.13905989104056	a7	a17	a31	15
13	1.13909397394582	a7	a16
13	1.13912372886312	a7	a17
13	1.13932552130225	a6	a10
13	1.13951487077596	a8	a56
12	1.13956193764514	a8	a56	a45	0
12	1.13960521752485	a6	a10	a32	0
12	1.13966256336546	a7	a14	a33	0
13	1.13970205625569	a7	a14
12	1.13971882720908	a7	a14	a33	1
13	1.13973505716397	a7	a14
12	1.13976914006923	a7	a14	a33	2
13	1.13978482902563	a7	a14
12	1.13984542085722	a7	a14	a33	3
13	1.13986110981361	a7	a14
12	1.13990006170534	a7	a14	a33	4
13	1.13991575066174	a7	a14
12	1.13993198061663	a7	a15	a33	5
12	1.13994712857452	a7	a17	a33	6
12	1.14001042539859	a7	a16	a33	7
12	1.14002232736551	a7	a14	a33	8
13	1.1400385573204	a7	a14
13	1.14004396730537	a7	a17
13	1.14008670618658	a7	a15
13	1.14011537910688	a7	a16
12	1.14014892101365	a7	a17	a33	9
13	1.14016623296553	a7	a17
12	1.14023872676404	a7	a16	a33	10
12	1.14026036670389	a7	a14	a33	11
13	1.14026090770239	a7	a16
12	1.14027280966931	a7	a17	a33	12
13	1.14027821965427	a7	a14
13	1.1402890396242	a7	a17
12	1.14030959756706	a7	a15	a33	13
12	1.14034476246932	a7	a16	a33	14
12	1.1403620744212	a7	a17	a33	15
13	1.14037614038211	a7	a16
13	1.1403777633776	a7	a17
13	1.14039345233399	a7	a15
13	1.14059632677011	a6	a10
13	1.1406720665596	a8	a56
12	1.14192285508309	a8	a56	a50	0
12	1.14375521699013	a6	a10	a34	0
12	1.14384448174203	a7	a14	a35	0
12	1.1440397821992	a7	a15	a35	1
12	1.1441728678293	a7	a16	a35	2
12	1.14430757645488	a7	a17	a35	3
13	1.15118366734313	a7	a14
13	1.15564257694982	a7	a17
13	1.15594445411077	a7	a15
13	1.15645515669129	a7	a16
13	1.15662124322966	a6	a10
12	1.15719361963877	a6	a10	a36	0
12	1.15725583446585	a7	a14	a37	0
12	1.15757610557567	a7	a17	a37	1
12	1.15763940239974	a7	a16	a37	2
12	1.15770269922381	a7	a15	a37	3
13	1.15989157913993	a7	a15
13	1.16033411590992	a7	a16
13	1.16103416796416	a7	a17
13	1.16111369474312	a7	a14
13	1.16120241849652	a6	a10
12	1.16409676045184	a6	a10	a38	0
12	1.16415410629245	a7	a14	a39	0
12	1.16432830780827	a7	a17	a39	1
12	1.16438403065339	a7	a16	a39	2
12	1.16451819828048	a7	a15	a39	3
13	1.16538163188061	a7	a14
13	1.16543086274377	a7	a16
13	1.16548225760092	a7	a17
13	1.16593831933332	a7	a15
13	1.16607681494838	a6	a10
12	1.1662796893845	a6	a10	a40	0
12	1.1663391992191	a7	a14	a41	0
12	1.16668219226576	a7	a17	a41	1
12	1.16670004521614	a7	a16	a41	2
13	1.16674819408232	a7	a14
12	1.1668239338718	a7	a14	a41	3
13	1.16771604039224	a7	a16
13	1.16775823827495	a7	a17
13	1.16793676777874	a7	a14
13	1.16805416445244	a6	a10
12	1.16835117262692	a8	a57	a49	0
13	1.17207702927109	a8	a57
12	1.17215168706358	a8	a57	a54	0
12	1.17340085259159	a8	a58	a53	0
13	1.18069134832802	a8	a58
12	1.18073625120322	a8	a58	a52	0
13	1.18364520011794	a8	a58
12	1.18367766002772	a8	a58	a51	0
13	1.18536016535128	a8	a58
13	1.18723039715307	a8	a57
13	1.18737051576361	a8	a56
13	1.18755229125838	a8	a55
12	1.18768267189599	a8	a55	a50	0
12	1.19055375091597	a6	a10	a34	0
12	1.1906083917641	a7	a14	a35	0
12	1.19072524743931	a7	a16	a35	1
12	1.19083885712353	a7	a17	a35	2
12	1.19095787679273	a7	a15	a35	3
13	1.19995143579558	a7	a14
13	1.20311032601561	a7	a16
13	1.20355015779312	a7	a17
13	1.20367296445178	a7	a15
13	1.2042588658233	a6	a10
12	1.20432540863835	a6	a10	a36	0
12	1.20438167248196	a7	a14	a37	0
12	1.20462944979328	a7	a16	a37	1
13	1.20469166462036	a7	a14
12	1.20478038837375	a7	a17	a37	2
12	1.20480635630158	a7	a14	a37	3
13	1.20604632485515	a7	a14
13	1.20752757873808	a7	a16
13	1.20759412155312	a7	a17
13	1.20774830612458	a6	a10
12	1.21053120238966	a6	a10	a38	0
12	1.21060477818516	a7	a14	a39	0
12	1.21076599573706	a7	a17	a39	1
12	1.21079088166789	a7	a15	a39	2
12	1.21090611434761	a7	a16	a39	3
13	1.21116038364088	a7	a14
13	1.21176251496728	a7	a17
13	1.21188423962896	a7	a16
13	1.21213309893727	a7	a15
13	1.21226402057338	a6	a10
12	1.21228620151172	a6	a10	a40	0
12	1.21238520423655	a7	a14	a41	0
12	1.21251558487416	a7	a16	a41	1
13	1.21275254221555	a7	a14
12	1.21284397096143	a7	a14	a41	2
12	1.21290239879904	a7	a17	a41	3
13	1.21333519759609	a7	a16
13	1.21360136885628	a7	a14
13	1.21400278974055	a7	a17
13	1.21415210532554	a6	a10
12	1.21430304390601	a8	a56	a49	0
13	1.21838325456527	a8	a56
12	1.21842923943746	a8	a56	a54	0
12	1.21946308756393	a8	a57	a53	0
13	1.22647929706273	a8	a57
12	1.22651554396199	a8	a57	a52	0
13	1.22936119605264	a8	a57
12	1.22940285293686	a8	a57	a51	0
13	1.23104640636868	a8	a57
13	1.23278842152684	a8	a56
13	1.23284901335843	a8	a55
