%EventDef PajeDefineContainerType 0 
%       Alias string 
%       Type string 
%       Name string 
%EndEventDef 
%EventDef PajeDefineVariableType 1 
%       Alias string 
%       Type string 
%       Name string 
%       Color color 
%EndEventDef 
%EventDef PajeDefineStateType 2 
%       Alias string 
%       Type string 
%       Name string 
%EndEventDef 
%EventDef PajeDefineEventType 3 
%       Alias string 
%       Type string 
%       Name string 
%       Color color 
%EndEventDef 
%EventDef PajeDefineLinkType 4 
%       Alias string 
%       Type string 
%       StartContainerType string 
%       EndContainerType string 
%       Name string 
%EndEventDef 
%EventDef PajeDefineEntityValue 5 
%       Alias string 
%       Type string 
%       Name string 
%       Color color 
%EndEventDef 
%EventDef PajeCreateContainer 6 
%       Time date 
%       Alias string 
%       Type string 
%       Container string 
%       Name string 
%EndEventDef 
%EventDef PajeDestroyContainer 7 
%       Time date 
%       Type string 
%       Name string 
%EndEventDef 
%EventDef PajeSetVariable 8 
%       Time date 
%       Type string 
%       Container string 
%       Value double 
%EndEventDef
%EventDef PajeAddVariable 9 
%       Time date 
%       Type string 
%       Container string 
%       Value double 
%EndEventDef
%EventDef PajeSubVariable 10 
%       Time date 
%       Type string 
%       Container string 
%       Value double 
%EndEventDef
%EventDef PajeSetState 11 
%       Time date 
%       Type string 
%       Container string 
%       Value string 
%EndEventDef
%EventDef PajePushState 12 
%       Time date 
%       Type string 
%       Container string 
%       Value string 
%       Id string 
%EndEventDef
%EventDef PajePopState 13 
%       Time date 
%       Type string 
%       Container string 
%EndEventDef
%EventDef PajeResetState 14 
%       Time date 
%       Type string 
%       Container string 
%EndEventDef
%EventDef PajeStartLink 15 
%       Time date 
%       Type string 
%       Container string 
%       Value string 
%       StartContainer string 
%       Key string 
%EndEventDef
%EventDef PajeEndLink 16 
%       Time date 
%       Type string 
%       Container string 
%       Value string 
%       EndContainer string 
%       Key string 
%EndEventDef
%EventDef PajeNewEvent 17 
%       Time date 
%       Type string 
%       Container string 
%       Value string 
%EndEventDef
0	a1	0	"Task Manager"
0	a2	a1	"Node"
0	a3	a1	"Thread"
0	a4	a1	"Jobs"
0	a5	a1	"Memory usage"
2	a6	a4	"Job"
2	a7	a3	"Task"
2	a8	a3	"Timer state"
6	0	a9	a1	0	"The task manager"
6	0	a10	a4	a9	"Jobs"
6	0	a11	a5	a9	"Memory"
1	a12	a1	"Memory [MB]"	"1.0 1.0 1.0"
6	0	a13	a2	a9	"Node 0"
6	0	a14	a3	a13	"Thread 0"
6	0	a15	a3	a13	"Thread 1"
6	0	a16	a3	a13	"Thread 2"
6	0	a17	a3	a13	"Thread 3"
5	a18	a6	"ngcore::ParallelFor<int,ngcore::EnterTaskManager()::{lambda(int)#1}>(ngcore::T_Range<int>,ngcore::EnterTaskManager()::{lambda(int)#1},int,ngcore::TotalCosts)::{lambda(ngcore::TaskInfo&)#1}"	"0.630615054310908 1 0"
5	a19	a7	"ngcore::ParallelFor<int,ngcore::EnterTaskManager()::{lambda(int)#1}>(ngcore::T_Range<int>,ngcore::EnterTaskManager()::{lambda(int)#1},int,ngcore::TotalCosts)::{lambda(ngcore::TaskInfo&)#1}"	"0.630615054310908 1 0"
5	a20	a6	"ngcore::ParallelForRange<netgen::ElementIndex,netgen::MeshOptimize3d::SwapImprove(netgen::Mesh&,netgen::OPTIMIZEGOAL,netgen::NgBitArray const*)::{lambda(auto:1)#1}>(ngcore::T_Range<netgen::ElementIndex>,netgen::MeshOptimize3d::SwapImprove(netgen::Mesh&,netgen::OPTIMIZEGOAL,netgen::NgBitArray const*)::{lambda(auto:1)#1},int,ngcore::TotalCosts)::{lambda(ngcore::TaskInfo&)#1}"	"0.708022642579866 0 1"
5	a21	a7	"ngcore::ParallelForRange<netgen::ElementIndex,netgen::MeshOptimize3d::SwapImprove(netgen::Mesh&,netgen::OPTIMIZEGOAL,netgen::NgBitArray const*)::{lambda(auto:1)#1}>(ngcore::T_Range<netgen::ElementIndex>,netgen::MeshOptimize3d::SwapImprove(netgen::Mesh&,netgen::OPTIMIZEGOAL,netgen::NgBitArray const*)::{lambda(auto:1)#1},int,ngcore::TotalCosts)::{lambda(ngcore::TaskInfo&)#1}"	"0.708022642579866 0 1"
5	a22	a6	"ngcore::ParallelForRange<netgen::ElementIndex,ngcore::CreateTable<netgen::ElementIndex,netgen::PointIndex,ngcore::T_Range<netgen::ElementIndex>,netgen::Mesh::CreatePoint2ElementTable(std::optional<ngcore::BitArray>)const::{lambda(auto:1&,netgen::ElementIndex)#1}>(ngcore::T_Range<netgen::ElementIndex>const&,netgen::Mesh::CreatePoint2ElementTable(std::optional<ngcore::BitArray>)const::{lambda(auto:1&,netgen::ElementIndex)#1}const&,std::optional<unsigned long>)::{lambda(auto:1)#1}>(ngcore::T_Range<netgen::ElementIndex>,ngcore::Table,int,ngcore::TotalCosts)::{lambda(ngcore::TaskInfo&)#1}"	"0 0.230008221284954 1"
5	a23	a7	"ngcore::ParallelForRange<netgen::ElementIndex,ngcore::CreateTable<netgen::ElementIndex,netgen::PointIndex,ngcore::T_Range<netgen::ElementIndex>,netgen::Mesh::CreatePoint2ElementTable(std::optional<ngcore::BitArray>)const::{lambda(auto:1&,netgen::ElementIndex)#1}>(ngcore::T_Range<netgen::ElementIndex>const&,netgen::Mesh::CreatePoint2ElementTable(std::optional<ngcore::BitArray>)const::{lambda(auto:1&,netgen::ElementIndex)#1}const&,std::optional<unsigned long>)::{lambda(auto:1)#1}>(ngcore::T_Range<netgen::ElementIndex>,ngcore::Table,int,ngcore::TotalCosts)::{lambda(ngcore::TaskInfo&)#1}"	"0 0.230008221284954 1"
5	a24	a6	"ngcore::TablePrefixSum2<unsigned int>(ngcore::FlatArray<unsigned int,unsigned long>)::{lambda(ngcore::TaskInfo)#1}"	"0 0.312895337658212 1"
5	a25	a7	"ngcore::TablePrefixSum2<unsigned int>(ngcore::FlatArray<unsigned int,unsigned long>)::{lambda(ngcore::TaskInfo)#1}"	"0 0.312895337658212 1"
5	a26	a6	"ngcore::TablePrefixSum2<unsigned int>(ngcore::FlatArray<unsigned int,unsigned long>)::{lambda(ngcore::TaskInfo)#2}"	"0 1 0.887517304832004"
5	a27	a7	"ngcore::TablePrefixSum2<unsigned int>(ngcore::FlatArray<unsigned int,unsigned long>)::{lambda(ngcore::TaskInfo)#2}"	"0 1 0.887517304832004"
5	a28	a6	"ngcore::ParallelForRange<netgen::PointIndex,ngcore::CreateSortedTable<netgen::ElementIndex,netgen::PointIndex,ngcore::T_Range<netgen::ElementIndex>,netgen::Mesh::CreatePoint2ElementTable(std::optional<ngcore::BitArray>)const::{lambda(auto:1&,netgen::ElementIndex)#1}>(ngcore::T_Range<netgen::ElementIndex>const&,netgen::Mesh::CreatePoint2ElementTable(std::optional<ngcore::BitArray>)const::{lambda(auto:1&,netgen::ElementIndex)#1}const&,std::optional<unsigned long>)::{lambda(auto:1)#1}>(ngcore::T_Range<netgen::PointIndex>,ngcore::Table,int,ngcore::TotalCosts)::{lambda(ngcore::TaskInfo&)#1}"	"0 0.170427812303051 1"
5	a29	a7	"ngcore::ParallelForRange<netgen::PointIndex,ngcore::CreateSortedTable<netgen::ElementIndex,netgen::PointIndex,ngcore::T_Range<netgen::ElementIndex>,netgen::Mesh::CreatePoint2ElementTable(std::optional<ngcore::BitArray>)const::{lambda(auto:1&,netgen::ElementIndex)#1}>(ngcore::T_Range<netgen::ElementIndex>const&,netgen::Mesh::CreatePoint2ElementTable(std::optional<ngcore::BitArray>)const::{lambda(auto:1&,netgen::ElementIndex)#1}const&,std::optional<unsigned long>)::{lambda(auto:1)#1}>(ngcore::T_Range<netgen::PointIndex>,ngcore::Table,int,ngcore::TotalCosts)::{lambda(ngcore::TaskInfo&)#1}"	"0 0.170427812303051 1"
5	a30	a6	"ngcore::ParallelFor<unsigned long,netgen::BuildEdgeList<netgen::ElementIndex>(netgen::Mesh const&,ngcore::Table<netgen::ElementIndex,netgen::PointIndex>const&,ngcore::Array<std::tuple<netgen::PointIndex,netgen::PointIndex>,unsigned long>&)::{lambda(int)#1}>(ngcore::T_Range<unsigned long>,netgen::BuildEdgeList<netgen::ElementIndex>(netgen::Mesh const&,ngcore::Table<netgen::ElementIndex,netgen::PointIndex>const&,ngcore::Array<std::tuple<netgen::PointIndex,netgen::PointIndex>,unsigned long>&)::{lambda(int)#1},int,ngcore::TotalCosts)::{lambda(ngcore::TaskInfo&)#1}"	"1 0.872005992306398 0"
5	a31	a7	"ngcore::ParallelFor<unsigned long,netgen::BuildEdgeList<netgen::ElementIndex>(netgen::Mesh const&,ngcore::Table<netgen::ElementIndex,netgen::PointIndex>const&,ngcore::Array<std::tuple<netgen::PointIndex,netgen::PointIndex>,unsigned long>&)::{lambda(int)#1}>(ngcore::T_Range<unsigned long>,netgen::BuildEdgeList<netgen::ElementIndex>(netgen::Mesh const&,ngcore::Table<netgen::ElementIndex,netgen::PointIndex>const&,ngcore::Array<std::tuple<netgen::PointIndex,netgen::PointIndex>,unsigned long>&)::{lambda(int)#1},int,ngcore::TotalCosts)::{lambda(ngcore::TaskInfo&)#1}"	"1 0.872005992306398 0"
5	a32	a6	"ngcore::ParallelForRange<unsigned long,netgen::MeshOptimize3d::SwapImprove(netgen::Mesh&,netgen::OPTIMIZEGOAL,netgen::NgBitArray const*)::{lambda(auto:1)#2}>(ngcore::T_Range<unsigned long>,netgen::MeshOptimize3d::SwapImprove(netgen::Mesh&,netgen::OPTIMIZEGOAL,netgen::NgBitArray const*)::{lambda(auto:1)#2},int,ngcore::TotalCosts)::{lambda(ngcore::TaskInfo&)#1}"	"1 0.408375991137786 0"
5	a33	a7	"ngcore::ParallelForRange<unsigned long,netgen::MeshOptimize3d::SwapImprove(netgen::Mesh&,netgen::OPTIMIZEGOAL,netgen::NgBitArray const*)::{lambda(auto:1)#2}>(ngcore::T_Range<unsigned long>,netgen::MeshOptimize3d::SwapImprove(netgen::Mesh&,netgen::OPTIMIZEGOAL,netgen::NgBitArray const*)::{lambda(auto:1)#2},int,ngcore::TotalCosts)::{lambda(ngcore::TaskInfo&)#1}"	"1 0.408375991137786 0"
5	a34	a6	"ngcore::ParallelForRange<netgen::ElementIndex,netgen::Mesh::Compress()::{lambda(auto:1)#1}>(ngcore::T_Range<netgen::ElementIndex>,netgen::Mesh::Compress()::{lambda(auto:1)#1},int,ngcore::TotalCosts)::{lambda(ngcore::TaskInfo&)#1}"	"1 0.0611641584106637 0"
5	a35	a7	"ngcore::ParallelForRange<netgen::ElementIndex,netgen::Mesh::Compress()::{lambda(auto:1)#1}>(ngcore::T_Range<netgen::ElementIndex>,netgen::Mesh::Compress()::{lambda(auto:1)#1},int,ngcore::TotalCosts)::{lambda(ngcore::TaskInfo&)#1}"	"1 0.0611641584106637 0"
5	a36	a6	"ngcore::ParallelForRange<netgen::SurfaceElementIndex,netgen::Mesh::Compress()::{lambda(auto:1)#2}>(ngcore::T_Range<netgen::SurfaceElementIndex>,netgen::Mesh::Compress()::{lambda(auto:1)#2},int,ngcore::TotalCosts)::{lambda(ngcore::TaskInfo&)#1}"	"1 0 -2.77631980257023"
5	a37	a7	"ngcore::ParallelForRange<netgen::SurfaceElementIndex,netgen::Mesh::Compress()::{lambda(auto:1)#2}>(ngcore::T_Range<netgen::SurfaceElementIndex>,netgen::Mesh::Compress()::{lambda(auto:1)#2},int,ngcore::TotalCosts)::{lambda(ngcore::TaskInfo&)#1}"	"1 0 -2.77631980257023"
5	a38	a6	"ngcore::ParallelForRange<netgen::ElementIndex,netgen::Mesh::Compress()::{lambda(auto:1)#3}>(ngcore::T_Range<netgen::ElementIndex>,netgen::Mesh::Compress()::{lambda(auto:1)#3},int,ngcore::TotalCosts)::{lambda(ngcore::TaskInfo&)#1}"	"0.688034037288286 1 0"
5	a39	a7	"ngcore::ParallelForRange<netgen::ElementIndex,netgen::Mesh::Compress()::{lambda(auto:1)#3}>(ngcore::T_Range<netgen::ElementIndex>,netgen::Mesh::Compress()::{lambda(auto:1)#3},int,ngcore::TotalCosts)::{lambda(ngcore::TaskInfo&)#1}"	"0.688034037288286 1 0"
5	a40	a6	"ngcore::ParallelForRange<netgen::SurfaceElementIndex,netgen::Mesh::Compress()::{lambda(auto:1)#4}>(ngcore::T_Range<netgen::SurfaceElementIndex>,netgen::Mesh::Compress()::{lambda(auto:1)#4},int,ngcore::TotalCosts)::{lambda(ngcore::TaskInfo&)#1}"	"0 0.666479625428673 1"
5	a41	a7	"ngcore::ParallelForRange<netgen::SurfaceElementIndex,netgen::Mesh::Compress()::{lambda(auto:1)#4}>(ngcore::T_Range<netgen::SurfaceElementIndex>,netgen::Mesh::Compress()::{lambda(auto:1)#4},int,ngcore::TotalCosts)::{lambda(ngcore::TaskInfo&)#1}"	"0 0.666479625428673 1"
5	a42	a8	"Build edges"	"0 0.0614795051658243 1"
5	a43	a8	"CreateTable"	"0.608616351291681 0 1"
5	a44	a8	"CreateSortedTable"	"0 0.0381698166109086 1"
5	a45	a8	"MeshOptimize3d::SwapImprove loop"	"0.154668690207104 1 0"
5	a46	a8	"MeshOptimize3d::SwapImprove"	"1 0 -2.43968480148811"
5	a47	a8	"FreeOpenElementsEnvironment"	"0.907015785320433 0 1"
5	a48	a8	"Mesh::BuildBoundaryEdges"	"1 0 -2.61861416630415"
5	a49	a8	"Mesh::LinkSurfaceElements"	"0 1 0.171518596860468"
5	a50	a8	"Mesh::Compress"	"1 0.648677515017027 0"
5	a51	a8	"Mesh::CalcSurfacesOfNode, pointloop"	"0 0.319536079261344 1"
5	a52	a8	"Mesh::CalcSurfacesOfNode - surfelementht"	"0.690162641156969 0 1"
5	a53	a8	"Mesh::CalcSurfacesOfNode - surf on node"	"0.000515674241007069 1 0"
5	a54	a8	"Mesh::CalcSurfacesOfNode"	"1 0 -2.35340285344361"
6	0	a55	a3	a9	"Timer level 0"
6	0	a56	a3	a9	"Timer level 1"
6	0	a57	a3	a9	"Timer level 2"
6	0	a58	a3	a9	"Timer level 3"
4	a59	a2	a3	a3	"links"
8	0	a12	a11	0
12	0.158806862604345	a6	a10	a18	0
12	0.159016770020918	a7	a14	a19	0
13	0.159116854742738	a7	a14
12	0.159132543699131	a7	a14	a19	1
13	0.159149855651013	a7	a14
12	0.159169872595377	a7	a14	a19	2
13	0.159176364577333	a7	a14
12	0.159194217527712	a7	a14	a19	3
13	0.159201250508164	a7	a14
13	0.159698428126284	a6	a10
12	0.162888696259095	a8	a55	a47	0
13	0.201577662725066	a8	a55
12	0.202048872415363	a8	a55	a46	0
12	0.202348585582325	a8	a56	a48	0
13	0.20240971841241	a8	a56
12	0.205168269745155	a6	a10	a20	0
12	0.205249419519604	a7	a14	a21	0
12	0.205648135411393	a7	a15	a21	3
12	0.205668422855005	a7	a16	a21	2
12	0.205907003191883	a7	a17	a21	1
13	0.20660029276492	a7	a14
13	0.208161343926057	a7	a17
13	0.208167835908013	a7	a16
13	0.208915225330682	a7	a15
13	0.209058589932207	a6	a10
12	0.210433267111361	a8	a56	a44	0
12	0.210474923995578	a8	a57	a43	0
12	0.211698121595762	a6	a10	a22	0
12	0.211765205409306	a7	a14	a23	0
12	0.212118206928156	a7	a17	a23	1
12	0.212276719487578	a7	a16	a23	2
12	0.212319728868036	a7	a15	a23	3
13	0.213256197265169	a7	a14
12	0.213315707099765	a7	a14	a23	4
13	0.213932174886324	a7	a17
12	0.214021980636713	a7	a17	a23	5
13	0.214233240549527	a7	a15
12	0.214297619370589	a7	a15	a23	6
13	0.214391482609701	a7	a16
12	0.214411499554065	a7	a16	a23	7
13	0.214643858408235	a7	a14
12	0.214708778227794	a7	a14	a23	8
13	0.215265195181261	a7	a17
12	0.215350131945184	a7	a17	a23	9
13	0.215972550715202	a7	a15
13	0.215984452682121	a7	a14
13	0.216017183091149	a7	a16
12	0.216038011533257	a7	a14	a23	10
12	0.216078315921233	a7	a16	a23	12
12	0.216081291412963	a7	a15	a23	11
13	0.217389966775566	a7	a14
12	0.217449476610161	a7	a14	a23	13
13	0.21756443879063	a7	a16
12	0.217629358610188	a7	a16	a23	14
13	0.217642613073348	a7	a15
12	0.217660466023727	a7	a15	a23	15
13	0.218161160132073	a7	a17
13	0.219197442751777	a7	a15
13	0.219232878153287	a7	a16
13	0.220131206156429	a7	a14
13	0.220253471816598	a6	a10
12	0.221146119335529	a6	a10	a24	0
12	0.221220777128022	a7	a14	a25	0
12	0.221330870322023	a7	a16	a25	1
12	0.221338173801724	a7	a15	a25	2
13	0.221655739919065	a7	a14
12	0.221714708755164	a7	a14	a25	3
13	0.221722823732609	a7	a15
13	0.221776653082993	a7	a16
13	0.221799645519086	a7	a14
13	0.221902435233387	a6	a10
12	0.222058242800328	a6	a10	a26	0
12	0.223168371714781	a7	a14	a27	0
12	0.223302268842621	a7	a17	a27	1
13	0.22340532905617	a7	a14
12	0.223460510902795	a7	a14	a27	2
13	0.223569792599052	a7	a14
12	0.223607121495298	a7	a14	a27	3
13	0.223704230725388	a7	a17
13	0.223708829212607	a7	a14
13	0.223961475510389	a6	a10
12	0.224560360845817	a6	a10	a22	0
12	0.224625821663872	a7	a14	a23	0
12	0.22472184889697	a7	a17	a23	1
12	0.225206313050426	a7	a15	a23	2
12	0.225221731507571	a7	a16	a23	3
13	0.225860109733231	a7	a17
12	0.225919619567826	a7	a17	a23	4
13	0.226800365119839	a7	a16
13	0.226843374500296	a7	a15
12	0.226880703396543	a7	a15	a23	6
12	0.226883678888272	a7	a16	a23	5
13	0.226985657104829	a7	a14
12	0.227050035925891	a7	a14	a23	7
13	0.227207736987569	a7	a17
12	0.22728564077104	a7	a17	a23	8
13	0.22828134850352	a7	a14
12	0.228318677399766	a7	a14	a23	9
13	0.228427959096023	a7	a15
13	0.228487198431371	a7	a17
12	0.228498288900545	a7	a15	a23	10
13	0.228534806299047	a7	a16
12	0.228566184211834	a7	a17	a23	11
12	0.228597021126124	a7	a16	a23	12
13	0.229528350037542	a7	a14
12	0.229587859872138	a7	a14	a23	13
13	0.229954386353396	a7	a17
12	0.230017142178969	a7	a17	a23	14
13	0.230091529472214	a7	a15
13	0.230123177884248	a7	a16
12	0.230159424783502	a7	a16	a23	15
13	0.230821336443752	a7	a14
13	0.23141291829948	a7	a17
13	0.231925243875497	a7	a16
13	0.232405380040983	a6	a10
13	0.232967477478661	a8	a57
12	0.233047545256117	a6	a10	a28	0
12	0.233103809099735	a7	a14	a29	0
12	0.233378365836618	a7	a17	a29	1
13	0.233452212131366	a7	a14
12	0.233506852979494	a7	a14	a29	2
12	0.233526328925362	a7	a15	a29	3
12	0.233533632405062	a7	a16	a29	4
13	0.233689710471251	a7	a14
13	0.233734342847198	a7	a17
12	0.23373840033592	a7	a14	a29	5
12	0.233802508657734	a7	a17	a29	6
13	0.233837132561499	a7	a16
13	0.233847682032177	a7	a15
12	0.233899347388576	a7	a16	a29	7
12	0.233903404877298	a7	a15	a29	8
13	0.233914224847225	a7	a14
13	0.233969136194602	a7	a17
12	0.233974275680317	a7	a14	a29	9
13	0.233998891111899	a7	a16
13	0.234040277496868	a7	a15
12	0.234056236952509	a7	a17	a29	10
12	0.234075983397625	a7	a15	a29	12
12	0.234080040886348	a7	a16	a29	11
13	0.234145231205154	a7	a14
13	0.234170117135985	a7	a15
13	0.234186617590123	a7	a16
12	0.23423557795404	a7	a14	a29	13
13	0.234250455412689	a7	a17
12	0.234258299890886	a7	a15	a29	14
12	0.234261275382615	a7	a16	a29	15
13	0.234357843614209	a7	a15
13	0.234362983099924	a7	a16
13	0.234391385520981	a7	a14
13	0.234590472967627	a6	a10
13	0.23462834286237	a8	a56
12	0.23671551506118	a8	a56	a42	0
12	0.237251103572539	a6	a10	a30	0
12	0.237321433377061	a7	a14	a31	0
12	0.237790208574124	a7	a17	a31	1
12	0.237800217046306	a7	a15	a31	2
12	0.237806438529014	a7	a16	a31	3
13	0.237888399801206	a7	a14
12	0.237944663644824	a7	a14	a31	4
13	0.238135095115529	a7	a14
12	0.238151325070419	a7	a14	a31	5
13	0.238325526586234	a7	a14
12	0.238343920535109	a7	a14	a31	6
13	0.238347166526087	a7	a15
13	0.238356633999773	a7	a17
13	0.238375027948648	a7	a16
12	0.238424529311061	a7	a15	a31	7
12	0.238452390733622	a7	a17	a31	8
12	0.238478358661445	a7	a16	a31	9
13	0.238512171067466	a7	a14
12	0.238572762899054	a7	a14	a31	10
13	0.238658240661472	a7	a15
13	0.238660675154706	a7	a17
13	0.238696381055463	a7	a16
12	0.238742365927651	a7	a17	a31	11
13	0.238746964414869	a7	a14
12	0.238752103900584	a7	a16	a31	13
12	0.238755079392314	a7	a15	a31	12
12	0.238813507229917	a7	a14	a31	14
13	0.238945240363771	a7	a17
13	0.238954437338209	a7	a16
13	0.238975806778813	a7	a15
12	0.23903071812619	a7	a17	a31	15
13	0.239146221305155	a7	a14
13	0.239215198613436	a7	a17
13	0.239345308751801	a6	a10
13	0.240196840385012	a8	a56
12	0.240354811945938	a8	a56	a45	0
12	0.240505209527916	a6	a10	a32	0
12	0.240579867320408	a7	a14	a33	0
13	0.240780036764047	a7	a14
12	0.240796266718937	a7	a14	a33	1
13	0.240821152649768	a7	a14
12	0.240848202574584	a7	a14	a33	2
13	0.240875793497896	a7	a14
12	0.240893105449779	a7	a14	a33	3
13	0.240914745389632	a7	a14
12	0.240932057341514	a7	a14	a33	4
13	0.240950992288885	a7	a14
12	0.24096938623776	a7	a14	a33	5
13	0.240989403182124	a7	a14
12	0.241028896072356	a7	a14	a33	6
13	0.241049454015216	a7	a14
12	0.241108963849811	a7	a14	a33	7
13	0.241134390779138	a7	a14
12	0.24117090817764	a7	a17	a33	8
12	0.241188761128019	a7	a16	a33	9
12	0.241221491537046	a7	a15	a33	10
12	0.241246377467877	a7	a14	a33	11
13	0.241301559314502	a7	a14
13	0.241333207726537	a7	a16
13	0.241339429209244	a7	a15
12	0.24136647913406	a7	a14	a33	12
13	0.241388930571658	a7	a17
13	0.24139298806038	a7	a14
12	0.241455202887457	a7	a15	a33	13
13	0.241480629816784	a7	a15
12	0.24149740077017	a7	a14	a33	14
12	0.24151065523333	a7	a16	a33	15
13	0.241544738138599	a7	a16
13	0.241602895476953	a7	a14
13	0.241766818021339	a6	a10
13	0.242023792307092	a8	a56
12	0.243889696120906	a8	a56	a50	0
12	0.256259626739309	a6	a10	a34	0
12	0.25637269542504	a7	a14	a35	0
12	0.256620743235604	a7	a16	a35	1
12	0.256633456700267	a7	a15	a35	2
12	0.256853913587518	a7	a17	a35	3
13	0.277401847975573	a7	a15
13	0.280308362397062	a7	a16
13	0.281290004168639	a7	a14
13	0.282446388454527	a7	a17
13	0.282656025371852	a6	a10
12	0.283149956998994	a6	a10	a36	0
12	0.283246254731339	a7	a14	a37	0
12	0.283798343696836	a7	a16	a37	1
12	0.283858935528424	a7	a17	a37	2
12	0.283879763970532	a7	a15	a37	3
13	0.287245315616151	a7	a15
13	0.2875691032162	a7	a17
13	0.288087650274925	a7	a14
13	0.290151289039145	a7	a16
13	0.290285186166985	a6	a10
12	0.299538424448076	a6	a10	a38	0
12	0.299627148201473	a7	a14	a39	0
12	0.29993200085415	a7	a16	a39	1
12	0.29994525531731	a7	a15	a39	2
12	0.300172204186517	a7	a17	a39	3
13	0.304331400626241	a7	a17
13	0.304700091101484	a7	a14
13	0.304774478394729	a7	a16
13	0.304867800635344	a7	a15
13	0.304972213345134	a6	a10
12	0.305273549507586	a6	a10	a40	0
12	0.305332518343685	a7	a14	a41	0
12	0.305657928939222	a7	a16	a41	1
12	0.305685790361783	a7	a15	a41	2
12	0.306043119868604	a7	a17	a41	3
13	0.307179487210128	a7	a14
13	0.30862801068403	a7	a16
13	0.308975061219421	a7	a15
13	0.309032677559279	a7	a17
13	0.309163869694637	a6	a10
12	0.310256145658711	a8	a57	a49	0
13	0.327069837925903	a8	a57
12	0.327484242774085	a8	a57	a54	0
12	0.33410552337057	a8	a58	a53	0
13	0.369905557866182	a8	a58
12	0.370470901294839	a8	a58	a52	0
13	0.388927064996864	a8	a58
12	0.389013083757779	a8	a58	a51	0
13	0.395776646958797	a8	a58
13	0.405244120644432	a8	a57
13	0.405793775116695	a8	a56
13	0.406171392067128	a8	a55
12	0.407944244139575	a8	a55	a46	0
12	0.408023770918534	a8	a56	a48	0
13	0.489840055514303	a8	a56
12	0.490819262792646	a6	a10	a20	0
12	0.491013481252825	a7	a14	a21	0
12	0.491194986248341	a7	a17	a21	1
12	0.491548528765688	a7	a15	a21	2
12	0.491622375060436	a7	a16	a21	3
13	0.492470931201917	a7	a14
13	0.493043307611026	a7	a15
13	0.493686825322401	a7	a17
13	0.493863731830698	a7	a16
13	0.494389852868371	a6	a10
12	0.495190530642928	a8	a56	a44	0
12	0.4952240725497	a8	a57	a43	0
12	0.4959300755874	a6	a10	a22	0
12	0.496006356375381	a7	a14	a23	0
12	0.496453491632591	a7	a17	a23	1
12	0.496492714023575	a7	a15	a23	2
12	0.49650813248072	a7	a16	a23	3
13	0.497214406017668	a7	a14
12	0.497280407834219	a7	a14	a23	4
13	0.498115980011789	a7	a17
12	0.498193342796763	a7	a17	a23	5
13	0.498216605732105	a7	a16
12	0.498288017533619	a7	a16	a23	6
13	0.498318583948661	a7	a15
12	0.498338600893025	a7	a15	a23	7
13	0.498480883497558	a7	a14
12	0.498541475329146	a7	a14	a23	8
13	0.499391654466116	a7	a17
12	0.499457656282667	a7	a17	a23	9
13	0.499850691690245	a7	a14
13	0.499879094111302	a7	a16
12	0.499897217560929	a7	a14	a23	10
13	0.499902086547396	a7	a15
12	0.499955104400035	a7	a15	a23	11
12	0.499962948878232	a7	a16	a23	12
13	0.500846399422726	a7	a17
12	0.500906991254314	a7	a17	a23	13
13	0.501439063275447	a7	a15
13	0.501455563729584	a7	a16
12	0.501503171597261	a7	a16	a23	15
12	0.501506688087487	a7	a15	a23	14
13	0.50259463606359	a7	a14
13	0.502931948626047	a7	a17
13	0.502997950442599	a7	a16
13	0.503021483877188	a7	a15
13	0.503176750445633	a6	a10
12	0.505024801309069	a6	a10	a24	0
12	0.505089721128627	a7	a14	a25	0
12	0.505171411901572	a7	a15	a25	1
12	0.505184125366236	a7	a16	a25	2
13	0.505188723853454	a7	a14
12	0.505223888755715	a7	a14	a25	3
13	0.505303415534675	a7	a14
13	0.505335604945206	a7	a16
13	0.505353728394833	a7	a15
13	0.505517109940722	a6	a10
12	0.505761641261059	a6	a10	a26	0
12	0.505829807071596	a7	a14	a27	0
13	0.505943416755824	a7	a14
12	0.506067846409978	a7	a14	a27	1
12	0.506142233703222	a7	a16	a27	2
12	0.506154947167886	a7	a15	a27	3
13	0.50617334111676	a7	a14
13	0.506394609501756	a7	a15
13	0.506398666990479	a7	a16
13	0.506566647023587	a6	a10
12	0.507564789249301	a6	a10	a22	0
12	0.507636742049312	a7	a14	a23	0
12	0.507856928437315	a7	a15	a23	1
12	0.507878297877919	a7	a16	a23	2
12	0.508186126022326	a7	a17	a23	3
13	0.508996812269065	a7	a14
12	0.509054699108171	a7	a14	a23	4
13	0.509599755093216	a7	a16
13	0.509617878542843	a7	a15
12	0.509670625896234	a7	a16	a23	5
12	0.509676847378942	a7	a15	a23	6
13	0.509815613493248	a7	a17
12	0.509889189288748	a7	a17	a23	7
13	0.510204320912856	a7	a14
12	0.510248682789554	a7	a14	a23	8
13	0.511115091881414	a7	a17
12	0.51118325769195	a7	a17	a23	9
13	0.511190020173154	a7	a15
13	0.511191913667892	a7	a16
12	0.511263595968654	a7	a15	a23	10
12	0.511266030461888	a7	a16	a23	11
13	0.511561145141631	a7	a14
12	0.511644999908561	a7	a14	a23	12
13	0.512420521253039	a7	a17
12	0.512480572086131	a7	a17	a23	13
13	0.512803818687683	a7	a15
13	0.51283222110874	a7	a16
12	0.512872795995964	a7	a16	a23	15
12	0.512875230489197	a7	a15	a23	14
13	0.512954757268157	a7	a14
13	0.514373525824761	a7	a16
13	0.51438840328341	a7	a15
13	0.514411936718	a7	a17
13	0.514641590579689	a6	a10
13	0.514969976666956	a8	a57
12	0.515024617515085	a6	a10	a28	0
12	0.515090619331636	a7	a14	a29	0
13	0.515273476823393	a7	a14
12	0.515343265629418	a7	a14	a29	1
12	0.515437669867027	a7	a17	a29	2
13	0.51545038333169	a7	a14
12	0.515455522817405	a7	a16	a29	3
12	0.515515303151249	a7	a15	a29	4
13	0.515627289839987	a7	a15
12	0.515638109809914	a7	a14	a29	5
12	0.515696537647517	a7	a15	a29	6
13	0.515718448086618	a7	a16
13	0.515743334017449	a7	a17
12	0.515747662005419	a7	a16	a29	7
13	0.515751719494141	a7	a14
13	0.515797163367833	a7	a15
12	0.515821237800919	a7	a17	a29	8
13	0.515862353686639	a7	a16
12	0.515865329178369	a7	a14	a29	9
12	0.515868575169347	a7	a15	a29	10
12	0.515912666546797	a7	a16	a29	11
13	0.515928355503191	a7	a17
13	0.515968659891167	a7	a14
13	0.515986512841545	a7	a15
12	0.515993275322749	a7	a17	a29	12
13	0.516049539166367	a7	a16
12	0.516060629635541	a7	a15	a29	13
12	0.516103368516751	a7	a14	a29	14
13	0.516120950967881	a7	a17
12	0.51615503387315	a7	a16	a29	15
13	0.516196961256615	a7	a15
13	0.516209945220526	a7	a14
13	0.516251872603991	a7	a16
13	0.516365211788971	a6	a10
13	0.516406327674691	a8	a56
12	0.517460733744023	a8	a56	a42	0
12	0.517614918315474	a6	a10	a30	0
12	0.517693363097441	a7	a14	a31	0
12	0.517867294114009	a7	a17	a31	1
13	0.517970895326054	a7	a14
12	0.518014716204256	a7	a14	a31	2
13	0.518193245708043	a7	a14
13	0.518201090186239	a7	a17
12	0.518240312577223	a7	a14	a31	3
12	0.518290354938132	a7	a17	a31	4
12	0.518295494423847	a7	a15	a31	5
12	0.518319027858438	a7	a16	a31	6
13	0.518408563109579	a7	a14
12	0.518457252974248	a7	a14	a31	7
13	0.518496475365231	a7	a17
13	0.518534074760726	a7	a15
12	0.518553280207345	a7	a17	a31	8
13	0.518578707136672	a7	a16
12	0.518624962508108	a7	a15	a31	9
12	0.518630642992319	a7	a16	a31	10
13	0.518640651464501	a7	a14
12	0.518713686261504	a7	a14	a31	11
13	0.518839197912651	a7	a15
13	0.518858944357767	a7	a16
13	0.518898437247998	a7	a17
13	0.518900871741232	a7	a14
12	0.518916831196873	a7	a16	a31	12
12	0.518957135584849	a7	a15	a31	13
12	0.518984185509665	a7	a14	a31	14
12	0.519010964935233	a7	a17	a31	15
13	0.519161362517211	a7	a16
13	0.519165420005933	a7	a14
13	0.51917623997586	a7	a15
13	0.520503038788089	a7	a17
13	0.520691035765561	a6	a10
13	0.521015634863355	a8	a56
12	0.521098407633292	a8	a56	a45	0
12	0.521161704457362	a6	a10	a32	0
12	0.521391087819802	a7	a14	a33	0
13	0.521470073600265	a7	a14
12	0.521491713540118	a7	a14	a33	1
13	0.521526878442379	a7	a14
12	0.521571781317574	a7	a14	a33	2
13	0.521597749245397	a7	a14
12	0.521638594631869	a7	a17	a33	3
12	0.521652931092022	a7	a14	a33	4
13	0.521671325040897	a7	a14
12	0.521726506887522	a7	a14	a33	5
13	0.521741925344667	a7	a17
13	0.521748146827375	a7	a14
12	0.521799812183773	a7	a17	a33	6
12	0.521824427615356	a7	a14	a33	7
13	0.521840387070997	a7	a17
13	0.521857969522128	a7	a14
12	0.521868248493558	a7	a15	a33	8
13	0.52191802035522	a7	a15
12	0.521921266346198	a7	a14	a33	9
13	0.521963464228911	a7	a14
12	0.521983751672523	a7	a17	a33	10
12	0.521993489645457	a7	a16	a33	11
12	0.522025138057491	a7	a15	a33	12
13	0.522031900538695	a7	a16
13	0.522059761961256	a7	a15
12	0.522060302959752	a7	a14	a33	13
13	0.522098172854495	a7	a14
12	0.522101418845473	a7	a15	a33	15
12	0.522106017332692	a7	a16	a33	14
13	0.522124681780815	a7	a15
13	0.522128198271041	a7	a16
13	0.523101454565924	a7	a17
13	0.523315419471219	a6	a10
13	0.523511260926888	a8	a56
12	0.52566876293022	a8	a56	a50	0
12	0.535743777927225	a6	a10	a34	0
12	0.535900126492662	a7	a14	a35	0
12	0.536475748892748	a7	a15	a35	1
12	0.536509020300272	a7	a17	a35	2
12	0.536526873250651	a7	a16	a35	3
13	0.561267275485952	a7	a16
13	0.563810238917914	a7	a15
13	0.564176494899924	a7	a14
13	0.565755940009936	a7	a17
13	0.565939608999437	a6	a10
12	0.566330209913782	a6	a10	a36	0
12	0.566449229582973	a7	a14	a37	0
12	0.56691151279808	a7	a16	a37	1
12	0.56692476726124	a7	a15	a37	2
12	0.568320813880998	a7	a17	a37	3
13	0.569057383333741	a7	a15
13	0.570349287742958	a7	a14
13	0.571204876864891	a7	a17
13	0.572465944359818	a7	a16
13	0.572620399430517	a6	a10
12	0.578376623431384	a6	a10	a38	0
12	0.578446412237409	a7	a14	a39	0
12	0.578533512995317	a7	a15	a39	1
12	0.578822135693105	a7	a17	a39	2
12	0.578915187434472	a7	a16	a39	3
13	0.582646724562853	a7	a14
13	0.583477427753956	a7	a17
13	0.583586438950964	a7	a15
13	0.58381501081566	a7	a16
13	0.583910497050261	a6	a10
12	0.584189652274363	a6	a10	a40	0
12	0.584254031095426	a7	a14	a41	0
12	0.584513169375164	a7	a15	a41	1
12	0.584602163627809	a7	a16	a41	2
12	0.584705494340606	a7	a17	a41	3
13	0.587042337345469	a7	a14
13	0.587205448392111	a7	a17
13	0.587690994542559	a7	a15
13	0.58775564386287	a7	a16
13	0.587890622987702	a6	a10
12	0.588712399703615	a8	a57	a49	0
13	0.606167175188948	a8	a57
12	0.606443625420569	a8	a57	a54	0
12	0.611022095694942	a8	a58	a53	0
13	0.647305782846266	a8	a58
12	0.647359882695898	a8	a58	a52	0
13	0.660425537380571	a8	a58
12	0.660504523161034	a8	a58	a51	0
13	0.667910251577186	a8	a58
13	0.673776298272805	a8	a57
13	0.674043551529988	a8	a56
13	0.67432270675409	a8	a55
12	0.676383370026581	a8	a55	a46	0
12	0.676454781828095	a8	a56	a48	0
13	0.756934800137949	a8	a56
12	0.757597523295943	a6	a10	a20	0
12	0.757670558092947	a7	a14	a21	0
12	0.757757929350103	a7	a16	a21	1
12	0.758151505756177	a7	a15	a21	3
12	0.75904388277586	a7	a17	a21	2
13	0.759304644051087	a7	a16
13	0.75951157597593	a7	a15
13	0.760055279464734	a7	a14
13	0.760385559046739	a7	a17
13	0.760541096114431	a6	a10
12	0.761397496734109	a8	a56	a44	0
12	0.761437530622837	a8	a57	a43	0
12	0.762088351813912	a6	a10	a22	0
12	0.762190059531221	a7	a14	a23	0
12	0.762503027161343	a7	a17	a23	1
12	0.762622046830534	a7	a16	a23	2
12	0.762657482232043	a7	a15	a23	3
13	0.764080849275866	a7	a14
12	0.764155507068358	a7	a14	a23	4
13	0.764285076208228	a7	a17
13	0.764285346707476	a7	a15
13	0.764308880142066	a7	a16
12	0.764368930975158	a7	a17	a23	5
12	0.76438326743531	a7	a15	a23	6
12	0.764385701928543	a7	a16	a23	7
13	0.765456608452013	a7	a14
12	0.765515577288112	a7	a14	a23	8
13	0.765912670184412	a7	a15
13	0.765918350668624	a7	a16
12	0.765982729489686	a7	a16	a23	9
12	0.765985163982919	a7	a15	a23	10
13	0.767027127086836	a7	a14
13	0.767038758554507	a7	a17
12	0.767089882912409	a7	a14	a23	11
12	0.767116662337977	a7	a17	a23	12
13	0.76754567414556	a7	a16
12	0.767622495932038	a7	a16	a23	13
13	0.76769580122829	a7	a15
12	0.767715818172654	a7	a15	a23	14
13	0.768369885354707	a7	a14
12	0.768411001240427	a7	a14	a23	15
13	0.768525963420896	a7	a17
13	0.769203834536787	a7	a16
13	0.769234400951829	a7	a15
13	0.769780268434618	a7	a14
13	0.769899288103809	a6	a10
12	0.770340201878312	a6	a10	a24	0
12	0.770398629715914	a7	a14	a25	0
13	0.770483025481341	a7	a14
12	0.770510616404653	a7	a14	a25	1
13	0.770569585240752	a7	a14
12	0.770593930173087	a7	a14	a25	2
13	0.770643161036252	a7	a14
12	0.770745409752057	a7	a14	a25	3
13	0.770800591598682	a7	a14
13	0.770975334112994	a6	a10
12	0.771056483887442	a6	a10	a26	0
12	0.771122485703993	a7	a14	a27	0
13	0.771230685403258	a7	a14
12	0.771251784344614	a7	a14	a27	1
13	0.771327524134099	a7	a14
12	0.771345377084478	a7	a14	a27	2
13	0.771421116873963	a7	a14
12	0.771445461806297	a7	a14	a27	3
13	0.771529857571724	a7	a14
13	0.771720289042429	a6	a10
12	0.772151464843998	a6	a10	a22	0
12	0.772210433680097	a7	a14	a23	0
12	0.772290230958304	a7	a16	a23	1
12	0.772301321427479	a7	a15	a23	2
12	0.772442792534267	a7	a17	a23	3
13	0.773409286347946	a7	a14
12	0.773463927196075	a7	a14	a23	4
13	0.773931349896897	a7	a15
13	0.773946227355546	a7	a16
13	0.773993294224726	a7	a17
12	0.774004114194652	a7	a16	a23	5
12	0.774007630684878	a7	a15	a23	6
12	0.77406470602624	a7	a17	a23	7
13	0.774647631906027	a7	a14
12	0.774698485764682	a7	a14	a23	8
13	0.775355528438465	a7	a17
12	0.775415579271556	a7	a17	a23	9
13	0.77552540196631	a7	a16
13	0.775548394402404	a7	a15
12	0.775585452799401	a7	a16	a23	10
12	0.77560033025805	a7	a15	a23	11
13	0.776454566883743	a7	a14
12	0.776530847671724	a7	a14	a23	12
13	0.776774567494317	a7	a17
12	0.776846520294328	a7	a17	a23	13
13	0.777113232553015	a7	a16
13	0.777136224989109	a7	a15
12	0.777178422871822	a7	a15	a23	15
12	0.777185185353026	a7	a16	a23	14
13	0.77805240594263	a7	a17
13	0.778721891581828	a7	a15
13	0.77872757206604	a7	a16
13	0.779107623509706	a7	a14
13	0.779187691287162	a6	a10
13	0.779705967846638	a8	a57
12	0.779776838649656	a6	a10	a28	0
12	0.779847168454178	a7	a14	a29	0
12	0.779929670724867	a7	a17	a29	1
13	0.78003218993992	a7	a14
12	0.780071141831655	a7	a14	a29	2
13	0.78023668737153	a7	a14
12	0.780238039867771	a7	a16	a29	3
13	0.780269958779054	a7	a17
12	0.780275639263265	a7	a14	a29	4
12	0.78032487012643	a7	a15	a29	5
12	0.780364092517414	a7	a17	a29	6
13	0.78040737239712	a7	a16
13	0.780427659840732	a7	a14
13	0.780452004773066	a7	a15
12	0.780486087678334	a7	a14	a29	7
13	0.780492309161042	a7	a17
12	0.780497719146005	a7	a16	a29	8
12	0.780499612640742	a7	a15	a29	9
12	0.780561015970075	a7	a17	a29	10
13	0.780619714306926	a7	a15
13	0.780630263777604	a7	a16
13	0.780656502204676	a7	a14
13	0.780673002658814	a7	a17
12	0.780721151524986	a7	a16	a29	11
12	0.78075442293251	a7	a14	a29	12
12	0.780773898878378	a7	a15	a29	13
12	0.780799055308457	a7	a17	a29	14
13	0.780832597215229	a7	a16
13	0.780875606595686	a7	a15
12	0.780896435037795	a7	a16	a29	15
13	0.780934034433289	a7	a14
13	0.780938091922011	a7	a17
13	0.781017618700971	a7	a16
13	0.781205074679946	a6	a10
13	0.7812413215792	a8	a56
12	0.782738264418523	a8	a56	a42	0
12	0.782958991805022	a6	a10	a30	0
12	0.783020124635107	a7	a14	a31	0
12	0.783283861402064	a7	a16	a31	1
12	0.783342830238163	a7	a17	a31	2
13	0.783346887726885	a7	a14
12	0.78344318545923	a7	a14	a31	3
12	0.783446972448705	a7	a15	a31	4
13	0.783600886520908	a7	a16
12	0.783622526460761	a7	a16	a31	5
13	0.783676896809642	a7	a14
13	0.783681224797612	a7	a15
12	0.783733160653259	a7	a15	a31	6
12	0.783775899534468	a7	a14	a31	7
13	0.783863811790121	a7	a16
12	0.783928731609679	a7	a16	a31	8
13	0.783939822078854	a7	a15
12	0.783957675029233	a7	a15	a31	9
13	0.784051267769096	a7	a14
12	0.784111859600684	a7	a14	a31	10
13	0.784134311038282	a7	a17
13	0.784148376999186	a7	a16
13	0.784162713459339	a7	a15
12	0.784221952794686	a7	a17	a31	11
12	0.784239535245816	a7	a15	a31	12
12	0.78424196973905	a7	a16	a31	13
13	0.784346652948088	a7	a14
13	0.784445114674419	a7	a15
13	0.784459992133068	a7	a17
13	0.784459992133068	a7	a16
12	0.784528969441349	a7	a15	a31	15
13	0.784693973982727	a7	a15
12	0.784862224515083	a7	a14	a31	14
13	0.785167347667009	a7	a14
13	0.785236595474538	a6	a10
13	0.785664525285129	a8	a56
12	0.785768937994919	a8	a56	a45	0
12	0.785840349796433	a6	a10	a32	0
12	0.785926368557348	a7	a14	a33	0
13	0.785975599420514	a7	a14
12	0.785991829375403	a7	a14	a33	1
13	0.786150341934826	a7	a14
12	0.786189293826561	a7	a14	a33	2
13	0.786208769772428	a7	a14
12	0.786223917730326	a7	a15	a33	3
12	0.786256377640105	a7	a14	a33	4
13	0.786273689591987	a7	a14
12	0.786295870530336	a7	a14	a33	5
13	0.786312641483722	a7	a14
12	0.786335904419064	a7	a14	a33	6
13	0.786354298367939	a7	a14
12	0.786370528322829	a7	a14	a33	7
13	0.786387299276215	a7	a14
13	0.786414349201031	a7	a15
12	0.786460875071715	a7	a14	a33	8
12	0.786486842999538	a7	a15	a33	9
13	0.786494957976983	a7	a14
13	0.786511728930369	a7	a15
12	0.78656447628376	a7	a16	a33	10
12	0.78658800971835	a7	a14	a33	11
13	0.786596395195043	a7	a16
12	0.78660423967324	a7	a15	a33	12
13	0.786619387631137	a7	a14
13	0.786627502608582	a7	a15
12	0.786691881429644	a7	a15	a33	13
13	0.786709193381526	a7	a15
12	0.786724341339423	a7	a14	a33	14
13	0.786760047240181	a7	a14
12	0.786778982187552	a7	a15	a33	15
13	0.786798999131916	a7	a15
13	0.787719778572656	a6	a10
13	0.787855569195233	a8	a56
12	0.789477482687206	a8	a56	a50	0
12	0.798330382081019	a6	a10	a34	0
12	0.798432089798328	a7	a14	a35	0
12	0.798520543052476	a7	a17	a35	1
12	0.798760746384843	a7	a16	a35	2
12	0.798769131861536	a7	a15	a35	3
13	0.826022472112253	a7	a15
13	0.826410638533364	a7	a16
13	0.827582982274894	a7	a17
13	0.82858085400136	a7	a14
13	0.828689053700625	a6	a10
12	0.829105081544296	a6	a10	a36	0
12	0.829162427384906	a7	a14	a37	0
12	0.829461329054124	a7	a17	a37	1
12	0.829627956590991	a7	a16	a37	2
12	0.829635260070692	a7	a15	a37	3
13	0.832391647409452	a7	a15
13	0.833789046525452	a7	a14
13	0.834189114913482	a7	a16
13	0.836017148832554	a7	a17
13	0.836389626297272	a6	a10
12	0.842475318382398	a6	a10	a38	0
12	0.842557009155343	a7	a14	a39	0
12	0.842930839116301	a7	a15	a39	1
12	0.842938142596002	a7	a16	a39	2
12	0.843183755913332	a7	a17	a39	3
13	0.846894194100356	a7	a14
13	0.847096798037229	a7	a17
13	0.847832555992227	a7	a16
13	0.84789828730953	a7	a15
13	0.848040028915566	a6	a10
12	0.848194754485514	a6	a10	a40	0
12	0.848252100326124	a7	a14	a41	0
12	0.848376800479527	a7	a17	a41	1
12	0.848714924539728	a7	a16	a41	2
12	0.84871898202845	a7	a15	a41	3
13	0.851036349087446	a7	a17
13	0.8513152338123	a7	a14
13	0.851612512486029	a7	a16
13	0.851752360597328	a7	a15
13	0.851886528224416	a6	a10
12	0.852691533986943	a8	a57	a49	0
13	0.867504613814736	a8	a57
12	0.867957970554653	a8	a57	a54	0
12	0.872044132197373	a8	a58	a53	0
13	0.915533919319706	a8	a58
12	0.915588019169339	a8	a58	a52	0
13	1.03815447450207	a8	a58
12	1.03822913229456	a8	a58	a51	0
13	1.0452978186475	a8	a58
13	1.05084467623029	a8	a57
13	1.05108866655213	a8	a56
13	1.05131101693412	a8	a55
12	1.05322074162614	a8	a55	a46	0
12	1.05329810441111	a8	a56	a48	0
13	1.12130269739578	a8	a56
12	1.12190969770865	a6	a10	a20	0
12	1.12199409347408	a7	a14	a21	0
12	1.12222753432524	a7	a17	a21	1
12	1.12227757668615	a7	a15	a21	2
12	1.1222924541448	a7	a16	a21	3
13	1.12360464599763	a7	a14
13	1.12422435977517	a7	a16
13	1.12428305811202	a7	a15
13	1.12447484207896	a7	a17
13	1.12466554404892	a6	a10
12	1.12544999186858	a8	a56	a44	0
12	1.1254911077543	a8	a57	a43	0
12	1.12607430413334	a6	a10	a22	0
12	1.12613110897545	a7	a14	a23	0
12	1.12625797312284	a7	a17	a23	1
12	1.12636536132436	a7	a15	a23	2
12	1.12638240277699	a7	a16	a23	3
13	1.1274181443982	a7	a14
12	1.12748793320423	a7	a14	a23	4
13	1.12797780734265	a7	a17
12	1.12804002216973	a7	a17	a23	5
13	1.12814578737576	a7	a15
12	1.12821990416975	a7	a15	a23	6
13	1.12823045364043	a7	a16
12	1.1282645365457	a7	a16	a23	7
13	1.12882203549616	a7	a14
12	1.12886964336383	a7	a14	a23	8
13	1.12942984730678	a7	a17
12	1.12949043913836	a7	a17	a23	9
13	1.129801783773	a7	a15
13	1.12983343218503	a7	a16
12	1.12987590056699	a7	a15	a23	10
12	1.12987833506023	a7	a16	a23	11
13	1.13024702553547	a7	a14
12	1.13030978136104	a7	a14	a23	12
13	1.13079045852503	a7	a17
12	1.13083698439571	a7	a17	a23	13
13	1.1313828518785	a7	a16
13	1.13140097532813	a7	a15
12	1.1314412797161	a7	a16	a23	14
12	1.13146048516272	a7	a15	a23	15
13	1.1322511544651	a7	a17
13	1.13299556839603	a7	a16
13	1.1330813166577	a7	a14
13	1.13332368398405	a7	a15
13	1.13366884102471	a6	a10
12	1.13437051607444	a6	a10	a24	0
12	1.134435435894	a7	a14	a25	0
13	1.13453173362634	a7	a14
12	1.13455716055567	a7	a14	a25	1
13	1.13461396539778	a7	a14
12	1.13463452334064	a7	a14	a25	2
13	1.13468862319027	a7	a14
12	1.13470539414366	a7	a14	a25	3
13	1.13476544497675	a7	a14
13	1.13507706011063	a6	a10
12	1.13518958779787	a6	a10	a26	0
12	1.13525613061292	a7	a14	a27	0
13	1.13537244528963	a7	a14
12	1.13539192123549	a7	a14	a27	1
13	1.13546712002648	a7	a14
12	1.13548497297686	a7	a14	a27	2
13	1.1355666637498	a7	a14
12	1.13558397570169	a7	a14	a27	3
13	1.13566296148215	a7	a14
13	1.13597728160851	a6	a10
12	1.13648149220709	a6	a10	a22	0
12	1.13653992004469	a7	a14	a23	0
12	1.13662945529583	a7	a16	a23	1
12	1.13663297178606	a7	a15	a23	2
12	1.13772389525389	a7	a17	a23	3
13	1.13826435275171	a7	a16
13	1.13827868921187	a7	a15
12	1.13834225653519	a7	a16	a23	4
12	1.13834360903143	a7	a15	a23	5
13	1.1383771509382	a7	a14
12	1.13845884171114	a7	a14	a23	6
13	1.13907801449018	a7	a17
12	1.1391483442947	a7	a17	a23	7
13	1.13959872554289	a7	a14
12	1.13964038242711	a7	a14	a23	8
13	1.1398105264542	a7	a16
12	1.13988031526023	a7	a16	a23	9
13	1.13991088167527	a7	a15
12	1.13993360361212	a7	a15	a23	10
13	1.14031744204526	a7	a17
12	1.14037424688737	a7	a17	a23	11
13	1.14097069772957	a7	a14
12	1.14101614160326	a7	a14	a23	12
13	1.14137130711609	a7	a16
12	1.14144217791911	a7	a16	a23	13
13	1.14146787534769	a7	a15
12	1.14149005628603	a7	a15	a23	14
13	1.14169266022291	a7	a17
12	1.14175162905901	a7	a17	a23	15
13	1.14212951650869	a7	a14
13	1.14297915464716	a7	a16
13	1.14300593407273	a7	a15
13	1.14322260397051	a7	a17
13	1.14336461607579	a6	a10
13	1.14378280791345	a8	a57
12	1.14382879278563	a6	a10	a28	0
12	1.14391913953452	a7	a14	a29	0
13	1.14410578401575	a7	a14
12	1.14412417796463	a7	a14	a29	1
13	1.14423778764885	a7	a14
12	1.14425780459322	a7	a14	a29	2
13	1.14437628326391	a7	a14
12	1.1443925132188	a7	a14	a29	3
12	1.14444742456618	a7	a17	a29	4
13	1.14448394196468	a7	a14
12	1.14452018886393	a7	a14	a29	5
12	1.1445699607256	a7	a15	a29	6
12	1.14457293621733	a7	a16	a29	7
13	1.14462676556771	a7	a14
12	1.14468573440381	a7	a14	a29	8
13	1.1447530887166	a7	a17
13	1.14476390868653	a7	a16
13	1.14476526118277	a7	a15
13	1.14477067116773	a7	a14
12	1.1448631819106	a7	a14	a29	10
12	1.14486345240985	a7	a17	a29	9
12	1.1448856333482	a7	a16	a29	12
12	1.14488806784143	a7	a15	a29	11
13	1.14495947964295	a7	a14
13	1.14500816950762	a7	a15
13	1.14501276799484	a7	a17
12	1.14501898947754	a7	a14	a29	13
13	1.14501980097529	a7	a16
12	1.14508823728507	a7	a15	a29	14
13	1.14511095922192	a7	a14
12	1.14511447571214	a7	a17	a29	15
13	1.14519373199186	a7	a15
13	1.1452675782866	a7	a17
13	1.14540580340241	a6	a10
13	1.14544421429565	a8	a56
12	1.14665280493644	a8	a56	a42	0
12	1.14677398859961	a6	a10	a30	0
12	1.14685243338158	a7	a14	a31	0
13	1.14718081946885	a7	a14
12	1.1472103038869	a7	a16	a31	2
12	1.14722761583878	a7	a17	a31	1
12	1.1472316733275	a7	a14	a31	3
12	1.14727387121021	a7	a15	a31	4
13	1.14742372779369	a7	a14
12	1.14746808967039	a7	a14	a31	5
13	1.14752976349897	a7	a15
13	1.14756573989898	a7	a17
12	1.14759684731252	a7	a15	a31	6
13	1.14764634867493	a7	a16
13	1.14764661917418	a7	a14
12	1.1476506766629	a7	a17	a31	7
12	1.1477237114599	a7	a16	a31	8
12	1.14774832689149	a7	a14	a31	9
13	1.14778836078022	a7	a15
13	1.14783623914714	a7	a17
12	1.14785760858774	a7	a15	a31	10
12	1.14791684792309	a7	a17	a31	11
13	1.14792225790806	a7	a16
13	1.14792523339978	a7	a14
12	1.14799285821183	a7	a14	a31	12
12	1.14800557167649	a7	a16	a31	13
13	1.14803397409755	a7	a15
12	1.14807130299379	a7	a15	a31	14
13	1.14811864036222	a7	a17
13	1.14816976472012	a7	a14
12	1.14817869119531	a7	a17	a31	15
13	1.14821385609757	a7	a16
13	1.14827363643142	a7	a15
13	1.14840645156226	a7	a17
13	1.14853656170063	a6	a10
13	1.14882220890669	a8	a56
12	1.14891742464204	a8	a56	a45	0
12	1.14899208243453	a6	a10	a32	0
12	1.14909379015184	a7	a14	a33	0
13	1.14914572600749	a7	a14
12	1.14916249696087	a7	a14	a33	1
13	1.14919387487366	a7	a14
12	1.14963235415493	a7	a17	a33	3
12	1.1496518301008	a7	a16	a33	4
12	1.14965751058501	a7	a15	a33	5
13	1.14971891391434	a7	a16
12	1.14972080740908	a7	a14	a33	2
13	1.14972188940607	a7	a15
13	1.14972756989028	a7	a17
12	1.14974325884667	a7	a16	a33	6
13	1.14979411270533	a7	a16
12	1.14980195718353	a7	a15	a33	7
13	1.14980195718353	a7	a14
12	1.14980601467225	a7	a17	a33	8
13	1.14984280257	a7	a17
13	1.14984361406774	a7	a15
12	1.1498652540076	a7	a14	a33	9
12	1.14988391845572	a7	a16	a33	10
12	1.14991123887978	a7	a15	a33	11
13	1.14991232087678	a7	a14
13	1.14992936232941	a7	a16
13	1.14993341981813	a7	a15
12	1.14998292118055	a7	a17	a33	12
13	1.15000780711138	a7	a17
12	1.15001889758055	a7	a14	a33	13
12	1.15003485703619	a7	a16	a33	14
13	1.15005379198356	a7	a16
13	1.15006325945725	a7	a14
12	1.1500708334362	a7	a15	a33	15
13	1.15015468820313	a7	a15
13	1.15034295567985	a6	a10
13	1.15046359834453	a8	a56
12	1.15318806677201	a8	a56	a50	0
12	1.16299745150732	a6	a10	a34	0
12	1.16309915922462	a7	a14	a35	0
12	1.16330392715548	a7	a16	a35	1
12	1.16331123063518	a7	a15	a35	2
12	1.16429936438871	a7	a17	a35	3
13	1.18590603283407	a7	a15
13	1.18811141320433	a7	a16
13	1.18968112034141	a7	a14
13	1.19119889162284	a7	a17
13	1.19137552763189	a6	a10
12	1.19178830948458	a6	a10	a36	0
12	1.19184781931918	a7	a14	a37	0
12	1.19191598512971	a7	a15	a37	1
12	1.19227169164104	a7	a16	a37	2
12	1.1924399421734	a7	a17	a37	3
13	1.19521255946705	a7	a16
13	1.19601323724161	a7	a17
13	1.19623585812284	a7	a14
13	1.19757212440876	a7	a15
13	1.19784370565391	a6	a10
12	1.20333862738105	a6	a10	a38	0
12	1.20340787518858	a7	a14	a39	0
12	1.20353284584123	a7	a15	a39	1
12	1.20354069031943	a7	a16	a39	2
12	1.20363049606982	a7	a17	a39	3
13	1.20737501716211	a7	a14
13	1.20819435938479	a7	a16
13	1.20827064017277	a7	a17
13	1.20838235636226	a7	a15
13	1.20852301597131	a6	a10
12	1.2086566425999	a6	a10	a40	0
12	1.20872318541495	a7	a14	a41	0
12	1.20914597573982	a7	a17	a41	1
12	1.20920278058194	a7	a16	a41	2
12	1.20922036303307	a7	a15	a41	3
13	1.21028342507834	a7	a14
13	1.21168650467855	a7	a17
13	1.21223994614029	a7	a16
13	1.21228890650421	a7	a15
13	1.21243064811024	a6	a10
12	1.2130847152923	a8	a57	a49	0
13	1.22568835726111	a8	a57
12	1.22598644743258	a8	a57	a54	0
12	1.2299990332798	a8	a58	a53	0
13	1.25517656230013	a8	a58
12	1.25523066214976	a8	a58	a52	0
13	1.26745993315912	a8	a58
12	1.26754000093658	a8	a58	a51	0
13	1.27467793509705	a8	a58
13	1.27991858753092	a8	a57
13	1.28020856272495	a8	a56
13	1.28051963686034	a8	a55
12	1.28257272615388	a8	a55	a46	0
12	1.28268254884863	a8	a56	a48	0
13	1.35651585963267	a8	a56
12	1.35749019792455	a6	a10	a20	0
12	1.35755187175313	a7	a14	a21	0
12	1.35781587901933	a7	a15	a21	1
12	1.35782101850505	a7	a16	a21	2
13	1.35916675226465	a7	a15
12	1.35923221308271	a7	a15	a21	3
13	1.35959441157599	a7	a16
13	1.35971965272789	a7	a14
13	1.36092121038822	a7	a15
13	1.3610716079702	a6	a10
12	1.36216117894179	a8	a56	a44	0
12	1.36220932780797	a8	a57	a43	0
12	1.36277899922459	a6	a10	a22	0
12	1.36283905005768	a7	a14	a23	0
12	1.36318528909533	a7	a15	a23	1
12	1.3632266754803	a7	a16	a23	2
12	1.36325102041263	a7	a17	a23	3
13	1.36420561225939	a7	a14
12	1.36426512209399	a7	a14	a23	4
13	1.36462677958878	a7	a17
12	1.36470522437075	a7	a17	a23	5
13	1.3648745569001	a7	a16
12	1.36493027974522	a7	a16	a23	6
13	1.36495056718883	a7	a15
12	1.3649700431347	a7	a15	a23	7
13	1.36578154087918	a7	a14
12	1.36582698475287	a7	a14	a23	8
13	1.36645373151086	a7	a16
13	1.36647672394695	a7	a15
12	1.36653785677704	a7	a15	a23	9
12	1.36654029127027	a7	a16	a23	10
13	1.36677778961016	a7	a17
12	1.36685731638912	a7	a17	a23	11
13	1.3672941726749	a7	a14
12	1.36734232154107	a7	a14	a23	12
13	1.36803696361035	a7	a15
13	1.36807402200734	a7	a16
12	1.36810350642539	a7	a15	a23	13
12	1.36812325287051	a7	a16	a23	14
13	1.36843432700589	a7	a17
12	1.36850411581192	a7	a17	a23	15
13	1.36867966982398	a7	a14
13	1.36963940115645	a7	a15
13	1.36965860660307	a7	a16
13	1.36994479480763	a7	a17
13	1.37010790585427	a6	a10
12	1.37148745201989	a6	a10	a24	0
12	1.37155615882892	a7	a14	a25	0
13	1.37165678454924	a7	a14
12	1.37168437547255	a7	a14	a25	1
13	1.3717363113282	a7	a14
12	1.37177418122294	a7	a14	a25	2
12	1.37182503508159	a7	a15	a25	3
13	1.37182774007407	a7	a14
13	1.37198949862447	a7	a15
13	1.37213015823352	a6	a10
12	1.37225891587564	a6	a10	a26	0
12	1.37233032767716	a7	a14	a27	0
13	1.37244393736139	a7	a14
12	1.37247044628771	a7	a14	a27	1
13	1.37255700604712	a7	a14
12	1.37261056489825	a7	a14	a27	2
12	1.37263355733435	a7	a17	a27	3
13	1.37269658365917	a7	a14
13	1.37283048078701	a7	a17
13	1.37312126747878	a6	a10
12	1.37357949320517	a6	a10	a22	0
12	1.37364441302472	a7	a14	a23	0
12	1.37399579154809	a7	a17	a23	1
12	1.37407477732855	a7	a16	a23	2
12	1.37408749079321	a7	a15	a23	3
13	1.37535369777385	a7	a17
12	1.37541753559642	a7	a17	a23	4
13	1.37563474649269	a7	a15
13	1.37563663998743	a7	a16
12	1.37570940428518	a7	a15	a23	5
12	1.37571346177391	a7	a16	a23	6
13	1.37595123061304	a7	a14
12	1.3760161504326	a7	a14	a23	7
13	1.37662125725074	a7	a17
12	1.37669158705526	a7	a17	a23	8
13	1.37724827450797	a7	a16
13	1.3772669389561	a7	a15
12	1.37732076830648	a7	a16	a23	9
12	1.37732320279971	a7	a15	a23	10
13	1.37744871445086	a7	a14
12	1.37752824122982	a7	a14	a23	11
13	1.37792506362687	a7	a17
12	1.37798295046598	a7	a17	a23	12
13	1.3788328591037	a7	a16
13	1.37884611356686	a7	a15
13	1.37885855653228	a7	a14
12	1.3789142793774	a7	a14	a23	13
12	1.37893997680597	a7	a16	a23	14
12	1.37894403429469	a7	a15	a23	15
13	1.37968493173541	a7	a17
13	1.38037443431897	a7	a14
13	1.38045666609041	a7	a15
13	1.38046072357913	a7	a16
13	1.38062329362728	a6	a10
13	1.38116699711608	a8	a57
12	1.38122867094466	a6	a10	a28	0
12	1.38134228062889	a7	a14	a29	0
13	1.38147698925447	a7	a14
12	1.38150079318831	a7	a14	a29	1
12	1.38161142738081	a7	a17	a29	2
13	1.38185541770265	a7	a17
12	1.38188409062296	a7	a17	a29	3
12	1.38193683797635	a7	a15	a29	4
12	1.38194955144101	a7	a16	a29	5
13	1.38199174932372	a7	a17
13	1.38203908669215	a7	a14
12	1.38205721014178	a7	a17	a29	6
13	1.38207289909817	a7	a16
13	1.38210076052073	a7	a15
12	1.38211320348615	a7	a14	a29	7
12	1.38214728639142	a7	a15	a29	9
12	1.38215080288164	a7	a16	a29	8
13	1.38223384615083	a7	a14
13	1.38225115810271	a7	a15
13	1.38227036354933	a7	a16
12	1.38234718533581	a7	a16	a29	11
12	1.38235016082754	a7	a14	a29	10
12	1.38235016082754	a7	a15	a29	12
13	1.38244997505011	a7	a16
13	1.38245186854485	a7	a15
13	1.38246106551928	a7	a14
12	1.38246945099598	a7	a16	a29	13
12	1.3824740494832	a7	a15	a29	14
12	1.38251083738095	a7	a14	a29	15
13	1.38255871574787	a7	a16
13	1.38258170818396	a7	a15
13	1.38261362709525	a7	a14
13	1.38329663769685	a7	a17
13	1.38348192968184	a6	a10
13	1.38351925857809	a8	a56
12	1.38505515330915	a8	a56	a42	0
12	1.38539706435882	a6	a10	a30	0
12	1.38546523016936	a7	a14	a31	0
13	1.38574276239797	a7	a14
12	1.38576007434986	a7	a14	a31	1
12	1.38581336270174	a7	a17	a31	2
13	1.38594184984462	a7	a14
12	1.38599216270478	a7	a14	a31	3
12	1.38604031157095	a7	a15	a31	4
12	1.3860546480311	a7	a16	a31	5
13	1.38613579780555	a7	a17
13	1.38619287314691	a7	a14
12	1.38620017662661	a7	a17	a31	6
12	1.38624318600707	a7	a14	a31	7
13	1.38629593336046	a7	a16
13	1.38632812277099	a7	a15
12	1.38637248464769	a7	a15	a31	9
12	1.38637654213641	a7	a16	a31	8
13	1.38639114909581	a7	a17
13	1.38641089554093	a7	a14
12	1.38647338086726	a7	a17	a31	10
12	1.38648393033793	a7	a14	a31	11
13	1.3865769820793	a7	a15
13	1.38659348253344	a7	a16
13	1.38665218087029	a7	a14
12	1.38665407436503	a7	a16	a31	13
12	1.38665650885826	a7	a15	a31	12
13	1.38667084531841	a7	a17
12	1.38673387164323	a7	a14	a31	14
12	1.38675632308083	a7	a17	a31	15
13	1.38685884229589	a7	a15
13	1.38687426075303	a7	a16
13	1.38691348314401	a7	a14
13	1.38693918057259	a7	a17
13	1.38713799751999	a6	a10
13	1.38744149767642	a8	a56
12	1.38753238542381	a8	a56	a45	0
12	1.38759622324637	a6	a10	a32	0
12	1.38766655305089	a7	a14	a33	0
13	1.38774662082835	a7	a14
12	1.38775933429301	a7	a16	a33	1
12	1.38778503172159	a7	a14	a33	2
13	1.38781911462686	a7	a14
12	1.38783047559528	a7	a15	a33	3
13	1.38783345108701	a7	a16
13	1.38785806651859	a7	a15
12	1.38789728890958	a7	a16	a33	4
12	1.38792082234417	a7	a14	a33	5
13	1.38792650282838	a7	a16
12	1.38793380630808	a7	a15	a33	6
13	1.38795165925846	a7	a14
13	1.38798790615771	a7	a15
12	1.38799602113515	a7	a14	a33	7
12	1.38801252158929	a7	a16	a33	8
13	1.38802956304193	a7	a14
12	1.38804687499381	a7	a15	a33	9
12	1.38806959693065	a7	a14	a33	10
13	1.38807365441938	a7	a16
13	1.3880777119081	a7	a15
13	1.38809448286148	a7	a14
12	1.3881512877036	a7	a15	a33	11
13	1.38818645260586	a7	a15
12	1.3881883461006	a7	a16	a33	12
12	1.3882097155412	a7	a14	a33	13
13	1.38822297000436	a7	a16
13	1.38824704443745	a7	a14
12	1.38827815185099	a7	a17	a33	14
12	1.38830547227505	a7	a15	a33	15
13	1.38833657968859	a7	a17
13	1.38833685018784	a7	a15
13	1.38852890465403	a6	a10
13	1.38864359633525	a8	a56
12	1.39072968653707	a8	a56	a50	0
12	1.40190130548612	a6	a10	a34	0
12	1.40198570125154	a7	a14	a35	0
12	1.40222779807865	a7	a17	a35	1
12	1.40231354634032	a7	a15	a35	2
12	1.40235601472228	a7	a16	a35	3
13	1.42268295122458	a7	a16
13	1.42281522535693	a7	a15
13	1.43065510506638	a7	a17
13	1.43103569750855	a7	a14
13	1.43112658525593	a6	a10
12	1.43158156499134	a6	a10	a36	0
12	1.43166704275375	a7	a14	a37	0
12	1.43202978224554	a7	a16	a37	1
12	1.43209794805608	a7	a17	a37	2
12	1.43211769450119	a7	a15	a37	3
13	1.43467391239631	a7	a15
13	1.43555763344005	a7	a17
13	1.43614867429729	a7	a14
13	1.43778871123889	a7	a16
13	1.43795939626448	a6	a10
12	1.44525908897535	a6	a10	a38	0
12	1.44534510773626	a7	a14	a39	0
12	1.44577763603407	a7	a17	a39	1
12	1.44591423815439	a7	a15	a39	2
12	1.44595832953184	a7	a16	a39	3
13	1.44930765122257	a7	a17
13	1.45028496500618	a7	a14
13	1.45061335109345	a7	a15
13	1.45070613233557	a7	a16
13	1.45082001251904	a6	a10
12	1.4511348736439	a6	a10	a40	0
12	1.45119762946948	a7	a14	a41	0
12	1.45141321737026	a7	a17	a41	1
12	1.45147137470861	a7	a15	a41	2
12	1.45149707213719	a7	a16	a41	3
13	1.45296236656448	a7	a14
13	1.45376818382475	a7	a17
13	1.45437815962935	a7	a15
13	1.45460510849856	a7	a16
13	1.45476930154219	a6	a10
12	1.45553860140396	a8	a57	a49	0
13	1.47077366005889	a8	a57
12	1.4710511922875	a8	a57	a54	0
12	1.47656180297104	a8	a58	a53	0
13	1.50684798079213	a8	a58
12	1.50702272330645	a8	a58	a52	0
13	1.51955982246021	a8	a58
12	1.51960797132639	a8	a58	a51	0
13	1.5265046201575	a8	a58
13	1.53189026018838	a8	a57
13	1.53216562842301	a8	a56
13	1.53245289862456	a8	a55
12	1.53403153223683	a8	a55	a47	0
13	1.57055542272052	a8	a55
12	1.5706749833882	a8	a55	a46	0
12	1.57080590502431	a8	a56	a48	0
13	1.63916972101054	a8	a56
12	1.64025658698965	a6	a10	a20	0
12	1.64031988381372	a7	a14	a21	0
12	1.64044187897464	a7	a17	a21	1
12	1.6405949815491	a7	a16	a21	2
12	1.64063420394008	a7	a15	a21	3
13	1.64153226144398	a7	a14
13	1.6418008671974	a7	a17
13	1.64229263483056	a7	a16
13	1.64231021728169	a7	a15
13	1.64243681092983	a6	a10
12	1.64380337313154	a8	a56	a44	0
12	1.64384719400974	a8	a57	a43	0
12	1.64428215680078	a6	a10	a22	0
12	1.64436330657523	a7	a14	a23	0
12	1.64444607934517	a7	a15	a23	1
12	1.6446108133873	a7	a17	a23	2
12	1.64486616467756	a7	a16	a23	3
13	1.64531059494229	a7	a14
12	1.64536577678892	a7	a14	a23	4
13	1.64615942158302	a7	a15
12	1.64623462037401	a7	a15	a23	5
13	1.64625653081311	a7	a17
13	1.64629791719808	a7	a14
12	1.64633362309884	a7	a14	a23	6
12	1.64636635350786	a7	a17	a23	7
13	1.64650376712593	a7	a16
12	1.64656219496353	a7	a16	a23	8
13	1.64722951660874	a7	a14
12	1.64728523945387	a7	a14	a23	9
13	1.64766096290956	a7	a17
12	1.64772209573965	a7	a17	a23	10
13	1.64783597592312	a7	a15
12	1.64790035474418	a7	a15	a23	11
13	1.6480672527803	a7	a16
12	1.64808943371865	a7	a16	a23	12
13	1.64819357592919	a7	a14
12	1.64823144582393	a7	a14	a23	13
13	1.64916926671731	a7	a17
13	1.64921281709626	a7	a14
12	1.64923202254288	a7	a17	a23	14
12	1.64925285098499	a7	a14	a23	15
13	1.64941893752336	a7	a15
13	1.64957717958353	a7	a16
13	1.65014495750542	a7	a14
13	1.65064835660625	a7	a17
13	1.65079145070853	a6	a10
12	1.65118583861235	a6	a10	a24	0
12	1.65124264345446	a7	a14	a25	0
13	1.65130918626951	a7	a14
12	1.65134489217027	a7	a14	a25	1
13	1.65139087704245	a7	a14
12	1.65143361592366	a7	a14	a25	2
13	1.6514725678154	a7	a14
12	1.65149528975224	a7	a15	a25	3
13	1.6516635402846	a7	a15
13	1.65180906888011	a6	a10
12	1.65194161351171	a6	a10	a26	0
12	1.65199950035082	a7	a14	a27	0
13	1.65208497811323	a7	a14
12	1.65211365103354	a7	a14	a27	1
13	1.65217965285009	a7	a14
12	1.65221427675386	a7	a14	a27	2
12	1.65225836813131	a7	a17	a27	3
13	1.65227270459146	a7	a14
13	1.65251858840804	a7	a17
13	1.6526492395449	a6	a10
12	1.65295977268179	a6	a10	a22	0
12	1.65305336542165	a7	a14	a23	0
12	1.65312315422768	a7	a15	a23	1
12	1.65330520022169	a7	a17	a23	2
12	1.65356379750293	a7	a16	a23	3
13	1.65386540416463	a7	a14
12	1.65392437300073	a7	a14	a23	4
13	1.65460684260384	a7	a17
12	1.65467068042641	a7	a17	a23	5
13	1.65470990281739	a7	a14
12	1.65475372369559	a7	a14	a23	6
13	1.65479483958131	a7	a15
12	1.65487544835726	a7	a15	a23	7
13	1.65504559238436	a7	a16
12	1.65507156031218	a7	a16	a23	8
13	1.6555316795333	a7	a14
12	1.65557117242353	a7	a14	a23	9
13	1.65596907681758	a7	a17
12	1.65603075064616	a7	a17	a23	10
13	1.6563702272026	a7	a14
13	1.65639673612892	a7	a15
12	1.65641188408682	a7	a14	a23	11
12	1.6564584099575	a7	a15	a23	12
13	1.65651440330187	a7	a16
12	1.65653442024624	a7	a16	a23	13
13	1.65723609529596	a7	a17
12	1.65729452313357	a7	a17	a23	14
13	1.6573564674614	a7	a14
12	1.65740948531404	a7	a14	a23	15
13	1.65793641784945	a7	a15
13	1.65803244508255	a7	a16
13	1.65819014614423	a7	a14
13	1.65854260666458	a7	a17
13	1.65871004569919	a6	a10
13	1.65895187202705	a8	a57
12	1.65900002089322	a6	a10	a28	0
12	1.65906115372331	a7	a14	a29	0
13	1.65916123844513	a7	a14
12	1.65921155130528	a7	a14	a29	1
13	1.65932245599703	a7	a14
12	1.65933922695042	a7	a14	a29	2
13	1.65942740970532	a7	a14
12	1.65946149261059	a7	a14	a29	3
12	1.65947772256547	a7	a15	a29	4
12	1.65950882997901	a7	a16	a29	5
13	1.65954372438203	a7	a14
12	1.65960025872489	a7	a17	a29	6
12	1.65960485721211	a7	a14	a29	7
13	1.65966896553392	a7	a16
13	1.6596795150046	a7	a15
13	1.65970169594295	a7	a14
12	1.65975877128431	a7	a16	a29	8
12	1.65977364874296	a7	a14	a29	9
12	1.65979528868282	a7	a15	a29	10
13	1.65981774012041	a7	a17
13	1.65985993800313	a7	a16
13	1.65986670048433	a7	a14
12	1.65989564390388	a7	a17	a29	11
12	1.65993648929036	a7	a14	a29	12
12	1.659952448746	a7	a16	a29	13
13	1.65999978611443	a7	a15
13	1.66003982000315	a7	a14
13	1.66004604148586	a7	a16
13	1.66005794345278	a7	a17
12	1.66011555979264	a7	a15	a29	14
12	1.66015721667686	a7	a14	a29	15
13	1.66021023452949	a7	a15
13	1.66026217038514	a7	a14
13	1.66038768203629	a6	a10
13	1.66041960094757	a8	a56
12	1.66140530020787	a8	a56	a42	0
12	1.66155407479436	a6	a10	a30	0
12	1.66162386360038	a7	a14	a31	0
12	1.66168770142295	a7	a15	a31	1
12	1.66170095588611	a7	a16	a31	2
13	1.66188354287862	a7	a14
12	1.66195495468013	a7	a14	a31	3
13	1.66199471806961	a7	a16
12	1.66205693289669	a7	a16	a31	4
13	1.66208587631624	a7	a15
12	1.66213510717941	a7	a15	a31	5
13	1.66214105816287	a7	a14
12	1.66223356890574	a7	a14	a31	6
13	1.6622473643674	a7	a16
12	1.66231066119147	a7	a17	a31	7
12	1.66231931716741	a7	a16	a31	8
13	1.66232445665312	a7	a15
12	1.66236827753132	a7	a15	a31	9
13	1.66242291837945	a7	a14
12	1.66248675620202	a7	a14	a31	10
13	1.66250433865315	a7	a16
12	1.66256114349526	a7	a16	a31	11
13	1.6625635779885	a7	a15
12	1.66258034894188	a7	a15	a31	12
13	1.66259630839752	a7	a17
13	1.66265933472234	a7	a14
12	1.66266393320956	a7	a17	a31	13
12	1.66271505756747	a7	a14	a31	14
13	1.66276347693289	a7	a16
13	1.66279674834041	a7	a15
12	1.66282920825019	a7	a15	a31	15
13	1.66284246271335	a7	a17
13	1.66290657103516	a7	a14
13	1.66299313079458	a7	a15
13	1.66313487240061	a6	a10
13	1.66341240462922	a8	a56
12	1.66348652142322	a8	a56	a45	0
12	1.66354170326985	a6	a10	a32	0
12	1.66359850811196	a7	a14	a33	0
13	1.66365639495107	a7	a14
12	1.66369696983829	a7	a14	a33	1
13	1.66372618375709	a7	a14
12	1.66377487362176	a7	a14	a33	2
13	1.66379272657214	a7	a14
12	1.66379840705635	a7	a16	a33	3
12	1.66383303096012	a7	a17	a33	4
12	1.66385656439471	a7	a14	a33	5
12	1.6638868603105	a7	a15	a33	6
13	1.6638936227917	a7	a16
13	1.66390363126389	a7	a14
13	1.66391472173306	a7	a17
13	1.66391932022028	a7	a15
12	1.66399965849698	a7	a17	a33	7
12	1.66402319193157	a7	a14	a33	8
12	1.66403861038872	a7	a16	a33	9
12	1.66404212687894	a7	a15	a33	10
13	1.66404293837669	a7	a17
13	1.66404699586541	a7	a14
13	1.66406349631955	a7	a16
13	1.66408757075263	a7	a15
12	1.66414302309851	a7	a17	a33	11
12	1.66414924458122	a7	a14	a33	12
12	1.66416358104137	a7	a16	a33	13
12	1.6641654745361	a7	a15	a33	14
13	1.66418197499024	a7	a17
13	1.66418224548949	a7	a14
13	1.66418576197972	a7	a16
13	1.66418927846994	a7	a15
12	1.66425122279777	a7	a17	a33	15
13	1.66428855169402	a7	a17
13	1.66461450328805	a6	a10
13	1.66471188301739	a8	a56
12	1.6663873553605	a8	a56	a50	0
12	1.67513746504001	a6	a10	a34	0
12	1.67520508985205	a7	a14	a35	0
12	1.67566953706114	a7	a17	a35	1
12	1.67568170952731	a7	a15	a35	2
12	1.6756906360025	a7	a16	a35	3
13	1.70261261467422	a7	a15
13	1.70476443619334	a7	a16
13	1.70657867465076	a7	a14
13	1.70721678237717	a7	a17
13	1.70743182927946	a6	a10
12	1.70801773065097	a6	a10	a36	0
12	1.70808643746001	a7	a14	a37	0
12	1.70861282899693	a7	a15	a37	1
12	1.70862608346009	a7	a16	a37	2
12	1.70871102022401	a7	a17	a37	3
13	1.71169408593273	a7	a17
13	1.71174493979138	a7	a16
13	1.71246690228473	a7	a14
13	1.71423704936469	a7	a15
13	1.7143831189587	a6	a10
12	1.72188947309517	a6	a10	a38	0
12	1.72198847581999	a7	a14	a39	0
12	1.72210938898392	a7	a17	a39	1
12	1.72217052181401	a7	a16	a39	2
12	1.72249214542007	a7	a15	a39	3
13	1.725958322786	a7	a14
13	1.72703680328842	a7	a17
13	1.72712660903881	a7	a16
13	1.72723507923732	a7	a15
13	1.72732975397418	a6	a10
12	1.72761486018174	a6	a10	a40	0
12	1.72767382901784	a7	a14	a41	0
12	1.72795920572465	a7	a17	a41	1
12	1.72804224899384	a7	a15	a41	3
12	1.72804522448557	a7	a16	a41	2
13	1.72954460181812	a7	a14
13	1.73089845055517	a7	a16
13	1.7310631845973	a7	a15
13	1.73175972016131	a7	a17
13	1.73191092924103	a6	a10
12	1.73267265512386	a8	a57	a49	0
13	1.74717249682228	a8	a57
12	1.74749871891556	a8	a57	a54	0
12	1.75150535377932	a8	a58	a53	0
13	1.78148640844849	a8	a58
12	1.78153942630113	a8	a58	a52	0
13	1.79693462051097	a8	a58
12	1.79698655636662	a8	a58	a51	0
13	1.80576046997997	a8	a58
13	1.81122076780334	a8	a57
13	1.81142472423646	a8	a56
13	1.81166546856732	a8	a55
12	1.8131694443871	a8	a55	a46	0
12	1.81325005316305	a8	a56	a48	0
13	1.90110442197627	a8	a56
12	1.90190618174782	a6	a10	a20	0
12	1.90198029854181	a7	a14	a21	0
12	1.90219209945312	a7	a17	a21	1
12	1.90221914937794	a7	a16	a21	2
12	1.90230056965163	a7	a15	a21	3
13	1.90320566013598	a7	a14
13	1.9037106822323	a7	a17
13	1.90379643049396	a7	a15
13	1.90381130795261	a7	a16
13	1.90396468102632	a6	a10
12	1.90472424291516	a8	a56	a44	0
12	1.90476644079787	a8	a57	a43	0
12	1.90539291705661	a6	a10	a22	0
12	1.90546378785963	a7	a14	a23	0
12	1.90588738968225	a7	a15	a23	1
12	1.90589523416045	a7	a16	a23	2
13	1.90673621632298	a7	a14
12	1.90680681662675	a7	a17	a23	3
12	1.9068216940854	a7	a14	a23	4
13	1.90757990347799	a7	a16
12	1.90765131527951	a7	a16	a23	5
13	1.9076883736765	a7	a15
12	1.90770730862388	a7	a15	a23	6
13	1.90827508654577	a7	a17
12	1.90833026839239	a7	a17	a23	7
13	1.90852638034731	a7	a14
12	1.908571824221	a7	a14	a23	8
13	1.90925808081358	a7	a16
12	1.90932786961961	a7	a16	a23	9
13	1.9093367960948	a7	a15
12	1.90935410804668	a7	a15	a23	10
13	1.90951776009182	a7	a17
12	1.90957456493393	a7	a17	a23	11
13	1.90957970441965	a7	a14
12	1.90961757431439	a7	a14	a23	12
13	1.92395132947444	a7	a14
12	1.92396864142632	a7	a14	a23	13
13	1.92419072130906	a7	a17
12	1.92424914914667	a7	a17	a23	14
13	1.92480935308961	a7	a14
12	1.92484343599488	a7	a14	a23	15
13	1.92526920181148	a7	a15
13	1.92535549107164	a7	a16
13	1.92568712314989	a7	a17
13	1.92574041150178	a7	a14
13	1.92587836611834	a6	a10
12	1.92627978700261	a6	a10	a24	0
12	1.92635282179961	a7	a14	a25	0
13	1.92642693859361	a7	a14
12	1.92645128352594	a7	a14	a25	1
13	1.92648915342069	a7	a14
12	1.92650538337558	a7	a14	a25	2
13	1.92654163027483	a7	a14
12	1.92656272921619	a7	a14	a25	3
13	1.92660925508687	a7	a14
13	1.92681267052149	a6	a10
12	1.92689273829894	a6	a10	a26	0
12	1.92695170713504	a7	a14	a27	0
13	1.92703015191701	a7	a14
12	1.92719786145087	a7	a14	a27	1
13	1.92725737128546	a7	a14
12	1.92727360124035	a7	a14	a27	2
13	1.92733311107495	a7	a14
12	1.92739316190804	a7	a14	a27	3
13	1.92745375373963	a7	a14
13	1.92765500518026	a6	a10
12	1.92793253740887	a6	a10	a22	0
12	1.927987178257	a7	a14	a23	0
12	1.92830528537284	a7	a15	a23	1
12	1.92831583484352	a7	a16	a23	2
13	1.92877974105411	a7	a14
12	1.92883384090375	a7	a14	a23	3
13	1.92965128963169	a7	a14
12	1.92966751958658	a7	a14	a23	4
13	1.9298563280618	a7	a15
13	1.92990366543022	a7	a16
12	1.92992178887985	a7	a15	a23	5
12	1.92994153532497	a7	a16	a23	6
12	1.93020391959568	a7	a17	a23	7
13	1.93043790144534	a7	a14
12	1.93048550931302	a7	a14	a23	8
13	1.93126346515073	a7	a14
12	1.93127969510562	a7	a14	a23	9
13	1.93140682975225	a7	a15
13	1.93143036318684	a7	a16
12	1.93147093807407	a7	a16	a23	11
12	1.9314733725673	a7	a15	a23	10
13	1.93152341492821	a7	a17
12	1.93158562975529	a7	a17	a23	12
13	1.9321642276471	a7	a14
12	1.93220426153583	a7	a14	a23	13
13	1.93295814294046	a7	a16
13	1.93296220042918	a7	a15
12	1.93302630875099	a7	a16	a23	14
12	1.93302982524122	a7	a15	a23	15
13	1.94866387028718	a7	a17
13	1.94874691355637	a7	a14
13	1.95014945215808	a7	a16
13	1.95025034837765	a7	a15
13	1.95034177712352	a6	a10
13	1.95059225942732	a8	a57
12	1.95062201434462	a6	a10	a28	0
12	1.95068098318072	a7	a14	a29	0
13	1.95078485489201	a7	a14
12	1.95085247970405	a7	a14	a29	1
12	1.95087817713263	a7	a17	a29	2
13	1.95091739952361	a7	a14
12	1.95095526941835	a7	a14	a29	3
12	1.95101072176423	a7	a16	a29	4
13	1.95101586124994	a7	a14
12	1.9510212712349	a7	a15	a29	5
12	1.9510515671507	a7	a14	a29	6
13	1.95111594597176	a7	a14
13	1.95115516836274	a7	a17
12	1.95117220981538	a7	a14	a29	7
13	1.95121035020937	a7	a16
13	1.95121440769809	a7	a15
12	1.95122603916576	a7	a17	a29	8
13	1.95123171964997	a7	a14
12	1.95129258198081	a7	a16	a29	9
12	1.95130800043796	a7	a14	a29	10
12	1.9513312633733	a7	a15	a29	11
13	1.95135046881992	a7	a17
13	1.95137724824548	a7	a14
13	1.95142350361692	a7	a16
12	1.95143324158985	a7	a17	a29	12
12	1.95145785702144	a7	a14	a29	13
13	1.95146056201392	a7	a15
12	1.95150789938235	a7	a16	a29	14
13	1.95152818682596	a7	a14
12	1.95153035081994	a7	a15	a29	15
13	1.95153116231769	a7	a17
13	1.95163530452823	a7	a15
13	1.95165775596583	a7	a16
13	1.95178353811622	a6	a10
13	1.95181167003803	a8	a56
12	1.95267293964418	a8	a56	a42	0
12	1.95277572935848	a6	a10	a30	0
12	1.95283740318706	a7	a14	a31	0
13	1.95302458866678	a7	a14
12	1.95304244161716	a7	a14	a31	1
12	1.95317228125628	a7	a15	a31	2
13	1.95317336325327	a7	a14
12	1.95321880712696	a7	a14	a31	3
12	1.95324125856456	a7	a16	a31	4
12	1.9532645214999	a7	a17	a31	5
13	1.95335622074503	a7	a14
12	1.95340220561722	a7	a14	a31	6
13	1.95350688882626	a7	a16
13	1.95351960229092	a7	a14
13	1.95351960229092	a7	a15
13	1.95353502074806	a7	a17
12	1.95359317808642	a7	a14	a31	7
12	1.95362212150597	a7	a17	a31	8
12	1.95363023648342	a7	a16	a31	9
12	1.95363483497064	a7	a15	a31	10
13	1.95370895176463	a7	a14
12	1.95374844465486	a7	a14	a31	11
13	1.9537941590278	a7	a17
13	1.95383797990601	a7	a16
13	1.95384798837819	a7	a15
12	1.95385258686541	a7	a17	a31	12
13	1.95386584132857	a7	a14
12	1.95390262922632	a7	a14	a31	13
12	1.95391831818271	a7	a15	a31	14
12	1.95393319564136	a7	a16	a31	15
13	1.95401434541581	a7	a17
13	1.95403030487145	a7	a14
13	1.95412984859477	a7	a15
13	1.95415716901884	a7	a16
13	1.95427429519329	a6	a10
13	1.95450962953919	a8	a56
12	1.95455831940386	a8	a56	a45	0
12	1.95460376327755	a6	a10	a32	0
12	1.95467463408057	a7	a14	a33	0
13	1.95472386494373	a7	a14
12	1.95474009489862	a7	a14	a33	1
13	1.95476552182795	a7	a14
12	1.95479040775878	a7	a14	a33	2
13	1.95480609671517	a7	a14
12	1.9548315236445	a7	a14	a33	3
13	1.95484775359939	a7	a14
12	1.95486398355428	a7	a14	a33	4
13	1.95488075450767	a7	a14
12	1.95491483741293	a7	a14	a33	5
13	1.95493160836632	a7	a14
12	1.95494242833625	a7	a15	a33	6
12	1.95496839626407	a7	a14	a33	7
13	1.95498516721746	a7	a14
12	1.95503142258889	a7	a16	a33	8
13	1.95503926706709	a7	a15
12	1.95507172697687	a7	a14	a33	9
13	1.95508849793025	a7	a14
13	1.95509796540394	a7	a16
12	1.95511933484454	a7	a15	a33	10
12	1.95515287675132	a7	a14	a33	11
13	1.95518046767463	a7	a15
12	1.95520400110922	a7	a17	a33	12
13	1.95520643560245	a7	a14
12	1.95521833756937	a7	a15	a33	14
12	1.9552207720626	a7	a16	a33	13
13	1.95524160050471	a7	a15
12	1.95525620746411	a7	a14	a33	15
13	1.95525972395434	a7	a16
13	1.95526080595133	a7	a17
13	1.95530922531675	a7	a14
13	1.95551372274836	a6	a10
13	1.95560136450477	a8	a56
12	1.95692789281775	a8	a56	a50	0
12	1.9622302190802	a6	a10	a34	0
12	1.96232164782608	a7	a14	a35	0
12	1.96245743844866	a7	a15	a35	1
12	1.96249395584716	a7	a16	a35	2
12	1.96252749775393	a7	a17	a35	3
13	1.98998533543626	a7	a16
13	1.9926630074938	a7	a14
13	1.99406013611055	a7	a17
13	1.99414209738275	a7	a15
13	1.99431197091059	a6	a10
12	1.99439257968654	a6	a10	a36	0
12	1.99444776153317	a7	a14	a37	0
12	1.99488353582196	a7	a17	a37	1
12	1.9949062577588	a7	a16	a37	2
12	1.99493682417384	a7	a15	a37	3
13	1.99722632981028	a7	a14
13	1.99729503661931	a7	a15
13	1.99931755949781	a7	a16
13	1.99939708627677	a7	a17
13	1.99951421245122	a6	a10
12	2.00368747485185	a6	a10	a38	0
12	2.0037540176669	a7	a14	a39	0
12	2.0040107214534	a7	a16	a39	1
12	2.00403452538724	a7	a17	a39	2
12	2.00406400980529	a7	a15	a39	3
13	2.00658343980266	a7	a14
13	2.00738330607948	a7	a17
13	2.00871713787216	a7	a15
13	2.00876122924961	a7	a16
13	2.00889404438045	a6	a10
12	2.00897086616693	a6	a10	a40	0
12	2.00903308099401	a7	a14	a41	0
12	2.00920755300907	a7	a17	a41	1
12	2.00964495029335	a7	a15	a41	2
12	2.00965008977906	a7	a16	a41	3
13	2.00995927041971	a7	a14
13	2.01120059146952	a7	a17
13	2.01250493884416	a7	a16
13	2.012637753975	a7	a15
13	2.01277624959006	a6	a10
12	2.0131679325014	a8	a57	a49	0
13	2.03739114017422	a8	a57
12	2.03749717587949	a8	a57	a54	0
12	2.05588625576798	a8	a58	a53	0
13	2.07764521529005	a8	a58
12	2.0776955281502	a8	a58	a52	0
13	2.0900659997671	a8	a58
12	2.09013254258215	a8	a58	a51	0
13	2.09589309457099	a8	a58
13	2.1001869996363	a8	a57
13	2.10035795516113	a8	a56
13	2.10055758360628	a8	a55
12	2.10126737363345	a8	a55	a46	0
12	2.10133608044248	a8	a56	a48	0
13	2.15431173519933	a8	a56
12	2.15446375577679	a6	a10	a20	0
12	2.15453246258583	a7	a14	a21	0
12	2.15496931887161	a7	a17	a21	1
12	2.15499447530168	a7	a15	a21	2
12	2.1549996147874	a7	a16	a21	3
13	2.1554034701649	a7	a14
13	2.15625094430939	a7	a16
13	2.15657121541921	a7	a17
13	2.15687931406287	a7	a15
13	2.15702700665237	a6	a10
12	2.15728560393361	a8	a56	a44	0
12	2.15730616187647	a8	a57	a43	0
12	2.15757287413516	a6	a10	a22	0
12	2.15767458185246	a7	a14	a23	0
12	2.15776438760285	a7	a15	a23	1
12	2.1577944130194	a7	a17	a23	2
12	2.15809737217734	a7	a16	a23	3
13	2.15850393254733	a7	a14
12	2.15856073738944	a7	a14	a23	4
13	2.15881473618346	a7	a17
12	2.15887045902858	a7	a17	a23	5
13	2.15947772984071	a7	a14
13	2.15949017280612	a7	a15
12	2.15951614073394	a7	a14	a23	6
12	2.15957186357907	a7	a15	a23	7
13	2.15969656373247	a7	a17
13	2.15970143271893	a7	a16
12	2.15976310654751	a7	a17	a23	8
12	2.15977068052646	a7	a16	a23	9
13	2.16038173832806	a7	a14
12	2.16044016616566	a7	a14	a23	10
13	2.16072337887849	a7	a17
12	2.16078451170857	a7	a17	a23	11
13	2.1610368875071	a7	a15
12	2.16110613531463	a7	a15	a23	12
13	2.16122650748007	a7	a16
12	2.16124814741992	a7	a16	a23	13
13	2.16130522276128	a7	a14
12	2.16134309265602	a7	a14	a23	14
13	2.16175614500797	a7	a17
12	2.16181294985008	a7	a17	a23	15
13	2.16225954410879	a7	a14
13	2.16257711022613	a7	a15
13	2.16271533534194	a7	a16
13	2.1627212863254	a7	a17
13	2.16290982430137	a6	a10
12	2.16306995985628	a6	a10	a24	0
12	2.16312838769389	a7	a14	a25	0
13	2.16319168451796	a7	a14
12	2.16320953746833	a7	a14	a25	1
13	2.16326580131195	a7	a14
12	2.16330096621421	a7	a14	a25	2
13	2.16333667211497	a7	a14
12	2.16335290206986	a7	a14	a25	3
13	2.16339888694205	a7	a14
13	2.16368291115262	a6	a10
12	2.1637440439827	a6	a10	a26	0
12	2.16379760283384	a7	a14	a27	0
13	2.16387875260828	a7	a14
12	2.1639063435316	a7	a14	a27	1
13	2.16396747636168	a7	a14
12	2.16398424731507	a7	a14	a27	2
13	2.16404483914666	a7	a14
12	2.16408703702937	a7	a14	a27	3
13	2.16415087485193	a7	a14
13	2.16422336865044	a6	a10
12	2.16441055413017	a6	a10	a22	0
12	2.16446789997078	a7	a14	a23	0
12	2.16466076593472	a7	a17	a23	1
12	2.16494235565205	a7	a15	a23	2
12	2.16495615111371	a7	a16	a23	3
13	2.16525775777541	a7	a14
12	2.16532051360098	a7	a14	a23	4
13	2.16563618622359	a7	a17
12	2.16569894204916	a7	a17	a23	5
13	2.16611902738155	a7	a14
12	2.16615797927329	a7	a14	a23	6
13	2.16649745582973	a7	a16
13	2.16650124281921	a7	a17
13	2.16654695719214	a7	a15
12	2.16656399864478	a7	a17	a23	7
12	2.16658158109591	a7	a15	a23	9
12	2.16658347459065	a7	a16	a23	8
13	2.16694513208544	a7	a14
12	2.16700085493056	a7	a14	a23	10
13	2.16746043315318	a7	a17
12	2.16751777899379	a7	a17	a23	11
13	2.16778800774271	a7	a14
12	2.16782695963444	a7	a14	a23	12
13	2.16808555691568	a7	a15
13	2.16810746735479	a7	a16
12	2.16816562469314	a7	a15	a23	13
12	2.16816860018487	a7	a16	a23	14
13	2.1683265717458	a7	a17
12	2.16838121259392	a7	a17	a23	15
13	2.16872393514134	a7	a14
13	2.16918784135194	a7	a17
13	2.16967717449186	a7	a15
13	2.16970178992345	a7	a16
13	2.16983568705129	a6	a10
13	2.16996985467837	a8	a57
12	2.17000339658515	a6	a10	a28	0
12	2.1700537094453	a7	a14	a29	0
13	2.17013972820622	a7	a14
12	2.17016136814607	a7	a14	a29	1
13	2.17023981292804	a7	a14
12	2.17025604288293	a7	a14	a29	2
13	2.17032150370098	a7	a14
12	2.17036965256716	a7	a14	a29	3
12	2.17040075998069	a7	a17	a29	4
13	2.17043078539724	a7	a14
12	2.17046757329499	a7	a14	a29	5
12	2.17051977964989	a7	a16	a29	6
13	2.17052816512658	a7	a14
12	2.17053087011906	a7	a15	a29	7
12	2.17056387102734	a7	a14	a29	8
13	2.17059660143636	a7	a17
13	2.1706277088499	a7	a14
13	2.17065611127096	a7	a16
12	2.17065665226945	a7	a17	a29	9
13	2.17066936573412	a7	a15
12	2.17068126770104	a7	a14	a29	10
12	2.17073969553864	a7	a15	a29	11
12	2.17074375302736	a7	a16	a29	12
13	2.17075403199879	a7	a17
13	2.17075808948751	a7	a14
12	2.17080623835369	a7	a14	a29	13
12	2.17083572277174	a7	a17	a29	14
13	2.17084600174317	a7	a16
13	2.1708478952379	a7	a15
13	2.17089442110859	a7	a14
12	2.17091443805295	a7	a15	a29	15
13	2.17092715151762	a7	a17
13	2.17100586679883	a7	a15
13	2.1711578873763	a6	a10
13	2.17119359327705	a8	a56
12	2.17151170039289	a8	a56	a42	0
12	2.17160258814027	a6	a10	a30	0
12	2.17165885198389	a7	a14	a31	0
13	2.17179518360496	a7	a14
12	2.17180140508767	a7	a16	a31	1
12	2.17183575849219	a7	a14	a31	2
12	2.17184170947565	a7	a15	a31	3
13	2.17196776212529	a7	a14
12	2.1719745246065	a7	a17	a31	4
12	2.17201428799597	a7	a14	a31	5
13	2.17213493066065	a7	a14
12	2.17215061961705	a7	a14	a31	6
13	2.17216062808923	a7	a16
13	2.17216739057043	a7	a15
13	2.17218172703059	a7	a17
12	2.17222581840804	a7	a15	a31	7
12	2.17224935184263	a7	a17	a31	8
12	2.17226287680503	a7	a16	a31	9
13	2.17227180328022	a7	a14
12	2.17231562415843	a7	a14	a31	10
13	2.17238460146671	a7	a17
13	2.17242977484115	a7	a15
13	2.17244600479604	a7	a14
12	2.1724592592592	a7	a17	a31	11
13	2.17247224322311	a7	a16
12	2.17250984261861	a7	a14	a31	12
12	2.17252769556898	a7	a15	a31	13
12	2.1725322940562	a7	a16	a31	14
13	2.17258314791486	a7	a17
13	2.1726434692472	a7	a14
12	2.17264752673592	a7	a17	a31	15
13	2.1727676284021	a7	a17
13	2.17277384988481	a7	a15
13	2.17277844837203	a7	a16
13	2.17299187227883	a6	a10
13	2.17315308983073	a8	a56
12	2.17318825473299	a8	a56	a45	0
12	2.17320394368939	a6	a10	a32	0
12	2.17325263355406	a7	a14	a33	0
13	2.17326940450744	a7	a14
12	2.17329104444729	a7	a14	a33	1
13	2.17331484838113	a7	a14
12	2.1733635382458	a7	a14	a33	2
13	2.17337976820069	a7	a14
12	2.17344901600822	a7	a14	a33	3
13	2.17346578696161	a7	a14
12	2.17347687743078	a7	a17	a33	4
12	2.17350149286236	a7	a14	a33	5
13	2.17351880481425	a7	a14
12	2.17353936275711	a7	a14	a33	6
13	2.17354396124433	a7	a17
13	2.17355667470899	a7	a14
12	2.17359724959621	a7	a14	a33	7
13	2.1736140205496	a7	a14
12	2.1736573004293	a7	a14	a33	8
13	2.17367407138269	a7	a14
12	2.17370463779773	a7	a17	a33	9
13	2.17372519574059	a7	a17
12	2.17373845020375	a7	a14	a33	10
13	2.17375576215564	a7	a14
12	2.17378173008346	a7	a15	a33	11
12	2.17380174702782	a7	a14	a33	12
13	2.17381905897971	a7	a14
13	2.17382771495565	a7	a15
12	2.17383014944888	a7	a17	a33	13
12	2.17384367441129	a7	a16	a33	14
13	2.17386693734663	a7	a17
12	2.17391319271806	a7	a14	a33	15
13	2.1739150862128	a7	a16
13	2.17393104566844	a7	a14
13	2.17417611798728	a6	a10
13	2.17423562782187	a8	a56
12	2.17465977064299	a8	a56	a50	0
12	2.17984361823475	a6	a10	a34	0
12	2.18012115046336	a7	a14	a35	0
12	2.18036487028595	a7	a17	a35	1
12	2.180505529895	a7	a16	a35	2
12	2.18051012838222	a7	a15	a35	3
13	2.20913084233239	a7	a16
13	2.20948817183921	a7	a15
13	2.21004377729493	a7	a14
13	2.2107608708018	a7	a17
13	2.21087366898829	a6	a10
12	2.21093534281687	a6	a10	a36	0
12	2.21100080363492	a7	a14	a37	0
12	2.21143441392973	a7	a17	a37	1
12	2.21161050894028	a7	a15	a37	2
12	2.21161943541547	a7	a16	a37	3
13	2.21382643878121	a7	a14
13	2.21414643939179	a7	a16
13	2.21579107482061	a7	a17
13	2.21587898707626	a7	a15
13	2.21601044971087	a6	a10
12	2.21974442133248	a6	a10	a38	0
12	2.21982016112196	a7	a14	a39	0
12	2.21993674629792	a7	a17	a39	1
12	2.22032518321828	a7	a16	a39	2
12	2.22038388155513	a7	a15	a39	3
13	2.22253164558553	a7	a14
13	2.22317029431044	a7	a17
13	2.22479085530617	a7	a15
13	2.22490257149566	a7	a16
13	2.22501861567312	a6	a10
12	2.22507055152877	a6	a10	a40	0
12	2.2251251923769	a7	a14	a41	0
12	2.2255436547138	a7	a17	a41	1
12	2.22571001175142	a7	a15	a41	2
12	2.22576275910481	a7	a16	a41	3
13	2.22602649587177	a7	a14
13	2.22767356579382	a7	a17
13	2.22864925658194	a7	a15
13	2.22865115007668	a7	a16
13	2.22880127715941	a6	a10
12	2.22914427020607	a8	a57	a49	0
13	2.25382516260678	a8	a57
12	2.25390144339476	a8	a57	a54	0
12	2.25608383132892	a8	a58	a53	0
13	2.28927354807978	a8	a58
12	2.28930871298204	a8	a58	a52	0
13	2.29796090193372	a8	a58
12	2.29800742780441	a8	a58	a51	0
13	2.30239763060206	a8	a58
13	2.30657954897863	a8	a57
13	2.30665204277713	a8	a56
13	2.30681758831701	a8	a55
12	2.30722496018474	a8	a55	a46	0
12	2.30724660012459	a8	a56	a48	0
13	2.35850242066163	a8	a56
12	2.35871773806316	a6	a10	a20	0
12	2.35879672384363	a7	a14	a21	0
12	2.35912375743465	a7	a17	a21	1
12	2.3592205961655	a7	a16	a21	2
12	2.35926793353392	a7	a15	a21	3
13	2.35963743550691	a7	a14
13	2.35971182280016	a7	a17
13	2.36033397107093	a7	a16
13	2.36039104641229	a7	a15
13	2.36051872205742	a6	a10
12	2.36069454656872	a8	a56	a44	0
12	2.36071456351309	a8	a57	a43	0
12	2.36097099680034	a6	a10	a22	0
12	2.3610364576184	a7	a14	a23	0
12	2.36117846972368	a7	a17	a23	1
12	2.36119686367256	a7	a16	a23	2
12	2.36122256110113	a7	a15	a23	3
13	2.36186526731477	a7	a14
12	2.36192585914635	a7	a14	a23	4
13	2.3622788606652	a7	a17
12	2.36233187851784	a7	a17	a23	5
13	2.36294023132696	a7	a14
13	2.36298026521568	a7	a15
12	2.36298405220516	a7	a14	a23	6
13	2.36300596264426	a7	a16
12	2.36304761952848	a7	a16	a23	8
12	2.36305005402171	a7	a15	a23	7
13	2.36312985129992	a7	a17
12	2.36318341015105	a7	a17	a23	9
13	2.36391078262936	a7	a14
12	2.36395460350756	a7	a14	a23	10
13	2.36412745252714	a7	a17
12	2.36418588036474	a7	a17	a23	11
13	2.36452725041592	a7	a16
12	2.36460136720991	a7	a16	a23	12
13	2.36461786766405	a7	a15
12	2.36463517961593	a7	a15	a23	13
13	2.36501766555283	a7	a14
12	2.36505607644607	a7	a14	a23	14
13	2.3653382071619	a7	a17
12	2.36539555300251	a7	a17	a23	15
13	2.36596819991087	a7	a14
13	2.36610696602518	a7	a16
13	2.36612887646428	a7	a15
13	2.36641479416959	a7	a17
13	2.36654057631998	a6	a10
12	2.36671856482527	a6	a10	a24	0
12	2.3667732056734	a7	a14	a25	0
13	2.36682027254258	a7	a14
12	2.36683650249747	a7	a14	a25	1
13	2.36687220839823	a7	a14
12	2.36691332428395	a7	a14	a25	2
12	2.36693956271102	a7	a16	a25	3
13	2.36694848918621	a7	a14
13	2.36710835424187	a7	a16
13	2.36723630038625	a6	a10
12	2.36727849826896	a6	a10	a26	0
12	2.36736235303589	a7	a14	a27	0
13	2.36744296181185	a7	a14
12	2.36747596272012	a7	a14	a27	1
13	2.36754358753216	a7	a14
12	2.36759065440134	a7	a14	a27	2
12	2.3676488117397	a7	a17	a27	3
13	2.36765124623293	a7	a14
13	2.36780245531265	a7	a17
13	2.3680667330781	a6	a10
12	2.36827447650069	a6	a10	a22	0
12	2.36835779026913	a7	a14	a23	0
12	2.36857716515938	a7	a17	a23	1
12	2.3686412734812	a7	a15	a23	2
12	2.36868915184812	a7	a16	a23	3
13	2.36915414005571	a7	a14
12	2.36921310889181	a7	a14	a23	4
13	2.36954338847382	a7	a17
12	2.36960235730991	a7	a17	a23	5
13	2.37001649165885	a7	a14
12	2.37005165656111	a7	a14	a23	6
13	2.370251014507	a7	a16
13	2.37025669499122	a7	a15
12	2.37032729529499	a7	a16	a23	7
12	2.37032972978822	a7	a15	a23	8
13	2.37041115006192	a7	a17
12	2.37046957789952	a7	a17	a23	9
13	2.37084259636273	a7	a14
12	2.37088695823943	a7	a14	a23	10
13	2.37129189561393	a7	a17
12	2.37134653646206	a7	a17	a23	11
13	2.37167248805609	a7	a14
12	2.37170711195985	a7	a14	a23	12
13	2.37179854070573	a7	a15
13	2.37180746718092	a7	a16
12	2.37186887051026	a7	a15	a23	13
12	2.37187238700048	a7	a16	a23	14
13	2.37214775523511	a7	a17
12	2.37222187202911	a7	a17	a23	15
13	2.37265926931338	a7	a14
13	2.37301876281419	a7	a17
13	2.37338150230597	a7	a15
13	2.37341856070297	a7	a16
13	2.37352973589396	a6	a10
13	2.3736422635812	a8	a57
12	2.37365957553308	a6	a10	a28	0
12	2.37372070836317	a7	a14	a29	0
13	2.37380672712408	a7	a14
12	2.37382295707897	a7	a14	a29	1
13	2.37389707387297	a7	a14
12	2.37391276282936	a7	a14	a29	2
13	2.37397660065193	a7	a14
12	2.37399283060682	a7	a14	a29	3
13	2.3740534224384	a7	a14
12	2.37409562032112	a7	a14	a29	4
12	2.3741353837106	a7	a17	a29	5
13	2.37415513015571	a7	a14
12	2.37421680398429	a7	a14	a29	6
12	2.374260083864	a7	a15	a29	7
12	2.37426901033919	a7	a16	a29	8
13	2.37427955980987	a7	a14
13	2.37429227327453	a7	a17
12	2.3743482666189	a7	a14	a29	9
12	2.37438694801139	a7	a17	a29	10
13	2.37439587448658	a7	a15
13	2.37442779339786	a7	a14
13	2.37443563787606	a7	a16
13	2.37446701578884	a7	a17
12	2.37448189324749	a7	a15	a29	11
12	2.37452571412569	a7	a14	a29	12
12	2.37454762456479	a7	a17	a29	13
12	2.37456331352119	a7	a16	a29	14
13	2.37458630595728	a7	a15
12	2.37461065088962	a7	a15	a29	15
13	2.37461173288661	a7	a14
13	2.37463634831819	a7	a17
13	2.3746785462009	a7	a16
13	2.37471344060392	a7	a15
13	2.3748632971874	a6	a10
13	2.37487519915432	a8	a56
12	2.37516842033932	a8	a56	a42	0
12	2.37524848811678	a6	a10	a30	0
12	2.37530042397243	a7	a14	a31	0
13	2.37543837858899	a7	a14
12	2.37547354349125	a7	a14	a31	1
12	2.37549085544313	a7	a15	a31	2
12	2.37549978191832	a7	a16	a31	3
13	2.37562069508225	a7	a14
12	2.3757091483364	a7	a17	a31	4
12	2.37571969780708	a7	a14	a31	5
13	2.37584331596348	a7	a16
13	2.37584737345221	a7	a15
13	2.37586793139507	a7	a14
13	2.37588659584319	a7	a17
12	2.37590904728079	a7	a15	a31	6
12	2.37593339221312	a7	a14	a31	7
12	2.3759444826823	a7	a16	a31	8
12	2.37600182852291	a7	a17	a31	9
13	2.37606810083871	a7	a14
12	2.37611246271541	a7	a14	a31	10
13	2.37613166816202	a7	a17
13	2.376134914153	a7	a16
13	2.37617305454699	a7	a15
12	2.3762157934282	a7	a15	a31	12
12	2.37621930991843	a7	a16	a31	11
13	2.37622661339813	a7	a14
12	2.37628963972295	a7	a17	a31	13
12	2.37631317315754	a7	a14	a31	14
13	2.37640703639665	a7	a17
13	2.37642515984628	a7	a15
13	2.37642867633651	a7	a16
13	2.37644409479365	a7	a14
12	2.37646979222223	a7	a17	a31	15
13	2.37661856680871	a7	a17
13	2.37674759495009	a6	a10
13	2.37689041855312	a8	a56
12	2.37692125546741	a8	a56	a45	0
12	2.37693315743433	a6	a10	a32	0
12	2.37699104427343	a7	a14	a33	0
13	2.37700781522682	a7	a14
12	2.37702945516667	a7	a14	a33	1
13	2.37704514412306	a7	a14
12	2.37706570206592	a7	a14	a33	2
13	2.37708301401781	a7	a14
12	2.37709978497119	a7	a14	a33	3
13	2.37711601492608	a7	a14
12	2.37713332687796	a7	a14	a33	4
13	2.37714955683285	a7	a14
12	2.37720960766595	a7	a14	a33	5
13	2.37722583762084	a7	a14
12	2.3772896754434	a7	a14	a33	6
13	2.37730590539829	a7	a14
12	2.37731591387047	a7	a17	a33	7
12	2.37734323429454	a7	a14	a33	8
13	2.37735946424943	a7	a14
12	2.37736595623138	a7	a15	a33	9
13	2.37737434170808	a7	a17
12	2.37739408815319	a7	a14	a33	10
13	2.37741031810808	a7	a14
13	2.37741572809305	a7	a15
12	2.37743439254117	a7	a16	a33	11
12	2.3774733444329	a7	a17	a33	12
13	2.37749065638479	a7	a17
12	2.37749092688403	a7	a14	a33	13
13	2.37750147635471	a7	a16
12	2.37751256682389	a7	a15	a33	14
13	2.37753745275472	a7	a14
13	2.37754286273968	a7	a15
12	2.37756369118179	a7	a17	a33	15
13	2.37759561009307	a7	a17
13	2.37781282098935	a6	a10
13	2.37785880586153	a8	a56
12	2.3782456197864	a8	a56	a50	0
12	2.38360204589849	a6	a10	a34	0
12	2.38366101473459	a7	a14	a35	0
12	2.38394044045794	a7	a17	a35	1
12	2.38404431216923	a7	a16	a35	2
12	2.3840564846354	a7	a15	a35	3
13	2.43900461990983	a7	a14
13	2.44098683840035	a7	a15
13	2.44214809167271	a7	a17
13	2.44215079666519	a7	a16
13	2.4423772045359	a6	a10
12	2.44247025627727	a6	a10	a36	0
12	2.44254112708029	a7	a14	a37	0
12	2.44293118699614	a7	a15	a37	1
12	2.44298609834351	a7	a16	a37	2
12	2.44300719728487	a7	a17	a37	3
13	2.44495587386862	a7	a17
13	2.44550850383261	a7	a14
13	2.44612929960714	a7	a16
13	2.44776554955927	a7	a15
13	2.44787753624801	a6	a10
12	2.45144542133125	a6	a10	a38	0
12	2.4515119641463	a7	a14	a39	0
12	2.45167723918693	a7	a17	a39	1
12	2.45168914115384	a7	a16	a39	2
12	2.45169806762903	a7	a15	a39	3
13	2.45438196116929	a7	a14
13	2.45505306980397	a7	a17
13	2.45634822020417	a7	a16
13	2.45645182141621	a7	a15
13	2.45656705409593	a6	a10
12	2.45662872792451	a6	a10	a40	0
12	2.456703385717	a7	a14	a41	0
12	2.45694764653809	a7	a17	a41	1
12	2.45727576212611	a7	a15	a41	2
12	2.45728955758777	a7	a16	a41	3
13	2.45759765623143	a7	a14
13	2.45884005927823	a7	a17
13	2.46020229349197	a7	a16
13	2.46025449984686	a7	a15
13	2.46040111043937	a6	a10
12	2.46073707050558	a8	a57	a49	0
13	2.47237178416748	a8	a57
12	2.472443195969	a8	a57	a54	0
12	2.47454335213172	a8	a58	a53	0
13	2.4915350329042	a8	a58
12	2.49156803381248	a8	a58	a52	0
13	2.50001897132352	a8	a58
12	2.5000508902348	a8	a58	a51	0
13	2.50441079711666	a8	a58
13	2.50854618962255	a8	a57
13	2.50862517540301	a8	a56
13	2.50875717903611	a8	a55
12	2.50922838872641	a8	a55	a46	0
12	2.50924786467228	a8	a56	a48	0
13	2.55816332571423	a8	a56
12	2.55839162707967	a6	a10	a20	0
12	2.55846520287517	a7	a14	a21	0
12	2.55862236293835	a7	a17	a21	1
12	2.55877140802409	a7	a15	a21	2
12	2.55878087549778	a7	a16	a21	3
13	2.55917634539859	a7	a17
13	2.55927345462868	a7	a14
13	2.55988478292952	a7	a15
13	2.55992346432201	a7	a16
13	2.56008819836414	a6	a10
12	2.56029215479725	a8	a56	a44	0
12	2.56031217174162	a8	a57	a43	0
12	2.56055940805444	a6	a10	a22	0
12	2.56062973785896	a7	a14	a23	0
12	2.56087508067704	a7	a16	a23	1
12	2.56108985708008	a7	a17	a23	2
12	2.5611977862801	a7	a15	a23	3
13	2.56143744861397	a7	a14
12	2.56149317145909	a7	a14	a23	4
13	2.5621312791855	a7	a17
12	2.56218754302912	a7	a17	a23	5
13	2.56241611489381	a7	a14
12	2.56245560778404	a7	a14	a23	6
13	2.56259978388331	a7	a16
12	2.5627339515104	a7	a16	a23	7
13	2.56277804288785	a7	a15
12	2.56279914182921	a7	a15	a23	8
13	2.56298064682472	a7	a17
12	2.56303474667436	a7	a17	a23	9
13	2.5634775539436	a7	a14
12	2.56352678480676	a7	a14	a23	10
13	2.5640280199136	a7	a17
12	2.56408157876474	a7	a17	a23	11
13	2.56427931371515	a7	a15
13	2.56432394609109	a7	a16
12	2.5643588404941	a7	a15	a23	12
12	2.56436127498734	a7	a16	a23	13
13	2.56452817302345	a7	a14
12	2.56456712491519	a7	a14	a23	14
13	2.56515113279197	a7	a17
12	2.56520901963107	a7	a17	a23	15
13	2.56550142931834	a7	a14
13	2.56584117637403	a7	a15
13	2.56585767682816	a7	a16
13	2.56617307895152	a7	a17
13	2.56629723810643	a6	a10
12	2.56648496458465	a6	a10	a24	0
12	2.56654014643127	a7	a14	a25	0
13	2.566581262317	a7	a14
12	2.56660182025986	a7	a14	a25	1
13	2.56663806715911	a7	a14
12	2.56668621602528	a7	a14	a25	2
12	2.56672029893055	a7	a15	a25	3
13	2.56672083992905	a7	a14
13	2.5668593355441	a7	a15
13	2.56697943721029	a6	a10
12	2.56703570105391	a6	a10	a26	0
12	2.56708709591106	a7	a14	a27	0
13	2.56714822874114	a7	a14
12	2.56718014765242	a7	a14	a27	1
13	2.56723911648852	a7	a14
12	2.56725805143589	a7	a14	a27	2
13	2.5673164792735	a7	a14
12	2.56738085809456	a7	a14	a27	3
13	2.56744361392013	a7	a14
13	2.56761997942993	a6	a10
12	2.567831509842	a6	a10	a22	0
12	2.5678899376796	a7	a14	a23	0
12	2.56795945598638	a7	a17	a23	1
12	2.56827431711124	a7	a16	a23	2
12	2.56828432558342	a7	a15	a23	3
13	2.56869223844964	a7	a14
12	2.56875228928274	a7	a14	a23	4
13	2.56887157945117	a7	a17
12	2.56893433527675	a7	a17	a23	5
13	2.56954647507534	a7	a14
12	2.56958759096106	a7	a14	a23	6
13	2.56974042303627	a7	a17
12	2.56980047386936	a7	a17	a23	7
13	2.56980561335507	a7	a15
13	2.56983185178215	a7	a16
12	2.56987404966486	a7	a16	a23	9
12	2.56987648415809	a7	a15	a23	8
13	2.57037744876569	a7	a14
12	2.57041640065742	a7	a14	a23	10
13	2.57063144755971	a7	a17
12	2.57068987539731	a7	a17	a23	11
13	2.57120138947559	a7	a14
12	2.57123925937033	a7	a14	a23	12
13	2.57136909900945	a7	a15
13	2.57138830445606	a7	a16
12	2.57145376527412	a7	a16	a23	13
12	2.57145619976735	a7	a15	a23	14
13	2.57149109417037	a7	a17
12	2.57155817798391	a7	a17	a23	15
13	2.57220223669378	a7	a14
13	2.57237075772539	a7	a17
13	2.57295287210743	a7	a16
13	2.57297153655555	a7	a15
13	2.5730965072082	a6	a10
13	2.5732149858789	a8	a57
12	2.57324852778567	a6	a10	a28	0
12	2.5733031686338	a7	a14	a29	0
13	2.57338431840824	a7	a14
12	2.57340054836313	a7	a14	a29	1
12	2.57345545971051	a7	a17	a29	2
13	2.57346871417367	a7	a14
12	2.57350658406841	a7	a14	a29	3
13	2.57357258588496	a7	a14
12	2.57358935683835	a7	a14	a29	4
13	2.57360693928948	a7	a17
13	2.57364940767144	a7	a14
12	2.57366807211957	a7	a17	a29	5
12	2.57368890056167	a7	a14	a29	6
13	2.57375354988198	a7	a17
12	2.57375571387597	a7	a16	a29	7
13	2.57376464035116	a7	a14
12	2.57382387968651	a7	a17	a29	8
12	2.5738463311241	a7	a14	a29	9
12	2.57388420101885	a7	a15	a29	10
13	2.57388988150306	a7	a16
13	2.57390016047449	a7	a17
13	2.57391936592111	a7	a14
12	2.57396886728352	a7	a16	a29	11
12	2.57399158922037	a7	a17	a29	12
12	2.574008630673	a7	a14	a29	13
13	2.57403189360834	a7	a15
13	2.57406787000835	a7	a17
13	2.57408301796624	a7	a16
13	2.57408328846549	a7	a14
12	2.57411033839031	a7	a15	a29	14
12	2.57413738831512	a7	a14	a29	15
13	2.57421150510912	a7	a14
13	2.57421962008657	a7	a15
13	2.57438083763847	a6	a10
13	2.57441654353923	a8	a56
12	2.57472815867311	a8	a56	a42	0
12	2.57479091449868	a6	a10	a30	0
12	2.57484285035433	a7	a14	a31	0
12	2.57496159952427	a7	a16	a31	1
12	2.57496998500096	a7	a15	a31	2
13	2.57497106699796	a7	a14
12	2.57501272388217	a7	a14	a31	3
13	2.57515230149422	a7	a14
12	2.57520856533784	a7	a14	a31	4
12	2.57526185368973	a7	a17	a31	5
13	2.57526591117845	a7	a15
13	2.57528511662507	a7	a16
13	2.57532596201154	a7	a14
12	2.57533218349425	a7	a16	a31	6
12	2.57534489695892	a7	a15	a31	7
12	2.57537194688373	a7	a14	a31	8
13	2.57541712025817	a7	a17
12	2.57547825308826	a7	a17	a31	9
13	2.57550665550932	a7	a14
13	2.5755458779003	a7	a16
12	2.57554777139504	a7	a14	a31	10
13	2.57556237835444	a7	a15
13	2.57559619076046	a7	a17
12	2.57561756020106	a7	a15	a31	11
12	2.57565029061009	a7	a16	a31	12
13	2.57566084008077	a7	a14
12	2.57567463554242	a7	a17	a31	13
12	2.57571656292589	a7	a14	a31	14
13	2.57580447518154	a7	a17
13	2.57580690967477	a7	a15
13	2.57583504159658	a7	a14
13	2.57585208304922	a7	a16
12	2.5758693950011	a7	a17	a31	15
13	2.57601167760563	a7	a17
13	2.57614070574701	a6	a10
13	2.57627811936507	a8	a56
12	2.57631382526583	a8	a56	a45	0
12	2.57634466218012	a6	a10	a32	0
12	2.57640254901923	a7	a14	a33	0
13	2.57641877897411	a7	a14
12	2.57644041891397	a7	a14	a33	1
13	2.57645664886886	a7	a14
12	2.57647341982224	a7	a14	a33	2
13	2.57649019077563	a7	a14
12	2.57650642073052	a7	a14	a33	3
13	2.57652210968691	a7	a14
12	2.5765388806403	a7	a14	a33	4
13	2.57655673359068	a7	a14
12	2.57660596445384	a7	a14	a33	5
13	2.57662381740422	a7	a14
12	2.57667304826739	a7	a14	a33	6
13	2.57668981922077	a7	a14
12	2.57673742708845	a7	a14	a33	8
12	2.57674743556063	a7	a17	a33	7
13	2.57675473904033	a7	a14
12	2.57676934599973	a7	a15	a33	9
12	2.57679098593958	a7	a14	a33	10
13	2.57680775689297	a7	a14
13	2.5768112733832	a7	a17
13	2.5768174948659	a7	a15
12	2.57685157777117	a7	a14	a33	11
12	2.57686591423133	a7	a16	a33	12
13	2.57687267671253	a7	a14
13	2.57690053813509	a7	a16
12	2.57690459562381	a7	a15	a33	13
12	2.57694219501931	a7	a17	a33	14
13	2.57694300651705	a7	a15
13	2.576987638893	a7	a17
12	2.57698817989149	a7	a16	a33	15
13	2.57705526370504	a7	a16
13	2.57722540773213	a6	a10
13	2.57725462165093	a8	a56
12	2.57762628761791	a8	a56	a50	0
12	2.58307630646985	a6	a10	a34	0
12	2.58314501327889	a7	a14	a35	0
12	2.58337953612704	a7	a17	a35	1
12	2.58340469255712	a7	a15	a35	2
12	2.58345202992555	a7	a16	a35	3
13	2.61197563464563	a7	a16
13	2.61330730244433	a7	a14
13	2.61466033968363	a7	a15
13	2.61468225012273	a7	a17
13	2.61488755905208	a6	a10
12	2.61502064468218	a6	a10	a36	0
12	2.61510179445663	a7	a14	a37	0
12	2.61538933515742	a7	a17	a37	1
12	2.6154661569439	a7	a16	a37	2
12	2.61551944529579	a7	a15	a37	3
13	2.618356982409	a7	a15
13	2.61839999178945	a7	a16
13	2.62001730679421	a7	a14
13	2.62072844931762	a7	a17
13	2.62084719848757	a6	a10
12	2.62570861097552	a6	a10	a38	0
12	2.62581789267177	a7	a14	a39	0
12	2.62597153624473	a7	a15	a39	1
12	2.62597938072293	a7	a16	a39	2
12	2.62623689600717	a7	a17	a39	3
13	2.62927406156553	a7	a17
13	2.6297119998483	a7	a14
13	2.63067308367701	a7	a16
13	2.63082321075974	a7	a15
13	2.6309173444981	a6	a10
12	2.63101526522594	a6	a10	a40	0
12	2.63110236598385	a7	a14	a41	0
12	2.63160522408618	a7	a17	a41	1
12	2.63162578202904	a7	a16	a41	2
12	2.6316390364922	a7	a15	a41	3
13	2.63298017176458	a7	a14
13	2.63381195695268	a7	a17
13	2.64929587491591	a7	a16
13	2.6493042603926	a7	a15
13	2.64943842801969	a6	a10
12	2.65021205586943	a8	a57	a49	0
13	2.67958719222272	a8	a57
12	2.67973055682425	a8	a57	a54	0
12	2.68353594024737	a8	a58	a53	0
13	2.71552085334692	a8	a58
12	2.71557116620708	a8	a58	a52	0
13	2.72807310045859	a8	a58
12	2.72813098729769	a8	a58	a51	0
13	2.73728576385245	a8	a58
13	2.74371282598876	a8	a57
13	2.74400226018429	a8	a56
13	2.74424192251816	a8	a55
12	2.74447671586557	a8	a55	a50	0
12	2.75984540114908	a6	a10	a34	0
12	2.75996550281527	a7	a14	a35	0
12	2.7603206683281	a7	a17	a35	1
12	2.76035664472811	a7	a15	a35	2
12	2.76042940902586	a7	a16	a35	3
13	2.78811013808867	a7	a16
13	2.78946506882271	a7	a14
13	2.78957110452799	a7	a15
13	2.79044941558677	a7	a17
13	2.79075589123494	a6	a10
12	2.79114919714176	a6	a10	a36	0
12	2.79121898594779	a7	a14	a37	0
12	2.79136992452826	a7	a15	a37	1
12	2.79138047399894	a7	a16	a37	2
12	2.79183328974036	a7	a17	a37	3
13	2.79449662533775	a7	a16
13	2.79527241718148	a7	a17
13	2.79588076999059	a7	a14
13	2.79686105926593	a7	a15
13	2.79701091584941	a6	a10
12	2.80337251716766	a6	a10	a38	0
12	2.80346232291805	a7	a14	a39	0
12	2.80379097950457	a7	a17	a39	1
12	2.80400548540836	a7	a15	a39	2
12	2.80401116589257	a7	a16	a39	3
13	2.80634692690044	a7	a14
13	2.80828099652479	a7	a15
13	2.80842084463609	a7	a16
13	2.8090375829219	a7	a17
13	2.80922774389335	a6	a10
12	2.80965242771297	a6	a10	a40	0
12	2.80973033149644	a7	a14	a41	0
12	2.80979849730697	a7	a15	a41	1
12	2.80980471878968	a7	a16	a41	2
12	2.81028891244389	a7	a17	a41	3
13	2.81145828069369	a7	a14
13	2.81269933124425	a7	a15
13	2.81292141112699	a7	a16
13	2.81304529978265	a7	a17
13	2.81320245984583	a6	a10
12	2.81388682294368	a8	a56	a49	0
13	2.82829307190224	a8	a56
12	2.82842291154135	a8	a56	a54	0
12	2.83216391614342	a8	a57	a53	0
13	2.86362892968801	a8	a57
12	2.86367924254816	a8	a57	a52	0
13	2.87628667150645	a8	a57
12	2.87634509934405	a8	a57	a51	0
13	2.89647186640272	a8	a57
13	2.90233466710736	a8	a56
13	2.90257703443371	a8	a55
