%EventDef PajeDefineContainerType 0 
%       Alias string 
%       Type string 
%       Name string 
%EndEventDef 
%EventDef PajeDefineVariableType 1 
%       Alias string 
%       Type string 
%       Name string 
%       Color color 
%EndEventDef 
%EventDef PajeDefineStateType 2 
%       Alias string 
%       Type string 
%       Name string 
%EndEventDef 
%EventDef PajeDefineEventType 3 
%       Alias string 
%       Type string 
%       Name string 
%       Color color 
%EndEventDef 
%EventDef PajeDefineLinkType 4 
%       Alias string 
%       Type string 
%       StartContainerType string 
%       EndContainerType string 
%       Name string 
%EndEventDef 
%EventDef PajeDefineEntityValue 5 
%       Alias string 
%       Type string 
%       Name string 
%       Color color 
%EndEventDef 
%EventDef PajeCreateContainer 6 
%       Time date 
%       Alias string 
%       Type string 
%       Container string 
%       Name string 
%EndEventDef 
%EventDef PajeDestroyContainer 7 
%       Time date 
%       Type string 
%       Name string 
%EndEventDef 
%EventDef PajeSetVariable 8 
%       Time date 
%       Type string 
%       Container string 
%       Value double 
%EndEventDef
%EventDef PajeAddVariable 9 
%       Time date 
%       Type string 
%       Container string 
%       Value double 
%EndEventDef
%EventDef PajeSubVariable 10 
%       Time date 
%       Type string 
%       Container string 
%       Value double 
%EndEventDef
%EventDef PajeSetState 11 
%       Time date 
%       Type string 
%       Container string 
%       Value string 
%EndEventDef
%EventDef PajePushState 12 
%       Time date 
%       Type string 
%       Container string 
%       Value string 
%       Id string 
%EndEventDef
%EventDef PajePopState 13 
%       Time date 
%       Type string 
%       Container string 
%EndEventDef
%EventDef PajeResetState 14 
%       Time date 
%       Type string 
%       Container string 
%EndEventDef
%EventDef PajeStartLink 15 
%       Time date 
%       Type string 
%       Container string 
%       Value string 
%       StartContainer string 
%       Key string 
%EndEventDef
%EventDef PajeEndLink 16 
%       Time date 
%       Type string 
%       Container string 
%       Value string 
%       EndContainer string 
%       Key string 
%EndEventDef
%EventDef PajeNewEvent 17 
%       Time date 
%       Type string 
%       Container string 
%       Value string 
%EndEventDef
0	a1	0	"Task Manager"
0	a2	a1	"Node"
0	a3	a1	"Thread"
0	a4	a1	"Jobs"
0	a5	a1	"Memory usage"
2	a6	a4	"Job"
2	a7	a3	"Task"
2	a8	a3	"Timer state"
6	0	a9	a1	0	"The task manager"
6	0	a10	a4	a9	"Jobs"
6	0	a11	a5	a9	"Memory"
1	a12	a1	"Memory [MB]"	"1.0 1.0 1.0"
6	0	a13	a2	a9	"Node 0"
6	0	a14	a3	a13	"Thread 0"
6	0	a15	a3	a13	"Thread 1"
6	0	a16	a3	a13	"Thread 2"
6	0	a17	a3	a13	"Thread 3"
5	a18	a6	"ngcore::ParallelFor<int,ngcore::EnterTaskManager()::{lambda(int)#1}>(ngcore::T_Range<int>,ngcore::EnterTaskManager()::{lambda(int)#1},int,ngcore::TotalCosts)::{lambda(ngcore::TaskInfo&)#1}"	"0.630615054310908 1 0"
5	a19	a7	"ngcore::ParallelFor<int,ngcore::EnterTaskManager()::{lambda(int)#1}>(ngcore::T_Range<int>,ngcore::EnterTaskManager()::{lambda(int)#1},int,ngcore::TotalCosts)::{lambda(ngcore::TaskInfo&)#1}"	"0.630615054310908 1 0"
5	a20	a6	"ngcore::ParallelForRange<netgen::ElementIndex,netgen::MeshOptimize3d::SwapImprove(netgen::Mesh&,netgen::OPTIMIZEGOAL,netgen::NgBitArray const*)::{lambda(auto:1)#1}>(ngcore::T_Range<netgen::ElementIndex>,netgen::MeshOptimize3d::SwapImprove(netgen::Mesh&,netgen::OPTIMIZEGOAL,netgen::NgBitArray const*)::{lambda(auto:1)#1},int,ngcore::TotalCosts)::{lambda(ngcore::TaskInfo&)#1}"	"0.708022642579866 0 1"
5	a21	a7	"ngcore::ParallelForRange<netgen::ElementIndex,netgen::MeshOptimize3d::SwapImprove(netgen::Mesh&,netgen::OPTIMIZEGOAL,netgen::NgBitArray const*)::{lambda(auto:1)#1}>(ngcore::T_Range<netgen::ElementIndex>,netgen::MeshOptimize3d::SwapImprove(netgen::Mesh&,netgen::OPTIMIZEGOAL,netgen::NgBitArray const*)::{lambda(auto:1)#1},int,ngcore::TotalCosts)::{lambda(ngcore::TaskInfo&)#1}"	"0.708022642579866 0 1"
5	a22	a6	"ngcore::ParallelForRange<netgen::ElementIndex,ngcore::CreateTable<netgen::ElementIndex,netgen::PointIndex,ngcore::T_Range<netgen::ElementIndex>,netgen::Mesh::CreatePoint2ElementTable(std::optional<ngcore::BitArray>)const::{lambda(auto:1&,netgen::ElementIndex)#1}>(ngcore::T_Range<netgen::ElementIndex>const&,netgen::Mesh::CreatePoint2ElementTable(std::optional<ngcore::BitArray>)const::{lambda(auto:1&,netgen::ElementIndex)#1}const&,std::optional<unsigned long>)::{lambda(auto:1)#1}>(ngcore::T_Range<netgen::ElementIndex>,ngcore::Table,int,ngcore::TotalCosts)::{lambda(ngcore::TaskInfo&)#1}"	"0 0.230008221284954 1"
5	a23	a7	"ngcore::ParallelForRange<netgen::ElementIndex,ngcore::CreateTable<netgen::ElementIndex,netgen::PointIndex,ngcore::T_Range<netgen::ElementIndex>,netgen::Mesh::CreatePoint2ElementTable(std::optional<ngcore::BitArray>)const::{lambda(auto:1&,netgen::ElementIndex)#1}>(ngcore::T_Range<netgen::ElementIndex>const&,netgen::Mesh::CreatePoint2ElementTable(std::optional<ngcore::BitArray>)const::{lambda(auto:1&,netgen::ElementIndex)#1}const&,std::optional<unsigned long>)::{lambda(auto:1)#1}>(ngcore::T_Range<netgen::ElementIndex>,ngcore::Table,int,ngcore::TotalCosts)::{lambda(ngcore::TaskInfo&)#1}"	"0 0.230008221284954 1"
5	a24	a6	"ngcore::TablePrefixSum2<unsigned int>(ngcore::FlatArray<unsigned int,unsigned long>)::{lambda(ngcore::TaskInfo)#1}"	"0 0.312895337658212 1"
5	a25	a7	"ngcore::TablePrefixSum2<unsigned int>(ngcore::FlatArray<unsigned int,unsigned long>)::{lambda(ngcore::TaskInfo)#1}"	"0 0.312895337658212 1"
5	a26	a6	"ngcore::TablePrefixSum2<unsigned int>(ngcore::FlatArray<unsigned int,unsigned long>)::{lambda(ngcore::TaskInfo)#2}"	"0 1 0.887517304832004"
5	a27	a7	"ngcore::TablePrefixSum2<unsigned int>(ngcore::FlatArray<unsigned int,unsigned long>)::{lambda(ngcore::TaskInfo)#2}"	"0 1 0.887517304832004"
5	a28	a6	"ngcore::ParallelForRange<netgen::PointIndex,ngcore::CreateSortedTable<netgen::ElementIndex,netgen::PointIndex,ngcore::T_Range<netgen::ElementIndex>,netgen::Mesh::CreatePoint2ElementTable(std::optional<ngcore::BitArray>)const::{lambda(auto:1&,netgen::ElementIndex)#1}>(ngcore::T_Range<netgen::ElementIndex>const&,netgen::Mesh::CreatePoint2ElementTable(std::optional<ngcore::BitArray>)const::{lambda(auto:1&,netgen::ElementIndex)#1}const&,std::optional<unsigned long>)::{lambda(auto:1)#1}>(ngcore::T_Range<netgen::PointIndex>,ngcore::Table,int,ngcore::TotalCosts)::{lambda(ngcore::TaskInfo&)#1}"	"0 0.170427812303051 1"
5	a29	a7	"ngcore::ParallelForRange<netgen::PointIndex,ngcore::CreateSortedTable<netgen::ElementIndex,netgen::PointIndex,ngcore::T_Range<netgen::ElementIndex>,netgen::Mesh::CreatePoint2ElementTable(std::optional<ngcore::BitArray>)const::{lambda(auto:1&,netgen::ElementIndex)#1}>(ngcore::T_Range<netgen::ElementIndex>const&,netgen::Mesh::CreatePoint2ElementTable(std::optional<ngcore::BitArray>)const::{lambda(auto:1&,netgen::ElementIndex)#1}const&,std::optional<unsigned long>)::{lambda(auto:1)#1}>(ngcore::T_Range<netgen::PointIndex>,ngcore::Table,int,ngcore::TotalCosts)::{lambda(ngcore::TaskInfo&)#1}"	"0 0.170427812303051 1"
5	a30	a6	"ngcore::ParallelFor<unsigned long,netgen::BuildEdgeList<netgen::ElementIndex>(netgen::Mesh const&,ngcore::Table<netgen::ElementIndex,netgen::PointIndex>const&,ngcore::Array<std::tuple<netgen::PointIndex,netgen::PointIndex>,unsigned long>&)::{lambda(int)#1}>(ngcore::T_Range<unsigned long>,netgen::BuildEdgeList<netgen::ElementIndex>(netgen::Mesh const&,ngcore::Table<netgen::ElementIndex,netgen::PointIndex>const&,ngcore::Array<std::tuple<netgen::PointIndex,netgen::PointIndex>,unsigned long>&)::{lambda(int)#1},int,ngcore::TotalCosts)::{lambda(ngcore::TaskInfo&)#1}"	"1 0.872005992306398 0"
5	a31	a7	"ngcore::ParallelFor<unsigned long,netgen::BuildEdgeList<netgen::ElementIndex>(netgen::Mesh const&,ngcore::Table<netgen::ElementIndex,netgen::PointIndex>const&,ngcore::Array<std::tuple<netgen::PointIndex,netgen::PointIndex>,unsigned long>&)::{lambda(int)#1}>(ngcore::T_Range<unsigned long>,netgen::BuildEdgeList<netgen::ElementIndex>(netgen::Mesh const&,ngcore::Table<netgen::ElementIndex,netgen::PointIndex>const&,ngcore::Array<std::tuple<netgen::PointIndex,netgen::PointIndex>,unsigned long>&)::{lambda(int)#1},int,ngcore::TotalCosts)::{lambda(ngcore::TaskInfo&)#1}"	"1 0.872005992306398 0"
5	a32	a6	"ngcore::ParallelForRange<unsigned long,netgen::MeshOptimize3d::SwapImprove(netgen::Mesh&,netgen::OPTIMIZEGOAL,netgen::NgBitArray const*)::{lambda(auto:1)#2}>(ngcore::T_Range<unsigned long>,netgen::MeshOptimize3d::SwapImprove(netgen::Mesh&,netgen::OPTIMIZEGOAL,netgen::NgBitArray const*)::{lambda(auto:1)#2},int,ngcore::TotalCosts)::{lambda(ngcore::TaskInfo&)#1}"	"1 0.408375991137786 0"
5	a33	a7	"ngcore::ParallelForRange<unsigned long,netgen::MeshOptimize3d::SwapImprove(netgen::Mesh&,netgen::OPTIMIZEGOAL,netgen::NgBitArray const*)::{lambda(auto:1)#2}>(ngcore::T_Range<unsigned long>,netgen::MeshOptimize3d::SwapImprove(netgen::Mesh&,netgen::OPTIMIZEGOAL,netgen::NgBitArray const*)::{lambda(auto:1)#2},int,ngcore::TotalCosts)::{lambda(ngcore::TaskInfo&)#1}"	"1 0.408375991137786 0"
5	a34	a6	"ngcore::ParallelForRange<netgen::ElementIndex,netgen::Mesh::Compress()::{lambda(auto:1)#1}>(ngcore::T_Range<netgen::ElementIndex>,netgen::Mesh::Compress()::{lambda(auto:1)#1},int,ngcore::TotalCosts)::{lambda(ngcore::TaskInfo&)#1}"	"1 0.0611641584106637 0"
5	a35	a7	"ngcore::ParallelForRange<netgen::ElementIndex,netgen::Mesh::Compress()::{lambda(auto:1)#1}>(ngcore::T_Range<netgen::ElementIndex>,netgen::Mesh::Compress()::{lambda(auto:1)#1},int,ngcore::TotalCosts)::{lambda(ngcore::TaskInfo&)#1}"	"1 0.0611641584106637 0"
5	a36	a6	"ngcore::ParallelForRange<netgen::SurfaceElementIndex,netgen::Mesh::Compress()::{lambda(auto:1)#2}>(ngcore::T_Range<netgen::SurfaceElementIndex>,netgen::Mesh::Compress()::{lambda(auto:1)#2},int,ngcore::TotalCosts)::{lambda(ngcore::TaskInfo&)#1}"	"1 0 -2.77631980257023"
5	a37	a7	"ngcore::ParallelForRange<netgen::SurfaceElementIndex,netgen::Mesh::Compress()::{lambda(auto:1)#2}>(ngcore::T_Range<netgen::SurfaceElementIndex>,netgen::Mesh::Compress()::{lambda(auto:1)#2},int,ngcore::TotalCosts)::{lambda(ngcore::TaskInfo&)#1}"	"1 0 -2.77631980257023"
5	a38	a6	"ngcore::ParallelForRange<netgen::ElementIndex,netgen::Mesh::Compress()::{lambda(auto:1)#3}>(ngcore::T_Range<netgen::ElementIndex>,netgen::Mesh::Compress()::{lambda(auto:1)#3},int,ngcore::TotalCosts)::{lambda(ngcore::TaskInfo&)#1}"	"0.688034037288286 1 0"
5	a39	a7	"ngcore::ParallelForRange<netgen::ElementIndex,netgen::Mesh::Compress()::{lambda(auto:1)#3}>(ngcore::T_Range<netgen::ElementIndex>,netgen::Mesh::Compress()::{lambda(auto:1)#3},int,ngcore::TotalCosts)::{lambda(ngcore::TaskInfo&)#1}"	"0.688034037288286 1 0"
5	a40	a6	"ngcore::ParallelForRange<netgen::SurfaceElementIndex,netgen::Mesh::Compress()::{lambda(auto:1)#4}>(ngcore::T_Range<netgen::SurfaceElementIndex>,netgen::Mesh::Compress()::{lambda(auto:1)#4},int,ngcore::TotalCosts)::{lambda(ngcore::TaskInfo&)#1}"	"0 0.666479625428673 1"
5	a41	a7	"ngcore::ParallelForRange<netgen::SurfaceElementIndex,netgen::Mesh::Compress()::{lambda(auto:1)#4}>(ngcore::T_Range<netgen::SurfaceElementIndex>,netgen::Mesh::Compress()::{lambda(auto:1)#4},int,ngcore::TotalCosts)::{lambda(ngcore::TaskInfo&)#1}"	"0 0.666479625428673 1"
5	a42	a8	"Build edges"	"0 0.0614795051658243 1"
5	a43	a8	"CreateTable"	"0.608616351291681 0 1"
5	a44	a8	"CreateSortedTable"	"0 0.0381698166109086 1"
5	a45	a8	"MeshOptimize3d::SwapImprove loop"	"0.154668690207104 1 0"
5	a46	a8	"MeshOptimize3d::SwapImprove"	"1 0 -2.43968480148811"
5	a47	a8	"FreeOpenElementsEnvironment"	"0.907015785320433 0 1"
5	a48	a8	"Mesh::BuildBoundaryEdges"	"1 0 -2.61861416630415"
5	a49	a8	"Mesh::LinkSurfaceElements"	"0 1 0.171518596860468"
5	a50	a8	"Mesh::Compress"	"1 0.648677515017027 0"
5	a51	a8	"Mesh::CalcSurfacesOfNode, pointloop"	"0 0.319536079261344 1"
5	a52	a8	"Mesh::CalcSurfacesOfNode - surfelementht"	"0.690162641156969 0 1"
5	a53	a8	"Mesh::CalcSurfacesOfNode - surf on node"	"0.000515674241007069 1 0"
5	a54	a8	"Mesh::CalcSurfacesOfNode"	"1 0 -2.35340285344361"
6	0	a55	a3	a9	"Timer level 0"
6	0	a56	a3	a9	"Timer level 1"
6	0	a57	a3	a9	"Timer level 2"
6	0	a58	a3	a9	"Timer level 3"
4	a59	a2	a3	a3	"links"
8	0	a12	a11	0
12	0.276388016793465	a6	a10	a18	0
12	0.276578989262667	a7	a14	a19	0
13	0.27660495719049	a7	a14
12	0.276648778068692	a7	a14	a19	1
13	0.276655270050648	a7	a14
12	0.276705582910806	a7	a14	a19	2
12	0.276737231322841	a7	a17	a19	3
13	0.276781322700291	a7	a14
13	0.277267950847733	a7	a17
13	0.27743160289287	a6	a10
12	0.28208851794921	a8	a55	a47	0
13	0.3558558269167	a8	a55
12	0.356287543716765	a8	a55	a46	0
12	0.356387628438585	a8	a56	a48	0
13	0.356479598182959	a8	a56
12	0.35840338883588	a6	a10	a20	0
12	0.358466144661454	a7	a14	a21	0
12	0.358819146180304	a7	a16	a21	1
12	0.35883591713369	a7	a15	a21	2
12	0.358926263882576	a7	a17	a21	3
13	0.359555715633046	a7	a14
13	0.361016141073867	a7	a16
13	0.361433791913028	a7	a15
13	0.362253945633452	a7	a17
13	0.362381891777832	a6	a10
12	0.363182569552389	a8	a56	a44	0
12	0.363253981353903	a8	a57	a43	0
12	0.363971345360026	a6	a10	a22	0
12	0.36402815020214	a7	a14	a23	0
12	0.364259427059318	a7	a15	a23	1
12	0.364306493928498	a7	a16	a23	2
12	0.364440120557089	a7	a17	a23	3
13	0.36501222646695	a7	a14
12	0.365043604379737	a7	a14	a23	4
13	0.365808846752784	a7	a16
12	0.365874307570839	a7	a16	a23	5
13	0.365931653411449	a7	a17
12	0.366003065212964	a7	a17	a23	6
13	0.366017942671613	a7	a14
12	0.366054189570866	a7	a14	a23	7
13	0.366085837982901	a7	a15
12	0.366157249784415	a7	a15	a23	8
13	0.366802660990528	a7	a16
12	0.366867580810086	a7	a16	a23	9
13	0.367030150858231	a7	a14
12	0.367064233763499	a7	a14	a23	10
13	0.367068832250718	a7	a15
12	0.367122391101854	a7	a15	a23	11
13	0.367171621965019	a7	a17
12	0.367238705778563	a7	a17	a23	12
13	0.367971217742583	a7	a16
13	0.367995292175669	a7	a14
13	0.368022071601237	a7	a15
12	0.368025047092967	a7	a14	a23	13
12	0.368046416533572	a7	a16	a23	14
12	0.368104303372678	a7	a15	a23	15
13	0.368286619865939	a7	a17
13	0.368933383568292	a7	a14
13	0.369065116702146	a7	a16
13	0.369130577520201	a7	a15
13	0.369269343634508	a6	a10
12	0.369855245006024	a6	a10	a24	0
12	0.369928279803028	a7	a14	a25	0
13	0.370061906431619	a7	a14
12	0.370140351213586	a7	a14	a25	1
13	0.370175516115847	a7	a14
12	0.370182819595547	a7	a16	a25	2
12	0.370194721562467	a7	a17	a25	3
13	0.37034133215497	a7	a17
13	0.3703516111264	a7	a16
13	0.370580723989592	a6	a10
12	0.370732203568562	a6	a10	a26	0
12	0.370812812344514	a7	a14	a27	0
13	0.370903700091896	a7	a14
12	0.37096645591747	a7	a14	a27	1
13	0.371024342756576	a7	a14
12	0.371060319156582	a7	a16	a27	2
12	0.37108412309042	a7	a17	a27	3
13	0.371277800552103	a7	a16
13	0.371459035048371	a7	a17
13	0.371780117655938	a6	a10
12	0.372033304952217	a6	a10	a22	0
12	0.372084158810871	a7	a14	a23	0
12	0.372219137935703	a7	a17	a23	1
12	0.372269991794358	a7	a15	a23	2
12	0.372306238693611	a7	a16	a23	3
13	0.3729183784922	a7	a14
12	0.372958953379424	a7	a14	a23	4
13	0.373280035986991	a7	a16
13	0.373301134928347	a7	a15
12	0.373340627818579	a7	a16	a23	5
13	0.387448786605664	a7	a17
12	0.387513706425223	a7	a17	a23	7
12	0.388283006286993	a7	a15	a23	6
13	0.388307892217823	a7	a16
12	0.388374976031367	a7	a16	a23	8
13	0.38857460447651	a7	a17
12	0.388641688290054	a7	a17	a23	9
13	0.389184580281113	a7	a14
12	0.389223532172848	a7	a14	a23	10
13	0.389373659255578	a7	a16
13	0.389392053204453	a7	a15
12	0.389427218106714	a7	a16	a23	11
12	0.389493760921761	a7	a15	a23	12
13	0.389738833240595	a7	a17
12	0.389810786040606	a7	a17	a23	13
13	0.390018258963945	a7	a14
12	0.390055046861695	a7	a14	a23	14
13	0.390464853222659	a7	a16
13	0.390517871075299	a7	a15
12	0.39052057606778	a7	a16	a23	15
13	0.390861675619711	a7	a14
13	0.390932816921978	a7	a17
13	0.391464618443862	a7	a16
13	0.39159581057922	a6	a10
13	0.391840341899558	a8	a57
12	0.391885785773249	a6	a10	a28	0
12	0.391945836606341	a7	a14	a29	0
12	0.392057552795831	a7	a17	a29	1
13	0.392128153099601	a7	a14
12	0.392134374582309	a7	a16	a29	2
12	0.392163859000358	a7	a14	a29	3
13	0.392231483812399	a7	a14
12	0.392247172768792	a7	a14	a29	4
13	0.392310469592862	a7	a14
12	0.392361593950764	a7	a15	a29	5
12	0.392375930410917	a7	a14	a29	6
13	0.392403250834981	a7	a16
13	0.392437604239497	a7	a14
13	0.39246221967108	a7	a17
12	0.392478179126722	a7	a14	a29	7
12	0.392494679580859	a7	a16	a29	8
13	0.392537688961317	a7	a14
12	0.392550402425981	a7	a17	a29	9
12	0.392572853863578	a7	a14	a29	10
13	0.392580698341775	a7	a16
13	0.392592059310197	a7	a15
13	0.392661036618478	a7	a14
12	0.392661307117727	a7	a16	a29	11
12	0.392702152504199	a7	a14	a29	12
13	0.392705668994425	a7	a17
13	0.39272839093127	a7	a16
12	0.392751653866612	a7	a15	a29	13
13	0.392768695319246	a7	a14
12	0.392786277770377	a7	a16	a29	14
12	0.392807647210982	a7	a14	a29	15
13	0.392850115592943	a7	a15
13	0.39286823904257	a7	a14
13	0.39289177247716	a7	a16
13	0.39308301544561	a6	a10
13	0.39310790137644	a8	a56
12	0.394335426964595	a8	a56	a42	0
12	0.394799062675943	a6	a10	a30	0
12	0.395131235752685	a7	a14	a31	0
12	0.395258099900072	a7	a16	a31	1
12	0.39531869173166	a7	a15	a31	2
12	0.395919741061074	a7	a17	a31	3
13	0.395981685388903	a7	a14
13	0.396009005812967	a7	a15
13	0.396018743785901	a7	a16
12	0.396019555283645	a7	a14	a31	4
12	0.396087450594934	a7	a15	a31	5
12	0.39610854953629	a7	a16	a31	6
13	0.396161837888178	a7	a14
12	0.396195920793446	a7	a14	a31	7
13	0.396221618222022	a7	a15
13	0.396258406119772	a7	a16
12	0.39630709598444	a7	a15	a31	8
13	0.39632332593933	a7	a17
12	0.396329817921286	a7	a16	a31	9
13	0.396341449388957	a7	a14
12	0.396394196742348	a7	a17	a31	10
12	0.396416107181449	a7	a14	a31	11
13	0.396456952567922	a7	a15
13	0.396504560435598	a7	a16
13	0.396536749846129	a7	a14
12	0.396544594324326	a7	a15	a31	12
12	0.396579488727339	a7	a14	a31	13
12	0.396606809151403	a7	a16	a31	14
13	0.396623039106293	a7	a17
13	0.396694721407055	a7	a14
13	0.396703106883748	a7	a15
12	0.396708516868711	a7	a17	a31	15
13	0.396776141680752	a7	a16
13	0.39696765514845	a7	a17
13	0.39712211021915	a6	a10
13	0.39746618526281	a8	a56
12	0.397610631861328	a8	a56	a45	0
12	0.397769685419247	a6	a10	a32	0
12	0.397829736252339	a7	a14	a33	0
13	0.398071021581698	a7	a14
12	0.398095366514033	a7	a14	a33	1
13	0.398112137467419	a7	a14
12	0.398165155320058	a7	a14	a33	2
13	0.398181385274948	a7	a14
12	0.398260641554659	a7	a15	a33	3
12	0.398271732023834	a7	a14	a33	4
13	0.398290125972709	a7	a14
12	0.398336381344144	a7	a16	a33	5
12	0.398352070300538	a7	a17	a33	6
12	0.39841942461333	a7	a14	a33	7
13	0.398427810090023	a7	a15
13	0.398435654568219	a7	a14
13	0.398445663040401	a7	a16
12	0.398478393449429	a7	a14	a33	8
13	0.398504902375749	a7	a14
13	0.398546288760717	a7	a17
12	0.398550887247936	a7	a14	a33	10
12	0.398556026733651	a7	a15	a33	9
12	0.39856792870057	a7	a16	a33	11
13	0.398573609184782	a7	a14
13	0.398592814631401	a7	a16
12	0.398617159563735	a7	a17	a33	12
13	0.398638258505092	a7	a15
12	0.39865475895923	a7	a14	a33	13
13	0.398672070911112	a7	a14
13	0.398675046402842	a7	a17
12	0.398695604345702	a7	a16	a33	14
12	0.398708858808862	a7	a14	a33	15
13	0.398725088763752	a7	a14
13	0.398731851244956	a7	a16
13	0.398918766225435	a6	a10
13	0.399056179843501	a8	a56
12	0.399981828270708	a8	a56	a50	0
12	0.409733867165408	a6	a10	a34	0
12	0.409809606954893	a7	a14	a35	0
12	0.409902929195509	a7	a15	a35	1
12	0.410240512257214	a7	a16	a35	2
12	0.410339514982041	a7	a17	a35	3
13	0.443881692253253	a7	a14
13	0.44481464416016	a7	a17
13	0.446330521946854	a7	a15
13	0.446892619384533	a7	a16
13	0.447042205468766	a6	a10
12	0.447163389131942	a6	a10	a36	0
12	0.447238587922931	a7	a14	a37	0
12	0.44739899397709	a7	a15	a37	1
12	0.447521259637259	a7	a16	a37	2
12	0.447761462969626	a7	a17	a37	3
13	0.45234426123197	a7	a16
13	0.452963163511762	a7	a17
13	0.453210670323829	a7	a14
13	0.455405771722656	a7	a15
13	0.455509913933198	a6	a10
12	0.461718412676989	a6	a10	a38	0
12	0.461789824478504	a7	a14	a39	0
12	0.461882605720623	a7	a15	a39	1
12	0.46211253008156	a7	a16	a39	2
12	0.462298633564294	a7	a17	a39	3
13	0.465152130133145	a7	a14
13	0.465479704722668	a7	a15
13	0.465616036343741	a7	a16
13	0.466584423652157	a7	a17
13	0.466919572220629	a6	a10
12	0.467060772828169	a6	a10	a40	0
12	0.467126233646224	a7	a14	a41	0
12	0.467399167387618	a7	a15	a41	1
12	0.46748572714703	a7	a16	a41	2
12	0.467541449992151	a7	a17	a41	3
13	0.469087353195391	a7	a14
13	0.469464158648079	a7	a15
13	0.469563161372906	a7	a16
13	0.469977025222593	a7	a17
13	0.4701303982963	a6	a10
12	0.470864533255809	a8	a57	a49	0
13	0.483104624235094	a8	a57
12	0.483359975525358	a8	a57	a54	0
12	0.487699865462853	a8	a58	a53	0
13	0.506342673646109	a8	a58
12	0.50639406850326	a8	a58	a52	0
13	0.516005447788917	a8	a58
12	0.516048186670126	a8	a58	a51	0
13	0.520891205209201	a8	a58
13	0.525120731453446	a8	a57
13	0.525428559597853	a8	a56
13	0.525674172915183	a8	a55
12	0.52622923737241	a8	a55	a46	0
12	0.52628658321302	a8	a56	a48	0
13	0.582700824412485	a8	a56
12	0.582920469801992	a6	a10	a20	0
12	0.583069785386977	a7	a14	a21	0
12	0.583147418671199	a7	a16	a21	1
12	0.583489870719371	a7	a17	a21	2
12	0.583516920644187	a7	a15	a21	3
13	0.584004089790125	a7	a14
13	0.58465788647293	a7	a15
13	0.5850447003978	a7	a16
13	0.585436924307634	a7	a17
13	0.585584346397882	a6	a10
12	0.585814811757315	a8	a56	a44	0
12	0.585839697688146	a8	a57	a43	0
12	0.586179444743836	a6	a10	a22	0
12	0.586254643534825	a7	a14	a23	0
12	0.58648483839501	a7	a16	a23	1
12	0.586565447170962	a7	a15	a23	2
12	0.586585464115325	a7	a17	a23	3
13	0.587096437195102	a7	a14
12	0.587135389086837	a7	a14	a23	4
13	0.58770262601023	a7	a15
13	0.587712363983164	a7	a17
12	0.587769168825278	a7	a15	a23	5
12	0.587822727676414	a7	a17	a23	6
13	0.587824350671903	a7	a16
12	0.587933091369664	a7	a16	a23	7
13	0.587965280780195	a7	a14
12	0.587998822686967	a7	a14	a23	8
13	0.588643963393831	a7	a15
13	0.588660734347217	a7	a17
12	0.588708342214893	a7	a15	a23	9
12	0.588727818160761	a7	a17	a23	10
13	0.588831960371303	a7	a14
12	0.588866584275067	a7	a14	a23	11
13	0.58889552769462	a7	a16
12	0.588956660524705	a7	a16	a23	12
13	0.589578267796979	a7	a17
12	0.58965454858496	a7	a17	a23	13
13	0.58967510652782	a7	a15
13	0.58974137884362	a7	a14
12	0.589743813336853	a7	a15	a23	14
12	0.589781412732348	a7	a14	a23	15
13	0.590067330437654	a7	a16
13	0.590520687177572	a7	a17
13	0.590587229992619	a7	a15
13	0.590697323186621	a7	a14
13	0.590762784004676	a6	a10
12	0.590982970392679	a6	a10	a24	0
12	0.591017594296443	a7	a14	a25	0
13	0.591068448155098	a7	a14
12	0.591125252997212	a7	a14	a25	1
12	0.591150950425787	a7	a16	a25	2
13	0.591170155872406	a7	a14
12	0.591269429096481	a7	a15	a25	3
13	0.591331643923558	a7	a16
13	0.591487451490499	a7	a15
13	0.59161972562285	a6	a10
12	0.591697088407824	a6	a10	a26	0
12	0.591768500209338	a7	a14	a27	0
13	0.591832338031904	a7	a14
12	0.591878863902588	a7	a14	a27	1
12	0.59195216919884	a7	a17	a27	2
13	0.591958931680044	a7	a14
12	0.591997342573283	a7	a14	a27	3
13	0.592066590380812	a7	a14
13	0.592156125631953	a7	a17
13	0.592316531686113	a6	a10
12	0.592542669057575	a6	a10	a22	0
12	0.592622195836535	a7	a14	a23	0
12	0.592785306883176	a7	a17	a23	1
12	0.592818307791451	a7	a15	a23	2
12	0.593023346221557	a7	a16	a23	3
13	0.5934510055329	a7	a14
12	0.593484547439672	a7	a14	a23	4
13	0.593735841241213	a7	a17
13	0.593745579214147	a7	a15
12	0.593813204026187	a7	a17	a23	5
12	0.593831597975062	a7	a15	a23	6
13	0.593988487538996	a7	a16
12	0.594051243364569	a7	a16	a23	7
13	0.594280356227761	a7	a14
12	0.594311193142052	a7	a14	a23	8
13	0.594672850636843	a7	a17
13	0.594672850636843	a7	a15
12	0.594742639442869	a7	a15	a23	9
12	0.594757787400766	a7	a17	a23	10
13	0.594888709036876	a7	a16
12	0.594952546859442	a7	a16	a23	11
13	0.595081575000814	a7	a14
12	0.595113493912097	a7	a14	a23	12
13	0.595586056098635	a7	a17
13	0.595588761091116	a7	a15
12	0.595659090895638	a7	a15	a23	13
12	0.595674238853535	a7	a17	a23	14
13	0.595788389536259	a7	a16
12	0.59585439135281	a7	a16	a23	15
13	0.595895236739283	a7	a14
13	0.596496015569448	a7	a17
13	0.596600428279238	a7	a15
13	0.596732431912341	a7	a16
13	0.596858755061232	a6	a10
13	0.596974528739445	a8	a57
12	0.597004283656743	a6	a10	a28	0
12	0.597055137515397	a7	a14	a29	0
12	0.597128983810145	a7	a17	a29	1
13	0.59714440226729	a7	a14
12	0.597183895157522	a7	a14	a29	2
12	0.597216625566549	a7	a15	a29	3
13	0.59724448698911	a7	a14
12	0.597278028895882	a7	a14	a29	4
13	0.597332940243258	a7	a17
13	0.597333481241755	a7	a15
13	0.597336997731981	a7	a14
12	0.597388663088379	a7	a16	a29	5
12	0.59740029455605	a7	a14	a29	6
12	0.59741950000267	a7	a17	a29	7
13	0.597460345389142	a7	a14
13	0.597484419822228	a7	a16
12	0.597498215283885	a7	a14	a29	9
12	0.597498485783133	a7	a15	a29	8
13	0.597521748718475	a7	a17
12	0.597580176556077	a7	a16	a29	10
13	0.597586398038785	a7	a14
13	0.597605603485405	a7	a15
12	0.597616693954579	a7	a14	a29	11
13	0.597678908781656	a7	a14
12	0.597686212261357	a7	a15	a29	12
13	0.597686753259853	a7	a16
12	0.597711909689932	a7	a14	a29	13
13	0.597754919070389	a7	a15
12	0.59775924705836	a7	a16	a29	14
13	0.597773583518513	a7	a14
13	0.5978268718704	a7	a16
12	0.597842831326042	a7	a14	a29	15
13	0.597904505154623	a7	a14
13	0.647331209775593	a6	a10
13	0.647448606449295	a8	a56
12	0.648619327195336	a8	a56	a42	0
12	0.648802184687093	a6	a10	a30	0
12	0.6488746784856	a7	a14	a31	0
12	0.648936622813429	a7	a17	a31	1
13	0.649039142028482	a7	a14
12	0.649084044903676	a7	a14	a31	2
12	0.649128677279623	a7	a15	a31	3
13	0.649193597099182	a7	a17
13	0.649213884542794	a7	a14
12	0.649258787417988	a7	a14	a31	4
12	0.649298009808972	a7	a17	a31	5
12	0.649331010717247	a7	a16	a31	6
13	0.649353732654093	a7	a15
13	0.649375102094698	a7	a14
12	0.64940864400147	a7	a14	a31	7
13	0.649424062458615	a7	a17
12	0.649440833412001	a7	a15	a31	8
12	0.64948952327667	a7	a17	a31	9
13	0.649557418587958	a7	a14
13	0.649562017075177	a7	a16
13	0.649597181977438	a7	a15
12	0.649605567454131	a7	a14	a31	10
13	0.649633428876691	a7	a17
12	0.649653986819552	a7	a16	a31	11
12	0.649695643703768	a7	a15	a31	12
12	0.649723775625577	a7	a17	a31	13
13	0.649748932055656	a7	a14
12	0.649794375929347	a7	a14	a31	14
13	0.649829811330856	a7	a16
13	0.649875796203044	a7	a17
13	0.649879042194022	a7	a15
12	0.649895272148911	a7	a16	a31	15
13	0.649911772603049	a7	a14
13	0.650020783800058	a7	a16
13	0.650161172909854	a6	a10
13	0.65048090302118	a8	a56
12	0.650534461872316	a8	a56	a45	0
12	0.650583151736985	a6	a10	a32	0
12	0.650639415580602	a7	a14	a33	0
13	0.650675662479856	a7	a14
12	0.650692974431738	a7	a14	a33	1
13	0.650709204386628	a7	a14
12	0.650725975340014	a7	a14	a33	2
13	0.6507427462934	a7	a14
12	0.650759517246786	a7	a14	a33	3
13	0.650775747201675	a7	a14
12	0.650792518155061	a7	a14	a33	4
13	0.650808748109951	a7	a14
12	0.650825519063337	a7	a14	a33	5
13	0.650841749018227	a7	a14
12	0.650859060970109	a7	a14	a33	6
13	0.650874208928006	a7	a14
12	0.650907750834778	a7	a14	a33	7
13	0.650940210744557	a7	a14
12	0.650989982606219	a7	a14	a33	8
13	0.651008376555094	a7	a14
12	0.651009188052838	a7	a17	a33	9
12	0.651088444332549	a7	a14	a33	10
12	0.651104944786687	a7	a15	a33	11
13	0.651105215285935	a7	a14
13	0.651121715740073	a7	a17
12	0.651142003183685	a7	a14	a33	12
13	0.651155257646845	a7	a15
13	0.651158774137071	a7	a14
12	0.651168241610757	a7	a16	a33	13
12	0.651199349024295	a7	a14	a33	14
13	0.651216660976178	a7	a14
13	0.6512207184649	a7	a16
12	0.651222882458885	a7	a17	a33	15
13	0.651271572323554	a7	a17
13	0.651445503340122	a6	a10
13	0.651530440104044	a8	a56
12	0.652878608356879	a8	a56	a50	0
12	0.673583161809618	a6	a10	a34	0
12	0.673658901599103	a7	a14	a35	0
12	0.673892342450266	a7	a16	a35	1
12	0.674014067111939	a7	a17	a35	2
12	0.674044904026229	a7	a15	a35	3
13	0.703524453089311	a7	a17
13	0.716856549533422	a7	a14
13	0.719909674547416	a7	a16
13	0.720446886054263	a7	a15
13	0.720587816162555	a6	a10
12	0.720716032806183	a6	a10	a36	0
12	0.720786362610705	a7	a14	a37	0
12	0.720999786517504	a7	a16	a37	1
12	0.721166955052868	a7	a15	a37	2
12	0.721195086974677	a7	a17	a37	3
13	0.723413180809597	a7	a17
13	0.725061062229394	a7	a15
13	0.725992932139308	a7	a14
13	0.727725479823779	a7	a16
13	0.727885344879443	a6	a10
12	0.73202777036578	a6	a10	a38	0
12	0.732102969156769	a7	a14	a39	0
12	0.732186553424451	a7	a15	a39	1
12	0.732389968859068	a7	a17	a39	2
12	0.732441363716218	a7	a16	a39	3
13	0.735558326552778	a7	a14
13	0.736142334429557	a7	a17
13	0.736171548348359	a7	a15
13	0.736327896913796	a7	a16
13	0.736458548050657	a6	a10
12	0.736529418853676	a6	a10	a40	0
12	0.736585141698797	a7	a14	a41	0
12	0.736875387392073	a7	a17	a41	1
12	0.736922454261253	a7	a15	a41	2
12	0.736984128089834	a7	a16	a41	3
13	0.737636842775647	a7	a14
13	0.738875999831472	a7	a15
13	0.739273092727773	a7	a16
13	0.739602560812033	a7	a17
13	0.739748900905288	a6	a10
12	0.740146534800084	a8	a57	a49	0
13	0.752386084780873	a8	a57
12	0.7524850875057	a8	a57	a54	0
12	0.754814086032367	a8	a58	a53	0
13	0.772027035189844	a8	a58
12	0.77206869207406	a8	a58	a52	0
13	0.781295962427328	a8	a58
12	0.781343570295005	a8	a58	a51	0
13	0.786166030891219	a8	a58
13	0.790415574079828	a8	a57
13	0.790665515385129	a8	a56
13	0.79085215986636	a8	a55
12	0.79151704701834	a8	a55	a46	0
12	0.791570064870979	a8	a56	a48	0
13	0.857653031196712	a8	a56
12	0.858006844213306	a6	a10	a20	0
12	0.858156700796788	a7	a14	a21	0
12	0.858367960709601	a7	a17	a21	1
12	0.858433962526153	a7	a16	a21	2
12	0.858538916234439	a7	a15	a21	3
13	0.859054217302186	a7	a14
13	0.860154878742953	a7	a16
13	0.860287964373048	a7	a17
13	0.860378311121934	a7	a15
13	0.860500847281351	a6	a10
12	0.860841135335537	a8	a56	a44	0
12	0.860859529284412	a8	a57	a43	0
12	0.861199817338599	a6	a10	a22	0
12	0.861335607961176	a7	a14	a23	0
12	0.86140999525442	a7	a15	a23	1
12	0.861573376800309	a7	a16	a23	2
12	0.861738381341687	a7	a17	a23	3
13	0.862168204647015	a7	a14
12	0.86221310752221	a7	a14	a23	4
13	0.862622913883174	a7	a15
12	0.862687833702733	a7	a15	a23	5
13	0.862726244595971	a7	a16
13	0.862792787411019	a7	a17
12	0.862793869408012	a7	a16	a23	6
12	0.862880429167423	a7	a17	a23	7
13	0.863031638247145	a7	a14
12	0.863066803149406	a7	a14	a23	8
13	0.863515020403609	a7	a15
12	0.863578858226175	a7	a15	a23	9
13	0.86369571390138	a7	a17
13	0.863752518743494	a7	a16
12	0.863761174719435	a7	a17	a23	10
12	0.863829340529972	a7	a16	a23	11
13	0.863878841892385	a7	a14
12	0.863911301802165	a7	a14	a23	12
13	0.864509916638345	a7	a15
12	0.864574295459407	a7	a15	a23	13
13	0.864592689408282	a7	a17
12	0.86467546217822	a7	a17	a23	14
13	0.864715766566196	a7	a14
13	0.864733349017326	a7	a16
12	0.864752013465449	a7	a14	a23	15
13	0.865488582918192	a7	a15
13	0.865489123916688	a7	a17
13	0.865566216202414	a7	a14
13	0.865697137838524	a6	a10
12	0.865939505164876	a6	a10	a24	0
12	0.866001719991953	a7	a14	a25	0
13	0.866068803805497	a7	a14
12	0.866083951763394	a7	a14	a25	1
13	0.866117493670166	a7	a14
12	0.8661418386025	a7	a14	a25	2
13	0.866176462506265	a7	a14
12	0.866192151462658	a7	a14	a25	3
13	0.866238136334846	a7	a14
13	0.866522160545415	a6	a10
12	0.866607097309337	a6	a10	a26	0
12	0.866666607143933	a7	a14	a27	0
13	0.866754248900337	a7	a14
12	0.866787249808613	a7	a14	a27	1
13	0.866857579613134	a7	a14
12	0.866930073411642	a7	a14	a27	2
12	0.866960098828187	a7	a15	a27	3
13	0.867018797165038	a7	a14
13	0.867144038316937	a7	a15
13	0.867264410482368	a6	a10
12	0.867488924858342	a6	a10	a22	0
12	0.867526253754588	a7	a14	a23	0
12	0.867617412001219	a7	a17	a23	1
12	0.867721824711009	a7	a16	a23	2
12	0.867761858599737	a7	a15	a23	3
13	0.868315570560722	a7	a14
12	0.868351276461479	a7	a14	a23	4
13	0.868480304602852	a7	a17
12	0.868539273438951	a7	a17	a23	5
13	0.868566323363767	a7	a16
12	0.868631243183326	a7	a16	a23	6
13	0.868787050750267	a7	a15
12	0.8688557575593	a7	a15	a23	7
13	0.869130855294679	a7	a14
12	0.869160610211977	a7	a14	a23	8
13	0.86941028101803	a7	a17
13	0.86947195484661	a7	a16
12	0.869474118840596	a7	a17	a23	9
12	0.869571498569934	a7	a16	a23	10
13	0.869743536091764	a7	a15
12	0.869810619905308	a7	a15	a23	11
13	0.869930451072243	a7	a14
12	0.869962369983526	a7	a14	a23	12
13	0.870286698582071	a7	a17
12	0.870351077403134	a7	a17	a23	13
13	0.870418161216678	a7	a16
12	0.870483081036236	a7	a16	a23	14
13	0.87073545683477	a7	a14
13	0.870748170299434	a7	a15
12	0.870766834747557	a7	a14	a23	15
13	0.871152837174683	a7	a17
13	0.871308103743127	a7	a16
13	0.87154154459429	a7	a14
13	0.871592939451441	a6	a10
13	0.871699516155216	a8	a57
12	0.871731435066499	a6	a10	a28	0
12	0.871801223872525	a7	a14	a29	0
13	0.871900767595848	a7	a14
12	0.871952162452999	a7	a14	a29	1
12	0.8719740728921	a7	a16	a29	2
13	0.872026279246995	a7	a14
12	0.872064149141737	a7	a14	a29	3
13	0.872139618431974	a7	a16
13	0.872154495890623	a7	a14
12	0.872192365785366	a7	a14	a29	4
12	0.872201833259051	a7	a16	a29	5
13	0.872258908600413	a7	a14
13	0.872267835075603	a7	a16
12	0.872289745514704	a7	a14	a29	6
12	0.87233437789065	a7	a17	a29	7
12	0.872352230841029	a7	a16	a29	8
13	0.872356829328248	a7	a14
12	0.872389830236523	a7	a14	a29	10
13	0.872427970630514	a7	a16
12	0.872445823580893	a7	a15	a29	9
13	0.872448258074126	a7	a14
13	0.872462594534278	a7	a17
12	0.872488562462102	a7	a16	a29	11
12	0.872527784853085	a7	a14	a29	12
12	0.87256971223655	a7	a17	a29	13
13	0.872571876230535	a7	a16
13	0.872581614203469	a7	a15
13	0.8725991966546	a7	a14
13	0.872646534023028	a7	a17
12	0.872651944007991	a7	a15	a29	14
12	0.872662493478669	a7	a14	a29	15
13	0.872723626308754	a7	a14
13	0.872781783647108	a7	a15
13	0.872965993635106	a6	a10
13	0.872985469580974	a8	a56
12	0.87332575763516	a8	a56	a42	0
12	0.873375529496822	a6	a10	a30	0
12	0.873492385172027	a7	a14	a31	0
13	0.873609781845729	a7	a14
12	0.873627093797612	a7	a14	a31	1
13	0.87376558941267	a7	a14
12	0.873796155827712	a7	a16	a31	2
12	0.873816443271324	a7	a14	a31	3
12	0.87388325658562	a7	a17	a31	4
12	0.873913011502918	a7	a15	a31	5
13	0.873964676859316	a7	a14
12	0.874013907722482	a7	a14	a31	6
13	0.874036900158575	a7	a16
13	0.87404501513602	a7	a17
12	0.874103442973623	a7	a16	a31	7
13	0.874106688964601	a7	a15
12	0.874121836922498	a7	a17	a31	8
13	0.874141042369117	a7	a14
12	0.874179994260853	a7	a14	a31	9
12	0.874208937680406	a7	a15	a31	10
13	0.8742392335962	a7	a17
13	0.874279267484928	a7	a16
13	0.874295226940569	a7	a14
12	0.874334178832304	a7	a14	a31	11
12	0.874353384278924	a7	a17	a31	12
12	0.874376106215769	a7	a16	a31	13
13	0.874393959166148	a7	a15
12	0.874482141921048	a7	a15	a31	14
13	0.874508921346616	a7	a14
13	0.874517306823309	a7	a16
13	0.874522716808273	a7	a17
12	0.874541922254892	a7	a14	a31	15
13	0.874598997596254	a7	a15
13	0.874686909851906	a7	a14
13	0.874782125587259	a6	a10
13	0.874912506224873	a8	a56
12	0.874941179145178	a8	a56	a45	0
12	0.874960655091045	a6	a10	a32	0
12	0.874994737996314	a7	a14	a33	0
13	0.875010426952707	a7	a14
12	0.875026656907597	a7	a14	a33	1
13	0.875049378844442	a7	a14
12	0.875071018784295	a7	a14	a33	2
13	0.875087789737681	a7	a14
12	0.875132692612876	a7	a14	a33	3
13	0.875149463566262	a7	a14
12	0.875219793370783	a7	a14	a33	4
13	0.87523656432417	a7	a14
12	0.875256851767782	a7	a17	a33	5
12	0.875284172191846	a7	a14	a33	6
13	0.875300943145232	a7	a14
12	0.875312574612903	a7	a15	a33	7
13	0.875315820603881	a7	a17
12	0.875329886564785	a7	a16	a33	8
12	0.875344764023434	a7	a14	a33	9
13	0.87536153497682	a7	a14
13	0.875371002450505	a7	a15
12	0.875382363418928	a7	a17	a33	10
13	0.875387773403892	a7	a16
13	0.875397511376825	a7	a17
12	0.875418339818934	a7	a14	a33	11
13	0.875436192769312	a7	a14
12	0.875485423632478	a7	a14	a33	12
13	0.875502194585864	a7	a14
12	0.875509498065564	a7	a16	a33	13
12	0.875545744964818	a7	a17	a33	14
13	0.875547908958803	a7	a16
13	0.875564138913692	a7	a17
12	0.875572253891137	a7	a15	a33	15
13	0.875687486570854	a7	a15
13	0.875813809719745	a6	a10
13	0.875861417587421	a8	a56
12	0.876361300198023	a8	a56	a50	0
12	0.881654429486037	a6	a10	a34	0
12	0.88179671209057	a7	a14	a35	0
12	0.881850541440954	a7	a17	a35	1
12	0.881891657326675	a7	a16	a35	2
12	0.882154582595887	a7	a15	a35	3
13	0.915148998889573	a7	a17
13	0.916793363819144	a7	a14
13	0.917731725711014	a7	a16
13	0.918165606505065	a7	a15
13	0.918297339638919	a6	a10
12	0.918327635554713	a6	a10	a36	0
12	0.918392014375775	a7	a14	a37	0
12	0.918702818011912	a7	a16	a37	1
12	0.918730949933721	a7	a17	a37	2
12	0.918844018619453	a7	a15	a37	3
13	0.922738666794475	a7	a15
13	0.923194728526874	a7	a17
13	0.923416808409614	a7	a14
13	0.924597537627837	a7	a16
13	0.924706548824846	a6	a10
12	0.928401027556229	a6	a10	a38	0
12	0.928462701384809	a7	a14	a39	0
12	0.928620943444984	a7	a16	a39	1
12	0.928845457820957	a7	a15	a39	2
12	0.928894147685626	a7	a17	a39	3
13	0.931589131695054	a7	a14
13	0.932287831253054	a7	a16
13	0.932336521117723	a7	a17
13	0.932495033677146	a7	a15
13	0.932624602817015	a6	a10
12	0.932676538672662	a6	a10	a40	0
12	0.932736589505753	a7	a14	a41	0
12	0.933002490266696	a7	a16	a41	1
12	0.93304739314189	a7	a17	a41	2
12	0.933178855776497	a7	a15	a41	3
13	0.933731485740489	a7	a14
13	0.93509344945498	a7	a16
13	0.935254126008388	a7	a15
13	0.935411556570817	a7	a17
13	0.935579536603925	a6	a10
12	0.93592307064909	a8	a57	a49	0
13	0.94770493590199	a8	a57
12	0.947773642711023	a8	a57	a54	0
12	0.949747205225606	a8	a58	a53	0
13	0.966663687207099	a8	a58
12	0.966698311110863	a8	a58	a52	0
13	0.97537268100089	a8	a58
12	0.975406222907662	a8	a58	a51	0
13	0.980031760051215	a8	a58
13	0.984100609742053	a8	a57
13	0.984232613375156	a8	a56
13	0.984390043937585	a8	a55
12	0.984755217922603	a8	a55	a46	0
12	0.98478064485193	a8	a56	a48	0
13	1.03328819302765	a8	a56
12	1.03344886958106	a6	a10	a20	0
12	1.03352947835701	a7	a14	a21	0
12	1.03372072132546	a7	a17	a21	1
12	1.03385380695555	a7	a16	a21	2
12	1.03394198971045	a7	a15	a21	3
13	1.03442969985489	a7	a14
13	1.0355833791483	a7	a17
13	1.03560069110018	a7	a16
13	1.03580464753329	a7	a15
13	1.03593313467617	a6	a10
12	1.03613546811379	a8	a56	a44	0
12	1.03615386206267	a8	a57	a43	0
12	1.03640109837549	a6	a10	a22	0
12	1.03646710019204	a7	a14	a23	0
12	1.03666213014996	a7	a17	a23	1
12	1.03670541002967	a7	a16	a23	2
12	1.03684174165074	a7	a15	a23	3
13	1.03724559702824	a7	a14
12	1.03728454891998	a7	a14	a23	4
13	1.03765107540124	a7	a17
12	1.03771383122681	a7	a17	a23	5
13	1.03783609688698	a7	a16
12	1.03790155770504	a7	a16	a23	6
13	1.03794646058023	a7	a15
12	1.0380097574043	a7	a15	a23	7
13	1.03818314742237	a7	a14
12	1.03821452533516	a7	a14	a23	8
13	1.03855237889611	a7	a17
12	1.03862108570514	a7	a17	a23	9
13	1.0387595813202	a7	a16
12	1.03882504213826	a7	a16	a23	10
13	1.03893756982549	a7	a15
12	1.03900086664956	a7	a15	a23	11
13	1.03903738404806	a7	a14
12	1.03906767996386	a7	a14	a23	12
13	1.03946991234587	a7	a17
12	1.03953104517596	a7	a17	a23	13
13	1.03966142581357	a7	a16
12	1.03972580463463	a7	a16	a23	14
13	1.03981615138352	a7	a15
12	1.03988053020458	a7	a15	a23	15
13	1.03993435955497	a7	a14
13	1.04032306697457	a7	a17
13	1.04064387908289	a7	a16
13	1.04074179981073	a7	a15
13	1.04087786093255	a6	a10
12	1.04100066759122	a6	a10	a24	0
12	1.04105476744085	a7	a14	a25	0
13	1.04111103128447	a7	a14
12	1.04112780223785	a7	a14	a25	1
13	1.04117378711004	a7	a14
12	1.04119109906192	a7	a14	a25	2
13	1.04122896895666	a7	a14
12	1.04123573143787	a7	a16	a25	3
13	1.04138396502586	a7	a16
13	1.04160279891762	a6	a10
12	1.04163309483342	a6	a10	a26	0
12	1.04170288363944	a7	a14	a27	0
13	1.041767803459	a7	a14
12	1.04180026336878	a7	a14	a27	1
13	1.04186788818082	a7	a14
12	1.04188357713721	a7	a14	a27	2
13	1.0419436279703	a7	a14
12	1.0419744648846	a7	a14	a27	3
13	1.04203776170866	a7	a14
13	1.04224225914027	a6	a10
12	1.04243052661699	a6	a10	a22	0
12	1.04248624946212	a7	a14	a23	0
12	1.04256063675536	a7	a15	a23	1
12	1.04273592026817	a7	a16	a23	2
12	1.04274836323358	a7	a17	a23	3
13	1.04326420529983	a7	a14
12	1.04330045219908	a7	a14	a23	4
13	1.04350035114347	a7	a15
12	1.0435701399495	a7	a15	a23	5
13	1.04358366491191	a7	a16
13	1.04360205886078	a7	a17
12	1.04365561771192	a7	a16	a23	6
12	1.04367184766681	a7	a17	a23	7
13	1.04407516204581	a7	a14
12	1.0441216879165	a7	a14	a23	8
13	1.0444368195406	a7	a15
13	1.04446008247595	a7	a17
13	1.04449091939024	a7	a16
12	1.04450065736317	a7	a15	a23	9
12	1.04455097022333	a7	a17	a23	10
12	1.04458343013311	a7	a16	a23	11
13	1.04488720078879	a7	a14
12	1.04493534965497	a7	a14	a23	12
13	1.04532946705954	a7	a15
13	1.04537328793774	a7	a17
12	1.0453933048821	a7	a15	a23	13
12	1.04547174966407	a7	a17	a23	14
13	1.04556263741145	a7	a16
12	1.04562809822951	a7	a16	a23	15
13	1.04570464951674	a7	a14
13	1.04626755845216	a7	a17
13	1.04627242743863	a7	a15
13	1.04654671367626	a7	a16
13	1.04667033183267	a6	a10
13	1.04677636753795	a8	a57
12	1.04680125346878	a6	a10	a28	0
12	1.04687104227481	a7	a14	a29	0
13	1.04693217510489	a7	a14
12	1.04697815997708	a7	a14	a29	1
12	1.0469973654237	a7	a15	a29	2
12	1.04700710339663	a7	a17	a29	3
13	1.04705173577258	a7	a14
12	1.04710150763424	a7	a14	a29	4
13	1.04714938600116	a7	a17
13	1.04717075544177	a7	a14
13	1.04717156693951	a7	a15
12	1.04722512579065	a7	a16	a29	5
12	1.04725298721321	a7	a14	a29	6
12	1.04729329160119	a7	a15	a29	7
12	1.04730357057262	a7	a17	a29	8
13	1.04731817753202	a7	a16
13	1.04731953002826	a7	a14
12	1.04737741686736	a7	a14	a29	9
13	1.04737822836511	a7	a15
13	1.04739716331248	a7	a17
12	1.04740365529443	a7	a16	a29	10
13	1.04745748464482	a7	a14
12	1.0474680341155	a7	a15	a29	11
13	1.04747019810948	a7	a16
12	1.04749048555309	a7	a14	a29	12
12	1.04752537995611	a7	a17	a29	13
13	1.04755892186288	a7	a15
13	1.04755973336062	a7	a14
12	1.04759138177266	a7	a16	a29	14
12	1.04761275121326	a7	a14	a29	15
13	1.04761789069898	a7	a17
13	1.04767875302981	a7	a14
13	1.04771472942982	a7	a16
13	1.04785079055164	a6	a10
13	1.04786269251856	a8	a56
12	1.04812074880131	a8	a56	a42	0
12	1.04820406256974	a6	a10	a30	0
12	1.048313344266	a7	a14	a31	0
12	1.04835310765548	a7	a16	a31	1
12	1.04838286257278	a7	a17	a31	2
13	1.04845292187805	a7	a14
12	1.04849566075926	a7	a14	a31	3
13	1.04855435909611	a7	a17
13	1.04855868708408	a7	a16
12	1.04862468890063	a7	a16	a31	4
12	1.04864795183598	a7	a17	a31	5
13	1.04864930433222	a7	a14
12	1.04868446923448	a7	a14	a31	6
12	1.0487469545608	a7	a15	a31	7
13	1.04876047952321	a7	a16
13	1.04878752944803	a7	a17
13	1.04879970191419	a7	a14
12	1.04883405531871	a7	a16	a31	8
12	1.04884568678638	a7	a14	a31	9
12	1.04886164624202	a7	a17	a31	10
13	1.04893522203752	a7	a15
13	1.04896741144805	a7	a14
13	1.04897092793828	a7	a16
12	1.04900365834731	a7	a14	a31	11
13	1.04902827377889	a7	a17
12	1.04904558573077	a7	a15	a31	12
12	1.04905911069318	a7	a16	a31	13
12	1.04913863747214	a7	a17	a31	14
13	1.04914756394733	a7	a14
13	1.04919598331275	a7	a16
13	1.04921383626313	a7	a15
13	1.0492625261278	a7	a17
12	1.04927902658193	a7	a14	a31	15
13	1.04943753914136	a7	a14
13	1.04948731100302	a6	a10
13	1.04960362567973	a8	a56
12	1.04964798755643	a8	a56	a45	0
12	1.04967341448575	a6	a10	a32	0
12	1.04970912038651	a7	a14	a33	0
13	1.0497253503414	a7	a14
12	1.04974158029629	a7	a14	a33	1
13	1.04975726925268	a7	a14
12	1.04977349920757	a7	a14	a33	2
13	1.04978972916246	a7	a14
12	1.04980595911735	a7	a14	a33	3
13	1.04982273007074	a7	a14
12	1.04983841902713	a7	a14	a33	4
13	1.04985573097901	a7	a14
12	1.04987574792338	a7	a14	a33	5
13	1.04989360087376	a7	a14
12	1.04994824172189	a7	a14	a33	6
13	1.04996609467226	a7	a14
12	1.05003263748731	a7	a14	a33	7
13	1.05004994943919	a7	a14
12	1.0501010737971	a7	a15	a33	8
12	1.05010486078657	a7	a17	a33	9
12	1.05013677969785	a7	a16	a33	10
13	1.05014759966778	a7	a17
12	1.05014949316252	a7	a14	a33	11
13	1.05015355065124	a7	a15
13	1.0501662641159	a7	a14
13	1.05017573158959	a7	a16
12	1.05020575700613	a7	a14	a33	12
12	1.05022009346629	a7	a17	a33	13
13	1.05022306895802	a7	a14
13	1.05024227440464	a7	a17
12	1.05026202084975	a7	a14	a33	14
13	1.05027879180314	a7	a14
12	1.05031476820314	a7	a16	a33	15
13	1.05033857213698	a7	a16
13	1.05053793008288	a6	a10
13	1.05058012796559	a8	a56
12	1.05101887774611	a8	a56	a50	0
12	1.05671018192741	a6	a10	a34	0
12	1.05676806876652	a7	a14	a35	0
12	1.05700800159964	a7	a17	a35	1
12	1.05705182247784	a7	a16	a35	2
12	1.05714487421921	a7	a15	a35	3
13	1.08929398036239	a7	a14
13	1.09152695165596	a7	a17
13	1.09221131475381	a7	a15
13	1.09269334441403	a7	a16
13	1.09282994653435	a6	a10
12	1.09289053836594	a6	a10	a36	0
12	1.09294355621858	a7	a14	a37	0
12	1.09304553443514	a7	a17	a37	1
12	1.0931834890517	a7	a15	a37	2
12	1.09332901764721	a7	a16	a37	3
13	1.0949330781888	a7	a16
13	1.09636997019504	a7	a15
13	1.09897352545858	a7	a14
13	1.0995526643489	a7	a17
13	1.09975851427675	a6	a10
12	1.10343838604873	a6	a10	a38	0
12	1.10350546986227	a7	a14	a39	0
12	1.10359825110439	a7	a15	a39	1
12	1.10372159876155	a7	a16	a39	2
12	1.10382655246984	a7	a17	a39	3
13	1.10668113103568	a7	a14
13	1.10728840184781	a7	a17
13	1.10737928959519	a7	a15
13	1.10749019428693	a7	a16
13	1.10761218944785	a6	a10
12	1.10766683029598	a6	a10	a40	0
12	1.10772796312607	a7	a14	a41	0
12	1.10791325511106	a7	a17	a41	1
12	1.10797925692761	a7	a15	a41	2
12	1.10809124361635	a7	a16	a41	3
13	1.10873963031419	a7	a14
13	1.11015244788733	a7	a16
13	1.11023251566479	a7	a15
13	1.11043430810392	a7	a17
13	1.1105774022062	a6	a10
12	1.11089334532805	a8	a57	a49	0
13	1.12270388350125	a8	a57
12	1.12283155914639	a8	a57	a54	0
12	1.12474020184141	a8	a58	a53	0
13	1.14120927806644	a8	a58
12	1.14124931195517	a8	a58	a52	0
13	1.14979708819706	a8	a58
12	1.14983063010383	a8	a58	a51	0
13	1.15448213517521	a8	a58
13	1.15854503388259	a8	a57
13	1.15866134855929	a8	a56
13	1.15881445113375	a8	a55
12	1.15917800212328	a8	a55	a46	0
12	1.15919801906765	a8	a56	a48	0
13	1.20709153395004	a8	a56
12	1.20724842351397	a6	a10	a20	0
12	1.20732254030797	a7	a14	a21	0
12	1.20771287072307	a7	a17	a21	1
12	1.20777833154112	a7	a15	a21	2
12	1.20779456149601	a7	a16	a21	3
13	1.20822817179081	a7	a14
13	1.20953549465718	a7	a17
13	1.20956633157147	a7	a15
13	1.2096052834632	a7	a16
13	1.20979219844368	a6	a10
12	1.209965858961	a8	a56	a44	0
12	1.20998262991439	a8	a57	a43	0
12	1.21024771917758	a6	a10	a22	0
12	1.21037268983023	a7	a14	a23	0
12	1.21043896214603	a7	a15	a23	1
12	1.21062344263328	a7	a17	a23	2
12	1.21080034914158	a7	a16	a23	3
13	1.21119771253712	a7	a14
12	1.21123233644089	a7	a14	a23	4
13	1.21163889681087	a7	a15
13	1.21167243871765	a7	a17
12	1.21169678364998	a7	a15	a23	5
12	1.21177685142744	a7	a17	a23	6
13	1.21189424810114	a7	a16
12	1.21196133191468	a7	a16	a23	7
13	1.21205357215831	a7	a14
12	1.21208657306658	a7	a14	a23	8
13	1.2125174783689	a7	a15
13	1.21255751225763	a7	a17
12	1.21258293918696	a7	a15	a23	9
12	1.21263271104862	a7	a17	a23	10
13	1.21290807928325	a7	a16
13	1.21296731861859	a7	a14
12	1.21297191710581	a7	a16	a23	11
12	1.21299977852837	a7	a14	a23	12
13	1.21346260274198	a7	a17
13	1.21352265357507	a7	a15
12	1.21352698156304	a7	a17	a23	13
12	1.2136216562999	a7	a15	a23	14
13	1.21379856280819	a7	a16
12	1.21386185963226	a7	a16	a23	15
13	1.2138935080443	a7	a14
13	1.21432928233308	a7	a17
13	1.21453377976469	a7	a15
13	1.21472312923841	a7	a16
13	1.21486946933166	a6	a10
12	1.21497983302491	a6	a10	a24	0
12	1.21503014588507	a7	a14	a25	0
13	1.21508586873019	a7	a14
12	1.21514402606855	a7	a15	a25	1
12	1.21516269051667	a7	a14	a25	2
13	1.21520813439036	a7	a14
12	1.21522436434525	a7	a14	a25	3
13	1.21527034921744	a7	a14
13	1.2152836036806	a7	a15
13	1.21558953833027	a6	a10
12	1.21563822819494	a6	a10	a26	0
12	1.21572641094984	a7	a14	a27	0
13	1.21579511775887	a7	a14
12	1.21582270868218	a7	a14	a27	1
13	1.21588330051377	a7	a14
12	1.21591251443257	a7	a14	a27	2
12	1.2159603927995	a7	a15	a27	3
13	1.21597202426717	a7	a14
13	1.21610159340704	a7	a15
13	1.21623927752435	a6	a10
12	1.21644052896498	a6	a10	a22	0
12	1.21649246482063	a7	a14	a23	0
12	1.21657929507929	a7	a17	a23	1
12	1.2166950687575	a7	a16	a23	2
12	1.21673131565675	a7	a15	a23	3
13	1.21726446967488	a7	a14
12	1.21730125757263	a7	a14	a23	4
13	1.21746436861927	a7	a17
12	1.2175330754283	a7	a17	a23	5
13	1.21767860402381	a7	a16
13	1.21769862096818	a7	a15
12	1.21777057376819	a7	a16	a23	6
12	1.21779167270955	a7	a15	a23	7
13	1.21807921341034	a7	a14
12	1.21811275531711	a7	a14	a23	8
13	1.21836188512467	a7	a17
12	1.21842680494423	a7	a17	a23	9
13	1.2186367123608	a7	a15
12	1.21870109118186	a7	a15	a23	10
13	1.21873517408713	a7	a16
12	1.21879955290819	a7	a16	a23	11
13	1.21887826818941	a7	a14
12	1.21891126909768	a7	a14	a23	12
13	1.21924317167518	a7	a17
12	1.21930430450526	a7	a17	a23	13
13	1.21956668877598	a7	a15
13	1.21961700163614	a7	a16
12	1.21963106759704	a7	a15	a23	14
13	1.21968435594893	a7	a14
12	1.21969652841509	a7	a16	a23	15
13	1.22007414536553	a7	a17
13	1.22045554930543	a7	a15
13	1.22050640316409	a7	a16
13	1.22064733327238	a6	a10
13	1.22073497502878	a8	a57
12	1.22076905793405	a6	a10	a28	0
12	1.2208215347882	a7	a14	a29	0
13	1.22089835657467	a7	a14
12	1.22091404553107	a7	a14	a29	1
13	1.22098708032807	a7	a14
12	1.22100331028296	a7	a14	a29	2
13	1.22106498411154	a7	a14
12	1.22112746943787	a7	a15	a29	3
12	1.22115641285742	a7	a14	a29	4
13	1.22121646369051	a7	a14
12	1.22121943918224	a7	a16	a29	5
12	1.22123188214766	a7	a17	a29	6
12	1.22125162859277	a7	a14	a29	7
13	1.22130978593113	a7	a15
13	1.22131384341985	a7	a14
13	1.22133899984993	a7	a17
13	1.22134981981985	a7	a16
12	1.22135279531158	a7	a14	a29	8
12	1.22140987065295	a7	a15	a29	9
13	1.22141933812663	a7	a14
12	1.2214315105928	a7	a17	a29	10
12	1.22147019198529	a7	a14	a29	11
12	1.22149426641837	a7	a16	a29	12
13	1.22150725038228	a7	a15
13	1.22150725038228	a7	a17
13	1.22153998079131	a7	a14
13	1.22158190817478	a7	a16
12	1.22158244917327	a7	a17	a29	13
12	1.22159840862891	a7	a14	a29	14
12	1.22162356505899	a7	a15	a29	15
13	1.22166603344096	a7	a14
13	1.22168577988607	a7	a17
13	1.22184862043346	a7	a15
13	1.22197710757634	a6	a10
13	1.22198900954326	a8	a56
12	1.22226059078841	a8	a56	a42	0
12	1.22233146159143	a6	a10	a30	0
12	1.22244669427115	a7	a14	a31	0
12	1.2224604897328	a7	a15	a31	1
13	1.22257382891778	a7	a14
12	1.22261278080952	a7	a14	a31	2
12	1.22263415025012	a7	a16	a31	3
12	1.22269041409374	a7	a17	a31	4
13	1.22275046492683	a7	a15
13	1.22277183436744	a7	a14
12	1.22280321228022	a7	a14	a31	5
13	1.22280672877045	a7	a16
12	1.22282566371782	a7	a15	a31	6
13	1.22285379563963	a7	a17
13	1.22293521591333	a7	a14
12	1.22293656840957	a7	a16	a31	7
13	1.22295333936295	a7	a15
12	1.22295388036145	a7	a17	a31	8
12	1.22297362680657	a7	a14	a31	9
12	1.22304152211785	a7	a15	a31	10
13	1.22310265494794	a7	a17
13	1.22311861440358	a7	a14
13	1.22312699988027	a7	a16
12	1.22316459927577	a7	a14	a31	11
12	1.22318596871637	a7	a17	a31	12
13	1.22320490366374	a7	a15
12	1.22322221561563	a7	a16	a31	13
13	1.22328578293894	a7	a14
13	1.22331743135098	a7	a17
12	1.22331824284872	a7	a14	a31	15
12	1.22332554632842	a7	a15	a31	14
13	1.22340020412092	a7	a16
13	1.22344375449987	a7	a14
13	1.2234905508698	a7	a15
13	1.22361957901117	a6	a10
13	1.22374887765179	a8	a56
12	1.22379432152549	a8	a56	a45	0
12	1.2238062234924	a6	a10	a32	0
12	1.22387601229843	a7	a14	a33	0
13	1.22389386524881	a7	a14
12	1.22391171819919	a7	a14	a33	1
13	1.22392740715558	a7	a14
12	1.22396744104431	a7	a14	a33	2
13	1.2239836709992	a7	a14
12	1.22398935148341	a7	a16	a33	3
12	1.22403722985033	a7	a14	a33	4
13	1.22403804134808	a7	a16
13	1.22405400080372	a7	a14
12	1.224085919715	a7	a14	a33	5
13	1.22410214966989	a7	a14
12	1.224122978112	a7	a15	a33	6
12	1.22413109308945	a7	a16	a33	7
13	1.22414678204584	a7	a16
12	1.22415192153155	a7	a14	a33	8
13	1.22416761048795	a7	a14
13	1.22418952092705	a7	a15
12	1.22419844740224	a7	a14	a33	9
13	1.22421467735713	a7	a14
12	1.2242257678263	a7	a16	a33	10
12	1.22425308825037	a7	a14	a33	11
13	1.2242555227436	a7	a16
13	1.22426877720676	a7	a14
12	1.22427770368195	a7	a15	a33	12
12	1.22430827009699	a7	a14	a33	13
13	1.22432206555865	a7	a15
13	1.22432395905338	a7	a14
12	1.2243948298564	a7	a14	a33	15
12	1.22439942834362	a7	a16	a33	14
13	1.22441214180829	a7	a14
13	1.2244178222925	a7	a16
13	1.22463773818125	a6	a10
13	1.2246902150354	a8	a56
12	1.22508568493621	a8	a56	a50	0
12	1.23081161302128	a6	a10	a34	0
12	1.23088302482279	a7	a14	a35	0
12	1.23096174010401	a7	a15	a35	1
12	1.23107048080177	a7	a16	a35	2
12	1.23129391318075	a7	a17	a35	3
13	1.26516907502645	a7	a17
13	1.26637577217249	a7	a14
13	1.26775829382985	a7	a15
13	1.26777722877722	a7	a16
13	1.26819515011563	a6	a10
12	1.26825411895172	a6	a10	a36	0
12	1.26831308778782	a7	a14	a37	0
12	1.26866392531269	a7	a16	a37	1
12	1.26871748416382	a7	a17	a37	2
12	1.26878132198639	a7	a15	a37	3
13	1.27104377769801	a7	a17
13	1.27124070115067	a7	a15
13	1.27383073145181	a7	a14
13	1.27446018320228	a7	a16
13	1.27457298138876	a6	a10
12	1.2782155242645	a6	a10	a38	0
12	1.2782739521021	a7	a14	a39	0
12	1.27846303107657	a7	a17	a39	1
12	1.27859449371117	a7	a16	a39	2
12	1.27861667464952	a7	a15	a39	3
13	1.28151453309507	a7	a14
13	1.28202983416282	a7	a17
13	1.28222134763052	a7	a16
13	1.28234848227715	a7	a15
13	1.28248508439747	a6	a10
12	1.28253052827117	a6	a10	a40	0
12	1.28265008893885	a7	a14	a41	0
12	1.2826795733569	a7	a17	a41	1
12	1.2828570208637	a7	a16	a41	2
12	1.28299876246973	a7	a15	a41	3
13	1.28366229712547	a7	a14
13	1.28491660213919	a7	a17
13	1.28491822513468	a7	a16
13	1.28498747294221	a7	a15
13	1.28517871591066	a6	a10
12	1.2855114299859	a8	a57	a49	0
13	1.29769309312758	a8	a57
12	1.29777045591256	a8	a57	a54	0
12	1.29963635972637	a8	a58	a53	0
13	1.31618279873638	a8	a58
12	1.3162244556206	a8	a58	a52	0
13	1.3248144297452	a8	a58
12	1.32483931567603	a8	a58	a51	0
13	1.32949677173086	a8	a58
13	1.33352883352395	a8	a57
13	1.33363216423675	a8	a56
13	1.33378905380068	a8	a55
12	1.33417478572856	a8	a55	a47	0
13	1.35801983545245	a8	a55
12	1.35810152622539	a8	a55	a46	0
12	1.35813398613517	a8	a56	a48	0
13	1.40186559958536	a8	a56
12	1.40203493211471	a6	a10	a20	0
12	1.40215936176886	a7	a14	a21	0
12	1.40230407886663	a7	a16	a21	1
12	1.40254590519449	a7	a17	a21	2
12	1.40262813696593	a7	a15	a21	3
13	1.403094748169	a7	a14
13	1.40321782532692	a7	a16
13	1.40364196814803	a7	a17
13	1.40371500294504	a7	a15
13	1.4038748680007	a6	a10
12	1.40405610249697	a8	a56	a44	0
12	1.40407341444885	a8	a57	a43	0
12	1.40434283170002	a6	a10	a22	0
12	1.40440937451507	a7	a14	a23	0
12	1.40471801415722	a7	a16	a23	1
12	1.40479645893919	a7	a15	a23	2
12	1.40480673791062	a7	a17	a23	3
13	1.40524521719188	a7	a14
12	1.40528038209415	a7	a14	a23	4
13	1.40584707801904	a7	a17
13	1.40589901387469	a7	a15
12	1.40590496485815	a7	a17	a23	5
13	1.40594662174237	a7	a16
12	1.40602777151681	a7	a15	a23	6
12	1.40602885351381	a7	a16	a23	7
13	1.4061254217454	a7	a14
12	1.40615896365217	a7	a14	a23	8
13	1.40674134853346	a7	a17
12	1.40680680935152	a7	a17	a23	9
13	1.40696532191094	a7	a16
13	1.40701428227486	a7	a14
12	1.40703943870494	a7	a16	a23	10
12	1.4070526931681	a7	a14	a23	11
13	1.40710165353201	a7	a15
12	1.4071622453636	a7	a15	a23	12
13	1.40768106292157	a7	a17
12	1.40774435974564	a7	a17	a23	13
13	1.40799457155019	a7	a14
12	1.40804596640734	a7	a14	a23	14
13	1.40804948289757	a7	a15
13	1.40809925475923	a7	a16
12	1.40811764870811	a7	a15	a23	15
13	1.40857533343599	a7	a17
13	1.40890723601349	a7	a14
13	1.40898757429019	a7	a15
13	1.40910740545713	a6	a10
12	1.40922209713835	a6	a10	a24	0
12	1.40930432890979	a7	a14	a25	0
13	1.40934923178498	a7	a14
12	1.40936492074138	a7	a14	a25	1
13	1.40939900364665	a7	a14
12	1.40941577460003	a7	a14	a25	2
13	1.40945093950229	a7	a14
12	1.40946662845869	a7	a14	a25	3
13	1.40951099033538	a7	a14
13	1.40983937642265	a6	a10
12	1.40990970622717	a6	a10	a26	0
12	1.40996921606177	a7	a14	a27	0
13	1.41003143088885	a7	a14
12	1.41006334980013	a7	a14	a27	1
13	1.41012772862119	a7	a14
12	1.41014449957458	a7	a14	a27	2
12	1.41017398399263	a7	a16	a27	3
13	1.41022078036256	a7	a14
13	1.41035900547837	a7	a16
13	1.41058865934006	a6	a10
12	1.410817501704	a6	a10	a22	0
12	1.41086889656115	a7	a14	a23	0
12	1.41108881244991	a7	a17	a23	1
12	1.41111640337322	a7	a16	a23	2
12	1.41114183030255	a7	a15	a23	3
13	1.41165280338232	a7	a14
12	1.41170852622744	a7	a14	a23	4
13	1.41196144302447	a7	a17
12	1.41202744484103	a7	a17	a23	5
13	1.41203393682298	a7	a15
13	1.41204692078689	a7	a16
12	1.41212211957788	a7	a15	a23	6
12	1.41214430051623	a7	a16	a23	7
13	1.41249243304861	a7	a14
12	1.41254220491028	a7	a14	a23	8
13	1.4127956627058	a7	a17
12	1.41286004152687	a7	a17	a23	9
13	1.41295958525019	a7	a16
13	1.41295958525019	a7	a15
12	1.41304885000208	a7	a16	a23	10
12	1.41306507995697	a7	a15	a23	11
13	1.41331042277505	a7	a14
12	1.41334666967431	a7	a14	a23	12
13	1.41364232535255	a7	a17
12	1.4137077861706	a7	a17	a23	13
13	1.41386575773153	a7	a16
12	1.41392959555409	a7	a16	a23	14
13	1.41403346726539	a7	a15
12	1.41409730508795	a7	a15	a23	15
13	1.41417818436315	a7	a14
13	1.41448195501884	a7	a17
13	1.4147968161437	a7	a16
13	1.41491096682642	a7	a15
13	1.41503350298584	a6	a10
13	1.41511519375878	a8	a57
12	1.41512980071818	a6	a10	a28	0
12	1.41518768755729	a7	a14	a29	0
13	1.41527100132572	a7	a14
12	1.41528723128061	a7	a14	a29	1
13	1.4153624300716	a7	a14
12	1.41538515200845	a7	a14	a29	2
12	1.4154292433859	a7	a16	a29	3
13	1.41546305579192	a7	a14
12	1.41550092568666	a7	a14	a29	4
12	1.41554555806261	a7	a15	a29	5
12	1.41556827999945	a7	a17	a29	6
13	1.4155904609378	a7	a16
13	1.41562319134683	a7	a14
12	1.41566214323856	a7	a14	a29	7
13	1.41566295473631	a7	a15
13	1.41566836472127	a7	a17
12	1.41569162765661	a7	a16	a29	8
13	1.4157308500476	a7	a14
12	1.41575167848971	a7	a15	a29	9
12	1.41576330995738	a7	a14	a29	10
13	1.41576358045663	a7	a16
12	1.415782515404	a7	a17	a29	11
12	1.41582525428521	a7	a16	a29	12
13	1.41584608272731	a7	a14
12	1.41588178862807	a7	a14	a29	13
13	1.41588692811379	a7	a17
13	1.41590153507319	a7	a16
13	1.41591560103409	a7	a15
13	1.41596239740402	a7	a14
12	1.41597889785816	a7	a17	a29	14
12	1.41600432478749	a7	a16	a29	15
13	1.41604273568073	a7	a17
13	1.41611198348826	a7	a16
13	1.41623722464016	a6	a10
13	1.4162745535364	a8	a56
12	1.41652070785223	a8	a56	a42	0
12	1.41661051360262	a6	a10	a30	0
12	1.41667381042669	a7	a14	a31	0
12	1.41671032782519	a7	a16	a31	1
13	1.41680256806881	a7	a14
12	1.41684260195754	a7	a14	a31	2
12	1.41689372631544	a7	a15	a31	3
13	1.41696567911545	a7	a16
13	1.41697081860117	a7	a14
12	1.41700868849591	a7	a14	a31	4
12	1.41704953388238	a7	a16	a31	5
13	1.41708902677261	a7	a15
12	1.41709551875457	a7	a17	a31	6
12	1.4171501596027	a7	a15	a31	7
13	1.41715584008691	a7	a14
13	1.41718911149443	a7	a16
12	1.41720398895308	a7	a14	a31	8
12	1.41727350725986	a7	a16	a31	9
13	1.41729081921174	a7	a17
13	1.41732436111851	a7	a15
13	1.41733220559671	a7	a14
12	1.41737548547642	a7	a14	a31	10
12	1.41739414992454	a7	a17	a31	11
12	1.41742228184635	a7	a15	a31	12
13	1.41745149576515	a7	a16
12	1.41752020257418	a7	a16	a31	13
13	1.41752209606892	a7	a14
13	1.41754292451103	a7	a17
12	1.41755942496517	a7	a14	a31	14
13	1.41761487731104	a7	a15
12	1.41762569728097	a7	a17	a31	15
13	1.4176646491727	a7	a16
13	1.41777095537723	a7	a14
13	1.4177977348028	a7	a17
13	1.4179365009171	a6	a10
13	1.41806742255321	a8	a56
12	1.41811178442991	a8	a56	a45	0
12	1.41813612936225	a6	a10	a32	0
12	1.41819131120887	a7	a14	a33	0
13	1.4182308040991	a7	a14
12	1.41826975599084	a7	a14	a33	1
13	1.41828544494723	a7	a14
12	1.41833846279987	a7	a14	a33	2
13	1.41835415175626	a7	a14
12	1.41836794721792	a7	a15	a33	3
12	1.41839364464649	a7	a14	a33	4
13	1.41840879260439	a7	a14
12	1.41841068609913	a7	a16	a33	5
13	1.4184155550856	a7	a15
12	1.4184509904871	a7	a14	a33	6
13	1.41845991696229	a7	a16
13	1.4184666794435	a7	a14
12	1.41851753330215	a7	a14	a33	7
13	1.41853376325704	a7	a14
12	1.41854214873373	a7	a15	a33	8
12	1.41855675569314	a7	a17	a33	9
13	1.41856865766005	a7	a15
12	1.41857542014126	a7	a14	a33	10
13	1.41859219109464	a7	a14
13	1.41859408458938	a7	a17
12	1.41862762649615	a7	a16	a33	11
12	1.41864737294127	a7	a14	a33	12
12	1.41866170940142	a7	a15	a33	13
13	1.4186649553924	a7	a16
13	1.41866738988563	a7	a14
13	1.41867685735932	a7	a15
12	1.41875043315482	a7	a17	a33	14
13	1.41878181106761	a7	a17
12	1.41879154904054	a7	a16	a33	15
13	1.41880886099242	a7	a16
13	1.41905799079998	a6	a10
13	1.41911804163307	a8	a56
12	1.41955408642111	a8	a56	a50	0
12	1.42535900028664	a6	a10	a34	0
12	1.42543311708064	a7	a14	a35	0
12	1.42553834128817	a7	a17	a35	1
12	1.42558432616036	a7	a16	a35	2
12	1.42581208652731	a7	a15	a35	3
13	1.4580848108269	a7	a17
13	1.46059558484833	a7	a16
13	1.46070351404835	a7	a14
13	1.46131835883942	a7	a15
13	1.46144468198831	a6	a10
12	1.46150094583193	a6	a10	a36	0
12	1.46160481754322	a7	a14	a37	0
12	1.46178578154024	a7	a17	a37	1
12	1.46199081997035	a7	a15	a37	2
12	1.46202544387411	a7	a16	a37	3
13	1.46495819672267	a7	a15
13	1.4651156272851	a7	a16
13	1.4676834766479	a7	a14
13	1.46818687574872	a7	a17
13	1.46831914988107	a6	a10
12	1.47190867490417	a6	a10	a38	0
12	1.4720217435899	a7	a14	a39	0
12	1.4723682531268	a7	a15	a39	1
12	1.47243209094936	a7	a17	a39	2
12	1.47251756871178	a7	a16	a39	3
13	1.47500913728659	a7	a14
13	1.4759420891935	a7	a17
13	1.47609573276645	a7	a16
13	1.47611358571683	a7	a15
13	1.4762734507725	a6	a10
12	1.47631077966874	a6	a10	a40	0
12	1.47638002747627	a7	a14	a41	0
12	1.47659832036954	a7	a17	a41	1
12	1.47669083111241	a7	a15	a41	2
12	1.47677793187032	a7	a16	a41	3
13	1.4773911536659	a7	a14
13	1.47884075913679	a7	a15
13	1.47890513795785	a7	a16
13	1.4791637352391	a7	a17
13	1.47933442026469	a6	a10
12	1.47964982238804	a8	a57	a49	0
13	1.49150526343644	a8	a57
12	1.49157180625149	a8	a57	a54	0
12	1.49347990794802	a8	a58	a53	0
13	1.50987270338507	a8	a58
12	1.50991922925575	a8	a58	a52	0
13	1.5183106569322	a8	a58
12	1.518340952848	a8	a58	a51	0
13	1.52301355686073	a8	a58
13	1.52705643862375	a8	a57
13	1.52716788431399	a8	a56
13	1.52734695481627	a8	a55
12	1.5277391787261	a8	a55	a46	0
12	1.52776622865092	a8	a56	a48	0
13	1.57405460099473	a8	a56
12	1.57421257255565	a6	a10	a20	0
12	1.57428723034815	a7	a14	a21	0
12	1.57436919162034	a7	a17	a21	1
12	1.57450822823389	a7	a16	a21	2
12	1.57452608118427	a7	a15	a21	3
13	1.57519718981896	a7	a14
13	1.57623563643265	a7	a16
13	1.57626755534393	a7	a17
13	1.57637142705523	a7	a15
13	1.57651668515149	a6	a10
12	1.57670873961768	a8	a56	a44	0
12	1.57672659256806	a8	a57	a43	0
12	1.57697491087787	a6	a10	a22	0
12	1.57710366852	a7	a14	a23	0
12	1.57729112449897	a7	a16	a23	1
12	1.57749021194562	a7	a15	a23	2
12	1.57751942586442	a7	a17	a23	3
13	1.57790651028854	a7	a14
12	1.57794924916975	a7	a14	a23	4
13	1.57841423737734	a7	a17
12	1.57847537020742	a7	a17	a23	5
13	1.57850133813525	a7	a16
12	1.57856788095029	a7	a16	a23	6
13	1.57860845583752	a7	a15
12	1.57867716264655	a7	a15	a23	7
13	1.57878563284506	a7	a14
12	1.57881809275484	a7	a14	a23	8
13	1.57931986886018	a7	a17
12	1.57938695267373	a7	a17	a23	9
13	1.57949082438502	a7	a16
13	1.57950218535344	a7	a15
12	1.57957143316097	a7	a16	a23	10
12	1.57960768006022	a7	a15	a23	11
13	1.5796485254467	a7	a14
12	1.57969505131738	a7	a14	a23	12
13	1.58019520442723	a7	a17
12	1.5802590422498	a7	a17	a23	13
13	1.58053332848743	a7	a16
13	1.58055686192202	a7	a14
12	1.58058553484233	a7	a14	a23	14
13	1.58058742833706	a7	a15
12	1.58060636328443	a7	a16	a23	15
13	1.58108406495669	a7	a17
13	1.58143165649057	a7	a14
13	1.58146546889659	a7	a16
13	1.58158475906503	a6	a10
12	1.58168213879437	a6	a10	a24	0
12	1.58174218962746	a7	a14	a25	0
13	1.58180548645153	a7	a14
12	1.58182117540793	a7	a14	a25	1
13	1.58185688130868	a7	a14
12	1.58187311126357	a7	a14	a25	2
13	1.58191098115832	a7	a14
12	1.58192612911621	a7	a14	a25	3
13	1.5819715729899	a7	a14
13	1.58210357662301	a6	a10
12	1.58215821747113	a6	a10	a26	0
12	1.5822361212546	a7	a14	a27	0
13	1.58230050007567	a7	a14
12	1.582324845008	a7	a14	a27	1
13	1.58238651883658	a7	a14
12	1.58240220779298	a7	a14	a27	2
13	1.58245955363359	a7	a14
12	1.58247578358848	a7	a14	a27	3
13	1.58253583442157	a7	a14
13	1.58284907255094	a6	a10
12	1.5830313890442	a6	a10	a22	0
12	1.58308116090586	a7	a14	a23	0
12	1.58319179509836	a7	a15	a23	1
12	1.58336491461718	a7	a16	a23	2
12	1.58338168557057	a7	a17	a23	3
13	1.58385154276462	a7	a14
12	1.58388995365786	a7	a14	a23	4
13	1.58418182234663	a7	a15
13	1.58420833127295	a7	a17
12	1.584273792091	a7	a15	a23	5
12	1.58428190706845	a7	a17	a23	6
13	1.58429218603988	a7	a16
12	1.58436684383237	a7	a16	a23	7
13	1.58466087651512	a7	a14
12	1.58471118937528	a7	a14	a23	8
13	1.58511829074376	a7	a15
13	1.58511883174226	a7	a17
12	1.58520539150167	a7	a15	a23	9
12	1.58522216245505	a7	a17	a23	10
13	1.58525678635882	a7	a16
12	1.5853336081453	a7	a16	a23	11
13	1.58547075126411	a7	a14
12	1.5855172771348	a7	a14	a23	12
13	1.58604231617548	a7	a17
12	1.58610561299955	a7	a17	a23	13
13	1.58614997487625	a7	a16
13	1.58617431980858	a7	a15
12	1.58623707563415	a7	a16	a23	14
12	1.58625330558904	a7	a15	a23	15
13	1.58628819999206	a7	a14
13	1.58687599485831	a7	a17
13	1.58708049228992	a7	a16
13	1.58712214917414	a7	a15
13	1.58732150712003	a6	a10
13	1.5874150998599	a8	a57
12	1.58744701877118	a6	a10	a28	0
12	1.5875022006178	a7	a14	a29	0
13	1.58757956340278	a7	a14
12	1.58759525235917	a7	a14	a29	1
13	1.58767099214866	a7	a14
12	1.58770345205844	a7	a14	a29	2
12	1.58773455947197	a7	a16	a29	3
13	1.58776296189303	a7	a14
12	1.5877965037998	a7	a14	a29	4
13	1.58785709563139	a7	a14
13	1.58788603905094	a7	a16
12	1.58791173647952	a7	a14	a29	5
12	1.58796827082238	a7	a15	a29	6
13	1.58796908232013	a7	a14
12	1.58798179578479	a7	a16	a29	7
12	1.58800181272916	a7	a17	a29	8
12	1.58802155917427	a7	a14	a29	9
13	1.58806078156526	a7	a16
13	1.58807863451563	a7	a15
13	1.58808269200436	a7	a14
12	1.58811406991714	a7	a14	a29	10
13	1.58813327536376	a7	a17
12	1.58815004631715	a7	a16	a29	11
13	1.58817141575775	a7	a14
12	1.58820035917731	a7	a15	a29	12
12	1.58821794162844	a7	a14	a29	13
12	1.5882306550931	a7	a17	a29	14
13	1.58825500002544	a7	a16
13	1.58829151742394	a7	a14
13	1.5883193788465	a7	a15
12	1.58832397733372	a7	a14	a29	15
13	1.58833831379387	a7	a17
13	1.58839052014876	a7	a14
13	1.58855336069616	a6	a10
13	1.58857121364654	a8	a56
12	1.58886010684357	a8	a56	a42	0
12	1.58891637068719	a6	a10	a30	0
12	1.58902402938796	a7	a14	a31	0
13	1.58915765601655	a7	a14
12	1.58917550896693	a7	a14	a31	1
13	1.5893112995895	a7	a14
12	1.58934916948425	a7	a14	a31	2
12	1.58936945692786	a7	a16	a31	3
13	1.58946981214893	a7	a14
12	1.58950903453991	a7	a15	a31	4
12	1.58952120700608	a7	a14	a31	5
12	1.58953878945721	a7	a17	a31	6
13	1.58959775829331	a7	a16
13	1.58964347266625	a7	a14
12	1.58966321911136	a7	a16	a31	7
13	1.58967836706926	a7	a15
12	1.58968296555648	a7	a14	a31	8
13	1.5897016300046	a7	a17
12	1.58976979581514	a7	a15	a31	9
12	1.58977736979409	a7	a17	a31	10
13	1.58977845179108	a7	a16
13	1.58980523121665	a7	a14
12	1.58983931412191	a7	a14	a31	11
12	1.589863388555	a7	a16	a31	12
13	1.58991802940313	a7	a17
13	1.58995752229336	a7	a15
13	1.5899740227475	a7	a14
12	1.59000026117457	a7	a17	a31	13
12	1.59002812259713	a7	a14	a31	14
13	1.59005003303623	a7	a16
12	1.59006680398962	a7	a15	a31	15
13	1.59011928084376	a7	a17
13	1.5901503882573	a7	a14
13	1.59021179158663	a7	a15
13	1.59034460671748	a6	a10
13	1.59047120036562	a8	a56
12	1.5905031192769	a8	a56	a45	0
12	1.59051556224232	a6	a10	a32	0
12	1.59057128508744	a7	a14	a33	0
13	1.59061077797767	a7	a14
12	1.59062646693406	a7	a14	a33	1
13	1.59064215589046	a7	a14
12	1.59067461580024	a7	a14	a33	2
13	1.59069030475663	a7	a14
12	1.59070301822129	a7	a17	a33	3
12	1.59072979764686	a7	a14	a33	4
13	1.59074656860025	a7	a14
13	1.59076306905438	a7	a17
12	1.59077740551454	a7	a14	a33	5
13	1.59079309447093	a7	a14
12	1.59084800581831	a7	a15	a33	6
12	1.59085828478974	a7	a17	a33	7
13	1.59087343274763	a7	a17
13	1.59088208872358	a7	a15
12	1.59088722820929	a7	a14	a33	8
13	1.59090508115967	a7	a14
12	1.59093294258223	a7	a17	a33	9
13	1.59094809054013	a7	a17
12	1.59096621398975	a7	a14	a33	10
13	1.59098568993562	a7	a14
12	1.59104547026946	a7	a17	a33	12
12	1.59105304424841	a7	a15	a33	11
13	1.59106061822736	a7	a17
12	1.59106846270556	a7	a14	a33	13
13	1.59108469266045	a7	a14
12	1.59111742306948	a7	a16	a33	14
13	1.59112121005895	a7	a15
12	1.59112229205594	a7	a17	a33	15
13	1.59114825998377	a7	a17
13	1.59120722881986	a7	a16
13	1.59137629084997	a6	a10
13	1.59142281672065	a8	a56
12	1.5918264015989	a8	a56	a50	0
12	1.59765620139527	a6	a10	a34	0
12	1.59772815419528	a7	a14	a35	0
12	1.59805031879984	a7	a17	a35	1
12	1.59807520473067	a7	a16	a35	2
12	1.59813417356677	a7	a15	a35	3
13	1.63050049060623	a7	a17
13	1.63462452214369	a7	a16
13	1.6374918141742	a7	a15
13	1.63858436063752	a7	a14
13	1.63865631343753	a6	a10
12	1.63908857123609	a6	a10	a36	0
12	1.63915240905866	a7	a14	a37	0
12	1.63922355036092	a7	a15	a37	1
12	1.63948431163615	a7	a17	a37	2
12	1.63960387230384	a7	a16	a37	3
13	1.64138429835523	a7	a16
13	1.64220878006363	a7	a17
13	1.64515045938738	a7	a14
13	1.64584428995891	a7	a15
13	1.64600199102059	a6	a10
12	1.64999347792645	a6	a10	a38	0
12	1.65004865977308	a7	a14	a39	0
12	1.65040707127689	a7	a17	a39	1
12	1.65046820410698	a7	a15	a39	2
12	1.65049579503029	a7	a16	a39	3
13	1.65332711066079	a7	a14
13	1.6541269769376	a7	a16
13	1.65422435666694	a7	a17
13	1.65422597966243	a7	a15
13	1.6545313733136	a6	a10
12	1.65460657210459	a6	a10	a40	0
12	1.65468339389107	a7	a14	a41	0
12	1.65478537210763	a7	a16	a41	1
12	1.65488058784298	a7	a15	a41	2
12	1.6550396414009	a7	a17	a41	3
13	1.65575619390928	a7	a14
13	1.65704566382526	a7	a16
13	1.65707217275158	a7	a15
13	1.67060741413106	a7	a17
13	1.67155605499436	a6	a10
12	1.67218577724408	a8	a57	a49	0
13	1.68439340831358	a8	a57
12	1.68449187003992	a8	a57	a54	0
12	1.68657146825978	a8	a58	a53	0
13	1.70306975840361	a8	a58
12	1.70311844826828	a8	a58	a52	0
13	1.71159102571918	a8	a58
12	1.71162564962295	a8	a58	a51	0
13	1.7163242215635	a8	a58
13	1.7203541193626	a8	a57
13	1.72052615688443	a8	a56
13	1.72069765340777	a8	a55
12	1.72199442680345	a8	a55	a46	0
12	1.7220458216606	a8	a56	a48	0
13	1.76627353073192	a8	a56
12	1.76656242392896	a6	a10	a20	0
12	1.76662463875603	a7	a14	a21	0
12	1.76703715010948	a7	a16	a21	1
12	1.76704742908091	a7	a17	a21	2
12	1.76711992287942	a7	a15	a21	3
13	1.76754920518625	a7	a14
13	1.76879269023004	a7	a17
13	1.76890467691878	a7	a16
13	1.76891766088269	a7	a15
13	1.7691159368316	a6	a10
12	1.76944486391736	a8	a56	a44	0
12	1.76946271686774	a8	a57	a43	0
12	1.76972510113845	a6	a10	a22	0
12	1.76984303881065	a7	a14	a23	0
12	1.76992337708736	a7	a16	a23	1
12	1.76999262489488	a7	a15	a23	2
12	1.77024418919567	a7	a17	a23	3
13	1.77067076651002	a7	a14
12	1.77070809540627	a7	a14	a23	4
13	1.77112114775821	a7	a15
13	1.77115468966498	a7	a16
12	1.77118606757777	a7	a15	a23	5
13	1.7711968875477	a7	a17
12	1.77121744549056	a7	a16	a23	6
12	1.77127966031764	a7	a17	a23	7
13	1.77152121614624	a7	a14
12	1.7715563810485	a7	a14	a23	8
13	1.77208412508167	a7	a15
13	1.77209007606513	a7	a17
13	1.77209007606513	a7	a16
12	1.77216473385762	a7	a15	a23	9
12	1.772181504811	a7	a16	a23	10
12	1.77218961978845	a7	a17	a23	11
13	1.77242306063961	a7	a14
12	1.77245876654037	a7	a14	a23	12
13	1.77299516654947	a7	a17
12	1.77305846337354	a7	a17	a23	13
13	1.77307631632392	a7	a15
12	1.77314015414649	a7	a15	a23	14
13	1.77317315505476	a7	a16
12	1.77323482888334	a7	a16	a23	15
13	1.77330434719012	a7	a14
13	1.77387699409848	a7	a17
13	1.77401170272406	a7	a15
13	1.77411503343686	a7	a16
13	1.77425109455868	a6	a10
12	1.77448751090158	a6	a10	a24	0
12	1.77458921861888	a7	a14	a25	0
13	1.77465413843844	a7	a14
12	1.77466982739484	a7	a14	a25	1
13	1.77471202527755	a7	a14
12	1.77477937959034	a7	a16	a25	2
12	1.77479479804749	a7	a14	a25	3
13	1.77484240591516	a7	a14
13	1.77493518715728	a7	a16
13	1.77513508610167	a6	a10
12	1.77521515387913	a6	a10	a26	0
12	1.77528061469718	a7	a14	a27	0
13	1.77536933845058	a7	a14
12	1.77540396235435	a7	a14	a27	1
12	1.77543182377691	a7	a17	a27	2
13	1.77547212816488	a7	a14
12	1.77551270305211	a7	a14	a27	3
13	1.7755727538852	a7	a14
13	1.7755800573649	a7	a17
13	1.77582648217997	a6	a10
12	1.77605965253189	a6	a10	a22	0
12	1.77611537537701	a7	a14	a23	0
12	1.77626171547026	a7	a15	a23	1
12	1.77629038839057	a7	a17	a23	2
12	1.77650408279662	a7	a16	a23	3
13	1.77688738023126	a7	a14
12	1.77694148008089	a7	a14	a23	4
13	1.77713975602979	a7	a17
12	1.77720088885988	a7	a17	a23	5
13	1.77722577479071	a7	a15
12	1.77729394060125	a7	a15	a23	6
13	1.77745732214714	a7	a16
12	1.77752981594564	a7	a16	a23	7
13	1.77772214091109	a7	a14
12	1.77775730581335	a7	a14	a23	8
13	1.77801455059835	a7	a17
12	1.77807947041791	a7	a17	a23	9
13	1.77822283501943	a7	a15
12	1.778286672842	a7	a15	a23	10
13	1.77845546437285	a7	a16
12	1.77851713820143	a7	a16	a23	11
13	1.77852390068263	a7	a14
12	1.77856014758189	a7	a14	a23	12
13	1.77892505106766	a7	a17
12	1.77898672489624	a7	a17	a23	13
13	1.77915822141957	a7	a15
12	1.77922314123913	a7	a15	a23	14
13	1.77933107043915	a7	a14
12	1.77936461234592	a7	a14	a23	15
13	1.77941086771735	a7	a16
13	1.77977441870688	a7	a17
13	1.78004599995204	a7	a15
13	1.78018584806334	a7	a14
13	1.7802350789265	a6	a10
13	1.78032055668892	a8	a57
12	1.78035139360321	a6	a10	a28	0
12	1.78040873944382	a7	a14	a29	0
13	1.78050828316714	a7	a14
12	1.78052451312203	a7	a14	a29	1
13	1.78058997394009	a7	a14
12	1.78063649981077	a7	a14	a29	2
12	1.78066111524235	a7	a15	a29	3
13	1.78070412462281	a7	a14
12	1.78073820752808	a7	a14	a29	4
13	1.78079879935967	a7	a14
12	1.78081881630403	a7	a14	a29	5
13	1.78082557878524	a7	a15
13	1.78087616214464	a7	a14
12	1.78088346562434	a7	a15	a29	6
12	1.78095271343187	a7	a17	a29	7
13	1.78096677939278	a7	a15
12	1.78097300087548	a7	a14	a29	8
12	1.78099653431007	a7	a16	a29	9
12	1.78103332220782	a7	a15	a29	10
13	1.78103900269204	a7	a14
12	1.7810730855973	a7	a14	a29	11
13	1.78109229104392	a7	a17
13	1.78110798000032	a7	a15
13	1.78114016941085	a7	a14
13	1.78114152190709	a7	a16
12	1.78115017788303	a7	a17	a29	12
12	1.78120184323943	a7	a14	a29	13
12	1.78124106563041	a7	a15	a29	14
12	1.78126054157628	a7	a16	a29	15
13	1.78126811555523	a7	a17
13	1.78128786200034	a7	a14
13	1.7813314123793	a7	a15
13	1.78135413431614	a7	a16
13	1.78155457425903	a6	a10
13	1.7815881161658	a8	a56
12	1.78213127865611	a8	a56	a42	0
12	1.78223082237943	a6	a10	a30	0
12	1.78228708622305	a7	a14	a31	0
13	1.78244289378999	a7	a14
12	1.78248779666519	a7	a14	a31	1
12	1.78255569197647	a7	a16	a31	2
12	1.78257246292986	a7	a15	a31	3
13	1.78262304628927	a7	a14
12	1.78265658819604	a7	a14	a31	4
12	1.78270392556447	a7	a17	a31	5
13	1.78280373978704	a7	a14
13	1.78283051921261	a7	a16
12	1.78287082360058	a7	a14	a31	6
13	1.78289111104419	a7	a15
12	1.78289868502314	a7	a16	a31	7
13	1.78292086596149	a7	a17
13	1.78300607322466	a7	a14
13	1.78302365567579	a7	a16
12	1.78303014765775	a7	a17	a31	9
12	1.78304367262016	a7	a15	a31	8
12	1.78304827110738	a7	a14	a31	10
12	1.78311887141115	a7	a16	a31	11
13	1.78317784024724	a7	a17
13	1.78322030862921	a7	a14
13	1.7832438420638	a7	a15
12	1.7832511455435	a7	a14	a31	12
12	1.78326277701117	a7	a17	a31	13
13	1.78327035099012	a7	a16
12	1.78336286173299	a7	a15	a31	14
13	1.78337287020517	a7	a14
13	1.78338017368487	a7	a17
12	1.78338558366983	a7	a16	a31	15
13	1.7835376042473	a7	a15
13	1.78354301423226	a7	a16
13	1.78371153526387	a6	a10
13	1.78391440969999	a8	a56
12	1.78396255856616	a8	a56	a45	0
12	1.78400583844587	a6	a10	a32	0
12	1.78406156129099	a7	a14	a33	0
13	1.78409889018723	a7	a14
12	1.78413946507446	a7	a14	a33	1
13	1.78415569502935	a7	a14
12	1.7841914009301	a7	a14	a33	2
13	1.78420763088499	a7	a14
12	1.7842587552429	a7	a15	a33	3
12	1.78426714071959	a7	a14	a33	4
13	1.78428282967598	a7	a14
12	1.78429662513764	a7	a16	a33	5
12	1.78433151954065	a7	a14	a33	6
13	1.7843317900399	a7	a15
13	1.78434774949554	a7	a14
13	1.78435180698426	a7	a16
12	1.78439048837675	a7	a14	a33	7
13	1.78440617733314	a7	a14
12	1.78442592377826	a7	a17	a33	8
12	1.78446731016323	a7	a14	a33	9
13	1.7844794826294	a7	a17
13	1.78448732710759	a7	a14
12	1.78450923754669	a7	a16	a33	10
13	1.78453412347752	a7	a16
12	1.78454061545948	a7	a15	a33	11
12	1.78454791893918	a7	a14	a33	12
13	1.78456523089106	a7	a14
12	1.78459525630761	a7	a17	a33	13
13	1.78460986326701	a7	a15
13	1.78461202726099	a7	a17
12	1.78461743724596	a7	a16	a33	14
12	1.78463718369107	a7	a14	a33	15
13	1.78464394617228	a7	a16
13	1.78465395464446	a7	a14
13	1.78487738702344	a6	a10
13	1.78495366781142	a8	a56
12	1.78550765027166	a8	a56	a50	0
12	1.791413730856	a6	a10	a34	0
12	1.79151381557782	a7	a14	a35	0
12	1.7917596993944	a7	a16	a35	1
12	1.79192308094029	a7	a17	a35	2
12	1.79197934478391	a7	a15	a35	3
13	1.82153057614775	a7	a14
13	1.82412060644889	a7	a17
13	1.82668926730943	a7	a15
13	1.82684345188088	a7	a16
13	1.82720889636515	a6	a10
12	1.82726570120726	a6	a10	a36	0
12	1.82735117896968	a7	a14	a37	0
12	1.82759543979077	a7	a15	a37	1
12	1.82771716445244	a7	a16	a37	2
12	1.82781075719231	a7	a17	a37	3
13	1.83090743258525	a7	a16
13	1.83116386587251	a7	a17
13	1.83186743441698	a7	a14
13	1.83300109676602	a7	a15
13	1.83312038693446	a6	a10
12	1.8367185679335	a6	a10	a38	0
12	1.83680242270043	a7	a14	a39	0
12	1.83707319244783	a7	a15	a39	1
12	1.83708347141927	a7	a17	a39	2
12	1.83712566930198	a7	a16	a39	3
13	1.83988124514299	a7	a14
13	1.84061943759123	a7	a15
13	1.84064486452055	a7	a16
13	1.84071844031605	a7	a17
13	1.84090048631007	a6	a10
12	1.84094430718827	a6	a10	a40	0
12	1.84102275197023	a7	a14	a41	0
12	1.84131245666501	a7	a15	a41	1
12	1.84140118041841	a7	a16	a41	2
12	1.84141903336879	a7	a17	a41	3
13	1.84195218738691	a7	a14
13	1.84351594354053	a7	a15
13	1.84358519134806	a7	a16
13	1.84372098197064	a7	a17
13	1.84390302796465	a6	a10
12	1.84422384007297	a8	a57	a49	0
13	1.85613662696198	a8	a57
12	1.85620316977703	a8	a57	a54	0
12	1.85809125452919	a8	a58	a53	0
13	1.87440614618278	a8	a58
12	1.87445213105496	a8	a58	a52	0
13	1.88290523255999	a8	a58
12	1.88293715147128	a8	a58	a51	0
13	1.88761246047649	a8	a58
13	1.89168888414628	a8	a57
13	1.89179654284705	a8	a56
13	1.89196046539143	a8	a55
12	1.89234565632081	a8	a55	a46	0
12	1.89237270624563	a8	a56	a48	0
13	1.93756501563589	a8	a56
12	1.93772947917877	a6	a10	a20	0
12	1.93779980898329	a7	a14	a21	0
12	1.93810628463146	a7	a15	a21	1
12	1.93822151731117	a7	a16	a21	2
12	1.93827237116983	a7	a17	a21	3
13	1.93856559235484	a7	a15
13	1.93871680143456	a7	a14
13	1.94000681234904	a7	a16
13	1.94004792823476	a7	a17
13	1.94022889223178	a6	a10
12	1.94042527468594	a8	a56	a44	0
12	1.94044420963331	a8	a57	a43	0
12	1.94067088800327	a6	a10	a22	0
12	1.94081749859578	a7	a14	a23	0
12	1.94104552946198	a7	a16	a23	1
12	1.94112451524244	a7	a15	a23	2
12	1.94118997606049	a7	a17	a23	3
13	1.94165875125756	a7	a14
12	1.94171285110719	a7	a14	a23	4
13	1.94213293643958	a7	a17
12	1.94219515126666	a7	a17	a23	5
13	1.94222598818095	a7	a15
13	1.94227251405163	a7	a16
12	1.94231471193435	a7	a15	a23	6
12	1.94238774673135	a7	a16	a23	7
13	1.94276401118554	a7	a14
12	1.94279593009682	a7	a14	a23	8
13	1.94314135763673	a7	a15
12	1.94320573645779	a7	a15	a23	9
13	1.94345892375407	a7	a17
12	1.94352871256009	a7	a17	a23	10
13	1.94366585567891	a7	a14
12	1.94369993858418	a7	a14	a23	11
13	1.94375214493907	a7	a16
12	1.94381706475863	a7	a16	a23	12
13	1.94417628776019	a7	a15
12	1.94424066658125	a7	a15	a23	13
13	1.94434291529706	a7	a17
12	1.94440729411812	a7	a17	a23	14
13	1.94449899336325	a7	a14
12	1.94454876522491	a7	a14	a23	15
13	1.94465831742041	a7	a16
13	1.94512952711071	a7	a15
13	1.94522203785358	a7	a17
13	1.94538027991375	a7	a14
13	1.94543600275888	a6	a10
12	1.94556854739048	a6	a10	a24	0
12	1.94561290926717	a7	a14	a25	0
13	1.94565023816342	a7	a14
12	1.9456602466356	a7	a16	a25	1
12	1.9456832390717	a7	a14	a25	2
13	1.94572489595591	a7	a14
12	1.94573598642509	a7	a15	a25	3
13	1.94578846327923	a7	a16
13	1.94586203907473	a7	a15
13	1.94610251290634	a6	a10
12	1.94615066177252	a6	a10	a26	0
12	1.94623235254546	a7	a14	a27	0
13	1.94629294437705	a7	a14
12	1.94632107629886	a7	a14	a27	1
13	1.94638707811541	a7	a14
12	1.9464027670718	a7	a14	a27	2
13	1.94646065391091	a7	a14
12	1.94648905633197	a7	a16	a27	3
13	1.94665351987485	a7	a16
13	1.94680959794104	a6	a10
12	1.94703735830799	a6	a10	a22	0
12	1.94708388417867	a7	a14	a23	0
12	1.94726268418171	a7	a15	a23	1
12	1.94730001307795	a7	a17	a23	2
12	1.9473221940163	a7	a16	a23	3
13	1.94788726694571	a7	a14
12	1.94791972685549	a7	a14	a23	4
13	1.94820726755629	a7	a17
12	1.94826948238336	a7	a17	a23	5
13	1.94829058132472	a7	a15
13	1.94830410628713	a7	a16
12	1.94838038707511	a7	a15	a23	6
12	1.94840419100895	a7	a16	a23	7
13	1.94870255167967	a7	a14
12	1.94873501158945	a7	a14	a23	8
13	1.9490441922301	a7	a17
12	1.94910586605868	a7	a17	a23	9
13	1.94921893474441	a7	a15
13	1.94923949268727	a7	a16
12	1.9493087404948	a7	a15	a23	10
12	1.9493228064557	a7	a16	a23	11
13	1.9495070164437	a7	a14
12	1.94955732930386	a7	a14	a23	12
13	1.94990005185128	a7	a17
12	1.94996172567986	a7	a17	a23	13
13	1.95015053415507	a7	a16
12	1.95021599497313	a7	a16	a23	14
13	1.95025981585133	a7	a15
12	1.95032581766788	a7	a15	a23	15
13	1.95035854807691	a7	a14
13	1.9507494194905	a7	a17
13	1.95107888757476	a7	a16
13	1.95121143220636	a7	a15
13	1.95133937835074	a6	a10
13	1.95143080709662	a8	a57
12	1.95145352903347	a6	a10	a28	0
12	1.95149626791468	a7	a14	a29	0
13	1.95157308970115	a7	a14
12	1.95158877865755	a7	a14	a29	1
13	1.95166397744854	a7	a14
12	1.9516766909132	a7	a16	a29	2
12	1.9516986013523	a7	a14	a29	3
13	1.95175919318389	a7	a14
12	1.95180896504555	a7	a14	a29	4
13	1.95184277745157	a7	a16
13	1.95187009787563	a7	a14
12	1.95189363131022	a7	a17	a29	5
12	1.95191473025158	a7	a15	a29	6
12	1.95193799318692	a7	a16	a29	7
12	1.95195124765008	a7	a14	a29	8
13	1.95200183100949	a7	a17
13	1.95201075748468	a7	a14
13	1.95202509394483	a7	a15
12	1.95205349636589	a7	a14	a29	9
13	1.95205809485311	a7	a16
12	1.9520889317674	a7	a17	a29	10
13	1.95213410514184	a7	a14
12	1.9521687290456	a7	a14	a29	12
12	1.9521765735238	a7	a15	a29	11
13	1.95218198350876	a7	a17
12	1.95219226248019	a7	a16	a29	13
13	1.9522287798787	a7	a14
12	1.95225772329825	a7	a17	a29	14
13	1.95226313328321	a7	a16
13	1.9522652972772	a7	a15
12	1.95227801074186	a7	a14	a29	15
13	1.95234752904864	a7	a17
13	1.95235591452533	a7	a14
13	1.95254147700957	a6	a10
13	1.95257069092837	a8	a56
12	1.95288555205323	a8	a56	a42	0
12	1.95293586491339	a6	a10	a30	0
12	1.95301430969535	a7	a14	a31	0
13	1.95315010031793	a7	a14
12	1.95316687127132	a7	a14	a31	1
12	1.95321637263373	a7	a15	a31	2
13	1.95330374389089	a7	a14
12	1.95331375236307	a7	a16	a31	3
12	1.95333890879315	a7	a14	a31	4
12	1.95344034601121	a7	a17	a31	5
13	1.95346955993001	a7	a15
13	1.95349201136761	a7	a14
13	1.95349769185182	a7	a16
12	1.95355963617965	a7	a14	a31	6
13	1.95358641560522	a7	a17
12	1.95359831757213	a7	a15	a31	7
12	1.95361562952402	a7	a16	a31	8
12	1.95367405736162	a7	a17	a31	9
13	1.95367811485034	a7	a14
12	1.95371544374659	a7	a14	a31	10
13	1.9537503381496	a7	a15
13	1.95380281500374	a7	a16
12	1.95381525796916	a7	a15	a31	11
13	1.95385907884736	a7	a17
13	1.95387071031503	a7	a14
12	1.95387855479323	a7	a16	a31	12
12	1.95391777718421	a7	a14	a31	13
13	1.95392940865188	a7	a15
12	1.95397485252557	a7	a17	a31	14
12	1.95399811546092	a7	a15	a31	15
13	1.95400298444738	a7	a16
13	1.9540514038128	a7	a14
13	1.9541176761286	a7	a15
13	1.95413120109101	a7	a17
13	1.95429755812863	a6	a10
13	1.95442415177677	a8	a56
12	1.9544495787061	a8	a56	a45	0
12	1.95446634965948	a6	a10	a32	0
12	1.95456427038732	a7	a14	a33	0
13	1.9545810413407	a7	a14
12	1.95460051728657	a7	a14	a33	1
13	1.95462323922342	a7	a14
12	1.9546400101768	a7	a14	a33	2
13	1.95465678113019	a7	a14
12	1.95467301108508	a7	a14	a33	3
13	1.95468978203846	a7	a14
12	1.95472061895275	a7	a14	a33	4
13	1.95473738990614	a7	a14
12	1.95477580079938	a7	a14	a33	5
13	1.95479203075427	a7	a14
12	1.95482043317533	a7	a15	a33	6
12	1.9548461306039	a7	a14	a33	7
12	1.95485830307007	a7	a17	a33	8
13	1.95486236055879	a7	a14
13	1.95487128703398	a7	a15
12	1.95489806645955	a7	a14	a33	9
13	1.95489995995429	a7	a17
13	1.95491483741293	a7	a14
12	1.95496082228512	a7	a14	a33	10
12	1.95497624074227	a7	a17	a33	11
13	1.95498083922949	a7	a14
13	1.95499355269415	a7	a17
12	1.95504819354228	a7	a15	a33	12
12	1.95507226797536	a7	a14	a33	13
13	1.95507578446559	a7	a15
12	1.9550887684295	a7	a16	a33	14
13	1.95508903892875	a7	a14
12	1.95511527735582	a7	a17	a33	15
13	1.9551325893077	a7	a16
13	1.95517803318139	a7	a17
13	1.95533898023405	a6	a10
13	1.95538117811676	a8	a56
12	1.95574256511231	a8	a56	a50	0
12	1.96167028563651	a6	a10	a34	0
12	1.96174277943501	a7	a14	a35	0
12	1.9618696435824	a7	a17	a35	1
12	1.96198054827415	a7	a15	a35	2
12	1.96205628806363	a7	a16	a35	3
13	1.99641618456204	a7	a17
13	1.99748655008701	a7	a14
13	1.99777084479683	a7	a15
13	1.9982896623548	a7	a16
13	1.99841111651722	a6	a10
12	1.99849497128415	a6	a10	a36	0
12	1.99853554617138	a7	a14	a37	0
12	1.99867918127215	a7	a17	a37	1
12	1.99876357703758	a7	a15	a37	2
12	1.99890044965715	a7	a16	a37	3
13	2.00208693080048	a7	a15
13	2.00223732838246	a7	a16
13	2.00508703796184	a7	a14
13	2.0056445369123	a7	a17
13	2.0057833030266	a6	a10
12	2.00939825497903	a6	a10	a38	0
12	2.00946317479858	a7	a14	a39	0
12	2.00981130733097	a7	a17	a39	1
12	2.00986648917759	a7	a15	a39	2
12	2.00993411398963	a7	a16	a39	3
13	2.01280708650435	a7	a14
13	2.01364049468794	a7	a15
13	2.01368647956012	a7	a16
13	2.01374653039321	a7	a17
13	2.01397239726543	a6	a10
12	2.01402325112408	a6	a10	a40	0
12	2.01407680997522	a7	a14	a41	0
12	2.01432485778578	a7	a15	a41	1
12	2.0145720940986	a7	a16	a41	2
12	2.01459102904597	a7	a17	a41	3
13	2.01512580605959	a7	a14
13	2.01627082937705	a7	a15
13	2.01667116826433	a7	a16
13	2.01676908899217	a7	a17
13	2.01691759307941	a6	a10
12	2.0172416511787	a8	a57	a49	0
13	2.02917824200155	a8	a57
12	2.02929996666322	a8	a57	a54	0
12	2.03117019846501	a8	a58	a53	0
13	2.04734551250654	a8	a58
12	2.04737797241632	a8	a58	a52	0
13	2.0556920373078	a8	a58
12	2.05583377891383	a8	a58	a51	0
13	2.06057292574161	a8	a58
13	2.06460985652117	a8	a57
13	2.06470344926103	a8	a56
13	2.06485438784151	a8	a55
12	2.06521415184156	a8	a55	a46	0
12	2.06523903777239	a8	a56	a48	0
13	2.10941426998956	a8	a56
12	2.10957602853996	a6	a10	a20	0
12	2.10964852233847	a7	a14	a21	0
12	2.11000855683777	a7	a17	a21	1
12	2.11007455865432	a7	a15	a21	2
12	2.11009890358666	a7	a16	a21	3
13	2.11050735745138	a7	a17
13	2.11054685034161	a7	a16
13	2.11055388332207	a7	a15
13	2.11058174474463	a7	a14
13	2.11081545609504	a6	a10
12	2.11098587062138	a8	a56	a44	0
12	2.11100372357176	a8	a57	a43	0
12	2.11125582887104	a6	a10	a22	0
12	2.11140135746655	a7	a14	a23	0
12	2.11157637048011	a7	a17	a23	1
12	2.11181224582451	a7	a15	a23	2
12	2.11182955777639	a7	a16	a23	3
13	2.11222908516593	a7	a14
12	2.11226749605917	a7	a14	a23	4
13	2.1125793816923	a7	a17
12	2.11264592450734	a7	a17	a23	5
13	2.11289694780964	a7	a15
13	2.11291480076002	a7	a16
12	2.11299973752394	a7	a15	a23	6
12	2.11302191846229	a7	a16	a23	7
13	2.11329755719616	a7	a14
12	2.11335165704579	a7	a14	a23	8
13	2.11344011029994	a7	a17
12	2.11350989910597	a7	a17	a23	9
13	2.11437225070911	a7	a16
13	2.11443744102791	a7	a14
12	2.11445069549107	a7	a16	a23	10
13	2.11446800744296	a7	a15
12	2.11446990093769	a7	a14	a23	11
12	2.11452968127154	a7	a15	a23	12
13	2.11466655389111	a7	a17
12	2.11474770366555	a7	a17	a23	13
13	2.11562222773486	a7	a14
12	2.11567091759953	a7	a14	a23	14
13	2.11573773091382	a7	a15
13	2.11574638688976	a7	a16
12	2.11583781563564	a7	a15	a23	15
13	2.11588596450182	a7	a17
13	2.11672424167187	a7	a14
13	2.11719463986442	a7	a15
13	2.11732096301331	a6	a10
12	2.1174253757231	a6	a10	a24	0
12	2.11749624652612	a7	a14	a25	0
13	2.11756333033966	a7	a14
12	2.11757901929606	a7	a14	a25	1
13	2.11761418419832	a7	a14
12	2.11762933215621	a7	a14	a25	2
13	2.11766395605998	a7	a14
12	2.1176685545472	a7	a16	a25	3
13	2.1178151651397	a7	a16
13	2.11805022898635	a6	a10
12	2.11810595183147	a6	a10	a26	0
12	2.11817628163599	a7	a14	a27	0
13	2.11823849646307	a7	a14
12	2.11826771038187	a7	a14	a27	1
13	2.11832613821948	a7	a14
12	2.11834182717587	a7	a14	a27	2
13	2.11840133701046	a7	a14
12	2.11845814185258	a7	a14	a27	3
13	2.11851819268567	a7	a14
13	2.11859176848117	a6	a10
12	2.11877678996691	a6	a10	a22	0
12	2.11885793974136	a7	a14	a23	0
12	2.11910761054741	a7	a15	a23	1
12	2.11916062840005	a7	a17	a23	2
12	2.11920174428577	a7	a16	a23	3
13	2.11963860057155	a7	a14
12	2.11968025745577	a7	a14	a23	4
13	2.11997970012348	a7	a17
13	2.12004245594906	a7	a16
12	2.12004678393703	a7	a17	a23	5
13	2.12009709679719	a7	a15
12	2.1201679676002	a7	a16	a23	6
12	2.1201685085987	a7	a15	a23	7
13	2.12046903326341	a7	a14
12	2.12050311616868	a7	a14	a23	8
13	2.12082365777775	a7	a17
12	2.12088587260482	a7	a17	a23	9
13	2.12107846806951	a7	a15
13	2.12108387805448	a7	a16
12	2.12116665082441	a7	a15	a23	10
12	2.12118179878231	a7	a16	a23	11
13	2.12127133403345	a7	a14
12	2.12130541693872	a7	a14	a23	12
13	2.12165895945607	a7	a17
12	2.12172279727863	a7	a17	a23	13
13	2.12205442935688	a7	a16
13	2.12205659335086	a7	a15
13	2.12213530863208	a7	a14
12	2.12214153011479	a7	a16	a23	14
12	2.12216533404862	a7	a15	a23	15
13	2.12251049108928	a7	a17
13	2.12298386477356	a7	a16
13	2.12310396643974	a7	a15
13	2.12321784662322	a6	a10
13	2.12331252136008	a8	a57
12	2.12334065328188	a6	a10	a28	0
12	2.12339258913753	a7	a14	a29	0
13	2.12347427991048	a7	a14
12	2.12352242877665	a7	a14	a29	1
12	2.12354055222628	a7	a17	a29	2
13	2.12359600457215	a7	a14
12	2.12360601304433	a7	a16	a29	3
12	2.12363171047291	a7	a14	a29	4
13	2.12368986781126	a7	a17
13	2.123691761306	a7	a14
12	2.12370014678269	a7	a15	a29	5
13	2.12372340971803	a7	a16
12	2.12372692620826	a7	a14	a29	6
12	2.12377534557368	a7	a17	a29	7
13	2.12379265752556	a7	a15
13	2.12379617401579	a7	a14
12	2.12379752651203	a7	a16	a29	8
12	2.12384053589249	a7	a14	a29	9
13	2.12385649534813	a7	a17
13	2.123874889297	a7	a16
12	2.12388408627144	a7	a15	a29	10
13	2.12391086569701	a7	a14
12	2.12391438218723	a7	a17	a29	11
12	2.12395414557671	a7	a14	a29	12
13	2.12396577704438	a7	a15
13	2.12398958097822	a7	a17
12	2.12401013892108	a7	a16	a29	13
13	2.12402393438274	a7	a14
12	2.12403394285492	a7	a15	a29	14
12	2.12408587871057	a7	a17	a29	15
13	2.12410048566997	a7	a15
13	2.1241102236429	a7	a16
13	2.12416865148051	a7	a17
13	2.12434204149858	a6	a10
13	2.12436151744444	a8	a56
12	2.12462606570915	a8	a56	a42	0
12	2.12469855950765	a6	a10	a30	0
12	2.12484030111369	a7	a14	a31	0
13	2.12496905875581	a7	a14
12	2.12498907570018	a7	a14	a31	1
12	2.125052102025	a7	a16	a31	2
13	2.12511025936335	a7	a14
12	2.12514596526411	a7	a14	a31	3
12	2.12519438462953	a7	a15	a31	4
12	2.12525714045511	a7	a17	a31	5
13	2.12526525543255	a7	a16
13	2.12526877192278	a7	a14
12	2.12531583879196	a7	a14	a31	6
12	2.12535560218144	a7	a16	a31	7
13	2.12535614317993	a7	a15
13	2.12541024302956	a7	a17
13	2.12543053047318	a7	a14
12	2.12543837495137	a7	a15	a31	8
12	2.12546948236491	a7	a14	a31	9
12	2.12549788478597	a7	a17	a31	10
13	2.1255233117153	a7	a16
12	2.12558931353185	a7	a16	a31	11
13	2.12562853592283	a7	a14
13	2.12563205241306	a7	a15
13	2.12564611837396	a7	a17
12	2.12568047177848	a7	a14	a31	12
12	2.12572564515292	a7	a15	a31	13
12	2.12573376013036	a7	a17	a31	14
13	2.12577054802811	a7	a16
13	2.12583736134241	a7	a14
12	2.12583925483715	a7	a16	a31	15
13	2.12584953380858	a7	a17
13	2.12587820672888	a7	a15
13	2.12595881550483	a7	a16
13	2.12610731959208	a6	a10
13	2.12623066724924	a8	a56
12	2.12626096316503	a8	a56	a45	0
12	2.12627881611541	a6	a10	a32	0
12	2.12635239191091	a7	a14	a33	0
13	2.12639134380264	a7	a14
12	2.12640703275904	a7	a14	a33	1
13	2.12642163971844	a7	a14
12	2.12643895167032	a7	a14	a33	2
13	2.12646167360717	a7	a14
12	2.12652010144477	a7	a14	a33	3
12	2.12653660189891	a7	a17	a33	4
13	2.12653687239815	a7	a14
12	2.12657961127936	a7	a14	a33	5
13	2.12658799675606	a7	a17
13	2.12659530023576	a7	a14
12	2.12662803064479	a7	a15	a33	6
12	2.12665372807336	a7	a14	a33	7
12	2.12666535954103	a7	a17	a33	8
13	2.12666590053953	a7	a15
13	2.12666995802825	a7	a14
13	2.12667996650043	a7	a17
12	2.12670160644028	a7	a16	a33	9
12	2.12672892686435	a7	a14	a33	10
13	2.12674623881623	a7	a14
13	2.12675732928541	a7	a16
12	2.12680926514105	a7	a15	a33	11
12	2.12683523306888	a7	a17	a33	12
13	2.12684280704782	a7	a15
12	2.126853897517	a7	a14	a33	13
13	2.12686931597414	a7	a17
13	2.12687012747189	a7	a14
12	2.12690231688242	a7	a16	a33	14
12	2.12692639131551	a7	a14	a33	15
13	2.12694370326739	a7	a14
13	2.12694830175461	a7	a16
13	2.12725207241029	a6	a10
13	2.12729697528549	a8	a56
12	2.12768433020885	a8	a56	a50	0
12	2.13346003015559	a6	a10	a34	0
12	2.13354929490748	a7	a14	a35	0
12	2.13366588008344	a7	a15	a35	1
12	2.13369942199021	a7	a16	a35	2
12	2.1339796592113	a7	a17	a35	3
13	2.1642074091948	a7	a17
13	2.16706956173959	a7	a14
13	2.16771199745397	a7	a15
13	2.16843585344205	a7	a16
13	2.16862655541201	a6	a10
12	2.16867740927066	a6	a10	a36	0
12	2.1687309681218	a7	a14	a37	0
12	2.16894547402559	a7	a15	a37	1
12	2.16901959081958	a7	a17	a37	2
12	2.16960441019411	a7	a16	a37	3
13	2.17132099842294	a7	a17
13	2.17232752612535	a7	a14
13	2.17279359632993	a7	a16
13	2.17342872856461	a7	a15
13	2.17357398666087	a6	a10
12	2.17715431470953	a6	a10	a38	0
12	2.17721923452909	a7	a14	a39	0
12	2.17745754436672	a7	a17	a39	1
12	2.17751218521485	a7	a15	a39	2
12	2.17760253196373	a7	a16	a39	3
13	2.18047712747394	a7	a14
13	2.18115797408156	a7	a16
13	2.18117636803044	a7	a17
13	2.18130891266203	a7	a15
13	2.18146769572071	a6	a10
12	2.18150069662898	a6	a10	a40	0
12	2.18156291145606	a7	a14	a41	0
12	2.18190563400348	a7	a16	a41	1
12	2.18192294595536	a7	a17	a41	2
12	2.18199165276439	a7	a15	a41	3
13	2.18252372478553	a7	a14
13	2.18410154690005	a7	a16
13	2.18414212178727	a7	a17
13	2.18415835174216	a7	a15
13	2.18441235053619	a6	a10
12	2.18473262164601	a8	a57	a49	0
13	2.19641927116356	a8	a57
12	2.19651827388838	a8	a57	a54	0
12	2.19833007785257	a8	a58	a53	0
13	2.21445129204447	a8	a58
12	2.21449944091064	a8	a58	a52	0
13	2.22280755481865	a8	a58
12	2.22284109672543	a8	a58	a51	0
13	2.22756022660884	a8	a58
13	2.23160581336434	a8	a57
13	2.23171347206511	a8	a56
13	2.23187306662152	a8	a55
12	2.23192608447416	a8	a55	a50	0
12	2.24317885319766	a6	a10	a34	0
12	2.24324864200369	a7	a14	a35	0
12	2.24349777181124	a7	a17	a35	1
12	2.24361841447592	a7	a15	a35	2
12	2.24363843142029	a7	a16	a35	3
13	2.27157802826359	a7	a14
13	2.27267490271488	a7	a17
13	2.2761145711545	a7	a16
13	2.27676863833655	a7	a15
13	2.27693553637266	a6	a10
12	2.27696096330199	a6	a10	a36	0
12	2.27708755695013	a7	a14	a37	0
12	2.27737401565393	a7	a16	a37	1
12	2.27751792125395	a7	a17	a37	2
12	2.27797235999086	a7	a15	a37	3
13	2.27978362295655	a7	a17
13	2.28120942449361	a7	a14
13	2.28134440361844	a7	a15
13	2.28258707716449	a7	a16
13	2.28270582633443	a6	a10
12	2.2865496206508	a6	a10	a38	0
12	2.28660696649141	a7	a14	a39	0
12	2.28675979856662	a7	a17	a39	1
12	2.28691831112605	a7	a15	a39	2
12	2.28699134592305	a7	a16	a39	3
13	2.28827486485557	a7	a14
13	2.28986026094904	a7	a17
13	2.28995223069342	a7	a15
13	2.29004420043779	a7	a16
13	2.2901689005912	a6	a10
12	2.29023814839873	a6	a10	a40	0
12	2.29028900225738	a7	a14	a41	0
12	2.29053650906945	a7	a17	a41	1
12	2.29058195294314	a7	a15	a41	2
12	2.29070043161383	a7	a16	a41	3
13	2.29125955355978	a7	a14
13	2.29274756992391	a7	a15
13	2.29275352090737	a7	a16
13	2.29282926069686	a7	a17
13	2.29304376660065	a6	a10
12	2.29335105374656	a8	a56	a49	0
13	2.30519405182955	a8	a56
12	2.30526708662655	a8	a56	a54	0
12	2.30716220435917	a8	a57	a53	0
13	2.32329694351347	a8	a57
12	2.32333156741724	a8	a57	a52	0
13	2.33146277481696	a8	a57
12	2.33149956271471	a8	a57	a51	0
13	2.33619434766579	a8	a57
13	2.34023939342279	a8	a56
13	2.34034218313709	a8	a55
