%EventDef PajeDefineContainerType 0 
%       Alias string 
%       Type string 
%       Name string 
%EndEventDef 
%EventDef PajeDefineVariableType 1 
%       Alias string 
%       Type string 
%       Name string 
%       Color color 
%EndEventDef 
%EventDef PajeDefineStateType 2 
%       Alias string 
%       Type string 
%       Name string 
%EndEventDef 
%EventDef PajeDefineEventType 3 
%       Alias string 
%       Type string 
%       Name string 
%       Color color 
%EndEventDef 
%EventDef PajeDefineLinkType 4 
%       Alias string 
%       Type string 
%       StartContainerType string 
%       EndContainerType string 
%       Name string 
%EndEventDef 
%EventDef PajeDefineEntityValue 5 
%       Alias string 
%       Type string 
%       Name string 
%       Color color 
%EndEventDef 
%EventDef PajeCreateContainer 6 
%       Time date 
%       Alias string 
%       Type string 
%       Container string 
%       Name string 
%EndEventDef 
%EventDef PajeDestroyContainer 7 
%       Time date 
%       Type string 
%       Name string 
%EndEventDef 
%EventDef PajeSetVariable 8 
%       Time date 
%       Type string 
%       Container string 
%       Value double 
%EndEventDef
%EventDef PajeAddVariable 9 
%       Time date 
%       Type string 
%       Container string 
%       Value double 
%EndEventDef
%EventDef PajeSubVariable 10 
%       Time date 
%       Type string 
%       Container string 
%       Value double 
%EndEventDef
%EventDef PajeSetState 11 
%       Time date 
%       Type string 
%       Container string 
%       Value string 
%EndEventDef
%EventDef PajePushState 12 
%       Time date 
%       Type string 
%       Container string 
%       Value string 
%       Id string 
%EndEventDef
%EventDef PajePopState 13 
%       Time date 
%       Type string 
%       Container string 
%EndEventDef
%EventDef PajeResetState 14 
%       Time date 
%       Type string 
%       Container string 
%EndEventDef
%EventDef PajeStartLink 15 
%       Time date 
%       Type string 
%       Container string 
%       Value string 
%       StartContainer string 
%       Key string 
%EndEventDef
%EventDef PajeEndLink 16 
%       Time date 
%       Type string 
%       Container string 
%       Value string 
%       EndContainer string 
%       Key string 
%EndEventDef
%EventDef PajeNewEvent 17 
%       Time date 
%       Type string 
%       Container string 
%       Value string 
%EndEventDef
0	a1	0	"Task Manager"
0	a2	a1	"Node"
0	a3	a1	"Thread"
0	a4	a1	"Jobs"
0	a5	a1	"Memory usage"
2	a6	a4	"Job"
2	a7	a3	"Task"
2	a8	a3	"Timer state"
6	0	a9	a1	0	"The task manager"
6	0	a10	a4	a9	"Jobs"
6	0	a11	a5	a9	"Memory"
1	a12	a1	"Memory [MB]"	"1.0 1.0 1.0"
6	0	a13	a2	a9	"Node 0"
6	0	a14	a3	a13	"Thread 0"
6	0	a15	a3	a13	"Thread 1"
6	0	a16	a3	a13	"Thread 2"
6	0	a17	a3	a13	"Thread 3"
5	a18	a6	"ngcore::ParallelFor<int,ngcore::EnterTaskManager()::{lambda(int)#1}>(ngcore::T_Range<int>,ngcore::EnterTaskManager()::{lambda(int)#1},int,ngcore::TotalCosts)::{lambda(ngcore::TaskInfo&)#1}"	"0.630615054310908 1 0"
5	a19	a7	"ngcore::ParallelFor<int,ngcore::EnterTaskManager()::{lambda(int)#1}>(ngcore::T_Range<int>,ngcore::EnterTaskManager()::{lambda(int)#1},int,ngcore::TotalCosts)::{lambda(ngcore::TaskInfo&)#1}"	"0.630615054310908 1 0"
5	a20	a6	"ngcore::ParallelForRange<netgen::ElementIndex,netgen::MeshOptimize3d::SwapImprove(netgen::Mesh&,netgen::OPTIMIZEGOAL,netgen::NgBitArray const*)::{lambda(auto:1)#1}>(ngcore::T_Range<netgen::ElementIndex>,netgen::MeshOptimize3d::SwapImprove(netgen::Mesh&,netgen::OPTIMIZEGOAL,netgen::NgBitArray const*)::{lambda(auto:1)#1},int,ngcore::TotalCosts)::{lambda(ngcore::TaskInfo&)#1}"	"0.708022642579866 0 1"
5	a21	a7	"ngcore::ParallelForRange<netgen::ElementIndex,netgen::MeshOptimize3d::SwapImprove(netgen::Mesh&,netgen::OPTIMIZEGOAL,netgen::NgBitArray const*)::{lambda(auto:1)#1}>(ngcore::T_Range<netgen::ElementIndex>,netgen::MeshOptimize3d::SwapImprove(netgen::Mesh&,netgen::OPTIMIZEGOAL,netgen::NgBitArray const*)::{lambda(auto:1)#1},int,ngcore::TotalCosts)::{lambda(ngcore::TaskInfo&)#1}"	"0.708022642579866 0 1"
5	a22	a6	"ngcore::ParallelForRange<netgen::ElementIndex,ngcore::CreateTable<netgen::ElementIndex,netgen::PointIndex,ngcore::T_Range<netgen::ElementIndex>,netgen::Mesh::CreatePoint2ElementTable(std::optional<ngcore::BitArray>)const::{lambda(auto:1&,netgen::ElementIndex)#1}>(ngcore::T_Range<netgen::ElementIndex>const&,netgen::Mesh::CreatePoint2ElementTable(std::optional<ngcore::BitArray>)const::{lambda(auto:1&,netgen::ElementIndex)#1}const&,std::optional<unsigned long>)::{lambda(auto:1)#1}>(ngcore::T_Range<netgen::ElementIndex>,ngcore::Table,int,ngcore::TotalCosts)::{lambda(ngcore::TaskInfo&)#1}"	"0 0.230008221284954 1"
5	a23	a7	"ngcore::ParallelForRange<netgen::ElementIndex,ngcore::CreateTable<netgen::ElementIndex,netgen::PointIndex,ngcore::T_Range<netgen::ElementIndex>,netgen::Mesh::CreatePoint2ElementTable(std::optional<ngcore::BitArray>)const::{lambda(auto:1&,netgen::ElementIndex)#1}>(ngcore::T_Range<netgen::ElementIndex>const&,netgen::Mesh::CreatePoint2ElementTable(std::optional<ngcore::BitArray>)const::{lambda(auto:1&,netgen::ElementIndex)#1}const&,std::optional<unsigned long>)::{lambda(auto:1)#1}>(ngcore::T_Range<netgen::ElementIndex>,ngcore::Table,int,ngcore::TotalCosts)::{lambda(ngcore::TaskInfo&)#1}"	"0 0.230008221284954 1"
5	a24	a6	"ngcore::TablePrefixSum2<unsigned int>(ngcore::FlatArray<unsigned int,unsigned long>)::{lambda(ngcore::TaskInfo)#1}"	"0 0.312895337658212 1"
5	a25	a7	"ngcore::TablePrefixSum2<unsigned int>(ngcore::FlatArray<unsigned int,unsigned long>)::{lambda(ngcore::TaskInfo)#1}"	"0 0.312895337658212 1"
5	a26	a6	"ngcore::TablePrefixSum2<unsigned int>(ngcore::FlatArray<unsigned int,unsigned long>)::{lambda(ngcore::TaskInfo)#2}"	"0 1 0.887517304832004"
5	a27	a7	"ngcore::TablePrefixSum2<unsigned int>(ngcore::FlatArray<unsigned int,unsigned long>)::{lambda(ngcore::TaskInfo)#2}"	"0 1 0.887517304832004"
5	a28	a6	"ngcore::ParallelForRange<netgen::PointIndex,ngcore::CreateSortedTable<netgen::ElementIndex,netgen::PointIndex,ngcore::T_Range<netgen::ElementIndex>,netgen::Mesh::CreatePoint2ElementTable(std::optional<ngcore::BitArray>)const::{lambda(auto:1&,netgen::ElementIndex)#1}>(ngcore::T_Range<netgen::ElementIndex>const&,netgen::Mesh::CreatePoint2ElementTable(std::optional<ngcore::BitArray>)const::{lambda(auto:1&,netgen::ElementIndex)#1}const&,std::optional<unsigned long>)::{lambda(auto:1)#1}>(ngcore::T_Range<netgen::PointIndex>,ngcore::Table,int,ngcore::TotalCosts)::{lambda(ngcore::TaskInfo&)#1}"	"0 0.170427812303051 1"
5	a29	a7	"ngcore::ParallelForRange<netgen::PointIndex,ngcore::CreateSortedTable<netgen::ElementIndex,netgen::PointIndex,ngcore::T_Range<netgen::ElementIndex>,netgen::Mesh::CreatePoint2ElementTable(std::optional<ngcore::BitArray>)const::{lambda(auto:1&,netgen::ElementIndex)#1}>(ngcore::T_Range<netgen::ElementIndex>const&,netgen::Mesh::CreatePoint2ElementTable(std::optional<ngcore::BitArray>)const::{lambda(auto:1&,netgen::ElementIndex)#1}const&,std::optional<unsigned long>)::{lambda(auto:1)#1}>(ngcore::T_Range<netgen::PointIndex>,ngcore::Table,int,ngcore::TotalCosts)::{lambda(ngcore::TaskInfo&)#1}"	"0 0.170427812303051 1"
5	a30	a6	"ngcore::ParallelFor<unsigned long,netgen::BuildEdgeList<netgen::ElementIndex>(netgen::Mesh const&,ngcore::Table<netgen::ElementIndex,netgen::PointIndex>const&,ngcore::Array<std::tuple<netgen::PointIndex,netgen::PointIndex>,unsigned long>&)::{lambda(int)#1}>(ngcore::T_Range<unsigned long>,netgen::BuildEdgeList<netgen::ElementIndex>(netgen::Mesh const&,ngcore::Table<netgen::ElementIndex,netgen::PointIndex>const&,ngcore::Array<std::tuple<netgen::PointIndex,netgen::PointIndex>,unsigned long>&)::{lambda(int)#1},int,ngcore::TotalCosts)::{lambda(ngcore::TaskInfo&)#1}"	"1 0.872005992306398 0"
5	a31	a7	"ngcore::ParallelFor<unsigned long,netgen::BuildEdgeList<netgen::ElementIndex>(netgen::Mesh const&,ngcore::Table<netgen::ElementIndex,netgen::PointIndex>const&,ngcore::Array<std::tuple<netgen::PointIndex,netgen::PointIndex>,unsigned long>&)::{lambda(int)#1}>(ngcore::T_Range<unsigned long>,netgen::BuildEdgeList<netgen::ElementIndex>(netgen::Mesh const&,ngcore::Table<netgen::ElementIndex,netgen::PointIndex>const&,ngcore::Array<std::tuple<netgen::PointIndex,netgen::PointIndex>,unsigned long>&)::{lambda(int)#1},int,ngcore::TotalCosts)::{lambda(ngcore::TaskInfo&)#1}"	"1 0.872005992306398 0"
5	a32	a6	"ngcore::ParallelForRange<unsigned long,netgen::MeshOptimize3d::SwapImprove(netgen::Mesh&,netgen::OPTIMIZEGOAL,netgen::NgBitArray const*)::{lambda(auto:1)#2}>(ngcore::T_Range<unsigned long>,netgen::MeshOptimize3d::SwapImprove(netgen::Mesh&,netgen::OPTIMIZEGOAL,netgen::NgBitArray const*)::{lambda(auto:1)#2},int,ngcore::TotalCosts)::{lambda(ngcore::TaskInfo&)#1}"	"1 0.408375991137786 0"
5	a33	a7	"ngcore::ParallelForRange<unsigned long,netgen::MeshOptimize3d::SwapImprove(netgen::Mesh&,netgen::OPTIMIZEGOAL,netgen::NgBitArray const*)::{lambda(auto:1)#2}>(ngcore::T_Range<unsigned long>,netgen::MeshOptimize3d::SwapImprove(netgen::Mesh&,netgen::OPTIMIZEGOAL,netgen::NgBitArray const*)::{lambda(auto:1)#2},int,ngcore::TotalCosts)::{lambda(ngcore::TaskInfo&)#1}"	"1 0.408375991137786 0"
5	a34	a6	"ngcore::ParallelForRange<netgen::ElementIndex,netgen::Mesh::Compress()::{lambda(auto:1)#1}>(ngcore::T_Range<netgen::ElementIndex>,netgen::Mesh::Compress()::{lambda(auto:1)#1},int,ngcore::TotalCosts)::{lambda(ngcore::TaskInfo&)#1}"	"1 0.0611641584106637 0"
5	a35	a7	"ngcore::ParallelForRange<netgen::ElementIndex,netgen::Mesh::Compress()::{lambda(auto:1)#1}>(ngcore::T_Range<netgen::ElementIndex>,netgen::Mesh::Compress()::{lambda(auto:1)#1},int,ngcore::TotalCosts)::{lambda(ngcore::TaskInfo&)#1}"	"1 0.0611641584106637 0"
5	a36	a6	"ngcore::ParallelForRange<netgen::SurfaceElementIndex,netgen::Mesh::Compress()::{lambda(auto:1)#2}>(ngcore::T_Range<netgen::SurfaceElementIndex>,netgen::Mesh::Compress()::{lambda(auto:1)#2},int,ngcore::TotalCosts)::{lambda(ngcore::TaskInfo&)#1}"	"1 0 -2.77631980257023"
5	a37	a7	"ngcore::ParallelForRange<netgen::SurfaceElementIndex,netgen::Mesh::Compress()::{lambda(auto:1)#2}>(ngcore::T_Range<netgen::SurfaceElementIndex>,netgen::Mesh::Compress()::{lambda(auto:1)#2},int,ngcore::TotalCosts)::{lambda(ngcore::TaskInfo&)#1}"	"1 0 -2.77631980257023"
5	a38	a6	"ngcore::ParallelForRange<netgen::ElementIndex,netgen::Mesh::Compress()::{lambda(auto:1)#3}>(ngcore::T_Range<netgen::ElementIndex>,netgen::Mesh::Compress()::{lambda(auto:1)#3},int,ngcore::TotalCosts)::{lambda(ngcore::TaskInfo&)#1}"	"0.688034037288286 1 0"
5	a39	a7	"ngcore::ParallelForRange<netgen::ElementIndex,netgen::Mesh::Compress()::{lambda(auto:1)#3}>(ngcore::T_Range<netgen::ElementIndex>,netgen::Mesh::Compress()::{lambda(auto:1)#3},int,ngcore::TotalCosts)::{lambda(ngcore::TaskInfo&)#1}"	"0.688034037288286 1 0"
5	a40	a6	"ngcore::ParallelForRange<netgen::SurfaceElementIndex,netgen::Mesh::Compress()::{lambda(auto:1)#4}>(ngcore::T_Range<netgen::SurfaceElementIndex>,netgen::Mesh::Compress()::{lambda(auto:1)#4},int,ngcore::TotalCosts)::{lambda(ngcore::TaskInfo&)#1}"	"0 0.666479625428673 1"
5	a41	a7	"ngcore::ParallelForRange<netgen::SurfaceElementIndex,netgen::Mesh::Compress()::{lambda(auto:1)#4}>(ngcore::T_Range<netgen::SurfaceElementIndex>,netgen::Mesh::Compress()::{lambda(auto:1)#4},int,ngcore::TotalCosts)::{lambda(ngcore::TaskInfo&)#1}"	"0 0.666479625428673 1"
5	a42	a8	"Build edges"	"0 0.0614795051658243 1"
5	a43	a8	"CreateTable"	"0.608616351291681 0 1"
5	a44	a8	"CreateSortedTable"	"0 0.0381698166109086 1"
5	a45	a8	"MeshOptimize3d::SwapImprove loop"	"0.154668690207104 1 0"
5	a46	a8	"MeshOptimize3d::SwapImprove"	"1 0 -2.43968480148811"
5	a47	a8	"FreeOpenElementsEnvironment"	"0.907015785320433 0 1"
5	a48	a8	"Mesh::BuildBoundaryEdges"	"1 0 -2.61861416630415"
5	a49	a8	"Mesh::LinkSurfaceElements"	"0 1 0.171518596860468"
5	a50	a8	"Mesh::Compress"	"1 0.648677515017027 0"
5	a51	a8	"Mesh::CalcSurfacesOfNode, pointloop"	"0 0.319536079261344 1"
5	a52	a8	"Mesh::CalcSurfacesOfNode - surfelementht"	"0.690162641156969 0 1"
5	a53	a8	"Mesh::CalcSurfacesOfNode - surf on node"	"0.000515674241007069 1 0"
5	a54	a8	"Mesh::CalcSurfacesOfNode"	"1 0 -2.35340285344361"
6	0	a55	a3	a9	"Timer level 0"
6	0	a56	a3	a9	"Timer level 1"
6	0	a57	a3	a9	"Timer level 2"
6	0	a58	a3	a9	"Timer level 3"
4	a59	a2	a3	a3	"links"
8	0	a12	a11	0
12	0.122313268036448	a6	a10	a18	0
12	0.122423090731202	a7	a14	a19	0
13	0.122516683471065	a7	a14
12	0.122545897389867	a7	a14	a19	1
13	0.122559963350771	a7	a14
12	0.122577275302654	a7	a14	a19	2
13	0.122583226286113	a7	a14
12	0.122602161233484	a7	a14	a19	3
13	0.122607571218448	a7	a14
13	0.122856971525252	a6	a10
12	0.124768860211254	a8	a55	a47	0
13	0.138862412038938	a8	a55
12	0.139513233230014	a8	a55	a46	0
12	0.139625760917249	a8	a56	a48	0
13	0.139699877711245	a8	a56
12	0.141116752773112	a6	a10	a20	0
12	0.14118329558816	a7	a14	a21	0
12	0.141452712839328	a7	a16	a21	1
12	0.141650718288982	a7	a15	a21	2
12	0.141683178198761	a7	a17	a21	3
13	0.141828706794272	a7	a14
13	0.144400613645787	a7	a15
13	0.144476353435272	a7	a17
13	0.144514223330014	a7	a16
13	0.144746311684936	a6	a10
12	0.14550479157678	a8	a56	a44	0
12	0.145589187342206	a8	a57	a43	0
12	0.14589755648511	a6	a10	a22	0
12	0.145957607318201	a7	a14	a23	0
12	0.14612693984755	a7	a16	a23	1
12	0.146199433646057	a7	a15	a23	2
12	0.146234598548318	a7	a17	a23	3
13	0.146661987360413	a7	a14
12	0.146720415198015	a7	a14	a23	4
13	0.147202985856735	a7	a15
13	0.147261413694337	a7	a17
12	0.147290627613139	a7	a15	a23	5
13	0.147318759534948	a7	a14
12	0.147336612485326	a7	a17	a23	6
13	0.14737285938458	a7	a16
12	0.147405319294359	a7	a14	a23	7
12	0.14748160008234	a7	a16	a23	8
13	0.147945235793688	a7	a15
13	0.148002040635802	a7	a14
12	0.148016647595203	a7	a15	a23	9
13	0.14802151658167	a7	a17
12	0.148082649411754	a7	a17	a23	10
12	0.1481053713486	a7	a14	a23	11
13	0.148143241243342	a7	a16
12	0.148220604028316	a7	a16	a23	12
13	0.148604712960705	a7	a15
13	0.14867450176673	a7	a14
12	0.148675583763723	a7	a15	a23	13
13	0.148697764702072	a7	a17
12	0.148765389514113	a7	a14	a23	14
12	0.148800554416374	a7	a17	a23	15
13	0.148987198897605	a7	a16
13	0.14933938891871	a7	a15
13	0.149342634909688	a7	a14
13	0.149372389826986	a7	a17
13	0.149552001327765	a6	a10
12	0.149828992557882	a6	a10	a24	0
12	0.149881469412025	a7	a14	a25	0
13	0.14995125821805	a7	a14
12	0.149966947174444	a7	a14	a25	1
13	0.150007522061668	a7	a14
12	0.150109229778976	a7	a17	a25	2
12	0.150155214651164	a7	a14	a25	3
13	0.150199035529366	a7	a14
13	0.150410024942931	a7	a17
13	0.150715148094857	a6	a10
12	0.150806035842239	a6	a10	a26	0
12	0.150860676690368	a7	a14	a27	0
13	0.150929924497897	a7	a14
12	0.150946154452787	a7	a14	a27	1
13	0.151003500293397	a7	a14
12	0.15101918924979	a7	a14	a27	2
13	0.151070043108444	a7	a14
12	0.151086273063334	a7	a14	a27	3
13	0.151140372912966	a7	a14
13	0.151457398031811	a6	a10
12	0.151691650380718	a6	a10	a22	0
12	0.151745209231854	a7	a14	a23	0
12	0.151820949021339	a7	a16	a23	1
12	0.151952952654442	a7	a15	a23	2
12	0.152186123006357	a7	a17	a23	3
13	0.152300273689081	a7	a14
12	0.152362488516158	a7	a14	a23	4
13	0.152591330880102	a7	a15
13	0.152603773845517	a7	a16
12	0.152660578687631	a7	a15	a23	5
12	0.152678972636506	a7	a16	a23	6
13	0.152807730278631	a7	a17
12	0.15286074813127	a7	a17	a23	7
13	0.15292404495534	a7	a14
12	0.152994915758358	a7	a14	a23	8
13	0.153199413189968	a7	a15
12	0.153256759030578	a7	a15	a23	9
13	0.153263251012534	a7	a16
12	0.153329252829085	a7	a16	a23	10
13	0.153452600486246	a7	a17
12	0.153527258278739	a7	a17	a23	11
13	0.153539160245658	a7	a14
12	0.153599752077246	a7	a14	a23	12
13	0.153802626513367	a7	a15
12	0.153860513352473	a7	a15	a23	13
13	0.154032009875807	a7	a16
12	0.154097470693862	a7	a16	a23	14
13	0.154112618651759	a7	a17
13	0.154150488546502	a7	a14
12	0.154172669484851	a7	a17	a23	15
13	0.154397183860825	a7	a15
13	0.154708798994706	a7	a17
13	0.15480671972254	a7	a16
13	0.154938182357147	a6	a10
13	0.155119957851911	a8	a57
12	0.155156204751164	a6	a10	a28	0
12	0.155202730621848	a7	a14	a29	0
12	0.155312012318105	a7	a17	a29	1
13	0.155341767235403	a7	a14
12	0.155420753015866	a7	a14	a29	2
13	0.155479721851965	a7	a14
12	0.155496492805351	a7	a16	a29	3
12	0.155540854682049	a7	a14	a29	4
12	0.155557084636939	a7	a15	a29	5
13	0.155592790537696	a7	a14
12	0.15563931640838	a7	a14	a29	6
13	0.155682596288086	a7	a14
13	0.155693416258012	a7	a17
12	0.155698826242975	a7	a14	a29	7
13	0.155741565124185	a7	a14
13	0.15574968010163	a7	a16
12	0.155765369058023	a7	a17	a29	8
13	0.155784304005394	a7	a15
13	0.155826501888107	a7	a17
12	0.155830829876078	a7	a14	a29	9
12	0.155847059830968	a7	a16	a29	10
12	0.15588060173774	a7	a15	a29	11
13	0.155889798712177	a7	a14
13	0.155900618682103	a7	a16
12	0.155922799620453	a7	a17	a29	12
12	0.155963915506173	a7	a14	a29	13
13	0.155970948486625	a7	a15
13	0.155978522465574	a7	a17
12	0.156014228366331	a7	a16	a29	14
12	0.156048852270096	a7	a15	a29	15
13	0.156072656203934	a7	a14
13	0.156089968155816	a7	a16
13	0.156117559079129	a7	a15
13	0.156291760594944	a6	a10
13	0.156317728522768	a8	a56
12	0.157329936709386	a8	a56	a42	0
12	0.157524155169566	a6	a10	a30	0
12	0.15760584594251	a7	a14	a31	0
12	0.157719455626738	a7	a16	a31	1
12	0.157760030513962	a7	a15	a31	2
13	0.157958035963616	a7	a14
12	0.157965609942565	a7	a17	a31	3
13	0.15801484080573	a7	a16
12	0.158016463801219	a7	a14	a31	4
13	0.158022414784678	a7	a15
12	0.158086793605741	a7	a15	a31	5
12	0.158101941563638	a7	a16	a31	6
13	0.15811925351552	a7	a14
13	0.158190124318538	a7	a15
12	0.15819282931102	a7	a14	a31	7
13	0.158205813274931	a7	a16
13	0.158213928252376	a7	a17
12	0.158257208132082	a7	a15	a31	8
12	0.158292373034343	a7	a16	a31	9
13	0.158293455031336	a7	a14
12	0.158316717966678	a7	a17	a31	10
13	0.158368653822324	a7	a15
12	0.158370276817813	a7	a14	a31	11
13	0.158405441720074	a7	a16
13	0.158423294670453	a7	a17
12	0.158434655638876	a7	a15	a31	12
13	0.158473066532115	a7	a14
12	0.158480099512567	a7	a16	a31	13
12	0.158517428408813	a7	a17	a31	14
13	0.158540150345658	a7	a15
12	0.158556380300548	a7	a14	a31	15
13	0.158576938243408	a7	a16
13	0.158630497094544	a7	a17
13	0.158651596035901	a7	a14
13	0.158810649593819	a6	a10
13	0.159243448390877	a8	a56
12	0.15939005898338	a8	a56	a45	0
12	0.159492307699185	a6	a10	a32	0
12	0.159545866550321	a7	a14	a33	0
12	0.159751445978923	a7	a16	a33	1
13	0.159769298929302	a7	a14
12	0.159786610881184	a7	a17	a33	2
12	0.159832595753372	a7	a14	a33	3
13	0.159857481684203	a7	a14
12	0.159873170640596	a7	a14	a33	4
13	0.159888859596989	a7	a14
12	0.159906171548872	a7	a14	a33	5
13	0.159911040535338	a7	a16
13	0.159921860505265	a7	a14
13	0.159945664439103	a7	a17
12	0.159981911338357	a7	a14	a33	6
13	0.159999223290239	a7	a14
12	0.160042503169945	a7	a16	a33	7
12	0.160052782141375	a7	a17	a33	8
13	0.160078209070702	a7	a17
13	0.160079291067695	a7	a16
12	0.160118783957926	a7	a14	a33	9
13	0.160137177906801	a7	a14
12	0.160156653852669	a7	a17	a33	10
13	0.160177752794025	a7	a17
12	0.160186408769966	a7	a15	a33	11
12	0.160210212703805	a7	a16	a33	12
13	0.160230770646665	a7	a16
12	0.160231311645161	a7	a14	a33	13
13	0.160256197575992	a7	a14
12	0.160272427530882	a7	a17	a33	14
13	0.16029028048126	a7	a17
12	0.160308133431639	a7	a14	a33	15
13	0.160334101359462	a7	a14
13	0.160360610285782	a7	a15
13	0.160601895615142	a6	a10
13	0.160720915284332	a8	a56
12	0.161438279290455	a8	a56	a50	0
12	0.180883388243757	a6	a10	a34	0
12	0.180962915022716	a7	a14	a35	0
12	0.181068409729499	a7	a16	a35	1
12	0.181210692334032	a7	a17	a35	2
12	0.181258841200205	a7	a15	a35	3
13	0.198340868721572	a7	a14
13	0.207286278858256	a7	a15
13	0.224494359029266	a7	a16
13	0.225385383552709	a7	a17
13	0.225555257080554	a6	a10
12	0.225966415937758	a6	a10	a36	0
12	0.226023220779872	a7	a14	a37	0
12	0.226183356334783	a7	a16	a37	1
12	0.226208242265614	a7	a15	a37	2
12	0.226593974193492	a7	a17	a37	3
13	0.227519622620699	a7	a14
13	0.228024915216264	a7	a15
13	0.228603242608832	a7	a17
13	0.229532137027017	a7	a16
13	0.229707961538321	a6	a10
12	0.235160144384254	a6	a10	a38	0
12	0.23525049113314	a7	a14	a39	0
12	0.235331099909092	a7	a17	a39	1
12	0.23550205543393	a7	a15	a39	2
12	0.23563730505801	a7	a16	a39	3
13	0.237508618856788	a7	a14
13	0.237763429148556	a7	a17
13	0.238040420378673	a7	a15
13	0.238138341106507	a7	a16
13	0.238279541714047	a6	a10
12	0.238340674544131	a6	a10	a40	0
12	0.238446169250914	a7	a14	a41	0
12	0.238701520541178	a7	a15	a41	1
12	0.23884975412917	a7	a16	a41	2
12	0.238864902087067	a7	a17	a41	3
13	0.23918517319689	a7	a14
13	0.240674542057265	a7	a16
13	0.24069293600614	a7	a17
13	0.240747035855772	a7	a15
13	0.240968845239264	a6	a10
12	0.241371348120527	a8	a57	a49	0
13	0.25033028321962	a8	a57
12	0.250486631785057	a8	a57	a54	0
12	0.254680452128545	a8	a58	a53	0
13	0.269085078091614	a8	a58
12	0.269132144960794	a8	a58	a52	0
13	0.276174322387418	a8	a58
12	0.276206782297197	a8	a58	a51	0
13	0.279243406857053	a8	a58
13	0.28249156182897	a8	a57
13	0.282705256235017	a8	a56
13	0.282956279537311	a8	a55
12	0.284261708908935	a8	a55	a46	0
12	0.284332038713457	a8	a56	a48	0
13	0.32019374703765	a8	a56
12	0.320497788192583	a6	a10	a20	0
12	0.320615184866285	a7	a14	a21	0
12	0.320854847200156	a7	a15	a21	1
12	0.32091598003024	a7	a17	a21	2
12	0.321040409684394	a7	a16	a21	3
13	0.321236792138559	a7	a14
13	0.321442371567161	a7	a16
13	0.322251164319163	a7	a17
13	0.322335019086093	a7	a15
13	0.322489203657544	a6	a10
12	0.322808392770374	a8	a56	a44	0
12	0.322827868716242	a8	a57	a43	0
12	0.323125958887715	a6	a10	a22	0
12	0.323208731657653	a7	a14	a23	0
12	0.323428918045656	a7	a17	a23	1
12	0.323453803976486	a7	a15	a23	2
12	0.323596627579516	a7	a16	a23	3
13	0.323831961925416	a7	a14
12	0.323899586737456	a7	a14	a23	4
13	0.324245825775102	a7	a17
13	0.324262596728488	a7	a15
12	0.324304253612705	a7	a17	a23	5
12	0.324329680542032	a7	a15	a23	6
13	0.324501177065366	a7	a14
13	0.324552571922516	a7	a16
12	0.324567178881917	a7	a14	a23	7
12	0.324623442725535	a7	a16	a23	8
13	0.324842547116545	a7	a17
12	0.324901515952644	a7	a17	a23	9
13	0.324931270869942	a7	a15
12	0.324992403700026	a7	a15	a23	10
13	0.325148752265463	a7	a14
12	0.325214754082015	a7	a14	a23	11
13	0.325271017925632	a7	a16
12	0.325333773751205	a7	a16	a23	12
13	0.325487417324161	a7	a17
12	0.325560452121164	a7	a17	a23	13
13	0.325575600079061	a7	a15
12	0.325632404921175	a7	a15	a23	14
13	0.325813098418947	a7	a14
12	0.325873690250535	a7	a14	a23	15
13	0.325938610070093	a7	a16
13	0.326480690563408	a7	a17
13	0.326623514166437	a7	a15
13	0.326690597979981	a7	a14
13	0.32677012475894	a6	a10
12	0.327029804037175	a6	a10	a24	0
12	0.327119068789068	a7	a14	a25	0
13	0.327186693601108	a7	a14
12	0.327207251543969	a7	a14	a25	1
13	0.32726297438909	a7	a14
12	0.327345206160531	a7	a15	a25	2
12	0.327370092091361	a7	a14	a25	3
13	0.32743501191092	a7	a14
13	0.327463684831225	a7	a15
13	0.327683330220732	a6	a10
12	0.327789906924507	a6	a10	a26	0
12	0.32783805579068	a7	a14	a27	0
13	0.327917582569639	a7	a14
12	0.327972764416264	a7	a14	a27	1
12	0.327990076368146	a7	a16	a27	2
13	0.328039848229808	a7	a14
12	0.328076095129062	a7	a14	a27	3
13	0.328128571983205	a7	a14
13	0.32816752387494	a7	a16
13	0.328397989234373	a6	a10
12	0.328593289691545	a6	a10	a22	0
12	0.328664160494564	a7	a14	a23	0
12	0.32876911420285	a7	a17	a23	1
12	0.328910855808887	a7	a16	a23	2
12	0.32893682373671	a7	a15	a23	3
13	0.329264127826985	a7	a14
12	0.329330670642032	a7	a14	a23	4
13	0.329384770491665	a7	a17
12	0.329456723291675	a7	a17	a23	5
13	0.329636875790951	a7	a15
13	0.329683942660131	a7	a16
12	0.329694762630057	a7	a15	a23	6
12	0.329756436458638	a7	a16	a23	7
13	0.329998262786494	a7	a14
12	0.330066969595527	a7	a14	a23	8
13	0.330093478521846	a7	a17
12	0.33015028336396	a7	a17	a23	9
13	0.330367764759482	a7	a15
12	0.330424569601595	a7	a15	a23	10
13	0.330498145397095	a7	a16
12	0.330554409240713	a7	a16	a23	11
13	0.330761070666308	a7	a14
13	0.330796776567065	a7	a17
12	0.330823285493385	a7	a14	a23	12
12	0.33087846734001	a7	a17	a23	13
13	0.331056996843796	a7	a15
12	0.331113260687413	a7	a15	a23	14
13	0.33126960925285	a7	a16
12	0.331327496091957	a7	a16	a23	15
13	0.331481139664912	a7	a17
13	0.33161097930403	a7	a14
13	0.331728916976228	a7	a15
13	0.331936119400319	a7	a16
13	0.332064336043947	a6	a10
13	0.332188765698102	a8	a57
12	0.332226094594348	a6	a10	a28	0
12	0.332276407454506	a7	a14	a29	0
12	0.332329425307145	a7	a15	a29	1
13	0.332448985974832	a7	a14
13	0.332459264946262	a7	a15
12	0.332541496717703	a7	a14	a29	2
12	0.332617236507189	a7	a17	a29	3
13	0.332661057385391	a7	a14
12	0.33268756631171	a7	a16	a29	4
12	0.332712993241038	a7	a15	a29	5
13	0.332743830155328	a7	a17
12	0.332747076146306	a7	a14	a29	6
13	0.332766011093677	a7	a15
13	0.332810913968872	a7	a14
13	0.33281415995985	a7	a16
12	0.332830389914739	a7	a17	a29	7
12	0.332895850732794	a7	a15	a29	8
12	0.332900178720765	a7	a14	a29	9
13	0.332908834696706	a7	a17
12	0.332914244681669	a7	a16	a29	10
13	0.332960770552353	a7	a15
13	0.332962934546338	a7	a14
13	0.332967803532805	a7	a16
12	0.332979164501228	a7	a17	a29	11
12	0.333078167226055	a7	a14	a29	12
13	0.333085200206507	a7	a17
12	0.333085741205003	a7	a16	a29	13
12	0.3331008891629	a7	a15	a29	14
13	0.333134431069672	a7	a14
13	0.333146874035088	a7	a15
13	0.333148497030577	a7	a16
12	0.333157153006518	a7	a17	a29	15
13	0.33321125285615	a7	a17
13	0.333383831376477	a6	a10
13	0.333410340302797	a8	a56
12	0.33398055271792	a8	a56	a42	0
12	0.334088211418688	a6	a10	a30	0
12	0.334140688272831	a7	a14	a31	0
12	0.334278642889393	a7	a15	a31	1
13	0.334281888880371	a7	a14
12	0.33429379084729	a7	a16	a31	2
12	0.334361956657827	a7	a14	a31	3
12	0.33439387556911	a7	a17	a31	4
13	0.334506944254841	a7	a15
13	0.334519387220257	a7	a16
13	0.334521551214242	a7	a14
12	0.334594586011245	a7	a14	a31	5
13	0.334594586011245	a7	a17
12	0.334609733969142	a7	a15	a31	6
12	0.334664915815767	a7	a16	a31	7
12	0.334682768766146	a7	a17	a31	8
13	0.334706031701488	a7	a15
13	0.334720638660888	a7	a14
13	0.334768787527061	a7	a16
12	0.334786099478943	a7	a14	a31	9
12	0.334803952429322	a7	a15	a31	10
13	0.334812067406767	a7	a17
12	0.334847773307524	a7	a16	a31	11
13	0.334887266197756	a7	a14
12	0.334897545169186	a7	a17	a31	12
13	0.334936497060921	a7	a15
12	0.334945153036862	a7	a14	a31	13
13	0.334951645018818	a7	a16
13	0.335009531857924	a7	a17
12	0.335025761812814	a7	a15	a31	14
13	0.335047401752667	a7	a14
12	0.335047942751163	a7	a16	a31	15
13	0.33512043654967	a7	a15
13	0.335171831406821	a7	a16
13	0.335323310985791	a6	a10
13	0.335550530354246	a8	a56
12	0.335602466209893	a8	a56	a45	0
12	0.33564412309411	a6	a10	a32	0
12	0.335762060766308	a7	a14	a33	0
13	0.335800471659547	a7	a14
12	0.33581616061594	a7	a14	a33	1
13	0.33583239057083	a7	a14
12	0.33584862052572	a7	a14	a33	2
13	0.335863768483617	a7	a14
12	0.335880539437003	a7	a14	a33	3
13	0.335896228393396	a7	a14
12	0.335912458348286	a7	a14	a33	4
13	0.335927606306183	a7	a14
12	0.335943295262576	a7	a14	a33	5
13	0.33595898421897	a7	a14
12	0.335975755172356	a7	a14	a33	6
13	0.335991985127245	a7	a14
12	0.336008215082135	a7	a14	a33	7
13	0.336024445037024	a7	a14
12	0.33606772491673	a7	a14	a33	8
13	0.33608395487162	a7	a14
12	0.336105594811473	a7	a17	a33	9
12	0.336128316748318	a7	a14	a33	10
13	0.336145087701704	a7	a14
12	0.336160776658098	a7	a14	a33	11
13	0.336177547611484	a7	a14
13	0.336215958504722	a7	a17
12	0.336250041409991	a7	a14	a33	12
13	0.336281419322777	a7	a14
12	0.336311174240075	a7	a17	a33	13
13	0.336326863196468	a7	a17
12	0.33633984716038	a7	a16	a33	14
12	0.336375553061137	a7	a15	a33	15
13	0.336417209945354	a7	a16
13	0.336446964862652	a7	a15
13	0.336656872279225	a6	a10
13	0.336765071978489	a8	a56
12	0.337329333410153	a8	a56	a50	0
12	0.341196390661863	a6	a10	a34	0
12	0.341294852388193	a7	a14	a35	0
12	0.34146743090852	a7	a15	a35	1
12	0.341628107461928	a7	a17	a35	2
12	0.34174550413563	a7	a16	a35	3
13	0.366002253715219	a7	a14
13	0.367544099429737	a7	a15
13	0.368468124861455	a7	a16
13	0.368587144530646	a7	a17
13	0.369099470106663	a6	a10
12	0.369154651953287	a6	a10	a36	0
12	0.369234719730743	a7	a14	a37	0
12	0.369299639550302	a7	a15	a37	1
12	0.369505218978904	a7	a16	a37	2
12	0.369601516711249	a7	a17	a37	3
13	0.370926963027238	a7	a17
13	0.372040878931165	a7	a16
13	0.372244835364279	a7	a14
13	0.373416097108816	a7	a15
13	0.373596249608091	a6	a10
12	0.376792468724361	a6	a10	a38	0
12	0.376859552537905	a7	a14	a39	0
12	0.377021852086802	a7	a16	a39	1
12	0.377084607912375	a7	a17	a39	2
12	0.377177659653743	a7	a15	a39	3
13	0.37906520340741	a7	a14
13	0.379558594036056	a7	a17
13	0.379612152887192	a7	a15
13	0.37968302369021	a7	a16
13	0.37984478224061	a6	a10
12	0.379892390108287	a6	a10	a40	0
12	0.379957850926341	a7	a14	a41	0
12	0.380176955317352	a7	a17	a41	1
12	0.380247285121874	a7	a15	a41	2
12	0.380376042763998	a7	a16	a41	3
13	0.380648165007648	a7	a14
13	0.381983349296571	a7	a16
13	0.382126713898096	a7	a15
13	0.382168911780809	a7	a17
13	0.382378819197382	a6	a10
12	0.382611448550801	a8	a57	a49	0
13	0.391566055661923	a8	a57
12	0.391620696510051	a8	a57	a54	0
12	0.394576171295458	a8	a58	a53	0
13	0.408086526744108	a8	a58
12	0.408126019634339	a8	a58	a52	0
13	0.414537933812747	a8	a58
12	0.414584459683431	a8	a58	a51	0
13	0.417601067298923	a8	a58
13	0.420810811377601	a8	a57
13	0.420937946024237	a8	a56
13	0.421098081579148	a8	a55
12	0.421498961464923	a8	a55	a46	0
12	0.421525470391242	a8	a56	a48	0
13	0.454641070348105	a8	a56
12	0.454836370805277	a6	a10	a20	0
12	0.454944570504541	a7	a14	a21	0
12	0.455036540248916	a7	a17	a21	1
12	0.455309744489559	a7	a15	a21	2
12	0.45538602527754	a7	a16	a21	3
13	0.455545078835459	a7	a14
13	0.456377134522802	a7	a17
13	0.456556746023581	a7	a15
13	0.456663322727356	a7	a16
13	0.456805064333393	a6	a10
12	0.456986839828157	a8	a56	a44	0
12	0.457007397771017	a8	a57	a43	0
12	0.457223797169546	a6	a10	a22	0
12	0.457316848910913	a7	a14	a23	0
12	0.457405031665814	a7	a17	a23	1
12	0.457598168129001	a7	a15	a23	2
12	0.457696629855331	a7	a16	a23	3
13	0.457892471311	a7	a14
12	0.457943325169654	a7	a14	a23	4
13	0.47376644919008	a7	a15
12	0.473829205015653	a7	a15	a23	5
13	0.473942814699881	a7	a14
12	0.474011521508914	a7	a14	a23	6
13	0.474429713346571	a7	a15
12	0.47448868218267	a7	a15	a23	7
13	0.474595258886445	a7	a14
12	0.474650981731567	a7	a14	a23	8
13	0.475039959650422	a7	a17
13	0.475072419560201	a7	a15
13	0.475088108516595	a7	a16
12	0.47512110942487	a7	a15	a23	9
12	0.475147077352694	a7	a16	a23	10
12	0.475181160257962	a7	a17	a23	11
13	0.475245539079024	a7	a14
12	0.475310999897079	a7	a14	a23	12
13	0.475710256787365	a7	a15
13	0.475758405653538	a7	a17
12	0.475781127590383	a7	a15	a23	13
13	0.475822243476104	a7	a16
12	0.4758227844746	a7	a17	a23	14
13	0.475909885232508	a7	a14
12	0.475922328197923	a7	a16	a23	15
13	0.476347553016032	a7	a15
13	0.476495245605528	a7	a17
13	0.476552050447642	a7	a16
13	0.476713267999546	a6	a10
12	0.476925880408601	a6	a10	a24	0
12	0.477010276174027	a7	a14	a25	0
13	0.47706275302817	a7	a14
12	0.477078441984563	a7	a14	a25	1
13	0.477133623831188	a7	a14
12	0.477149312787581	a7	a14	a25	2
13	0.477186641683828	a7	a14
12	0.477231544559022	a7	a14	a25	3
13	0.477269414453765	a7	a14
13	0.477466337906426	a6	a10
12	0.477508535789139	a6	a10	a26	0
12	0.477583193581632	a7	a14	a27	0
13	0.477634047440286	a7	a14
12	0.477659474369613	a7	a14	a27	1
13	0.47771736120872	a7	a14
12	0.477733591163609	a7	a14	a27	2
13	0.477784445022264	a7	a14
12	0.477800674977153	a7	a14	a27	3
13	0.477855856823778	a7	a14
13	0.478242670748648	a6	a10
12	0.478396314321604	a6	a10	a22	0
12	0.478462316138155	a7	a14	a23	0
12	0.478543465912603	a7	a16	a23	1
12	0.478626779681037	a7	a17	a23	2
12	0.478709011452478	a7	a15	a23	3
13	0.479036856541249	a7	a14
12	0.479107186345771	a7	a14	a23	4
13	0.479287879843542	a7	a16
13	0.479292748830009	a7	a15
13	0.479345766682649	a7	a17
12	0.479350635669116	a7	a16	a23	5
12	0.479376603596939	a7	a15	a23	6
12	0.479446933401461	a7	a17	a23	7
13	0.479671988775931	a7	a14
12	0.479725006628571	a7	a14	a23	8
13	0.479942488024092	a7	a16
13	0.4799560129865	a7	a15
12	0.48001335882711	a7	a15	a23	9
13	0.480022014803051	a7	a17
12	0.480027965786511	a7	a16	a23	10
12	0.480108574562463	a7	a17	a23	11
13	0.480274661100834	a7	a14
12	0.480342285912874	a7	a14	a23	12
13	0.480576538261781	a7	a15
13	0.480613326159531	a7	a16
12	0.480638212090362	a7	a15	a23	13
13	0.480666885010667	a7	a17
12	0.480725853846766	a7	a16	a23	14
12	0.480741001804663	a7	a17	a23	15
13	0.480898432367093	a7	a14
13	0.481189489558114	a7	a15
13	0.481327444174676	a7	a17
13	0.481344215128062	a7	a16
13	0.481503268685981	a6	a10
13	0.481611468385245	a8	a57
12	0.481642305299536	a6	a10	a28	0
12	0.481697487146161	a7	a14	a29	0
13	0.481773767934142	a7	a14
12	0.481831654773248	a7	a14	a29	1
12	0.48185058972062	a7	a15	a29	2
13	0.481896033594311	a7	a14
12	0.481930657498075	a7	a14	a29	3
13	0.481980970358233	a7	a14
13	0.481989085335678	a7	a15
12	0.481990167332671	a7	a17	a29	4
12	0.482052382159748	a7	a16	a29	5
12	0.482082137077046	a7	a14	a29	6
13	0.482102695019906	a7	a17
12	0.482107564006373	a7	a15	a29	7
13	0.482144351904123	a7	a16
13	0.482152466881567	a7	a14
12	0.482162745852997	a7	a17	a29	8
13	0.482164909846983	a7	a15
13	0.482220091693608	a7	a17
12	0.48223740364549	a7	a14	a29	9
12	0.482275273540232	a7	a16	a29	10
12	0.482288257504144	a7	a17	a29	11
13	0.482289880499633	a7	a14
13	0.482342898352273	a7	a17
12	0.482346144343251	a7	a15	a29	12
13	0.482354259320695	a7	a16
12	0.482361292301148	a7	a14	a29	13
13	0.482400244192883	a7	a15
13	0.482414851152283	a7	a14
12	0.482424048126721	a7	a16	a29	14
12	0.482463541016952	a7	a17	a29	15
13	0.482485180956805	a7	a16
13	0.482524673847037	a7	a17
13	0.482732417269625	a6	a10
13	0.48277136916136	a8	a56
12	0.483046196397491	a8	a56	a42	0
12	0.483115444205021	a6	a10	a30	0
12	0.483306416674222	a7	a14	a31	0
12	0.483360516523854	a7	a15	a31	1
13	0.483427600337398	a7	a14
12	0.483499553137409	a7	a14	a31	2
12	0.483582866905843	a7	a16	a31	3
13	0.483596932866747	a7	a15
13	0.483627769781037	a7	a14
12	0.483694853594581	a7	a15	a31	4
13	0.483734887483309	a7	a16
12	0.483735969480302	a7	a14	a31	5
12	0.483798725305875	a7	a17	a31	6
12	0.483814955260765	a7	a16	a31	7
13	0.483830103218662	a7	a15
13	0.483890154051754	a7	a14
12	0.483907466003636	a7	a15	a31	8
13	0.483912875988599	a7	a16
13	0.483972385823195	a7	a17
12	0.483983205793121	a7	a16	a31	9
13	0.484003222737485	a7	a15
12	0.484012419711922	a7	a14	a31	10
12	0.484062191573584	a7	a15	a31	11
13	0.484079503525466	a7	a16
12	0.484082749516444	a7	a17	a31	12
13	0.484141718352543	a7	a14
12	0.484159571302922	a7	a16	a31	13
13	0.484180670244279	a7	a17
13	0.484201769185635	a7	a15
12	0.484205015176613	a7	a14	a31	14
13	0.484260197023238	a7	a16
12	0.484284000957076	a7	a17	a31	15
13	0.484301853907455	a7	a14
13	0.484390577660851	a7	a17
13	0.484566402172156	a6	a10
13	0.48472761972406	a8	a56
12	0.484787129558655	a8	a56	a45	0
12	0.484813097486479	a6	a10	a32	0
12	0.484967823056427	a7	a14	a33	0
13	0.484985676006806	a7	a14
12	0.485011102936133	a7	a16	a33	1
13	0.485068989775239	a7	a16
12	0.485074940758699	a7	a14	a33	2
12	0.485095498701559	a7	a17	a33	3
13	0.485105777672989	a7	a14
13	0.485151762545177	a7	a17
12	0.485163664512096	a7	a16	a33	4
12	0.485180435465482	a7	a14	a33	5
13	0.48519828841586	a7	a14
13	0.485205321396312	a7	a16
12	0.485225338340676	a7	a14	a33	6
13	0.485248601276018	a7	a14
12	0.485284307176775	a7	a17	a33	7
12	0.485300537131665	a7	a16	a33	8
13	0.485307029113621	a7	a17
13	0.485316226088058	a7	a16
12	0.485326505059488	a7	a14	a33	9
13	0.485344358009867	a7	a14
12	0.485425507784315	a7	a14	a33	10
12	0.485437950749731	a7	a16	a33	11
13	0.485446065727176	a7	a14
13	0.485453639706124	a7	a16
12	0.485465000674547	a7	a17	a33	12
12	0.485487181612896	a7	a15	a33	13
13	0.485493673594852	a7	a17
12	0.485532625486587	a7	a14	a33	14
13	0.485549396439973	a7	a14
12	0.485558593414411	a7	a16	a33	15
13	0.485579151357271	a7	a15
13	0.485582397348249	a7	a16
13	0.485781484794895	a6	a10
13	0.485837748638513	a8	a56
12	0.48627649841903	a8	a56	a50	0
12	0.490082963839152	a6	a10	a34	0
12	0.490156539634651	a7	a14	a35	0
12	0.490296658245199	a7	a16	a35	1
12	0.490422710894842	a7	a17	a35	2
12	0.490466531773044	a7	a15	a35	3
13	0.509558368708247	a7	a14
13	0.517576507422236	a7	a15
13	0.517591114381636	a7	a16
13	0.518301445407307	a7	a17
13	0.51865255343142	a6	a10
12	0.518700702297593	a6	a10	a36	0
12	0.518764540120159	a7	a14	a37	0
12	0.519040449353283	a7	a16	a37	1
12	0.519074532258551	a7	a15	a37	2
12	0.519172452986385	a7	a17	a37	3
13	0.520821416403175	a7	a17
13	0.520907976162586	a7	a15
13	0.521067570719001	a7	a14
13	0.522284817335726	a7	a16
13	0.522493642755306	a6	a10
12	0.525654155970819	a6	a10	a38	0
12	0.525725567772334	a7	a14	a39	0
12	0.526066937823513	a7	a16	a39	1
12	0.526089659760359	a7	a15	a39	2
12	0.526197859459623	a7	a17	a39	3
13	0.528186028933606	a7	a14
13	0.528812505192347	a7	a17
13	0.528815210184829	a7	a16
13	0.528822784163777	a7	a15
13	0.529043511550277	a6	a10
12	0.529077053457049	a6	a10	a40	0
12	0.529174974184883	a7	a14	a41	0
12	0.529655921848113	a7	a15	a41	1
12	0.529708398702256	a7	a16	a41	2
12	0.529764121547378	a7	a17	a41	3
13	0.529772236524822	a7	a14
13	0.531447708867932	a7	a16
13	0.53153480962584	a7	a17
13	0.531582417493516	a7	a15
13	0.531816669842423	a6	a10
12	0.53206282415825	a8	a57	a49	0
13	0.541237617657375	a8	a57
12	0.541294422499488	a8	a57	a54	0
12	0.543508729344934	a8	a58	a53	0
13	0.558703213112634	a8	a58
12	0.558753525972792	a8	a58	a52	0
13	0.564964188710569	a8	a58
12	0.565004763597793	a8	a58	a51	0
13	0.568102520987733	a8	a58
13	0.571438317716054	a8	a57
13	0.571552468398778	a8	a56
13	0.57169042301534	a8	a55
12	0.572125385806383	a8	a55	a46	0
12	0.572155140723681	a8	a56	a48	0
13	0.617394516983119	a8	a56
12	0.617609293386159	a6	a10	a20	0
12	0.617686115172636	a7	a14	a21	0
12	0.617919826523048	a7	a15	a21	1
12	0.617975549368169	a7	a17	a21	2
12	0.618065896117055	a7	a16	a21	3
13	0.618288787497539	a7	a14
13	0.619285306727764	a7	a17
13	0.619369702493191	a7	a15
13	0.619412982372896	a7	a16
13	0.619561756959385	a6	a10
12	0.619737040472193	a8	a56	a44	0
12	0.61975813941355	a8	a57	a43	0
12	0.619963718842152	a6	a10	a22	0
12	0.620106001446685	a7	a14	a23	0
12	0.620353778758	a7	a17	a23	1
12	0.620585867112922	a7	a15	a23	2
12	0.62059939207533	a7	a16	a23	3
13	0.620668098884363	a7	a14
12	0.620733018703922	a7	a14	a23	4
13	0.621145259558119	a7	a17
12	0.621209097380685	a7	a17	a23	5
13	0.621318379076942	a7	a15
13	0.621324330060402	a7	a14
12	0.62138492189199	a7	a15	a23	6
12	0.621439021741622	a7	a14	a23	7
13	0.621452005705534	a7	a16
12	0.62149528558524	a7	a16	a23	8
13	0.621800408737165	a7	a17
12	0.621852885591308	a7	a17	a23	9
13	0.621958921296588	a7	a15
13	0.62201302114622	a7	a14
12	0.622014103143212	a7	a15	a23	10
12	0.62210120390112	a7	a14	a23	11
13	0.622128253825936	a7	a16
12	0.622190468653013	a7	a16	a23	12
13	0.62244690194027	a7	a17
12	0.622517772743288	a7	a17	a23	13
13	0.622556183636527	a7	a15
12	0.622611365483152	a7	a15	a23	14
13	0.622704958223016	a7	a14
12	0.622767714048589	a7	a14	a23	15
13	0.622840207847096	a7	a16
13	0.623080411179463	a7	a17
13	0.623250284707308	a7	a15
13	0.623340090457698	a7	a14
13	0.623408256268234	a6	a10
12	0.623573260809613	a6	a10	a24	0
12	0.623611130704355	a7	a14	a25	0
13	0.623645213609623	a7	a14
12	0.623696067468278	a7	a14	a25	1
12	0.623729068376553	a7	a17	a25	2
13	0.62372960937505	a7	a14
12	0.623765856274303	a7	a14	a25	3
13	0.623806431161527	a7	a14
13	0.623880547955523	a7	a17
13	0.624156998187144	a6	a10
12	0.624198114072864	a6	a10	a26	0
12	0.624265197886408	a7	a14	a27	0
13	0.624315510746566	a7	a14
12	0.624333904695441	a7	a14	a27	1
13	0.624380430566125	a7	a14
12	0.624396119522518	a7	a14	a27	2
13	0.624449678373654	a7	a14
12	0.624465367330047	a7	a14	a27	3
13	0.624516221188702	a7	a14
13	0.6247959174113	a6	a10
12	0.624935495023351	a6	a10	a22	0
12	0.625029628761711	a7	a14	a23	0
12	0.625124844497064	a7	a17	a23	1
12	0.625358014848979	a7	a16	a23	2
12	0.625380736785824	a7	a15	a23	3
13	0.625586857212923	a7	a14
12	0.625640416064059	a7	a14	a23	4
13	0.625730762812945	a7	a17
12	0.625788108653555	a7	a17	a23	5
13	0.625995852076142	a7	a15
13	0.626039131955848	a7	a16
12	0.626054279913745	a7	a15	a23	6
12	0.626110002758866	a7	a16	a23	7
13	0.626223071444598	a7	a14
12	0.626282040280697	a7	a14	a23	8
13	0.626349124094241	a7	a17
12	0.626404846939362	a7	a17	a23	9
13	0.626624492328869	a7	a15
12	0.626679674175493	a7	a15	a23	10
13	0.626737020016104	a7	a16
12	0.626813300804085	a7	a16	a23	11
13	0.62683169475296	a7	a14
12	0.626883630608607	a7	a14	a23	12
13	0.626957206404107	a7	a17
12	0.627014552244717	a7	a17	a23	13
13	0.627216885682341	a7	a15
12	0.627273690524455	a7	a15	a23	14
13	0.627454384022227	a7	a16
13	0.627458712010197	a7	a14
12	0.627520385838778	a7	a16	a23	15
13	0.6275907156433	a7	a17
13	0.627850394921534	a7	a15
13	0.628135501129096	a7	a16
13	0.628263176774228	a6	a10
13	0.628354605520106	a8	a57
12	0.628391393417856	a6	a10	a28	0
12	0.628469297201327	a7	a14	a29	0
13	0.628520151059981	a7	a14
12	0.628535840016374	a7	a14	a29	1
13	0.62858939886751	a7	a14
12	0.6286056288224	a7	a14	a29	2
13	0.628668925646469	a7	a14
12	0.628677040623914	a7	a17	a29	3
12	0.628728976479561	a7	a14	a29	4
13	0.628778748341223	a7	a14
12	0.628802552275061	a7	a16	a29	5
13	0.62880850325852	a7	a17
12	0.628833389189351	a7	a14	a29	6
13	0.62888803003748	a7	a14
13	0.628897227011917	a7	a16
12	0.62890858798034	a7	a17	a29	7
13	0.628964851823958	a7	a17
12	0.628970802807417	a7	a14	a29	8
12	0.629021656666071	a7	a16	a29	9
12	0.62903355863299	a7	a17	a29	10
12	0.629058444563821	a7	a15	a29	11
13	0.629087117484126	a7	a14
13	0.629098478452549	a7	a16
13	0.62910713442849	a7	a17
12	0.629123905381876	a7	a14	a29	12
13	0.629177464233012	a7	a14
13	0.629185038211961	a7	a15
12	0.629191530193916	a7	a16	a29	13
12	0.629207760148806	a7	a17	a29	14
12	0.629260778001446	a7	a14	a29	15
13	0.62926456499092	a7	a17
13	0.62926889297889	a7	a16
13	0.629348960756346	a7	a14
13	0.629535064239081	a6	a10
13	0.629552917189459	a8	a56
12	0.629822334440628	a8	a56	a42	0
12	0.629922960160944	a6	a10	a30	0
12	0.630020339890282	a7	a14	a31	0
12	0.630083095715855	a7	a16	a31	1
13	0.630174524461733	a7	a14
12	0.630241608275277	a7	a14	a31	2
12	0.630328709033185	a7	a15	a31	3
13	0.630333037021156	a7	a16
13	0.630338988004615	a7	a14
12	0.630412563800115	a7	a16	a31	4
12	0.630445023709895	a7	a14	a31	5
13	0.630474778627192	a7	a15
13	0.630513730518927	a7	a16
12	0.630533747463291	a7	a17	a31	6
13	0.630547813424196	a7	a14
12	0.630559174392618	a7	a15	a31	7
12	0.630613815240747	a7	a16	a31	8
12	0.630635996179096	a7	a14	a31	9
13	0.630684145045269	a7	a17
13	0.630698211006173	a7	a15
13	0.630732834909938	a7	a16
12	0.630748523866331	a7	a15	a31	10
13	0.630752851854302	a7	a14
12	0.630769622807688	a7	a17	a31	11
12	0.630828591643787	a7	a16	a31	12
13	0.630840493610706	a7	a15
12	0.630851313580632	a7	a14	a31	13
13	0.630888642476879	a7	a17
12	0.630915151403198	a7	a15	a31	14
13	0.630943824323503	a7	a16
13	0.630954103294934	a7	a14
12	0.63096492326486	a7	a17	a31	15
13	0.631009826140055	a7	a15
13	0.631075827956606	a7	a17
13	0.631222979547606	a6	a10
13	0.631396640064925	a8	a56
12	0.631433968961171	a8	a56	a45	0
12	0.631461018885987	a6	a10	a32	0
12	0.631563808600288	a7	a14	a33	0
13	0.631602760492024	a7	a14
12	0.631618990446913	a7	a14	a33	1
13	0.631635761400299	a7	a14
12	0.631651991355189	a7	a14	a33	2
13	0.631667139313086	a7	a14
12	0.631755863066483	a7	a14	a33	3
13	0.631772634019869	a7	a14
12	0.631842422825894	a7	a15	a33	4
12	0.631870013749207	a7	a14	a33	5
13	0.631887325701089	a7	a14
12	0.631903555655979	a7	a17	a33	6
13	0.631919785610868	a7	a15
12	0.631937097562751	a7	a14	a33	7
13	0.631945753538692	a7	a17
13	0.631952245520648	a7	a14
12	0.632046379259008	a7	a17	a33	8
13	0.63206369121089	a7	a17
12	0.632071806188335	a7	a15	a33	9
13	0.632095069123677	a7	a15
12	0.632117791060522	a7	a14	a33	10
12	0.632135103012404	a7	a16	a33	11
12	0.63214754597782	a7	a17	a33	12
13	0.632162152937221	a7	a17
13	0.632166480925191	a7	a14
13	0.632185415872562	a7	a16
12	0.63219894083497	a7	a15	a33	13
12	0.632222203770312	a7	a17	a33	14
13	0.63222544976129	a7	a15
13	0.632248171698136	a7	a17
12	0.632312009520702	a7	a15	a33	15
13	0.632343928431985	a7	a15
13	0.632585213761344	a6	a10
13	0.632630657635035	a8	a56
12	0.633067243421567	a8	a56	a50	0
12	0.636697884330384	a6	a10	a34	0
12	0.636796346056715	a7	a14	a35	0
12	0.636904545755979	a7	a16	a35	1
12	0.636988941521405	a7	a15	a35	2
12	0.6370338443966	a7	a17	a35	3
13	0.659764437218065	a7	a14
13	0.662227603371819	a7	a15
13	0.663029363143369	a7	a16
13	0.663552508689312	a7	a17
13	0.663668823366021	a6	a10
12	0.663741317164528	a6	a10	a36	0
12	0.663825712929955	a7	a14	a37	0
12	0.664128672087895	a7	a16	a37	1
12	0.664169246975119	a7	a17	a37	2
12	0.664276364677391	a7	a15	a37	3
13	0.665672681796398	a7	a14
13	0.666318634001006	a7	a17
13	0.666325666981459	a7	a15
13	0.666975406175541	a7	a16
13	0.667094425844732	a6	a10
12	0.670376122723421	a6	a10	a38	0
12	0.670443206536965	a7	a14	a39	0
12	0.670593604118943	a7	a16	a39	1
12	0.670616867054285	a7	a15	a39	2
12	0.670838676437777	a7	a17	a39	3
13	0.672632086453084	a7	a14
13	0.673136297051656	a7	a15
13	0.673362975421615	a7	a17
13	0.673386779355453	a7	a16
13	0.673560439872773	a6	a10
12	0.673598309767515	a6	a10	a40	0
12	0.673688656516401	a7	a14	a41	0
12	0.673811463175066	a7	a15	a41	1
12	0.674082503421723	a7	a17	a41	2
12	0.674108471349547	a7	a16	a41	3
13	0.674385462579664	a7	a14
13	0.675673579999406	a7	a16
13	0.675757434766336	a7	a15
13	0.675808829623487	a7	a17
13	0.676026311019008	a6	a10
12	0.676269760342353	a8	a57	a49	0
13	0.687142207122936	a8	a57
12	0.687243914840245	a8	a57	a54	0
12	0.690156650744443	a8	a58	a53	0
13	0.703860683654775	a8	a58
12	0.703913160508919	a8	a58	a52	0
13	0.710478177261786	a8	a58
12	0.710514424161039	a8	a58	a51	0
13	0.713535359764502	a8	a58
13	0.716654757094294	a8	a57
13	0.716791629713864	a8	a56
13	0.716924715343959	a8	a55
12	0.717326677226726	a8	a55	a46	0
12	0.71735264515455	a8	a56	a48	0
13	0.752324951950789	a8	a56
12	0.752460201574869	a6	a10	a20	0
12	0.752521334404954	a7	a14	a21	0
12	0.7527058148922	a7	a15	a21	1
12	0.752797784636574	a7	a16	a21	2
12	0.752864327451622	a7	a17	a21	3
13	0.753131039710309	a7	a14
13	0.753255469364463	a7	a17
13	0.754038294188641	a7	a15
13	0.754151903872868	a7	a16
13	0.754302842453342	a6	a10
12	0.754518700853375	a8	a56	a44	0
12	0.754538717797739	a8	a57	a43	0
12	0.754743215229348	a6	a10	a22	0
12	0.7548238240053	a7	a14	a23	0
12	0.755069978321127	a7	a15	a23	1
12	0.755152210092568	a7	a17	a23	2
12	0.755225244889571	a7	a16	a23	3
13	0.755392954423431	a7	a14
12	0.755462743229457	a7	a14	a23	4
13	0.755883640059595	a7	a15
13	0.755925296943812	a7	a17
12	0.755946395885168	a7	a15	a23	5
12	0.756002659728786	a7	a17	a23	6
13	0.756031873647587	a7	a14
13	0.756073530531804	a7	a16
12	0.756131417370911	a7	a14	a23	7
12	0.756146024330311	a7	a16	a23	8
13	0.756589102098799	a7	a15
13	0.75659343008677	a7	a17
12	0.756646447939409	a7	a15	a23	9
12	0.756669710874751	a7	a17	a23	10
13	0.756753024643185	a7	a14
13	0.756761680619126	a7	a16
12	0.756820108456729	a7	a14	a23	11
12	0.756835797413122	a7	a16	a23	12
13	0.757225316330474	a7	a15
13	0.757258858237246	a7	a17
12	0.757308630098907	a7	a15	a23	13
12	0.757323237058308	a7	a17	a23	14
13	0.757433059753061	a7	a14
12	0.757486077605701	a7	a14	a23	15
13	0.757786872769656	a7	a16
13	0.757868022544104	a7	a17
13	0.758101733894515	a7	a15
13	0.758283509389279	a7	a14
13	0.758353839193801	a6	a10
12	0.758499367789312	a6	a10	a24	0
12	0.758551303644959	a7	a14	a25	0
13	0.758597288517146	a7	a14
12	0.758614600469029	a7	a14	a25	1
13	0.758647601377304	a7	a14
12	0.758664913329187	a7	a14	a25	2
13	0.758697373238966	a7	a14
12	0.758713062195359	a7	a14	a25	3
13	0.758750391091605	a7	a14
13	0.759113942081134	a6	a10
12	0.759164795939788	a6	a10	a26	0
12	0.759228092763858	a7	a14	a27	0
13	0.759285979602964	a7	a14
12	0.759302209557854	a7	a14	a27	1
13	0.759352522418012	a7	a14
12	0.759368752372901	a7	a14	a27	2
13	0.759416901239074	a7	a14
12	0.759432590195467	a7	a14	a27	3
13	0.759508329984953	a7	a14
13	0.759818322123345	a6	a10
12	0.759971424697804	a6	a10	a22	0
12	0.760020114562473	a7	a14	a23	0
12	0.760161315170013	a7	a15	a23	1
12	0.760261399891833	a7	a17	a23	2
12	0.760299269786575	a7	a16	a23	3
13	0.760581671001655	a7	a14
12	0.760648754815199	a7	a14	a23	4
13	0.760760200505442	a7	a15
12	0.760825120325	a7	a15	a23	5
13	0.760829989311467	a7	a17
12	0.760887335152077	a7	a17	a23	6
13	0.760896532126515	a7	a16
12	0.760960910947577	a7	a16	a23	7
13	0.761196786291974	a7	a14
12	0.761266034099503	a7	a14	a23	8
13	0.761364495825833	a7	a15
12	0.761428874646896	a7	a15	a23	9
13	0.761428874646896	a7	a17
12	0.76149000747698	a7	a17	a23	10
13	0.761553845299546	a7	a16
12	0.761631749083016	a7	a16	a23	11
13	0.761843279495078	a7	a14
12	0.76190333032817	a7	a14	a23	12
13	0.761978529119159	a7	a15
13	0.762027218983828	a7	a17
12	0.762040202947739	a7	a15	a23	13
12	0.762097007789853	a7	a17	a23	14
13	0.762216027459044	a7	a16
12	0.762293390244018	a7	a16	a23	15
13	0.762452443801937	a7	a14
13	0.762579578448572	a7	a15
13	0.762642334274146	a7	a17
13	0.762905800541855	a7	a16
13	0.76303293518849	a6	a10
13	0.763121658941887	a8	a57
12	0.763155200848659	a6	a10	a28	0
12	0.763239055615589	a7	a14	a29	0
12	0.763303975435148	a7	a17	a29	1
13	0.763307762424622	a7	a14
12	0.763344550322372	a7	a14	a29	2
13	0.763397027176515	a7	a14
12	0.763413798129901	a7	a14	a29	3
13	0.763425159098324	a7	a17
13	0.763465733985548	a7	a14
12	0.763479258947956	a7	a17	a29	4
12	0.763504685877283	a7	a14	a29	5
13	0.763524161823151	a7	a17
12	0.763590704638198	a7	a16	a29	6
12	0.763598819615643	a7	a17	a29	7
13	0.763610180584066	a7	a14
13	0.763644804487831	a7	a17
12	0.763682674382573	a7	a14	a29	8
13	0.763699986334455	a7	a16
12	0.763749217197621	a7	a17	a29	9
12	0.763764365155518	a7	a15	a29	10
12	0.763782218105896	a7	a16	a29	11
13	0.763789251086349	a7	a14
13	0.763802776048757	a7	a17
13	0.763847678923951	a7	a16
12	0.763849842917937	a7	a14	a29	12
12	0.763870941859293	a7	a17	a29	13
13	0.763875269847264	a7	a15
12	0.763905024764561	a7	a16	a29	14
13	0.763925582707422	a7	a17
13	0.763938025672837	a7	a14
12	0.763960747609683	a7	a15	a29	15
13	0.763979141558558	a7	a16
13	0.764014306460818	a7	a15
13	0.764190130972123	a6	a10
13	0.764207983922502	a8	a56
12	0.764476860175174	a8	a56	a42	0
12	0.764552058966163	a6	a10	a30	0
12	0.764612650797751	a7	a14	a31	0
13	0.764717063507541	a7	a14
12	0.764751146412809	a7	a15	a31	1
12	0.764814984235375	a7	a16	a31	2
12	0.764832837185754	a7	a17	a31	3
12	0.764865838094029	a7	a14	a31	4
13	0.764977824782768	a7	a14
13	0.764978906779761	a7	a15
13	0.764982693769235	a7	a17
13	0.764987562755702	a7	a16
12	0.764993513739161	a7	a14	a31	5
12	0.765057892560224	a7	a16	a31	6
12	0.765081155495565	a7	a15	a31	7
13	0.765086565480529	a7	a14
12	0.7651055004279	a7	a17	a31	8
13	0.765153108295576	a7	a16
12	0.765167174256481	a7	a14	a31	9
13	0.765197470172275	a7	a15
13	0.765207749143705	a7	a17
12	0.765227225089572	a7	a16	a31	10
13	0.765264553985819	a7	a14
12	0.765275373955745	a7	a15	a31	11
12	0.76532027683094	a7	a17	a31	12
13	0.765323522821918	a7	a16
12	0.76535706472869	a7	a14	a31	13
13	0.765372212686587	a7	a15
13	0.76541873855727	a7	a17
12	0.765428476530204	a7	a16	a31	14
13	0.765454985456524	a7	a14
12	0.765475543399384	a7	a15	a31	15
13	0.765530184247513	a7	a16
13	0.765653531904674	a7	a15
13	0.765793109516725	a6	a10
13	0.765971098022015	a8	a56
12	0.766011131910743	a8	a56	a45	0
12	0.76602627986864	a6	a10	a32	0
12	0.766122036602489	a7	a14	a33	0
13	0.766139889552868	a7	a14
12	0.766156119507757	a7	a14	a33	1
13	0.766178841444603	a7	a14
12	0.766224285318294	a7	a14	a33	2
13	0.766246466256643	a7	a14
12	0.766302730100261	a7	a14	a33	3
12	0.766315173065676	a7	a15	a33	4
13	0.766321665047632	a7	a14
12	0.766373600903279	a7	a14	a33	5
13	0.766374141901775	a7	a15
13	0.766390912855161	a7	a14
12	0.766441225715319	a7	a14	a33	6
12	0.766453127682238	a7	a15	a33	7
13	0.766468816638631	a7	a15
13	0.766469357637128	a7	a14
12	0.766599197276245	a7	a14	a33	8
12	0.766614345234142	a7	a15	a33	9
13	0.766628952193543	a7	a14
12	0.766630034190535	a7	a17	a33	10
13	0.766633280181513	a7	a15
13	0.766663035098811	a7	a17
12	0.766714970954458	a7	a16	a33	11
12	0.766737151892807	a7	a14	a33	12
12	0.766745266870252	a7	a17	a33	13
13	0.766753381847697	a7	a16
13	0.766760955826645	a7	a17
13	0.766761496825142	a7	a14
12	0.766809104692818	a7	a15	a33	14
12	0.766832908626656	a7	a17	a33	15
13	0.766848597583049	a7	a17
13	0.766850220578538	a7	a15
13	0.76702496309285	a6	a10
13	0.767067160975563	a8	a56
12	0.767475614840287	a8	a56	a50	0
12	0.771215537445361	a6	a10	a34	0
12	0.77127450628146	a7	a14	a35	0
12	0.771357279051397	a7	a16	a35	1
12	0.771456281776224	a7	a17	a35	2
12	0.771516873607812	a7	a15	a35	3
13	0.796088484312261	a7	a14
13	0.798302250159211	a7	a17
13	0.798338497058464	a7	a15
13	0.799173257738289	a7	a16
13	0.799304720372895	a6	a10
12	0.799381542159373	a6	a10	a36	0
12	0.799455117954873	a7	a14	a37	0
12	0.799786750033118	a7	a17	a37	1
12	0.799822455933875	a7	a16	a37	2
12	0.799891703741405	a7	a15	a37	3
13	0.801177657167162	a7	a14
13	0.801368629636364	a7	a15
13	0.802075714671056	a7	a16
13	0.802889376409525	a7	a17
13	0.803061954929851	a6	a10
12	0.80630253592282	a6	a10	a38	0
12	0.806378275712305	a7	a14	a39	0
12	0.806569248181507	a7	a16	a39	1
12	0.806603872085272	a7	a17	a39	2
12	0.806768335628154	a7	a15	a39	3
13	0.808481677866005	a7	a14
13	0.809002659417963	a7	a17
13	0.809119515093169	a7	a16
13	0.809197418876639	a7	a15
13	0.809328340512749	a6	a10
12	0.80936945639847	a6	a10	a40	0
12	0.809464672133822	a7	a14	a41	0
12	0.809628053679712	a7	a17	a41	1
12	0.809732466389502	a7	a16	a41	2
12	0.809848240067715	a7	a15	a41	3
13	0.810204758076791	a7	a14
13	0.811354379881475	a7	a16
13	0.811469071562695	a7	a17
13	0.811695208934158	a7	a15
13	0.811849934504106	a6	a10
12	0.812104203797377	a8	a57	a49	0
13	0.821244373392738	a8	a57
12	0.821362852063432	a8	a57	a54	0
12	0.823513862084808	a8	a58	a53	0
13	0.837163254147012	a8	a58
12	0.837204911031229	a8	a58	a52	0
13	0.843839175591626	a8	a58
12	0.84386947150742	a8	a58	a51	0
13	0.846862275189073	a8	a58
13	0.850015755424134	a8	a57
13	0.850149923051222	a8	a56
13	0.85028841866628	a8	a55
12	0.850709856494915	a8	a55	a47	0
13	0.867732374181687	a8	a55
12	0.867797294001246	a8	a55	a46	0
12	0.867819474939595	a8	a56	a48	0
13	0.900463865206161	a8	a56
12	0.900611557795657	a6	a10	a20	0
12	0.900717593500936	a7	a14	a21	0
12	0.901159048273934	a7	a15	a21	1
12	0.901199623161159	a7	a16	a21	2
12	0.901239657049887	a7	a17	a21	3
13	0.901305658866438	a7	a14
13	0.901866133308627	a7	a15
13	0.901901839209385	a7	a17
13	0.901911577182318	a7	a16
13	0.902165305477093	a6	a10
12	0.902322195041027	a8	a56	a44	0
12	0.902342752983887	a8	a57	a43	0
12	0.902561316376401	a6	a10	a22	0
12	0.902697106998978	a7	a14	a23	0
12	0.903149381741903	a7	a15	a23	1
12	0.903169398686267	a7	a17	a23	2
12	0.903234859504322	a7	a16	a23	3
13	0.903267319414101	a7	a14
12	0.903328993242682	a7	a14	a23	4
13	0.90391759960668	a7	a15
13	0.903948977519467	a7	a14
12	0.903999831378121	a7	a15	a23	5
12	0.904025799305945	a7	a14	a23	6
13	0.904064210199184	a7	a17
13	0.904066915191665	a7	a16
12	0.904126966024757	a7	a16	a23	7
12	0.904150228960099	a7	a17	a23	8
13	0.904570584791741	a7	a15
12	0.904629012629344	a7	a15	a23	9
13	0.904664177531605	a7	a14
12	0.904725851360185	a7	a14	a23	10
13	0.904748573297031	a7	a17
12	0.904817280106064	a7	a17	a23	11
13	0.904821067095538	a7	a16
12	0.904898970879009	a7	a16	a23	12
13	0.90523709493921	a7	a15
12	0.905307424743732	a7	a15	a23	13
13	0.905349622626445	a7	a14
12	0.905404263474573	a7	a14	a23	14
13	0.905491905230977	a7	a17
12	0.905548169074595	a7	a17	a23	15
13	0.90564446680694	a7	a16
13	0.906045346692715	a7	a14
13	0.906063199643093	a7	a15
13	0.906120545483704	a7	a17
13	0.906255254109288	a6	a10
12	0.906401864701791	a6	a10	a24	0
12	0.906467325519846	a7	a14	a25	0
13	0.906534950331886	a7	a14
12	0.90655063928828	a7	a14	a25	1
13	0.906584181195051	a7	a14
12	0.906599329152948	a7	a14	a25	2
13	0.906632330061224	a7	a14
12	0.906691298897323	a7	a14	a25	3
13	0.906727004798081	a7	a14
13	0.907011570007146	a6	a10
12	0.907060259871815	a6	a10	a26	0
12	0.907108949736484	a7	a14	a27	0
13	0.907159262596642	a7	a14
12	0.907176033550028	a7	a14	a27	1
13	0.907223100419208	a7	a14
12	0.907238789375601	a7	a14	a27	2
13	0.907286397243277	a7	a14
12	0.907302086199671	a7	a14	a27	3
13	0.907390809953068	a7	a14
13	0.907682408142585	a6	a10
12	0.907832264726066	a6	a10	a22	0
12	0.907904758524574	a7	a14	a23	0
12	0.908036762157676	a7	a15	a23	1
12	0.908146584852429	a7	a16	a23	2
12	0.908181208756194	a7	a17	a23	3
13	0.908458740984807	a7	a14
12	0.90851716882241	a7	a14	a23	4
13	0.908655664437468	a7	a15
12	0.908723289249509	a7	a15	a23	5
13	0.9087687331232	a7	a17
13	0.908788209069067	a7	a16
12	0.908850423896144	a7	a16	a23	7
12	0.908855292882611	a7	a17	a23	6
13	0.909119300148816	a7	a14
12	0.909169613008974	a7	a14	a23	8
13	0.909290796672151	a7	a15
12	0.909350306506746	a7	a15	a23	9
13	0.909416308323297	a7	a17
13	0.90945417821804	a7	a16
12	0.909474195162404	a7	a17	a23	10
12	0.909522885027073	a7	a16	a23	11
13	0.909748481400039	a7	a14
12	0.9097982532617	a7	a14	a23	12
13	0.909917813929388	a7	a15
12	0.909978946759472	a7	a15	a23	13
13	0.910104999409115	a7	a17
12	0.910172083222659	a7	a17	a23	14
13	0.910204002133942	a7	a16
12	0.910282987914405	a7	a16	a23	15
13	0.910456107433228	a7	a14
13	0.910584324076856	a7	a15
13	0.910806674458845	a7	a17
13	0.910964646019771	a7	a16
13	0.911095026657384	a6	a10
13	0.911161028473936	a8	a57
12	0.911183209412285	a6	a10	a28	0
12	0.911235686266428	a7	a14	a29	0
13	0.91130601607095	a7	a14
12	0.91132224602584	a7	a14	a29	1
13	0.911375263878479	a7	a14
12	0.911425035740141	a7	a14	a29	2
12	0.911440183698038	a7	a17	a29	3
13	0.91148833256421	a7	a14
12	0.911522956467975	a7	a14	a29	4
13	0.911570023337155	a7	a17
13	0.911594909267986	a7	a14
12	0.911627910176262	a7	a16	a29	5
12	0.911671731054464	a7	a14	a29	6
12	0.91168850200785	a7	a17	a29	7
13	0.911711764943191	a7	a16
13	0.911743142855978	a7	a14
13	0.911753421827408	a7	a17
12	0.911765864792824	a7	a15	a29	8
12	0.911804275686062	a7	a16	a29	9
12	0.911826456624412	a7	a14	a29	10
13	0.911849178561257	a7	a15
13	0.91186053952968	a7	a16
12	0.91187676948457	a7	a17	a29	11
13	0.911898950422919	a7	a14
13	0.91192383635375	a7	a17
12	0.911951427277062	a7	a16	a29	12
12	0.911971985219922	a7	a14	a29	13
12	0.911983346188345	a7	a15	a29	14
13	0.912009855114665	a7	a16
13	0.912036364040985	a7	a15
13	0.912045561015422	a7	a14
12	0.912060167974823	a7	a17	a29	15
13	0.9121223828019	a7	a17
13	0.91229009233576	a6	a10
13	0.912307945286138	a8	a56
12	0.912581149526781	a8	a56	a42	0
12	0.912661217304237	a6	a10	a30	0
12	0.912749400059137	a7	a14	a31	0
12	0.912804040907266	a7	a17	a31	1
13	0.912861386747876	a7	a14
12	0.91292251957796	a7	a14	a31	2
13	0.913018276311809	a7	a17
13	0.913032342272713	a7	a14
12	0.913088065117835	a7	a16	a31	3
12	0.913104295072724	a7	a17	a31	4
12	0.913150279944912	a7	a14	a31	5
13	0.913207084787025	a7	a17
12	0.913208707782514	a7	a15	a31	6
12	0.913261725635154	a7	a17	a31	7
13	0.913263889629139	a7	a14
13	0.913283365575007	a7	a16
12	0.91334179341261	a7	a14	a31	8
13	0.913349908390054	a7	a15
13	0.913359646362988	a7	a17
12	0.913380204305848	a7	a16	a31	9
12	0.913423484185554	a7	a15	a31	10
13	0.913444042128414	a7	a14
12	0.913462436077289	a7	a17	a31	11
13	0.913475961039697	a7	a16
12	0.913505715956995	a7	a14	a31	12
13	0.913518158922411	a7	a15
13	0.913557651812642	a7	a17
12	0.91359173471791	a7	a15	a31	13
13	0.913603095686333	a7	a14
12	0.913630145611149	a7	a16	a31	14
12	0.913662064522432	a7	a17	a31	15
13	0.913721033358531	a7	a15
13	0.913743214296881	a7	a16
13	0.913756198260792	a7	a17
13	0.913931481773601	a6	a10
13	0.91408891233603	a8	a56
12	0.914128946224758	a8	a56	a45	0
12	0.914143012185663	a6	a10	a32	0
12	0.914200358026273	a7	a14	a33	0
13	0.914241473911993	a7	a14
12	0.914257703866883	a7	a14	a33	1
13	0.914273933821772	a7	a14
12	0.914289622778166	a7	a14	a33	2
13	0.914305311734559	a7	a14
12	0.914321000690952	a7	a14	a33	3
13	0.914337230645842	a7	a14
12	0.914448676336084	a7	a14	a33	4
13	0.914470316275937	a7	a14
12	0.914491415217294	a7	a16	a33	5
13	0.914544433069933	a7	a16
12	0.91454497406843	a7	a15	a33	6
12	0.91456553201129	a7	a17	a33	7
13	0.914595286928588	a7	a15
12	0.914607188895507	a7	a14	a33	8
13	0.914612057881974	a7	a17
12	0.914621254856411	a7	a16	a33	9
13	0.914625041845885	a7	a14
13	0.914636402814308	a7	a16
12	0.914728372558683	a7	a14	a33	10
13	0.914758127475981	a7	a14
12	0.914759209472973	a7	a17	a33	11
12	0.914773816432374	a7	a15	a33	12
13	0.914775980426359	a7	a17
13	0.914791128384256	a7	a15
12	0.914816014315087	a7	a16	a33	13
13	0.914843605238399	a7	a16
12	0.914897164089535	a7	a14	a33	14
12	0.914914476041418	a7	a17	a33	15
13	0.914931246994804	a7	a14
13	0.914935033984278	a7	a17
13	0.915177942309127	a6	a10
13	0.915222304185825	a8	a56
12	0.915656184979875	a8	a56	a50	0
12	0.919313875813508	a6	a10	a34	0
12	0.919445879446611	a7	a14	a35	0
12	0.919538390189482	a7	a16	a35	1
12	0.919778593521849	a7	a15	a35	2
12	0.919908433160966	a7	a17	a35	3
13	0.943565215408134	a7	a14
13	0.945680519528754	a7	a15
13	0.946523936184519	a7	a16
13	0.947128231504911	a7	a17
13	0.947259694139517	a6	a10
12	0.947288908058319	a6	a10	a36	0
12	0.947380877802694	a7	a14	a37	0
12	0.947673016990707	a7	a16	a37	1
12	0.947696279926049	a7	a15	a37	2
12	0.947798528641854	a7	a17	a37	3
13	0.949102876016486	a7	a14
13	0.949188894777402	a7	a17
13	0.949457771030074	a7	a15
13	0.950233562873799	a7	a16
13	0.950360156521939	a6	a10
12	0.953564490615654	a6	a10	a38	0
12	0.953640230405139	a7	a14	a39	0
12	0.953858252799157	a7	a17	a39	1
12	0.953877187746528	a7	a16	a39	2
12	0.953942107566087	a7	a15	a39	3
13	0.95588321017089	a7	a14
13	0.956400404733374	a7	a15
13	0.956417716685256	a7	a17
13	0.956517260408579	a7	a16
13	0.956671444980031	a6	a10
12	0.956743397780042	a6	a10	a40	0
12	0.95677748068531	a7	a14	a41	0
12	0.957130211704912	a7	a15	a41	1
12	0.957181606562063	a7	a17	a41	2
12	0.957230837425228	a7	a16	a41	3
13	0.957420727897437	a7	a14
13	0.95877647012922	a7	a16
13	0.958911178754804	a7	a15
13	0.959082675278138	a7	a17
13	0.959272024751851	a6	a10
12	0.959508441094744	a8	a57	a49	0
13	0.968176319002815	a8	a57
12	0.968276944723131	a8	a57	a54	0
12	0.970411724789617	a8	a58	a53	0
13	0.983951835155564	a8	a58
12	0.984011885988656	a8	a58	a52	0
13	0.990654265526498	a8	a58
12	0.990700250398685	a8	a58	a51	0
13	0.99370603804425	a8	a58
13	0.996833550351488	a8	a57
13	0.996927143091351	a8	a56
13	0.997078081671825	a8	a55
12	0.997417828727515	a8	a55	a46	0
12	0.99744217365985	a8	a56	a48	0
13	1.03239554550872	a8	a56
12	1.03251131918693	a6	a10	a20	0
12	1.03261681389371	a7	a14	a21	0
12	1.03282239332232	a7	a17	a21	1
12	1.03288190315691	a7	a16	a21	2
12	1.03305880966521	a7	a15	a21	3
13	1.03322976519005	a7	a16
13	1.03325627411637	a7	a17
13	1.03327412706674	a7	a14
13	1.03340126171338	a7	a15
13	1.03356139726829	a6	a10
12	1.03372910680215	a8	a56	a44	0
12	1.03374966474501	a8	a57	a43	0
12	1.0339568671691	a6	a10	a22	0
12	1.03407426384281	a7	a14	a23	0
12	1.03432907413457	a7	a16	a23	1
12	1.03436207504285	a7	a17	a23	2
12	1.03450652164137	a7	a15	a23	3
13	1.03465313223387	a7	a14
12	1.03472400303689	a7	a14	a23	4
13	1.03513083390612	a7	a17
13	1.0351784417738	a7	a15
12	1.03518601575275	a7	a17	a23	5
13	1.03520657369561	a7	a16
12	1.03525039457381	a7	a15	a23	6
12	1.03527582150314	a7	a16	a23	7
13	1.03549113890467	a7	a14
12	1.03554686174979	a7	a14	a23	8
13	1.03581465600547	a7	a17
12	1.03588011682353	a7	a17	a23	9
13	1.03610625419499	a7	a15
12	1.03616955101906	a7	a15	a23	10
13	1.03618361697996	a7	a16
12	1.03624691380403	a7	a16	a23	11
13	1.03625448778298	a7	a14
12	1.03638973740706	a7	a14	a23	12
13	1.03662074376499	a7	a17
12	1.03669972954546	a7	a17	a23	13
13	1.03681712621916	a7	a16
12	1.03689286600864	a7	a16	a23	14
13	1.0369723927876	a7	a15
12	1.03703893560265	a7	a15	a23	15
13	1.03713090534702	a7	a14
13	1.03758318008995	a7	a15
13	1.0377232987005	a7	a17
13	1.0378704502915	a7	a16
13	1.03800840490806	a6	a10
12	1.03815068751259	a6	a10	a24	0
12	1.03823454227952	a7	a14	a25	0
13	1.03828701913366	a7	a14
12	1.03833192200886	a7	a14	a25	1
12	1.03836384092014	a7	a17	a25	2
13	1.03836546391563	a7	a14
12	1.0384000878194	a7	a14	a25	3
13	1.03843471172316	a7	a14
13	1.03849638555174	a7	a17
13	1.03866625907959	a6	a10
12	1.03874632685704	a6	a10	a26	0
12	1.03880800068562	a7	a14	a27	0
13	1.03885777254728	a7	a14
12	1.03887995348563	a7	a14	a27	1
13	1.0389286433503	a7	a14
12	1.0389432503097	a7	a14	a27	2
13	1.03899302217136	a7	a14
12	1.03900871112776	a7	a14	a27	3
13	1.03905740099243	a7	a14
13	1.03941770599098	a6	a10
12	1.03957351355792	a6	a10	a22	0
12	1.03964546635793	a7	a14	a23	0
12	1.03980776590683	a7	a17	a23	1
12	1.03993652354895	a7	a15	a23	2
12	1.03998954140159	a7	a16	a23	3
13	1.04019944881816	a7	a14
12	1.04026923762419	a7	a14	a23	4
13	1.04043965215053	a7	a17
12	1.04049699799114	a7	a17	a23	5
13	1.04055055684228	a7	a15
12	1.04061060767537	a7	a15	a23	6
13	1.04067228150395	a7	a16
12	1.04073341433403	a7	a16	a23	7
13	1.04081510510698	a7	a14
12	1.04087461494157	a7	a14	a23	8
13	1.04103529149498	a7	a17
12	1.0410910143401	a7	a17	a23	9
13	1.0411499831762	a7	a15
12	1.04120678801831	a7	a15	a23	10
13	1.04130849573562	a7	a16
12	1.04137233355819	a7	a16	a23	11
13	1.04141182644842	a7	a14
12	1.04148323824993	a7	a14	a23	12
13	1.04163634082439	a7	a17
12	1.04169044067403	a7	a17	a23	13
13	1.04174508152215	a7	a15
12	1.04180405035825	a7	a15	a23	14
13	1.04194903795527	a7	a16
12	1.04201179378084	a7	a16	a23	15
13	1.04202802373573	a7	a14
13	1.04223306216584	a7	a17
13	1.04235262283352	a7	a15
13	1.04273078078245	a7	a16
13	1.04289632632233	a6	a10
13	1.04297152511332	a8	a57
12	1.04300236202761	a6	a10	a28	0
12	1.04307106883664	a7	a14	a29	0
13	1.04314085764267	a7	a14
12	1.04315708759756	a7	a14	a29	1
13	1.04320253147125	a7	a14
12	1.04321822042764	a7	a14	a29	2
13	1.04326420529983	a7	a14
12	1.043312354166	a7	a14	a29	3
12	1.04334806006676	a7	a17	a29	4
13	1.04337402799458	a7	a14
12	1.04341893086977	a7	a14	a29	5
13	1.04345625976602	a7	a17
13	1.04349250666527	a7	a14
12	1.04352063858708	a7	a17	a29	6
12	1.04354390152243	a7	a15	a29	7
13	1.04356608246077	a7	a17
12	1.04358231241566	a7	a16	a29	8
12	1.04361964131191	a7	a14	a29	9
13	1.04362937928484	a7	a15
13	1.04366616718259	a7	a16
12	1.04368077414199	a7	a17	a29	10
13	1.04368726612395	a7	a14
12	1.04369646309839	a7	a15	a29	11
12	1.04373595598862	a7	a14	a29	12
13	1.04373811998261	a7	a17
12	1.0437684158984	a7	a16	a29	13
13	1.04378410485479	a7	a15
13	1.04378897384126	a7	a14
12	1.04382359774502	a7	a17	a29	14
13	1.04384848367585	a7	a16
12	1.04386633662623	a7	a14	a29	15
13	1.04386795962172	a7	a17
13	1.04393558443376	a7	a14
13	1.04414278685785	a6	a10
13	1.04416063980823	a8	a56
12	1.04442789306542	a8	a56	a42	0
12	1.04450687884588	a6	a10	a30	0
12	1.04466052241883	a7	a14	a31	0
13	1.0447687221181	a7	a14
12	1.04478441107449	a7	a14	a31	1
13	1.04489477476774	a7	a14
12	1.04494833361888	a7	a14	a31	2
12	1.04501487643392	a7	a15	a31	3
13	1.04505653331814	a7	a14
12	1.04508141924897	a7	a16	a31	4
12	1.04515607704146	a7	a14	a31	5
12	1.0451652740159	a7	a17	a31	6
13	1.04522153785952	a7	a15
13	1.04523019383546	a7	a16
13	1.04526427674073	a7	a14
12	1.04528862167306	a7	a15	a31	7
13	1.04530268763397	a7	a17
12	1.04531350760389	a7	a16	a31	8
12	1.0453708534445	a7	a14	a31	9
12	1.04538762439789	a7	a17	a31	10
13	1.04542062530617	a7	a15
13	1.04542765828662	a7	a16
13	1.04548554512573	a7	a14
12	1.04548608612422	a7	a15	a31	11
13	1.04549528309866	a7	a17
12	1.04550556207009	a7	a16	a31	12
12	1.04555966191972	a7	a14	a31	13
12	1.04557859686709	a7	a17	a31	14
13	1.04560294179943	a7	a15
13	1.04560781078589	a7	a16
12	1.04566786161899	a7	a15	a31	15
13	1.04567164860846	a7	a14
13	1.04567435360094	a7	a17
13	1.04579553726412	a7	a15
13	1.04592754089722	a6	a10
13	1.04609416843409	a8	a56
12	1.0461358253183	a8	a56	a45	0
12	1.04615476026568	a6	a10	a32	0
12	1.04631597781758	a7	a14	a33	0
13	1.04633869975442	a7	a14
12	1.04637711064766	a7	a15	a33	1
12	1.04639550459654	a7	a14	a33	2
13	1.04641227554992	a7	a14
13	1.04643824347775	a7	a15
12	1.046474490377	a7	a14	a33	3
13	1.04649667131535	a7	a14
12	1.04654968916799	a7	a15	a33	4
13	1.04656970611235	a7	a15
12	1.04662975694545	a7	a14	a33	5
13	1.04665356087928	a7	a14
12	1.04667033183267	a7	a15	a33	6
13	1.04668602078906	a7	a15
12	1.04673849764321	a7	a14	a33	7
12	1.04674715361915	a7	a17	a33	8
13	1.04677420354396	a7	a14
13	1.04678123652442	a7	a17
12	1.04685210732743	a7	a15	a33	9
12	1.04686617328834	a7	a16	a33	10
13	1.04687591126127	a7	a15
12	1.04690458418158	a7	a17	a33	11
13	1.04690458418158	a7	a16
13	1.04692622412143	a7	a17
12	1.04695706103572	a7	a14	a33	12
12	1.04699438993197	a7	a16	a33	13
13	1.04700196391092	a7	a14
12	1.04700953788986	a7	a15	a33	14
13	1.04701657087032	a7	a16
13	1.04702684984175	a7	a15
12	1.04708906466882	a7	a17	a33	15
13	1.04711178660567	a7	a17
13	1.0473725478809	a6	a10
13	1.0474163687591	a8	a56
12	1.04781562564938	a8	a56	a50	0
12	1.05181198154171	a6	a10	a34	0
12	1.05190557428158	a7	a14	a35	0
12	1.05214307262146	a7	a16	a35	1
12	1.05217553253124	a7	a17	a35	2
12	1.05223450136734	a7	a15	a35	3
13	1.07354984212243	a7	a14
13	1.07852648729009	a7	a15
13	1.07890194024654	a7	a16
13	1.0793639529624	a7	a17
13	1.07978593178953	a6	a10
12	1.07981406371134	a6	a10	a36	0
12	1.07988709850834	a7	a14	a37	0
12	1.08015002377756	a7	a15	a37	1
12	1.08023658353697	a7	a16	a37	2
12	1.08029771636705	a7	a17	a37	3
13	1.0817324443793	a7	a14
13	1.081849841053	a7	a17
13	1.08224260596133	a7	a16
13	1.08310117057499	a7	a15
13	1.08323966619005	a6	a10
12	1.08637529347473	a6	a10	a38	0
12	1.08644995126723	a7	a14	a39	0
12	1.08669989257253	a7	a16	a39	1
12	1.08681025626578	a7	a17	a39	2
12	1.08691899696354	a7	a15	a39	3
13	1.08847166264798	a7	a14
13	1.08927666841051	a7	a15
13	1.08928802937893	a7	a16
13	1.08929614435638	a7	a17
13	1.08947629685565	a6	a10
12	1.08951903573686	a6	a10	a40	0
12	1.08958936554138	a7	a14	a41	0
12	1.09009087114747	a7	a15	a41	1
12	1.09010385511139	a7	a17	a41	2
12	1.09014442999861	a7	a16	a41	3
13	1.09018229989335	a7	a14
13	1.09171170264245	a7	a16
13	1.09195947995377	a7	a15
13	1.091998972844	a7	a17
13	1.09219373230268	a6	a10
12	1.09244313260948	a8	a57	a49	0
13	1.10152812035822	a8	a57
12	1.10163956604846	a8	a57	a54	0
12	1.10379382206081	a8	a58	a53	0
13	1.11763310459523	a8	a58
12	1.11768017146441	a8	a58	a52	0
13	1.12413428352553	a8	a58
12	1.12417161242177	a8	a58	a51	0
13	1.12715089114102	a8	a58
13	1.13025297651893	a8	a57
13	1.13034819225428	a8	a56
13	1.13047316290693	a8	a55
12	1.13084104188443	a8	a55	a46	0
12	1.13086484581827	a8	a56	a48	0
13	1.18152665000634	a8	a56
12	1.18173655742292	a6	a10	a20	0
12	1.18182149418684	a7	a14	a21	0
12	1.18206386151319	a7	a15	a21	1
12	1.18211850236132	a7	a16	a21	2
12	1.18219153715832	a7	a17	a21	3
13	1.18247177437942	a7	a14
13	1.1834309647134	a7	a15
13	1.18343691569686	a7	a16
13	1.18352780344424	a7	a17
13	1.1837241858984	a6	a10
12	1.18389838741422	a8	a56	a44	0
12	1.18392760133302	a8	a57	a43	0
12	1.18414400073155	a6	a10	a22	0
12	1.18425057743533	a7	a14	a23	0
12	1.18464767033163	a7	a16	a23	1
12	1.18469203220832	a7	a15	a23	2
12	1.18474180406999	a7	a17	a23	3
13	1.18485433175722	a7	a14
12	1.18491979257528	a7	a14	a23	4
13	1.18537423131219	a7	a17
12	1.18546836505055	a7	a17	a23	5
13	1.18549649697236	a7	a15
13	1.1855338258686	a7	a14
13	1.18554464583853	a7	a16
12	1.18559549969718	a7	a15	a23	6
12	1.18562795960696	a7	a16	a23	7
12	1.18567286248216	a7	a14	a23	8
13	1.18605643041605	a7	a17
12	1.18611648124914	a7	a17	a23	9
13	1.18616517111381	a7	a15
13	1.18622089395893	a7	a16
12	1.18622792693938	a7	a15	a23	10
12	1.18628797777247	a7	a16	a23	11
13	1.18632476567022	a7	a14
12	1.18639076748678	a7	a14	a23	12
13	1.18669372664472	a7	a17
12	1.18675594147179	a7	a17	a23	13
13	1.1868289762688	a7	a15
12	1.18689335508986	a7	a15	a23	14
13	1.18694799593799	a7	a16
12	1.18701616174852	a7	a16	a23	15
13	1.18702535872296	a7	a14
13	1.18737917173956	a7	a17
13	1.18747709246739	a7	a15
13	1.18766049095764	a7	a16
13	1.18779357658774	a6	a10
12	1.18794505616671	a6	a10	a24	0
12	1.18800672999529	a7	a14	a25	0
12	1.1970365358974	a7	a16	a25	1
12	1.19705709384026	a7	a15	a25	2
13	1.197169080529	a7	a15
13	1.19717178552148	a7	a16
12	1.19721668839667	a7	a15	a25	3
13	1.19725888627939	a7	a15
13	1.19752559853807	a7	a14
13	1.19764299521178	a6	a10
12	1.19803521912161	a6	a10	a26	0
12	1.19809148296523	a7	a14	a27	0
13	1.19816018977426	a7	a14
12	1.19817641972915	a7	a14	a27	1
13	1.19822673258931	a7	a14
12	1.1982429625442	a7	a14	a27	2
13	1.19829219340736	a7	a14
12	1.19830896436075	a7	a14	a27	3
13	1.19836306421038	a7	a14
13	1.19848641186754	a6	a10
12	1.19887376679091	a6	a10	a22	0
12	1.19897331051423	a7	a14	a23	0
12	1.19898413048416	a7	a15	a23	1
12	1.19930602458947	a7	a17	a23	2
12	1.19937040341053	a7	a16	a23	3
13	1.19962359070681	a7	a14
12	1.19968905152487	a7	a14	a23	4
13	1.19978048027074	a7	a15
12	1.19985838405422	a7	a15	a23	5
13	1.2000515205174	a7	a16
13	1.20005422550988	a7	a17
12	1.20011644033696	a7	a16	a23	6
12	1.20016513020163	a7	a17	a23	7
13	1.2002722479039	a7	a14
12	1.20033716772346	a7	a14	a23	8
13	1.20043508845129	a7	a15
12	1.20051461523025	a7	a15	a23	9
13	1.20073209662578	a7	a16
13	1.20075644155811	a7	a17
12	1.20080891841225	a7	a16	a23	10
12	1.20083326334459	a7	a17	a23	11
13	1.20091387212054	a7	a14
12	1.20097608694762	a7	a14	a23	12
13	1.20114433747997	a7	a15
12	1.20120492931156	a7	a15	a23	13
13	1.20141104973866	a7	a17
13	1.20144837863491	a7	a16
12	1.20148192054168	a7	a17	a23	14
12	1.20151221645747	a7	a16	a23	15
13	1.20156793930259	a7	a14
13	1.20182545458684	a7	a15
13	1.20205754294176	a7	a17
13	1.20215762766358	a7	a16
13	1.20230045126661	a6	a10
13	1.20252550664108	a8	a57
12	1.20256121254184	a6	a10	a28	0
12	1.20262072237644	a7	a14	a29	0
13	1.20271593811179	a7	a14
12	1.20273000407269	a7	a17	a29	1
12	1.20275434900503	a7	a14	a29	2
13	1.20280898985316	a7	a14
12	1.20282738380203	a7	a16	a29	3
13	1.20289230362159	a7	a17
12	1.20289933660204	a7	a14	a29	4
13	1.20293666549829	a7	a16
12	1.20295127245769	a7	a17	a29	5
13	1.20296209242761	a7	a14
12	1.202978863381	a7	a15	a29	6
13	1.20299725732988	a7	a17
12	1.20304270120357	a7	a14	a29	7
12	1.20306271814793	a7	a16	a29	8
13	1.20309409606072	a7	a15
12	1.20311249000959	a7	a17	a29	9
13	1.20311844099305	a7	a16
13	1.20313683494193	a7	a14
13	1.2031703768487	a7	a17
12	1.20317416383817	a7	a15	a29	10
12	1.20320391875547	a7	a14	a29	11
12	1.20324828063217	a7	a16	a29	12
13	1.20324828063217	a7	a15
13	1.20325585461112	a7	a14
13	1.20330670846977	a7	a16
12	1.20331157745624	a7	a17	a29	13
12	1.20333429939308	a7	a14	a29	14
13	1.20336730030136	a7	a17
12	1.20337974326677	a7	a15	a29	15
13	1.20339489122467	a7	a14
13	1.20345277806378	a7	a15
13	1.20364645552546	a6	a10
13	1.20367350545028	a8	a56
12	1.20451529911055	a8	a56	a42	0
12	1.20463648277373	a6	a10	a30	0
12	1.20469112362186	a7	a14	a31	0
13	1.20484476719482	a7	a14
12	1.2048615381482	a7	a14	a31	1
12	1.2049351139437	a7	a16	a31	2
13	1.20495837687904	a7	a14
12	1.20502167370311	a7	a14	a31	3
13	1.20511905343245	a7	a14
12	1.20513798837982	a7	a15	a31	4
12	1.20516341530915	a7	a17	a31	5
13	1.20519479322194	a7	a16
12	1.20522346614224	a7	a14	a31	6
12	1.20526999201292	a7	a16	a31	7
13	1.20533491183248	a7	a15
13	1.2053468137994	a7	a17
13	1.20535005979038	a7	a14
13	1.20537873271068	a7	a16
12	1.20539712665956	a7	a14	a31	8
12	1.20545717749265	a7	a16	a31	9
12	1.20548747340845	a7	a15	a31	10
12	1.20550965434679	a7	a17	a31	11
13	1.20553670427161	a7	a14
13	1.20556321319793	a7	a16
13	1.20559296811523	a7	a15
12	1.20559459111072	a7	a14	a31	12
13	1.20561839504456	a7	a17
12	1.2056557239408	a7	a16	a31	13
12	1.20567790487915	a7	a15	a31	14
13	1.20568980684607	a7	a14
12	1.20572497174833	a7	a17	a31	15
13	1.20577582560699	a7	a15
13	1.20577636660548	a7	a16
13	1.20584074542654	a7	a17
13	1.20604957084612	a6	a10
13	1.20625136328525	a8	a56
12	1.20630546313488	a8	a56	a45	0
12	1.20635144800707	a6	a10	a32	0
12	1.2064055478567	a7	a14	a33	0
13	1.20652078053642	a7	a14
12	1.20654728946274	a7	a17	a33	1
12	1.20657001139959	a7	a15	a33	2
12	1.20659002834395	a7	a14	a33	3
13	1.20660571730034	a7	a14
13	1.20662248825373	a7	a17
13	1.20662789823869	a7	a15
12	1.20667388311088	a7	a14	a33	4
13	1.20669227705975	a7	a14
12	1.20673447494247	a7	a17	a33	5
13	1.20675070489736	a7	a17
12	1.20677180383871	a7	a15	a33	6
13	1.2067891157906	a7	a15
12	1.20681237872594	a7	a14	a33	7
12	1.20685187161617	a7	a17	a33	8
13	1.20686918356805	a7	a17
13	1.20687080656354	a7	a14
12	1.20693897237408	a7	a16	a33	9
12	1.20695628432596	a7	a15	a33	10
12	1.20697467827483	a7	a17	a33	11
13	1.20698333425078	a7	a15
13	1.20699199022672	a7	a17
13	1.20699361322221	a7	a16
12	1.20700767918311	a7	a14	a33	12
12	1.20704663107485	a7	a15	a33	13
13	1.20705745104477	a7	a14
13	1.20706177903274	a7	a15
12	1.20707800898763	a7	a17	a33	14
13	1.20709586193801	a7	a17
12	1.207096943935	a7	a16	a33	15
13	1.20711804287636	a7	a16
13	1.20738908312302	a6	a10
13	1.20746860990198	a8	a56
12	1.20868423352321	a8	a56	a50	0
12	1.21283152799602	a6	a10	a34	0
12	1.21291213677197	a7	a14	a35	0
12	1.2130993222517	a7	a17	a35	1
12	1.21311879819756	a7	a16	a35	2
12	1.21327406476601	a7	a15	a35	3
13	1.24541586742949	a7	a14
13	1.25103846480177	a7	a15
13	1.25228546633579	a7	a16
13	1.2527101501554	a7	a17
13	1.25310994804418	a6	a10
12	1.25321977073894	a6	a10	a36	0
12	1.25327332959007	a7	a14	a37	0
12	1.2536660944984	a7	a15	a37	1
12	1.2536807014578	a7	a16	a37	2
12	1.2537250633345	a7	a17	a37	3
13	1.25452087212259	a7	a14
13	1.25511867546103	a7	a17
13	1.25536537077535	a7	a16
13	1.25610275172584	a7	a15
13	1.25623096836946	a6	a10
12	1.25937038264362	a6	a10	a38	0
12	1.25946938536845	a7	a14	a39	0
12	1.25964358688426	a7	a17	a39	1
12	1.25982428038203	a7	a15	a39	2
12	1.25988649520911	a7	a16	a39	3
13	1.26159605045749	a7	a14
13	1.26220954275232	a7	a17
13	1.2622863645388	a7	a15
13	1.2623453333749	a7	a16
13	1.26252981386214	a6	a10
12	1.26259311068621	a6	a10	a40	0
12	1.26266073549825	a7	a14	a41	0
12	1.26297397362762	a7	a15	a41	1
12	1.26300805653289	a7	a17	a41	2
12	1.26306161538403	a7	a16	a41	3
13	1.26339703445175	a7	a14
13	1.26473221874067	a7	a15
13	1.26473492373315	a7	a16
13	1.2648745013452	a7	a17
13	1.26502057093921	a6	a10
12	1.26532894008211	a8	a57	a49	0
13	1.27419482343984	a8	a57
12	1.27429058017369	a8	a57	a54	0
12	1.27658711879057	a8	a58	a53	0
13	1.29021054292495	a8	a58
12	1.29025328180616	a8	a58	a52	0
13	1.29657809522666	a8	a58
12	1.29660947313945	a8	a58	a51	0
13	1.29961634278201	a8	a58
13	1.30282121787422	a8	a57
13	1.30298135342913	a8	a56
13	1.30310740607877	a8	a55
12	1.30376850624128	a8	a55	a46	0
12	1.3038236880879	a8	a56	a48	0
13	1.33766801301931	a8	a56
12	1.3379201183186	a6	a10	a20	0
12	1.33799044812312	a7	a14	a21	0
12	1.33807267989456	a7	a17	a21	1
12	1.33816032165096	a7	a15	a21	2
12	1.33845246083898	a7	a16	a21	3
13	1.33850331469763	a7	a15
13	1.33850547869162	a7	a17
13	1.33858933345855	a7	a14
13	1.33884143875783	a7	a16
13	1.33897290139244	a6	a10
12	1.33926017159399	a8	a56	a44	0
12	1.33928072953685	a8	a57	a43	0
12	1.3394933419459	a6	a10	a22	0
12	1.33955934376245	a7	a14	a23	0
12	1.3398612209234	a7	a16	a23	1
12	1.34004137342268	a7	a17	a23	2
12	1.3400673413505	a7	a15	a23	3
13	1.34017175406029	a7	a14
12	1.34023396888737	a7	a14	a23	4
13	1.3407289825115	a7	a17
13	1.34073817948594	a7	a16
13	1.34075603243632	a7	a15
12	1.34078037736865	a7	a17	a23	5
12	1.34085719915513	a7	a15	a23	6
12	1.34087505210551	a7	a16	a23	7
13	1.34099515377169	a7	a14
12	1.34108874651156	a7	a14	a23	8
13	1.34132029386798	a7	a17
12	1.34139873864995	a7	a17	a23	9
13	1.34172441974473	a7	a15
12	1.34178122458685	a7	a15	a23	10
13	1.34179907753723	a7	a16
13	1.34185425938385	a7	a14
12	1.34186724334776	a7	a16	a23	11
12	1.34191322821995	a7	a14	a23	12
13	1.34219184244556	a7	a17
12	1.3422448602982	a7	a17	a23	13
13	1.3423178950952	a7	a15
12	1.34241473382604	a7	a15	a23	14
13	1.34272147997345	a7	a16
13	1.34275231688775	a7	a14
12	1.34278694079151	a7	a16	a23	15
13	1.3431126218863	a7	a17
13	1.34336418618709	a7	a16
13	1.34337392416002	a7	a15
13	1.3436119634984	a6	a10
12	1.34380185397061	a6	a10	a24	0
12	1.34389706970596	a7	a14	a25	0
13	1.343964694518	a7	a14
12	1.34404476229546	a7	a14	a25	1
12	1.34406315624433	a7	a16	a25	2
13	1.34409453415712	a7	a14
12	1.34416215896916	a7	a14	a25	3
13	1.34418325791052	a7	a16
13	1.34421301282781	a7	a14
13	1.34445700314966	a6	a10
12	1.3444948730444	a6	a10	a26	0
12	1.3445527598835	a7	a14	a27	0
13	1.34460253174517	a7	a14
12	1.34461876170006	a7	a14	a27	1
13	1.34467394354668	a7	a14
12	1.34469071450007	a7	a14	a27	2
13	1.34473940436474	a7	a14
12	1.34475833931211	a7	a14	a27	3
13	1.34481027516775	a7	a14
13	1.34509970936329	a6	a10
12	1.34523820497834	a6	a10	a22	0
12	1.34530150180241	a7	a14	a23	0
12	1.3454794903077	a7	a16	a23	1
12	1.34551681920395	a7	a17	a23	2
12	1.34556929605809	a7	a15	a23	3
13	1.34585169727317	a7	a14
12	1.34591878108672	a7	a14	a23	4
13	1.34608594962208	a7	a17
13	1.34611840953186	a7	a16
13	1.34613680348074	a7	a15
12	1.34614491845818	a7	a17	a23	5
12	1.34619144432886	a7	a16	a23	6
12	1.3462163302597	a7	a15	a23	7
13	1.34647925552891	a7	a14
12	1.34654255235298	a7	a14	a23	8
13	1.34668267096352	a7	a17
12	1.34674055780263	a7	a17	a23	9
13	1.34679465765226	a7	a16
13	1.34679790364324	a7	a15
12	1.34687256143573	a7	a16	a23	10
12	1.34689961136055	a7	a15	a23	11
13	1.34708192785381	a7	a14
12	1.3471425196854	a7	a14	a23	12
13	1.34728372029294	a7	a17
12	1.34734972210949	a7	a17	a23	13
13	1.34745683981176	a7	a15
12	1.34751202165839	a7	a15	a23	14
13	1.3476710752163	a7	a16
13	1.34768838716819	a7	a14
12	1.34773599503586	a7	a16	a23	15
13	1.34788747461483	a7	a17
13	1.3480535611532	a7	a15
13	1.34831053543896	a7	a16
13	1.34844091607657	a6	a10
13	1.34853667281042	a8	a57
12	1.3485545257608	a6	a10	a28	0
12	1.34866272546006	a7	a14	a29	0
13	1.34871736630819	a7	a14
12	1.34873359626308	a7	a14	a29	1
13	1.34879148310219	a7	a14
12	1.34880717205858	a7	a14	a29	2
13	1.34884991093979	a7	a14
12	1.34886505889769	a7	a14	a29	3
13	1.34890833877739	a7	a14
12	1.34894783166762	a7	a16	a29	4
12	1.34900680050372	a7	a14	a29	5
12	1.34902411245561	a7	a17	a29	6
13	1.34907388431727	a7	a16
13	1.34908578628419	a7	a14
13	1.34912149218494	a7	a17
12	1.3491425911263	a7	a14	a29	7
12	1.34916044407668	a7	a15	a29	8
13	1.34920859294285	a7	a14
12	1.3492161669218	a7	a17	a29	9
12	1.34923997085564	a7	a16	a29	10
13	1.34926972577294	a7	a17
13	1.34927243076542	a7	a15
12	1.34929244770978	a7	a14	a29	11
13	1.34930164468422	a7	a16
13	1.34936818749927	a7	a14
12	1.34938225346017	a7	a17	a29	12
12	1.34939415542709	a7	a16	a29	13
12	1.34943202532183	a7	a15	a29	14
13	1.34944176329477	a7	a17
13	1.34944446828725	a7	a16
12	1.34945258326469	a7	a14	a29	15
13	1.34948883016395	a7	a15
13	1.34950614211583	a7	a14
13	1.34972145951737	a6	a10
13	1.34974093546323	a8	a56
12	1.35001738569485	a8	a56	a42	0
12	1.35007310853997	a6	a10	a30	0
12	1.35025813002572	a7	a14	a31	0
13	1.35037065771295	a7	a14
12	1.35039067465732	a7	a14	a31	1
13	1.35051348131598	a7	a14
12	1.35055567919869	a7	a14	a31	2
13	1.35065143593254	a7	a14
12	1.35066387889796	a7	a16	a31	3
12	1.35067956785435	a7	a17	a31	4
12	1.35074394667541	a7	a15	a31	5
12	1.35076991460324	a7	a14	a31	6
13	1.3508635073431	a7	a14
13	1.35086621233558	a7	a17
13	1.35088622927995	a7	a16
13	1.35089055726792	a7	a15
12	1.3509370831386	a7	a17	a31	7
12	1.35095601808597	a7	a14	a31	8
12	1.35099388798071	a7	a16	a31	9
12	1.3510252658935	a7	a15	a31	10
13	1.35103662686192	a7	a17
13	1.35105231581832	a7	a14
12	1.35110154668148	a7	a17	a31	11
13	1.35111236665141	a7	a16
13	1.35112643261231	a7	a15
12	1.35113346559277	a7	a14	a31	12
12	1.3511724174845	a7	a16	a31	13
13	1.35119405742435	a7	a17
12	1.35121407436872	a7	a15	a31	14
13	1.35123896029955	a7	a14
12	1.35128927315971	a7	a17	a31	15
13	1.35131199509655	a7	a15
13	1.35132389706347	a7	a16
13	1.3513936858695	a7	a17
13	1.35160034729509	a6	a10
13	1.3517464168891	a8	a56
12	1.35177779480188	a8	a56	a45	0
12	1.35179348375828	a6	a10	a32	0
12	1.3518497476019	a7	a14	a33	0
13	1.35186597755679	a7	a14
12	1.35188166651318	a7	a14	a33	1
13	1.35190492944852	a7	a14
12	1.35193955335229	a7	a14	a33	2
13	1.35197471825455	a7	a14
12	1.35203855607711	a7	a16	a33	3
13	1.35209536091923	a7	a16
12	1.35209590191772	a7	a17	a33	4
12	1.35211104987562	a7	a15	a33	5
13	1.35213755880194	a7	a17
12	1.35213864079893	a7	a14	a33	6
13	1.35215324775833	a7	a15
13	1.35218246167713	a7	a14
12	1.3522316925403	a7	a15	a33	7
12	1.35226631644406	a7	a16	a33	8
13	1.35228254639895	a7	a16
12	1.35229661235986	a7	a17	a33	9
13	1.35230743232978	a7	a15
13	1.35232095729219	a7	a17
12	1.35234151523505	a7	a14	a33	10
12	1.35238154912378	a7	a16	a33	11
13	1.3524075170516	a7	a16
12	1.35241509103055	a7	a15	a33	12
13	1.35243402597792	a7	a14
13	1.35244268195386	a7	a15
12	1.35246053490424	a7	a17	a33	13
13	1.35248704383056	a7	a17
12	1.35251192976139	a7	a14	a33	14
13	1.35254655366516	a7	a14
12	1.35257198059449	a7	a15	a33	15
13	1.35259578452832	a7	a15
13	1.35281705291332	a6	a10
13	1.352863578784	a8	a56
12	1.35326932765624	a8	a56	a50	0
12	1.35731166842076	a6	a10	a34	0
12	1.35741337613807	a7	a14	a35	0
12	1.35755890473358	a7	a16	a35	1
12	1.35764762848698	a7	a17	a35	2
12	1.35774879520579	a7	a15	a35	3
13	1.38012936200014	a7	a14
13	1.38411976690901	a7	a16
13	1.38460396056321	a7	a15
13	1.38511358114675	a7	a17
13	1.38537380142348	a6	a10
12	1.38543277025958	a6	a10	a36	0
12	1.38549444408816	a7	a14	a37	0
12	1.38556747888516	a7	a16	a37	1
12	1.38575628736038	a7	a15	a37	2
12	1.38586015907167	a7	a17	a37	3
13	1.38733383897566	a7	a17
13	1.38848129678635	a7	a15
13	1.38938909226318	a7	a14
13	1.3903726275295	a7	a16
13	1.39050192617012	a6	a10
12	1.3935499116984	a6	a10	a38	0
12	1.39361645451344	a7	a14	a39	0
12	1.39379444301873	a7	a17	a39	1
12	1.39394970958718	a7	a15	a39	2
12	1.3940054324323	a7	a16	a39	3
13	1.3957701695273	a7	a14
13	1.39637662884168	a7	a17
13	1.39647509056801	a7	a15
13	1.3965643553199	a7	a16
13	1.39670339193346	a6	a10
12	1.39674450781918	a6	a10	a40	0
12	1.39683755956054	a7	a14	a41	0
12	1.39698849814102	a7	a17	a41	1
12	1.39707668089592	a7	a15	a41	2
12	1.39720273354556	a7	a16	a41	3
13	1.39764472931706	a7	a14
13	1.39875107124204	a7	a17
13	1.39879705611422	a7	a16
13	1.39892905974733	a7	a15
13	1.39916060710375	a6	a10
12	1.3994029744301	a8	a57	a49	0
13	1.40833972859085	a8	a57
12	1.40839599243446	a8	a57	a54	0
12	1.41050480457313	a8	a58	a53	0
13	1.42395673218417	a8	a58
12	1.42399893006689	a8	a58	a52	0
13	1.43008029416404	a8	a58
12	1.43011816405879	a8	a58	a51	0
13	1.43314775563819	a8	a58
13	1.43623144706722	a8	a57
13	1.43634397475446	a8	a56
13	1.43646083042966	a8	a55
12	1.43681139745528	a8	a55	a46	0
12	1.43683574238762	a8	a56	a48	0
13	1.4680946355051	a8	a56
12	1.46823096712617	a6	a10	a20	0
12	1.46836351175777	a7	a14	a21	0
12	1.46874383370069	a7	a16	a21	1
12	1.46889801827214	a7	a17	a21	2
12	1.46893156017891	a7	a15	a21	3
13	1.46898349603456	a7	a14
13	1.47008929696104	a7	a16
13	1.47018775868737	a7	a15
13	1.47019425066933	a7	a17
13	1.47036196020319	a6	a10
12	1.4705664576348	a8	a56	a44	0
12	1.47058647457916	a8	a57	a43	0
12	1.4708163989401	a6	a10	a22	0
12	1.47088240075665	a7	a14	a23	0
12	1.47117724493714	a7	a16	a23	1
12	1.47125352572512	a7	a15	a23	2
12	1.47133792149055	a7	a17	a23	3
13	1.47150941801388	a7	a14
12	1.47157217383946	a7	a14	a23	4
13	1.47195682377034	a7	a17
12	1.47200875962599	a7	a17	a23	5
13	1.47208179442299	a7	a16
13	1.4720953193854	a7	a15
12	1.47214130425759	a7	a16	a23	6
12	1.47216727218541	a7	a15	a23	7
13	1.47226952090122	a7	a14
12	1.47232362075085	a7	a14	a23	8
13	1.47264497385766	a7	a17
12	1.47269961470579	a7	a17	a23	9
13	1.47277914148475	a7	a16
13	1.47280889640205	a7	a15
12	1.47286245525319	a7	a15	a23	10
12	1.47287652121409	a7	a16	a23	11
13	1.4729933768893	a7	a14
12	1.47304747673893	a7	a14	a23	12
13	1.47342238869688	a7	a17
13	1.47343970064876	a7	a15
12	1.47347270155704	a7	a17	a23	13
12	1.47349758748787	a7	a15	a23	14
13	1.47359009823074	a7	a16
12	1.47364852606834	a7	a16	a23	15
13	1.47380541563228	a7	a14
13	1.47410566979773	a7	a17
13	1.47416788462481	a7	a15
13	1.47426039536768	a7	a16
13	1.47439780898575	a6	a10
12	1.47449518871509	a6	a10	a24	0
12	1.47455686254367	a7	a14	a25	0
13	1.47459906042638	a7	a14
12	1.47461583137977	a7	a14	a25	1
13	1.47465802926248	a7	a14
12	1.47467804620684	a7	a14	a25	2
13	1.47475162200234	a7	a14
12	1.47480301685949	a7	a17	a25	3
13	1.4749193315362	a7	a17
13	1.47510543501894	a6	a10
12	1.47516440385504	a6	a10	a26	0
12	1.47522174969565	a7	a14	a27	0
13	1.4752720625558	a7	a14
12	1.47529316149716	a7	a14	a27	1
13	1.47534239236033	a7	a14
12	1.47535808131672	a7	a14	a27	2
13	1.47540839417688	a7	a14
12	1.47548629796035	a7	a14	a27	3
13	1.47557123472427	a7	a14
13	1.47580386407769	a6	a10
12	1.47596183563861	a6	a10	a22	0
12	1.47601864048073	a7	a14	a23	0
12	1.47622962989429	a7	a15	a23	1
12	1.47625938481159	a7	a16	a23	2
12	1.47631835364769	a7	a17	a23	3
13	1.47656396696502	a7	a14
12	1.47663213277556	a7	a14	a23	4
13	1.47687936908838	a7	a15
13	1.47690641901319	a7	a16
13	1.47691561598763	a7	a17
12	1.47693833792448	a7	a15	a23	5
12	1.47701461871246	a7	a16	a23	6
12	1.47703193066434	a7	a17	a23	7
13	1.47717313127188	a7	a14
12	1.47722614912452	a7	a14	a23	8
13	1.47753343627043	a7	a15
13	1.47758591312457	a7	a16
12	1.47759402810202	a7	a15	a23	9
13	1.47759402810202	a7	a17
12	1.47765948892007	a7	a17	a23	10
12	1.47767842386744	a7	a16	a23	11
13	1.47776173763588	a7	a14
12	1.47781205049604	a7	a14	a23	12
13	1.4781555845412	a7	a15
12	1.47821617637279	a7	a15	a23	13
13	1.47825512826452	a7	a16
13	1.47829408015626	a7	a17
12	1.47831409710062	a7	a16	a23	14
12	1.47836332796379	a7	a17	a23	15
13	1.47837198393973	a7	a14
13	1.47876096185858	a7	a15
13	1.47891298243605	a7	a16
13	1.47894165535636	a7	a17
13	1.47909962691728	a6	a10
13	1.47916779272782	a8	a57
12	1.47919105566316	a6	a10	a28	0
12	1.47924245052031	a7	a14	a29	0
13	1.47929059938648	a7	a14
12	1.47931115732934	a7	a14	a29	1
13	1.47935930619552	a7	a14
12	1.47943666898049	a7	a14	a29	2
12	1.47945181693839	a7	a15	a29	3
13	1.4794940148211	a7	a14
12	1.47955136066171	a7	a14	a29	4
13	1.47957570559405	a7	a15
13	1.47960491951285	a7	a14
12	1.47966064235797	a7	a16	a29	5
12	1.47971690620159	a7	a14	a29	6
12	1.47973205415948	a7	a17	a29	7
13	1.47974503812339	a7	a16
12	1.47974720211738	a7	a15	a29	8
13	1.47978236701964	a7	a14
12	1.47981049894145	a7	a16	a29	9
13	1.47981536792792	a7	a17
13	1.47982294190687	a7	a15
12	1.47985323782266	a7	a14	a29	10
13	1.47986946777755	a7	a16
12	1.47989002572041	a7	a17	a29	11
13	1.47990463267981	a7	a14
12	1.47995224054749	a7	a15	a29	12
13	1.47995602753696	a7	a17
12	1.4799652245114	a7	a16	a29	13
12	1.47998740544975	a7	a14	a29	14
13	1.48000038941366	a7	a15
12	1.4800241933475	a7	a17	a29	15
13	1.48002581634299	a7	a16
13	1.48004042330239	a7	a14
13	1.48007721120014	a7	a17
13	1.48035528442725	a6	a10
13	1.48037205538063	a8	a56
12	1.48060468473405	a8	a56	a42	0
12	1.48066473556714	a6	a10	a30	0
12	1.48075562331452	a7	a14	a31	0
12	1.48083136310401	a7	a15	a31	1
13	1.48088924994312	a7	a14
12	1.48095362876418	a7	a14	a31	2
13	1.48105046749502	a7	a14
13	1.48105154949201	a7	a15
12	1.4810677794469	a7	a14	a31	3
13	1.48116083118827	a7	a14
12	1.48120140607549	a7	a15	a31	4
12	1.48123548898076	a7	a17	a31	5
12	1.48125388292964	a7	a16	a31	6
12	1.48128417884543	a7	a14	a31	7
13	1.48130852377777	a7	a15
12	1.48137452559432	a7	a15	a31	8
13	1.48138426356725	a7	a17
13	1.48138859155522	a7	a14
13	1.48139670653267	a7	a16
12	1.48146324934771	a7	a14	a31	9
13	1.48146811833418	a7	a15
12	1.48147893830411	a7	a17	a31	10
12	1.48149733225298	a7	a16	a31	11
12	1.48156441606653	a7	a15	a31	12
13	1.48157469503796	a7	a14
13	1.48158118701991	a7	a17
13	1.48160877794322	a7	a16
12	1.48163799186203	a7	a14	a31	13
13	1.48165800880639	a7	a15
12	1.48167856674925	a7	a17	a31	14
12	1.48173537159136	a7	a16	a31	15
13	1.48174024057783	a7	a14
13	1.4817889304425	a7	a17
13	1.48184898127559	a7	a16
13	1.48204319973577	a6	a10
13	1.48217899035835	a8	a56
12	1.48220928627414	a8	a56	a45	0
12	1.48222822122151	a6	a10	a32	0
12	1.48234453589822	a7	a14	a33	0
13	1.48236942182905	a7	a14
12	1.48244191562756	a7	a17	a33	1
12	1.48246788355538	a7	a14	a33	2
13	1.48248573650576	a7	a14
13	1.48249114649073	a7	a17
12	1.48253009838246	a7	a14	a33	3
13	1.48254686933585	a7	a14
12	1.48258906721856	a7	a16	a33	4
12	1.48259934618999	a7	a17	a33	5
13	1.48261503514638	a7	a17
12	1.48262639611481	a7	a14	a33	6
13	1.48263559308924	a7	a16
13	1.48264424906518	a7	a14
12	1.48268915194038	a7	a17	a33	7
13	1.48271133287873	a7	a17
12	1.48277517070129	a7	a14	a33	8
12	1.48278707266821	a7	a17	a33	9
13	1.48279518764566	a7	a14
13	1.48280276162461	a7	a17
12	1.48282764755544	a7	a16	a33	10
12	1.48284658250281	a7	a15	a33	11
13	1.48285577947725	a7	a16
12	1.48287255043063	a7	a14	a33	12
13	1.48290230534793	a7	a15
13	1.4829071743344	a7	a14
12	1.48291204332086	a7	a17	a33	13
13	1.48293909324568	a7	a17
12	1.4830094230502	a7	a16	a33	14
12	1.4830240300096	a7	a17	a33	15
13	1.48303593197652	a7	a16
13	1.483039718966	a7	a17
13	1.48328046329686	a6	a10
13	1.48332536617205	a8	a56
12	1.48371813108038	a8	a56	a50	0
12	1.48729250814558	a6	a10	a34	0
12	1.48738988787492	a7	a14	a35	0
12	1.48762738621481	a7	a17	a35	1
12	1.48770853598925	a7	a16	a35	2
12	1.48776966881934	a7	a15	a35	3
13	1.50887402016086	a7	a14
13	1.51338973460966	a7	a16
13	1.51390476517816	a7	a17
13	1.51431592403536	a7	a15
13	1.51474331284746	a6	a10
12	1.51479741269709	a6	a10	a36	0
12	1.51488992343996	a7	a14	a37	0
12	1.51533191921146	a7	a17	a37	1
12	1.51535788713928	a7	a16	a37	2
12	1.5153843960656	a7	a15	a37	3
13	1.51546446384305	a7	a14
13	1.51718538005985	a7	a15
13	1.51732712166589	a7	a16
13	1.51745155132005	a7	a17
13	1.51758139095916	a6	a10
12	1.52058717860473	a6	a10	a38	0
12	1.52068509933256	a7	a14	a39	0
12	1.52096533655366	a7	a16	a39	1
12	1.52099779646344	a7	a15	a39	2
12	1.52113899707098	a7	a17	a39	3
13	1.52285342130582	a7	a14
13	1.52352534143825	a7	a15
13	1.52355780134803	a7	a17
13	1.52358268727886	a7	a16
13	1.52380774265333	a6	a10
12	1.5238418255586	a6	a10	a40	0
12	1.52393758229245	a7	a14	a41	0
12	1.52431790423536	a7	a15	a41	1
12	1.52434982314665	a7	a17	a41	2
12	1.52440554599177	a7	a16	a41	3
13	1.52461761740233	a7	a14
13	1.52594252271982	a7	a16
13	1.52609346130029	a7	a17
13	1.52610157627774	a7	a15
13	1.52628064678002	a6	a10
12	1.52653816206427	a8	a57	a49	0
13	1.53546301425809	a8	a57
12	1.53551386811675	a8	a57	a54	0
12	1.53755884243285	a8	a58	a53	0
13	1.55052982238066	a8	a58
12	1.55056336428743	a8	a58	a52	0
13	1.55645862490185	a8	a58
12	1.55648242883569	a8	a58	a51	0
13	1.55948551148878	a8	a58
13	1.56259733483962	a8	a57
13	1.56268930458399	a8	a56
13	1.5628056192607	a8	a55
12	1.56287540806673	a8	a55	a50	0
12	1.57034767929793	a6	a10	a34	0
12	1.570410976122	a7	a14	a35	0
12	1.57050402786337	a7	a16	a35	1
12	1.5707491001822	a7	a17	a35	2
12	1.58506392039488	a7	a15	a35	3
13	1.58830991137281	a7	a14
13	1.59255350357796	a7	a17
13	1.59318430782467	a7	a16
13	1.59438045550004	a7	a15
13	1.59451732811961	a6	a10
12	1.59457521495872	a6	a10	a36	0
12	1.59469802161738	a7	a14	a37	0
12	1.59513785339489	a7	a16	a37	1
12	1.59518221527159	a7	a17	a37	2
13	1.59526985702799	a7	a14
12	1.59548246943705	a7	a14	a37	3
13	1.5962544742913	a7	a14
13	1.59681927672146	a7	a17
13	1.5970789559997	a7	a16
13	1.59723584556363	a6	a10
12	1.60047750855359	a6	a10	a38	0
12	1.60055757633105	a7	a14	a39	0
12	1.60067821899573	a7	a15	a39	1
12	1.60073177784686	a7	a16	a39	2
12	1.60094871824389	a7	a17	a39	3
13	1.60181377483951	a7	a14
13	1.60285140995545	a7	a16
13	1.60287683688478	a7	a15
13	1.60297259361863	a7	a17
13	1.60317709105024	a6	a10
12	1.60320738696603	a6	a10	a40	0
12	1.60327176578709	a7	a14	a41	0
12	1.60359961087586	a7	a16	a41	1
12	1.60366453069542	a7	a15	a41	2
12	1.60371592555257	a7	a17	a41	3
13	1.60391393100223	a7	a14
13	1.60522855734829	a7	a16
13	1.6056386342085	a7	a15
13	1.60593888837396	a7	a17
13	1.60607305600105	a6	a10
12	1.6063002753695	a8	a56	a49	0
13	1.61522296356934	a8	a56
12	1.61532250729267	a8	a56	a54	0
12	1.61731716874861	a8	a57	a53	0
13	1.63034170754756	a8	a57
12	1.63038498742726	a8	a57	a52	0
13	1.63600542080555	a8	a57
12	1.63603896271232	a8	a57	a51	0
13	1.63899551949472	a8	a57
13	1.64210517885158	a8	a56
13	1.64220147658393	a8	a55
