%EventDef PajeDefineContainerType 0 
%       Alias string 
%       Type string 
%       Name string 
%EndEventDef 
%EventDef PajeDefineVariableType 1 
%       Alias string 
%       Type string 
%       Name string 
%       Color color 
%EndEventDef 
%EventDef PajeDefineStateType 2 
%       Alias string 
%       Type string 
%       Name string 
%EndEventDef 
%EventDef PajeDefineEventType 3 
%       Alias string 
%       Type string 
%       Name string 
%       Color color 
%EndEventDef 
%EventDef PajeDefineLinkType 4 
%       Alias string 
%       Type string 
%       StartContainerType string 
%       EndContainerType string 
%       Name string 
%EndEventDef 
%EventDef PajeDefineEntityValue 5 
%       Alias string 
%       Type string 
%       Name string 
%       Color color 
%EndEventDef 
%EventDef PajeCreateContainer 6 
%       Time date 
%       Alias string 
%       Type string 
%       Container string 
%       Name string 
%EndEventDef 
%EventDef PajeDestroyContainer 7 
%       Time date 
%       Type string 
%       Name string 
%EndEventDef 
%EventDef PajeSetVariable 8 
%       Time date 
%       Type string 
%       Container string 
%       Value double 
%EndEventDef
%EventDef PajeAddVariable 9 
%       Time date 
%       Type string 
%       Container string 
%       Value double 
%EndEventDef
%EventDef PajeSubVariable 10 
%       Time date 
%       Type string 
%       Container string 
%       Value double 
%EndEventDef
%EventDef PajeSetState 11 
%       Time date 
%       Type string 
%       Container string 
%       Value string 
%EndEventDef
%EventDef PajePushState 12 
%       Time date 
%       Type string 
%       Container string 
%       Value string 
%       Id string 
%EndEventDef
%EventDef PajePopState 13 
%       Time date 
%       Type string 
%       Container string 
%EndEventDef
%EventDef PajeResetState 14 
%       Time date 
%       Type string 
%       Container string 
%EndEventDef
%EventDef PajeStartLink 15 
%       Time date 
%       Type string 
%       Container string 
%       Value string 
%       StartContainer string 
%       Key string 
%EndEventDef
%EventDef PajeEndLink 16 
%       Time date 
%       Type string 
%       Container string 
%       Value string 
%       EndContainer string 
%       Key string 
%EndEventDef
%EventDef PajeNewEvent 17 
%       Time date 
%       Type string 
%       Container string 
%       Value string 
%EndEventDef
0	a1	0	"Task Manager"
0	a2	a1	"Node"
0	a3	a1	"Thread"
0	a4	a1	"Jobs"
0	a5	a1	"Memory usage"
2	a6	a4	"Job"
2	a7	a3	"Task"
2	a8	a3	"Timer state"
6	0	a9	a1	0	"The task manager"
6	0	a10	a4	a9	"Jobs"
6	0	a11	a5	a9	"Memory"
1	a12	a1	"Memory [MB]"	"1.0 1.0 1.0"
6	0	a13	a2	a9	"Node 0"
6	0	a14	a3	a13	"Thread 0"
6	0	a15	a3	a13	"Thread 1"
6	0	a16	a3	a13	"Thread 2"
6	0	a17	a3	a13	"Thread 3"
5	a18	a6	"ngcore::ParallelFor<int,ngcore::EnterTaskManager()::{lambda(int)#1}>(ngcore::T_Range<int>,ngcore::EnterTaskManager()::{lambda(int)#1},int,ngcore::TotalCosts)::{lambda(ngcore::TaskInfo&)#1}"	"0.630615054310908 1 0"
5	a19	a7	"ngcore::ParallelFor<int,ngcore::EnterTaskManager()::{lambda(int)#1}>(ngcore::T_Range<int>,ngcore::EnterTaskManager()::{lambda(int)#1},int,ngcore::TotalCosts)::{lambda(ngcore::TaskInfo&)#1}"	"0.630615054310908 1 0"
5	a20	a6	"ngcore::ParallelForRange<netgen::ElementIndex,netgen::MeshOptimize3d::SwapImprove(netgen::Mesh&,netgen::OPTIMIZEGOAL,netgen::NgBitArray const*)::{lambda(auto:1)#1}>(ngcore::T_Range<netgen::ElementIndex>,netgen::MeshOptimize3d::SwapImprove(netgen::Mesh&,netgen::OPTIMIZEGOAL,netgen::NgBitArray const*)::{lambda(auto:1)#1},int,ngcore::TotalCosts)::{lambda(ngcore::TaskInfo&)#1}"	"0.708022642579866 0 1"
5	a21	a7	"ngcore::ParallelForRange<netgen::ElementIndex,netgen::MeshOptimize3d::SwapImprove(netgen::Mesh&,netgen::OPTIMIZEGOAL,netgen::NgBitArray const*)::{lambda(auto:1)#1}>(ngcore::T_Range<netgen::ElementIndex>,netgen::MeshOptimize3d::SwapImprove(netgen::Mesh&,netgen::OPTIMIZEGOAL,netgen::NgBitArray const*)::{lambda(auto:1)#1},int,ngcore::TotalCosts)::{lambda(ngcore::TaskInfo&)#1}"	"0.708022642579866 0 1"
5	a22	a6	"ngcore::ParallelForRange<netgen::ElementIndex,ngcore::CreateTable<netgen::ElementIndex,netgen::PointIndex,ngcore::T_Range<netgen::ElementIndex>,netgen::Mesh::CreatePoint2ElementTable(std::optional<ngcore::BitArray>)const::{lambda(auto:1&,netgen::ElementIndex)#1}>(ngcore::T_Range<netgen::ElementIndex>const&,netgen::Mesh::CreatePoint2ElementTable(std::optional<ngcore::BitArray>)const::{lambda(auto:1&,netgen::ElementIndex)#1}const&,std::optional<unsigned long>)::{lambda(auto:1)#1}>(ngcore::T_Range<netgen::ElementIndex>,ngcore::Table,int,ngcore::TotalCosts)::{lambda(ngcore::TaskInfo&)#1}"	"0 0.230008221284954 1"
5	a23	a7	"ngcore::ParallelForRange<netgen::ElementIndex,ngcore::CreateTable<netgen::ElementIndex,netgen::PointIndex,ngcore::T_Range<netgen::ElementIndex>,netgen::Mesh::CreatePoint2ElementTable(std::optional<ngcore::BitArray>)const::{lambda(auto:1&,netgen::ElementIndex)#1}>(ngcore::T_Range<netgen::ElementIndex>const&,netgen::Mesh::CreatePoint2ElementTable(std::optional<ngcore::BitArray>)const::{lambda(auto:1&,netgen::ElementIndex)#1}const&,std::optional<unsigned long>)::{lambda(auto:1)#1}>(ngcore::T_Range<netgen::ElementIndex>,ngcore::Table,int,ngcore::TotalCosts)::{lambda(ngcore::TaskInfo&)#1}"	"0 0.230008221284954 1"
5	a24	a6	"ngcore::TablePrefixSum2<unsigned int>(ngcore::FlatArray<unsigned int,unsigned long>)::{lambda(ngcore::TaskInfo)#1}"	"0 0.312895337658212 1"
5	a25	a7	"ngcore::TablePrefixSum2<unsigned int>(ngcore::FlatArray<unsigned int,unsigned long>)::{lambda(ngcore::TaskInfo)#1}"	"0 0.312895337658212 1"
5	a26	a6	"ngcore::TablePrefixSum2<unsigned int>(ngcore::FlatArray<unsigned int,unsigned long>)::{lambda(ngcore::TaskInfo)#2}"	"0 1 0.887517304832004"
5	a27	a7	"ngcore::TablePrefixSum2<unsigned int>(ngcore::FlatArray<unsigned int,unsigned long>)::{lambda(ngcore::TaskInfo)#2}"	"0 1 0.887517304832004"
5	a28	a6	"ngcore::ParallelForRange<netgen::PointIndex,ngcore::CreateSortedTable<netgen::ElementIndex,netgen::PointIndex,ngcore::T_Range<netgen::ElementIndex>,netgen::Mesh::CreatePoint2ElementTable(std::optional<ngcore::BitArray>)const::{lambda(auto:1&,netgen::ElementIndex)#1}>(ngcore::T_Range<netgen::ElementIndex>const&,netgen::Mesh::CreatePoint2ElementTable(std::optional<ngcore::BitArray>)const::{lambda(auto:1&,netgen::ElementIndex)#1}const&,std::optional<unsigned long>)::{lambda(auto:1)#1}>(ngcore::T_Range<netgen::PointIndex>,ngcore::Table,int,ngcore::TotalCosts)::{lambda(ngcore::TaskInfo&)#1}"	"0 0.170427812303051 1"
5	a29	a7	"ngcore::ParallelForRange<netgen::PointIndex,ngcore::CreateSortedTable<netgen::ElementIndex,netgen::PointIndex,ngcore::T_Range<netgen::ElementIndex>,netgen::Mesh::CreatePoint2ElementTable(std::optional<ngcore::BitArray>)const::{lambda(auto:1&,netgen::ElementIndex)#1}>(ngcore::T_Range<netgen::ElementIndex>const&,netgen::Mesh::CreatePoint2ElementTable(std::optional<ngcore::BitArray>)const::{lambda(auto:1&,netgen::ElementIndex)#1}const&,std::optional<unsigned long>)::{lambda(auto:1)#1}>(ngcore::T_Range<netgen::PointIndex>,ngcore::Table,int,ngcore::TotalCosts)::{lambda(ngcore::TaskInfo&)#1}"	"0 0.170427812303051 1"
5	a30	a6	"ngcore::ParallelFor<unsigned long,netgen::BuildEdgeList<netgen::ElementIndex>(netgen::Mesh const&,ngcore::Table<netgen::ElementIndex,netgen::PointIndex>const&,ngcore::Array<std::tuple<netgen::PointIndex,netgen::PointIndex>,unsigned long>&)::{lambda(int)#1}>(ngcore::T_Range<unsigned long>,netgen::BuildEdgeList<netgen::ElementIndex>(netgen::Mesh const&,ngcore::Table<netgen::ElementIndex,netgen::PointIndex>const&,ngcore::Array<std::tuple<netgen::PointIndex,netgen::PointIndex>,unsigned long>&)::{lambda(int)#1},int,ngcore::TotalCosts)::{lambda(ngcore::TaskInfo&)#1}"	"1 0.872005992306398 0"
5	a31	a7	"ngcore::ParallelFor<unsigned long,netgen::BuildEdgeList<netgen::ElementIndex>(netgen::Mesh const&,ngcore::Table<netgen::ElementIndex,netgen::PointIndex>const&,ngcore::Array<std::tuple<netgen::PointIndex,netgen::PointIndex>,unsigned long>&)::{lambda(int)#1}>(ngcore::T_Range<unsigned long>,netgen::BuildEdgeList<netgen::ElementIndex>(netgen::Mesh const&,ngcore::Table<netgen::ElementIndex,netgen::PointIndex>const&,ngcore::Array<std::tuple<netgen::PointIndex,netgen::PointIndex>,unsigned long>&)::{lambda(int)#1},int,ngcore::TotalCosts)::{lambda(ngcore::TaskInfo&)#1}"	"1 0.872005992306398 0"
5	a32	a6	"ngcore::ParallelForRange<unsigned long,netgen::MeshOptimize3d::SwapImprove(netgen::Mesh&,netgen::OPTIMIZEGOAL,netgen::NgBitArray const*)::{lambda(auto:1)#2}>(ngcore::T_Range<unsigned long>,netgen::MeshOptimize3d::SwapImprove(netgen::Mesh&,netgen::OPTIMIZEGOAL,netgen::NgBitArray const*)::{lambda(auto:1)#2},int,ngcore::TotalCosts)::{lambda(ngcore::TaskInfo&)#1}"	"1 0.408375991137786 0"
5	a33	a7	"ngcore::ParallelForRange<unsigned long,netgen::MeshOptimize3d::SwapImprove(netgen::Mesh&,netgen::OPTIMIZEGOAL,netgen::NgBitArray const*)::{lambda(auto:1)#2}>(ngcore::T_Range<unsigned long>,netgen::MeshOptimize3d::SwapImprove(netgen::Mesh&,netgen::OPTIMIZEGOAL,netgen::NgBitArray const*)::{lambda(auto:1)#2},int,ngcore::TotalCosts)::{lambda(ngcore::TaskInfo&)#1}"	"1 0.408375991137786 0"
5	a34	a6	"ngcore::ParallelForRange<netgen::ElementIndex,netgen::Mesh::Compress()::{lambda(auto:1)#1}>(ngcore::T_Range<netgen::ElementIndex>,netgen::Mesh::Compress()::{lambda(auto:1)#1},int,ngcore::TotalCosts)::{lambda(ngcore::TaskInfo&)#1}"	"1 0.0611641584106637 0"
5	a35	a7	"ngcore::ParallelForRange<netgen::ElementIndex,netgen::Mesh::Compress()::{lambda(auto:1)#1}>(ngcore::T_Range<netgen::ElementIndex>,netgen::Mesh::Compress()::{lambda(auto:1)#1},int,ngcore::TotalCosts)::{lambda(ngcore::TaskInfo&)#1}"	"1 0.0611641584106637 0"
5	a36	a6	"ngcore::ParallelForRange<netgen::SurfaceElementIndex,netgen::Mesh::Compress()::{lambda(auto:1)#2}>(ngcore::T_Range<netgen::SurfaceElementIndex>,netgen::Mesh::Compress()::{lambda(auto:1)#2},int,ngcore::TotalCosts)::{lambda(ngcore::TaskInfo&)#1}"	"1 0 -2.77631980257023"
5	a37	a7	"ngcore::ParallelForRange<netgen::SurfaceElementIndex,netgen::Mesh::Compress()::{lambda(auto:1)#2}>(ngcore::T_Range<netgen::SurfaceElementIndex>,netgen::Mesh::Compress()::{lambda(auto:1)#2},int,ngcore::TotalCosts)::{lambda(ngcore::TaskInfo&)#1}"	"1 0 -2.77631980257023"
5	a38	a6	"ngcore::ParallelForRange<netgen::ElementIndex,netgen::Mesh::Compress()::{lambda(auto:1)#3}>(ngcore::T_Range<netgen::ElementIndex>,netgen::Mesh::Compress()::{lambda(auto:1)#3},int,ngcore::TotalCosts)::{lambda(ngcore::TaskInfo&)#1}"	"0.688034037288286 1 0"
5	a39	a7	"ngcore::ParallelForRange<netgen::ElementIndex,netgen::Mesh::Compress()::{lambda(auto:1)#3}>(ngcore::T_Range<netgen::ElementIndex>,netgen::Mesh::Compress()::{lambda(auto:1)#3},int,ngcore::TotalCosts)::{lambda(ngcore::TaskInfo&)#1}"	"0.688034037288286 1 0"
5	a40	a6	"ngcore::ParallelForRange<netgen::SurfaceElementIndex,netgen::Mesh::Compress()::{lambda(auto:1)#4}>(ngcore::T_Range<netgen::SurfaceElementIndex>,netgen::Mesh::Compress()::{lambda(auto:1)#4},int,ngcore::TotalCosts)::{lambda(ngcore::TaskInfo&)#1}"	"0 0.666479625428673 1"
5	a41	a7	"ngcore::ParallelForRange<netgen::SurfaceElementIndex,netgen::Mesh::Compress()::{lambda(auto:1)#4}>(ngcore::T_Range<netgen::SurfaceElementIndex>,netgen::Mesh::Compress()::{lambda(auto:1)#4},int,ngcore::TotalCosts)::{lambda(ngcore::TaskInfo&)#1}"	"0 0.666479625428673 1"
5	a42	a8	"Build edges"	"0 0.0614795051658243 1"
5	a43	a8	"CreateTable"	"0.608616351291681 0 1"
5	a44	a8	"CreateSortedTable"	"0 0.0381698166109086 1"
5	a45	a8	"MeshOptimize3d::SwapImprove loop"	"0.154668690207104 1 0"
5	a46	a8	"MeshOptimize3d::SwapImprove"	"1 0 -2.43968480148811"
5	a47	a8	"FreeOpenElementsEnvironment"	"0.907015785320433 0 1"
5	a48	a8	"Mesh::BuildBoundaryEdges"	"1 0 -2.61861416630415"
5	a49	a8	"Mesh::LinkSurfaceElements"	"0 1 0.171518596860468"
5	a50	a8	"Mesh::Compress"	"1 0.648677515017027 0"
5	a51	a8	"Mesh::CalcSurfacesOfNode, pointloop"	"0 0.319536079261344 1"
5	a52	a8	"Mesh::CalcSurfacesOfNode - surfelementht"	"0.690162641156969 0 1"
5	a53	a8	"Mesh::CalcSurfacesOfNode - surf on node"	"0.000515674241007069 1 0"
5	a54	a8	"Mesh::CalcSurfacesOfNode"	"1 0 -2.35340285344361"
6	0	a55	a3	a9	"Timer level 0"
6	0	a56	a3	a9	"Timer level 1"
6	0	a57	a3	a9	"Timer level 2"
6	0	a58	a3	a9	"Timer level 3"
4	a59	a2	a3	a3	"links"
8	0	a12	a11	0
12	0.158980523121665	a6	a10	a18	0
12	0.159024884998363	a7	a14	a19	0
13	0.159133084697627	a7	a14
12	0.15915039664951	a7	a14	a19	1
13	0.159156347632969	a7	a14
12	0.159180151566807	a7	a14	a19	2
13	0.159185561551771	a7	a14
12	0.159205037497638	a7	a14	a19	3
13	0.159210447482601	a7	a14
13	0.159512865642045	a6	a10
12	0.163372348914807	a8	a55	a47	0
13	0.316115429873127	a8	a55
12	0.31740192429738	a8	a55	a46	0
12	0.317871510992188	a8	a56	a48	0
13	0.317942922793702	a8	a56
12	0.320781541903904	a6	a10	a20	0
12	0.321157535858848	a7	a14	a21	0
12	0.321732617260438	a7	a16	a21	1
12	0.321816742526616	a7	a15	a21	2
12	0.321854612421359	a7	a17	a21	3
13	0.326468788596489	a7	a17
13	0.326820978617595	a7	a15
13	0.327013303583037	a7	a14
13	0.342023847861987	a7	a16
13	0.342143949528171	a6	a10
12	0.343892456668283	a8	a56	a44	0
12	0.344041231254772	a8	a57	a43	0
12	0.345602011916661	a6	a10	a22	0
12	0.345713457606903	a7	a14	a23	0
12	0.346066729625002	a7	a16	a23	1
12	0.346229299673146	a7	a17	a23	2
13	0.348244248572698	a7	a14
12	0.34833946430805	a7	a14	a23	3
13	0.349093075213427	a7	a16
12	0.34917206099389	a7	a16	a23	4
13	0.349703592016526	a7	a17
12	0.349765265845107	a7	a17	a23	5
13	0.350765301565558	a7	a14
12	0.350836172368576	a7	a14	a23	6
13	0.352728044110214	a7	a16
12	0.352789176940299	a7	a16	a23	7
13	0.352858695247076	a7	a17
12	0.35293173004408	a7	a17	a23	8
13	0.353422145180996	a7	a14
12	0.353486524002058	a7	a14	a23	9
13	0.35523665413766	a7	a16
12	0.355303196952707	a7	a16	a23	10
13	0.356037061412968	a7	a17
12	0.356123080173883	a7	a17	a23	11
13	0.356193680477653	a7	a14
12	0.356284027226539	a7	a14	a23	12
13	0.357733903196682	a7	a16
12	0.357824790944064	a7	a16	a23	13
13	0.358894074472044	a7	a17
12	0.358962240282581	a7	a17	a23	14
13	0.359125351329222	a7	a14
12	0.359164844219454	a7	a14	a23	15
13	0.360580096285832	a7	a16
13	0.361725660601794	a7	a17
13	0.362138712953736	a7	a14
13	0.362233387690592	a6	a10
12	0.363992714800631	a6	a10	a24	0
12	0.364065208599138	a7	a14	a25	0
12	0.364143382881857	a7	a17	a25	1
12	0.364261050054807	a7	a16	a25	2
13	0.364278903005185	a7	a14
12	0.364328674866847	a7	a14	a25	3
13	0.364444989543556	a7	a14
13	0.364647052481933	a7	a17
13	0.364692766854872	a7	a16
13	0.364919986223327	a6	a10
12	0.365239716334653	a6	a10	a26	0
12	0.365300308166241	a7	a14	a27	0
12	0.365439615279044	a7	a17	a27	1
13	0.365581086385832	a7	a14
12	0.365729319973825	a7	a14	a27	2
12	0.365806682758799	a7	a16	a27	3
13	0.365831298190381	a7	a17
13	0.365947883366339	a7	a14
13	0.366186463703217	a7	a16
13	0.366308188364889	a6	a10
12	0.367025011372516	a6	a10	a22	0
12	0.36708181621463	a7	a14	a23	0
12	0.367383152377081	a7	a16	a23	1
12	0.367536525450788	a7	a17	a23	2
13	0.370030258019585	a7	a16
12	0.370089226855684	a7	a16	a23	3
13	0.370441146377541	a7	a17
12	0.370517427165523	a7	a17	a23	4
13	0.372799088323761	a7	a16
12	0.372865090140312	a7	a16	a23	5
13	0.373363079256176	a7	a17
12	0.373443688032128	a7	a17	a23	6
13	0.375094003945159	a7	a16
12	0.375167579740658	a7	a16	a23	7
13	0.376128663569374	a7	a17
12	0.376202239364874	a7	a17	a23	8
13	0.37796345996965	a7	a16
12	0.378027838790713	a7	a16	a23	9
13	0.378703816411867	a7	a17
12	0.378788212177293	a7	a17	a23	10
13	0.38062733656554	a7	a16
12	0.380698207368558	a7	a16	a23	11
13	0.381454793765664	a7	a17
12	0.381526746565675	a7	a17	a23	12
13	0.383308525113312	a7	a16
12	0.383381559910315	a7	a16	a23	13
13	0.384180885188631	a7	a17
12	0.38425013299616	a7	a17	a23	14
13	0.385868529997907	a7	a16
12	0.38595346676183	a7	a16	a23	15
13	0.386939977519873	a7	a17
13	0.388316007195268	a7	a16
13	0.401685432535626	a7	a14
13	0.402056557504103	a6	a10
13	0.404261667375111	a8	a57
12	0.404795091892485	a6	a10	a28	0
12	0.404862716704525	a7	a14	a29	0
12	0.405031508235377	a7	a17	a29	1
12	0.405346639859485	a7	a16	a29	2
13	0.405372878286556	a7	a14
12	0.405429142130174	a7	a14	a29	3
13	0.405536259832446	a7	a17
12	0.405608753630953	a7	a17	a29	4
13	0.40562822957682	a7	a14
12	0.405674755447504	a7	a14	a29	5
13	0.405759962710675	a7	a16
13	0.405760774208419	a7	a17
12	0.405781602650528	a7	a16	a29	6
13	0.405818120049029	a7	a14
12	0.40585923593475	a7	a17	a29	7
12	0.405873301895654	a7	a14	a29	8
13	0.40596067315281	a7	a16
13	0.406005846527253	a7	a17
12	0.406020182987406	a7	a16	a29	9
13	0.406074553336286	a7	a14
12	0.406101603261102	a7	a17	a29	10
12	0.406118374214488	a7	a14	a29	11
13	0.406271476788947	a7	a17
13	0.406304207197975	a7	a16
12	0.406331527622039	a7	a17	a29	12
12	0.406366422025052	a7	a16	a29	13
13	0.406421333372428	a7	a14
13	0.406476515219053	a7	a17
12	0.406479761210031	a7	a14	a29	14
13	0.406540623540867	a7	a16
12	0.406570648957413	a7	a17	a29	15
13	0.406626371802534	a7	a14
13	0.406738899489769	a7	a17
13	0.407083515531927	a6	a10
13	0.407104614473283	a8	a56
12	0.411518621204774	a8	a56	a42	0
12	0.412491877499658	a6	a10	a30	0
12	0.412562748302676	a7	a14	a31	0
12	0.412605216684637	a7	a16	a31	1
12	0.412966874179428	a7	a17	a31	2
13	0.413205995514803	a7	a14
13	0.413223577965933	a7	a16
12	0.413263882353909	a7	a14	a31	3
12	0.413274431824587	a7	a16	a31	4
13	0.413470002781008	a7	a17
12	0.413543578576508	a7	a17	a31	5
13	0.413596866928395	a7	a16
13	0.413605793403585	a7	a14
12	0.413665844236676	a7	a14	a31	6
12	0.41367855770134	a7	a16	a31	7
13	0.413875210654753	a7	a17
12	0.413956901427698	a7	a17	a31	8
13	0.413975295376573	a7	a14
13	0.413978270868302	a7	a16
12	0.414053740158539	a7	a14	a31	9
12	0.414065912624706	a7	a16	a31	10
13	0.414260401584134	a7	a17
12	0.414341010360086	a7	a17	a31	11
13	0.414341551358583	a7	a14
13	0.414370494778136	a7	a16
12	0.4143978152022	a7	a14	a31	12
12	0.414408364672878	a7	a16	a31	13
13	0.414647756507501	a7	a17
13	0.414694823376681	a7	a14
13	0.414706454844352	a7	a16
12	0.414713758324052	a7	a17	a31	14
12	0.414734857265409	a7	a14	a31	15
13	0.415012389494022	a7	a17
13	0.415051882384253	a7	a14
13	0.415278019755716	a6	a10
13	0.416341081800989	a8	a56
12	0.416708960778488	a8	a56	a45	0
12	0.416942131130402	a6	a10	a32	0
12	0.417004345957479	a7	a14	a33	0
12	0.41726456623421	a7	a17	a33	1
12	0.417351937491366	a7	a16	a33	2
13	0.417361945963548	a7	a14
12	0.417404143846261	a7	a14	a33	3
13	0.417430111774085	a7	a14
13	0.417444718733486	a7	a17
12	0.417449046721456	a7	a14	a33	4
13	0.417452563211682	a7	a16
13	0.417470145662813	a7	a14
12	0.417520729022219	a7	a16	a33	5
12	0.417537229476357	a7	a17	a33	6
13	0.417545073954553	a7	a16
12	0.417548049446283	a7	a14	a33	7
13	0.41758375534704	a7	a17
12	0.417585107843281	a7	a16	a33	8
13	0.417592411322981	a7	a14
13	0.417630010718476	a7	a16
12	0.417670856104948	a7	a17	a33	9
12	0.417689250053823	a7	a14	a33	10
12	0.41769709453202	a7	a16	a33	11
13	0.417708185001194	a7	a17
13	0.417710889993676	a7	a14
13	0.417721439464354	a7	a16
12	0.417802859738051	a7	a14	a33	12
12	0.417826663671889	a7	a17	a33	13
13	0.417839647635801	a7	a14
12	0.417850738104975	a7	a16	a33	14
13	0.41785154960272	a7	a17
13	0.417897263975659	a7	a16
12	0.417922420405738	a7	a14	a33	15
13	0.417941896351605	a7	a14
13	0.418091752935087	a6	a10
13	0.418554306649442	a8	a56
12	0.424076278301401	a8	a56	a50	0
12	0.593788047596108	a6	a10	a34	0
12	0.593872443361535	a7	a14	a35	0
12	0.59407910478713	a7	a17	a35	1
12	0.594111564696909	a7	a15	a35	2
12	0.594177837012708	a7	a16	a35	3
13	0.635971052850576	a7	a16
13	0.64592407268666	a7	a14
13	0.648503553517123	a7	a15
13	0.648912007381846	a7	a17
13	0.649185211622489	a6	a10
12	0.649632076380451	a6	a10	a36	0
12	0.649708898166928	a7	a14	a37	0
12	0.649728644612044	a7	a16	a37	1
12	0.649900411634626	a7	a17	a37	2
12	0.65010436806774	a7	a15	a37	3
13	0.665087321423377	a7	a15
13	0.668306262476493	a7	a17
13	0.669136695168348	a7	a14
13	0.670690172350536	a7	a16
13	0.670756985664832	a6	a10
12	0.695539585782847	a6	a10	a38	0
12	0.695689983364824	a7	a14	a39	0
12	0.696252621800999	a7	a17	a39	1
12	0.696311861136346	a7	a16	a39	2
12	0.696335394570936	a7	a15	a39	3
13	0.70443360106238	a7	a17
13	0.705659503655046	a7	a15
13	0.710000746088782	a7	a16
13	0.735143921704595	a7	a14
13	0.735403059984333	a6	a10
12	0.736038733217511	a6	a10	a40	0
12	0.736130702961886	a7	a14	a41	0
12	0.736598937160453	a7	a16	a41	1
12	0.736605158643161	a7	a15	a41	2
12	0.736666832471741	a7	a17	a41	3
13	0.74069294328137	a7	a14
13	0.741146570520536	a7	a16
13	0.746773766380029	a7	a17
13	0.748744082903634	a7	a15
13	0.787240994903411	a6	a10
12	0.789857263631624	a8	a57	a49	0
13	0.807986664241871	a8	a57
12	0.808766784073567	a8	a57	a54	0
12	0.832704344540326	a8	a58	a53	0
13	0.900301024658768	a8	a58
12	0.900506063088874	a8	a58	a52	0
13	0.946127925285212	a8	a58
12	0.946158221201006	a8	a58	a51	0
13	0.96485134224442	a8	a58
13	0.979975496207598	a8	a57
13	0.981364780346153	a8	a56
13	0.983238258138916	a8	a55
12	0.986815340196597	a8	a55	a46	0
12	0.987047428551519	a8	a56	a48	0
13	1.13833982204195	a8	a56
12	1.14020788984975	a6	a10	a20	0
12	1.14033610649338	a7	a14	a21	0
12	1.1406574596002	a7	a15	a21	1
12	1.14090523691151	a7	a17	a21	2
12	1.14093255733557	a7	a16	a21	3
13	1.15053987913251	a7	a14
13	1.15219317053727	a7	a15
13	1.1540928867571	a7	a16
13	1.15441937934963	a7	a17
13	1.1547190925166	a6	a10
12	1.15596447105513	a8	a56	a44	0
12	1.15601857090476	a8	a57	a43	0
12	1.15702212311544	a6	a10	a22	0
12	1.15724717848991	a7	a14	a23	0
12	1.15732102478466	a7	a16	a23	1
12	1.15755987562078	a7	a15	a23	2
12	1.15774056911855	a7	a17	a23	3
13	1.16190192955226	a7	a15
12	1.16196847236731	a7	a15	a23	4
13	1.1620504336395	a7	a16
13	1.16211129597034	a7	a14
12	1.16211589445756	a7	a16	a23	5
12	1.1621459198741	a7	a14	a23	6
13	1.16232120338691	a7	a17
12	1.16240343515835	a7	a17	a23	7
13	1.16524205426856	a7	a15
12	1.16531454806706	a7	a15	a23	8
13	1.16736736686136	a7	a16
12	1.16743661466889	a7	a16	a23	9
13	1.1681775121096	a7	a17
12	1.16824621891863	a7	a17	a23	10
13	1.16827056385097	a7	a14
12	1.16831222073518	a7	a14	a23	11
13	1.16978590063916	a7	a15
12	1.16985731244068	a7	a15	a23	12
13	1.17284443563812	a7	a16
13	1.17290205197798	a7	a17
12	1.17292288042009	a7	a16	a23	13
13	1.17293883987573	a7	a14
12	1.17301133367424	a7	a17	a23	14
12	1.17302161264567	a7	a14	a23	15
13	1.17340734457354	a7	a15
13	1.17673232133194	a7	a17
13	1.17755545054409	a7	a16
13	1.17822277218931	a7	a14
13	1.17828877400586	a6	a10
12	1.18019308871291	a6	a10	a24	0
12	1.18028018947082	a7	a14	a25	0
12	1.18061182154906	a7	a17	a25	1
13	1.18061723153403	a7	a14
12	1.18067511837313	a7	a14	a25	2
12	1.18069865180772	a7	a16	a25	3
13	1.18075735014457	a7	a14
13	1.18081090899571	a7	a17
13	1.18099133199423	a7	a16
13	1.18119988691457	a6	a10
12	1.18159968480335	a6	a10	a26	0
12	1.18165648964546	a7	a14	a27	0
12	1.18171356498682	a7	a16	a27	1
13	1.18195187482445	a7	a14
12	1.1820335655974	a7	a15	a27	2
12	1.18204600856281	a7	a14	a27	3
13	1.18214960977486	a7	a16
13	1.18228675289368	a7	a14
13	1.18253885819296	a7	a15
13	1.1827238796787	a6	a10
12	1.18374366184427	a6	a10	a22	0
12	1.18379938468939	a7	a14	a23	0
12	1.18385213204278	a7	a16	a23	1
12	1.18392273234655	a7	a15	a23	2
12	1.18399035715859	a7	a17	a23	3
13	1.1861960080281	a7	a15
12	1.18626525583563	a7	a15	a23	4
13	1.18661960985072	a7	a17
12	1.18668777566126	a7	a17	a23	5
13	1.1867334900342	a7	a16
12	1.18680760682819	a7	a16	a23	6
13	1.18683438625376	a7	a14
12	1.18686360017256	a7	a14	a23	7
13	1.18848930065401	a7	a15
12	1.18856233545101	a7	a15	a23	8
13	1.18965001292787	a7	a16
12	1.18972575271735	a7	a16	a23	9
13	1.1897411711745	a7	a14
12	1.18976227011585	a7	a14	a23	10
13	1.18977417208277	a7	a17
12	1.18984882987527	a7	a17	a23	11
13	1.19217782840193	a7	a15
12	1.19224004322901	a7	a15	a23	12
13	1.19253055942153	a7	a17
12	1.19263226713884	a7	a17	a23	13
13	1.19319436457652	a7	a14
12	1.19325874339758	a7	a14	a23	14
13	1.19328335882917	a7	a16
12	1.19330824476	a7	a16	a23	15
13	1.19442459515716	a7	a15
13	1.19541191741294	a7	a17
13	1.19610574798448	a7	a16
13	1.19639328868527	a7	a14
13	1.19644684753641	a6	a10
13	1.19689100730189	a8	a57
12	1.1969624191034	a6	a10	a28	0
12	1.19703004391544	a7	a14	a29	0
12	1.19711552167786	a7	a15	a29	1
12	1.19727782122676	a7	a17	a29	2
12	1.19741983333204	a7	a16	a29	3
13	1.19742118582828	a7	a14
12	1.19746717070047	a7	a14	a29	4
13	1.19753154952153	a7	a15
13	1.1975953873441	a7	a17
12	1.19760566631553	a7	a15	a29	5
13	1.19763136374411	a7	a16
13	1.19764407720877	a7	a14
12	1.19766409415313	a7	a17	a29	6
12	1.19771657100728	a7	a14	a29	7
12	1.19773198946442	a7	a16	a29	8
13	1.19776363787646	a7	a15
12	1.19783288568399	a7	a15	a29	9
13	1.19787129657722	a7	a14
13	1.19793459340129	a7	a17
13	1.19793486390054	a7	a16
12	1.19793729839378	a7	a14	a29	10
13	1.19798166027047	a7	a15
12	1.19800573470356	a7	a16	a29	11
12	1.19804387509755	a7	a17	a29	12
12	1.19805469506748	a7	a15	a29	13
13	1.1980812039938	a7	a14
12	1.19815640278479	a7	a14	a29	14
13	1.19817236224043	a7	a16
12	1.19820752714269	a7	a16	a29	15
13	1.19822943758179	a7	a17
13	1.19823592956375	a7	a15
13	1.19831112835473	a7	a14
13	1.19835576073068	a7	a16
13	1.1984929038495	a6	a10
13	1.19853401973522	a8	a56
12	1.20094470903483	a8	a56	a42	0
12	1.20133909693865	a6	a10	a30	0
12	1.20140293476121	a7	a14	a31	0
12	1.20160472720034	a7	a15	a31	1
12	1.20179001918533	a7	a16	a31	2
12	1.20181517561541	a7	a17	a31	3
13	1.2021998255463	a7	a14
13	1.2022290394651	a7	a15
13	1.20223931843653	a7	a17
12	1.20228097532075	a7	a14	a31	4
12	1.20230423825609	a7	a17	a31	5
12	1.2023312881809	a7	a15	a31	6
13	1.20254038409973	a7	a16
12	1.20261017290576	a7	a16	a31	7
13	1.20261044340501	a7	a14
13	1.2026255913629	a7	a15
12	1.20268023221103	a7	a14	a31	8
12	1.20270079015389	a7	a15	a31	9
13	1.20275218501104	a7	a17
12	1.20282846579902	a7	a17	a31	10
13	1.20287201617798	a7	a16
12	1.20294883796445	a7	a16	a31	11
13	1.20296317442461	a7	a15
13	1.20299238834341	a7	a14
12	1.20301997926672	a7	a15	a31	12
12	1.20308652208177	a7	a14	a31	13
13	1.20314494991937	a7	a17
13	1.20322691119156	a7	a16
12	1.20323042768179	a7	a17	a31	14
13	1.20330508547428	a7	a15
12	1.20332374992241	a7	a16	a31	15
13	1.20337866126978	a7	a14
13	1.20354637080364	a7	a17
13	1.20364618502621	a7	a16
13	1.20377683616308	a6	a10
13	1.20442387036468	a8	a56
12	1.20471384555871	a8	a56	a45	0
12	1.20485125917677	a6	a10	a32	0
12	1.20494431091814	a7	a14	a33	0
13	1.20527053301142	a7	a14
12	1.20529325494827	a7	a14	a33	1
13	1.20532517385955	a7	a14
12	1.20534843679489	a7	a14	a33	3
12	1.20534924829264	a7	a16	a33	2
13	1.20537169973023	a7	a14
13	1.20541741410317	a7	a16
12	1.20543932454227	a7	a14	a33	4
13	1.20546312847611	a7	a14
12	1.20546366947461	a7	a17	a33	5
12	1.20554400775131	a7	a16	a33	6
12	1.20556916418139	a7	a14	a33	7
13	1.20558566463553	a7	a16
13	1.20558755813027	a7	a17
13	1.20559296811523	a7	a14
12	1.20562272303253	a7	a15	a33	8
12	1.20565518294231	a7	a14	a33	9
12	1.20567438838892	a7	a16	a33	10
13	1.20567952787464	a7	a14
12	1.20568980684607	a7	a17	a33	11
13	1.20571279928216	a7	a16
12	1.20574769368518	a7	a14	a33	12
13	1.20575634966112	a7	a17
12	1.2057668991318	a7	a16	a33	13
13	1.205773661613	a7	a14
13	1.20580963801301	a7	a16
13	1.2058320894506	a7	a15
12	1.2058472374085	a7	a17	a33	14
12	1.20587320533632	a7	a14	a33	15
13	1.20591215722806	a7	a17
13	1.20591648521603	a7	a14
13	1.20613721260253	a6	a10
13	1.2064358437725	a8	a56
12	1.20775263411255	a8	a56	a50	0
12	1.23174483542743	a6	a10	a34	0
12	1.23186385509662	a7	a14	a35	0
12	1.23216708475381	a7	a16	a35	1
12	1.2323383107779	a7	a17	a35	2
12	1.23243082152077	a7	a15	a35	3
13	1.27542965250769	a7	a16
13	1.27942357390679	a7	a17
13	1.28128569073113	a7	a15
13	1.3208429597837	a7	a14
13	1.32152569988606	a6	a10
12	1.32538193716784	a6	a10	a36	0
12	1.32543766001296	a7	a14	a37	0
12	1.32561646001599	a7	a16	a37	1
12	1.32567407635585	a7	a15	a37	2
12	1.3260646772702	a7	a17	a37	3
13	1.3306674924769	a7	a15
13	1.33186932063648	a7	a16
13	1.33336653397505	a7	a17
13	1.33635879665821	a7	a14
13	1.33643778243867	a6	a10
12	1.44934741461205	a6	a10	a38	0
12	1.44941612142109	a7	a14	a39	0
12	1.44962548783916	a7	a15	a39	1
12	1.44991546303319	a7	a17	a39	2
13	1.45961232008127	a7	a14
12	1.45964153400007	a7	a14	a39	3
13	1.46084687864987	a7	a15
13	1.46123152858076	a7	a17
13	1.47386276147289	a7	a14
13	1.47396230519621	a6	a10
12	1.47441403894064	a6	a10	a40	0
12	1.47466722623692	a7	a14	a41	0
12	1.47471970309106	a7	a15	a41	1
12	1.47475649098881	a7	a17	a41	2
13	1.48101638458975	a7	a14
12	1.48108455040029	a7	a14	a41	3
13	1.48224715616888	a7	a17
13	1.48314413167579	a7	a15
13	1.54460642984443	a7	a14
13	1.54467405465647	a6	a10
12	1.54883649708717	a8	a57	a49	0
13	1.58047517114908	a8	a57
12	1.58201755786209	a8	a57	a54	0
12	1.60588370652734	a8	a58	a53	0
13	1.67702500879368	a8	a58
12	1.67708289563279	a8	a58	a52	0
13	1.77813762775626	a8	a58
12	1.77826746739538	a8	a58	a51	0
13	1.83927316283313	a8	a58
13	1.8574425973321	a8	a57
13	1.85893467118496	a8	a56
13	1.86025416651749	a8	a55
12	1.87089019695518	a8	a55	a46	0
12	1.87125591193869	a8	a56	a48	0
13	2.01784215950962	a8	a56
12	2.01980273806029	a6	a10	a20	0
12	2.01990606877309	a7	a14	a21	0
12	2.0202420288393	a7	a17	a21	1
12	2.02043597680024	a7	a16	a21	2
12	2.02086580010556	a7	a15	a21	3
13	2.02920853791735	a7	a15
13	2.03004979057913	a7	a14
13	2.03214507775538	a7	a17
13	2.03403343300679	a7	a16
13	2.03431718671811	a6	a10
12	2.03580926057097	a8	a56	a44	0
12	2.03590339430933	a8	a57	a43	0
12	2.03749771687799	a6	a10	a22	0
12	2.03755830870958	a7	a14	a23	0
12	2.03785531688406	a7	a17	a23	1
12	2.03794214714272	a7	a16	a23	2
12	2.03801707543446	a7	a15	a23	3
13	2.04096443524242	a7	a15
12	2.04098823917626	a7	a15	a23	4
13	2.04124034447555	a7	a14
12	2.04130851028608	a7	a14	a23	5
13	2.04174455507412	a7	a17
12	2.04176619501397	a7	a17	a23	6
13	2.04208403163056	a7	a16
12	2.04217275538396	a7	a16	a23	7
13	2.04406381562785	a7	a15
12	2.04413144043989	a7	a15	a23	8
13	2.04472437479186	a7	a14
12	2.04479686859037	a7	a14	a23	9
13	2.04571521353787	a7	a16
12	2.04579095332736	a7	a16	a23	10
13	2.04581178176947	a7	a17
12	2.04588427556797	a7	a17	a23	11
13	2.0479541358149	a7	a15
12	2.0480136456495	a7	a15	a23	12
13	2.04904587078048	a7	a14
12	2.04912431556245	a7	a14	a23	13
13	2.04935721541511	a7	a16
12	2.04944269317753	a7	a16	a23	14
13	2.04962041118357	a7	a17
12	2.04969290498208	a7	a17	a23	15
13	2.05072513011306	a7	a15
13	2.05212252922906	a7	a14
13	2.05276442394495	a7	a16
13	2.05293078098257	a7	a17
13	2.05308063756605	a6	a10
12	2.05468253411366	a6	a10	a24	0
12	2.05474366694374	a7	a14	a25	0
12	2.05478099583999	a7	a17	a25	1
12	2.05494870537385	a7	a15	a25	2
12	2.05505879856785	a7	a16	a25	3
13	2.05541396408069	a7	a17
13	2.05542370205362	a7	a14
13	2.05542775954234	a7	a16
13	2.05552270477845	a7	a15
13	2.055735858186	a6	a10
12	2.05614972203568	a6	a10	a26	0
12	2.05621085486577	a7	a14	a27	0
12	2.05637288391542	a7	a16	a27	1
12	2.05638776137407	a7	a15	a27	2
13	2.05660848876057	a7	a14
13	2.05666096561471	a7	a15
12	2.05667178558464	a7	a14	a27	3
13	2.05679648573804	a7	a16
13	2.05713758528997	a7	a14
13	2.05720953808998	a6	a10
12	2.05821687729013	a6	a10	a22	0
12	2.05827422313074	a7	a14	a23	0
12	2.05865427457441	a7	a16	a23	1
12	2.05866590604208	a7	a15	a23	2
12	2.05876274477292	a7	a17	a23	3
13	2.06051720289649	a7	a15
12	2.06056643375966	a7	a15	a23	4
13	2.06120968097178	a7	a14
12	2.06132274965752	a7	a14	a23	5
13	2.06168657114629	a7	a16
13	2.06171226857487	a7	a17
12	2.06178070488465	a7	a16	a23	6
12	2.06179720533879	a7	a17	a23	7
13	2.0623993366652	a7	a15
12	2.06246479748325	a7	a15	a23	8
13	2.06411754788952	a7	a14
12	2.06421438662036	a7	a14	a23	9
13	2.06433070129707	a7	a15
12	2.06441726105648	a7	a15	a23	10
13	2.06454169071063	a7	a17
12	2.06460877452418	a7	a17	a23	11
13	2.06466152187757	a7	a16
12	2.0647307696851	a7	a16	a23	12
13	2.0664589893816	a7	a15
12	2.06652823718913	a7	a15	a23	13
13	2.06692803507791	a7	a14
12	2.06702270981476	a7	a14	a23	14
13	2.06729807804939	a7	a17
12	2.0673256689727	a7	a17	a23	15
13	2.0675244859201	a7	a16
13	2.06883397278045	a7	a15
13	2.06983049201068	a7	a14
13	2.07003012045582	a7	a17
13	2.07011235222726	a6	a10
13	2.07064848173711	a8	a57
12	2.07068635163186	a6	a10	a28	0
12	2.07074261547547	a7	a14	a29	0
12	2.07076966540029	a7	a17	a29	1
12	2.07112158492215	a7	a16	a29	2
12	2.07115810232065	a7	a15	a29	3
13	2.07121923515073	a7	a17
13	2.07124358008307	a7	a14
12	2.07128794195977	a7	a17	a29	4
12	2.0712971389342	a7	a14	a29	5
13	2.07148459491318	a7	a16
13	2.07150001337033	a7	a17
13	2.07151083334025	a7	a14
12	2.07154599824251	a7	a14	a29	6
12	2.07156736768312	a7	a16	a29	7
12	2.07161470505155	a7	a17	a29	8
13	2.0716801658696	a7	a14
12	2.07169747782148	a7	a14	a29	9
13	2.0717172242666	a7	a16
12	2.07179350505458	a7	a16	a29	10
13	2.07185003939745	a7	a14
13	2.07186681035083	a7	a17
12	2.07190468024557	a7	a17	a29	11
12	2.07191441821851	a7	a14	a29	12
13	2.07195742759897	a7	a16
12	2.07203911837191	a7	a16	a29	13
13	2.07205237283507	a7	a17
13	2.072063192805	a7	a14
12	2.07211945664861	a7	a14	a29	14
12	2.07211999764711	a7	a17	a29	15
13	2.07219708993284	a7	a16
13	2.0722682312351	a7	a14
13	2.07227796920804	a7	a17
13	2.07267776709682	a7	a15
13	2.07288334652542	a6	a10
13	2.07292392141264	a8	a56
12	2.07692244129896	a8	a56	a42	0
12	2.07718428457118	a6	a10	a30	0
12	2.07724433540427	a7	a14	a31	0
12	2.0775270071186	a7	a16	a31	1
12	2.07757542648402	a7	a15	a31	2
12	2.07760626339831	a7	a17	a31	3
13	2.0778724346585	a7	a14
12	2.07789191060437	a7	a14	a31	4
13	2.07803770969913	a7	a16
13	2.07804068519086	a7	a17
12	2.07811371998786	a7	a17	a31	5
12	2.07813238443598	a7	a16	a31	6
13	2.07814022891418	a7	a15
13	2.07818404979238	a7	a14
12	2.07823003466457	a7	a14	a31	7
12	2.07824788761495	a7	a15	a31	8
13	2.07841776114279	a7	a17
13	2.07842722861648	a7	a16
12	2.07848592695333	a7	a17	a31	9
12	2.07850459140145	a7	a16	a31	10
13	2.07853786280898	a7	a15
13	2.07855355176537	a7	a14
12	2.07861306159997	a7	a15	a31	11
12	2.07865688247817	a7	a14	a31	12
13	2.07875831969623	a7	a16
13	2.07880024707969	a7	a17
12	2.0788216165203	a7	a16	a31	13
12	2.078903036794	a7	a17	a31	14
13	2.07891439776242	a7	a15
13	2.07893928369325	a7	a14
12	2.07898472756694	a7	a14	a31	15
13	2.0791743475399	a7	a16
13	2.07921519292637	a7	a17
13	2.07929850669481	a7	a14
13	2.07937424648429	a6	a10
13	2.08029015693857	a8	a56
12	2.08036860172053	a8	a56	a45	0
12	2.08076948160631	a6	a10	a32	0
12	2.08082628644842	a7	a14	a33	0
12	2.08086632033715	a7	a17	a33	1
13	2.08090635422588	a7	a14
13	2.0809177151943	a7	a17
12	2.08092474817475	a7	a14	a33	2
13	2.08095720808453	a7	a14
12	2.08099778297175	a7	a17	a33	3
12	2.08100806194318	a7	a14	a33	4
13	2.08101563592213	a7	a17
13	2.0810345708695	a7	a14
12	2.08103484136875	a7	a16	a33	5
12	2.08108326073417	a7	a17	a33	6
12	2.08110165468305	a7	a14	a33	7
13	2.08112816360937	a7	a14
13	2.08113249159734	a7	a17
12	2.08113573758832	a7	a15	a33	8
12	2.08116332851163	a7	a17	a33	9
13	2.08116900899584	a7	a16
12	2.08117360748306	a7	a14	a33	10
13	2.0811817224605	a7	a17
13	2.08119849341389	a7	a14
12	2.08122987132668	a7	a14	a33	11
13	2.08124664228006	a7	a14
12	2.08126206073721	a7	a16	a33	12
12	2.08127315120638	a7	a17	a33	13
13	2.08129533214473	a7	a17
13	2.08129722563947	a7	a16
12	2.0813737769267	a7	a17	a33	14
13	2.08139541686655	a7	a17
12	2.08139785135978	a7	a16	a33	15
13	2.08142517178385	a7	a15
13	2.08143301626205	a7	a16
13	2.08164265317937	a6	a10
13	2.08193316937189	a8	a56
12	2.08436225262038	a8	a56	a50	0
12	2.10724107902984	a6	a10	a34	0
12	2.1073054578509	a7	a14	a35	0
12	2.10743935497874	a7	a16	a35	1
12	2.10746505240732	a7	a15	a35	2
12	2.10767063183592	a7	a17	a35	3
13	2.14867615386314	a7	a17
13	2.15639457941017	a7	a14
13	2.16020591381675	a7	a15
13	2.1617804899403	a7	a16
13	2.16200365182003	a6	a10
12	2.16214809841855	a6	a10	a36	0
12	2.16221355923661	a7	a14	a37	0
12	2.16257819222313	a7	a17	a37	1
12	2.16272507331488	a7	a16	a37	2
12	2.16273399979007	a7	a15	a37	3
13	2.16664974690645	a7	a14
13	2.16865522833231	a7	a17
13	2.16988978690092	a7	a15
13	2.17114625590863	a7	a16
13	2.17128123503346	a6	a10
12	2.18928728798654	a6	a10	a38	0
12	2.18935599479558	a7	a14	a39	0
12	2.18960106711441	a7	a17	a39	1
12	2.18968059389337	a7	a15	a39	2
12	2.18973496424225	a7	a16	a39	3
13	2.19750451414718	a7	a15
13	2.19759594289306	a7	a14
13	2.1979865438074	a7	a17
13	2.19823242762398	a7	a16
13	2.19837389873077	a6	a10
12	2.19879479556091	a6	a10	a40	0
12	2.198854846394	a7	a14	a41	0
12	2.19904473686621	a7	a15	a41	1
12	2.1990828772602	a7	a16	a41	2
12	2.19923516833691	a7	a17	a41	3
13	2.20272650213293	a7	a16
13	2.20279439744421	a7	a14
13	2.20351500744132	a7	a17
13	2.24470068196781	a7	a15
13	2.27393137172259	a6	a10
12	2.27618949944624	a8	a57	a49	0
13	2.2938752812895	a8	a57
12	2.29416146949405	a8	a57	a54	0
12	2.34111526998834	a8	a58	a53	0
13	2.40577973825671	a8	a58
12	2.40586683901462	a8	a58	a52	0
13	2.44127519059889	a8	a58
12	2.44132874945003	a8	a58	a51	0
13	2.45917953583467	a8	a58
13	2.47252650973743	a8	a57
13	2.47301070339164	a8	a56
13	2.4735457509045	a8	a55
12	2.47680147985537	a8	a55	a46	0
12	2.47698433734712	a8	a56	a48	0
13	2.66540221164916	a8	a56
12	2.67012350552656	a6	a10	a20	0
12	2.67116925561995	a7	a14	a21	0
12	2.67119414155078	a7	a17	a21	1
12	2.67149087922601	a7	a16	a21	2
12	2.6721473809013	a7	a15	a21	3
13	2.679177656361	a7	a17
13	2.67944220462571	a7	a14
13	2.68127267303801	a7	a16
13	2.68140927515833	a7	a15
13	2.68157049271024	a6	a10
12	2.68480295872576	a8	a56	a44	0
12	2.68491819140548	a8	a57	a43	0
12	2.68659853273505	a6	a10	a22	0
12	2.68684847404035	a7	a14	a23	0
12	2.68692367283134	a7	a17	a23	1
12	2.6872896583141	a7	a16	a23	2
12	2.6872969617938	a7	a15	a23	3
13	2.6901220559416	a7	a17
13	2.69015289285589	a7	a15
12	2.69021943567094	a7	a17	a23	4
12	2.69023241963485	a7	a15	a23	5
13	2.69034494732208	a7	a14
13	2.6904079736469	a7	a16
12	2.6904163591236	a7	a14	a23	6
12	2.6904826314394	a7	a16	a23	7
13	2.69307969472099	a7	a17
12	2.69315327051649	a7	a17	a23	8
13	2.69339401484735	a7	a15
13	2.69340023633006	a7	a16
13	2.69346596764736	a7	a14
12	2.69353115796617	a7	a16	a23	9
12	2.69357092135565	a7	a14	a23	10
12	2.69374566386996	a7	a15	a23	11
13	2.69609008085377	a7	a16
12	2.69616365664927	a7	a16	a23	12
13	2.69616555014401	a7	a17
12	2.6962548148959	a7	a17	a23	13
13	2.69654424909144	a7	a15
12	2.69661241490197	a7	a15	a23	14
13	2.69667787572003	a7	a14
12	2.69674495953357	a7	a14	a23	15
13	2.69917269028582	a7	a16
13	2.69954841374151	a7	a17
13	2.69957762766031	a7	a15
13	2.69996335958819	a7	a14
13	2.70025062978974	a6	a10
12	2.7021397965389	a6	a10	a24	0
12	2.70222311030733	a7	a14	a25	0
12	2.7024257142442	a7	a16	a25	1
13	2.70247088761864	a7	a14
12	2.70252769246076	a7	a14	a25	2
12	2.70256989034347	a7	a17	a25	3
13	2.70262047370288	a7	a16
13	2.70263156417205	a7	a14
13	2.70268187703221	a7	a17
13	2.70376712001583	a6	a10
12	2.70440333424751	a6	a10	a26	0
12	2.70446230308361	a7	a14	a27	0
12	2.70464570157386	a7	a15	a27	1
12	2.70470980989567	a7	a16	a27	2
12	2.70484370702351	a7	a17	a27	3
13	2.70494000475586	a7	a14
13	2.70499653909872	a7	a16
13	2.70522240597094	a7	a17
13	2.70526027586568	a7	a15
13	2.70544042836496	a6	a10
12	2.70635038783577	a6	a10	a22	0
12	2.70640232369142	a7	a14	a23	0
12	2.70653459782377	a7	a16	a23	1
12	2.70694819117421	a7	a17	a23	2
12	2.70696225713511	a7	a15	a23	3
13	2.70905808530986	a7	a15
12	2.70909000422114	a7	a15	a23	4
13	2.70936483145728	a7	a14
12	2.70944327623924	a7	a14	a23	5
13	2.709773285322	a7	a17
12	2.70979438426336	a7	a17	a23	6
13	2.71058613556272	a7	a16
12	2.71064943238679	a7	a16	a23	7
13	2.71083364237479	a7	a15
12	2.7112588671929	a7	a15	a23	8
13	2.71240848899758	a7	a14
12	2.71248476978556	a7	a14	a23	9
13	2.71287401820367	a7	a16
13	2.71290404362021	a7	a15
12	2.71297139793301	a7	a16	a23	10
12	2.71299060337963	a7	a15	a23	11
13	2.71303983424279	a7	a17
12	2.71310908205032	a7	a17	a23	12
13	2.7145243341167	a7	a15
12	2.71460061490468	a7	a15	a23	13
13	2.71528741249576	a7	a16
12	2.71535341431231	a7	a16	a23	14
13	2.71542239162059	a7	a14
12	2.71547757346722	a7	a14	a23	15
13	2.71586709238457	a7	a17
13	2.71623659435756	a7	a15
13	2.71859588880002	a7	a14
13	2.71908630393693	a7	a16
13	2.71941387852646	a6	a10
13	2.72037631485141	a8	a57
12	2.72042500471608	a6	a10	a28	0
12	2.72061489518829	a7	a14	a29	0
12	2.72067548701988	a7	a17	a29	1
13	2.7208789024545	a7	a14
12	2.72089675540488	a7	a14	a29	2
13	2.72090487038232	a7	a17
12	2.72092596932368	a7	a17	a29	3
12	2.72105743195828	a7	a15	a29	4
12	2.72108475238235	a7	a16	a29	5
13	2.72109259686054	a7	a14
13	2.72111044981092	a7	a17
12	2.72117050064401	a7	a17	a29	6
12	2.72117861562146	a7	a14	a29	7
13	2.72127004436734	a7	a15
13	2.72131143075231	a7	a16
13	2.72131873423201	a7	a17
13	2.7213344231884	a7	a14
12	2.72133875117637	a7	a15	a29	8
12	2.72138230155532	a7	a16	a29	9
12	2.72142044194932	a7	a17	a29	10
12	2.72143450791022	a7	a14	a29	11
13	2.7214377539012	a7	a15
12	2.72153783862302	a7	a15	a29	12
13	2.72153810912227	a7	a16
13	2.72159085647566	a7	a17
12	2.72160465193731	a7	a16	a29	13
13	2.72160762742904	a7	a14
13	2.72166118628018	a7	a15
12	2.72169256419297	a7	a17	a29	14
13	2.72174044255989	a7	a16
12	2.7217466640426	a7	a14	a29	15
13	2.72183105980802	a7	a17
13	2.72191275058097	a7	a14
13	2.72196847342609	a6	a10
13	2.72200039233737	a8	a56
12	2.72551471856948	a8	a56	a42	0
12	2.72603245413046	a6	a10	a30	0
12	2.72608384898761	a7	a14	a31	0
12	2.72646362993203	a7	a15	a31	1
12	2.72660699453355	a7	a17	a31	2
12	2.72663864294559	a7	a16	a31	3
13	2.72666812736364	a7	a14
12	2.7267173582268	a7	a14	a31	4
13	2.72688073977269	a7	a15
12	2.72694998758022	a7	a15	a31	5
13	2.72700787441933	a7	a17
13	2.727056564284	a7	a14
12	2.72707928622084	a7	a14	a31	6
12	2.72707928622084	a7	a17	a31	7
13	2.72712743508702	a7	a15
13	2.72717152646447	a7	a16
12	2.72722102782688	a7	a15	a31	8
12	2.72728026716223	a7	a16	a31	9
13	2.72738278637728	a7	a14
13	2.72739577034119	a7	a15
13	2.72740172132465	a7	a17
12	2.72745473917729	a7	a17	a31	10
12	2.72748070710511	a7	a15	a31	11
12	2.72750613403444	a7	a14	a31	12
13	2.72769440151116	a7	a15
13	2.72773659939387	a7	a17
12	2.72775012435628	a7	a15	a31	13
13	2.72782911013675	a7	a14
12	2.72783506112021	a7	a17	a31	14
13	2.72783965960742	a7	a16
12	2.72790701392022	a7	a14	a31	15
13	2.72797139274128	a7	a15
13	2.7281445122601	a7	a17
13	2.72821321906913	a7	a14
13	2.72824243298794	a6	a10
13	2.72891327112337	a8	a56
12	2.72898143693391	a8	a56	a45	0
12	2.72916591742116	a6	a10	a32	0
12	2.72926600214298	a7	a14	a33	0
13	2.72933849594148	a7	a14
12	2.72935526689487	a7	a14	a33	1
13	2.72938285781818	a7	a14
12	2.72940016977006	a7	a14	a33	2
13	2.72942072771292	a7	a14
12	2.72947320456707	a7	a14	a33	3
12	2.72948781152647	a7	a15	a33	4
13	2.72949430350842	a7	a14
13	2.72959384723175	a7	a15
12	2.7296739150092	a7	a15	a33	6
12	2.72968257098514	a7	a14	a33	5
13	2.72969880094003	a7	a15
12	2.7297115144047	a7	a16	a33	7
13	2.72972260487387	a7	a14
12	2.7297923936799	a7	a15	a33	8
12	2.72981186962577	a7	a17	a33	9
13	2.72981349262125	a7	a15
13	2.72984487053404	a7	a17
12	2.72986705147239	a7	a14	a33	10
13	2.72990843785736	a7	a16
13	2.72991628233556	a7	a14
12	2.72992818430248	a7	a17	a33	11
13	2.72994766024834	a7	a17
12	2.7299682181912	a7	a15	a33	12
13	2.72998769413707	a7	a15
12	2.72999635011301	a7	a14	a33	13
13	2.73006667991753	a7	a14
12	2.73007533589347	a7	a17	a33	15
13	2.73009751683182	a7	a17
12	2.73014701819424	a7	a16	a33	14
13	2.73019246206793	a7	a16
13	2.73033231017923	a6	a10
13	2.73063905632664	a8	a56
12	2.73457752537987	a8	a56	a50	0
12	2.7608581503342	a6	a10	a34	0
12	2.76093821811165	a7	a14	a35	0
12	2.76112459209364	a7	a16	a35	1
12	2.76118815941695	a7	a15	a35	2
12	2.76135965594029	a7	a17	a35	3
13	2.80439013533924	a7	a17
13	2.810309740886	a7	a14
13	2.81528638605366	a7	a15
13	2.81605108742822	a7	a16
13	2.81618011556959	a6	a10
12	2.81644466383429	a6	a10	a36	0
12	2.81655178153656	a7	a14	a37	0
12	2.81658045445687	a7	a17	a37	1
12	2.81673166353659	a7	a16	a37	2
12	2.81694616944038	a7	a15	a37	3
13	2.8201353555762	a7	a14
13	2.82029251563938	a7	a16
13	2.82052325149806	a7	a15
13	2.82069961700786	a7	a17
13	2.82081647268307	a6	a10
12	2.83712703634868	a6	a10	a38	0
12	2.83718492318779	a7	a14	a39	0
12	2.8374253970194	a7	a16	a39	1
12	2.83748301335926	a7	a15	a39	2
12	2.83770374074576	a7	a17	a39	3
13	2.84377022738427	a7	a16
13	2.84397499531512	a7	a15
13	2.8455671538898	a7	a14
13	2.84632833877412	a7	a17
13	2.84643166948692	a6	a10
12	2.84656259112303	a6	a10	a40	0
12	2.84662047796214	a7	a14	a41	0
12	2.84692992910203	a7	a15	a41	1
12	2.84704867827198	a7	a16	a41	2
12	2.84723667524945	a7	a17	a41	3
13	2.85094900693121	a7	a14
13	2.8510022952831	a7	a16
13	2.85141534763504	a7	a15
13	2.8522003364532	a7	a17
13	2.85232530710585	a6	a10
12	2.8537005252835	a8	a57	a49	0
13	2.87651659586739	a8	a57
12	2.87701972446897	a8	a57	a54	0
12	2.89018438187847	a8	a58	a53	0
13	2.95112028851019	a8	a58
12	2.95117276536434	a8	a58	a52	0
13	2.97876963966022	a8	a58
12	2.97882590350383	a8	a58	a51	0
13	2.99492655975287	a8	a58
13	3.00768871428111	a8	a57
13	3.00820266285261	a8	a56
13	3.00857703381207	a8	a55
12	3.00969203171299	a8	a55	a46	0
12	3.00994305501528	a8	a56	a48	0
13	3.15315184897367	a8	a56
12	3.16511494872284	a6	a10	a20	0
12	3.16517716354992	a7	a14	a21	0
12	3.16534433208528	a7	a15	a21	1
12	3.16543440833492	a7	a16	a21	2
12	3.16569814510188	a7	a17	a21	3
13	3.16861142200457	a7	a14
13	3.16894981656402	a7	a16
13	3.16984814456716	a7	a17
13	3.17000773912358	a7	a15
13	3.17015272672059	a6	a10
12	3.17154687984561	a8	a56	a44	0
12	3.17160043869675	a8	a57	a43	0
12	3.17272679756609	a6	a10	a22	0
12	3.17278738939768	a7	a14	a23	0
12	3.17309927503081	a7	a16	a23	1
12	3.17311307049247	a7	a17	a23	2
12	3.17317853131052	a7	a15	a23	3
13	3.17511449442961	a7	a16
13	3.17511584692585	a7	a15
12	3.17518590623112	a7	a16	a23	4
12	3.17519537370481	a7	a15	a23	5
13	3.17570283029436	a7	a14
12	3.17577802908535	a7	a14	a23	6
13	3.17598739550342	a7	a17
12	3.17600795344628	a7	a17	a23	7
13	3.17675290837572	a7	a15
12	3.17681566420129	a7	a15	a23	8
13	3.17698580822839	a7	a16
12	3.17706533500735	a7	a16	a23	9
13	3.17920741855353	a7	a15
12	3.17927342037008	a7	a15	a23	10
13	3.17932319223175	a7	a17
12	3.17938648905582	a7	a17	a23	11
13	3.179506590722	a7	a14
12	3.17954391961824	a7	a14	a23	12
13	3.18017012537774	a7	a16
12	3.18023937318527	a7	a16	a23	13
13	3.18139197048168	a7	a15
12	3.18145148031628	a7	a15	a23	14
13	3.18208417805772	a7	a16
12	3.18213990090285	a7	a16	a23	15
13	3.18237875173897	a7	a14
13	3.18270497383225	a7	a17
13	3.18331413813911	a7	a15
13	3.18402095267456	a7	a16
13	3.1841543088039	a6	a10
12	3.18481865495738	a6	a10	a24	0
12	3.18491819868071	a7	a14	a25	0
13	3.18502044739651	a7	a14
12	3.18503775934839	a7	a14	a25	1
13	3.18512702410029	a7	a14
12	3.18514433605217	a7	a14	a25	2
12	3.18519978839804	a7	a16	a25	3
13	3.18538426888529	a7	a16
13	3.18538508038303	a7	a14
13	3.18564638265676	a6	a10
12	3.18574700837707	a6	a10	a26	0
12	3.18596503077109	a7	a14	a27	0
12	3.18605483652148	a7	a17	a27	1
12	3.18615356874706	a7	a16	a27	2
12	3.18620631610045	a7	a15	a27	3
13	3.18624689098767	a7	a14
13	3.18625175997414	a7	a17
13	3.1863751076313	a7	a15
13	3.18639918206439	a7	a16
13	3.18659908100878	a6	a10
12	3.18745331763447	a6	a10	a22	0
12	3.18751823745403	a7	a14	a23	0
12	3.18791911733981	a7	a15	a23	1
12	3.18800026711425	a7	a17	a23	2
12	3.18804057150223	a7	a16	a23	3
13	3.18975012675061	a7	a16
13	3.18976175821828	a7	a15
12	3.18985075247092	a7	a16	a23	4
12	3.18986021994461	a7	a15	a23	5
13	3.19036280754769	a7	a14
12	3.19044287532515	a7	a14	a23	6
13	3.19083564023348	a7	a17
12	3.19086377215529	a7	a17	a23	7
13	3.19132064538543	a7	a16
13	3.1913317358546	a7	a15
12	3.19140287715687	a7	a16	a23	8
12	3.19143182057642	a7	a15	a23	9
13	3.19298908474809	a7	a16
12	3.19305995555111	a7	a16	a23	10
13	3.19317708172556	a7	a14
13	3.19319872166541	a7	a15
12	3.19324200154512	a7	a14	a23	11
12	3.19330042938272	a7	a15	a23	12
13	3.19363043846548	a7	a17
12	3.1937002272715	a7	a17	a23	13
13	3.19462452320247	a7	a16
12	3.19470891896789	a7	a16	a23	14
13	3.1950830194281	a7	a15
12	3.19513874227322	a7	a15	a23	15
13	3.19595456800568	a7	a14
13	3.19626104365384	a7	a16
13	3.19637167784634	a7	a17
13	3.19674280281482	a7	a15
13	3.19701167906749	a6	a10
13	3.1972897522946	a8	a57
12	3.19747747877282	a6	a10	a28	0
12	3.19754780857734	a7	a14	a29	0
12	3.19758946546156	a7	a17	a29	1
13	3.19778206092625	a7	a17
13	3.19778206092625	a7	a14
12	3.19785374322701	a7	a16	a29	2
12	3.19788160464958	a7	a14	a29	3
12	3.19792055654131	a7	a17	a29	4
12	3.19794760646613	a7	a15	a29	5
13	3.19807257711878	a7	a17
13	3.19807988059848	a7	a16
13	3.19809151206615	a7	a14
12	3.19816941584962	a7	a14	a29	6
13	3.19817103884511	a7	a15
12	3.19819511327819	a7	a16	a29	7
12	3.19821215473083	a7	a17	a29	8
12	3.19826409058647	a7	a15	a29	9
13	3.19831467394588	a7	a16
13	3.19831656744062	a7	a14
13	3.19837445427972	a7	a17
13	3.19838094626168	a7	a15
12	3.19840772568725	a7	a16	a29	10
12	3.19845019406921	a7	a17	a29	11
12	3.19846967001508	a7	a15	a29	12
12	3.19849671993989	a7	a14	a29	13
13	3.19851267939553	a7	a16
13	3.19857354172637	a7	a15
12	3.19858355019855	a7	a16	a29	14
13	3.19862980556999	a7	a17
12	3.1986422485354	a7	a15	a29	15
13	3.1986433305324	a7	a14
13	3.19874449725121	a7	a15
13	3.19876316169933	a7	a16
13	3.19897604460763	a6	a10
13	3.1991864930227	a8	a56
12	3.20034152481235	a8	a56	a42	0
12	3.20060877806953	a6	a10	a30	0
12	3.20066558291165	a7	a14	a31	0
12	3.20070994478835	a7	a17	a31	1
12	3.20089604827108	a7	a15	a31	2
12	3.20094013964853	a7	a16	a31	3
13	3.20106429880344	a7	a14
13	3.20110920167863	a7	a17
12	3.20111244766961	a7	a14	a31	4
12	3.20114815357037	a7	a17	a31	5
13	3.20124255780798	a7	a16
13	3.20129205917039	a7	a15
12	3.20132370758242	a7	a16	a31	6
12	3.2013791599283	a7	a15	a31	7
13	3.20140242286364	a7	a14
13	3.20144137475537	a7	a17
12	3.20147762165463	a7	a14	a31	8
12	3.20147978564861	a7	a17	a31	9
13	3.20152658201854	a7	a16
13	3.20155714843359	a7	a15
12	3.2016061087975	a7	a16	a31	10
12	3.20162585524262	a7	a15	a31	11
13	3.20176759684866	a7	a14
13	3.20178166280956	a7	a17
13	3.20178950728776	a7	a16
13	3.20184604163062	a7	a15
12	3.20185307461107	a7	a17	a31	12
12	3.20186118958852	a7	a14	a31	13
12	3.2018863460186	a7	a16	a31	14
12	3.20193097839455	a7	a15	a31	15
13	3.20210166342013	a7	a16
13	3.20212140986525	a7	a15
13	3.20219660865624	a7	a17
13	3.20219877265022	a7	a14
13	3.20233997325776	a6	a10
13	3.20276573907437	a8	a56
12	3.20286149580822	a8	a56	a45	0
12	3.20291234966687	a6	a10	a32	0
12	3.20296969550748	a7	a14	a33	0
13	3.20301568037967	a7	a14
12	3.20303299233155	a7	a14	a33	1
13	3.20305679626539	a7	a14
12	3.20307410821727	a7	a14	a33	2
13	3.20324019475564	a7	a14
12	3.20324533424136	a7	a16	a33	3
12	3.20325371971805	a7	a15	a33	4
12	3.20329375360678	a7	a14	a33	5
12	3.20331539354663	a7	a17	a33	6
13	3.20331647554363	a7	a14
13	3.20333622198874	a7	a16
13	3.20336300141431	a7	a15
13	3.20340087130905	a7	a17
12	3.20341926525793	a7	a14	a33	7
12	3.20346227463838	a7	a16	a33	8
13	3.20347958659027	a7	a16
12	3.20348580807297	a7	a15	a33	9
13	3.20349500504741	a7	a14
13	3.20351015300531	a7	a15
12	3.20353287494215	a7	a17	a33	10
12	3.20360158175119	a7	a14	a33	11
13	3.20360969672863	a7	a17
12	3.20361483621435	a7	a16	a33	12
12	3.20363458265946	a7	a15	a33	13
13	3.20363512365796	a7	a14
13	3.20364134514067	a7	a16
12	3.20367732154067	a7	a17	a33	14
13	3.20368110853015	a7	a15
13	3.20369571548955	a7	a17
12	3.20373953636775	a7	a14	a33	15
13	3.20381148916776	a7	a14
13	3.20395647676478	a6	a10
13	3.20405926647908	a8	a56
12	3.20611073277713	a8	a56	a50	0
12	3.22322305621429	a6	a10	a34	0
12	3.22328905803084	a7	a14	a35	0
12	3.22369588890008	a7	a15	a35	1
12	3.22388388587755	a7	a16	a35	2
12	3.22389064835875	a7	a17	a35	3
13	3.25290980770146	a7	a17
13	3.25583282257709	a7	a14
13	3.25744039960891	a7	a16
13	3.27369334693467	a7	a15
13	3.27387404043244	a6	a10
12	3.27415590064902	a6	a10	a36	0
12	3.27422406645956	a7	a14	a37	0
12	3.2747028501288	a7	a17	a37	1
12	3.27484053424612	a7	a16	a37	2
12	3.27491979052583	a7	a15	a37	3
13	3.27787039632477	a7	a14
13	3.27833727802709	a7	a15
13	3.27835458997898	a7	a17
13	3.27943307048139	a7	a16
13	3.27961295248142	a6	a10
12	3.29215492062165	a6	a10	a38	0
12	3.29223552939761	a7	a14	a39	0
12	3.29237618900665	a7	a15	a39	1
12	3.29251874211043	a7	a16	a39	2
12	3.29436598147612	a7	a17	a39	3
13	3.29822979273685	a7	a15
13	3.29997586538373	a7	a16
13	3.30028125903491	a7	a14
13	3.30269789931798	a7	a17
13	3.30280177102927	a6	a10
12	3.30300843245487	a6	a10	a40	0
12	3.30307281127593	a7	a14	a41	0
12	3.30326351324588	a7	a16	a41	1
12	3.30327189872258	a7	a15	a41	2
12	3.30348018314366	a7	a17	a41	3
13	3.30741378321042	a7	a14
13	3.30745435809764	a7	a15
13	3.30818470606768	a7	a17
13	3.30853283860006	a7	a16
13	3.30881064132792	a6	a10
12	3.31008415178826	a8	a57	a49	0
13	3.33209900359909	a8	a57
12	3.33223425322317	a8	a57	a54	0
12	3.34131058499597	a8	a58	a53	0
13	3.40037517782891	a8	a58
12	3.40042711368456	a8	a58	a52	0
13	3.42638854952606	a8	a58
12	3.42643399339975	a8	a58	a51	0
13	3.4419455022863	a8	a58
13	3.45495002414089	a8	a57
13	3.45519455546122	a8	a56
13	3.45556081144323	a8	a55
12	3.45744943719389	a8	a55	a47	0
13	3.54070369579289	a8	a55
12	3.54079241954628	a8	a55	a46	0
12	3.54087681531171	a8	a56	a48	0
13	3.67235135188487	a8	a56
12	3.67326077035719	a6	a10	a20	0
12	3.67334137913314	a7	a14	a21	0
12	3.67340197096473	a7	a15	a21	1
12	3.67383504026104	a7	a16	a21	2
12	3.67411176099191	a7	a17	a21	3
13	3.67665607692011	a7	a14
13	3.67671179976523	a7	a15
13	3.67717976346455	a7	a17
13	3.67781408420149	a7	a16
13	3.67796745727519	a6	a10
12	3.67891041765428	a8	a56	a44	0
12	3.6789666814979	a8	a57	a43	0
12	3.67999944762738	a6	a10	a22	0
12	3.68006761343791	a7	a14	a23	0
12	3.68021449452967	a7	a16	a23	1
12	3.68027968484847	a7	a15	a23	2
12	3.68058751299288	a7	a17	a23	3
13	3.68301010425941	a7	a14
12	3.68305230214212	a7	a14	a23	4
13	3.68329575146547	a7	a15
12	3.68337690123992	a7	a15	a23	5
13	3.68346237900233	a7	a17
12	3.68353541379934	a7	a17	a23	6
13	3.68417243952876	a7	a16
12	3.68424168733629	a7	a16	a23	7
13	3.68603969583881	a7	a14
12	3.68612787859371	a7	a14	a23	8
13	3.68649467557422	a7	a17
12	3.68651631551407	a7	a17	a23	9
13	3.68682360265998	a7	a15
12	3.68690096544496	a7	a15	a23	10
13	3.68793778906316	a7	a16
12	3.68800811886768	a7	a16	a23	11
13	3.68925214490997	a7	a14
13	3.68929704778517	a7	a15
12	3.68930408076562	a7	a14	a23	12
12	3.68936845958668	a7	a15	a23	13
13	3.68953454612505	a7	a17
12	3.68959892494612	a7	a17	a23	14
13	3.690314936456	a7	a16
12	3.69042746414323	a7	a16	a23	15
13	3.69122137943658	a7	a15
13	3.69214324087432	a7	a14
13	3.69238236220969	a7	a17
13	3.69294202515414	a7	a16
13	3.69311000518725	a6	a10
12	3.6935730999001	a6	a10	a24	0
12	3.69364180670913	a7	a14	a25	0
12	3.69375108840539	a7	a15	a25	1
13	3.69375325239937	a7	a14
12	3.69381005724149	a7	a14	a25	2
13	3.69402050565655	a7	a15
13	3.69404863757836	a7	a14
12	3.69409949143702	a7	a15	a25	3
13	3.69417360823101	a7	a15
13	3.69436512169871	a6	a10
12	3.69460316103709	a6	a10	a26	0
12	3.69465996587921	a7	a14	a27	0
12	3.69467890082658	a7	a17	a27	1
12	3.69478223153938	a7	a15	a27	2
13	3.69482010143412	a7	a14
12	3.694910448183	a7	a14	a27	3
13	3.6949699580176	a7	a15
13	3.69502027087776	a7	a17
13	3.69522855529884	a7	a14
13	3.69531132806878	a6	a10
12	3.69617963065538	a6	a10	a22	0
12	3.69624400947644	a7	a14	a23	0
12	3.69659890449003	a7	a15	a23	1
12	3.69666084881785	a7	a16	a23	2
12	3.6967049401953	a7	a17	a23	3
13	3.69820783401809	a7	a15
12	3.69827870482111	a7	a15	a23	4
13	3.69909453055356	a7	a14
13	3.69917811482124	a7	a16
12	3.69918000831598	a7	a14	a23	5
12	3.69925277261373	a7	a16	a23	6
13	3.69944942556715	a7	a17
12	3.69953544432806	a7	a17	a23	7
13	3.69978268064088	a7	a15
12	3.69984922345593	a7	a15	a23	8
13	3.70136618323962	a7	a15
12	3.70138728218097	a7	a15	a23	9
13	3.70161206705619	a7	a16
12	3.70167752787425	a7	a16	a23	10
13	3.70213494210289	a7	a14
13	3.70221771487283	a7	a17
12	3.70222041986531	a7	a14	a23	11
12	3.70224368280065	a7	a17	a23	12
13	3.70287665104135	a7	a15
12	3.70295293182933	a7	a15	a23	13
13	3.70388642473473	a7	a16
12	3.70395513154376	a7	a16	a23	14
13	3.70445257966113	a7	a15
12	3.70451425348971	a7	a15	a23	15
13	3.70498438118302	a7	a17
13	3.70511530281913	a7	a14
13	3.70602580328844	a7	a15
13	3.70769180815786	a7	a16
13	3.707855460203	a6	a10
13	3.70855929924671	a8	a57
12	3.70861448109334	a6	a10	a28	0
12	3.70867507292493	a7	a14	a29	0
13	3.70902239395956	a7	a14
12	3.70905187837761	a7	a16	a29	1
12	3.70907270681972	a7	a15	a29	2
12	3.70909705175206	a7	a14	a29	3
12	3.709105707728	a7	a17	a29	4
13	3.70927504025735	a7	a14
13	3.70927666325284	a7	a15
13	3.70929208170998	a7	a16
12	3.70929397520472	a7	a14	a29	5
12	3.70940055190849	a7	a15	a29	6
13	3.70940271590248	a7	a17
12	3.70942624933707	a7	a16	a29	7
13	3.70944545478369	a7	a14
12	3.7094871116679	a7	a17	a29	8
12	3.7095022596258	a7	a14	a29	9
13	3.70953363753859	a7	a15
13	3.7095977458604	a7	a16
12	3.70960667233559	a7	a15	a29	10
13	3.70967429714763	a7	a14
12	3.70968538761681	a7	a16	a29	11
13	3.70969485509049	a7	a17
13	3.70972947899426	a7	a15
12	3.7097381349702	a7	a17	a29	12
12	3.70974787294313	a7	a14	a29	13
12	3.70981387475968	a7	a15	a29	14
13	3.70984390017623	a7	a16
13	3.70989556553263	a7	a17
13	3.70989827052511	a7	a14
13	3.70994046840782	a7	a15
12	3.70994668989053	a7	a16	a29	15
13	3.71012846538529	a7	a16
13	3.71049120487708	a6	a10
13	3.71052420578535	a8	a56
12	3.71156400489529	a8	a56	a42	0
12	3.71190104695849	a6	a10	a30	0
12	3.71196488478106	a7	a14	a31	0
12	3.71200167267881	a7	a17	a31	1
12	3.71218561216756	a7	a15	a31	2
12	3.71221130959613	a7	a16	a31	3
13	3.71238037162623	a7	a14
13	3.71242040551496	a7	a17
12	3.71243717646835	a7	a14	a31	4
12	3.71245827540971	a7	a17	a31	5
13	3.7125026372864	a7	a15
13	3.71250885876911	a7	a16
12	3.71260245150898	a7	a16	a31	6
12	3.71260380400522	a7	a15	a31	7
13	3.71272606966538	a7	a17
13	3.71277692352404	a7	a15
12	3.71278828449246	a7	a17	a31	8
13	3.71280262095261	a7	a16
12	3.71287700824586	a7	a15	a31	9
12	3.71291568963835	a7	a16	a31	10
13	3.7130182088534	a7	a14
12	3.71306527572258	a7	a14	a31	11
13	3.71307230870303	a7	a15
13	3.71308204667596	a7	a17
12	3.71313452353011	a7	a17	a31	12
12	3.71318970537673	a7	a15	a31	13
13	3.71322730477223	a7	a16
12	3.7132906015963	a7	a16	a31	14
13	3.71338284183992	a7	a14
13	3.71339528480534	a7	a15
13	3.71344613866399	a7	a17
12	3.71346507361136	a7	a14	a31	15
13	3.7135692158219	a7	a16
13	3.7137528848114	a7	a14
13	3.71381834562946	a6	a10
13	3.71426250539494	a8	a56
12	3.71434311417089	a8	a56	a45	0
12	3.71452975865212	a6	a10	a32	0
12	3.71462226939499	a7	a14	a33	0
13	3.71468123823109	a7	a14
12	3.71469800918448	a7	a14	a33	1
13	3.71471694413185	a7	a14
12	3.71473587907922	a7	a14	a33	2
13	3.71475751901907	a7	a14
12	3.71480296289276	a7	a14	a33	3
13	3.71482352083562	a7	a14
12	3.7148340703063	a7	a16	a33	4
12	3.71486463672135	a7	a14	a33	5
13	3.71493469602662	a7	a16
12	3.71497689390933	a7	a16	a33	6
13	3.7149958288567	a7	a16
12	3.71500150934091	a7	a15	a33	7
13	3.7150480352116	a7	a14
13	3.71505452719355	a7	a15
12	3.7150558796898	a7	a16	a33	8
12	3.71513026698304	a7	a15	a33	9
13	3.71513161947928	a7	a16
13	3.71514811993342	a7	a15
12	3.71521412174997	a7	a14	a33	10
12	3.71523603218907	a7	a16	a33	11
12	3.71524171267328	a7	a15	a33	12
13	3.71526524610787	a7	a16
13	3.71526605760562	a7	a15
13	3.71526768060111	a7	a14
12	3.71530014051088	a7	a17	a33	13
12	3.71537642129887	a7	a14	a33	14
13	3.71539535624624	a7	a17
12	3.71539724974097	a7	a16	a33	15
13	3.71542835715451	a7	a14
13	3.71544648060414	a7	a16
13	3.71566423249891	a6	a10
13	3.71574051328689	a8	a56
12	3.71764699198793	a8	a56	a50	0
12	3.73426159680847	a6	a10	a34	0
12	3.7343313856145	a7	a14	a35	0
12	3.73469601860102	a7	a17	a35	1
12	3.73484208819503	a7	a15	a35	2
12	3.73487049061609	a7	a16	a35	3
13	3.77586492217413	a7	a14
13	3.77881444597608	a7	a17
13	3.78347731201588	a7	a15
13	3.78509300402514	a7	a16
13	3.78535619979361	a6	a10
12	3.78546602248836	a6	a10	a36	0
12	3.78558233716507	a7	a14	a37	0
12	3.78601243096964	a7	a15	a37	1
12	3.786033529911	a7	a17	a37	2
12	3.78749287335483	a7	a16	a37	3
13	3.78967661378523	a7	a14
13	3.78970582770403	a7	a17
13	3.79016080743944	a7	a15
13	3.79355313851063	a7	a16
13	3.79379685833322	a6	a10
12	3.8060531792674	a6	a10	a38	0
12	3.80611539409447	a7	a14	a39	0
12	3.80639346732158	a7	a15	a39	1
12	3.80654684039529	a7	a16	a39	2
12	3.80659525976071	a7	a17	a39	3
13	3.81226519450141	a7	a16
13	3.81240450161422	a7	a15
13	3.81400639816183	a7	a14
13	3.81495260453189	a7	a17
13	3.81506134522965	a6	a10
12	3.81517874190336	a6	a10	a40	0
12	3.81527774462818	a7	a14	a41	0
12	3.81556312133499	a7	a16	a41	1
12	3.81571378941622	a7	a15	a41	2
12	3.81586472799669	a7	a17	a41	3
13	3.81947183547092	a7	a16
13	3.81951809084235	a7	a14
13	3.82001526846047	a7	a15
13	3.82068177860794	a7	a17
13	3.82079538829217	a6	a10
12	3.82206186577206	a8	a57	a49	0
13	3.84416922832576	a8	a57
12	3.84425578808517	a8	a57	a54	0
12	3.85316008233614	a8	a58	a53	0
13	3.91222738016157	a8	a58
12	3.91227823402022	a8	a58	a52	0
13	3.93767919541953	a8	a58
12	3.93772247529924	a8	a58	a51	0
13	3.95310198055268	a8	a58
13	3.96552601102071	a8	a57
13	3.96584790512603	a8	a56
13	3.96607025550801	a8	a55
12	3.96753419743906	a8	a55	a46	0
12	3.96763482315938	a8	a56	a48	0
13	4.09162031754796	a8	a56
12	4.0919957705044	a6	a10	a20	0
12	4.0922170388894	a7	a14	a21	0
12	4.09232253359618	a7	a15	a21	1
12	4.09253649850148	a7	a16	a21	2
12	4.0925989838278	a7	a17	a21	3
13	4.09360524103096	a7	a15
13	4.09382245192724	a7	a16
13	4.09498857418606	a7	a14
13	4.09530018931994	a7	a17
13	4.0954240779756	a6	a10
12	4.09571026618015	a8	a56	a44	0
12	4.09575462805685	a8	a57	a43	0
12	4.09666458752766	a6	a10	a22	0
12	4.09671922837579	a7	a14	a23	0
12	4.09694103775928	a7	a15	a23	1
12	4.09720775001797	a7	a17	a23	2
12	4.09723182445106	a7	a16	a23	3
13	4.09875338272196	a7	a15
12	4.09881397455355	a7	a15	a23	4
13	4.09912748318217	a7	a16
12	4.09919294400022	a7	a16	a23	5
13	4.09965360421984	a7	a14
12	4.09971527804842	a7	a14	a23	6
13	4.10003879514922	a7	a17
12	4.10007396005148	a7	a17	a23	7
13	4.1003211963643	a7	a15
12	4.10041533010266	a7	a15	a23	8
13	4.10138723390131	a7	a16
12	4.10145810470432	a7	a16	a23	9
13	4.10221198610895	a7	a15
12	4.10228502090595	a7	a15	a23	10
13	4.10285956130905	a7	a14
12	4.10293584209703	a7	a14	a23	11
13	4.10301618037373	a7	a16
12	4.10308921517074	a7	a16	a23	12
13	4.10325611320685	a7	a17
12	4.10335673892717	a7	a17	a23	13
13	4.10416228568819	a7	a15
12	4.10422233652128	a7	a15	a23	14
13	4.10489669114695	a7	a16
12	4.10495998797102	a7	a16	a23	15
13	4.10589456287341	a7	a14
13	4.10597138465989	a7	a15
13	4.10609851930653	a7	a17
13	4.10671065910512	a7	a16
13	4.10684563822995	a6	a10
12	4.10719512325857	a6	a10	a24	0
12	4.1072649120646	a7	a14	a25	0
12	4.10730440495483	a7	a17	a25	1
13	4.10734606183904	a7	a14
12	4.1073671607804	a7	a14	a25	2
13	4.10742721161349	a7	a17
13	4.10746832749921	a7	a14
12	4.1074918609338	a7	a16	a25	3
13	4.10766281645864	a7	a16
13	4.10777723764061	a6	a10
12	4.10786379740003	a6	a10	a26	0
12	4.10793142221207	a7	a14	a27	0
12	4.10822464339707	a7	a15	a27	1
13	4.10822464339707	a7	a14
12	4.10828361223317	a7	a14	a27	2
12	4.10828469423016	a7	a17	a27	3
13	4.1084258948377	a7	a15
13	4.10848053568583	a7	a17
13	4.10848865066328	a7	a14
13	4.10860658833548	a6	a10
12	4.10927309848294	a6	a10	a22	0
12	4.10933152632055	a7	a14	a23	0
12	4.10943648002883	a7	a15	a23	1
12	4.10962150151458	a7	a17	a23	2
12	4.10975918563189	a7	a16	a23	3
13	4.11097021076591	a7	a15
12	4.11103404858847	a7	a15	a23	4
13	4.11130590033287	a7	a16
12	4.11136973815544	a7	a16	a23	5
13	4.1121766374127	a7	a14
12	4.11223885223978	a7	a14	a23	6
13	4.11237301986687	a7	a17
12	4.11241738174357	a7	a17	a23	7
13	4.11250989248644	a7	a15
12	4.11258076328946	a7	a15	a23	8
13	4.11288074695567	a7	a16
12	4.11294512577673	a7	a16	a23	9
13	4.11407121414682	a7	a15
12	4.11413613396638	a7	a15	a23	10
13	4.1144642495544	a7	a16
12	4.11452484138599	a7	a16	a23	11
13	4.11494546771688	a7	a14
12	4.11501255153042	a7	a14	a23	12
13	4.11514401416503	a7	a17
12	4.11517106408985	a7	a17	a23	13
13	4.1156190108448	a7	a15
12	4.11568771765383	a7	a15	a23	14
13	4.11608021206292	a7	a16
12	4.11614296788849	a7	a16	a23	15
13	4.11716572554579	a7	a15
13	4.11765505868571	a7	a16
13	4.11777164386167	a7	a14
13	4.11786307260754	a7	a17
13	4.11794909136846	a6	a10
13	4.11811301391285	a8	a57
12	4.11814168683315	a6	a10	a28	0
12	4.11818442571436	a7	a14	a29	0
12	4.11832806081513	a7	a16	a29	1
12	4.11834456126927	a7	a15	a29	2
13	4.11850361482719	a7	a15
12	4.11851930378358	a7	a15	a29	3
13	4.11855446868584	a7	a14
13	4.11856069016855	a7	a16
13	4.11861289652345	a7	a15
12	4.118641839943	a7	a16	a29	4
12	4.1186632093836	a7	a14	a29	5
12	4.11870216127534	a7	a17	a29	6
12	4.11871460424076	a7	a15	a29	7
13	4.11877005658663	a7	a16
13	4.11882172194303	a7	a15
12	4.11882956642122	a7	a16	a29	8
12	4.11888231377462	a7	a15	a29	9
13	4.11892072466785	a7	a17
13	4.11892288866184	a7	a14
13	4.11894425810244	a7	a16
13	4.11897915250546	a7	a15
12	4.11900079244531	a7	a17	a29	11
12	4.11900403843629	a7	a14	a29	10
12	4.11905029380772	a7	a16	a29	12
12	4.1190613842769	a7	a15	a29	13
13	4.11917688745586	a7	a16
13	4.1191928469115	a7	a15
13	4.11921178185888	a7	a14
13	4.11921178185888	a7	a17
12	4.11926777520324	a7	a16	a29	14
12	4.11929455462881	a7	a15	a29	15
13	4.11939058186191	a7	a16
13	4.11939301635514	a7	a15
13	4.11957749684239	a6	a10
13	4.11981499518227	a8	a56
12	4.12033218974476	a8	a56	a42	0
12	4.12044201243951	a6	a10	a30	0
12	4.12056968808464	a7	a14	a31	0
12	4.12092620609372	a7	a17	a31	1
13	4.1210473897569	a7	a14
12	4.12109824361555	a7	a14	a31	2
12	4.12114720397947	a7	a16	a31	3
12	4.12115937644563	a7	a15	a31	4
13	4.12131788900506	a7	a17
12	4.12138064483063	a7	a17	a31	5
13	4.12142554770583	a7	a14
13	4.12143474468026	a7	a15
12	4.12149425451486	a7	a14	a31	6
13	4.121509672972	a7	a16
12	4.12151156646674	a7	a15	a31	7
12	4.12158541276149	a7	a16	a31	8
13	4.12171930988933	a7	a17
13	4.1217387858352	a7	a15
13	4.12178774619911	a7	a16
13	4.12180316465626	a7	a14
12	4.12180911563972	a7	a17	a31	9
12	4.12183724756153	a7	a15	a31	10
12	4.12186267449085	a7	a14	a31	11
12	4.1218926999074	a7	a16	a31	12
13	4.122062302936	a7	a15
13	4.12208637736908	a7	a16
13	4.12213858372398	a7	a17
12	4.12214832169691	a7	a15	a31	13
13	4.12217645361872	a7	a14
12	4.12220269204579	a7	a16	a31	14
12	4.1222235204879	a7	a17	a31	15
13	4.12236418009694	a7	a15
13	4.12240394348642	a7	a16
13	4.12249672472854	a7	a17
13	4.12267579523083	a6	a10
13	4.12288786664138	a8	a56
12	4.12307829811209	a8	a56	a45	0
12	4.1231356439527	a6	a10	a32	0
12	4.12319298979331	a7	a14	a33	0
13	4.12321625272865	a7	a14
12	4.12323410567903	a7	a14	a33	1
13	4.12326169660234	a7	a14
12	4.12327900855422	a7	a14	a33	2
13	4.12330173049107	a7	a14
12	4.12331958344145	a7	a14	a33	3
13	4.12334230537829	a7	a14
12	4.12336069932717	a7	a14	a33	4
13	4.12338288026552	a7	a14
12	4.1234007332159	a7	a14	a33	5
13	4.12342453714973	a7	a14
12	4.12352894985952	a7	a15	a33	6
12	4.12358332020841	a7	a16	a33	7
13	4.12359549267457	a7	a15
13	4.12364012505052	a7	a16
12	4.12366041249413	a7	a14	a33	8
12	4.12370044638286	a7	a15	a33	9
13	4.12371072535429	a7	a14
12	4.1237310127979	a7	a16	a33	10
13	4.12374048027159	a7	a15
13	4.12374832474978	a7	a16
12	4.12380377709566	a7	a14	a33	11
12	4.12384867997085	a7	a17	a33	12
13	4.12386436892724	a7	a14
12	4.12387329540243	a7	a16	a33	13
12	4.12388168087913	a7	a15	a33	14
13	4.12388168087913	a7	a17
13	4.12391116529718	a7	a16
12	4.12392333776334	a7	a14	a33	15
13	4.12393307573628	a7	a15
13	4.12394335470771	a7	a14
13	4.12424577286715	a6	a10
13	4.12431015168821	a8	a56
12	4.12513679739059	a8	a56	a50	0
12	4.14277118437671	a6	a10	a34	0
12	4.14301842068952	a7	a14	a35	0
12	4.14306007757374	a7	a17	a35	1
12	4.14330974837979	a7	a16	a35	2
12	4.1434193005753	a7	a15	a35	3
13	4.18814364626624	a7	a17
13	4.19104880819149	a7	a14
13	4.19502839313043	a7	a15
13	4.19576874957265	a7	a16
13	4.19589453172304	a6	a10
12	4.19599082945539	a6	a10	a36	0
12	4.19620560585843	a7	a14	a37	0
12	4.19623103278776	a7	a15	a37	1
12	4.19631596955168	a7	a17	a37	2
12	4.19646447363892	a7	a16	a37	3
13	4.19907316838818	a7	a16
13	4.19917298261076	a7	a17
13	4.20114438113135	a7	a14
13	4.20146357024418	a7	a15
13	4.20162857478556	a6	a10
12	4.21290027845643	a6	a10	a38	0
12	4.21306961098578	a7	a14	a39	0
12	4.21339907907004	a7	a15	a39	1
12	4.21354866515427	a7	a16	a39	2
12	4.21356516560841	a7	a17	a39	3
13	4.21943283529952	a7	a15
13	4.21947909067095	a7	a16
13	4.22101633789825	a7	a14
13	4.2218327046292	a7	a17
13	4.2219652492608	a6	a10
12	4.22206262899014	a6	a10	a40	0
12	4.22210699086684	a7	a14	a41	0
12	4.2224662138684	a7	a15	a41	1
12	4.22249569828645	a7	a16	a41	2
12	4.2228043379286	a7	a17	a41	3
13	4.22628890924341	a7	a14
13	4.2265989013818	a7	a15
13	4.2269594768796	a7	a16
13	4.22763978248872	a7	a17
13	4.22777936010077	a6	a10
12	4.22897009779118	a8	a57	a49	0
13	4.25149727517803	a8	a57
12	4.2516336067991	a8	a57	a54	0
12	4.25963876154918	a8	a58	a53	0
13	4.33145036095246	a8	a58
12	4.33152231375247	a8	a58	a52	0
13	4.372629543497	a8	a58
12	4.37267823336167	a8	a58	a51	0
13	4.38847538945428	a8	a58
13	4.40093891281254	a8	a57
13	4.40128623384718	a8	a56
13	4.40151291221714	a8	a55
12	4.40276802872861	a8	a55	a46	0
12	4.40279561965192	a8	a56	a48	0
13	4.53049290472376	a8	a56
12	4.53085104572833	a6	a10	a20	0
12	4.53095058945165	a7	a14	a21	0
12	4.53095978642609	a7	a17	a21	1
12	4.53124056464568	a7	a15	a21	2
12	4.5313777077645	a7	a16	a21	3
13	4.53325334955125	a7	a16
13	4.53328986694975	a7	a15
13	4.53382437346411	a7	a14
13	4.53451090055595	a7	a17
13	4.53461369027025	a6	a10
12	4.53488743550939	a8	a56	a44	0
12	4.53492151841466	a8	a57	a43	0
12	4.54934345632961	a6	a10	a22	0
12	4.54942839309353	a7	a14	a23	0
12	4.54973946722892	a7	a15	a23	1
12	4.54990311927405	a7	a16	a23	2
12	4.54993584968308	a7	a17	a23	3
13	4.55162728148183	a7	a16
13	4.55166488087733	a7	a15
12	4.55168895531041	a7	a16	a23	4
12	4.55174116166531	a7	a15	a23	5
13	4.5521983053947	a7	a14
12	4.55227079919321	a7	a14	a23	6
13	4.55261216924439	a7	a17
12	4.55263597317822	a7	a17	a23	7
13	4.55329572084449	a7	a16
12	4.55336226365954	a7	a16	a23	8
13	4.55343610995428	a7	a15
12	4.55349183279941	a7	a15	a23	9
13	4.55495198774098	a7	a14
13	4.55498282465527	a7	a15
12	4.55503908849889	a7	a14	a23	10
12	4.55505964644175	a7	a15	a23	11
13	4.5550885898613	a7	a16
12	4.55518326459816	a7	a16	a23	12
13	4.55529606278464	a7	a17
12	4.55536531059217	a7	a17	a23	13
13	4.55657714722393	a7	a15
12	4.55663719805702	a7	a15	a23	14
13	4.55664504253522	a7	a16
12	4.55671320834575	a7	a16	a23	15
13	4.57367702769568	a7	a14
13	4.57401406975888	a7	a17
13	4.57422127218298	a7	a15
13	4.57519101198763	a7	a16
13	4.57532923710344	a6	a10
12	4.57568088612605	a6	a10	a24	0
12	4.57573877296516	a7	a14	a25	0
13	4.57582749671856	a7	a14
12	4.57589349853511	a7	a14	a25	1
12	4.57594922138023	a7	a15	a25	2
12	4.57599493575317	a7	a16	a25	3
13	4.57611368492311	a7	a15
13	4.57613072637574	a7	a16
13	4.57613316086898	a7	a14
13	4.57641772607804	a6	a10
12	4.57651997479385	a6	a10	a26	0
12	4.5765567626916	a7	a14	a27	0
13	4.57684186889916	a7	a14
12	4.57691382169917	a7	a14	a27	1
12	4.57696629855331	a7	a15	a27	2
12	4.57702445589167	a7	a16	a27	3
13	4.57706097329017	a7	a14
13	4.57717079598492	a7	a15
13	4.57721759235486	a7	a16
13	4.57747916512783	a6	a10
12	4.57811970734747	a6	a10	a22	0
12	4.57817975818056	a7	a14	a23	0
12	4.57826902293246	a7	a15	a23	1
12	4.57831527830389	a7	a16	a23	2
12	4.57857522808137	a7	a17	a23	3
13	4.57983656607555	a7	a16
13	4.57986009951014	a7	a15
12	4.57992961781692	a7	a16	a23	4
12	4.57993638029812	a7	a15	a23	5
13	4.58102000028625	a7	a14
12	4.58107410013589	a7	a14	a23	6
13	4.58130510649382	a7	a17
12	4.58133053342314	a7	a17	a23	7
13	4.58141411769082	a7	a16
13	4.58148309499911	a7	a15
12	4.58148552949234	a7	a16	a23	8
12	4.58154855581716	a7	a15	a23	9
13	4.58295109441887	a7	a16
12	4.58301330924595	a7	a16	a23	10
13	4.59221921015862	a7	a15
12	4.5922954909466	a7	a15	a23	11
13	4.59384707463405	a7	a15
13	4.59385870610172	a7	a16
12	4.59387520655586	a7	a15	a23	12
12	4.59394580685963	a7	a16	a23	13
13	4.59549035756663	a7	a16
12	4.595509292514	a7	a16	a23	14
13	4.59564048464936	a7	a15
13	4.59564264864334	a7	a14
12	4.59572109342531	a7	a15	a23	15
13	4.59590719690804	a7	a17
13	4.59704789223754	a7	a16
13	4.59758050525717	a7	a15
13	4.59780123264367	a6	a10
13	4.5985754014919	a8	a57
12	4.59864627229492	a6	a10	a28	0
12	4.59870361813553	a7	a14	a29	0
12	4.59882723629194	a7	a16	a29	1
12	4.59885455671601	a7	a15	a29	2
13	4.59902199575062	a7	a16
13	4.5990314632243	a7	a15
13	4.59906879212055	a7	a14
12	4.599075825101	a7	a15	a29	3
12	4.59913344144086	a7	a16	a29	4
12	4.59915048289349	a7	a17	a29	6
12	4.59916022086643	a7	a14	a29	5
13	4.59916995883936	a7	a15
12	4.59924299363636	a7	a15	a29	7
13	4.59925516610253	a7	a16
12	4.59932062692059	a7	a16	a29	8
13	4.59935984931157	a7	a15
13	4.59938148925142	a7	a14
13	4.59938798123338	a7	a17
12	4.59942368713414	a7	a15	a29	9
13	4.59943477760331	a7	a16
12	4.59945506504692	a7	a14	a29	10
12	4.5994880659552	a7	a17	a29	11
12	4.5995251243522	a7	a16	a29	12
13	4.59954865778679	a7	a15
13	4.59961628259883	a7	a14
12	4.59961682359732	a7	a15	a29	13
13	4.59963440604845	a7	a16
13	4.59967362843944	a7	a17
12	4.59970689984696	a7	a16	a29	14
13	4.59972015431012	a7	a15
12	4.59975153222291	a7	a14	a29	15
13	4.59980590257179	a7	a16
13	4.59991274977481	a7	a14
13	4.60001445749212	a6	a10
13	4.60004583540491	a8	a56
12	4.60167099488786	a8	a56	a42	0
12	4.60193446115557	a6	a10	a30	0
12	4.60199126599768	a7	a14	a31	0
12	4.60224093680373	a7	a16	a31	1
12	4.60229043816615	a7	a15	a31	2
13	4.60247708264738	a7	a14
12	4.60248519762482	a7	a17	a31	3
12	4.60254037947145	a7	a14	a31	4
13	4.60255552742934	a7	a15
13	4.60255742092408	a7	a16
12	4.60264830867146	a7	a16	a31	5
12	4.60265723514665	a7	a15	a31	6
13	4.60283630564893	a7	a15
13	4.60284063363691	a7	a14
13	4.60285307660232	a7	a17
13	4.60285929808503	a7	a16
12	4.60292773439481	a7	a15	a31	7
12	4.60296100580234	a7	a16	a31	8
12	4.60296614528805	a7	a17	a31	9
12	4.60298562123392	a7	a14	a31	10
13	4.60314305179635	a7	a15
13	4.60318822517079	a7	a16
12	4.60323610353772	a7	a15	a31	11
12	4.60326180096629	a7	a16	a31	12
13	4.6032685634475	a7	a17
13	4.60333672925803	a7	a14
12	4.6033556642054	a7	a17	a31	13
12	4.60336973016631	a7	a14	a31	14
13	4.60342761700541	a7	a15
13	4.60344844544752	a7	a16
12	4.60352148024453	a7	a16	a31	15
13	4.60369324726711	a7	a17
13	4.60370569023252	a7	a14
13	4.60371028871974	a7	a16
13	4.60391018766413	a6	a10
13	4.60433324848826	a8	a56
12	4.60441007027474	a8	a56	a45	0
12	4.60446795711384	a6	a10	a32	0
12	4.60454856588979	a7	a14	a33	0
13	4.60459725575446	a7	a14
12	4.60461294471086	a7	a14	a33	1
12	4.6048788454718	a7	a16	a33	2
12	4.6049445767891	a7	a15	a33	3
13	4.60494701128234	a7	a16
13	4.60498298768234	a7	a14
13	4.60499759464174	a7	a15
12	4.60506900644326	a7	a14	a33	4
13	4.60509010538461	a7	a14
12	4.60510065485529	a7	a16	a33	5
13	4.60511904880417	a7	a16
12	4.60517774714102	a7	a14	a33	6
12	4.60519532959215	a7	a16	a33	7
13	4.60521101854854	a7	a16
13	4.60521399404027	a7	a14
12	4.60525240493351	a7	a15	a33	8
12	4.60527350387487	a7	a17	a33	9
12	4.60530082429893	a7	a16	a33	10
13	4.60530920977562	a7	a17
13	4.60531570175758	a7	a15
12	4.60532057074405	a7	a14	a33	11
13	4.60533112021472	a7	a16
13	4.60534275168239	a7	a14
12	4.60538278557112	a7	a17	a33	12
12	4.60542687694857	a7	a16	a33	13
13	4.60544121340873	a7	a17
12	4.60544608239519	a7	a15	a33	14
13	4.60545338587489	a7	a16
13	4.60547259132151	a7	a15
12	4.60553642914408	a7	a17	a33	15
13	4.60558782400123	a7	a17
13	4.60575877952607	a6	a10
13	4.60585291326443	a8	a56
12	4.60771611208576	a8	a56	a50	0
12	4.65492147688083	a6	a10	a34	0
12	4.65520982907937	a7	a14	a35	0
12	4.65532235676661	a7	a17	a35	1
12	4.65541919549745	a7	a15	a35	2
12	4.65552712469746	a7	a16	a35	3
13	4.6994791950349	a7	a17
13	4.699685315462	a7	a14
13	4.70637259787504	a7	a15
13	4.70697067171272	a7	a16
13	4.70713702875034	a6	a10
12	4.70738751105414	a6	a10	a36	0
12	4.70744593889174	a7	a14	a37	0
12	4.70749462875641	a7	a17	a37	1
12	4.70770156068125	a7	a16	a37	2
12	4.70785872074444	a7	a15	a37	3
13	4.71131516013744	a7	a14
13	4.7115115425916	a7	a15
13	4.71165896468185	a7	a16
13	4.71209798496162	a7	a17
13	4.71223648057667	a6	a10
12	4.7235725630686	a6	a10	a38	0
12	4.72362503992275	a7	a14	a39	0
12	4.72371998515885	a7	a16	a39	1
12	4.72379491345059	a7	a15	a39	2
12	4.72412384053636	a7	a17	a39	3
13	4.72976293836277	a7	a16
13	4.72983083367406	a7	a15
13	4.73146951811942	a7	a14
13	4.73242438046543	a7	a17
13	4.73250336624589	a6	a10
12	4.73262130391809	a6	a10	a40	0
12	4.73267486276922	a7	a14	a41	0
12	4.73275411904893	a7	a16	a41	1
12	4.73283499832413	a7	a15	a41	2
12	4.73327807609262	a7	a17	a41	3
13	4.73707534453831	a7	a14
13	4.73713214938042	a7	a15
13	4.73725739053232	a7	a16
13	4.73798963199709	a7	a17
13	4.73808106074297	a6	a10
12	4.73933455425895	a8	a57	a49	0
13	4.79105184651334	a8	a57
12	4.79117735816449	a8	a57	a54	0
12	4.79930586057173	a8	a58	a53	0
13	4.85884490908595	a8	a58
12	4.8588968449416	a8	a58	a52	0
13	4.91433728884768	a8	a58
12	4.91438922470333	a8	a58	a51	0
13	4.93019611876887	a8	a58
13	4.94275431686399	a8	a57
13	4.94306809599186	a8	a56
13	4.94349602580245	a8	a55
12	4.94425991567925	a8	a55	a46	0
12	4.9443269994928	a8	a56	a48	0
13	5.09629239511265	a8	a56
12	5.09675116183753	a6	a10	a20	0
12	5.09689993642402	a7	a14	a21	0
12	5.09693645382253	a7	a16	a21	1
12	5.09726565140754	a7	a17	a21	2
12	5.09733868620454	a7	a15	a21	3
13	5.09857567926638	a7	a16
13	5.09909152133262	a7	a15
13	5.09989436310117	a7	a14
13	5.10214762183835	a7	a17
13	5.1022282306143	a6	a10
12	5.10288446179034	a8	a56	a44	0
12	5.10293693864448	a8	a57	a43	0
12	5.10381173321303	a6	a10	a22	0
12	5.10386745605815	a7	a14	a23	0
12	5.10389125999199	a7	a17	a23	1
12	5.10428131990784	a7	a15	a23	2
12	5.10472520917407	a7	a16	a23	3
13	5.10612882977278	a7	a15
12	5.10619050360136	a7	a15	a23	4
13	5.10666279528865	a7	a14
12	5.10674827305107	a7	a14	a23	5
13	5.10676125701498	a7	a17
12	5.10678343795333	a7	a17	a23	6
13	5.10737880679853	a7	a16
12	5.10746266156546	a7	a16	a23	7
13	5.10788977987831	a7	a15
12	5.10797309364674	a7	a15	a23	8
13	5.10959446614022	a7	a15
12	5.10962151606504	a7	a15	a23	9
13	5.10973566674776	a7	a17
12	5.10980545555378	a7	a17	a23	10
13	5.10980680805003	a7	a16
13	5.10983358747559	a7	a14
12	5.10989661380041	a7	a16	a23	11
12	5.10992988520794	a7	a14	a23	12
13	5.11115362380662	a7	a15
12	5.11122503560813	a7	a15	a23	13
13	5.11230730310003	a7	a16
12	5.11237655090756	a7	a16	a23	14
13	5.11257861384593	a7	a17
12	5.11264894365045	a7	a17	a23	15
13	5.11277012731363	a7	a15
13	5.11288049100688	a7	a14
13	5.11420458482663	a7	a16
13	5.11532742720574	a7	a17
13	5.11544644687493	a6	a10
12	5.11579701390055	a6	a10	a24	0
12	5.11585435974116	a7	a14	a25	0
12	5.11608076761187	a7	a16	a25	1
12	5.11611944900436	a7	a15	a25	2
13	5.11613243296827	a7	a14
12	5.11617949983745	a7	a14	a25	3
13	5.11624955914272	a7	a16
13	5.11628824053521	a7	a15
13	5.11633584840289	a7	a14
13	5.11666693948264	a6	a10
12	5.11676323721498	a6	a10	a26	0
12	5.11681625506762	a7	a14	a27	0
12	5.11691661028869	a7	a16	a27	1
12	5.11697530862554	a7	a15	a27	2
13	5.1169807186105	a7	a14
13	5.11710974675188	a7	a16
13	5.11711867322707	a7	a15
12	5.11717656006617	a7	a14	a27	3
13	5.11738105749778	a7	a14
13	5.11777923239107	a6	a10
12	5.11846305449043	a6	a10	a22	0
12	5.11858694314608	a7	a14	a23	0
12	5.11874491470701	a7	a15	a23	1
12	5.11893264118523	a7	a17	a23	2
12	5.1190324554078	a7	a16	a23	3
13	5.120511815796	a7	a15
12	5.12057511262007	a7	a15	a23	4
13	5.1205775471133	a7	a16
12	5.12064354892985	a7	a16	a23	5
13	5.1214239392608	a7	a14
12	5.12149426906532	a7	a14	a23	6
13	5.12170958646685	a7	a17
12	5.1217474563616	a7	a17	a23	7
13	5.12203310356765	a7	a15
12	5.12210505636767	a7	a15	a23	8
13	5.12219350962181	a7	a16
12	5.12225085546242	a7	a16	a23	9
13	5.12356088332127	a7	a15
12	5.12364257409421	a7	a15	a23	10
13	5.12393931176945	a7	a16
12	5.12399341161908	a7	a16	a23	11
13	5.12423659044317	a7	a14
12	5.1242912312913	a7	a14	a23	12
13	5.12459256745375	a7	a17
12	5.12462989635	a7	a17	a23	13
13	5.12522769968844	a7	a15
12	5.12533157139973	a7	a15	a23	14
13	5.12548873146291	a7	a16
12	5.12554824129751	a7	a16	a23	15
13	5.1269983877669	a7	a14
13	5.12716474480452	a7	a16
13	5.12749286039254	a7	a15
13	5.12751612332788	a7	a17
13	5.1277341457219	a6	a10
13	5.12793106917456	a8	a57
12	5.12797597204975	a6	a10	a28	0
12	5.12821509338513	a7	a14	a29	0
12	5.12830516963476	a7	a16	a29	1
12	5.12835899898515	a7	a17	a29	2
13	5.12837685193553	a7	a14
12	5.1284255418002	a7	a14	a29	3
13	5.12850155208893	a7	a16
12	5.1285789148739	a7	a16	a29	4
12	5.12859433333105	a7	a15	a29	5
13	5.12859703832353	a7	a14
13	5.12860623529797	a7	a17
12	5.12867277811301	a7	a14	a29	6
12	5.12868684407392	a7	a17	a29	7
13	5.12869144256114	a7	a16
12	5.12878719929499	a7	a16	a29	8
13	5.12881073272958	a7	a15
13	5.1288513076168	a7	a17
13	5.12885942259425	a7	a14
13	5.12889053000778	a7	a16
12	5.12889999748147	a7	a15	a29	9
12	5.12895572032659	a7	a17	a29	11
12	5.12895950731607	a7	a14	a29	10
12	5.12900035270254	a7	a16	a29	12
13	5.12906608401984	a7	a15
13	5.12912505285594	a7	a17
13	5.12912802834767	a7	a16
12	5.12912829884692	a7	a15	a29	13
13	5.1291315448379	a7	a14
12	5.12919511216121	a7	a16	a29	14
12	5.12922405558077	a7	a14	a29	15
13	5.1292781554304	a7	a15
13	5.12931683682289	a7	a16
13	5.12939014211914	a7	a14
13	5.1294545209402	a6	a10
13	5.1296757893252	a8	a56
12	5.13027575665762	a8	a56	a42	0
12	5.13037043139447	a6	a10	a30	0
12	5.1304250722426	a7	a14	a31	0
12	5.13082162414041	a7	a15	a31	1
12	5.1308524610547	a7	a17	a31	2
12	5.13093009433892	a7	a16	a31	3
13	5.13093036483817	a7	a14
12	5.13097310371938	a7	a14	a31	4
13	5.13119329010738	a7	a17
13	5.13120005258858	a7	a16
13	5.13123927497957	a7	a15
12	5.13127471038108	a7	a16	a31	5
13	5.13128958783972	a7	a14
12	5.13130635879311	a7	a17	a31	6
12	5.13133286771943	a7	a15	a31	7
12	5.13137290160816	a7	a14	a31	8
13	5.13148028980968	a7	a16
12	5.13155981658864	a7	a16	a31	9
13	5.13162825289842	a7	a17
12	5.13169425471497	a7	a17	a31	10
13	5.13169533671197	a7	a14
13	5.13169966469994	a7	a15
12	5.13171427165934	a7	a14	a31	11
13	5.13173401810445	a7	a16
12	5.13182571734958	a7	a15	a31	12
12	5.1318454637947	a7	a16	a31	13
13	5.13203183777668	a7	a17
13	5.13203860025788	a7	a16
13	5.13204914972856	a7	a14
12	5.13210433157519	a7	a17	a31	14
12	5.13212786500978	a7	a16	a31	15
13	5.13213300449549	a7	a15
13	5.13231126350003	a7	a16
13	5.13242676667899	a7	a17
13	5.13255336032713	a6	a10
13	5.13274162780385	a8	a56
12	5.13293746925952	a8	a56	a45	0
12	5.13298345413171	a6	a10	a32	0
12	5.13304675095578	a7	a14	a33	0
13	5.13307163688661	a7	a14
12	5.1330878668415	a7	a14	a33	1
13	5.13311870375579	a7	a14
12	5.13313547470918	a7	a14	a33	2
13	5.13315819664602	a7	a14
12	5.1331760495964	a7	a14	a33	3
13	5.13320093552723	a7	a14
12	5.13321878847761	a7	a14	a33	4
13	5.13324096941596	a7	a14
12	5.13325882236634	a7	a14	a33	5
13	5.13328100330469	a7	a14
12	5.13339921147613	a7	a16	a33	6
12	5.13341625292877	a7	a15	a33	7
13	5.13346467229419	a7	a16
12	5.13348225474532	a7	a14	a33	8
13	5.13348333674231	a7	a15
13	5.13353851858894	a7	a14
12	5.13354068258292	a7	a17	a33	9
12	5.13357178999646	a7	a16	a33	10
13	5.13357530648668	a7	a17
12	5.13358071647165	a7	a15	a33	11
13	5.13359775792428	a7	a16
12	5.133601815413	a7	a14	a33	12
13	5.13361047138895	a7	a15
13	5.13362183235737	a7	a14
12	5.13367755520249	a7	a17	a33	13
13	5.13370244113332	a7	a17
12	5.13371109710926	a7	a15	a33	14
12	5.13373787653483	a7	a16	a33	15
13	5.13376492645965	a7	a16
13	5.13376898394837	a7	a15
13	5.13397726836945	a6	a10
13	5.13418068380407	a8	a56
12	5.13488885083575	a8	a56	a50	0
12	5.15184915369545	a6	a10	a34	0
12	5.15193895944584	a7	a14	a35	0
12	5.15212533342782	a7	a16	a35	1
12	5.15242639909102	a7	a15	a35	2
12	5.15244803903088	a7	a17	a35	3
13	5.19345572505209	a7	a17
13	5.19784214086026	a7	a14
13	5.20543938274411	a7	a15
13	5.20688249623305	a7	a16
13	5.20707211620601	a6	a10
12	5.20715434797745	a6	a10	a36	0
12	5.20737832135493	a7	a14	a37	0
12	5.2074865210542	a7	a17	a37	1
12	5.20762934465723	a7	a15	a37	2
12	5.20860936343331	a7	a16	a37	3
13	5.21035814107267	a7	a17
13	5.21115070386979	a7	a15
13	5.21127621552093	a7	a14
13	5.21228923520529	a7	a16
13	5.21251347908202	a6	a10
12	5.22414278275896	a6	a10	a38	0
12	5.22420391558904	a7	a14	a39	0
12	5.22455881060263	a7	a15	a39	1
12	5.22473111862371	a7	a16	a39	2
12	5.22475627505379	a7	a17	a39	3
13	5.23096856078705	a7	a15
13	5.23148494385179	a7	a16
13	5.2326380821467	a7	a14
13	5.23326023041747	a7	a17
13	5.23335328215884	a6	a10
12	5.23345607187314	a6	a10	a40	0
12	5.23355777959045	a7	a14	a41	0
12	5.23379581892883	a7	a15	a41	1
12	5.23397732392435	a7	a16	a41	2
12	5.23420805978303	a7	a17	a41	3
13	5.23780786377756	a7	a14
13	5.23810027346482	a7	a16
13	5.23841756908291	a7	a15
13	5.23905648830707	a7	a17
13	5.23915008104693	a6	a10
12	5.2403608356817	a8	a57	a49	0
13	5.26249200216924	a8	a57
12	5.26258938189858	a8	a57	a54	0
12	5.27084826494343	a8	a58	a53	0
13	5.33045169227871	a8	a58
12	5.33051012011632	a8	a58	a52	0
13	5.35599277228857	a8	a58
12	5.3560479541352	a8	a58	a51	0
13	5.37190516106089	a8	a58
13	5.38415985899958	a8	a57
13	5.38441629228683	a8	a56
13	5.38466515159514	a8	a55
12	5.38541659850653	a8	a55	a46	0
12	5.38544473042834	a8	a56	a48	0
13	5.54733690745721	a8	a56
12	5.54759658673544	a6	a10	a20	0
12	5.54766042455801	a7	a14	a21	0
12	5.56214349530305	a7	a17	a21	1
12	5.56216188925192	a7	a15	a21	2
12	5.56219570165794	a7	a16	a21	3
13	5.56424797945374	a7	a14
13	5.56449088777859	a7	a15
13	5.56490123513805	a7	a16
13	5.56637302154729	a7	a17
13	5.56649095921949	a6	a10
12	5.56674685150825	a8	a56	a44	0
12	5.56677444243156	a8	a57	a43	0
12	5.56767033594147	a6	a10	a22	0
12	5.56773092777306	a7	a14	a23	0
12	5.56807446181822	a7	a15	a23	1
12	5.56822756439268	a7	a17	a23	2
12	5.56825650781224	a7	a16	a23	3
13	5.56973640919893	a7	a15
12	5.569798624026	a7	a15	a23	4
13	5.57051652903062	a7	a14
12	5.57058685883514	a7	a14	a23	5
13	5.58676000888269	a7	a17
12	5.58678110782405	a7	a17	a23	6
13	5.58712734686169	a7	a15
12	5.58719821766471	a7	a15	a23	7
13	5.5874273305279	a7	a16
12	5.58749495533994	a7	a16	a23	8
13	5.59950809745002	a7	a15
12	5.59957518126357	a7	a15	a23	9
13	5.60113055194049	a7	a15
12	5.60115435587433	a7	a15	a23	10
13	5.60140781366986	a7	a16
12	5.60149761942025	a7	a16	a23	11
13	5.60170617434058	a7	a14
12	5.60177325815412	a7	a14	a23	12
13	5.60222228690607	a7	a17
12	5.60225420581735	a7	a17	a23	13
13	5.60266806966704	a7	a15
12	5.60274435045502	a7	a15	a23	14
13	5.60408142823868	a7	a16
12	5.60413120010034	a7	a16	a23	15
13	5.6043797889094	a7	a15
13	5.60460484428387	a7	a14
13	5.60503656108394	a7	a17
13	5.60685566852782	a7	a16
13	5.6071302252647	a6	a10
12	5.6086461030514	a6	a10	a24	0
12	5.60869966190253	a7	a14	a25	0
12	5.60872454783336	a7	a17	a25	1
12	5.60880461561082	a7	a15	a25	2
13	5.60882571455218	a7	a14
13	5.6088365345221	a7	a17
12	5.60889117537023	a7	a14	a25	3
13	5.60896745615821	a7	a15
13	5.60900532605296	a7	a14
13	5.60915031364997	a6	a10
12	5.60938672999286	a6	a10	a26	0
12	5.60944515783046	a7	a14	a27	0
12	5.60960637538237	a7	a15	a27	1
13	5.60960745737936	a7	a14
12	5.6096464092711	a7	a14	a27	2
12	5.60975055148164	a7	a16	a27	3
13	5.60982656177037	a7	a15
13	5.60994449944257	a7	a14
13	5.60997181986663	a7	a16
13	5.61013060292531	a6	a10
12	5.6110724813074	a6	a10	a22	0
12	5.611131991142	a7	a14	a23	0
12	5.61135731701571	a7	a16	a23	1
12	5.6113959984082	a7	a15	a23	2
12	5.61160049583981	a7	a17	a23	3
13	5.61309581568365	a7	a15
12	5.61317155547313	a7	a15	a23	4
13	5.61398738120558	a7	a14
12	5.61407448196349	a7	a14	a23	5
13	5.61439096608384	a7	a17
12	5.61441044202971	a7	a17	a23	6
13	5.61461629195756	a7	a16
13	5.61465389135305	a7	a15
12	5.61469311374404	a7	a16	a23	7
12	5.61471069619517	a7	a15	a23	8
13	5.61624334493525	a7	a15
12	5.61630501876383	a7	a15	a23	9
13	5.61683086930225	a7	a14
12	5.61692229804813	a7	a14	a23	10
13	5.61715600939854	a7	a17
12	5.61717602634291	a7	a17	a23	11
13	5.61775597673096	a7	a15
12	5.61783712650541	a7	a15	a23	12
13	5.6182869667551	a7	a16
12	5.61835675556113	a7	a16	a23	13
13	5.61938005421692	a7	a15
12	5.61944713803047	a7	a15	a23	14
13	5.61990374076136	a7	a17
13	5.61995459462002	a7	a14
12	5.61996703758543	a7	a17	a23	15
13	5.62071605000359	a7	a16
13	5.62098303276152	a7	a15
13	5.62245022068355	a7	a17
13	5.62259791327305	a6	a10
13	5.62290087243099	a8	a57
12	5.62314269875884	a6	a10	a28	0
12	5.62319950360096	a7	a14	a29	0
12	5.62325252145359	a7	a17	a29	1
12	5.62337072962504	a7	a16	a29	2
13	5.62340400103256	a7	a14
13	5.62343808393783	a7	a17
12	5.62345539588972	a7	a14	a29	3
12	5.62346892085212	a7	a15	a29	4
12	5.62352951268371	a7	a17	a29	5
13	5.62360335897846	a7	a16
13	5.62361390844914	a7	a14
13	5.62365231934238	a7	a15
12	5.62367287728524	a7	a14	a29	6
13	5.62368477925216	a7	a17
12	5.62369749271682	a7	a16	a29	7
12	5.6237377971048	a7	a15	a29	8
12	5.62378269997999	a7	a17	a29	9
13	5.62382056987473	a7	a14
13	5.62382408636496	a7	a16
12	5.62384112781759	a7	a14	a29	10
13	5.62387358772737	a7	a15
12	5.6239203840973	a7	a16	a29	11
13	5.62393363856046	a7	a17
12	5.6239720494537	a7	a15	a29	12
13	5.62399044340258	a7	a14
12	5.62400559136047	a7	a17	a29	13
13	5.62404319075597	a7	a16
13	5.62408565913793	a7	a15
12	5.62410188909282	a7	a14	a29	14
12	5.62412001254245	a7	a16	a29	15
13	5.62415652994095	a7	a17
13	5.62422172025976	a7	a16
13	5.62425769665976	a7	a14
13	5.62433505944473	a6	a10
13	5.62437130634399	a8	a56
12	5.62585634721639	a8	a56	a42	0
12	5.62597428488859	a6	a10	a30	0
12	5.6260316307292	a7	a14	a31	0
12	5.62623856265404	a7	a16	a31	1
12	5.62642764162851	a7	a15	a31	2
13	5.62650879140296	a7	a14
12	5.62657100623003	a7	a17	a31	4
12	5.62657208822703	a7	a14	a31	3
13	5.62658426069319	a7	a16
12	5.62666378747215	a7	a16	a31	5
13	5.62672627279848	a7	a15
12	5.62679443860902	a7	a15	a31	6
13	5.62688451485865	a7	a16
13	5.6269145402752	a7	a14
12	5.62696836962558	a7	a16	a31	7
13	5.62697242711431	a7	a15
13	5.62698865706919	a7	a17
12	5.62699623104814	a7	a14	a31	8
12	5.62705033089778	a7	a15	a31	9
12	5.62708008581507	a7	a17	a31	10
13	5.62718747401659	a7	a16
12	5.62726700079555	a7	a16	a31	11
13	5.62728296025119	a7	a15
12	5.62734409308128	a7	a15	a31	12
13	5.62737655299106	a7	a14
13	5.62743714482265	a7	a17
12	5.62744093181212	a7	a14	a31	13
12	5.62745662076851	a7	a17	a31	14
13	5.62747528521664	a7	a16
13	5.62751937659409	a7	a15
12	5.62755535299409	a7	a16	a31	15
13	5.62772955450991	a7	a16
13	5.62775038295202	a7	a14
13	5.62777743287683	a7	a17
13	5.62792404346933	a6	a10
13	5.62832275936112	a8	a56
12	5.62837685921076	a8	a56	a45	0
12	5.62843853303934	a6	a10	a32	0
12	5.62854024075665	a7	a14	a33	0
13	5.62858838962282	a7	a14
12	5.62860840656718	a7	a14	a33	1
13	5.62863221050102	a7	a14
12	5.6286506044499	a7	a14	a33	2
13	5.62867332638674	a7	a14
12	5.62882426496722	a7	a14	a33	3
13	5.62885239688902	a7	a14
12	5.6289005457552	a7	a14	a33	4
12	5.62895275211009	a7	a16	a33	5
12	5.62901090944845	a7	a17	a33	6
12	5.62904553335221	a7	a15	a33	7
13	5.62904607435071	a7	a17
13	5.62905797631763	a7	a14
13	5.62906419780033	a7	a16
13	5.62911424016124	a7	a15
12	5.62912884712064	a7	a14	a33	8
12	5.6291358801011	a7	a17	a33	9
13	5.62915156905749	a7	a14
12	5.6291577905402	a7	a16	a33	10
13	5.62916779901238	a7	a17
13	5.62917672548757	a7	a16
12	5.62924137480788	a7	a15	a33	11
13	5.62926517874172	a7	a15
12	5.62928086769811	a7	a17	a33	12
12	5.62928898267556	a7	a14	a33	13
13	5.62931603260037	a7	a14
13	5.62933009856128	a7	a17
12	5.62934551701842	a7	a16	a33	14
12	5.62938203441692	a7	a15	a33	15
13	5.62939528888008	a7	a16
13	5.62939826437181	a7	a15
13	5.62959951581244	a6	a10
13	5.62969905953577	a8	a56
12	5.63155630737364	a8	a56	a50	0
12	5.64841598451302	a6	a10	a34	0
12	5.64849983927995	a7	a14	a35	0
12	5.64862562143034	a7	a16	a35	1
12	5.64868756575817	a7	a15	a35	2
12	5.64899106591461	a7	a17	a35	3
13	5.69149461277815	a7	a17
13	5.69488396835761	a7	a14
13	5.70083603381414	a7	a15
13	5.70152391340221	a7	a16
13	5.70178061718872	a6	a10
12	5.70189476787144	a6	a10	a36	0
12	5.70197699964288	a7	a14	a37	0
12	5.70227454881586	a7	a15	a37	1
12	5.70231106621436	a7	a16	a37	2
12	5.70240763444596	a7	a17	a37	3
13	5.70494978638017	a7	a17
13	5.70646160667814	a7	a16
13	5.70716138823314	a7	a14
13	5.70733558974895	a7	a15
13	5.70750329928281	a6	a10
12	5.71936685530866	a6	a10	a38	0
12	5.71949182596131	a7	a14	a39	0
12	5.71976989918842	a7	a15	a39	1
12	5.7199119112937	a7	a16	a39	2
12	5.71997656061401	a7	a17	a39	3
13	5.72555668960433	a7	a16
13	5.72572304664194	a7	a15
13	5.72756027753545	a7	a14
13	5.72841289116566	a7	a17
13	5.7284805159777	a6	a10
12	5.72859520765892	a6	a10	a40	0
12	5.72865093050404	a7	a14	a41	0
12	5.7289433401913	a7	a16	a41	1
12	5.72907345032967	a7	a15	a41	2
12	5.72930553868459	a7	a17	a41	3
13	5.73264917989111	a7	a16
13	5.7327165342039	a7	a15
13	5.73287071877535	a7	a14
13	5.73317962891675	a7	a17
13	5.73326943466714	a6	a10
12	5.73456512606583	a8	a57	a49	0
13	5.75582312098031	a8	a57
12	5.75591833671566	a8	a57	a54	0
12	5.76424376257556	a8	a58	a53	0
13	5.82386179687024	a8	a58
12	5.82390940473792	a8	a58	a52	0
13	5.84933200607708	a8	a58
12	5.84938772892221	a8	a58	a51	0
13	5.86492791072905	a8	a58
13	5.87718585465872	a8	a57
13	5.87759268552795	a8	a56
13	5.87782260988889	a8	a55
12	5.87804496027088	a8	a55	a50	0
12	5.90806929481976	a6	a10	a34	0
12	5.90814719860323	a7	a14	a35	0
12	5.90842851782131	a7	a15	a35	1
12	5.90851967606794	a7	a16	a35	2
12	5.90864708121383	a7	a17	a35	3
13	5.95370143598752	a7	a17
13	5.95534228442687	a7	a14
13	5.96016366302609	a7	a15
13	5.96103223611194	a7	a16
13	5.96119751115256	a6	a10
12	5.96130030086686	a6	a10	a36	0
12	5.96148261736012	a7	a14	a37	0
12	5.96154645518269	a7	a17	a37	1
12	5.9616043420218	a7	a15	a37	2
12	5.96175446910453	a7	a16	a37	3
13	5.96498774661779	a7	a14
13	5.96535778958928	a7	a15
13	5.96541080744192	a7	a17
13	5.96564587128857	a7	a16
13	5.96578896539085	a6	a10
12	5.97721701762715	a6	a10	a38	0
12	5.97728788843017	a7	a14	a39	0
12	5.97741502307681	a7	a15	a39	1
12	5.97743612201816	a7	a17	a39	2
12	5.97748941037005	a7	a16	a39	3
13	5.98303599745359	a7	a15
13	5.98304546492728	a7	a16
13	5.98380583831386	a7	a14
13	5.98486673636515	a7	a17
13	5.98496519809148	a6	a10
12	5.98505770883435	a6	a10	a40	0
12	5.98509936571856	a7	a14	a41	0
12	5.98522433637121	a7	a15	a41	1
12	5.98541666133666	a7	a16	a41	2
12	5.98582863169161	a7	a17	a41	3
13	5.98918174037181	a7	a14
13	5.98943519816734	a7	a16
13	5.98977846171325	a7	a15
13	5.99056020454044	a7	a17
13	5.9906548792773	a6	a10
12	5.99185860093161	a8	a56	a49	0
13	6.01428136560867	a8	a56
12	6.01436738436959	a8	a56	a54	0
12	6.02256513458435	a8	a57	a53	0
13	6.08142090199772	a8	a57
12	6.08145173891201	a8	a57	a52	0
13	6.10624245400747	a8	a57
12	6.10627274992326	a8	a57	a51	0
13	6.12156244942631	a8	a57
13	6.13385231226726	a8	a56
13	6.13398106990939	a8	a55
