%EventDef PajeDefineContainerType 0 
%       Alias string 
%       Type string 
%       Name string 
%EndEventDef 
%EventDef PajeDefineVariableType 1 
%       Alias string 
%       Type string 
%       Name string 
%       Color color 
%EndEventDef 
%EventDef PajeDefineStateType 2 
%       Alias string 
%       Type string 
%       Name string 
%EndEventDef 
%EventDef PajeDefineEventType 3 
%       Alias string 
%       Type string 
%       Name string 
%       Color color 
%EndEventDef 
%EventDef PajeDefineLinkType 4 
%       Alias string 
%       Type string 
%       StartContainerType string 
%       EndContainerType string 
%       Name string 
%EndEventDef 
%EventDef PajeDefineEntityValue 5 
%       Alias string 
%       Type string 
%       Name string 
%       Color color 
%EndEventDef 
%EventDef PajeCreateContainer 6 
%       Time date 
%       Alias string 
%       Type string 
%       Container string 
%       Name string 
%EndEventDef 
%EventDef PajeDestroyContainer 7 
%       Time date 
%       Type string 
%       Name string 
%EndEventDef 
%EventDef PajeSetVariable 8 
%       Time date 
%       Type string 
%       Container string 
%       Value double 
%EndEventDef
%EventDef PajeAddVariable 9 
%       Time date 
%       Type string 
%       Container string 
%       Value double 
%EndEventDef
%EventDef PajeSubVariable 10 
%       Time date 
%       Type string 
%       Container string 
%       Value double 
%EndEventDef
%EventDef PajeSetState 11 
%       Time date 
%       Type string 
%       Container string 
%       Value string 
%EndEventDef
%EventDef PajePushState 12 
%       Time date 
%       Type string 
%       Container string 
%       Value string 
%       Id string 
%EndEventDef
%EventDef PajePopState 13 
%       Time date 
%       Type string 
%       Container string 
%EndEventDef
%EventDef PajeResetState 14 
%       Time date 
%       Type string 
%       Container string 
%EndEventDef
%EventDef PajeStartLink 15 
%       Time date 
%       Type string 
%       Container string 
%       Value string 
%       StartContainer string 
%       Key string 
%EndEventDef
%EventDef PajeEndLink 16 
%       Time date 
%       Type string 
%       Container string 
%       Value string 
%       EndContainer string 
%       Key string 
%EndEventDef
%EventDef PajeNewEvent 17 
%       Time date 
%       Type string 
%       Container string 
%       Value string 
%EndEventDef
0	a1	0	"Task Manager"
0	a2	a1	"Node"
0	a3	a1	"Thread"
0	a4	a1	"Jobs"
0	a5	a1	"Memory usage"
2	a6	a4	"Job"
2	a7	a3	"Task"
2	a8	a3	"Timer state"
6	0	a9	a1	0	"The task manager"
6	0	a10	a4	a9	"Jobs"
6	0	a11	a5	a9	"Memory"
1	a12	a1	"Memory [MB]"	"1.0 1.0 1.0"
6	0	a13	a2	a9	"Node 0"
6	0	a14	a3	a13	"Thread 0"
6	0	a15	a3	a13	"Thread 1"
6	0	a16	a3	a13	"Thread 2"
6	0	a17	a3	a13	"Thread 3"
5	a18	a6	"ngcore::ParallelFor<int,ngcore::EnterTaskManager()::{lambda(int)#1}>(ngcore::T_Range<int>,ngcore::EnterTaskManager()::{lambda(int)#1},int,ngcore::TotalCosts)::{lambda(ngcore::TaskInfo&)#1}"	"0.630615054310908 1 0"
5	a19	a7	"ngcore::ParallelFor<int,ngcore::EnterTaskManager()::{lambda(int)#1}>(ngcore::T_Range<int>,ngcore::EnterTaskManager()::{lambda(int)#1},int,ngcore::TotalCosts)::{lambda(ngcore::TaskInfo&)#1}"	"0.630615054310908 1 0"
5	a20	a6	"ngcore::ParallelForRange<netgen::ElementIndex,netgen::MeshOptimize3d::SwapImprove(netgen::Mesh&,netgen::OPTIMIZEGOAL,netgen::NgBitArray const*)::{lambda(auto:1)#1}>(ngcore::T_Range<netgen::ElementIndex>,netgen::MeshOptimize3d::SwapImprove(netgen::Mesh&,netgen::OPTIMIZEGOAL,netgen::NgBitArray const*)::{lambda(auto:1)#1},int,ngcore::TotalCosts)::{lambda(ngcore::TaskInfo&)#1}"	"0.708022642579866 0 1"
5	a21	a7	"ngcore::ParallelForRange<netgen::ElementIndex,netgen::MeshOptimize3d::SwapImprove(netgen::Mesh&,netgen::OPTIMIZEGOAL,netgen::NgBitArray const*)::{lambda(auto:1)#1}>(ngcore::T_Range<netgen::ElementIndex>,netgen::MeshOptimize3d::SwapImprove(netgen::Mesh&,netgen::OPTIMIZEGOAL,netgen::NgBitArray const*)::{lambda(auto:1)#1},int,ngcore::TotalCosts)::{lambda(ngcore::TaskInfo&)#1}"	"0.708022642579866 0 1"
5	a22	a6	"ngcore::ParallelForRange<netgen::ElementIndex,ngcore::CreateTable<netgen::ElementIndex,netgen::PointIndex,ngcore::T_Range<netgen::ElementIndex>,netgen::Mesh::CreatePoint2ElementTable(std::optional<ngcore::BitArray>)const::{lambda(auto:1&,netgen::ElementIndex)#1}>(ngcore::T_Range<netgen::ElementIndex>const&,netgen::Mesh::CreatePoint2ElementTable(std::optional<ngcore::BitArray>)const::{lambda(auto:1&,netgen::ElementIndex)#1}const&,std::optional<unsigned long>)::{lambda(auto:1)#1}>(ngcore::T_Range<netgen::ElementIndex>,ngcore::Table,int,ngcore::TotalCosts)::{lambda(ngcore::TaskInfo&)#1}"	"0 0.230008221284954 1"
5	a23	a7	"ngcore::ParallelForRange<netgen::ElementIndex,ngcore::CreateTable<netgen::ElementIndex,netgen::PointIndex,ngcore::T_Range<netgen::ElementIndex>,netgen::Mesh::CreatePoint2ElementTable(std::optional<ngcore::BitArray>)const::{lambda(auto:1&,netgen::ElementIndex)#1}>(ngcore::T_Range<netgen::ElementIndex>const&,netgen::Mesh::CreatePoint2ElementTable(std::optional<ngcore::BitArray>)const::{lambda(auto:1&,netgen::ElementIndex)#1}const&,std::optional<unsigned long>)::{lambda(auto:1)#1}>(ngcore::T_Range<netgen::ElementIndex>,ngcore::Table,int,ngcore::TotalCosts)::{lambda(ngcore::TaskInfo&)#1}"	"0 0.230008221284954 1"
5	a24	a6	"ngcore::TablePrefixSum2<unsigned int>(ngcore::FlatArray<unsigned int,unsigned long>)::{lambda(ngcore::TaskInfo)#1}"	"0 0.312895337658212 1"
5	a25	a7	"ngcore::TablePrefixSum2<unsigned int>(ngcore::FlatArray<unsigned int,unsigned long>)::{lambda(ngcore::TaskInfo)#1}"	"0 0.312895337658212 1"
5	a26	a6	"ngcore::TablePrefixSum2<unsigned int>(ngcore::FlatArray<unsigned int,unsigned long>)::{lambda(ngcore::TaskInfo)#2}"	"0 1 0.887517304832004"
5	a27	a7	"ngcore::TablePrefixSum2<unsigned int>(ngcore::FlatArray<unsigned int,unsigned long>)::{lambda(ngcore::TaskInfo)#2}"	"0 1 0.887517304832004"
5	a28	a6	"ngcore::ParallelForRange<netgen::PointIndex,ngcore::CreateSortedTable<netgen::ElementIndex,netgen::PointIndex,ngcore::T_Range<netgen::ElementIndex>,netgen::Mesh::CreatePoint2ElementTable(std::optional<ngcore::BitArray>)const::{lambda(auto:1&,netgen::ElementIndex)#1}>(ngcore::T_Range<netgen::ElementIndex>const&,netgen::Mesh::CreatePoint2ElementTable(std::optional<ngcore::BitArray>)const::{lambda(auto:1&,netgen::ElementIndex)#1}const&,std::optional<unsigned long>)::{lambda(auto:1)#1}>(ngcore::T_Range<netgen::PointIndex>,ngcore::Table,int,ngcore::TotalCosts)::{lambda(ngcore::TaskInfo&)#1}"	"0 0.170427812303051 1"
5	a29	a7	"ngcore::ParallelForRange<netgen::PointIndex,ngcore::CreateSortedTable<netgen::ElementIndex,netgen::PointIndex,ngcore::T_Range<netgen::ElementIndex>,netgen::Mesh::CreatePoint2ElementTable(std::optional<ngcore::BitArray>)const::{lambda(auto:1&,netgen::ElementIndex)#1}>(ngcore::T_Range<netgen::ElementIndex>const&,netgen::Mesh::CreatePoint2ElementTable(std::optional<ngcore::BitArray>)const::{lambda(auto:1&,netgen::ElementIndex)#1}const&,std::optional<unsigned long>)::{lambda(auto:1)#1}>(ngcore::T_Range<netgen::PointIndex>,ngcore::Table,int,ngcore::TotalCosts)::{lambda(ngcore::TaskInfo&)#1}"	"0 0.170427812303051 1"
5	a30	a6	"ngcore::ParallelFor<unsigned long,netgen::BuildEdgeList<netgen::ElementIndex>(netgen::Mesh const&,ngcore::Table<netgen::ElementIndex,netgen::PointIndex>const&,ngcore::Array<std::tuple<netgen::PointIndex,netgen::PointIndex>,unsigned long>&)::{lambda(int)#1}>(ngcore::T_Range<unsigned long>,netgen::BuildEdgeList<netgen::ElementIndex>(netgen::Mesh const&,ngcore::Table<netgen::ElementIndex,netgen::PointIndex>const&,ngcore::Array<std::tuple<netgen::PointIndex,netgen::PointIndex>,unsigned long>&)::{lambda(int)#1},int,ngcore::TotalCosts)::{lambda(ngcore::TaskInfo&)#1}"	"1 0.872005992306398 0"
5	a31	a7	"ngcore::ParallelFor<unsigned long,netgen::BuildEdgeList<netgen::ElementIndex>(netgen::Mesh const&,ngcore::Table<netgen::ElementIndex,netgen::PointIndex>const&,ngcore::Array<std::tuple<netgen::PointIndex,netgen::PointIndex>,unsigned long>&)::{lambda(int)#1}>(ngcore::T_Range<unsigned long>,netgen::BuildEdgeList<netgen::ElementIndex>(netgen::Mesh const&,ngcore::Table<netgen::ElementIndex,netgen::PointIndex>const&,ngcore::Array<std::tuple<netgen::PointIndex,netgen::PointIndex>,unsigned long>&)::{lambda(int)#1},int,ngcore::TotalCosts)::{lambda(ngcore::TaskInfo&)#1}"	"1 0.872005992306398 0"
5	a32	a6	"ngcore::ParallelForRange<unsigned long,netgen::MeshOptimize3d::SwapImprove(netgen::Mesh&,netgen::OPTIMIZEGOAL,netgen::NgBitArray const*)::{lambda(auto:1)#2}>(ngcore::T_Range<unsigned long>,netgen::MeshOptimize3d::SwapImprove(netgen::Mesh&,netgen::OPTIMIZEGOAL,netgen::NgBitArray const*)::{lambda(auto:1)#2},int,ngcore::TotalCosts)::{lambda(ngcore::TaskInfo&)#1}"	"1 0.408375991137786 0"
5	a33	a7	"ngcore::ParallelForRange<unsigned long,netgen::MeshOptimize3d::SwapImprove(netgen::Mesh&,netgen::OPTIMIZEGOAL,netgen::NgBitArray const*)::{lambda(auto:1)#2}>(ngcore::T_Range<unsigned long>,netgen::MeshOptimize3d::SwapImprove(netgen::Mesh&,netgen::OPTIMIZEGOAL,netgen::NgBitArray const*)::{lambda(auto:1)#2},int,ngcore::TotalCosts)::{lambda(ngcore::TaskInfo&)#1}"	"1 0.408375991137786 0"
5	a34	a6	"ngcore::ParallelForRange<netgen::ElementIndex,netgen::Mesh::Compress()::{lambda(auto:1)#1}>(ngcore::T_Range<netgen::ElementIndex>,netgen::Mesh::Compress()::{lambda(auto:1)#1},int,ngcore::TotalCosts)::{lambda(ngcore::TaskInfo&)#1}"	"1 0.0611641584106637 0"
5	a35	a7	"ngcore::ParallelForRange<netgen::ElementIndex,netgen::Mesh::Compress()::{lambda(auto:1)#1}>(ngcore::T_Range<netgen::ElementIndex>,netgen::Mesh::Compress()::{lambda(auto:1)#1},int,ngcore::TotalCosts)::{lambda(ngcore::TaskInfo&)#1}"	"1 0.0611641584106637 0"
5	a36	a6	"ngcore::ParallelForRange<netgen::SurfaceElementIndex,netgen::Mesh::Compress()::{lambda(auto:1)#2}>(ngcore::T_Range<netgen::SurfaceElementIndex>,netgen::Mesh::Compress()::{lambda(auto:1)#2},int,ngcore::TotalCosts)::{lambda(ngcore::TaskInfo&)#1}"	"1 0 -2.77631980257023"
5	a37	a7	"ngcore::ParallelForRange<netgen::SurfaceElementIndex,netgen::Mesh::Compress()::{lambda(auto:1)#2}>(ngcore::T_Range<netgen::SurfaceElementIndex>,netgen::Mesh::Compress()::{lambda(auto:1)#2},int,ngcore::TotalCosts)::{lambda(ngcore::TaskInfo&)#1}"	"1 0 -2.77631980257023"
5	a38	a6	"ngcore::ParallelForRange<netgen::ElementIndex,netgen::Mesh::Compress()::{lambda(auto:1)#3}>(ngcore::T_Range<netgen::ElementIndex>,netgen::Mesh::Compress()::{lambda(auto:1)#3},int,ngcore::TotalCosts)::{lambda(ngcore::TaskInfo&)#1}"	"0.688034037288286 1 0"
5	a39	a7	"ngcore::ParallelForRange<netgen::ElementIndex,netgen::Mesh::Compress()::{lambda(auto:1)#3}>(ngcore::T_Range<netgen::ElementIndex>,netgen::Mesh::Compress()::{lambda(auto:1)#3},int,ngcore::TotalCosts)::{lambda(ngcore::TaskInfo&)#1}"	"0.688034037288286 1 0"
5	a40	a6	"ngcore::ParallelForRange<netgen::SurfaceElementIndex,netgen::Mesh::Compress()::{lambda(auto:1)#4}>(ngcore::T_Range<netgen::SurfaceElementIndex>,netgen::Mesh::Compress()::{lambda(auto:1)#4},int,ngcore::TotalCosts)::{lambda(ngcore::TaskInfo&)#1}"	"0 0.666479625428673 1"
5	a41	a7	"ngcore::ParallelForRange<netgen::SurfaceElementIndex,netgen::Mesh::Compress()::{lambda(auto:1)#4}>(ngcore::T_Range<netgen::SurfaceElementIndex>,netgen::Mesh::Compress()::{lambda(auto:1)#4},int,ngcore::TotalCosts)::{lambda(ngcore::TaskInfo&)#1}"	"0 0.666479625428673 1"
5	a42	a8	"Build edges"	"0 0.0614795051658243 1"
5	a43	a8	"CreateTable"	"0.608616351291681 0 1"
5	a44	a8	"CreateSortedTable"	"0 0.0381698166109086 1"
5	a45	a8	"MeshOptimize3d::SwapImprove loop"	"0.154668690207104 1 0"
5	a46	a8	"MeshOptimize3d::SwapImprove"	"1 0 -2.43968480148811"
5	a47	a8	"FreeOpenElementsEnvironment"	"0.907015785320433 0 1"
5	a48	a8	"Mesh::BuildBoundaryEdges"	"1 0 -2.61861416630415"
5	a49	a8	"Mesh::LinkSurfaceElements"	"0 1 0.171518596860468"
5	a50	a8	"Mesh::Compress"	"1 0.648677515017027 0"
5	a51	a8	"Mesh::CalcSurfacesOfNode, pointloop"	"0 0.319536079261344 1"
5	a52	a8	"Mesh::CalcSurfacesOfNode - surfelementht"	"0.690162641156969 0 1"
5	a53	a8	"Mesh::CalcSurfacesOfNode - surf on node"	"0.000515674241007069 1 0"
5	a54	a8	"Mesh::CalcSurfacesOfNode"	"1 0 -2.35340285344361"
6	0	a55	a3	a9	"Timer level 0"
6	0	a56	a3	a9	"Timer level 1"
6	0	a57	a3	a9	"Timer level 2"
6	0	a58	a3	a9	"Timer level 3"
4	a59	a2	a3	a3	"links"
8	0	a12	a11	0
12	0.138391202348642	a6	a10	a18	0
12	0.138538353939642	a7	a14	a19	0
13	0.138552960899042	a7	a14
12	0.138571895846413	a7	a14	a19	1
13	0.138577305831377	a7	a14
12	0.138594617783259	a7	a14	a19	2
13	0.138600568766719	a7	a14
12	0.138617339720105	a7	a14	a19	3
13	0.138623290703564	a7	a14
13	0.138981431708129	a6	a10
12	0.141000979094899	a8	a55	a47	0
13	0.154307919108931	a8	a55
12	0.154571926375137	a8	a55	a46	0
12	0.154738012913507	a8	a56	a48	0
13	0.154804555728555	a8	a56
12	0.155793500979832	a6	a10	a20	0
12	0.155929291602409	a7	a14	a21	0
12	0.156011793873098	a7	a15	a21	1
12	0.156054803253555	a7	a17	a21	2
12	0.156340450459613	a7	a16	a21	3
13	0.15638805832729	a7	a14
13	0.158945358219404	a7	a17
13	0.159083042336718	a7	a15
13	0.159269957317197	a7	a16
13	0.15939005898338	a6	a10
12	0.160194523747411	a8	a56	a44	0
12	0.160297854460209	a8	a57	a43	0
12	0.160574304691829	a6	a10	a22	0
12	0.160639765509884	a7	a14	a23	0
12	0.160734981245237	a7	a16	a23	1
12	0.160846426935479	a7	a17	a23	2
12	0.161005750992646	a7	a15	a23	3
13	0.161322505612243	a7	a14
12	0.161386343434809	a7	a14	a23	4
13	0.161926259934138	a7	a16
13	0.161981441780763	a7	a14
12	0.161991179753697	a7	a16	a23	5
13	0.161998212734149	a7	a17
12	0.162049607591299	a7	a14	a23	6
13	0.162056911071	a7	a15
12	0.162085854490553	a7	a17	a23	7
12	0.162132109861988	a7	a15	a23	8
13	0.162635508962816	a7	a14
13	0.162679870839514	a7	a16
12	0.162715576740272	a7	a14	a23	9
12	0.162777791567349	a7	a16	a23	10
13	0.162807816983895	a7	a15
13	0.162857859344804	a7	a17
12	0.162902491720751	a7	a15	a23	11
12	0.1629173691794	a7	a17	a23	12
13	0.163307970093744	a7	a14
12	0.163362069943376	a7	a14	a23	13
13	0.163438891729854	a7	a16
12	0.163499483561442	a7	a16	a23	14
13	0.163566567374986	a7	a17
13	0.163581444833635	a7	a15
12	0.163631487194545	a7	a17	a23	15
13	0.163961496277301	a7	a14
13	0.164124877823191	a7	a16
13	0.164304489323969	a7	a17
13	0.164426213985642	a6	a10
12	0.164701041221773	a6	a10	a24	0
12	0.164768125035317	a7	a14	a25	0
13	0.16483683184435	a7	a14
12	0.164872537745108	a7	a14	a25	1
13	0.164914194629324	a7	a14
12	0.16491635862331	a7	a17	a25	2
12	0.164953687519556	a7	a14	a25	3
13	0.16498831142332	a7	a14
13	0.165108954088	a7	a17
13	0.165308041534647	a6	a10
12	0.165382158328643	a6	a10	a26	0
12	0.165439504169253	a7	a14	a27	0
13	0.165519030948212	a7	a14
12	0.16554581037378	a7	a15	a27	1
12	0.165556359844459	a7	a14	a27	2
13	0.16564291960387	a7	a14
12	0.165699724445984	a7	a14	a27	3
13	0.16574733231366	a7	a14
13	0.165837408563298	a7	a15
13	0.166017290563325	a6	a10
12	0.16624450993178	a6	a10	a22	0
12	0.166309429751339	a7	a14	a23	0
12	0.166360283609993	a7	a17	a23	1
12	0.166435482400982	a7	a16	a23	2
12	0.166508787697233	a7	a15	a23	3
13	0.166857461228113	a7	a14
12	0.166918594058197	a7	a14	a23	4
13	0.16716231388079	a7	a15
13	0.167171781354476	a7	a17
13	0.167178273336432	a7	a16
12	0.167233184683809	a7	a15	a23	5
12	0.167242111158998	a7	a16	a23	6
12	0.167261046106369	a7	a17	a23	7
13	0.167468789528957	a7	a14
12	0.16752721736656	a7	a14	a23	8
13	0.167833422515478	a7	a17
13	0.167853168960594	a7	a15
13	0.167883194377139	a7	a16
12	0.167898342335036	a7	a17	a23	9
12	0.167917547781656	a7	a15	a23	10
12	0.167963803153091	a7	a16	a23	11
13	0.168092560795216	a7	a14
12	0.168152611628308	a7	a14	a23	12
13	0.168499932662947	a7	a17
12	0.168555655508068	a7	a17	a23	13
13	0.168569450969724	a7	a15
13	0.168616788338152	a7	a16
12	0.168624091817852	a7	a15	a23	14
13	0.16870821708403	a7	a14
12	0.168709840079519	a7	a16	a23	15
13	0.169188623748764	a7	a17
13	0.169289790467577	a7	a16
13	0.169294388954795	a7	a15
13	0.169457500001436	a6	a10
13	0.169621422545822	a8	a57
12	0.169658210443572	a6	a10	a28	0
12	0.169722048266138	a7	a14	a29	0
12	0.169780476103741	a7	a17	a29	1
13	0.169887593806012	a7	a14
12	0.169929250690229	a7	a14	a29	2
12	0.169971719072191	a7	a15	a29	3
13	0.169989301523321	a7	a14
12	0.170005531478211	a7	a16	a29	4
12	0.170041237378968	a7	a14	a29	5
13	0.170043401372953	a7	a17
13	0.170092091237622	a7	a14
12	0.170106698197023	a7	a17	a29	6
12	0.170149437078232	a7	a14	a29	7
13	0.170167560527859	a7	a15
13	0.170178650997034	a7	a17
13	0.170197585944405	a7	a14
12	0.170230586852681	a7	a17	a29	8
12	0.170251956293285	a7	a15	a29	9
12	0.170260341769978	a7	a14	a29	10
13	0.170268997745919	a7	a16
13	0.170281440711335	a7	a17
13	0.170309302133895	a7	a15
13	0.170335540560967	a7	a14
12	0.170359344494805	a7	a17	a29	11
12	0.170381525433154	a7	a16	a29	12
12	0.170411280350452	a7	a14	a29	13
13	0.170433461288801	a7	a17
12	0.170441846765494	a7	a15	a29	14
13	0.170452937234669	a7	a16
13	0.1704778231655	a7	a14
12	0.170494053120389	a7	a17	a29	15
13	0.17055275145724	a7	a15
13	0.17059251484672	a7	a17
13	0.170767798359528	a6	a10
13	0.170789979297878	a8	a56
12	0.171530606239342	a8	a56	a42	0
12	0.171777301553665	a6	a10	a30	0
12	0.17183248340029	a7	a14	a31	0
12	0.171936355111584	a7	a16	a31	1
12	0.172107310636422	a7	a17	a31	2
13	0.172124081589808	a7	a14
12	0.172151402013872	a7	a15	a31	3
12	0.172163574480039	a7	a14	a31	4
13	0.172245265252984	a7	a16
13	0.172267987189829	a7	a14
12	0.172305316086075	a7	a16	a31	5
13	0.172343726979314	a7	a17
12	0.172346972970292	a7	a14	a31	6
13	0.172378621382327	a7	a15
12	0.172404859809399	a7	a17	a31	7
13	0.172443270702638	a7	a16
12	0.17245760716279	a7	a15	a31	8
13	0.172495747556781	a7	a14
12	0.172501157541744	a7	a16	a31	9
13	0.172510895514678	a7	a17
12	0.172582848314689	a7	a17	a31	10
13	0.172587446801907	a7	a15
12	0.172627751189883	a7	a14	a31	11
13	0.172639112158306	a7	a16
12	0.172653448618459	a7	a15	a31	12
13	0.172699162991398	a7	a17
12	0.172729458907192	a7	a16	a31	13
13	0.172751639845541	a7	a14
13	0.17276056632073	a7	a15
12	0.172778148771861	a7	a17	a31	14
12	0.172855782056083	a7	a15	a31	15
13	0.172862544537287	a7	a16
13	0.172889053463607	a7	a17
13	0.17294883379745	a7	a15
13	0.173105993860632	a6	a10
13	0.173490102793021	a8	a56
12	0.173636172387028	a8	a56	a45	0
12	0.173738962101329	a6	a10	a32	0
12	0.17379468494645	a7	a14	a33	0
13	0.173981870426177	a7	a14
12	0.173984575418659	a7	a16	a33	1
12	0.174028937295357	a7	a17	a33	2
12	0.174057069217166	a7	a14	a33	3
12	0.174080602651756	a7	a15	a33	4
13	0.174083578143486	a7	a14
13	0.174146874967556	a7	a16
13	0.174149579960037	a7	a17
12	0.174151743954022	a7	a14	a33	5
13	0.174168514907408	a7	a14
13	0.17418447436305	a7	a15
12	0.174259943653287	a7	a17	a33	6
12	0.174267517632235	a7	a16	a33	7
12	0.174277796603665	a7	a14	a33	8
13	0.174295649554044	a7	a14
13	0.174305387526978	a7	a17
13	0.174311338510437	a7	a16
12	0.174333248949538	a7	a15	a33	9
12	0.1743757173315	a7	a17	a33	10
13	0.174390053791652	a7	a15
13	0.174390865289397	a7	a17
12	0.174404931250301	a7	a16	a33	11
12	0.174415210221731	a7	a14	a33	12
13	0.174426030191658	a7	a16
13	0.17443306317211	a7	a14
12	0.174466605078882	a7	a17	a33	13
12	0.174489597514976	a7	a15	a33	14
12	0.174500146985654	a7	a16	a33	15
13	0.174512048952573	a7	a17
13	0.174515835942047	a7	a16
13	0.174551271343556	a7	a15
13	0.17479336817066	a6	a10
13	0.174889665903006	a8	a56
12	0.176046320688142	a8	a56	a50	0
12	0.180111383389506	a6	a10	a34	0
12	0.18021363210531	a7	a14	a35	0
12	0.180326430291794	a7	a15	a35	1
12	0.180473852382041	a7	a16	a35	2
12	0.180570691112883	a7	a17	a35	3
13	0.198141781274925	a7	a14
13	0.20487342556466	a7	a16
13	0.205271329958705	a7	a15
13	0.205680054322676	a7	a17
13	0.205952717564822	a6	a10
12	0.2060295393513	a6	a10	a36	0
12	0.206085262196421	a7	a14	a37	0
12	0.206177772939292	a7	a16	a37	1
12	0.206386868858121	a7	a15	a37	2
12	0.206450977179935	a7	a17	a37	3
13	0.208655546052447	a7	a17
13	0.209232791448023	a7	a14
13	0.209350999619469	a7	a15
13	0.210841720976084	a7	a16
13	0.210972101613698	a6	a10
12	0.214378228146541	a6	a10	a38	0
12	0.214528084730022	a7	a14	a39	0
12	0.21467253132854	a7	a17	a39	1
12	0.214936538594745	a7	a16	a39	2
12	0.215022827854909	a7	a15	a39	3
13	0.216516254204006	a7	a14
13	0.217137320477783	a7	a17
13	0.217376441813158	a7	a16
13	0.217445419121439	a7	a15
13	0.217553889319951	a6	a10
12	0.217615022150036	a6	a10	a40	0
12	0.217683728959069	a7	a14	a41	0
12	0.217805453620741	a7	a17	a41	1
12	0.217997508086935	a7	a16	a41	2
12	0.218116798255374	a7	a15	a41	3
13	0.218352944099019	a7	a14
13	0.219416006144292	a7	a17
13	0.219703817344335	a7	a16
13	0.21978686061352	a7	a15
13	0.21990452778647	a6	a10
12	0.220219929909826	a8	a57	a49	0
13	0.229029549423934	a8	a57
12	0.229164258049518	a8	a57	a54	0
12	0.233240140720808	a8	a58	a53	0
13	0.247387251399628	a8	a58
12	0.247434859267304	a8	a58	a52	0
13	0.254330426101425	a8	a58
12	0.254367754997671	a8	a58	a51	0
13	0.266532647185967	a8	a58
13	0.269996119559421	a8	a57
13	0.270236322891788	a8	a56
13	0.270479772215133	a8	a55
12	0.271869597352184	a8	a55	a46	0
12	0.271945878140165	a8	a56	a48	0
13	0.308040756816273	a8	a56
12	0.308368601905044	a6	a10	a20	0
12	0.308430816732121	a7	a14	a21	0
12	0.308584730804324	a7	a15	a21	1
12	0.308750005844951	a7	a16	a21	2
12	0.308783006753227	a7	a17	a21	3
13	0.309063243974321	a7	a14
13	0.309250429454049	a7	a16
13	0.309498477264612	a7	a15
13	0.30985472477444	a7	a17
13	0.309976990434609	a6	a10
12	0.310340541424138	a8	a56	a44	0
12	0.31036218136399	a8	a57	a43	0
12	0.310682452473813	a6	a10	a22	0
12	0.31076522524375	a7	a14	a23	0
12	0.310872342946022	a7	a17	a23	1
12	0.310931582281369	a7	a15	a23	2
12	0.311142301195687	a7	a16	a23	3
13	0.311363028582186	a7	a14
12	0.311434981382197	a7	a14	a23	4
13	0.31172279258224	a7	a17
12	0.311789335397288	a7	a17	a23	5
13	0.311797720873981	a7	a15
12	0.31185668971008	a7	a15	a23	6
13	0.312079310591316	a7	a14
13	0.312089589562747	a7	a16
12	0.312165870350728	a7	a14	a23	7
12	0.312195084269529	a7	a16	a23	8
13	0.312366580792863	a7	a17
12	0.312421762639488	a7	a17	a23	9
13	0.3124274431237	a7	a15
12	0.312485329962806	a7	a15	a23	10
13	0.312766378681645	a7	a16
13	0.312807494567366	a7	a14
12	0.312846446459101	a7	a16	a23	11
12	0.312875660377902	a7	a14	a23	12
13	0.313209456450133	a7	a17
12	0.313285196239618	a7	a17	a23	13
13	0.313302237692252	a7	a15
12	0.313364452519329	a7	a15	a23	14
13	0.313404756907305	a7	a16
12	0.313479414699798	a7	a16	a23	15
13	0.31356002347575	a7	a14
13	0.313875966597602	a7	a17
13	0.314000666751004	a7	a15
13	0.314158367812682	a7	a16
13	0.314289830447288	a6	a10
12	0.314552755716501	a6	a10	a24	0
12	0.314676644372158	a7	a14	a25	0
13	0.314745351181191	a7	a14
12	0.314792959048868	a7	a14	a25	1
12	0.314832451939099	a7	a16	a25	2
13	0.314833533936092	a7	a14
12	0.31490440473911	a7	a17	a25	3
13	0.315030998387249	a7	a17
13	0.315068327283495	a7	a16
13	0.315278234700068	a6	a10
12	0.315365876456473	a6	a10	a26	0
12	0.315441616245958	a7	a14	a27	0
13	0.315516815036946	a7	a14
12	0.31553250399334	a7	a14	a27	1
13	0.315580652859512	a7	a14
12	0.315626096733203	a7	a14	a27	2
12	0.315672352104639	a7	a15	a27	3
13	0.31567803258885	a7	a14
13	0.316007771172359	a7	a15
13	0.316097847421996	a6	a10
12	0.316304508847591	a6	a10	a22	0
12	0.316380789635573	a7	a14	a23	0
12	0.316601246522824	a7	a15	a23	1
12	0.316736766646153	a7	a17	a23	2
12	0.316811965437141	a7	a16	a23	3
13	0.316928280113851	a7	a14
12	0.317061906742442	a7	a14	a23	4
13	0.317423023238737	a7	a15
13	0.317447097671823	a7	a17
12	0.317492541545514	a7	a17	a23	5
13	0.317499574525967	a7	a16
12	0.317523107960557	a7	a15	a23	6
12	0.317560166357555	a7	a16	a23	7
13	0.317612102213202	a7	a14
12	0.317672153046293	a7	a14	a23	8
13	0.318031376047851	a7	a17
12	0.318091967879439	a7	a17	a23	9
13	0.318133354264408	a7	a15
12	0.318194487094492	a7	a15	a23	10
13	0.318223430514045	a7	a16
12	0.318301875296012	a7	a16	a23	11
13	0.318311613268946	a7	a14
12	0.31836841811106	a7	a14	a23	12
13	0.318636753365235	a7	a17
12	0.318690853214868	a7	a17	a23	13
13	0.31875820752766	a7	a15
12	0.318816635365262	a7	a15	a23	14
13	0.318876415699106	a7	a16
13	0.318912121599863	a7	a14
12	0.31896405745551	a7	a16	a23	15
13	0.319228605720212	a7	a17
13	0.319389011774371	a7	a15
13	0.319537515861612	a7	a16
13	0.319666814502232	a6	a10
13	0.319788539163905	a8	a57
12	0.319818835079699	a6	a10	a28	0
12	0.319888623885725	a7	a14	a29	0
13	0.319983839621077	a7	a14
12	0.320030906490257	a7	a14	a29	1
13	0.320086088336882	a7	a14
12	0.320090686824101	a7	a15	a29	2
12	0.320155336144411	a7	a14	a29	3
12	0.320225124950437	a7	a16	a29	4
13	0.320247305888786	a7	a14
12	0.32026137184969	a7	a17	a29	5
13	0.320267593332398	a7	a15
12	0.320286798779018	a7	a14	a29	6
13	0.320344685618124	a7	a14
12	0.320364973061736	a7	a15	a29	7
13	0.32037173554294	a7	a16
12	0.3203922934858	a7	a14	a29	8
13	0.320409605437683	a7	a17
13	0.320428269885806	a7	a15
12	0.320462082291826	a7	a17	a29	9
13	0.320463164288818	a7	a14
12	0.320495624198598	a7	a16	a29	10
12	0.320518346135443	a7	a14	a29	11
13	0.3205394450768	a7	a17
12	0.320555945530938	a7	a15	a29	12
13	0.320570822989587	a7	a14
13	0.32059679091741	a7	a16
12	0.320610856878314	a7	a17	a29	13
12	0.320651972764035	a7	a14	a29	14
13	0.320657653248246	a7	a15
12	0.320676317696369	a7	a16	a29	15
13	0.32068064568434	a7	a17
13	0.320712564595623	a7	a14
13	0.320794255368568	a7	a16
13	0.320920849016707	a6	a10
13	0.320947357943027	a8	a56
12	0.321535423308529	a8	a56	a42	0
12	0.321640918015311	a6	a10	a30	0
12	0.321698804854418	a7	a14	a31	0
13	0.321853530424366	a7	a14
12	0.32193819668904	a7	a15	a31	1
12	0.321964435116112	a7	a14	a31	2
12	0.321992026039424	a7	a16	a31	3
12	0.322010960986796	a7	a17	a31	4
13	0.322075339807858	a7	a14
12	0.322121865678542	a7	a14	a31	5
13	0.322156219083058	a7	a15
13	0.322195441474041	a7	a16
13	0.322204097449983	a7	a17
12	0.322218974908632	a7	a15	a31	6
13	0.322220327404872	a7	a14
12	0.322285247224431	a7	a16	a31	7
12	0.322297690189846	a7	a17	a31	8
12	0.322343134063537	a7	a14	a31	9
13	0.322348273549252	a7	a15
13	0.322389659934221	a7	a16
13	0.322392905925199	a7	a17
12	0.322438620298138	a7	a15	a31	10
13	0.322451874761298	a7	a14
12	0.322459989738743	a7	a17	a31	11
12	0.322483793672581	a7	a16	a31	12
12	0.322524909558302	a7	a14	a31	13
13	0.322544656003417	a7	a15
13	0.322581714400415	a7	a17
13	0.322609846322224	a7	a16
13	0.322620666292151	a7	a14
12	0.322627969771851	a7	a15	a31	14
12	0.32264717521847	a7	a17	a31	15
13	0.322762678397435	a7	a15
13	0.32285167265008	a7	a17
13	0.322974479308745	a6	a10
13	0.323218469630586	a8	a56
12	0.323268782490744	a8	a56	a45	0
12	0.323309898376465	a6	a10	a32	0
12	0.32339591713738	a7	a14	a33	0
13	0.323446229997538	a7	a14
12	0.323448393991523	a7	a17	a33	1
12	0.323483558893784	a7	a14	a33	2
13	0.32350032984717	a7	a14
12	0.323516018803564	a7	a14	a33	3
13	0.323532248758453	a7	a14
13	0.323546855717854	a7	a17
12	0.323548478713343	a7	a14	a33	4
13	0.323564708668233	a7	a14
12	0.323598250575004	a7	a14	a33	5
13	0.32361502152839	a7	a14
12	0.323655596415615	a7	a17	a33	6
12	0.323663711393059	a7	a14	a33	7
13	0.32367399036449	a7	a17
13	0.323679400349453	a7	a14
12	0.323700499290809	a7	a16	a33	8
12	0.323727008217129	a7	a14	a33	9
13	0.323744320169011	a7	a14
12	0.323758927128412	a7	a17	a33	10
13	0.323789223044206	a7	a16
13	0.323797338021651	a7	a17
12	0.323835207916393	a7	a14	a33	12
12	0.323839806403612	a7	a15	a33	11
13	0.323851437871283	a7	a14
13	0.32390634921866	a7	a15
12	0.323909865708886	a7	a17	a33	13
13	0.323925554665279	a7	a17
12	0.323935833636709	a7	a16	a33	14
12	0.323961260566037	a7	a14	a33	15
13	0.323971539537467	a7	a16
13	0.323979654514911	a7	a14
13	0.324264219723977	a6	a10
13	0.324342664505944	a8	a56
12	0.324932352866935	a8	a56	a50	0
12	0.329355015574367	a6	a10	a34	0
12	0.329428591369867	a7	a14	a35	0
12	0.329623891827039	a7	a17	a35	1
12	0.329855980181961	a7	a16	a35	2
12	0.329909809532345	a7	a15	a35	3
13	0.34702456746274	a7	a14
13	0.354587185442825	a7	a17
13	0.355259376074505	a7	a15
13	0.355379748239937	a7	a16
13	0.355904516781369	a6	a10
12	0.355988912546795	a6	a10	a36	0
12	0.356051668372369	a7	a14	a37	0
12	0.356395202417533	a7	a17	a37	1
12	0.35643983479348	a7	a15	a37	2
12	0.356470401208522	a7	a16	a37	3
13	0.358711487479536	a7	a15
13	0.358839433623916	a7	a16
13	0.359063407001393	a7	a14
13	0.360161092950431	a7	a17
13	0.360365049383544	a6	a10
12	0.363272375302778	a6	a10	a38	0
12	0.3633427051073	a7	a14	a39	0
12	0.363478225230629	a7	a15	a39	1
12	0.363760355946461	a7	a16	a39	2
12	0.363860981666777	a7	a17	a39	3
13	0.365410942358739	a7	a14
13	0.36577855083699	a7	a15
13	0.365989810749804	a7	a17
13	0.366109912415987	a7	a16
13	0.366244621041571	a6	a10
12	0.366307917865641	a6	a10	a40	0
12	0.366406920590468	a7	a14	a41	0
12	0.366626024981478	a7	a17	a41	1
12	0.366756405619092	a7	a16	a41	2
12	0.366842694879255	a7	a15	a41	3
13	0.367079922719893	a7	a14
13	0.368319620774214	a7	a15
13	0.368424844981749	a7	a17
13	0.368470829853936	a7	a16
13	0.368643408374263	a6	a10
12	0.368949072524685	a8	a57	a49	0
13	0.37745897887183	a8	a57
12	0.377602884471852	a8	a57	a54	0
12	0.379668957729306	a8	a58	a53	0
13	0.393116016353885	a8	a58
12	0.393156050242613	a8	a58	a52	0
13	0.399452190742808	a8	a58
12	0.399486814646573	a8	a58	a51	0
13	0.402575916060572	a8	a58
13	0.405780250154287	a8	a57
13	0.405889531850544	a8	a56
13	0.40607401233779	a8	a55
12	0.406468941240105	a8	a55	a46	0
12	0.406496532163417	a8	a56	a48	0
13	0.440321381148958	a8	a56
12	0.440523714586582	a6	a10	a20	0
12	0.440623258309905	a7	a14	a21	0
12	0.440700350595631	a7	a15	a21	1
12	0.440835329720464	a7	a16	a21	2
12	0.440887806574607	a7	a17	a21	3
13	0.441162904309987	a7	a15
13	0.441170207789687	a7	a16
13	0.441251898562631	a7	a17
13	0.441280571482937	a7	a14
13	0.441427723073936	a6	a10
12	0.441612744559678	a8	a56	a44	0
12	0.441633843501035	a8	a57	a43	0
12	0.441879456818365	a6	a10	a22	0
12	0.441943835639427	a7	a14	a23	0
12	0.442296025660533	a7	a16	a23	1
12	0.442376093437989	a7	a17	a23	2
12	0.442399626872579	a7	a15	a23	3
13	0.442498900096654	a7	a14
12	0.442558409931249	a7	a14	a23	4
13	0.443142147308781	a7	a16
13	0.4431540492757	a7	a17
12	0.443216805101273	a7	a16	a23	5
13	0.443243855026089	a7	a14
13	0.443246289519323	a7	a15
12	0.443247101017067	a7	a17	a23	6
12	0.443314455329859	a7	a15	a23	7
12	0.443360710701295	a7	a14	a23	8
13	0.443898733705887	a7	a15
12	0.443960948532964	a7	a15	a23	9
13	0.443981235976576	a7	a16
13	0.444030466839741	a7	a17
12	0.444061844752528	a7	a16	a23	10
12	0.444079697702907	a7	a17	a23	11
13	0.44412622357359	a7	a14
12	0.444223603302928	a7	a14	a23	12
13	0.444626106184192	a7	a16
12	0.444685616018787	a7	a16	a23	13
13	0.444948270788752	a7	a15
13	0.444960443254919	a7	a17
13	0.445001018142143	a7	a14
12	0.445009674118084	a7	a17	a23	14
12	0.445040240533126	a7	a15	a23	15
13	0.445547967621925	a7	a16
13	0.445558246593355	a7	a17
13	0.445852279276106	a7	a15
13	0.445970487447552	a6	a10
12	0.446150098948331	a6	a10	a24	0
12	0.446232330719772	a7	a14	a25	0
13	0.446278315591959	a7	a14
12	0.446300496530308	a7	a14	a25	1
13	0.446344858407007	a7	a14
12	0.446365416349867	a7	a14	a25	2
13	0.446401122250624	a7	a14
12	0.446451435110782	a7	a14	a25	3
13	0.446486059014547	a7	a14
13	0.446561798804032	a6	a10
12	0.446621308638627	a6	a10	a26	0
12	0.446717606370973	a7	a14	a27	0
13	0.446776034208575	a7	a14
12	0.446793887158954	a7	a14	a27	1
13	0.446849069005579	a7	a14
12	0.446868544951446	a7	a14	a27	2
13	0.446916152819123	a7	a14
12	0.446932382774012	a7	a14	a27	3
13	0.446990269613119	a7	a14
13	0.447152028163519	a6	a10
12	0.447281867802637	a6	a10	a22	0
12	0.447350033613173	a7	a14	a23	0
12	0.447766331956093	a7	a15	a23	1
12	0.447782291411734	a7	a17	a23	2
12	0.447807718341061	a7	a16	a23	3
13	0.447891032109495	a7	a14
12	0.447953246936572	a7	a14	a23	4
13	0.44836981577874	a7	a17
12	0.448429866611832	a7	a17	a23	5
13	0.448436629093036	a7	a15
13	0.448476392482515	a7	a16
13	0.44849478643139	a7	a14
12	0.448495597929135	a7	a15	a23	6
12	0.448562411243431	a7	a16	a23	7
12	0.448614347099078	a7	a14	a23	8
13	0.448983308073569	a7	a17
12	0.449039571917187	a7	a17	a23	9
13	0.449076089315688	a7	a15
12	0.449135058151788	a7	a15	a23	10
13	0.449153181601414	a7	a14
12	0.449209986443528	a7	a14	a23	11
13	0.449347400061594	a7	a16
12	0.449422598852583	a7	a16	a23	12
13	0.449627096284192	a7	a17
12	0.449680114136832	a7	a17	a23	13
13	0.44981428176392	a7	a14
12	0.44985106966167	a7	a14	a23	14
13	0.449976310813568	a7	a15
12	0.450037443643653	a7	a15	a23	15
13	0.45004366512636	a7	a16
13	0.45021732564368	a7	a17
13	0.450520825800116	a7	a14
13	0.450606033063287	a7	a15
13	0.45071883124977	a6	a10
13	0.450827030949035	a8	a57
12	0.45085570386934	a6	a10	a28	0
12	0.450918459694913	a7	a14	a29	0
13	0.450989871496427	a7	a14
12	0.451009888440791	a7	a14	a29	1
13	0.451060201300949	a7	a14
12	0.451099153192685	a7	a14	a29	2
12	0.451132695099456	a7	a16	a29	3
13	0.451141892073894	a7	a14
12	0.451187876946081	a7	a14	a29	4
12	0.451224394344583	a7	a15	a29	5
13	0.45126307573707	a7	a14
13	0.451264698732559	a7	a16
12	0.451271190714515	a7	a17	a29	6
13	0.451312036100987	a7	a15
12	0.451335569535577	a7	a16	a29	7
13	0.451355045481445	a7	a17
12	0.451363701457386	a7	a14	a29	8
12	0.451419694801755	a7	a15	a29	9
13	0.451433490263412	a7	a16
13	0.451449179219805	a7	a14
13	0.451489483607781	a7	a15
12	0.451512476043875	a7	a16	a29	11
12	0.451517886028838	a7	a17	a29	10
12	0.451558460916062	a7	a14	a29	12
13	0.451578477860426	a7	a17
12	0.451580912353659	a7	a15	a29	13
13	0.45159254382133	a7	a16
13	0.451629872717576	a7	a14
12	0.45163961069051	a7	a17	a29	14
13	0.451664226122093	a7	a15
12	0.45166611961683	a7	a16	a29	15
13	0.451698579526609	a7	a17
13	0.451751056380753	a7	a16
13	0.451961504795822	a6	a10
13	0.451973406762741	a8	a56
12	0.452248233998872	a8	a56	a42	0
12	0.452318563803394	a6	a10	a30	0
12	0.452387811610924	a7	a14	a31	0
12	0.452483568344773	a7	a16	a31	1
13	0.45249871630267	a7	a14
12	0.452559308134258	a7	a14	a31	2
13	0.452662097848559	a7	a14
12	0.452679950798937	a7	a14	a31	3
13	0.452698344747812	a7	a16
13	0.452773002540305	a7	a14
12	0.452795183478654	a7	a16	a31	4
12	0.452839004356856	a7	a17	a31	5
12	0.452853611316257	a7	a14	a31	6
12	0.452885259728292	a7	a15	a31	7
13	0.45288985821551	a7	a16
13	0.452958565024543	a7	a14
12	0.452978581968907	a7	a16	a31	8
13	0.452979122967403	a7	a17
13	0.453045936281699	a7	a15
12	0.453048911773429	a7	a17	a31	9
12	0.453066764723808	a7	a14	a31	10
13	0.453075420699749	a7	a16
12	0.453121135072688	a7	a15	a31	11
13	0.453146291502767	a7	a17
12	0.453150619490738	a7	a16	a31	12
13	0.453179833409539	a7	a14
12	0.453207965331348	a7	a17	a31	13
12	0.453240966239623	a7	a14	a31	14
13	0.453247999220076	a7	a16
13	0.453308861550912	a7	a15
12	0.453310214047153	a7	a16	a31	15
13	0.453310755045649	a7	a17
13	0.453362690901296	a7	a14
13	0.453445463671233	a7	a16
13	0.453580172296817	a6	a10
13	0.45373273387278	a8	a56
12	0.453774931755493	a8	a56	a45	0
12	0.453795489698353	a6	a10	a32	0
12	0.453907476387092	a7	a14	a33	0
13	0.453924247340478	a7	a14
12	0.45395481375552	a7	a15	a33	1
12	0.453983757175073	a7	a14	a33	2
13	0.454006749611167	a7	a15
13	0.454013512092371	a7	a14
12	0.454076267917944	a7	a14	a33	3
13	0.454094661866819	a7	a14
12	0.454117113304417	a7	a15	a33	4
12	0.454142269734496	a7	a14	a33	5
13	0.454150655211189	a7	a15
13	0.454158499689385	a7	a14
12	0.454175811641268	a7	a16	a33	6
12	0.454233968979622	a7	a15	a33	7
13	0.454252362928497	a7	a15
13	0.454261830402183	a7	a16
12	0.454268322384139	a7	a14	a33	8
13	0.454314307256326	a7	a14
12	0.454347308164602	a7	a17	a33	9
12	0.454361374125506	a7	a14	a33	10
13	0.454378145078892	a7	a14
12	0.454395457030774	a7	a16	a33	11
13	0.454400867015738	a7	a17
13	0.454412768982657	a7	a16
12	0.454418990465364	a7	a15	a33	12
13	0.454481205292442	a7	a15
12	0.454486344778157	a7	a14	a33	14
12	0.45449175476312	a7	a17	a33	13
12	0.454517181692447	a7	a16	a33	15
13	0.454520427683425	a7	a17
13	0.454571281542079	a7	a14
13	0.454583724507495	a7	a16
13	0.454797418913542	a6	a10
13	0.45484178079024	a8	a56
12	0.455289727545195	a8	a56	a50	0
12	0.459197900682625	a6	a10	a34	0
12	0.459275263467599	a7	a14	a35	0
12	0.459449735482663	a7	a15	a35	1
12	0.459478678902216	a7	a17	a35	2
12	0.459576058631554	a7	a16	a35	3
13	0.478321115530615	a7	a14
13	0.484657289919538	a7	a16
13	0.484741415185716	a7	a15
13	0.484798490527078	a7	a17
13	0.485598086304642	a6	a10
12	0.485663006124201	a6	a10	a36	0
12	0.485713859982855	a7	a14	a37	0
12	0.485959473300185	a7	a16	a37	1
12	0.486112846373893	a7	a15	a37	2
12	0.486140707796453	a7	a17	a37	3
13	0.487536483916964	a7	a17
13	0.48863579286149	a7	a14
13	0.48885354475626	a7	a15
13	0.489805972609035	a7	a16
13	0.48992282828424	a6	a10
12	0.492786333325273	a6	a10	a38	0
12	0.492859909120772	a7	a14	a39	0
12	0.493119588399007	a7	a16	a39	1
12	0.493185590215558	a7	a17	a39	2
12	0.493207500654659	a7	a15	a39	3
13	0.494964934269961	a7	a14
13	0.495438848952739	a7	a17
13	0.495560573614412	a7	a16
13	0.495659305839991	a7	a15
13	0.495796989957304	a6	a10
12	0.495852712802426	a6	a10	a40	0
12	0.495926288597925	a7	a14	a41	0
12	0.496058292231028	a7	a17	a41	1
12	0.496186508874656	a7	a16	a41	2
12	0.496292815079184	a7	a15	a41	3
13	0.496538698895762	a7	a14
13	0.49771861661624	a7	a16
13	0.497809233864374	a7	a15
13	0.497865227208743	a7	a17
13	0.498098938559155	a6	a10
12	0.498353748850922	a8	a57	a49	0
13	0.507012429784556	a8	a57
12	0.507125498470287	a8	a57	a54	0
12	0.509071470061557	a8	a58	a53	0
13	0.522354606141751	a8	a58
12	0.522385443056042	a8	a58	a52	0
13	0.528443003219359	a8	a58
12	0.528475463129139	a8	a58	a51	0
13	0.531454741848384	a8	a58
13	0.534586582143592	a8	a57
13	0.534687748862404	a8	a56
13	0.534850048411301	a8	a55
12	0.535237403334667	a8	a55	a46	0
12	0.535259584273016	a8	a56	a48	0
13	0.567037294948474	a8	a56
12	0.567207709474816	a6	a10	a20	0
12	0.567278580277834	a7	a14	a21	0
12	0.567636180283903	a7	a16	a21	1
12	0.567661336713982	a7	a15	a21	2
12	0.567713543068877	a7	a17	a21	3
13	0.56790289254259	a7	a14
13	0.568068438082464	a7	a16
13	0.568970012076585	a7	a15
13	0.569003824482605	a7	a17
13	0.569129877132248	a6	a10
12	0.569291094684152	a8	a56	a44	0
12	0.569311111628516	a8	a57	a43	0
12	0.569555101950357	a6	a10	a22	0
12	0.569727139472187	a7	a14	a23	0
12	0.569783132816557	a7	a15	a23	1
12	0.569855897114312	a7	a16	a23	2
12	0.570117740386532	a7	a17	a23	3
13	0.570326024807616	a7	a14
12	0.570370386684314	a7	a14	a23	4
13	0.570596524055777	a7	a16
13	0.570611401514426	a7	a15
12	0.570667394858795	a7	a16	a23	5
12	0.570690928293385	a7	a15	a23	6
13	0.570845924362581	a7	a17
12	0.570903811201688	a7	a17	a23	7
13	0.571195950389702	a7	a14
12	0.571248427243845	a7	a14	a23	8
13	0.571261952206253	a7	a16
12	0.571337691995738	a7	a16	a23	9
13	0.571720448431886	a7	a15
13	0.571754260837906	a7	a17
12	0.571802680203327	a7	a15	a23	10
12	0.571813770672501	a7	a17	a23	11
13	0.57181539366799	a7	a14
12	0.571870034516119	a7	a14	a23	12
13	0.571984185198843	a7	a16
12	0.572042613036446	a7	a16	a23	13
13	0.572366671135742	a7	a17
13	0.572398860546274	a7	a15
12	0.572425098973345	a7	a17	a23	14
12	0.572453501394402	a7	a15	a23	15
13	0.572549528627499	a7	a14
13	0.572680991262106	a7	a16
13	0.573041025761408	a7	a15
13	0.573076461162917	a7	a17
13	0.573220907761435	a6	a10
12	0.573344255418596	a6	a10	a24	0
12	0.573416208218607	a7	a14	a25	0
13	0.573463275087787	a7	a14
12	0.573485456026136	a7	a14	a25	1
13	0.573515210943434	a7	a14
12	0.573531440898324	a7	a14	a25	2
13	0.573564982805096	a7	a14
12	0.573581753758482	a7	a14	a25	3
13	0.573614754666757	a7	a14
13	0.574058914432238	a6	a10
12	0.574116801271344	a6	a10	a26	0
12	0.574187131075866	a7	a14	a27	0
13	0.574245017914973	a7	a14
12	0.574261247869862	a7	a14	a27	1
13	0.574307773740546	a7	a14
12	0.574323462696939	a7	a14	a27	2
13	0.574376480549579	a7	a14
12	0.574442211866882	a7	a15	a27	3
13	0.574611003397734	a7	a15
13	0.57479250839325	a6	a10
12	0.574937495990265	a6	a10	a22	0
12	0.575008907791779	a7	a14	a23	0
12	0.57519122428504	a7	a17	a23	1
12	0.575253439112117	a7	a16	a23	2
12	0.575293202501596	a7	a15	a23	3
13	0.575570464230961	a7	a14
12	0.575631056062549	a7	a14	a23	4
13	0.575857734432508	a7	a17
13	0.57586043942499	a7	a16
12	0.575939425205453	a7	a17	a23	5
12	0.575941589199438	a7	a16	a23	6
13	0.575960253647561	a7	a15
12	0.576032206447572	a7	a15	a23	7
13	0.576175300549849	a7	a14
12	0.57623697437843	a7	a14	a23	8
13	0.576518834595014	a7	a16
13	0.576538310540881	a7	a17
12	0.576578344429609	a7	a16	a23	9
12	0.57660323036044	a7	a17	a23	10
13	0.576674912661203	a7	a15
12	0.576734963494294	a7	a15	a23	11
13	0.576774726883774	a7	a14
12	0.57683423671837	a7	a14	a23	12
13	0.577146933849244	a7	a16
13	0.577154507828192	a7	a17
12	0.577213476664291	a7	a17	a23	13
12	0.577225919629707	a7	a16	a23	14
13	0.577339799813183	a7	a15
13	0.577377399208677	a7	a14
12	0.577403096637252	a7	a15	a23	15
13	0.577766918126029	a7	a17
13	0.577841034920025	a7	a16
13	0.577973309052376	a7	a15
13	0.578100173199763	a6	a10
13	0.578173207996767	a8	a57
12	0.578195929933612	a6	a10	a28	0
12	0.578269505729112	a7	a14	a29	0
13	0.578339294535137	a7	a14
12	0.578380951419354	a7	a14	a29	1
13	0.578423690300564	a7	a14
12	0.578448576231394	a7	a17	a29	2
12	0.578482659136663	a7	a14	a29	3
12	0.578512955052457	a7	a16	a29	4
13	0.578525398017872	a7	a14
12	0.578570300893067	a7	a14	a29	5
13	0.578576251876526	a7	a17
13	0.578618449759239	a7	a16
13	0.578635220712626	a7	a14
12	0.57865226216526	a7	a15	a29	6
12	0.578664975629923	a7	a17	a29	7
12	0.578725026463015	a7	a14	a29	8
13	0.578734764435949	a7	a17
13	0.578739362923168	a7	a15
12	0.578753158384824	a7	a16	a29	9
13	0.57879048728107	a7	a14
12	0.578811586222426	a7	a17	a29	10
13	0.578812668219419	a7	a16
12	0.57884052964198	a7	a15	a29	11
12	0.578875965043489	a7	a14	a29	12
12	0.578903555966801	a7	a16	a29	13
13	0.578922761413421	a7	a15
13	0.578927359900639	a7	a14
13	0.578948999840492	a7	a17
13	0.578977672760797	a7	a16
12	0.579002829190876	a7	a15	a29	14
12	0.579029608616444	a7	a14	a29	15
13	0.579065044017953	a7	a15
13	0.579098856423973	a7	a14
13	0.57929199288716	a6	a10
13	0.579315255822502	a8	a56
12	0.579588460063145	a8	a56	a42	0
12	0.579658789867667	a6	a10	a30	0
12	0.579759956586479	a7	a14	a31	0
12	0.579828392896264	a7	a15	a31	1
12	0.579858959311306	a7	a16	a31	2
13	0.579882763245144	a7	a14
12	0.579950929055681	a7	a14	a31	3
12	0.579995290932379	a7	a17	a31	4
13	0.58004668578953	a7	a16
13	0.580051825275245	a7	a15
13	0.58006129274893	a7	a14
12	0.580127294565482	a7	a16	a31	5
12	0.580138114535408	a7	a14	a31	6
13	0.580138114535408	a7	a17
12	0.580176254929399	a7	a15	a31	7
12	0.580238740255724	a7	a17	a31	8
13	0.580251183221139	a7	a16
13	0.580252265218132	a7	a14
13	0.580336119985062	a7	a17
13	0.580337472481303	a7	a15
12	0.580345857957996	a7	a16	a31	9
12	0.580357218926418	a7	a14	a31	10
12	0.580409695780562	a7	a17	a31	11
12	0.580439721197108	a7	a15	a31	12
13	0.580458385645231	a7	a16
13	0.580463254631698	a7	a14
13	0.580504370517418	a7	a17
12	0.580536289428701	a7	a16	a31	13
13	0.58056739684224	a7	a15
12	0.580597422258785	a7	a14	a31	14
12	0.580639079143002	a7	a17	a31	15
13	0.580645030126462	a7	a16
13	0.58069967097459	a7	a14
13	0.580751606830237	a7	a17
13	0.580846281567094	a6	a10
13	0.580997220147567	a8	a56
12	0.581034008045317	a8	a56	a45	0
12	0.581060516971637	a6	a10	a32	0
12	0.581308294282952	a7	a14	a33	0
13	0.581325065236339	a7	a14
12	0.581340754192732	a7	a17	a33	1
12	0.581363476129577	a7	a14	a33	2
13	0.581379706084467	a7	a14
13	0.581394854042364	a7	a17
12	0.581401887022816	a7	a14	a33	3
13	0.581422985964173	a7	a14
12	0.581455986872448	a7	a17	a33	4
13	0.581472216827338	a7	a17
12	0.581472757825834	a7	a14	a33	5
13	0.58148952877922	a7	a14
12	0.581524693681481	a7	a14	a33	6
13	0.581541464634867	a7	a14
12	0.581560399582239	a7	a17	a33	7
12	0.58157933452961	a7	a14	a33	8
13	0.581584744514573	a7	a17
13	0.581596105482996	a7	a14
12	0.581659943305562	a7	a17	a33	9
13	0.581675632261955	a7	a17
12	0.581692132716093	a7	a15	a33	10
12	0.581724322126624	a7	a14	a33	11
13	0.581739740583769	a7	a15
13	0.581749208057455	a7	a14
12	0.581784913958212	a7	a17	a33	12
12	0.581795733928139	a7	a16	a33	13
13	0.581823324851451	a7	a17
13	0.581855243762734	a7	a16
12	0.581872555714616	a7	a14	a33	14
13	0.581891490661988	a7	a14
12	0.581903663128155	a7	a15	a33	15
13	0.581920434081541	a7	a15
13	0.58211330004548	a6	a10
13	0.582140890968792	a8	a56
12	0.58254122985607	a8	a56	a50	0
12	0.586722066235647	a6	a10	a34	0
12	0.586789150049191	a7	a14	a35	0
12	0.586933867146957	a7	a15	a35	1
12	0.586962269568014	a7	a17	a35	2
12	0.587216538861285	a7	a16	a35	3
13	0.60897495738486	a7	a14
13	0.613092767439614	a7	a15
13	0.613113054883227	a7	a16
13	0.613851517830706	a7	a17
13	0.614013817379603	a6	a10
12	0.614086852176606	a6	a10	a36	0
12	0.614144739015713	a7	a14	a37	0
12	0.614522896964642	a7	a16	a37	1
12	0.614545348402239	a7	a15	a37	2
12	0.614575373818785	a7	a17	a37	3
13	0.615600024970819	a7	a14
13	0.616124793512251	a7	a17
13	0.616462647073204	a7	a15
13	0.617247365392119	a7	a16
13	0.617370713049281	a6	a10
12	0.620219611130912	a6	a10	a38	0
12	0.620284530950471	a7	a14	a39	0
12	0.620410854099362	a7	a15	a39	1
12	0.620576129139989	a7	a16	a39	2
12	0.620601015070819	a7	a17	a39	3
13	0.622386310108682	a7	a14
13	0.622916218135829	a7	a15
13	0.62291757063207	a7	a17
13	0.623047951269684	a7	a16
13	0.623202676839632	a6	a10
12	0.623262186674227	a6	a10	a40	0
12	0.623323319504312	a7	a14	a41	0
12	0.623618704683303	a7	a17	a41	1
12	0.623666042051732	a7	a15	a41	2
12	0.623728527378057	a7	a16	a41	3
13	0.623941680785608	a7	a14
13	0.625131065979772	a7	a15
13	0.625343407889578	a7	a17
13	0.62535639185349	a7	a16
13	0.62553870834675	a6	a10
12	0.625771337700169	a8	a57	a49	0
13	0.634593941178188	a8	a57
12	0.63462748308496	a8	a57	a54	0
12	0.63654261776194	a8	a58	a53	0
13	0.649577976530818	a8	a58
12	0.649610436440598	a8	a58	a52	0
13	0.655439154239971	a8	a58
12	0.655470532152758	a8	a58	a51	0
13	0.658558551569764	a8	a58
13	0.661733130746181	a8	a57
13	0.661852691413868	a8	a56
13	0.66204366388307	a8	a55
12	0.662419116839517	a8	a55	a46	0
12	0.662441297777867	a8	a56	a48	0
13	0.692623062889175	a8	a56
12	0.69278265744559	a6	a10	a20	0
12	0.692855692242593	a7	a14	a21	0
12	0.693199767286254	a7	a16	a21	1
12	0.693217620236632	a7	a17	a21	2
12	0.693280105562958	a7	a15	a21	3
13	0.693484332495319	a7	a14
13	0.694521967611265	a7	a16
13	0.694527377596228	a7	a17
13	0.69455794401127	a7	a15
13	0.694736203015808	a6	a10
12	0.694904994546661	a8	a56	a44	0
12	0.694929339478995	a8	a57	a43	0
12	0.695186854763245	a6	a10	a22	0
12	0.6952523155813	a7	a14	a23	0
12	0.695666179430986	a7	a16	a23	1
12	0.695684032381365	a7	a17	a23	2
12	0.695725418766333	a7	a15	a23	3
13	0.695825232988905	a7	a14
12	0.695887447815982	a7	a14	a23	4
13	0.696397068399517	a7	a17
12	0.696456578234112	a7	a17	a23	5
13	0.696474972182987	a7	a14
12	0.696511219082241	a7	a14	a23	6
13	0.696543137993524	a7	a16
13	0.696575868402551	a7	a15
12	0.69660697581609	a7	a16	a23	7
12	0.696672707133393	a7	a15	a23	8
13	0.697007855701864	a7	a17
12	0.697060873554504	a7	a17	a23	9
13	0.697101989440225	a7	a14
12	0.697146351316923	a7	a14	a23	10
13	0.697292150411682	a7	a15
13	0.697314060850783	a7	a16
12	0.697375464180115	a7	a15	a23	11
12	0.697395751623727	a7	a16	a23	12
13	0.697645692929028	a7	a17
13	0.69772035072152	a7	a14
12	0.697720891720017	a7	a17	a23	13
12	0.697766335593708	a7	a14	a23	14
13	0.698029801861417	a7	a16
13	0.698045220318562	a7	a15
12	0.69808822969902	a7	a16	a23	15
13	0.698266759202806	a7	a17
13	0.698318695058453	a7	a14
13	0.69874716586754	a7	a16
13	0.698918662390874	a6	a10
12	0.6990912409112	a6	a10	a24	0
12	0.699163734709708	a7	a14	a25	0
13	0.699218916556333	a7	a14
12	0.699235146511222	a7	a14	a25	1
13	0.699268688417994	a7	a14
12	0.699310345302211	a7	a14	a25	2
12	0.699345510204472	a7	a17	a25	3
13	0.699346592201464	a7	a14
13	0.699478595834567	a7	a17
13	0.69969878222257	a6	a10
12	0.69975180007521	a6	a10	a26	0
12	0.699826457867702	a7	a14	a27	0
13	0.699888131696283	a7	a14
12	0.699905984646661	a7	a14	a27	1
13	0.699955215509827	a7	a14
12	0.699971986463213	a7	a14	a27	2
13	0.700029873302319	a7	a14
12	0.700076399173003	a7	a14	a27	3
13	0.700129958024139	a7	a14
13	0.70034311143169	a6	a10
12	0.700476738060281	a6	a10	a22	0
12	0.700538411888862	a7	a14	a23	0
12	0.700843264541539	a7	a15	a23	1
12	0.700906831864857	a7	a17	a23	2
12	0.700941996767118	a7	a16	a23	3
13	0.701082656376162	a7	a14
12	0.70114757619572	a7	a14	a23	4
13	0.701526275143146	a7	a17
12	0.701579292995785	a7	a17	a23	5
13	0.701600121437894	a7	a15
12	0.701660713269482	a7	a15	a23	6
13	0.701684246704072	a7	a16
13	0.701720493603325	a7	a14
12	0.701750248520623	a7	a16	a23	7
12	0.701780544436417	a7	a14	a23	8
13	0.702122455486093	a7	a17
12	0.702179260328206	a7	a17	a23	9
13	0.702246073642502	a7	a15
12	0.702304501480105	a7	a15	a23	10
13	0.702325329922213	a7	a16
13	0.702369691798912	a7	a14
12	0.702403233705684	a7	a16	a23	11
12	0.702437857609448	a7	a14	a23	12
13	0.702720799823025	a7	a17
12	0.702777604665139	a7	a17	a23	13
13	0.702909337798993	a7	a15
12	0.702968847633588	a7	a15	a23	14
13	0.702988594078704	a7	a16
13	0.703034037952395	a7	a14
12	0.703065415865182	a7	a16	a23	15
13	0.703340243101313	a7	a17
13	0.703549339020142	a7	a15
13	0.703636169278802	a7	a16
13	0.703761680929948	a6	a10
13	0.703847158692367	a8	a57
12	0.703883946590117	a6	a10	a28	0
12	0.703936964442757	a7	a14	a29	0
13	0.704005130253293	a7	a14
12	0.70402622919465	a7	a14	a29	1
13	0.704080870042778	a7	a14
12	0.704151740845796	a7	a14	a29	2
13	0.704193397730013	a7	a14
12	0.704231267624756	a7	a14	a29	3
12	0.70426886702025	a7	a15	a29	4
13	0.704273465507469	a7	a14
12	0.704283203480403	a7	a16	a29	5
12	0.704322155372138	a7	a14	a29	6
13	0.704389780184178	a7	a14
13	0.70440276414809	a7	a16
13	0.704403034647338	a7	a15
12	0.704416830108994	a7	a17	a29	7
12	0.70443955204584	a7	a14	a29	8
13	0.704484454921035	a7	a14
12	0.704497709384194	a7	a15	a29	9
12	0.704509340851865	a7	a16	a29	10
13	0.704512045844347	a7	a17
13	0.704561276707512	a7	a16
13	0.704570744181198	a7	a15
12	0.704587244635336	a7	a14	a29	12
12	0.704604556587218	a7	a17	a29	11
12	0.704640532987223	a7	a15	a29	13
13	0.704651082457902	a7	a17
12	0.704666771414295	a7	a16	a29	14
13	0.704677050385725	a7	a14
13	0.7047027478143	a7	a15
12	0.704713297284979	a7	a17	a29	15
13	0.704782545092508	a7	a17
13	0.704785791083486	a7	a16
13	0.704958910602309	a6	a10
13	0.704971353567724	a8	a56
12	0.705210474903099	a8	a56	a42	0
12	0.705267279745212	a6	a10	a30	0
12	0.705331117567778	a7	a14	a31	0
13	0.705431202289598	a7	a14
12	0.705432284286591	a7	a16	a31	1
12	0.705471777176822	a7	a14	a31	2
13	0.705586468858042	a7	a14
12	0.705627043745267	a7	a14	a31	3
13	0.705684930584373	a7	a16
13	0.705739571432502	a7	a14
12	0.705754178391902	a7	a16	a31	4
12	0.705794753279126	a7	a14	a31	5
13	0.705848853128759	a7	a16
12	0.705849123628007	a7	a15	a31	6
12	0.705861296094174	a7	a17	a31	7
12	0.705909985958843	a7	a16	a31	8
13	0.705910526957339	a7	a14
12	0.705967872797949	a7	a14	a31	9
13	0.705993840725773	a7	a17
13	0.706013046172392	a7	a15
13	0.706036579606982	a7	a16
12	0.706055514554354	a7	a17	a31	10
13	0.706062547534806	a7	a14
12	0.706075260999469	a7	a15	a31	11
12	0.706132877339328	a7	a16	a31	12
13	0.706164796250611	a7	a17
12	0.706176157219033	a7	a14	a31	13
13	0.706185624692719	a7	a15
12	0.706223224088213	a7	a17	a31	14
13	0.706243241032577	a7	a16
12	0.706259200488219	a7	a15	a31	15
13	0.706287061910779	a7	a14
13	0.706320603817551	a7	a17
13	0.706391204121321	a7	a15
13	0.706531593231117	a6	a10
13	0.706664678861212	a8	a56
12	0.706702007757458	a8	a56	a45	0
12	0.706724188695808	a6	a10	a32	0
12	0.706777747546943	a7	a14	a33	0
13	0.706793436503337	a7	a14
12	0.706813994446197	a7	a14	a33	1
13	0.706830224401087	a7	a14
12	0.706846454355976	a7	a14	a33	2
13	0.706863225309362	a7	a14
12	0.706900554205609	a7	a14	a33	3
13	0.706917866157491	a7	a14
12	0.706955736052233	a7	a14	a33	4
13	0.706972507005619	a7	a14
12	0.707006589910888	a7	a17	a33	5
12	0.707049869790593	a7	a14	a33	6
13	0.707060148762023	a7	a17
13	0.707066640743979	a7	a14
12	0.707110191122933	a7	a15	a33	7
12	0.707118576599626	a7	a17	a33	8
13	0.70713426555602	a7	a17
12	0.707140216539479	a7	a14	a33	9
13	0.707146438022187	a7	a15
13	0.707165643468806	a7	a14
12	0.707252744226714	a7	a16	a33	11
12	0.707253826223707	a7	a17	a33	10
12	0.707276818659801	a7	a15	a33	12
12	0.707279253153034	a7	a14	a33	13
13	0.707281958145516	a7	a17
13	0.707294130611683	a7	a15
13	0.70729602410642	a7	a14
13	0.707303057086872	a7	a16
12	0.707372845892898	a7	a17	a33	14
13	0.707403141808692	a7	a17
12	0.707413961778618	a7	a14	a33	15
13	0.707438847709449	a7	a14
13	0.707634689165118	a6	a10
13	0.707679051041816	a8	a56
12	0.708090750897517	a8	a56	a50	0
12	0.711951316167271	a6	a10	a34	0
12	0.712054105881572	a7	a14	a35	0
12	0.712125517683086	a7	a16	a35	1
12	0.712467158233514	a7	a15	a35	2
12	0.712477707704192	a7	a17	a35	3
13	0.735325697199359	a7	a14
13	0.739050742345784	a7	a15
13	0.739096456718723	a7	a17
13	0.739490844622542	a7	a16
13	0.740043204087287	a6	a10
12	0.740107582908349	a6	a10	a36	0
12	0.740158436767004	a7	a14	a37	0
12	0.740301530869281	a7	a15	a37	1
12	0.740497101825701	a7	a17	a37	2
12	0.740550660676837	a7	a16	a37	3
13	0.741793875221385	a7	a16
13	0.743238341206565	a7	a17
13	0.743509922451718	a7	a14
13	0.744973593883517	a7	a15
13	0.745123720966247	a6	a10
12	0.747854140377184	a6	a10	a38	0
12	0.747942864130581	a7	a14	a39	0
12	0.748066211787742	a7	a17	a39	1
12	0.748146550064446	a7	a15	a39	2
12	0.748275578205819	a7	a16	a39	3
13	0.750026790338413	a7	a14
13	0.750457425141485	a7	a17
13	0.750582666293384	a7	a15
13	0.750745236341529	a7	a16
13	0.750878321971624	a6	a10
12	0.750913486873885	a6	a10	a40	0
12	0.750972455709984	a7	a14	a41	0
12	0.751079032413759	a7	a17	a41	1
12	0.751157206696478	a7	a15	a41	2
12	0.75139227054313	a7	a16	a41	3
13	0.751635719866475	a7	a14
13	0.752635755586926	a7	a15
13	0.752803735620034	a7	a17
13	0.752849720492221	a7	a16
13	0.752995249087732	a6	a10
12	0.753233288426114	a8	a57	a49	0
13	0.761801081612365	a8	a57
12	0.761904412325163	a8	a57	a54	0
12	0.763810891026201	a8	a58	a53	0
13	0.776779165981536	a8	a58
12	0.776829478841694	a8	a58	a52	0
13	0.782615998758354	a8	a58
12	0.782657655642571	a8	a58	a51	0
13	0.78572457611822	a8	a58
13	0.788842350452524	a8	a57
13	0.788938107186373	a8	a56
13	0.789097701742788	a8	a55
12	0.789478023685702	a8	a55	a47	0
13	0.806321470870191	a8	a55
12	0.806377734713809	a8	a55	a46	0
12	0.806400997649151	a8	a56	a48	0
13	0.835333597232451	a8	a56
12	0.835505634754282	a6	a10	a20	0
12	0.835577587554293	a7	a14	a21	0
12	0.835845381809972	a7	a16	a21	1
12	0.836040952766392	a7	a15	a21	2
12	0.836056912222034	a7	a17	a21	3
13	0.836231654736346	a7	a14
13	0.836570319795043	a7	a16
13	0.836665806029644	a7	a15
13	0.836765620252216	a7	a17
13	0.836888967909377	a6	a10
12	0.837035037503384	a8	a56	a44	0
12	0.837055595446244	a8	a57	a43	0
12	0.837278486826729	a6	a10	a22	0
12	0.837367210580126	a7	a14	a23	0
12	0.837633381840316	a7	a16	a23	1
12	0.837677473217767	a7	a15	a23	2
12	0.837775664444849	a7	a17	a23	3
13	0.837962849924576	a7	a14
12	0.838013162784734	a7	a14	a23	4
13	0.83844920757277	a7	a16
13	0.838489511960746	a7	a15
13	0.838489782459994	a7	a17
12	0.838512504396839	a7	a16	a23	5
12	0.83857417822542	a7	a17	a23	6
12	0.838598793657003	a7	a15	a23	7
13	0.838677508938218	a7	a14
12	0.838737559771309	a7	a14	a23	8
13	0.839156833605959	a7	a17
13	0.839182260535286	a7	a16
12	0.839221212427021	a7	a17	a23	9
12	0.839235278387926	a7	a16	a23	10
13	0.839336445106738	a7	a14
13	0.839341043593957	a7	a15
12	0.839431390342842	a7	a15	a23	11
12	0.839437070827054	a7	a14	a23	12
13	0.839844983693281	a7	a17
12	0.839899083542913	a7	a17	a23	13
13	0.839933166448181	a7	a16
12	0.839993217281273	a7	a16	a23	14
13	0.840041366147446	a7	a14
13	0.840078424544443	a7	a15
12	0.840120351927908	a7	a14	a23	15
13	0.840536920770076	a7	a17
13	0.840688941347543	a7	a16
13	0.840738713209205	a7	a14
13	0.840844207915987	a6	a10
12	0.840963768583674	a6	a10	a24	0
12	0.841016245437818	a7	a14	a25	0
13	0.841063312306998	a7	a14
12	0.841080083260384	a7	a14	a25	1
13	0.841115789161141	a7	a14
12	0.841173135001751	a7	a14	a25	2
13	0.841213168890479	a7	a14
12	0.841227234851383	a7	a17	a25	3
13	0.841361943476967	a7	a17
13	0.841477176156684	a6	a10
12	0.841535062995791	a6	a10	a26	0
12	0.841589703843919	a7	a14	a27	0
13	0.841649213678514	a7	a14
12	0.841668689624382	a7	a14	a27	1
13	0.841715756493562	a7	a14
12	0.841732527446948	a7	a14	a27	2
13	0.841783381305602	a7	a14
12	0.841848030625913	a7	a15	a27	3
13	0.842036298102633	a7	a15
13	0.842135030328212	a6	a10
12	0.842281099922219	a6	a10	a22	0
12	0.842357921708696	a7	a14	a23	0
12	0.842524008247067	a7	a16	a23	1
12	0.84254564818692	a7	a17	a23	2
12	0.842601100532793	a7	a15	a23	3
13	0.842901084199004	a7	a14
12	0.842961676030592	a7	a14	a23	4
13	0.843146697516334	a7	a16
13	0.843172665444157	a7	a17
12	0.843223519302811	a7	a17	a23	5
12	0.843234880271234	a7	a16	a23	6
13	0.843260036701313	a7	a15
12	0.843324415522375	a7	a15	a23	7
13	0.843504838520899	a7	a14
12	0.843564348355494	a7	a14	a23	8
13	0.843799141702898	a7	a17
13	0.843813748662299	a7	a16
12	0.843860815531479	a7	a17	a23	9
12	0.843874881492383	a7	a16	a23	10
13	0.843883807967572	a7	a15
12	0.843942235805175	a7	a15	a23	11
13	0.844100477865349	a7	a14
12	0.84415782370596	a7	a14	a23	12
13	0.844417502984194	a7	a17
12	0.844469979838337	a7	a17	a23	13
13	0.844498923257891	a7	a15
13	0.844528948674437	a7	a16
12	0.844564384075946	a7	a15	a23	14
12	0.844587376512039	a7	a16	a23	15
13	0.844700986196267	a7	a14
13	0.845008273342178	a7	a17
13	0.845211418277547	a7	a15
13	0.845300953528688	a7	a16
13	0.845434580157279	a6	a10
13	0.845510319946765	a8	a57
12	0.845548189841507	a6	a10	a28	0
12	0.845603371688132	a7	a14	a29	0
13	0.845678570479121	a7	a14
12	0.845695341432507	a7	a14	a29	1
13	0.845748359285146	a7	a14
12	0.845788393173874	a7	a14	a29	2
13	0.845831132055084	a7	a14
12	0.845837353537791	a7	a15	a29	3
12	0.845881444915241	a7	a14	a29	4
12	0.845932839772392	a7	a16	a29	5
13	0.845943659742318	a7	a14
13	0.845963406187434	a7	a15
12	0.845982611634054	a7	a14	a29	6
13	0.846031301498723	a7	a16
13	0.846051318443087	a7	a14
12	0.84609486882204	a7	a15	a29	7
12	0.846104877294222	a7	a17	a29	8
12	0.846130845222046	a7	a16	a29	9
12	0.846146534178439	a7	a14	a29	10
13	0.846174936599496	a7	a15
13	0.846206585011531	a7	a17
13	0.846209290004013	a7	a14
13	0.846211453997998	a7	a16
12	0.846254192879207	a7	a14	a29	11
13	0.846296931760417	a7	a14
12	0.846336424650648	a7	a16	a29	12
12	0.84638024552885	a7	a17	a29	13
13	0.846397557480733	a7	a16
12	0.846404319961937	a7	a15	a29	14
12	0.846413246437126	a7	a14	a29	15
13	0.846445165348409	a7	a17
13	0.846471944773977	a7	a15
13	0.846529020115339	a7	a14
13	0.846714582599577	a6	a10
13	0.846727566563489	a8	a56
12	0.846973720879316	a8	a56	a42	0
12	0.847064608626698	a6	a10	a30	0
12	0.847125741456782	a7	a14	a31	0
13	0.847251253107929	a7	a14
12	0.847261261580111	a7	a15	a31	1
12	0.847272893047782	a7	a17	a31	2
12	0.84731725492448	a7	a14	a31	3
13	0.847414093655322	a7	a14
12	0.84745845553202	a7	a14	a31	4
13	0.847458726031268	a7	a15
13	0.847464947513976	a7	a17
12	0.847495784428266	a7	a16	a31	5
12	0.847540416804213	a7	a15	a31	6
12	0.847561245246321	a7	a17	a31	7
13	0.847592082160612	a7	a14
12	0.847632657047836	a7	a14	a31	8
13	0.847640231026784	a7	a16
13	0.847677289423782	a7	a15
13	0.84767918291852	a7	a17
12	0.847705150846343	a7	a16	a31	9
13	0.847731118774166	a7	a14
12	0.847755734205749	a7	a15	a31	10
12	0.847801989577185	a7	a17	a31	11
13	0.847809022557637	a7	a16
12	0.84782471151403	a7	a14	a31	12
13	0.847887737838852	a7	a15
12	0.847891795327574	a7	a16	a31	13
13	0.847923714238857	a7	a17
13	0.847931829216302	a7	a14
12	0.847976461592248	a7	a15	a31	14
12	0.847980519080971	a7	a17	a31	15
13	0.848021634966691	a7	a16
13	0.848077087312564	a7	a15
13	0.848087095784746	a7	a17
13	0.848249395333643	a6	a10
13	0.848373824987797	a8	a56
12	0.848412235881036	a8	a56	a45	0
12	0.848438203808859	a6	a10	a32	0
12	0.848498254641951	a7	a14	a33	0
13	0.848513402599848	a7	a14
12	0.848558846473539	a7	a14	a33	1
13	0.848575076428429	a7	a14
12	0.848602126353245	a7	a16	a33	2
12	0.848616733312646	a7	a14	a33	3
13	0.848633504266031	a7	a14
13	0.848659472193855	a7	a16
12	0.848690850106642	a7	a14	a33	4
13	0.848708162058524	a7	a14
12	0.848749277944244	a7	a17	a33	5
12	0.848763343905149	a7	a14	a33	6
13	0.848779573860038	a7	a14
13	0.848786606840491	a7	a17
12	0.848821771742752	a7	a16	a33	7
13	0.848863969625465	a7	a16
12	0.848864240124713	a7	a15	a33	8
12	0.848885068566821	a7	a14	a33	9
13	0.84889994602547	a7	a15
13	0.848916446479608	a7	a14
12	0.848932135436001	a7	a17	a33	10
13	0.848967841336759	a7	a17
12	0.849016260702179	a7	a15	a33	11
13	0.849043310626995	a7	a15
12	0.84904412212474	a7	a16	a33	12
13	0.849087402004446	a7	a16
12	0.849108500945802	a7	a14	a33	13
12	0.849109041944298	a7	a17	a33	14
13	0.849132845878137	a7	a14
13	0.849150157830019	a7	a17
12	0.849156379312727	a7	a15	a33	15
13	0.849216971144315	a7	a15
13	0.849440133024048	a6	a10
13	0.849485576897739	a8	a56
12	0.849914047706826	a8	a56	a50	0
12	0.85393637152698	a6	a10	a34	0
12	0.854038079244288	a7	a14	a35	0
12	0.854163320396187	a7	a15	a35	1
12	0.854266380609736	a7	a16	a35	2
12	0.854362137343585	a7	a17	a35	3
13	0.875098609707607	a7	a14
13	0.880028458505342	a7	a15
13	0.880821291801702	a7	a17
13	0.881137234923554	a7	a16
13	0.881558131753692	a6	a10
12	0.881620887579265	a6	a10	a36	0
12	0.881678774418372	a7	a14	a37	0
12	0.881994447040976	a7	a15	a37	1
12	0.882077490310161	a7	a17	a37	2
12	0.882118606195882	a7	a16	a37	3
13	0.883038303639629	a7	a14
13	0.883549547218653	a7	a16
13	0.883906606226226	a7	a17
13	0.884706472503038	a7	a15
13	0.884816024698543	a6	a10
12	0.887546985107977	a6	a10	a38	0
12	0.887691431706495	a7	a14	a39	0
12	0.887962471953152	a7	a17	a39	1
12	0.887986005387742	a7	a15	a39	2
12	0.88810096756821	a7	a16	a39	3
13	0.889746143995526	a7	a14
13	0.890342324338472	a7	a17
13	0.890531944311433	a7	a15
13	0.890584691664825	a7	a16
13	0.890716695297927	a6	a10
12	0.89075456519267	a6	a10	a40	0
12	0.890827058991177	a7	a14	a41	0
12	0.890982866558118	a7	a17	a41	1
12	0.891184929496494	a7	a15	a41	2
12	0.891256611797257	a7	a16	a41	3
13	0.891419452344649	a7	a14
13	0.892474940410974	a7	a17
13	0.892646977932804	a7	a16
13	0.892753825135828	a7	a15
13	0.892877984290734	a6	a10
12	0.893141450558442	a8	a57	a49	0
13	0.901693013789804	a8	a57
12	0.901802295486061	a8	a57	a54	0
12	0.903646559360023	a8	a58	a53	0
13	0.916688410110857	a8	a58
12	0.916736017978534	a8	a58	a52	0
13	0.922457618075635	a8	a58
12	0.922480340012481	a8	a58	a51	0
13	0.925586212379865	a8	a58
13	0.928720216669059	a8	a57
13	0.928810563417945	a8	a56
13	0.929000453890154	a8	a55
12	0.92938780881352	a8	a55	a46	0
12	0.92940836675638	a8	a56	a48	0
13	0.95980761326321	a8	a56
12	0.959981814779026	a6	a10	a20	0
12	0.960066751542948	a7	a14	a21	0
12	0.960161967278301	a7	a17	a21	1
12	0.960328865314416	a7	a15	a21	2
12	0.960387022652771	a7	a16	a21	3
13	0.96058124111295	a7	a17
13	0.960675645350558	a7	a15
13	0.96069755578966	a7	a14
13	0.960709998755075	a7	a16
13	0.960908004204729	a6	a10
12	0.961053532800239	a8	a56	a44	0
12	0.961076254737085	a8	a57	a43	0
12	0.961290490141628	a6	a10	a22	0
12	0.961407345816834	a7	a14	a23	0
12	0.961516086514595	a7	a17	a23	1
12	0.961878555507131	a7	a16	a23	2
12	0.961930761862026	a7	a15	a23	3
13	0.961995952180832	a7	a14
12	0.962050593028961	a7	a14	a23	4
13	0.962294583350802	a7	a17
12	0.962349765197427	a7	a17	a23	5
13	0.962674905293716	a7	a16
13	0.962731439636582	a7	a15
13	0.962746317095231	a7	a14
12	0.962751727080194	a7	a16	a23	6
12	0.962836934343365	a7	a15	a23	7
12	0.962843696824569	a7	a14	a23	8
13	0.96288914069826	a7	a17
12	0.962947568535863	a7	a17	a23	9
13	0.963594602737464	a7	a16
13	0.963598389726938	a7	a14
12	0.963666014538978	a7	a16	a23	10
12	0.963678457504394	a7	a14	a23	11
13	0.963751762800645	a7	a15
13	0.96375257429839	a7	a17
12	0.963821822105919	a7	a17	a23	12
12	0.963838863558553	a7	a15	a23	13
13	0.964528366142116	a7	a16
13	0.964570564024829	a7	a14
12	0.964621417883483	a7	a16	a23	14
12	0.964656041787248	a7	a14	a23	15
13	0.964696616674472	a7	a17
13	0.964759642999293	a7	a15
13	0.965221926214401	a7	a16
13	0.965419931664054	a7	a14
13	0.965493507459554	a6	a10
12	0.965634708067094	a6	a10	a24	0
12	0.965685561925748	a7	a14	a25	0
13	0.96571910383252	a7	a14
12	0.965736415784403	a7	a14	a25	1
13	0.96577212168516	a7	a14
12	0.965812696572384	a7	a14	a25	2
13	0.965852189462616	a7	a14
12	0.965871665408483	a7	a17	a25	3
13	0.965999882052112	a7	a17
13	0.966191395519809	a6	a10
12	0.966224396428085	a6	a10	a26	0
12	0.966303382208548	a7	a14	a27	0
13	0.966354236067202	a7	a14
12	0.966375335008559	a7	a14	a27	1
13	0.966425647868717	a7	a14
12	0.966446205811577	a7	a14	a27	2
13	0.96649868266572	a7	a14
12	0.966537093558959	a7	a14	a27	3
13	0.966591734407088	a7	a14
13	0.966684786148455	a6	a10
12	0.966841134713892	a6	a10	a22	0
12	0.966909300524429	a7	a14	a23	0
12	0.967206038199661	a7	a15	a23	1
12	0.967262572542527	a7	a17	a23	2
12	0.967285294479373	a7	a16	a23	3
13	0.967454627008721	a7	a14
12	0.967522792819258	a7	a14	a23	4
13	0.967960731102031	a7	a15
13	0.968023216428356	a7	a16
13	0.968028085414823	a7	a17
12	0.968041880876479	a7	a15	a23	5
13	0.96806379131558	a7	a14
12	0.968096792223856	a7	a17	a23	6
12	0.96813141612762	a7	a16	a23	7
12	0.968156843056947	a7	a14	a23	8
13	0.968643200705141	a7	a17
13	0.968690808572817	a7	a14
12	0.968694595562291	a7	a17	a23	9
12	0.968744367423953	a7	a14	a23	10
13	0.968792516290126	a7	a16
13	0.968804147757797	a7	a15
12	0.96887420706307	a7	a16	a23	11
12	0.968902609484127	a7	a15	a23	12
13	0.969235053060117	a7	a17
12	0.969288611911253	a7	a17	a23	13
13	0.969316743833062	a7	a14
12	0.969359482714271	a7	a14	a23	14
13	0.969506093306774	a7	a16
13	0.969529085742868	a7	a15
12	0.969565062142874	a7	a16	a23	15
13	0.969853955339909	a7	a17
13	0.970024369866251	a7	a14
13	0.970192620398607	a7	a16
13	0.970310558070805	a6	a10
13	0.970382510870816	a8	a57
12	0.970422003761047	a6	a10	a28	0
12	0.970473398618198	a7	a14	a29	0
13	0.970551302401669	a7	a14
12	0.970584573809192	a7	a15	a29	1
12	0.970594041282878	a7	a14	a29	2
13	0.970641649150554	a7	a14
12	0.970656797108451	a7	a14	a29	3
13	0.970700076988157	a7	a14
13	0.970710626458835	a7	a15
12	0.970746602858841	a7	a14	a29	4
12	0.970797727216743	a7	a15	a29	5
13	0.970801784705466	a7	a14
12	0.970869950516002	a7	a14	a29	6
13	0.970888073965629	a7	a15
12	0.970900787430293	a7	a17	a29	7
12	0.970919722377664	a7	a16	a29	8
13	0.970925673361123	a7	a14
12	0.970971387734063	a7	a15	a29	9
12	0.9709732812288	a7	a14	a29	10
13	0.970983019201733	a7	a17
13	0.971025217084447	a7	a14
13	0.971026028582191	a7	a15
13	0.971026299081439	a7	a16
12	0.971046857024299	a7	a17	a29	11
13	0.971113399839347	a7	a17
12	0.971120973818296	a7	a14	a29	12
13	0.971176696663417	a7	a14
12	0.971189139628832	a7	a17	a29	14
12	0.971190221625825	a7	a16	a29	13
12	0.971211050067933	a7	a15	a29	15
13	0.971243239478464	a7	a16
13	0.971263256422828	a7	a17
13	0.971314380780731	a7	a15
13	0.971470999845416	a6	a10
13	0.971483442810831	a8	a56
12	0.971764762028919	a8	a56	a42	0
12	0.971834550834944	a6	a10	a30	0
12	0.971900552651496	a7	a14	a31	0
12	0.971958168991354	a7	a15	a31	1
13	0.972022277313168	a7	a14
12	0.97208665613423	a7	a14	a31	2
13	0.972161043427475	a7	a15
13	0.972189986847028	a7	a14
12	0.972235160221471	a7	a15	a31	3
12	0.972257611659068	a7	a14	a31	4
12	0.972347958407954	a7	a16	a31	5
13	0.972349851902691	a7	a15
13	0.972367975352318	a7	a14
12	0.97239556627563	a7	a17	a31	6
12	0.972420181707213	a7	a15	a31	7
12	0.972447502131277	a7	a14	a31	8
13	0.972492946004968	a7	a16
13	0.972534602889185	a7	a17
13	0.972535414386929	a7	a15
13	0.972563816807986	a7	a14
12	0.972580587761372	a7	a16	a31	9
12	0.972634687611004	a7	a17	a31	10
12	0.972658221045595	a7	a15	a31	11
12	0.972664983526799	a7	a14	a31	12
13	0.972699607430563	a7	a16
13	0.972753166281699	a7	a17
13	0.972759387764407	a7	a15
13	0.97278833118396	a7	a14
12	0.972794282167419	a7	a16	a31	13
12	0.972812676116294	a7	a17	a31	14
12	0.972834586555395	a7	a15	a31	15
13	0.972906809854654	a7	a16
13	0.97291330183661	a7	a17
13	0.972933589280222	a7	a15
13	0.973142685199051	a6	a10
13	0.973243310919367	a8	a56
12	0.973282262811102	a8	a56	a45	0
12	0.973297951767495	a6	a10	a32	0
12	0.973355838606602	a7	a14	a33	0
13	0.973371527562995	a7	a14
12	0.973393167502848	a7	a14	a33	1
13	0.973408856459241	a7	a14
12	0.973424545415635	a7	a14	a33	2
13	0.973441316369021	a7	a14
12	0.973469989289326	a7	a16	a33	3
12	0.973484596248726	a7	a14	a33	4
13	0.973501367202112	a7	a14
13	0.973528958125425	a7	a16
12	0.973626878853259	a7	a17	a33	5
12	0.973643108808149	a7	a14	a33	6
13	0.973653387779579	a7	a17
13	0.973664207749505	a7	a14
12	0.973665830744994	a7	a16	a33	7
13	0.973681519701388	a7	a16
12	0.973735078552524	a7	a17	a33	8
12	0.973758070988617	a7	a15	a33	9
13	0.97376212847734	a7	a17
12	0.973764292471325	a7	a14	a33	10
13	0.973782145421703	a7	a14
12	0.973783768417192	a7	a16	a33	11
13	0.973796481881856	a7	a15
13	0.973798916375089	a7	a16
12	0.973841114257803	a7	a17	a33	12
12	0.973878984152545	a7	a14	a33	13
13	0.97389305011345	a7	a17
12	0.973913337557062	a7	a15	a33	14
13	0.973924428026236	a7	a14
12	0.97393849398714	a7	a16	a33	15
13	0.973939846483381	a7	a15
13	0.973954182943534	a7	a16
13	0.974221436200717	a6	a10
13	0.974266880074408	a8	a56
12	0.974689940898532	a8	a56	a50	0
12	0.978557539148738	a6	a10	a34	0
12	0.978693870769811	a7	a14	a35	0
12	0.978922172135259	a7	a16	a35	1
12	0.978964099518724	a7	a15	a35	2
12	0.979117472592431	a7	a17	a35	3
13	0.994786412041405	a7	a14
13	1.00278615680652	a7	a16
13	1.00382920190743	a7	a17
13	1.0038992612127	a7	a15
13	1.00452654896919	a6	a10
12	1.00459579677672	a6	a10	a36	0
12	1.00466937257222	a7	a14	a37	0
12	1.00481111417825	a7	a16	a37	1
12	1.00493500283391	a7	a17	a37	2
12	1.00503752204896	a7	a15	a37	3
13	1.00639759226872	a7	a15
13	1.00741385794406	a7	a17
13	1.00858728368258	a7	a14
13	1.0095838029128	a7	a16
13	1.00970823256696	a6	a10
12	1.01255009766814	a6	a10	a38	0
12	1.01263395243507	a7	a14	a39	0
12	1.01277975152983	a7	a15	a39	1
12	1.01285522082006	a7	a16	a39	2
12	1.01298884744866	a7	a17	a39	3
13	1.01470110768951	a7	a14
13	1.01515743992116	a7	a15
13	1.01517285837831	a7	a16
13	1.01529782903096	a7	a17
13	1.01542225868511	a6	a10
12	1.01546175157534	a6	a10	a40	0
12	1.01553532737084	a7	a14	a41	0
12	1.01590996882955	a7	a15	a41	1
12	1.01592268229421	a7	a16	a41	2
12	1.01598760211377	a7	a17	a41	3
13	1.01613150771379	a7	a14
13	1.01749184843279	a7	a15
13	1.01750510289595	a7	a16
13	1.01763602453206	a7	a17
13	1.01780806205389	a6	a10
12	1.0180428554013	a8	a57	a49	0
13	1.02658359866273	a8	a57
12	1.02669558535147	a8	a57	a54	0
12	1.02853606223596	a8	a58	a53	0
13	1.04140479346797	a8	a58
12	1.04145131933865	a8	a58	a52	0
13	1.04717346043425	a8	a58
12	1.04720429734854	a8	a58	a51	0
13	1.05030043174299	a8	a58
13	1.05345661697053	a8	a57
13	1.05355886568634	a8	a56
13	1.05369519730741	a8	a55
12	1.05404630533152	a8	a55	a46	0
12	1.05406848626987	a8	a56	a48	0
13	1.08359239720965	a8	a56
12	1.08375577875554	a6	a10	a20	0
12	1.0839094223285	a7	a14	a21	0
12	1.08418370856613	a7	a17	a21	1
12	1.0842699978263	a7	a15	a21	2
12	1.08438712400075	a7	a16	a21	3
13	1.08453589858724	a7	a14
13	1.08552971282498	a7	a17
13	1.08557596819642	a7	a15
13	1.08568606139042	a7	a16
13	1.08581698302653	a6	a10
12	1.08600308650926	a8	a56	a44	0
12	1.08602526744761	a8	a57	a43	0
12	1.08626114279201	a6	a10	a22	0
12	1.08635852252135	a7	a14	a23	0
12	1.08654895399205	a7	a17	a23	1
12	1.08661576730635	a7	a15	a23	2
12	1.08676102540261	a7	a16	a23	3
13	1.08699257275904	a7	a14
12	1.08705154159514	a7	a14	a23	4
13	1.08738750166135	a7	a17
12	1.08744214250948	a7	a17	a23	5
13	1.08744565899971	a7	a15
12	1.0875062508313	a7	a15	a23	6
13	1.08757414614258	a7	a16
13	1.08760390105988	a7	a14
12	1.08765475491854	a7	a16	a23	7
12	1.08769154281629	a7	a14	a23	8
13	1.0879977479652	a7	a17
12	1.08805455280732	a7	a17	a23	9
13	1.0880937751983	a7	a15
12	1.0881527440344	a7	a15	a23	10
13	1.08827365719833	a7	a14
13	1.08831260909006	a7	a16
12	1.08834831499082	a7	a14	a23	11
12	1.08838780788105	a7	a16	a23	12
13	1.08865938912621	a7	a17
12	1.08871348897584	a7	a17	a23	13
13	1.0887564983563	a7	a15
12	1.08881654918939	a7	a15	a23	14
13	1.08894936432023	a7	a14
12	1.08900562816385	a7	a14	a23	15
13	1.08907108898191	a7	a16
13	1.08925611046765	a7	a17
13	1.08943599246768	a7	a15
13	1.08958828354439	a7	a14
13	1.08966726932485	a6	a10
12	1.08981279792036	a6	a10	a24	0
12	1.08989070170383	a7	a14	a25	0
13	1.0899247846091	a7	a14
12	1.08994101456399	a7	a14	a25	1
13	1.08997022848279	a7	a14
12	1.08999240942114	a7	a14	a25	2
13	1.09002703332491	a7	a14
12	1.0900730181971	a7	a14	a25	3
13	1.09010547810687	a7	a14
13	1.09040140428436	a6	a10
12	1.0904403561761	a6	a10	a26	0
12	1.09051555496709	a7	a14	a27	0
13	1.09057398280469	a7	a14
12	1.09058967176108	a7	a14	a27	1
13	1.09064485360771	a7	a14
12	1.09066649354756	a7	a14	a27	2
13	1.09072113439569	a7	a14
12	1.09075170081073	a7	a15	a27	3
13	1.09089344241677	a7	a15
13	1.09105222547544	a6	a10
12	1.09123616496419	a6	a10	a22	0
12	1.09130865876269	a7	a14	a23	0
12	1.09153425513566	a7	a16	a23	1
12	1.09159430596875	a7	a17	a23	2
12	1.09163406935823	a7	a15	a23	3
13	1.09185290324999	a7	a14
12	1.09191836406805	a7	a14	a23	4
13	1.09220022428463	a7	a17
13	1.09220888026057	a7	a16
12	1.09228245605607	a7	a16	a23	6
12	1.09228894803803	a7	a17	a23	5
13	1.09231464546661	a7	a15
12	1.09237740129218	a7	a15	a23	7
13	1.09246314955385	a7	a14
12	1.09251562640799	a7	a14	a23	8
13	1.09282453654939	a7	a17
12	1.09288566937947	a7	a17	a23	9
13	1.09291542429677	a7	a16
13	1.09295356469076	a7	a15
12	1.09297763912385	a7	a16	a23	10
12	1.09301577951784	a7	a15	a23	11
13	1.09304850992687	a7	a14
12	1.09312154472387	a7	a14	a23	12
13	1.09342774987279	a7	a17
12	1.09348076772543	a7	a17	a23	13
13	1.09355434352093	a7	a16
12	1.09361547635101	a7	a16	a23	14
13	1.09362818981568	a7	a15
13	1.09367498618561	a7	a14
12	1.09368986364426	a7	a15	a23	15
13	1.0940147332413	a7	a17
13	1.09419867273005	a7	a16
13	1.09430660193006	a7	a15
13	1.09442048211354	a6	a10
13	1.09452543582183	a8	a57
12	1.09455735473311	a6	a10	a28	0
12	1.09464120950004	a7	a14	a29	0
13	1.09471370329855	a7	a14
12	1.09472939225494	a7	a14	a29	1
13	1.09478132811059	a7	a14
12	1.09482785398127	a7	a14	a29	2
12	1.09485814989706	a7	a16	a29	3
13	1.09487600284744	a7	a14
12	1.09491928272715	a7	a14	a29	4
12	1.09497473507302	a7	a15	a29	5
13	1.0949852845437	a7	a16
13	1.09498744853768	a7	a14
12	1.09505399135273	a7	a17	a29	6
13	1.09506129483243	a7	a15
12	1.09506481132266	a7	a14	a29	7
12	1.09509077925048	a7	a16	a29	8
13	1.09512107516628	a7	a14
12	1.09514947758733	a7	a15	a29	9
13	1.09515894506102	a7	a16
13	1.0951616500535	a7	a17
13	1.09522954536479	a7	a15
12	1.09523955383697	a7	a14	a29	10
12	1.09528391571367	a7	a16	a29	11
12	1.09530663765051	a7	a17	a29	12
13	1.09531367063097	a7	a14
12	1.09533395807458	a7	a15	a29	13
12	1.09538075444451	a7	a14	a29	14
13	1.0953891399212	a7	a15
13	1.0953964434009	a7	a17
13	1.09540455837835	a7	a16
13	1.09543972328061	a7	a14
12	1.09546731420392	a7	a17	a29	15
13	1.09552574204152	a7	a17
13	1.09569399257388	a6	a10
13	1.0957058945408	a8	a56
12	1.09596611481753	a8	a56	a42	0
12	1.09604185460702	a6	a10	a30	0
12	1.09610893842056	a7	a14	a31	0
13	1.09621822011682	a7	a14
12	1.09623093358148	a7	a15	a31	1
12	1.09625446701607	a7	a17	a31	2
12	1.09628638592735	a7	a14	a31	3
13	1.09641730756346	a7	a14
13	1.09643867700407	a7	a15
12	1.09644057049881	a7	a16	a31	4
13	1.09644273449279	a7	a17
12	1.09652172027325	a7	a14	a31	6
12	1.09653145824619	a7	a17	a31	5
12	1.09655390968378	a7	a15	a31	7
13	1.09662450998755	a7	a16
13	1.09662937897402	a7	a17
13	1.09664614992741	a7	a14
13	1.09668266732591	a7	a15
12	1.09670728275749	a7	a17	a31	8
12	1.09675489062517	a7	a16	a31	9
12	1.09677896505825	a7	a15	a31	10
12	1.09678302254698	a7	a14	a31	11
13	1.09679979350036	a7	a17
12	1.09685443434849	a7	a17	a31	12
13	1.09686200832744	a7	a16
13	1.09688716475752	a7	a15
12	1.09691989516655	a7	a16	a31	13
13	1.09692043616504	a7	a14
13	1.09694856808685	a7	a17
12	1.09695965855603	a7	a15	a31	14
12	1.09700861891994	a7	a17	a31	15
13	1.09706866975304	a7	a16
13	1.09709112119063	a7	a15
13	1.09712385159966	a7	a17
13	1.09730292210194	a6	a10
13	1.09740246582527	a8	a56
12	1.09743384373805	a8	a56	a45	0
12	1.09744790969896	a6	a10	a32	0
12	1.09750958352754	a7	a14	a33	0
13	1.09752527248393	a7	a14
12	1.09754745342228	a7	a14	a33	1
13	1.09756368337717	a7	a14
12	1.09757937233356	a7	a14	a33	2
13	1.09759560228845	a7	a14
12	1.09761183224334	a7	a14	a33	3
13	1.09762806219823	a7	a14
12	1.09764483315162	a7	a14	a33	4
13	1.09766106310651	a7	a14
12	1.09775681984036	a7	a17	a33	5
12	1.09777142679976	a7	a14	a33	6
13	1.09778711575615	a7	a14
13	1.097809837693	a7	a17
12	1.09782796114262	a7	a15	a33	7
12	1.09783039563586	a7	a14	a33	8
13	1.09784554359375	a7	a14
13	1.09786691303436	a7	a15
12	1.09788557748248	a7	a17	a33	9
12	1.09790451242985	a7	a16	a33	10
13	1.09791911938925	a7	a17
12	1.09793102135617	a7	a14	a33	11
13	1.09794887430655	a7	a16
13	1.09794887430655	a7	a14
12	1.09796807975317	a7	a15	a33	12
13	1.09798485070656	a7	a15
12	1.09802731908852	a7	a17	a33	13
12	1.09805545101033	a7	a14	a33	14
13	1.09807871394567	a7	a14
13	1.09808033694116	a7	a17
12	1.09815932272162	a7	a17	a33	15
13	1.09818691364493	a7	a17
13	1.09835841016827	a6	a10
13	1.09839844405699	a8	a56
12	1.09881122590969	a8	a56	a50	0
12	1.10268531614185	a6	a10	a34	0
12	1.10284058271029	a7	a14	a35	0
12	1.1029063140276	a7	a15	a35	1
12	1.10321765866223	a7	a16	a35	2
12	1.10325336456299	a7	a17	a35	3
13	1.12631234347172	a7	a14
13	1.12881960100293	a7	a15
13	1.12985317863015	a7	a16
13	1.13025189452194	a7	a17
13	1.13036550420617	a6	a10
12	1.13042339104527	a6	a10	a36	0
12	1.13048452387536	a7	a14	a37	0
12	1.13065737289493	a7	a15	a37	1
12	1.13079072902427	a7	a16	a37	2
12	1.13088269876865	a7	a17	a37	3
13	1.13216594720192	a7	a17
13	1.13312892452538	a7	a14
13	1.13361690516906	a7	a16
13	1.13436158959925	a7	a15
13	1.13445545283836	a6	a10
12	1.13716260931395	a6	a10	a38	0
12	1.13723780810494	a7	a14	a39	0
12	1.13749234789746	a7	a15	a39	1
12	1.13756294820123	a7	a16	a39	2
12	1.13764247498019	a7	a17	a39	3
13	1.13922597757893	a7	a14
13	1.13987842176549	a7	a17
13	1.13992467713693	a7	a15
13	1.13993414461061	a7	a16
13	1.14013756004523	a6	a10
12	1.14019165989486	a6	a10	a40	0
12	1.14025495671893	a7	a14	a41	0
12	1.14059524477312	a7	a17	a41	1
12	1.14067747654456	a7	a16	a41	2
12	1.14070317397313	a7	a15	a41	3
13	1.14085438305286	a7	a14
13	1.14214412346809	a7	a16
13	1.14229425055082	a7	a15
13	1.14234645690571	a7	a17
13	1.14246709957039	a6	a10
12	1.14272190986216	a8	a57	a49	0
13	1.15326488855848	a8	a57
12	1.15336389128331	a8	a57	a54	0
12	1.15517894123847	a8	a58	a53	0
13	1.16816669213967	a8	a58
12	1.16821700499983	a8	a58	a52	0
13	1.17392399813753	a8	a58
12	1.17395375305483	a8	a58	a51	0
13	1.17694655673648	a8	a58
13	1.18008326601816	a8	a57
13	1.18017577676103	a8	a56
13	1.18031427237609	a8	a55
12	1.18066646239719	a8	a55	a46	0
12	1.18068810233705	a8	a56	a48	0
13	1.21017522537908	a8	a56
12	1.21034563990542	a6	a10	a20	0
12	1.21042895367385	a7	a14	a21	0
12	1.210701616916	a7	a17	a21	1
12	1.21073786381525	a7	a16	a21	2
12	1.2107971031506	a7	a15	a21	3
13	1.21106083991755	a7	a14
13	1.21109167683185	a7	a16
13	1.21201137427559	a7	a17
13	1.21208792556282	a7	a15
13	1.2122012647478	a6	a10
12	1.21238682723204	a8	a56	a44	0
12	1.21240900817039	a8	a57	a43	0
12	1.21262107958095	a6	a10	a22	0
12	1.21269736036893	a7	a14	a23	0
12	1.21296840061559	a7	a16	a23	1
12	1.21303386143364	a7	a17	a23	2
12	1.21313313465772	a7	a15	a23	3
13	1.2132605398036	a7	a14
12	1.2133200496382	a7	a14	a23	4
13	1.21382047324729	a7	a17
13	1.21383345721121	a7	a16
13	1.21390216402024	a7	a14
12	1.21390919700069	a7	a17	a23	5
12	1.21392326296159	a7	a16	a23	6
13	1.21392569745483	a7	a15
12	1.21400495373454	a7	a14	a23	7
12	1.21403660214657	a7	a15	a23	8
13	1.21450808233612	a7	a17
12	1.21456164118725	a7	a17	a23	9
13	1.21456326418274	a7	a16
13	1.21459031410756	a7	a14
12	1.21463034799629	a7	a16	a23	10
12	1.21468931683239	a7	a14	a23	11
13	1.2147831800715	a7	a15
12	1.21486432984595	a7	a15	a23	12
13	1.21520921638735	a7	a16
12	1.21528766116932	a7	a16	a23	13
13	1.21538071291069	a7	a17
12	1.21544617372874	a7	a17	a23	14
13	1.21546970716333	a7	a15
13	1.21547268265506	a7	a14
12	1.21553841397236	a7	a15	a23	15
13	1.21592874438746	a7	a16
13	1.21600177918446	a7	a17
13	1.21618220218299	a7	a15
13	1.21629283637549	a6	a10
12	1.21642484000859	a6	a10	a24	0
12	1.21652708872439	a7	a14	a25	0
13	1.21657253259808	a7	a14
12	1.21661040249283	a7	a14	a25	1
12	1.21664827238757	a7	a17	a25	2
13	1.21664935438456	a7	a14
12	1.21668884727479	a7	a14	a25	3
13	1.21672238918156	a7	a14
13	1.2167764890312	a7	a17
13	1.21695393653799	a6	a10
12	1.2169972164177	a6	a10	a26	0
12	1.21706538222823	a7	a14	a27	0
13	1.21712381006584	a7	a14
12	1.21714004002073	a7	a14	a27	1
13	1.2171881888869	a7	a14
12	1.21720874682976	a7	a14	a27	2
13	1.21726338767789	a7	a14
12	1.21727907663428	a7	a14	a27	3
13	1.21733371748241	a7	a14
13	1.21767075954562	a6	a10
12	1.21780384517571	a6	a10	a22	0
12	1.21786660100129	a7	a14	a23	0
12	1.21797588269754	a7	a17	a23	1
12	1.21816171568103	a7	a15	a23	2
12	1.21819282309457	a7	a16	a23	3
13	1.21841138648708	a7	a14
12	1.21847847030063	a7	a14	a23	4
13	1.21862724488711	a7	a17
12	1.21868188573524	a7	a17	a23	5
13	1.21878602794578	a7	a15
12	1.21884499678188	a7	a15	a23	6
13	1.21888097318189	a7	a16
12	1.21894535200295	a7	a16	a23	7
13	1.21901676380447	a7	a14
12	1.21907681463756	a7	a14	a23	8
13	1.21921314625863	a7	a17
12	1.21926995110074	a7	a17	a23	9
13	1.21942494716994	a7	a15
12	1.21948499800303	a7	a15	a23	10
13	1.21959833718801	a7	a16
13	1.21962809210531	a7	a14
12	1.21967515897449	a7	a16	a23	11
12	1.21970220889931	a7	a14	a23	12
13	1.21981149059556	a7	a17
12	1.21986883643617	a7	a17	a23	13
13	1.22022237895352	a7	a15
12	1.2202835117836	a7	a15	a23	14
13	1.22029297925729	a7	a16
13	1.22030163523323	a7	a14
12	1.22037521102873	a7	a16	a23	15
13	1.22042985187686	a7	a17
13	1.22085913418369	a7	a15
13	1.22103468819575	a7	a16
13	1.2211591178499	a6	a10
13	1.22123810363036	a8	a57
12	1.22126623555217	a6	a10	a28	0
12	1.22132466338978	a7	a14	a29	0
13	1.22137605824693	a7	a14
12	1.22139282920031	a7	a17	a29	1
12	1.22143502708303	a7	a14	a29	2
12	1.22146992148604	a7	a15	a29	3
13	1.22148479894469	a7	a14
13	1.22150589788604	a7	a17
12	1.22152375083642	a7	a14	a29	4
13	1.22157325219884	a7	a15
12	1.22157947368154	a7	a17	a29	5
13	1.22158326067102	a7	a14
13	1.22163952451464	a7	a17
12	1.22164628699584	a7	a15	a29	6
12	1.22166170545298	a7	a14	a29	7
13	1.2216960588575	a7	a15
12	1.22171147731465	a7	a17	a29	8
13	1.22173690424397	a7	a14
12	1.22175313419886	a7	a16	a29	9
13	1.22176936415375	a7	a17
12	1.22177612663496	a7	a15	a29	10
12	1.22181805401842	a7	a14	a29	11
13	1.22182698049361	a7	a15
13	1.22183428397331	a7	a16
12	1.22184185795226	a7	a17	a29	12
12	1.22190731877031	a7	a16	a29	13
13	1.2219100237628	a7	a17
13	1.22195438563949	a7	a14
12	1.22196818110115	a7	a15	a29	14
12	1.22197223858987	a7	a17	a29	15
13	1.2219976655192	a7	a16
13	1.22203986340191	a7	a17
13	1.22204824887861	a7	a15
13	1.22224111484255	a6	a10
13	1.22225355780796	a8	a56
12	1.22249917112529	a8	a56	a42	0
12	1.22255327097492	a6	a10	a30	0
12	1.22263712574185	a7	a14	a31	0
12	1.22269961106818	a7	a15	a31	1
13	1.22273829246067	a7	a14
12	1.22276371938999	a7	a17	a31	2
12	1.22279563830128	a7	a14	a31	3
13	1.22289031303813	a7	a14
13	1.22289734601858	a7	a17
12	1.22290708399152	a7	a14	a31	4
13	1.22291114148024	a7	a15
12	1.22296280683664	a7	a17	a31	5
12	1.22298904526371	a7	a15	a31	6
13	1.22300446372086	a7	a14
12	1.22303097264718	a7	a16	a31	7
12	1.22306505555244	a7	a14	a31	8
13	1.22307371152838	a7	a17
13	1.22308426099906	a7	a15
12	1.22313754935095	a7	a17	a31	9
12	1.22316378777802	a7	a15	a31	10
13	1.22316838626524	a7	a16
13	1.22319814118254	a7	a14
13	1.22325332302916	a7	a17
12	1.22325765101713	a7	a16	a31	11
13	1.22326874148631	a7	a15
12	1.22329876690285	a7	a14	a31	12
12	1.22336233422617	a7	a15	a31	14
12	1.2233945236367	a7	a17	a31	13
13	1.22341129459009	a7	a14
13	1.22341129459009	a7	a16
12	1.22347783740514	a7	a16	a31	15
13	1.22348838687582	a7	a15
13	1.22349190336604	a7	a17
13	1.22362066100817	a7	a16
13	1.22379648551947	a6	a10
13	1.2238954882443	a8	a56
12	1.22393173514355	a8	a56	a45	0
12	1.22394471910746	a6	a10	a32	0
12	1.22400368794356	a7	a14	a33	0
13	1.22401829490296	a7	a14
12	1.22406806676462	a7	a14	a33	1
13	1.22408429671951	a7	a14
12	1.22413515057817	a7	a14	a33	2
13	1.22415083953456	a7	a14
12	1.22420737387743	a7	a15	a33	3
12	1.22422766132104	a7	a14	a33	4
13	1.22424389127593	a7	a14
13	1.22426147372706	a7	a15
12	1.22426499021729	a7	a16	a33	5
13	1.22430286011203	a7	a16
12	1.22430935209398	a7	a17	a33	6
12	1.22434992698121	a7	a14	a33	7
13	1.22437318991655	a7	a14
12	1.22438996086994	a7	a16	a33	8
13	1.22440078083986	a7	a17
12	1.22440429733009	a7	a15	a33	9
13	1.22440727282182	a7	a16
13	1.22443297025039	a7	a15
12	1.2244830126113	a7	a17	a33	10
12	1.22449491457822	a7	a14	a33	11
13	1.22451222653011	a7	a17
13	1.2245127675286	a7	a14
12	1.22451817751356	a7	a16	a33	12
13	1.22453494846695	a7	a16
12	1.22458661382335	a7	a15	a33	13
13	1.22462718871057	a7	a15
12	1.22462908220531	a7	a14	a33	15
13	1.22465234514065	a7	a14
12	1.22466532910456	a7	a17	a33	14
13	1.22468372305344	a7	a17
13	1.22491743440385	a6	a10
13	1.22496450127303	a8	a56
12	1.22538269311069	a8	a56	a50	0
12	1.22934604809474	a6	a10	a34	0
12	1.22948778970078	a7	a14	a35	0
12	1.22959220241057	a7	a16	a35	1
12	1.2296901231384	a7	a17	a35	2
12	1.22973475551435	a7	a15	a35	3
13	1.25144745966498	a7	a14
13	1.26302672098101	a7	a15
13	1.26315033913742	a7	a16
13	1.26356420298711	a7	a17
13	1.26369891161269	a6	a10
12	1.2641100704699	a6	a10	a36	0
12	1.2641831052669	a7	a14	a37	0
12	1.2644032916549	a7	a16	a37	1
12	1.26458263265643	a7	a15	a37	2
12	1.26478253160083	a7	a17	a37	3
13	1.26620860363713	a7	a17
13	1.26728924813353	a7	a15
13	1.26782077915617	a7	a14
13	1.26882757735783	a7	a16
13	1.26894659702702	a6	a10
12	1.27196049965003	a6	a10	a38	0
12	1.27204273142147	a7	a14	a39	0
12	1.27219367000194	a7	a16	a39	1
12	1.27223911387563	a7	a17	a39	2
12	1.27226318830872	a7	a15	a39	3
13	1.27411962464885	a7	a14
13	1.27463519621584	a7	a17
13	1.27465764765344	a7	a15
13	1.27467468910607	a7	a16
13	1.27490461346701	a6	a10
12	1.27497818926251	a6	a10	a40	0
12	1.27505230605651	a7	a14	a41	0
12	1.27531306733173	a7	a17	a41	1
12	1.27548212936183	a7	a15	a41	2
12	1.27552026975582	a7	a16	a41	3
13	1.27568743829119	a7	a14
13	1.27692551335002	a7	a15
13	1.2770534594944	a7	a17
13	1.27706427946433	a7	a16
13	1.27721792303728	a6	a10
12	1.27762367190952	a8	a57	a49	0
13	1.28629804179955	a8	a57
12	1.28641056948679	a8	a57	a54	0
12	1.28846636377281	a8	a58	a53	0
13	1.30130696308301	a8	a58
12	1.30134537397625	a8	a58	a52	0
13	1.30719519071698	a8	a58
12	1.30722981462075	a8	a58	a51	0
13	1.32628161766722	a8	a58
13	1.32956331454591	a8	a57
13	1.32974887703015	a8	a56
13	1.32991442257002	a8	a55
12	1.33119658900631	a8	a55	a46	0
12	1.33126150882587	a8	a56	a48	0
13	1.37331873192994	a8	a56
12	1.37364170803224	a6	a10	a20	0
12	1.37371690682323	a7	a14	a21	0
12	1.37384214797513	a7	a15	a21	1
12	1.37389922331649	a7	a17	a21	2
12	1.3741329346669	a7	a16	a21	3
13	1.37430010320227	a7	a17
13	1.37435636704588	a7	a14
13	1.37521520215879	a7	a15
13	1.39037316852799	a7	a16
13	1.39050733615508	a6	a10
12	1.39083572224235	a8	a56	a44	0
12	1.39086926414912	a8	a57	a43	0
12	1.39112515643788	a6	a10	a22	0
12	1.39122307716571	a7	a14	a23	0
12	1.39156228322291	a7	a16	a23	1
12	1.39159853012216	a7	a17	a23	2
12	1.39175677218234	a7	a15	a23	3
13	1.39182142150265	a7	a14
12	1.39188255433273	a7	a14	a23	4
13	1.39244952075688	a7	a17
13	1.39245925872981	a7	a14
13	1.3924608817253	a7	a16
12	1.39254473649223	a7	a16	a23	6
12	1.39255014647719	a7	a17	a23	5
12	1.3925642124381	a7	a14	a23	7
13	1.39264022272683	a7	a15
12	1.39269810956594	a7	a15	a23	8
13	1.3931225228863	a7	a17
13	1.39314794981563	a7	a16
12	1.39318798370436	a7	a17	a23	9
13	1.39318906570135	a7	a14
12	1.39320313166225	a7	a16	a23	10
12	1.39325831350888	a7	a14	a23	11
13	1.39353719823373	a7	a15
12	1.39359616706983	a7	a15	a23	12
13	1.39375603212549	a7	a17
12	1.39381121397212	a7	a17	a23	13
13	1.39413905906089	a7	a16
13	1.39414284605036	a7	a14
12	1.39421317585489	a7	a16	a23	14
12	1.39422724181579	a7	a14	a23	15
13	1.39423725028797	a7	a15
13	1.39440955830905	a7	a17
13	1.39479474923843	a7	a14
13	1.39494244182793	a7	a16
13	1.39508634742795	a6	a10
12	1.39533033774979	a6	a10	a24	0
12	1.39541365151822	a7	a14	a25	0
13	1.39548235832726	a7	a14
12	1.39550183427313	a7	a17	a25	1
12	1.39553375318441	a7	a14	a25	2
13	1.3955645900987	a7	a14
12	1.39562518193029	a7	a14	a25	3
13	1.39565385485059	a7	a17
13	1.39568036377691	a7	a14
13	1.39593084608071	a6	a10
12	1.39601145485666	a6	a10	a26	0
12	1.39608394865517	a7	a14	a27	0
13	1.39617159041157	a7	a14
12	1.39622190327173	a7	a14	a27	1
12	1.39626464215294	a7	a16	a27	2
13	1.3962711341349	a7	a14
12	1.39633334896197	a7	a14	a27	3
13	1.39639772778303	a7	a14
13	1.39653405940411	a7	a16
13	1.39665848905826	a6	a10
12	1.39685378951543	a6	a10	a22	0
12	1.39698038316357	a7	a14	a23	0
12	1.39713294473954	a7	a16	a23	1
12	1.3973804515516	a7	a15	a23	2
12	1.39743698589447	a7	a17	a23	3
13	1.39755438256817	a7	a14
12	1.39760469542833	a7	a14	a23	4
13	1.39779242190655	a7	a16
12	1.39787140768702	a7	a16	a23	5
13	1.3980353302314	a7	a17
13	1.39806914263742	a7	a15
12	1.39809916805397	a7	a17	a23	6
12	1.39813352145848	a7	a15	a23	7
13	1.39816084188255	a7	a14
12	1.39822197471263	a7	a14	a23	8
13	1.39846758802996	a7	a16
12	1.39853196685102	a7	a16	a23	9
13	1.39872645581045	a7	a15
13	1.39874349726309	a7	a17
13	1.39879164612926	a7	a14
12	1.3988008431037	a7	a17	a23	10
12	1.39882004855032	a7	a15	a23	11
12	1.39886954991273	a7	a14	a23	12
13	1.39932074265866	a7	a16
13	1.39936239954288	a7	a17
12	1.39939972843913	a7	a16	a23	13
12	1.39942082738048	a7	a17	a23	14
13	1.39945328729026	a7	a14
13	1.39945734477898	a7	a15
12	1.39953146157298	a7	a15	a23	15
13	1.39999699077907	a7	a17
13	1.39999915477305	a7	a16
13	1.40015198684826	a7	a15
13	1.40027344101069	a6	a10
13	1.40038164070995	a8	a57
12	1.40041410061973	a6	a10	a28	0
12	1.4004914634047	a7	a14	a29	0
13	1.40057802316411	a7	a14
12	1.40060074510096	a7	a14	a29	1
13	1.40064889396713	a7	a14
12	1.40069217384684	a7	a14	a29	2
13	1.40073869971752	a7	a14
12	1.40079820955212	a7	a16	a29	3
12	1.40080578353107	a7	a14	a29	4
13	1.40085339139874	a7	a14
12	1.40088098232206	a7	a17	a29	5
12	1.4009402216574	a7	a15	a29	6
12	1.40094103315515	a7	a14	a29	7
13	1.40098701802733	a7	a14
13	1.40099946099275	a7	a16
13	1.401035707892	a7	a17
13	1.40106843830103	a7	a15
12	1.40107303678825	a7	a16	a29	8
12	1.40111956265893	a7	a17	a29	9
12	1.40113038262886	a7	a14	a29	10
13	1.40115689155518	a7	a16
12	1.40116852302285	a7	a15	a29	11
13	1.40119043346195	a7	a17
13	1.40120017143489	a7	a14
13	1.40122532786496	a7	a15
12	1.40123695933264	a7	a17	a29	12
12	1.40128132120933	a7	a16	a29	13
13	1.40129863316122	a7	a17
12	1.40131053512813	a7	a14	a29	14
12	1.40134326553716	a7	a15	a29	15
13	1.4013603069898	a7	a16
13	1.40138411092363	a7	a14
13	1.40146444920034	a7	a15
13	1.40160646130562	a6	a10
13	1.40161890427104	a8	a56
12	1.40218695269218	a8	a56	a42	0
12	1.40229298839746	a6	a10	a30	0
12	1.40235899021401	a7	a14	a31	0
12	1.40244609097191	a7	a17	a31	1
12	1.40250127281854	a7	a16	a31	2
13	1.40251371578395	a7	a14
12	1.40259973454487	a7	a14	a31	3
12	1.4026616788727	a7	a15	a31	4
13	1.4026976552727	a7	a14
13	1.40272145920654	a7	a17
13	1.40273119717948	a7	a16
12	1.40279124801257	a7	a17	a31	5
12	1.4028009859855	a7	a14	a31	6
12	1.40283452789227	a7	a16	a31	7
13	1.40284886435243	a7	a15
13	1.40290702169078	a7	a17
13	1.40290918568477	a7	a14
13	1.40295192456598	a7	a16
12	1.40295490005771	a7	a15	a31	8
12	1.40297572849981	a7	a17	a31	9
12	1.4029919584547	a7	a14	a31	10
12	1.4030514682893	a7	a16	a31	11
13	1.40306472275246	a7	a15
13	1.40311314211788	a7	a14
13	1.40314506102916	a7	a17
12	1.40315182351037	a7	a15	a31	12
13	1.40317914393443	a7	a16
12	1.40320348886677	a7	a17	a31	13
12	1.40323378478256	a7	a14	a31	14
12	1.40325812971489	a7	a16	a31	15
13	1.40326976118256	a7	a15
13	1.40331439355851	a7	a17
13	1.40336903440664	a7	a16
13	1.40338364136604	a7	a14
13	1.40354377692095	a6	a10
13	1.40372663441271	a8	a56
12	1.40377586527587	a8	a56	a45	0
12	1.4038164401631	a6	a10	a32	0
12	1.40399442866839	a7	a14	a33	0
13	1.40403446255712	a7	a14
12	1.40405069251201	a7	a14	a33	1
13	1.40406746346539	a7	a14
12	1.40408423441878	a7	a14	a33	2
13	1.40410154637066	a7	a14
12	1.40411885832254	a7	a14	a33	3
13	1.40413508827743	a7	a14
12	1.40415131823232	a7	a14	a33	4
13	1.40416754818721	a7	a14
12	1.4041837781421	a7	a14	a33	5
13	1.40420000809699	a7	a14
12	1.40421732004887	a7	a14	a33	6
13	1.40423355000376	a7	a14
12	1.40425032095715	a7	a14	a33	7
13	1.40426655091204	a7	a14
12	1.40428278086693	a7	a14	a33	8
13	1.40429901082182	a7	a14
12	1.40434120870453	a7	a14	a33	9
13	1.40435743865942	a7	a14
12	1.40443642443988	a7	a14	a33	10
13	1.40445265439477	a7	a14
12	1.40453272217223	a7	a16	a33	11
12	1.40455057512261	a7	a17	a33	12
12	1.40455814910156	a7	a14	a33	13
13	1.40457437905645	a7	a14
12	1.40459791249104	a7	a15	a33	14
13	1.40460846196171	a7	a17
13	1.404639298876	a7	a16
13	1.40465201234067	a7	a15
12	1.40465823382338	a7	a14	a33	15
13	1.40473343261436	a7	a14
13	1.40491737210311	a6	a10
13	1.40499689888207	a8	a56
12	1.40552761840696	a8	a56	a50	0
12	1.40994108413996	a6	a10	a34	0
12	1.41003413588133	a7	a14	a35	0
12	1.41040688384529	a7	a17	a35	1
12	1.41042581879266	a7	a16	a35	2
12	1.41052833800772	a7	a15	a35	3
13	1.42484667471062	a7	a14
13	1.43502772541291	a7	a17
13	1.43600936718448	a7	a15
13	1.43602424464313	a7	a16
13	1.43671185373196	a6	a10
12	1.43676649458009	a6	a10	a36	0
12	1.43685413633649	a7	a14	a37	0
12	1.4371327505621	a7	a16	a37	1
12	1.43725853271249	a7	a15	a37	2
12	1.43731831304633	a7	a17	a37	3
13	1.43883960081799	a7	a17
13	1.43966570552188	a7	a14
13	1.43994242625274	a7	a15
13	1.44084995123032	a7	a16
13	1.44095977392508	a6	a10
12	1.44375890014505	a6	a10	a38	0
12	1.44382814795258	a7	a14	a39	0
12	1.44406267080073	a7	a15	a39	1
12	1.44429935764287	a7	a17	a39	2
12	1.44433181755265	a7	a16	a39	3
13	1.44609384965517	a7	a14
13	1.44647822908681	a7	a15
13	1.44679985269287	a7	a17
13	1.44683501759513	a7	a16
13	1.44698487417862	a6	a10
12	1.44703951502674	a6	a10	a40	0
12	1.44714717372751	a7	a14	a41	0
12	1.44745554287042	a7	a17	a41	1
12	1.4475458896193	a7	a16	a41	2
12	1.44757537403735	a7	a15	a41	3
13	1.44778014196821	a7	a14
13	1.46211146263503	a7	a15
13	1.46213066808165	a7	a17
13	1.46217773495083	a7	a16
13	1.46237898639146	a6	a10
12	1.46266896158549	a8	a57	a49	0
13	1.48641176259357	a8	a57
12	1.48647776441012	a8	a57	a54	0
12	1.48835665218785	a8	a58	a53	0
13	1.50159650838834	a8	a58
12	1.50163275528759	a8	a58	a52	0
13	1.50751340894261	a8	a58
12	1.5075442458569	a8	a58	a51	0
13	1.51067175816414	a8	a58
13	1.51388258423981	a8	a57
13	1.51401404687442	a8	a56
13	1.51416714944887	a8	a55
12	1.51422341329249	a8	a55	a50	0
12	1.5349761156114	a6	a10	a34	0
12	1.53504698641442	a7	a14	a35	0
12	1.53515843210466	a7	a17	a35	1
12	1.53526338581295	a7	a16	a35	2
12	1.53542433286561	a7	a15	a35	3
13	1.55747894806592	a7	a14
13	1.56125295357626	a7	a17
13	1.56160568459586	a7	a16
13	1.56217616751023	a7	a15
13	1.56230790064409	a6	a10
12	1.5623652464847	a6	a10	a36	0
12	1.56243611728772	a7	a14	a37	0
12	1.56266604164865	a7	a17	a37	1
12	1.56273528945618	a7	a16	a37	2
12	1.56282049671935	a7	a15	a37	3
13	1.5645057070354	a7	a15
13	1.56547436484306	a7	a16
13	1.56574594608821	a7	a14
13	1.56691179784779	a7	a17
13	1.56702540753202	a6	a10
12	1.57006203209187	a6	a10	a38	0
12	1.57012262392346	a7	a14	a39	0
12	1.57045209200772	a7	a16	a39	1
12	1.57050429836261	a7	a15	a39	2
12	1.57052512680472	a7	a17	a39	3
13	1.57132526358078	a7	a14
13	1.57255062517495	a7	a17
13	1.57267316133437	a7	a15
13	1.57272753168325	a7	a16
13	1.57286602729831	a6	a10
12	1.57290335619455	a6	a10	a40	0
12	1.57297693199005	a7	a14	a41	0
12	1.57315708448933	a7	a17	a41	1
12	1.57323525877205	a7	a15	a41	2
12	1.57337510688335	a7	a16	a41	3
13	1.57366616407437	a7	a14
13	1.57484499979785	a7	a17
13	1.5748677217347	a7	a16
13	1.5748750252144	a7	a15
13	1.57507276016481	a6	a10
12	1.57533514443552	a8	a56	a49	0
13	1.58400518633758	a8	a56
12	1.58407930313157	a8	a56	a54	0
12	1.58583267925815	a8	a57	a53	0
13	1.59865921260745	a8	a57
12	1.59870249248716	a8	a57	a52	0
13	1.60427477699927	a8	a57
12	1.60432184386845	a8	a57	a51	0
13	1.60732113953206	a8	a57
13	1.61044378285283	a8	a56
13	1.61054927755962	a8	a55
