%EventDef PajeDefineContainerType 0 
%       Alias string 
%       Type string 
%       Name string 
%EndEventDef 
%EventDef PajeDefineVariableType 1 
%       Alias string 
%       Type string 
%       Name string 
%       Color color 
%EndEventDef 
%EventDef PajeDefineStateType 2 
%       Alias string 
%       Type string 
%       Name string 
%EndEventDef 
%EventDef PajeDefineEventType 3 
%       Alias string 
%       Type string 
%       Name string 
%       Color color 
%EndEventDef 
%EventDef PajeDefineLinkType 4 
%       Alias string 
%       Type string 
%       StartContainerType string 
%       EndContainerType string 
%       Name string 
%EndEventDef 
%EventDef PajeDefineEntityValue 5 
%       Alias string 
%       Type string 
%       Name string 
%       Color color 
%EndEventDef 
%EventDef PajeCreateContainer 6 
%       Time date 
%       Alias string 
%       Type string 
%       Container string 
%       Name string 
%EndEventDef 
%EventDef PajeDestroyContainer 7 
%       Time date 
%       Type string 
%       Name string 
%EndEventDef 
%EventDef PajeSetVariable 8 
%       Time date 
%       Type string 
%       Container string 
%       Value double 
%EndEventDef
%EventDef PajeAddVariable 9 
%       Time date 
%       Type string 
%       Container string 
%       Value double 
%EndEventDef
%EventDef PajeSubVariable 10 
%       Time date 
%       Type string 
%       Container string 
%       Value double 
%EndEventDef
%EventDef PajeSetState 11 
%       Time date 
%       Type string 
%       Container string 
%       Value string 
%EndEventDef
%EventDef PajePushState 12 
%       Time date 
%       Type string 
%       Container string 
%       Value string 
%       Id string 
%EndEventDef
%EventDef PajePopState 13 
%       Time date 
%       Type string 
%       Container string 
%EndEventDef
%EventDef PajeResetState 14 
%       Time date 
%       Type string 
%       Container string 
%EndEventDef
%EventDef PajeStartLink 15 
%       Time date 
%       Type string 
%       Container string 
%       Value string 
%       StartContainer string 
%       Key string 
%EndEventDef
%EventDef PajeEndLink 16 
%       Time date 
%       Type string 
%       Container string 
%       Value string 
%       EndContainer string 
%       Key string 
%EndEventDef
%EventDef PajeNewEvent 17 
%       Time date 
%       Type string 
%       Container string 
%       Value string 
%EndEventDef
0	a1	0	"Task Manager"
0	a2	a1	"Node"
0	a3	a1	"Thread"
0	a4	a1	"Jobs"
0	a5	a1	"Memory usage"
2	a6	a4	"Job"
2	a7	a3	"Task"
2	a8	a3	"Timer state"
6	0	a9	a1	0	"The task manager"
6	0	a10	a4	a9	"Jobs"
6	0	a11	a5	a9	"Memory"
1	a12	a1	"Memory [MB]"	"1.0 1.0 1.0"
6	0	a13	a2	a9	"Node 0"
6	0	a14	a3	a13	"Thread 0"
6	0	a15	a3	a13	"Thread 1"
6	0	a16	a3	a13	"Thread 2"
6	0	a17	a3	a13	"Thread 3"
5	a18	a6	"ngcore::ParallelFor<int,ngcore::EnterTaskManager()::{lambda(int)#1}>(ngcore::T_Range<int>,ngcore::EnterTaskManager()::{lambda(int)#1},int,ngcore::TotalCosts)::{lambda(ngcore::TaskInfo&)#1}"	"0.630615054310908 1 0"
5	a19	a7	"ngcore::ParallelFor<int,ngcore::EnterTaskManager()::{lambda(int)#1}>(ngcore::T_Range<int>,ngcore::EnterTaskManager()::{lambda(int)#1},int,ngcore::TotalCosts)::{lambda(ngcore::TaskInfo&)#1}"	"0.630615054310908 1 0"
5	a20	a6	"ngcore::ParallelForRange<netgen::ElementIndex,netgen::MeshOptimize3d::SwapImprove(netgen::Mesh&,netgen::OPTIMIZEGOAL,netgen::NgBitArray const*)::{lambda(auto:1)#1}>(ngcore::T_Range<netgen::ElementIndex>,netgen::MeshOptimize3d::SwapImprove(netgen::Mesh&,netgen::OPTIMIZEGOAL,netgen::NgBitArray const*)::{lambda(auto:1)#1},int,ngcore::TotalCosts)::{lambda(ngcore::TaskInfo&)#1}"	"0.708022642579866 0 1"
5	a21	a7	"ngcore::ParallelForRange<netgen::ElementIndex,netgen::MeshOptimize3d::SwapImprove(netgen::Mesh&,netgen::OPTIMIZEGOAL,netgen::NgBitArray const*)::{lambda(auto:1)#1}>(ngcore::T_Range<netgen::ElementIndex>,netgen::MeshOptimize3d::SwapImprove(netgen::Mesh&,netgen::OPTIMIZEGOAL,netgen::NgBitArray const*)::{lambda(auto:1)#1},int,ngcore::TotalCosts)::{lambda(ngcore::TaskInfo&)#1}"	"0.708022642579866 0 1"
5	a22	a6	"ngcore::ParallelForRange<netgen::ElementIndex,ngcore::CreateTable<netgen::ElementIndex,netgen::PointIndex,ngcore::T_Range<netgen::ElementIndex>,netgen::Mesh::CreatePoint2ElementTable(std::optional<ngcore::BitArray>)const::{lambda(auto:1&,netgen::ElementIndex)#1}>(ngcore::T_Range<netgen::ElementIndex>const&,netgen::Mesh::CreatePoint2ElementTable(std::optional<ngcore::BitArray>)const::{lambda(auto:1&,netgen::ElementIndex)#1}const&,std::optional<unsigned long>)::{lambda(auto:1)#1}>(ngcore::T_Range<netgen::ElementIndex>,ngcore::Table,int,ngcore::TotalCosts)::{lambda(ngcore::TaskInfo&)#1}"	"0 0.230008221284954 1"
5	a23	a7	"ngcore::ParallelForRange<netgen::ElementIndex,ngcore::CreateTable<netgen::ElementIndex,netgen::PointIndex,ngcore::T_Range<netgen::ElementIndex>,netgen::Mesh::CreatePoint2ElementTable(std::optional<ngcore::BitArray>)const::{lambda(auto:1&,netgen::ElementIndex)#1}>(ngcore::T_Range<netgen::ElementIndex>const&,netgen::Mesh::CreatePoint2ElementTable(std::optional<ngcore::BitArray>)const::{lambda(auto:1&,netgen::ElementIndex)#1}const&,std::optional<unsigned long>)::{lambda(auto:1)#1}>(ngcore::T_Range<netgen::ElementIndex>,ngcore::Table,int,ngcore::TotalCosts)::{lambda(ngcore::TaskInfo&)#1}"	"0 0.230008221284954 1"
5	a24	a6	"ngcore::TablePrefixSum2<unsigned int>(ngcore::FlatArray<unsigned int,unsigned long>)::{lambda(ngcore::TaskInfo)#1}"	"0 0.312895337658212 1"
5	a25	a7	"ngcore::TablePrefixSum2<unsigned int>(ngcore::FlatArray<unsigned int,unsigned long>)::{lambda(ngcore::TaskInfo)#1}"	"0 0.312895337658212 1"
5	a26	a6	"ngcore::TablePrefixSum2<unsigned int>(ngcore::FlatArray<unsigned int,unsigned long>)::{lambda(ngcore::TaskInfo)#2}"	"0 1 0.887517304832004"
5	a27	a7	"ngcore::TablePrefixSum2<unsigned int>(ngcore::FlatArray<unsigned int,unsigned long>)::{lambda(ngcore::TaskInfo)#2}"	"0 1 0.887517304832004"
5	a28	a6	"ngcore::ParallelForRange<netgen::PointIndex,ngcore::CreateSortedTable<netgen::ElementIndex,netgen::PointIndex,ngcore::T_Range<netgen::ElementIndex>,netgen::Mesh::CreatePoint2ElementTable(std::optional<ngcore::BitArray>)const::{lambda(auto:1&,netgen::ElementIndex)#1}>(ngcore::T_Range<netgen::ElementIndex>const&,netgen::Mesh::CreatePoint2ElementTable(std::optional<ngcore::BitArray>)const::{lambda(auto:1&,netgen::ElementIndex)#1}const&,std::optional<unsigned long>)::{lambda(auto:1)#1}>(ngcore::T_Range<netgen::PointIndex>,ngcore::Table,int,ngcore::TotalCosts)::{lambda(ngcore::TaskInfo&)#1}"	"0 0.170427812303051 1"
5	a29	a7	"ngcore::ParallelForRange<netgen::PointIndex,ngcore::CreateSortedTable<netgen::ElementIndex,netgen::PointIndex,ngcore::T_Range<netgen::ElementIndex>,netgen::Mesh::CreatePoint2ElementTable(std::optional<ngcore::BitArray>)const::{lambda(auto:1&,netgen::ElementIndex)#1}>(ngcore::T_Range<netgen::ElementIndex>const&,netgen::Mesh::CreatePoint2ElementTable(std::optional<ngcore::BitArray>)const::{lambda(auto:1&,netgen::ElementIndex)#1}const&,std::optional<unsigned long>)::{lambda(auto:1)#1}>(ngcore::T_Range<netgen::PointIndex>,ngcore::Table,int,ngcore::TotalCosts)::{lambda(ngcore::TaskInfo&)#1}"	"0 0.170427812303051 1"
5	a30	a6	"ngcore::ParallelFor<unsigned long,netgen::BuildEdgeList<netgen::ElementIndex>(netgen::Mesh const&,ngcore::Table<netgen::ElementIndex,netgen::PointIndex>const&,ngcore::Array<std::tuple<netgen::PointIndex,netgen::PointIndex>,unsigned long>&)::{lambda(int)#1}>(ngcore::T_Range<unsigned long>,netgen::BuildEdgeList<netgen::ElementIndex>(netgen::Mesh const&,ngcore::Table<netgen::ElementIndex,netgen::PointIndex>const&,ngcore::Array<std::tuple<netgen::PointIndex,netgen::PointIndex>,unsigned long>&)::{lambda(int)#1},int,ngcore::TotalCosts)::{lambda(ngcore::TaskInfo&)#1}"	"1 0.872005992306398 0"
5	a31	a7	"ngcore::ParallelFor<unsigned long,netgen::BuildEdgeList<netgen::ElementIndex>(netgen::Mesh const&,ngcore::Table<netgen::ElementIndex,netgen::PointIndex>const&,ngcore::Array<std::tuple<netgen::PointIndex,netgen::PointIndex>,unsigned long>&)::{lambda(int)#1}>(ngcore::T_Range<unsigned long>,netgen::BuildEdgeList<netgen::ElementIndex>(netgen::Mesh const&,ngcore::Table<netgen::ElementIndex,netgen::PointIndex>const&,ngcore::Array<std::tuple<netgen::PointIndex,netgen::PointIndex>,unsigned long>&)::{lambda(int)#1},int,ngcore::TotalCosts)::{lambda(ngcore::TaskInfo&)#1}"	"1 0.872005992306398 0"
5	a32	a6	"ngcore::ParallelForRange<unsigned long,netgen::MeshOptimize3d::SwapImprove(netgen::Mesh&,netgen::OPTIMIZEGOAL,netgen::NgBitArray const*)::{lambda(auto:1)#2}>(ngcore::T_Range<unsigned long>,netgen::MeshOptimize3d::SwapImprove(netgen::Mesh&,netgen::OPTIMIZEGOAL,netgen::NgBitArray const*)::{lambda(auto:1)#2},int,ngcore::TotalCosts)::{lambda(ngcore::TaskInfo&)#1}"	"1 0.408375991137786 0"
5	a33	a7	"ngcore::ParallelForRange<unsigned long,netgen::MeshOptimize3d::SwapImprove(netgen::Mesh&,netgen::OPTIMIZEGOAL,netgen::NgBitArray const*)::{lambda(auto:1)#2}>(ngcore::T_Range<unsigned long>,netgen::MeshOptimize3d::SwapImprove(netgen::Mesh&,netgen::OPTIMIZEGOAL,netgen::NgBitArray const*)::{lambda(auto:1)#2},int,ngcore::TotalCosts)::{lambda(ngcore::TaskInfo&)#1}"	"1 0.408375991137786 0"
5	a34	a6	"ngcore::ParallelForRange<netgen::ElementIndex,netgen::Mesh::Compress()::{lambda(auto:1)#1}>(ngcore::T_Range<netgen::ElementIndex>,netgen::Mesh::Compress()::{lambda(auto:1)#1},int,ngcore::TotalCosts)::{lambda(ngcore::TaskInfo&)#1}"	"1 0.0611641584106637 0"
5	a35	a7	"ngcore::ParallelForRange<netgen::ElementIndex,netgen::Mesh::Compress()::{lambda(auto:1)#1}>(ngcore::T_Range<netgen::ElementIndex>,netgen::Mesh::Compress()::{lambda(auto:1)#1},int,ngcore::TotalCosts)::{lambda(ngcore::TaskInfo&)#1}"	"1 0.0611641584106637 0"
5	a36	a6	"ngcore::ParallelForRange<netgen::SurfaceElementIndex,netgen::Mesh::Compress()::{lambda(auto:1)#2}>(ngcore::T_Range<netgen::SurfaceElementIndex>,netgen::Mesh::Compress()::{lambda(auto:1)#2},int,ngcore::TotalCosts)::{lambda(ngcore::TaskInfo&)#1}"	"1 0 -2.77631980257023"
5	a37	a7	"ngcore::ParallelForRange<netgen::SurfaceElementIndex,netgen::Mesh::Compress()::{lambda(auto:1)#2}>(ngcore::T_Range<netgen::SurfaceElementIndex>,netgen::Mesh::Compress()::{lambda(auto:1)#2},int,ngcore::TotalCosts)::{lambda(ngcore::TaskInfo&)#1}"	"1 0 -2.77631980257023"
5	a38	a6	"ngcore::ParallelForRange<netgen::ElementIndex,netgen::Mesh::Compress()::{lambda(auto:1)#3}>(ngcore::T_Range<netgen::ElementIndex>,netgen::Mesh::Compress()::{lambda(auto:1)#3},int,ngcore::TotalCosts)::{lambda(ngcore::TaskInfo&)#1}"	"0.688034037288286 1 0"
5	a39	a7	"ngcore::ParallelForRange<netgen::ElementIndex,netgen::Mesh::Compress()::{lambda(auto:1)#3}>(ngcore::T_Range<netgen::ElementIndex>,netgen::Mesh::Compress()::{lambda(auto:1)#3},int,ngcore::TotalCosts)::{lambda(ngcore::TaskInfo&)#1}"	"0.688034037288286 1 0"
5	a40	a6	"ngcore::ParallelForRange<netgen::SurfaceElementIndex,netgen::Mesh::Compress()::{lambda(auto:1)#4}>(ngcore::T_Range<netgen::SurfaceElementIndex>,netgen::Mesh::Compress()::{lambda(auto:1)#4},int,ngcore::TotalCosts)::{lambda(ngcore::TaskInfo&)#1}"	"0 0.666479625428673 1"
5	a41	a7	"ngcore::ParallelForRange<netgen::SurfaceElementIndex,netgen::Mesh::Compress()::{lambda(auto:1)#4}>(ngcore::T_Range<netgen::SurfaceElementIndex>,netgen::Mesh::Compress()::{lambda(auto:1)#4},int,ngcore::TotalCosts)::{lambda(ngcore::TaskInfo&)#1}"	"0 0.666479625428673 1"
5	a42	a8	"Build edges"	"0 0.0614795051658243 1"
5	a43	a8	"CreateTable"	"0.608616351291681 0 1"
5	a44	a8	"CreateSortedTable"	"0 0.0381698166109086 1"
5	a45	a8	"MeshOptimize3d::SwapImprove loop"	"0.154668690207104 1 0"
5	a46	a8	"MeshOptimize3d::SwapImprove"	"1 0 -2.43968480148811"
5	a47	a8	"FreeOpenElementsEnvironment"	"0.907015785320433 0 1"
5	a48	a8	"Mesh::BuildBoundaryEdges"	"1 0 -2.61861416630415"
5	a49	a8	"Mesh::LinkSurfaceElements"	"0 1 0.171518596860468"
5	a50	a8	"Mesh::Compress"	"1 0.648677515017027 0"
5	a51	a8	"Mesh::CalcSurfacesOfNode, pointloop"	"0 0.319536079261344 1"
5	a52	a8	"Mesh::CalcSurfacesOfNode - surfelementht"	"0.690162641156969 0 1"
5	a53	a8	"Mesh::CalcSurfacesOfNode - surf on node"	"0.000515674241007069 1 0"
5	a54	a8	"Mesh::CalcSurfacesOfNode"	"1 0 -2.35340285344361"
6	0	a55	a3	a9	"Timer level 0"
6	0	a56	a3	a9	"Timer level 1"
6	0	a57	a3	a9	"Timer level 2"
6	0	a58	a3	a9	"Timer level 3"
4	a59	a2	a3	a3	"links"
8	0	a12	a11	0
12	0.147294414602613	a6	a10	a18	0
12	0.147506486013171	a7	a14	a19	0
13	0.147615226710932	a7	a14
12	0.147637948647778	a7	a14	a19	1
13	0.147657424593645	a7	a14
12	0.147675277544024	a7	a14	a19	2
13	0.147680687528987	a7	a14
12	0.147698540479366	a7	a14	a19	3
13	0.147704491462825	a7	a14
13	0.147985810680913	a6	a10
12	0.152706022561322	a8	a55	a47	0
13	0.240237415272236	a8	a55
12	0.240640459151996	a8	a55	a46	0
12	0.240840087597139	a8	a56	a48	0
13	0.240894728445268	a8	a56
12	0.242437115158282	a6	a10	a20	0
12	0.242509608956789	a7	a14	a21	0
12	0.242687056463582	a7	a15	a21	1
12	0.24276982923352	a7	a17	a21	2
12	0.242801207146306	a7	a16	a21	3
13	0.244717423820279	a7	a14
13	0.245037694930102	a7	a15
13	0.245263832301564	a7	a17
13	0.245937375429485	a7	a16
13	0.24607046105958	a6	a10
12	0.247333692548492	a8	a56	a44	0
12	0.247374808434213	a8	a57	a43	0
12	0.248175486208769	a6	a10	a22	0
12	0.248274488933596	a7	a14	a23	0
12	0.248385393625342	a7	a15	a23	1
12	0.248426509511063	a7	a17	a23	2
12	0.248701336747194	a7	a16	a23	3
13	0.250578601529431	a7	a15
13	0.250592667490336	a7	a17
12	0.250652718323428	a7	a17	a23	4
12	0.250665702287339	a7	a15	a23	5
13	0.250963251460316	a7	a14
13	0.251003826347541	a7	a16
12	0.25106712317161	a7	a14	a23	6
12	0.251120682022746	a7	a16	a23	7
13	0.25222918794171	a7	a15
12	0.252304927731195	a7	a15	a23	8
13	0.252369306552257	a7	a17
12	0.252430439382342	a7	a17	a23	9
13	0.253160787352376	a7	a16
12	0.253223002179453	a7	a16	a23	10
13	0.253765082672768	a7	a14
12	0.253828920495334	a7	a14	a23	11
13	0.253984187063778	a7	a17
12	0.254046942889352	a7	a17	a23	12
13	0.254168667551024	a7	a15
12	0.254234128369079	a7	a15	a23	13
13	0.255187367719599	a7	a16
12	0.255257156525624	a7	a16	a23	14
13	0.255679135352755	a7	a17
12	0.255746219166299	a7	a17	a23	15
13	0.255972356537762	a7	a15
13	0.256322923563378	a7	a14
13	0.256909365933391	a7	a16
13	0.257496349301901	a7	a17
13	0.257625647942522	a6	a10
12	0.25838196384038	a6	a10	a24	0
12	0.25843930968099	a7	a14	a25	0
12	0.258609724207332	a7	a17	a25	1
13	0.258649758096059	a7	a14
12	0.258682218005839	a7	a14	a25	2
12	0.258734694859982	a7	a15	a25	3
13	0.258783384724651	a7	a14
13	0.258872649476544	a7	a17
13	0.258884551443463	a7	a15
13	0.259109606817933	a6	a10
12	0.259240528454043	a6	a10	a26	0
12	0.25929679229766	a7	a14	a27	0
12	0.259462337837535	a7	a16	a27	1
13	0.259503453723256	a7	a14
12	0.259597046463119	a7	a14	a27	2
12	0.259637621350343	a7	a17	a27	3
13	0.259727968099229	a7	a16
13	0.2597322960872	a7	a14
13	0.259852938751879	a7	a17
13	0.259981696394004	a6	a10
12	0.260584368718907	a6	a10	a22	0
12	0.260713667359528	a7	a14	a23	0
12	0.260874884911432	a7	a17	a23	1
12	0.261126990210718	a7	a15	a23	2
12	0.261151876141549	a7	a16	a23	3
13	0.26253142230717	a7	a17
12	0.262592014138758	a7	a17	a23	4
13	0.262711574806445	a7	a15
13	0.262737542734268	a7	a16
12	0.262801380556834	a7	a16	a23	5
12	0.262823561495184	a7	a15	a23	6
13	0.262931761194448	a7	a14
12	0.263018861952356	a7	a14	a23	7
13	0.264017545176566	a7	a17
12	0.264081923997629	a7	a17	a23	8
13	0.26437298118865	a7	a15
12	0.264435737014223	a7	a15	a23	9
13	0.26484364988045	a7	a16
12	0.264908569700009	a7	a16	a23	10
13	0.265090886193269	a7	a14
12	0.265162297994784	a7	a14	a23	11
13	0.265574538848981	a7	a17
12	0.26563350768508	a7	a17	a23	12
13	0.266098225393421	a7	a15
12	0.266163145212979	a7	a15	a23	13
13	0.266446087426556	a7	a16
12	0.266511548244611	a7	a16	a23	14
13	0.267071481688304	a7	a17
12	0.267128286530418	a7	a17	a23	15
13	0.267142893489818	a7	a14
13	0.267577856280861	a7	a15
13	0.268038786999728	a7	a16
13	0.268559768551686	a7	a17
13	0.268698805165241	a6	a10
13	0.269054241177324	a8	a57
12	0.269116997002897	a6	a10	a28	0
12	0.269208966747272	a7	a14	a29	0
12	0.269278755553298	a7	a17	a29	1
13	0.269498941941301	a7	a14
12	0.269524368870628	a7	a15	a29	2
12	0.269542762819503	a7	a16	a29	3
12	0.269564402759356	a7	a14	a29	4
13	0.269591452684172	a7	a17
12	0.269658536497716	a7	a17	a29	5
13	0.269716964335318	a7	a14
13	0.269768359192469	a7	a17
12	0.269778097165403	a7	a14	a29	6
13	0.269807852082701	a7	a16
13	0.269823541039094	a7	a15
12	0.269826787030072	a7	a17	a29	7
12	0.269885214867675	a7	a16	a29	8
12	0.269896034837601	a7	a15	a29	9
13	0.269920920768432	a7	a17
13	0.26992416675941	a7	a14
12	0.269990168575961	a7	a17	a29	10
13	0.270005316533858	a7	a15
12	0.270019923493259	a7	a14	a29	11
13	0.270059957381987	a7	a16
12	0.270079433327854	a7	a15	a29	12
13	0.270087007306803	a7	a17
12	0.27014327115042	a7	a16	a29	13
12	0.270163829093281	a7	a17	a29	14
13	0.270170321075236	a7	a14
13	0.270191420016593	a7	a15
12	0.270253093845174	a7	a14	a29	15
13	0.270263372816604	a7	a17
13	0.270273110789538	a7	a16
13	0.270425131367004	a7	a14
13	0.270516019114386	a6	a10
13	0.270544692034691	a8	a56
12	0.271850662404812	a8	a56	a42	0
12	0.272410054850009	a6	a10	a30	0
12	0.272469023686109	a7	a14	a31	0
12	0.272581551373344	a7	a15	a31	1
12	0.272666488137266	a7	a17	a31	2
12	0.27270273503652	a7	a16	a31	3
13	0.273050056071158	a7	a14
13	0.2730587120471	a7	a15
13	0.273061958038077	a7	a17
13	0.273069532017026	a7	a16
12	0.273125795860643	a7	a17	a31	4
12	0.273166370747868	a7	a14	a31	5
12	0.273176108720801	a7	a16	a31	6
12	0.273202076648625	a7	a15	a31	7
13	0.2733086533524	a7	a17
12	0.273368704185492	a7	a17	a31	8
13	0.273400623096775	a7	a16
13	0.273411984065198	a7	a15
13	0.273447148967459	a7	a14
12	0.273466624913326	a7	a15	a31	9
12	0.273522347758447	a7	a16	a31	10
13	0.273536413719352	a7	a17
12	0.273545610693789	a7	a14	a31	11
12	0.273609448516355	a7	a17	a31	12
13	0.27366030237501	a7	a15
12	0.27372197620359	a7	a15	a31	13
13	0.273736042164495	a7	a16
13	0.273778240047208	a7	a17
12	0.273823142922403	a7	a16	a31	14
13	0.273837208883307	a7	a14
12	0.273839372877292	a7	a17	a31	15
13	0.27388968573745	a7	a15
13	0.274008705406641	a7	a17
13	0.274052526284843	a7	a16
13	0.274229973791637	a6	a10
13	0.274668182573657	a8	a56
12	0.274793694224804	a8	a56	a45	0
12	0.274939763818811	a6	a10	a32	0
12	0.27499873265491	a7	a14	a33	0
12	0.27511342433613	a7	a17	a33	1
12	0.275151835229369	a7	a16	a33	2
12	0.275330364733156	a7	a15	a33	3
13	0.275740982591864	a7	a14
13	0.275763163530213	a7	a17
13	0.275767491518184	a7	a16
13	0.275769114513673	a7	a15
12	0.275829706345261	a7	a15	a33	4
12	0.275852428282106	a7	a16	a33	5
13	0.275872986224967	a7	a15
13	0.275876773214441	a7	a16
12	0.275878937208426	a7	a14	a33	6
12	0.275900036149783	a7	a17	a33	7
13	0.275930873064073	a7	a14
13	0.275931414062569	a7	a17
12	0.275998497876113	a7	a16	a33	8
12	0.276012563837018	a7	a15	a33	9
13	0.276027170796418	a7	a16
13	0.2760298757889	a7	a15
12	0.276031498784389	a7	a14	a33	10
12	0.276049351734768	a7	a17	a33	11
13	0.276051515728753	a7	a14
13	0.276065040691161	a7	a17
12	0.27614023948215	a7	a16	a33	12
12	0.276151600450572	a7	a17	a33	13
13	0.276166748408469	a7	a17
12	0.276173781388922	a7	a15	a33	14
13	0.276190552342308	a7	a15
13	0.276192175337797	a7	a16
12	0.276204618303212	a7	a14	a33	15
13	0.276256013160363	a7	a14
13	0.276485937521299	a6	a10
13	0.276695844937872	a8	a56
12	0.27838917023136	a8	a56	a50	0
12	0.296436880068662	a6	a10	a34	0
12	0.296555358739357	a7	a14	a35	0
12	0.296833431966466	a7	a16	a35	1
12	0.296899974781514	a7	a17	a35	2
12	0.29698437054694	a7	a15	a35	3
13	0.366788865528871	a7	a15
13	0.367605773258318	a7	a14
13	0.370989718852812	a7	a17
13	0.371474453505516	a7	a16
13	0.371601047153656	a6	a10
12	0.371961352152206	a6	a10	a36	0
12	0.37203276395372	a7	a14	a37	0
12	0.37223293339736	a7	a16	a37	1
12	0.372275131280073	a7	a17	a37	2
12	0.372402265926708	a7	a15	a37	3
13	0.391195471691942	a7	a15
13	0.391754864137139	a7	a14
13	0.393078687457639	a7	a17
13	0.394001089893868	a7	a16
13	0.394128765539	a6	a10
12	0.421006111834773	a6	a10	a38	0
12	0.421086179612229	a7	a14	a39	0
12	0.421297710024291	a7	a15	a39	1
12	0.421338825910011	a7	a16	a39	2
12	0.421699671907058	a7	a17	a39	3
13	0.427560308617714	a7	a15
13	0.428318247511061	a7	a16
13	0.428536269905079	a7	a14
13	0.42955551107215	a7	a17
13	0.429714023631572	a6	a10
12	0.42995855495191	a6	a10	a40	0
12	0.430031589748913	a7	a14	a41	0
12	0.430288564034666	a7	a16	a41	1
12	0.430370795806107	a7	a17	a41	2
12	0.430456273568526	a7	a15	a41	3
13	0.433313827626099	a7	a14
13	0.434117210393137	a7	a16
13	0.434526746254853	a7	a15
13	0.435300374104593	a7	a17
13	0.435451853683563	a6	a10
12	0.436794070952938	a8	a57	a49	0
13	0.461586409043886	a8	a57
12	0.462076012683058	a8	a57	a54	0
12	0.473497031938912	a8	a58	a53	0
13	0.514328352450318	a8	a58
12	0.514393813268373	a8	a58	a52	0
13	0.538991932899142	a8	a58
12	0.539076869663065	a8	a58	a51	0
13	0.563070693973442	a8	a58
13	0.572167583689096	a8	a57
13	0.572798387935807	a8	a56
13	0.573329107460699	a8	a55
12	0.575847996459575	a8	a55	a46	0
12	0.576101183755853	a8	a56	a48	0
13	0.675664383024969	a8	a56
12	0.676507258682239	a6	a10	a20	0
12	0.676638180318349	a7	a14	a21	0
12	0.676877301653723	a7	a15	a21	1
12	0.67694979545223	a7	a16	a21	2
12	0.677063405136458	a7	a17	a21	3
13	0.678944456908169	a7	a15
13	0.67969590381956	a7	a16
13	0.679759741642126	a7	a17
13	0.680055126821118	a7	a14
13	0.68015629353993	a6	a10
12	0.68106246602127	a8	a56	a44	0
12	0.681084105961123	a8	a57	a43	0
12	0.682068182225932	a6	a10	a22	0
12	0.682126069065039	a7	a14	a23	0
12	0.682253744710171	a7	a15	a23	1
12	0.682337058478604	a7	a17	a23	2
12	0.682378174364325	a7	a16	a23	3
13	0.684286817059349	a7	a14
13	0.684336588921011	a7	a17
13	0.684337670918003	a7	a15
12	0.684355523868382	a7	a14	a23	4
13	0.684380409799213	a7	a16
12	0.684403672734554	a7	a17	a23	5
12	0.684434509648845	a7	a15	a23	6
12	0.684530266382694	a7	a16	a23	7
13	0.686083473065634	a7	a15
12	0.686161917847601	a7	a15	a23	8
13	0.686349644325825	a7	a17
12	0.686416187140872	a7	a17	a23	9
13	0.686564420728865	a7	a16
12	0.686633127537897	a7	a16	a23	10
13	0.686854936921389	a7	a14
12	0.686924184728919	a7	a14	a23	11
13	0.68807272453661	a7	a15
12	0.68814197234414	a7	a15	a23	12
13	0.688147923327599	a7	a16
12	0.68821987612761	a7	a16	a23	13
13	0.688292910924613	a7	a17
12	0.688356748747179	a7	a17	a23	14
13	0.689524764500739	a7	a14
12	0.689585897330823	a7	a14	a23	15
13	0.689886151496282	a7	a17
13	0.689901299454179	a7	a15
13	0.69002464711134	a7	a16
13	0.692150230203389	a7	a14
13	0.692310906756797	a6	a10
12	0.693073714636611	a6	a10	a24	0
12	0.693127814486243	a7	a14	a25	0
13	0.693222489223099	a7	a14
12	0.693238719177989	a7	a14	a25	1
13	0.693310671978	a7	a14
12	0.693360443839662	a7	a16	a25	2
12	0.693379919785529	a7	a15	a25	3
13	0.693543842329915	a7	a16
13	0.693574138245709	a7	a15
13	0.693799734618675	a6	a10
12	0.693969067148024	a6	a10	a26	0
12	0.694030740976604	a7	a14	a27	0
13	0.694188171539034	a7	a14
12	0.69422550043528	a7	a17	a27	1
12	0.694256878348067	a7	a14	a27	2
12	0.694338028122515	a7	a16	a27	3
13	0.694398078955607	a7	a14
13	0.69449329469096	a7	a16
13	0.694523590606754	a7	a17
13	0.694678857175198	a6	a10
12	0.6952669225407	a6	a10	a22	0
12	0.69532426838131	a7	a14	a23	0
12	0.695622358552784	a7	a16	a23	1
12	0.695693770354298	a7	a17	a23	2
12	0.695772756134761	a7	a15	a23	3
13	0.697277272953033	a7	a17
12	0.697343274769584	a7	a17	a23	4
13	0.697377898673349	a7	a16
12	0.697446064483885	a7	a16	a23	5
13	0.697488803365095	a7	a15
13	0.697501787329006	a7	a14
12	0.697566707148565	a7	a15	a23	6
12	0.697633249963613	a7	a14	a23	7
13	0.6989148754014	a7	a17
12	0.698985205205921	a7	a17	a23	8
13	0.69899710717284	a7	a16
12	0.699067436977362	a7	a16	a23	9
13	0.699132356796921	a7	a15
12	0.699194571623998	a7	a15	a23	10
13	0.699777227004537	a7	a14
12	0.699850802800037	a7	a14	a23	11
13	0.700623889651281	a7	a17
13	0.700657972556549	a7	a16
12	0.70068718647535	a7	a17	a23	12
12	0.700738040334005	a7	a16	a23	13
13	0.700976620670883	a7	a15
12	0.701041540490441	a7	a15	a23	14
13	0.701976385892086	a7	a14
12	0.702052666680067	a7	a14	a23	15
13	0.702246885140247	a7	a16
13	0.702293952009427	a7	a17
13	0.702851721459135	a7	a15
13	0.704055984111947	a7	a14
13	0.704231267624756	a6	a10
13	0.704845841916578	a8	a57
12	0.704916712719596	a6	a10	a28	0
12	0.70498812452111	a7	a14	a29	0
12	0.705151506067	a7	a16	a29	1
13	0.705215884888062	a7	a14
12	0.705303526644466	a7	a14	a29	2
12	0.705347888521164	a7	a17	a29	3
13	0.705359790488084	a7	a16
12	0.705419841321175	a7	a15	a29	4
12	0.705436612274561	a7	a16	a29	5
13	0.705460957206896	a7	a14
13	0.705530205014425	a7	a17
13	0.705545352972322	a7	a16
12	0.705551844954278	a7	a14	a29	6
13	0.705596747829473	a7	a15
12	0.705603780809925	a7	a17	a29	7
12	0.705650847679105	a7	a16	a29	8
12	0.705680602596402	a7	a15	a29	9
13	0.705707111522722	a7	a17
13	0.705717390494152	a7	a14
12	0.705777441327244	a7	a17	a29	10
13	0.7057839333092	a7	a16
13	0.705795294277623	a7	a15
12	0.705813688226498	a7	a14	a29	11
13	0.705875903053575	a7	a17
12	0.70589862499042	a7	a15	a29	12
12	0.705933248894185	a7	a16	a29	13
12	0.705950560846067	a7	a17	a29	14
13	0.705953265838549	a7	a14
13	0.706001414704721	a7	a15
12	0.706023054644574	a7	a14	a29	15
13	0.706070121513754	a7	a17
13	0.706096630440074	a7	a16
13	0.706163173255122	a7	a14
13	0.706336292773945	a6	a10
13	0.706367129688235	a8	a56
12	0.707617918211731	a8	a56	a42	0
12	0.707809972677926	a6	a10	a30	0
12	0.70788138447944	a7	a14	a31	0
12	0.708142686753164	a7	a15	a31	1
12	0.708218426542649	a7	a17	a31	2
12	0.708241689477991	a7	a16	a31	3
13	0.708400202037413	a7	a14
12	0.708457547878023	a7	a14	a31	4
13	0.708488384792314	a7	a15
13	0.708496499769758	a7	a17
13	0.708537615655479	a7	a16
12	0.708586846518644	a7	a15	a31	6
12	0.7085933385006	a7	a17	a31	5
12	0.708642569363765	a7	a16	a31	7
13	0.708722637141221	a7	a14
13	0.708770245008897	a7	a15
13	0.708777818987846	a7	a17
12	0.708782687974313	a7	a14	a31	8
13	0.708823262861537	a7	a16
12	0.708845984798382	a7	a17	a31	9
12	0.708872493724702	a7	a15	a31	10
12	0.708954725496143	a7	a16	a31	11
13	0.709021268311191	a7	a17
13	0.709049941231496	a7	a15
13	0.709056974211948	a7	a14
12	0.709077532154808	a7	a17	a31	12
13	0.709128386013463	a7	a16
12	0.709142451974367	a7	a15	a31	13
12	0.709194387830014	a7	a14	a31	14
12	0.70922143775483	a7	a16	a31	15
13	0.709250110675135	a7	a17
13	0.709318817484168	a7	a15
13	0.709403213249594	a7	a16
13	0.709500051980436	a7	a14
13	0.709586611739847	a6	a10
13	0.709957195709828	a8	a56
12	0.710070805394055	a8	a56	a45	0
12	0.710130315228651	a6	a10	a32	0
12	0.710185497075276	a7	a14	a33	0
13	0.710266646849724	a7	a14
12	0.71027746681965	a7	a17	a33	1
12	0.710304516744467	a7	a14	a33	2
13	0.710327779679808	a7	a14
12	0.71039810948433	a7	a14	a33	3
13	0.710421913418168	a7	a14
12	0.710440307367043	a7	a15	a33	4
12	0.710459242314415	a7	a16	a33	5
13	0.710470603282837	a7	a17
12	0.710481423252764	a7	a14	a33	6
13	0.710500899198631	a7	a14
13	0.710514965159536	a7	a15
13	0.71052903112044	a7	a16
12	0.710638853815194	a7	a15	a33	7
12	0.710663198747528	a7	a17	a33	8
13	0.710677805706929	a7	a15
12	0.710684297688885	a7	a14	a33	9
12	0.710696199655804	a7	a16	a33	10
13	0.710707560624226	a7	a17
13	0.710708101622723	a7	a14
12	0.710752463499421	a7	a15	a33	11
13	0.7107703164498	a7	a15
13	0.710771939445289	a7	a16
12	0.710783841412208	a7	a17	a33	12
13	0.710800612365594	a7	a17
12	0.71083361327387	a7	a14	a33	13
12	0.710886631126509	a7	a17	a33	14
13	0.710889336118991	a7	a14
13	0.710902861081399	a7	a17
12	0.710915304046814	a7	a16	a33	15
13	0.71096886289795	a7	a16
13	0.711178770314523	a6	a10
13	0.711298871980706	a8	a56
12	0.713164234796025	a8	a56	a50	0
12	0.728382522497563	a6	a10	a34	0
12	0.728519936115628	a7	a14	a35	0
12	0.728650857751738	a7	a17	a35	1
12	0.728833715243495	a7	a15	a35	2
12	0.728931635971329	a7	a16	a35	3
13	0.788196398247916	a7	a15
13	0.789205360443556	a7	a14
13	0.79049618285578	a7	a16
13	0.790943588612239	a7	a17
13	0.791097232185194	a6	a10
12	0.791393158362682	a6	a10	a36	0
12	0.791457537183745	a7	a14	a37	0
12	0.791666903601821	a7	a17	a37	1
12	0.791703150501075	a7	a15	a37	2
12	0.791868155042453	a7	a16	a37	3
13	0.796361688552903	a7	a16
13	0.797278681004169	a7	a15
13	0.797714184793708	a7	a14
13	0.799061812048047	a7	a17
13	0.799205176649572	a6	a10
12	0.809247190738301	a6	a10	a38	0
12	0.809318602539815	a7	a14	a39	0
12	0.809523640969921	a7	a15	a39	1
12	0.80954744490376	a7	a17	a39	2
12	0.809586396795495	a7	a16	a39	3
13	0.816493865596534	a7	a17
13	0.816518751527365	a7	a15
13	0.816566359395041	a7	a16
13	0.817328626276359	a7	a14
13	0.81747415487187	a6	a10
12	0.817675406312501	a6	a10	a40	0
12	0.817745736117023	a7	a14	a41	0
12	0.818226142781757	a7	a15	a41	1
12	0.818293226595301	a7	a16	a41	2
12	0.818307292556205	a7	a17	a41	3
13	0.820735834806195	a7	a14
13	0.822853302920799	a7	a16
13	0.82286195889674	a7	a15
13	0.822876024857645	a7	a17
13	0.823243362836647	a6	a10
12	0.824477380406758	a8	a57	a49	0
13	0.859446441212019	a8	a57
12	0.85976400732936	a8	a57	a54	0
12	0.868236584780259	a8	a58	a53	0
13	0.910773673550569	a8	a58
12	0.910869971282914	a8	a58	a52	0
13	0.929837378563964	a8	a58
12	0.929917446341419	a8	a58	a51	0
13	0.941795068328169	a8	a58
13	0.950182168016649	a8	a57
13	0.950581424906935	a8	a56
13	0.950904401009239	a8	a55
12	0.952727565941844	a8	a55	a46	0
12	0.952825486669678	a8	a56	a48	0
13	1.04817647164643	a8	a56
12	1.04895172249166	a6	a10	a20	0
12	1.04908805411273	a7	a14	a21	0
12	1.04932392945713	a7	a15	a21	1
12	1.04940291523759	a7	a17	a21	2
12	1.04942671917143	a7	a16	a21	3
13	1.05067155671147	a7	a15
13	1.05073106654606	a7	a16
13	1.05074729650095	a7	a17
13	1.05160640211311	a7	a14
13	1.05167673191763	a6	a10
12	1.05256775644108	a8	a56	a44	0
12	1.05260021635086	a8	a57	a43	0
12	1.05337005721112	a6	a10	a22	0
12	1.05343984601715	a7	a14	a23	0
12	1.05356319367431	a7	a15	a23	1
12	1.05358807960514	a7	a16	a23	2
12	1.05364001546079	a7	a17	a23	3
13	1.05530899582194	a7	a16
12	1.05537012865202	a7	a16	a23	4
13	1.0555497401528	a7	a15
13	1.05562764393627	a7	a17
12	1.05563684091071	a7	a15	a23	5
12	1.05569526874831	a7	a17	a23	6
13	1.0559917359243	a7	a14
12	1.0561231985589	a7	a14	a23	7
13	1.05708888087484	a7	a15
12	1.05715758768387	a7	a15	a23	8
13	1.05758822248694	a7	a16
12	1.05772942309448	a7	a16	a23	9
13	1.05794690449001	a7	a17
12	1.05801290630656	a7	a17	a23	10
13	1.0591387241774	a7	a14
13	1.05914683915485	a7	a15
12	1.0592415138917	a7	a14	a23	11
12	1.05925936684208	a7	a15	a23	12
13	1.05955529301957	a7	a17
12	1.05961642584966	a7	a17	a23	13
13	1.05969270663764	a7	a16
12	1.0598014473354	a7	a16	a23	14
13	1.06123455235215	a7	a16
12	1.06125240530253	a7	a16	a23	15
13	1.061257274289	a7	a15
13	1.06163380924244	a7	a17
13	1.06187076658383	a7	a14
13	1.06270065827719	a7	a16
13	1.06286944980804	a6	a10
12	1.06340882530887	a6	a10	a24	0
12	1.06348348310137	a7	a14	a25	0
12	1.06355056691491	a7	a17	a25	1
13	1.06358032183221	a7	a14
12	1.06362955269537	a7	a14	a25	2
12	1.06369825950441	a7	a15	a25	3
13	1.06371773545027	a7	a17
13	1.06372206343824	a7	a14
13	1.06382918114052	a7	a15
13	1.0640666794804	a6	a10
12	1.06423330701727	a6	a10	a26	0
12	1.06431175179923	a7	a14	a27	0
12	1.06446214938121	a7	a15	a27	1
13	1.06447405134813	a7	a14
12	1.0645378891707	a7	a14	a27	2
12	1.06459036602484	a7	a16	a27	3
13	1.06464879386244	a7	a15
13	1.06474779658727	a7	a16
13	1.06479432245795	a7	a14
13	1.06494417904143	a6	a10
12	1.06555658933927	a6	a10	a22	0
12	1.06561447617838	a7	a14	a23	0
12	1.06585792550172	a7	a16	a23	1
12	1.06588984441301	a7	a17	a23	2
12	1.06592338631978	a7	a15	a23	3
13	1.06738191826586	a7	a16
12	1.06744683808542	a7	a16	a23	4
13	1.06745711705685	a7	a17
13	1.06750093793505	a7	a15
12	1.06751716788994	a7	a17	a23	5
12	1.06756315276213	a7	a15	a23	6
13	1.06800298453964	a7	a14
12	1.06810415125845	a7	a14	a23	7
13	1.06887561511421	a7	a16
12	1.06894053493377	a7	a16	a23	8
13	1.0690384556616	a7	a15
12	1.06910283448266	a7	a15	a23	9
13	1.06939984265714	a7	a17
12	1.06946422147821	a7	a17	a23	10
13	1.0704656096949	a7	a16
12	1.07052620152649	a7	a16	a23	11
13	1.07053756249491	a7	a14
12	1.0706262862483	a7	a14	a23	12
13	1.07066199214906	a7	a15
12	1.07072907596261	a7	a15	a23	13
13	1.07090490047391	a7	a17
12	1.070964951307	a7	a17	a23	14
13	1.07198148748159	a7	a16
12	1.07204748929814	a7	a16	a23	15
13	1.07230825057337	a7	a15
13	1.07279623121705	a7	a17
13	1.07313110928628	a7	a14
13	1.07350277525325	a7	a16
13	1.07364451685929	a6	a10
13	1.073979935927	a8	a57
12	1.07403782276611	a6	a10	a28	0
12	1.07413357949996	a7	a14	a29	0
12	1.07421851626388	a7	a15	a29	1
12	1.07429858404134	a7	a17	a29	2
13	1.0743775698218	a7	a14
13	1.074422472697	a7	a15
12	1.07444357163835	a7	a14	a29	3
13	1.07446845756918	a7	a17
12	1.07453391838724	a7	a15	a29	4
12	1.07455934531657	a7	a17	a29	5
12	1.07459234622484	a7	a16	a29	6
13	1.07462588813161	a7	a14
13	1.07463670810154	a7	a15
13	1.07466051203538	a7	a17
12	1.07470757890456	a7	a14	a29	7
12	1.07472272686245	a7	a17	a29	8
12	1.07473733382186	a7	a15	a29	9
13	1.0747600557587	a7	a16
13	1.07481415560833	a7	a17
13	1.0748487795121	a7	a15
12	1.07486014048052	a7	a16	a29	10
12	1.07487582943691	a7	a17	a29	11
13	1.0749066663512	a7	a14
12	1.07495914320535	a7	a15	a29	12
13	1.07496834017979	a7	a17
13	1.07498457013467	a7	a16
12	1.07499160311513	a7	a14	a29	13
12	1.07503542399333	a7	a17	a29	14
12	1.07507167089258	a7	a16	a29	15
13	1.07510088481138	a7	a15
13	1.07515227966853	a7	a17
13	1.07517391960839	a7	a16
13	1.07518257558433	a7	a14
13	1.0754227789167	a6	a10
13	1.07546173080843	a8	a56
12	1.07653453082664	a8	a56	a42	0
12	1.07673686426426	a6	a10	a30	0
12	1.07680340707931	a7	a14	a31	0
13	1.07719995897711	a7	a14
12	1.07720807395456	a7	a15	a31	1
12	1.07727245277562	a7	a14	a31	2
12	1.07730112569593	a7	a16	a31	3
12	1.07731302766284	a7	a17	a31	4
13	1.07747532721174	a7	a15
13	1.0775256400719	a7	a17
12	1.07753483704634	a7	a15	a31	5
13	1.07753483704634	a7	a16
13	1.07755268999672	a7	a14
12	1.0776138228268	a7	a17	a31	6
12	1.07764033175312	a7	a14	a31	7
12	1.07765656170801	a7	a16	a31	8
13	1.07770687456817	a7	a15
12	1.07777395838171	a7	a15	a31	9
13	1.07779668031856	a7	a17
13	1.07784807517571	a7	a16
12	1.07785564915466	a7	a17	a31	10
13	1.07791191299827	a7	a14
12	1.07793301193963	a7	a16	a31	11
13	1.07794166791557	a7	a15
12	1.07800496473964	a7	a14	a31	12
13	1.0780255226825	a7	a17
12	1.07807583554266	a7	a15	a31	13
12	1.07810126247199	a7	a17	a31	14
13	1.07810180347048	a7	a16
12	1.07816401829756	a7	a16	a31	15
13	1.07824516807201	a7	a15
13	1.07826734901036	a7	a17
13	1.07831549787653	a7	a14
13	1.0783338918254	a7	a16
13	1.07853243827355	a6	a10
13	1.07893602315181	a8	a56
12	1.07902258291122	a8	a56	a45	0
12	1.07908966672477	a6	a10	a32	0
12	1.07915566854132	a7	a14	a33	0
13	1.07924547429171	a7	a14
12	1.07927468821051	a7	a14	a33	1
13	1.07930282013232	a7	a14
12	1.079349346003	a7	a14	a33	2
13	1.07936990394586	a7	a14
12	1.07940290485414	a7	a15	a33	3
12	1.0794521357173	a7	a14	a33	4
12	1.0794672836752	a7	a16	a33	5
12	1.07947648064964	a7	a17	a33	6
13	1.07949162860753	a7	a15
13	1.07949487459851	a7	a14
13	1.07950731756393	a7	a16
13	1.07952462951581	a7	a17
12	1.07955871242108	a7	a14	a33	7
12	1.07957115538649	a7	a15	a33	8
13	1.07958684434289	a7	a15
13	1.07961118927522	a7	a14
12	1.07963337021357	a7	a17	a33	9
13	1.07964960016846	a7	a17
12	1.07973940591885	a7	a15	a33	10
13	1.0797615868572	a7	a15
12	1.07976699684216	a7	a14	a33	11
12	1.07978376779555	a7	a16	a33	12
13	1.0797902597775	a7	a14
12	1.07981135871886	a7	a17	a33	13
13	1.07982812967225	a7	a17
12	1.07988872150383	a7	a14	a33	14
13	1.07989791847827	a7	a16
12	1.07989954147376	a7	a17	a33	15
13	1.07991468943166	a7	a17
13	1.07991901741963	a7	a14
13	1.08013487581966	a6	a10
13	1.08024578051141	a8	a56
12	1.08221014605155	a8	a56	a50	0
12	1.09793859533512	a6	a10	a34	0
12	1.09802786008701	a7	a14	a35	0
12	1.09810522287199	a7	a15	a35	1
12	1.09819448762388	a7	a17	a35	2
12	1.09829349034871	a7	a16	a35	3
13	1.15790827865241	a7	a15
13	1.15905465446612	a7	a16
13	1.16006632165424	a7	a14
13	1.16030327899563	a7	a17
13	1.16043636462573	a6	a10
12	1.16061110714004	a6	a10	a36	0
12	1.16066791198215	a7	a14	a37	0
12	1.16078909564533	a7	a15	a37	1
12	1.16084319549496	a7	a16	a37	2
12	1.16096275616265	a7	a17	a37	3
13	1.16412867936312	a7	a17
13	1.16601081313183	a7	a16
13	1.16707658016958	a7	a14
13	1.16781558411556	a7	a15
13	1.16799086762837	a6	a10
12	1.17748539123882	a6	a10	a38	0
12	1.17755788503733	a7	a14	a39	0
12	1.17768772467644	a7	a15	a39	1
12	1.17771044661329	a7	a16	a39	2
12	1.17774290652307	a7	a17	a39	3
13	1.18417700163983	a7	a16
13	1.18435499014512	a7	a15
13	1.18440963099324	a7	a17
13	1.18503556625349	a7	a14
13	1.18512915899335	a6	a10
12	1.18527522858736	a6	a10	a40	0
12	1.18533257442797	a7	a14	a41	0
12	1.18553544886409	a7	a15	a41	1
12	1.18557602375131	a7	a17	a41	2
12	1.1856658295017	a7	a16	a41	3
13	1.18831239414571	a7	a14
13	1.18989265075347	a7	a15
13	1.19003006437153	a7	a17
13	1.19030218661518	a7	a16
13	1.19045799418212	a6	a10
12	1.19142421749656	a8	a57	a49	0
13	1.21379721031195	a8	a57
12	1.21403146266086	a8	a57	a54	0
12	1.22036763704978	a8	a58	a53	0
13	1.25891594390671	a8	a58
12	1.2589608467819	a8	a58	a52	0
13	1.27747652031853	a8	a58
12	1.27753440715763	a8	a58	a51	0
13	1.28892945848566	a8	a58
13	1.29704173093801	a8	a57
13	1.29738472398468	a8	a56
13	1.2977201430524	a8	a55
12	1.29891845472175	a8	a55	a46	0
12	1.29898986652327	a8	a56	a48	0
13	1.39028823176407	a8	a56
12	1.39088603510251	a6	a10	a20	0
12	1.3910932375266	a7	a14	a21	0
12	1.39117222330706	a7	a17	a21	1
12	1.39122415916271	a7	a16	a21	2
12	1.39149249441688	a7	a15	a21	3
13	1.39221148141849	a7	a16
13	1.3933724641916	a7	a14
13	1.39438845936769	a7	a17
13	1.39450423304591	a7	a15
13	1.39464705664894	a6	a10
12	1.39510961036329	a8	a56	a44	0
12	1.39515018525052	a8	a57	a43	0
12	1.39578910447467	a6	a10	a22	0
12	1.39585402429423	a7	a14	a23	0
12	1.39602714381305	a7	a15	a23	1
12	1.39606717770178	a7	a16	a23	2
12	1.39626734714542	a7	a17	a23	3
13	1.39784002977423	a7	a16
12	1.39789953960882	a7	a16	a23	4
13	1.39793849150056	a7	a17
12	1.39799962433064	a7	a17	a23	5
13	1.39804019921787	a7	a15
12	1.39810349604194	a7	a15	a23	6
13	1.39824902463745	a7	a14
12	1.39832422342844	a7	a14	a23	7
13	1.39939107246318	a7	a16
12	1.39946735325117	a7	a16	a23	8
13	1.39951928910681	a7	a17
12	1.39958366792788	a7	a17	a23	9
13	1.3995944878978	a7	a15
12	1.39965994871586	a7	a15	a23	10
13	1.40079929154911	a7	a14
12	1.40087340834311	a7	a14	a23	11
13	1.40095726311004	a7	a16
12	1.40102272392809	a7	a16	a23	12
13	1.40163513422593	a7	a17
12	1.40170708702594	a7	a17	a23	13
13	1.40177741683046	a7	a15
12	1.40184287764852	a7	a15	a23	14
13	1.40263003046066	a7	a16
12	1.4026981962712	a7	a16	a23	15
13	1.40330519658407	a7	a17
13	1.4033311645119	a7	a15
13	1.40367037056909	a7	a14
13	1.4042427469782	a7	a16
13	1.4044045055286	a6	a10
12	1.40472531763692	a6	a10	a24	0
12	1.40487733821439	a7	a14	a25	0
12	1.40496443897229	a7	a16	a25	1
13	1.40498120992568	a7	a14
12	1.40504234275576	a7	a14	a25	2
13	1.40511916454224	a7	a16
13	1.40513918148661	a7	a14
12	1.40519652732722	a7	a16	a25	3
13	1.40533015395581	a7	a16
13	1.40551950342952	a6	a10
12	1.40568558996789	a6	a10	a26	0
12	1.40575213278294	a7	a14	a27	0
12	1.40587385744461	a7	a15	a27	1
13	1.40591118634086	a7	a14
12	1.40603886198599	a7	a14	a27	2
13	1.40604427197095	a7	a15
12	1.40610540480104	a7	a16	a27	3
13	1.40616761962811	a7	a14
13	1.4062433594176	a7	a16
13	1.40640133097852	a6	a10
12	1.40693367349891	a6	a10	a22	0
12	1.4069931833335	a7	a14	a23	0
12	1.40711544899367	a7	a15	a23	1
12	1.40721066472902	a7	a17	a23	2
12	1.40729073250648	a7	a16	a23	3
13	1.40876387141196	a7	a15
13	1.40879524932475	a7	a17
12	1.40883852920446	a7	a15	a23	4
12	1.40885421816085	a7	a17	a23	5
13	1.40887044811574	a7	a16
12	1.4089353679353	a7	a16	a23	6
13	1.40926050803159	a7	a14
12	1.40933516582408	a7	a14	a23	7
13	1.41030571712648	a7	a17
13	1.41035278399566	a7	a15
12	1.41037334193852	a7	a17	a23	8
12	1.41042149080469	a7	a15	a23	9
13	1.4104653116829	a7	a16
12	1.41053131349945	a7	a16	a23	10
13	1.41175992108459	a7	a14
12	1.4118318738846	a7	a14	a23	11
13	1.41194386057334	a7	a15
12	1.41201040338839	a7	a15	a23	12
13	1.41202014136133	a7	a16
12	1.41208884817036	a7	a16	a23	13
13	1.41215484998691	a7	a17
12	1.41221760581248	a7	a17	a23	14
13	1.4135387241405	a7	a15
13	1.41355874108486	a7	a16
12	1.41362095591194	a7	a16	a23	15
13	1.41369453170744	a7	a17
13	1.41424635017369	a7	a14
13	1.41511411176179	a7	a16
13	1.41523962341294	a6	a10
13	1.41549010571673	a8	a57
12	1.41553392659494	a6	a10	a28	0
12	1.41569243915436	a7	a14	a29	0
12	1.41579901585813	a7	a16	a29	1
13	1.41589314959649	a7	a14
13	1.41597267637545	a7	a16
12	1.41604084218599	a7	a14	a29	2
12	1.41606626911532	a7	a16	a29	3
12	1.41608195807171	a7	a17	a29	4
12	1.41611171298901	a7	a15	a29	5
13	1.41615877985819	a7	a16
13	1.41619935474541	a7	a14
13	1.4162155847003	a7	a17
13	1.41625291359655	a7	a15
12	1.41626806155445	a7	a16	a29	6
12	1.41627996352136	a7	a17	a29	7
12	1.41632648939205	a7	a14	a29	8
12	1.41634217834844	a7	a15	a29	9
13	1.41639140921161	a7	a17
13	1.41640547517251	a7	a16
12	1.41645037804771	a7	a17	a29	10
13	1.4164509190462	a7	a15
13	1.41650664189132	a7	a14
12	1.41651908485674	a7	a16	a29	11
12	1.41653693780712	a7	a15	a29	12
13	1.41655857774697	a7	a17
12	1.4165688567184	a7	a14	a29	13
12	1.41661592358758	a7	a17	a29	14
13	1.41663053054698	a7	a16
13	1.41663594053194	a7	a15
12	1.4167160083094	a7	a16	a29	15
13	1.4167300742703	a7	a17
13	1.41675279620715	a7	a14
13	1.4168334049831	a7	a16
13	1.41702870544027	a6	a10
13	1.41704223040268	a8	a56
12	1.41781044826746	a8	a56	a42	0
12	1.41801981468554	a6	a10	a30	0
12	1.41808743949758	a7	a14	a31	0
12	1.41830167490212	a7	a15	a31	1
12	1.41832980682393	a7	a17	a31	2
12	1.41838336567506	a7	a16	a31	3
13	1.41839039865552	a7	a14
12	1.4184374655247	a7	a14	a31	4
13	1.41857866613224	a7	a15
13	1.41858569911269	a7	a17
13	1.41859651908262	a7	a16
12	1.41866630788864	a7	a15	a31	5
12	1.41869768580143	a7	a17	a31	6
12	1.41871932574128	a7	a16	a31	7
13	1.41874962165707	a7	a14
12	1.41883618141649	a7	a14	a31	8
13	1.41884429639393	a7	a15
13	1.4188778383007	a7	a17
13	1.4189081342165	a7	a16
12	1.41893626613831	a7	a15	a31	9
12	1.41897575902854	a7	a17	a31	10
12	1.41899793996689	a7	a16	a31	11
13	1.41908828671577	a7	a14
13	1.41911209064961	a7	a15
13	1.41914563255638	a7	a17
12	1.41915158353984	a7	a14	a31	12
13	1.41918187945564	a7	a16
12	1.41920027340451	a7	a15	a31	13
12	1.41921542136241	a7	a17	a31	14
12	1.41927655419249	a7	a16	a31	15
13	1.41938367189476	a7	a17
13	1.4193928688692	a7	a15
13	1.41946211667673	a7	a16
13	1.41947780563312	a7	a14
13	1.41961521925119	a6	a10
13	1.41988301350687	a8	a56
12	1.41997768824373	a8	a56	a45	0
12	1.42003232909185	a6	a10	a32	0
12	1.42008859293547	a7	a14	a33	0
13	1.42016487372345	a7	a14
12	1.42018164467684	a7	a14	a33	1
13	1.42022762954903	a7	a14
12	1.42024926948888	a7	a14	a33	2
13	1.4202763194137	a7	a14
12	1.42029363136558	a7	a14	a33	3
13	1.42031094331746	a7	a14
12	1.42032933726633	a7	a14	a33	4
13	1.42034989520919	a7	a14
12	1.42039155209341	a7	a14	a33	5
13	1.42040886404529	a7	a14
12	1.4204526849235	a7	a14	a33	6
13	1.42046999687538	a7	a14
12	1.42047161987087	a7	a15	a33	7
12	1.42052896571148	a7	a17	a33	8
13	1.42053112970546	a7	a15
13	1.42056088462276	a7	a17
12	1.42057386858667	a7	a14	a33	9
13	1.42061282047841	a7	a14
12	1.42063391941976	a7	a15	a33	10
12	1.4206577233536	a7	a14	a33	11
13	1.42065934634909	a7	a15
12	1.42067936329346	a7	a16	a33	12
13	1.42068260928443	a7	a14
12	1.42069180625887	a7	a17	a33	13
13	1.42070803621376	a7	a17
13	1.42074049612354	a7	a16
12	1.42076700504986	a7	a17	a33	14
13	1.42078377600325	a7	a17
12	1.42079189098069	a7	a15	a33	15
13	1.42080866193408	a7	a15
13	1.42105698024389	a6	a10
13	1.42113758901984	a8	a56
12	1.42226989887264	a8	a56	a50	0
12	1.4363088098522	a6	a10	a34	0
12	1.4363969926071	a7	a14	a35	0
12	1.43657444011389	a7	a15	a35	1
12	1.4366020310372	a7	a16	a35	2
12	1.4367497236267	a7	a17	a35	3
13	1.49323645862467	a7	a14
13	1.49609888166871	a7	a15
13	1.4967632278222	a7	a17
13	1.51330912583371	a7	a16
13	1.51353959119314	a6	a10
12	1.51364021691346	a6	a10	a36	0
12	1.51369377576459	a7	a14	a37	0
12	1.51402648983983	a7	a16	a37	1
12	1.51405678575562	a7	a15	a37	2
12	1.51423044627294	a7	a17	a37	3
13	1.51778264239979	a7	a17
13	1.51885327842402	a7	a15
13	1.51952087056848	a7	a14
13	1.52007268903473	a7	a16
13	1.5202090206558	a6	a10
12	1.52968623231437	a6	a10	a38	0
12	1.52975926711137	a7	a14	a39	0
12	1.52996538753847	a7	a15	a39	1
12	1.53001353640464	a7	a16	a39	2
12	1.53007466923473	a7	a17	a39	3
13	1.53686744635455	a7	a16
13	1.53723370233656	a7	a15
13	1.53724614530197	a7	a17
13	1.55188556461244	a7	a14
13	1.55200350228464	a6	a10
12	1.55213983390572	a6	a10	a40	0
12	1.55219880274181	a7	a14	a41	0
12	1.55234162634484	a7	a16	a41	1
12	1.55235947929522	a7	a15	a41	2
12	1.55257100970728	a7	a17	a41	3
13	1.55566335711226	a7	a14
13	1.55710295411097	a7	a16
13	1.55735668240575	a7	a17
13	1.55754386788548	a7	a15
13	1.55767100253211	a6	a10
12	1.55872108061347	a8	a57	a49	0
13	1.60307592433142	a8	a57
12	1.60405675460526	a8	a57	a54	0
12	1.61184334596282	a8	a58	a53	0
13	1.65289755785471	a8	a58
12	1.65295706768931	a8	a58	a52	0
13	1.67424373552409	a8	a58
12	1.67429458938274	a8	a58	a51	0
13	1.68627067309582	a8	a58
13	1.69508894858587	a8	a57
13	1.69556232227015	a8	a56
13	1.69597510412285	a8	a55
12	1.6983208736029	a8	a55	a46	0
12	1.6984388112751	a8	a56	a48	0
13	1.79701252429444	a8	a56
12	1.79804583142241	a6	a10	a20	0
12	1.79811616122694	a7	a14	a21	0
12	1.79850513914579	a7	a15	a21	1
12	1.79864201176536	a7	a17	a21	2
12	1.79897256184661	a7	a16	a21	3
13	1.80054145748595	a7	a15
13	1.8010186181597	a7	a14
13	1.80174463814177	a7	a16
13	1.80184093587411	a7	a17
13	1.80198916946211	a6	a10
12	1.80284881607276	a8	a56	a44	0
12	1.80289534194344	a8	a57	a43	0
12	1.80366193681273	a6	a10	a22	0
12	1.80383126934208	a7	a14	a23	0
12	1.80385236828344	a7	a15	a23	1
12	1.80396381397368	a7	a16	a23	2
12	1.80420023031657	a7	a17	a23	3
13	1.80596821340255	a7	a15
12	1.80602880523414	a7	a15	a23	4
13	1.80657467271693	a7	a14
12	1.80664229752897	a7	a14	a23	5
13	1.80668936439815	a7	a17
13	1.80676402219064	a7	a16
12	1.80676672718312	a7	a17	a23	6
12	1.80684246697261	a7	a16	a23	7
13	1.80758309391407	a7	a15
12	1.80765775170657	a7	a15	a23	8
13	1.80938191391435	a7	a14
13	1.80941220983014	a7	a16
13	1.80942248880157	a7	a15
13	1.80944088275044	a7	a17
12	1.80951175355346	a7	a16	a23	9
12	1.80953068850083	a7	a14	a23	10
12	1.8095501644467	a7	a17	a23	11
12	1.80957180438655	a7	a15	a23	12
13	1.81134032847103	a7	a15
12	1.8113598044169	a7	a15	a23	13
13	1.81177583226057	a7	a17
12	1.81185157205006	a7	a17	a23	14
13	1.81229032183057	a7	a16
13	1.81232494573434	a7	a14
12	1.81239743953284	a7	a16	a23	15
13	1.81313103349386	a7	a15
13	1.81438777300081	a7	a17
13	1.81500992127158	a7	a16
13	1.81515544986709	a6	a10
12	1.81574784322057	a6	a10	a24	0
12	1.81581330403862	a7	a14	a25	0
13	1.81591447075743	a7	a14
12	1.81596261962361	a7	a14	a25	1
12	1.81602862144016	a7	a16	a25	2
12	1.81605999935294	a7	a15	a25	3
13	1.8160664913349	a7	a14
13	1.81619741297101	a7	a15
13	1.81633915457705	a7	a16
13	1.81647115821015	a6	a10
12	1.81668972160266	a6	a10	a26	0
12	1.81677898635456	a7	a14	a27	0
12	1.81685797213502	a7	a17	a27	1
13	1.81695048287789	a7	a14
12	1.81700079573805	a7	a14	a27	2
12	1.81705381359069	a7	a16	a27	3
13	1.8171111594313	a7	a17
13	1.81720691616515	a7	a14
13	1.81728590194561	a7	a16
13	1.81746821843887	a6	a10
12	1.81807089076377	a6	a10	a22	0
12	1.81814338456228	a7	a14	a23	0
12	1.81838575188863	a7	a17	a23	1
12	1.81859349531122	a7	a15	a23	2
12	1.81865138215033	a7	a16	a23	3
13	1.82019160486936	a7	a15
12	1.8202586886829	a7	a15	a23	4
13	1.82027004965132	a7	a14
12	1.82036418338968	a7	a14	a23	5
13	1.82106153045144	a7	a16
12	1.82113023726047	a7	a16	a23	6
13	1.82123573196726	a7	a17
12	1.82130011078832	a7	a17	a23	7
13	1.82174048356433	a7	a15
12	1.82180540338388	a7	a15	a23	8
13	1.82253683335091	a7	a14
12	1.82262068811784	a7	a14	a23	9
13	1.82312435771792	a7	a16
12	1.82319739251492	a7	a16	a23	10
13	1.82330613321268	a7	a15
12	1.82338890598262	a7	a15	a23	11
13	1.82371025908943	a7	a17
12	1.82379465485486	a7	a17	a23	12
13	1.82483066697532	a7	a14
12	1.82490370177232	a7	a14	a23	13
13	1.82519259496936	a7	a15
12	1.82525805578741	a7	a15	a23	14
13	1.82531107364005	a7	a16
12	1.82538735442803	a7	a16	a23	15
13	1.82629190391388	a7	a17
13	1.82685995233502	a7	a15
13	1.82737335990803	a7	a14
13	1.82741988577871	a7	a16
13	1.82762167821784	a6	a10
13	1.82805555901189	a8	a57
12	1.82811560984498	a6	a10	a28	0
12	1.8281870216465	a7	a14	a29	0
12	1.82840071605255	a7	a15	a29	1
13	1.82841802800443	a7	a14
12	1.82845914389015	a7	a16	a29	2
12	1.82849701378489	a7	a14	a29	3
12	1.8286127874631	a7	a17	a29	4
13	1.82863172241047	a7	a15
13	1.82869177324357	a7	a14
13	1.82869718322853	a7	a16
12	1.82870962619395	a7	a15	a29	5
12	1.82880051394133	a7	a14	a29	6
13	1.82882756386614	a7	a15
12	1.82883080985712	a7	a16	a29	7
12	1.82891736961653	a7	a15	a29	8
13	1.82894496053985	a7	a17
13	1.82897146946616	a7	a14
13	1.82901312635038	a7	a15
13	1.82901637234136	a7	a16
12	1.82902286432332	a7	a17	a29	9
12	1.82904558626016	a7	a14	a29	10
12	1.82910996508122	a7	a15	a29	11
12	1.82918245887973	a7	a16	a29	12
13	1.82920626281357	a7	a15
13	1.82921870577898	a7	a14
12	1.82928687158952	a7	a15	a29	13
12	1.82932257749028	a7	a14	a29	14
13	1.82936910336096	a7	a16
13	1.82939128429931	a7	a15
12	1.82947135207677	a7	a16	a29	15
13	1.82951841894595	a7	a17
13	1.82954817386324	a7	a14
13	1.82979270518358	a7	a16
13	1.82994202076857	a6	a10
13	1.82997015269038	a8	a56
12	1.83106513364693	a8	a56	a42	0
12	1.83129343501238	a6	a10	a30	0
12	1.83138702775224	a7	a14	a31	0
12	1.83166510097935	a7	a16	a31	1
12	1.8317316437944	a7	a17	a31	2
13	1.83173272579139	a7	a14
12	1.83180900657937	a7	a14	a31	3
12	1.83186202443201	a7	a15	a31	4
13	1.83208166982152	a7	a14
13	1.83213955666063	a7	a15
12	1.83215524561702	a7	a14	a31	5
13	1.832158491608	a7	a17
12	1.83223531339448	a7	a17	a31	6
12	1.83225478934034	a7	a15	a31	7
13	1.83230185620952	a7	a16
12	1.83238084198999	a7	a16	a31	8
13	1.83243169584864	a7	a15
13	1.83244413881406	a7	a14
12	1.83253232156896	a7	a15	a31	9
12	1.83256261748475	a7	a14	a31	10
13	1.83272275303966	a7	a15
13	1.83273627800207	a7	a17
12	1.83280390281411	a7	a17	a31	11
13	1.83280390281411	a7	a16
12	1.83282121476599	a7	a15	a31	12
13	1.83287369162014	a7	a14
12	1.83294564442015	a7	a16	a31	13
12	1.83296457936752	a7	a14	a31	14
13	1.83299325228782	a7	a15
12	1.83306358209234	a7	a15	a31	15
13	1.83308359903671	a7	a17
13	1.83323724260966	a7	a15
13	1.83327998149087	a7	a14
13	1.83336924624277	a7	a16
13	1.83352938179768	a6	a10
13	1.83391944171353	a8	a56
12	1.83404874035415	a8	a56	a45	0
12	1.8341142011722	a6	a10	a32	0
12	1.83417479300379	a7	a14	a33	0
13	1.83426676274816	a7	a14
12	1.83431058362637	a7	a14	a33	1
12	1.8343354695572	a7	a15	a33	2
13	1.83434520753013	a7	a14
12	1.83434845352111	a7	a17	a33	3
12	1.83438956940683	a7	a14	a33	4
13	1.8344085043542	a7	a14
13	1.83443663627601	a7	a15
13	1.83444312825797	a7	a17
12	1.83445070223691	a7	a14	a33	5
13	1.83451940904595	a7	a14
12	1.83452536002941	a7	a17	a33	6
13	1.83454267198129	a7	a17
12	1.83455132795723	a7	a15	a33	7
12	1.83457350889558	a7	a14	a33	8
13	1.83458000087754	a7	a15
13	1.83460109981889	a7	a14
12	1.83464654369258	a7	a14	a33	9
13	1.83467088862492	a7	a14
12	1.83469361056176	a7	a17	a33	10
13	1.83472985746102	a7	a17
12	1.83474284142493	a7	a14	a33	11
13	1.83476556336177	a7	a14
12	1.83481317122945	a7	a14	a33	12
12	1.83483318817381	a7	a15	a33	13
13	1.83483697516329	a7	a14
12	1.8348499591272	a7	a17	a33	14
13	1.83486023809863	a7	a15
13	1.83488079604149	a7	a17
12	1.83488296003548	a7	a14	a33	15
13	1.83493381389413	a7	a14
13	1.8359535960597	a6	a10
13	1.83608668168979	a8	a56
12	1.83783248383742	a8	a56	a50	0
12	1.85352630921723	a6	a10	a34	0
12	1.85369347775259	a7	a14	a35	0
12	1.8537654305526	a7	a17	a35	1
12	1.8539866989376	a7	a16	a35	2
12	1.85413926051356	a7	a15	a35	3
13	1.91365721008643	a7	a14
13	1.91736359078473	a7	a15
13	1.9180447078916	a7	a17
13	1.91856947643303	a7	a16
13	1.91873015298644	a6	a10
12	1.9189557493594	a6	a10	a36	0
12	1.91902553816543	a7	a14	a37	0
12	1.9194269590497	a7	a17	a37	1
12	1.91954922470987	a7	a15	a37	2
12	1.91986354483623	a7	a16	a37	3
13	1.9248542559648	a7	a14
13	1.92514423115883	a7	a15
13	1.92549750317693	a7	a16
13	1.92692952619669	a7	a17
13	1.92709128474709	a6	a10
12	1.9366372032147	a6	a10	a38	0
12	1.93671294300418	a7	a14	a39	0
12	1.93691744043579	a7	a15	a39	1
12	1.93722959656817	a7	a16	a39	2
12	1.93728477841479	a7	a17	a39	3
13	1.94355332799168	a7	a15
13	1.94447789442189	a7	a14
13	1.9453591809724	a7	a16
13	1.94611982485823	a7	a17
13	1.94635353620864	a6	a10
12	1.9465066387831	a6	a10	a40	0
12	1.94656723061469	a7	a14	a41	0
12	1.94674684211546	a7	a16	a41	1
12	1.94684584484029	a7	a15	a41	2
12	1.94735438342683	a7	a17	a41	3
13	1.94959141220913	a7	a14
13	1.95108510905747	a7	a15
13	1.95169156837185	a7	a16
13	1.95221254992381	a7	a17
13	1.95236348850428	a6	a10
12	1.95367054087139	a8	a57	a49	0
13	1.97567132672132	a8	a57
12	1.97587798814692	a8	a57	a54	0
12	1.98286119673744	a8	a58	a53	0
13	2.02689306435309	a8	a58
12	2.0275536235171	a8	a58	a52	0
13	2.04808343445552	a8	a58
12	2.04814294429012	a8	a58	a51	0
13	2.06066868247546	a8	a58
13	2.06898978034739	a8	a57
13	2.0693711842873	a8	a56
13	2.06975745721367	a8	a55
12	2.07152057131319	a8	a55	a47	0
13	2.13969828381668	a8	a55
12	2.14005371982876	a8	a55	a46	0
12	2.14021169138969	a8	a56	a48	0
13	2.2414368380395	a8	a56
12	2.24223859781105	a6	a10	a20	0
12	2.24248529312537	a7	a14	a21	0
12	2.24259836181111	a7	a16	a21	1
12	2.24265354365773	a7	a15	a21	2
12	2.2426870855645	a7	a17	a21	3
13	2.24433063899633	a7	a14
13	2.24472394490316	a7	a15
13	2.24527846836189	a7	a16
13	2.24543643992281	a7	a17
13	2.24557655853336	a6	a10
12	2.24625659364324	a8	a56	a44	0
12	2.24627769258459	a8	a57	a43	0
12	2.24674349228993	a6	a10	a22	0
12	2.24682788805535	a7	a14	a23	0
12	2.24713355220577	a7	a16	a23	1
12	2.24723363692759	a7	a15	a23	2
12	2.24736996854867	a7	a17	a23	3
13	2.24841950563153	a7	a14
12	2.24848604844658	a7	a14	a23	4
13	2.24917528053089	a7	a15
12	2.24925588930684	a7	a15	a23	5
13	2.25009064998667	a7	a16
13	2.2501452908348	a7	a14
12	2.25018207873255	a7	a16	a23	6
12	2.25021075165285	a7	a14	a23	7
13	2.25025403153256	a7	a17
12	2.25032436133708	a7	a17	a23	8
13	2.25097896951763	a7	a15
12	2.25104605333117	a7	a15	a23	9
13	2.25189974895837	a7	a14
12	2.2519695377644	a7	a14	a23	10
13	2.25259601402314	a7	a15
13	2.25260304700359	a7	a16
12	2.25269393475097	a7	a15	a23	11
12	2.25273072264872	a7	a16	a23	12
13	2.25309373263975	a7	a17
12	2.25316514444127	a7	a17	a23	13
13	2.25369802796014	a7	a14
12	2.2537640297767	a7	a14	a23	14
13	2.25428609332565	a7	a15
12	2.25435642313017	a7	a15	a23	15
13	2.25535023736791	a7	a16
13	2.2553670083213	a7	a17
13	2.25553309485967	a7	a14
13	2.25610601226727	a7	a15
13	2.25624775387331	a6	a10
12	2.25670435660421	a6	a10	a24	0
12	2.25677522740722	a7	a14	a25	0
13	2.25684880320272	a7	a14
12	2.2568964110704	a7	a14	a25	1
12	2.25691913300725	a7	a15	a25	2
13	2.25696187188846	a7	a14
12	2.25701813573207	a7	a14	a25	3
13	2.25708413754862	a7	a14
13	2.25711118747344	a7	a15
13	2.2573086519246	a6	a10
12	2.2575293793111	a6	a10	a26	0
12	2.2575878071487	a7	a14	a27	0
13	2.25776254966301	a7	a14
12	2.25780258355174	a7	a14	a27	1
12	2.25783612545851	a7	a15	a27	2
12	2.25793891517281	a7	a16	a27	3
13	2.25796542409913	a7	a14
13	2.25809309974426	a7	a15
13	2.25821320141045	a7	a16
13	2.25836846797889	a6	a10
12	2.25871200202406	a6	a10	a22	0
12	2.25878828281204	a7	a14	a23	0
12	2.25890297449326	a7	a16	a23	1
12	2.25910638992788	a7	a17	a23	2
12	2.2591469648151	a7	a15	a23	3
13	2.26029604562129	a7	a14
12	2.26037070341378	a7	a14	a23	4
13	2.26090575092664	a7	a15
12	2.26098365471011	a7	a15	a23	5
13	2.26110537937179	a7	a16
12	2.26118057816277	a7	a16	a23	6
13	2.26171616667413	a7	a17
12	2.26178811947414	a7	a17	a23	7
13	2.26186385926363	a7	a14
12	2.2619276970862	a7	a14	a23	8
13	2.26250818847275	a7	a15
12	2.26258014127276	a7	a15	a23	9
13	2.26347441178718	a7	a14
13	2.26350524870147	a7	a16
12	2.26355177457215	a7	a14	a23	10
12	2.26361182540525	a7	a16	a23	11
13	2.26414254493014	a7	a15
12	2.2642063827527	a7	a15	a23	12
13	2.26435840333017	a7	a17
12	2.26443522511665	a7	a17	a23	13
13	2.26506873435584	a7	a14
12	2.26514014615735	a7	a14	a23	14
13	2.26575417945068	a7	a15
12	2.26582234526122	a7	a15	a23	15
13	2.26596029987778	a7	a16
13	2.26667225389894	a7	a14
13	2.26667549988992	a7	a17
13	2.26735932198927	a7	a15
13	2.26751296556222	a6	a10
13	2.26781971170964	a8	a57
12	2.26785812260288	a6	a10	a28	0
12	2.26795604333071	a7	a14	a29	0
13	2.26809453894577	a7	a14
12	2.26809670293975	a7	a15	a29	1
12	2.26814539280442	a7	a14	a29	2
13	2.26833311928265	a7	a15
13	2.26836828418491	a7	a14
12	2.26840615407965	a7	a16	a29	3
12	2.26842671202251	a7	a14	a29	4
12	2.26845971293079	a7	a15	a29	5
12	2.26849379583606	a7	a17	a29	6
13	2.26854086270524	a7	a14
12	2.2686041595293	a7	a14	a29	7
13	2.26861606149622	a7	a15
13	2.26867394833533	a7	a16
12	2.26870370325263	a7	a15	a29	8
13	2.2687220972015	a7	a14
12	2.26876970506918	a7	a16	a29	9
13	2.26879729599249	a7	a15
13	2.26880757496392	a7	a17
12	2.26882921490377	a7	a14	a29	10
12	2.26887628177295	a7	a15	a29	11
12	2.26889792171281	a7	a17	a29	12
13	2.26897095650981	a7	a14
13	2.26898394047372	a7	a16
13	2.26901153139704	a7	a15
12	2.26903804032335	a7	a14	a29	13
12	2.26907158223013	a7	a16	a29	14
13	2.26909484516547	a7	a17
12	2.26911864909931	a7	a15	a29	15
13	2.26917274894894	a7	a14
13	2.26925498072038	a7	a15
13	2.26925984970685	a7	a16
13	2.26950059403771	a6	a10
13	2.2695308899535	a8	a56
12	2.2702823368649	a8	a56	a42	0
12	2.27038025759273	a6	a10	a30	0
12	2.27045275139124	a7	a14	a31	0
12	2.27057393505441	a7	a16	a31	1
13	2.2707811374785	a7	a14
12	2.27081954837174	a7	a17	a31	2
12	2.27086499224543	a7	a14	a31	3
12	2.27090232114168	a7	a15	a31	4
13	2.2710175538214	a7	a16
13	2.27104081675674	a7	a14
12	2.27111817954171	a7	a16	a31	5
12	2.27113981948157	a7	a14	a31	6
13	2.27118147636578	a7	a15
13	2.27124315019436	a7	a17
12	2.2712523471688	a7	a15	a31	7
12	2.27131456199588	a7	a17	a31	8
13	2.27132105397783	a7	a14
12	2.2713843508019	a7	a14	a31	9
13	2.27142817168011	a7	a15
13	2.2714579265974	a7	a16
12	2.27152501041095	a7	a15	a31	10
12	2.27155476532824	a7	a16	a31	11
13	2.27155692932223	a7	a14
13	2.27164132508766	a7	a17
12	2.27166621101849	a7	a14	a31	12
12	2.27171435988466	a7	a17	a31	13
13	2.27172193386361	a7	a15
12	2.27178523068768	a7	a15	a31	14
13	2.27184257652829	a7	a14
13	2.27185339649821	a7	a16
12	2.27194103825462	a7	a16	a31	15
13	2.27196808817944	a7	a15
13	2.27203300799899	a7	a17
13	2.27223317744263	a7	a16
13	2.27238141103062	a6	a10
13	2.27268437018857	a8	a56
12	2.27279094689234	a8	a56	a45	0
12	2.27283747276302	a6	a10	a32	0
12	2.27292673751492	a7	a14	a33	0
13	2.27298949334049	a7	a14
12	2.27302519924125	a7	a14	a33	1
13	2.27304197019463	a7	a14
12	2.27304305219163	a7	a16	a33	2
12	2.27308579107284	a7	a14	a33	3
13	2.27310743101269	a7	a14
13	2.27314367791194	a7	a16
12	2.2731501698939	a7	a14	a33	4
13	2.27316639984879	a7	a14
12	2.27321454871496	a7	a14	a33	5
12	2.27323131966835	a7	a16	a33	6
13	2.27324376263376	a7	a14
13	2.27325404160519	a7	a16
12	2.27333627337663	a7	a14	a33	7
13	2.27335358532852	a7	a14
12	2.27335899531348	a7	a16	a33	8
12	2.27339253722025	a7	a14	a33	9
13	2.2733995702007	a7	a16
13	2.27340930817364	a7	a14
12	2.27346232602628	a7	a17	a33	10
12	2.27347909697966	a7	a15	a33	11
12	2.27350506490749	a7	a16	a33	12
12	2.27352454085335	a7	a14	a33	13
13	2.2735326558308	a7	a16
13	2.27354239380373	a7	a14
13	2.27354888578569	a7	a17
13	2.27355375477215	a7	a15
12	2.27361488760224	a7	a15	a33	14
12	2.27363815053758	a7	a14	a33	15
13	2.27364139652856	a7	a15
13	2.27365762648345	a7	a14
13	2.27393461771357	a6	a10
13	2.27400440651959	a8	a56
12	2.27490733300995	a8	a56	a50	0
12	2.28554065845516	a6	a10	a34	0
12	2.28567158009127	a7	a14	a35	0
12	2.28598752321312	a7	a16	a35	1
12	2.28600699915899	a7	a15	a35	2
12	2.28634241822671	a7	a17	a35	3
13	2.3456071805033	a7	a14
13	2.34860809916239	a7	a17
13	2.34885587647371	a7	a16
13	2.34930869221513	a7	a15
13	2.34950182867832	a6	a10
12	2.34992543050094	a6	a10	a36	0
12	2.34998115334606	a7	a14	a37	0
12	2.35017212581526	a7	a17	a37	1
12	2.35033767135514	a7	a16	a37	2
12	2.35098416455824	a7	a15	a37	3
13	2.3555198959514	a7	a15
13	2.35625835889888	a7	a16
13	2.35661271291398	a7	a14
13	2.35873991900151	a7	a17
13	2.35890167755191	a6	a10
12	2.3669349642238	a6	a10	a38	0
12	2.36710159176067	a7	a14	a39	0
12	2.36715677360729	a7	a15	a39	1
12	2.36761608133067	a7	a17	a39	2
12	2.36763339328255	a7	a16	a39	3
13	2.37271823814948	a7	a14
13	2.37533234288371	a7	a15
13	2.37539455771079	a7	a17
13	2.37552818433938	a7	a16
13	2.3756720899394	a6	a10
12	2.3757451247364	a6	a10	a40	0
12	2.37579976558453	a7	a14	a41	0
12	2.37635428904326	a7	a17	a41	1
12	2.37639810992146	a7	a16	a41	2
12	2.37642353685079	a7	a15	a41	3
13	2.37786151085401	a7	a14
13	2.38068876899579	a7	a16
13	2.38097982618681	a7	a17
13	2.38113130576578	a7	a15
13	2.38130388428611	a6	a10
12	2.38203423225615	a8	a57	a49	0
13	2.40137114151018	a8	a57
12	2.40149178417486	a8	a57	a54	0
12	2.40730481301784	a8	a58	a53	0
13	2.45312143467286	a8	a58
12	2.45319879745783	a8	a58	a52	0
13	2.47704925716668	a8	a58
12	2.47709578303737	a8	a58	a51	0
13	2.48744508427201	a8	a58
13	2.4944769827272	a8	a57
13	2.49477020391221	a8	a56
13	2.49504016216187	a8	a55
12	2.49645974221622	a8	a55	a46	0
12	2.49653440000871	a8	a56	a48	0
13	2.59429715628207	a8	a56
12	2.59487818866712	a6	a10	a20	0
12	2.59495122346412	a7	a14	a21	0
12	2.59524985463409	a7	a17	a21	1
12	2.59538889124765	a7	a15	a21	3
12	2.59545705705818	a7	a16	a21	2
13	2.59704813363587	a7	a14
13	2.59749499839383	a7	a15
13	2.59788018932321	a7	a17
13	2.59860025832181	a7	a16
13	2.59876093487522	a6	a10
12	2.59934521325125	a8	a56	a44	0
12	2.59937821415952	a8	a57	a43	0
12	2.59987971976561	a6	a10	a22	0
12	2.59995329556111	a7	a14	a23	0
12	2.60016428497468	a7	a17	a23	1
12	2.60035038845741	a7	a15	a23	2
12	2.60040881629502	a7	a16	a23	3
13	2.60150704324255	a7	a14
12	2.60156655307715	a7	a14	a23	4
13	2.60205074673135	a7	a17
12	2.60210538757948	a7	a17	a23	5
13	2.6022941960547	a7	a15
12	2.60236506685772	a7	a15	a23	6
13	2.60312679274054	a7	a16
13	2.6032063195195	a7	a14
12	2.60321605749243	a7	a16	a23	7
12	2.60328530529996	a7	a14	a23	8
13	2.60358772345941	a7	a17
12	2.60365588926994	a7	a17	a23	9
13	2.60406001514669	a7	a15
12	2.6041184429843	a7	a15	a23	10
13	2.60508033831076	a7	a14
12	2.60514850412129	a7	a14	a23	11
13	2.60519935797995	a7	a17
12	2.60526644179349	a7	a17	a23	12
13	2.60539249444314	a7	a16
12	2.60546877523112	a7	a16	a23	13
13	2.6058972460402	a7	a15
12	2.60596000186578	a7	a15	a23	14
13	2.60674390868695	a7	a14
12	2.60681261549598	a7	a14	a23	15
13	2.60693488115615	a7	a17
13	2.60779831475628	a7	a15
13	2.60788920250366	a7	a16
13	2.60845616892781	a7	a14
13	2.60853731870226	a6	a10
12	2.60883540887373	a6	a10	a24	0
12	2.60888680373088	a7	a14	a25	0
13	2.6089717404948	a7	a14
12	2.60898905244668	a7	a14	a25	1
13	2.60905018527677	a7	a14
12	2.60906641523166	a7	a14	a25	2
13	2.60912538406776	a7	a14
12	2.60914215502114	a7	a14	a25	3
13	2.60919138588431	a7	a14
13	2.60957008483173	a6	a10
12	2.60965015260919	a6	a10	a26	0
12	2.60970533445581	a7	a14	a27	0
13	2.60982597712049	a7	a14
12	2.60984166607689	a7	a14	a27	1
13	2.60993634081374	a7	a14
12	2.6099720467145	a7	a14	a27	2
12	2.61002398257015	a7	a17	a27	3
13	2.61005968847091	a7	a14
13	2.61035290965591	a7	a17
13	2.61047463431758	a6	a10
12	2.61084846427854	a6	a10	a22	0
12	2.61090689211615	a7	a14	a23	0
12	2.61109894658234	a7	a15	a23	1
12	2.61122878622146	a7	a16	a23	2
12	2.61134618289516	a7	a17	a23	3
13	2.61237786702765	a7	a14
12	2.61243791786074	a7	a14	a23	4
13	2.61273438503672	a7	a15
12	2.61280200984876	a7	a15	a23	5
13	2.61288802860968	a7	a17
12	2.61296052240818	a7	a17	a23	6
13	2.61362540956016	a7	a16
12	2.61369844435717	a7	a16	a23	7
13	2.61388833482938	a7	a14
12	2.61394513967149	a7	a14	a23	8
13	2.61446125223698	a7	a17
12	2.61452887704902	a7	a17	a23	9
13	2.61458730488662	a7	a15
12	2.61465384770167	a7	a15	a23	10
13	2.61537337570178	a7	a14
12	2.61544154151232	a7	a14	a23	11
13	2.61594629310939	a7	a17
13	2.61595278509134	a7	a16
12	2.61601067193045	a7	a17	a23	12
12	2.61603663985827	a7	a16	a23	13
13	2.61611562563873	a7	a15
12	2.61618216845378	a7	a15	a23	14
13	2.61688817149148	a7	a14
12	2.61695687830052	a7	a14	a23	15
13	2.61744972793066	a7	a17
13	2.61764015940137	a7	a15
13	2.61829476758192	a7	a16
13	2.61839377030675	a7	a14
13	2.61847708407518	a6	a10
13	2.61869997545566	a8	a57
12	2.61873081236995	a6	a10	a28	0
12	2.61878924020756	a7	a14	a29	0
13	2.61892827682111	a7	a14
12	2.6189742616933	a7	a14	a29	1
12	2.61899644263165	a7	a17	a29	2
13	2.61906839543166	a7	a14
12	2.6191062653264	a7	a14	a29	3
12	2.61918254611438	a7	a15	a29	4
13	2.61920094006326	a7	a14
12	2.61922095700762	a7	a16	a29	5
12	2.61926477788582	a7	a14	a29	6
13	2.61930264778057	a7	a17
13	2.61936269861366	a7	a14
12	2.61937351858359	a7	a17	a29	7
13	2.61937460058058	a7	a15
12	2.61944979937157	a7	a14	a29	8
12	2.61946981631593	a7	a15	a29	9
13	2.61948496427383	a7	a17
12	2.61955042509188	a7	a17	a29	10
13	2.61956449105279	a7	a14
13	2.61957963901068	a7	a15
13	2.61957963901068	a7	a16
12	2.61960019695354	a7	a14	a29	11
13	2.61965159181069	a7	a17
12	2.61968729771145	a7	a16	a29	12
13	2.61969865867987	a7	a14
12	2.61971975762123	a7	a15	a29	13
12	2.61973544657762	a7	a17	a29	14
12	2.61976628349192	a7	a14	a29	15
13	2.61983282630696	a7	a17
13	2.61984581027087	a7	a15
13	2.61987448319118	a7	a16
13	2.61992425505284	a7	a14
13	2.6201065715461	a6	a10
13	2.62012929348295	a8	a56
12	2.62100300605451	a8	a56	a42	0
12	2.62111174675227	a6	a10	a30	0
12	2.62116746959739	a7	a14	a31	0
12	2.62137845901095	a7	a17	a31	1
13	2.62140442693878	a7	a14
12	2.62141091892073	a7	a15	a31	2
12	2.62145203480645	a7	a14	a31	3
12	2.6216224493328	a7	a16	a31	4
13	2.62164300727566	a7	a14
12	2.62169115614183	a7	a14	a31	5
13	2.6216949431313	a7	a15
13	2.62170414010574	a7	a17
12	2.62176743692981	a7	a17	a31	6
12	2.62178691287568	a7	a15	a31	7
13	2.62193622846066	a7	a14
13	2.62194921242457	a7	a17
13	2.62196922936894	a7	a15
12	2.62201683723661	a7	a17	a31	8
13	2.62204010017196	a7	a16
12	2.6220482151494	a7	a14	a31	9
12	2.62206228111031	a7	a15	a31	10
12	2.62214397188325	a7	a16	a31	11
13	2.62218671076446	a7	a17
13	2.62223485963063	a7	a15
12	2.62224081061409	a7	a17	a31	12
13	2.62227110652989	a7	a14
12	2.62229491046372	a7	a15	a31	13
12	2.62237010925471	a7	a14	a31	14
13	2.62241825812089	a7	a17
13	2.62245558701713	a7	a16
13	2.62246694798555	a7	a15
12	2.62247668595849	a7	a17	a31	15
13	2.62255080275248	a7	a14
13	2.62264818248182	a7	a17
13	2.62279966206079	a6	a10
13	2.62301606145932	a8	a56
12	2.62306637431948	a8	a56	a45	0
12	2.62310640820821	a6	a10	a32	0
12	2.62318539398867	a7	a14	a33	0
12	2.6232551827947	a7	a17	a33	1
13	2.62325680579018	a7	a14
12	2.62329142969395	a7	a14	a33	2
13	2.62331685662328	a7	a14
12	2.62333795556463	a7	a14	a33	3
13	2.62334931653306	a7	a17
13	2.62335526751652	a7	a14
12	2.62340287538419	a7	a14	a33	4
13	2.62341802334209	a7	a14
12	2.62342776131502	a7	a17	a33	5
13	2.62345318824435	a7	a17
12	2.62345535223833	a7	a14	a33	6
13	2.62347158219322	a7	a14
12	2.62352405904737	a7	a14	a33	7
13	2.62354028900226	a7	a14
12	2.62354191199775	a7	a17	a33	8
13	2.62355705995564	a7	a17
12	2.62356787992557	a7	a15	a33	9
12	2.62358627387444	a7	a14	a33	10
13	2.62360304482783	a7	a14
13	2.62363117674964	a7	a15
12	2.62363929172708	a7	a17	a33	11
13	2.62366147266543	a7	a17
12	2.62370529354364	a7	a15	a33	12
12	2.62373017947447	a7	a14	a33	13
13	2.62373234346845	a7	a15
13	2.62374749142635	a7	a14
12	2.62377832834064	a7	a16	a33	14
12	2.62380591926395	a7	a17	a33	15
13	2.62382106722185	a7	a17
13	2.62390059400081	a7	a16
13	2.62409048447302	a6	a10
13	2.624166765261	a8	a56
12	2.6254316197454	a8	a56	a50	0
12	2.63520042959349	a6	a10	a34	0
12	2.63526805440553	a7	a14	a35	0
12	2.63536381113937	a7	a15	a35	1
12	2.63572249314244	a7	a16	a35	2
12	2.63574413308229	a7	a17	a35	3
13	2.69283840939163	a7	a14
13	2.69385007657975	a7	a15
13	2.69617041913048	a7	a17
13	2.69692998101931	a7	a16
13	2.69708903457723	a6	a10
12	2.69717775833063	a6	a10	a36	0
12	2.69723943215921	a7	a14	a37	0
12	2.69741958465849	a7	a15	a37	1
12	2.69764950901942	a7	a17	a37	2
12	2.69850374564512	a7	a16	a37	3
13	2.70076511935974	a7	a14
13	2.70204620379903	a7	a17
13	2.70243896870736	a7	a15
13	2.70302757507136	a7	a16
13	2.70318608763078	a6	a10
12	2.70994315884984	a6	a10	a38	0
12	2.70999996369196	a7	a14	a39	0
12	2.71015360726491	a7	a15	a39	1
12	2.71031374281982	a7	a17	a39	2
12	2.71045277943338	a7	a16	a39	3
13	2.71577674563568	a7	a14
13	2.71656065245685	a7	a15
13	2.71656281645084	a7	a17
13	2.71847957412331	a7	a16
13	2.71862131572935	a6	a10
12	2.71868461255341	a6	a10	a40	0
12	2.71874466338651	a7	a14	a41	0
12	2.71896755476699	a7	a15	a41	1
12	2.71900812965422	a7	a17	a41	2
12	2.7194376824603	a7	a16	a41	3
13	2.72086970548006	a7	a14
13	2.72289141686081	a7	a15
13	2.7230547984067	a7	a17
13	2.72408594154069	a7	a16
13	2.72423904411515	a6	a10
12	2.72479410857238	a8	a57	a49	0
13	2.74393896336022	a8	a57
12	2.74402065413317	a8	a57	a54	0
12	2.74804514194731	a8	a58	a53	0
13	2.788539961394	a8	a58
12	2.78858756926168	a8	a58	a52	0
13	2.80315233077966	a8	a58
12	2.80320156164282	a8	a58	a51	0
13	2.81189378448323	a8	a58
13	2.81868656160305	a8	a57
13	2.81884236916999	a8	a56
13	2.81905389958205	a8	a55
12	2.8196354729656	a8	a55	a46	0
12	2.81969227780771	a8	a56	a48	0
13	2.8915915189674	a8	a56
12	2.89176193349374	a6	a10	a20	0
12	2.89183767328323	a7	a14	a21	0
12	2.89210763153289	a7	a15	a21	1
12	2.89217417434794	a7	a17	a21	2
12	2.89223584817652	a7	a16	a21	3
13	2.89311118374357	a7	a15
13	2.89339953594211	a7	a14
13	2.89373657800532	a7	a17
13	2.89408985002342	a7	a16
13	2.89423375562344	a6	a10
12	2.89452697680844	a8	a56	a44	0
12	2.8945475347513	a8	a57	a43	0
12	2.89493759466715	a6	a10	a22	0
12	2.89500900646867	a7	a14	a23	0
12	2.89508095926868	a7	a15	a23	1
12	2.89520106093486	a7	a17	a23	2
12	2.89525894777397	a7	a16	a23	3
13	2.89656545914258	a7	a14
12	2.89662821496816	a7	a14	a23	4
13	2.89703829182837	a7	a17
13	2.89711890060432	a7	a15
12	2.89712809757876	a7	a17	a23	5
13	2.89714378653515	a7	a16
12	2.89719788638479	a7	a15	a23	6
12	2.8972692981863	a7	a16	a23	7
13	2.89880086492939	a7	a15
13	2.89883440683616	a7	a14
12	2.89890419564219	a7	a14	a23	8
12	2.8989317865655	a7	a15	a23	9
13	2.89963833060169	a7	a17
13	2.89967187250847	a7	a16
12	2.89974977629194	a7	a16	a23	10
12	2.90001486555513	a7	a17	a23	11
13	2.90128675301999	a7	a14
12	2.90134572185609	a7	a14	a23	12
13	2.90147015151024	a7	a15
12	2.90153777632228	a7	a15	a23	13
13	2.90189862231933	a7	a17
12	2.90196408313738	a7	a17	a23	14
13	2.90196516513437	a7	a16
12	2.90203982292687	a7	a16	a23	15
13	2.90302335819318	a7	a14
13	2.90332631735112	a7	a15
13	2.90354433974514	a7	a16
13	2.90383485593766	a7	a17
13	2.90397876153769	a6	a10
12	2.9041827179708	a6	a10	a24	0
12	2.90424980178434	a7	a14	a25	0
13	2.90433690254225	a7	a14
12	2.90435367349564	a7	a14	a25	1
13	2.90441480632572	a7	a14
12	2.90443157727911	a7	a14	a25	2
13	2.90448459513175	a7	a14
12	2.90451921903551	a7	a15	a25	3
13	2.9046820595829	a7	a15
13	2.90485031011526	a6	a10
12	2.90492009892129	a6	a10	a26	0
12	2.90497095277994	a7	a14	a27	0
13	2.90506887350777	a7	a14
12	2.90508456246417	a7	a14	a27	1
12	2.90517058122508	a7	a17	a27	2
13	2.90518518818448	a7	a14
12	2.90521927108975	a7	a14	a27	3
13	2.90533125777849	a7	a14
13	2.90541619454241	a7	a17
13	2.90554928017251	a6	a10
12	2.90582518940563	a6	a10	a22	0
12	2.90588307624474	a7	a14	a23	0
12	2.90601129288837	a7	a17	a23	1
12	2.90624879122825	a7	a16	a23	2
12	2.90632885900571	a7	a15	a23	3
13	2.90736757611865	a7	a14
12	2.90743628292768	a7	a14	a23	4
13	2.90762996038936	a7	a17
12	2.90769379821193	a7	a17	a23	5
13	2.90785176977285	a7	a16
12	2.90792101758038	a7	a16	a23	6
13	2.90794536251272	a7	a15
12	2.90800974133378	a7	a15	a23	7
13	2.90891266782414	a7	a14
12	2.90900409657002	a7	a14	a23	8
13	2.90916044513546	a7	a17
12	2.90922265996253	a7	a17	a23	9
13	2.90957160399266	a7	a15
12	2.90964950777613	a7	a15	a23	10
13	2.90971172260321	a7	a16
12	2.90978529839871	a7	a16	a23	11
13	2.91046912049806	a7	a14
12	2.91053512231461	a7	a14	a23	12
13	2.91073258676577	a7	a17
12	2.91080453956578	a7	a17	a23	13
13	2.91134012807714	a7	a15
12	2.91140180190572	a7	a15	a23	14
13	2.9115219035719	a7	a16
12	2.91158736438996	a7	a16	a23	15
13	2.91200231023664	a7	a14
13	2.91237884519008	a7	a17
13	2.91303615836311	a7	a15
13	2.91312109512703	a7	a16
13	2.91325255776164	a6	a10
13	2.91342297228798	a8	a57
12	2.91344731722031	a6	a10	a28	0
12	2.91350304006543	a7	a14	a29	0
13	2.91363017471207	a7	a14
12	2.91365127365343	a7	a14	a29	1
12	2.91370645550005	a7	a15	a29	2
13	2.91374703038728	a7	a14
12	2.91375622736171	a7	a16	a29	3
12	2.91381303220383	a7	a14	a29	4
13	2.91390878893768	a7	a14
13	2.91391582191813	a7	a15
12	2.91392501889257	a7	a17	a29	5
12	2.91397262676024	a7	a14	a29	6
13	2.91403213659484	a7	a16
12	2.91403538258581	a7	a15	a29	7
12	2.91409543341891	a7	a16	a29	8
13	2.9140959744174	a7	a17
13	2.91410463039334	a7	a14
13	2.91414682827606	a7	a15
12	2.91416846821591	a7	a17	a29	9
12	2.91419119015276	a7	a14	a29	10
12	2.91423122404148	a7	a15	a29	11
13	2.91425340497983	a7	a16
13	2.91427666791517	a7	a17
12	2.91432914476932	a7	a17	a29	12
13	2.91433563675127	a7	a14
13	2.91434212873323	a7	a15
12	2.91435998168361	a7	a16	a29	13
13	2.91442490150317	a7	a17
12	2.91443842646557	a7	a15	a29	14
13	2.91446277139791	a7	a16
12	2.91448765732874	a7	a14	a29	15
13	2.91455906913025	a7	a15
13	2.91466835082651	a7	a14
13	2.91477114054081	a6	a10
13	2.91478899349119	a8	a56
12	2.9151990703514	a8	a56	a42	0
12	2.91526561316645	a6	a10	a30	0
12	2.91533053298601	a7	a14	a31	0
13	2.91554044040258	a7	a14
12	2.91558696627327	a7	a17	a31	1
12	2.9156113112056	a7	a14	a31	2
12	2.91566919804471	a7	a16	a31	3
12	2.91569462497403	a7	a15	a31	4
13	2.91580011968082	a7	a14
12	2.91586449850188	a7	a14	a31	5
13	2.91591481136204	a7	a15
13	2.91593104131693	a7	a17
12	2.91598081317859	a7	a17	a31	6
12	2.91600191211995	a7	a15	a31	7
13	2.91604573299815	a7	a14
12	2.91611281681169	a7	a14	a31	8
13	2.91611822679665	a7	a16
13	2.91615285070042	a7	a17
13	2.91617394964178	a7	a15
12	2.9162150655275	a7	a16	a31	9
12	2.91623670546735	a7	a17	a31	10
12	2.91626483738916	a7	a15	a31	11
13	2.91628539533202	a7	a14
12	2.91635897112752	a7	a14	a31	12
13	2.91639521802677	a7	a16
13	2.91641036598467	a7	a17
13	2.91645959684783	a7	a15
12	2.9164644658343	a7	a17	a31	13
12	2.91649638474558	a7	a16	a31	14
13	2.91653533663732	a7	a14
12	2.91658835448996	a7	a15	a31	15
13	2.91663758535312	a7	a17
13	2.91667491424937	a7	a16
13	2.9167879829351	a7	a15
13	2.91693405252911	a6	a10
13	2.91707146614717	a8	a56
12	2.91710825404492	a8	a56	a45	0
12	2.91712232000583	a6	a10	a32	0
12	2.91729868551563	a7	a14	a33	0
13	2.91736793332316	a7	a14
12	2.91740796721189	a7	a14	a33	1
13	2.91742419716678	a7	a14
12	2.91742798415625	a7	a15	a33	2
12	2.9174653130525	a7	a14	a33	3
13	2.91748046101039	a7	a14
13	2.9174945269713	a7	a15
12	2.91755620079988	a7	a14	a33	4
12	2.91758108673071	a7	a15	a33	5
13	2.91758379172319	a7	a14
13	2.9175978576841	a7	a15
12	2.91766656449313	a7	a15	a33	6
13	2.91769415541644	a7	a15
12	2.91776719021344	a7	a14	a33	7
13	2.91778558416232	a7	a14
12	2.91781425708262	a7	a16	a33	8
12	2.91782832304353	a7	a14	a33	9
13	2.91784563499541	a7	a14
12	2.91785374997286	a7	a17	a33	10
13	2.91786673393677	a7	a16
13	2.91789270186459	a7	a17
12	2.91789378386158	a7	a14	a33	11
13	2.9179208337864	a7	a14
12	2.91792462077587	a7	a15	a33	12
13	2.91795437569317	a7	a15
12	2.91800522955183	a7	a16	a33	13
12	2.91802254150371	a7	a17	a33	14
13	2.91803985345559	a7	a17
13	2.91804093545258	a7	a16
12	2.91805878840296	a7	a14	a33	15
13	2.91808151033981	a7	a14
13	2.91837364952782	a6	a10
13	2.91841692940753	a8	a56
12	2.91884485921812	a8	a56	a50	0
12	2.92856876619101	a6	a10	a34	0
12	2.92863260401358	a7	a14	a35	0
12	2.92888038132489	a7	a15	a35	1
12	2.92892636619708	a7	a17	a35	2
12	2.92902753291589	a7	a16	a35	3
13	2.98381012265045	a7	a14
13	2.98606175839214	a7	a15
13	2.98951116480469	a7	a16
13	2.9901868719266	a7	a17
13	2.99034646648301	a6	a10
12	2.99040056633264	a6	a10	a36	0
12	2.9904654861522	a7	a14	a37	0
12	2.99065537662441	a7	a16	a37	1
12	2.99083715211918	a7	a15	a37	2
12	2.99091667889813	a7	a17	a37	3
13	2.99493034674235	a7	a17
13	2.9956141688417	a7	a15
13	2.99679841455015	a7	a14
13	2.99874114015044	a7	a16
13	2.99887530777753	a6	a10
12	3.00571244677404	a6	a10	a38	0
12	3.00576979261465	a7	a14	a39	0
12	3.00594128913799	a7	a17	a39	1
12	3.00606084980568	a7	a16	a39	2
13	3.01126146835082	a7	a14
12	3.01134748711173	a7	a14	a39	3
13	3.0121027210126	a7	a17
13	3.01245328803822	a7	a16
13	3.01613856979516	a7	a14
13	3.0162359495245	a6	a10
12	3.01631277131098	a6	a10	a40	0
12	3.0163679531576	a7	a14	a41	0
12	3.01676666904939	a7	a16	a41	1
12	3.01678560399676	a7	a17	a41	2
13	3.01856440705267	a7	a14
12	3.0186634097775	a7	a14	a41	3
13	3.02055906850861	a7	a17
13	3.0207522049718	a7	a16
13	3.02211498018403	a7	a14
13	3.02224860681262	a6	a10
12	3.02278203133	a8	a57	a49	0
13	3.03853915353387	a8	a57
12	3.03861164733238	a8	a57	a54	0
12	3.04288174846385	a8	a58	a53	0
13	3.06944477463326	a8	a58
12	3.06949346449793	a8	a58	a52	0
13	3.08367033009405	a8	a58
12	3.08371198697826	a8	a58	a51	0
13	3.09232143704873	a8	a58
13	3.09910826318509	a8	a57
13	3.09923106984375	a8	a56
13	3.0994014843701	a8	a55
12	3.09981588921828	a8	a55	a46	0
12	3.09983915215362	a8	a56	a48	0
13	3.18846119783312	a8	a56
12	3.18877497696099	a6	a10	a20	0
12	3.18885179874746	a7	a14	a21	0
12	3.18903898422719	a7	a17	a21	1
12	3.18944581509643	a7	a16	a21	2
13	3.19037849650409	a7	a17
12	3.19043908833567	a7	a17	a21	3
13	3.20396350974523	a7	a14
13	3.2057033609094	a7	a16
13	3.20589812036807	a7	a17
13	3.20602904200418	a6	a10
12	3.2063509361095	a8	a56	a44	0
12	3.20638069102679	a8	a57	a43	0
12	3.20679888286445	a6	a10	a22	0
12	3.20686109769153	a7	a14	a23	0
12	3.2070423321878	a7	a17	a23	1
12	3.20735178332769	a7	a16	a23	2
13	3.2083942874301	a7	a14
12	3.20846028924666	a7	a14	a23	3
13	3.20903482964975	a7	a17
12	3.20910245446179	a7	a17	a23	4
13	3.20995560909049	a7	a16
13	3.20999564297922	a7	a14
12	3.21006110379727	a7	a16	a23	5
12	3.21008382573412	a7	a14	a23	6
13	3.21061670925299	a7	a17
12	3.21067621908759	a7	a17	a23	7
13	3.21198922243816	a7	a14
12	3.21204602728028	a7	a14	a23	8
13	3.21219317887128	a7	a17
12	3.21226188568031	a7	a17	a23	9
13	3.21257674680517	a7	a16
12	3.2126465356112	a7	a16	a23	10
13	3.21375558252866	a7	a14
12	3.21382699433017	a7	a14	a23	11
13	3.21395142398432	a7	a17
12	3.21403311475727	a7	a17	a23	12
13	3.21494794321455	a7	a16
12	3.215029092989	a7	a16	a23	13
13	3.2155284346011	a7	a14
12	3.21559335442066	a7	a14	a23	14
13	3.21559714141014	a7	a17
12	3.21566530722067	a7	a17	a23	15
13	3.21725746579535	a7	a17
13	3.21735538652318	a7	a14
13	3.21747440619237	a7	a16
13	3.21761398380442	a6	a10
12	3.2179266809353	a6	a10	a24	0
12	3.21798997775937	a7	a14	a25	0
13	3.21805381558193	a7	a14
12	3.21807004553682	a7	a14	a25	1
13	3.21813658835187	a7	a14
12	3.21815768729323	a7	a14	a25	2
13	3.21821827912482	a7	a14
12	3.2182345090797	a7	a14	a25	3
13	3.21829510091129	a7	a14
13	3.21856992814742	a6	a10
12	3.2186618978918	a6	a10	a26	0
12	3.21870680076699	a7	a14	a27	0
13	3.21879768851438	a7	a14
12	3.2188388044001	a7	a14	a27	1
12	3.21886477232792	a7	a15	a27	2
13	3.21893510213244	a7	a14
12	3.21900489093847	a7	a14	a27	3
13	3.2190887457054	a7	a15
13	3.21909902467683	a7	a14
13	3.21932949003626	a6	a10
12	3.2196173012363	a6	a10	a22	0
12	3.21967356507992	a7	a14	a23	0
12	3.21982774965137	a7	a17	a23	1
12	3.21988888248146	a7	a15	a23	2
12	3.21991917839725	a7	a16	a23	3
13	3.2211916068606	a7	a14
12	3.22125760867715	a7	a14	a23	4
13	3.2213982682862	a7	a17
12	3.22146751609373	a7	a17	a23	5
13	3.22170122744414	a7	a15
12	3.2217656062652	a7	a15	a23	6
13	3.22228983380813	a7	a16
12	3.22236557359762	a7	a16	a23	7
13	3.2230888885872	a7	a14
13	3.22309754456314	a7	a17
12	3.22315218541127	a7	a14	a23	8
12	3.22317166135714	a7	a17	a23	9
13	3.22331069797069	a7	a15
12	3.22337507679176	a7	a15	a23	10
13	3.22464750525511	a7	a14
13	3.22469132613331	a7	a17
12	3.22471891705662	a7	a14	a23	11
12	3.22476814791979	a7	a17	a23	12
13	3.22487797061454	a7	a16
12	3.22495262840703	a7	a16	a23	13
13	3.22515387984766	a7	a15
12	3.22523178363113	a7	a15	a23	14
13	3.22620071193805	a7	a14
13	3.22623479484331	a7	a17
12	3.22629268168242	a7	a14	a23	15
13	3.22682340120731	a7	a15
13	3.22730488986904	a7	a16
13	3.22807256673532	a7	a14
13	3.22815263451278	a6	a10
13	3.22831385206468	a8	a57
12	3.22834955796544	a6	a10	a28	0
12	3.22840365781507	a7	a14	a29	0
13	3.22853890743915	a7	a14
12	3.22855459639554	a7	a14	a29	1
13	3.22865684511135	a7	a14
12	3.22868714102714	a7	a16	a29	2
12	3.2286930920106	a7	a17	a29	3
12	3.22871581394745	a7	a14	a29	4
13	3.22881535767077	a7	a14
12	3.2288402436016	a7	a15	a29	5
12	3.22886729352642	a7	a14	a29	6
13	3.22889001546326	a7	a17
12	3.22895223029034	a7	a17	a29	7
13	3.2289576402753	a7	a16
13	3.22898577219711	a7	a14
13	3.22901985510238	a7	a15
12	3.22905880699412	a7	a16	a29	8
13	3.22906205298509	a7	a17
12	3.22909288989938	a7	a14	a29	9
12	3.22911561183623	a7	a15	a29	10
12	3.22916267870541	a7	a17	a29	11
13	3.22922705752647	a7	a15
13	3.2292378774964	a7	a14
12	3.22928656736107	a7	a14	a29	12
13	3.22928927235355	a7	a17
13	3.22929305934302	a7	a16
12	3.22931307628739	a7	a15	a29	13
12	3.22935256917762	a7	a17	a29	14
12	3.22938719308138	a7	a16	a29	15
13	3.22941153801372	a7	a15
13	3.22942560397462	a7	a14
13	3.22948024482275	a7	a17
13	3.2295765425551	a7	a16
13	3.22971990715662	a6	a10
13	3.22974912107542	a8	a56
12	3.2301640669221	a8	a56	a42	0
12	3.2302376427176	a6	a10	a30	0
12	3.23029336556272	a7	a14	a31	0
12	3.23043781216124	a7	a15	a31	1
13	3.23049894499132	a7	a14
12	3.23052004393268	a7	a17	a31	2
12	3.23056602880487	a7	a14	a31	3
12	3.23072075437482	a7	a16	a31	4
13	3.23074726330114	a7	a14
13	3.2307532142846	a7	a17
13	3.230766739247	a7	a15
12	3.23078675619137	a7	a14	a31	5
12	3.23083652805303	a7	a17	a31	6
12	3.2308700699598	a7	a15	a31	7
13	3.23098692563501	a7	a14
13	3.23101235256433	a7	a17
13	3.23104318947862	a7	a15
12	3.23106915740645	a7	a14	a31	8
12	3.23110973229367	a7	a17	a31	9
12	3.23114868418541	a7	a15	a31	10
13	3.23116870112977	a7	a16
12	3.23123903093429	a7	a16	a31	11
13	3.23124173592677	a7	a14
13	3.23129096678994	a7	a17
12	3.23131422972528	a7	a14	a31	12
13	3.23132396769822	a7	a15
12	3.23135155862153	a7	a17	a31	13
12	3.2313991664892	a7	a15	a31	14
13	3.23149059523508	a7	a14
13	3.23152576013734	a7	a17
13	3.23152900612832	a7	a16
12	3.23156038404111	a7	a14	a31	15
13	3.23157823699149	a7	a15
13	3.23174324153287	a7	a14
13	3.23182980129228	a6	a10
13	3.2319877728532	a8	a56
12	3.23202564274795	a8	a56	a45	0
12	3.23204944668178	a6	a10	a32	0
12	3.23209651355096	a7	a14	a33	0
13	3.2321349244442	a7	a14
12	3.23220687724421	a7	a14	a33	1
13	3.2322231071991	a7	a14
12	3.23222635319008	a7	a17	a33	2
12	3.23227179706377	a7	a14	a33	3
13	3.23228910901565	a7	a14
13	3.23229181400814	a7	a17
12	3.23232048692844	a7	a15	a33	4
12	3.23236160281416	a7	a14	a33	5
13	3.23237729177055	a7	a14
13	3.23237783276905	a7	a15
12	3.23241678466079	a7	a16	a33	6
12	3.23242706363222	a7	a17	a33	7
13	3.23244329358711	a7	a17
12	3.23248278647734	a7	a14	a33	8
12	3.23250063942772	a7	a15	a33	9
13	3.23250063942772	a7	a14
13	3.23250821340666	a7	a16
12	3.23251849237809	a7	a17	a33	10
13	3.23253418133449	a7	a17
13	3.23254013231795	a7	a15
12	3.23254121431494	a7	a14	a33	11
13	3.23256934623675	a7	a14
12	3.23261208511796	a7	a17	a33	12
13	3.23262777407435	a7	a17
12	3.23266023398413	a7	a16	a33	13
12	3.23268728390895	a7	a15	a33	14
13	3.23270080887136	a7	a16
13	3.23270513685933	a7	a15
12	3.23271757982474	a7	a14	a33	15
13	3.23283281250446	a7	a14
13	3.23291883126537	a6	a10
13	3.23299024306689	a8	a56
12	3.2335761444384	a8	a56	a50	0
12	3.2435056308399	a6	a10	a34	0
12	3.24360030557675	a7	a14	a35	0
12	3.24399415248208	a7	a15	a35	1
12	3.24412669711368	a7	a17	a35	2
12	3.24420514189564	a7	a16	a35	3
13	3.31069115210114	a7	a14
13	3.31496774521456	a7	a15
13	3.31768842665256	a7	a16
13	3.31785451319093	a7	a17
13	3.31802546871577	a6	a10
12	3.31812988142556	a6	a10	a36	0
12	3.31819101425565	a7	a14	a37	0
12	3.31862056706173	a7	a17	a37	1
12	3.31864058400609	a7	a15	a37	2
12	3.31919186147384	a7	a16	a37	3
13	3.32282087938717	a7	a15
13	3.32333266396469	a7	a16
13	3.32416850664151	a7	a14
13	3.32572550031392	a7	a17
13	3.32585209396206	a6	a10
12	3.33242576669087	a6	a10	a38	0
12	3.3324944734999	a7	a14	a39	0
12	3.33272006987287	a7	a16	a39	1
12	3.33273575882926	a7	a17	a39	2
12	3.33283530255259	a7	a15	a39	3
13	3.33820092563911	a7	a14
13	3.3390843761836	a7	a15
13	3.33915416498963	a7	a17
13	3.34070196168761	a7	a16
13	3.34086263824101	a6	a10
12	3.3409232300726	a6	a10	a40	0
12	3.34096921494479	a7	a14	a41	0
12	3.34109310360045	a7	a17	a41	1
12	3.3411293504997	a7	a15	a41	2
12	3.34169198893587	a7	a16	a41	3
13	3.34297415537216	a7	a14
13	3.34493311092734	a7	a17
13	3.34526636600107	a7	a15
13	3.34598535300269	a7	a16
13	3.34613466858767	a6	a10
12	3.34664428917121	a8	a57	a49	0
13	3.3660315112854	a8	a57
12	3.36611536605233	a8	a57	a54	0
12	3.36997809531607	a8	a58	a53	0
13	3.40998114712961	a8	a58
12	3.41001577103337	a8	a58	a52	0
13	3.42398002422044	a8	a58
12	3.42402114010616	a8	a58	a51	0
13	3.44586611838914	a8	a58
13	3.45256043378263	a8	a57
13	3.45264104255858	a8	a56
13	3.45282011306087	a8	a55
12	3.45334379960531	a8	a55	a46	0
12	3.45337734151208	a8	a56	a48	0
13	3.52006784914918	a8	a56
12	3.52026369060485	a6	a10	a20	0
12	3.52033564340486	a7	a14	a21	0
12	3.52047251602443	a7	a15	a21	1
12	3.52055745278835	a7	a17	a21	2
12	3.52073381829815	a7	a16	a21	3
13	3.5215501850291	a7	a17
13	3.52182825825621	a7	a14
13	3.52223995811191	a7	a15
13	3.52254399926685	a7	a16
13	3.5226678879225	a6	a10
12	3.52289510729096	a8	a56	a44	0
12	3.52291674723081	a8	a57	a43	0
12	3.52326352726695	a6	a10	a22	0
12	3.52338200593765	a7	a14	a23	0
12	3.52341500684592	a7	a17	a23	1
12	3.52366711214521	a7	a16	a23	2
12	3.52374880291815	a7	a15	a23	3
13	3.52485893183261	a7	a14
12	3.52493088463262	a7	a14	a23	4
13	3.52536314243118	a7	a17
12	3.52543725922517	a7	a17	a23	5
13	3.52550163804624	a7	a15
13	3.52552057299361	a7	a16
12	3.52559252579362	a7	a15	a23	6
12	3.52562660869889	a7	a16	a23	7
13	3.52668209676521	a7	a14
12	3.52674972157725	a7	a14	a23	8
13	3.52709758361039	a7	a15
12	3.52716737241641	a7	a15	a23	9
13	3.52723553822695	a7	a16
13	3.52724473520139	a7	a17
12	3.52731506500591	a7	a17	a23	10
12	3.52732642597433	a7	a16	a23	11
13	3.52874221903921	a7	a17
12	3.52881200784523	a7	a17	a23	12
13	3.52900622630541	a7	a14
12	3.52906303114752	a7	a14	a23	13
13	3.52946174703931	a7	a16
12	3.52952666685887	a7	a16	a23	14
13	3.52963757155062	a7	a15
12	3.52970249137018	a7	a15	a23	15
13	3.53058323692219	a7	a17
13	3.53069305961694	a7	a14
13	3.53108528352678	a7	a16
13	3.53177884359906	a7	a15
13	3.53194330714194	a6	a10
12	3.53212345964122	a6	a10	a24	0
12	3.53219811743371	a7	a14	a25	0
13	3.53224788929537	a7	a14
12	3.53226411925026	a7	a14	a25	1
13	3.53231605510591	a7	a14
12	3.5323317440623	a7	a14	a25	2
13	3.53239233589389	a7	a14
12	3.53240856584878	a7	a14	a25	3
13	3.53245887870894	a7	a14
13	3.5326411952022	a6	a10
12	3.53267149111799	a6	a10	a26	0
12	3.53278293680824	a7	a14	a27	0
13	3.53288085753607	a7	a14
12	3.53290195647743	a7	a14	a27	1
13	3.53298959823383	a7	a14
12	3.53300528719022	a7	a14	a27	2
13	3.53309833893159	a7	a14
12	3.53315297977972	a7	a14	a27	3
13	3.53324008053763	a7	a14
13	3.53344133197826	a6	a10
12	3.53370317525048	a6	a10	a22	0
12	3.53378378402643	a7	a14	a23	0
12	3.53389955770464	a7	a16	a23	1
12	3.53422686179492	a7	a15	a23	2
12	3.53426419069116	a7	a17	a23	3
13	3.53521743004168	a7	a14
12	3.53529100583718	a7	a14	a23	4
13	3.5355674560688	a7	a16
12	3.53563508088084	a7	a16	a23	5
13	3.53583362732899	a7	a17
12	3.53589854714855	a7	a17	a23	6
13	3.53633729692907	a7	a15
12	3.53640275774713	a7	a15	a23	7
13	3.5367452097953	a7	a14
12	3.53681445760283	a7	a14	a23	8
13	3.53711038378031	a7	a16
12	3.53718071358484	a7	a16	a23	9
13	3.53765895625559	a7	a17
12	3.53771954808717	a7	a17	a23	10
13	3.53824269363312	a7	a14
12	3.53831140044215	a7	a14	a23	11
13	3.53865006550085	a7	a15
13	3.53867982041815	a7	a16
12	3.5387447402377	a7	a15	a23	12
12	3.53876638017756	a7	a16	a23	13
13	3.5391715880513	a7	a17
12	3.53923813086635	a7	a17	a23	14
13	3.53983701620178	a7	a14
12	3.53989977202735	a7	a14	a23	15
13	3.54022383012665	a7	a16
13	3.54095634209067	a7	a17
13	3.54096553906511	a7	a15
13	3.54145406070728	a7	a14
13	3.5415406204667	a6	a10
13	3.54161095027122	a8	a57
12	3.54165531214792	a6	a10	a28	0
12	3.54170724800356	a7	a14	a29	0
13	3.54182085768779	a7	a14
12	3.54186089157652	a7	a14	a29	1
12	3.54188469551036	a7	a15	a29	2
13	3.54197937024721	a7	a14
12	3.54204807705625	a7	a14	a29	3
13	3.54211461987129	a7	a15
13	3.54215032577205	a7	a14
12	3.5421725067104	a7	a16	a29	4
12	3.54218062168784	a7	a17	a29	5
12	3.54222065557657	a7	a14	a29	6
12	3.5422455415074	a7	a15	a29	7
13	3.54232777327884	a7	a14
13	3.54234562622922	a7	a17
12	3.54240513606382	a7	a17	a29	8
13	3.54241000505028	a7	a15
12	3.54242569400668	a7	a14	a29	9
13	3.54244408795555	a7	a16
13	3.54249926980218	a7	a17
12	3.54251387676158	a7	a15	a29	10
13	3.54252253273752	a7	a14
12	3.54255391065031	a7	a16	a29	11
12	3.54258637056009	a7	a17	a29	12
12	3.54261558447889	a7	a14	a29	13
13	3.54265615936611	a7	a16
13	3.54267509431348	a7	a15
13	3.54269889824732	a7	a17
13	3.54273568614507	a7	a14
12	3.54276652305936	a7	a16	a29	14
12	3.54279681897516	a7	a15	a29	15
13	3.54294397056615	a7	a16
13	3.54297643047593	a7	a15
13	3.54312953305039	a6	a10
13	3.54316523895115	a8	a56
12	3.54345737813916	a8	a56	a42	0
12	3.54351472397977	a6	a10	a30	0
12	3.5435699058264	a7	a14	a31	0
12	3.54366999054822	a7	a16	a31	1
12	3.54372409039785	a7	a17	a31	2
13	3.54375709130613	a7	a14
12	3.54382201112569	a7	a14	a31	3
13	3.54398701566706	a7	a17
13	3.54400054062947	a7	a14
13	3.54401622958587	a7	a16
12	3.54404382050918	a7	a14	a31	4
12	3.54406816544151	a7	a17	a31	5
12	3.54411577330919	a7	a16	a31	6
13	3.5442461539468	a7	a14
13	3.5442466949453	a7	a17
13	3.54429971279794	a7	a16
12	3.54431918874381	a7	a17	a31	7
12	3.54433812369118	a7	a14	a31	8
12	3.54438897754983	a7	a16	a31	9
13	3.54448798027466	a7	a17
12	3.54450637422353	a7	a15	a31	10
13	3.54451016121301	a7	a14
12	3.54456209706865	a7	a17	a31	11
13	3.54457345803708	a7	a16
12	3.54459834396791	a7	a14	a31	12
12	3.54465027982355	a7	a16	a31	13
13	3.544732511595	a7	a17
13	3.54479148043109	a7	a14
13	3.54483638330629	a7	a16
12	3.54485044926719	a7	a14	a31	14
13	3.54485477725516	a7	a15
12	3.54494620600104	a7	a16	a31	15
13	3.54502843777248	a7	a14
13	3.54513609647325	a7	a16
13	3.54526269012139	a6	a10
13	3.54540118573645	a8	a56
12	3.54542931765826	a8	a56	a45	0
12	3.54544230162217	a6	a10	a32	0
12	3.54548882749285	a7	a14	a33	0
13	3.54552994337857	a7	a14
12	3.54554563233497	a7	a14	a33	1
13	3.54556835427181	a7	a14
12	3.54563435608836	a7	a14	a33	2
13	3.54565166804025	a7	a14
12	3.54568466894852	a7	a14	a33	3
12	3.54569927590792	a7	a17	a33	4
13	3.5457025218989	a7	a14
12	3.54574363778462	a7	a14	a33	5
13	3.54575391675605	a7	a17
13	3.54576040873801	a7	a14
12	3.54576852371545	a7	a15	a33	6
12	3.5458210005696	a7	a14	a33	7
13	3.54583668952599	a7	a15
13	3.54583831252148	a7	a14
12	3.54585724746885	a7	a17	a33	8
12	3.54587510041923	a7	a16	a33	9
13	3.54587618241622	a7	a17
12	3.54588970737863	a7	a14	a33	10
13	3.54590647833201	a7	a14
12	3.54596003718315	a7	a15	a33	11
13	3.5459676111621	a7	a16
12	3.54598384111699	a7	a14	a33	12
12	3.54599466108691	a7	a17	a33	13
13	3.54600872704782	a7	a15
13	3.5460119730388	a7	a17
13	3.54603523597414	a7	a14
12	3.54604551494557	a7	a16	a33	14
13	3.54607310586888	a7	a16
12	3.54608122084633	a7	a17	a33	15
13	3.54609853279821	a7	a17
13	3.5575725699067	a6	a10
13	3.55797453178947	a8	a56
12	3.55935407795509	a8	a56	a50	0
12	3.56964495135213	a6	a10	a34	0
12	3.56978561096117	a7	a14	a35	0
12	3.56986621973712	a7	a17	a35	1
12	3.57020867178529	a7	a15	a35	2
12	3.57024816467553	a7	a16	a35	3
13	3.62529476167629	a7	a14
13	3.62949886099121	a7	a15
13	3.62964979957168	a7	a17
13	3.63019945404395	a7	a16
13	3.63032767068757	a6	a10
12	3.63042937840488	a6	a10	a36	0
12	3.63049592121993	a7	a14	a37	0
12	3.63064307281093	a7	a17	a37	1
12	3.63086380019743	a7	a16	a37	2
12	3.63093413000195	a7	a15	a37	3
13	3.63431374760847	a7	a15
13	3.63609796064934	a7	a14
13	3.63642310074563	a7	a16
13	3.63696896822842	a7	a17
13	3.63712369379837	a6	a10
12	3.64368654655725	a6	a10	a38	0
12	3.6437530893723	a7	a14	a39	0
12	3.64399329270467	a7	a15	a39	1
12	3.64401980163099	a7	a16	a39	2
12	3.64405226154077	a7	a17	a39	3
13	3.64956233122581	a7	a14
13	3.6504019608921	a7	a15
13	3.6505923923628	a7	a16
13	3.65077849584554	a7	a17
13	3.65090617149067	a6	a10
12	3.65097163230872	a6	a10	a40	0
12	3.65105602807415	a7	a14	a41	0
12	3.65123618057343	a7	a16	a41	1
12	3.65143039903361	a7	a17	a41	2
12	3.65156618965618	a7	a15	a41	3
13	3.65303554157219	a7	a14
13	3.65537968805676	a7	a16
13	3.65553170863422	a7	a15
13	3.6557118611335	a7	a17
13	3.65584656975908	a6	a10
12	3.6564021752148	a8	a57	a49	0
13	3.67566983666131	a8	a57
12	3.67575910141321	a8	a57	a54	0
12	3.67947197409346	a8	a58	a53	0
13	3.70559300449138	a8	a58
12	3.70563574337259	a8	a58	a52	0
13	3.7192402325596	a8	a58
12	3.71929270941374	a8	a58	a51	0
13	3.72764680819395	a8	a58
13	3.73430920467615	a8	a57
13	3.73449747215287	a8	a56
13	3.73466464068823	a8	a55
12	3.73477554537998	a8	a55	a50	0
12	3.75380083950014	a6	a10	a34	0
12	3.75386900531067	a7	a14	a35	0
12	3.75411137263702	a7	a15	a35	1
12	3.75416439048966	a7	a16	a35	2
12	3.75419901439343	a7	a17	a35	3
13	3.80686792300286	a7	a14
13	3.81048287495528	a7	a15
13	3.81343348075422	a7	a17
13	3.81358117334372	a7	a16
13	3.81397015126257	a6	a10
12	3.81404264506108	a6	a10	a36	0
12	3.81408808893477	a7	a14	a37	0
12	3.81454415066717	a7	a15	a37	1
12	3.81461664446568	a7	a16	a37	2
12	3.81462530044162	a7	a17	a37	3
13	3.81823862939855	a7	a17
13	3.81903660218063	a7	a16
13	3.81948400793709	a7	a14
13	3.82100313171476	a7	a15
13	3.82115028330576	a6	a10
12	3.82772341503607	a6	a10	a38	0
12	3.82777480989322	a7	a14	a39	0
12	3.82788300959249	a7	a16	a39	1
12	3.8279246664767	a7	a17	a39	2
12	3.82826928251886	a7	a15	a39	3
13	3.83118959240201	a7	a14
13	3.83375663026705	a7	a17
13	3.8339562587122	a7	a15
13	3.83400819456784	a7	a16
13	3.83420782301299	a6	a10
12	3.83426625085059	a6	a10	a40	0
12	3.83431331771977	a7	a14	a41	0
12	3.83442259941603	a7	a17	a41	1
12	3.83463412982809	a7	a15	a41	2
12	3.83471365660705	a7	a16	a41	3
13	3.83641563787648	a7	a14
13	3.83894642884227	a7	a16
13	3.83905625153702	a7	a15
13	3.83912441734756	a7	a17
13	3.83933702975661	a6	a10
12	3.83983637136872	a8	a56	a49	0
13	3.8591965435581	a8	a56
12	3.85927877532954	a8	a56	a54	0
12	3.86271736177216	a8	a57	a53	0
13	3.88850621909334	a8	a57
12	3.88855166296703	a8	a57	a52	0
13	3.90207500237959	a8	a57
12	3.90212531523975	a8	a57	a51	0
13	3.91048211901243	a8	a57
13	3.9171504664781	a8	a56
13	3.91723215725104	a8	a55
