%EventDef PajeDefineContainerType 0 
%       Alias string 
%       Type string 
%       Name string 
%EndEventDef 
%EventDef PajeDefineVariableType 1 
%       Alias string 
%       Type string 
%       Name string 
%       Color color 
%EndEventDef 
%EventDef PajeDefineStateType 2 
%       Alias string 
%       Type string 
%       Name string 
%EndEventDef 
%EventDef PajeDefineEventType 3 
%       Alias string 
%       Type string 
%       Name string 
%       Color color 
%EndEventDef 
%EventDef PajeDefineLinkType 4 
%       Alias string 
%       Type string 
%       StartContainerType string 
%       EndContainerType string 
%       Name string 
%EndEventDef 
%EventDef PajeDefineEntityValue 5 
%       Alias string 
%       Type string 
%       Name string 
%       Color color 
%EndEventDef 
%EventDef PajeCreateContainer 6 
%       Time date 
%       Alias string 
%       Type string 
%       Container string 
%       Name string 
%EndEventDef 
%EventDef PajeDestroyContainer 7 
%       Time date 
%       Type string 
%       Name string 
%EndEventDef 
%EventDef PajeSetVariable 8 
%       Time date 
%       Type string 
%       Container string 
%       Value double 
%EndEventDef
%EventDef PajeAddVariable 9 
%       Time date 
%       Type string 
%       Container string 
%       Value double 
%EndEventDef
%EventDef PajeSubVariable 10 
%       Time date 
%       Type string 
%       Container string 
%       Value double 
%EndEventDef
%EventDef PajeSetState 11 
%       Time date 
%       Type string 
%       Container string 
%       Value string 
%EndEventDef
%EventDef PajePushState 12 
%       Time date 
%       Type string 
%       Container string 
%       Value string 
%       Id string 
%EndEventDef
%EventDef PajePopState 13 
%       Time date 
%       Type string 
%       Container string 
%EndEventDef
%EventDef PajeResetState 14 
%       Time date 
%       Type string 
%       Container string 
%EndEventDef
%EventDef PajeStartLink 15 
%       Time date 
%       Type string 
%       Container string 
%       Value string 
%       StartContainer string 
%       Key string 
%EndEventDef
%EventDef PajeEndLink 16 
%       Time date 
%       Type string 
%       Container string 
%       Value string 
%       EndContainer string 
%       Key string 
%EndEventDef
%EventDef PajeNewEvent 17 
%       Time date 
%       Type string 
%       Container string 
%       Value string 
%EndEventDef
0	a1	0	"Task Manager"
0	a2	a1	"Node"
0	a3	a1	"Thread"
0	a4	a1	"Jobs"
0	a5	a1	"Memory usage"
2	a6	a4	"Job"
2	a7	a3	"Task"
2	a8	a3	"Timer state"
6	0	a9	a1	0	"The task manager"
6	0	a10	a4	a9	"Jobs"
6	0	a11	a5	a9	"Memory"
1	a12	a1	"Memory [MB]"	"1.0 1.0 1.0"
6	0	a13	a2	a9	"Node 0"
6	0	a14	a3	a13	"Thread 0"
6	0	a15	a3	a13	"Thread 1"
6	0	a16	a3	a13	"Thread 2"
6	0	a17	a3	a13	"Thread 3"
5	a18	a6	"ngcore::ParallelFor<int,ngcore::EnterTaskManager()::{lambda(int)#1}>(ngcore::T_Range<int>,ngcore::EnterTaskManager()::{lambda(int)#1},int,ngcore::TotalCosts)::{lambda(ngcore::TaskInfo&)#1}"	"0.630615054310908 1 0"
5	a19	a7	"ngcore::ParallelFor<int,ngcore::EnterTaskManager()::{lambda(int)#1}>(ngcore::T_Range<int>,ngcore::EnterTaskManager()::{lambda(int)#1},int,ngcore::TotalCosts)::{lambda(ngcore::TaskInfo&)#1}"	"0.630615054310908 1 0"
5	a20	a6	"ngcore::ParallelForRange<netgen::ElementIndex,netgen::MeshOptimize3d::SwapImprove(netgen::Mesh&,netgen::OPTIMIZEGOAL,netgen::NgBitArray const*)::{lambda(auto:1)#1}>(ngcore::T_Range<netgen::ElementIndex>,netgen::MeshOptimize3d::SwapImprove(netgen::Mesh&,netgen::OPTIMIZEGOAL,netgen::NgBitArray const*)::{lambda(auto:1)#1},int,ngcore::TotalCosts)::{lambda(ngcore::TaskInfo&)#1}"	"0.708022642579866 0 1"
5	a21	a7	"ngcore::ParallelForRange<netgen::ElementIndex,netgen::MeshOptimize3d::SwapImprove(netgen::Mesh&,netgen::OPTIMIZEGOAL,netgen::NgBitArray const*)::{lambda(auto:1)#1}>(ngcore::T_Range<netgen::ElementIndex>,netgen::MeshOptimize3d::SwapImprove(netgen::Mesh&,netgen::OPTIMIZEGOAL,netgen::NgBitArray const*)::{lambda(auto:1)#1},int,ngcore::TotalCosts)::{lambda(ngcore::TaskInfo&)#1}"	"0.708022642579866 0 1"
5	a22	a6	"ngcore::ParallelForRange<netgen::ElementIndex,ngcore::CreateTable<netgen::ElementIndex,netgen::PointIndex,ngcore::T_Range<netgen::ElementIndex>,netgen::Mesh::CreatePoint2ElementTable(std::optional<ngcore::BitArray>)const::{lambda(auto:1&,netgen::ElementIndex)#1}>(ngcore::T_Range<netgen::ElementIndex>const&,netgen::Mesh::CreatePoint2ElementTable(std::optional<ngcore::BitArray>)const::{lambda(auto:1&,netgen::ElementIndex)#1}const&,std::optional<unsigned long>)::{lambda(auto:1)#1}>(ngcore::T_Range<netgen::ElementIndex>,ngcore::Table,int,ngcore::TotalCosts)::{lambda(ngcore::TaskInfo&)#1}"	"0 0.230008221284954 1"
5	a23	a7	"ngcore::ParallelForRange<netgen::ElementIndex,ngcore::CreateTable<netgen::ElementIndex,netgen::PointIndex,ngcore::T_Range<netgen::ElementIndex>,netgen::Mesh::CreatePoint2ElementTable(std::optional<ngcore::BitArray>)const::{lambda(auto:1&,netgen::ElementIndex)#1}>(ngcore::T_Range<netgen::ElementIndex>const&,netgen::Mesh::CreatePoint2ElementTable(std::optional<ngcore::BitArray>)const::{lambda(auto:1&,netgen::ElementIndex)#1}const&,std::optional<unsigned long>)::{lambda(auto:1)#1}>(ngcore::T_Range<netgen::ElementIndex>,ngcore::Table,int,ngcore::TotalCosts)::{lambda(ngcore::TaskInfo&)#1}"	"0 0.230008221284954 1"
5	a24	a6	"ngcore::TablePrefixSum2<unsigned int>(ngcore::FlatArray<unsigned int,unsigned long>)::{lambda(ngcore::TaskInfo)#1}"	"0 0.312895337658212 1"
5	a25	a7	"ngcore::TablePrefixSum2<unsigned int>(ngcore::FlatArray<unsigned int,unsigned long>)::{lambda(ngcore::TaskInfo)#1}"	"0 0.312895337658212 1"
5	a26	a6	"ngcore::TablePrefixSum2<unsigned int>(ngcore::FlatArray<unsigned int,unsigned long>)::{lambda(ngcore::TaskInfo)#2}"	"0 1 0.887517304832004"
5	a27	a7	"ngcore::TablePrefixSum2<unsigned int>(ngcore::FlatArray<unsigned int,unsigned long>)::{lambda(ngcore::TaskInfo)#2}"	"0 1 0.887517304832004"
5	a28	a6	"ngcore::ParallelForRange<netgen::PointIndex,ngcore::CreateSortedTable<netgen::ElementIndex,netgen::PointIndex,ngcore::T_Range<netgen::ElementIndex>,netgen::Mesh::CreatePoint2ElementTable(std::optional<ngcore::BitArray>)const::{lambda(auto:1&,netgen::ElementIndex)#1}>(ngcore::T_Range<netgen::ElementIndex>const&,netgen::Mesh::CreatePoint2ElementTable(std::optional<ngcore::BitArray>)const::{lambda(auto:1&,netgen::ElementIndex)#1}const&,std::optional<unsigned long>)::{lambda(auto:1)#1}>(ngcore::T_Range<netgen::PointIndex>,ngcore::Table,int,ngcore::TotalCosts)::{lambda(ngcore::TaskInfo&)#1}"	"0 0.170427812303051 1"
5	a29	a7	"ngcore::ParallelForRange<netgen::PointIndex,ngcore::CreateSortedTable<netgen::ElementIndex,netgen::PointIndex,ngcore::T_Range<netgen::ElementIndex>,netgen::Mesh::CreatePoint2ElementTable(std::optional<ngcore::BitArray>)const::{lambda(auto:1&,netgen::ElementIndex)#1}>(ngcore::T_Range<netgen::ElementIndex>const&,netgen::Mesh::CreatePoint2ElementTable(std::optional<ngcore::BitArray>)const::{lambda(auto:1&,netgen::ElementIndex)#1}const&,std::optional<unsigned long>)::{lambda(auto:1)#1}>(ngcore::T_Range<netgen::PointIndex>,ngcore::Table,int,ngcore::TotalCosts)::{lambda(ngcore::TaskInfo&)#1}"	"0 0.170427812303051 1"
5	a30	a6	"ngcore::ParallelFor<unsigned long,netgen::BuildEdgeList<netgen::ElementIndex>(netgen::Mesh const&,ngcore::Table<netgen::ElementIndex,netgen::PointIndex>const&,ngcore::Array<std::tuple<netgen::PointIndex,netgen::PointIndex>,unsigned long>&)::{lambda(int)#1}>(ngcore::T_Range<unsigned long>,netgen::BuildEdgeList<netgen::ElementIndex>(netgen::Mesh const&,ngcore::Table<netgen::ElementIndex,netgen::PointIndex>const&,ngcore::Array<std::tuple<netgen::PointIndex,netgen::PointIndex>,unsigned long>&)::{lambda(int)#1},int,ngcore::TotalCosts)::{lambda(ngcore::TaskInfo&)#1}"	"1 0.872005992306398 0"
5	a31	a7	"ngcore::ParallelFor<unsigned long,netgen::BuildEdgeList<netgen::ElementIndex>(netgen::Mesh const&,ngcore::Table<netgen::ElementIndex,netgen::PointIndex>const&,ngcore::Array<std::tuple<netgen::PointIndex,netgen::PointIndex>,unsigned long>&)::{lambda(int)#1}>(ngcore::T_Range<unsigned long>,netgen::BuildEdgeList<netgen::ElementIndex>(netgen::Mesh const&,ngcore::Table<netgen::ElementIndex,netgen::PointIndex>const&,ngcore::Array<std::tuple<netgen::PointIndex,netgen::PointIndex>,unsigned long>&)::{lambda(int)#1},int,ngcore::TotalCosts)::{lambda(ngcore::TaskInfo&)#1}"	"1 0.872005992306398 0"
5	a32	a6	"ngcore::ParallelForRange<unsigned long,netgen::MeshOptimize3d::SwapImprove(netgen::Mesh&,netgen::OPTIMIZEGOAL,netgen::NgBitArray const*)::{lambda(auto:1)#2}>(ngcore::T_Range<unsigned long>,netgen::MeshOptimize3d::SwapImprove(netgen::Mesh&,netgen::OPTIMIZEGOAL,netgen::NgBitArray const*)::{lambda(auto:1)#2},int,ngcore::TotalCosts)::{lambda(ngcore::TaskInfo&)#1}"	"1 0.408375991137786 0"
5	a33	a7	"ngcore::ParallelForRange<unsigned long,netgen::MeshOptimize3d::SwapImprove(netgen::Mesh&,netgen::OPTIMIZEGOAL,netgen::NgBitArray const*)::{lambda(auto:1)#2}>(ngcore::T_Range<unsigned long>,netgen::MeshOptimize3d::SwapImprove(netgen::Mesh&,netgen::OPTIMIZEGOAL,netgen::NgBitArray const*)::{lambda(auto:1)#2},int,ngcore::TotalCosts)::{lambda(ngcore::TaskInfo&)#1}"	"1 0.408375991137786 0"
5	a34	a6	"ngcore::ParallelForRange<netgen::ElementIndex,netgen::Mesh::Compress()::{lambda(auto:1)#1}>(ngcore::T_Range<netgen::ElementIndex>,netgen::Mesh::Compress()::{lambda(auto:1)#1},int,ngcore::TotalCosts)::{lambda(ngcore::TaskInfo&)#1}"	"1 0.0611641584106637 0"
5	a35	a7	"ngcore::ParallelForRange<netgen::ElementIndex,netgen::Mesh::Compress()::{lambda(auto:1)#1}>(ngcore::T_Range<netgen::ElementIndex>,netgen::Mesh::Compress()::{lambda(auto:1)#1},int,ngcore::TotalCosts)::{lambda(ngcore::TaskInfo&)#1}"	"1 0.0611641584106637 0"
5	a36	a6	"ngcore::ParallelForRange<netgen::SurfaceElementIndex,netgen::Mesh::Compress()::{lambda(auto:1)#2}>(ngcore::T_Range<netgen::SurfaceElementIndex>,netgen::Mesh::Compress()::{lambda(auto:1)#2},int,ngcore::TotalCosts)::{lambda(ngcore::TaskInfo&)#1}"	"1 0 -2.77631980257023"
5	a37	a7	"ngcore::ParallelForRange<netgen::SurfaceElementIndex,netgen::Mesh::Compress()::{lambda(auto:1)#2}>(ngcore::T_Range<netgen::SurfaceElementIndex>,netgen::Mesh::Compress()::{lambda(auto:1)#2},int,ngcore::TotalCosts)::{lambda(ngcore::TaskInfo&)#1}"	"1 0 -2.77631980257023"
5	a38	a6	"ngcore::ParallelForRange<netgen::ElementIndex,netgen::Mesh::Compress()::{lambda(auto:1)#3}>(ngcore::T_Range<netgen::ElementIndex>,netgen::Mesh::Compress()::{lambda(auto:1)#3},int,ngcore::TotalCosts)::{lambda(ngcore::TaskInfo&)#1}"	"0.688034037288286 1 0"
5	a39	a7	"ngcore::ParallelForRange<netgen::ElementIndex,netgen::Mesh::Compress()::{lambda(auto:1)#3}>(ngcore::T_Range<netgen::ElementIndex>,netgen::Mesh::Compress()::{lambda(auto:1)#3},int,ngcore::TotalCosts)::{lambda(ngcore::TaskInfo&)#1}"	"0.688034037288286 1 0"
5	a40	a6	"ngcore::ParallelForRange<netgen::SurfaceElementIndex,netgen::Mesh::Compress()::{lambda(auto:1)#4}>(ngcore::T_Range<netgen::SurfaceElementIndex>,netgen::Mesh::Compress()::{lambda(auto:1)#4},int,ngcore::TotalCosts)::{lambda(ngcore::TaskInfo&)#1}"	"0 0.666479625428673 1"
5	a41	a7	"ngcore::ParallelForRange<netgen::SurfaceElementIndex,netgen::Mesh::Compress()::{lambda(auto:1)#4}>(ngcore::T_Range<netgen::SurfaceElementIndex>,netgen::Mesh::Compress()::{lambda(auto:1)#4},int,ngcore::TotalCosts)::{lambda(ngcore::TaskInfo&)#1}"	"0 0.666479625428673 1"
5	a42	a8	"Build edges"	"0 0.0614795051658243 1"
5	a43	a8	"CreateTable"	"0.608616351291681 0 1"
5	a44	a8	"CreateSortedTable"	"0 0.0381698166109086 1"
5	a45	a8	"MeshOptimize3d::SwapImprove loop"	"0.154668690207104 1 0"
5	a46	a8	"MeshOptimize3d::SwapImprove"	"1 0 -2.43968480148811"
5	a47	a8	"FreeOpenElementsEnvironment"	"0.907015785320433 0 1"
5	a48	a8	"Mesh::BuildBoundaryEdges"	"1 0 -2.61861416630415"
5	a49	a8	"Mesh::LinkSurfaceElements"	"0 1 0.171518596860468"
5	a50	a8	"Mesh::Compress"	"1 0.648677515017027 0"
5	a51	a8	"Mesh::CalcSurfacesOfNode, pointloop"	"0 0.319536079261344 1"
5	a52	a8	"Mesh::CalcSurfacesOfNode - surfelementht"	"0.690162641156969 0 1"
5	a53	a8	"Mesh::CalcSurfacesOfNode - surf on node"	"0.000515674241007069 1 0"
5	a54	a8	"Mesh::CalcSurfacesOfNode"	"1 0 -2.35340285344361"
6	0	a55	a3	a9	"Timer level 0"
6	0	a56	a3	a9	"Timer level 1"
6	0	a57	a3	a9	"Timer level 2"
6	0	a58	a3	a9	"Timer level 3"
4	a59	a2	a3	a3	"links"
8	0	a12	a11	0
12	0.240818718156534	a6	a10	a18	0
12	0.24121202406336	a7	a14	a19	0
13	0.2413386177115	a7	a14
12	0.241355929663382	a7	a14	a19	1
13	0.24136945462579	a7	a14
12	0.241386225579176	a7	a14	a19	2
13	0.241392176562636	a7	a14
12	0.241411111510007	a7	a14	a19	3
13	0.24141652149497	a7	a14
13	0.241954274000314	a6	a10
12	0.249317263535257	a8	a55	a47	0
13	0.28404341601567	a8	a55
12	0.284698565194716	a8	a55	a46	0
12	0.28491117760377	a8	a56	a48	0
13	0.284977720418818	a8	a56
12	0.287452247540995	a6	a10	a20	0
12	0.287515003366568	a7	a14	a21	0
12	0.288030304434315	a7	a15	a21	2
12	0.2881206511832	a7	a17	a21	1
13	0.288151758596739	a7	a14
12	0.288202882954641	a7	a16	a21	3
13	0.290677410076818	a7	a15
13	0.290688771045241	a7	a17
13	0.29086243156256	a7	a16
13	0.291060166512966	a6	a10
12	0.292040996786798	a8	a56	a44	0
12	0.292182738392834	a8	a57	a43	0
12	0.292525190441006	a6	a10	a22	0
12	0.292580913286127	a7	a14	a23	0
12	0.292832748086165	a7	a16	a23	1
12	0.293048606486197	a7	a17	a23	2
12	0.293072951418532	a7	a15	a23	3
13	0.293561743559959	a7	a14
12	0.293603941442672	a7	a14	a23	4
13	0.293927729042721	a7	a17
12	0.294002927833709	a7	a17	a23	5
13	0.294062437668305	a7	a15
13	0.29408083161718	a7	a16
12	0.294125734492375	a7	a15	a23	6
12	0.294161440393132	a7	a16	a23	7
13	0.2943499783691	a7	a14
12	0.294394881244295	a7	a14	a23	8
13	0.294602895166131	a7	a17
12	0.294664027996215	a7	a17	a23	9
13	0.294857164459402	a7	a15
12	0.294920461283472	a7	a15	a23	10
13	0.294926953265427	a7	a16
12	0.295007021042883	a7	a16	a23	11
13	0.295298348733152	a7	a14
12	0.295341628612858	a7	a14	a23	12
13	0.295384096994819	a7	a17
12	0.295440360838437	a7	a17	a23	13
13	0.295485804712128	a7	a15
12	0.295572905470036	a7	a15	a23	14
13	0.2958282567603	a7	a16
12	0.295909947533245	a7	a16	a23	15
13	0.296108223482146	a7	a14
13	0.296180987779902	a7	a17
13	0.296248071593446	a7	a15
13	0.296684116381481	a7	a16
13	0.296832620468722	a6	a10
12	0.298074753016277	a6	a10	a24	0
12	0.298134262850872	a7	a14	a25	0
13	0.298224609599758	a7	a14
12	0.29824192155164	a7	a14	a25	1
13	0.298292775410295	a7	a14
12	0.29831116935917	a7	a14	a25	2
13	0.298357695229853	a7	a14
12	0.298374466183239	a7	a14	a25	3
13	0.298416664065952	a7	a14
13	0.298763444102095	a6	a10
12	0.298967400535208	a6	a10	a26	0
12	0.29901717239687	a7	a14	a27	0
13	0.299112929130719	a7	a14
12	0.299139979055535	a7	a14	a27	1
12	0.299182447437496	a7	a15	a27	2
13	0.299214095849531	a7	a14
12	0.299269277696156	a7	a14	a27	3
13	0.299347181479626	a7	a14
13	0.299555195401462	a7	a15
13	0.299713978460133	a6	a10
12	0.300193303127874	a6	a10	a22	0
12	0.300252812962469	a7	a14	a23	0
12	0.300430530968511	a7	a17	a23	1
12	0.300497073783559	a7	a16	a23	2
12	0.300754048069312	a7	a15	a23	3
13	0.30103076880018	a7	a14
12	0.30107783566936	a7	a14	a23	4
13	0.301216601783667	a7	a17
12	0.301279898607737	a7	a17	a23	5
13	0.301391885296475	a7	a16
13	0.301417853224299	a7	a15
12	0.301457887113027	a7	a16	a23	6
12	0.301487101031828	a7	a15	a23	7
13	0.301817110114584	a7	a17
12	0.30189717789204	a7	a17	a23	8
13	0.301905022370237	a7	a14
12	0.301943433263476	a7	a14	a23	9
13	0.302168218138697	a7	a15
12	0.302228268971789	a7	a15	a23	10
13	0.302245039925175	a7	a16
12	0.302327812695112	a7	a16	a23	11
13	0.30254150710116	a7	a17
12	0.302617246890645	a7	a17	a23	12
13	0.302727881083142	a7	a14
13	0.302753037513221	a7	a15
12	0.302776570947811	a7	a14	a23	13
12	0.302825531311729	a7	a15	a23	14
13	0.303070062632066	a7	a16
12	0.303151212406514	a7	a16	a23	15
13	0.303200984268176	a7	a17
13	0.303339479883235	a7	a15
13	0.303569133744923	a7	a14
13	0.303904823311891	a7	a16
13	0.304045212421687	a6	a10
13	0.30426972679766	a8	a57
12	0.304318416662329	a6	a10	a28	0
12	0.304375762502939	a7	a14	a29	0
12	0.304464756755584	a7	a17	a29	1
13	0.304566734972141	a7	a14
12	0.304658704716516	a7	a14	a29	2
13	0.304721460542089	a7	a14
12	0.304731469014271	a7	a16	a29	3
13	0.304752026957131	a7	a17
12	0.304753108954124	a7	a15	a29	4
12	0.304784216367662	a7	a14	a29	5
13	0.30484480819925	a7	a14
12	0.304845619696995	a7	a17	a29	6
12	0.304909728018809	a7	a14	a29	7
13	0.304938671438362	a7	a17
13	0.304978975826338	a7	a14
13	0.304987361303031	a7	a16
13	0.304990066295513	a7	a15
12	0.304997640274461	a7	a17	a29	8
12	0.305024419700029	a7	a14	a29	9
13	0.305044707143641	a7	a17
12	0.305071216069961	a7	a16	a29	10
12	0.305086905026355	a7	a15	a29	11
13	0.305123963423353	a7	a14
12	0.305145873862454	a7	a17	a29	12
13	0.305151283847417	a7	a16
12	0.305172112289525	a7	a14	a29	13
13	0.305181038764715	a7	a15
13	0.305207547691034	a7	a17
12	0.305216203666976	a7	a16	a29	14
13	0.305222425149683	a7	a14
12	0.3052640820339	a7	a14	a29	15
13	0.305289238463979	a7	a16
13	0.305349018797823	a7	a14
13	0.305485891417392	a6	a10
13	0.305531876289579	a8	a56
12	0.306794566779995	a8	a56	a42	0
12	0.307471355898894	a6	a10	a30	0
12	0.307531406731986	a7	a14	a31	0
12	0.307668549850803	a7	a16	a31	1
12	0.308009378903486	a7	a15	a31	2
13	0.308022633366646	a7	a14
12	0.308071323231315	a7	a14	a31	3
12	0.308092151673423	a7	a17	a31	4
13	0.308140841538092	a7	a16
12	0.308205761357651	a7	a16	a31	5
13	0.308216310828329	a7	a14
12	0.30826175470202	a7	a14	a31	6
13	0.308315043053908	a7	a15
13	0.308343174975717	a7	a17
13	0.308368601905044	a7	a16
13	0.308376987381737	a7	a14
12	0.308386995853919	a7	a15	a31	7
12	0.30842648874415	a7	a17	a31	8
12	0.308464629138141	a7	a14	a31	9
12	0.308500605538146	a7	a16	a31	10
13	0.308535229441911	a7	a15
13	0.308574181333646	a7	a17
13	0.308591763784777	a7	a14
12	0.308640724148694	a7	a15	a31	11
12	0.308674536554714	a7	a14	a31	12
12	0.308695905995319	a7	a17	a31	13
13	0.308703479974267	a7	a16
13	0.308760284816381	a7	a15
12	0.308767858795329	a7	a16	a31	14
13	0.308829803123158	a7	a14
12	0.308831155619399	a7	a15	a31	15
13	0.308852254560756	a7	a17
13	0.308950716287086	a7	a16
13	0.308966946241976	a7	a15
13	0.309136549270573	a6	a10
13	0.310130904506813	a8	a56
12	0.310399239760988	a8	a56	a45	0
12	0.310537194377551	a6	a10	a32	0
12	0.310594540218161	a7	a14	a33	0
13	0.31089317138813	a7	a14
12	0.310938074263325	a7	a14	a33	1
13	0.310967288182127	a7	a14
12	0.311014355051307	a7	a14	a33	2
13	0.311035453992663	a7	a14
12	0.311040052479882	a7	a15	a33	3
12	0.311078463373121	a7	a16	a33	4
12	0.31109766881974	a7	a14	a33	5
13	0.311126341740045	a7	a14
12	0.311144465189672	a7	a17	a33	6
12	0.311173949607722	a7	a14	a33	7
13	0.311198835538552	a7	a14
12	0.31121831148442	a7	a14	a33	8
13	0.311219663980661	a7	a15
13	0.311248336900966	a7	a16
13	0.311254017385177	a7	a14
13	0.311296485767138	a7	a17
12	0.311333273664888	a7	a15	a33	9
13	0.311359241592712	a7	a15
12	0.31136546307542	a7	a14	a33	10
12	0.311381422531061	a7	a16	a33	11
12	0.311408472455877	a7	a17	a33	12
13	0.311430923893475	a7	a14
13	0.311447965346109	a7	a16
13	0.311448506344605	a7	a17
12	0.311471228281451	a7	a15	a33	13
13	0.311515049159653	a7	a15
12	0.311518565649879	a7	a14	a33	14
12	0.311548050067928	a7	a17	a33	15
13	0.311578075484474	a7	a14
13	0.311590247950641	a7	a17
13	0.311802048861951	a6	a10
13	0.31206118714169	a8	a56
12	0.314203541187125	a8	a56	a50	0
12	0.327288671817665	a6	a10	a34	0
12	0.327359542620683	a7	a14	a35	0
12	0.327425273937986	a7	a15	a35	1
12	0.327543211610185	a7	a16	a35	2
12	0.327588655483876	a7	a17	a35	3
13	0.348262372022324	a7	a15
13	0.348352448271962	a7	a14
13	0.349013818933716	a7	a16
13	0.349487733616494	a7	a17
13	0.349633532711253	a6	a10
12	0.349808816224061	a6	a10	a36	0
12	0.349890506997006	a7	a14	a37	0
12	0.350155325760955	a7	a16	a37	1
12	0.350389037111366	a7	a15	a37	2
12	0.350435021983554	a7	a17	a37	3
13	0.35294200901551	a7	a15
13	0.353706439890813	a7	a17
13	0.355688387882088	a7	a14
13	0.356233984865629	a7	a16
13	0.356424145837086	a6	a10
12	0.363030278475674	a6	a10	a38	0
12	0.363096280292226	a7	a14	a39	0
12	0.363302671218572	a7	a15	a39	1
12	0.363935639459269	a7	a16	a39	2
12	0.364058987116431	a7	a17	a39	3
13	0.365473698184313	a7	a15
13	0.365914882458063	a7	a14
13	0.366373919682192	a7	a17
13	0.366560023164927	a7	a16
13	0.366727462199539	a6	a10
12	0.366884892761969	a6	a10	a40	0
12	0.366958468557468	a7	a14	a41	0
12	0.367090201691323	a7	a17	a41	1
12	0.367217877336455	a7	a15	a41	2
12	0.367540312440263	a7	a16	a41	3
13	0.368469477357696	a7	a14
13	0.368811117908123	a7	a15
13	0.369075666172824	a7	a17
13	0.369516038948831	a7	a16
13	0.369665625033064	a6	a10
12	0.370444662867767	a8	a57	a49	0
13	0.378851779500611	a8	a57
12	0.379735230045105	a8	a57	a54	0
12	0.388121247736592	a8	a58	a53	0
13	0.409463638416495	a8	a58
12	0.409507459294697	a8	a58	a52	0
13	0.419980649184995	a8	a58
12	0.420049896992524	a8	a58	a51	0
13	0.42427347225331	a8	a58
13	0.42820815431706	a8	a57
13	0.428985028157778	a8	a56
13	0.429366432097685	a8	a55
12	0.430172519857205	a8	a55	a46	0
12	0.430268276591054	a8	a56	a48	0
13	0.473964725138982	a8	a56
12	0.474253077337522	a6	a10	a20	0
12	0.47435478505483	a7	a14	a21	0
12	0.474442697310482	a7	a15	a21	1
12	0.474608783848853	a7	a17	a21	2
12	0.474899841039875	a7	a16	a21	3
13	0.475424339082059	a7	a14
13	0.47548736540688	a7	a15
13	0.475790324564821	a7	a17
13	0.476130071620511	a7	a16
13	0.476331052561894	a6	a10
12	0.476553943942379	a8	a56	a44	0
12	0.476576665879225	a8	a57	a43	0
12	0.476845542131897	a6	a10	a22	0
12	0.47690234697401	a7	a14	a23	0
12	0.477074113996593	a7	a17	a23	1
12	0.477089802952986	a7	a16	a23	2
12	0.477480403867331	a7	a15	a23	3
13	0.477839085870392	a7	a17
12	0.477924022634315	a7	a17	a23	4
13	0.478096601154641	a7	a16
12	0.478158815981718	a7	a16	a23	5
13	0.478700355476537	a7	a17
12	0.478759865311132	a7	a17	a23	6
13	0.478840474087084	a7	a15
12	0.478933525828451	a7	a15	a23	7
13	0.479041725527716	a7	a16
12	0.479121793305172	a7	a16	a23	8
13	0.479586511013512	a7	a17
12	0.479655758821041	a7	a17	a23	9
13	0.479723383633082	a7	a15
12	0.479803992409034	a7	a15	a23	10
13	0.479918684090254	a7	a16
12	0.479998210869213	a7	a16	a23	11
13	0.48018106836097	a7	a17
12	0.480255726153462	a7	a17	a23	12
13	0.480535963374557	a7	a15
12	0.480607375176072	a7	a15	a23	13
13	0.480799429642266	a7	a16
12	0.480882202412203	a7	a16	a23	14
13	0.480925482291909	a7	a17
12	0.480986074123497	a7	a17	a23	15
13	0.481395609985213	a7	a15
13	0.481598484421334	a7	a16
13	0.481662863242396	a7	a17
13	0.576688437623611	a7	a14
13	0.576945411909364	a6	a10
12	0.578298990147161	a6	a10	a24	0
12	0.578352007999801	a7	a14	a25	0
13	0.578461289696058	a7	a14
12	0.578479683644933	a7	a14	a25	1
13	0.578526750514113	a7	a14
12	0.578545144462988	a7	a14	a25	2
13	0.578601949305102	a7	a14
12	0.578620343253977	a7	a14	a25	3
13	0.578665787127668	a7	a14
13	0.579054765046523	a6	a10
12	0.579175948709699	a6	a10	a26	0
12	0.579247360511214	a7	a14	a27	0
13	0.579342576246566	a7	a14
12	0.579360970195442	a7	a14	a27	1
13	0.579441578971393	a7	a14
12	0.579467005900721	a7	a14	a27	2
13	0.579544909684191	a7	a14
12	0.579587107566904	a7	a14	a27	3
13	0.579649863392477	a7	a14
13	0.579957150538388	a6	a10
12	0.580479214087339	a6	a10	a22	0
12	0.580540346917423	a7	a14	a23	0
12	0.580975039209218	a7	a17	a23	1
12	0.580999384141553	a7	a15	a23	2
12	0.581049697001711	a7	a16	a23	3
13	0.581857948755216	a7	a17
12	0.581934770541693	a7	a17	a23	4
13	0.581950459498087	a7	a16
12	0.582014838319149	a7	a16	a23	5
13	0.582072454659007	a7	a14
12	0.582137374478566	a7	a14	a23	6
13	0.582234483708656	a7	a15
12	0.582283714571821	a7	a15	a23	7
13	0.582487130006438	a7	a17
12	0.582552590824493	a7	a17	a23	8
13	0.582899370860635	a7	a16
12	0.582969159666661	a7	a16	a23	9
13	0.582977815642602	a7	a15
12	0.583045440454642	a7	a15	a23	10
13	0.583087367838107	a7	a14
13	0.583100622301267	a7	a17
12	0.583133893708791	a7	a14	a23	11
12	0.583170411107293	a7	a17	a23	12
13	0.583693556653236	a7	a16
12	0.583765509453247	a7	a16	a23	13
13	0.583796346367537	a7	a15
13	0.583839626247243	a7	a17
12	0.583898054084846	a7	a15	a23	14
12	0.583937005976581	a7	a17	a23	15
13	0.584273777540542	a7	a14
13	0.584521825351105	a7	a16
13	0.584678173916542	a7	a15
13	0.584683583901505	a7	a17
13	0.584896466809808	a6	a10
13	0.585106915224877	a8	a57
12	0.585168589053458	a6	a10	a28	0
12	0.585230803880535	a7	a14	a29	0
13	0.585332511597844	a7	a14
12	0.585379578467024	a7	a14	a29	1
12	0.585397701916651	a7	a16	a29	2
13	0.585461269239968	a7	a14
12	0.585501844127193	a7	a14	a29	3
12	0.58553457453622	a7	a17	a29	4
13	0.585543230512161	a7	a16
13	0.585585698894122	a7	a14
12	0.585610314325705	a7	a16	a29	5
13	0.585663332178345	a7	a17
12	0.585667389667067	a7	a14	a29	6
13	0.5856698241603	a7	a16
12	0.585675234145264	a7	a15	a29	7
12	0.585732038987377	a7	a17	a29	8
12	0.585753137928734	a7	a16	a29	9
13	0.585785327339265	a7	a14
13	0.585792089820469	a7	a17
12	0.585823738232504	a7	a14	a29	10
13	0.585831041712204	a7	a16
12	0.585868911606947	a7	a17	a29	11
13	0.585891904043041	a7	a14
12	0.58590678150169	a7	a16	a29	12
13	0.585932208431017	a7	a15
12	0.585936806918235	a7	a14	a29	13
13	0.585948438385906	a7	a17
13	0.585961422349818	a7	a16
13	0.586010923712232	a7	a14
12	0.586011735209976	a7	a17	a29	14
12	0.586019309188925	a7	a15	a29	15
13	0.586098835967884	a7	a15
13	0.586113442927285	a7	a17
13	0.586274930978437	a6	a10
13	0.586314423868668	a8	a56
12	0.587541408458326	a8	a56	a42	0
12	0.587883319508002	a6	a10	a30	0
12	0.587981240235836	a7	a14	a31	0
13	0.588214951586247	a7	a14
12	0.588233345535122	a7	a14	a31	1
13	0.58837346414567	a7	a14
12	0.588390776097552	a7	a14	a31	2
13	0.588544960669004	a7	a14
12	0.58860879849157	a7	a14	a31	3
12	0.588620970957737	a7	a17	a31	4
12	0.588662086843457	a7	a15	a31	5
12	0.588702661730682	a7	a16	a31	6
13	0.588778672019415	a7	a14
12	0.588850083820929	a7	a14	a31	7
13	0.588893634199883	a7	a15
13	0.58892501211267	a7	a17
12	0.588966668996887	a7	a15	a31	8
12	0.589021309845015	a7	a17	a31	9
13	0.589044302281109	a7	a14
13	0.589083524672092	a7	a15
12	0.589084336169837	a7	a14	a31	10
13	0.589204167336772	a7	a17
13	0.589212552813465	a7	a14
12	0.589260160681141	a7	a14	a31	11
12	0.589285858109717	a7	a17	a31	12
13	0.589382696840558	a7	a16
13	0.589401902287178	a7	a14
12	0.589452215147336	a7	a14	a31	13
12	0.589464928611999	a7	a16	a31	14
12	0.589504421502231	a7	a15	a31	15
13	0.589543373393966	a7	a17
13	0.589591792759387	a7	a14
13	0.589632097147363	a7	a16
13	0.589634802139844	a7	a15
13	0.589860669012059	a6	a10
13	0.590224761000084	a8	a56
12	0.590308615767013	a8	a56	a45	0
12	0.590378404573039	a6	a10	a32	0
12	0.590530425150505	a7	a14	a33	0
13	0.59062834587834	a7	a14
12	0.590644034834733	a7	a14	a33	1
13	0.590667297770075	a7	a14
12	0.590688396711431	a7	a14	a33	2
13	0.590710036651284	a7	a14
12	0.590727348603167	a7	a14	a33	3
13	0.590745742552042	a7	a14
12	0.590762513505428	a7	a14	a33	4
13	0.59077982545731	a7	a14
12	0.590797678407689	a7	a14	a33	5
13	0.590822564338519	a7	a14
12	0.590840958287394	a7	a14	a33	6
13	0.590869631207699	a7	a14
12	0.590887484158078	a7	a14	a33	7
13	0.59090479610996	a7	a14
12	0.590949157986659	a7	a14	a33	8
13	0.59096809293403	a7	a14
12	0.591008397322006	a7	a17	a33	9
12	0.591034635749078	a7	a14	a33	10
13	0.591070341649835	a7	a14
12	0.591115785523526	a7	a14	a33	11
12	0.591125252997212	a7	a15	a33	12
13	0.591133097475408	a7	a14
13	0.591142564949094	a7	a17
12	0.591179082347596	a7	a14	a33	13
13	0.591193418807748	a7	a15
13	0.591212083255871	a7	a14
12	0.591230747703994	a7	a16	a33	14
12	0.591259961622796	a7	a17	a33	15
13	0.591307028491976	a7	a17
13	0.591332996419799	a7	a16
13	0.591536141355168	a6	a10
13	0.591672472976241	a8	a56
12	0.59374666121114	a8	a56	a50	0
12	0.599010035581857	a6	a10	a34	0
12	0.599071709410437	a7	a14	a35	0
12	0.599234820457078	a7	a15	a35	1
12	0.599276477341295	a7	a16	a35	2
12	0.599371693076648	a7	a17	a35	3
13	0.617781601407237	a7	a14
13	0.619552018986451	a7	a15
13	0.620489569380577	a7	a16
13	0.620902892231767	a7	a17
13	0.621080069239312	a6	a10
12	0.621217482857378	a6	a10	a36	0
12	0.62129809163333	a7	a14	a37	0
12	0.621672192093537	a7	a16	a37	1
12	0.621752259870993	a7	a15	a37	2
12	0.622199124628955	a7	a17	a37	3
13	0.623649541597594	a7	a15
13	0.624440481399217	a7	a17
13	0.625959875676137	a7	a14
13	0.626967485375537	a7	a16
13	0.627098677510895	a6	a10
12	0.631096115400218	a6	a10	a38	0
12	0.631168068200229	a7	a14	a39	0
12	0.631382574104021	a7	a17	a39	1
12	0.631655778344663	a7	a16	a39	2
12	0.631679041280005	a7	a15	a39	3
13	0.633066431923823	a7	a14
13	0.633717523614146	a7	a16
13	0.6337537705134	a7	a15
13	0.63375809850137	a7	a17
13	0.634028327250283	a6	a10
12	0.63411705100368	a6	a10	a40	0
12	0.63419495478715	a7	a14	a41	0
12	0.634632352071427	a7	a17	a41	1
12	0.634758945719566	a7	a15	a41	2
12	0.634781667656412	a7	a16	a41	3
13	0.635156850113611	a7	a14
13	0.63639113818297	a7	a16
13	0.636407909136356	a7	a15
13	0.636467959969447	a7	a17
13	0.6367176307755	a6	a10
12	0.637144478589098	a8	a57	a49	0
13	0.645127452400825	a8	a57
12	0.645297866927167	a8	a57	a54	0
12	0.649136792257068	a8	a58	a53	0
13	0.966866561643219	a8	a58
12	0.967277179501928	a8	a58	a52	0
13	0.97937065988871	a8	a58
12	0.979427464730824	a8	a58	a51	0
13	1.04563918869868	a8	a58
13	1.05193749319286	a8	a57
13	1.0527414169584	a8	a56
13	1.05339927112992	a8	a55
12	1.05735397013804	a8	a55	a46	0
12	1.05748218678167	a8	a56	a48	0
13	1.10173315878832	a8	a56
12	1.10377164112246	a6	a10	a20	0
12	1.10409569922176	a7	a14	a21	0
12	1.10448467714062	a7	a17	a21	1
12	1.1046053198053	a7	a16	a21	2
12	1.10478980029254	a7	a15	a21	3
13	1.10571220272877	a7	a17
13	1.10580146748066	a7	a16
13	1.10581553344157	a7	a14
13	1.10611416461154	a7	a15
13	1.10627159517397	a6	a10
12	1.10715937370643	a8	a56	a44	0
12	1.1071934566117	a8	a57	a43	0
12	1.10756566357717	a6	a10	a22	0
12	1.10762355041628	a7	a14	a23	0
12	1.10782317886142	a7	a16	a23	1
12	1.10790324663888	a7	a15	a23	2
12	1.10811207205846	a7	a17	a23	3
13	1.10857841276229	a7	a14
12	1.10863413560741	a7	a14	a23	4
13	1.10874233530667	a7	a15
12	1.10882186208563	a7	a15	a23	5
13	1.10893547176986	a7	a16
13	1.10896901367663	a7	a17
12	1.10903393349619	a7	a16	a23	6
12	1.10906855739995	a7	a17	a23	7
13	1.10929036678345	a7	a14
12	1.10934987661804	a7	a14	a23	8
13	1.10952894712032	a7	a15
12	1.10960360491282	a7	a15	a23	9
13	1.10970368963464	a7	a16
12	1.10977023244968	a7	a16	a23	10
13	1.11035883881368	a7	a16
12	1.11037669176406	a7	a16	a23	11
13	1.11039075772496	a7	a14
12	1.11043295560768	a7	a14	a23	12
13	1.11052167936107	a7	a17
12	1.11060769812199	a7	a17	a23	13
13	1.11060878011898	a7	a15
12	1.11068181491599	a7	a15	a23	14
13	1.11100587301528	a7	a16
12	1.1110918917762	a7	a16	a23	15
13	1.1112244364078	a7	a15
13	1.11127691326194	a7	a14
13	1.11157554443191	a7	a17
13	1.11182278074473	a7	a16
13	1.11200131024851	a6	a10
12	1.11263968847417	a6	a10	a24	0
12	1.11270028030576	a7	a14	a25	0
13	1.11279225005014	a7	a14
12	1.11280848000503	a7	a14	a25	1
13	1.11285392387872	a7	a14
12	1.11287394082308	a7	a14	a25	2
13	1.11293561465166	a7	a14
12	1.11295238560505	a7	a14	a25	3
13	1.11298484551483	a7	a14
13	1.11315688303666	a6	a10
12	1.11337328243519	a6	a10	a26	0
12	1.11343225127129	a7	a14	a27	0
13	1.11352259802017	a7	a14
12	1.11354640195401	a7	a14	a27	1
13	1.1135918458277	a7	a14
12	1.11361186277207	a7	a14	a27	2
13	1.11366650362019	a7	a14
12	1.11371248849238	a7	a14	a27	3
13	1.11375306337961	a7	a14
13	1.11408253146387	a6	a10
12	1.11438711361729	a6	a10	a22	0
12	1.11446068941279	a7	a14	a23	0
12	1.11456402012559	a7	a15	a23	1
12	1.11458836505793	a7	a16	a23	2
12	1.11483343737676	a7	a17	a23	3
13	1.11520023435727	a7	a14
13	1.11522890727757	a7	a15
12	1.11525162921442	a7	a14	a23	4
12	1.11529707308811	a7	a15	a23	5
13	1.11540689578286	a7	a16
12	1.11548858655581	a7	a16	a23	6
13	1.11561842619492	a7	a17
12	1.11573690486562	a7	a17	a23	7
13	1.11581643164458	a7	a15
12	1.11589866341602	a7	a15	a23	8
13	1.11599225615588	a7	a14
12	1.11603824102807	a7	a14	a23	9
13	1.11614860472132	a7	a16
12	1.11621785252885	a7	a16	a23	10
13	1.11654191062815	a7	a15
13	1.1165922234883	a7	a17
12	1.11663496236951	a7	a15	a23	11
12	1.11678157296202	a7	a17	a23	12
13	1.11679401592743	a7	a14
13	1.11685947674549	a7	a16
12	1.11686272273646	a7	a14	a23	13
12	1.11692385556655	a7	a16	a23	14
13	1.1172836195666	a7	a15
12	1.1173577363606	a7	a15	a23	15
13	1.11743564014407	a7	a17
13	1.11752436389747	a7	a14
13	1.11767422048095	a7	a16
13	1.1179160468088	a7	a15
13	1.11806644439078	a6	a10
13	1.11821467797877	a8	a57
12	1.11825741685998	a6	a10	a28	0
12	1.11834451761789	a7	a14	a29	0
12	1.11847057026753	a7	a16	a29	1
13	1.11847327526002	a7	a14
12	1.11851060415626	a7	a14	a29	2
13	1.11860419689613	a7	a14
12	1.11864206679087	a7	a14	a29	3
13	1.11869400264651	a7	a16
13	1.11871401959088	a7	a14
12	1.11876270945555	a7	a14	a29	4
12	1.11879030037886	a7	a16	a29	5
13	1.11881248131721	a7	a14
12	1.11882708827661	a7	a15	a29	6
12	1.11885413820143	a7	a14	a29	7
13	1.11889146709767	a7	a16
13	1.11891256603903	a7	a14
12	1.11894881293828	a7	a14	a29	8
12	1.11897207587362	a7	a16	a29	9
13	1.11901751974732	a7	a14
13	1.11902617572326	a7	a15
12	1.11904402867363	a7	a17	a29	10
12	1.11906296362101	a7	a14	a29	11
13	1.11907053759995	a7	a16
13	1.11911111248718	a7	a14
12	1.11911544047515	a7	a15	a29	12
12	1.11914032640598	a7	a16	a29	13
12	1.11916250734433	a7	a14	a29	14
13	1.11919875424358	a7	a15
13	1.11924582111276	a7	a14
13	1.11925772307968	a7	a17
12	1.11925988707367	a7	a15	a29	15
13	1.11932156090225	a7	a15
13	1.11936862777143	a7	a16
13	1.11957150220755	a6	a10
13	1.11960720810831	a8	a56
12	1.12113390586493	a8	a56	a42	0
12	1.12141901207249	a6	a10	a30	0
12	1.12147852190708	a7	a14	a31	0
12	1.1217111512605	a7	a17	a31	1
13	1.12178418605751	a7	a14
12	1.12185181086955	a7	a14	a31	2
12	1.12186966381992	a7	a15	a31	3
13	1.12200437244551	a7	a14
12	1.12205576730266	a7	a16	a31	4
12	1.122079030238	a7	a14	a31	5
13	1.12211203114628	a7	a17
13	1.1221374580756	a7	a15
12	1.12219101692674	a7	a17	a31	6
12	1.12222077184404	a7	a15	a31	7
13	1.12225377275231	a7	a14
13	1.12228785565758	a7	a16
12	1.12229597063503	a7	a14	a31	8
12	1.12235548046962	a7	a16	a31	9
13	1.12237225142301	a7	a15
13	1.12239551435835	a7	a17
13	1.12243933523655	a7	a14
12	1.12246800815686	a7	a15	a31	11
12	1.12247395914032	a7	a17	a31	10
13	1.12248045112227	a7	a16
12	1.12250317305912	a7	a14	a31	12
12	1.12258648682755	a7	a16	a31	13
13	1.12264112767568	a7	a15
13	1.1226670956035	a7	a14
13	1.12270496549825	a7	a17
12	1.12272281844862	a7	a14	a31	14
12	1.12275365536291	a7	a15	a31	15
13	1.12277583630126	a7	a16
13	1.12291649591031	a7	a14
13	1.12300305566972	a7	a15
13	1.12316427322162	a6	a10
13	1.12354134917356	a8	a56
12	1.12363548291192	a8	a56	a45	0
12	1.12369877973599	a6	a10	a32	0
12	1.12375937156758	a7	a14	a33	0
13	1.12384539032849	a7	a14
12	1.12386378427737	a7	a14	a33	1
13	1.12389137520068	a7	a14
12	1.12390922815106	a7	a14	a33	2
13	1.12393627807587	a7	a14
12	1.12395521302325	a7	a14	a33	3
13	1.12397955795558	a7	a14
12	1.12402229683679	a7	a14	a33	4
13	1.12404555977213	a7	a14
12	1.12405908473454	a7	a17	a33	5
12	1.12408667565785	a7	a14	a33	6
13	1.12411047959169	a7	a14
12	1.12414889048493	a7	a14	a33	7
13	1.12417485841275	a7	a14
12	1.12421056431351	a7	a14	a33	8
13	1.12423707323983	a7	a14
13	1.12426574616013	a7	a17
12	1.12427548413307	a7	a16	a33	9
12	1.12432417399774	a7	a14	a33	10
12	1.12433661696315	a7	a15	a33	11
13	1.12434960092706	a7	a14
13	1.1243890938173	a7	a16
12	1.12439071681279	a7	a14	a33	12
12	1.12442101272858	a7	a17	a33	13
13	1.1244329146955	a7	a14
13	1.1244480626534	a7	a17
12	1.12448430955265	a7	a14	a33	14
12	1.12450486749551	a7	a16	a33	15
13	1.12452434344138	a7	a14
13	1.12453354041581	a7	a16
13	1.12458764026545	a7	a15
13	1.12476400577525	a6	a10
13	1.12490196039181	a8	a56
12	1.12638050928226	a8	a56	a50	0
12	1.13092489665136	a6	a10	a34	0
12	1.13101037441378	a7	a14	a35	0
12	1.13140854930707	a7	a16	a35	1
12	1.13148374809806	a7	a15	a35	2
12	1.13161791572515	a7	a17	a35	3
13	1.14530571868059	a7	a14
13	1.15141629669655	a7	a16
13	1.15194918021543	a7	a17
13	1.15217153059742	a7	a15
13	1.1523208461824	a6	a10
12	1.15253075359897	a6	a10	a36	0
12	1.15259946040801	a7	a14	a37	0
12	1.15304307917499	a7	a15	a37	1
12	1.15309555602913	a7	a16	a37	2
12	1.15318482078103	a7	a17	a37	3
13	1.15493495091663	a7	a16
13	1.15530607588511	a7	a14
13	1.15549650735581	a7	a17
13	1.1563518259785	a7	a15
13	1.15648653460408	a6	a10
12	1.16098060911303	a6	a10	a38	0
12	1.16106825086943	a7	a14	a39	0
12	1.1612938472424	a7	a15	a39	1
12	1.16149347568754	a7	a17	a39	2
12	1.16156055950108	a7	a16	a39	3
13	1.16318680098103	a7	a14
13	1.16370237254802	a7	a15
13	1.16385114713451	a7	a16
13	1.16390037799768	a7	a17
13	1.16406754653304	a6	a10
12	1.16414815530899	a6	a10	a40	0
12	1.1642065831466	a7	a14	a41	0
12	1.16484442037376	a7	a15	a41	1
12	1.16491312718279	a7	a17	a41	2
12	1.16494775108656	a7	a16	a41	3
13	1.16553257046108	a7	a14
13	1.16674224309886	a7	a15
13	1.16677037502067	a7	a16
13	1.16690941163422	a7	a17
13	1.16713554900568	a6	a10
12	1.16771712238923	a8	a57	a49	0
13	1.1759435455243	a8	a57
12	1.17629844053789	a8	a57	a54	0
12	1.18057882064079	a8	a58	a53	0
13	1.22599456241003	a8	a58
12	1.22612656604313	a8	a58	a52	0
13	1.26280301810278	a8	a58
12	1.26287280690881	a8	a58	a51	0
13	1.26732143754406	a8	a58
13	1.27147738799281	a8	a57
13	1.27184147998084	a8	a56
13	1.27220232597788	a8	a55
12	1.27410285369546	a8	a55	a46	0
12	1.27422457835713	a8	a56	a48	0
13	1.31646574094996	a8	a56
12	1.31704190434854	a6	a10	a20	0
12	1.31712738211096	a7	a14	a21	0
12	1.31741952129897	a7	a15	a21	1
12	1.31758290284486	a7	a16	a21	2
13	1.31802381661936	a7	a14
12	1.31807304748253	a7	a14	a21	3
13	1.31847176337432	a7	a16
13	1.31899490892026	a7	a15
13	1.3193860508331	a7	a14
13	1.31944934765717	a6	a10
12	1.32006067595802	a8	a56	a44	0
12	1.32009529986178	a8	a57	a43	0
12	1.32036525811144	a6	a10	a22	0
12	1.32042043995807	a7	a14	a23	0
12	1.32068715221676	a7	a17	a23	1
12	1.32069743118819	a7	a15	a23	2
12	1.32077695796715	a7	a16	a23	3
13	1.32110372105892	a7	a14
12	1.32114104995517	a7	a14	a23	4
13	1.32175075526052	a7	a16
12	1.32181892107106	a7	a16	a23	5
13	1.32193523574777	a7	a15
13	1.32193794074025	a7	a14
12	1.3220050245538	a7	a14	a23	6
12	1.32203315647561	a7	a15	a23	7
13	1.32270291261405	a7	a16
13	1.32274186450579	a7	a15
13	1.32280407933286	a7	a14
12	1.32281868629226	a7	a16	a23	8
12	1.32283167025618	a7	a15	a23	9
12	1.32285547419001	a7	a14	a23	10
13	1.32291227903213	a7	a17
12	1.32298314983515	a7	a17	a23	11
13	1.32349114742319	a7	a16
12	1.32356039523072	a7	a16	a23	12
13	1.32365290597359	a7	a17
12	1.32371674379616	a7	a17	a23	13
13	1.32380492655106	a7	a14
12	1.32385037042475	a7	a14	a23	14
13	1.32402403094207	a7	a15
12	1.32408949176013	a7	a15	a23	15
13	1.32428912020527	a7	a16
13	1.32431779312557	a7	a17
13	1.32446873170605	a7	a14
13	1.32522017861744	a7	a15
13	1.32544415199492	a6	a10
12	1.32581257197091	a6	a10	a24	0
12	1.32587208180551	a7	a14	a25	0
13	1.32595485457544	a7	a14
12	1.32597811751079	a7	a14	a25	1
13	1.32604411932734	a7	a14
12	1.32608523521306	a7	a14	a25	2
13	1.32613338407923	a7	a14
12	1.3261371710687	a7	a15	a25	3
13	1.32649909906274	a7	a15
13	1.3268139601876	a6	a10
12	1.3269465048192	a6	a10	a26	0
12	1.32706281949591	a7	a14	a27	0
13	1.32714288727337	a7	a14
12	1.32716019922525	a7	a14	a27	1
13	1.32720726609443	a7	a14
12	1.32723161102676	a7	a14	a27	2
13	1.32727651390196	a7	a14
12	1.32730572782076	a7	a14	a27	3
13	1.32735008969746	a7	a14
13	1.32763032691855	a6	a10
12	1.32790515415468	a6	a10	a22	0
12	1.32804527276523	a7	a14	a23	0
12	1.32833903494873	a7	a16	a23	1
12	1.32856300832621	a7	a15	a23	2
13	1.32881294963151	a7	a14
12	1.32886326249167	a7	a14	a23	3
13	1.32914458170976	a7	a16
12	1.3292414204406	a7	a16	a23	4
13	1.32930742225715	a7	a15
12	1.32938370304513	a7	a15	a23	6
12	1.32939560501205	a7	a17	a23	5
13	1.32963256235344	a7	a14
12	1.32967638323164	a7	a14	a23	7
13	1.32987222468731	a7	a16
12	1.32994201349334	a7	a16	a23	8
13	1.3301091820287	a7	a17
13	1.33017085585728	a7	a15
12	1.33017788883773	a7	a17	a23	9
12	1.33026390759865	a7	a15	a23	10
13	1.33050032394154	a7	a14
13	1.33051871789042	a7	a16
12	1.330580391719	a7	a14	a23	11
12	1.33060149066035	a7	a16	a23	12
13	1.33082221804685	a7	a17
12	1.33090066282882	a7	a17	a23	13
13	1.33126745980933	a7	a16
13	1.33132913363791	a7	a15
12	1.33133400262437	a7	a16	a23	14
13	1.33139188946348	a7	a14
12	1.33143571034168	a7	a14	a23	15
13	1.33149089218831	a7	a17
13	1.33209572850719	a7	a16
13	1.33226614303354	a7	a14
13	1.33234080082603	a6	a10
13	1.33248037843808	a8	a57
12	1.33252852730425	a6	a10	a28	0
12	1.3325945291208	a7	a14	a29	0
13	1.33271354878999	a7	a14
12	1.33273248373737	a7	a14	a29	1
13	1.33279415756595	a7	a14
12	1.33281146951783	a7	a14	a29	2
13	1.33288342231784	a7	a14
12	1.33290073426972	a7	a14	a29	3
13	1.33296186709981	a7	a14
12	1.33296781808327	a7	a16	a29	4
12	1.33300568797801	a7	a14	a29	5
12	1.33307385378854	a7	a17	a29	6
13	1.33307547678403	a7	a14
12	1.33311767466675	a7	a14	a29	7
13	1.33312254365321	a7	a16
12	1.33313119962915	a7	a15	a29	8
13	1.33317664350285	a7	a14
12	1.33319449645322	a7	a16	a29	9
13	1.33319557845022	a7	a17
12	1.33321721839007	a7	a14	a29	10
12	1.33327077724121	a7	a17	a29	11
13	1.33329133518407	a7	a16
13	1.33331027013144	a7	a14
13	1.33333245106979	a7	a17
12	1.33335517300663	a7	a14	a29	12
13	1.33337248495851	a7	a15
12	1.33338817391491	a7	a16	a29	13
13	1.33341468284123	a7	a14
12	1.33342658480815	a7	a17	a29	14
13	1.33348988163222	a7	a16
12	1.3334920456262	a7	a15	a29	15
13	1.33352558753297	a7	a17
13	1.33357535939464	a7	a15
13	1.33377552883827	a6	a10
13	1.33380690675106	a8	a56
12	1.33471199723541	a8	a56	a42	0
12	1.33535253945505	a6	a10	a30	0
12	1.33541042629416	a7	a14	a31	0
12	1.33557651283253	a7	a17	a31	1
13	1.33559057879343	a7	a14
12	1.33563818666111	a7	a14	a31	2
13	1.33577668227617	a7	a14
12	1.33581022418294	a7	a14	a31	3
13	1.3358610780416	a7	a17
12	1.33590814491078	a7	a15	a31	4
12	1.33593735882958	a7	a17	a31	5
13	1.33595845777093	a7	a14
12	1.33601147562357	a7	a14	a31	6
12	1.33606016548824	a7	a16	a31	7
13	1.33611859332584	a7	a17
13	1.33614456125367	a7	a14
12	1.33618243114841	a7	a14	a31	8
12	1.33620082509729	a7	a17	a31	9
13	1.33624735096797	a7	a15
13	1.33625438394842	a7	a16
13	1.33630090981911	a7	a14
13	1.3363165987755	a7	a17
12	1.3363312057349	a7	a16	a31	10
12	1.33637827260408	a7	a14	a31	11
12	1.33639666655295	a7	a15	a31	12
12	1.33642858546424	a7	a17	a31	13
13	1.33649404628229	a7	a16
13	1.33652650619207	a7	a14
12	1.33656221209283	a7	a14	a31	14
13	1.33659683599659	a7	a17
12	1.33660116398456	a7	a16	a31	15
13	1.33665905082367	a7	a15
13	1.33671260967481	a7	a14
13	1.33675047956955	a7	a16
13	1.3369490260177	a6	a10
13	1.3372281812418	a8	a56
12	1.33731960998768	a8	a56	a45	0
12	1.33736397186438	a6	a10	a32	0
12	1.3374196947095	a7	a14	a33	0
13	1.3375073364659	a7	a14
12	1.33754574735914	a7	a14	a33	1
12	1.33760958518171	a7	a15	a33	2
13	1.33761607716366	a7	a14
12	1.33765178306442	a7	a16	a33	3
12	1.33767504599976	a7	a14	a33	4
13	1.3377291458494	a7	a14
13	1.33776431075166	a7	a15
12	1.33777080273361	a7	a14	a33	5
12	1.33778973768098	a7	a17	a33	6
13	1.33779677066144	a7	a14
12	1.33783734554866	a7	a14	a33	7
13	1.33785087051107	a7	a17
13	1.33785790349152	a7	a14
12	1.33789847837874	a7	a15	a33	8
13	1.33790280636671	a7	a16
13	1.33792444630657	a7	a15
12	1.33792931529303	a7	a17	a33	9
13	1.33794825024041	a7	a17
12	1.33798341514267	a7	a14	a33	10
12	1.33800613707951	a7	a17	a33	11
13	1.33802723602087	a7	a14
13	1.33804076098328	a7	a17
12	1.33804887596072	a7	a15	a33	12
13	1.33807322089306	a7	a15
12	1.33810243481186	a7	a14	a33	14
12	1.33812245175622	a7	a16	a33	13
13	1.33812948473667	a7	a14
12	1.33814300969908	a7	a17	a33	15
13	1.33814841968404	a7	a16
13	1.33818953556977	a7	a17
13	1.33837347505851	a6	a10
13	1.33851251167207	a8	a56
12	1.33943761910078	a8	a56	a50	0
12	1.34339718709536	a6	a10	a34	0
12	1.34346643490289	a7	a14	a35	0
12	1.34394900556161	a7	a15	a35	1
12	1.34403448332403	a7	a16	a35	2
12	1.34404530329395	a7	a17	a35	3
13	1.35241996001702	a7	a14
13	1.36210870208765	a7	a15
13	1.36282444309828	a7	a16
13	1.36324371693293	a7	a17
13	1.36339898350138	a6	a10
12	1.3635131341841	a6	a10	a36	0
12	1.36357967699915	a7	a14	a37	0
12	1.37679356527181	a7	a15	a37	1
12	1.37767214682984	a7	a17	a37	2
12	1.37811089661036	a7	a16	a37	3
13	1.37992378257153	a7	a16
13	1.38000385034899	a7	a17
13	1.38206289062599	a7	a14
13	1.38305291787426	a7	a15
13	1.38323090637955	a6	a10
12	1.40404852851802	a6	a10	a38	0
12	1.40414320325488	a7	a14	a39	0
12	1.40428332186542	a7	a17	a39	1
12	1.4043168637722	a7	a15	a39	2
12	1.40470908768203	a7	a16	a39	3
13	1.40601938604012	a7	a14
13	1.40667399422067	a7	a16
13	1.40685035973047	a7	a17
13	1.40755690376667	a7	a15
13	1.40776086019978	a6	a10
12	1.40785823992912	a6	a10	a40	0
12	1.40796914462087	a7	a14	a41	0
12	1.40825208683444	a7	a17	a41	1
12	1.40837868048258	a7	a15	a41	2
12	1.40849607715628	a7	a16	a41	3
13	1.40892779395635	a7	a14
13	1.41023430532497	a7	a17
13	1.41036901395055	a7	a16
13	1.4112145946003	a7	a15
13	1.41139312410409	a6	a10
12	1.41184052986055	a8	a57	a49	0
13	1.42009724891141	a8	a57
12	1.42025467947384	a8	a57	a54	0
12	1.4240562759075	a8	a58	a53	0
13	1.4434575639826	a8	a58
12	1.4435008438623	a8	a58	a52	0
13	1.4512376633582	a8	a58
12	1.45128635322287	a8	a58	a51	0
13	1.45564734210172	a8	a58
13	1.45948626743162	a8	a57
13	1.45963396002112	a8	a56
13	1.45989904928432	a8	a55
12	1.46058341238217	a8	a55	a46	0
12	1.46063588923631	a8	a56	a48	0
13	1.50093486722733	a8	a56
12	1.50113395467398	a6	a10	a20	0
12	1.50120644847249	a7	a14	a21	0
12	1.50160408236729	a7	a15	a21	1
12	1.50168685513722	a7	a16	a21	2
12	1.50174095498685	a7	a17	a21	3
13	1.50187836860492	a7	a14
13	1.51584640878146	a7	a17
13	1.51614125296195	a7	a15
13	1.51648641000261	a7	a16
13	1.51667954646579	a6	a10
12	1.51689215887485	a8	a56	a44	0
12	1.51693273376207	a8	a57	a43	0
12	1.51716590411399	a6	a10	a22	0
12	1.51723028293505	a7	a14	a23	0
12	1.51729844874559	a7	a16	a23	1
12	1.51773611652911	a7	a15	a23	2
12	1.5179438599517	a7	a17	a23	3
13	1.51803366570209	a7	a14
12	1.51807910957578	a7	a14	a23	4
13	1.51828468900438	a7	a16
12	1.51835177281793	a7	a16	a23	5
13	1.51885057343153	a7	a15
13	1.5188559834165	a7	a14
12	1.5189149522526	a7	a14	a23	6
12	1.51893280520298	a7	a15	a23	7
13	1.5189582321323	a7	a17
12	1.51902747993983	a7	a17	a23	8
13	1.51931583213837	a7	a16
12	1.51941375286621	a7	a16	a23	9
13	1.51971779402114	a7	a14
12	1.5197827138407	a7	a14	a23	10
13	1.51985196164823	a7	a17
12	1.51991850446327	a7	a17	a23	11
13	1.52003644213547	a7	a16
13	1.52008134501067	a7	a15
12	1.52011218192496	a7	a16	a23	12
12	1.52017169175955	a7	a15	a23	13
13	1.52060990054157	a7	a14
12	1.52065318042128	a7	a14	a23	14
13	1.52080357800326	a7	a16
13	1.52081277497769	a7	a17
12	1.52087282581079	a7	a16	a23	15
13	1.52133321553116	a7	a15
13	1.52137920040334	a7	a14
13	1.5215615168966	a7	a16
13	1.52183201614476	a6	a10
12	1.52214254928165	a6	a10	a24	0
12	1.52220638710422	a7	a14	a25	0
13	1.52227292991927	a7	a14
12	1.52231025881551	a7	a14	a25	1
12	1.52232919376288	a7	a15	a25	2
13	1.52236760465612	a7	a14
12	1.52241250753132	a7	a14	a25	3
13	1.52247905034637	a7	a14
13	1.52248229633734	a7	a15
13	1.52280419044266	a6	a10
12	1.5229156361329	a6	a10	a26	0
12	1.52296865398554	a7	a14	a27	0
13	1.52306008273142	a7	a14
12	1.52307901767879	a7	a14	a27	1
13	1.52314718348932	a7	a14
12	1.5231650364397	a7	a14	a27	2
13	1.5232240052758	a7	a14
12	1.52326349816603	a7	a14	a27	3
13	1.52332354899912	a7	a14
13	1.52355671935104	a6	a10
12	1.52379043070145	a6	a10	a22	0
12	1.52386454749545	a7	a14	a23	0
12	1.52399925612103	a7	a15	a23	1
12	1.52415344069248	a7	a16	a23	2
13	1.52481832784446	a7	a16
12	1.52488162466853	a7	a16	a23	3
12	1.5399776467099	a7	a17	a23	4
13	1.54038772357011	a7	a14
12	1.54043857742877	a7	a14	a23	5
13	1.54076642251754	a7	a15
13	1.5408167353777	a7	a17
12	1.54082430935664	a7	a15	a23	6
12	1.54087786820778	a7	a17	a23	7
13	1.54124358319129	a7	a14
12	1.54129119105897	a7	a14	a23	8
13	1.54156818228909	a7	a17
12	1.54163202011165	a7	a17	a23	9
13	1.54168990695076	a7	a16
12	1.54176077775378	a7	a16	a23	10
13	1.5419046833538	a7	a15
13	1.54197717715231	a7	a14
12	1.54201450604855	a7	a14	a23	11
12	1.54204047397638	a7	a15	a23	12
13	1.54233044917041	a7	a17
13	1.54239212299899	a7	a16
12	1.54239861498094	a7	a17	a23	13
12	1.54248625673735	a7	a16	a23	14
13	1.54268859017497	a7	a14
12	1.54273457504716	a7	a14	a23	15
13	1.543052682163	a7	a15
13	1.54307540409984	a7	a17
13	1.54313274994045	a7	a16
13	1.54349792392547	a7	a14
13	1.54360017264127	a6	a10
13	1.54373271727287	a8	a57
12	1.54378032514055	a6	a10	a28	0
12	1.54381927703228	a7	a14	a29	0
13	1.54391503376613	a7	a14
12	1.5439204437511	a7	a15	a29	1
12	1.54396967461426	a7	a14	a29	2
12	1.54402864345036	a7	a16	a29	3
13	1.54405515237668	a7	a14
12	1.54410330124285	a7	a14	a29	4
13	1.54411844920075	a7	a15
12	1.54412223619022	a7	a17	a29	5
13	1.54415794209098	a7	a16
13	1.54416389307444	a7	a14
12	1.54420230396768	a7	a14	a29	6
12	1.54423422287896	a7	a15	a29	7
12	1.54426289579927	a7	a16	a29	8
13	1.54428237174514	a7	a17
13	1.5443023886895	a7	a14
12	1.54435648853913	a7	a17	a29	9
13	1.54435973453011	a7	a16
12	1.54438840745041	a7	a14	a29	10
13	1.54443060533313	a7	a17
12	1.54444196630155	a7	a16	a29	11
13	1.54447172121885	a7	a14
12	1.54449823014517	a7	a17	a29	12
12	1.54453610003991	a7	a14	a29	13
13	1.54454746100833	a7	a16
13	1.54455719898127	a7	a17
13	1.54459777386849	a7	a14
12	1.54462806978428	a7	a16	a29	14
12	1.54464429973917	a7	a14	a29	15
13	1.5447146295437	a7	a14
13	1.54473897447603	a7	a16
13	1.62331251408485	a7	a15
13	1.62349645357359	a6	a10
13	1.62354406144127	a8	a56
12	1.62409046992256	a8	a56	a42	0
12	1.62422517854814	a6	a10	a30	0
12	1.62429118036469	a7	a14	a31	0
12	1.62442426599479	a7	a17	a31	1
13	1.62447403785645	a7	a14
12	1.62451731773615	a7	a14	a31	2
13	1.62465635434971	a7	a14
13	1.62466879731512	a7	a17
12	1.62467420730009	a7	a14	a31	3
12	1.62473804512265	a7	a17	a31	4
13	1.62482352288507	a7	a14
12	1.62484083483696	a7	a16	a31	5
12	1.62486247477681	a7	a14	a31	6
13	1.62492685359787	a7	a17
12	1.62497229747156	a7	a17	a31	7
13	1.62503559429563	a7	a16
13	1.62504208627759	a7	a14
12	1.6250994321182	a7	a14	a31	8
12	1.62511782606707	a7	a16	a31	9
13	1.62513892500843	a7	a17
12	1.62521574679491	a7	a17	a31	10
12	1.62527092864153	a7	a15	a31	11
13	1.62527904361898	a7	a14
13	1.62529635557086	a7	a16
12	1.6253196185062	a7	a14	a31	12
12	1.62536830837087	a7	a16	a31	13
13	1.6253937353002	a7	a17
12	1.62552411593781	a7	a17	a31	14
13	1.62553223091525	a7	a14
13	1.62555332985661	a7	a16
12	1.62556793681601	a7	a14	a31	15
13	1.62566098855738	a7	a17
13	1.62567505451828	a7	a15
13	1.62583302607921	a7	a14
13	1.62590119188975	a6	a10
13	1.62618142911084	a8	a56
12	1.62625392290935	a8	a56	a45	0
12	1.6263204657244	a6	a10	a32	0
12	1.62637456557403	a7	a14	a33	0
13	1.62641622245824	a7	a14
12	1.62645625634697	a7	a14	a33	1
12	1.62647573229284	a7	a15	a33	2
13	1.6264822242748	a7	a14
12	1.626526045153	a7	a14	a33	3
13	1.62656121005526	a7	a14
12	1.62657744001015	a7	a14	a33	4
13	1.62659042397406	a7	a15
13	1.62659907995	a7	a14
12	1.62666724576054	a7	a14	a33	5
13	1.62668996769738	a7	a14
12	1.62670078766731	a7	a17	a33	6
12	1.62674082155604	a7	a14	a33	7
13	1.62675975650341	a7	a17
13	1.62676895347785	a7	a14
12	1.62678518343274	a7	a15	a33	8
13	1.62682413532447	a7	a15
12	1.62683008630793	a7	a14	a33	9
12	1.62686146422072	a7	a17	a33	10
12	1.62687607118012	a7	a16	a33	11
13	1.62687715317711	a7	a14
13	1.62688959614253	a7	a17
12	1.62692746603727	a7	a15	a33	12
13	1.62695018797411	a7	a16
12	1.62695397496359	a7	a14	a33	13
13	1.62697994289141	a7	a15
12	1.62700807481322	a7	a17	a33	14
13	1.62702214077413	a7	a14
13	1.62706542065383	a7	a17
12	1.62706650265082	a7	a14	a33	15
13	1.6271141105185	a7	a14
13	1.62727857406138	a6	a10
13	1.62736080583282	a8	a56
12	1.62821504245852	a8	a56	a50	0
12	1.64889957896689	a6	a10	a34	0
12	1.64897802374886	a7	a14	a35	0
12	1.64912247034738	a7	a15	a35	1
12	1.64923175204363	a7	a17	a35	2
12	1.64938864160757	a7	a16	a35	3
13	1.66723780499672	a7	a14
13	1.66968636419107	a7	a16
13	1.67025278961672	a7	a15
13	1.67063257056114	a7	a17
13	1.67081596905139	a6	a10
12	1.67089711882584	a6	a10	a36	0
12	1.67096095664841	a7	a14	a37	0
12	1.67103290944842	a7	a16	a37	1
12	1.67142892034772	a7	a15	a37	2
12	1.67162259780941	a7	a17	a37	3
13	1.67349769859766	a7	a17
13	1.67407386199624	a7	a15
13	1.67740208474562	a7	a14
13	1.67783001455621	a7	a16
13	1.67797500215322	a6	a10
12	1.68133352081839	a6	a10	a38	0
12	1.68140601461689	a7	a14	a39	0
12	1.68164946394024	a7	a15	a39	1
12	1.68178363156733	a7	a16	a39	2
12	1.68214772355535	a7	a17	a39	3
13	1.68332277228936	a7	a14
13	1.68385890179922	a7	a16
13	1.68429440558876	a7	a17
13	1.68478941921289	a7	a15
13	1.68495875174224	a6	a10
12	1.68505072148662	a6	a10	a40	0
12	1.68517677413626	a7	a14	a41	0
12	1.68557873601903	a7	a15	a41	1
12	1.68567990273784	a7	a16	a41	2
12	1.68577241348071	a7	a17	a41	3
13	1.68613271847926	a7	a14
13	1.68761884134866	a7	a16
13	1.68763723529753	a7	a17
13	1.6883032044465	a7	a15
13	1.68852068584203	a6	a10
12	1.68887395786012	a8	a57	a49	0
13	1.69696404937412	a8	a57
12	1.6970268051997	a8	a57	a54	0
12	1.70079485972658	a8	a58	a53	0
13	1.71967624824671	a8	a58
12	1.71972602010837	a8	a58	a52	0
13	1.72739359179675	a8	a58
12	1.72743849467194	a8	a58	a51	0
13	1.73166747991769	a8	a58
13	1.73531867876937	a8	a57
13	1.73541822249269	a8	a56
13	1.73567140978897	a8	a55
12	1.73631519799959	a8	a55	a47	0
13	1.75434505488652	a8	a55
12	1.75441213870006	a8	a55	a46	0
12	1.75446191056172	a8	a56	a48	0
13	1.7943848945978	a8	a56
12	1.79465431184897	a6	a10	a20	0
12	1.79473383862793	a7	a14	a21	0
12	1.79502327282346	a7	a17	a21	1
12	1.79514662048062	a7	a15	a21	2
13	1.79526455815282	a7	a14
12	1.79530026405358	a7	a16	a21	3
13	1.79581583562057	a7	a17
13	1.79604575998151	a7	a16
13	1.79684427376208	a7	a15
13	1.79701144229745	a6	a10
12	1.79723162868545	a8	a56	a44	0
12	1.79725921960876	a8	a57	a43	0
12	1.79751619389451	a6	a10	a22	0
12	1.797591933684	a7	a14	a23	0
12	1.79776343020733	a7	a15	a23	1
12	1.79799551856226	a7	a16	a23	2
12	1.79805719239084	a7	a17	a23	3
13	1.79836556153374	a7	a14
12	1.79840938241194	a7	a14	a23	4
13	1.798769146412	a7	a16
12	1.79883406623156	a7	a16	a23	5
13	1.79910294248423	a7	a14
13	1.7991370253895	a7	a17
12	1.79914784535942	a7	a14	a23	6
12	1.79921438817447	a7	a17	a23	7
13	1.79935396578652	a7	a15
12	1.79944323053841	a7	a15	a23	8
13	1.7995481842467	a7	a16
12	1.79963312101062	a7	a16	a23	9
13	1.79977756760914	a7	a17
12	1.79985817638509	a7	a17	a23	10
13	1.79994094915503	a7	a14
12	1.79998314703774	a7	a14	a23	11
13	1.80044245476112	a7	a16
12	1.80050629258369	a7	a16	a23	12
13	1.80056904840926	a7	a17
12	1.80063450922731	a7	a17	a23	13
13	1.8007102490168	a7	a15
12	1.80078977579576	a7	a15	a23	14
13	1.80082439969952	a7	a14
12	1.80086822057773	a7	a14	a23	15
13	1.80127396944997	a7	a16
13	1.80130156037328	a7	a17
13	1.80159694555227	a7	a15
13	1.80165375039439	a7	a14
13	1.80179062301396	a6	a10
12	1.80209141817791	a6	a10	a24	0
12	1.8021368620516	a7	a14	a25	0
13	1.80222233981402	a7	a14
12	1.8022396517659	a7	a14	a25	1
13	1.80231430955839	a7	a14
12	1.80235380244863	a7	a14	a25	2
12	1.80239059034638	a7	a17	a25	3
13	1.80239491833435	a7	a14
13	1.80264702363363	a7	a17
13	1.80281040517952	a6	a10
12	1.80291860487879	a6	a10	a26	0
12	1.80297811471338	a7	a14	a27	0
12	1.80306683846678	a7	a16	a27	1
13	1.80309713438257	a7	a14
12	1.80315069323371	a7	a14	a27	2
12	1.8031669231886	a7	a15	a27	3
13	1.80324266297808	a7	a14
13	1.80344716040969	a7	a16
13	1.80352290019918	a7	a15
13	1.80370088870447	a6	a10
12	1.80391837009999	a6	a10	a22	0
12	1.80399789687895	a7	a14	a23	0
12	1.80412773651807	a7	a16	a23	1
12	1.80431600399479	a7	a15	a23	2
12	1.80436090686998	a7	a17	a23	3
13	1.80475745876778	a7	a14
12	1.80479803365501	a7	a14	a23	4
13	1.80489703637984	a7	a16
12	1.80496628418737	a7	a16	a23	5
13	1.80500956406707	a7	a17
12	1.80508476285806	a7	a17	a23	6
13	1.80539259100247	a7	a15
12	1.8054905117303	a7	a15	a23	7
13	1.80550079070173	a7	a14
12	1.80555975953783	a7	a14	a23	8
13	1.80565335227769	a7	a16
12	1.80572043609124	a7	a16	a23	9
13	1.80572205908673	a7	a17
12	1.80582538979952	a7	a17	a23	10
13	1.80633771537554	a7	a15
13	1.80636097831088	a7	a16
13	1.80636909328833	a7	a14
13	1.80641020917405	a7	a17
12	1.80642589813044	a7	a15	a23	11
12	1.80645186605827	a7	a16	a23	12
12	1.80648757195902	a7	a14	a23	13
12	1.80651516288234	a7	a17	a23	14
13	1.80709240827791	a7	a16
12	1.8071530001095	a7	a16	a23	15
13	1.80716165608544	a7	a14
13	1.80719465699372	a7	a17
13	1.80735316955314	a7	a15
13	1.8080213026961	a7	a16
13	1.80817656926454	a6	a10
13	1.80828963795027	a8	a57
12	1.80833183583298	a6	a10	a28	0
12	1.80841947758939	a7	a14	a29	0
13	1.80851685731873	a7	a14
12	1.8085347102691	a7	a14	a29	1
13	1.8086088270631	a7	a14
12	1.80862613901498	a7	a14	a29	2
13	1.80870512479545	a7	a14
12	1.80871540376688	a7	a15	a29	3
12	1.80874732267816	a7	a14	a29	4
13	1.80883280044058	a7	a14
13	1.80889339227217	a7	a15
12	1.80889609726465	a7	a14	a29	5
13	1.8089469511233	a7	a14
12	1.80895831209173	a7	a16	a29	6
12	1.80900267396842	a7	a14	a29	7
12	1.80901998592031	a7	a17	a29	8
13	1.8090502818361	a7	a16
13	1.80905731481655	a7	a14
12	1.80911520165566	a7	a14	a29	9
12	1.80913413660303	a7	a16	a29	10
13	1.8091390055895	a7	a17
13	1.80917633448574	a7	a14
13	1.80919202344214	a7	a16
12	1.80920554840454	a7	a17	a29	11
13	1.80926668123463	a7	a17
12	1.8092710092226	a7	a14	a29	12
12	1.80929264916245	a7	a16	a29	13
13	1.8093299780587	a7	a14
12	1.80933917503314	a7	a17	a29	14
13	1.80935053600156	a7	a16
12	1.80935648698502	a7	a15	a29	15
13	1.80940842284067	a7	a17
13	1.80944629273541	a7	a15
13	1.80961237927378	a6	a10
13	1.80963131422115	a8	a56
12	1.81015878775506	a8	a56	a42	0
12	1.81032162830246	a6	a10	a30	0
12	1.81040007308442	a7	a14	a31	0
13	1.8105656186243	a7	a14
12	1.81058401257317	a7	a14	a31	1
12	1.81067544131905	a7	a17	a31	2
12	1.81073873814312	a7	a16	a31	3
13	1.81075009911154	a7	a14
12	1.81080311696418	a7	a15	a31	4
12	1.81082746189652	a7	a14	a31	5
13	1.8109037426845	a7	a16
13	1.81091185766194	a7	a17
12	1.81096487551458	a7	a16	a31	6
13	1.81097082649804	a7	a14
12	1.81098813844993	a7	a17	a31	7
12	1.81101031938827	a7	a14	a31	8
13	1.81102979533414	a7	a15
13	1.81108660017626	a7	a16
13	1.81109742014618	a7	a17
12	1.81109796114468	a7	a15	a31	9
12	1.81116720895221	a7	a17	a31	10
13	1.81117532392965	a7	a14
12	1.81119479987552	a7	a16	a31	11
12	1.81121102983041	a7	a14	a31	12
13	1.81122239079883	a7	a15
13	1.81129380260035	a7	a17
12	1.81130624556576	a7	a15	a31	13
13	1.81130895055824	a7	a16
13	1.8113295085011	a7	a14
12	1.81139713331314	a7	a17	a31	14
12	1.81141228127104	a7	a14	a31	15
13	1.8114485281703	a7	a15
13	1.81152697295226	a7	a17
13	1.81154482590264	a7	a14
13	1.81169630548161	a6	a10
13	1.81192136085608	a8	a56
12	1.81198844466962	a8	a56	a45	0
12	1.81204416751475	a6	a10	a32	0
12	1.81213397326514	a7	a14	a33	0
13	1.81220105707868	a7	a14
12	1.81221836903056	a7	a14	a33	1
13	1.81224433695838	a7	a14
12	1.81226164891027	a7	a15	a33	2
12	1.81229140382757	a7	a14	a33	3
13	1.81231899475088	a7	a14
12	1.81235740564412	a7	a14	a33	4
13	1.81237742258848	a7	a15
13	1.81238175057645	a7	a14
12	1.81239852152984	a7	a14	a33	5
13	1.8124190794727	a7	a14
12	1.81243476842909	a7	a14	a33	6
13	1.81246993333135	a7	a14
12	1.81248724528323	a7	a15	a33	7
13	1.81251050821858	a7	a15
12	1.81252349218249	a7	a14	a33	8
13	1.81255919808324	a7	a14
12	1.81261221593588	a7	a15	a33	9
13	1.81264846283514	a7	a15
12	1.81265657781258	a7	a14	a33	10
13	1.81269498870582	a7	a14
12	1.81273664559004	a7	a17	a33	11
12	1.81275990852538	a7	a14	a33	12
13	1.81278100746674	a7	a17
13	1.81280318840509	a7	a14
12	1.81280968038704	a7	a15	a33	13
13	1.81284863227878	a7	a15
12	1.81286756722615	a7	a14	a33	14
12	1.81289407615247	a7	a16	a33	15
13	1.81290706011638	a7	a14
13	1.81296007796902	a7	a16
13	1.81316728039311	a6	a10
13	1.81324572517508	a8	a56
12	1.81391331731954	a8	a56	a50	0
12	1.81782365445095	a6	a10	a34	0
12	1.81841767079992	a7	a14	a35	0
12	1.81860431528115	a7	a15	a35	1
12	1.81871738396688	a7	a16	a35	2
12	1.81879636974734	a7	a17	a35	3
13	1.83451832704895	a7	a14
13	1.83933916464968	a7	a16
13	1.8397768324332	a7	a15
13	1.8400424626949	a7	a17
13	1.84018528629793	a6	a10
12	1.84028483002125	a6	a10	a36	0
12	1.8403508318378	a7	a14	a37	0
12	1.84049257344384	a7	a16	a37	1
12	1.84071221883334	a7	a15	a37	2
12	1.84103194894467	a7	a17	a37	3
13	1.84235685426216	a7	a17
13	1.84261761553739	a7	a15
13	1.84356760889693	a7	a14
13	1.84462526095724	a7	a16
13	1.8447783635317	a6	a10
12	1.8479697136615	a6	a10	a38	0
12	1.8480589784134	a7	a14	a39	0
12	1.84823101593523	a7	a15	a39	1
12	1.84847230126459	a7	a17	a39	2
12	1.84858266495784	a7	a16	a39	3
13	1.85023054637763	a7	a14
13	1.85041015787841	a7	a17
13	1.85047886468745	a7	a15
13	1.85079047982133	a7	a16
13	1.85094736938526	a6	a10
12	1.85103447014317	a6	a10	a40	0
12	1.85111345592363	a7	a14	a41	0
12	1.85140559511165	a7	a15	a41	1
12	1.85159440358686	a7	a17	a41	2
12	1.85161063354175	a7	a16	a41	3
13	1.85205046531926	a7	a14
13	1.8531481512683	a7	a17
13	1.85338727260367	a7	a16
13	1.85340079756608	a7	a15
13	1.85360150800822	a6	a10
12	1.85396830498872	a8	a57	a49	0
13	1.86219040013582	a8	a57
12	1.86228886186216	a8	a57	a54	0
12	1.86597143862662	a8	a58	a53	0
13	1.88507301353476	a8	a58
12	1.88511683441296	a8	a58	a52	0
13	1.89254203877498	a8	a58
12	1.89259126963814	a8	a58	a51	0
13	1.89695983249594	a8	a58
13	1.90072734602433	a8	a57
13	1.90084257870405	a8	a56
13	1.90109360200634	a8	a55
12	1.90169952032222	a8	a55	a46	0
12	1.90173089823501	a8	a56	a48	0
13	1.93991998209038	a8	a56
12	1.94011582354605	a6	a10	a20	0
12	1.94019805531749	a7	a14	a21	0
12	1.94032951795209	a7	a16	a21	1
12	1.94042635668293	a7	a17	a21	2
13	1.94073364382885	a7	a14
12	1.94077638271005	a7	a14	a21	3
13	1.94082074458675	a7	a17
13	1.94113344171763	a7	a16
13	1.94159166744401	a7	a14
13	1.94167173522147	a6	a10
12	1.94185621570871	a8	a56	a44	0
12	1.94188488862902	a8	a57	a43	0
12	1.94210453401853	a6	a10	a22	0
12	1.94215755187116	a7	a14	a23	0
12	1.94239559120955	a7	a17	a23	1
12	1.94247728198249	a7	a16	a23	2
13	1.94296850861715	a7	a14
12	1.9430345104337	a7	a14	a23	3
13	1.94305939636453	a7	a17
12	1.94313243116154	a7	a17	a23	4
13	1.94343917730895	a7	a16
12	1.94351491709844	a7	a16	a23	5
13	1.94372915250298	a7	a17
13	1.94377459637667	a7	a14
12	1.94379028533306	a7	a17	a23	6
12	1.94381787625638	a7	a14	a23	7
13	1.94417277126996	a7	a16
12	1.94423931408501	a7	a16	a23	8
13	1.94436428473766	a7	a17
12	1.94443894253015	a7	a17	a23	9
13	1.94469483481892	a7	a14
12	1.94474677067456	a7	a14	a23	10
13	1.94500807294829	a7	a17
13	1.94506000880393	a7	a16
12	1.94508435373627	a7	a17	a23	11
12	1.94514927355583	a7	a16	a23	12
13	1.94561453226266	a7	a17
12	1.94569135404914	a7	a17	a23	13
13	1.94571299398899	a7	a14
12	1.9457703398296	a7	a14	a23	14
13	1.94596347629279	a7	a16
12	1.94603218310182	a7	a16	a23	15
13	1.94637571714699	a7	a17
13	1.94654829566731	a7	a14
13	1.94674251412749	a7	a16
13	1.94690210868391	a6	a10
12	1.94721318281929	a6	a10	a24	0
12	1.94729162760126	a7	a14	a25	0
13	1.94736790838924	a7	a14
12	1.94738522034112	a7	a14	a25	1
13	1.94743120521331	a7	a14
12	1.9474479761667	a7	a14	a25	2
13	1.94749287904189	a7	a14
12	1.94750964999528	a7	a14	a25	3
13	1.94755292987498	a7	a14
13	1.94763083365845	a6	a10
12	1.94772172140584	a6	a10	a26	0
12	1.94777906724645	a7	a14	a27	0
13	1.9478737419833	a7	a14
12	1.94789213593218	a7	a14	a27	1
13	1.94796138373971	a7	a14
12	1.94797923669009	a7	a14	a27	2
13	1.94804632050363	a7	a14
12	1.948065255451	a7	a14	a27	3
13	1.94812584728259	a7	a14
13	1.94827462186908	a6	a10
12	1.94850184123753	a6	a10	a22	0
12	1.94856026907514	a7	a14	a23	0
12	1.94880912838344	a7	a17	a23	1
12	1.94891624608572	a7	a16	a23	2
13	1.949242468179	a7	a14
12	1.94928791205269	a7	a14	a23	3
13	1.94941234170684	a7	a17
12	1.94947672052791	a7	a17	a23	4
13	1.94960656016702	a7	a16
12	1.94968500494899	a7	a16	a23	5
13	1.94992737227534	a7	a14
12	1.94999932507535	a7	a14	a23	6
13	1.9500945408107	a7	a17
12	1.95016000162876	a7	a17	a23	7
13	1.95029957924081	a7	a16
12	1.9503747780318	a7	a16	a23	8
13	1.95064960526793	a7	a14
12	1.95069559014012	a7	a14	a23	9
13	1.95078160890103	a7	a17
12	1.95084761071759	a7	a17	a23	10
13	1.9509920573161	a7	a16
12	1.95106455111461	a7	a16	a23	11
13	1.95138644521992	a7	a17
12	1.9514632670064	a7	a17	a23	12
13	1.95153089181844	a7	a14
12	1.95157254870266	a7	a14	a23	13
13	1.95185549091623	a7	a16
12	1.95193123070572	a7	a16	a23	14
13	1.95203402042002	a7	a17
12	1.9521097602095	a7	a17	a23	15
13	1.95235537352683	a7	a14
13	1.9526994485705	a7	a17
13	1.95288825704571	a7	a16
13	1.95304947459762	a6	a10
13	1.95321015115102	a8	a57
12	1.95324693904877	a6	a10	a28	0
12	1.95332808882322	a7	a14	a29	0
13	1.95341194359015	a7	a14
12	1.95343087853752	a7	a14	a29	1
13	1.95350661832701	a7	a14
12	1.95352555327438	a7	a14	a29	2
13	1.95359967006838	a7	a14
12	1.95361698202026	a7	a14	a29	3
13	1.95369109881425	a7	a14
12	1.95370895176463	a7	a16	a29	4
12	1.95373167370148	a7	a14	a29	5
12	1.95381498746991	a7	a17	a29	6
13	1.95382364344585	a7	a14
13	1.95385772635112	a7	a16
12	1.95386530033007	a7	a14	a29	7
13	1.95390749821278	a7	a17
12	1.95393292514211	a7	a16	a29	8
13	1.95394320411354	a7	a14
12	1.95398702499174	a7	a17	a29	9
13	1.95399622196618	a7	a16
13	1.95404761682333	a7	a17
12	1.95406330577972	a7	a16	a29	10
12	1.95407412574965	a7	a14	a29	11
13	1.95413579957823	a7	a16
12	1.95414878354214	a7	a17	a29	12
13	1.95419044042636	a7	a14
13	1.95420071939779	a7	a17
12	1.95422722832411	a7	a14	a29	14
12	1.9542726721978	a7	a17	a29	15
12	1.9542726721978	a7	a16	a29	13
13	1.95428403316622	a7	a14
13	1.95431919806848	a7	a17
13	1.95436842893165	a7	a16
13	1.95455669640837	a6	a10
13	1.9545956483001	a8	a56
12	1.95499544618889	a8	a56	a42	0
12	1.95509931790018	a6	a10	a30	0
12	1.95515017175883	a7	a14	a31	0
13	1.95530056934081	a7	a14
12	1.9553173402942	a7	a14	a31	1
13	1.95542175300399	a7	a14
12	1.95546611488069	a7	a14	a31	2
12	1.9555234607213	a7	a17	a31	3
12	1.95570848220704	a7	a16	a31	4
13	1.95575122108825	a7	a14
12	1.95580532093788	a7	a14	a31	5
13	1.95582912487172	a7	a17
12	1.95587294574992	a7	a17	a31	6
13	1.95592650460106	a7	a16
13	1.95594327555444	a7	a14
12	1.9559789814552	a7	a14	a31	7
12	1.95601360535896	a7	a16	a31	8
13	1.95604281927777	a7	a17
12	1.95611964106424	a7	a17	a31	9
13	1.95618726587628	a7	a14
13	1.95619051186726	a7	a16
12	1.95622188978005	a7	a14	a31	10
12	1.95624190672441	a7	a16	a31	11
13	1.95626084167178	a7	a17
12	1.9563620083906	a7	a17	a31	12
13	1.95642476421617	a7	a14
13	1.95643125619812	a7	a16
12	1.95646209311241	a7	a14	a31	13
13	1.9564934710252	a7	a17
12	1.9565232259425	a7	a16	a31	14
12	1.95654324288686	a7	a17	a31	15
13	1.95661357269139	a7	a14
13	1.95667308252598	a7	a17
13	1.95673529735306	a7	a16
13	1.95686567799067	a6	a10
13	1.95710588132304	a8	a56
12	1.95717242413809	a8	a56	a45	0
12	1.95721786801178	a6	a10	a32	0
12	1.95727196786141	a7	a14	a33	0
13	1.95733959267345	a7	a14
12	1.95735636362684	a7	a14	a33	1
13	1.95737800356669	a7	a14
12	1.95739369252308	a7	a14	a33	2
13	1.95741425046594	a7	a14
12	1.95745807134414	a7	a14	a33	3
13	1.95748025228249	a7	a14
12	1.95748187527798	a7	a16	a33	4
12	1.95751325319077	a7	a14	a33	5
13	1.95755112308551	a7	a14
13	1.95756951703439	a7	a16
12	1.9575825009983	a7	a14	a33	6
13	1.95763119086297	a7	a14
12	1.9576409288359	a7	a16	a33	7
12	1.95766419177124	a7	a14	a33	8
13	1.95767176575019	a7	a16
13	1.95770368466147	a7	a14
12	1.95775453852013	a7	a16	a33	9
13	1.95778050644795	a7	a16
12	1.95779511340735	a7	a14	a33	10
12	1.95782270433066	a7	a17	a33	11
13	1.95783893428555	a7	a14
12	1.9578768041803	a7	a16	a33	12
13	1.95788275516376	a7	a17
12	1.9578908701412	a7	a14	a33	13
13	1.95790926409008	a7	a16
13	1.95791521507354	a7	a14
12	1.95797093791866	a7	a14	a33	15
13	1.9580093488119	a7	a14
12	1.95801043080889	a7	a17	a33	14
13	1.95803639873671	a7	a17
13	1.95819599329313	a6	a10
13	1.95825712612321	a8	a56
12	1.95889496335037	a8	a56	a50	0
12	1.96266409987425	a6	a10	a34	0
12	1.9627447086502	a7	a14	a35	0
12	1.96301087991039	a7	a17	a35	1
12	1.96308770169687	a7	a16	a35	2
12	1.97169120078388	a7	a15	a35	3
13	1.97766490618027	a7	a14
13	1.98105858974769	a7	a16
13	1.98128797311014	a7	a17
13	1.98221037554636	a7	a15
13	1.98237321609376	a6	a10
12	1.98246572683663	a6	a10	a36	0
12	1.98256364756446	a7	a14	a37	0
12	1.98261774741409	a7	a17	a37	1
12	1.98290934560361	a7	a16	a37	2
12	1.98317497586531	a7	a15	a37	3
13	1.98491645002497	a7	a16
13	1.98577230964615	a7	a15
13	1.98746455294264	a7	a14
13	1.9879860754931	a7	a17
13	1.98812186611567	a6	a10
12	1.99121421352065	a6	a10	a38	0
12	1.99129860928608	a7	a14	a39	0
12	1.99149769673272	a7	a17	a39	1
12	1.9918682807027	a7	a15	a39	2
12	1.99189695362301	a7	a16	a39	3
13	1.99313475818259	a7	a14
13	1.99363301779771	a7	a17
13	1.99384454820977	a7	a16
13	1.99416265532561	a7	a15
13	1.9943395618339	a6	a10
12	1.99443261357527	a6	a10	a40	0
12	1.99452350132265	a7	a14	a41	0
12	1.99462575003846	a7	a16	a41	1
12	1.99500607198137	a7	a15	a41	2
12	1.9951045337077	a7	a17	a41	3
13	1.99546429770776	a7	a14
13	1.99636019121767	a7	a16
13	1.99675512011998	a7	a17
13	1.99702886535912	a7	a15
13	1.99723228079374	a6	a10
12	1.99758717580732	a8	a57	a49	0
13	2.0057102682296	a8	a57
12	2.00577627004615	a8	a57	a54	0
12	2.00920620051283	a8	a58	a53	0
13	2.03945559043618	a8	a58
12	2.03949995231288	a8	a58	a52	0
13	2.04707393126139	a8	a58
12	2.04728546167345	a8	a58	a51	0
13	2.05171894435081	a8	a58
13	2.05568121733787	a8	a57
13	2.05602258738905	a8	a56
13	2.05628172566879	a8	a55
12	2.05779219347052	a8	a55	a46	0
12	2.05787117925098	a8	a56	a48	0
13	2.0955095266371	a8	a56
12	2.09596396537401	a6	a10	a20	0
12	2.09604782014094	a7	a14	a21	0
12	2.09626043254999	a7	a17	a21	1
12	2.09643192907332	a7	a16	a21	2
12	2.0965677196959	a7	a15	a21	3
13	2.09667429639968	a7	a14
13	2.09680575903428	a7	a17
13	2.09718662197569	a7	a16
13	2.09754422198176	a7	a15
13	2.09768379959381	a6	a10
12	2.09807169551568	a8	a56	a44	0
12	2.09810686041794	a8	a57	a43	0
12	2.0983324567909	a6	a10	a22	0
12	2.09840170459843	a7	a14	a23	0
12	2.0985531841774	a7	a16	a23	1
12	2.09867220384659	a7	a17	a23	2
12	2.09898219598499	a7	a15	a23	3
13	2.09911690461057	a7	a14
12	2.09916234848426	a7	a14	a23	4
13	2.09921103834893	a7	a17
12	2.0992894831309	a7	a17	a23	5
13	2.09955294939861	a7	a16
12	2.09960542625275	a7	a16	a23	6
13	2.09970172398509	a7	a17
12	2.09976231581668	a7	a17	a23	7
13	2.09989702444227	a7	a15
13	2.09996951824077	a7	a14
12	2.09999007618363	a7	a15	a23	8
12	2.10001820810544	a7	a14	a23	9
13	2.10017401567238	a7	a17
12	2.10023623049946	a7	a17	a23	10
13	2.10036066015361	a7	a16
12	2.10045695788596	a7	a16	a23	11
13	2.10068255425893	a7	a17
13	2.10073557211157	a7	a15
12	2.10075667105292	a7	a17	a23	12
12	2.1008183448815	a7	a15	a23	13
13	2.10093195456573	a7	a14
12	2.10097469344694	a7	a14	a23	14
13	2.10121435578081	a7	a17
12	2.10127332461691	a7	a17	a23	15
13	2.10132417847556	a7	a16
13	2.10160171070418	a7	a15
13	2.10176996123653	a7	a14
13	2.10177050223503	a7	a17
13	2.10193496577791	a6	a10
12	2.10228823779601	a6	a10	a24	0
12	2.10238832251783	a7	a14	a25	0
13	2.10246243931183	a7	a14
12	2.10248462025017	a7	a17	a25	1
12	2.10251437516747	a7	a14	a25	2
13	2.10257118000959	a7	a14
12	2.10259119695395	a7	a14	a25	3
13	2.1026420508126	a7	a17
13	2.10265232978403	a7	a14
13	2.10279082539909	a6	a10
12	2.10289469711039	a6	a10	a26	0
12	2.10301155278559	a7	a14	a27	0
13	2.10311001451192	a7	a14
12	2.10313490044275	a7	a14	a27	1
13	2.1032160502172	a7	a14
12	2.10325824809992	a7	a14	a27	2
12	2.10329882298714	a7	a17	a27	3
13	2.10333128289692	a7	a14
13	2.10350277942025	a7	a17
13	2.10361260211501	a6	a10
12	2.10389824932106	a6	a10	a22	0
12	2.10396046414814	a7	a14	a23	0
12	2.10408759879478	a7	a16	a23	1
12	2.10412330469553	a7	a17	a23	2
12	2.10425368533315	a7	a15	a23	3
13	2.10456800545951	a7	a17
12	2.10465077822945	a7	a17	a23	4
13	2.10469189411517	a7	a14
12	2.10473355099939	a7	a14	a23	5
13	2.10478819184751	a7	a16
12	2.104863931637	a7	a16	a23	6
13	2.10502082120093	a7	a15
13	2.10506842906861	a7	a17
12	2.10512577490922	a7	a15	a23	7
12	2.10515066084005	a7	a17	a23	8
13	2.10553098278296	a7	a14
13	2.10554450774537	a7	a16
12	2.10557426266267	a7	a14	a23	9
13	2.10557913164914	a7	a17
12	2.10562187053035	a7	a16	a23	10
12	2.10564946145366	a7	a17	a23	11
13	2.10591346871986	a7	a15
12	2.1059967824883	a7	a15	a23	12
13	2.10624780579059	a7	a17
13	2.10627810170638	a7	a16
12	2.10634410352294	a7	a17	a23	13
13	2.10635600548986	a7	a14
12	2.10636141547482	a7	a16	a23	14
12	2.10639549838009	a7	a14	a23	15
13	2.1067168514869	a7	a15
13	2.10679313227488	a7	a17
13	2.10703441760424	a7	a16
13	2.10721565210051	a7	a14
13	2.1072762439321	a6	a10
13	2.10741690354114	a8	a57
12	2.10747641337574	a6	a10	a28	0
12	2.10753646420883	a7	a14	a29	0
13	2.10764574590509	a7	a14
12	2.10766305785697	a7	a14	a29	1
13	2.10772960067202	a7	a14
12	2.10774799462089	a7	a14	a29	2
13	2.10780588146	a7	a14
12	2.10782211141489	a7	a14	a29	3
13	2.10788865422994	a7	a14
12	2.10796331202243	a7	a14	a29	4
12	2.10800226391416	a7	a17	a29	5
13	2.10802877284048	a7	a14
12	2.10803418282545	a7	a16	a29	6
12	2.10806934772771	a7	a14	a29	7
12	2.10808936467207	a7	a15	a29	8
13	2.10813751353824	a7	a14
13	2.10816077647359	a7	a17
12	2.10818025241945	a7	a14	a29	9
12	2.10824084425104	a7	a17	a29	10
13	2.10824463124052	a7	a14
13	2.10824895922849	a7	a16
12	2.10828737012172	a7	a14	a29	11
13	2.10830143608263	a7	a17
13	2.10830792806459	a7	a15
12	2.10832794500895	a7	a16	a29	12
13	2.10837068389016	a7	a14
12	2.10840584879242	a7	a15	a29	14
12	2.10841071777889	a7	a17	a29	13
12	2.10842640673528	a7	a14	a29	15
13	2.10845129266611	a7	a16
13	2.10846968661499	a7	a17
13	2.10849619554131	a7	a14
13	2.10851837647965	a7	a15
13	2.10876020280751	a6	a10
13	2.10879266271729	a8	a56
12	2.10959875047681	a8	a56	a42	0
12	2.10973021311142	a6	a10	a30	0
12	2.10981677287083	a7	a14	a31	0
12	2.10994553051295	a7	a15	a31	1
13	2.11000071235958	a7	a14
12	2.11004777922876	a7	a14	a31	2
12	2.11016030691599	a7	a17	a31	3
13	2.11021332476863	a7	a14
12	2.11025606364984	a7	a14	a31	4
13	2.11028040858218	a7	a15
12	2.11039618226039	a7	a15	a31	5
13	2.11042160918972	a7	a17
12	2.11044974111152	a7	a16	a31	6
13	2.11049626698221	a7	a14
12	2.1105124969371	a7	a17	a31	7
12	2.11055307182432	a7	a14	a31	8
13	2.11062610662132	a7	a17
12	2.11066289451907	a7	a17	a31	9
13	2.11067858347547	a7	a15
13	2.11075702825743	a7	a14
12	2.11075973324992	a7	a15	a31	10
12	2.11081383309955	a7	a14	a31	11
13	2.1108203250815	a7	a16
13	2.11083060405293	a7	a17
12	2.11090039285896	a7	a17	a31	12
13	2.1110123795477	a7	a17
13	2.1110123795477	a7	a14
13	2.11101670753567	a7	a15
12	2.11104700345146	a7	a17	a31	14
12	2.11108866033568	a7	a14	a31	15
12	2.11111354626651	a7	a16	a31	13
13	2.11126069785751	a7	a17
13	2.11136240557482	a7	a14
13	2.11137268454625	a7	a16
13	2.11154688606206	a6	a10
13	2.11182712328316	a8	a56
12	2.11188933811024	a8	a56	a45	0
12	2.11193640497942	a6	a10	a32	0
12	2.11199375082003	a7	a14	a33	0
13	2.11206083463357	a7	a14
12	2.11209924552681	a7	a14	a33	1
12	2.11211980346967	a7	a16	a33	2
13	2.11212629545163	a7	a14
12	2.11216470634486	a7	a14	a33	3
13	2.11220474023359	a7	a14
12	2.11222367518096	a7	a14	a33	4
13	2.11222638017345	a7	a16
13	2.11225343009826	a7	a14
12	2.11228859500052	a7	a16	a33	5
13	2.11231726792083	a7	a16
12	2.11233403887421	a7	a17	a33	6
12	2.11237461376144	a7	a14	a33	7
13	2.11240328668174	a7	a17
12	2.1124249266216	a7	a15	a33	8
13	2.11242546762009	a7	a14
12	2.11244873055543	a7	a16	a33	9
12	2.11246387851333	a7	a17	a33	10
13	2.11247902647123	a7	a16
13	2.11248064946672	a7	a17
12	2.11248876444416	a7	a14	a33	11
13	2.11255584825771	a7	a14
12	2.11255747125319	a7	a16	a33	12
13	2.11257316020959	a7	a15
13	2.11258884916598	a7	a16
12	2.11260670211636	a7	a14	a33	13
12	2.11263537503666	a7	a17	a33	14
13	2.11266188396298	a7	a14
12	2.11268027791186	a7	a15	a33	15
13	2.11268352390284	a7	a17
13	2.11270732783668	a7	a15
13	2.11293184221265	a6	a10
13	2.11301894297056	a8	a56
12	2.11377471786992	a8	a56	a50	0
12	2.1177494338224	a6	a10	a34	0
12	2.11782787860436	a7	a14	a35	0
12	2.11794527527806	a7	a17	a35	1
12	2.11800208012018	a7	a16	a35	2
12	2.11806104895628	a7	a15	a35	3
13	2.13902311769327	a7	a14
13	2.140019095925	a7	a16
13	2.14014352557915	a7	a17
13	2.14077595282135	a7	a15
13	2.14096259730258	a6	a10
12	2.14107837098079	a6	a10	a36	0
12	2.14113733981689	a7	a14	a37	0
12	2.14121794859284	a7	a17	a37	1
12	2.14137970714324	a7	a16	a37	2
12	2.14171133922149	a7	a15	a37	3
13	2.1434603873601	a7	a16
13	2.14347228932702	a7	a15
13	2.1475346470359	a7	a17
13	2.14763040376975	a7	a14
13	2.1477115535442	a6	a10
12	2.15079362197774	a6	a10	a38	0
12	2.15085204981535	a7	a14	a39	0
12	2.15136816238084	a7	a17	a39	1
12	2.15142280322897	a7	a15	a39	2
12	2.15148231306356	a7	a16	a39	3
13	2.15287808918407	a7	a14
13	2.15306040567733	a7	a17
13	2.15362088011952	a7	a15
13	2.15383403352707	a7	a16
13	2.15396982414965	a6	a10
12	2.1540358259662	a6	a10	a40	0
12	2.15414186167148	a7	a14	a41	0
12	2.15444536182792	a7	a15	a41	1
12	2.1545957594099	a7	a17	a41	2
13	2.1550507391453	a7	a14
12	2.15513783990321	a7	a14	a41	3
13	2.1558600728958	a7	a17
13	2.15625013281165	a7	a15
13	2.15673053947638	a7	a14
13	2.15678463932601	a6	a10
12	2.15714873131404	a8	a57	a49	0
13	2.16332260615407	a8	a57
12	2.16342323187438	a8	a57	a54	0
12	2.16710418564336	a8	a58	a53	0
13	2.18570695993788	a8	a58
12	2.18574428883413	a8	a58	a52	0
13	2.19320357610142	a8	a58
12	2.19325334796308	a8	a58	a51	0
13	2.19758836891411	a8	a58
13	2.20125363372669	a8	a57
13	2.20134939046054	a8	a56
13	2.20154847790719	a8	a55
12	2.20208406641854	a8	a55	a46	0
12	2.20211652632832	a8	a56	a48	0
13	2.2416132035493	a8	a56
12	2.24181066800046	a6	a10	a20	0
12	2.24188045680649	a7	a14	a21	0
12	2.24200975544711	a7	a15	a21	1
12	2.24203788736892	a7	a16	a21	2
12	2.24214933305916	a7	a17	a21	3
13	2.24247014516748	a7	a14
13	2.24293648587131	a7	a16
13	2.24326378996158	a7	a17
13	2.24329570887287	a7	a15
13	2.24347856636462	a6	a10
12	2.24366683384134	a8	a56	a44	0
12	2.24369550676165	a8	a57	a43	0
12	2.24392164413311	a6	a10	a22	0
12	2.24398007197071	a7	a14	a23	0
12	2.24409314065644	a7	a15	a23	1
12	2.24434632795272	a7	a17	a23	2
12	2.24447238060237	a7	a16	a23	3
13	2.24480022569114	a7	a14
12	2.24487758847611	a7	a14	a23	4
13	2.24491113038288	a7	a17
12	2.24497550920394	a7	a17	a23	5
13	2.24499931313778	a7	a15
12	2.24506856094531	a7	a15	a23	6
13	2.2450999388581	a7	a16
12	2.24518108863255	a7	a16	a23	7
13	2.24538666806115	a7	a17
12	2.24545970285815	a7	a17	a23	8
13	2.2456138874296	a7	a14
13	2.24562254340555	a7	a16
12	2.24569666019954	a7	a16	a23	9
13	2.24572803811233	a7	a15
12	2.24573020210631	a7	a14	a23	10
12	2.24581676186573	a7	a15	a23	11
13	2.24589899363717	a7	a17
12	2.24596337245823	a7	a17	a23	12
13	2.24613649197705	a7	a16
12	2.2462024937936	a7	a16	a23	13
13	2.24639076127032	a7	a17
12	2.24645838608236	a7	a17	a23	14
13	2.2464675830568	a7	a15
12	2.24655792980569	a7	a15	a23	15
13	2.24661906263577	a7	a16
13	2.24663312859668	a7	a14
13	2.24694041574259	a7	a17
13	2.24722443995316	a7	a15
13	2.24737321453964	a6	a10
12	2.24768591167052	a6	a10	a24	0
12	2.24774920849459	a7	a14	a25	0
13	2.24783414525851	a7	a14
12	2.24785849019084	a7	a14	a25	1
13	2.24790772105401	a7	a14
12	2.24792557400439	a7	a14	a25	2
13	2.24797480486755	a7	a14
12	2.24799482181192	a7	a17	a25	3
13	2.24812033346306	a7	a17
13	2.24837893074431	a6	a10
12	2.24848658944507	a6	a10	a26	0
12	2.2485412302932	a7	a14	a27	0
13	2.24862779005261	a7	a14
12	2.24865051198946	a7	a14	a27	1
13	2.24871380881353	a7	a14
12	2.24873166176391	a7	a14	a27	2
13	2.24879604058497	a7	a14
12	2.24887286237145	a7	a17	a27	3
13	2.24900648900004	a7	a17
13	2.24916662455495	a6	a10
12	2.24940520489183	a6	a10	a22	0
12	2.24947823968883	a7	a14	a23	0
12	2.24962701427532	a7	a17	a23	1
12	2.24974441094902	a7	a15	a23	2
12	2.24994025240469	a7	a16	a23	3
13	2.25015124181826	a7	a17
12	2.25022481761376	a7	a17	a23	4
13	2.25029514741828	a7	a14
12	2.25033842729799	a7	a14	a23	5
13	2.25037034620927	a7	a16
13	2.25037575619423	a7	a15
12	2.25042931504537	a7	a16	a23	6
12	2.2504542009762	a7	a15	a23	7
13	2.25064409144841	a7	a17
12	2.25074417617023	a7	a17	a23	8
13	2.25106823426952	a7	a16
13	2.25111313714472	a7	a14
12	2.25114072806803	a7	a16	a23	9
13	2.25115100703946	a7	a17
12	2.25116507300037	a7	a14	a23	10
13	2.25117102398382	a7	a15
12	2.25125379675376	a7	a17	a23	11
12	2.25127327269963	a7	a15	a23	12
13	2.25155134592674	a7	a16
12	2.25162762671472	a7	a16	a23	13
13	2.25172013745759	a7	a17
12	2.25179533624858	a7	a17	a23	14
13	2.2519100279298	a7	a14
12	2.25196791476891	a7	a14	a23	15
13	2.25197927573733	a7	a15
13	2.2520425725614	a7	a16
13	2.25219946212533	a7	a17
13	2.252763723557	a7	a14
13	2.25282052839911	a6	a10
13	2.2529390070698	a8	a57
12	2.25297254897658	a6	a10	a28	0
12	2.25301150086831	a7	a14	a29	0
13	2.25311104459164	a7	a14
12	2.25314945548487	a7	a14	a29	1
12	2.25318299739165	a7	a16	a29	2
13	2.25324683521421	a7	a14
12	2.25325386819466	a7	a17	a29	3
12	2.25329011509392	a7	a14	a29	4
12	2.25331716501873	a7	a15	a29	5
13	2.25333988695558	a7	a16
13	2.25334150995107	a7	a17
13	2.25338911781874	a7	a14
12	2.25342915170747	a7	a17	a29	6
13	2.25343780768341	a7	a15
12	2.25344808665484	a7	a14	a29	7
13	2.25347080859169	a7	a17
12	2.25347243158718	a7	a16	a29	8
12	2.25351625246538	a7	a15	a29	9
13	2.25352328544583	a7	a14
13	2.25354817137666	a7	a16
12	2.25354979437215	a7	a17	a29	10
12	2.25357035231501	a7	a14	a29	11
13	2.25359415624885	a7	a17
12	2.25361038620374	a7	a16	a29	12
13	2.25364933809548	a7	a14
13	2.25366556805037	a7	a16
13	2.25366827304285	a7	a15
12	2.25367638802029	a7	a17	a29	13
12	2.25369802796014	a7	a14	a29	14
13	2.25376240678121	a7	a17
12	2.25376781676617	a7	a16	a29	15
13	2.25377917773459	a7	a14
13	2.25382137561731	a7	a16
13	2.25401613507598	a6	a10
13	2.25404372599929	a8	a56
12	2.25447814779184	a8	a56	a42	0
12	2.254601495449	a6	a10	a30	0
12	2.25465775929262	a7	a14	a31	0
13	2.25484981375881	a7	a14
12	2.25486820770769	a7	a14	a31	1
13	2.25500183433628	a7	a14
12	2.25507432813479	a7	a14	a31	2
12	2.25512842798442	a7	a17	a31	3
12	2.25514303494382	a7	a16	a31	4
12	2.25519442980097	a7	a15	a31	5
13	2.25528748154234	a7	a14
12	2.25532426944009	a7	a14	a31	6
13	2.25536322133182	a7	a17
13	2.2553670083213	a7	a16
13	2.25539351724762	a7	a15
12	2.2554692570371	a7	a17	a31	7
12	2.25548765098598	a7	a16	a31	8
12	2.25550712693185	a7	a15	a31	9
13	2.25556880076043	a7	a17
13	2.25556934175892	a7	a14
13	2.25558016172885	a7	a16
12	2.25569268941608	a7	a17	a31	10
12	2.25571865734391	a7	a14	a31	11
12	2.25576193722361	a7	a16	a31	12
13	2.25582090605971	a7	a17
13	2.25582090605971	a7	a15
13	2.25588907187025	a7	a16
12	2.25591666279356	a7	a17	a31	13
12	2.25592315477552	a7	a15	a31	14
13	2.25599618957252	a7	a14
12	2.25601512451989	a7	a16	a31	15
13	2.25608437232742	a7	a17
13	2.25614117716953	a7	a16
13	2.25614225916653	a7	a15
13	2.25638083950341	a6	a10
13	2.25659669790344	a8	a56
12	2.25666702770796	a8	a56	a45	0
12	2.25673465252	a6	a10	a32	0
12	2.25679091636362	a7	a14	a33	0
13	2.2568369012358	a7	a14
12	2.25685421318769	a7	a14	a33	1
13	2.25688072211401	a7	a14
12	2.25689803406589	a7	a14	a33	2
12	2.25692237899822	a7	a15	a33	3
13	2.25692454299221	a7	a14
12	2.25696782287191	a7	a14	a33	4
13	2.25700406977117	a7	a14
13	2.25700731576215	a7	a15
12	2.25704085766892	a7	a14	a33	5
12	2.25707494057419	a7	a15	a33	6
13	2.25707872756366	a7	a14
13	2.25710144950051	a7	a15
12	2.25712525343434	a7	a14	a33	7
13	2.25715609034863	a7	a14
12	2.25716691031856	a7	a17	a33	8
12	2.25717989428247	a7	a15	a33	9
13	2.25720315721781	a7	a17
13	2.25720694420729	a7	a15
12	2.25721073119676	a7	a14	a33	10
13	2.25725292907948	a7	a14
12	2.25730594693212	a7	a15	a33	11
13	2.25733299685693	a7	a15
12	2.25735139080581	a7	a17	a33	12
12	2.25736978475468	a7	a14	a33	13
13	2.2573816867216	a7	a17
12	2.25739412968702	a7	a16	a33	14
12	2.25743470457424	a7	a15	a33	15
13	2.25744498354567	a7	a14
13	2.25744660654116	a7	a16
13	2.25746067250206	a7	a15
13	2.25774361471564	a6	a10
13	2.25782476449009	a8	a56
12	2.25853509551576	a8	a56	a50	0
12	2.26247464656598	a6	a10	a34	0
12	2.26253848438854	a7	a14	a35	0
12	2.26266778302916	a7	a16	a35	1
12	2.26268617697804	a7	a15	a35	2
12	2.26295288923672	a7	a17	a35	3
13	2.28054399634313	a7	a14
13	2.28240935915845	a7	a17
13	2.28257057671035	a7	a16
13	2.31602592372291	a7	a15
13	2.31636080179213	a6	a10
12	2.31647711646884	a6	a10	a36	0
12	2.31654474128088	a7	a14	a37	0
12	2.31661831707638	a7	a16	a37	1
12	2.31687150437266	a7	a17	a37	2
12	2.31761375430961	a7	a15	a37	3
13	2.31819749168714	a7	a17
13	2.319322227561	a7	a15
13	2.32164094711623	a7	a14
13	2.32230475227122	a7	a16
13	2.32243188691785	a6	a10
12	2.32530512993182	a6	a10	a38	0
12	2.32537816472882	a7	a14	a39	0
12	2.32566272993789	a7	a16	a39	1
12	2.32571412479504	a7	a15	a39	2
12	2.32581150452438	a7	a17	a39	3
13	2.32754324071111	a7	a14
13	2.327632505463	a7	a16
13	2.32766875236225	a7	a17
13	2.32790787369763	a7	a15
13	2.32806530426006	a6	a10
12	2.32812751908713	a6	a10	a40	0
12	2.32819622589617	a7	a14	a41	0
12	2.32839855933379	a7	a16	a41	1
12	2.3284266912556	a7	a17	a41	2
12	2.32893252484966	a7	a15	a41	3
13	2.32914838324969	a7	a14
13	2.32940157054597	a7	a17
13	2.32974294059715	a7	a16
13	2.33053766738825	a7	a15
13	2.33068319598376	a6	a10
12	2.33104079598983	a8	a57	a49	0
13	2.33997538615658	a8	a57
12	2.34009711081826	a8	a57	a54	0
12	2.34353786125486	a8	a58	a53	0
13	2.36232132904716	a8	a58
12	2.36236569092386	a8	a58	a52	0
13	2.37008087047991	a8	a58
12	2.37013551132804	a8	a58	a51	0
13	2.37420706601136	a8	a58
13	2.37793400465252	a8	a57
13	2.37805627031269	a8	a56
13	2.37831053960596	a8	a55
12	2.37889535898049	a8	a55	a46	0
12	2.37892727789177	a8	a56	a48	0
13	2.41827031153979	a8	a56
12	2.4185045638887	a6	a10	a20	0
12	2.4185775986857	a7	a14	a21	0
12	2.41864901048722	a7	a17	a21	1
12	2.41893303469779	a7	a15	a21	2
12	2.41904069339856	a7	a16	a21	3
13	2.41918027101061	a7	a14
13	2.41957411791593	a7	a15
13	2.41967853062572	a7	a17
13	2.42001719568442	a7	a16
13	2.42016488827391	a6	a10
12	2.42034017178672	a8	a56	a44	0
12	2.42036235272507	a8	a57	a43	0
12	2.42058903109503	a6	a10	a22	0
12	2.42065449191308	a7	a14	a23	0
12	2.42075078964543	a7	a17	a23	1
12	2.42081733246048	a7	a15	a23	2
12	2.42109811068007	a7	a16	a23	3
13	2.42131829706807	a7	a17
12	2.42139079086658	a7	a17	a23	4
13	2.42147518663201	a7	a14
12	2.42154335244254	a7	a14	a23	5
13	2.42167589707414	a7	a15
13	2.42172188194633	a7	a16
12	2.42174947286964	a7	a15	a23	6
12	2.42178247377792	a7	a16	a23	7
13	2.42183819662304	a7	a17
12	2.4219025754441	a7	a17	a23	8
13	2.42222879753738	a7	a16
12	2.42231157030732	a7	a16	a23	9
13	2.42233645623815	a7	a14
12	2.42238406410583	a7	a14	a23	10
13	2.4224029990532	a7	a17
12	2.42246575487877	a7	a17	a23	11
13	2.42247224686073	a7	a15
12	2.42255772462315	a7	a15	a23	12
13	2.42290071766981	a7	a16
12	2.42298024444877	a7	a16	a23	13
13	2.42307329619014	a7	a17
12	2.42314741298414	a7	a17	a23	14
13	2.42319015186535	a7	a14
12	2.42322964475558	a7	a14	a23	15
13	2.42328103961273	a7	a15
13	2.42348661904133	a7	a16
13	2.42360347471654	a7	a17
13	2.42405520846096	a7	a14
13	2.42412770225947	a6	a10
12	2.42440036550162	a6	a10	a24	0
12	2.42446312132719	a7	a14	a25	0
13	2.42453669712269	a7	a14
12	2.42453940211517	a7	a16	a25	1
12	2.42457186202495	a7	a14	a25	2
13	2.42463299485504	a7	a14
12	2.42465030680692	a7	a14	a25	3
13	2.42468547170918	a7	a16
13	2.4246968326776	a7	a14
13	2.42488293616034	a6	a10
12	2.42499005386261	a6	a10	a26	0
12	2.42504577670773	a7	a14	a27	0
13	2.42513666445511	a7	a14
12	2.42515451740549	a7	a14	a27	1
13	2.42522484721001	a7	a14
12	2.42527948805814	a7	a14	a27	2
12	2.42533737489725	a7	a17	a27	3
13	2.42536983480703	a7	a14
13	2.42548236249426	a7	a17
13	2.42558893919804	a6	a10
12	2.42582319154694	a6	a10	a22	0
12	2.42591462029282	a7	a14	a23	0
12	2.42611370773947	a7	a17	a23	1
12	2.42616510259662	a7	a15	a23	2
12	2.42637879700267	a7	a16	a23	3
13	2.42661359035007	a7	a17
12	2.42668662514707	a7	a17	a23	4
13	2.42675262696363	a7	a14
12	2.42679752983882	a7	a14	a23	5
13	2.42680672681326	a7	a16
13	2.42684784269898	a7	a15
12	2.42686407265387	a7	a16	a23	6
12	2.42693602545388	a7	a15	a23	7
13	2.42711347296067	a7	a17
12	2.42718975374865	a7	a17	a23	8
13	2.42732500337273	a7	a16
12	2.42738992319229	a7	a16	a23	9
13	2.42758197765849	a7	a14
13	2.42761930655473	a7	a17
12	2.42762904452767	a7	a14	a23	10
13	2.42766475042842	a7	a15
12	2.42768584936978	a7	a17	a23	11
12	2.42776429415175	a7	a15	a23	12
13	2.42781244301792	a7	a16
12	2.42789359279237	a7	a16	a23	13
13	2.4280953852315	a7	a17
12	2.42817058402249	a7	a17	a23	14
13	2.42830421065108	a7	a16
12	2.42837670444958	a7	a16	a23	15
13	2.4283896884135	a7	a14
13	2.42844162426914	a7	a15
13	2.42860716980902	a7	a17
13	2.42879814227822	a7	a16
13	2.42893771989027	a6	a10
13	2.42903185362863	a8	a57
12	2.42907080552037	a6	a10	a28	0
12	2.42913139735195	a7	a14	a29	0
13	2.42923040007678	a7	a14
12	2.42924825302716	a7	a17	a29	1
12	2.42927367995649	a7	a14	a29	2
13	2.42937051868733	a7	a17
13	2.42937917466327	a7	a14
12	2.42942407753846	a7	a14	a29	3
12	2.42946573442268	a7	a17	a29	4
12	2.42949494834148	a7	a16	a29	5
13	2.42950630930991	a7	a14
13	2.4295073913069	a7	a17
12	2.42955932716254	a7	a14	a29	6
13	2.42956257315352	a7	a16
12	2.42958529509037	a7	a17	a29	7
13	2.42962749297308	a7	a17
12	2.42963182096105	a7	a16	a29	8
13	2.42964047693699	a7	a14
12	2.42964642792045	a7	a15	a29	9
13	2.42967510084076	a7	a16
12	2.42973136468438	a7	a17	a29	10
12	2.42974651264227	a7	a16	a29	11
12	2.42976598858814	a7	a14	a29	12
13	2.42977897255205	a7	a17
13	2.4297870875295	a7	a16
13	2.42982171143326	a7	a15
12	2.42986282731898	a7	a16	a29	13
12	2.42990177921072	a7	a17	a29	14
13	2.4299039432047	a7	a16
13	2.42991151718365	a7	a14
12	2.42992125515658	a7	a15	a29	15
13	2.42998617497614	a7	a17
13	2.43005271779119	a7	a15
13	2.43020852535813	a6	a10
13	2.43023611628144	a8	a56
12	2.43067648905745	a8	a56	a42	0
12	2.43078901674468	a6	a10	a30	0
12	2.4308452805883	a7	a14	a31	0
12	2.43094320131614	a7	a16	a31	1
13	2.43103787605299	a7	a14
12	2.43105627000187	a7	a17	a31	2
12	2.4310811559327	a7	a14	a31	3
13	2.43115581372519	a7	a16
12	2.43121802855227	a7	a16	a31	4
13	2.43122614352971	a7	a17
12	2.43133650722296	a7	a17	a31	5
12	2.43135544217033	a7	a15	a31	6
13	2.43140196804102	a7	a14
13	2.43141008301846	a7	a16
12	2.43146851085606	a7	a14	a31	7
12	2.43150854474479	a7	a16	a31	8
13	2.43151179073577	a7	a17
12	2.43159672749969	a7	a17	a31	9
13	2.43162810541248	a7	a16
13	2.43163567939143	a7	a15
13	2.43166002432376	a7	a14
12	2.43171737016437	a7	a16	a31	10
12	2.43174712508167	a7	a15	a31	11
12	2.43178337198092	a7	a14	a31	12
13	2.43179851993882	a7	a17
13	2.43184450481101	a7	a16
12	2.43189806366214	a7	a17	a31	13
12	2.43195324550877	a7	a16	a31	14
13	2.43200842735539	a7	a15
13	2.43201221434487	a7	a14
13	2.43202898529825	a7	a17
12	2.43208633113886	a7	a14	a31	15
13	2.4322432207028	a7	a16
13	2.43240065126523	a7	a14
13	2.43245907910283	a6	a10
13	2.43267439650437	a8	a56
12	2.43274959529536	a8	a56	a45	0
12	2.43280856413145	a6	a10	a32	0
12	2.43286753296755	a7	a14	a33	0
13	2.43291568183373	a7	a14
12	2.43293299378561	a7	a14	a33	1
13	2.43295355172847	a7	a14
12	2.43297086368035	a7	a14	a33	2
13	2.43299683160817	a7	a14
12	2.43301360256156	a7	a14	a33	3
13	2.43304065248638	a7	a14
12	2.43305796443826	a7	a14	a33	4
13	2.43308285036909	a7	a14
12	2.43310016232097	a7	a14	a33	5
13	2.4331261302488	a7	a14
12	2.43318077109692	a7	a14	a33	6
12	2.43319700105181	a7	a17	a33	7
13	2.4332424449255	a7	a14
13	2.43324947790596	a7	a17
12	2.4332873478007	a7	a14	a33	8
13	2.43331277473003	a7	a14
12	2.43332846368642	a7	a17	a33	9
13	2.43334469364131	a7	a17
12	2.43337012057064	a7	a14	a33	10
13	2.43340095748493	a7	a14
12	2.43341610544282	a7	a16	a33	11
12	2.43344153237215	a7	a14	a33	12
13	2.4334491063511	a7	a16
13	2.43347994326539	a7	a14
12	2.43348535325035	a7	a17	a33	13
13	2.43352430514209	a7	a17
12	2.43356163403833	a7	a14	a33	14
12	2.43360112692857	a7	a16	a33	15
13	2.43360870090751	a7	a14
13	2.43361789788195	a7	a16
13	2.4338467402459	a6	a10
13	2.43391382405944	a8	a56
12	2.43452028337382	a8	a56	a50	0
12	2.43846794940148	a6	a10	a34	0
12	2.43852908223156	a7	a14	a35	0
12	2.43868651279399	a7	a15	a35	1
12	2.43877144955792	a7	a16	a35	2
12	2.43879146650228	a7	a17	a35	3
13	2.45867857122708	a7	a14
13	2.4598373900062	a7	a16
13	2.4602496308604	a7	a15
13	2.46054880302886	a7	a17
13	2.46066998669204	a6	a10
12	2.46074248049054	a6	a10	a36	0
12	2.46081010530258	a7	a14	a37	0
12	2.46111090046654	a7	a16	a37	1
12	2.46119529623197	a7	a17	a37	2
12	2.4613072829207	a7	a15	a37	3
13	2.46281775072244	a7	a17
13	2.46354647569698	a7	a15
13	2.46452568297532	a7	a14
13	2.46568937074091	a7	a16
13	2.46585437528229	a6	a10
12	2.46922371391738	a6	a10	a38	0
12	2.46930161770086	a7	a14	a39	0
12	2.46969816959866	a7	a17	a39	1
12	2.46988535507839	a7	a15	a39	2
12	2.47118537446505	a7	a16	a39	3
13	2.47143369277486	a7	a17
13	2.4715153835478	a7	a14
13	2.47209695693135	a7	a15
13	2.47296417752095	a7	a16
13	2.4731335100503	a6	a10
12	2.47322547979468	a6	a10	a40	0
12	2.47329310460672	a7	a14	a41	0
12	2.47341482926839	a7	a17	a41	1
12	2.4738838749647	a7	a16	a41	2
12	2.4739276958429	a7	a15	a41	3
13	2.47425716392716	a7	a14
13	2.47477327649266	a7	a17
13	2.47552201841157	a7	a15
13	2.47552418240555	a7	a16
13	2.47570162991234	a6	a10
12	2.47608032885977	a8	a57	a49	0
13	2.48428781704747	a8	a57
12	2.48433758890913	a8	a57	a54	0
12	2.48802178866909	a8	a58	a53	0
13	2.51982330327838	a8	a58
12	2.51987199314305	a8	a58	a52	0
13	2.52747843200134	a8	a58
12	2.52751954788706	a8	a58	a51	0
13	2.53171715522002	a8	a58
13	2.53550630868826	a8	a57
13	2.53559719643564	a8	a56
13	2.53581954681763	a8	a55
12	2.5358833846402	a8	a55	a50	0
12	2.54111429910113	a6	a10	a34	0
12	2.5411775959252	a7	a14	a35	0
12	2.54129336960342	a7	a17	a35	1
12	2.54145080016585	a7	a16	a35	2
12	2.54161634570572	a7	a15	a35	3
13	2.5587697850286	a7	a14
13	2.56213100868625	a7	a16
13	2.5624913136848	a7	a17
13	2.56273205801566	a7	a15
13	2.56302257420819	a6	a10
12	2.56309939599467	a6	a10	a36	0
12	2.56316215182024	a7	a14	a37	0
12	2.56337530522779	a7	a16	a37	1
12	2.56352570280977	a7	a17	a37	2
12	2.56367718238874	a7	a15	a37	3
13	2.56539809860554	a7	a17
13	2.56547059240405	a7	a15
13	2.5680219413127	a7	a14
13	2.56878583118951	a7	a16
13	2.56890863784817	a6	a10
12	2.57526969816793	a6	a10	a38	0
12	2.57541576776193	a7	a14	a39	0
12	2.5756711190522	a7	a17	a39	1
12	2.57582043463718	a7	a16	a39	2
12	2.57596650423119	a7	a15	a39	3
13	2.57670821316965	a7	a17
13	2.57687592270351	a7	a14
13	2.5771864558404	a7	a16
13	2.57802770850218	a7	a15
13	2.57825005888416	a6	a10
12	2.57832309368117	a6	a10	a40	0
12	2.57837881652629	a7	a14	a41	0
12	2.57861415087219	a7	a17	a41	1
12	2.57869530064664	a7	a16	a41	2
12	2.57896201290532	a7	a15	a41	3
13	2.57935423681516	a7	a14
13	2.58006294484534	a7	a16
13	2.58008837177467	a7	a17
13	2.58054226951308	a7	a15
13	2.58067589614167	a6	a10
12	2.58102970915827	a8	a56	a49	0
13	2.5888947452978	a8	a56
12	2.58895479613089	a8	a56	a54	0
12	2.5923657916502	a8	a57	a53	0
13	2.6117670797253	a8	a57
12	2.61181198260049	a8	a57	a52	0
13	2.61914088923017	a8	a57
12	2.61918849709784	a8	a57	a51	0
13	2.6231670000398	a8	a57
13	2.62688906969449	a8	a56
13	2.62701512234413	a8	a55
