%EventDef PajeDefineContainerType 0 
%       Alias string 
%       Type string 
%       Name string 
%EndEventDef 
%EventDef PajeDefineVariableType 1 
%       Alias string 
%       Type string 
%       Name string 
%       Color color 
%EndEventDef 
%EventDef PajeDefineStateType 2 
%       Alias string 
%       Type string 
%       Name string 
%EndEventDef 
%EventDef PajeDefineEventType 3 
%       Alias string 
%       Type string 
%       Name string 
%       Color color 
%EndEventDef 
%EventDef PajeDefineLinkType 4 
%       Alias string 
%       Type string 
%       StartContainerType string 
%       EndContainerType string 
%       Name string 
%EndEventDef 
%EventDef PajeDefineEntityValue 5 
%       Alias string 
%       Type string 
%       Name string 
%       Color color 
%EndEventDef 
%EventDef PajeCreateContainer 6 
%       Time date 
%       Alias string 
%       Type string 
%       Container string 
%       Name string 
%EndEventDef 
%EventDef PajeDestroyContainer 7 
%       Time date 
%       Type string 
%       Name string 
%EndEventDef 
%EventDef PajeSetVariable 8 
%       Time date 
%       Type string 
%       Container string 
%       Value double 
%EndEventDef
%EventDef PajeAddVariable 9 
%       Time date 
%       Type string 
%       Container string 
%       Value double 
%EndEventDef
%EventDef PajeSubVariable 10 
%       Time date 
%       Type string 
%       Container string 
%       Value double 
%EndEventDef
%EventDef PajeSetState 11 
%       Time date 
%       Type string 
%       Container string 
%       Value string 
%EndEventDef
%EventDef PajePushState 12 
%       Time date 
%       Type string 
%       Container string 
%       Value string 
%       Id string 
%EndEventDef
%EventDef PajePopState 13 
%       Time date 
%       Type string 
%       Container string 
%EndEventDef
%EventDef PajeResetState 14 
%       Time date 
%       Type string 
%       Container string 
%EndEventDef
%EventDef PajeStartLink 15 
%       Time date 
%       Type string 
%       Container string 
%       Value string 
%       StartContainer string 
%       Key string 
%EndEventDef
%EventDef PajeEndLink 16 
%       Time date 
%       Type string 
%       Container string 
%       Value string 
%       EndContainer string 
%       Key string 
%EndEventDef
%EventDef PajeNewEvent 17 
%       Time date 
%       Type string 
%       Container string 
%       Value string 
%EndEventDef
0	a1	0	"Task Manager"
0	a2	a1	"Node"
0	a3	a1	"Thread"
0	a4	a1	"Jobs"
0	a5	a1	"Memory usage"
2	a6	a4	"Job"
2	a7	a3	"Task"
2	a8	a3	"Timer state"
6	0	a9	a1	0	"The task manager"
6	0	a10	a4	a9	"Jobs"
6	0	a11	a5	a9	"Memory"
1	a12	a1	"Memory [MB]"	"1.0 1.0 1.0"
6	0	a13	a2	a9	"Node 0"
6	0	a14	a3	a13	"Thread 0"
6	0	a15	a3	a13	"Thread 1"
6	0	a16	a3	a13	"Thread 2"
6	0	a17	a3	a13	"Thread 3"
5	a18	a6	"ngcore::ParallelFor<int,ngcore::EnterTaskManager()::{lambda(int)#1}>(ngcore::T_Range<int>,ngcore::EnterTaskManager()::{lambda(int)#1},int,ngcore::TotalCosts)::{lambda(ngcore::TaskInfo&)#1}"	"0.630615054310908 1 0"
5	a19	a7	"ngcore::ParallelFor<int,ngcore::EnterTaskManager()::{lambda(int)#1}>(ngcore::T_Range<int>,ngcore::EnterTaskManager()::{lambda(int)#1},int,ngcore::TotalCosts)::{lambda(ngcore::TaskInfo&)#1}"	"0.630615054310908 1 0"
5	a20	a6	"ngcore::ParallelForRange<netgen::ElementIndex,netgen::MeshOptimize3d::SwapImprove(netgen::Mesh&,netgen::OPTIMIZEGOAL,netgen::NgBitArray const*)::{lambda(auto:1)#1}>(ngcore::T_Range<netgen::ElementIndex>,netgen::MeshOptimize3d::SwapImprove(netgen::Mesh&,netgen::OPTIMIZEGOAL,netgen::NgBitArray const*)::{lambda(auto:1)#1},int,ngcore::TotalCosts)::{lambda(ngcore::TaskInfo&)#1}"	"0.708022642579866 0 1"
5	a21	a7	"ngcore::ParallelForRange<netgen::ElementIndex,netgen::MeshOptimize3d::SwapImprove(netgen::Mesh&,netgen::OPTIMIZEGOAL,netgen::NgBitArray const*)::{lambda(auto:1)#1}>(ngcore::T_Range<netgen::ElementIndex>,netgen::MeshOptimize3d::SwapImprove(netgen::Mesh&,netgen::OPTIMIZEGOAL,netgen::NgBitArray const*)::{lambda(auto:1)#1},int,ngcore::TotalCosts)::{lambda(ngcore::TaskInfo&)#1}"	"0.708022642579866 0 1"
5	a22	a6	"ngcore::ParallelForRange<netgen::ElementIndex,ngcore::CreateTable<netgen::ElementIndex,netgen::PointIndex,ngcore::T_Range<netgen::ElementIndex>,netgen::Mesh::CreatePoint2ElementTable(std::optional<ngcore::BitArray>)const::{lambda(auto:1&,netgen::ElementIndex)#1}>(ngcore::T_Range<netgen::ElementIndex>const&,netgen::Mesh::CreatePoint2ElementTable(std::optional<ngcore::BitArray>)const::{lambda(auto:1&,netgen::ElementIndex)#1}const&,std::optional<unsigned long>)::{lambda(auto:1)#1}>(ngcore::T_Range<netgen::ElementIndex>,ngcore::Table,int,ngcore::TotalCosts)::{lambda(ngcore::TaskInfo&)#1}"	"0 0.230008221284954 1"
5	a23	a7	"ngcore::ParallelForRange<netgen::ElementIndex,ngcore::CreateTable<netgen::ElementIndex,netgen::PointIndex,ngcore::T_Range<netgen::ElementIndex>,netgen::Mesh::CreatePoint2ElementTable(std::optional<ngcore::BitArray>)const::{lambda(auto:1&,netgen::ElementIndex)#1}>(ngcore::T_Range<netgen::ElementIndex>const&,netgen::Mesh::CreatePoint2ElementTable(std::optional<ngcore::BitArray>)const::{lambda(auto:1&,netgen::ElementIndex)#1}const&,std::optional<unsigned long>)::{lambda(auto:1)#1}>(ngcore::T_Range<netgen::ElementIndex>,ngcore::Table,int,ngcore::TotalCosts)::{lambda(ngcore::TaskInfo&)#1}"	"0 0.230008221284954 1"
5	a24	a6	"ngcore::TablePrefixSum2<unsigned int>(ngcore::FlatArray<unsigned int,unsigned long>)::{lambda(ngcore::TaskInfo)#1}"	"0 0.312895337658212 1"
5	a25	a7	"ngcore::TablePrefixSum2<unsigned int>(ngcore::FlatArray<unsigned int,unsigned long>)::{lambda(ngcore::TaskInfo)#1}"	"0 0.312895337658212 1"
5	a26	a6	"ngcore::TablePrefixSum2<unsigned int>(ngcore::FlatArray<unsigned int,unsigned long>)::{lambda(ngcore::TaskInfo)#2}"	"0 1 0.887517304832004"
5	a27	a7	"ngcore::TablePrefixSum2<unsigned int>(ngcore::FlatArray<unsigned int,unsigned long>)::{lambda(ngcore::TaskInfo)#2}"	"0 1 0.887517304832004"
5	a28	a6	"ngcore::ParallelForRange<netgen::PointIndex,ngcore::CreateSortedTable<netgen::ElementIndex,netgen::PointIndex,ngcore::T_Range<netgen::ElementIndex>,netgen::Mesh::CreatePoint2ElementTable(std::optional<ngcore::BitArray>)const::{lambda(auto:1&,netgen::ElementIndex)#1}>(ngcore::T_Range<netgen::ElementIndex>const&,netgen::Mesh::CreatePoint2ElementTable(std::optional<ngcore::BitArray>)const::{lambda(auto:1&,netgen::ElementIndex)#1}const&,std::optional<unsigned long>)::{lambda(auto:1)#1}>(ngcore::T_Range<netgen::PointIndex>,ngcore::Table,int,ngcore::TotalCosts)::{lambda(ngcore::TaskInfo&)#1}"	"0 0.170427812303051 1"
5	a29	a7	"ngcore::ParallelForRange<netgen::PointIndex,ngcore::CreateSortedTable<netgen::ElementIndex,netgen::PointIndex,ngcore::T_Range<netgen::ElementIndex>,netgen::Mesh::CreatePoint2ElementTable(std::optional<ngcore::BitArray>)const::{lambda(auto:1&,netgen::ElementIndex)#1}>(ngcore::T_Range<netgen::ElementIndex>const&,netgen::Mesh::CreatePoint2ElementTable(std::optional<ngcore::BitArray>)const::{lambda(auto:1&,netgen::ElementIndex)#1}const&,std::optional<unsigned long>)::{lambda(auto:1)#1}>(ngcore::T_Range<netgen::PointIndex>,ngcore::Table,int,ngcore::TotalCosts)::{lambda(ngcore::TaskInfo&)#1}"	"0 0.170427812303051 1"
5	a30	a6	"ngcore::ParallelFor<unsigned long,netgen::BuildEdgeList<netgen::ElementIndex>(netgen::Mesh const&,ngcore::Table<netgen::ElementIndex,netgen::PointIndex>const&,ngcore::Array<std::tuple<netgen::PointIndex,netgen::PointIndex>,unsigned long>&)::{lambda(int)#1}>(ngcore::T_Range<unsigned long>,netgen::BuildEdgeList<netgen::ElementIndex>(netgen::Mesh const&,ngcore::Table<netgen::ElementIndex,netgen::PointIndex>const&,ngcore::Array<std::tuple<netgen::PointIndex,netgen::PointIndex>,unsigned long>&)::{lambda(int)#1},int,ngcore::TotalCosts)::{lambda(ngcore::TaskInfo&)#1}"	"1 0.872005992306398 0"
5	a31	a7	"ngcore::ParallelFor<unsigned long,netgen::BuildEdgeList<netgen::ElementIndex>(netgen::Mesh const&,ngcore::Table<netgen::ElementIndex,netgen::PointIndex>const&,ngcore::Array<std::tuple<netgen::PointIndex,netgen::PointIndex>,unsigned long>&)::{lambda(int)#1}>(ngcore::T_Range<unsigned long>,netgen::BuildEdgeList<netgen::ElementIndex>(netgen::Mesh const&,ngcore::Table<netgen::ElementIndex,netgen::PointIndex>const&,ngcore::Array<std::tuple<netgen::PointIndex,netgen::PointIndex>,unsigned long>&)::{lambda(int)#1},int,ngcore::TotalCosts)::{lambda(ngcore::TaskInfo&)#1}"	"1 0.872005992306398 0"
5	a32	a6	"ngcore::ParallelForRange<unsigned long,netgen::MeshOptimize3d::SwapImprove(netgen::Mesh&,netgen::OPTIMIZEGOAL,netgen::NgBitArray const*)::{lambda(auto:1)#2}>(ngcore::T_Range<unsigned long>,netgen::MeshOptimize3d::SwapImprove(netgen::Mesh&,netgen::OPTIMIZEGOAL,netgen::NgBitArray const*)::{lambda(auto:1)#2},int,ngcore::TotalCosts)::{lambda(ngcore::TaskInfo&)#1}"	"1 0.408375991137786 0"
5	a33	a7	"ngcore::ParallelForRange<unsigned long,netgen::MeshOptimize3d::SwapImprove(netgen::Mesh&,netgen::OPTIMIZEGOAL,netgen::NgBitArray const*)::{lambda(auto:1)#2}>(ngcore::T_Range<unsigned long>,netgen::MeshOptimize3d::SwapImprove(netgen::Mesh&,netgen::OPTIMIZEGOAL,netgen::NgBitArray const*)::{lambda(auto:1)#2},int,ngcore::TotalCosts)::{lambda(ngcore::TaskInfo&)#1}"	"1 0.408375991137786 0"
5	a34	a6	"ngcore::ParallelForRange<netgen::ElementIndex,netgen::Mesh::Compress()::{lambda(auto:1)#1}>(ngcore::T_Range<netgen::ElementIndex>,netgen::Mesh::Compress()::{lambda(auto:1)#1},int,ngcore::TotalCosts)::{lambda(ngcore::TaskInfo&)#1}"	"1 0.0611641584106637 0"
5	a35	a7	"ngcore::ParallelForRange<netgen::ElementIndex,netgen::Mesh::Compress()::{lambda(auto:1)#1}>(ngcore::T_Range<netgen::ElementIndex>,netgen::Mesh::Compress()::{lambda(auto:1)#1},int,ngcore::TotalCosts)::{lambda(ngcore::TaskInfo&)#1}"	"1 0.0611641584106637 0"
5	a36	a6	"ngcore::ParallelForRange<netgen::SurfaceElementIndex,netgen::Mesh::Compress()::{lambda(auto:1)#2}>(ngcore::T_Range<netgen::SurfaceElementIndex>,netgen::Mesh::Compress()::{lambda(auto:1)#2},int,ngcore::TotalCosts)::{lambda(ngcore::TaskInfo&)#1}"	"1 0 -2.77631980257023"
5	a37	a7	"ngcore::ParallelForRange<netgen::SurfaceElementIndex,netgen::Mesh::Compress()::{lambda(auto:1)#2}>(ngcore::T_Range<netgen::SurfaceElementIndex>,netgen::Mesh::Compress()::{lambda(auto:1)#2},int,ngcore::TotalCosts)::{lambda(ngcore::TaskInfo&)#1}"	"1 0 -2.77631980257023"
5	a38	a6	"ngcore::ParallelForRange<netgen::ElementIndex,netgen::Mesh::Compress()::{lambda(auto:1)#3}>(ngcore::T_Range<netgen::ElementIndex>,netgen::Mesh::Compress()::{lambda(auto:1)#3},int,ngcore::TotalCosts)::{lambda(ngcore::TaskInfo&)#1}"	"0.688034037288286 1 0"
5	a39	a7	"ngcore::ParallelForRange<netgen::ElementIndex,netgen::Mesh::Compress()::{lambda(auto:1)#3}>(ngcore::T_Range<netgen::ElementIndex>,netgen::Mesh::Compress()::{lambda(auto:1)#3},int,ngcore::TotalCosts)::{lambda(ngcore::TaskInfo&)#1}"	"0.688034037288286 1 0"
5	a40	a6	"ngcore::ParallelForRange<netgen::SurfaceElementIndex,netgen::Mesh::Compress()::{lambda(auto:1)#4}>(ngcore::T_Range<netgen::SurfaceElementIndex>,netgen::Mesh::Compress()::{lambda(auto:1)#4},int,ngcore::TotalCosts)::{lambda(ngcore::TaskInfo&)#1}"	"0 0.666479625428673 1"
5	a41	a7	"ngcore::ParallelForRange<netgen::SurfaceElementIndex,netgen::Mesh::Compress()::{lambda(auto:1)#4}>(ngcore::T_Range<netgen::SurfaceElementIndex>,netgen::Mesh::Compress()::{lambda(auto:1)#4},int,ngcore::TotalCosts)::{lambda(ngcore::TaskInfo&)#1}"	"0 0.666479625428673 1"
5	a42	a8	"Build edges"	"0 0.0614795051658243 1"
5	a43	a8	"CreateTable"	"0.608616351291681 0 1"
5	a44	a8	"CreateSortedTable"	"0 0.0381698166109086 1"
5	a45	a8	"MeshOptimize3d::SwapImprove loop"	"0.154668690207104 1 0"
5	a46	a8	"MeshOptimize3d::SwapImprove"	"1 0 -2.43968480148811"
5	a47	a8	"FreeOpenElementsEnvironment"	"0.907015785320433 0 1"
5	a48	a8	"Mesh::BuildBoundaryEdges"	"1 0 -2.61861416630415"
5	a49	a8	"Mesh::LinkSurfaceElements"	"0 1 0.171518596860468"
5	a50	a8	"Mesh::Compress"	"1 0.648677515017027 0"
5	a51	a8	"Mesh::CalcSurfacesOfNode, pointloop"	"0 0.319536079261344 1"
5	a52	a8	"Mesh::CalcSurfacesOfNode - surfelementht"	"0.690162641156969 0 1"
5	a53	a8	"Mesh::CalcSurfacesOfNode - surf on node"	"0.000515674241007069 1 0"
5	a54	a8	"Mesh::CalcSurfacesOfNode"	"1 0 -2.35340285344361"
6	0	a55	a3	a9	"Timer level 0"
6	0	a56	a3	a9	"Timer level 1"
6	0	a57	a3	a9	"Timer level 2"
6	0	a58	a3	a9	"Timer level 3"
4	a59	a2	a3	a3	"links"
8	0	a12	a11	0
12	0.220736583473814	a6	a10	a18	0
12	0.221456652472418	a7	a14	a19	0
13	0.221570262156646	a7	a14
12	0.221587574108528	a7	a14	a19	1
13	0.22160488606041	a7	a14
12	0.2216211160153	a7	a14	a19	2
13	0.22162706699876	a7	a14
12	0.221676297861925	a7	a14	a19	3
13	0.221682789843881	a7	a14
13	0.221906222222862	a6	a10
12	0.230429112533919	a8	a55	a47	0
13	0.320251633876757	a8	a55
12	0.320750434490365	a8	a55	a46	0
12	0.321066918610714	a8	a56	a48	0
13	0.321086935555078	a8	a56
12	0.324169003988624	a6	a10	a20	0
12	0.324242579784124	a7	a14	a21	0
12	0.3245255219977	a7	a17	a21	2
12	0.324527956490934	a7	a15	a21	1
12	0.324684034557123	a7	a16	a21	3
13	0.326875078467227	a7	a14
13	0.328178884843363	a7	a16
13	0.329069638867557	a7	a15
13	0.329165125102158	a7	a17
13	0.329288472759319	a6	a10
12	0.331341562052861	a8	a56	a44	0
12	0.331460040723556	a8	a57	a43	0
12	0.33255231668763	a6	a10	a22	0
12	0.332629138474108	a7	a14	a23	0
12	0.332748699141795	a7	a16	a23	1
12	0.333151743021555	a7	a17	a23	2
12	0.3331671614787	a7	a15	a23	3
13	0.334421466492422	a7	a14
12	0.334481517325514	a7	a14	a23	4
13	0.335724731870062	a7	a17
13	0.335770446243001	a7	a15
12	0.335805611145262	a7	a15	a23	6
12	0.335808045638496	a7	a17	a23	5
13	0.336346880140832	a7	a14
12	0.336415586949865	a7	a14	a23	7
13	0.33671638211382	a7	a16
12	0.336794285897291	a7	a16	a23	8
13	0.337766730694429	a7	a15
12	0.337850585461359	a7	a15	a23	9
13	0.337901168820765	a7	a17
12	0.337936333723026	a7	a17	a23	10
13	0.338282572760673	a7	a14
12	0.338358853548654	a7	a14	a23	11
13	0.339133563395387	a7	a16
12	0.339217418162317	a7	a16	a23	12
13	0.33981116401203	a7	a15
12	0.339890149792493	a7	a15	a23	13
13	0.340044604863193	a7	a17
12	0.340085720748914	a7	a17	a23	14
13	0.340246397302321	a7	a14
12	0.340301579148946	a7	a14	a23	15
13	0.341018402156573	a7	a16
13	0.341972994003333	a7	a15
13	0.342083087197335	a7	a14
13	0.342175056941709	a7	a17
13	0.342309765567293	a6	a10
12	0.343782904472778	a6	a10	a24	0
12	0.343857021266774	a7	a14	a25	0
13	0.344047993735976	a7	a14
12	0.344071256671318	a7	a14	a25	1
13	0.34414591446381	a7	a14
12	0.344163767414189	a7	a14	a25	2
13	0.344229228232244	a7	a14
12	0.344285492075861	a7	a14	a25	3
13	0.344368264845799	a7	a14
13	0.344636600099974	a6	a10
12	0.345034233994771	a6	a10	a26	0
12	0.345092661832374	a7	a14	a27	0
12	0.345216550488032	a7	a16	a27	1
12	0.34527416682789	a7	a15	a27	2
13	0.345467573790325	a7	a14
12	0.345518427648979	a7	a14	a27	3
13	0.345646644292608	a7	a14
13	0.34571535110164	a7	a16
13	0.346055368656579	a7	a15
13	0.346331548388951	a6	a10
12	0.346854693934895	a6	a10	a22	0
12	0.346943417688291	a7	a14	a23	0
12	0.347022673968003	a7	a15	a23	1
12	0.347029977447703	a7	a17	a23	2
12	0.347466022235738	a7	a16	a23	3
13	0.34887045433219	a7	a14
12	0.34895430909912	a7	a14	a23	4
13	0.349037622867554	a7	a17
12	0.349112821658543	a7	a17	a23	5
13	0.349145011069074	a7	a15
12	0.349185044957802	a7	a15	a23	6
13	0.34956185041049	a7	a16
12	0.349647869171405	a7	a16	a23	7
13	0.350530778717403	a7	a14
12	0.350592452545983	a7	a14	a23	8
13	0.351070695216732	a7	a17
13	0.351121819574634	a7	a15
12	0.351159418970129	a7	a17	a23	9
12	0.351163476458851	a7	a15	a23	10
13	0.351263290681423	a7	a16
12	0.351344981454367	a7	a16	a23	11
13	0.352144577231931	a7	a14
12	0.352211120046979	a7	a14	a23	12
13	0.353088078609517	a7	a17
13	0.353098628080195	a7	a15
12	0.353156514919301	a7	a15	a23	13
12	0.353170310380958	a7	a17	a23	14
13	0.353276887084733	a7	a16
12	0.353355872865196	a7	a16	a23	15
13	0.353910937322422	a7	a14
13	0.355118716465461	a7	a15
13	0.355163348841408	a7	a17
13	0.355294811476014	a7	a16
13	0.355479832961756	a6	a10
13	0.355803350062557	a8	a57
12	0.355985666555817	a6	a10	a28	0
12	0.35604409439342	a7	a14	a29	0
12	0.356166901052085	a7	a16	a29	1
13	0.356368152492717	a7	a14
12	0.356415219361897	a7	a14	a29	2
13	0.356537485022066	a7	a14
12	0.356553714976955	a7	a14	a29	3
13	0.356576436913801	a7	a16
13	0.356660291680731	a7	a14
12	0.356683013617576	a7	a17	a29	4
12	0.356718719518334	a7	a16	a29	5
12	0.356751179428113	a7	a14	a29	6
12	0.356772548868718	a7	a15	a29	7
13	0.356846395163466	a7	a16
13	0.356875609082267	a7	a14
12	0.356915642970995	a7	a14	a29	8
12	0.356936200913855	a7	a16	a29	9
13	0.35696189834243	a7	a15
13	0.357026006664245	a7	a14
12	0.357040884122893	a7	a15	a29	10
13	0.357062794561994	a7	a17
12	0.357075778525906	a7	a14	a29	11
13	0.357116894411627	a7	a16
12	0.357130419374035	a7	a17	a29	12
13	0.357165854775544	a7	a15
12	0.357193716198104	a7	a16	a29	13
13	0.357208864156001	a7	a14
13	0.357261882008641	a7	a17
12	0.357275677470297	a7	a15	a29	14
12	0.35728406294699	a7	a17	a29	15
13	0.357313817864288	a7	a16
13	0.357389828153021	a7	a15
13	0.357440952510924	a7	a17
13	0.35753995523575	a6	a10
13	0.357570792150041	a8	a56
12	0.359650931368399	a8	a56	a42	0
12	0.360781077227216	a6	a10	a30	0
12	0.360859522009182	a7	a14	a31	0
12	0.361371306586703	a7	a16	a31	1
12	0.361404307494978	a7	a17	a31	2
12	0.361412151973175	a7	a15	a31	3
13	0.361513048192739	a7	a14
12	0.361557410069438	a7	a14	a31	4
13	0.361795990406316	a7	a17
13	0.361805728379249	a7	a14
12	0.361822499332635	a7	a14	a31	5
13	0.36184089328151	a7	a16
12	0.361882009167231	a7	a17	a31	6
12	0.361932863025885	a7	a16	a31	7
13	0.361947740484534	a7	a15
12	0.362039169230412	a7	a15	a31	8
13	0.362063784661995	a7	a14
12	0.362131950472532	a7	a14	a31	9
13	0.362164410382311	a7	a16
13	0.3621660333778	a7	a17
12	0.362243396162774	a7	a17	a31	10
12	0.362254757131197	a7	a16	a31	11
13	0.362280995558268	a7	a15
13	0.362325627934215	a7	a14
12	0.362369178313169	a7	a15	a31	12
12	0.362407318707159	a7	a14	a31	13
13	0.362474402520703	a7	a16
13	0.362498747453038	a7	a17
12	0.362565290268085	a7	a16	a31	14
13	0.362592069693653	a7	a15
12	0.362593963188391	a7	a17	a31	15
13	0.362628046093659	a7	a14
13	0.36281469057489	a7	a16
13	0.362835789516247	a7	a17
13	0.363013778021536	a6	a10
13	0.363741961997586	a8	a56
12	0.363939426448743	a8	a56	a45	0
12	0.364194777739007	a6	a10	a32	0
12	0.364269976529996	a7	a14	a33	0
12	0.364509368364619	a7	a15	a33	1
12	0.364517212842815	a7	a17	a33	2
12	0.36465624945637	a7	a16	a33	3
13	0.364667069426296	a7	a14
13	0.364683028881938	a7	a15
13	0.364688168367653	a7	a17
12	0.36470926730901	a7	a14	a33	4
12	0.364766883648868	a7	a15	a33	5
12	0.364769859140598	a7	a17	a33	6
13	0.364775810124057	a7	a16
13	0.364785548096991	a7	a14
13	0.364796638566166	a7	a15
13	0.364807188036844	a7	a17
12	0.364857500897002	a7	a16	a33	7
12	0.364884550821818	a7	a14	a33	8
12	0.364897264286482	a7	a15	a33	10
12	0.364898075784226	a7	a17	a33	9
13	0.364909977751145	a7	a16
13	0.364909977751145	a7	a14
13	0.364922961715057	a7	a17
13	0.364965430097018	a7	a15
12	0.364992750521082	a7	a16	a33	11
12	0.365011144469957	a7	a17	a33	12
13	0.365031702412818	a7	a17
13	0.365036571399284	a7	a16
12	0.365041440385751	a7	a14	a33	13
12	0.365053612851919	a7	a15	a33	14
13	0.365086343260946	a7	a14
13	0.365132057633885	a7	a15
12	0.365134492127119	a7	a17	a33	15
13	0.365166411038402	a7	a17
13	0.365367121480537	a6	a10
13	0.366002794713715	a8	a56
12	0.368886857697608	a8	a56	a50	0
12	0.410945703797169	a6	a10	a34	0
12	0.411059854479893	a7	a14	a35	0
12	0.411296270822786	a7	a16	a35	1
12	0.411315746768654	a7	a17	a35	2
12	0.411321968251361	a7	a15	a35	3
13	0.444636114656374	a7	a15
13	0.444879293480471	a7	a17
13	0.451868994052951	a7	a14
13	0.452201708128189	a7	a16
13	0.452371040657538	a6	a10
12	0.452959647021536	a6	a10	a36	0
12	0.453028894829065	a7	a14	a37	0
12	0.453283705120833	a7	a17	a37	1
12	0.453314812534371	a7	a15	a37	2
12	0.453443840675744	a7	a16	a37	3
13	0.462007305874025	a7	a14
13	0.462439293173338	a7	a15
13	0.463176944623073	a7	a16
13	0.465277100785795	a7	a17
13	0.465553010018919	a6	a10
12	0.485399539856492	a6	a10	a38	0
12	0.485469869661014	a7	a14	a39	0
12	0.485685728061046	a7	a16	a39	1
12	0.485937292361836	a7	a17	a39	2
12	0.485945677838529	a7	a15	a39	3
13	0.490615306359532	a7	a14
13	0.49071863707233	a7	a16
13	0.492778218347828	a7	a17
13	0.492787685821513	a7	a15
13	0.492955665854621	a6	a10
12	0.493203984164433	a6	a10	a40	0
12	0.493283510943393	a7	a14	a41	0
12	0.493506402323877	a7	a16	a41	1
12	0.493678439845708	a7	a17	a41	2
12	0.493691694308867	a7	a15	a41	3
13	0.497108370312389	a7	a16
13	0.497234963960528	a7	a14
13	0.498792498631439	a7	a17
13	0.499746549479703	a7	a15
13	0.499896676562433	a6	a10
12	0.501357913500998	a8	a57	a49	0
13	0.518980939518688	a8	a57
12	0.519723730454138	a8	a57	a54	0
12	0.539319777987913	a8	a58	a53	0
13	0.575294554997837	a8	a58
12	0.575349736844462	a8	a58	a52	0
13	0.598885335428454	a8	a58
12	0.598965944204406	a8	a58	a51	0
13	0.609645254521803	a8	a58
13	0.618828162998372	a8	a57
13	0.620837431413712	a8	a56
13	0.621554795419835	a8	a55
12	0.625200584286549	a8	a55	a46	0
12	0.625441328617412	a8	a56	a48	0
13	0.71458435584887	a8	a56
12	0.716449718664188	a6	a10	a20	0
12	0.716954470261257	a7	a14	a21	0
12	0.717117310808649	a7	a17	a21	1
12	0.717462197350055	a7	a15	a21	2
12	0.717537125641795	a7	a16	a21	3
13	0.721524825558185	a7	a14
13	0.721583523895036	a7	a15
13	0.722489966875623	a7	a17
13	0.723320399567478	a7	a16
13	0.723501634063745	a6	a10
12	0.724690207760165	a8	a56	a44	0
12	0.724754045582731	a8	a57	a43	0
12	0.725550395369317	a6	a10	a22	0
12	0.725611528199401	a7	a14	a23	0
12	0.725836313074623	a7	a15	a23	1
12	0.725840911561842	a7	a17	a23	2
12	0.726171461643095	a7	a16	a23	3
13	0.728504517658483	a7	a15
12	0.728574847463005	a7	a15	a23	4
13	0.729047409649542	a7	a16
13	0.729069590587891	a7	a17
12	0.729122608440531	a7	a17	a23	5
12	0.72914046139091	a7	a16	a23	6
13	0.729146412374369	a7	a14
12	0.729196725234527	a7	a14	a23	7
13	0.731492993352166	a7	a15
12	0.731574143126614	a7	a15	a23	8
13	0.731869257806358	a7	a17
12	0.731891438744707	a7	a17	a23	9
13	0.732009917415402	a7	a16
13	0.732057525283078	a7	a14
12	0.732104051153762	a7	a14	a23	10
12	0.732126232092111	a7	a16	a23	11
13	0.734101417602182	a7	a17
13	0.734146049978129	a7	a15
12	0.734176616393171	a7	a17	a23	12
12	0.734188247860842	a7	a15	a23	13
13	0.734542331376685	a7	a14
12	0.734594808230828	a7	a14	a23	14
13	0.735430109909149	a7	a16
12	0.735500980712167	a7	a16	a23	15
13	0.736482081485247	a7	a15
13	0.737039039437211	a7	a17
13	0.737231634901901	a7	a14
13	0.737748288465889	a7	a16
13	0.737921407984712	a6	a10
12	0.739111063678124	a6	a10	a24	0
12	0.739175442499186	a7	a14	a25	0
13	0.739288511184918	a7	a14
12	0.739308528129282	a7	a14	a25	1
13	0.7393793989323	a7	a14
12	0.739402120869145	a7	a14	a25	2
13	0.739485975636075	a7	a14
12	0.739535747497737	a7	a14	a25	3
13	0.739602290312784	a7	a14
13	0.739799754763942	a6	a10
12	0.740088106962482	a6	a10	a26	0
12	0.740147616797077	a7	a14	a27	0
13	0.740328310294849	a7	a14
12	0.74034724524222	a7	a14	a27	1
13	0.7404678879069	a7	a14
12	0.740505216803146	a7	a16	a27	2
12	0.740526315744502	a7	a14	a27	3
13	0.740643171419708	a7	a14
13	0.740890407732527	a7	a16
13	0.741144136027302	a6	a10
12	0.741658625597304	a6	a10	a22	0
12	0.741717594433404	a7	a14	a23	0
12	0.741911542394335	a7	a15	a23	1
12	0.741931829837947	a7	a17	a23	2
12	0.742204493080093	a7	a16	a23	3
13	0.743698730926935	a7	a14
12	0.743776093711909	a7	a14	a23	4
13	0.744062281916463	a7	a16
13	0.744082839859323	a7	a17
13	0.744086897348046	a7	a15
12	0.744162907636779	a7	a17	a23	5
12	0.744187252569113	a7	a16	a23	6
12	0.744210786003703	a7	a15	a23	7
13	0.745818363035524	a7	a14
12	0.745888692840046	a7	a14	a23	8
13	0.746047205399468	a7	a16
12	0.746116453206998	a7	a16	a23	9
13	0.746135388154369	a7	a17
13	0.746187053510768	a7	a15
12	0.746212750939343	a7	a17	a23	10
12	0.746231415387466	a7	a15	a23	11
13	0.7479547660975	a7	a14
12	0.748038079865933	a7	a14	a23	12
13	0.748107327673463	a7	a16
13	0.74816954250054	a7	a17
12	0.748177657477984	a7	a16	a23	13
13	0.748217420867464	a7	a15
12	0.748249610277995	a7	a17	a23	14
12	0.748253126768221	a7	a15	a23	15
13	0.750011642380516	a7	a14
13	0.750185302897835	a7	a17
13	0.750218844804607	a7	a16
13	0.750260772188072	a7	a15
13	0.750447687168552	a6	a10
13	0.750785270230257	a8	a57
12	0.750828550109962	a6	a10	a28	0
12	0.750950815770131	a7	a14	a29	0
12	0.75110391834459	a7	a17	a29	1
12	0.75111717280775	a7	a15	a29	2
13	0.751149903216778	a7	a14
12	0.751222938013781	a7	a14	a29	3
12	0.751248364943108	a7	a16	a29	4
13	0.751351966155154	a7	a15
13	0.751375499589744	a7	a17
13	0.75137604058824	a7	a14
12	0.751425812449902	a7	a17	a29	5
13	0.751430140437872	a7	a16
12	0.751463141346148	a7	a14	a29	6
12	0.751470985824345	a7	a15	a29	7
12	0.751530766158188	a7	a16	a29	8
13	0.751598390970229	a7	a17
13	0.751608128943162	a7	a14
13	0.751623547400307	a7	a15
13	0.751644916840912	a7	a16
12	0.751678458747684	a7	a17	a29	9
12	0.751721468128142	a7	a15	a29	10
12	0.751755280534162	a7	a14	a29	11
12	0.751771510489052	a7	a16	a29	12
13	0.751785576449956	a7	a17
13	0.751867537722149	a7	a15
12	0.751877005195834	a7	a17	a29	13
13	0.751920826074036	a7	a16
13	0.751946253003364	a7	a14
13	0.751993319872544	a7	a17
12	0.752006303836455	a7	a16	a29	14
12	0.752056075698117	a7	a14	a29	15
13	0.752151832431966	a7	a16
13	0.752175095367308	a7	a14
13	0.752476431529759	a6	a10
13	0.752518629412472	a8	a56
12	0.753910618543509	a8	a56	a42	0
12	0.754347745328537	a6	a10	a30	0
12	0.75440022218268	a7	a14	a31	0
12	0.754661524456404	a7	a17	a31	1
13	0.754732936257918	a7	a14
12	0.754786495109054	a7	a14	a31	2
12	0.75484005396019	a7	a16	a31	3
13	0.75501804246548	a7	a14
12	0.755026968940669	a7	a15	a31	4
12	0.75509594624895	a7	a14	a31	5
13	0.755138144131663	a7	a17
13	0.755167899048961	a7	a16
12	0.755223080895586	a7	a17	a31	6
12	0.755238769851979	a7	a16	a31	7
13	0.755315591638457	a7	a14
13	0.755317485133194	a7	a15
12	0.755408643379824	a7	a14	a31	8
12	0.755414323864036	a7	a15	a31	9
13	0.755458956239982	a7	a16
13	0.755459497238479	a7	a17
12	0.755521171067059	a7	a17	a31	10
12	0.755547679993379	a7	a16	a31	11
13	0.755623419782864	a7	a14
13	0.755651281205425	a7	a15
12	0.755708356546787	a7	a14	a31	12
12	0.755728102991903	a7	a15	a31	13
13	0.75575488241747	a7	a17
13	0.755762456396419	a7	a16
12	0.755773276366345	a7	a17	a31	14
12	0.755866869106209	a7	a16	a31	15
13	0.75592854293479	a7	a14
13	0.75596668332878	a7	a15
13	0.756039447626536	a7	a17
13	0.756132499367903	a7	a16
13	0.756304536889734	a6	a10
13	0.756823895446203	a8	a56
12	0.756893684252228	a8	a56	a45	0
12	0.756986735993596	a6	a10	a32	0
12	0.757071131759022	a7	a14	a33	0
13	0.757124149611661	a7	a14
12	0.757140920565047	a7	a14	a33	1
13	0.757157691518433	a7	a14
12	0.757175544468812	a7	a14	a33	2
13	0.75719934840265	a7	a14
12	0.757217201353029	a7	a14	a33	3
13	0.757237759295889	a7	a14
12	0.757254530249275	a7	a14	a33	4
13	0.757296728131988	a7	a14
12	0.757318368071841	a7	a14	a33	5
13	0.757357860962073	a7	a14
12	0.75743468274855	a7	a14	a33	6
13	0.757472011644796	a7	a14
12	0.757488241599686	a7	a17	a33	7
12	0.757504201055328	a7	a15	a33	8
12	0.757526111494429	a7	a14	a33	9
12	0.757548292432778	a7	a16	a33	10
13	0.757582916336543	a7	a17
13	0.757588867320002	a7	a14
13	0.757597793795191	a7	a15
13	0.757622409226774	a7	a16
12	0.757664066110991	a7	a17	a33	11
12	0.757701124507989	a7	a15	a33	12
13	0.757716542965134	a7	a17
13	0.757725469440323	a7	a15
12	0.757734936914009	a7	a14	a33	13
12	0.757746297882432	a7	a16	a33	14
13	0.757786872769656	a7	a14
12	0.757802832225297	a7	a15	a33	15
13	0.757825283662895	a7	a16
13	0.757888850986213	a7	a15
13	0.75806873298624	a6	a10
13	0.758276476408827	a8	a56
12	0.760050951476763	a8	a56	a50	0
12	0.771654828224374	a6	a10	a34	0
12	0.771725158028896	a7	a14	a35	0
12	0.772294829445523	a7	a17	a35	1
12	0.772308624907179	a7	a15	a35	2
12	0.772444145030508	a7	a16	a35	3
13	0.803958118939009	a7	a15
13	0.806277108993493	a7	a17
13	0.808551466672031	a7	a14
13	0.809125466076628	a7	a16
13	0.809392719333812	a6	a10
12	0.809679448536862	a6	a10	a36	0
12	0.809755188326347	a7	a14	a37	0
12	0.809889626452683	a7	a15	a37	1
12	0.809896929932384	a7	a17	a37	2
12	0.81034163069636	a7	a16	a37	3
13	0.813062312134364	a7	a17
13	0.814252508826272	a7	a14
13	0.816491701602549	a7	a16
13	0.816677534586035	a7	a15
13	0.816892040489827	a6	a10
12	0.827956541736605	a6	a10	a38	0
12	0.828038232509549	a7	a14	a39	0
12	0.828323338717111	a7	a16	a39	1
12	0.82861331391114	a7	a17	a39	2
12	0.828627109372796	a7	a15	a39	3
13	0.833382215656218	a7	a14
13	0.834522099487968	a7	a16
13	0.83461596272708	a7	a15
13	0.834739039884994	a7	a17
13	0.834903503427875	a6	a10
12	0.835036589057971	a6	a10	a40	0
12	0.835113410844448	a7	a14	a41	0
12	0.835534037175339	a7	a15	a41	1
12	0.835700935211454	a7	a17	a41	2
12	0.8357236571483	a7	a16	a41	3
13	0.837289847795152	a7	a14
13	0.839415701386449	a7	a15
13	0.83951118762105	a7	a17
13	0.841638934707084	a7	a16
13	0.841814218219893	a6	a10
12	0.842720931699728	a8	a57	a49	0
13	0.85993171686322	a8	a57
12	0.86022439704973	a8	a57	a54	0
12	0.870546648359554	a8	a58	a53	0
13	0.902951917290746	a8	a58
12	0.902998443161429	a8	a58	a52	0
13	0.919867317275246	a8	a58
12	0.919924663115856	a8	a58	a51	0
13	0.929380234834572	a8	a58
13	0.936377509386	a8	a57
13	0.936896326943973	a8	a56
13	0.937328584742534	a8	a55
12	0.939609434403028	a8	a55	a46	0
12	0.939969198403082	a8	a56	a48	0
13	1.04964095457597	a8	a56
12	1.0508582011927	a6	a10	a20	0
12	1.05113411042582	a7	a14	a21	0
12	1.05121958818824	a7	a16	a21	1
12	1.05124555611607	a7	a17	a21	2
12	1.0515720487086	a7	a15	a21	3
13	1.05349908535249	a7	a15
13	1.05402196039919	a7	a14
13	1.05422916282328	a7	a17
13	1.05425134376163	a7	a16
13	1.05445962818271	a6	a10
12	1.05515859823996	a8	a56	a44	0
12	1.0551829431723	a8	a57	a43	0
12	1.05584728932578	a6	a10	a22	0
12	1.05590679916038	a7	a14	a23	0
12	1.0561748639153	a7	a15	a23	1
12	1.05621895529275	a7	a17	a23	2
12	1.05632120400856	a7	a16	a23	3
13	1.05805780918175	a7	a14
12	1.05812651599078	a7	a14	a23	4
13	1.05846166455926	a7	a15
13	1.05850359194272	a7	a16
12	1.058573651248	a7	a15	a23	5
12	1.05861449663447	a7	a16	a23	6
13	1.05869618740741	a7	a17
12	1.0587713861984	a7	a17	a23	7
13	1.06001892873092	a7	a14
12	1.06006329060762	a7	a14	a23	8
13	1.06049392541069	a7	a16
12	1.06055938622875	a7	a16	a23	9
13	1.06074576021073	a7	a15
12	1.06082150000021	a7	a15	a23	10
13	1.06091103525135	a7	a17
12	1.06095161013858	a7	a17	a23	11
13	1.06205308307709	a7	a14
12	1.06213315085455	a7	a14	a23	12
13	1.0625518836907	a7	a16
12	1.06263465646064	a7	a16	a23	13
13	1.06293464012685	a7	a15
13	1.06295168157948	a7	a17
12	1.06308395571183	a7	a15	a23	15
12	1.06308530820807	a7	a17	a23	14
13	1.06389680595256	a7	a14
13	1.06478837147449	a7	a16
13	1.06528906558284	a7	a15
13	1.06558959024755	a7	a17
13	1.06570265893328	a6	a10
12	1.06648656575445	a6	a10	a24	0
12	1.06655635456047	a7	a14	a25	0
13	1.06665319329132	a7	a14
12	1.06666157876801	a7	a15	a25	1
12	1.06673921205223	a7	a14	a25	2
13	1.06681386984472	a7	a14
12	1.06685552672894	a7	a14	a25	3
13	1.06691233157105	a7	a14
13	1.06698455487031	a7	a15
13	1.06712818997109	a6	a10
12	1.06731970343878	a6	a10	a26	0
12	1.0673765082809	a7	a14	a27	0
12	1.06749011796513	a7	a16	a27	1
13	1.06750472492453	a7	a14
12	1.06760426864785	a7	a14	a27	2
13	1.06768866441328	a7	a16
13	1.06771246834711	a7	a14
12	1.06777035518622	a7	a14	a27	3
13	1.06789207984789	a7	a14
13	1.0680532973998	a6	a10
12	1.06862350981492	a6	a10	a22	0
12	1.06874523447659	a7	a14	a23	0
12	1.06897840482851	a7	a16	a23	1
12	1.06932220937292	a7	a15	a23	2
12	1.06933762783007	a7	a17	a23	3
13	1.07042990379414	a7	a14
12	1.0704948236137	a7	a14	a23	4
13	1.07085188262127	a7	a16
12	1.07092870440775	a7	a16	a23	5
13	1.07134175675969	a7	a15
13	1.07138152014917	a7	a17
12	1.07142344753264	a7	a15	a23	6
12	1.07143129201083	a7	a17	a23	7
13	1.0721865259117	a7	a14
12	1.07227633166209	a7	a14	a23	8
13	1.07272103242606	a7	a16
12	1.07279839521104	a7	a16	a23	9
13	1.07335021367729	a7	a17
13	1.07340350202917	a7	a15
12	1.0734362324382	a7	a17	a23	10
12	1.07344732290738	a7	a15	a23	11
13	1.07380735740668	a7	a14
12	1.07388580218864	a7	a14	a23	12
13	1.07458910023386	a7	a16
12	1.07465997103688	a7	a16	a23	13
13	1.07536597407458	a7	a17
13	1.07537544154827	a7	a15
13	1.07539843398436	a7	a14
12	1.07544441885655	a7	a17	a23	14
12	1.07547255077836	a7	a14	a23	15
13	1.07640252719353	a7	a16
13	1.07735684854105	a7	a14
13	1.07774366246592	a7	a17
13	1.07789406004789	a6	a10
13	1.07825003705847	a8	a57
12	1.0783046779066	a6	a10	a28	0
12	1.07836472873969	a7	a14	a29	0
13	1.07856435718484	a7	a14
12	1.07858166913672	a7	a14	a29	1
13	1.07870880378336	a7	a14
12	1.07874829667359	a7	a14	a29	2
12	1.07876344463148	a7	a16	a29	3
12	1.07887056233376	a7	a17	a29	4
13	1.07889057927812	a7	a14
12	1.07889571876383	a7	a15	a29	5
12	1.07895008911272	a7	a14	a29	6
13	1.07896577806911	a7	a16
13	1.0790336733804	a7	a15
12	1.07905396082401	a7	a16	a29	7
13	1.07906640378942	a7	a17
13	1.07910373268567	a7	a14
12	1.07911671664958	a7	a17	a29	8
12	1.07915215205109	a7	a15	a29	9
13	1.079202194412	a7	a16
12	1.07920435840599	a7	a14	a29	10
13	1.07927144221953	a7	a17
12	1.07928875417141	a7	a16	a29	11
13	1.07929227066164	a7	a15
12	1.07934826400601	a7	a17	a29	12
12	1.07935881347669	a7	a15	a29	13
13	1.07937152694135	a7	a14
13	1.07939533087519	a7	a16
12	1.07947052966618	a7	a14	a29	14
13	1.07947729214738	a7	a15
12	1.07948892361505	a7	a16	a29	15
13	1.07951813753385	a7	a17
13	1.07959171332935	a7	a14
13	1.07960523829176	a7	a16
13	1.0798200146948	a6	a10
13	1.07985788458954	a8	a56
12	1.08146519112212	a8	a56	a42	0
12	1.0815998997477	a6	a10	a30	0
12	1.08165562259282	a7	a14	a31	0
13	1.08191908886053	a7	a14
12	1.08197372970866	a7	a14	a31	1
12	1.08202458356731	a7	a16	a31	2
12	1.08214874272222	a7	a15	a31	3
13	1.08217498114929	a7	a14
12	1.08218201412974	a7	a17	a31	4
12	1.08224044196735	a7	a14	a31	5
13	1.08236054363353	a7	a16
13	1.08243655392226	a7	a15
12	1.082438447417	a7	a16	a31	6
13	1.08244656239444	a7	a14
13	1.08246928433129	a7	a17
12	1.08251040021701	a7	a14	a31	7
12	1.08252879416588	a7	a17	a31	8
12	1.08256206557341	a7	a15	a31	9
13	1.08265484681553	a7	a16
13	1.08269920869223	a7	a14
12	1.08274519356441	a7	a16	a31	10
13	1.08277224348923	a7	a17
12	1.08278468645465	a7	a14	a31	11
13	1.08280821988924	a7	a15
12	1.08284419628924	a7	a17	a31	12
12	1.08284663078247	a7	a15	a31	13
13	1.08295239598851	a7	a16
12	1.08304328373589	a7	a16	a31	14
13	1.08309494909229	a7	a15
13	1.08309738358552	a7	a17
12	1.08317258237651	a7	a17	a31	15
13	1.08324453517652	a7	a16
13	1.08339655575399	a7	a17
13	1.08341062171489	a7	a14
13	1.0837038428999	a6	a10
13	1.084130149715	a8	a56
12	1.08420426650899	a8	a56	a45	0
12	1.08426485834058	a6	a10	a32	0
12	1.08436873005188	a7	a14	a33	0
13	1.0844677327767	a7	a14
12	1.0845126356519	a7	a14	a33	3
12	1.08452345562182	a7	a17	a33	1
12	1.08452589011506	a7	a15	a33	2
13	1.08455537453311	a7	a14
13	1.08458080146243	a7	a17
13	1.08458539994965	a7	a15
12	1.08459378542635	a7	a14	a33	4
13	1.08464896727297	a7	a14
12	1.08465572975418	a7	a15	a33	6
12	1.08467764019328	a7	a17	a33	5
13	1.0846968456399	a7	a15
13	1.0847036081211	a7	a17
12	1.08470685411208	a7	a14	a33	7
12	1.08476149496021	a7	a17	a33	8
12	1.08477312642788	a7	a15	a33	9
13	1.08478313490006	a7	a17
13	1.08478800388653	a7	a14
13	1.0847996353542	a7	a15
12	1.08484156273766	a7	a17	a33	10
13	1.08486157968203	a7	a17
12	1.08486915366097	a7	a14	a33	11
12	1.08489431009105	a7	a15	a33	12
13	1.08490431856323	a7	a14
13	1.08491378603692	a7	a15
12	1.08495841841287	a7	a16	a33	13
12	1.08499520631062	a7	a14	a33	14
12	1.08500981327002	a7	a17	a33	15
13	1.08503091221137	a7	a16
13	1.08503956818732	a7	a14
13	1.0850422731798	a7	a17
13	1.08522026168509	a6	a10
13	1.08529600147457	a8	a56
12	1.08707480453048	a8	a56	a50	0
12	1.10033684166932	a6	a10	a34	0
12	1.1004131224573	a7	a14	a35	0
12	1.10083104379571	a7	a15	a35	1
12	1.10086106921225	a7	a16	a35	2
12	1.10093843199723	a7	a17	a35	3
13	1.12891995622399	a7	a17
13	1.13622370642359	a7	a15
13	1.13798384503137	a7	a14
13	1.13873583294126	a7	a16
13	1.13892464141648	a6	a10
12	1.13940775307369	a6	a10	a36	0
12	1.13947645988272	a7	a14	a37	0
12	1.13976859907074	a7	a16	a37	1
12	1.13989302872489	a7	a17	a37	2
12	1.13990628318805	a7	a15	a37	3
13	1.14355721154048	a7	a17
13	1.14446798250904	a7	a15
13	1.14594463790475	a7	a14
13	1.14678751356202	a7	a16
13	1.14693899314099	a6	a10
12	1.1568360196327	a6	a10	a38	0
12	1.15690851343121	a7	a14	a39	0
12	1.1571976771275	a7	a15	a39	1
12	1.15721255458614	a7	a17	a39	2
12	1.15749387380423	a7	a16	a39	3
13	1.16191924150415	a7	a14
13	1.16336370748933	a7	a17
13	1.16343593078858	a7	a15
13	1.1635590079465	a7	a16
13	1.16372671748036	a6	a10
12	1.16385818011496	a6	a10	a40	0
12	1.16393554289994	a7	a14	a41	0
12	1.16425094502329	a7	a17	a41	1
12	1.16427610145337	a7	a15	a41	2
12	1.16450305032258	a7	a16	a41	3
13	1.16621044157697	a7	a14
13	1.16789619289151	a7	a16
13	1.16818156959832	a7	a15
13	1.16819536505998	a7	a17
13	1.16837984554722	a6	a10
12	1.16919567127968	a8	a57	a49	0
13	1.18723256114705	a8	a57
12	1.18764480200125	a8	a57	a54	0
12	1.19539081847159	a8	a58	a53	0
13	1.25933846373234	a8	a58
12	1.25954728915192	a8	a58	a52	0
13	1.27529250938887	a8	a58
12	1.27534498624302	a8	a58	a51	0
13	1.28431095432256	a8	a58
13	1.29108263250102	a8	a57
13	1.29155492418831	a8	a56
13	1.29207265974929	a8	a55
12	1.2944546761286	a8	a55	a46	0
12	1.29454772786997	a8	a56	a48	0
13	1.38542790127311	a8	a56
12	1.38631946679505	a6	a10	a20	0
12	1.38652450522516	a7	a14	a21	0
12	1.3867898649876	a7	a15	a21	1
12	1.38684910432295	a7	a16	a21	2
12	1.38721752429895	a7	a17	a21	3
13	1.38872150011872	a7	a14
13	1.38889786562852	a7	a16
13	1.38925681813083	a7	a15
13	1.38964336155645	a7	a17
13	1.38993009075951	a6	a10
12	1.39108241755667	a8	a56	a44	0
12	1.39110568049201	a8	a57	a43	0
12	1.39220012045007	a6	a10	a22	0
12	1.39228235222151	a7	a14	a23	0
12	1.39244519276891	a7	a17	a23	1
12	1.3924535782456	a7	a15	a23	2
12	1.39251768656741	a7	a16	a23	3
13	1.40916421029924	a7	a16
12	1.40923399910527	a7	a16	a23	4
13	1.41049182060922	a7	a16
12	1.4105091325611	a7	a16	a23	5
13	1.41062571773706	a7	a15
13	1.41071687598369	a7	a17
12	1.41073499943331	a7	a15	a23	6
12	1.41077854981227	a7	a17	a23	7
13	1.4117891350034	a7	a16
12	1.41187461276581	a7	a16	a23	8
13	1.41272100491331	a7	a15
13	1.41272614439903	a7	a17
12	1.41280702367423	a7	a15	a23	10
12	1.41280999916596	a7	a17	a23	9
13	1.4130832034066	a7	a16
12	1.41316976316601	a7	a16	a23	11
13	1.41424364518121	a7	a16
12	1.4142598751361	a7	a16	a23	12
13	1.4148327925437	a7	a17
13	1.4148552439813	a7	a15
12	1.41491583581289	a7	a15	a23	13
12	1.41492909027605	a7	a17	a23	14
13	1.4154798267453	a7	a16
12	1.41556314051374	a7	a16	a23	15
13	1.4168996772989	a7	a15
13	1.41715421709142	a7	a16
13	1.41715638108541	a7	a17
13	1.41731002465836	a7	a14
13	1.4173781904689	a6	a10
12	1.41936906493536	a6	a10	a24	0
12	1.41944534572334	a7	a14	a25	0
13	1.4195551684181	a7	a14
12	1.41957680835795	a7	a14	a25	1
13	1.41964930215646	a7	a14
12	1.41968338506173	a7	a14	a25	2
13	1.4197455998888	a7	a14
12	1.41981592969333	a7	a14	a25	3
13	1.41987435753093	a7	a14
13	1.42005721502268	a6	a10
12	1.42031797629791	a6	a10	a26	0
12	1.42038830610243	a7	a14	a27	0
13	1.42051598174757	a7	a14
12	1.42053816268592	a7	a14	a27	1
12	1.42064149339871	a7	a17	a27	2
12	1.42064933787691	a7	a15	a27	3
13	1.42065069037315	a7	a14
13	1.42087980323634	a7	a15
13	1.42094391155816	a7	a17
13	1.42104183228599	a6	a10
12	1.42165532458082	a6	a10	a22	0
12	1.42171916240339	a7	a14	a23	0
12	1.42218333911323	a7	a16	a23	1
12	1.42223500446963	a7	a15	a23	2
12	1.42224501294181	a7	a17	a23	3
13	1.42327236908633	a7	a14
12	1.42336163383822	a7	a14	a23	4
13	1.42339247075251	a7	a16
12	1.42346171856004	a7	a16	a23	5
13	1.42415609013007	a7	a15
13	1.42417042659022	a7	a17
12	1.42423723990452	a7	a15	a23	7
12	1.42423805140226	a7	a17	a23	6
13	1.4244825827226	a7	a16
12	1.424571306476	a7	a16	a23	8
13	1.42512420693924	a7	a14
12	1.42518588076782	a7	a14	a23	9
13	1.425600285616	a7	a16
12	1.42568468138143	a7	a16	a23	10
13	1.42611829167623	a7	a15
13	1.42613425113187	a7	a17
12	1.42619349046722	a7	a15	a23	12
12	1.42619592496045	a7	a17	a23	11
13	1.42662764176052	a7	a14
12	1.42670500454549	a7	a14	a23	13
13	1.4267921053034	a7	a16
12	1.42687433707484	a7	a16	a23	14
13	1.42808752620284	a7	a15
13	1.4281451425427	a7	a17
13	1.42815542151413	a7	a16
12	1.42816813497879	a7	a15	a23	15
13	1.42828147416377	a7	a14
13	1.43043437767989	a7	a15
13	1.43055853683479	a6	a10
13	1.43118771808601	a8	a57
12	1.43133054168904	a6	a10	a28	0
12	1.43139221551762	a7	a14	a29	0
12	1.43147390629057	a7	a16	a29	1
12	1.43154044910562	a7	a17	a29	2
13	1.43155559706351	a7	a14
12	1.43161077891014	a7	a14	a29	3
13	1.43168435470564	a7	a16
13	1.43172006060639	a7	a14
12	1.43175576650715	a7	a16	a29	4
12	1.43178281643197	a7	a14	a29	5
13	1.43184665425453	a7	a16
13	1.43185747422446	a7	a17
13	1.43191319706958	a7	a14
12	1.43196323943049	a7	a15	a29	6
12	1.43198298587561	a7	a16	a29	7
12	1.43200029782749	a7	a14	a29	8
12	1.43202031477185	a7	a17	a29	9
13	1.43205872566509	a7	a16
13	1.43211580100645	a7	a15
13	1.43211823549969	a7	a14
12	1.43213933444104	a7	a16	a29	10
12	1.43218261432075	a7	a14	a29	11
13	1.43219776227865	a7	a17
13	1.43221236923805	a7	a16
12	1.43222778769519	a7	a15	a29	12
12	1.43227350206813	a7	a17	a29	13
12	1.43232489692528	a7	a16	a29	14
13	1.432330036411	a7	a15
13	1.43233030691025	a7	a14
13	1.43240929269071	a7	a16
12	1.43241551417342	a7	a15	a29	15
13	1.43241632567116	a7	a17
13	1.432550222799	a7	a15
13	1.43268141493436	a6	a10
13	1.43272361281707	a8	a56
12	1.4348378349407	a8	a56	a42	0
12	1.4351164491663	a6	a10	a30	0
12	1.43517163101293	a7	a14	a31	0
12	1.43532906157536	a7	a16	a31	2
12	1.43543049879342	a7	a15	a31	1
13	1.43545078623703	a7	a14
12	1.4355135420626	a7	a14	a31	3
12	1.43557629788818	a7	a17	a31	4
13	1.43568936657391	a7	a16
13	1.435749417407	a7	a14
12	1.43575753238445	a7	a16	a31	5
13	1.43576537686264	a7	a15
12	1.43579973026716	a7	a14	a31	6
12	1.43585626461002	a7	a15	a31	7
13	1.43587330606266	a7	a17
13	1.43589494600251	a7	a16
12	1.43591712694086	a7	a17	a31	8
12	1.43596852179801	a7	a16	a31	9
13	1.43601558866719	a7	a14
12	1.43607401650479	a7	a14	a31	10
13	1.43610295992435	a7	a15
13	1.43610485341908	a7	a16
13	1.43616760924466	a7	a17
12	1.43619195417699	a7	a16	a31	11
12	1.43624037354241	a7	a15	a31	12
12	1.43624767702211	a7	a17	a31	13
13	1.43627364494994	a7	a14
12	1.43633153178904	a7	a14	a31	14
13	1.43634451575295	a7	a16
12	1.43641592755447	a7	a16	a31	15
13	1.43650356931087	a7	a17
13	1.43650816779809	a7	a15
13	1.43655280017404	a7	a14
13	1.43655442316953	a7	a16
13	1.43675513361166	a6	a10
13	1.43706296175607	a8	a56
12	1.43717116145533	a8	a56	a45	0
12	1.43723229428542	a6	a10	a32	0
12	1.43728964012603	a7	a14	a33	0
13	1.4373675439095	a7	a14
12	1.43738377386439	a7	a14	a33	1
13	1.43740974179221	a7	a14
12	1.43745734965989	a7	a14	a33	2
13	1.43747628460726	a7	a14
12	1.43750982651403	a7	a17	a33	3
12	1.4375293024599	a7	a14	a33	4
13	1.43755256539524	a7	a14
12	1.43757718082682	a7	a15	a33	5
12	1.43760450125089	a7	a14	a33	6
13	1.43760991123585	a7	a17
13	1.43762127220427	a7	a14
13	1.43762316569901	a7	a15
12	1.43771378294715	a7	a14	a33	7
12	1.43772838990655	a7	a17	a33	8
13	1.43774516085993	a7	a14
13	1.43774732485392	a7	a17
12	1.43776815329603	a7	a15	a33	9
12	1.43778898173813	a7	a14	a33	10
13	1.43779303922686	a7	a15
13	1.43780683468851	a7	a14
12	1.43780953968099	a7	a16	a33	11
12	1.43786634452311	a7	a17	a33	12
13	1.43788582046898	a7	a17
13	1.4378966404389	a7	a16
12	1.43790610791259	a7	a15	a33	13
13	1.43795263378327	a7	a15
12	1.43795993726297	a7	a14	a33	14
12	1.43797941320884	a7	a16	a33	15
13	1.43800862712764	a7	a14
13	1.43807733393667	a7	a16
13	1.43824504347053	a6	a10
13	1.43837163711867	a8	a56
12	1.44057782898667	a8	a56	a50	0
12	1.45295803857651	a6	a10	a34	0
12	1.45303972934945	a7	a14	a35	0
12	1.45337893540665	a7	a16	a35	1
12	1.45345629819162	a7	a17	a35	2
12	1.45345873268485	a7	a15	a35	3
13	1.4929091545344	a7	a14
13	1.49766209682383	a7	a15
13	1.50056482425585	a7	a17
13	1.50090889929951	a7	a16
13	1.50105226390104	a6	a10
12	1.50123782638528	a6	a10	a36	0
12	1.5013525180665	a7	a14	a37	0
12	1.50145097979283	a7	a17	a37	1
12	1.50159704938683	a7	a16	a37	2
12	1.50179748932972	a7	a15	a37	3
13	1.50502562735727	a7	a15
13	1.50504807879487	a7	a16
13	1.50646116686726	a7	a14
13	1.50842066342094	a7	a17
13	1.50856781501194	a6	a10
12	1.52961103352338	a6	a10	a38	0
12	1.52970895425121	a7	a14	a39	0
12	1.52984636786928	a7	a16	a39	1
12	1.53024697725581	a7	a15	a39	2
12	1.53025373973701	a7	a17	a39	3
13	1.53394064448944	a7	a16
13	1.53460499064293	a7	a14
13	1.55216688383053	a7	a17
13	1.55221097520798	a7	a15
13	1.55235785629973	a6	a10
12	1.55251907385164	a6	a10	a40	0
12	1.55259264964714	a7	a14	a41	0
12	1.55288262484117	a7	a16	a41	1
12	1.55310984420962	a7	a17	a41	2
12	1.55311498369534	a7	a15	a41	3
13	1.55496005906704	a7	a14
13	1.55572286694686	a7	a16
13	1.55707942067638	a7	a15
13	1.55728148361476	a7	a17
13	1.55741943823132	a6	a10
12	1.55853119014126	a8	a57	a49	0
13	1.57547472204757	a8	a57
12	1.5757646972416	a8	a57	a54	0
12	1.58305032399157	a8	a58	a53	0
13	1.61638070035147	a8	a58
12	1.61643371820411	a8	a58	a52	0
13	1.64525595409416	a8	a58
12	1.64532141491222	a8	a58	a51	0
13	1.66825650516529	a8	a58
13	1.6753603564205	a8	a57
13	1.67569252949724	a8	a56
13	1.67593165083261	a8	a55
12	1.67808482484797	a8	a55	a46	0
12	1.67819356554573	a8	a56	a48	0
13	1.79926740602711	a8	a56
12	1.80018602147386	a6	a10	a20	0
12	1.80036455097765	a7	a14	a21	0
12	1.80051062057166	a7	a16	a21	1
12	1.80074162692959	a7	a17	a21	2
12	1.80075379939575	a7	a15	a21	3
13	1.8018869207463	a7	a16
13	1.80241331228322	a7	a14
13	1.80249310956143	a7	a15
13	1.80253720093888	a7	a17
13	1.80265676160657	a6	a10
12	1.80384046631652	a8	a56	a44	0
12	1.80385994226239	a8	a57	a43	0
12	1.80453132139632	a6	a10	a22	0
12	1.80464709507454	a7	a14	a23	0
12	1.80508097586859	a7	a16	a23	1
12	1.80516158464454	a7	a17	a23	2
12	1.8051748391077	a7	a15	a23	3
13	1.80644375108082	a7	a14
13	1.80646322702669	a7	a16
12	1.80654383580264	a7	a14	a23	4
12	1.80656331174851	a7	a16	a23	5
13	1.80728338074711	a7	a17
13	1.80731827515013	a7	a15
12	1.8073580385396	a7	a17	a23	6
12	1.80737616198923	a7	a15	a23	7
13	1.80759174989002	a7	a16
12	1.80768858862086	a7	a16	a23	8
13	1.80829558893373	a7	a14
12	1.80836267274727	a7	a14	a23	9
13	1.8088593093669	a7	a16
12	1.80893559015488	a7	a16	a23	10
13	1.80933268305118	a7	a17
12	1.80939597987525	a7	a17	a23	11
13	1.8094108573339	a7	a15
12	1.80943574326473	a7	a15	a23	12
13	1.810167443731	a7	a16
13	1.81020044463928	a7	a14
12	1.81026752845282	a7	a16	a23	13
12	1.81029457837764	a7	a14	a23	14
13	1.8112935321011	a7	a15
13	1.81133708248005	a7	a16
12	1.81138874783645	a7	a15	a23	15
13	1.81146529912368	a7	a17
13	1.81223784497643	a7	a14
13	1.81358574273002	a7	a15
13	1.81376941171952	a6	a10
12	1.81428281929253	a6	a10	a24	0
12	1.81437370703991	a7	a14	a25	0
13	1.81448352973466	a7	a14
12	1.81451923563542	a7	a14	a25	1
12	1.81459227043242	a7	a16	a25	2
13	1.81460092640836	a7	a14
12	1.81467883019183	a7	a14	a25	3
13	1.81476538995125	a7	a14
13	1.81485411370464	a7	a16
13	1.81497421537083	a6	a10
12	1.81507646408663	a6	a10	a26	0
12	1.81514571189416	a7	a14	a27	0
13	1.81529394548215	a7	a14
12	1.81531017543704	a7	a14	a27	1
13	1.81542108012879	a7	a14
12	1.81548762294384	a7	a14	a27	2
12	1.8155081808867	a7	a16	a27	3
13	1.81559095365663	a7	a14
13	1.81567751341604	a7	a16
13	1.81579491008975	a6	a10
12	1.81624556183718	a6	a10	a22	0
12	1.81632238362366	a7	a14	a23	0
12	1.81669188559665	a7	a16	a23	1
12	1.81684958665833	a7	a15	a23	2
12	1.81686284112149	a7	a17	a23	3
13	1.81775494764192	a7	a16
12	1.8178469173863	a7	a16	a23	4
13	1.8183018971217	a7	a14
12	1.81836843993675	a7	a14	a23	5
13	1.81875606535936	a7	a15
13	1.81878068079095	a7	a17
12	1.81883342814434	a7	a15	a23	7
12	1.81883640363607	a7	a17	a23	6
13	1.8188612895669	a7	a16
12	1.81893757035488	a7	a16	a23	8
13	1.81987782574149	a7	a14
13	1.81994004056857	a7	a16
12	1.81994707354902	a7	a14	a23	9
12	1.82001361636407	a7	a16	a23	10
13	1.82071826690552	a7	a15
13	1.82074180034011	a7	a17
12	1.82079590018975	a7	a17	a23	11
12	1.82079833468298	a7	a15	a23	12
13	1.82101662757625	a7	a16
12	1.82110156434017	a7	a16	a23	13
13	1.82146132834022	a7	a14
12	1.8215235431673	a7	a14	a23	14
13	1.82212026450874	a7	a16
12	1.82219546329973	a7	a16	a23	15
13	1.82268479643966	a7	a15
13	1.82268668993439	a7	a17
13	1.82317953956454	a7	a14
13	1.82340513593751	a7	a16
13	1.8235382215676	a6	a10
13	1.82385578768494	a8	a57
12	1.82389906756465	a6	a10	a28	0
12	1.82396020039473	a7	a14	a29	0
12	1.82410843398273	a7	a16	a29	1
13	1.82413710690303	a7	a14
12	1.82420581371206	a7	a14	a29	2
13	1.8243178004008	a7	a16
12	1.82433132536321	a7	a17	a29	3
13	1.82434593232261	a7	a14
12	1.82437974472863	a7	a15	a29	4
12	1.82441085214217	a7	a14	a29	5
12	1.82442221311059	a7	a16	a29	6
13	1.82452067483692	a7	a17
13	1.82452175683392	a7	a16
13	1.82452473232565	a7	a15
12	1.82453690479181	a7	a16	a29	7
13	1.82454285577527	a7	a14
12	1.82459533262942	a7	a17	a29	8
12	1.82459776712265	a7	a15	a29	9
13	1.82461967756175	a7	a16
12	1.8246856793783	a7	a14	a29	10
12	1.8247148932971	a7	a16	a29	11
13	1.82472165577831	a7	a15
13	1.82475276319185	a7	a17
12	1.82479171508358	a7	a17	a29	13
12	1.82479414957681	a7	a15	a29	12
13	1.82479874806403	a7	a16
13	1.82481227302644	a7	a14
12	1.82488909481292	a7	a16	a29	14
13	1.82491046425352	a7	a15
12	1.82491506274074	a7	a14	a29	15
13	1.82492263671969	a7	a17
13	1.8249945895197	a7	a16
13	1.82507195230468	a7	a14
13	1.82514336410619	a6	a10
13	1.82518339799492	a8	a56
12	1.82633518379359	a8	a56	a42	0
12	1.82684480437712	a6	a10	a30	0
12	1.82689782222976	a7	a14	a31	0
13	1.82718833842229	a7	a14
12	1.82721809333959	a7	a14	a31	1
12	1.82726191421779	a7	a16	a31	2
13	1.82744747670203	a7	a14
12	1.8275023880494	a7	a15	a31	3
12	1.82753079047046	a7	a14	a31	4
13	1.8275394464464	a7	a16
12	1.82755351240731	a7	a17	a31	5
12	1.82762384221183	a7	a16	a31	6
13	1.827746107872	a7	a14
13	1.82781400318328	a7	a15
12	1.82782130666298	a7	a14	a31	7
13	1.82784132360735	a7	a17
12	1.82787946400134	a7	a15	a31	8
12	1.82788352149006	a7	a17	a31	9
13	1.82789055447051	a7	a16
12	1.8279657532615	a7	a16	a31	10
13	1.82801390212767	a7	a14
12	1.82808044494272	a7	a14	a31	11
13	1.82810208488258	a7	a16
13	1.8281348152916	a7	a15
13	1.82814157777281	a7	a17
12	1.82817782467206	a7	a16	a31	12
12	1.82821217807658	a7	a15	a31	13
12	1.82822543253974	a7	a17	a31	14
13	1.82829576234426	a7	a14
13	1.82832768125554	a7	a16
12	1.82838719109014	a7	a14	a31	15
13	1.82848321832323	a7	a15
13	1.82848781681045	a7	a17
13	1.82865444434732	a7	a14
13	1.82872910213981	a6	a10
13	1.82902340532181	a8	a56
12	1.82911267007371	a8	a56	a45	0
12	1.82916785192033	a6	a10	a32	0
12	1.82921816478049	a7	a14	a33	0
13	1.82929552756546	a7	a14
12	1.82934529942712	a7	a14	a33	1
13	1.8293631523775	a7	a14
12	1.82939453029029	a7	a16	a33	2
12	1.82943240018503	a7	a14	a33	4
13	1.82946107310534	a7	a16
13	1.82947946705421	a7	a14
12	1.829547903364	a7	a15	a33	3
12	1.82954871486174	a7	a14	a33	5
12	1.82956494481663	a7	a16	a33	6
13	1.8295844207625	a7	a14
13	1.82960551970385	a7	a16
12	1.82966394754146	a7	a14	a33	7
13	1.82967016902416	a7	a15
13	1.82970560442567	a7	a14
12	1.82971047341214	a7	a17	a33	8
12	1.82975645828433	a7	a16	a33	9
13	1.82976403226328	a7	a17
13	1.82977809822418	a7	a16
12	1.82978540170388	a7	a15	a33	10
12	1.82980136115952	a7	a17	a33	11
13	1.82982327159862	a7	a15
12	1.82983923105427	a7	a14	a33	12
13	1.8298641169851	a7	a17
12	1.82990090488285	a7	a16	a33	13
12	1.82991713483774	a7	a17	a33	14
13	1.82991821683473	a7	a16
13	1.82991929883172	a7	a14
12	1.82993201229638	a7	a15	a33	15
13	1.82995338173699	a7	a17
13	1.82998611214602	a7	a15
13	1.8302314549641	a6	a10
13	1.83033045768893	a8	a56
12	1.83193884621849	a8	a56	a50	0
12	1.84291841070135	a6	a10	a34	0
12	1.84300334746527	a7	a14	a35	0
12	1.84310992416904	a7	a16	a35	1
12	1.84350323007587	a7	a17	a35	2
12	1.84351107455407	a7	a15	a35	3
13	1.87737054744337	a7	a15
13	1.877608857281	a7	a17
13	1.88341431214503	a7	a14
13	1.88364423650597	a7	a16
13	1.88378219112253	a6	a10
12	1.88408460928198	a6	a10	a36	0
12	1.88418036601583	a7	a14	a37	0
12	1.8843313045963	a7	a16	a37	1
12	1.88468133062342	a7	a17	a37	2
12	1.88477086587456	a7	a15	a37	3
13	1.8876776507953	a7	a15
13	1.88906125444964	a7	a17
13	1.89073293980328	a7	a14
13	1.89112354071762	a7	a16
13	1.89126311832967	a6	a10
12	1.8989377229985	a6	a10	a38	0
12	1.89901292178949	a7	a14	a39	0
12	1.89929883949479	a7	a15	a39	1
12	1.899305601976	a7	a17	a39	2
12	1.89936673480608	a7	a16	a39	3
13	1.90309854243371	a7	a16
13	1.9034680444067	a7	a14
13	1.90493144533925	a7	a17
13	1.90513783626559	a7	a15
13	1.90530094731224	a6	a10
12	1.90541347499947	a6	a10	a40	0
12	1.90549462477392	a7	a14	a41	0
12	1.90572238514087	a7	a16	a41	1
12	1.90590470163413	a7	a17	a41	2
12	1.90602128681009	a7	a15	a41	3
13	1.90763265083138	a7	a14
13	1.90831322693976	a7	a16
13	1.90978095586028	a7	a17
13	1.90982667023322	a7	a15
13	1.91001033922272	a6	a10
12	1.9109246266815	a8	a57	a49	0
13	1.92862339248868	a8	a57
12	1.92890308871128	a8	a57	a54	0
12	1.93504991362649	a8	a58	a53	0
13	1.96705267967641	a8	a58
12	1.96710136954108	a8	a58	a52	0
13	1.98193392531474	a8	a58
12	1.98199343514934	a8	a58	a51	0
13	1.99107571790559	a8	a58
13	1.99764830863741	a8	a57
13	1.99803674555777	a8	a56
13	1.99841165751572	a8	a55
12	2.0001347377265	a8	a55	a47	0
13	2.04544227979648	a8	a55
12	2.04563758025365	a8	a55	a46	0
12	2.04575010794089	a8	a56	a48	0
13	2.11728796210503	a8	a56
12	2.11839700902249	a6	a10	a20	0
12	2.11852576666462	a7	a14	a21	0
12	2.11885388225264	a7	a15	a21	1
12	2.11888228467369	a7	a16	a21	2
12	2.11892989254137	a7	a17	a21	3
13	2.11993073975957	a7	a16
13	2.12015092614757	a7	a14
13	2.12096053039732	a7	a15
13	2.12102734371161	a7	a17
13	2.12115447835825	a6	a10
12	2.1218675143764	a8	a56	a44	0
12	2.12189240030723	a8	a57	a43	0
12	2.12259191136297	a6	a10	a22	0
12	2.12265791317953	a7	a14	a23	0
12	2.12308097400365	a7	a16	a23	1
12	2.12310694193147	a7	a17	a23	2
12	2.12313155736306	a7	a15	a23	3
13	2.1241916439166	a7	a14
12	2.12426954770007	a7	a14	a23	4
13	2.12436314043993	a7	a16
12	2.12444320821739	a7	a16	a23	5
13	2.1252795918927	a7	a17
13	2.12533396224158	a7	a15
12	2.12535100369422	a7	a17	a23	6
12	2.12539184908069	a7	a15	a23	7
13	2.12559553501455	a7	a16
12	2.12568479976645	a7	a16	a23	8
13	2.1260012838868	a7	a14
12	2.12606890869884	a7	a14	a23	9
13	2.12677112474706	a7	a16
12	2.12684794653354	a7	a16	a23	10
13	2.12725261340879	a7	a17
13	2.12727560584488	a7	a15
12	2.12733809117121	a7	a17	a23	11
12	2.12734052566444	a7	a15	a23	12
13	2.12766377226599	a7	a14
12	2.12773031508104	a7	a14	a23	13
13	2.12796023944198	a7	a16
12	2.12803760222695	a7	a16	a23	14
13	2.12923185640758	a7	a15
13	2.12927216079556	a7	a16
13	2.12927919377601	a7	a17
12	2.1293246376497	a7	a16	a23	15
13	2.12943337834746	a7	a14
13	2.13054026127094	a7	a16
13	2.16280541159158	a6	a10
12	2.16378245487594	a6	a10	a24	0
12	2.16386739163986	a7	a14	a25	0
13	2.16395611539326	a7	a14
12	2.16397288634664	a7	a14	a25	1
13	2.16404646214214	a7	a14
12	2.16407351206696	a7	a14	a25	2
13	2.16413626789253	a7	a14
12	2.16415357984442	a7	a14	a25	3
13	2.16421904066247	a7	a14
13	2.17729767931106	a6	a10
12	2.1774967667577	a6	a10	a26	0
12	2.17756276857425	a7	a14	a27	0
13	2.17772560912165	a7	a14
12	2.17774183907654	a7	a14	a27	1
13	2.17784300579535	a7	a14
12	2.17785977674873	a7	a14	a27	2
13	2.17796527145552	a7	a14
12	2.17798366540439	a7	a14	a27	3
13	2.17809240610215	a7	a14
13	2.17937403153994	a6	a10
12	2.17996696589191	a6	a10	a22	0
12	2.18002863972049	a7	a14	a23	0
12	2.1801005925205	a7	a16	a23	1
12	2.1813210851282	a7	a17	a23	2
13	2.18176145790421	a7	a16
12	2.18182854171775	a7	a16	a23	3
13	2.1819096914922	a7	a14
12	2.18201194020801	a7	a14	a23	4
12	2.18205603158546	a7	a15	a23	5
13	2.18338607638866	a7	a16
13	2.18342989726687	a7	a17
12	2.18348507911349	a7	a16	a23	6
12	2.18351753902327	a7	a17	a23	7
13	2.18362573872253	a7	a14
12	2.18367659258119	a7	a14	a23	8
13	2.18404257806395	a7	a15
12	2.18412697382938	a7	a15	a23	9
13	2.18519625735736	a7	a16
12	2.18527903012729	a7	a16	a23	10
13	2.18543754268672	a7	a14
13	2.18547378958597	a7	a17
12	2.18554141439801	a7	a14	a23	11
12	2.18556521833185	a7	a17	a23	12
13	2.18601722257553	a7	a15
12	2.18605509247027	a7	a15	a23	13
13	2.18685279475309	a7	a16
12	2.18694801048845	a7	a16	a23	14
13	2.18718821382081	a7	a14
12	2.18727369158323	a7	a14	a23	15
13	2.18787257691866	a7	a17
13	2.18801783501492	a7	a15
13	2.18858994092478	a7	a16
13	2.18881012731279	a7	a14
13	2.18888965409175	a6	a10
13	2.18936573276851	a8	a57
12	2.18943281658205	a6	a10	a28	0
12	2.18952208133395	a7	a14	a29	0
13	2.18972711976405	a7	a14
12	2.18974334971894	a7	a14	a29	1
13	2.18985479540919	a7	a14
12	2.18987102536407	a7	a14	a29	2
13	2.18997706106935	a7	a14
12	2.19002304594154	a7	a14	a29	3
12	2.19005604684982	a7	a17	a29	4
12	2.19006064533704	a7	a15	a29	5
13	2.19013016364381	a7	a14
12	2.19020103444683	a7	a14	a29	6
13	2.19032140661226	a7	a15
13	2.190323300107	a7	a14
12	2.19040390888295	a7	a14	a29	8
12	2.19040904836867	a7	a15	a29	9
13	2.19041959783935	a7	a17
12	2.19043745078972	a7	a17	a29	10
13	2.190544568492	a7	a14
13	2.19058324988448	a7	a15
12	2.19058352038373	a7	a14	a29	11
13	2.19058730737321	a7	a17
12	2.19066331766194	a7	a15	a29	12
12	2.19067711312359	a7	a17	a29	13
13	2.19069713006796	a7	a14
12	2.19074744292812	a7	a14	a29	14
13	2.19079261630256	a7	a15
13	2.19082696970708	a7	a17
12	2.19086348710558	a7	a15	a29	15
13	2.19086375760483	a7	a14
13	2.19097709678981	a7	a15
12	2.19137824717483	a7	a16	a29	7
13	2.19156272766207	a7	a16
13	2.19171096125007	a6	a10
13	2.19175370013128	a8	a56
12	2.19302775159011	a8	a56	a42	0
12	2.193191133136	a6	a10	a30	0
12	2.19331718578565	a7	a14	a31	0
12	2.19334477670896	a7	a17	a31	1
12	2.19353142119019	a7	a16	a31	2
13	2.19360824297667	a7	a14
12	2.19370832769849	a7	a14	a31	3
12	2.19375296007443	a7	a15	a31	4
13	2.19387062724738	a7	a17
12	2.19390687414664	a7	a17	a31	5
13	2.19391823511506	a7	a14
12	2.19396097399627	a7	a14	a31	6
13	2.19397882694665	a7	a16
13	2.19405862422486	a7	a15
12	2.19406214071508	a7	a16	a31	7
13	2.19413192952111	a7	a17
12	2.19416465993013	a7	a15	a31	8
12	2.19416817642036	a7	a17	a31	9
13	2.19417466840232	a7	a14
12	2.19423363723842	a7	a14	a31	10
13	2.19429368807151	a7	a16
12	2.19437429684746	a7	a16	a31	11
13	2.19441297823995	a7	a15
13	2.1944267737016	a7	a17
13	2.19445382362642	a7	a14
12	2.19449953799936	a7	a15	a31	12
12	2.19451279246252	a7	a17	a31	13
12	2.19457013830313	a7	a14	a31	14
13	2.19459069624599	a7	a16
12	2.19467509201141	a7	a16	a31	15
13	2.1947435283212	a7	a15
13	2.19478166871519	a7	a17
13	2.19480493165053	a7	a14
13	2.19489527839942	a7	a16
13	2.19504026599643	a6	a10
13	2.19541842394536	a8	a56
12	2.19550822969575	a8	a56	a45	0
12	2.19556341154238	a6	a10	a32	0
12	2.19563536434239	a7	a14	a33	0
13	2.19571002213488	a7	a14
12	2.19572679308826	a7	a14	a33	1
13	2.19574410504015	a7	a14
12	2.19576087599353	a7	a14	a33	2
13	2.19578305693188	a7	a14
12	2.19579982788527	a7	a14	a33	3
13	2.19582038582813	a7	a14
12	2.19583715678151	a7	a14	a33	4
13	2.1958544687334	a7	a14
12	2.19587123968678	a7	a14	a33	5
13	2.19588801064017	a7	a14
12	2.19590478159355	a7	a14	a33	6
13	2.19592588053491	a7	a14
12	2.1959426514883	a7	a14	a33	7
13	2.19596104543717	a7	a14
12	2.19597943938605	a7	a14	a33	8
13	2.19599675133793	a7	a14
12	2.19601298129282	a7	a14	a33	9
13	2.19603732622515	a7	a14
12	2.19605463817704	a7	a14	a33	10
13	2.19607681911538	a7	a14
12	2.19611468901013	a7	a14	a33	11
13	2.19613524695299	a7	a14
12	2.19613632894998	a7	a16	a33	12
12	2.19623100368684	a7	a14	a33	13
13	2.19624452864924	a7	a16
13	2.19626725058609	a7	a14
12	2.19626860308233	a7	a15	a33	14
12	2.19635597433949	a7	a17	a33	15
13	2.1963611138252	a7	a15
13	2.19642522214702	a7	a17
13	2.19656642275456	a6	a10
13	2.19665406451096	a8	a56
12	2.19889542128122	a8	a56	a50	0
12	2.22510301143855	a6	a10	a34	0
12	2.22526152399797	a7	a14	a35	0
12	2.22552120327621	a7	a16	a35	1
12	2.2255441957123	a7	a15	a35	2
12	2.22560505804314	a7	a17	a35	3
13	2.25793512818334	a7	a17
13	2.26212272704412	a7	a15
13	2.26428266354068	a7	a14
13	2.26457858971817	a7	a16
13	2.26472682330617	a6	a10
12	2.26496269865056	a6	a10	a36	0
12	2.26502599547463	a7	a14	a37	0
12	2.26523860788369	a7	a16	a37	1
12	2.26559106840404	a7	a15	a37	2
12	2.26560324087021	a7	a17	a37	3
13	2.26935587693994	a7	a15
13	2.27044463641379	a7	a17
13	2.27098347091613	a7	a14
13	2.27131834898535	a7	a16
13	2.27143845065154	a6	a10
12	2.27947606531139	a6	a10	a38	0
12	2.27958372401216	a7	a14	a39	0
12	2.27990561811747	a7	a16	a39	1
12	2.2801147140363	a7	a15	a39	2
12	2.28012742750096	a7	a17	a39	3
13	2.28375103542933	a7	a16
13	2.28419519519481	a7	a14
13	2.28569186753488	a7	a15
13	2.28580737071385	a7	a17
13	2.28592747238003	a6	a10
12	2.2861081658778	a6	a10	a40	0
12	2.28616659371541	a7	a14	a41	0
12	2.2864468309365	a7	a16	a41	1
12	2.28653366119516	a7	a15	a41	2
12	2.28656206361622	a7	a17	a41	3
13	2.28840795048567	a7	a14
13	2.28899817984516	a7	a16
13	2.29025735384534	a7	a15
13	2.29040098894612	a7	a17
13	2.29052379560478	a6	a10
12	2.29141536112672	a8	a57	a49	0
13	2.30852930755937	a8	a57
12	2.3088338897128	a8	a57	a54	0
12	2.31492877877236	a8	a58	a53	0
13	2.34965330825729	a8	a58
12	2.34969983412797	a8	a58	a52	0
13	2.36512748824759	a8	a58
12	2.36524758991377	a8	a58	a51	0
13	2.37408696434518	a8	a58
13	2.38057407731457	a8	a57
13	2.38089110243342	a8	a56
13	2.38117296265	a8	a55
12	2.38297935662922	a8	a55	a46	0
12	2.38307240837059	a8	a56	a48	0
13	2.5014050094711	a8	a56
12	2.51645991562675	a6	a10	a20	0
12	2.51656216434255	a7	a14	a21	0
12	2.51725085542837	a7	a17	a21	2
12	2.51729143031559	a7	a16	a21	1
12	2.51755570808105	a7	a15	a21	3
13	2.5182462926616	a7	a16
13	2.51829444152778	a7	a14
13	2.51946462127532	a7	a17
13	2.51963530630091	a7	a15
13	2.51974594049341	a6	a10
12	2.52094533415975	a8	a56	a44	0
12	2.52099131903194	a8	a57	a43	0
12	2.52173086397641	a6	a10	a22	0
12	2.52179253780499	a7	a14	a23	0
12	2.52201651118247	a7	a16	a23	1
12	2.5220711520306	a7	a17	a23	2
12	2.52235544674042	a7	a15	a23	3
13	2.52335494146237	a7	a16
13	2.52343609123682	a7	a14
12	2.52344420621426	a7	a16	a23	4
12	2.52348965008796	a7	a14	a23	5
13	2.52449590729111	a7	a17
13	2.52450402226856	a7	a16
13	2.52453080169413	a7	a15
12	2.5245857130415	a7	a17	a23	6
12	2.52460789397985	a7	a16	a23	7
12	2.52462114844301	a7	a15	a23	8
13	2.52554057538751	a7	a14
12	2.52561361018452	a7	a14	a23	9
13	2.52564769308978	a7	a16
12	2.52572721986874	a7	a16	a23	10
13	2.52658605498165	a7	a15
12	2.52667261474107	a7	a15	a23	11
13	2.52668478720723	a7	a17
12	2.52673888705687	a7	a17	a23	12
13	2.52695366345991	a7	a16
12	2.52704130521631	a7	a16	a23	13
13	2.52767210946302	a7	a14
12	2.52773757028108	a7	a14	a23	14
13	2.52819796000145	a7	a16
12	2.52827532278642	a7	a16	a23	15
13	2.52859153640752	a7	a15
13	2.52867836666618	a7	a17
13	2.52946281448585	a7	a16
13	2.52962727802873	a7	a14
13	2.52974305170694	a6	a10
12	2.53026890224537	a6	a10	a24	0
12	2.53034301903936	a7	a14	a25	0
13	2.53042795580329	a7	a14
12	2.53044472675667	a7	a14	a25	1
13	2.53050964657623	a7	a14
12	2.53052695852811	a7	a14	a25	2
12	2.53058430436872	a7	a16	a25	3
13	2.53058646836271	a7	a14
13	2.53074714491611	a7	a16
13	2.53088077154471	a6	a10
12	2.53101007018533	a6	a10	a26	0
12	2.53107607200188	a7	a14	a27	0
13	2.53119779666355	a7	a14
12	2.53122430558987	a7	a14	a27	1
13	2.53132871829966	a7	a14
12	2.53137037518388	a7	a14	a27	2
12	2.5314109500711	a7	a16	a27	3
13	2.5314699189072	a7	a14
13	2.53158677458241	a7	a16
13	2.53173230317792	a6	a10
12	2.53221703783062	a6	a10	a22	0
12	2.53228520364116	a7	a14	a23	0
12	2.5326622795931	a7	a16	a23	1
12	2.53286461303072	a7	a17	a23	2
12	2.53287245750892	a7	a15	a23	3
13	2.5337502275692	a7	a16
12	2.53384544330455	a7	a16	a23	4
13	2.53386221425794	a7	a14
12	2.53393633105193	a7	a14	a23	5
13	2.53483114256485	a7	a17
13	2.53488064392726	a7	a15
12	2.53491824332276	a7	a17	a23	6
12	2.53492013681749	a7	a15	a23	7
13	2.53496152320246	a7	a16
12	2.53505024695586	a7	a16	a23	8
13	2.53555499855293	a7	a14
12	2.53563506633038	a7	a14	a23	9
13	2.53631239644778	a7	a16
12	2.53638975923275	a7	a16	a23	10
13	2.53684690296215	a7	a17
12	2.53693238072456	a7	a17	a23	11
13	2.53693860220727	a7	a15
12	2.53696565213209	a7	a15	a23	12
13	2.53731703065545	a7	a14
12	2.53738736045997	a7	a14	a23	13
13	2.53742577135321	a7	a16
12	2.53750259313969	a7	a16	a23	14
13	2.55308497282925	a7	a14
12	2.5531509746458	a7	a14	a23	15
13	2.55339550596614	a7	a16
13	2.55346448327442	a7	a15
13	2.55361028236918	a7	a17
13	2.55485079192125	a7	a14
13	2.55495520463104	a6	a10
13	2.55533877256493	a8	a57
12	2.55538042944914	a6	a10	a28	0
12	2.55543561129577	a7	a14	a29	0
13	2.55561251780407	a7	a14
12	2.55565417468828	a7	a14	a29	1
12	2.55570124155746	a7	a17	a29	2
12	2.55573938195145	a7	a15	a29	3
12	2.55577048936499	a7	a16	a29	4
13	2.55577157136199	a7	a14
12	2.555842442165	a7	a14	a29	5
13	2.55592278044171	a7	a15
13	2.55592575593344	a7	a16
13	2.55592954292291	a7	a17
13	2.55597877378608	a7	a14
12	2.55602313566278	a7	a17	a29	6
12	2.55605803006579	a7	a15	a29	7
12	2.5560788585079	a7	a16	a29	8
12	2.55609617045978	a7	a14	a29	9
13	2.55616812325979	a7	a17
13	2.55617163975002	a7	a15
13	2.55618002522671	a7	a16
12	2.55623683006882	a7	a17	a29	10
13	2.55624548604476	a7	a14
12	2.55625847000868	a7	a16	a29	11
12	2.55628362643875	a7	a15	a29	12
12	2.55631148786131	a7	a14	a29	13
13	2.5563428657741	a7	a17
13	2.55635909572899	a7	a16
13	2.55641833506434	a7	a15
12	2.55642022855908	a7	a17	a29	14
12	2.55644836048088	a7	a16	a29	15
13	2.55648352538315	a7	a14
13	2.5565343792418	a7	a16
13	2.55654519921173	a7	a17
13	2.5567399586704	a6	a10
13	2.55678269755161	a8	a56
12	2.55821363857438	a8	a56	a42	0
12	2.55841056202704	a6	a10	a30	0
12	2.55847872783758	a7	a14	a31	0
12	2.55864751936843	a7	a16	a31	1
13	2.55878980197297	a7	a14
12	2.55883903283613	a7	a17	a31	2
12	2.55888285371433	a7	a14	a31	3
13	2.55892342860156	a7	a16
12	2.55893722406321	a7	a15	a31	4
12	2.55899916839104	a7	a16	a31	5
13	2.55912630303768	a7	a14
13	2.55914307399106	a7	a17
13	2.55915876294746	a7	a16
12	2.55922801075499	a7	a14	a31	6
12	2.55924261771439	a7	a17	a31	7
12	2.55926209366026	a7	a16	a31	8
13	2.55927426612642	a7	a15
12	2.55938354782268	a7	a15	a31	9
13	2.55942493420765	a7	a16
13	2.55945793511592	a7	a14
13	2.5594903950257	a7	a17
12	2.55950932997307	a7	a16	a31	10
12	2.55957046280316	a7	a14	a31	11
12	2.55958723375654	a7	a17	a31	12
13	2.55960427520918	a7	a15
12	2.55966378504377	a7	a15	a31	13
13	2.55966513754002	a7	a16
12	2.5597560252874	a7	a16	a31	14
13	2.55983555206636	a7	a14
13	2.55985178202125	a7	a17
13	2.55989722589494	a7	a16
13	2.55990615237013	a7	a15
12	2.55991832483629	a7	a17	a31	15
13	2.5601525771852	a7	a17
13	2.56024400593108	a6	a10
13	2.56056860502887	a8	a56
12	2.56065570578678	a8	a56	a45	0
12	2.56072008460784	a6	a10	a32	0
12	2.56078392243041	a7	a14	a33	0
12	2.56088346615373	a7	a17	a33	1
13	2.56089104013268	a7	a14
12	2.56097110791014	a7	a14	a33	2
13	2.56099599384097	a7	a14
12	2.56101925677631	a7	a16	a33	3
12	2.56103819172368	a7	a14	a33	4
13	2.56105820866804	a7	a14
13	2.56109499656579	a7	a17
13	2.56110635753422	a7	a16
12	2.56111501351016	a7	a14	a33	5
13	2.56114098143798	a7	a14
12	2.56121077024401	a7	a16	a33	6
12	2.5612264592004	a7	a14	a33	7
13	2.56122862319439	a7	a16
12	2.56124809914025	a7	a17	a33	8
13	2.56125026313424	a7	a14
12	2.56129056752221	a7	a15	a33	9
13	2.56129246101695	a7	a17
12	2.56132654392222	a7	a16	a33	10
13	2.56132843741696	a7	a15
12	2.56136820080644	a7	a14	a33	11
13	2.56137144679741	a7	a16
12	2.56137902077636	a7	a17	a33	12
12	2.5613809142711	a7	a15	a33	13
13	2.56140444770569	a7	a17
13	2.56146314604254	a7	a15
12	2.56146990852375	a7	a16	a33	14
13	2.56147910549818	a7	a14
12	2.56149533545307	a7	a17	a33	15
13	2.56151481139894	a7	a16
13	2.5615202213839	a7	a17
13	2.56175826072228	a6	a10
13	2.56186916541403	a8	a56
12	2.56395958360382	a8	a56	a50	0
12	2.57580745067327	a6	a10	a34	0
12	2.57587940347328	a7	a14	a35	0
12	2.57604116202368	a7	a16	a35	1
12	2.57632924372297	a7	a15	a35	2
12	2.57633600620418	a7	a17	a35	3
13	2.61026256290703	a7	a16
13	2.61943627440916	a7	a17
13	2.621334908632	a7	a15
13	2.62201088625315	a7	a14
13	2.62211583996144	a6	a10
12	2.62228679548628	a6	a10	a36	0
12	2.62234360032839	a7	a14	a37	0
12	2.62270390532694	a7	a16	a37	1
12	2.62292057522472	a7	a15	a37	2
12	2.62292787870442	a7	a17	a37	3
13	2.62654580614857	a7	a15
13	2.62690746364337	a7	a17
13	2.62800731358639	a7	a14
13	2.62833624067215	a7	a16
13	2.62848717925263	a6	a10
12	2.63654643385233	a6	a10	a38	0
12	2.63663461660723	a7	a14	a39	0
12	2.63680340813809	a7	a16	a39	1
12	2.63690727984938	a7	a17	a39	2
12	2.63691512432758	a7	a15	a39	3
13	2.64125420276733	a7	a16
13	2.64161558976287	a7	a14
13	2.64323047027439	a7	a17
13	2.64326915166688	a7	a15
13	2.64347337859924	a6	a10
12	2.64362107118874	a6	a10	a40	0
12	2.64367625303536	a7	a14	a41	0
12	2.64403006605196	a7	a16	a41	1
12	2.64413826575122	a7	a17	a41	2
12	2.64419534109258	a7	a15	a41	3
13	2.64588028090938	a7	a14
13	2.64693793296969	a7	a16
13	2.64821090243153	a7	a17
13	2.64852873904812	a7	a15
13	2.6486577671895	a6	a10
12	2.64954879171294	a8	a57	a49	0
13	2.66612877262972	a8	a57
12	2.66641009184781	a8	a57	a54	0
12	2.68626311366733	a8	a58	a53	0
13	2.73326885001726	a8	a58
12	2.7333224088684	a8	a58	a52	0
13	2.76343005718571	a8	a58
12	2.7635939797301	a8	a58	a51	0
13	2.77251233994197	a8	a58
13	2.77917798241515	a8	a57
13	2.77944794066481	a8	a56
13	2.77975089982275	a8	a55
12	2.7815821797328	a8	a55	a46	0
12	2.78168118245763	a8	a56	a48	0
13	2.85818323882403	a8	a56
12	2.85902719647829	a6	a10	a20	0
12	2.85911862522417	a7	a14	a21	0
12	2.85940427243023	a7	a16	a21	1
12	2.85967747667087	a7	a17	a21	2
12	2.85968153415959	a7	a15	a21	3
13	2.86021090118824	a7	a16
13	2.86083737744698	a7	a14
13	2.86140596686662	a7	a17
13	2.86142787730572	a7	a15
13	2.86156772541702	a6	a10
12	2.86263673844575	a8	a56	a44	0
12	2.86265621439162	a8	a57	a43	0
12	2.86330216659623	a6	a10	a22	0
12	2.86337682438872	a7	a14	a23	0
12	2.86383342711961	a7	a17	a23	1
12	2.86383910760383	a7	a15	a23	2
12	2.86386696902639	a7	a16	a23	3
13	2.8650420177604	a7	a14
13	2.86509503561304	a7	a16
12	2.86511342956191	a7	a14	a23	4
12	2.8651594144341	a7	a16	a23	5
13	2.86611265378462	a7	a17
13	2.866166483135	a7	a15
12	2.86620137753802	a7	a17	a23	6
12	2.86620814001922	a7	a15	a23	7
13	2.86629442927938	a7	a16
12	2.86637503805534	a7	a16	a23	8
13	2.8669533654479	a7	a14
12	2.86703235122837	a7	a14	a23	9
13	2.86755116878634	a7	a16
12	2.86762582657883	a7	a16	a23	10
13	2.86828205775487	a7	a17
12	2.86836050253684	a7	a17	a23	11
13	2.86867942115042	a7	a15
12	2.86871458605268	a7	a15	a23	12
13	2.86889663204669	a7	a16
12	2.86898048681362	a7	a16	a23	13
13	2.86922664112945	a7	a14
12	2.86929156094901	a7	a14	a23	14
13	2.87010738668146	a7	a16
12	2.87018312647095	a7	a16	a23	15
13	2.87022586535216	a7	a17
13	2.87055398094017	a7	a15
13	2.88430859720991	a7	a14
13	2.88470514910772	a7	a16
13	2.88486041567616	a6	a10
12	2.88549825290333	a6	a10	a24	0
12	2.88556209072589	a7	a14	a25	0
13	2.88566650343568	a7	a14
12	2.88568381538756	a7	a14	a25	1
13	2.885766047159	a7	a14
12	2.88580878604021	a7	a14	a25	2
13	2.88588831281917	a7	a14
12	2.88593700268384	a7	a14	a25	3
13	2.88601220147483	a7	a14
13	2.88615177908688	a6	a10
12	2.88626538877111	a6	a10	a26	0
12	2.8863254396042	a7	a14	a27	0
13	2.88648936214859	a7	a14
12	2.88650721509897	a7	a14	a27	1
12	2.88658620087943	a7	a16	a27	2
13	2.88663975973057	a7	a14
12	2.88674146744787	a7	a14	a27	3
13	2.88678420632908	a7	a16
13	2.88689132403135	a7	a14
13	2.88709744445845	a6	a10
12	2.88756270316529	a6	a10	a22	0
12	2.88762545899086	a7	a14	a23	0
12	2.88774501965855	a7	a17	a23	1
12	2.88774961814577	a7	a15	a23	2
12	2.88785754734579	a7	a16	a23	3
13	2.88893792134294	a7	a16
12	2.88895415129783	a7	a16	a23	4
13	2.88932365327082	a7	a14
12	2.88943780395354	a7	a14	a23	5
13	2.88979729745435	a7	a15
13	2.88980243694006	a7	a17
12	2.88986897975511	a7	a17	a23	6
12	2.88987141424834	a7	a15	a23	7
13	2.88998421243483	a7	a16
12	2.89005832922882	a7	a16	a23	8
13	2.89112301426959	a7	a16
12	2.89113924422448	a7	a16	a23	9
13	2.89125609989968	a7	a14
12	2.89132480670871	a7	a14	a23	10
13	2.89182360732232	a7	a17
13	2.89183307479601	a7	a15
12	2.89190124060654	a7	a15	a23	11
12	2.8919150360682	a7	a17	a23	12
13	2.89218337132238	a7	a16
12	2.89227534106675	a7	a16	a23	13
13	2.89307926483229	a7	a14
12	2.89314093866087	a7	a14	a23	14
13	2.89333407512405	a7	a16
12	2.89341414290151	a7	a16	a23	15
13	2.89382449026097	a7	a15
13	2.89386371265195	a7	a17
13	2.89446908996934	a7	a16
13	2.89492515170174	a7	a14
13	2.89501766244461	a6	a10
13	2.89534713052887	a8	a57
12	2.89539906638451	a6	a10	a28	0
12	2.89546182221009	a7	a14	a29	0
12	2.89563926971688	a7	a16	a29	1
13	2.89565333567779	a7	a14
12	2.89572961646577	a7	a14	a29	2
13	2.89581022524172	a7	a16
13	2.89585945610488	a7	a14
12	2.89588055504624	a7	a16	a29	3
12	2.89595088485076	a7	a14	a29	4
12	2.89597441828535	a7	a15	a29	5
12	2.89597901677257	a7	a17	a29	6
13	2.8960195916598	a7	a16
13	2.89609100346131	a7	a14
12	2.89610993840868	a7	a16	a29	7
12	2.89615321828839	a7	a14	a29	8
13	2.89616755474854	a7	a15
13	2.89617107123877	a7	a17
13	2.89620623614103	a7	a16
12	2.89624735202675	a7	a17	a29	9
12	2.89629036140721	a7	a15	a29	10
13	2.89629333689893	a7	a14
12	2.89631173084781	a7	a16	a29	11
12	2.89636799469143	a7	a14	a29	12
13	2.89638530664331	a7	a17
13	2.89640370059218	a7	a16
13	2.89644346398166	a7	a15
12	2.89649134234859	a7	a17	a29	13
13	2.89650594930799	a7	a14
12	2.89651298228844	a7	a16	a29	14
12	2.89656302464935	a7	a15	a29	15
13	2.89660387003582	a7	a17
13	2.89662767396966	a7	a16
13	2.89670530725388	a7	a15
13	2.89690520619828	a6	a10
13	2.89694307609302	a8	a56
12	2.8980337290616	a8	a56	a42	0
12	2.89824796446615	a6	a10	a30	0
12	2.89830531030676	a7	a14	a31	0
13	2.89865641833087	a7	a14
12	2.89866236931433	a7	a16	a31	1
12	2.89873215812035	a7	a14	a31	2
12	2.89875920804517	a7	a17	a31	3
12	2.89876759352186	a7	a15	a31	4
13	2.89890906462865	a7	a16
12	2.89899454239107	a7	a16	a31	5
13	2.89901780532641	a7	a14
13	2.89904620774747	a7	a15
13	2.89906162620461	a7	a17
12	2.89910057809635	a7	a14	a31	6
12	2.89912871001816	a7	a17	a31	7
13	2.89913574299861	a7	a16
12	2.89913601349786	a7	a15	a31	8
12	2.89922067976253	a7	a16	a31	9
13	2.89934565041518	a7	a14
13	2.89936566735955	a7	a16
13	2.89940353725429	a7	a17
13	2.89940705374452	a7	a15
12	2.8994316691761	a7	a16	a31	10
12	2.8994614240934	a7	a14	a31	11
12	2.89950740896558	a7	a17	a31	12
12	2.8995120074528	a7	a15	a31	13
13	2.89959018173552	a7	a16
12	2.89967241350696	a7	a16	a31	14
13	2.89973571033103	a7	a14
13	2.89976059626186	a7	a17
13	2.89978791668593	a7	a15
13	2.89981036812352	a7	a16
12	2.89982335208744	a7	a14	a31	15
13	2.90005868643334	a7	a14
13	2.90024533091457	a6	a10
13	2.90061266889357	a8	a56
12	2.90068408069508	a8	a56	a45	0
12	2.90079552638533	a6	a10	a32	0
12	2.90089074212068	a7	a14	a33	0
13	2.90097243289362	a7	a14
12	2.90098920384701	a7	a14	a33	1
13	2.90101841776581	a7	a14
12	2.90104817268311	a7	a14	a33	2
12	2.90120668524253	a7	a17	a33	3
13	2.90123914515231	a7	a14
12	2.90127863804254	a7	a14	a33	4
13	2.90130081898089	a7	a14
12	2.90135004984406	a7	a14	a33	5
13	2.90137493577489	a7	a14
12	2.90138196875534	a7	a16	a33	6
12	2.90141875665309	a7	a14	a33	7
13	2.90142037964858	a7	a17
13	2.90142362563956	a7	a16
13	2.90144039659294	a7	a14
12	2.90151938237341	a7	a16	a33	8
13	2.90153994031627	a7	a16
12	2.90154318630724	a7	a17	a33	9
12	2.9015637442501	a7	a14	a33	10
13	2.90160702412981	a7	a14
13	2.90161081111928	a7	a17
12	2.90163218055989	a7	a15	a33	11
12	2.90165030400952	a7	a16	a33	12
13	2.90166193547719	a7	a15
13	2.90166815695989	a7	a16
12	2.90169845287569	a7	a14	a33	13
12	2.90171305983509	a7	a17	a33	14
13	2.90174443774788	a7	a17
12	2.90176364319449	a7	a15	a33	15
13	2.90176391369374	a7	a14
13	2.90179718510127	a7	a15
13	2.90204306891785	a6	a10
13	2.90215721960057	a8	a56
12	2.90341882809399	a8	a56	a50	0
12	2.91507139470627	a6	a10	a34	0
12	2.91515795446568	a7	a14	a35	0
12	2.91532999198751	a7	a16	a35	1
12	2.91569300197855	a7	a17	a35	2
12	2.91570787943719	a7	a15	a35	3
13	2.96305444483981	a7	a15
13	2.9670781211562	a7	a17
13	2.96822287397442	a7	a14
13	2.96857019500906	a7	a16
13	2.96871680560156	a6	a10
12	2.96895268094596	a6	a10	a36	0
12	2.96903978170387	a7	a14	a37	0
12	2.96931677293398	a7	a16	a37	1
12	2.9696005266453	a7	a15	a37	2
12	2.96961324010997	a7	a17	a37	3
13	2.97300503018266	a7	a15
13	2.97365720386997	a7	a17
13	2.97516983566569	a7	a14
13	2.97583472281767	a7	a16
13	2.97597105443874	a6	a10
12	2.98368298800381	a6	a10	a38	0
12	2.98376576077375	a7	a14	a39	0
12	2.98408927787455	a7	a17	a39	1
12	2.9841328282535	a7	a15	a39	2
12	2.98414932870764	a7	a16	a39	3
13	2.98830473815789	a7	a16
13	2.98872725798352	a7	a14
13	2.99010653364989	a7	a15
13	2.99029723561985	a7	a17
13	2.99044276421536	a6	a10
12	2.99058450582139	a6	a10	a40	0
12	2.99066727859133	a7	a14	a41	0
12	2.99096374576731	a7	a16	a41	1
12	2.99101378812822	a7	a15	a41	2
12	2.99108871641996	a7	a17	a41	3
13	2.99293298029393	a7	a14
13	2.99372013310607	a7	a16
13	2.99506397337094	a7	a17
13	2.99511185173786	a7	a15
13	2.99528686475142	a6	a10
12	2.99620602119667	a8	a57	a49	0
13	3.01437545569565	a8	a57
12	3.014617823022	a8	a57	a54	0
12	3.02101026125454	a8	a58	a53	0
13	3.0705705925041	a8	a58
12	3.07069502215826	a8	a58	a52	0
13	3.0858543410237	a8	a58
12	3.08590735887634	a8	a58	a51	0
13	3.09529801077549	a8	a58
13	3.10249220877958	a8	a57
13	3.10294340152552	a8	a56
13	3.1032836895797	a8	a55
12	3.11811949134434	a8	a55	a46	0
12	3.11821254308571	a8	a56	a48	0
13	3.1938922817377	a8	a56
12	3.19543899643868	a6	a10	a20	0
12	3.19555747510938	a7	a14	a21	0
12	3.19576143154249	a7	a16	a21	1
12	3.19602814380118	a7	a17	a21	2
12	3.19604843124479	a7	a15	a21	3
13	3.19750506969614	a7	a14
13	3.19772363308865	a7	a16
13	3.19790108059544	a7	a17
13	3.19902554597005	a7	a15
13	3.19920434597308	a6	a10
12	3.19997851482132	a8	a56	a44	0
12	3.20000285975365	a8	a57	a43	0
12	3.20069479683045	a6	a10	a22	0
12	3.20075106067407	a7	a14	a23	0
12	3.20083166945002	a7	a17	a23	1
12	3.20092147520041	a7	a16	a23	2
12	3.20118953995534	a7	a15	a23	3
13	3.20229831637355	a7	a16
12	3.20238108914349	a7	a16	a23	4
13	3.20247738687583	a7	a14
12	3.20255150366983	a7	a14	a23	5
13	3.20315579899022	a7	a17
12	3.2032174728188	a7	a17	a23	6
13	3.20327022017219	a7	a15
12	3.20330484407596	a7	a15	a23	7
13	3.20343928220229	a7	a16
12	3.20352530096321	a7	a16	a23	8
13	3.20427241988663	a7	a14
12	3.20433084772423	a7	a14	a23	9
13	3.20463813487014	a7	a16
12	3.20471387465963	a7	a16	a23	10
13	3.20516560840405	a7	a17
13	3.20523404471384	a7	a15
12	3.2052467581785	a7	a17	a23	11
12	3.20527245560708	a7	a15	a23	12
13	3.20593274427184	a7	a16
13	3.20594085924928	a7	a14
12	3.20600902505982	a7	a16	a23	13
12	3.20603391099065	a7	a14	a23	14
13	3.20713159693969	a7	a16
13	3.20719786925549	a7	a15
12	3.20720517273519	a7	a16	a23	15
13	3.20724304262993	a7	a17
13	3.2075865766751	a7	a14
13	3.20829744869926	a7	a16
13	3.20844351829327	a6	a10
12	3.20911435642871	a6	a10	a24	0
12	3.20923554009189	a7	a14	a25	0
12	3.20929748441971	a7	a15	a25	1
13	3.20933724780919	a7	a14
12	3.20940379062424	a7	a16	a25	2
12	3.20942867655507	a7	a14	a25	3
13	3.2094984653611	a7	a16
13	3.20950982632952	a7	a14
13	3.20958204962878	a7	a15
13	3.20977112860324	a6	a10
12	3.20989068927093	a6	a10	a26	0
12	3.2099680520559	a7	a14	a27	0
12	3.21009085871457	a7	a16	a27	1
13	3.21012169562886	a7	a14
12	3.2101887794424	a7	a14	a27	2
13	3.2102623552379	a7	a16
12	3.21031699608603	a7	a16	a27	3
13	3.21034188201686	a7	a14
13	3.21040788383341	a7	a16
13	3.21059074132517	a6	a10
12	3.21108900094028	a6	a10	a22	0
12	3.21118800366511	a7	a14	a23	0
12	3.2113070233343	a7	a17	a23	1
12	3.21132027779746	a7	a15	a23	2
12	3.21148933982756	a7	a16	a23	3
13	3.21255294287133	a7	a14
13	3.21257025482321	a7	a16
12	3.21263409264578	a7	a16	a23	4
12	3.21265681458263	a7	a14	a23	5
13	3.21329762730152	a7	a15
13	3.2133070947752	a7	a17
12	3.21338094106995	a7	a15	a23	6
12	3.21339473653161	a7	a17	a23	7
13	3.21363926785195	a7	a16
12	3.21370689266399	a7	a16	a23	8
13	3.21415538041744	a7	a14
12	3.21421218525955	a7	a14	a23	9
13	3.21473911779497	a7	a16
12	3.21481593958145	a7	a16	a23	10
13	3.21528687877249	a7	a15
13	3.21530175623114	a7	a17
12	3.21536072506724	a7	a17	a23	11
12	3.21537127453792	a7	a15	a23	12
13	3.21586385366882	a7	a16
13	3.2158963135786	a7	a14
12	3.21594338044778	a7	a16	a23	13
12	3.21598828332298	a7	a14	a23	14
13	3.21696694960282	a7	a16
12	3.2170432303908	a7	a16	a23	15
13	3.21725205581038	a7	a17
13	3.21726098228557	a7	a15
13	3.21742950331718	a7	a14
13	3.2180878984872	a7	a16
13	3.21821882012331	a6	a10
13	3.21881121347678	a8	a57
12	3.21886639532341	a6	a10	a28	0
12	3.21893943012041	a7	a14	a29	0
13	3.21917260047233	a7	a14
12	3.21918179744676	a7	a16	a29	1
12	3.21921912634301	a7	a14	a29	2
12	3.21928269366633	a7	a15	a29	3
12	3.21929053814453	a7	a17	a29	4
13	3.2193527529716	a7	a16
13	3.21942091878214	a7	a14
12	3.21943173875207	a7	a16	a29	5
13	3.21943579624079	a7	a15
13	3.21946419866185	a7	a17
12	3.21950856053854	a7	a17	a29	6
13	3.219515593519	a7	a16
12	3.21953452846637	a7	a14	a29	7
12	3.21960594026788	a7	a16	a29	9
12	3.21964408066187	a7	a15	a29	8
13	3.21970764798519	a7	a16
13	3.21973253391602	a7	a17
13	3.21975741984685	a7	a14
13	3.21978041228295	a7	a15
12	3.21981206069498	a7	a17	a29	10
12	3.21983261863784	a7	a16	a29	11
12	3.21986075055965	a7	a14	a29	12
12	3.21987130003033	a7	a15	a29	13
13	3.21993486735365	a7	a16
13	3.21994568732357	a7	a17
13	3.21998599171155	a7	a15
12	3.22000357416268	a7	a17	a29	14
12	3.22001764012358	a7	a16	a29	15
13	3.22006146100178	a7	a14
13	3.22009824889953	a7	a16
13	3.22013070880931	a7	a17
13	3.22030382832814	a6	a10
13	3.22034332121837	a8	a56
12	3.22183701806671	a8	a56	a42	0
12	3.22201771156448	a6	a10	a30	0
12	3.22209291035547	a7	a14	a31	0
13	3.22238559054198	a7	a14
12	3.22240182049687	a7	a14	a31	1
12	3.22246295332696	a7	a16	a31	2
12	3.22252354515855	a7	a17	a31	3
12	3.22256384954652	a7	a15	a31	4
13	3.22260198994051	a7	a14
12	3.22266420476759	a7	a14	a31	5
13	3.22275725650896	a7	a16
13	3.2228091923646	a7	a17
13	3.2228316438022	a7	a15
12	3.22284111127589	a7	a16	a31	6
13	3.22287411218416	a7	a14
12	3.22288439115559	a7	a17	a31	7
12	3.22291279357665	a7	a15	a31	8
12	3.22297744289696	a7	a14	a31	9
13	3.22298339388042	a7	a16
12	3.22306833064434	a7	a16	a31	10
13	3.22315678389849	a7	a15
13	3.22316138238571	a7	a17
13	3.2231916783015	a7	a14
13	3.22320412126692	a7	a16
12	3.22326227860527	a7	a15	a31	11
12	3.22329663200979	a7	a17	a31	12
12	3.2233096159737	a7	a16	a31	13
12	3.22334045288799	a7	a14	a31	14
13	3.22347948950155	a7	a16
13	3.22353169585644	a7	a15
13	3.22354278632562	a7	a17
13	3.22355198330005	a7	a14
12	3.22355739328502	a7	a16	a31	15
13	3.22369372490609	a7	a16
13	3.22383222052115	a6	a10
13	3.22418008255428	a8	a56
12	3.22432182416032	a8	a56	a45	0
12	3.22437538301146	a6	a10	a32	0
12	3.22443922083402	a7	a14	a33	0
13	3.22451928861148	a7	a14
12	3.22453605956486	a7	a14	a33	1
13	3.22455499451224	a7	a14
12	3.22457176546562	a7	a14	a33	2
13	3.2245890774175	a7	a14
12	3.22460584837089	a7	a14	a33	3
13	3.22462316032277	a7	a14
12	3.22463939027766	a7	a14	a33	4
13	3.22465724322804	a7	a14
12	3.22474109799497	a7	a14	a33	5
12	3.2247513769664	a7	a16	a33	6
13	3.22477896788971	a7	a14
13	3.22480277182355	a7	a16
12	3.22486336365514	a7	a16	a33	7
13	3.22487905261153	a7	a16
12	3.22491529951079	a7	a14	a33	8
12	3.22492233249124	a7	a16	a33	9
13	3.22493856244613	a7	a16
12	3.22495235790778	a7	a15	a33	10
12	3.22495587439801	a7	a17	a33	11
13	3.22495587439801	a7	a14
12	3.22502349921005	a7	a16	a33	12
13	3.22503972916494	a7	a16
13	3.22504189315892	a7	a17
13	3.22506163960404	a7	a15
12	3.22507218907472	a7	a14	a33	13
13	3.22511005896946	a7	a14
12	3.22513007591383	a7	a17	a33	14
13	3.22516037182962	a7	a17
12	3.2251776837815	a7	a17	a33	15
13	3.22521122568827	a7	a17
13	3.2253978701695	a6	a10
13	3.22546603598004	a8	a56
12	3.2272664789758	a8	a56	a50	0
12	3.25508245766269	a6	a10	a34	0
12	3.25514521348827	a7	a14	a35	0
12	3.25534565343115	a7	a15	a35	1
12	3.25546223860711	a7	a16	a35	2
12	3.25569757295301	a7	a17	a35	3
13	3.28802115111126	a7	a17
13	3.29256256298863	a7	a15
13	3.29501734366569	a7	a14
13	3.29545284745523	a7	a16
13	3.29562867196654	a6	a10
12	3.29586833430041	a6	a10	a36	0
12	3.29592730313651	a7	a14	a37	0
12	3.29617345745233	a7	a16	a37	1
12	3.29621619633354	a7	a17	a37	3
12	3.29623107379219	a7	a15	a37	2
13	3.29980220486641	a7	a15
13	3.29993880698674	a7	a17
13	3.30212444091188	a7	a14
13	3.30282503396461	a7	a16
13	3.30295703759772	a6	a10
12	3.31085507464552	a6	a10	a38	0
12	3.31094920838388	a7	a14	a39	0
12	3.31123729008317	a7	a15	a39	1
12	3.3112846274516	a7	a17	a39	2
12	3.31131275937341	a7	a16	a39	3
13	3.31562127139812	a7	a14
13	3.31576409500115	a7	a16
13	3.31735490107958	a7	a15
13	3.31748176522697	a7	a17
13	3.31762567082699	a6	a10
12	3.31777011742551	a6	a10	a40	0
12	3.31783395524807	a7	a14	a41	0
12	3.31816396433083	a7	a16	a41	1
12	3.31832923937146	a7	a15	a41	2
12	3.31837819973537	a7	a17	a41	3
13	3.31995358735666	a7	a14
13	3.32096038555832	a7	a16
13	3.32243433596155	a7	a15
13	3.32246760736907	a7	a17
13	3.32263856289391	a6	a10
12	3.32362642614819	a8	a57	a49	0
13	3.35431077886258	a8	a57
12	3.3546461979303	a8	a57	a54	0
12	3.36075028396431	a8	a58	a53	0
13	3.40742438823599	a8	a58
12	3.40749796403149	a8	a58	a52	0
13	3.42265944689091	a8	a58
12	3.4227492526413	a8	a58	a51	0
13	3.43195271906073	a8	a58
13	3.439929741889	a8	a57
13	3.44031493281838	a8	a56
13	3.44067307382295	a8	a55
12	3.44311351803986	a8	a55	a46	0
12	3.44320819277671	a8	a56	a48	0
13	3.52070676837334	a8	a56
12	3.52155667701106	a6	a10	a20	0
12	3.52169030363965	a7	a14	a21	0
12	3.52188344010284	a7	a16	a21	1
12	3.52211471696001	a7	a15	a21	2
12	3.52211661045475	a7	a17	a21	3
13	3.52333926705644	a7	a16
13	3.52339066191359	a7	a14
13	3.52412182138137	a7	a15
13	3.52469987827469	a7	a17
13	3.52481240596192	a6	a10
12	3.52540966830186	a8	a56	a44	0
12	3.52544970219059	a8	a57	a43	0
12	3.52603506256361	a6	a10	a22	0
12	3.52610322837415	a7	a14	a23	0
12	3.52642404048247	a7	a16	a23	1
12	3.52664557936671	a7	a15	a23	2
12	3.52665775183288	a7	a17	a23	3
13	3.52768510797739	a7	a16
12	3.52776788074733	a7	a16	a23	4
13	3.52786742447065	a7	a14
12	3.52793829527367	a7	a14	a23	5
13	3.52877386745124	a7	a15
13	3.52882715580313	a7	a16
12	3.52884311525877	a7	a15	a23	6
13	3.52884392675651	a7	a17
12	3.52892074854299	a7	a17	a23	7
12	3.52894184748435	a7	a16	a23	8
13	3.52980528108448	a7	a14
12	3.52987669288599	a7	a14	a23	9
13	3.53008010832061	a7	a16
12	3.5301558481101	a7	a16	a23	10
13	3.53085562966509	a7	a15
12	3.53093515644405	a7	a15	a23	11
13	3.53100413375233	a7	a17
12	3.53103010168015	a7	a17	a23	12
13	3.53136606174637	a7	a16
12	3.53144721152082	a7	a16	a23	13
13	3.53173556371936	a7	a14
12	3.5318026475329	a7	a14	a23	14
13	3.53255734043527	a7	a16
12	3.53263145722926	a7	a16	a23	15
13	3.53281350322328	a7	a15
13	3.5329203504263	a7	a17
13	3.53366205936476	a7	a14
13	3.53378973500989	a7	a16
13	3.53392823062495	a6	a10
12	3.53448545907616	a6	a10	a24	0
12	3.53454550990925	a7	a14	a25	0
13	3.53463585665814	a7	a14
12	3.53465370960852	a7	a14	a25	1
13	3.53473864637244	a7	a14
12	3.53475649932282	a7	a14	a25	2
13	3.53483602610178	a7	a14
12	3.53489066694991	a7	a14	a25	3
13	3.53496045575593	a7	a14
13	3.53509083639354	a6	a10
12	3.5352147250492	a6	a10	a26	0
12	3.53528397285673	a7	a14	a27	0
13	3.53544302641465	a7	a14
12	3.53545979736804	a7	a14	a27	1
12	3.53556475107632	a7	a16	a27	2
13	3.53558206302821	a7	a14
12	3.53564644184927	a7	a14	a27	3
13	3.53576113353049	a7	a16
13	3.53576816651094	a7	a14
13	3.5359218100839	a6	a10
12	3.53645252960879	a6	a10	a22	0
12	3.53651095744639	a7	a14	a23	0
12	3.53678740767801	a7	a16	a23	1
12	3.53704789845399	a7	a15	a23	2
12	3.53706115291715	a7	a17	a23	3
13	3.53786453568419	a7	a16
12	3.53794730845412	a7	a16	a23	4
13	3.53829408849027	a7	a14
12	3.5383768612602	a7	a14	a23	5
13	3.53895275415954	a7	a15
13	3.53895627064977	a7	a16
13	3.53897953358511	a7	a17
12	3.53903742042421	a7	a16	a23	6
12	3.53906798683926	a7	a15	a23	7
12	3.53907096233099	a7	a17	a23	8
13	3.54010048246949	a7	a16
13	3.54014700834017	a7	a14
12	3.54019191121537	a7	a16	a23	9
12	3.54024925705597	a7	a14	a23	10
13	3.54098258051774	a7	a15
13	3.54103424587414	a7	a17
12	3.54106373029219	a7	a15	a23	11
12	3.54107211576888	a7	a17	a23	12
13	3.54123387431928	a7	a16
12	3.54130095813283	a7	a16	a23	13
13	3.54202806011188	a7	a14
12	3.54209297993144	a7	a14	a23	14
13	3.54233642925479	a7	a16
12	3.54241108704728	a7	a16	a23	15
13	3.54294045407593	a7	a15
13	3.54295857752556	a7	a17
13	3.54343303320683	a7	a16
13	3.54385988102043	a7	a14
13	3.54395130976631	a6	a10
13	3.5443056637814	a8	a57
12	3.54436571461449	a6	a10	a28	0
12	3.54448689827767	a7	a14	a29	0
12	3.54453342414835	a7	a16	a29	1
13	3.54467029676792	a7	a14
12	3.54472764260853	a7	a14	a29	2
13	3.54474170856943	a7	a16
12	3.54481798935741	a7	a16	a29	3
13	3.54485153126419	a7	a14
13	3.5448942701454	a7	a16
12	3.54489589314088	a7	a14	a29	4
12	3.54496297695443	a7	a16	a29	5
12	3.54501978179654	a7	a17	a29	6
13	3.54502410978451	a7	a14
12	3.54503249526121	a7	a15	a29	7
13	3.54503492975444	a7	a16
12	3.54511012854543	a7	a16	a29	8
12	3.54513771946874	a7	a14	a29	9
13	3.54520047529431	a7	a16
13	3.54523942718605	a7	a17
12	3.54527837907778	a7	a16	a29	10
13	3.54528730555297	a7	a15
12	3.54532382295148	a7	a17	a29	11
13	3.54532598694546	a7	a14
12	3.54533707741464	a7	a15	a29	12
13	3.54536006985073	a7	a16
12	3.54542012068382	a7	a14	a29	13
12	3.54543256364924	a7	a16	a29	14
13	3.5454666465545	a7	a17
13	3.54549234398308	a7	a15
13	3.54550992643421	a7	a16
12	3.54553751735752	a7	a17	a29	15
13	3.54564463505979	a7	a14
13	3.54571658785981	a7	a17
13	3.54586644444329	a6	a10
13	3.54591405231096	a8	a56
12	3.54692788349307	a8	a56	a42	0
12	3.54715997184799	a6	a10	a30	0
12	3.54722218667507	a7	a14	a31	0
13	3.54750999787511	a7	a14
12	3.54755976973677	a7	a14	a31	1
12	3.54760521361047	a7	a16	a31	2
12	3.54768717488266	a7	a15	a31	3
12	3.54771665930071	a7	a17	a31	4
13	3.54778482511124	a7	a14
12	3.5478497449308	a7	a14	a31	5
13	3.54786813887968	a7	a16
12	3.54793197670224	a7	a16	a31	6
13	3.54802773343609	a7	a17
13	3.54803070892782	a7	a15
13	3.54806722632632	a7	a16
13	3.54808075128873	a7	a14
12	3.54810563721956	a7	a17	a31	7
12	3.54812890015491	a7	a16	a31	8
12	3.54814783510228	a7	a14	a31	9
12	3.54816920454288	a7	a15	a31	10
13	3.54829552769177	a7	a16
13	3.54835449652787	a7	a17
12	3.54837072648276	a7	a16	a31	11
13	3.54841211286773	a7	a15
12	3.54844105628728	a7	a17	a31	12
13	3.54846918820909	a7	a14
12	3.54847973767977	a7	a15	a31	13
13	3.54850976309632	a7	a16
12	3.5485703549279	a7	a14	a31	14
12	3.54857901090385	a7	a16	a31	15
13	3.54867747263018	a7	a17
13	3.54871534252492	a7	a16
13	3.54871885901514	a7	a15
13	3.54884085417606	a7	a14
13	3.54893228292194	a6	a10
13	3.54925904601372	a8	a56
12	3.54934939276261	a8	a56	a45	0
12	3.54945001848292	a6	a10	a32	0
12	3.54952197128293	a7	a14	a33	0
13	3.5496009570634	a7	a14
12	3.54961935101227	a7	a14	a33	1
13	3.54965235192055	a7	a14
12	3.54966966387243	a7	a14	a33	2
13	3.54969400880476	a7	a14
12	3.54971402574913	a7	a14	a33	3
13	3.549733501695	a7	a14
12	3.54979950351155	a7	a14	a33	4
13	3.54982384844388	a7	a14
12	3.54982493044087	a7	a16	a33	5
12	3.54986334133411	a7	a14	a33	6
13	3.54988552227246	a7	a14
12	3.54991257219728	a7	a14	a33	7
13	3.54992501516269	a7	a16
13	3.54993313014014	a7	a14
12	3.54999155797774	a7	a14	a33	8
12	3.55000237794767	a7	a16	a33	9
13	3.55001806690406	a7	a16
13	3.5500272638785	a7	a14
12	3.55012031561987	a7	a16	a33	10
13	3.55013816857024	a7	a16
12	3.5501446605522	a7	a14	a33	11
13	3.55018631743642	a7	a14
12	3.55019740790559	a7	a15	a33	12
12	3.55020146539431	a7	a17	a33	13
12	3.55023663029658	a7	a16	a33	14
13	3.55026422121989	a7	a16
13	3.55027612318681	a7	a17
12	3.55028045117478	a7	a14	a33	15
13	3.55028721365598	a7	a15
13	3.55039297886201	a7	a14
13	3.55055311441692	a6	a10
13	3.5506748390786	a8	a56
12	3.5519099386457	a8	a56	a50	0
12	3.56251675516459	a6	a10	a34	0
12	3.56263469283679	a7	a14	a35	0
12	3.56277481144733	a7	a16	a35	1
12	3.56279239389846	a7	a15	a35	2
12	3.56330228498125	a7	a17	a35	3
13	3.59560530519663	a7	a17
13	3.59658965196069	a7	a15
13	3.60161850348325	a7	a14
13	3.60200531740812	a7	a16
13	3.60215355099612	a6	a10
12	3.60246570712849	a6	a10	a36	0
12	3.60255010289392	a7	a14	a37	0
12	3.60266371257815	a7	a17	a37	1
12	3.60270266446988	a7	a16	a37	2
12	3.60303240305339	a7	a15	a37	3
13	3.60588887511397	a7	a15
13	3.60624728661778	a7	a16
13	3.60838964066322	a7	a14
13	3.61015113176724	a7	a17
13	3.61029774235975	a6	a10
12	3.61781653946163	a6	a10	a38	0
12	3.61791608318495	a7	a14	a39	0
12	3.61827206019553	a7	a16	a39	1
12	3.618388104373	a7	a15	a39	2
12	3.61841975278503	a7	a17	a39	3
13	3.62207744361866	a7	a16
13	3.62243774861721	a7	a14
13	3.62397256135128	a7	a17
13	3.62405722761595	a7	a15
13	3.62419923972124	a6	a10
12	3.62433016135735	a6	a10	a40	0
12	3.62440590114683	a7	a14	a41	0
12	3.62469695833785	a7	a16	a41	1
12	3.62482896197096	a7	a17	a41	2
12	3.62486764336344	a7	a15	a41	3
13	3.62660073204641	a7	a14
13	3.6272055683653	a7	a16
13	3.6286389438813	a7	a15
13	3.62869006823921	a7	a17
13	3.62883721983021	a6	a10
12	3.62982129609502	a8	a57	a49	0
13	3.64637260409149	a8	a57
12	3.64662741438326	a8	a57	a54	0
12	3.65309180541581	a8	a58	a53	0
13	3.68823614973388	a8	a58
12	3.68837302235345	a8	a58	a52	0
13	3.70333812275871	a8	a58
12	3.70339005861436	a8	a58	a51	0
13	3.71211149537356	a8	a58
13	3.71906657204228	a8	a57
13	3.71943282802429	a8	a56
13	3.71967627734763	a8	a55
12	3.71986183983187	a8	a55	a50	0
12	3.73894447979264	a6	a10	a34	0
12	3.73909325437913	a7	a14	a35	0
12	3.73935672064683	a7	a16	a35	1
12	3.73937511459571	a7	a17	a35	2
12	3.73962694939575	a7	a15	a35	3
13	3.78663430874117	a7	a15
13	3.79216628886531	a7	a17
13	3.79289663683534	a7	a14
13	3.79371624955727	a7	a16
13	3.79389369706406	a6	a10
12	3.79435300478744	a6	a10	a36	0
12	3.7944319905679	a7	a14	a37	0
12	3.79450637786115	a7	a15	a37	1
12	3.79482421447774	a7	a17	a37	2
12	3.79509363172891	a7	a16	a37	3
13	3.79803071256544	a7	a17
13	3.81277941357217	a7	a14
13	3.81404048106709	a7	a16
13	3.81505241875446	a7	a15
13	3.81534266444774	a6	a10
12	3.8418391478021	a6	a10	a38	0
12	3.84191867458106	a7	a14	a39	0
12	3.84201389031642	a7	a16	a39	1
12	3.84230521800669	a7	a15	a39	2
12	3.84231739047285	a7	a17	a39	3
13	3.84521768341164	a7	a14
13	3.84598211428694	a7	a16
13	3.84802086712033	a7	a15
13	3.84821102809178	a7	a17
13	3.84833978573391	a6	a10
12	3.84877474852495	a6	a10	a40	0
12	3.84885048831444	a7	a14	a41	0
12	3.84913072553553	a7	a17	a41	1
12	3.84918266139118	a7	a16	a41	2
12	3.84947669407393	a7	a15	a41	3
13	3.85049025475679	a7	a14
13	3.85204562543371	a7	a16
13	3.85320660820682	a7	a17
13	3.85343896706099	a7	a15
13	3.85359017614071	a6	a10
12	3.85432972108519	a8	a56	a49	0
13	3.87108390351778	a8	a56
12	3.87127595798398	a8	a56	a54	0
12	3.87846366400611	a8	a57	a53	0
13	3.92762636136088	a8	a57
12	3.92767613322254	a8	a57	a52	0
13	3.94235288142926	a8	a57
12	3.94240806327588	a8	a57	a51	0
13	3.94885838834753	a8	a57
13	3.97096466890424	a8	a56
13	3.97116916633585	a8	a55
